0.0000116676 0.0039062500
0.0000116378 0.0039062500
0.0000118762 0.0000610501
0.8761856396 0.0000000149
0.0005001575 0.0000000149
0.0005001882 0.0000000149
0.5156251197 0.0010757465
0.0044064382 0.0000000149
0.0122189382 0.0000000149
0.0122189457 0.0000000149
0.0626220704 0.0000000000
0.5625478910 0.0000005141
0.5235111066 0.0000610370
0.3770502269 0.0000000000
0.6992885486 0.0000002384
0.3760348357 0.0000000335
0.7002651111 0.0000002384
0.7002641574 0.0000002384
0.3770143924 0.0000000000
0.5179791716 0.0000001825
0.3781638009 0.0000000000
0.0023541711 0.0000001807
0.0021100305 0.0000001807
0.0019889139 0.0000001807
0.3770487284 0.0000000000
0.2078298807 0.0000014305
0.5242784689 0.0000005662
0.5242779921 0.0000005662
0.5252545546 0.0000005662
0.5250142287 0.0000005662
0.5249837111 0.0000008047
0.5249837260 0.0000008047
0.5249838452 0.0000008047
0.5249838750 0.0000008047
0.5249684970 0.0000008047
0.5249686162 0.0000008047
0.5249690931 0.0000007451
0.5249652784 0.0000007451
0.5249651592 0.0000007451
0.2130212935 0.0000000000
0.2078451395 0.0000014305
0.6902592719 0.0000076462
0.0176728163 0.0000016987
0.3770496821 0.0000000000
0.2000331163 0.0000014305
0.2000331145 0.0000033379
0.2001552444 0.0000033379
0.6904118598 0.0000076313
0.2040614944 0.0000033379
0.2040004592 0.0000033379
0.6904118636 0.0000076294
0.6904109099 0.0000076294
0.3770499205 0.0000000000
0.3775382018 0.0000000000
0.6904128098 0.0000078678
0.6904051804 0.0000078678
0.3775381943 0.0000000000
0.2051397387 0.0000115009
0.2053838942 0.0000115009
0.2038701048 0.0000004768
0.2055059645 0.0000115009
0.2055135939 0.0000115009
0.2055174086 0.0000115009
0.2055176470 0.0000115009
0.3775534531 0.0000000000
0.3771872422 0.0000000000
0.3771872384 0.0000000000
0.3780099483 0.0000000037
0.3760571344 0.0000002384
0.3769891917 0.0000000000
0.2011959033 0.0000000000
0.6917126642 0.0000307560
0.6917126344 0.0000307560
0.1995250147 0.0000002384
0.2038662901 0.0000004768
0.6915298763 0.0000002533
0.7097704846 0.0000014454
0.6924686504 0.0000016689
0.7071143405 0.0000003614
0.7071124331 0.0000003614
0.7070971743 0.0000001229
0.6952060188 0.0000005681
0.7038662906 0.0000004768
0.1976442488 0.0000000000
0.6910603351 0.0000033379
0.6910679645 0.0000033379
0.6895808696 0.0000001751
0.3759960992 0.0000002384
0.3750093005 0.0000001825
0.3770143961 0.0000000000
0.3770449137 0.0000000000
0.3781332833 0.0000002384
0.3760245185 0.0000000000
0.3769853771 0.0000000000
0.3770616710 0.0000000000
0.8760805734 0.0000004768
0.3750245593 0.0000001825
0.3777951490 0.0000000298
0.3777989637 0.0000000298
0.3779489131 0.0000000633
