0.1796525923 0.9999999650
0.1887046325 0.9999999428
1.0000000000 0.0000000000
0.1891842173 0.9999999413
0.1951386807 0.9999999201
0.2060357641 0.9999998622
0.1951398235 0.9999999201
0.2145227458 0.9999997936
0.1883707453 0.9999999490
0.1883711770 0.9999999490
0.1883693948 0.9999999490
0.1883622676 0.9999999490
0.9675966705 0.2806607336
0.9739533289 0.2341423091
0.6942286435 0.9742980978
0.9492079591 0.4062367130
0.9376573949 0.4746583537
0.8891601560 0.6911163893
0.9957435105 0.0417587896
0.9846736142 0.1431473245
0.9957274514 0.0419236808
0.2160837728 0.9999997783
0.9957263283 0.0419344870
0.9419995720 0.4498398476
0.9990790017 0.0091819640
0.9987541269 0.0123891140
0.8924786604 0.6794483077
0.3064410807 0.9999934543
0.9987891832 0.0120498920
0.9967226390 0.0322969394
0.9633410172 0.3116657772
0.9876622426 0.1167483938
0.9764678331 0.2119035281
0.9764624505 0.2120756004
0.9899590038 0.0959923707
0.9999966932 0.0000331050
0.9999966932 0.0000331052
0.9999965160 0.0000348768
0.9678725445 0.2785908985
0.9745697169 0.2270896800
0.9968858854 0.0307083900
0.9946692527 0.0520564330
0.9999997962 0.0000020482
0.9999881218 0.0001187860
0.9999880429 0.0001195756
0.9999880478 0.0001195261
0.9925217154 0.0723157687
0.9865883506 0.1263050387
0.9949711096 0.0491660076
0.8913158853 0.6835420114
0.8127623717 0.8742134726
0.4335210755 0.9997655229
0.9678739167 0.2785806372
0.9892065315 0.1028754682
0.9983351259 0.0165245650
0.9766177323 0.2106928179
0.9992224863 0.0077858723
0.9992409363 0.0075653536
0.9992419858 0.0075549301
0.9992250670 0.0077229548
0.9999623325 0.0003772452
0.9999623327 0.0003772049
0.9998836236 0.0011645019
0.9998619647 0.0013808435
0.6736717269 0.9807477019
0.7904277589 0.9048033192
0.5478411810 0.9975647321
0.1887119186 0.9999999428
0.8668945259 0.7603062164
0.3466206704 0.9999749806
0.7327285691 0.9554556249
0.7342109544 0.9544807005
0.9887608638 0.1068741022
0.3466071684 0.9999749903
0.9684503785 0.2742724258
0.8343811816 0.8364520897
0.8966043850 0.6642902774
0.9775840619 0.2028501051
0.8013587431 0.8908213083
0.9819682181 0.1665000711
0.8890882460 0.6913625175
0.8890883982 0.6913619890
0.9989492421 0.0104580339
0.9328036731 0.5012484690
0.9345343840 0.4919169863
0.9256986128 0.5379620677
0.9257070969 0.5379197192
0.9258428920 0.5372414245
0.9934143687 0.0639555936
0.9757133086 0.2179720287
0.1796527195 0.9999999650
0.2060388135 0.9999998621
0.2060384323 0.9999998621
0.9197051666 0.5670016296
0.9212298052 0.5597698267
0.8638443384 0.7686044980
0.8638453451 0.7686018015
0.8719636362 0.7459122439
0.9999978379 0.0000216219
0.9160090709 0.5840942325
