0.2014824778 0.9999998900
0.1914891500 0.9999999339
0.2047232986 0.9999998709
0.1796531224 1.0000000248
0.9999999999 0.0000000009
0.1800771563 0.9999999656
0.1800771595 0.9999999656
0.1800772602 0.9999999656
0.1800772634 0.9999999656
0.1914890202 0.9999999341
0.2046276492 0.9999998715
0.1967459682 0.9999999131
0.1798884891 0.9999999660
0.1967461235 0.9999999131
0.1917861618 0.9999999327
0.1823236108 0.9999999594
0.1806637914 0.9999999630
0.1938530276 0.9999999252
0.8950939697 0.6698737892
0.6320544170 0.9899295131
0.4515379437 0.9996476761
0.2136457936 0.9999998368
0.2136527138 0.9999998368
0.7015151587 0.9723737804
0.9445111569 0.4349711221
0.1965872436 0.9999999138
0.9377951987 0.4742414013
0.4752449489 0.9994123350
0.9999791787 0.0002084310
0.9851422333 0.1390367247
0.9991953745 0.0080200159
0.9576571284 0.3512174808
0.6497685767 0.9865851795
0.9944934212 0.0537262344
0.9942393561 0.0561570814
0.9942500553 0.0560368132
0.9706392686 0.2577015262
0.9997785942 0.0022124533
0.9983640201 0.0162404753
0.9983639438 0.0162412272
0.9983443250 0.0164345279
0.9992734219 0.0072516754
0.8872858093 0.6977898259
0.9999999962 0.0000000407
0.9930377036 0.0674816629
0.9439054640 0.4385837444
0.9989256407 0.0106918043
0.9705684411 0.2582431078
0.9703526964 0.2598901744
0.9999873500 0.0001265765
0.9905794772 0.0903108855
0.9995947412 0.0040478872
0.8173480485 0.8669330549
0.9752807458 0.2214322093
0.7152022994 0.9649822656
0.9971550095 0.0280890087
0.9971550228 0.0280888791
0.9961844095 0.0375079625
0.9743011825 0.2292167097
0.9965220430 0.0342402719
0.9891824002 0.1030591555
0.7861137032 0.9098754449
0.8113528232 0.8765064458
0.9930611310 0.0674190426
0.8930734336 0.6772467662
0.9936810857 0.0614223042
0.9769306772 0.2081605114
0.9770114396 0.2075056583
0.9207593523 0.5620430828
0.9678226069 0.2789810242
0.9973491329 0.0261946790
0.8470444314 0.8098652296
0.9199501415 0.5658472120
0.9999952284 0.0000477152
0.6347480644 0.9893827843
0.9999981665 0.0000186706
0.9999981557 0.0000203345
0.9999987566 0.0000143257
0.7552303581 0.9396340152
0.7543404528 0.9403415638
0.9749960778 0.2237016125
0.3241134060 0.9999872071
0.9729511302 0.2398308013
0.9901803882 0.0941083698
0.8316641498 0.8417229850
0.9462087586 0.4247327690
0.6040248365 0.9935364466
0.9816822185 0.1687949910
0.9815561535 0.1698963101
0.8683845701 0.7563463380
0.8683842737 0.7563471700
0.8683830879 0.7563505931
0.9839300994 0.1495625106
0.9999214660 0.0007851604
0.5368536126 0.9980113480
0.9121408903 0.6058496749
0.7248232343 0.9599760869
0.9500530251 0.4009287880
0.9927201477 0.0704594038
0.9927251997 0.0704120976
