0.3774430032 6.7978009070 2.9568792652
23.8932948030 2.1278013675 -10.2514929929
68.9712124693 42.9899897932 -64.4370863424
51.0558317223 71.6530208475 -66.2820833324
69.1015615271 6.5265338429 -41.2180096348
22.4569506419 19.1488723647 -18.2876667161
0.5845380070 11.2533920599 -2.8346821827
0.1629412355 75.6375772831 -43.0454959039
0.3000927741 59.1010393774 -32.2980826667
16.4979753865 51.1375116356 -36.5110344235
30.5252586574 75.8078231980 -58.2112343931
54.6756058009 0.7542345180 -26.8687840761
30.8345389377 28.8263997800 -28.4102989821
81.8457488643 13.8622120062 -52.8595449566
81.8346561316 65.8165049973 -83.2212363670
6.5405212574 0.3131437289 0.0000785289
9.7801158764 0.2596800686 -3.1856591796
17.7670969396 19.2441272331 -15.4671662249
0.7466967591 26.0102911529 -10.6139500645
28.9391165089 69.6256023701 -50.0781135316
23.0985850304 16.5048564931 -19.4572412665
20.4622156394 25.8714059826 -22.7567592922
30.5252588921 75.8078241778 -58.2112773398
29.7505031070 75.8265194643 -55.2264253454
29.7505031070 75.8265192780 -55.2264184656
29.7450081567 75.8179781578 -55.1528732491
29.7526978413 75.8012530348 -56.7095326562
29.7702931995 75.7700202680 -52.2636196967
4.4023065397 47.0797035809 -27.1267486521
25.8948467711 45.9971855621 -33.6286286663
5.0031929047 51.0409859208 -30.7130309077
55.0031929513 51.0409859208 -59.0344919188
10.4879300583 3.6244377903 -4.3997687412
2.0261415684 1.8919716991 1.7624583918
31.7210920183 0.4014219825 -16.6745243305
16.4974869711 51.1377861597 -36.5128196089
16.4972734021 51.1390865486 -36.5390692840
16.5002564870 51.1146038132 -35.7668330221
1.2035236857 9.5901636648 -3.3131858173
19.0088003895 0.1702396976 -9.5394225339
69.1015609572 6.5509473354 -40.8830699218
69.1532050143 0.3525910141 -37.6876450744
38.2425319753 0.1388439903 -20.1528434681
0.5448702172 33.6444358099 -18.3223377917
6.7296176236 0.2148534130 1.9390423091
6.7296197694 0.2148525785 1.9390622829
31.7738269633 12.9541092555 -21.0018231652
1.2084765858 10.3763665656 -4.4182256150
2.9657488906 10.3758263687 -5.7752955764
31.7234915346 13.0075335925 -23.8260643428
31.7663382143 13.0015514021 -22.4158578065
31.7751272768 13.7915904653 -23.9887870095
81.8454009817 15.4244118088 -46.1877298825
81.8346359060 15.8164847252 -54.0289950497
81.8361820105 65.8165049973 -83.2349656510
81.6775663188 34.3563696292 -66.4827405557
81.8265352856 1.7218243042 -45.8106213044
81.9692028056 6.5623153531 -47.1478426810
81.8196983609 4.8503109069 -45.2836583440
77.0183426750 22.2960084589 -49.4496289344
81.7170048682 25.6252247867 -58.2325655610
69.1040719090 28.4342794462 -54.7134813668
81.6465196963 34.1494712368 -55.7026784482
81.6961320927 34.1983206938 -58.8905239456
81.6448800619 40.4115645184 -66.3688458637
81.6453454550 40.4118391766 -66.3711838386
81.6292905760 90.3942774643 -91.4850053408
2.6227949596 25.9676892006 -12.1442727120
2.6227933503 25.9676995122 -12.1442140814
0.7823599252 20.6381344171 -3.4721633285
9.6350899860 15.7669960540 -10.6096255778
7.0017982678 22.4325777578 -12.8098978268
4.6777877444 0.7564403499 1.7833606025
4.4791793458 0.7409374202 2.8794856885
4.2379300525 3.6244377903 -0.6877164164
10.4879300667 3.6305413143 -4.4498871739
4.3829795026 23.2518457105 -10.8039305546
15.8042359632 9.9204793984 -8.4722065647
23.7438737899 59.0544622274 -45.8261266205
0.6821943503 11.2533920599 -2.8390156573
0.6821161490 11.2534092260 -2.8388981228
49.2164084683 8.5440649268 -30.1513882030
23.0980609268 4.0043323779 -11.4330962109
9.8503983357 6.5496356905 -5.6812656926
0.5404069376 83.6399727631 -47.8378058075
3.8986854257 86.4805895675 -49.7299367070
67.1267967843 20.3704720099 -46.3292327574
23.6969768386 59.0563934011 -44.9868068027
49.2158571403 58.5435136453 -59.6673402940
49.2469180352 0.7502950253 -25.1777705814
99.2131930241 2.2912802599 -55.0360747855
26.1446810006 32.1726795952 -24.7593685378
3.8986799942 86.4805960569 -49.7301673371
2.7702899418 10.3756799201 -4.4773963868
2.9657832228 9.5946107003 -4.6260687267
38.2469261713 0.3385506865 -20.2279195200
38.2474926538 1.1203671698 -20.4211881753
0.4938160570 47.0835412856 -24.5160544183
70.7963736300 26.2049902319 -47.2702046935
70.7971917038 76.2058083522 -76.5747075599
