0.0236076825 0.9988405826 0.5000068978 0.4979239046 0.5992176911 0.4990223576 0.2996505166 0.5003099483 0.5002575335 0.4999876977 0.2947730360 0.6998937826
0.0001879297 0.1013724544 0.5000183615 0.4996031257 0.6002203288 0.4997533630 0.4064943198 0.5002159341 0.5009771301 0.4999998980 0.2998566537 0.6991759666
0.0001879297 0.3513724546 0.5005066427 0.4995420906 0.6002203288 0.4997533630 0.4064943198 0.5002159341 0.5009771301 0.4999998980 0.2998576074 0.6991759666
0.0708311992 0.0002685208 0.3125153345 0.2988447410 0.6995818612 0.2997692798 0.2987021974 0.3984193433 0.6002566326 0.6991554077 0.4002054477 0.3984325858
0.9999999972 0.9626008374 0.3164196017 0.2965623460 0.2077935014 0.7961957443 0.3007994232 0.4012699280 0.6021219237 0.6994415733 0.4022591919 0.4060879912
0.9998683762 0.8800940140 0.5002514082 0.4999839165 0.5997236889 0.4990071072 0.4063721154 0.5078176768 0.5000695023 0.4999871436 0.3012735921 0.6990935185
0.0234897565 0.9964476041 0.5001595928 0.4990081177 0.5998685170 0.4999674563 0.4062576763 0.5002742535 0.5000208491 0.4999896172 0.3009647329 0.6986397828
0.9999999981 0.0876695608 0.3242321846 0.3593084527 0.7001019993 0.2961956247 0.8007979633 0.4011480151 0.6021373874 0.6994358587 0.2769978813 0.8970013828
0.9999999972 0.0877305959 0.3242321902 0.3746893121 0.7157272377 0.2961956247 0.8007979633 0.4012700770 0.6021373874 0.6994434881 0.2772420219 0.8970013828
0.9999999972 0.1189805960 0.3242321902 0.3746893121 0.7157281914 0.2961956247 0.8027510883 0.4012700770 0.6021373874 0.6994434881 0.2772420219 0.8970013828
0.9998683762 0.2550940134 0.5012279707 0.4999839165 0.5999677690 0.4990071072 0.4063723538 0.5078176768 0.5000695023 0.4999871436 0.3012740689 0.6990935185
0.0473570591 0.0528184241 0.5000670222 0.4997328869 0.5997121256 0.4997557490 0.4062579054 0.5002795844 0.5001311055 0.4996870249 0.3008607321 0.6990805414
0.0065091476 0.0010382133 0.5001235143 0.4999749591 0.5998324795 0.4997252724 0.4062548302 0.5000028280 0.5079365564 0.4999670475 0.2968789286 0.6991496763
0.0011202525 0.9754575556 0.5000881250 0.4996233867 0.5997984648 0.4992035585 0.3034551025 0.5006687031 0.5002289643 0.4992596698 0.2967523982 0.6979388117
0.0043363087 0.0318967095 0.5000054413 0.4999923916 0.6004948882 0.4998645657 0.4062774278 0.5080682733 0.5003206399 0.4998752377 0.3019114940 0.7014181052
0.9999005385 0.0335110985 0.3126235095 0.3064493698 0.6953284728 0.2996513166 0.3007922650 0.3981640669 0.5995952008 0.6981199567 0.9012504564 0.3963368762
0.9999000616 0.0335110985 0.3126235095 0.3064493698 0.6955726135 0.2996512859 0.3007922650 0.3981640669 0.5991069196 0.6981200759 0.9012504564 0.3963368762
0.9999612160 0.5647656252 0.3126268399 0.3059591887 0.6994810092 0.2978048532 0.3009145728 0.4020173656 0.5991068013 0.6990966291 0.8934951172 0.3964589316
0.9999612160 0.5960139563 0.3126268399 0.3059581158 0.6995429683 0.3017111014 0.3009145728 0.4019863712 0.5991068162 0.6992186994 0.8934951172 0.3964589167
0.9999612160 0.5647639563 0.3126268399 0.3059591887 0.6994809794 0.2978048532 0.3009145728 0.4020173656 0.5991068162 0.6990966291 0.8934951172 0.3964589167
0.9577927179 0.8091106068 0.5008070641 0.4996879478 0.5999445595 0.4998471509 0.2998249729 0.5000915932 0.5002447930 0.4997071507 0.3018258291 0.6995166593
0.0709532658 0.0002608923 0.3125153345 0.2988447410 0.6995818594 0.2997692798 0.2986411623 0.3984193452 0.6011092175 0.6991248910 0.4002054477 0.3984325858
0.1022032659 0.0002608923 0.3125153345 0.2988447410 0.6995818594 0.2997692798 0.2986411623 0.3984193452 0.6011092175 0.6991248910 0.4002054477 0.3984325858
0.1022032659 0.0002456335 0.3130036176 0.2988447410 0.6995818594 0.2997692798 0.2986411623 0.3984193452 0.6011092175 0.6991248910 0.4002054477 0.3984325858
0.4794615744 0.0000090618 0.3149567277 0.2998213482 0.6995446474 0.3007467979 0.3005943059 0.3984231599 0.6011072505 0.6991574035 0.4000529008 0.3983639408
0.0787216053 0.0945436331 0.5003111758 0.4999978854 0.5998759098 0.4998471416 0.3001195260 0.5002460708 0.5000014086 0.4994806550 0.3008475735 0.7000885352
0.0000126921 0.6980840477 0.5002147318 0.4958947762 0.6010943908 0.4998043054 0.4065020545 0.5002342113 0.5019826456 0.4983585817 0.3020734427 0.7003282986
0.0011353437 0.7588498478 0.5006130659 0.4999988344 0.6007283336 0.4999685264 0.4062692629 0.5005091545 0.5009812093 0.4999951436 0.3000390803 0.6982364233
0.0000727735 0.9637091523 0.5011917711 0.4958909485 0.6011520918 0.4998997995 0.4065630896 0.5002343305 0.5021352372 0.4981145677 0.3020658133 0.2004646884
0.0001347624 0.6980840328 0.5000926615 0.4958947762 0.6011554260 0.4993169778 0.4065020545 0.5002342113 0.5000295206 0.4983585817 0.3020734427 0.7003282986
0.0001366697 0.6980840328 0.5000926615 0.4958947762 0.6011554251 0.4993799203 0.4065020545 0.5002342113 0.5000295280 0.4983585817 0.3020734427 0.7003282986
0.1902482502 0.9756599385 0.5005036104 0.4992062212 0.6004545769 0.4994171611 0.3000294997 0.5000098604 0.5000000694 0.4997526347 0.3007829797 0.7001342277
0.5141405477 0.0031549269 0.5000693654 0.4996326533 0.5995314863 0.4999025310 0.2998046598 0.5000099265 0.5010091127 0.4994658590 0.2968422224 0.6999887626
0.9871282689 0.0391004328 0.5005523139 0.4999627885 0.5994857648 0.4979492254 0.3004278758 0.5001025344 0.5000003898 0.4996935423 0.3008433807 0.7003564497
0.0796616525 0.8750651431 0.5000667670 0.4999854942 0.5999369599 0.4998471639 0.3000737478 0.5000610580 0.5000008722 0.4994806624 0.3009693728 0.7000352188
0.0043358319 0.0318967095 0.5000054413 0.4999923916 0.6005103780 0.4998645657 0.4062774576 0.5080682733 0.5003206399 0.4998752377 0.3019114940 0.7014181052
0.0121483319 0.0318967095 0.5000054413 0.4999923897 0.6005103650 0.4998640888 0.4062784094 0.5080681541 0.5003206399 0.4998752377 0.3009349315 0.7014409934
0.0121483319 0.0358029595 0.5000054413 0.4999923916 0.6005104246 0.4998640292 0.4062784094 0.5080681541 0.5003206409 0.4999972782 0.3009354065 0.7014409916
0.0806692765 0.0359497639 0.5000652471 0.4999897867 0.5998759098 0.4998471639 0.3001195260 0.5000629653 0.5000003953 0.4994806550 0.3008473323 0.7000885352
0.2662216055 0.0984575125 0.5000670054 0.4998758747 0.5998759098 0.4998471416 0.3001195260 0.5002461900 0.5000004568 0.4994806550 0.3008475437 0.7000885575
0.0806692467 0.5437622643 0.5000652471 0.4999897867 0.5998759098 0.4998471639 0.3001195260 0.5000629653 0.5000003953 0.4994806550 0.3008473323 0.7000885352
0.6039003177 0.9993255809 0.5001268811 0.4998748875 0.5996048950 0.4990218212 0.2996967996 0.5003251075 0.5010210681 0.4994528205 0.2968185323 0.6998933355
0.7905742673 0.6483456769 0.5000849017 0.4998774580 0.5998573886 0.4998893715 0.3001197123 0.5002576117 0.5000006971 0.4995106435 0.3007903744 0.7001321881
0.9992806064 0.9959570253 0.5000998848 0.4999905289 0.5999918493 0.4991681273 0.2996575146 0.5000002305 0.5002905135 0.4993590754 0.2968744722 0.6998976550
0.9998683762 0.7550940139 0.5002514082 0.4999839165 0.5999677690 0.4990071072 0.4063721154 0.5078176768 0.5000695023 0.4999871436 0.3012740689 0.6990935185
0.4402482504 0.9756599385 0.5005036104 0.4990841509 0.6004545769 0.4994171611 0.3000294997 0.5000098604 0.5000000694 0.4997526347 0.3007829797 0.7001342277
0.0106369229 0.1294452512 0.5000312137 0.4999666116 0.5994791022 0.4999846662 0.3002125782 0.5010172320 0.5004921840 0.4999445681 0.3008464615 0.7010692979
0.0106359692 0.6372539370 0.5000311541 0.4999666116 0.5994867353 0.4999846066 0.3002118629 0.5010172320 0.5004921840 0.4998525386 0.3008464689 0.7008251573
0.0065129623 0.0010382133 0.5001254217 0.4999748399 0.5998362904 0.4997252724 0.4062548302 0.5000028280 0.5079365564 0.4999670475 0.2968789323 0.6991497955
0.2546094882 0.0098284995 0.5001850226 0.4998317906 0.5997752665 0.4999655611 0.4062548311 0.5000058687 0.5020757359 0.4999689511 0.2999879106 0.6990964550
0.0011353437 0.7590939885 0.5006130659 0.4999988344 0.6007288104 0.4999685264 0.4062692629 0.5005091843 0.5009812093 0.4999951436 0.3000390803 0.6982364233
0.0086828442 0.8872541756 0.5001541772 0.4999666116 0.5989985099 0.4999847184 0.3002724585 0.5001627398 0.5000039008 0.4997875695 0.3007854338 0.7010654814
0.0001879260 0.6013724549 0.5000184807 0.4996031257 0.6002203288 0.4958471279 0.4062501792 0.5001529916 0.5009771339 0.4999998980 0.2998565941 0.6991759666
0.0001880452 0.6013724549 0.5000184807 0.4996031257 0.6002203288 0.4958471279 0.4062501792 0.5001529916 0.5009771339 0.4999998980 0.2998565941 0.6991759834
0.8064896584 0.7728677073 0.5000867941 0.4996336154 0.5998576196 0.4999081991 0.3001159572 0.5002499898 0.5000011609 0.4995115972 0.3007865001 0.7001283734
0.4083530366 0.0610357971 0.5025673336 0.4998646728 0.5999355881 0.4999383329 0.2989735671 0.5007662638 0.5010395753 0.4997378052 0.3012707246 0.6991575348
0.3287216055 0.0984498831 0.5000670352 0.4999979450 0.5998759098 0.4998471416 0.3001195260 0.5002460708 0.5000004550 0.4994806550 0.3008475437 0.7000885501
0.4555643140 0.1349342113 0.5006864485 0.4997714856 0.5995170014 0.4999168064 0.3003322550 0.5010762257 0.5000039437 0.4997221823 0.3007835395 0.7003332010
0.2564103149 0.6889912763 0.5000772583 0.4996335260 0.6004374145 0.4999055839 0.3005203999 0.5000098408 0.5000153300 0.4992661974 0.3007904005 0.7001927744
0.8963486672 0.2976099824 0.5000743964 0.4998720600 0.5998596368 0.4999692119 0.3001233407 0.5002461900 0.5000004140 0.4994805208 0.3008475437 0.7001193135
0.4577927175 0.8091411244 0.5008070641 0.4996879478 0.5999445595 0.4998471509 0.2998249729 0.5000610757 0.5002447930 0.4997071507 0.3018239218 0.7000049406
0.1902482502 0.8770597911 0.5000002193 0.4992061020 0.5999662956 0.4999054386 0.3000218703 0.5000098604 0.5000010231 0.4999967753 0.3007829835 0.7011108070
0.4402482504 0.9755989034 0.5005036104 0.4990841509 0.6004526695 0.4994171611 0.3000290229 0.5000096220 0.5000000694 0.4997526347 0.3007829797 0.7001342286
0.4402482355 0.7255989031 0.5007477510 0.4990841509 0.6004526695 0.4994171686 0.3000290229 0.5009861845 0.5000000694 0.4997526347 0.3007829797 0.7001342286
0.4402482057 0.7255990223 0.5007477808 0.4990841509 0.6004526695 0.4994171835 0.3000290229 0.5009861696 0.5000000694 0.4997526347 0.3007829797 0.7001342286
0.3777482057 0.7255990223 0.5007477808 0.4990841509 0.6004526695 0.4994171835 0.3000290229 0.5009861621 0.5000000694 0.4997526347 0.3007829797 0.7001341094
0.3777482057 0.6005990222 0.5007477808 0.4995724321 0.6004526695 0.4994171835 0.3000290229 0.5009861621 0.5000000694 0.4997526347 0.3007829797 0.7001341094
0.3777482057 0.5693489924 0.5007477212 0.4996334673 0.6004526695 0.4984406210 0.3000328376 0.5009861621 0.5000000694 0.4996915995 0.3007829797 0.7001341094
0.2564408325 0.6892354169 0.5000772583 0.4996335260 0.6004371760 0.4999055839 0.3005203999 0.5000098408 0.5000153300 0.4992661974 0.3007904005 0.7001927744
0.8062603016 0.6483456769 0.5000867941 0.4998775176 0.5998573886 0.4999084449 0.3001196527 0.5002576192 0.5000007120 0.4995115972 0.3007936527 0.7001321881
0.8061840076 0.6483456769 0.5000849017 0.4998775176 0.5998573886 0.4999084449 0.3001196527 0.5002576117 0.5000006971 0.4995106435 0.3007941854 0.7001321881
0.8062645931 0.5233407892 0.5000867941 0.4996333770 0.5998573812 0.4999084449 0.3001120233 0.5002499898 0.5000002352 0.4995115972 0.3007941891 0.7001283734
0.8062607784 0.5228525079 0.5000867941 0.4996336154 0.5998573812 0.4999084449 0.3001120233 0.5002499898 0.5000011907 0.4995115823 0.3007865598 0.7001283734
0.8062607784 0.5228830255 0.5000867941 0.4996336154 0.5998576196 0.4999084449 0.3001120233 0.5002499898 0.5000011907 0.4995115823 0.3007865598 0.7001283734
0.8062607765 0.5228677071 0.5000867941 0.4996336154 0.5998576196 0.4999081991 0.3001158380 0.5002499898 0.5000011609 0.4995115972 0.3007865001 0.7001283734
0.8064896584 0.7689614573 0.5000858405 0.4996336154 0.5998576196 0.4999081991 0.3001157188 0.5002499898 0.5000011609 0.4995115972 0.3007865076 0.7001283734
0.8064896584 0.8006997386 0.5000858405 0.4996336154 0.5998596461 0.4999692342 0.3001157188 0.5002499898 0.5000011609 0.4995115972 0.3007865095 0.7001283734
0.8924424172 0.2976099824 0.5000743964 0.4998720600 0.5998605905 0.4999692119 0.3001233407 0.5002461900 0.5000004140 0.4994805208 0.3008475437 0.7001193135
0.8914658547 0.2985865449 0.5000743964 0.4998720600 0.5998758493 0.4999692119 0.3001195260 0.5002461900 0.5000004140 0.4994805208 0.3008475437 0.7001193135
0.0806692467 0.5432739831 0.5000650086 0.4999897867 0.5998759098 0.4998471639 0.3001195260 0.5000629653 0.5000003953 0.4994806550 0.3008473323 0.7000885352
0.0796616525 0.8750956607 0.5000667670 0.4999854960 0.5999369599 0.4998471714 0.3000736286 0.5000610580 0.5000008722 0.4994806624 0.3009693728 0.7000352188
0.0796617121 0.7500956606 0.5000667670 0.4999854960 0.5999369599 0.4998471714 0.3000736286 0.5000610580 0.5002450128 0.4994806624 0.3009693728 0.7000352188
0.1109117122 0.7500956606 0.5000667670 0.4999854960 0.5999369599 0.4998471714 0.3000736286 0.5000610580 0.5002450128 0.4994787551 0.3009693728 0.7000352188
0.0789292902 0.7500956606 0.5000667670 0.4999854960 0.5999369599 0.4998471714 0.3000736286 0.5000610580 0.5002450128 0.4992346144 0.3009693709 0.7000352188
0.9577927179 0.8091096532 0.5008070641 0.4996879478 0.5999445595 0.4998471509 0.2998250325 0.5000915932 0.5002447930 0.4997071507 0.3018258291 0.6995166593
0.9579451792 0.7932405125 0.5007956554 0.4997510095 0.5999445595 0.4998471509 0.2998576065 0.5000915923 0.5000039604 0.4997071507 0.3008490282 0.6995166593
0.9580062143 0.5432405123 0.5007956256 0.4997510244 0.5999445586 0.4997861157 0.2998576083 0.5000915923 0.5000039604 0.4997071507 0.3008480745 0.6995166593
0.4579914319 0.5432405123 0.5007956256 0.4997510244 0.5999445586 0.4997861157 0.2998576083 0.5000915923 0.5000192192 0.4997071507 0.3008480745 0.6995167189
0.9871435277 0.0400770847 0.5005523139 0.4998254557 0.5994848112 0.4979491658 0.3004275777 0.5001025344 0.5000041747 0.4996916349 0.3007823455 0.7003259321
0.0106369229 0.1372539365 0.5000311541 0.4999666116 0.5994867353 0.4999846066 0.3002118629 0.5010172320 0.5004921840 0.4999445681 0.3008464689 0.7008251573
0.1336828444 0.8874983163 0.5001541921 0.4999666116 0.5989985099 0.4994964371 0.3002724585 0.5001627398 0.5000039008 0.4997875695 0.3007854338 0.7010654814
0.1336828444 0.8875021309 0.5001541921 0.4999665520 0.5989985099 0.4994964362 0.3002724324 0.5001627398 0.5000039008 0.4997875695 0.3007854338 0.7010654832
0.3836829638 0.8875021309 0.5001541921 0.4999665520 0.5989983907 0.4994964362 0.3002724324 0.5001627398 0.5000039008 0.4997876897 0.3007854487 0.7010654832
0.3836824870 0.9656271320 0.5002152273 0.4999665520 0.5989983758 0.4993736506 0.3002465640 0.5001627398 0.5000649667 0.4998029484 0.3007854505 0.7009281551
0.6195253177 0.9993255809 0.5001268811 0.4998748875 0.5996048950 0.4990065624 0.2996967996 0.5003246306 0.5010210681 0.4994566352 0.2968185323 0.6998933355
0.5766405478 0.0031549269 0.5000693654 0.4996326533 0.5995314863 0.4999025310 0.2998046598 0.5000099265 0.5011311830 0.4994658590 0.2968422187 0.6999887626
0.9992806064 0.9798437441 0.5000998857 0.4999905289 0.5999937566 0.4991757567 0.2996575146 0.5000002305 0.5002905135 0.4993585986 0.2968744722 0.6998976550
0.9973274814 0.9798437441 0.5000994089 0.4999905364 0.5999784978 0.4994193609 0.2996575146 0.5004885118 0.5002903943 0.4993586005 0.2968744722 0.6998976550
0.9973273622 0.9837499941 0.5000688913 0.4999905364 0.5999784978 0.4994193609 0.2996575146 0.5004885118 0.5002903943 0.4993585986 0.2968649355 0.6998976550
0.0011202227 0.9755796259 0.5000881250 0.4996235059 0.5997984648 0.4992035585 0.3034551025 0.5006686435 0.5002289643 0.4992596698 0.2967523982 0.6979388117
