0.0000310866 0.0418039551 0.6010058267 0.5006344370 0.5019074599 0.6987281811 0.4006823426 0.5021480960 0.4999807314 0.7002871453 0.3008446855 0.2967223910
0.9999387367 0.1189547648 0.4980466901 0.7002981042 0.3984205578 0.7011983559 0.3997996528 0.5989990156 0.2992627959 0.6992113839 0.5001325910 0.4998461925
0.0023416728 0.9959610058 0.4982900205 0.7000137844 0.3984332154 0.6992168321 0.3984364778 0.5996092862 0.2963637601 0.5910510231 0.7031300093 0.4018199755
0.9996883543 0.6970358404 0.4999837219 0.7005532120 0.3983962018 0.7002213231 0.3983739125 0.5990590971 0.2991482506 0.6992108949 0.5005025887 0.4999615648
0.0000026617 0.0029795170 0.6006851286 0.7000307643 0.5000326666 0.6987027849 0.4024242548 0.5005651978 0.4994031922 0.6991945083 0.3091763624 0.2967450091
0.0210524360 0.0184370848 0.4999395278 0.6998913369 0.4008799860 0.6998791589 0.3988949362 0.5995057575 0.2997737371 0.7003334180 0.5001652841 0.4994561817
0.0995035945 0.0001573665 0.4997070520 0.6999678842 0.4003984159 0.6998917951 0.3998564877 0.5992498767 0.2996815884 0.7001114662 0.5006573075 0.4994829562
0.0156576261 0.9957158668 0.4987768563 0.6999718190 0.3974556973 0.6992186240 0.3984368205 0.5996089509 0.2963638215 0.5934942938 0.7031300093 0.4017584635
0.9764507683 0.9999762280 0.4997518691 0.7003833891 0.3974262219 0.6971262560 0.3984296679 0.5996089527 0.2956260418 0.5934522726 0.5000016862 0.4003210155
0.9991924446 0.6991720765 0.4999454482 0.6995842789 0.3983990926 0.7002824719 0.3983737970 0.5990590971 0.2992092579 0.6992068418 0.5005026483 0.4999691942
0.2477090529 0.9973391211 0.4999835971 0.6998571695 0.3997105485 0.6991861972 0.4005186049 0.5998737734 0.3000995166 0.6990868987 0.5004885844 0.4995114240
0.0001531551 0.0046411743 0.6010063035 0.5015182844 0.5018998287 0.6986082268 0.4006899720 0.5000697491 0.4999807314 0.7002108215 0.3008446901 0.2967223910
0.4597943467 0.4853191017 0.4997989316 0.6997294982 0.4004403217 0.7002926243 0.3999631641 0.6004499417 0.3007801373 0.6991571632 0.5000081076 0.4987746472
0.0673002266 0.9881447479 0.4979857379 0.6998360098 0.4001930965 0.6991864282 0.4003954766 0.6000241252 0.3001623250 0.6992051533 0.5005558780 0.4999842369
0.0033182371 0.9881485058 0.4982251781 0.7000127115 0.3979144761 0.6992186203 0.3984364852 0.5996090477 0.2963637601 0.5917853523 0.7031261946 0.4018104387
0.0027041668 0.8526713782 0.4999169814 0.7004438077 0.4004260315 0.6998813122 0.3998527065 0.6003638549 0.2982104358 0.7000315811 0.5000626021 0.4999919026
0.0001998795 0.9531618524 0.4999336633 0.6998379637 0.4000703892 0.7000061979 0.4000049042 0.5998291453 0.3004315098 0.6995119031 0.5012220819 0.4999235808
0.0003885478 0.9959686352 0.4982900205 0.7000137844 0.3984334538 0.6992168284 0.3984364778 0.5996092862 0.2963637601 0.5910510231 0.7031300093 0.4018199755
0.0193199394 0.9870194262 0.4998626481 0.6998156902 0.3984339008 0.6990902235 0.3983991466 0.5995708346 0.2968136615 0.7003028837 0.5006127120 0.4000728944
0.0156578645 0.9957158668 0.4987768563 0.6999718190 0.3974556973 0.6992186240 0.3984368205 0.5996089509 0.2963638215 0.5934942938 0.7031300093 0.4017584635
0.4303871518 0.9966038605 0.4999102387 0.7016591222 0.4007606929 0.7009642466 0.4000157764 0.5990804411 0.3000111816 0.7004096179 0.5002453388 0.4999389458
0.9897483224 0.9995913589 0.4996942948 0.7005669714 0.3974252384 0.6992186165 0.3984368205 0.5996089527 0.2963600134 0.5937383749 0.7031261946 0.3998089148
0.9897483224 0.9997172439 0.4996942948 0.7005669714 0.3974252384 0.6992033578 0.3984358668 0.5996089527 0.2963598941 0.5937383749 0.7031261946 0.3998089148
0.1951151529 0.9579753521 0.4999212404 0.6997591198 0.4005013661 0.7002928329 0.3999459980 0.6008771840 0.3005359371 0.7010930904 0.5000081318 0.4986544210
0.0084331278 0.9693705486 0.4997184980 0.7009587397 0.4004261358 0.7001287711 0.3998507386 0.5994867148 0.3001671222 0.7001841689 0.5002533686 0.4999312884
0.4452241971 0.5735703675 0.4992508176 0.6995486372 0.3984361257 0.6989668232 0.3981837615 0.5995169148 0.3001848145 0.6992172242 0.5002463781 0.4999685814
0.0010402389 0.4507476571 0.4999736915 0.7002340590 0.4013281515 0.7004887477 0.4003203059 0.5995025454 0.2997842667 0.6987302142 0.5000049653 0.4999741861
0.0026259711 0.5644665002 0.4995071325 0.6998913695 0.4000747105 0.7000055944 0.4001899151 0.5997681139 0.3004162566 0.6992792466 0.5000003655 0.4999827077
0.0099028461 0.6374973363 0.4999681241 0.7000567463 0.4003911488 0.7002601993 0.3998507340 0.5989504173 0.2994275645 0.6998882961 0.5000085621 0.4999978510
0.7694289058 0.0487725726 0.4999063420 0.6999690474 0.4004294680 0.7003278869 0.3999575464 0.6006861055 0.3005808176 0.7002309800 0.5000174134 0.4998777448
0.4158301404 0.6472915436 0.4999102610 0.6997002882 0.4006386114 0.7007193320 0.4002600335 0.5990794875 0.2999463336 0.7002258978 0.5000112117 0.4999978649
0.4517570151 0.4755533817 0.4998895158 0.7007060532 0.4004102809 0.7002316543 0.3999631558 0.5999316337 0.2997970183 0.6991575171 0.5000076299 0.4986528116
0.1619258422 0.6897984768 0.4999103206 0.6997002882 0.4006385965 0.7007183746 0.3997724423 0.5990794800 0.2999544398 0.7002334750 0.5000113905 0.4999668743
0.0713527390 0.4507476571 0.4999431740 0.7002340590 0.4013281515 0.7002446108 0.4000761652 0.5995025454 0.2997842667 0.6987302142 0.5000049653 0.4999741861
0.1002596897 0.9998329803 0.4979816829 0.6998312266 0.4001926197 0.6991873520 0.4003973858 0.6000317620 0.3001624144 0.6992089382 0.5005539772 0.4990036213
0.0193199236 0.9909257060 0.4998626481 0.6998156828 0.3984348545 0.6990902235 0.3983991168 0.5995708346 0.2968136615 0.7003028837 0.5006127120 0.4000728944
0.5111327996 0.8917276728 0.4999473798 0.6996474934 0.4004431985 0.6997587576 0.3998603359 0.6004325772 0.2983325993 0.7000153947 0.5012836331 0.4999920256
0.5779612200 0.8618797137 0.4999520821 0.6998147384 0.4005405497 0.7006993943 0.3999555664 0.5994566182 0.2996663882 0.6986998289 0.5001300233 0.4999743034
0.0005458640 0.0737536047 0.4999546078 0.7019347341 0.4003986329 0.6998568603 0.3998540401 0.6002941482 0.2989446775 0.7001857820 0.5006800615 0.4994815472
0.0000252938 0.0673995764 0.4999846420 0.7000439220 0.3984346254 0.6992109797 0.3984221326 0.5999670370 0.2962938662 0.7001521752 0.5022676555 0.4979514987
0.4470130470 0.0276437840 0.4997326848 0.7000065480 0.4005142994 0.7001961644 0.3998675127 0.6001894824 0.2996824051 0.6998883232 0.5000387686 0.4998757816
0.9784495933 0.8689551240 0.4999994277 0.7002971505 0.3984195780 0.7012286193 0.3998606917 0.5994872969 0.2992629151 0.6992113839 0.5001936122 0.4998464459
0.3212045760 0.4991074582 0.4998468659 0.6993486301 0.4001683280 0.6997659688 0.4001997741 0.5994214905 0.2998358610 0.7002025560 0.5001235218 0.4999788604
0.1462864439 0.4871500428 0.4999784608 0.6999881246 0.4004828142 0.7003391000 0.4001902429 0.6008772139 0.3004139264 0.7002384753 0.5000007390 0.4988985616
0.3977622012 0.4869496361 0.4992220211 0.6999498342 0.4000014909 0.6991550538 0.4003921276 0.5997258523 0.3007078527 0.6991707028 0.5004056445 0.4999897727
0.3977602938 0.6114613699 0.4992220211 0.6999498417 0.4000014760 0.6991245436 0.4003921201 0.5997261057 0.3007078527 0.6991707028 0.5000394336 0.4999744981
0.4452241971 0.5423203675 0.4992508176 0.6995486372 0.3984361257 0.6989363057 0.3981837615 0.5995169148 0.3001848145 0.6992172242 0.5002463781 0.4999685814
0.4771497254 0.1644007630 0.4994727815 0.6998876098 0.4006613795 0.7001963059 0.3998079685 0.6001522696 0.3000017724 0.6999245376 0.5005022311 0.4999853862
0.4146497272 0.1644007630 0.4994732584 0.6998876098 0.4006613795 0.7001963059 0.3998079685 0.6001522696 0.3000017724 0.6999245376 0.5004984164 0.4999853824
0.1619258422 0.5648022923 0.4999103057 0.6997002882 0.4006385965 0.7007183746 0.3997705350 0.5990794800 0.2999544398 0.7002334750 0.5000113905 0.4999668743
0.9995662840 0.9470358407 0.4999837219 0.7005532120 0.3983962018 0.7002213231 0.3983739125 0.5990590971 0.2991481165 0.6992108949 0.5005025887 0.4921490648
0.9996882947 0.9470358407 0.4999837219 0.7005536889 0.3983962018 0.7002213231 0.3983739125 0.5990590971 0.2991481165 0.6992108949 0.5005026185 0.4921489456
0.9999326738 0.9626741921 0.4999837144 0.7005441521 0.3983962018 0.7021744481 0.4041112162 0.5990590971 0.2991481184 0.6992104135 0.5005026185 0.4921565452
0.9999324353 0.9626741921 0.4999837144 0.7005441521 0.3983962018 0.7021744481 0.4041112162 0.5990590971 0.2991481184 0.6992104135 0.5005026185 0.4921565452
0.9999326756 0.8376741920 0.4999837135 0.7003019189 0.3984000314 0.7021749184 0.4041112162 0.5990590971 0.2992701887 0.6992104135 0.5006246869 0.4921565377
0.9999326607 0.8377047096 0.4999846746 0.7002981032 0.3984038386 0.7021749184 0.4040804602 0.5989370268 0.2992701887 0.6992101769 0.5006246869 0.4921565973
0.8014833758 0.5301666712 0.4992517051 0.6998390441 0.4002485633 0.6996191942 0.3998510199 0.5998476908 0.3001832611 0.6993418808 0.5002279202 0.4999731868
0.7611327998 0.8917276728 0.4999473798 0.6996513081 0.4004431985 0.6997587576 0.3998603359 0.6004325772 0.2983325993 0.7000158715 0.5003070408 0.4999920256
0.9784495914 0.8729834481 0.4999994277 0.7002952431 0.3984195780 0.7012286267 0.3998683210 0.5994872969 0.2992629151 0.6992132912 0.5001974269 0.4998464459
0.9784496063 0.8729529305 0.4999994277 0.7002952506 0.3984195780 0.7012286267 0.3998683210 0.5994872969 0.2992629151 0.6992132912 0.5001974269 0.4998464459
0.9844737360 0.0393409199 0.4999613012 0.7001317280 0.4006918971 0.7001963059 0.4000526009 0.6001088774 0.2999879143 0.6999247164 0.5000141882 0.4999863398
0.6435267140 0.3131944922 0.4999440252 0.7000199088 0.4009404959 0.7000349469 0.4002040992 0.5998377936 0.3003841017 0.6999411683 0.5001182896 0.4998379755
0.5878246097 0.3414435083 0.4999908484 0.7002342154 0.3984198164 0.7004961974 0.3998683210 0.5994567644 0.2992629821 0.6990948866 0.5001974287 0.4999532574
0.0105006928 0.3516947928 0.4999970901 0.7004438077 0.4004260464 0.6998507797 0.3998546138 0.6003638549 0.3001635608 0.7001536514 0.5000626021 0.4999920256
0.0175635079 0.3060966426 0.4999369769 0.6999690400 0.4004294680 0.7003281849 0.4002055092 0.6009227490 0.3005951264 0.7002309800 0.5000174134 0.4998777458
0.0291211866 0.4468413661 0.4999737139 0.7002264296 0.4013130268 0.7002445475 0.4003050461 0.5994949160 0.2997804855 0.6987302291 0.5000049653 0.4999813386
0.0291173719 0.4468413661 0.4999737139 0.7002264296 0.4013130119 0.7002445475 0.4003050461 0.5994949160 0.2997804855 0.6987302142 0.5000049653 0.4999813386
0.0142972246 0.1540700795 0.4999905671 0.7000261654 0.4003984801 0.7002563846 0.3998507340 0.5994388215 0.2994351939 0.6998882961 0.5000082855 0.4999973676
0.0132482238 0.1968413770 0.4999737064 0.7002264296 0.4013263633 0.7002445475 0.4003203347 0.5995025454 0.2997880814 0.6987302142 0.5000049653 0.4999818155
0.3213527392 0.4507476571 0.4999431740 0.7002340590 0.4013586691 0.7002446108 0.4000761652 0.5995025454 0.2997842667 0.6987302142 0.5000049653 0.4999741861
0.2107401688 0.9579600934 0.4999212404 0.6997591124 0.4005014854 0.7002928329 0.3999461172 0.6008762378 0.3005359371 0.7010929712 0.5000082511 0.4988985616
0.2033495216 0.4645694014 0.4999882556 0.7008896281 0.4004257120 0.6989428789 0.3998865666 0.6000441737 0.2999928708 0.7000077737 0.5000435100 0.4999478483
0.1462864439 0.4949549134 0.4999784608 0.6999881246 0.4004828142 0.7003391000 0.4002055017 0.6008772139 0.3006561616 0.7002384753 0.5000007390 0.4988985616
0.8318677515 0.0110221496 0.4999059248 0.7000334223 0.4004217399 0.7002049672 0.4000793951 0.6006574953 0.3002975763 0.7002300552 0.5000174153 0.4998778044
0.9844737360 0.0393399662 0.4999613012 0.7001317280 0.4006918971 0.7001963059 0.4000526009 0.6001088774 0.2999879180 0.6999247164 0.5000141882 0.4999863398
0.4922864740 0.0393399662 0.4999613012 0.6998875800 0.4006918971 0.7001963059 0.4000525860 0.6001527464 0.2999884247 0.6999245376 0.5005024695 0.4999853862
0.4927747254 0.0393397278 0.4999613012 0.6998875800 0.4006613795 0.7001963059 0.4002962498 0.6001527464 0.2999979577 0.6999245376 0.5005024695 0.4999853862
0.4470130470 0.0276132664 0.4997326848 0.7000065480 0.4005142994 0.7001961644 0.3998675127 0.6001932971 0.2996824061 0.6998883232 0.5000397223 0.4998757816
0.4465247658 0.0276132664 0.4997326848 0.7000065462 0.4005142994 0.7001961644 0.3998675276 0.6001932971 0.2996824061 0.6998883232 0.5000397223 0.4998757816
0.4464484718 0.0276132664 0.4997326848 0.7000065462 0.4005142696 0.7001961644 0.3998675276 0.6001932971 0.2996824061 0.6998883232 0.5000397223 0.4998757816
0.0083110565 0.3438825312 0.4997183788 0.7004399334 0.4004260762 0.7000906288 0.3998545552 0.6004327578 0.3001673755 0.7001536514 0.5000626002 0.4999920852
0.0084331278 0.4693705444 0.4997184980 0.7009589781 0.4004261358 0.7001287711 0.3998507377 0.5994561972 0.3001671222 0.7001846458 0.5002524112 0.4999312884
0.0084941629 0.9693700717 0.4997184980 0.7009587397 0.4004261358 0.7001287702 0.3998507386 0.5994867148 0.3001673606 0.7001536514 0.5002457392 0.4999312884
0.5150390496 0.8997995722 0.4999473947 0.6996474915 0.4004279397 0.6998808279 0.3998631969 0.5999422731 0.2983325955 0.7000132489 0.5012825686 0.4999920246
0.0005115280 0.0659409296 0.4999582884 0.7019347341 0.4003984019 0.6998568305 0.3998540411 0.6002331130 0.2989446775 0.7000640246 0.5006724303 0.4994815453
0.0210524658 0.0179488035 0.4999395278 0.6998913369 0.4008799860 0.6998791589 0.3988949381 0.5995057575 0.2997127020 0.7003334180 0.5001652841 0.4994561817
0.0230055908 0.2679488037 0.4999395278 0.6998951516 0.4008799860 0.6998791589 0.3988949381 0.5995057575 0.2997127020 0.7003334180 0.5001652841 0.4994561817
0.3809498058 0.9974620221 0.4999846355 0.7008841948 0.4004327361 0.6991685626 0.4003937621 0.5999735814 0.3001002998 0.6997042351 0.5000729677 0.4987105154
0.4147640582 0.9653538605 0.4999254975 0.7015980861 0.4017525142 0.7000487193 0.4000157764 0.5990803815 0.3000111816 0.7004096179 0.5002453369 0.4999389458
0.0001998795 0.8281618523 0.4999336633 0.6998379637 0.3995821079 0.7000061979 0.4000049042 0.5998291453 0.3004315098 0.6995157178 0.5002455194 0.4999235799
0.0314345612 0.8125368523 0.4999946984 0.6998989989 0.3995859226 0.7000061979 0.4002490448 0.5997681139 0.3004160200 0.6992716079 0.5000004251 0.4999846150
0.0334029449 0.8125368523 0.4999946984 0.6998989989 0.3995859226 0.7000061979 0.4002490448 0.5998291491 0.3004160200 0.6992715781 0.5000004251 0.4999846150
0.0314345612 0.8125063347 0.4999956521 0.6998989989 0.3995859226 0.7000057210 0.4002490448 0.5997681139 0.3004179292 0.6992716079 0.5000004251 0.4999846150
0.2477109602 0.9348391210 0.4999835971 0.6998571695 0.3997105485 0.6991861972 0.4005186049 0.5999348085 0.3000995166 0.6990868987 0.5004885844 0.4995114240
0.2398984602 0.9348391210 0.4999835971 0.6998571695 0.3997105410 0.6991862047 0.4005166976 0.5999348085 0.3000957019 0.6985986174 0.5004885844 0.4995114240
0.2398984602 0.9348392402 0.4999835971 0.6998571695 0.3997105410 0.6991862047 0.4005166976 0.5999348067 0.3000957019 0.6985986174 0.5004885844 0.4995114240
0.0001531551 0.1296411745 0.6010063035 0.5015182844 0.5018998287 0.6986082268 0.4006899720 0.5000697491 0.4999807016 0.7002184509 0.3008446901 0.2967223910
0.0001531551 0.1296716920 0.6010063035 0.5015182844 0.5018998287 0.6986082268 0.4006899720 0.5000697491 0.4999807016 0.7002184509 0.3008446901 0.2967223910
0.0001531551 0.1296726457 0.6010063054 0.5015182844 0.5018998287 0.6986082268 0.4006899720 0.5000697491 0.4999807016 0.7002184509 0.3008446901 0.2967223910
0.0001526782 0.3796726459 0.6000297578 0.5015182844 0.5009232662 0.6986082342 0.4008120349 0.5000840691 0.4994924203 0.7002108215 0.3008446901 0.2967224059
