0.9999961685 0.3415295708 0.4999967278 0.6291749530 0.5025068834 0.5323950104 0.5060037323 0.4974516625 0.5073676589 0.4809287037 0.4883947275 0.4960869136
0.0004197937 0.1853150848 0.6406527941 0.4979244848 0.4980173199 0.4959499543 0.4996947763 0.5021360857 0.3710657082 0.7544098215 0.5060185776 0.4057445455
0.0001699161 0.5458598850 0.4846132663 0.5176320621 0.4916493357 0.5037313844 0.6266062396 0.4686771356 0.5666150121 0.4888567706 0.4974801359 0.4113413220
0.9999810643 0.9960670462 0.5078150728 0.4977068040 0.4933931786 0.4921240318 0.5018193075 0.4722795295 0.4976458480 0.4919046429 0.5401171227 0.3731314720
0.0001712721 0.6124267537 0.5078761592 0.5126443706 0.4992316044 0.2609536473 0.5000614063 0.6650737381 0.4915749920 0.5629933761 0.5173421498 0.5020187222
0.9999810643 0.9960365295 0.5119654634 0.4977106177 0.4933931190 0.4921240318 0.5018193093 0.4800920295 0.4976153304 0.4919122723 0.5401171227 0.3730704369
0.0000252714 0.3900808109 0.5013055163 0.4927614392 0.4843562613 0.4824179313 0.5087919287 0.4972804994 0.5005135420 0.7463278973 0.5159392427 0.4130118884
0.6619136377 0.0942292624 0.5665952168 0.5012241113 0.5022028000 0.5129661844 0.5157573591 0.4960837052 0.5020553782 0.4973127306 0.5007981374 0.5316323224
0.8126387641 0.4724584254 0.5361560327 0.4986720975 0.4740209379 0.4957405240 0.5033419556 0.5645485283 0.5014788168 0.5001877849 0.5001139925 0.4958458538
0.8741788593 0.0545926104 0.5198140019 0.5083240024 0.5010538655 0.5003843349 0.5160293649 0.4910734245 0.5005277251 0.4955964885 0.5079711466 0.5635686392
0.5996215144 0.0045740921 0.5175911454 0.5013314211 0.5022130231 0.5021028197 0.5079363366 0.4972835458 0.5040540104 0.4906782503 0.5000406043 0.5313468227
0.5961160162 0.3946851477 0.4832656854 0.4999303487 0.3712442251 0.4509257399 0.5003396641 0.5027110153 0.4950433331 0.4920146721 0.5629920201 0.4917169656
0.7787725430 0.0526376591 0.5004936024 0.4997088159 0.5010367143 0.4370043729 0.5095904037 0.4983379082 0.5040714056 0.4953899183 0.4291371595 0.5022078562
0.8974025081 0.7868489705 0.4997767252 0.5001122984 0.4916554871 0.5012304769 0.5010050056 0.4681929354 0.5041077067 0.4578729351 0.4994504196 0.4902311903
0.2477443705 0.5986912359 0.5000780639 0.5157966106 0.5089896466 0.4914532150 0.5362025625 0.4726394075 0.5058718552 0.4861084209 0.5092922016 0.5091136401
0.8349362545 0.8216005143 0.5080421842 0.5007559736 0.4820930310 0.5102581172 0.4830373763 0.5005810722 0.4890087447 0.5097931358 0.5508486205 0.5137659568
0.7540459621 0.5536874016 0.4909572271 0.5020080316 0.4921566904 0.5026933397 0.5056346799 0.4681620919 0.5060607423 0.4890980204 0.4916226682 0.4742113766
0.2286533213 0.4986656834 0.4833353641 0.4999912665 0.3717947336 0.4498260035 0.5008241418 0.5002621566 0.4996401030 0.4920376795 0.5629920201 0.4371209810
0.7251097995 0.5045740926 0.5254036454 0.5169568979 0.5022187415 0.5021028197 0.5079964181 0.4972835458 0.5040540402 0.4984907503 0.5000101165 0.5313468152
0.1055401574 0.6883108939 0.5162096205 0.4981070473 0.4926182707 0.4794120020 0.4860376729 0.5315144328 0.5001233383 0.5062287771 0.5001614843 0.4980158391
0.5671904856 0.5669506253 0.5781312357 0.4999937364 0.5366903930 0.4830932510 0.5022337106 0.4996763910 0.5010181679 0.4840594209 0.4910580399 0.5056789559
0.5056670480 0.5669506253 0.5781312357 0.4999937364 0.5366903930 0.4830932510 0.5022337106 0.4371763910 0.5010176911 0.4840594507 0.4910580399 0.5056789559
0.0143311257 0.4746673763 0.5099525820 0.4999160352 0.4842852880 0.4994808729 0.4825946274 0.5045169485 0.5002602800 0.5109343543 0.5059967130 0.4972133809
0.8226444878 0.5561337960 0.5183410892 0.5059477794 0.5000016144 0.5018239184 0.5172234918 0.4998297137 0.5179430475 0.4918974000 0.5014849934 0.5001391512
0.8564448271 0.4109027129 0.5078596301 0.5049952804 0.5197721473 0.5023280070 0.5117666558 0.4061260711 0.5009979191 0.4934988874 0.5469530696 0.4960669582
0.3468110909 0.3705920990 0.5020434200 0.5084329867 0.5090832678 0.5032946584 0.5040939353 0.4948559641 0.5021889550 0.4980277312 0.5178377540 0.5481239730
0.4212626288 0.9498468367 0.5084192832 0.5156789678 0.4936442119 0.4677394409 0.5112069440 0.5167313307 0.4679976939 0.5004933351 0.5000645970 0.5626343056
0.5088171573 0.9830088038 0.5064761485 0.5168275065 0.5008722409 0.5006126151 0.5002835724 0.4994753967 0.5002669231 0.4977663639 0.5007640054 0.4296313724
0.0419846001 0.8535666828 0.6406836823 0.4995486070 0.4999043723 0.4948717444 0.4762569307 0.5139696789 0.5001918725 0.5045252224 0.5449247207 0.4685659301
0.0154648805 0.9691062336 0.5000576987 0.4995118906 0.4999653422 0.4948635180 0.4918820499 0.5139392209 0.5001918725 0.5045404439 0.5136728124 0.4686858547
0.0548819649 0.5032724175 0.5192682077 0.5352024227 0.5000298643 0.5004930641 0.5034691631 0.4995410168 0.5009185201 0.4899793086 0.5132994014 0.5088710110
0.1162701185 0.4270389922 0.4921874138 0.5083455467 0.4957872634 0.4998086444 0.5078305104 0.5683937544 0.4992595692 0.4882187764 0.5625175038 0.4988946975
0.4145172624 0.4388693864 0.5921524228 0.5356935314 0.4999256381 0.5015895260 0.5130724893 0.4951048293 0.5084586931 0.4916592580 0.5042420742 0.5001935060
0.3667584000 0.4290531524 0.4921869370 0.5083150589 0.4948107009 0.4919961444 0.5078305104 0.5644841740 0.4992595841 0.4879746060 0.5000176230 0.4988260330
0.3322310507 0.4705053116 0.5361559731 0.4986716169 0.4815835156 0.4957405250 0.5029758639 0.5645490052 0.5006204941 0.5000953679 0.5001139925 0.4957774277
0.3322310507 0.4724584366 0.5361559731 0.4986716169 0.4815835156 0.4957405250 0.5029758639 0.5645490052 0.5015970566 0.5000649695 0.5001139925 0.4957774277
0.3668194351 0.3030765898 0.4921564343 0.5083761090 0.4948107009 0.4919961444 0.5100888112 0.5644689152 0.4914319445 0.4879746060 0.5000176230 0.4675760329
0.8741254535 0.0388312349 0.5199055546 0.5083163730 0.5010557766 0.5003845696 0.5472794841 0.4988859282 0.5005239104 0.4955659523 0.5079673319 0.5704045767
0.1383364872 0.4926389954 0.5666796086 0.4901904664 0.4759120703 0.4998125280 0.5158693423 0.4993697065 0.4687054869 0.4686812800 0.5325637027 0.4949330124
0.1153704050 0.9818808446 0.5023420989 0.4829650628 0.4998997026 0.4949020254 0.5001860759 0.4657870135 0.5351948650 0.4921486662 0.5125123863 0.4921462112
0.7138596649 0.8607118724 0.5002520592 0.4954800899 0.4982220749 0.4997322145 0.4837196707 0.5631187936 0.5003841748 0.5053631519 0.5215464034 0.4819326210
0.4368568952 0.9031560299 0.5093844053 0.5162512842 0.4936446887 0.4579738308 0.5112069449 0.5206530779 0.4992095469 0.5004923814 0.5000798409 0.5001343130
0.7741001265 0.9920034259 0.4791159653 0.6269574572 0.4987640749 0.5002347403 0.5177689041 0.4918260719 0.5833454901 0.4941084371 0.5316709918 0.4921643934
0.3644389327 0.9315733937 0.5354710990 0.5019540018 0.5001628515 0.5082137757 0.5094377180 0.4994379138 0.5141369929 0.4939651336 0.5357895089 0.5196953011
0.3644389923 0.9940733937 0.5354100638 0.5019540018 0.5001628515 0.5004012757 0.5094381948 0.4994379138 0.5141369929 0.4939651336 0.5357895089 0.5196953011
0.3758487267 0.2370536926 0.6270183126 0.4744847328 0.4990892163 0.4994655470 0.4667314687 0.5351575916 0.5012528389 0.5122787370 0.5198672130 0.4371865191
0.8974025081 0.7888030492 0.4997729105 0.5001118216 0.4916555458 0.5012304769 0.5010050056 0.4681929354 0.5041077067 0.4578730543 0.4994504196 0.4902159315
0.2681526386 0.3900808258 0.5010631564 0.4949584654 0.4999736468 0.4843743895 0.5088291592 0.6772121412 0.5011161300 0.5549068652 0.5078841220 0.4754708470
0.3076288805 0.3539606075 0.5625216324 0.5203958224 0.5110081402 0.5208112863 0.5042179120 0.4960654392 0.5138960793 0.4973000498 0.5159573876 0.5481230333
0.3244746479 0.5541053010 0.5036097025 0.5058863242 0.5078131645 0.5003528637 0.5172237302 0.4988834676 0.5156547320 0.4998916942 0.5029313141 0.5001411294
0.9999874542 0.0785929887 0.4999033050 0.5017326172 0.7884003267 0.5016805003 0.5019582068 0.4746015626 0.5073974528 0.3559368079 0.4978399142 0.4784733667
0.7480276122 0.8643162342 0.5000770506 0.5157966032 0.5089878584 0.4914455856 0.5127045638 0.4726394112 0.5063755182 0.4764028764 0.5092922016 0.5095981066
0.7621607285 0.3191151305 0.5357805821 0.4661446917 0.4918520027 0.4910196639 0.5494415318 0.4680653172 0.4685415015 0.4626464941 0.5000018659 0.4960468463
0.7555248586 0.0049314918 0.5039108419 0.5008721086 0.5405889037 0.5014511091 0.5160106556 0.4988705697 0.5083415345 0.4979730439 0.5119771189 0.6025769325
0.2246215141 0.0006687958 0.5177132157 0.5013276064 0.5022130194 0.5021025813 0.5079363366 0.4972835458 0.5040540104 0.4906782503 0.5000406043 0.5313469419
0.5977379285 0.4911647881 0.5098153143 0.6257249821 0.4685042114 0.4995627464 0.5008523674 0.5156321847 0.4823631341 0.5171360220 0.5011632587 0.4999988410
0.6346340772 0.7809529610 0.5401445036 0.5005102786 0.4644816727 0.4997384972 0.5064578350 0.5001576222 0.4997059652 0.6259684839 0.5019558226 0.4998164433
0.7052873110 0.9972977536 0.5001256024 0.4941001269 0.4373778100 0.4679464469 0.4979815609 0.5002024262 0.5168664991 0.5020981352 0.5020377026 0.4366997466
0.5088476748 0.9205088037 0.5064761485 0.5168275065 0.5008722409 0.5006126151 0.5315326187 0.4994753967 0.5002669231 0.4977663639 0.5007640054 0.4296314320
0.1582039969 0.0568351839 0.5010119830 0.5000766837 0.5072633303 0.5108503145 0.5005301205 0.4979138249 0.5376827722 0.4935022094 0.4626382836 0.4920948702
0.2752287335 0.4493206669 0.5054360251 0.4645841638 0.5010100366 0.4916804410 0.5018165293 0.4934627260 0.5045611155 0.4953131708 0.3973676361 0.5256357887
0.0428888770 0.2368592026 0.5039256136 0.4940540153 0.4374347696 0.4983709916 0.4955212441 0.5159859047 0.5176124624 0.5055015660 0.5026478018 0.4833199917
0.2984474276 0.9920606781 0.5195323150 0.4833926591 0.5167340045 0.4877880528 0.5084703001 0.4966266076 0.5907929424 0.4290697811 0.5635650731 0.5001603118
0.6069715159 0.9702020855 0.5665957234 0.5330825853 0.5031756745 0.5129680918 0.5003686319 0.4960833457 0.5069381907 0.4973053397 0.5042466247 0.5314987912
0.7973593825 0.9705620398 0.5162206139 0.5158080473 0.5390828387 0.4940741495 0.5050435704 0.4862389252 0.5039610569 0.4920247099 0.5116346642 0.5095844069
0.8649272070 0.9784483937 0.5355931525 0.5000008768 0.5001628534 0.5082137832 0.5006419797 0.4994493653 0.5102307391 0.4959181682 0.5357761574 0.5118770884
0.2508487266 0.2214286329 0.5332082310 0.4744847328 0.4951829663 0.4994655433 0.4662431874 0.5312513416 0.5032059629 0.5124046221 0.5198672726 0.4371864893
0.3051894971 0.2122977071 0.5197014525 0.5004333039 0.4974288275 0.5016073328 0.5078259963 0.5084538278 0.4686741703 0.5187438415 0.5019729170 0.5117255463
0.2492801168 0.9961731313 0.5162024261 0.5199532616 0.4985155272 0.4684989494 0.5652514385 0.5401001010 0.4991779714 0.5046699555 0.5315894387 0.5625499650
0.8731488910 0.0388314734 0.5199055546 0.5083163730 0.5088682766 0.5081970696 0.5482560541 0.4988859282 0.5000356329 0.4955659523 0.5079747229 0.5704045767
0.8742475238 0.0388312349 0.5199053162 0.5083163730 0.5010557729 0.5003843312 0.5472794841 0.4988859282 0.5005239104 0.4955659672 0.5079673319 0.5704045767
0.8741864887 0.0388312349 0.5199053162 0.5083240024 0.5010538655 0.5003843312 0.5472794841 0.4988859282 0.5005239104 0.4955659709 0.5079673319 0.5704045767
0.8741788593 0.0388312349 0.5199053162 0.5083240024 0.5010538655 0.5003843312 0.5472794841 0.4988859282 0.5005239104 0.4955964885 0.5079711466 0.5704045767
0.1014155523 0.0827795622 0.5336046932 0.5010664952 0.4999784655 0.4723461033 0.5157948802 0.5380914580 0.4832313047 0.5016699410 0.5040593506 0.5082102665
0.3746671410 0.0389523516 0.5198140019 0.5083241216 0.5009928006 0.5003848118 0.5160293640 0.4910734245 0.5083402251 0.4955964885 0.5078490763 0.5635686392
0.3727139937 0.2255058393 0.5198154324 0.5085682622 0.5009918469 0.5001406712 0.5160312713 0.3660734839 0.5007718657 0.4960237336 0.5078644543 0.5713429996
0.3727140160 0.1639523517 0.5198140019 0.5083241216 0.5009928006 0.5003848118 0.5160293640 0.4910734245 0.5085843657 0.4955964885 0.5078643351 0.5713811392
0.3727140235 0.1639518842 0.5198140019 0.5083241216 0.5009928006 0.5003848118 0.5160293640 0.4910734841 0.5085843657 0.4955354533 0.5078643351 0.5713811392
0.7555248735 0.0051756324 0.5039108456 0.5008721086 0.5405889037 0.5014511091 0.5160106556 0.4989926401 0.5083410577 0.4979731631 0.5117329802 0.6025769325
0.8702504997 0.8549375374 0.5020282208 0.5083452561 0.5237319363 0.5030486104 0.5158126555 0.4951001047 0.5021889550 0.4980277312 0.5178377540 0.5403114730
0.7244136377 0.0942292624 0.5666028462 0.5012241113 0.5026910813 0.5129661844 0.5157573591 0.4960836456 0.5021774485 0.4973127306 0.5007981374 0.5316323224
0.0548819649 0.5035165581 0.5192682077 0.5352024227 0.5000279569 0.5004930641 0.5034691631 0.4995410168 0.5009185201 0.4899793086 0.5132994014 0.5088710110
0.1798817266 0.5035165581 0.5192682077 0.5352024227 0.5000279569 0.5004930641 0.5034691631 0.4995410168 0.5009185201 0.4899793086 0.5132994014 0.5088710110
0.1798807729 0.7535165583 0.5192682096 0.5352024217 0.5000279569 0.5161180641 0.5034386455 0.4995410168 0.5009185201 0.4899794278 0.5132841463 0.5088710110
0.3246119770 0.8959174351 0.5035486748 0.5058863857 0.5000016219 0.5003528637 0.5797234919 0.4673587796 0.5158979152 0.4920791942 0.5029499107 0.5001410809
0.8328067314 0.5795921940 0.5195340305 0.4997247220 0.4936391520 0.4921075250 0.5012663654 0.4959008801 0.4976029047 0.4921403998 0.5087917526 0.4986653919
0.0268292735 0.9920706442 0.5197951892 0.5200669891 0.4989504968 0.5060601872 0.5089218249 0.4990226426 0.5084625171 0.4862814587 0.5629669563 0.5392564233
0.4770096331 0.4545249031 0.5842788877 0.5356935314 0.4989491948 0.5015895260 0.5130722509 0.4951050677 0.5084586931 0.4916897756 0.5042425529 0.5001935060
0.4165455228 0.5088630547 0.5110306838 0.4858290604 0.4986838750 0.4999900167 0.4674882604 0.5969872583 0.5020983792 0.5009841952 0.5030589667 0.4970390438
0.3081354269 0.4623015201 0.5196995451 0.5004333188 0.4974288275 0.5016073925 0.5234509963 0.5084545431 0.4683117591 0.5189881013 0.5000197920 0.5122138267
0.1545535542 0.9023926136 0.5162021616 0.5196824330 0.4985079127 0.4684989568 0.5662282375 0.5088577303 0.4991789251 0.5124819786 0.5000953577 0.5626720354
0.0250930749 0.3617341987 0.5676715174 0.4921434983 0.4757967940 0.4999179295 0.5175800254 0.4998715543 0.4676831788 0.4950484405 0.5358896344 0.4999665204
0.0249705240 0.4847805952 0.5676715156 0.4921433828 0.4760333053 0.4843081883 0.5175797870 0.4993718374 0.4676526575 0.4637984405 0.5359506696 0.4999360028
0.5870672470 0.5073107635 0.5004960517 0.4824005733 0.4995324858 0.4954773565 0.5034403042 0.5318203285 0.5044280621 0.5081315828 0.5023627118 0.4900490590
0.2820987266 0.2214286478 0.5332083502 0.4744847328 0.4951827279 0.4994617286 0.4662470021 0.5312894886 0.5032059629 0.5124046221 0.5198672726 0.4371864818
0.1630403904 0.0234053843 0.5005698684 0.4980451311 0.4818818238 0.4977226225 0.4999541468 0.5062145782 0.5010999017 0.5038782763 0.5001719720 0.4980391967
0.4560224250 0.0639127261 0.5201082411 0.4960934059 0.4511164692 0.4821124938 0.4672436504 0.5003628288 0.5017090463 0.5026855855 0.5006621680 0.4999913606
0.9560205778 0.0014127260 0.5201082411 0.4960934059 0.4822443989 0.4821128514 0.4672283916 0.5023159538 0.5017099553 0.5026855855 0.5006621755 0.4999923143
0.1063490539 0.4257316249 0.5010997388 0.4995533167 0.4916506563 0.4349455912 0.4988729735 0.6016984671 0.5625139145 0.5054389560 0.5075573162 0.4921656004
0.0433612494 0.3004855805 0.5009781453 0.4918552502 0.4994633947 0.4349465449 0.4988817652 0.6016984671 0.5000138548 0.5054389597 0.5078014643 0.4999704710
