0.0000000000 0.0000000000 51.0691498792
0.0002298374 0.0013104451 27.7439905100
0.0261819525 11.3570143229 17.7461098047
23.5785817602 0.0237540834 1.0941231438
19.7318289219 4.6261962814 0.0156603200
20.1288999694 1.5160933601 0.5072814139
18.6113932416 0.0227850426 8.0513032889
18.3247626162 8.8680523995 1.1205678701
9.9863507490 14.7350625392 9.8028430124
0.2002793848 22.6828001503 0.4421496350
0.0522002848 22.3806538052 0.7161864086
8.1382918766 0.1598743054 18.5915633367
0.0854595067 17.5925859082 9.9963415586
0.0201905970 20.7607592162 1.9080959765
0.0026477486 11.6553261282 17.6757939991
0.0088305736 44.5573506635 3.6047978858
0.0257214862 44.6795914610 1.4140986880
0.0296814011 51.5581745728 0.3584178380
0.0198263479 51.6391905593 0.3589810052
0.0198268466 51.6404894704 0.0421221629
0.0201350351 51.6372909709 0.0421195540
1.2872688338 51.6171267188 0.0421174026
4.2703755510 173.9101861329 0.0105591709
4.4037613324 173.9068441713 0.0105591700
20.7490379246 33.2131959603 0.0071326503
33.6045420637 0.0193610559 0.0020113117
19.0941133299 34.1897896299 0.0071323896
0.4531858041 4.5826781484 19.7831953954
9.0756360617 18.7359593252 0.0963258582
17.7302486892 0.0624979435 9.6529167904
13.0843200152 1.5939982295 15.6005195561
16.3620061136 11.6378971399 0.9814854574
13.4542692485 17.2189852428 1.8496011593
4.3053504888 16.7231885469 10.6737979178
0.0000111588 0.0000365750 51.0529534884
0.0000120530 0.0000362901 51.0529524369
0.0000000000 0.0000000000 51.1364747415
0.0000000000 0.0000000000 51.1364747501
0.0000000000 0.0000000000 51.1379692064
0.0000000000 0.0000000000 51.1280974504
0.0000000000 0.0000000000 51.1280974504
0.0000000000 0.0000000000 51.6546813079
0.0000000000 0.0000000000 51.7724903367
0.3921282390 0.0037611179 21.0562505192
10.6812965539 17.2237268893 0.0156603219
5.1192311479 20.2639915501 1.6297617841
10.6001569431 0.7098620787 17.3111024878
11.5044966901 1.4015361390 16.8189432679
0.4810389888 4.5773650273 19.7726288429
3.4843115519 16.9372179369 10.6882614144
3.5803059740 17.4038462573 9.8118822526
3.5793929611 17.4332793485 9.8098963424
3.5800598289 17.4365272991 9.8028260346
3.5867463899 17.4351530812 9.8028260346
11.3825608356 13.6852857425 9.8028502475
10.5584062062 0.7070661517 17.4826476561
10.4605845252 1.2184193379 17.3988028753
13.5843914698 1.5822715471 15.0509295269
20.1022947909 2.4567879036 1.7357981382
11.5865401195 0.2671510173 16.8190393072
1.1408628992 7.0415281649 18.9161074619
9.4190219980 18.5658422611 0.0643907606
0.0196209094 0.0725553540 21.1496915611
0.9416926044 15.2618697597 14.8144193757
3.3809310957 14.9305056080 13.2195976193
5.9645980910 6.5565888106 18.2744074170
5.3005378215 5.3398917751 18.9442711305
0.0259714218 11.2656918430 18.5931822139
0.3023268210 11.2574953246 18.5883143945
0.0728177631 11.4436177565 17.3550801028
1.1941352791 11.3813520572 17.3550433681
7.9452514038 18.2115537421 4.2692847244
7.6720847872 17.6260178972 5.9874437699
9.2903605230 16.7195044880 5.9575177263
12.6219569576 14.7610082455 6.2175581138
13.3166728455 14.1100295377 6.2112040704
13.8940599126 14.7189878156 2.3048292417
13.8711570387 14.7406644452 2.3048367878
3.9649357634 23.3018762210 0.0185475328
3.9642978688 23.2981273227 0.3085831009
4.5348349363 23.1936496330 0.3085808127
2.2396227089 23.5264517013 0.3085807376
0.0854603296 17.5925857779 9.9963414868
17.7297857602 0.0624963117 9.6537666194
20.1289000404 1.5160924178 0.5072814139
19.8833346004 3.4817628941 0.5092170129
19.8869784446 3.4981239146 0.0136774027
22.7319972547 2.8571223337 0.0155188333
6.6880016812 19.2313805544 1.0581058044
0.0201900289 20.7601751121 1.9160712587
0.0838785426 20.7593445123 1.9160093319
0.0856198055 20.7592817928 1.9160041994
0.2185750544 13.3296140439 16.0424832528
0.5456754350 13.3212388242 16.0436918510
0.5431211094 13.3213432112 16.0436918510
4.1331441038 12.2614118902 15.4376639929
33.7454930690 0.0131738520 0.0020197478
31.9761054369 0.0184228418 6.3628318683
31.9366795332 0.0184001268 6.5589586106
31.4536773016 0.0181338117 8.0865528764
