0.0000183126 0.3529821330 0.2992245604 0.3008431665 0.5009963899 0.5005210307 0.3983828038 0.4995011003 0.3003344986 0.4001927081 0.3008430072 0.4998661629
0.6470962275 0.8595854881 0.2966612282 0.5001237965 0.5020196638 0.5002765716 0.3973535731 0.4999528932 0.3018896163 0.3998913908 0.5991436053 0.4991110652
0.9927856484 0.1487475728 0.3002982133 0.3017593029 0.5011138958 0.5000038282 0.3998714261 0.4985148688 0.2989940339 0.4000639556 0.3001896705 0.4995078039
0.0212598145 0.9946064344 0.3003133669 0.3007831856 0.5009921012 0.5004942981 0.3997915894 0.4989775489 0.2993609377 0.3996394411 0.3001952547 0.4997434155
0.1471572622 0.8596155288 0.2966612282 0.5001237853 0.5020215712 0.5002766014 0.3973535731 0.4999829340 0.3018895418 0.3998913908 0.5981746722 0.4992369651
0.9916759133 0.0104796784 0.2987677719 0.3037723417 0.5009780792 0.5001249635 0.3997000637 0.4995344444 0.2994666009 0.4020139020 0.3008127998 0.4989981572
0.9842829201 0.3527747517 0.3025090734 0.5011101388 0.5001902790 0.5000460180 0.3983895624 0.4997392078 0.2994405956 0.4007539865 0.5974005420 0.4981221086
0.3593944491 0.9952718532 0.2998193291 0.3003023884 0.5000678650 0.5007631672 0.3984203072 0.4999831184 0.3001441847 0.4015371747 0.2998267145 0.4999963450
0.6660134659 0.9867174020 0.3009127456 0.3007908736 0.5005319822 0.5001290818 0.3984353919 0.4999796492 0.3003270070 0.4001957135 0.3001266898 0.4998774449
0.9407240329 0.9921705387 0.2997615806 0.3000320544 0.5002761926 0.5000403696 0.3984353909 0.4995102300 0.3000659368 0.4000752870 0.3003025207 0.4999727285
0.4382889126 0.0035292627 0.3007828009 0.3003041524 0.5002948311 0.5000611418 0.3984283548 0.4999992470 0.3005160627 0.4004609803 0.2999322352 0.4998468417
0.1530166372 0.3594858138 0.2968406606 0.5001232638 0.5000684462 0.5002766014 0.3973536327 0.4999834099 0.3018933565 0.3997693205 0.5981746722 0.4992369651
0.3874795459 0.7171924261 0.2999900517 0.3003260310 0.5005038162 0.5004988513 0.3983988551 0.4999425323 0.2998964687 0.4001312846 0.3001561233 0.4999722042
0.0055198753 0.4252398577 0.2987873017 0.3008073152 0.5009997529 0.5005226680 0.4001005501 0.4999217163 0.3004118822 0.3996208966 0.2999588477 0.4999269363
0.6317526397 0.0049371962 0.2996746556 0.2984463268 0.5003822497 0.5002443655 0.3999701668 0.4998702160 0.2999931949 0.3999585997 0.3009203172 0.4985343101
0.0144245941 0.8069931686 0.3003095969 0.3007834100 0.5009921012 0.5000365195 0.3998564094 0.4990031202 0.3005828478 0.4003115421 0.3001877445 0.4999922705
0.4187152296 0.7381620060 0.2997907310 0.3000329261 0.5000014729 0.5000410737 0.3984349281 0.4994797125 0.3001725257 0.4000829238 0.3002958617 0.4999733693
0.4696465931 0.8052326392 0.3001483626 0.3003175345 0.5001335409 0.5000002715 0.3983913850 0.4999357560 0.3001963657 0.4004084909 0.3007862794 0.4994671880
0.3795042423 0.3068568374 0.2988010685 0.3001445889 0.5000031288 0.5000706199 0.3997905603 0.4999885145 0.3013504802 0.4000391256 0.3000797781 0.4997401149
0.1471572622 0.3594934580 0.2967833209 0.5001233085 0.5000684462 0.5002766014 0.3973535731 0.4999829340 0.3018895418 0.3998913908 0.5981746722 0.4992369651
0.1470962271 0.8596155288 0.2966612282 0.5001237853 0.5020215712 0.5002766014 0.3973535731 0.4999829340 0.3018896014 0.3998913908 0.5981670428 0.4992331504
0.6471117247 0.8596160057 0.2966612282 0.5001237965 0.5020196638 0.5002765660 0.3973535731 0.4999528932 0.3018896163 0.3998913890 0.5991436053 0.4991110652
0.6451585997 0.8478972557 0.2966612282 0.5001233197 0.5020196638 0.5002765660 0.3973535731 0.4999528932 0.3018896163 0.3998913890 0.5991436053 0.4995993464
0.7076585998 0.9728972558 0.2966612282 0.5001233197 0.5020194254 0.5002918248 0.3973535731 0.4999528932 0.3019201339 0.3988843089 0.5952373553 0.4996031611
0.7076585998 0.9885222558 0.2966612282 0.5001233197 0.5020194254 0.5002918248 0.3973535731 0.4999528932 0.3019201339 0.3988843089 0.5952373553 0.4996031611
0.7096117248 0.9885222558 0.2966612282 0.5001233197 0.5020194254 0.5002918248 0.3973535731 0.4999528932 0.3019201339 0.3988843089 0.5952373553 0.4996031611
0.7408617248 0.9885222595 0.2966612282 0.5001233197 0.5020194254 0.5002918248 0.3973540500 0.4998307782 0.3019201339 0.3988843089 0.5952373553 0.4996031611
0.7718618473 0.9762352220 0.2992458309 0.3008753595 0.5011106725 0.5000631069 0.3981173331 0.4999587997 0.3000918779 0.4004135545 0.3001306432 0.4999899375
0.9926280118 0.9976021228 0.3004559281 0.4062830288 0.5014106329 0.5000540405 0.3982974630 0.4987558150 0.3003399738 0.4006583331 0.3028227718 0.4986255276
0.9382870057 0.0035292627 0.3007828009 0.3003041524 0.5002948330 0.5000611269 0.3979400773 0.4999992470 0.3005310821 0.4004609803 0.2999322352 0.4998468407
0.9842829201 0.3527442304 0.3025090734 0.5011101388 0.5001902790 0.5000460180 0.3983895624 0.4997392078 0.2994405956 0.4007539865 0.5974005420 0.4981221086
0.9999345699 0.1789978558 0.2984636894 0.3001009219 0.5001866524 0.5024512135 0.4034044681 0.4995011273 0.2990462345 0.4001497174 0.2980201396 0.4999719844
0.9999343166 0.6789978265 0.2984636894 0.3000713580 0.5001847451 0.5019553029 0.4034044681 0.4995030346 0.2990461153 0.4001497453 0.3019111606 0.4999719509
0.9991192054 0.9253930011 0.2985155259 0.2999665954 0.5000312137 0.5000045267 0.3982922979 0.4992510364 0.3012589191 0.4001462128 0.2991270919 0.4997422691
0.9618809586 0.9994293917 0.3004559281 0.9062714585 0.5004493282 0.5005189567 0.3963446435 0.4987558522 0.3004637680 0.4007639525 0.2995588736 0.4996020901
0.9931309586 0.9994293917 0.3004559281 0.9062714585 0.5004493282 0.5005189567 0.3982977685 0.4987558522 0.3004637680 0.4007620452 0.2995588736 0.9996020906
0.9931147462 0.9994293619 0.3004559281 0.9062561997 0.5004493282 0.5005189567 0.3982975300 0.4987558522 0.3004637680 0.4006399749 0.2995588736 0.9996020906
0.9882277977 0.9977314668 0.3001229486 0.2997790652 0.5001244866 0.5000366881 0.3983301850 0.4999338114 0.3022650250 0.4008953827 0.2997953736 0.4994719238
0.9926280118 0.9936959324 0.3004559281 0.4062830288 0.5014096792 0.5000540405 0.3982974630 0.4987558150 0.3003399887 0.4007804034 0.3028227718 0.4986255276
0.9926280118 0.9936958132 0.3004559281 0.4062830288 0.5014096792 0.5000535636 0.3982974779 0.4987558150 0.3003399887 0.4007804034 0.3028227867 0.4986255276
0.9913067045 0.9253930011 0.2985160028 0.2999665954 0.5000312137 0.5000045267 0.3982922979 0.4992510364 0.3012589191 0.4001462091 0.3001036544 0.4997422691
0.9579325923 0.8734525813 0.3006600023 0.3001776285 0.5004596640 0.5019855821 0.3995268283 0.4995107236 0.3000305465 0.4001831407 0.3018043379 0.4999872078
0.9780519008 0.7167682338 0.3004105085 0.3008362887 0.5000229008 0.5000183363 0.3998886164 0.4994315910 0.3005199277 0.4002672894 0.3001065760 0.4999809233
0.9706496726 0.9977312293 0.3001229561 0.2997790652 0.5001244866 0.5005249730 0.3983301850 0.4999338114 0.3017767438 0.4008953827 0.2997953736 0.4999602051
0.9725228799 0.9294883869 0.2997917405 0.3000320544 0.5012527551 0.5001014047 0.3984353984 0.4994797125 0.3000507115 0.4000714723 0.3003635558 0.4998506582
0.4150063558 0.8459741472 0.3011568899 0.3007908736 0.5005315351 0.5001320806 0.3984355716 0.4998954949 0.3003307621 0.4001783090 0.3001574793 0.4998736302
0.4922363316 0.8987628323 0.3003001207 0.3007827404 0.5009918264 0.5000048117 0.3999019437 0.4994914313 0.2989940302 0.4000639593 0.3001890744 0.4985312414
0.0282150973 0.9087326842 0.3001717080 0.3001723842 0.5000352752 0.5009792172 0.3997721462 0.4992358568 0.3002701423 0.3992294505 0.3012913859 0.4999852856
0.9925530991 0.0451216773 0.3001620297 0.4062678911 0.5000072052 0.5005417136 0.3999021076 0.4999007867 0.3000815430 0.4004147680 0.3008143486 0.4979423000
0.9407248767 0.0253944239 0.2999092474 0.2998880449 0.5002620514 0.5002602558 0.3998244092 0.4999770266 0.3000384972 0.3996906787 0.3009104843 0.4994572089
0.0282150973 0.9165451843 0.3001717080 0.3001723842 0.5000352752 0.5009792172 0.3997721462 0.4992358568 0.3002701423 0.3992294505 0.3012913859 0.4999852856
0.0279709567 0.6665451840 0.3001717080 0.3001723842 0.5000963104 0.5000027739 0.4002604274 0.4992358568 0.3002701423 0.3992218221 0.3012913859 0.4999852856
0.9713645018 0.8507165358 0.2997656095 0.2999910668 0.5003123325 0.5000383561 0.3984274616 0.4999964233 0.3001978121 0.3998967711 0.3000947482 0.4980429481
0.9999343315 0.6789978265 0.2984636894 0.3000713580 0.5001847451 0.5019553029 0.4034044681 0.4995030346 0.2990461153 0.4001497453 0.3019111606 0.4999719509
0.9940431043 0.7167720410 0.3003649556 0.3008362803 0.5000152714 0.5001404104 0.3998976577 0.4994230070 0.3005198942 0.4002501829 0.3001599799 0.4999803794
0.9999345699 0.1790588910 0.2984636894 0.3001009201 0.5001861756 0.5024512135 0.4034044551 0.4995011161 0.2990462364 0.4001497174 0.2980201396 0.4999414668
0.9661346757 0.1496998669 0.3000466091 0.2992503487 0.5011626030 0.5004008622 0.3984068990 0.4999989872 0.3001288029 0.3999294000 0.3002952824 0.4999990365
0.9039221563 0.1456725040 0.3006913367 0.3000685771 0.5000642291 0.5024662414 0.3996355267 0.4999903957 0.2990616777 0.4002746105 0.3003084811 0.4996985705
0.8882360625 0.1456629747 0.3004471960 0.3000697543 0.5000641397 0.5024662414 0.3996052476 0.4999903957 0.2997940847 0.4002755642 0.3003084821 0.4996985705
0.8882341551 0.1456629747 0.3004471960 0.3000697543 0.5000641397 0.5024662414 0.3996052476 0.4999903957 0.2997940847 0.4002755642 0.3003084821 0.4996985705
0.8882341551 0.1769129896 0.3004471960 0.3000697543 0.5000793985 0.5019779750 0.3996052476 0.4999904553 0.2997940847 0.4002755642 0.3003084821 0.4996985705
0.3882341547 0.1769129896 0.3004471960 0.3000697543 0.5000793985 0.5020390102 0.3996052476 0.4999904553 0.2997940847 0.4002755642 0.3003084821 0.4996985705
0.3882341547 0.1847254896 0.3004471960 0.3000697841 0.5000793985 0.5020390102 0.3996052476 0.4999904553 0.2997940847 0.4002755046 0.3003084821 0.4996985705
0.3647942369 0.0395687465 0.3000062530 0.3000942118 0.5002602818 0.5001855451 0.3984143207 0.4991300893 0.3000928232 0.4000290692 0.3004726333 0.4999874602
0.3797483830 0.3068568374 0.2988010685 0.3001445889 0.5000031288 0.5000706199 0.3997905752 0.4999885145 0.3013504802 0.4000391331 0.3000797781 0.4997401149
0.5067526395 0.0049371943 0.2996746854 0.2984463268 0.5003822497 0.5002443655 0.3990242410 0.4998702235 0.2999932098 0.3999585960 0.3009048200 0.4985343101
0.3972864136 0.8232818486 0.2997815174 0.3000902182 0.5003878544 0.5000158730 0.3990475651 0.4986305130 0.3009086478 0.4002485130 0.3022487306 0.4998617615
0.3972864136 0.8227936866 0.2997815174 0.3000902182 0.5003878544 0.5000158730 0.3990475651 0.4986305130 0.3009165193 0.4002485130 0.3022487306 0.4998617615
0.4922363316 0.8987475735 0.3003001207 0.3007827404 0.5009918264 0.5000048117 0.3999019437 0.4994914313 0.2989940302 0.4000639593 0.3001890744 0.4985312414
0.9929077187 0.1487475728 0.3002982133 0.3017593029 0.5011138958 0.5000038282 0.3998714261 0.4985148688 0.2989940637 0.4000639556 0.3001896705 0.4995078039
0.0300495923 0.8071152389 0.3003095522 0.3007834240 0.5009921012 0.5000365195 0.3998564392 0.4990043123 0.3005825945 0.4000674015 0.3001877445 0.4999922798
0.0212598741 0.9946064344 0.3003133669 0.3007831856 0.5009921012 0.5004942981 0.3997915894 0.4989775489 0.2993609377 0.3996394411 0.3001952547 0.4997434155
0.0212598741 0.9943661084 0.3003133669 0.3007831856 0.5009921012 0.5004942981 0.3997954041 0.4989775489 0.2993609377 0.3996394411 0.3001952547 0.4997434155
0.0173536241 0.9943661084 0.2998250856 0.3007831856 0.5009921012 0.5004942981 0.3998564392 0.4989775489 0.2993609377 0.3996394411 0.2999511140 0.4997434155
0.5802170807 0.3512779086 0.3011739154 0.3009363881 0.5000131219 0.5000184462 0.3983903605 0.4999836669 0.3003344837 0.4002994088 0.3008754424 0.4998661648
0.5801560465 0.3651901086 0.3011772384 0.3009953967 0.5000131219 0.5000176118 0.3983826753 0.4999436126 0.3003340068 0.4001773385 0.3008430035 0.4998356453
0.5800950113 0.3651939233 0.3011771192 0.3009953967 0.5000131219 0.5000176118 0.3983826753 0.4999436126 0.3003340068 0.4001773385 0.3008430035 0.4998356453
0.5802170817 0.3651939233 0.3011771192 0.3009955159 0.5000131219 0.5000176118 0.3983826753 0.4999436126 0.3003340068 0.4001773385 0.3008430035 0.4998356453
0.5802170807 0.3669029077 0.3011739154 0.3009363881 0.5000131219 0.5000185654 0.3983903605 0.4999760375 0.3003340068 0.4002994088 0.3008754275 0.4998661648
0.5811936432 0.3512779077 0.3011739154 0.3009363881 0.5000131219 0.5000184462 0.3983903605 0.4999836669 0.3003344837 0.4002994088 0.3008754424 0.4998661648
0.5802173191 0.4762798161 0.3011739154 0.3009363881 0.5000131256 0.5000184444 0.3983906288 0.4999836669 0.3003344837 0.4002842693 0.3008754424 0.4998661648
0.5802211338 0.4762798161 0.3011739154 0.3009363881 0.5000131256 0.5000184444 0.3983906288 0.4999836669 0.3003344837 0.4002847461 0.3008754424 0.4998661648
0.5802211338 0.4743266911 0.3011739154 0.3009363881 0.5000131256 0.5000184444 0.3983906288 0.4999989257 0.3003344837 0.4002847461 0.3008754424 0.4998661648
0.4150063558 0.8460962175 0.3011568899 0.3007908736 0.5005315351 0.5001320210 0.3984355716 0.4998954949 0.3003307621 0.4001783090 0.3001422205 0.4998736302
0.4149987264 0.8460962175 0.3011568899 0.3007908736 0.5005315351 0.5001320210 0.3984355642 0.4998954949 0.3003307621 0.4001783090 0.3001421907 0.4998736302
0.7282825585 0.9979149196 0.3003541588 0.3000328860 0.5000132699 0.5021075285 0.3974520400 0.4989298661 0.2999242854 0.3998932097 0.2996924150 0.4999827999
0.7282825585 0.9976708386 0.3003541588 0.3000328860 0.5000132699 0.5020007170 0.3974529937 0.4989298661 0.2999242854 0.3998932097 0.2997534501 0.4999827999
0.7283435936 0.9976710770 0.3003541588 0.3000328860 0.5000132699 0.5020007170 0.3974529937 0.4989298661 0.2999242854 0.3998932097 0.2997534501 0.4999827999
0.3599111860 0.0395588503 0.3000367110 0.3000865824 0.5002602818 0.5001856047 0.3984209964 0.4991295529 0.3000813791 0.4000290692 0.3000453862 0.4999874602
0.4715997181 0.8052326392 0.3001483626 0.3003175345 0.5001335409 0.5000002715 0.3983913850 0.4999357560 0.3001963657 0.4004084909 0.3007862804 0.4994671880
0.9713645018 0.8507317946 0.2997656393 0.2999910668 0.5003123325 0.5000383263 0.3984274691 0.4999966617 0.3001978121 0.3998970095 0.3000947482 0.4980429481
0.9791772403 0.8507317946 0.2997656393 0.2999910668 0.5003123325 0.5000383263 0.3984274691 0.4999966617 0.3001978121 0.3998970095 0.3000947482 0.4980419944
0.9412123141 0.9921705387 0.2997615806 0.3000320544 0.5002761926 0.5000403696 0.3984353984 0.4994797125 0.3000659368 0.4000752870 0.3003635558 0.4999727285
0.9412733493 0.9921705387 0.2997615806 0.3000320544 0.5002761926 0.5000403696 0.3984353984 0.4994797125 0.3000507078 0.4000752870 0.3003635558 0.4999727285
0.9764291225 0.9294883869 0.2997917405 0.3000282397 0.5012513245 0.5001061731 0.3984355101 0.4994797125 0.3000507115 0.4000714760 0.3003635558 0.4999727882
0.9993632259 0.7998437833 0.3004691278 0.2999972909 0.5000312137 0.5000198972 0.3982922979 0.4994951771 0.3012436566 0.4001452591 0.3001034123 0.4992542262
0.8663065851 0.8003930382 0.2985160028 0.2990205496 0.5000312137 0.5000045267 0.3982922979 0.4994951771 0.3012589154 0.4001462091 0.3001041313 0.4997422691
0.8743632258 0.7999048185 0.2985160028 0.2999972760 0.5000312137 0.5000198972 0.3982922979 0.4994951771 0.3012436566 0.4001452591 0.3001041275 0.4997425075
0.8743632258 0.7998437833 0.2985160028 0.2999972909 0.5000312137 0.5000198972 0.3982922979 0.4994951771 0.3012436566 0.4001452591 0.3001036507 0.4997425075
0.7718618473 0.7262352218 0.2992458309 0.3008753595 0.5011106725 0.5000631069 0.3981173331 0.4999588015 0.3000918779 0.4004145082 0.3001301683 0.4999861228
