0.9999940414 0.4705842011 0.5044473079 0.5000162241 0.5937459195 0.5999357352 0.3973957248 0.4062758017 0.2996830170 0.5000619995 0.5000153868 0.2968554825
0.9999751821 0.4410432451 0.5004933071 0.5000010212 0.5937460573 0.6009427482 0.3964190962 0.4062509727 0.3004178342 0.5002490063 0.5000154073 0.2968596623
0.7293845785 0.5560462676 0.4999978063 0.6016131170 0.7031876684 0.6016296741 0.4999637422 0.7006933500 0.4998753699 0.5002600965 0.5997874919 0.5001831851
0.9960914915 0.9919058522 0.4999949592 0.6015277222 0.7031250007 0.6015638119 0.4996256954 0.6996073068 0.4982751482 0.5000160220 0.6002199804 0.5005896962
0.0156094674 0.8927025952 0.4988841549 0.6016247800 0.7031364447 0.6016394623 0.4998976239 0.7004394659 0.4989620787 0.5003815205 0.5997771915 0.5000029323
0.0351791103 0.9319667937 0.4999940083 0.6015646407 0.7000638607 0.6015708210 0.4999815957 0.7003175222 0.4999994556 0.5000653393 0.6001320571 0.5001833555
0.6596313144 0.6105155941 0.5000812369 0.5000383430 0.6015638864 0.5996017266 0.3999555068 0.3998244325 0.3002058848 0.5000316272 0.5000002910 0.2968689048
0.2094284317 0.9904204858 0.5000857669 0.5000124001 0.6015968636 0.5991185145 0.3999900039 0.4001202531 0.3001490350 0.5000371342 0.5019535185 0.2968537913
0.0677048136 0.9982311083 0.5005739289 0.5000124038 0.6015978172 0.5991186338 0.4000205252 0.4001202457 0.3006113295 0.5000347816 0.5019531581 0.2967927580
0.1758345684 0.2990896816 0.4999940083 0.6015645215 0.7001859915 0.6015708210 0.4999811198 0.7003489935 0.4999694149 0.5000653411 0.6001549462 0.5002138685
0.0206648056 0.3372907567 0.4999658461 0.6020596331 0.7013535487 0.6016858635 0.4996961900 0.6996198247 0.4998469171 0.5020299270 0.6004668182 0.5001375689
0.0116726998 0.8936791577 0.4988841549 0.6015675595 0.7031365118 0.6017615326 0.4998899945 0.7004394659 0.4989544521 0.5003815056 0.5997757535 0.5000011441
0.0007328624 0.9674582462 0.5006733839 0.5001289924 0.6002607044 0.5997917686 0.3983478243 0.4004192561 0.3018279647 0.5002838760 0.5000314596 0.2963866836
0.0890828353 0.9677613005 0.5000125268 0.5005818731 0.5996049425 0.6000280479 0.4006554134 0.4001504783 0.2992964362 0.5000043050 0.5002551242 0.2968746399
0.0003843084 0.4871356008 0.4999938891 0.6015627371 0.7019542816 0.6015708210 0.4960619942 0.7004476978 0.4998702011 0.5000611073 0.6001293171 0.5011618272
0.0021576146 0.9916088441 0.4921246278 0.6015742920 0.7019562486 0.6015631730 0.4960629712 0.6991239988 0.4959637052 0.5005502882 0.6001336087 0.5010235817
0.0412907238 0.9999298584 0.5002004844 0.5003691395 0.6000923809 0.6011136208 0.3984239934 0.4004200011 0.3040425175 0.5022311597 0.5000013881 0.2968727129
0.0002085138 0.1152715116 0.5001607114 0.5019539916 0.6005240284 0.5998027470 0.3977011921 0.4003929537 0.3007820531 0.5000614733 0.5009986167 0.2968711455
0.0001989771 0.0010073995 0.5010248595 0.5000619008 0.6014891561 0.5987041365 0.3981203906 0.4003909346 0.3007813173 0.5000613541 0.5014716391 0.2968744899
0.0029164162 0.6875871445 0.5002490892 0.5000012410 0.5996087944 0.5997937877 0.3984061139 0.4001623452 0.2998109556 0.5005067582 0.5002445583 0.2968367611
0.0003843084 0.2371356005 0.4999938891 0.6015627371 0.7019542816 0.6015631916 0.4960619868 0.7004476978 0.4998701862 0.5000611073 0.6001293171 0.5011007921
0.0000038892 0.9980004868 0.3009046496 0.6006531749 0.7003401767 0.7046394951 0.7001864051 0.3984284470 0.4062624233 0.6014735891 0.7013824905 0.4007875010
0.0000000000 0.4346651355 0.6874838729 0.6025543628 0.1980266703 0.6015667912 0.4976377846 0.6980564200 0.4999996661 0.5005892613 0.5991536785 0.5000632820
0.0000026338 0.0040943986 0.6874984258 0.5989421509 0.7033102556 0.6018167302 0.4999884884 0.6992186417 0.4999688719 0.5004181513 0.5955117984 0.5039775972
0.0482490622 0.0043920279 0.5001989952 0.5000234325 0.6000968782 0.5999138296 0.3984293206 0.4003915353 0.2995487445 0.5003133868 0.5009859861 0.2968425530
0.1810584964 0.0001548529 0.5000156150 0.5003437609 0.6015626309 0.5996080577 0.3997142086 0.3997642709 0.3000000103 0.5000391738 0.5000647097 0.2968730734
0.5519760498 0.5716957995 0.4999582167 0.6020596340 0.6974477700 0.6016856261 0.4996980955 0.7003674979 0.4998774347 0.5000844314 0.6004744494 0.5001223120
0.6752563144 0.6105155941 0.5000812369 0.5000383430 0.6015629327 0.5996017266 0.3999555068 0.3998244325 0.3002058848 0.5000316272 0.5000002910 0.2968689048
0.0061550941 0.0787004252 0.5000049486 0.5000012112 0.5991202822 0.6000383902 0.3984060841 0.4001628220 0.2995668150 0.5006278730 0.5002452736 0.2968366419
0.2371959223 0.0971045886 0.4998767036 0.5995889330 0.7033767781 0.6015627595 0.4998774729 0.6994513466 0.4994955440 0.5002596411 0.6000087472 0.5004883404
0.2379273905 0.2201438865 0.4998777802 0.5995947743 0.7033691506 0.6015644554 0.4998164377 0.6996955468 0.4994917293 0.5002670321 0.6000707304 0.5000004987
0.9956032103 0.9997182311 0.4999949592 0.6015277296 0.7031250007 0.6015638119 0.4996256842 0.6996378244 0.4982750942 0.5000007632 0.5997316992 0.5005286611
0.9956032103 0.9997029724 0.4999949592 0.6015277296 0.7031250007 0.6015638119 0.4996256842 0.6996378244 0.4982750942 0.5000007632 0.5997316992 0.5005286015
0.9956051176 0.9977469975 0.4999950170 0.5990844160 0.7031250016 0.6015638230 0.4996333173 0.6996378281 0.4982750942 0.5000007632 0.5997336028 0.5004980839
0.9955746001 0.9977469975 0.4999951362 0.5990844151 0.7031250007 0.6015638230 0.4996333164 0.6996378281 0.4982750942 0.5000007632 0.5997336047 0.5004980839
0.9955746075 0.4971976806 0.4999951362 0.5990844449 0.7031250007 0.6015638230 0.4996333313 0.6996378877 0.4985192348 0.5000002864 0.5997336345 0.5004978455
0.9955746075 0.4661918212 0.4999951362 0.5990844449 0.7031250007 0.6015628694 0.4998774719 0.6993937396 0.4985192348 0.5000002864 0.6002219157 0.5004978455
0.6361082370 0.9681419143 0.4990055100 0.6016420653 0.7031364447 0.6016242035 0.4999046572 0.7004397183 0.4989620936 0.5003662300 0.5997734038 0.5003672359
0.6400146136 0.9681419143 0.4989444748 0.6016268065 0.7031364447 0.6016242035 0.4999046572 0.7004397034 0.4989620936 0.5003662598 0.5997733759 0.5002451655
0.6405028949 0.9681419143 0.4989444748 0.6016268065 0.7031364447 0.6016242035 0.4999046572 0.7004394650 0.4989620936 0.5003662598 0.5997771906 0.5002451655
0.6406249652 0.9681419143 0.4989444748 0.6016268065 0.7031364447 0.6016242035 0.4999047169 0.7004394650 0.4989620936 0.5003662598 0.5997771906 0.5002451655
0.0155789498 0.8927025952 0.4988841549 0.6016247800 0.7031364447 0.6016394623 0.4998976220 0.7004394659 0.4989544512 0.5003815205 0.5997771915 0.5000029323
0.0155789498 0.8936791577 0.4988841549 0.6016285947 0.7031364447 0.6016394623 0.4998976220 0.7004394659 0.4989544512 0.5003815205 0.5997762378 0.5000029323
0.0206648056 0.8372907572 0.4999658461 0.6020596331 0.7013535487 0.6016858635 0.4996961900 0.7003674979 0.4998755273 0.5020299270 0.6004744476 0.5001375689
0.6285755268 0.7688137449 0.4990059868 0.6015666654 0.7031651388 0.6017614134 0.4998902311 0.7004394659 0.4989615739 0.5004429952 0.6000351530 0.5000164039
0.6285755268 0.7688136257 0.4990059868 0.6015666654 0.7031651388 0.6017614134 0.4998902311 0.7004394659 0.4989615739 0.5004429952 0.6000351530 0.5000164039
0.6286365042 0.7688138641 0.4990059868 0.6015666654 0.7031651388 0.6017614134 0.4998902907 0.7004394659 0.4989615749 0.5004429878 0.6000351474 0.5000164039
0.5207258114 0.8216652822 0.4999582167 0.6020596340 0.6974477700 0.6016856261 0.4996980974 0.7003674979 0.4998774347 0.5000844314 0.6004744476 0.5001223120
0.5342758545 0.0756020174 0.4999467707 0.6020520195 0.6974286928 0.6017466612 0.4996978571 0.7003676022 0.4998430447 0.5000882461 0.6005435983 0.5002005114
0.7293845785 0.5559241972 0.4999978063 0.6016131170 0.7031876684 0.6016296741 0.4999637422 0.7006933500 0.4998753699 0.5002600965 0.5997874919 0.5001831851
0.0266489871 0.6162216148 0.4999817922 0.6016858272 0.7031289076 0.6026019953 0.4997284613 0.7001959409 0.4999972773 0.5000844314 0.6005473869 0.5001899241
0.0188364871 0.6162216148 0.4999817922 0.6016858272 0.7031289076 0.6026019953 0.4996979437 0.7001959409 0.4999972773 0.5000844314 0.6005473869 0.5001899241
0.0188364871 0.6167098960 0.4999817922 0.6016858272 0.7031289076 0.6026018761 0.4996979437 0.7001959409 0.4999972773 0.5000844314 0.6005473869 0.5001899241
0.5207258412 0.8372907590 0.4999582167 0.6020596340 0.6974472987 0.6016856251 0.4996961900 0.7003674979 0.4998774347 0.5020299270 0.6004744476 0.5001375689
0.5206648060 0.8372907590 0.4999658461 0.6020596331 0.6974472987 0.6016856251 0.4996961900 0.7003674979 0.4998755273 0.5020299270 0.6004744476 0.5001375689
0.0206648037 0.3377790380 0.4999676305 0.6020596340 0.7013535487 0.6016858635 0.4996961602 0.6996198247 0.4998450107 0.5020299270 0.6004668182 0.5001375689
0.0128523056 0.3377790380 0.4999676305 0.6030381039 0.7013535497 0.6016896782 0.4996961900 0.6996160137 0.4998450107 0.5020299270 0.6003447479 0.5001385263
0.0061550792 0.3287003062 0.5000049784 0.5000012112 0.5991202971 0.6000402976 0.3984022694 0.4001628220 0.2996888853 0.5001395917 0.5002452736 0.2968367909
0.0643708995 0.0691940161 0.5002486338 0.5004687873 0.5993597122 0.6002240885 0.4004137147 0.4001733394 0.2999065205 0.5009768852 0.5000840896 0.2968482760
0.0976791141 0.9319667937 0.4999940083 0.6015646407 0.7000638607 0.6015708210 0.4999815957 0.7003213369 0.4999994556 0.5000653393 0.6001320571 0.5001833555
0.0976791103 0.9319669129 0.4999940083 0.6015646407 0.7000638607 0.6015708210 0.4999815957 0.7003213369 0.4999994556 0.5000653393 0.6001321763 0.5001833555
0.0979232510 0.9319669129 0.4999940083 0.6015646445 0.7000638607 0.6015708210 0.4999815957 0.7001992666 0.4999994556 0.5000653393 0.6001321763 0.5001833555
0.0979079922 0.9319669129 0.4999940083 0.6015646445 0.7000638607 0.6015708210 0.4999815957 0.7001992666 0.4999994556 0.5000653393 0.6001321763 0.5001833555
0.0979079903 0.4319526688 0.4999940083 0.6015627371 0.7000619533 0.6015707912 0.4960600869 0.7001992657 0.4999999325 0.5000653951 0.6001474351 0.5001833574
0.0979079903 0.4358589188 0.4999940083 0.6015627371 0.7000619533 0.6015707912 0.4960600869 0.7001992657 0.4999999325 0.5000653951 0.6001474351 0.5001833574
0.0790193370 0.4754440165 0.5002487530 0.5004675952 0.5993597196 0.6002240866 0.4004060853 0.4001732202 0.2999069973 0.5000003227 0.5000764602 0.2968482760
0.0003852621 0.2371356005 0.4999938891 0.6015627371 0.7019542816 0.6015631916 0.4960619868 0.7004476978 0.4998701862 0.5000611073 0.6001293171 0.5011007921
0.0003852621 0.2371365542 0.4999938891 0.6015627371 0.7019542816 0.6015631916 0.4960619868 0.7004476988 0.4998701862 0.5000611073 0.6001293171 0.5011007921
0.0023383871 0.2371365542 0.4999938891 0.6015627297 0.7019542816 0.6015631916 0.4960619868 0.7004476988 0.4998701862 0.5000611073 0.6001293171 0.5011007921
0.0023383871 0.2381131167 0.4999938891 0.6015627297 0.7019542816 0.6015631925 0.4960619868 0.7004476988 0.4998701862 0.5000611073 0.6001293171 0.5011007921
0.0023989454 0.1780540423 0.4999361918 0.6015703591 0.7014658793 0.6015631888 0.4960605563 0.7002188169 0.4998701862 0.5000611213 0.5996410359 0.5011008070
0.0021538660 0.6780998564 0.4999352391 0.6015705975 0.7014679655 0.6015670035 0.4960624934 0.7002188169 0.4998699552 0.5000611213 0.6001331318 0.5009939880
0.0021576146 0.9994213441 0.4921246278 0.6015742920 0.7019562486 0.6015631730 0.4941098462 0.6991239988 0.4959637052 0.5005502882 0.6001336087 0.5010235817
0.0021428326 0.9991772035 0.4921246278 0.6015701793 0.7019562486 0.6015631730 0.4941098462 0.6991239988 0.4999920256 0.5005502882 0.6001336087 0.5010233433
0.0020207623 0.9991791109 0.4921246278 0.6015702389 0.7019562486 0.6015631730 0.4939876567 0.6991239988 0.4999920256 0.5005502882 0.6001336087 0.5010080826
0.0000000149 0.4189867297 0.6874838729 0.6015778301 0.1981487555 0.6015667912 0.4995985092 0.6980564200 0.4999991893 0.5005892650 0.5991613079 0.5010398445
0.0000004917 0.4346117298 0.6874838729 0.6015778301 0.1981487555 0.6015667912 0.4995985092 0.6980564200 0.4999991893 0.5005892650 0.5991613079 0.5000632820
0.0000402350 0.6203355720 0.2999892126 0.5986022871 0.6993401923 0.6999899267 0.7000574374 0.3964649862 0.4062595427 0.6003989583 0.7000047403 0.4026190195
0.0000026338 0.0665943986 0.6874984258 0.5989421509 0.7033102556 0.6018167302 0.4999884884 0.6992186417 0.4999993895 0.5004181513 0.5955117984 0.5039775972
0.0000026263 0.0665943986 0.6874984258 0.5989421509 0.7033102556 0.6018167302 0.4999884884 0.6992186417 0.4995110934 0.5004181513 0.5955117984 0.5039776010
0.0000026263 0.0668385393 0.6874984258 0.5989421509 0.7033102556 0.6018167302 0.4999579708 0.6992186417 0.4995110934 0.5004181513 0.5955117984 0.5039776010
0.4232459966 0.0001338748 0.5000153729 0.5003494644 0.6015626235 0.5996081807 0.3997121811 0.3997642849 0.2999933281 0.5000339434 0.5000680475 0.2968120382
0.0833297987 0.9982311083 0.5005740481 0.5000124038 0.6015978172 0.5991186338 0.4000205290 0.4001202457 0.3006094222 0.5000366890 0.5019531581 0.2968537894
0.6601195956 0.6105155941 0.5000812369 0.5000383430 0.6015638864 0.5996017266 0.3999555068 0.3998854676 0.3002058848 0.5000316272 0.5000002910 0.2968689048
0.6601195956 0.5480155941 0.5000812369 0.5000383430 0.6015638864 0.5996017266 0.3999555068 0.3998854676 0.3006636485 0.5000316272 0.5000002910 0.2968688973
0.5612773621 0.0315269316 0.5000203797 0.5000699372 0.6015626198 0.5996053178 0.3999585876 0.3998385411 0.3001753337 0.5005276040 0.5000007539 0.2968692549
0.5573100769 0.0315269316 0.5000203797 0.5000699372 0.6015626198 0.5994832475 0.3999585876 0.3998404484 0.3001752145 0.5005274848 0.5000007539 0.2968692549
0.0028553810 0.6875871445 0.5002490892 0.5000012410 0.5996088019 0.5997937877 0.3984061139 0.4001623452 0.2998109556 0.5005067582 0.5002445583 0.2968367611
0.0028553810 0.5625871444 0.5002490892 0.5000012410 0.5996088019 0.5997937877 0.3984061437 0.4001623452 0.2998109556 0.5005058046 0.5002455120 0.2968366419
0.0027333107 0.8125871446 0.5002490892 0.5000012410 0.5996088019 0.5997942645 0.3984061437 0.4001623452 0.2988343931 0.5005058027 0.5002455120 0.2968366419
0.0398258800 0.9999260437 0.5001852256 0.5001252373 0.6005654033 0.6001369987 0.3983624851 0.4004197627 0.3040425156 0.5022312789 0.5000018650 0.2968730408
0.0007328624 0.9635519962 0.5006733839 0.5001251777 0.6002225574 0.5997917686 0.3983478243 0.4004192561 0.3018279647 0.5002838760 0.5000314596 0.2963866836
0.0007328549 0.9635367375 0.5006735031 0.5001251777 0.6002225574 0.5997917686 0.3983515793 0.4004192561 0.3018279647 0.5002838760 0.5000314596 0.2963866836
0.0001474787 0.1152715116 0.5001532012 0.5019539916 0.6005240284 0.5998027768 0.3977011921 0.4003929537 0.3007820531 0.5000614733 0.5015174155 0.2968711455
0.0001455713 0.0840215116 0.5001532012 0.5019539916 0.6005240284 0.5998027768 0.3977011921 0.4003929537 0.3007820531 0.5000614733 0.5015021567 0.2968134473
0.0001455713 0.0801152616 0.5001532012 0.5019539916 0.6005202137 0.6007793393 0.3977011921 0.4003929537 0.3007820531 0.5000613541 0.5015021567 0.2968134473
0.0001989631 0.5010074000 0.5010249191 0.5000619008 0.6014891561 0.5987050883 0.3981203906 0.4003909346 0.3010254580 0.5000613541 0.5014716391 0.2968744899
0.9999751821 0.4488555067 0.5004933071 0.5000162800 0.5937460573 0.6008817205 0.3964190962 0.4062512111 0.3004178342 0.5002451926 0.5000154073 0.2968595431
0.9999941606 0.4705842011 0.5044473079 0.5000162241 0.5937459176 0.5999357352 0.3973957248 0.4062758017 0.2996830189 0.5000619995 0.5000230162 0.2968554825
0.9999789018 0.4705842011 0.5044473079 0.5000162241 0.5937459176 0.5999357352 0.3973957248 0.4062758017 0.2997440540 0.5000624764 0.5000230162 0.2968554825
