0.9994666865 0.6697666921 0.3999574533 0.5019756085 0.4997657905 0.2998477577 0.4998767111 0.6003580099 0.5000100550 0.4004639950 0.5000513108 0.7002730246
0.9799346989 0.9993582070 0.3999537131 0.5019713095 0.4997962634 0.3003970220 0.4996287557 0.6003580248 0.5000081514 0.4004639968 0.5000055195 0.7003340597
0.3359855864 0.9800310638 0.3996492768 0.5009922623 0.4997543017 0.3000722921 0.4998707161 0.6000278011 0.5000155275 0.4000617521 0.5004959856 0.7007217609
0.9998163693 0.7531570427 0.3028801776 0.5936412752 0.6096501803 0.5001232461 0.4004631698 0.3003712290 0.6015784979 0.5005212850 0.6020515287 0.4993663724
0.2165623691 0.9999497766 0.4001005184 0.5003052237 0.4999847948 0.3002217489 0.4999672431 0.5993631851 0.5001230477 0.4003915958 0.5019707750 0.7000223116
0.0002842555 0.9933606386 0.7997699071 0.5935892906 0.6001043484 0.5001085890 0.4019246589 0.2991844391 0.6006232077 0.5000206330 0.4063111417 0.4998342958
0.0015882729 0.0021314267 0.3993750377 0.5004373030 0.4921412370 0.2997838587 0.4996289206 0.6001114693 0.5005666860 0.4007190535 0.5000045891 0.7031292428
0.0166399693 0.9999251440 0.3000476195 0.4979836331 0.5009826184 0.5041917139 0.4958442557 0.2985730621 0.3984030144 0.5009861668 0.3128668930 0.4999693534
0.0052464362 0.9990386050 0.3027517091 0.5932445280 0.5995247295 0.5015259055 0.3996565802 0.3000901158 0.5990528051 0.5039086123 0.4063747101 0.4999667131
0.0350993462 0.9999359548 0.3012261468 0.5890955893 0.5984979333 0.5002145567 0.3984389542 0.3000836636 0.5980274776 0.5000472856 0.6022202183 0.4988035099
0.0008774837 0.9979966488 0.3999914493 0.5000316515 0.4999884157 0.8003323440 0.4996309527 0.6004333837 0.5002749381 0.4003911451 0.5004974692 0.2002653938
0.0166399693 0.9999252632 0.3000476195 0.4979836331 0.5009826184 0.5041917139 0.4958442557 0.2985730621 0.3984010847 0.5009861668 0.3128671314 0.4999693534
0.8937231646 0.9999780245 0.3009210371 0.5937493905 0.5999486359 0.5001382674 0.3994039701 0.2998106417 0.5995910890 0.5000143317 0.6017462011 0.4989670510
0.9980701823 0.9992320277 0.2958958692 0.5931440094 0.2998350331 0.0020201867 0.3847620416 0.3003158721 0.6016321421 0.5002937843 0.6020555520 0.4992482956
0.0124760065 0.9678586144 0.4000905048 0.5000631227 0.4999884232 0.2999433002 0.4986508512 0.6004427975 0.5000467510 0.4004216310 0.5005211993 0.6993037925
0.9070763811 0.0000000726 0.3997995988 0.5004283148 0.4998539700 0.2997297042 0.4995040786 0.6006722149 0.5010989239 0.3987439800 0.5006109639 0.7041094757
0.1570763804 0.0000000736 0.3998005608 0.5003062445 0.4998539700 0.2997297005 0.4995040861 0.6006722149 0.5010989239 0.3987516094 0.5006119167 0.7041094757
0.0015882729 0.1271314268 0.3993750377 0.5004373030 0.4921412370 0.2997838587 0.4996289206 0.6001114693 0.5005676397 0.4007190535 0.5000047083 0.7031292428
0.4070763806 0.0000000726 0.3997995988 0.5003062445 0.4998539700 0.2997297005 0.4995040861 0.6006722149 0.5010989239 0.3987439800 0.5006109639 0.7041094757
0.0361893420 0.2518554248 0.3998991646 0.5001805224 0.4999651196 0.2997948335 0.4999357420 0.5998411687 0.5005017710 0.4003983060 0.5003856472 0.7002259127
0.9994991114 0.5447667218 0.4003074517 0.5000205762 0.4997638832 0.3003512978 0.4998769569 0.6003580099 0.5000100550 0.4004639950 0.5000513108 0.7002726669
0.9998772778 0.0030920878 0.3008052356 0.5936735734 0.1116643102 0.5046400991 0.9052850966 0.3003084746 0.6015806427 0.5005360623 0.6020515380 0.4994938667
0.9997504987 0.9591145292 0.2968712135 0.0898178528 0.3001306684 0.0019647488 0.3915977463 0.2981493029 0.1088915086 0.5011140644 0.6021433245 0.4977816590
0.9998774044 0.8781570577 0.3028794623 0.5936430559 0.1116643400 0.5047619329 0.9043083851 0.3003693179 0.6015782585 0.5005360623 0.6020515306 0.4994859989
0.9994991114 0.0447667214 0.4002998224 0.5000205762 0.4997657905 0.3003436684 0.4998769569 0.6003580118 0.5000100550 0.4004639950 0.5000513108 0.7002726371
0.9998457637 0.0050604641 0.3032924480 0.5937040854 0.1127343374 0.5066045518 0.4041101666 0.3004305449 0.6035185099 0.5005360660 0.6020550771 0.4994881409
0.9998457637 0.0206854642 0.3032924182 0.5937040854 0.1127343374 0.5066045518 0.4041101666 0.3004305449 0.6035185099 0.5005360660 0.6020550771 0.4994881409
0.0975991079 0.9999969900 0.3012261468 0.5890955893 0.5980096819 0.5158405104 0.3984389560 0.3000858094 0.5980274776 0.5000472856 0.6022192646 0.4988033888
0.8476301328 0.9999969825 0.3012262064 0.5890954701 0.5999637606 0.5157794752 0.3984562414 0.3001469041 0.5990655521 0.5000243974 0.6022040058 0.4989259378
0.9726301329 0.9999969825 0.3012262064 0.5890954701 0.5999713900 0.5157794762 0.3984543340 0.3001469041 0.5990655819 0.5000243974 0.6020819355 0.4989870028
0.9882551329 0.9999969788 0.3012262064 0.5890954701 0.5999713900 0.5157947350 0.3985783117 0.3000858690 0.5990750888 0.5000245166 0.6021429706 0.4988649325
0.8937241183 0.9999775477 0.3009210371 0.5937493905 0.5999486359 0.5001380290 0.3994039701 0.2999327120 0.5995910890 0.5000143317 0.6017461713 0.4989668126
0.0008773897 0.9635241497 0.3999684345 0.5000020280 0.4999884232 0.3003399729 0.4996273699 0.6004426783 0.5000458048 0.4003911451 0.5004982962 0.2002803247
0.4070763806 0.0000000736 0.3997995988 0.5003062445 0.4998539700 0.2997297005 0.4995040861 0.6006722149 0.5010989239 0.3987439800 0.5006109639 0.7041094757
0.1574191443 0.0013835058 0.4002869766 0.5000112462 0.4999516844 0.2997876734 0.4999955487 0.6009225767 0.5000210353 0.4007206004 0.5000006552 0.7031295986
0.6171008922 0.0562591851 0.3998848734 0.5000100587 0.4996913350 0.3003014180 0.4999617473 0.5996035669 0.5003132601 0.4004251374 0.5000687451 0.6998820106
0.7421141209 0.3065068464 0.3998977397 0.5002618325 0.4996762252 0.3003029081 0.4994734642 0.5995807569 0.5000118394 0.4006692911 0.5001006876 0.6998553078
0.5401071613 0.9898968181 0.4000611253 0.5004692762 0.4999512113 0.2997538599 0.4999658656 0.5999293948 0.5002680602 0.4000191245 0.5000045295 0.7002044336
0.4920816948 0.1834602097 0.3998957150 0.5002618325 0.4997371365 0.3003720197 0.4994732267 0.5995807569 0.5000286479 0.4004489923 0.5005811057 0.6998476225
0.0000000317 0.7683057774 0.3998618307 0.5000330103 0.4997379710 0.3003774884 0.4994732202 0.5990242209 0.5000096434 0.4004756859 0.5010767258 0.7013132970
0.1261691443 0.0013837442 0.4002869766 0.5000112462 0.4999516844 0.2997876734 0.4999955487 0.6009225767 0.5000210353 0.4007206004 0.5000006552 0.7031295986
0.0015882729 0.0001778249 0.3993755145 0.5004373030 0.4921717546 0.2997991175 0.4996289206 0.6001114693 0.5083791860 0.4007190535 0.5000045891 0.7031292428
0.0011038063 0.0001778249 0.3993755145 0.5004373030 0.4921717546 0.2997991175 0.4996289206 0.6001114693 0.5083791860 0.4007495711 0.5000045891 0.7031292428
0.0001272140 0.0001778249 0.3993755145 0.5004373030 0.4921717546 0.2997991175 0.4996289206 0.6001114693 0.5083791860 0.4007496307 0.5000043507 0.7031292428
0.0000050096 0.0000557108 0.3993756328 0.5001931754 0.4919428728 0.3073674546 0.4991167081 0.5992531549 0.5098421206 0.4006313751 0.5049443836 0.7070354919
0.0000355272 0.0000557108 0.4003521953 0.5001931754 0.4919428728 0.3073522554 0.4991167081 0.5992531549 0.5098421206 0.4006313751 0.5049605961 0.7070354919
0.0000970392 0.0000557108 0.4002911005 0.5000711051 0.4997534654 0.3073522554 0.4992425931 0.5994972955 0.5098421206 0.4006313751 0.5049602385 0.7070373993
0.0157220392 0.0000557108 0.4003521357 0.5000711051 0.4997534654 0.3072301851 0.4992425931 0.5994972359 0.5098421206 0.4006313751 0.5049602385 0.7070373993
0.0157220373 0.0000480814 0.4003521664 0.5000711051 0.4997534729 0.2925817476 0.4992427123 0.5994972359 0.5098421206 0.4005093345 0.5049602375 0.7070373993
0.0005853185 0.0000481410 0.4003521664 0.5000100699 0.4997534729 0.2925817476 0.4992427123 0.5994972359 0.5098421215 0.4005090961 0.5049449788 0.7070373993
0.0005243430 0.0000481410 0.4003521664 0.5000100699 0.4997534729 0.2925817476 0.4992427123 0.5994972359 0.5098421215 0.4005090961 0.5049754963 0.7070373993
0.0005242834 0.0000481410 0.4003521664 0.5000100699 0.4997534729 0.2925817476 0.4992427123 0.5994972359 0.5098421215 0.4005090961 0.5049754963 0.7070373993
0.0000002412 0.0016350728 0.4003520193 0.5000405838 0.4997381507 0.2993875819 0.4995020968 0.5994972434 0.5098497444 0.4005090961 0.5049754665 0.6939891676
0.0000002412 0.0172600728 0.4003520193 0.5000405856 0.4997381507 0.2994028407 0.4995020968 0.5994973030 0.5098497742 0.4005090961 0.5049754665 0.6939890484
0.0000000317 0.8932981481 0.3998618307 0.5000329507 0.4997382103 0.3003774959 0.4994734586 0.5990242135 0.5078831785 0.4005977562 0.5010767258 0.7013132672
0.0000000466 0.7683057774 0.3998618307 0.5000330103 0.4997379710 0.3003774884 0.4994732202 0.5990242209 0.5000096434 0.4004756859 0.5010767258 0.7013132970
0.8776726591 0.4567617490 0.4001195127 0.5000207066 0.4999826993 0.3000714065 0.4998726747 0.5999104004 0.5000315686 0.4000588613 0.5000077044 0.7002258820
0.6171619274 0.0562591851 0.3998848734 0.5000100587 0.4996913350 0.3003014180 0.4999617473 0.5996035669 0.5003132601 0.4004251374 0.5000687451 0.6998820106
0.6171609737 0.0562439263 0.3998848734 0.5000100587 0.4996913350 0.3003023717 0.4999692556 0.5996035669 0.5003132527 0.4004251374 0.5000687451 0.6998762886
0.6171609737 0.0249939263 0.4018379984 0.5000100587 0.4996913350 0.3003023717 0.4999692556 0.5996035669 0.5003132527 0.4004251374 0.5000687451 0.6998762886
0.3435154868 0.7277560464 0.4002216360 0.5000649909 0.4999924242 0.3002045828 0.4999667811 0.5996074449 0.5001230477 0.4003915958 0.5019536088 0.6998126243
0.2165623691 0.8749497765 0.4001005184 0.5003052237 0.4999847948 0.3002064911 0.4999672431 0.5993631851 0.5001230477 0.4003920726 0.5000176500 0.7000223116
0.2153416660 0.6249497762 0.4001005184 0.5003052237 0.4999847948 0.3002064911 0.4999672431 0.5993631851 0.5001230496 0.4003920726 0.5000176500 0.7000223116
0.2153416651 0.5624497762 0.4001005184 0.5003052237 0.4999847948 0.3002064911 0.4999672431 0.5993631851 0.5001230496 0.4006362133 0.5000176500 0.7000223116
0.0125980768 0.9677975792 0.4000905048 0.5000631227 0.4999884232 0.2999433002 0.4986508521 0.6004427975 0.5000467510 0.4004216310 0.5005211993 0.6993037925
0.0008774241 0.9938462581 0.3999914493 0.5000029816 0.4999884157 0.3003323435 0.4998750933 0.6004419668 0.5002899286 0.4003911451 0.5004994958 0.2002653938
0.0006332491 0.9635241497 0.3999684345 0.5000020280 0.4999884232 0.3003476023 0.4996273690 0.6004422015 0.5000458048 0.4003911451 0.5004982962 0.2002803247
0.0006332491 0.9615719784 0.3999685537 0.5000020280 0.4999578907 0.3003476023 0.4998753243 0.6004423207 0.5000458048 0.4003911451 0.5004985346 0.2002803247
0.0321276030 0.9979966488 0.3999766674 0.5000318899 0.4999884306 0.3003323435 0.4991426715 0.6004333800 0.5002448936 0.4003911451 0.5000087130 0.2002653938
0.1571275435 0.9979967698 0.4000981119 0.5000315919 0.4999922155 0.3003361582 0.4990835437 0.6001284137 0.5002441783 0.4003906384 0.5000087353 0.2002651647
0.9994972041 0.6697666921 0.3999574533 0.5019756085 0.4997638832 0.2998477577 0.4998767111 0.6003580099 0.5000100550 0.4004639950 0.5000513108 0.7002730246
0.4994991110 0.0447671982 0.4002998224 0.5000205762 0.4997657905 0.2983905396 0.4998750496 0.6003580118 0.5000100550 0.4004639950 0.5000513108 0.7002726371
0.4993770407 0.0467203828 0.3998144096 0.5000205762 0.4998420835 0.2983923287 0.4998750496 0.6003580118 0.5000100252 0.4004635181 0.5000513108 0.7002731140
0.4993770407 0.0389078670 0.3998135751 0.5000205762 0.4998418451 0.2983923287 0.4998750496 0.6003580118 0.5000100252 0.4004635181 0.5000513108 0.7002731140
0.4993770407 0.0386637263 0.3998135751 0.5000200993 0.4998418451 0.2983923287 0.4998750496 0.6003580118 0.5000100252 0.4004635181 0.5000513704 0.7002731140
0.5036842995 0.1337751729 0.4000146160 0.5000023148 0.4998320830 0.3000067987 0.4999995749 0.5998602534 0.5006132224 0.3992495410 0.5001131506 0.7002869125
0.1180374866 0.1461686950 0.3998456564 0.5000212570 0.4989123256 0.3007732474 0.4999376326 0.5999613382 0.5005532554 0.4004003959 0.5002639336 0.7002378280
0.2430374867 0.1305436950 0.3998756971 0.5000212570 0.4989123256 0.3007714593 0.4999376326 0.5999613382 0.5005532554 0.4004003959 0.5002639336 0.7002378280
0.1180374866 0.2086686950 0.3998456564 0.5000212570 0.4989123256 0.3007122123 0.4999376326 0.5999613382 0.5005532554 0.4004003959 0.5002639336 0.7002378280
0.1961663311 0.2106523376 0.3998114396 0.5000193506 0.4999499083 0.2987588367 0.4999986677 0.5999613233 0.5006762869 0.4003984885 0.5002944530 0.7002683456
0.1961663013 0.2086992126 0.3998114396 0.5000193506 0.4999499083 0.2987588405 0.4998765974 0.5999613233 0.5007068045 0.4003984885 0.5002944530 0.7002683456
0.2274163014 0.2086686950 0.3998419572 0.5000212570 0.4989733607 0.2987586095 0.4998765974 0.5999460794 0.5005847267 0.4003984885 0.5002944511 0.7002683456
0.2498731858 0.1340684156 0.3998910323 0.5001471420 0.4989237706 0.2997948633 0.4999376326 0.5998392697 0.5004999232 0.4004002692 0.5002634567 0.7002301986
0.1727390598 0.0803870401 0.4001681603 0.5000641053 0.4990228689 0.2998629010 0.4997210349 0.6000983125 0.5001375028 0.3999905273 0.5001232536 0.6999150111
0.1844437366 0.1304216246 0.3998756971 0.5001509604 0.4989046962 0.2997948968 0.4999376326 0.5999613382 0.5005532554 0.4004003884 0.5002639336 0.7002378280
0.1863968616 0.1304215650 0.3998910323 0.5001509604 0.4989085118 0.2997948968 0.4999357252 0.5999613382 0.5005608848 0.4004002692 0.5002634567 0.7002378280
0.1863968616 0.1299332838 0.3998910323 0.5001509567 0.4989085118 0.2997948968 0.4999357252 0.6000834085 0.5005609444 0.4004002692 0.5002634567 0.7002301986
0.4363968619 0.1614274244 0.3998910323 0.5001509567 0.4989085118 0.2997948670 0.4999357252 0.5998392679 0.5005609444 0.4004002692 0.5002634567 0.7002301986
0.1863968616 0.1614274244 0.3998910323 0.5001509567 0.4989085118 0.2997948670 0.4999357252 0.5998392697 0.5005609593 0.4004002692 0.5002634567 0.7002301986
0.0361893420 0.2517333545 0.3998992242 0.5001805224 0.4999651196 0.2997948372 0.4999357420 0.5998411687 0.5005017710 0.4003983134 0.5003856472 0.7002259127
0.0361893420 0.2517335929 0.3998992242 0.5001805224 0.4999651196 0.2997948335 0.4999357420 0.5998411687 0.5005017710 0.4003983060 0.5003856472 0.7002259127
0.5361883887 0.2517333545 0.3998381890 0.5001805224 0.4999651196 0.2997948372 0.4999357420 0.6008177312 0.5005017710 0.4004593486 0.5003856472 0.7002259127
0.6611883889 0.2517333545 0.3998381890 0.5001805224 0.4999651196 0.2997943603 0.4999357420 0.6008177312 0.5005017710 0.4004593486 0.5003856472 0.7002259127
0.6690008889 0.2517333545 0.3998381872 0.5001802840 0.4999651196 0.2997943603 0.4999357420 0.6008177312 0.5005017710 0.4004593486 0.5003856472 0.7002259127
0.6690008889 0.2517335929 0.3998381872 0.5001802840 0.4999651196 0.2997943603 0.4999357420 0.6008177312 0.5005017710 0.4004593486 0.5003856472 0.7002259127
0.7314989816 0.2673433342 0.3998381872 0.5001802840 0.4999651234 0.2997944181 0.4999357420 0.5998411687 0.5000144434 0.4004898652 0.5013622097 0.7002259052
0.7390168353 0.1608438708 0.4003609050 0.5000155852 0.4999992861 0.2997638623 0.4998644576 0.5996842613 0.5001237779 0.4005437637 0.5000699176 0.6996785968
0.3776726587 0.4567618086 0.4001195127 0.5000207066 0.4999826993 0.3000714065 0.4998726747 0.5999104004 0.5000315686 0.4000595765 0.5000077044 0.7002258820
0.5401071613 0.9901409587 0.4000611253 0.5004692799 0.4999528802 0.2997538599 0.4999658656 0.5996852541 0.5002680602 0.4000191245 0.5000045295 0.7002063409
0.6651071614 0.9901409587 0.4000610657 0.5004692799 0.4999528802 0.2997538599 0.4999620509 0.5996853808 0.5002680006 0.3995346580 0.5000045295 0.7002215997
