0.7326976192 0.5874880384 4.3357811703
23.9283977796 0.4554032849 -9.9722906538
64.3436535100 0.7922276101 -33.4197134818
50.3191151979 0.3071903108 -27.9693069487
0.2252483755 50.3868193847 -26.8850425618
51.1141912634 7.0755140999 -30.0318690660
1.9634616163 28.5988595187 -13.3275483347
21.2403362082 25.8439833737 -20.8949042584
9.7877271763 75.6793714100 -46.6030166770
12.5589142981 79.2083165725 -49.5825440890
14.7302205777 93.9617903812 -57.5511575188
1.9670321730 37.9774300840 -18.6243681021
64.8784829249 45.5464569617 -57.8943613095
54.5205084382 27.7720155651 -40.7587762976
63.2099989536 1.8976980915 -33.2351794346
64.3749052516 7.1194077166 -38.9701726471
3.9553870431 11.8038278130 -4.6073758899
23.9283334401 0.7483076957 -10.0700992211
53.7473022892 66.3865951893 -68.2356605335
35.1175777674 63.1722621941 -51.2866174618
39.7522917437 29.0219306334 -37.2029738635
37.9050447188 74.5436416863 -61.9429696650
54.7972498071 38.2128153383 -46.2142030167
54.8033488450 38.2128110468 -46.3976701678
54.5987159013 28.6402837131 -43.6826691464
54.6188625860 78.6541361939 -73.3491023863
54.6186824869 78.6541469227 -73.3438440469
54.5987848341 78.6464562080 -72.9768264781
54.5995453763 28.6403264068 -43.7154449801
54.6096590775 28.6382330767 -44.1562956343
41.7248068545 63.1246657478 -54.6405159161
51.9670128341 72.5174108230 -64.1987075688
0.5044918710 76.0100075950 -39.5301643390
2.0021578933 78.8232900623 -40.0768270879
2.0022036995 78.8232881847 -40.0770307478
2.0220044268 75.9306532286 -40.5684081360
0.3898802136 30.5668872985 -13.2659532118
51.8573761472 29.1995981983 -43.7217346543
51.0612551694 79.8660352735 -65.8224858850
29.2244613446 13.1245109378 -19.3583929936
25.9845528950 6.8168346790 -12.0207974333
28.2420846955 4.0473740644 -15.4152839497
78.4509632594 13.1559139299 -49.6489825884
78.5595932108 63.2505725059 -79.0634255257
72.5147118548 58.4539197010 -71.5862681315
84.1524554030 76.0750243909 -84.6295234226
10.5110960927 70.4122938688 -44.0188876166
17.1892455029 19.9189208655 -16.4277132987
6.6715647774 51.2152524456 -29.1158806577
21.2130296133 37.9080725147 -30.6961647279
16.4064115423 11.8039218244 -9.3664104696
13.0654482258 5.0752623020 -7.8897451374
19.0570473758 10.4140327319 -14.5062793417
34.9929401821 13.1300697070 -23.7722981931
0.1753450609 5.8585719496 0.2955569475
0.7831815538 8.5023636909 -1.0413953395
59.9080123885 63.1248159310 -62.6095437158
72.4768616350 6.6332446820 -40.7334441567
14.3469748065 16.4083359760 -15.4359114366
51.1141906934 7.0755127849 -30.0318650896
51.1141735943 8.6379956873 -29.1011178541
37.6888062386 50.3534304608 -49.3018723313
0.1884549311 58.4935270248 -16.9031264258
0.5654305116 5.8564946001 0.2195871637
0.7388655078 0.5875524114 4.3357470752
0.4115105865 43.1098799877 -18.3260769221
19.1716336212 51.2153212777 -37.2132719989
19.1716453409 51.2153210766 -37.2135206177
5.6330699324 44.3080685312 -27.5418488841
9.8167972491 0.3519672664 -2.9074594853
65.7339255186 0.9357677030 -36.3422273100
50.4349477130 0.2258013939 -18.5007463208
50.3156324854 6.5538968489 -28.2452521595
50.3152553072 6.5539011404 -28.2596980332
25.5811475505 19.1244330485 -18.4269480430
85.3752204139 13.4300191139 -51.9216293114
85.3873893578 13.4299810265 -51.3658612984
3.7600484361 69.7692460679 -39.3823406595
3.5647663259 11.8038320961 -2.8874355109
4.8574551392 53.6310843098 -32.5985703472
60.5049967811 70.4122980262 -68.6159756986
1.7180301342 18.3387555430 -10.0119297090
12.5410572149 29.1904594428 -20.6554938944
65.7339493521 0.9357676946 -36.3429225892
11.3917338389 0.2878769856 1.8794167051
23.9283376981 0.6506557036 -10.0854988811
9.8112574351 1.8844895495 -3.6242199995
9.8111607117 1.8844896836 -3.6251205505
0.3336443097 0.7476098370 1.2473085624
64.3272470391 7.1205776291 -34.9988642417
64.3243478691 7.1192043381 -34.8327684077
29.2278259243 13.1522895800 -19.3986550056
79.2300232365 13.1544868457 -44.8202430565
78.4510586269 13.1559139299 -49.6554951216
28.5431136720 63.2340930137 -49.9464272593
1.7180360863 18.3387495742 -10.0119811757
0.5044017991 76.0100128905 -39.5260605243
9.7875778592 75.7768902640 -43.3098264684
0.2252457603 50.4112546739 -25.2625220726
25.2063842095 50.3710084433 -32.7204551158
