0.2906653742 0.0000001612 0.9698673858
0.1421547393 0.6810793609 0.7497277242
0.2903004438 0.0000001610 0.9700016131
1.0234208161 0.0379351210 0.0000142135
1.0232492629 0.0379287501 0.0000142351
0.8884004117 0.4635627751 0.0001948039
0.9970926569 0.0882044938 0.0001945931
0.9984592665 0.0370098717 0.0984211901
1.0399520592 0.0024572261 0.0123970769
0.7044211099 0.8074164239 0.0024763947
0.1029555898 1.0066685247 0.0032233904
0.1364242655 0.4846455163 0.8873098824
0.0125442028 0.5076345116 0.8647315915
0.4023510105 0.7132652243 0.5875993304
0.3169516164 0.3961577775 0.8670394449
0.6218341426 0.0041109744 0.7876478933
0.9639204494 0.0750321240 0.3165204072
0.5044624003 0.0559824569 0.8672141571
0.9235122011 0.1533965402 0.3616951798
0.9082111675 0.0295591842 0.4190982840
0.7640897103 0.0872982173 0.6467227142
0.7716380647 0.2092399588 0.6215798329
0.7931051077 0.3827766587 0.4982010846
0.3888543928 0.9227372618 0.0417059823
0.6385627699 0.3169943484 0.7122314763
0.4910605891 0.8664944860 0.2501896041
0.9526165889 0.1056930250 0.3017073706
0.0000014263 0.0032305185 1.0516972800
0.6424653766 0.3189316744 0.7078439651
0.6501962636 0.3227694294 0.6989832128
0.0000014650 0.0032305171 1.0516968337
0.0145196363 0.9390488458 0.3793394972
0.0252084989 1.0060513887 0.0591229568
0.3980242084 0.8936027545 0.2279095603
0.0589670014 0.6228813694 0.7857641718
0.1472370267 0.4280457144 0.9024811688
0.1304920393 0.6944149339 0.7251430697
0.1424933853 0.3237033701 0.9370996435
0.4393525500 0.4454452566 0.7857628127
0.1321882762 0.6432082369 0.7812388874
0.6694634808 0.2831914377 0.6999399355
0.0092595236 0.1854276794 0.9831623482
0.0074195424 0.3420413443 0.9411548017
0.0052159414 0.0941991666 0.9981246534
0.0737391491 0.1007270941 0.9978624116
0.1094423599 0.0223828055 0.9962713464
0.0802007259 0.1109765383 0.9951921279
0.3664888627 0.8074446476 0.4802067418
0.4129041105 0.9097062638 0.1038572782
0.3207278931 0.7066217181 0.6439711398
0.0415166910 0.7492236797 0.6620102476
0.0533300696 0.8039720795 0.6382442455
0.6289599233 0.6101297359 0.5221976003
0.0475178916 0.8575232916 0.5134554746
0.1412186747 0.7533043568 0.6501493033
0.2412585719 0.8971877138 0.4149841082
0.7574065700 0.6535384339 0.0318519268
0.6377594409 0.6381578204 0.4534417734
0.4360479209 0.8753877962 0.2105810757
0.2073641857 0.4733376840 0.8613908636
0.1400647166 0.6815130991 0.7497286250
0.6199163019 0.3263104869 0.7327182166
0.2220353337 0.6580581158 0.7261157929
0.6821978598 0.5466265291 0.5501660277
0.1377501649 0.3131698563 0.9411674097
0.3518035798 0.9489359476 0.0032238056
0.3190932776 0.8587601590 0.4749829046
0.0546026479 0.1661577504 0.9866302700
0.1646251151 0.0857572013 0.9869738316
0.7961744023 0.0197937251 0.6207478655
0.8659329699 0.2577827208 0.4527001920
0.3294514550 0.0030330197 0.9579728960
0.0380650481 0.1707618433 0.9869319207
0.7088635551 0.2294379796 0.6853572506
0.1178466140 0.6144610944 0.7857609270
0.2354576361 0.5796636600 0.7857609232
0.6487401471 0.7709746736 0.0185570234
0.4859287753 0.8828392404 0.0185594558
0.0068752018 0.3955798167 0.9328109838
0.0394555004 0.9857508357 0.1895048537
0.1066349345 0.3399707828 0.9599614564
0.0043130507 0.2580497577 0.9788077007
0.0041379199 0.2475716840 0.9880919799
0.0001406097 0.3385434653 1.0135388527
0.0035019079 0.5597472814 0.8635427045
0.0000224346 0.7126826984 0.7804493115
0.4287232923 0.5700996999 0.7030466711
0.4592768373 0.4808699782 0.7693263144
0.6471165033 0.5903103257 0.5238082465
0.0003416988 0.0003461891 1.0078602987
0.0004481765 0.0001890775 1.0078764481
0.0004481765 0.0001890777 1.0078764482
0.0004430468 0.0001933520 1.0078581807
0.0004329393 0.0002148154 1.0076567402
0.6652506190 0.2904770210 0.6989832128
0.8837176506 0.2816280789 0.3763682128
0.1631019263 0.2595880922 0.9535841005
0.6116225152 0.5458206442 0.5828009278
0.3036686866 0.4665404881 0.8323207747
0.1421582363 0.6810961153 0.7497101230
