0.0000285579 0.0000007712 1.0846034575
0.9845431846 0.6036570621 0.0000728031
0.9770327481 0.6156755071 0.0000728010
0.9760461122 0.6171475745 0.0000732304
0.9991247531 0.5651028013 0.0000725696
0.0000044674 0.0000267594 1.0611075292
0.5898579785 0.7008645514 0.4393071589
0.5177652183 0.8633969839 0.1268216205
0.1871868449 0.8426522274 0.5218820455
0.4118019047 0.7719054010 0.5479469328
0.8084444542 0.2488675642 0.5412349920
0.8684377111 0.0126162136 0.5115401125
0.0000144410 0.0000234141 1.0759540952
0.6340680634 0.0028681749 0.7887653987
0.2712343990 0.7065935168 0.6574423774
0.0027457269 0.8627377063 0.5491991590
0.0421964188 0.7453073560 0.6712366311
0.0750933039 0.9908891005 0.1159757079
0.2944826548 0.1191221533 0.9528659275
0.6051200785 0.2885677048 0.7482885584
0.6570632399 0.7554937463 0.0072058526
0.8357344108 0.5725735593 0.0180665733
0.1705146309 0.9840445452 0.1176808087
1.0372758553 0.0091042804 0.0019354897
1.2864499219 0.0008670580 0.0382459024
0.6747601575 0.7342680780 0.0947762556
0.7761971583 0.0005405542 0.6931077101
0.7340791228 0.0013640964 0.6848501513
0.8464571730 0.0018879363 0.6181170701
0.4939614783 0.0142894275 0.8951771283
0.3873493386 0.0169459363 0.9240604793
0.7338368019 0.0103697297 0.6846912485
0.8009169911 0.0113176291 0.6121404610
0.7187116105 0.1535481983 0.6900054971
0.8770381907 0.2098932504 0.4793758342
0.7782913549 0.1662770441 0.6439048756
0.1036849330 0.0027754392 1.0045649552
0.0891320897 0.6882604053 0.7215879500
0.2961112687 0.3430629537 0.9046535832
0.4246137537 0.5049559213 0.7651768951
0.0274630698 0.5387689011 0.8720963236
0.0256600746 1.0091433502 0.0181002508
0.1262505467 0.9521509176 0.3105516899
0.8598947843 0.3861428506 0.3869691196
0.0195524529 0.0269334280 1.0002662266
0.0069077468 0.0072058379 1.0034257963
0.1985048612 0.7998514094 0.5887578112
0.0234309475 0.1767105074 0.9899661044
0.4810716365 0.8314606534 0.3101956200
0.4841241872 0.8367365325 0.3088793201
0.9963331549 0.0420784422 0.0947762304
0.8027873183 0.5265032170 0.3221044140
0.7734350959 0.6416720937 0.1151607053
0.7548459538 0.6640177429 0.0018260842
0.9844306839 0.6037179539 0.0000728025
0.5787901433 0.2667523005 0.7815992912
0.0687047270 0.8711127841 0.4874946450
0.9653618731 0.0045749352 0.4129687426
0.9267119583 0.0014371772 0.4271630664
0.1440916993 0.3762359722 0.9174225128
0.5945896828 0.0024615699 0.8189072178
0.2286244578 0.0003814714 1.0091956310
0.0000044786 0.0000269540 1.0609174870
0.0000303949 0.0000037832 1.0471218139
0.0000044483 0.0000267716 1.0614533719
0.0035630783 0.0208317871 1.0017629217
0.3164192862 0.6082223012 0.7296408972
0.5960282975 0.6249596180 0.5156254870
0.8654398412 0.2600032532 0.4343655310
0.8431210721 0.0122686416 0.5538527256
0.5602206526 0.0245087897 0.8309777065
0.0332859259 0.6737441845 0.7387210977
0.2751779486 0.5421776559 0.8144223637
1.0369352828 0.0091011941 0.0051162936
0.8280111932 0.5823848445 0.0148859805
0.0262513342 0.4386005468 0.9032331166
0.0004136993 0.0000514115 1.0118589219
0.0000285567 0.0000007766 1.0845650436
0.0000285567 0.0000007766 1.0845653200
0.0000267992 0.0000062656 1.0764432264
0.0000044786 0.0000269540 1.0609173492
0.4655415011 0.8959070108 0.0327427340
0.4914829373 0.6657087401 0.5835855817
0.0505026376 0.6005961794 0.8044015795
0.6959560438 0.0897124049 0.7282371802
0.0333042769 0.2456221842 0.9736039988
0.2573341306 0.6028231555 0.7895573519
0.2821825361 0.5803778708 0.7773787083
0.0098602357 1.0473866985 0.0119755705
0.0187105782 0.5435566484 0.8558559451
0.0319748986 0.5408747075 0.8526148817
0.0384628573 0.5398402885 0.8516531337
0.5975454398 0.1873376491 0.7966593398
0.9317877704 0.0014450489 0.4159299968
0.0195136977 0.0269615161 1.0002661315
0.0195401066 0.0269490157 1.0004275137
0.0150354338 0.0207363321 1.0006582721
0.0438394289 0.0604617712 0.9981963988
0.1537395587 0.9382009055 0.3723026332
0.9558126087 0.3171535752 0.0881307975
