-0.0000792034 -0.0037000440 -0.0016420968 0.3617513816 0.2788398902
-0.3127557526 -0.3650670316 -0.4415978235 0.0008199327 0.0026131831
-0.3205777819 -0.2725425030 -0.4660133314 0.0022836067 0.0020486899
-0.3205625232 -0.3350425030 -0.4494136613 0.0179088526 0.0020487197
-0.2812897826 -0.2542996223 -0.3513977196 0.0003030859 0.0153135769
-0.2813812013 -0.2660511921 -0.2842611785 0.0043303184 0.0070181154
-0.2814118529 -0.2543301398 -0.3513977047 0.0003028475 0.0075010769
-0.0026262514 -0.0006246306 -0.0001374744 0.3949724402 0.3500128727
-0.0017672516 -0.0008169599 -0.0001150407 0.2028669829 0.1836242715
-0.0001416542 -0.0007020645 -0.0006559007 0.2349019314 0.2385009567
-0.0001435615 -0.0007020645 -0.0006253831 0.2038671264 0.2426323334
-0.0013691299 -0.0005642138 -0.0033845641 0.2620403955 0.2734139899
-0.0012586080 -0.0017553456 -0.0010949932 0.3384012248 0.3977206763
-0.3437934707 -0.2716335023 -0.3592147495 0.0012797080 0.0151915066
-0.0002012588 -0.0077284239 -0.0017031021 0.3383289020 0.2749335806
-0.0087917633 -0.0023220889 -0.0025843047 0.3020169179 0.3751451190
-0.0001416542 -0.0046083145 -0.0006559007 0.2038675809 0.2387145797
-0.2583024467 -0.2848257313 -0.2443097795 0.0098964088 0.0044792928
-0.2814118529 -0.2699551324 -0.3514284607 0.0002990179 0.0075008385
-0.2898843254 -0.3610296961 -0.2286614293 0.0115470626 0.0036556684
-0.3833408471 -0.3500352021 -0.4850532603 0.0138857328 0.0001704209
-0.3205777819 -0.3037925030 -0.4816383314 0.0022837855 0.0020489283
-0.3833408471 -0.3500352021 -0.4850532603 0.0134126507 0.0006587021
-0.2583024467 -0.2848257313 -0.2443097795 0.0098964088 0.0044640340
-0.2583026851 -0.2848257313 -0.2443097795 0.0098964088 0.0044640340
-0.2583026851 -0.2848257313 -0.2443097795 0.0099269264 0.0044640340
-0.3205778565 -0.3037927414 -0.2316388080 0.0098523535 0.0021672137
-0.4377557528 -0.3670317199 -0.4415978384 0.0003316812 0.0114031248
-0.4377557528 -0.3670279052 -0.4415978235 0.0003316812 0.0035906993
-0.2814155335 -0.2664165686 -0.2532550807 0.0062836818 0.0070791505
-0.4377557528 -0.3670317199 -0.4415978384 0.0003316812 0.0114031993
-0.4377557528 -0.3670317199 -0.4415978384 0.0003316812 0.0114031397
-0.4377557528 -0.3670317199 -0.4415978384 0.0003312044 0.0114031248
-0.3205777819 -0.2725425030 -0.4660133314 0.0022836141 0.0020486899
-0.3205777819 -0.2725425030 -0.4660133314 0.0022838525 0.0020486899
-0.3594337295 -0.2696803773 -0.3592147495 0.0012792312 0.0151915066
-0.3205625232 -0.3350425030 -0.4494136613 0.0159557276 0.0020487197
-0.3205625232 -0.3355307843 -0.4494136762 0.0159557276 0.0019876845
-0.3205625232 -0.3355307843 -0.4494098615 0.0159552209 0.0021097548
-0.3205625157 -0.3345532681 -0.4494098615 0.0159552209 0.0021097548
-0.3205625157 -0.3345532532 -0.4494098615 0.0159552209 0.0021097548
-0.3127576451 -0.3345532532 -0.4494098615 0.0159552209 0.0021097548
-0.3127557526 -0.3650670316 -0.4494103235 0.0008199327 0.0026133023
-0.3127557526 -0.3650746610 -0.4415978235 0.0008199327 0.0026131831
-0.4377557528 -0.3650746610 -0.4415978235 0.0008199327 0.0035897456
-0.4377557528 -0.3650747802 -0.4415978235 0.0008199327 0.0035897456
-0.2814156527 -0.2971768270 -0.3545698639 0.0043274574 0.0070144199
-0.2812897826 -0.2542996223 -0.3513977047 0.0003028475 0.0153135769
-0.2814118529 -0.2542996223 -0.3513977047 0.0003028475 0.0153135769
-0.2814118529 -0.2543301398 -0.3513977047 0.0003028475 0.0153135769
-0.2814118529 -0.2543301398 -0.3514282222 0.0003028475 0.0075008385
-0.2814118529 -0.2543301398 -0.3514282222 0.0003028326 0.0075008310
-0.2814118529 -0.2543301324 -0.3514284607 0.0003028326 0.0075008385
-0.2814118529 -0.2543301324 -0.3514284607 0.0003028326 0.0075008310
-0.2814118529 -0.2543301324 -0.3514284607 0.0003028326 0.0075046457
-0.2814118529 -0.2699551324 -0.3514284607 0.0002991371 0.0075008385
-0.2814156527 -0.2971768270 -0.3545736786 0.0043274574 0.0070144199
-0.2814155335 -0.2971768270 -0.3545736786 0.0043274574 0.0070144199
-0.2814155335 -0.2971768270 -0.3467611785 0.0043274574 0.0070144199
-0.2833686585 -0.2742901037 -0.2532549615 0.0061616115 0.0070792101
-0.2814117188 -0.2660507152 -0.2842611785 0.0043303184 0.0070181154
-0.2833687777 -0.2762279699 -0.2610679532 0.0061616115 0.0075665303
-0.2814117188 -0.2659285257 -0.2842609401 0.0062834434 0.0070791505
-0.2814117188 -0.2664165686 -0.2845050807 0.0062834434 0.0070791505
-0.2833686585 -0.2742901037 -0.2532549615 0.0061616115 0.0070782565
-0.2814155335 -0.2664165686 -0.2532550807 0.0061616115 0.0070791505
-0.2814155335 -0.2664776037 -0.2532550807 0.0061616115 0.0070791505
-0.2814155335 -0.2742901037 -0.2532550807 0.0061616115 0.0070791505
-0.2833686585 -0.2742901037 -0.2532549615 0.0061616115 0.0070791505
-0.0008595772 -0.0017450415 -0.0007744320 0.4458650615 0.4103187736
-0.0014701001 -0.0023474731 -0.0015996061 0.2037718186 0.2399547885
-0.0037200190 -0.0002416559 -0.0040978678 0.1945654491 0.1807390937
-0.0017688759 -0.0028261878 -0.0055475868 0.1526029894 0.1788914541
-0.0017672516 -0.0008169599 -0.0001188554 0.1989606732 0.1836242864
-0.0003221296 -0.0039924197 -0.0048700534 0.2563447023 0.3274841647
-0.0001722910 -0.0006414987 -0.0006518476 0.2309909130 0.2394779960
-0.0028127022 -0.0017431341 -0.0022087432 0.3208192851 0.3820604648
-0.0000792034 -0.0037000440 -0.0011538155 0.3379476707 0.2803047339
-0.0010707714 -0.0008896701 -0.0031348132 0.3197531517 0.2514478306
-0.0026262514 -0.0006246306 -0.0001374744 0.3947588172 0.3500128727
-0.0012357123 -0.0014959462 -0.0010950528 0.3423036601 0.3977206763
-0.0012318976 -0.0005193837 -0.0010950528 0.3423036601 0.3977206763
-0.0087994970 -0.0023330562 -0.0007221140 0.3020140569 0.3754350360
-0.0087917484 -0.0023297183 -0.0026449673 0.3020159642 0.3751298602
-0.0000792034 -0.0037000440 -0.0016420968 0.3694418113 0.2788398902
-0.0000791885 -0.0037001036 -0.0016420968 0.3695333641 0.2788474600
-0.0000791885 -0.0037001036 -0.0016420968 0.3695638817 0.2788474600
-0.0000792034 -0.0037001036 -0.0016420968 0.3695638817 0.2788474600
-0.0000792034 -0.0037000440 -0.0016420968 0.3695638817 0.2788398902
-0.0000792034 -0.0037000440 -0.0016420968 0.3616293113 0.2788398902
-0.0012586080 -0.0017553456 -0.0010949932 0.3384012248 0.3977216300
-0.0012662373 -0.0017553456 -0.0010949932 0.3384012248 0.3977216300
-0.0012662299 -0.0017553456 -0.0010949932 0.3384012248 0.3977206763
-0.0013691299 -0.0005641542 -0.0033845641 0.2620403955 0.2734139899
-0.0013691299 -0.0005641542 -0.0033845045 0.2620403955 0.2734144668
-0.0039277412 -0.0009481050 -0.0018766038 0.2155863384 0.2123589629
-0.0041791312 -0.0025632717 -0.0004987903 0.1977765376 0.1516348013
-0.0017672516 -0.0008170195 -0.0001150407 0.2028669829 0.1836247483
-0.0001721717 -0.0007020645 -0.0006559007 0.2349019314 0.2385009567
-0.0012098886 -0.0006414987 -0.0006518476 0.2309909130 0.2394779960
