-1.0964705666 -0.9345796666 0.0018315064
-1.1127023549 -1.0025219116 0.0006105052
-1.0933966991 -1.1103196406 1.6645277912
-1.0927839727 -0.9931512140 1.6696013386
-1.0819924214 -1.0516941883 1.6433722215
-1.1323231609 -1.0734750294 0.0000001909
-0.9930852577 -0.8256956244 1.6571815560
-1.1441775655 -0.0000095507 0.0000005262
-1.1019972675 -0.0000107614 0.0000095507
-0.7076597360 -0.0003493717 0.0000000047
-0.9478913676 -0.0000000047 0.0000025006
-0.0097677438 -0.0000002002 0.0003054878
-0.7125237730 -0.0000060489 0.0000000047
-0.7100823668 -0.0000066450 0.0000000047
-0.7099299279 -0.0000053784 0.0000023888
-0.7294611779 -0.0000053784 0.0000023888
-0.6513362896 -0.0000053784 0.0000071572
-0.6415705808 -0.0000000140 0.0000072690
-0.6415896543 -0.0000000140 0.0000072690
-0.6415897288 -0.0000000140 0.0000072690
-0.6409793772 -0.0000000140 0.0000072690
-0.6409793027 -0.0000000140 0.0000072690
-0.6409798988 -0.0000000140 0.0000072690
-0.6415902503 -0.0000000140 0.0000072690
-0.6367074378 -0.0000000140 0.0000072690
-0.6366311439 -0.0000000140 0.0000072690
-1.1417878011 -0.5680767871 0.0003458606
-1.1002820601 -1.0053473767 0.0000060583
-1.1044695099 -1.0333750733 0.0002682721
-1.1090177634 -1.0507707727 0.0000022119
-1.1052606964 -0.6778191921 0.0008166069
-1.1009133571 -0.8346549476 0.0000025006
-1.0116656646 -0.8268785531 1.6727470110
-1.0048024040 -0.9333402253 1.6433302282
-1.0927863476 -1.1493821406 1.6694106037
-1.1392836702 -1.1589667817 1.6699232037
-1.1392836702 -1.1589667817 1.6699279721
-0.9930852577 -0.8269163275 1.6498573373
-0.9930852577 -0.8269162530 1.6498573373
-1.0543258638 -0.7542062791 1.6681972767
-0.9930852577 -0.8269162530 1.6638954232
-0.9930852577 -0.8269162717 1.6638954232
-0.9930852577 -0.8269150796 1.6645051787
-0.9918645546 -0.8269149306 1.6645051787
-0.9918645546 -0.8269149306 1.6645054768
-0.9918645546 -0.8269143159 1.6645054768
-0.9918642566 -0.8269143159 1.6645054768
-0.9920168444 -0.8269143159 1.6645054768
-1.0116656274 -0.8269548564 1.6727470110
-1.0116656274 -0.8269739298 1.6727470110
-1.0927863569 -0.9931512140 1.6696013386
-1.0927863476 -0.9931512140 1.6695631916
-1.0927863476 -0.9931512140 1.6694106037
-1.0933966991 -1.1493821406 1.6645277912
-1.0933966991 -1.1298508906 1.6645277912
-1.0933966991 -1.1298502946 1.6645277912
-1.0933966991 -1.1298407578 1.6645277912
-1.0048024040 -0.9333783723 1.6435591100
-1.0836587065 -0.9738497771 1.6825335349
-1.0972367843 -0.8589372093 0.0006501703
-1.1417882854 -0.5729214526 0.0003553974
-1.1242138186 -0.6054631952 0.0012523448
-0.5447080317 -0.0001359778 0.0000143191
-0.5728128511 -0.0000193855 0.0000190781
-1.1441775748 -0.0000095507 0.0000005262
-0.5405854113 -0.0000381516 0.0000575045
-0.5405091173 -0.0000381516 0.0000575045
-0.5405079252 -0.0000381516 0.0000575045
-0.5405269987 -0.0000382261 0.0000575045
-0.6186519988 -0.0000382261 0.0000575045
-0.6174312957 -0.0000382261 0.0000575045
-0.5393062956 -0.0000382261 0.0000575045
-0.6347701285 -0.0000001630 0.0003054785
-1.1144478955 -0.6054536585 0.0012518978
-1.1039783397 -0.9146469793 0.0000005262
-1.1366047302 -0.5531233228 0.0003459351
-1.1158768610 -0.6143866159 0.0010956964
-1.0965041780 -0.0000110595 0.0000095507
-0.6228306104 -0.0001359778 0.0000095507
-0.5679300386 -0.0000193855 0.0000000792
-0.5678537447 -0.0000193762 0.0000000792
-1.0971141570 -0.0000107614 0.0000000140
-1.0983351582 -0.0000107614 0.0000000140
-1.0983352234 -0.7031357621 0.0000000140
-1.0912286919 -0.5872734129 0.0000811229
-1.1090171673 -1.0507707727 0.0000022119
-1.1090173164 -1.0504655969 0.0000022119
-1.1090179124 -1.0504655969 0.0000022119
-1.1091800370 -1.0504655969 0.0000022119
-1.1052606964 -0.6778239605 0.0008166069
-1.1144481936 -0.6054536585 0.0012332713
-1.1242138186 -0.6048528437 0.0012523448
-1.1240612307 -0.6048528437 0.0012332620
-1.1240612307 -0.6047765497 0.0012332620
-1.1240612307 -0.6047384027 0.0012332620
-1.1127022059 -1.0025219116 0.0006152736
-1.1127022059 -0.9976390991 0.0006152736
-1.1478469671 -0.9350186549 0.0000396511
-1.1323231609 -1.0735131764 0.0000001909
-1.1153092851 -1.1309921892 0.0001919689
