-15.9282856798 -7.7139091951
-17.9395847342 -3.8754421180
-19.9795988420 0.0256146233
-18.8177456436 -0.5366141260
-18.6810263362 -0.9681720131
-18.6123919762 -1.2276426748
-18.6206934449 -1.1914801832
-18.7348981707 -0.7901574926
-18.7074298671 -0.8748972775
-18.7916744550 -0.6157818661
-18.6810253013 -0.9681756924
-18.6810915388 -0.9679402271
-18.6810754093 -0.9680004964
-18.6472278780 -1.0916277895
-18.6514515923 -1.0758413306
-18.6430062255 -1.1075082104
-18.5757393781 -1.3739616393
-18.2960054805 -2.6876435447
-18.2960064695 -2.6876386767
-18.3384971259 -2.4813069707
-18.3385500910 -2.4806402096
-18.3385421387 -2.4806795226
-18.3372297595 -2.4852553903
-18.3372287656 -2.4852603041
-18.3047236709 -2.6458903387
-18.2966172174 -2.6858374786
-18.3290915772 -2.5254957456
-18.3253306336 -2.5464124507
-18.3334012638 -2.5065044366
-18.3344185929 -2.5014770423
-18.3384991140 -2.4812971425
-18.3384989890 -2.4812974652
-18.3344280986 -2.5014217309
-18.3998008601 -2.1802019371
-18.3998009852 -2.1802013287
-18.4162229722 -2.1007029794
-18.4162230036 -2.1007028283
-18.3509285127 -2.4193716394
-18.3346335614 -2.4998963415
-18.3346653559 -2.4997391320
-18.3346613816 -2.4997587832
-18.3999834633 -2.1782913571
-18.3672345230 -2.3385215463
-18.3672265653 -2.3385609185
-18.3672263159 -2.3385621454
-18.3671943971 -2.3387191795
-18.3669370556 -2.3399852943
-18.3670864025 -2.3394422241
-18.3660648673 -2.3444668851
-18.3824210178 -2.2641672754
-18.9230997719 -0.2812565075
-18.9230997885 -0.2812564712
-18.9056887184 -0.3200170834
-18.9035232159 -0.3249523434
-18.9035230832 -0.3249526465
-18.9037948037 -0.3243319897
-18.9048817683 -0.3218531796
-19.0451144370 -0.0536760595
-19.0451145039 -0.0536756784
-19.0451147735 -0.0536752570
-19.0451137320 -0.0536791673
-19.0440096502 -0.0554080478
-19.0440074939 -0.0554114300
-19.0440072244 -0.0554118528
-18.9037917029 -0.3243409783
-18.9048786672 -0.3218621509
-18.9048789326 -0.3218615464
-19.0451115754 -0.0536825386
-18.9747213635 -0.1757664665
-18.9747128045 -0.1757828123
-18.9747127878 -0.1757828443
-18.9747125203 -0.1757833551
-18.9747809928 -0.1756525986
-18.9967190375 -0.1349874236
-18.9967361976 -0.1349565579
-18.9967383426 -0.1349526997
-18.9967384767 -0.1349524586
-18.9967363316 -0.1349563167
-18.9879548193 -0.1509449692
-18.9868577145 -0.1529696127
-18.9693963301 -0.1864315801
-18.9688489650 -0.1874927946
-18.9688488982 -0.1874929242
-19.0397441966 -0.0625390989
-18.6206934127 -1.1914803083
-18.5535971358 -1.4652168073
-18.7063668643 -0.8785137111
-18.4385919003 -1.9850556980
-18.4385758027 -1.9851321501
-16.5263506837 -5.6682333656
-14.5965490828 -11.3990537350
-16.2249433626 -6.9414064612
-16.5262237191 -5.6688610513
-15.9917512313 -7.6123698358
-15.9907795745 -7.6129219634
-18.5211827428 -1.6141272184
-18.4039506768 -2.1596084665
-18.8034073176 -0.5814939394
-18.7690859131 -0.6826305086
-18.7696211569 -0.6810012830
