-16.0554544337 -7.5440917220
-15.0547724607 -9.9542948896
-16.4874680889 -5.8599827636
-18.0582816520 -3.6894738832
-15.4792379257 -8.2527169724
-14.9251158911 -10.4923182950
-14.7838572519 -11.0022506361
-14.8946859355 -10.6186263354
-14.9139572350 -10.5492008719
-15.3729051719 -8.6566046509
-16.1867996428 -7.1553156120
-15.9947378243 -7.6487209929
-18.8274541367 -0.5151412533
-19.9999889046 0.0000673916
-18.0890897080 -3.5847949186
-16.8812418747 -4.2203422566
-17.9431591984 -3.8756869493
-16.6234704314 -5.2259338771
-18.4205356320 -2.0781428022
-18.4041048471 -2.1574937815
-18.3387016831 -2.4785053043
-18.3376838075 -2.4835373201
-18.2216236016 -3.0431421583
-18.2176096923 -3.0618991513
-18.1855654623 -3.2081159729
-18.1855030049 -3.2083941665
-18.1855025017 -3.2083964077
-18.1847724127 -3.2100506432
-18.1847729006 -3.2100484719
-16.8814878186 -4.2196374028
-16.8813532024 -4.2200061379
-16.6748826900 -4.9636891177
-16.6089736261 -5.2918218501
-16.6383618485 -5.1305734682
-16.6382026529 -5.1339330774
-16.6383613625 -5.1305754974
-15.5819107930 -7.9219933827
-15.5535390419 -8.0080059501
-15.5209585152 -8.1112228192
-15.4399872640 -8.3975655948
-15.4273515415 -8.4447967633
-14.5913717750 -11.4834602778
-16.3117040481 -6.6553957117
-16.2801636074 -6.7972735493
-16.4198314379 -6.2040387032
-16.5601096791 -5.5368582505
-16.2906446173 -6.7336695081
-16.2680533058 -6.8557541468
-16.1964831110 -7.1208142694
-16.5762830026 -5.4577063750
-16.0397922614 -7.5763798016
-16.0397617011 -7.5764374319
-16.0397080882 -7.5765619780
-16.0421573659 -7.5711510991
-16.0421497074 -7.5711687823
-15.9898195356 -7.6641242939
-16.4278753642 -6.1658040514
-15.4213622398 -8.4560063199
-15.0029250546 -10.1968417816
-15.5179248370 -8.1213879946
-16.2867037363 -6.7486970004
-16.2867027595 -6.7487014043
-16.6544733205 -5.0538424125
-18.9681540539 -0.1887941130
-18.8274713109 -0.5150761329
-18.8225264419 -0.5173409347
-18.8225261789 -0.5173416509
-18.8225260474 -0.5173420091
-18.6882503749 -0.9484646180
-18.6690005680 -1.0172471795
-18.1423818787 -3.3757572706
-18.1423197312 -3.3760114454
-18.1394051412 -3.4013082763
-17.0028343564 -3.9499283655
-15.5163166551 -8.1274694452
-15.5164163865 -8.1270942716
-16.2801947635 -6.7971396070
-15.0547632346 -9.9543341813
-15.1715149194 -9.4896729749
-14.9503560642 -10.3954077146
-15.0138968634 -10.1521719857
-15.5726622776 -7.9497481318
-14.7826228298 -11.0061768081
-14.7827048766 -11.0058747123
-14.7635418749 -11.0683769542
-14.7635418369 -11.0683770647
-14.8946763334 -10.6186615531
-15.4288608763 -8.4420785458
-14.9251351237 -10.4922464706
-14.8703895424 -10.6985098218
-16.6234546705 -5.2260103189
-16.6235183915 -5.2256962803
-18.1393896139 -3.4013709489
-18.2578425622 -2.8219757542
-18.1816068191 -3.2314105375
-16.6089579415 -5.2918953757
-15.5536502776 -8.0076604695
-15.5552989913 -8.0027194603
-15.5710603817 -7.9545107046
-16.1276097921 -7.3424936534
