-1.0689112228 -0.0000238651 -1.0876298752
-0.0006169593 -0.0000585662 -0.9783941936
-1.0547327586 -0.7320012764 -1.0748380479
-1.1283653566 -0.0000722008 -1.1459471715
0.0024614064 -0.0061868830 -0.6632117235
-0.0019236701 -0.0000049220 -0.0000862917
-0.0006110081 -0.0000395114 -0.6703949400
0.0024608104 -0.0064920588 -0.6626013905
-0.0000190781 -0.0026011514 -1.0550362208
-0.0000128197 -0.0000071945 -1.0462345798
0.0001541013 -0.0049067149 -0.5854777578
0.0001540827 -0.0049070129 -0.5073527577
0.0000014948 -0.0049066963 -0.5464151088
0.0000014948 -0.0049070129 -0.5458047572
0.0000014948 -0.0049070129 -0.5458053532
0.0000014948 -0.0049069943 -0.5464157048
0.0000014948 -0.0049069943 -0.5463769618
0.0000014948 -0.0049066963 -0.5464163009
0.0000014948 -0.0049066963 -0.5076542082
0.0001529278 -0.0048876973 -0.5076542082
0.0001529278 -0.0000048848 -0.4975834074
-0.0006111478 -0.0001227995 -0.7070190140
-0.0000128197 -0.0001597824 -0.7776062803
-0.0006110081 -0.0006546313 -0.7485199401
-0.0006105518 -0.0020086905 -0.9048301502
-0.0006169593 -0.0000585662 -1.1397558880
-0.9487966503 -0.0000001723 -0.8483637458
-0.5916138511 -0.0000772486 -1.1011435521
-0.9893299788 -0.0006121444 -1.0272316318
-0.9495658669 -0.0000762986 -0.9624871388
-1.0931700897 -0.0000190781 -1.0709606913
-1.1128876043 -0.0000114227 -1.0619426016
-1.0734911599 -0.0025183382 -1.1099885834
-1.0646912605 -0.0000333833 -0.6394174748
-1.0708374959 -0.0000149803 -0.6589389273
-1.0520626754 -0.0000143657 -0.6553897501
-1.0508453530 -0.0036653923 -0.6919555978
-1.0276913140 -0.0000956049 -1.0263534412
-1.1077001003 -0.6943737489 -1.0817785152
-1.1138989088 -0.9974930305 -1.1027898976
-1.0948107169 -0.0000102120 -1.0217008237
-1.0708600060 -0.9380039814 -1.0818274935
-1.0556506701 -0.9248674530 -1.0553449821
-1.0819075034 -0.8891070782 -1.0534915291
-1.0708600060 -0.9380039814 -1.0769446810
-0.8986477050 -0.0006508874 -0.9949058350
-1.1197584924 -1.0815654379 -1.1137104184
-0.8986483010 -0.0006508874 -0.9949058350
-0.8986480030 -0.0006509619 -0.9949058350
-0.8986480403 -0.0006509619 -0.9949058350
-0.8986492324 -0.0006509619 -0.9949058350
-1.0099089388 -0.0024521397 -0.8075176513
-0.9137747957 -0.0000107614 -0.9393096491
-1.0407855139 -0.0000025006 -0.7402168268
-0.9090436771 -0.0002290355 -0.9388442300
-1.0149587840 -0.0003635930 -0.9909134414
-1.0105192997 -0.0024521397 -0.8075176513
-0.9487966503 -0.0000001723 -0.8483637831
-0.9487966503 -0.0000001723 -0.8483625910
-0.9788532052 -0.0000861520 -0.9573938381
-1.1241111961 -0.0000300119 -0.5307489592
-0.5916132551 -0.0000766525 -1.1011447442
-1.0550379344 -0.7417669014 -1.0748380479
-1.0618668572 -0.0000453228 -1.0839704388
-1.0520626754 -0.0000143657 -0.7335147501
-1.0660237037 -0.8984210863 -1.0772118960
-1.0758802165 -0.8496159649 -1.0455661603
-1.1047444643 -0.8311554751 -1.0715795831
-1.0654094034 -0.9245312828 -1.0663126931
-1.0807003976 -0.6493407634 -1.0707980823
-0.0006104028 -0.0001204154 -0.8779365252
-0.0019141799 -0.0000052201 -0.7228957170
-0.0006104028 -0.0001227995 -0.7314330765
-0.0055364659 -0.0079405448 -0.7627198247
-0.0055364659 -0.0079406845 -0.7627192286
-0.0055316975 -0.0079407590 -0.7627383021
-0.0018310593 -0.0014055287 -0.6807850820
-0.0019237073 -0.0000049220 -0.6250862923
-0.0019237073 -0.0000049220 -0.6252388709
-0.0019141706 -0.0000049220 -0.6447701209
-0.0019141706 -0.0000049220 -0.6447725051
-0.0019141706 -0.0000049220 -0.6447731011
-0.0006110081 -0.0006546406 -0.7485390136
-0.0006110081 -0.0006546220 -0.7485413977
-0.0006110081 -0.0007309159 -0.7509828040
-0.0006111665 -0.0001229485 -0.7461005875
-0.0006111478 -0.0001229485 -0.7460815140
-0.0018310593 -0.0014054915 -0.6807898504
-0.0000214623 -0.0026011514 -1.0599191078
-0.0000214623 -0.0026011514 -1.0599185117
-1.0508453530 -0.0036653923 -0.6921081857
-1.0410797280 -0.0036654109 -1.0020141918
-1.0931605530 -0.0000202702 -1.0709606913
-1.0931605530 -0.0000202702 -0.9928356912
-1.0931605530 -0.0000202702 -0.9928446319
-1.0637255349 -0.0025183382 -1.1099885834
-1.1283558571 -0.0000722008 -1.1459471715
-0.5032890621 -0.0000722008 -1.1459471715
-0.4984062496 -0.0003773766 -1.1459471715
-1.0547327586 -0.7127752022 -1.0748380479
