4.9395525115 2.5131140109 2.7335245660
3.5397432106 2.5617432500 4.7889067825
3.6155712043 1.8295083201 4.7912224401
6.0240641088 2.0800786083 3.5471327034
6.9539113622 1.8016474512 3.7329141145
3.1645754571 3.9409265780 3.6953830403
3.5192130889 4.9265297560 2.3490847889
3.2760768823 3.1139739512 4.6305749303
3.0698169518 2.5215804864 5.3193451441
2.2859225349 3.0284918053 6.8331192836
3.0698166317 2.2530044118 5.3849748599
3.0133079932 2.2203765273 7.6263409840
3.9424381384 3.1455897446 2.4721959212
4.9395611409 2.5145905926 2.7092110079
6.3302115635 2.5287716043 2.3008846858
9.6062306220 3.1895980794 2.1731063469
6.2426099641 2.5283794677 2.4900956166
4.6270839446 2.2362262227 4.6572899441
3.5565735203 2.6666289027 4.0887439713
6.0738246389 1.6979435139 5.2183011273
5.3115434092 2.3192972734 2.8648009544
2.7047142698 1.9996778280 7.7737755578
3.2374117114 2.2401766098 5.2564461821
2.1962179526 3.3075585781 4.6769773914
2.1709172331 4.8895262219 3.9686254881
1.5303683310 4.0199779385 6.2275445800
2.5872817657 4.1772598217 4.3509102531
1.9197078649 5.8315094609 3.4697958456
2.4032301625 5.1992548550 3.4480965575
1.7768416043 7.6005514412 3.0793500449
2.9088603410 3.2037499439 3.9931756987
2.9195883552 3.1895310112 4.1560952382
3.0950644735 1.9195585584 7.3963168048
6.2020416137 1.6969186476 5.2753991676
5.9170607804 1.8168169176 5.2573076107
6.0568205029 1.7583372993 5.2854062262
6.0044242927 1.8091809426 4.8036345217
6.0879158370 1.8092848406 4.7627280105
5.9997493119 1.8108983871 4.7618678324
5.8871469767 1.9251115843 4.5582765917
2.8755647677 3.4037394528 4.4129946664
2.5772888499 4.1763270497 4.4707765716
2.7705748451 3.4497887768 3.9542245722
6.3289072257 2.5145907648 2.4563816720
2.9122924996 6.3243858597 2.5926658829
2.9800314369 3.8487796103 3.7562782430
5.2190764485 2.4573532729 2.8648012537
5.9698697301 2.4609116061 2.6597196278
5.4126281109 2.6773597320 2.4794466425
3.9668949805 4.4934765361 2.2812953248
4.0016602198 4.3561938457 2.3395539748
5.2998351671 10.2560871410 2.0811193738
5.9190898876 7.8128337103 1.6914058849
6.4053150875 6.6973669318 1.9149581371
6.4050648647 6.6982018756 1.9710742140
5.9189112704 7.7949334509 1.8962565032
5.9162873760 6.8168467827 2.1254527828
5.5877010522 6.5817725374 2.2538822035
5.9351764144 6.8167521517 2.1254200297
5.9190899493 7.7876432810 1.8960742008
5.9320242889 6.3945799086 2.2519181100
1.6639563787 3.3693761690 5.5374567529
1.6126324760 4.8950064377 5.5994616040
1.7310959689 7.6037769048 3.1884335013
3.2996387917 3.2037228575 3.9931756987
3.2996412340 3.2037228575 3.9920944086
3.2809406594 3.1850959814 4.0077446980
3.4921832958 3.1858100543 4.0077439345
3.4293688442 3.6024360059 3.7550325730
2.1436774071 4.8796672271 4.4580463738
2.1024084155 4.8863780548 4.1583144084
1.9397480058 4.8863780548 4.4708486948
1.6224139558 4.8949983284 4.4129865209
1.6223971996 5.1441014781 4.4130146973
3.4350769402 5.2697159499 3.3136976908
2.8641624429 3.9145436611 3.7664536749
2.8633660511 4.3651634253 3.8785898708
2.8635256828 4.2276000163 3.8004254112
2.3986718752 5.0762906417 3.4595212093
3.8100147192 3.1568921800 2.3868452406
5.4085900350 2.6780685811 2.4793702508
5.3674962196 2.6780685811 2.5210031373
3.8302514096 7.0042741055 2.3396440152
4.0016602198 3.9972811966 2.3395632397
5.4613799918 3.9991260169 2.3007071635
5.3493086421 4.0040035016 2.3104490435
5.3711687078 4.0081014124 2.2863498253
5.3606707330 4.4094545789 2.2860372984
5.4496065027 4.5818490854 2.2766261564
5.5598920831 4.2702173627 2.2767756210
5.5487101547 4.4934735182 2.2813102549
3.9660008074 6.4107090516 2.2943512488
2.9128282282 6.6382512235 2.5643359630
2.9115918416 6.6369311598 2.8812692717
2.8582595864 5.9409290546 3.0134278440
2.9697455250 5.6317403913 3.3178998227
4.2249489198 2.6076738628 4.0841369739
4.2095393136 2.5811502718 4.2677395217
3.4663200633 2.0854116092 5.2084454516
3.0942801397 2.0854115840 7.4383023385
