0.0055152413 1.4911062016
0.0061116632 1.3270381459
0.1841616096 0.6663856709
0.6502901038 0.3420244170
1.0317775189 0.0172059551
1.0088305267 0.0260501694
1.0247091929 0.0237580586
1.0693588400 0.0172059550
1.0307090241 0.0182103477
1.0245783756 0.0246285708
1.0245577939 0.0247318082
1.0245289536 0.0260185091
1.0081603433 0.0559566405
1.0028527425 0.0982045043
1.0007759735 0.1530439714
0.8551733779 0.3112678248
0.6819683802 0.3323964331
1.0005985423 0.1689728243
1.0005353413 0.1905847094
1.0007591064 0.1663613147
1.0011616343 0.1530413198
1.0011618302 0.1148092233
1.0025072853 0.1147488599
1.0028527423 0.1086760016
1.0065229646 0.0926959956
1.0065221832 0.0982002413
1.0066110250 0.0925559901
1.0084923048 0.0305391606
1.0083250689 0.0335790311
1.0086403478 0.0294414349
1.0087692584 0.0293971664
1.0085776448 0.0302676982
1.0085792666 0.0302668789
1.0085111767 0.0305368272
1.0083247188 0.0406946638
1.0083000522 0.0418297457
1.0082995476 0.0445608174
1.0082954657 0.0450464984
1.0082386094 0.0469661788
0.3864348442 0.4193826034
0.6819613261 0.3350528456
0.8296270055 0.3152659432
0.8142244000 0.3200350373
0.8142241389 0.3318999678
0.6502878560 0.3422256315
0.6669857165 0.3352181053
0.6672084216 0.3351932430
0.3117546048 0.5727911967
0.3141920145 0.5622700578
0.3143753146 0.5544179728
0.3329031353 0.5362568952
0.3318062981 0.5373205871
0.3316637856 0.5384686791
0.1709630841 0.6858429406
0.3614651738 0.4546881313
0.0724127197 0.8049204808
0.1659976605 0.6960841288
0.3137855533 0.5699037655
0.1590856285 0.7038262405
0.0055267889 1.4365980371
0.0054969966 1.5496886023
0.0530622868 0.8551502491
0.0070839341 1.3170679449
0.0071254775 1.2483675963
0.0071368273 1.2434380265
0.0072826979 1.2244433868
0.0083235817 1.2197023650
0.0201433061 1.0354347332
0.0173686756 1.0582743358
0.0128366707 1.0847551718
0.0245572339 1.0076218591
0.1590872255 0.7037951552
0.1604002819 0.7023159779
0.1590828458 0.7101636450
0.1590581667 0.7162153147
0.1590828643 0.7101626688
0.1662735748 0.6955356039
0.1666495370 0.6954267644
0.1872507152 0.6662199926
0.0530625065 0.8479030944
0.0933876067 0.7719314974
0.0990037479 0.7635427336
0.0989342333 0.7703361940
0.0933720358 0.7759597147
0.0933596380 0.7795960310
0.1707892689 0.6861260070
0.1707928161 0.6861210978
0.4014468929 0.4106734920
0.3831723707 0.4238432000
0.3830591606 0.4238837535
0.3756128780 0.4436608445
0.3614648504 0.4555257208
0.3614648037 0.4559728754
0.3753800395 0.4450213996
0.3732489363 0.4451586867
0.3728113000 0.4462048102
0.3807889452 0.4410340347
0.3830615980 0.4238837522
0.4054662775 0.4106469156
0.4054665486 0.4080063883
