0.8027301304 0.5094185833
0.4280695983 0.5345206555
0.4248079499 0.5346121657
0.8862397019 0.5033729597
0.9355657409 0.4957464897
1.0045212694 0.4869711685
1.0045316741 0.4869604231
0.9589452467 0.4888970666
0.9097902955 0.4983075398
0.8858740484 0.5042302794
0.8962425294 0.4985275993
0.8715522616 0.5088656225
0.8027301102 0.5126646217
0.5810626720 0.5297798758
0.4793998644 0.5325743305
0.3958050314 0.5595516180
0.6400597528 0.5284709996
0.6975248627 0.5272034343
0.7597592337 0.5267692030
0.7597374700 0.5269149650
0.7523209866 0.5270188997
0.7537580693 0.5270010136
0.6975007270 0.5272046576
0.6973346241 0.5272776973
0.6966098039 0.5278213850
0.6503721648 0.5284395009
0.6512015456 0.5284030135
0.6518666350 0.5284030132
0.6395817600 0.5287319145
0.4600562336 0.5325817305
0.5909112343 0.5296954378
0.5909170343 0.5295838666
0.5864510296 0.5297380279
0.5820757347 0.5297797407
0.4248091570 0.5345658862
0.4204387296 0.5386802127
0.3958056262 0.5592519859
0.3975601036 0.5590793489
0.4122475270 0.5523128776
0.3741839024 0.5824321148
0.3716644427 0.6273308462
0.3719578249 0.5899687021
0.3713837932 0.7339790843
0.3703898671 0.8248021161
0.3704300274 0.8228381478
0.3704300273 0.8228462008
0.3704300217 0.8229782771
0.3708733478 0.7347021958
0.3707779887 0.7566409276
0.3716000166 0.7014929157
0.3737130429 0.5826654585
0.3734335773 0.5869264343
0.3788676112 0.5793124967
0.3741834994 0.5824345309
0.3734340666 0.5868069519
0.3734313121 0.5874855692
0.3719417774 0.6105270759
0.3718322020 0.6108987273
0.3718322004 0.6122855350
0.3718321987 0.6122855840
0.3717239971 0.6123886365
0.3717848433 0.6123588587
0.3716716595 0.6270448950
0.3716641921 0.6477836408
0.3716632109 0.6913229086
0.3715347028 0.7227182015
0.3715342820 0.7250609432
0.3715342798 0.7272405223
0.3715346028 0.7244560227
0.3715346044 0.7240278127
0.3715347027 0.7229646191
0.3707522627 0.7653364308
0.3707899488 0.7557997068
0.3707903674 0.7486878524
0.3707772843 0.7619236551
0.3707775839 0.7619236355
0.3707778033 0.7619198790
0.3707515721 0.7716054068
0.3707515717 0.7716212810
0.3707570571 0.7653346224
0.3707581194 0.7629123340
0.3707518063 0.7664674217
0.3707481152 0.7873622803
0.3706571128 0.8124856302
0.3706522770 0.8140106549
0.3707481857 0.7834052364
0.3707481604 0.7847822438
