0.5649751919 0.4537542370
0.5536697713 0.6546204707
0.7583159902 0.3920633657
0.5475130635 1.0616275715
0.5473482582 1.2168567649
0.5509304686 0.6634968825
0.6074435304 0.4001963311
0.5926831982 0.4072147862
0.5707936650 0.4145082268
0.5566970740 0.6495131228
0.5508861474 0.6637743938
0.5502532741 0.7577497584
0.5496593834 0.9319958681
0.5496421050 1.0014767442
0.5496421006 1.0143401518
0.5496726784 0.9252974200
0.5496727135 0.9252887739
0.5498503323 0.8632009720
0.5502126623 0.8036534781
0.5507622932 0.7576840264
0.5508126511 0.7367272774
0.5510030945 0.6626648946
0.5511515844 0.6626634721
0.5511580416 0.6626633727
0.5522620841 0.6598230099
0.5522623919 0.6598157973
0.5560556339 0.6509206686
0.5557503167 0.6509251372
0.5566718871 0.6495227542
0.5584905552 0.5570100127
0.5581235556 0.6358087507
0.5613480679 0.4867284052
0.5591569297 0.5399427680
0.5600883219 0.5395287860
0.5612930440 0.4879884304
0.7244188649 0.3934769520
0.6326279987 0.4001930563
0.6423351887 0.4001119307
0.5668987311 0.4178627467
0.5782558430 0.4113180553
0.5842731765 0.4094843377
0.5931820388 0.4068339756
0.5955246220 0.4067653740
0.6000623148 0.4066384099
0.6000481068 0.4067651947
0.5931820386 0.4068409139
0.5931369057 0.4068553127
0.5931354760 0.4068565921
0.5930013244 0.4069325274
0.5761373697 0.4120222198
0.5650149841 0.4530142554
0.5650185288 0.4530074191
0.5650256438 0.4513342123
0.5650976352 0.4310237636
0.5643809620 0.4567216622
0.5609477150 0.4950224738
0.5613436462 0.4879882469
0.5637669856 0.4608012548
0.5637372354 0.4608306157
0.5699087568 0.4170659916
0.5707929484 0.4148980369
0.5761584096 0.4113490039
0.5811667377 0.4112904112
0.5920073936 0.4094773246
0.6572513282 0.3982655309
0.6564129315 0.3984451410
0.6572512593 0.3982773213
0.7557106635 0.3928325417
0.8099150918 0.3918079959
0.7610436415 0.3918382773
0.7581784443 0.3926151415
0.7367762509 0.3934344841
0.7402872759 0.3934332291
0.7449231821 0.3933634922
0.7449196116 0.3934001829
0.7449492778 0.3933430772
0.7569455613 0.3926818519
0.7556873509 0.3928346145
0.7569255205 0.3926838696
0.7581775096 0.3926151508
0.7581618992 0.3926151512
0.7610394095 0.3918703407
0.7874073478 0.3918380765
0.7875392615 0.3918356428
0.8064426602 0.3918226818
0.8419948446 0.3914435557
0.8421684789 0.3914337101
0.9325623083 0.3905580221
1.0630366751 0.3905436970
0.9186655371 0.3905922908
0.8776026054 0.3911143938
0.9186992613 0.3905732065
0.8626184590 0.3911527053
0.8544228345 0.3913104466
0.8625259246 0.3912616136
0.8655923910 0.3911527044
