0.1175605247 1.1291167604
0.3799472971 1.0846661201
0.4142312166 1.0566669867
0.1050064017 1.2314311094
0.4982414778 1.0559701176
1.1560156743 1.0557813325
0.8400460013 1.0558999772
0.8486421430 1.0558953166
1.0137345700 1.0558025261
1.0112641459 1.0558359202
0.9536610618 1.0558917140
0.9535133644 1.0558917261
0.1912172662 1.0941391566
0.1215107064 1.1226478361
0.3864366700 1.0839215988
0.3851583763 1.0843870424
0.3849565926 1.0844435148
0.1745753637 1.0946451415
0.1745720845 1.1004951482
0.1745729893 1.0999655254
0.1439197820 1.1207674800
0.1016955757 1.3469548540
0.1105772212 1.1345176119
0.1049006230 1.3366915313
0.1101971508 1.1763700525
0.1266571881 1.1219344498
0.1453574227 1.1202080020
0.1431196512 1.1216357832
0.1270313643 1.1216411435
0.1256402389 1.1221061440
0.1213629307 1.1290424280
0.1106777864 1.1336793134
0.1072489605 1.1955083866
0.1072399218 1.2074674159
0.1067453163 1.2165235590
0.1067272872 1.2165235617
0.1067185876 1.2171372932
0.1067185872 1.2175977577
0.1067090947 1.2180153425
0.1066609307 1.2199531030
0.1066720110 1.2199514928
0.1050317535 1.2312885840
0.1012056812 1.6605011770
0.1010129185 1.7376258832
0.1017961916 1.3463547298
0.1016636064 1.5995265913
0.1016639038 1.4961029846
0.1011883514 1.7292799547
0.1011905944 1.7287609158
0.1008884333 1.8466039626
0.1007977974 2.3429288224
0.1007746422 2.5448302657
0.1010101540 1.7397009608
0.1008884342 1.8465843289
0.1008883757 1.9033925326
0.1008227460 2.1801941431
0.1007977910 2.3429358891
0.1007756613 2.3812939117
0.1007756597 2.3885682429
0.1007756631 2.3597120346
0.1008400061 2.1258589025
0.1008400080 2.1257476698
0.1008818873 2.1248699003
0.1008831357 2.1248551146
0.1008857692 2.1064784023
0.1008862094 2.0507566490
0.1008871372 2.0437446455
