0.7979549835 0.6884274995
0.7603739581 0.8055153001
0.8022148837 0.6832608675
0.7945286140 0.6893528769
0.7275088286 0.8307595538
0.7144529615 1.2963365694
0.7136897039 2.3527990472
0.7132337639 2.8181778943
0.7133813307 2.6966082854
0.7130992699 3.2799235265
0.7123590033 3.2893936166
0.7123589023 3.4329517181
0.7122978148 3.5392231810
0.7122702613 3.5905358512
0.7122314008 3.8700674817
0.7123237325 3.5098095929
0.7123207323 3.5098107948
0.7123242286 3.5058354693
0.7138823271 2.3393760067
0.7172882556 1.1142147836
0.7139952014 2.0204258422
0.7141587519 2.0046978558
0.7140031126 2.0204256517
0.7172884308 1.1134255358
0.7173849615 1.1132168305
0.7248232205 1.1054475607
0.7251397803 1.1033155276
0.7273834114 1.0792262948
0.7272896637 1.0979732490
1.0346528737 0.6811825706
0.7896170329 0.6988557841
0.7896204989 0.6988553020
0.7899781140 0.6977215641
0.7899779545 0.6977331930
0.7899780064 0.6977329209
0.7901855110 0.6972541416
0.7909169996 0.6962462753
0.7915545806 0.6962257084
0.7923857922 0.6895332393
0.7920280177 0.6898883113
0.7920231960 0.6902163313
0.7979441536 0.6885600055
1.0888915981 0.6789322936
1.2557685506 0.6780097634
1.4954808669 0.6760046357
1.5619006685 0.6755222084
1.4643985320 0.6760304823
1.4643957382 0.6760305995
2.3591966746 0.6754021113
3.0263807640 0.6753636051
1.6017635708 0.6754165840
2.3429079253 0.6754061364
2.3421613769 0.6754067046
