0.9954705389 0.2545582271
1.1800573883 0.2042887374
0.9362048915 0.3370668402
1.4611266667 0.1866308819
1.3189179520 0.1941583968
1.4973802848 0.1851305824
2.3198961725 0.1845025639
3.6205183051 0.1840659785
3.6191432594 0.1843082227
1.5152248864 0.1851117037
1.5224593954 0.1851117023
1.5277930484 0.1851116490
1.5396918172 0.1851004184
1.5421879762 0.1851002427
1.3189165311 0.1950114625
1.3189307682 0.1941376482
1.2937584127 0.2002141420
1.2940277245 0.1970215129
1.2235046845 0.2042025018
1.2237011268 0.2042024900
1.0819665397 0.2367803479
1.0333938834 0.2516093819
0.9280659040 0.4202882065
0.9898930618 0.3288601594
1.0336731029 0.2484367090
1.0261137739 0.2539694217
1.0259758862 0.2539694608
1.0335235146 0.2516080026
1.0815424209 0.2374090328
1.0809535832 0.2375738702
0.9910918894 0.2665756478
0.9910918682 0.3153639344
0.9898930600 0.3291427474
0.9898881393 0.3307862368
0.9876658532 0.3309660571
0.9278650436 0.4430347407
0.9323737633 0.3506947043
0.9311799650 0.3823704735
0.9275365852 0.4502430042
0.9274369793 0.5293731787
0.9273461040 0.7590839606
0.9275151911 0.4526773472
0.9275397202 0.4500220622
0.9294274529 0.3872643031
0.9669459420 0.3331442410
0.9669506890 0.3331442151
0.9361959704 0.3437589529
0.9329753506 0.3480550565
0.9329948954 0.3480460249
0.9317755316 0.3582930469
0.9282289292 0.4096025699
0.9285295400 0.3942868211
0.9294333139 0.3872628177
0.9278910888 0.4429741784
0.9278936720 0.4417916712
0.9278937212 0.4414927348
0.9279718073 0.4412339058
0.9280500130 0.4411611186
0.9287696762 0.3913859840
0.9288425665 0.3884522301
0.9285199277 0.3955362065
0.9285239555 0.3954697526
0.9285177558 0.3975753689
0.9285005317 0.3986670265
0.9285005299 0.4032027499
0.9283076155 0.4093790063
0.9282223133 0.4124409294
0.9282225733 0.4124182351
0.9281414818 0.4127847799
0.9281414785 0.4133543167
0.9278152129 0.4438189256
0.9275063331 0.4663970850
0.9273761401 0.6374955691
0.9273248676 1.9777233349
0.9273245340 1.9780265899
0.9273245127 2.0146149288
0.9273277239 1.9568189810
0.9273289881 1.9358712006
0.9273328709 1.9357512010
0.9273497483 0.7153037582
0.9273482608 0.7223378156
0.9273499286 0.7151966193
0.9273605884 0.7100023493
0.9273772172 0.6362429576
0.9273864206 0.6362429424
0.9273868440 0.6361744484
0.9274128437 0.6361744478
0.9274175587 0.6349990260
0.9274356682 0.6324445109
0.9274356628 0.6329333826
0.9274362627 0.6110035586
0.9274527484 0.5283763817
0.9274514501 0.5293468565
