0.8285627714 0.1904673367
0.8384219971 0.1870724715
0.8362078993 0.1893135258
0.0342187254 1.4350877525
0.8417963709 0.1825159263
0.8600553845 0.1787196209
0.8670530351 0.1785882356
0.8521802906 0.1790445834
0.8447758459 0.1801298111
0.8448845150 0.1801194787
0.8433355874 0.1808287063
0.8414352157 0.1827306551
0.8667546406 0.1786903788
0.8852352846 0.1785823404
0.8853503535 0.1785688288
0.8853840510 0.1785675403
0.8866546441 0.1785656328
0.8868048272 0.1785615511
0.8868020077 0.1785615518
0.8875286933 0.1784805774
0.8889857260 0.1784767732
0.8876650534 0.1784778867
0.8667546069 0.1787100012
0.8698390690 0.1785827253
0.8698361511 0.1785831806
0.8601234687 0.1787188356
0.8593615312 0.1787199117
0.8580307270 0.1789642982
0.8586036965 0.1788627577
0.8586445801 0.1788315535
0.8586445664 0.1788523795
0.8407134121 0.1839089647
0.8407133499 0.1839222711
0.8402370497 0.1841500610
0.8399476465 0.1861289414
0.8384556471 0.1867729742
0.8384623016 0.1866813138
0.8303072583 0.1904492933
0.8285627718 0.1904672470
0.8285517976 0.1927188566
0.8285517976 0.1927272366
0.8285192960 0.1937916976
0.8285302462 0.1937785301
0.0334190162 1.4829395075
0.4730870037 0.6011176141
0.4488440591 0.6037244392
0.2638947544 0.7844089247
0.2740874821 0.7825810004
0.3567056771 0.6788778697
0.1413771924 0.9232359295
0.0953061255 1.1437197615
0.0390913356 1.2981855295
0.0919100420 1.1597185592
0.0914600500 1.1659797715
0.0462939426 1.2757826834
0.0342163701 1.4828228107
0.0342163700 1.4828228626
0.0342187255 1.4350874961
0.0375080184 1.4131367725
0.0376394305 1.4125702022
0.0610576989 1.2752721666
0.0616492351 1.1662987473
0.0616493033 1.1662987453
0.0616455424 1.1874451131
0.0616314971 1.1880597077
0.1093127504 1.1066196227
0.1096388400 1.0129058157
0.2821321868 0.7623251715
0.1413870606 0.9211386601
0.1517908510 0.9178336840
0.2711552779 0.7826060504
0.2638881451 0.7867143274
0.2638995352 0.7832993361
0.2636764722 0.7961953987
0.2638204298 0.7941999348
0.2638204059 0.7953091664
0.2636738851 0.7966337491
0.2636738791 0.7978577569
0.3512085539 0.6946168419
0.3586529832 0.6777141538
0.3586522303 0.6777609272
0.2202392474 0.8260392182
0.2154254929 0.8543857750
0.2187187317 0.8356618359
0.2165047314 0.8375926246
0.2165046910 0.8402089795
0.2154257360 0.8467197335
0.3393016282 0.7067945055
0.1815832063 0.8707472055
0.1797952555 0.8799430482
0.1815336465 0.8795246488
0.1815336465 0.8723620250
0.2457389052 0.8064374895
0.4084408932 0.6257926539
0.6193778735 0.5121109593
0.5117342952 0.5325167266
0.5117016338 0.5327858994
0.5379693571 0.5256771634
0.6387744856 0.5061590109
0.4997733603 0.5350172203
