1.1697978512 0.5297856940 0.8749348125
1.0697560934 0.3449047635 1.2495806555
0.8396040296 0.4685171758 0.9836121158
2.5126182554 0.1932912616 0.6325327227
1.8023581143 0.3049450854 0.1821230362
1.5327781229 0.4541539428 0.5701442067
0.2722173517 0.3112306791 1.4334256108
0.1729265789 0.3665986848 2.2790287823
0.3493586620 0.6777439387 1.2347832636
0.3493448522 0.7144887712 1.2363256824
0.3939225985 1.1958857278 1.2213204948
0.2180716799 1.4158074576 1.5698043356
0.3493586606 0.6138878163 1.2351965558
1.3580086926 0.6230923805 0.4604348450
1.5107379230 0.5759733408 0.1961517630
1.6526933879 0.3801572463 0.7887380985
1.4506835323 0.2978382441 1.1312840818
1.6630221601 0.1675694310 1.0051238465
1.4403690756 0.2702265343 1.3171341974
0.8395878338 0.7472718163 0.9828639914
0.3493462579 0.6916858652 1.2367858866
0.3897358070 0.3090566042 1.6453444221
0.4818761813 0.6975079660 1.1548625175
1.7162785900 0.3173540424 0.4998418213
1.2580023295 0.9056853176 0.5893149811
1.0522271653 1.6120931611 0.7180389658
1.6546610273 0.3798168604 0.7886819670
1.4323451477 0.2703369808 1.3166346557
1.4402525999 0.2700290896 1.3719587425
1.4322706197 0.2751598187 1.3029899984
1.4322710872 0.3036452329 1.3003664908
1.4322711316 0.2978062511 1.3003665330
0.2067189552 0.3723156274 2.0623059276
0.3061102305 1.2661378383 1.4218117119
0.6039171187 1.0095316574 1.1208129189
0.3915257671 1.1946172331 1.2213435023
0.4012845663 1.1819826538 1.2193916475
0.4078200186 1.1581468616 1.2193825919
0.4905213464 0.6858909659 1.1548639310
0.4703278790 0.7078992387 1.1670235973
0.4703290701 0.7078927426 1.1670235973
0.4740939342 0.7078897002 1.1712763289
0.4785751022 0.7065337861 1.1712858046
0.4785760323 0.7061294889 1.1619163886
0.4795519294 1.0225784861 1.1619162846
0.4800267322 1.0253836329 1.1534273093
0.4800027047 1.0346271548 1.1534307357
0.4799370532 1.0349183066 1.1534297994
0.5159384637 1.0064923508 1.1438045494
0.5537336989 1.0020989289 1.1479080666
0.4810114776 1.0031606778 1.1469984532
0.5171514188 1.0064920854 1.1437937304
0.5171715588 1.0095229102 1.1435986449
0.5824765333 1.0077125405 1.1225975090
0.4703983427 1.6111680235 1.1005929913
0.4703415424 1.7301082933 1.1005771253
0.5616451381 1.9670393244 1.0988290713
0.5573494365 1.9670393244 1.0988300535
0.6962077582 1.7988742913 1.0936300668
0.7710995329 1.6367386368 1.0500884043
0.8006571145 2.1039775626 0.9634756183
0.6485685605 1.7507194010 1.0980040595
0.4703987054 1.4160672197 1.1143393053
0.4440579080 1.3925107684 1.1935734023
1.0775200538 1.6028300941 0.6357757592
1.3831091907 1.9390418362 0.3755238777
1.0522252490 1.6116365024 0.7180393156
0.3077020368 1.2633613132 1.4215514535
2.2551919792 0.2012326020 0.3215978806
1.6030594433 1.1721558917 0.1460611195
1.6036544567 1.2756939091 0.1459670228
1.3115546500 0.5003675921 0.8774700104
1.2580024887 1.0377487508 0.5825960776
1.2579852404 1.0143222966 0.5826183700
1.2579498753 1.0569102607 0.5837029039
1.2579498753 1.0569015236 0.5837033569
1.2579502453 1.0569015062 0.5837033497
0.8406611203 2.1038008250 0.9634756101
0.8674613268 0.4703333319 0.9824338445
0.8672107480 0.4704205289 0.9768631665
0.8866581551 0.4704205281 0.9355797168
1.2276794128 0.4698000353 0.9327009985
1.2276794117 0.4706583330 0.9328633964
1.1665100252 0.5288836217 0.8765562533
1.3510075743 0.5288835192 0.8762733855
0.7721595588 0.1631392029 1.5550308005
1.4260621492 0.6230626882 0.4544827692
1.4260659999 0.6230422979 0.4545190383
1.7904240658 0.3048460680 0.9224573009
1.7901595770 0.3052191119 0.8426513922
1.7900995286 0.3059273039 0.8426514967
1.7663763662 0.3058838450 0.8650474483
1.4301692327 0.2515524302 1.4481581528
0.1738882819 0.3669531460 2.2746391773
0.4312120398 0.3479354394 1.4206907087
0.4297564906 0.3560226032 1.4104069508
0.4297562866 0.3560161652 1.4115285439
0.3982163995 0.3797849918 1.4115320545
0.4615446536 0.3797849918 1.4078304756
0.4615446547 0.3470788006 1.4079977724
