0.6166901566 0.2795566789 1.4233774357
2.1129935458 0.3022494058 1.1695896383
2.2839168881 0.1942506481 0.8149262002
1.5952153418 1.4233354875 1.0410706594
0.2456433230 0.4135031452 1.4267088695
1.3090217918 0.1686810403 1.7004947542
1.2613471714 1.0980148162 1.1218904105
2.6705404401 1.2220370502 0.8109654559
1.9250729054 1.3416460843 0.7905874080
2.1434126920 0.8936553515 0.8768151930
1.9304907468 1.3340245623 0.8866020639
1.9364556500 1.3340246721 0.8866019279
1.9241806901 1.3416478274 0.8842664519
1.9250728963 1.3702125886 0.7757566967
1.6884145941 1.7190393779 0.8739477498
0.5176951908 0.7546550757 1.3344049572
0.7526090922 0.6856547382 1.2410189784
0.4142771001 1.8532722347 1.2015341586
1.6360695505 1.8156496814 1.0200891586
1.5882183506 1.8156495260 1.0305960617
1.5875641489 1.8176057414 1.0172212150
1.5756670743 1.9018777363 0.9377285309
1.5840768796 1.9254778889 0.8802012175
1.6882942521 1.7189714615 0.9859492496
1.8050702260 1.6790284253 0.9859492496
1.8466535094 1.4697359235 0.9352611015
1.8468107435 1.4711966136 0.7987174937
1.8475396158 1.4697359144 0.9352614173
1.8171061637 1.4713258252 0.7475236643
1.8171038480 2.2430311926 0.7475211785
1.8179466902 2.6545321014 0.7475146868
1.8180514507 2.6545320951 0.7475147059
1.8181373970 2.6545289526 0.7475147059
2.3289011733 2.0074842363 0.6543526456
1.8269079180 2.0148609222 0.6285803730
1.8267388946 2.0074842363 0.6543768115
2.2617731673 2.0261522169 0.6285377701
2.6320509482 1.6004509327 0.6300376872
2.6320509471 1.6004512934 0.6300377213
2.6318297386 1.5866653968 0.6300691573
2.6318297386 1.6013662985 0.6281434248
2.9950830638 1.6013662979 0.6292507181
2.9874716604 1.1588872712 0.6453030682
3.0964050228 1.1591380522 0.6452863017
3.3393883864 0.8766318846 0.7719788328
3.2523271466 0.8766318869 0.7718842166
3.8013003880 0.8766288404 0.6781649466
2.2910683069 0.1622837451 1.1282500728
2.1130424736 0.2995515102 1.2445541682
2.1130423946 0.2238177587 1.2450076112
2.1124153557 0.2235423587 1.2540863462
2.2712180086 0.1624589537 1.1333104259
2.2684217911 0.1624741663 1.1333227760
2.2859742817 0.1661837001 1.0558700195
2.2836830971 0.1942600796 1.0570529036
2.2839827629 0.1928771865 0.9226826432
2.3365311896 0.1632413915 0.9470382271
2.0645613508 0.1597132247 1.6482615178
0.7067057723 0.1312311829 1.9684603656
1.8960052037 0.1183127798 1.9690569234
1.3939669883 0.2221600788 1.5313287551
0.5176840873 1.1956971562 1.3331605800
0.4369970668 0.4239765900 1.3506224580
0.1425866587 1.8601031732 1.5798108311
0.1239370536 0.7797283664 1.8142559293
0.0735887708 1.4551990145 1.8144079264
0.0943963622 2.2492881004 1.6980184458
0.1428991759 1.8601216605 1.5795616352
0.0735886824 1.5175422716 1.8144079156
1.3939669883 0.2513688425 1.5312983072
1.3939669874 0.2477807337 1.5577779591
0.4404614684 0.1629150026 2.0593109046
0.3173619783 0.2824953366 2.0329381690
0.4471525269 0.1629488676 1.9692722466
0.3422372414 0.2517857079 2.1834473379
0.3328076472 0.2627239626 2.2037775428
0.3173619783 0.2858827969 2.0323886457
0.3421565845 0.2603576469 2.1825259401
0.3488460458 0.2487908532 2.1826275091
0.4055465932 0.2389804646 1.5688630035
0.7065601972 0.1311269417 1.9834682635
0.4384737431 0.1631466062 2.0593140951
0.4611674836 0.1620816523 2.1939734147
0.4663405517 0.1620816517 2.1939734008
0.4889674420 0.1618904274 2.1939725844
0.4471525269 0.1667673098 1.9692659795
1.8957705611 0.1183109602 1.9718672634
0.1746058312 0.4137534983 2.5069350487
0.1762964053 0.3155054724 2.5148887860
0.2550438259 0.4135016967 1.4267102609
0.4369652025 0.4230132323 1.3512699573
0.4405108991 0.4335646243 1.3491150823
0.4393698237 0.4335953886 1.3490874077
0.4393698223 0.4336049160 1.3450412759
0.7625540439 1.3427124611 1.2408960069
0.7627230533 1.3426734534 1.2408958321
0.7690872459 1.3479889446 1.2408956251
0.4352408006 1.8542232587 1.1789297191
0.5388022751 1.9681058445 1.1788695086
0.5489163627 1.9680654190 1.1632348205
