0.0736202342 0.8948838716 1.3812001232
1.4279688285 0.8785882009 0.8043717256
0.2282684529 0.2999961219 1.2529950754
0.2500541658 1.3445636123 1.1300098238
0.3181213018 0.7664361892 1.0519183955
1.2832978763 3.0272565159 0.9031291752
1.2832978582 3.9820776965 0.9051643670
1.2831023452 4.2700231452 0.9100676825
1.7452654609 1.2018802414 0.6847744346
2.8780144413 1.7674177168 0.4541330723
2.0645486622 0.7427846034 0.5133368578
2.0463277183 0.8133679730 0.7239683447
3.0897149603 1.7665893301 0.4415791886
3.1222177154 1.7666296355 0.4406909072
3.1237842389 1.7666320478 0.4406908806
3.6158103054 1.9327771938 0.4395344327
0.2929584981 1.0454468257 1.0758837609
0.6314466001 0.2947288336 1.2653253955
0.8182808491 0.1428602062 1.1453440852
2.0717786084 0.3971076045 0.5137578601
0.4546068876 0.3558299495 1.1447933293
0.1900273793 0.1556301275 2.0943704843
0.5120527817 0.5854900924 1.0365121749
1.6295661488 1.2673314301 0.7867280605
1.5645990097 0.8576906993 0.8870723297
1.5646012278 0.8568107001 0.8870727089
1.4255343108 1.3098894258 0.7993879969
1.5292166656 1.2717802857 0.7994232017
1.5957668031 1.2673206130 0.7885409959
1.5718949888 1.2673022834 0.7899158057
1.7111137021 1.2822761187 0.7758697629
1.6292672646 1.2737554730 0.7792338962
1.7573964695 1.0711992145 0.6856454149
2.0363081449 1.2018789570 0.6839761527
1.7571949581 1.1767423414 0.6860270678
1.7576936991 1.1773223362 0.6856379433
2.0492777823 1.0711992143 0.6857045314
2.8590481423 0.3961730027 0.5136488093
3.0060160799 0.3985740010 0.5136128816
3.0832070359 0.3956863964 0.5148700738
3.0144270661 0.3958016221 0.5145225037
3.2456276400 0.3958016100 0.5145222202
3.5673413075 0.3898931149 0.6385213618
3.5669902675 0.3898645107 0.6466402311
4.3833621581 0.3611196147 1.0194442176
4.2036390810 0.3581421360 1.0218032458
4.2036390810 0.3581623361 1.0218032457
4.2036225086 0.3580367134 1.0218032651
4.0049047032 0.3602498302 1.0216401623
3.9858141526 0.3602646214 1.0216401764
2.1962631143 0.3028624189 1.0433996261
0.8860522768 0.1356674585 1.5006832086
0.3219685757 0.0915200465 2.5469805689
0.2501387728 0.1573268997 2.0867511873
2.7405889982 0.2766080051 1.0543254131
0.2231388430 0.2704464687 1.6742455721
0.8150242904 0.1630005822 1.1475993502
2.2037892795 0.3005457890 1.0550706158
2.8407749496 0.2766058862 1.0543254131
0.4924474825 0.0639252085 2.2099809764
0.3472975747 0.1469298835 2.0214896299
0.3072273551 0.2325010713 1.4978420791
0.1288859474 0.5555329102 1.4746762732
0.1120295219 0.2104548740 2.3613733423
0.1894524083 0.3201763458 1.3334788915
0.1045622753 1.0248273005 1.3050651842
0.4566924498 0.3060818684 1.1383215393
1.4462153433 0.4953456236 1.1158587133
1.5120345585 0.1003475834 1.3087488189
0.3000339830 1.0937350240 1.0753512396
0.4731025431 0.2846500101 1.2982497198
0.7330974855 0.1046588153 1.5903016824
0.8860511972 0.1356685994 1.5018740205
0.4700744058 0.2852907079 1.3108157404
0.4700741821 0.2847001500 1.3113373112
0.4700515996 0.2847058893 1.3113410345
0.4548586224 0.3558297854 1.1448335374
0.4566923120 0.3558297854 1.1448334982
0.4759293309 0.2999816622 1.2529911719
0.4762700117 0.3001320331 1.2521802266
0.4762722267 0.2999816629 1.2529898188
0.1699693666 0.4218545311 1.1612404214
0.1848337277 0.8046906138 1.1500745696
0.2687588328 1.3444709405 1.1359004714
0.2500434429 1.3566361382 1.1300112236
0.2434059207 0.7727314535 1.1462418412
0.2429840968 0.7671793333 1.1491020433
0.3173632355 0.7664362025 1.0526549607
0.3843944816 0.7602498628 1.0525502154
0.3837744576 0.6960314272 1.0525515440
0.4795947687 1.4046435665 1.0279338614
0.4795583126 1.4663326254 1.0404849725
0.1184593481 0.7885379085 1.6942158975
0.1260761963 0.1350882509 2.3976786299
0.1045606786 1.0248273005 1.3298765289
0.1419480960 0.8738139094 1.3005619223
0.1664902428 0.5781653460 1.2136008723
0.8867850865 0.1428727330 1.1426972697
1.0323940763 0.1222379628 1.3067173989
1.5118444061 0.1191875902 1.3028058474
