1.8821702735 0.8494242660 0.2267023363
0.4974452692 0.4010649523 1.4679304538
0.5115152491 0.3878453158 1.1394686405
0.3695346785 0.4297260557 1.4651988754
0.1562344297 0.5827370121 1.5087284797
1.1939698866 1.4145065271 0.9747094407
1.4993930640 0.9594830561 0.8396603326
1.3190747942 0.9650709954 0.9243853537
1.7670672369 1.2149463437 0.4705213544
2.2533357753 0.5805051070 0.4723767090
0.6487868766 0.3598019524 1.2403144343
0.3678112819 0.1423740332 1.5105862618
1.2484257318 0.1544993601 1.4384330554
1.2625834661 0.1144819745 2.0421066259
1.5810800853 0.1339042656 1.1842558381
2.8450525060 0.0437548401 1.5294810989
2.1094153015 0.0820284183 1.8884947807
0.1446025806 0.1864247169 1.9478567943
1.4012439961 0.1741579561 1.1585756038
1.6728777591 0.3388963848 0.6958755139
2.4391170666 0.5323870634 0.5493026633
2.1026230271 0.2451783589 0.6094683164
1.8094845062 1.0399877303 0.5748029040
2.9264642661 0.0805081670 1.2749285061
2.9264654493 0.0804964092 1.2753964878
3.3027035835 0.0797640783 1.2637058026
1.6677139924 0.1753068314 1.1223071042
1.6694739037 0.1699852958 0.8558597650
2.1094102447 0.0820316704 1.8838682644
0.5351223334 0.1337708637 1.5106109924
1.6971014937 0.1038501450 1.1888622292
0.1446060521 0.1864108612 2.2219409046
0.9107231980 0.4425340892 1.1258843026
1.2621766556 0.1250092776 2.0419174358
1.8094845031 1.0399894966 0.5384821871
1.7670200051 1.2231570041 0.4723635216
1.7670201317 1.1510158123 0.4723631425
2.2966674894 0.6007836986 0.2812976273
2.3862031423 0.5989887189 0.2750365579
1.8834262408 0.8492404678 0.2120293202
1.8834249311 1.0466651267 0.2124696906
1.8491967213 2.2101699997 0.2126869199
1.8124966406 2.2156299319 0.2125750844
1.8128433779 2.2108473419 0.3402689328
0.6487844570 0.3598016109 1.2428601684
0.9254962974 0.3602463996 1.1258843026
0.9232963220 0.3595939138 1.1394735710
0.5041693906 0.5837299475 1.1077624166
0.5309262545 0.5952137094 1.1015348297
1.0434288427 0.5725469938 1.0772258648
1.6690495371 0.5316870175 1.0618813154
1.5661688128 0.5934972074 1.0613688286
1.2527535651 1.3999688757 1.0613835685
1.1868592183 1.4001918273 1.0572127450
0.9386618847 1.5754335838 1.0457907942
0.9006478665 1.7080672954 1.0172690390
0.9820614932 1.5754334600 1.0483053319
0.8904002378 1.5481840346 1.0853478969
0.8904644122 1.5481686634 1.0903056775
0.8172609210 1.5386151308 1.0903057704
0.8172609210 1.6684632061 1.0902456884
0.8367793481 1.6672013807 1.0896503288
0.8369872139 2.0083387777 1.0833158253
0.8367830482 2.0088763529 1.0895471427
0.8455174343 1.9818358649 1.0848881177
0.8509327156 1.9694682063 1.0762798540
0.8610941848 1.9813225690 1.0761077384
0.8576694628 1.9818146308 1.0761693329
0.8577329023 1.9694610742 1.0762808679
0.8710407414 1.9319510674 0.9817754650
1.3891050457 2.1043984620 0.4386283297
1.2659471117 2.4205760492 0.4164654830
0.8714737838 1.9524443684 0.9815042587
0.9631051395 1.9870216013 0.9814527236
1.4400144830 1.8840351866 0.4808756346
1.5272224724 1.1173092003 0.5281547893
1.3902501832 2.0657261861 0.4386283412
1.5314564265 0.7233377489 0.6256340092
1.5314740969 1.1160466383 0.6221552217
1.5314553091 0.7541230514 0.6256303319
1.5348956781 0.7538016006 0.6256303319
2.1183641486 0.2448368172 0.6094683179
2.1276501331 0.2393004025 0.6242746059
2.1224044172 0.2234709373 0.6244763529
1.4012427532 0.1644704037 1.2730130292
1.6699507964 0.1688657782 0.8524969291
1.6700005054 0.1688658324 0.8083059158
1.7029945415 0.1339042085 1.1841917461
1.6969290874 0.1339042535 1.1888638095
0.5003939302 0.1423015713 1.4676939639
0.5001618317 0.1423015323 2.5610294574
0.5180197641 0.1422230028 2.5611573367
0.3497697370 0.1423088655 2.8300876936
0.3497567091 0.1423089806 3.5005071884
0.1119405539 0.5731834207 1.8860801918
0.1525164198 0.5840554904 1.5149233275
0.1489132523 0.6010166604 1.5116885297
0.0882529172 1.7467328261 1.5089597901
0.1479882920 1.7447004459 1.4946201224
0.0860173549 0.2377486457 1.9529777483
