0.9179856786 0.0936669209
0.5336957160 0.3173314725
0.0000000000 1.1137465136
0.2189028340 0.5744947453
0.4884343245 0.3435132699
0.4714441462 0.3489507898
0.2695433519 0.5242638907
0.5548096127 0.2908626640
0.3867198428 0.4136387146
0.2043779643 0.6013423255
0.3464441461 0.4486079212
0.1372081238 0.6754342805
0.5703430181 0.2895213089
0.9692393746 0.0437103631
0.8230476536 0.1155929708
0.4728666548 0.3449241763
0.9688725574 0.0476673173
0.0082111778 0.9882209544
0.2813803128 0.5161568756
0.4436111957 0.3763667117
0.0235607634 0.8991650416
0.7501313731 0.1642286566
0.7187505976 0.1892270728
0.7226568477 0.1888322607
0.9692393709 0.0444207574
0.7226568495 0.1888045339
0.5976568494 0.2675241307
0.9712001253 0.0434050847
0.9688878162 0.0476544587
0.9714441467 0.0422856978
0.1293956238 0.6822874345
0.0423663929 0.8610949028
0.0469074399 0.8562009282
0.0157471122 0.9521293504
0.0001221122 1.0718227709
0.0006113052 1.0540455048
0.2839441451 0.5081560774
0.0357689979 0.8791703159
0.0737800748 0.7738588391
0.2182618829 0.5872760833
0.7182618833 0.1938273664
0.2177736016 0.5878160300
0.6719971128 0.2139640801
0.5079384293 0.3269980011
0.1564028358 0.6474697739
0.0040383460 1.0051078970
0.0234375000 0.9406480517
0.0234375010 0.9350509966
0.0000000307 1.0999815668
0.5703430330 0.2884302040
0.5713195955 0.2875692220
0.8230438389 0.1156068376
0.8210907139 0.1167178884
0.0710983501 0.7861500702
0.0097663449 0.9722558789
0.5976568475 0.2707203083
0.5079383995 0.3345171618
0.5245399620 0.3220655088
0.1251528357 0.6925108602
0.6251221091 0.2441563141
0.0003681602 1.0639540074
0.0059931278 0.9882395373
0.0626835824 0.8073926405
0.0352807166 0.8888480166
0.0045266273 1.0008536996
0.0117325829 0.9600613034
0.0117850350 0.9526489161
0.7657563731 0.1549317667
0.2839367541 0.5096876234
0.3632928751 0.4379123461
0.0273461491 0.8975087729
0.2878582629 0.5056778978
0.2695432923 0.5326409324
0.4492198280 0.3633614992
0.1647033823 0.6466857293
0.2187507164 0.5843072163
0.0058710575 0.9970671881
0.0585961491 0.8179246395
0.0722663450 0.7791159062
0.3444962551 0.4645072551
0.4728628401 0.3449746077
0.1796894820 0.6296290745
0.4106456241 0.3982920520
0.1564028339 0.6487540539
0.2189028349 0.5743850066
0.2187504780 0.5845677844
0.2344973099 0.5679673365
0.0937582265 0.7551245745
0.3034832629 0.4999504711
0.3112957629 0.4962067101
0.4323895131 0.3862888098
0.9492198284 0.0504986445
0.4493419132 0.3632378722
0.3868419131 0.4130106780
0.4362957631 0.3825868214
0.4067393741 0.4024306028
0.4692393741 0.3540951557
0.3464441452 0.4505758635
0.2839365157 0.5099597532
0.9231113670 0.0800473056
