0.5161743169 0.3096124895
0.0039097071 1.0106714791
0.0000000373 1.5145162699
0.0000004768 1.1197866563
0.0351592340 0.8580191400
0.9791870126 0.0377454935
0.3405821550 0.4523009664
0.8093569435 0.1320453022
0.8447588690 0.1144446067
0.0173416250 0.9377573462
0.7422182641 0.1697101277
0.6409303701 0.2301309299
0.0075998344 0.9789678733
0.4240890224 0.3777496196
0.2161884608 0.5682106297
0.2612304951 0.5192687885
0.4003908712 0.4152421230
0.4084640373 0.3899946842
0.1218264775 0.6979493668
0.3237304951 0.4600428009
0.0704517663 0.7805509193
0.0574885030 0.8105198278
0.4709640224 0.3426666654
0.3613439820 0.4417360944
0.0000019222 1.0754263178
0.6897048957 0.1993042555
0.3772140372 0.4185926579
0.7851573236 0.1419238519
0.8930189785 0.0857389902
0.5450439905 0.2913810546
0.8447283514 0.1164749502
0.9226231695 0.0688123827
0.9459838876 0.0613667882
0.6128252890 0.2627456004
0.8615890228 0.1044767484
0.4570379355 0.3665537483
0.5960160499 0.2645578255
0.0420265347 0.8439255759
0.5042114421 0.3296078718
0.2441408711 0.5538029978
0.6128863242 0.2627052443
0.7034303702 0.1881349676
0.6172259083 0.2468287049
0.8789063719 0.0872755273
0.6897659308 0.1985446034
0.5940629249 0.2703439138
0.5647660499 0.2859044095
0.6744157697 0.2101089238
0.6822282697 0.2053586685
0.0532250628 0.8205439217
0.0989536048 0.7438751030
0.0085759387 0.9650295571
0.1875038298 0.6058552219
0.0676883460 0.8034924291
0.1037616898 0.7236681262
0.0520786047 0.8295990876
0.5784301922 0.2741600742
0.2187843474 0.5658896193
0.2344093474 0.5639786927
0.1719093473 0.6201591483
0.1738624723 0.6150822659
0.1582374723 0.6356468698
0.1660499723 0.6258174723
0.0398600772 0.8477956990
0.9772338876 0.0448423235
0.9479370126 0.0601640980
0.9590686047 0.0480859666
0.8385620125 0.1236442896
0.1489296706 0.6693289494
0.0019836500 1.0270796063
0.5239906316 0.3015420107
0.8809815672 0.0871273123
0.6487428552 0.2236254774
0.7246400292 0.1881344380
0.9121095714 0.0747876690
0.9434359911 0.0631526304
0.3613744996 0.4407203757
0.0952841342 0.7524252953
0.4006350119 0.4126201629
0.6172259102 0.2467685356
0.6172258953 0.2595202292
0.1179812626 0.7088051051
0.5784301912 0.2774902954
0.5784378215 0.2741548064
0.6487427360 0.2280421020
0.0021057203 1.0268665638
0.4084640224 0.3908263673
0.9235997320 0.0644876622
0.9079747320 0.0825678507
0.7661743171 0.1493512930
0.0085759983 0.9638392709
0.8015442051 0.1351379117
0.8013000496 0.1384999028
0.7973937996 0.1400713240
0.5161781316 0.3096098251
0.0239296705 0.9086131154
0.1954517664 0.5947724155
0.1966572108 0.5931343969
0.2152118983 0.5712034673
