0.9765644269 0.0348832429
0.2646562515 0.5268665070
0.0434576273 0.8499124195
0.1894534288 0.6037790192
0.6796905069 0.2106342433
0.8145294197 0.1351969531
0.0000000009 1.2628995567
0.0723266751 0.7758256137
0.7434089805 0.1714673678
0.6135278946 0.2479325532
0.0554199834 0.8157953130
0.5949710026 0.2650379484
0.4308538515 0.3799476624
0.4765644227 0.3517365176
0.0822830201 0.7528155999
0.6503906256 0.2366883710
0.7495155341 0.1529816777
0.0001226366 1.0224273682
0.0209350884 0.8998848544
0.2070934774 0.5852330642
0.2228151711 0.5698944620
0.0029339939 0.9908816905
0.3262481692 0.4783173846
0.6026840309 0.2609139218
0.5640871539 0.2877899079
0.7751865990 0.1491852436
0.0290356893 0.8800411468
0.0434576422 0.8476759031
0.1848185129 0.6092827859
0.0921708980 0.7401031739
0.2529339942 0.5304463338
0.5122224246 0.3117447504
0.7070939547 0.1895192197
0.8598634050 0.1053118861
0.4570934777 0.3598226580
0.0309048919 0.8750594417
0.0391483643 0.8512264932
0.0000000298 1.0864884762
0.1093750010 0.7116139444
0.8921510176 0.0856974115
0.2978534701 0.5026754386
0.3126240534 0.4788773836
0.3438740534 0.4478108708
0.1251226367 0.6745276984
0.4072322849 0.3973190828
0.5434724247 0.2930647394
0.0434724242 0.8303496014
0.9152851132 0.0755388364
0.1419068874 0.6627418699
0.9394534593 0.0518589424
0.6804506729 0.2093287937
0.6805117081 0.2092072575
0.6796903877 0.2119546060
0.6528368151 0.2185200679
0.2382815548 0.5572923858
0.6337900205 0.2397495072
0.1691935129 0.6271571136
0.7892457291 0.1446738620
0.0122077502 0.9381522054
0.0000000000 1.6139802796
0.7070934779 0.1916695704
0.6894534591 0.1978457636
0.0068402439 0.9618251173
0.4931708951 0.3324815531
0.8164062545 0.1211123680
0.5660413658 0.2815431468
0.5820642752 0.2716973126
0.5846253676 0.2709036318
0.3281575007 0.4646936210
0.7892457310 0.1430829898
0.4867289825 0.3463999372
0.2978535297 0.5015049450
0.9001865991 0.0791231774
0.0640872131 0.8007462395
0.0156269232 0.9188420703
0.0000839569 1.0725302392
0.0000152886 1.0828891680
0.0000152923 1.0817589486
0.0000763275 1.0765410059
0.2891483645 0.5047863220
0.2891407351 0.5091223085
0.0703887940 0.7824270881
0.0703735352 0.7825895938
0.8750000362 0.0912134177
0.8750000045 0.0961039168
0.2265632807 0.5669541364
0.2268074213 0.5650013794
0.7265644341 0.1757741543
0.2392581173 0.5570611440
0.1650431484 0.6378508334
0.4937774469 0.3231930321
0.4937812616 0.3229606868
0.9937763447 0.0269883825
0.6713877066 0.2149367390
0.0058636814 0.9767400808
0.0117230564 0.9405664662
0.0117232949 0.9405660380
0.6528368002 0.2303751880
0.0822768212 0.7538621603
0.6132837540 0.2499783425
