0.0000001490 1.3388026191
0.5976944664 0.2715139245
0.8458634623 0.1124848365
0.5508194590 0.3039006339
0.1113283812 0.7234689614
0.9688167600 0.0545994376
0.9013768145 0.0853879992
0.1333238726 0.6880381150
0.5984276399 0.2650562931
0.6269548374 0.2394666502
0.6572380240 0.2377552479
0.5450287224 0.3061385925
0.5058670775 0.3277107567
0.9427586207 0.0611325319
0.5683670776 0.2845668527
0.5508194664 0.3036575794
0.0002444088 1.0806195791
0.3694470267 0.4428627898
0.0102548599 0.9700753039
0.5781556597 0.2835205076
0.9708634643 0.0401352915
0.0049515301 1.0060668955
0.4082341235 0.3896825048
0.6591877943 0.2243114899
0.5332112317 0.3094233232
0.2109453270 0.5817391018
0.0258798599 0.9130254543
0.0314952294 0.9056342587
0.0315104882 0.8875019100
0.1875154620 0.6249009091
0.1953203550 0.6023995726
0.8379006841 0.1227319556
0.0195999146 0.9255121822
0.1255037432 0.6905639747
0.8223062016 0.1321716807
0.0175781781 0.9675473415
0.0664072233 0.8091637049
0.0664682585 0.8079566956
0.8769536027 0.0899094538
0.1640792323 0.6416876052
0.0029297564 1.0178917766
0.1446013452 0.6730854375
0.0195924044 0.9326446114
0.0195618887 0.9557588204
0.0196008682 0.9249435855
0.0395517387 0.8873290715
0.0051576495 0.9894446774
0.0258799792 0.9129901149
0.0480967788 0.8443089258
0.0334655205 0.8874140050
0.6133194665 0.2580883184
0.0022136131 1.0604117763
0.0450287816 0.8495590517
0.0450287220 0.8534692192
0.5449982048 0.3061608470
0.7216839806 0.1872090951
0.1211283283 0.7074656067
0.1113283803 0.7248938699
0.2788850370 0.5053442777
0.5781558906 0.2819840112
0.5782169258 0.2818526662
0.1191408812 0.7130586504
0.7519536025 0.1624826173
0.8458633431 0.1125163492
0.3458633426 0.4536072476
0.5671773418 0.3011546995
0.7832112320 0.1426228695
0.1880037432 0.6241920693
0.1255036836 0.6946157926
0.1958086362 0.6013675787
0.2098098995 0.5939564428
0.6757818029 0.2078344270
0.8438168195 0.1194724702
0.9101568031 0.0832795320
0.2666783633 0.5223260587
0.8127528511 0.1339295080
0.2671666446 0.5194936060
0.2749787870 0.5110478956
0.2749787572 0.5110884892
0.8244716011 0.1261533388
0.1142961384 0.7145618205
0.8439990364 0.1171216335
0.3296209111 0.4795742987
0.0830461384 0.7655892672
0.6192019159 0.2547083678
0.3779606860 0.4273025966
0.4786683344 0.3289300470
0.9708634624 0.0414782412
0.4092106860 0.3890362479
0.3779301647 0.4354399749
0.5341877942 0.3061813102
0.6591839796 0.2280700801
0.6591839806 0.2269219079
0.4451599461 0.3815344190
0.2371536496 0.5492614358
0.0857859851 0.7624396202
0.0857859888 0.7616731812
0.0207826495 0.9208896787
0.0830385090 0.7742810390
0.0508195758 0.8152661667
