0.9971022699 0.0692127061
0.7208254502 0.5622196365
0.4194376622 0.8654710711
0.0005074814 1.0318244517
0.9433756526 0.1574156635
0.0787545518 1.0175025607
0.9892602060 0.0825239267
0.0000000000 1.0600359691
0.9610031256 0.1406819971
0.7475590843 0.4905381275
0.8219161041 0.3777141309
0.8125038155 0.4086866720
0.5884639664 0.6860027142
0.1751411112 0.9951757311
0.7519689619 0.4890072991
0.1402669010 1.0100848861
0.5315021728 0.7531447344
0.4485023622 0.8419877813
0.7541561376 0.4765225487
0.7598346516 0.4733665100
0.7824787356 0.4385048853
0.5548099396 0.7279842517
0.9590922016 0.1454957112
0.7397468237 0.5010024502
0.7553714968 0.4762992120
0.8203163155 0.4001469352
0.1402668992 1.0136056451
0.4283488024 0.8549629441
0.7619686376 0.4729758095
0.5392154572 0.7476790661
0.4263956774 0.8630994593
0.8945331749 0.2461641361
0.7856487490 0.4361670039
0.8916021016 0.2717425148
0.5181514663 0.7615847558
0.8125077978 0.4006327652
0.8125077941 0.4085017145
0.2365353408 0.9744811366
0.9433613009 0.1766446749
0.5479170704 0.7416805986
0.7267154574 0.5210197500
0.5481611514 0.7350532080
0.8896599308 0.2733832655
0.0000615120 1.0381034036
0.0000000633 1.0476559513
0.0000000075 1.0518223072
0.2813225391 0.9539726352
0.4646156444 0.8277268357
0.0805856065 1.0148048385
0.2505074816 0.9709259979
0.0007515028 1.0311026642
0.0003056526 1.0372202958
0.0000691414 1.0379453332
0.2500686648 0.9730736761
0.2500687244 0.9727730184
0.2832756678 0.9530554995
0.2520256678 0.9699246461
0.2559318582 0.9694317753
0.2637443582 0.9655823490
0.3848267834 0.8990440490
0.7636798963 0.4639310074
0.5324787353 0.7525153017
0.7509769655 0.4903055938
0.7824787207 0.4405341111
0.7824710913 0.4406201972
0.7822269656 0.4413767075
0.9283488029 0.1929472396
0.9244425529 0.2154552492
0.4903412466 0.8067357503
0.7306217092 0.5151864471
0.1477973612 1.0044181244
0.3977663670 0.8803146866
0.3977053169 0.8897659520
0.4864046578 0.8182377207
0.9414081750 0.1824098316
0.8789081749 0.2819345486
0.7475593227 0.4905378949
0.9267602097 0.1982297522
0.9892888162 0.0729816718
0.9433756489 0.1748838277
0.4686744823 0.8241209375
0.8730468758 0.3056780669
0.2197876016 0.9816809537
0.9658522699 0.1263336770
0.8437540539 0.3439976505
0.5728237038 0.7136789795
0.9267602059 0.1988647990
0.7267154592 0.5207099306
0.6717836863 0.6020989954
0.9892897699 0.0723042337
0.5103226309 0.7815051695
0.3157356608 0.9396154899
0.6363530165 0.6450511072
0.5259639663 0.7536324038
0.5728226309 0.7188057424
0.8218998917 0.3801332630
0.5718998914 0.7203985670
0.6353759921 0.6762203428
0.6353798068 0.6733270532
0.7208938773 0.5458544472
