0.4260559384 0.1490153569
0.0872804523 0.7150964993
0.6406448843 -0.2604682194
0.6425827505 -0.2669916549
0.6445313456 -0.3394379589
0.6406410696 -0.2565724600
0.6289082529 -0.1857652855
0.6601563456 -0.3441342109
0.8789082234 -0.3663777286
0.8789158537 -0.3825508699
0.6289082231 -0.1334868802
0.0489504040 0.7779089507
0.1865236482 0.6885001762
0.1881412288 0.6771549421
0.0703277626 0.7215851507
0.0283236848 0.8609760181
0.0000000000 1.0676375949
0.0703277589 0.7230467583
0.0020792559 1.0086590266
0.0324253142 0.8578881185
0.0567629040 0.7450741373
0.0324558318 0.8575272157
0.0139484741 0.9352380138
0.0020754412 1.0087025190
0.0048866291 0.9955619739
0.0197754801 0.8968258870
0.0546895760 0.7736112960
0.0439453125 0.8031172043
0.0361385960 0.8125782791
0.0264894367 0.8613708313
0.0003744066 1.0543017722
0.0158773363 0.9263973284
0.0559082646 0.7662823314
0.1920204816 0.6448629577
0.0669254084 0.7320229559
0.1894840022 0.6533018104
0.4112916025 0.2713541197
0.1933902522 0.6252645537
0.4395144157 -0.0319015625
0.4395148926 -0.0320331396
0.4395150118 -0.0362880545
0.4434365206 -0.0579402014
0.0089113116 0.9522515703
0.4449501694 -0.0790114162
0.4303036113 0.0719416827
0.2272958907 0.3932085398
0.2315677565 0.3671473471
0.0245363116 0.8827020862
0.0559235234 0.7662400283
0.0009803791 1.0288329504
0.1972808877 0.6228818023
0.2244192401 0.4095069972
0.2343754882 0.3618312369
0.0177004039 0.9120253787
0.0986385961 0.7050379969
0.4379892353 -0.0137698334
0.4396060709 -0.0513334217
0.4396058325 -0.0512264444
0.4394533657 -0.0298231251
0.4434212618 -0.0578796039
0.4505615276 -0.0858885969
0.2375769617 0.3290121389
0.2385834495 0.3234988292
0.2451174261 0.3121558133
0.2272958758 0.3932215898
0.2346472742 0.3444638201
0.0186769366 0.9107430253
0.0186769664 0.9068389240
0.2180338839 0.4625790761
0.2346777918 0.3401560641
0.2024088839 0.5831853623
0.2141275445 0.4857544605
0.2453775408 0.2967538088
0.2366003992 0.3319412360
0.2375764849 0.3311078040
0.0091554523 0.9471474428
0.0139179565 0.9360311664
0.0139189111 0.9358875917
0.0119657861 0.9420350971
0.0285678255 0.8580457682
0.0547506111 0.7735068595
0.0469381111 0.8026593995
0.0976620336 0.7119311760
0.2226620337 0.4262610838
0.2231503150 0.4213819113
0.1929970441 0.6348124314
0.4449462932 -0.0675204864
0.4527587932 -0.0892994228
0.4530029338 -0.0910687095
0.0606691540 0.7437486957
0.0611574352 0.7425671445
0.1865236463 0.6906305807
0.1855470838 0.7033141311
0.1855547132 0.7032683588
0.1855547141 0.6977931854
0.4189587547 0.1685669637
0.4361621145 0.0026399820
0.4191117319 0.1636648749
0.4269218458 0.0791541316
0.4112992318 0.2636366967
