0.6255073628 -0.1857917713
0.0000014538 1.2727566414
0.2343750002 0.3832842423
0.4388127629 -0.0247815188
0.2188110354 0.5195513426
0.2034302402 0.6219505398
0.2208253445 0.4765140090
0.0598235299 0.7741153166
0.0781860576 0.7361178238
0.4375610365 0.1218817070
0.2351093378 0.3457172998
0.2036743389 0.5843304720
0.2065430965 0.5512336127
0.2260066422 0.4487107000
0.0293275286 0.8929306310
0.0030213613 1.0451580295
0.2503373048 0.3281976561
0.2541558149 0.3194366894
0.2541520002 0.3272744026
0.2370606747 0.3350614381
0.2503363511 0.3295861203
0.0000916775 1.2506504712
0.0186463613 0.9783602719
0.0097962786 1.0137758465
0.0295792986 0.8738429563
0.2034302365 0.6242590691
0.2348632815 0.3773569278
0.2348632824 0.3754946933
0.2348938000 0.3687542528
0.2348938298 0.3677074574
0.2351074230 0.3621029925
0.2368165341 0.3362816339
0.2377930966 0.3312952459
0.2066651668 0.5502950139
0.2208258214 0.4755713058
0.2208252253 0.4801279861
0.2208261790 0.4718267799
0.0904235990 0.7065783045
0.4534001653 -0.0362181257
0.4221501652 0.3067116014
0.4534612004 -0.0364280281
0.4544377629 -0.0479649069
0.4387822453 0.0119143906
0.4387817685 0.0393960859
0.4387818877 0.0380493316
0.4387208525 0.0653674950
0.4387208535 0.0649146077
0.8238067644 -0.4227441763
0.8252335496 -0.4380071324
0.8286286302 -0.5251098080
0.8504638717 -0.7326858586
0.8271808632 -0.4846782155
0.8286285408 -0.5045642966
0.8394317644 -0.6615673813
0.8319212830 -0.5613267014
0.8394268163 -0.6587235559
0.8267314442 -0.4769142173
0.8341582137 -0.6083683189
0.8403930821 -0.6982650745
0.8404235997 -0.6988843067
0.0865173564 0.7118911539
0.0860290752 0.7263605537
0.0859985576 0.7345464040
0.2056274639 0.5543014752
0.2055664325 0.5631616514
0.1899414325 0.7048202290
0.1901855731 0.7036443371
0.1940918194 0.6601777776
0.0125126839 0.9894762349
0.0125136376 0.9887253428
0.0120253563 0.9902644879
0.0208754558 0.9378615439
0.0208831001 0.9374955953
0.0286956001 0.9111134497
0.0286956039 0.9028533206
0.0429930836 0.8272047780
0.0595871434 0.7916452776
0.0400406272 0.8624764257
0.0400468279 0.8552123134
0.0561525096 0.7953410421
0.6334123934 -0.3102169919
0.6416019692 -0.3821599871
0.6316461569 -0.2789391519
0.6352691656 -0.3115947900
0.6367187552 -0.3382982014
0.6367197052 -0.3384689730
0.6421969846 -0.3891048482
0.6438944513 -0.3898637493
0.6438944588 -0.3900486817
0.6480563596 -0.4206197742
0.6328277929 -0.2999362756
0.6328278078 -0.3000907073
0.6373186434 -0.3617959883
0.6412208980 -0.3785830217
0.6372079902 -0.3390139467
0.6372079920 -0.3406447848
0.6372118067 -0.3417228272
0.6372118365 -0.3417256582
0.6289072089 -0.2548301485
0.6367187515 -0.3382974387
