0.4394667153 0.2008814118
0.2329178473 0.3723216066
0.4477539067 -0.0366404509
0.0948529924 0.7477619385
0.0157528091 0.9991727464
0.2292562148 0.4069603767
0.2457275393 0.2998193916
0.0000007898 1.2201518435
0.0000001071 1.4364147068
0.0274668355 0.9043797150
0.0048873657 1.0469725106
0.0000058068 1.1256241536
0.0405294085 0.8140998377
0.0000003129 1.2721016665
0.0551778460 0.7600991971
0.0009823693 1.0820111466
0.0235605864 0.9375779952
0.0561544085 0.7574308134
0.2413562548 0.3509723696
0.2418445360 0.3453851172
0.6505746885 -0.3506312514
0.6328396822 -0.2488742852
0.6374173208 -0.2928522141
0.6367459322 -0.2901211170
0.6427621885 -0.2966737118
0.6427698179 -0.3026861223
0.6413049741 -0.2928639356
0.6452131315 -0.3465433159
0.6452112241 -0.3461548567
0.6461877866 -0.3500649710
0.6540002866 -0.3624400572
0.6540002829 -0.3593802290
0.6328396859 -0.2504851097
0.6347928109 -0.2729035091
0.6347930437 -0.2801384897
0.6348235613 -0.2802746048
0.6349456316 -0.2883652357
0.1920509349 0.6997248359
0.2359619143 0.3596483445
0.0048892731 1.0469569013
0.0166233452 0.9806632118
0.0167454155 0.9754644637
0.0157528166 0.9987620294
0.0087958230 1.0327797066
0.0235605855 0.9419852784
0.8339863576 -0.5845463154
0.8378906258 -0.6456607288
0.8359384545 -0.6147699877
0.8437500008 -0.6740625560
0.8437807884 -0.6929492950
0.8437812653 -0.6943766833
0.8440263596 -0.6948296602
0.8457956639 -0.7235255430
0.8457794216 -0.7230319317
0.8443145778 -0.7213136953
0.8471837219 -0.7373341988
0.8239903625 -0.4094432508
0.8273431368 -0.4634564316
0.8253900118 -0.4259103853
0.8222962197 -0.3901049013
0.2446365973 0.3242395461
0.2280393562 0.4125135066
0.2290120742 0.4081742042
0.2299924812 0.4000009261
0.1902008654 0.7052137734
0.2457580578 0.2973448674
0.4415442650 -0.0159460449
0.4497070317 -0.0583493864
0.2145080578 0.4907971217
0.2222905236 0.4410735877
0.2188874494 0.4769047908
0.6183824713 -0.0986060249
0.6169524813 -0.0673596149
0.6235370726 -0.1829716300
0.6191435490 -0.1175656614
0.6191434894 -0.1174350932
0.6191415811 -0.1057517074
0.6171884561 -0.0716108748
0.6173412079 -0.0786478195
0.6226310903 -0.1712589022
0.6225700552 -0.1705993650
0.6225662405 -0.1671980830
0.6208003840 -0.1399810265
0.6206247850 -0.1374026943
0.6198123774 -0.1202536881
0.6235981077 -0.1833788152
0.0405294011 0.8271783670
0.0327169011 0.8638097388
0.0322286198 0.8835602760
0.0322267199 0.8981566903
0.0323491777 0.8771217537
0.2379150393 0.3519500691
0.2457275402 0.2976181672
0.4493751539 -0.0456112892
0.4430274977 -0.0340045100
0.2089843761 0.5624398951
0.1899567248 0.7083098082
0.2177734377 0.4820800123
0.1975252630 0.6287638674
0.4516601567 -0.0593862222
