0.0000326931 1.0012206618
0.0000307560 1.0012206665
0.3669567652 0.5151282301
0.8582177915 -0.4285136902
0.8752217534 -0.6409643028
0.5242204941 0.3103323607
0.6998266081 -0.1538769698
0.6861586717 0.0691745341
0.1782718815 0.8926934960
0.3750516115 0.4843289424
0.0471707518 0.9516166260
0.0458467026 0.9526194654
0.0522912844 0.9491138913
0.0523523195 0.9490983972
0.0523520811 0.9490984570
0.0513640736 0.9493927953
0.0537308166 0.9488441618
0.0537309358 0.9488441480
0.0537271211 0.9488445911
0.5137253287 0.4819717685
0.0508757923 0.9495720020
0.0542154024 0.9487997162
0.0508757961 0.9495720005
0.0522607668 0.9491211746
0.0523843477 0.9490945842
0.0523842285 0.9490946137
0.0523861358 0.9490941411
0.6961663698 -0.1088355342
0.6821175019 0.1599376787
0.6860162268 0.0721808434
0.6857646263 0.0775576031
0.0474624746 0.9514140444
0.6857799149 0.0772294632
0.0545626171 0.9487825423
0.6856394212 0.0802490288
0.0455471464 0.9528660505
0.0475101890 0.9514046722
0.0475111427 0.9514040242
0.0513755186 0.9493888598
0.0514407671 0.9493707370
0.6856200385 0.0806682915
0.5250972002 0.2983337744
0.5155064701 0.4498378320
0.2128613304 0.7449239038
0.6882786282 0.0255117569
0.6882791051 0.0255022653
0.5442285375 0.1621234002
0.5225620787 0.3341415917
0.6866088665 0.0597017836
0.5215855162 0.3488231721
0.5176795046 0.4119577083
0.5176184694 0.4129956116
0.5172429136 0.4194142545
0.5215247194 0.3497526949
0.0000326633 1.0012206618
0.5157247079 0.4458970951
0.5235372079 0.3199636721
0.5163951214 0.4341052548
0.6868712592 0.0541730016
0.6868407416 0.0548011232
0.0480082045 0.9510531502
0.0498245368 0.9500307568
0.0498245666 0.9500307424
0.0447265115 0.9535708698
0.0483682855 0.9508277019
0.0513755177 0.9493888601
0.6858941565 0.0747877363
0.6858942161 0.0747864613
0.6858946930 0.0747762610
0.6856200348 0.0806683717
0.6865965973 0.0599029090
0.5393771180 0.1717041394
0.5194754512 0.3823160440
0.6997653346 -0.1532235258
0.5224202075 0.3364635643
0.5230781739 0.3265825682
0.5191727583 0.3871320201
0.5191728776 0.3871300677
0.5191738312 0.3871144485
0.5163646038 0.4346388161
0.5302954684 0.2364774098
0.5151587497 0.4560031424
0.5151586901 0.4560042097
0.0444578641 0.9538121517
0.6857646561 0.0775569634
0.6862681961 0.0668218913
0.6856089036 0.0809066596
0.0481473143 0.9509649435
0.5246678102 0.3041537708
0.0480082641 0.9510531121
0.0480158935 0.9510482393
0.1730101138 0.9290874294
0.5426776591 0.1632174092
0.1900197027 0.8174096699
0.0458467622 0.9526194173
0.0513186967 0.9494125995
0.0356936967 0.9639381846
0.0532718217 0.9489126970
0.0532718814 0.9489126874
0.8749559344 -0.6404997202
