0.0452866219 0.9530841480
0.3452431749 0.7309528749
0.3759598484 0.4829432190
0.0000000298 1.0000000000
0.2023957672 0.7616899746
0.3752486430 0.4839645006
0.3676864788 0.5110079023
0.3782375701 0.4815126740
0.3762250881 0.4826389807
0.3781764753 0.4815143901
0.3762250900 0.4826389787
0.3762250863 0.4826389828
0.3762252055 0.4826388521
0.3752486439 0.4839644991
0.3752634045 0.4839328145
0.3753859143 0.4837392278
0.3753854999 0.4837480711
0.3753854990 0.4837480725
0.3753816843 0.4837539701
0.3751375437 0.4841475245
0.3751375139 0.4841475744
0.3751375101 0.4841475807
0.3750134803 0.4843515002
0.3759979535 0.4828967115
0.3760020643 0.4828886471
0.3760650730 0.4828141152
0.3763064997 0.4825437009
0.3762463093 0.4826076236
0.3762781353 0.4825791836
0.3752566309 0.4839492144
0.3752565713 0.4839493106
0.3752565788 0.4839492985
0.3752565769 0.4839493015
0.3752565779 0.4839493000
0.3752718366 0.4839247400
0.3752648974 0.4839301140
0.3610336393 0.5575196460
0.3748255934 0.4847426869
0.3758748755 0.4830476250
0.3774561634 0.4816911024
0.3774061588 0.4817101187
0.3609726041 0.5580347010
0.3609724849 0.5580357085
0.3608504146 0.5590703241
0.3598738521 0.5675604188
0.3598738595 0.5675603421
0.3750213910 0.4843407467
0.3750058435 0.4843648255
0.3760815955 0.4827936768
0.3760968543 0.4827758347
0.3760949470 0.4827783983
0.0000000307 1.0000000000
0.3748179640 0.4847567595
0.6842573813 0.1105609347
0.5356952683 0.1908534398
0.5348155857 0.1969222120
0.5431110938 0.1627242626
0.5424133563 0.1636888180
0.5436632107 0.1623065661
0.5334587382 0.2073752732
0.0417612940 0.9566622433
0.5339417705 0.2035455285
0.5432973388 0.1625569440
0.5240547122 0.3158550980
0.5262607034 0.2830938727
0.3677017376 0.5109244751
0.3677022144 0.5109218698
0.3598897144 0.5674195138
0.3608662769 0.5589355542
0.3608662694 0.5589356174
0.3757658567 0.4831908574
0.3754571503 0.4836332979
0.3750218604 0.4843399307
0.8750217807 -0.6406803928
0.3773950165 0.4817180221
0.3778708013 0.4815537205
0.3759301727 0.4829802079
0.3759301653 0.4829802173
0.3759302845 0.4829800678
0.3759293308 0.4829812642
0.3774523487 0.4816927653
0.3774503818 0.4816936258
0.3781762369 0.4815144011
0.3762460708 0.4826078823
0.3767343521 0.4821418599
0.3757577896 0.4832016172
0.3757577598 0.4832018274
0.3767869811 0.4820992702
0.0507897763 0.9496054620
0.0507897800 0.9496054606
0.0507821506 0.9496084950
0.0507821581 0.9496084921
0.1760376731 0.9081059622
0.0507897875 0.9496054576
0.5223551658 0.3372253698
0.5370321698 0.1828384202
0.0173667735 0.9891253193
0.0507018669 0.9496406831
0.0476526581 0.9512848281
0.5186806009 0.3952806771
