0.0000001332 0.0000000037
0.0236915788 0.0000028620
0.8524150037 0.0000028610
0.1701715432 0.0000038166
0.6878330341 0.0000021458
0.6854134488 0.0000001490
0.0490276413 0.0000000009
0.0490276488 0.0000000009
0.0529338988 0.0000000009
0.0534221801 0.0000000009
0.5244121761 0.0000000009
0.0528118285 0.0000000009
0.5319111604 0.0000020275
0.5397236604 0.0000020275
0.3751443600 0.0000000000
0.8769769891 0.0000000000
0.5393792144 0.0000000009
0.5365481084 0.0000152886
0.7098331449 0.0000000000
0.5235440345 0.0000000000
0.0538004386 0.0000000605
0.0546743125 0.0000000000
0.0547386949 0.0000000000
0.0547234361 0.0000000000
0.0547233169 0.0000000000
0.6970348448 0.0000000000
0.0547385756 0.0000000000
0.0548453872 0.0000000000
0.0548456237 0.0000000000
0.0548457131 0.0000000000
0.0545058661 0.0000000037
0.0548151956 0.0000000000
0.5234817122 0.0000019129
0.5255088569 0.0000002384
0.5156869567 0.0000044201
0.5240370748 0.0000019073
0.5239786678 0.0000001341
0.7028640571 0.0000000000
0.6843149929 0.0000098050
0.0510471650 0.0000000149
0.0206340999 0.0000013215
0.5255471641 0.0000114515
0.0514520975 0.0000002682
0.7078792841 0.0000001937
0.7078792580 0.0000001937
0.7078791388 0.0000001937
0.7082692131 0.0000000075
0.6965501166 0.0000000494
0.6966452540 0.0000000000
0.6965842188 0.0000000000
0.6892600038 0.0000000000
0.6892597654 0.0000000000
0.7048847654 0.0000000000
0.5437333766 0.0000002384
0.0545363836 0.0000000037
0.0456756121 0.0000000186
0.5437333803 0.0000002384
0.7059887142 0.0000000019
0.6982342803 0.0000269115
0.7048838117 0.0000000000
0.7048799970 0.0000000000
0.7046358564 0.0000002384
0.1953239731 0.0000000009
0.6953163442 0.0000000009
0.5235442729 0.0000000000
0.5381806963 0.0000000000
0.5399654662 0.0000000000
0.5398433959 0.0000000000
0.6929179632 0.0000009835
0.6929179595 0.0000009835
0.6929178403 0.0000009835
0.6928872528 0.0000000168
0.6928911430 0.0000009835
0.6928912622 0.0000009835
0.6928917390 0.0000009835
0.6931351346 0.0000000149
0.7008413726 0.0000000000
0.2024369475 0.0000038147
0.7023441435 0.0000098348
0.6876606277 0.0000000149
0.1876606272 0.0000000149
0.1896137522 0.0000000149
0.7093771153 0.0000000037
0.1897203710 0.0000002384
0.1897213247 0.0000002384
0.1898433950 0.0000002384
0.1898213636 0.0000001490
0.6888327540 0.0000000000
0.1888327535 0.0000000000
0.1966452535 0.0000000000
0.7072938203 0.0000000149
0.6916688203 0.0000000149
0.6916669129 0.0000000149
0.6926434754 0.0000000149
0.6928735112 0.0000020638
0.1944378737 0.0000000298
0.7000894274 0.0000000000
0.1898218404 0.0000001490
0.7083302482 0.0000000075
0.0546741933 0.0000000000
