0.0000001267 1.0012207031
0.0000001192 1.0012207031
0.0000001229 1.0012207031
0.8695584637 -0.6052983188
0.7011403234 -0.1671168533
0.6954113037 -0.0980548594
0.7071173496 -0.2063741589
0.7071174092 -0.2063743616
0.7071174101 -0.2063752870
0.7090705351 -0.2115633365
0.7038395560 -0.1890101065
0.5225517028 0.3343567429
0.5438529556 0.1622419399
0.8661418854 -0.5684955792
0.3694260794 0.5022244345
0.3576595991 0.5881594445
0.8521752505 -0.2818880544
0.3581326067 0.5836070671
0.8585903857 -0.4366492613
0.8663434180 -0.5711334748
0.8652657083 -0.5560630315
0.8653737948 -0.5570180127
0.3617954258 0.5512180289
0.3616733554 0.5522117019
0.3713416302 0.4942927505
0.7038319266 -0.1889575762
0.7025392341 -0.1794066163
0.7042065903 -0.1916081300
0.6844866850 0.1054641561
0.0548496843 0.9487774010
0.1897812711 0.8188553626
0.1855526149 0.8445059040
0.6910417347 -0.0268794383
0.0470986963 0.9516671345
0.7001476890 -0.1572784264
0.3709844522 0.4956288608
0.1954368122 0.7890147109
0.6993606507 -0.1488209223
0.7001477188 -0.1572787354
0.3773202909 0.4817518070
0.0438342859 0.9543905447
0.0463232054 0.9522524497
0.5418846752 0.1644948177
0.0438323785 0.9543923557
0.5438381755 0.1622478825
0.5142682358 0.4721480350
0.5410837480 0.1662753235
0.6994235857 -0.1495171505
0.5244659917 0.3069251309
0.5393111953 0.1719590797
0.5393137210 0.1719474125
0.5182012958 0.4031450876
0.5393747562 0.1717122568
0.5393747636 0.1717122283
0.5413278887 0.1656804251
0.0463231979 0.9522524554
0.0463193832 0.9522554020
0.0517681018 0.9492605263
0.6854651549 0.0840187218
0.6854661086 0.0839980836
0.5245642239 0.3055977432
0.0527832322 0.9489997901
0.1963806564 0.7846560009
0.8766513857 -0.6434694141
0.3753716055 0.4838922907
0.8750172303 -0.6406721332
0.8751393015 -0.6409959652
0.8761158631 -0.6429197138
0.8761006043 -0.6428987813
0.8759785340 -0.6427209507
0.8750019734 -0.6406304243
0.8759785359 -0.6427209535
0.3778837140 0.4815511026
0.3760494668 0.4828316205
0.8760499385 -0.6428272461
0.3767251935 0.4821512952
0.8757810536 -0.6423262119
0.1973896988 0.7802095409
0.6974549784 -0.1260569516
0.6976471513 -0.1285065133
0.8661920259 -0.5691482246
0.8663074233 -0.5706249505
0.8678637900 -0.5898296711
0.5294213384 0.2457139851
0.0506356480 0.9496722753
0.0506356778 0.9496722630
0.0442378372 0.9540140752
0.5240106746 0.3132620868
0.0438314248 0.9543932613
0.5211313688 0.3558641922
0.0495458078 0.9501792713
0.0495458087 0.9501792708
0.0399280340 0.9585634555
0.0438333322 0.9543914501
0.5418851520 0.1644939043
0.5230970788 0.3263019310
0.7042068287 -0.1916096821
0.7046951099 -0.1946717930
0.7046951397 -0.1946719728
0.3749579847 0.4844490804
