0.1796095921 0.9999999706
0.2040285611 0.9999998841
0.1796279591 0.9999999650
0.1828263894 0.9999999583
0.2103057944 0.9999998313
0.2103585202 0.9999998309
0.2103585331 0.9999998309
0.1901850241 0.9999999381
0.1901850165 0.9999999381
0.2120294527 0.9999998164
0.1802521030 0.9999999638
0.1824402317 0.9999999591
0.1992841227 0.9999999013
0.1824404863 0.9999999591
0.2120298728 0.9999998164
0.2108990702 0.9999998301
0.2108991222 0.9999998301
0.2075637449 0.9999998516
0.2042323846 0.9999998737
0.2054954237 0.9999998657
0.1931574433 0.9999999277
0.1931574260 0.9999999277
0.1805407437 0.9999999632
0.1955095044 0.9999999184
0.1989627552 0.9999999028
0.1796951818 0.9999999649
0.1796279696 0.9999999650
0.1799109973 0.9999999645
0.1799109921 0.9999999645
0.2055075264 0.9999998656
0.1865613022 0.9999999489
0.1803489865 0.9999999636
0.1803489050 0.9999999636
0.1803489213 0.9999999636
0.1865612773 0.9999999489
0.1802213627 0.9999999639
0.1979319124 0.9999999077
0.1963858149 0.9999999147
0.2060023142 0.9999998624
0.2060023380 0.9999998624
0.1868230330 0.9999999482
1.0000000000 0.0000000000
0.2040283776 0.9999998841
0.2099369386 0.9999998488
0.2099240444 0.9999998489
0.2137976629 0.9999998005
0.2035956792 0.9999998861
0.1800245725 0.9999999643
0.1924804620 0.9999999304
0.1947862549 0.9999999216
0.2075511961 0.9999998517
0.1821598992 0.9999999598
0.2069917031 0.9999998556
0.2069918001 0.9999998556
0.2069918243 0.9999998556
0.1873518103 0.9999999467
0.1873534873 0.9999999467
0.1857302444 0.9999999512
0.1963808952 0.9999999147
0.1915490367 0.9999999336
0.1915157399 0.9999999337
0.1937387077 0.9999999256
0.1857781167 0.9999999510
0.1937477568 0.9999999255
0.1796151102 0.9999999665
0.1796153053 0.9999999665
0.2047606400 0.9999998719
0.2047844703 0.9999998718
0.2047845634 0.9999998718
0.2047845518 0.9999998718
0.1872551107 0.9999999470
0.1872550977 0.9999999470
0.1942630814 0.9999999252
0.1928189389 0.9999999290
0.1813395744 0.9999999618
0.1870492193 0.9999999476
0.1870525176 0.9999999476
0.1871053889 0.9999999474
0.1871059062 0.9999999474
0.1910531447 0.9999999353
0.1910694663 0.9999999352
0.9991212949 0.0090933565
0.7923823372 0.9025561478
0.9195754550 0.5676119270
0.9415377100 0.4525329584
0.9287863156 0.5223185268
0.9287863107 0.5223185524
0.1871054924 0.9999999474
0.9999991023 0.0000089782
0.2075637941 0.9999998516
0.8418900332 0.8211233383
0.9646584079 0.3023344581
0.9414892446 0.4529059037
0.9701168639 0.2616869555
0.9963040945 0.0363541957
0.6976709383 0.9726795875
0.9727269259 0.2415826539
0.6699186829 0.9817938033
0.8907599404 0.6855100471
0.8908353417 0.6852437352
