0.0458420534 0.0000000047
0.0489885826 0.0000009686
0.0477218768 0.0000038743
0.9999335045 0.0000000317
0.0472335956 0.0000038743
0.0465829121 0.0000088289
0.0465790993 0.0000088289
0.0519759041 0.0000319481
0.0528751361 0.0000009649
0.0531192767 0.0000009649
0.0505568097 0.0000000736
0.0505563329 0.0000000736
0.0505572865 0.0000000708
0.0505575249 0.0000000112
0.0505575268 0.0000000708
0.0482450333 0.0000000708
0.0482374039 0.0000000708
0.0482679215 0.0000000708
0.0531759887 0.0000200346
0.0456594071 0.0000385288
0.0528117558 0.0000153789
0.0502070385 0.0000305241
0.0516129258 0.0000003017
0.0448538047 0.0000019418
0.0448538056 0.0000020014
0.0488259420 0.0000052843
0.0471470999 0.0000200570
0.0498416592 0.0000012014
0.0471475246 0.0000200570
0.0471475171 0.0000200570
0.0471471018 0.0000200570
0.0471432871 0.0000200570
0.0506124078 0.0000003660
0.0504896194 0.0000076294
0.0500857998 0.0000012014
0.0500867535 0.0000012014
0.0498426129 0.0000011995
0.0498120953 0.0000011995
0.0498118569 0.0000011995
0.0447698348 0.0000077486
0.0447698366 0.0000077486
0.0447717440 0.0000001788
0.0445276108 0.0000011325
0.0445276183 0.0000011325
0.0508426363 0.0000166968
0.0518191988 0.0000166968
0.0497947922 0.0000008428
0.0537010422 0.0000006044
0.0533000371 0.0000153789
0.0528117512 0.0000153789
0.0533000473 0.0000153789
0.0523234830 0.0000153789
0.0533000455 0.0000153789
0.0466363254 0.0000002543
0.0523237214 0.0000153789
0.0525983191 0.0000038147
0.0458105104 0.0000314722
0.0457799929 0.0000314722
0.0530696624 0.0000078678
0.0466365638 0.0000002543
0.0466365340 0.0000002393
0.0466365507 0.0000002393
0.0466441801 0.0000002393
0.0466437033 0.0000002393
0.0446905783 0.0000002393
0.0444464675 0.0000307569
0.0537237404 0.0000314862
0.0537236212 0.0000314862
0.0494653602 0.0000024140
0.0493432899 0.0000024140
0.0493432908 0.0000024140
0.0493451981 0.0000024140
0.0493454366 0.0000024140
0.0466804412 0.0000307560
0.0465790974 0.0000088289
0.0466803816 0.0000307560
0.0467414167 0.0000307560
0.0493454664 0.0000005066
0.0467409399 0.0000307560
0.0456026607 0.0000003763
0.0467399862 0.0000307560
0.0455416255 0.0000003614
0.0455454402 0.0000003576
0.0455453806 0.0000003576
0.0528948326 0.0000009686
0.3384775169 0.0161162168
0.1607841199 0.0001221374
0.4358670790 0.0156250298
0.5026849699 0.0000155121
0.0146597261 0.0158691704
0.5584587441 0.0000307560
0.0522909686 0.0000063479
0.6387131816 0.0042115171
0.1878846438 0.0000004796
0.1091321913 0.0000643730
0.8084587444 0.0000307560
0.1113261731 0.0000052843
0.0528117521 0.0000153789
0.0733150766 0.0000195540
0.0594254258 0.0000002980
