0.0489643384 0.0000743959
0.0528979507 0.0000954047
0.0490959920 0.0000000158
0.0475777612 0.0000009853
0.0446073255 0.0000238717
0.0446035108 0.0000238717
0.0446035099 0.0000238717
0.0515505197 0.0000010002
0.0515505188 0.0000010002
0.0535036438 0.0000009835
0.0483571757 0.0000001201
0.0503103007 0.0000001201
0.0454896912 0.0000076927
0.0503103603 0.0000001201
0.0535036736 0.0000009835
0.0445645806 0.0000648517
0.0445645769 0.0000648517
0.0448102272 0.0000000009
0.0450700587 0.0000009686
0.0530153923 0.0000009835
0.0518910056 0.0000009984
0.0518910038 0.0000009835
0.0482288944 0.0000009835
0.0521351444 0.0000009835
0.0455186265 0.0000000037
0.0492180624 0.0000000158
0.0490960218 0.0000000196
0.0494190287 0.0000057379
0.0494190250 0.0000057379
0.0530163479 0.0000000298
0.0510632229 0.0000000298
0.0496631656 0.0000057379
0.0496631284 0.0000057379
0.0496631358 0.0000057379
0.0510632191 0.0000000298
0.0496021007 0.0000057379
0.0456130542 0.0000000028
0.0457596733 0.0000002794
0.0530552315 0.0000019092
0.0530552334 0.0000019092
0.0511021084 0.0000019241
0.7000060619 0.0000002980
0.0528979358 0.0000954047
0.0446341001 0.0001230240
0.0446350389 0.0001230240
0.0536275181 0.0000001341
0.0528626508 0.0000918210
0.0494937450 0.0000043176
0.0461626267 0.0000152988
0.0459184861 0.0000152988
0.0448111771 0.0000000009
0.0477323356 0.0000085840
0.0531319539 0.0000019381
0.0531319613 0.0000019381
0.0531319632 0.0000000307
0.0511785998 0.0000000307
0.0511788382 0.0000007460
0.0509346975 0.0000007460
0.0457601501 0.0000002794
0.0462672953 0.0000078799
0.0462711100 0.0000078799
0.0460269694 0.0000078799
0.0509423269 0.0000007460
0.0460260157 0.0000078799
0.0490497696 0.0000382662
0.0490507232 0.0000382662
0.0529569733 0.0000382662
0.0529588806 0.0000382662
0.0529588881 0.0000382662
0.0529588871 0.0000382662
0.0511648087 0.0000009853
0.0511648069 0.0000009853
0.0459721908 0.0000422783
0.0461255173 0.0000003455
0.0479537202 0.0000163978
0.0468421774 0.0000011921
0.0468417006 0.0000002384
0.0468340712 0.0000002384
0.0468339967 0.0000000000
0.0463246610 0.0000076294
0.0463227537 0.0000076294
0.4083393071 0.0058628488
0.3396978009 0.0084232502
0.0182461394 0.0000153817
0.6380849626 0.0020212531
0.6537099626 0.0020212531
0.6537099589 0.0020212531
0.0468340563 0.0000000000
0.5982169580 0.0000115335
0.0448102234 0.0000000009
0.4441537079 0.0000033379
0.6302897917 0.0044136122
0.6381032454 0.0044136047
0.8414961396 0.0000001937
0.9212658591 0.0006275438
0.2390856540 0.0009813914
0.4212573221 0.0004998483
0.2564475846 0.0002449192
0.5461255028 0.0000003455
0.5460654214 0.0000003455
