0.2083691645 0.9999998459
0.2083947140 0.9999998458
0.2084749968 0.9999998449
0.1799577511 0.9999999644
0.1799585132 0.9999999644
0.1799577959 0.9999999644
0.1796087500 0.9999999996
1.0000000000 0.0000000000
0.1870410709 0.9999999476
0.1870398128 0.9999999476
0.1844787928 0.9999999544
0.1798339472 0.9999999646
0.1844706946 0.9999999544
0.2013980083 0.9999998902
0.1953562954 0.9999999190
0.1942384136 0.9999999236
0.2053253232 0.9999998668
0.1904246873 0.9999999373
0.1867942824 0.9999999483
0.1903089147 0.9999999378
0.1903036085 0.9999999378
0.1889760507 0.9999999419
0.1920727012 0.9999999317
0.1860634257 0.9999999503
0.1954016323 0.9999999189
0.1954122073 0.9999999188
0.1816423916 0.9999999609
0.1818842838 0.9999999604
0.1816423781 0.9999999609
0.1837937286 0.9999999560
0.1837949654 0.9999999560
0.1837948881 0.9999999560
0.1802577844 0.9999999638
0.1816423646 0.9999999609
0.1798537707 0.9999999646
0.1986233801 0.9999999044
0.1952303866 0.9999999196
0.1952398517 0.9999999195
0.1838488724 0.9999999559
0.1838092884 0.9999999560
0.1844575753 0.9999999544
0.1814833423 0.9999999612
0.1801646771 0.9999999640
0.1796210076 0.9999999650
0.1798435763 0.9999999646
0.1798627838 0.9999999646
0.2142801929 0.9999997961
0.2112046437 0.9999998234
0.2116006643 0.9999998200
0.1841891335 0.9999999551
0.1841892952 0.9999999551
0.1841893760 0.9999999551
0.1841893811 0.9999999551
0.1841894013 0.9999999551
0.1999252833 0.9999998980
0.1995826187 0.9999998997
0.2013135440 0.9999998907
0.2097414279 0.9999998353
0.2097412239 0.9999998353
0.2110073913 0.9999998250
0.2090512377 0.9999998406
0.2109009401 0.9999998259
0.2051053632 0.9999998683
0.2109009271 0.9999998259
0.2108477597 0.9999998264
0.2107990434 0.9999998267
0.2107989397 0.9999998267
0.2125203731 0.9999998121
0.1833011862 0.9999999572
0.2109541377 0.9999998255
0.2101070810 0.9999998323
0.1886647673 0.9999999429
0.1889176615 0.9999999421
0.1898811288 0.9999999391
0.1893935652 0.9999999406
0.1893898020 0.9999999406
0.2101605078 0.9999998319
0.1796210065 0.9999999650
0.1884498560 0.9999999435
0.1884212358 0.9999999436
0.1942338309 0.9999999236
0.1954298152 0.9999999187
0.1806140236 0.9999999631
0.1804820331 0.9999999633
0.1821619352 0.9999999598
0.1920725688 0.9999999317
0.1806143279 0.9999999631
0.2050574234 0.9999998686
0.2012691730 0.9999998909
0.1844572420 0.9999999544
0.1844572524 0.9999999544
0.1995822855 0.9999998997
0.1995822751 0.9999998997
0.1995823584 0.9999998997
0.1889751298 0.9999999419
0.2116006513 0.9999998200
0.1860618930 0.9999999503
0.1813148624 0.9999999616
0.1904256757 0.9999999373
0.9992438958 0.0075353677
