0.5433648750 0.0000001017 0.9634516795
0.0000000718 1.0910998869 0.5838350360
0.0000000717 1.0894751817 0.5840409871
0.4593962191 0.3980145747 0.7995898740
0.7010933884 0.7406848921 0.0000062559
0.3162082840 0.3485446731 0.8915409908
0.8036157511 0.0031221568 0.6101948305
0.9285602461 0.2076431530 0.3115623926
0.3316905764 0.8161343141 0.4849524964
0.5932886109 0.8057208947 0.0921067913
0.4808834632 0.3978011207 0.7942491860
0.9503743260 0.3261522343 0.0082525700
0.9943971416 0.1287111778 0.0039785668
0.9364999143 0.3738065008 0.0024412250
0.8568751456 0.5308366935 0.0068955387
0.2199640063 0.9784906202 0.0528060165
0.2177703164 0.9687321830 0.1508545792
0.2323469461 0.9807757752 0.0100783710
0.1619173320 0.2117679233 0.9659216439
0.4575830773 0.2569184073 0.8589030448
0.5633129290 0.0051851648 0.8317899820
0.0000056513 0.0000175192 1.0051256612
0.8286580990 0.5329909800 0.1979865922
0.9407741517 0.1043311650 0.3307564761
0.9863327505 0.0614707345 0.1673970446
0.8958423221 0.2336931498 0.3894527642
1.0068842605 0.0050777947 0.0250470267
0.4301899419 0.8026749223 0.4295481828
0.3354600416 0.0692738760 0.9428457302
0.6339686981 0.6805846223 0.4073031743
0.1765434077 0.0365274013 0.9846892587
0.0422352377 0.3282291133 0.9466170929
0.9317249604 0.0081002794 0.3721494696
0.0510608280 0.1548868155 0.9881645717
0.1050318415 0.3416429668 0.9351796297
0.2250756963 0.2927171657 0.9336221339
0.2838889816 0.0966538088 0.9587396890
0.5447261651 0.2717229875 0.7973872090
0.0079499985 0.3037281402 0.9549463666
0.0336873085 0.8904257985 0.4594163973
0.0005432063 0.9833059063 0.2198808449
0.7203735937 0.7063576361 0.0004730825
0.3036412421 0.8678032249 0.3962974949
0.0106859314 0.0000003204 1.0709902091
0.9941953300 0.0197488981 0.1178933148
0.8411492050 0.0454754768 0.5442934617
0.0513515059 0.0392077000 0.9982038877
0.0346663453 1.0083072045 0.0004730838
0.4514187026 0.5030303160 0.7528654464
0.4110926503 0.3878506460 0.8285280548
0.7497969600 0.6587669919 0.1176550820
0.0872285227 0.4501219475 0.8927487952
0.4416512627 0.0705491367 0.8951273052
0.9499547167 0.0030830915 0.3248492649
0.0002354212 0.5439548391 0.8567112727
0.1736500278 0.1052793274 0.9864805273
0.0402525581 0.2356496490 0.9728326801
0.0400012414 0.2341783713 0.9731982513
0.3172574997 0.3795365737 0.8755798640
0.6525856185 0.1459523992 0.7562175935
0.5667911159 0.8279917321 0.0127960840
0.9915307256 0.1635912245 0.0000427634
0.0053102362 0.0016427915 1.0015354893
0.0830732726 0.0142657826 0.9985292579
0.4959744918 0.0027617666 0.8719270407
0.2489888999 0.5717702987 0.7905754239
0.8372409769 0.4612836889 0.3363086241
0.0144056939 0.7433194901 0.6817012667
0.9562720842 0.0366947163 0.3018473098
1.1379720805 0.0001108863 0.0004434638
1.0066388721 0.0000866496 0.1923304114
0.9191535691 0.0013913443 0.4017246564
1.0373353358 0.0000575207 0.4679439457
0.6998043590 0.0293979918 0.7166094356
0.3083720140 0.0021472015 0.9569428625
0.4130671417 0.5576750794 0.7242204639
0.6892847548 0.6758817809 0.2933346758
0.3675041472 0.8739279765 0.3417828849
1.0641132070 0.0000002008 0.3107877521
1.0678619495 0.0000002015 0.2977102331
0.2230367622 0.3856860734 0.8990152329
0.8348051477 0.1708145746 0.5426390979
0.1644933920 0.9361980816 0.3300946518
1.0170870185 0.0006860822 0.0472675567
1.0055426232 0.0067576811 0.0016781453
0.8817942227 0.4396606899 0.2004174693
0.2295051170 0.0056776902 0.9766666610
0.3904939068 0.1681087603 0.9125550524
0.6058911130 0.0083836044 0.8058190488
0.6251180189 0.8058379791 0.0000077957
0.5750105173 0.6187924689 0.5644491017
0.3136959329 0.7840618212 0.5643048675
0.5383884781 0.8258459907 0.1962875838
0.0006996037 0.0039703362 1.0003152271
0.0006992706 0.0039684459 1.0005827994
0.0005038983 0.0039979591 1.0005828300
0.9223230869 0.3901481035 0.0016712718
0.0542106831 0.9060301270 0.4340219242
0.0000011595 0.0000029627 1.0375892944
0.0000008609 0.0000030529 1.0334772398
