0.0021832914 10.1092214533 0.0181781985
0.0448798453 5.8493107782 0.1418805998
0.0001263805 0.0724495002 4.3154817521
0.0002061179 0.0001286281 5.9976891339
0.0235509324 0.0214565888 4.3073363789
2.8800541009 0.0578952736 1.4989297109
3.7232516058 0.4036249012 0.3845944584
5.3579801183 0.0427765753 0.0122825300
0.0909271930 5.8033096669 0.1418846603
0.0289130649 3.9406208160 0.4758003102
2.7164871409 1.3511439940 0.0291994035
0.3198538965 0.0277227522 4.0314686394
0.2635269263 6.3529868968 0.0001231881
1.5111731255 5.8666227304 0.0002011420
3.7333580912 0.3342720977 0.0291993967
4.6296525659 0.0225402095 0.0540233023
1.3712469062 2.6195703125 0.4904177432
0.0017111297 2.3787718888 1.9508798363
0.9437295553 2.0065911715 1.4671424316
1.3326088467 3.2132149499 0.0156230427
3.7227613891 0.4035717680 0.3851458305
3.6297719716 0.4643945473 0.3821433807
3.6917780120 0.4723264414 0.3122047150
1.3488994233 2.9705708062 0.0235345792
0.0276428060 3.6111041238 1.3702150769
2.3258757353 0.4982829505 1.4590093887
2.3269196347 0.4968325222 1.4595923192
2.5006901522 0.4230657161 1.5112840426
2.4947011175 0.4220525828 1.5142281086
2.5130610860 0.4251583394 1.4990674897
3.1521860355 0.0633583965 1.2213816860
4.7442680235 0.0003391769 0.0945380741
3.9968263778 0.0007559180 0.5003019530
3.9975394179 0.0007560423 0.4997732900
3.4740939549 0.4971345905 0.4965433476
3.4749524946 0.4972574942 0.4954390129
1.4194368303 2.7116327857 0.3504053838
1.0434046106 3.0293678233 0.3318571666
0.1767355699 5.0188095928 0.0123771567
0.0909272374 5.8033125006 0.1418817822
0.9295568530 2.3092861743 1.3267129929
0.9398915380 2.3654920105 1.1254400791
0.9263954886 2.3124524663 1.3267150113
0.1180121996 3.1565734978 1.3413541252
1.6088800147 1.4920170327 1.2511406627
1.4184956380 1.2275844960 1.8816640853
1.5816843542 0.8198275461 1.9363205257
1.6766357288 1.3470353708 1.3166009950
0.0810217926 0.3024496385 4.0394759357
0.1839009283 0.7336000063 3.4291204521
0.0250769913 1.1384221351 3.8078884447
0.0210669919 3.8209429878 0.9562311802
0.2824477428 3.4237560660 0.7421541381
1.1261242744 2.5441968159 0.8165640645
0.1840167308 0.7329452590 3.4271258321
0.1996956709 0.7244700444 3.4543507514
0.1997097883 0.7244559469 3.4543520624
0.1997239731 0.7245074178 3.4542809510
0.1997733429 0.7246866354 3.4526041717
0.0810218017 0.3024495644 4.0394752515
0.0817711897 0.3017001587 4.0394750661
0.0817242050 0.3017462090 4.0394652222
0.0812515587 0.2999998952 4.0409947708
1.2974679505 2.9312682185 0.2579103461
0.9531156665 2.1532733215 1.3791812587
0.6638892624 1.6007264979 2.2956076741
0.6642559960 1.6016112582 2.2946343696
0.2680622474 3.4394035138 0.7424068416
0.2716685229 3.4357972380 0.7424068316
1.0433679280 3.0292613160 0.3319908625
0.0274213714 4.3953664946 0.3605356640
1.5832379047 0.8188520688 1.9367866202
0.3819803510 2.0182915204 1.9353207032
0.3772168792 2.0225731533 1.9349322014
0.0767104572 2.3047934191 1.9517164582
0.0017053278 2.3703278661 1.9593470968
0.0016691291 2.3703546319 1.9593393344
0.0015786110 2.2356278875 2.0941603688
0.0001257360 0.0714183102 4.3189315207
0.0001953834 0.0713250032 4.3175036454
0.0001962001 0.0713241870 4.3175036787
0.0001956556 0.0713247315 4.3175036787
0.0034109566 0.0501588914 4.3036339318
0.2042872552 2.7188293737 1.4536143133
0.2233988028 2.9732714854 1.1800914767
0.9910440446 2.3126796935 1.1247045744
1.7097630101 1.3729713547 1.2459488174
0.0001439817 0.0001196523 6.1895248777
0.0175723612 0.0001267996 4.4509844839
0.0267453868 1.2144274973 3.7302146870
4.7988403657 0.0221815939 0.0559841753
4.7445515960 0.0003391829 0.0942424983
4.7446953276 0.0003391904 0.0940947497
0.0432613927 7.2922519196 0.0005229229
5.6803343848 1.6269613792 0.0001420407
6.6110284882 0.7075372367 0.0001405849
0.0148621839 7.3355885373 0.0002926672
0.0001756874 6.9935449434 0.0299966293
0.7439688529 6.2592426000 0.0001309721
0.0224029120 6.8253761515 0.0120119666
