0.0000000948 0.0000006423 22.1912632373
0.0002127730 0.0001625169 18.4047634082
0.0001163652 0.0000425141 20.6550526790
0.0184209187 20.8323013237 0.2886726778
0.5290693738 20.8021308101 0.2883555026
0.0004305199 23.4138309938 0.2885222150
0.6530972427 33.1438227344 0.0000030553
1.6294708688 17.0181746796 0.0234341132
0.0125247752 19.7149212127 2.6583748845
13.7177611607 0.0302189261 9.7306491248
21.1211898336 0.0688853010 0.0042521603
19.1048133894 0.0092767029 4.7369366130
20.4265692067 0.0004896231 0.2587379045
15.1709998437 0.0297893303 7.7314896941
15.3328211925 9.7538362220 0.1259058099
0.9819513098 9.9661262530 13.6528661680
16.7632249452 0.6967634110 0.8764235872
0.0219429052 0.0144339391 16.0957690224
0.0742205173 11.5141654790 11.4723847188
0.0020354559 16.7223570152 15.3495921792
1.1750186316 15.4779800220 3.1766451162
0.6415650754 18.7215990287 1.8678048224
0.1087607198 21.3747359975 0.0330454234
8.4000495977 0.2913739719 13.8236634600
14.7244319450 6.0292884258 0.6178155329
0.3871933079 0.0796276989 15.9051617478
2.7987208658 0.0060897108 16.4498025906
0.0235806885 17.3912569255 10.2171694012
0.0032835494 25.5963728839 0.0062651018
0.0000001197 0.0000000437 21.7700247856
10.7813151247 4.3210435276 11.4844657929
5.4818398832 0.0733872935 15.4994561678
6.5545323641 8.3150871969 11.8445745489
10.5396410785 3.3448031444 12.3893505936
13.1887751677 8.6049728284 0.6070793293
0.1503175521 5.2303026184 15.8038031442
0.5305400977 16.0541223445 2.0151029272
7.9838988259 14.0782065873 1.8078539839
13.8508824127 4.8625232387 8.3593464463
11.9693937576 11.0452634482 2.4239840410
15.6207645108 1.4929955630 1.8259484082
3.6210262231 16.1565943145 0.0480977698
0.2223815480 19.0355920495 0.5880891140
0.2229563834 7.5906077836 13.8533438886
0.3836462982 16.2290966429 5.8844021505
0.0000274476 0.0002482652 19.1283275064
0.0165362061 20.9750771533 0.2906510956
0.0494947690 21.3122831369 0.2626261256
0.0001430777 11.8233771179 16.8428172335
0.0001422749 11.7570366137 16.9687500828
0.0001411743 11.7570458815 16.9687635120
0.0000000523 0.0000010808 36.9830273734
0.0000000121 0.0000002501 42.7861279489
15.0174923119 4.4687483018 3.3351340085
0.2283958751 18.9289481788 1.5169476288
0.2217770068 18.9838440565 1.5213364259
0.2260283609 19.0352785521 0.5880807569
8.5320508124 7.1864924425 12.4939740656
0.0002087205 0.0001676897 18.4047634996
0.0002060753 0.0001655646 20.2530296910
0.0002171557 0.0001575791 20.5471936920
12.5915879541 10.2164989334 0.6233417633
0.3709225694 21.3642550761 0.0330337699
15.7523374764 6.3416202106 0.0886273757
15.3574033588 0.0308865035 6.8988496740
10.5418964367 3.3455493121 12.3872300688
6.2718308435 6.1066622331 13.4788786325
3.6478491118 8.6202673890 13.4722484497
5.3383380977 12.6420862201 8.8130282623
5.9900479640 12.3075386168 8.9074503950
6.0147641448 12.6342442725 8.3612477634
14.0934351938 8.0815274101 3.7965464941
13.8196251744 7.3118585583 4.0924894179
2.8313183299 0.0050833291 16.3754089993
15.3269558183 2.8839547112 3.2742415258
7.6963606074 13.6148534763 5.6699377759
15.7523412596 6.3416216801 0.0884238879
4.8679860781 2.6372960112 15.6440246621
4.8684913099 2.6363623356 15.6440234607
1.4310783163 9.2793408083 13.5733419637
4.9703061188 8.1852707216 13.8438291553
1.6294655686 17.0181193242 0.0496590225
0.7910129571 17.0463201457 0.0495681400
0.8040870896 17.0457084891 0.0495681402
3.6086329088 16.1593655208 0.0480977658
1.1802536151 15.8693927791 0.0860743483
6.4101907036 12.4528666623 8.3398602495
6.4335524695 12.4982507966 8.2538442602
7.6276611898 11.8075399034 8.2538923193
13.1926399656 8.6074944030 0.6057447550
12.5759252633 10.2358217188 0.6233429544
11.2824574148 11.1914088873 0.6109569231
14.7244308160 6.0292911830 0.6178155329
0.4095593560 0.0842273573 15.8452762934
0.4080995814 0.0839271494 15.8464161429
0.0053096408 0.0257223133 16.0957690224
0.0053096503 0.0257223595 16.0957690223
0.0001894267 0.0262616812 16.0943645375
1.1562246138 15.5463048804 3.1902027492
1.1563301681 15.5477241376 3.1889366876
