5.5517042107 0.1586079599 0.0305479393 0.0065315515 0.0036138110 0.8080289707 0.0034573488 0.0001004897 0.0131265260 0.0066080131 0.0008117408 0.0549380668
5.6476624735 26.8642448139 0.1989633778 0.3910371106 0.1594738105 0.0104981475 0.0183203258 0.0260148198 0.4890725021 0.0140267424 0.3984750252 0.0139623881
7.5082444656 68.8308045909 0.1954267735 0.1175459475 0.0132692978 0.0360909850 0.0587856398 0.0480682590 0.0065517612 0.0188991428 0.0282546506 0.0004351139
43.4727816316 0.0316675753 0.0000032596 0.0000330620 0.0040176325 0.7863124840 0.0036602840 0.1105948352 0.0000151806 0.0054443255 0.0995031559 0.0511365012
26.1586589982 46.8643264350 0.0003468245 0.0000065193 0.0032033771 0.0002428889 0.0013997778 0.2003796401 0.0977285207 0.0001775101 0.0008380972 0.0015506521
76.7913084261 51.4970908421 0.0033412129 0.0003375113 0.0004849397 0.0645176508 0.2213988455 0.0006577000 0.0046506524 0.0787000173 0.0076543540 0.0009704381
44.2399066354 44.1529255772 0.0166242942 3.1967425749 0.1955118963 2.0150767658 0.0000211410 0.2535767856 0.2044933850 0.0160786323 0.3921979111 0.0252665021
39.5089626680 33.5062268502 1.5872438453 0.0021825545 0.0263219700 0.0493109227 0.0016530976 0.0076943077 0.0002051704 0.0183952972 0.3954510208 0.1465889627
68.8294036024 68.8729211398 0.7966561250 0.0001241453 0.0494712033 0.0292658806 0.0015481375 0.0122160651 0.0536474400 0.2065064387 0.0069891103 0.2000562849
50.1966419166 62.8746323873 0.0000243075 0.0156128779 0.1955999063 0.0095908530 0.5417381418 0.0277420506 0.1968786122 0.0272044912 0.0015795231 0.0074984506
33.4963178574 50.7867963526 0.7857810713 0.0022983179 0.0489574858 0.3226238306 0.0061616302 0.0010864809 0.0063883141 0.7845015272 0.3011818978 0.0836363994
88.8512550749 32.1965933146 0.2445668916 0.0503557735 0.0048042275 0.0001538545 0.9330816576 0.9369843648 0.0139647164 0.0006247312 0.0399620273 0.0034842640
6.8589025241 37.4898207723 0.4085062075 0.3955887634 0.0000059605 0.0027347356 0.2019664275 0.0000492670 0.2015115695 0.0046624802 0.2029659228 0.5660575820
0.2277018504 12.0911398084 0.0080309808 0.0734586269 0.8302807816 0.0305612572 0.2090547236 0.0062033534 0.0076553784 0.0032388605 0.6868226460 0.0007698312
0.9075478659 25.5599860340 0.0066993758 0.0005323440 0.3936788071 0.3923792396 0.0493901782 0.3906428818 0.0035407022 0.3234958279 0.0125894323 0.0007700175
3.4134959834 2.0685486515 0.8069578566 0.0501966104 0.0078572892 0.0017666258 0.1099338756 0.0979887323 0.0035839155 0.1221990214 0.5205061292 0.0864413568
1.6115311548 37.5529104262 0.4008210268 0.0002389774 0.0006921589 0.0132150017 0.1024762169 0.0244482421 0.3051955256 0.0140395016 0.4135134634 0.2236741597
19.4508642139 38.1379754638 0.0015562400 0.1099962742 0.0016760081 0.1980807634 0.5873848690 0.0014927238 0.0015894882 0.1831897536 0.0003922731 0.0251795165
37.5033269986 38.8689053607 0.0124062412 0.7831733681 0.2137465404 0.0019122846 0.0352891162 0.0007750466 0.0145382248 0.0305864960 0.0278646127 0.0257626176
33.5268294751 0.0055463053 0.0045310706 0.0146007165 0.0493359752 0.3193813379 0.7904559381 0.0008957461 0.0567423180 0.7845015272 0.2950783822 0.0805727207
90.8286699940 12.7506055057 0.0000567175 0.4915731032 0.1254599543 0.7910286084 0.1030570828 0.2218937503 0.0015513971 0.7946978331 0.0019973144 0.0494858250
30.1652413143 0.1094817185 0.0069736503 0.1525340603 0.2704871821 0.1850263217 0.0305980444 0.4060225565 0.1327950509 0.0032145530 0.1239349135 0.0658854843
24.1877783315 0.0397816301 0.7822286345 0.0067909248 0.0015783124 0.0573615544 0.0084233470 0.0021279790 0.0493170694 0.2960306595 0.0062507577 0.0174791552
76.1375268699 0.0259501860 0.0134065747 0.2324069852 0.0030877069 0.1470035875 0.7936493501 0.0087747350 0.1339884476 0.0154973008 0.0278481283 0.0015501864
46.8751406734 6.8531027128 0.0100514852 0.0658778474 0.0036489219 0.0797525049 0.0977369026 0.0091979280 0.1007278451 1.5658098288 0.1975555906 0.0023826957
46.8755668466 12.9077850030 0.0033683144 0.0658044592 0.0128042884 0.0492438674 0.0977383927 0.0091971830 0.1007278451 1.7854922468 0.1999870876 0.0248655677
93.5083069778 6.7841563437 0.0028986484 0.1013895498 0.0198471360 0.0589692966 0.0017664395 0.0009611249 0.0615337864 0.2938016321 0.0069958158 0.6760939031
94.1533528214 20.1797248984 0.0008583069 0.1071016305 0.6356398581 0.1068195329 0.0132044777 0.4184044901 0.4066782076 0.0001658686 0.0057523139 0.3906498667
96.1557941475 6.3895231172 0.0122964382 0.4406704571 0.4218235616 0.0494267792 0.0494062901 0.8062032990 0.8963784211 0.0806152821 0.0502157957 0.0007722527
86.1524321010 1.0151028643 0.0074963085 0.0155667775 0.0047602691 0.0096771866 0.1023612917 0.0009158626 0.0004049391 0.0003362074 0.0187234953 0.0021280721
97.5105178519 0.0504256227 0.3906836737 0.0274702907 0.0505113975 0.0557328575 0.0287656673 0.0037888065 0.1129588113 0.0031430274 0.0259232708 0.0519881957
64.1397668646 38.1842386333 0.1957416536 0.2489155161 0.0042267144 0.0064648688 0.0254045241 0.0002872199 0.0031935051 0.1960104333 0.0085264444 0.0068883412
83.5190224308 44.1807831118 0.0306188129 0.0097285956 0.2217573116 3.3211039410 0.1041944140 0.2523611302 0.0024933368 0.0127166510 0.0261115842 0.0047010370
32.8382720545 46.1420841945 1.5872785836 0.1603187995 0.4242330794 0.0251843594 0.0125184655 0.3937195990 0.2992175522 0.0618070365 0.0524128788 0.0908291900
34.2102323046 50.2497331707 0.0003371388 0.0512248837 0.2460551450 0.1362401062 0.0032037497 0.0192062929 0.2550974491 0.0520806760 0.2948877404 0.0870517456
7.1918888085 46.8645177287 0.0490202569 0.0001018867 0.0001219101 0.0002072193 0.0011492521 0.2004295589 0.1343490557 0.0061377883 0.0315520913 0.0004084781
6.6178555662 0.1099802555 0.0094470568 0.0618487597 0.0122502446 0.0038400292 0.0004810281 0.0066879205 0.0151782297 0.1131073573 0.0033143908 0.0123133883
33.4291732250 0.0548006036 0.0010978431 0.0085061416 0.2461505125 0.1225429588 0.7904559381 0.0253098086 0.0567431562 0.0520803035 0.2948876473 0.0862947666
33.5451459825 50.7867963526 0.7857810713 0.0022983179 0.0489574858 0.2249675805 0.0061616302 0.0003235415 0.0063883141 0.7845492110 0.3011818978 0.0836363994
7.3903484339 46.8643268075 0.0002874061 0.0001018867 0.0001218170 0.0002071261 0.0012090430 0.2004265787 0.0977279619 0.0001296401 0.0254428946 0.0004092231
5.5272901482 50.1586083790 0.0305479393 0.0065315515 0.0036138110 0.0267789699 0.0034692697 0.0001004897 0.0131265260 0.0065126456 0.0022899359 0.0549380668
1.1586346674 46.8521134433 0.0003349967 0.0000061467 0.3953542564 0.0002400018 0.0013997778 0.1969464125 0.0977285207 0.0001775101 0.0008375384 0.0015985221
0.1623069869 7.5091441232 0.0494016335 0.3936952915 0.0245359726 0.0002072193 0.0011488795 0.2004269512 0.1343490557 0.0076636672 0.0513409265 0.1954423265
0.0092172064 83.4560845824 0.3983031031 0.0740133227 0.1961529257 0.0158443116 0.0052967109 0.0165010803 0.1313200222 0.2495396885 0.7952380002 0.2015359702
0.2447728070 50.8326299031 0.2162567342 0.0580549241 0.0011455268 0.0000671484 0.0002704561 0.2542544159 0.2022188159 0.0130594708 0.4463627939 0.0614208170
2.9790822444 50.8316764150 0.2162567342 0.0061760657 0.0011470169 0.0122293830 0.0009380281 0.2450156959 0.1961980017 0.0130602159 0.0497759320 0.0622314402
3.3890938418 2.0685486515 0.8069578566 0.1478543506 0.0078572892 0.0017666258 0.1099338756 0.0979887323 0.0035839155 0.1221990214 0.5205061292 0.0925448724
3.3890938418 2.0563535411 0.8069578566 0.1478543506 0.0078572892 0.0025288202 0.1098861919 0.0979887323 0.0035839155 0.1221990214 0.5205061292 0.0925447793
3.3890938418 2.1051816662 0.8069578566 0.1478543506 0.0078572892 0.0025288202 0.1098861919 0.0979887323 0.0035839155 0.1221990214 0.5205061292 0.0925447793
14.1397668180 38.1841909496 0.1957416536 1.0301655168 0.0042267144 0.0064648688 0.0254045241 0.0002872199 0.0031935051 0.1960104333 0.0085264444 0.0068881549
26.7837235954 21.4685680545 0.0719075092 0.0033902004 0.3910134550 0.0156943686 0.5875620996 0.0246902928 0.1999737697 0.0756676310 0.0015560538 0.0028749928
76.7898271575 1.5459420174 0.0643733889 0.0003390014 0.0004838221 0.0156895258 0.6120238459 0.0006573275 0.0046610832 0.0755469315 0.0015560538 0.0009704381
90.8527024936 25.4530843584 0.0047215261 0.4893279639 0.0281004235 0.0595648774 0.1398713329 1.0763632144 0.0249167904 0.0123808161 0.0000894070 0.0684984029
87.5002511661 8.8716592722 0.0335794874 0.0030723400 0.0309610740 0.0124057755 0.1974953340 0.6365126005 0.0168038532 0.1967222432 0.0018445775 0.0488390215
84.8392977238 20.1553585195 1.5750139035 0.2204600724 0.0274734572 0.0037918799 0.2237523908 0.0011350960 0.0620127656 0.0065892935 0.4060876560 0.0000903383
90.8284791660 37.5495728455 0.0112117268 0.4891308029 0.1375835390 0.0097786076 0.1030596905 0.8078327410 0.0001208857 0.0123749487 0.0016158447 0.0624446199
90.8286699008 37.5495728455 0.0112117268 0.4891308029 0.1375835390 0.0097786076 0.1030596905 0.8078327410 0.0000255182 0.0123749487 0.0016158447 0.0624446199
90.8294329334 12.7506055057 0.0000567175 0.4915731032 0.1254599543 0.7910286084 0.1030570828 0.2218937503 0.0015513971 0.7946978331 0.0019973144 0.0494858250
90.8261964944 62.7756395031 0.0000567175 0.0155048445 0.0010533258 0.0097815879 0.4990105522 0.0250732526 0.0015633181 0.0258455985 0.0016037375 0.0563031063
90.8246707086 62.7756395031 0.0000567175 0.0155048445 0.0010533258 0.0097815879 0.4990105522 0.0250732526 0.0015633181 0.0258455985 0.0016037375 0.0563031063
50.1965465492 12.8746323407 0.0000243075 0.0156128779 0.1955999063 0.0095908530 0.5417380487 0.0277420506 0.1968771221 0.0272044912 0.0015795231 0.0074984506
0.1981446521 8.8829327457 0.2046619544 0.0125603750 0.1956054943 0.0034873374 0.6027256144 0.0277420506 0.1999260860 0.0268350356 0.0137332827 0.0029211864
0.8541576572 18.8510077250 0.0063014217 0.0186959282 0.1038730145 0.0259741210 0.1962918790 0.0072663650 0.0071012415 0.1953384841 0.0236885622 0.0153642148
1.5628940440 20.1790894570 0.2458000558 0.4503112291 0.0616300852 0.1104957425 0.0022938475 0.0002034940 0.0857825392 0.0491174870 0.0056324527 0.3937070262
26.7837235954 21.4678051150 0.0719075092 0.0033902004 0.3910134550 0.0156943686 0.5875620996 0.0246902928 0.1999737697 0.0756676310 0.0015560538 0.0028749928
26.7837235954 8.9678051034 0.0719075092 0.0033902004 0.0003884546 0.0156943686 0.5875620996 0.0246902928 0.1999737697 0.0756676310 0.0015560538 0.0028749928
26.7898271110 8.9678170243 0.0521664508 0.0033902004 0.0003884546 0.0156884082 0.6119761622 0.0006606802 0.1999737697 0.0756422990 0.0015322119 0.0028779730
24.1420150959 6.1708268767 0.1104175114 0.0016475096 0.0323237852 0.0497393311 0.1199826599 0.1592882910 0.0744350255 0.0599029475 0.1557498240 0.2977523024
76.7669182054 51.4970912146 0.0033412129 0.0003367662 0.0004849397 0.0645176508 0.2213988455 0.0006577000 0.0046506524 0.0756482594 0.0076543540 0.0009704381
76.7669182054 51.4969004798 0.0033412129 0.0003367662 0.0004849397 0.0645176508 0.2213988455 0.0006577000 0.0046506524 0.0756482594 0.0076543540 0.0009704381
76.8269907467 50.8384850350 0.0001912937 0.3914454956 0.0492197462 0.0040140934 0.0262429007 0.0061287545 0.0535298139 0.8096014157 0.0007996336 0.0488448889
75.4850928443 2.0948783514 0.0049794093 0.0072273426 0.1488458367 0.0062826090 0.1960787924 0.0032611191 0.2539702694 0.0001095235 0.1237520949 0.0092181377
26.8269906070 2.2060778013 0.0005727634 0.0008204952 0.0492644497 0.1963046381 0.8567032412 0.0061287545 0.0511422754 0.0008587725 0.0008950010 0.0748295338
14.1915072819 25.4447643882 0.1896589996 0.0626389869 0.4084129822 0.2015596258 0.0367886387 0.2029995436 0.1102701762 0.0012721866 0.0354897231 0.0122380443
14.0909386930 38.1838094799 0.1957416536 1.0301655168 0.0164337456 0.0064648688 0.0254045241 0.0000964850 0.0031935051 0.1959150659 0.0085265376 0.0068881549
14.0910340604 38.1838094799 0.1957416536 1.0301595563 0.0164337456 0.0064648688 0.0253806822 0.0000964850 0.0031935051 0.1959150659 0.0085265376 0.0068874098
12.7993774720 68.8541791112 0.2260217445 0.0520434231 0.0009626150 0.0274964609 0.0366951339 0.2079041677 0.0001915731 0.1958073119 0.1068160870 0.0214608386
0.2705807800 0.1138418914 0.0048930757 0.0160725787 0.0130161643 0.0055558980 0.7820620209 0.1959214920 0.0025888905 0.0642792322 0.0032428652 0.0157465227
0.0992717222 1.5978224590 0.0605840237 0.1503310168 0.0130286440 0.0253907405 0.0286428258 0.0082791783 0.0337066129 0.1313213260 0.0460176729 0.2121986823
7.3964519495 46.8643268075 0.0002991408 0.0000065193 0.0031556934 0.0002548099 0.0013997778 0.2003796401 0.0978231431 0.0001773238 0.0010288320 0.0000277534
26.1586590914 46.8643264350 0.0003468245 0.0000065193 0.0032033771 0.0002428889 0.0013997778 0.2003796401 0.0977285207 0.0001775101 0.0008380972 0.0015510246
26.1586590914 46.8643204746 0.0003468245 0.0000065193 0.0032033771 0.0002428889 0.0013997778 0.2003796401 0.0977285207 0.0001775101 0.0008379109 0.0015987083
26.1555833054 96.8521134899 0.0003408641 0.0000061467 0.3953542564 0.0002400018 0.0029256567 0.2030499281 0.0977285207 0.0009404495 0.0008382835 0.0260125846
26.1586350632 46.8521134433 0.0003409572 0.0000061467 0.3953542564 0.0002400018 0.0013997778 0.1969464125 0.0977285207 0.0001775101 0.0008375384 0.0260125846
26.1555833054 46.8521134433 0.0003408641 0.0000061467 0.3953542564 0.0002400018 0.0013997778 0.2030499281 0.0977285207 0.0009404495 0.0008375384 0.0260125846
76.1555833520 96.8521134899 0.0003408641 0.0000061467 0.3953542564 0.0002400018 0.3935506571 0.2029545607 0.0977285207 0.0008450821 0.0038900413 0.0260125846
75.4923593956 94.1378283260 1.5708812527 0.2209084111 0.0146892853 0.3971688453 0.0134740956 0.0001139939 0.1958987677 0.0116384588 0.7816374309 0.0009674579
44.1612417290 19.3985723140 0.2505191604 0.0116383657 0.0004831702 0.1956941562 0.0021024607 0.1562155785 0.8804733873 0.5955279810 0.0275493600 0.2960855144
5.5517042107 50.1586080065 0.0305479393 0.0065315515 0.0036138110 0.0267789699 0.0034573488 0.0001004897 0.0131265260 0.0065126456 0.0007640570 0.0549380668
68.8179714315 0.0987027773 0.8454352625 0.0245854259 0.0063591637 0.0018958002 0.0000206754 0.0122279860 0.0542196446 0.0110983849 0.0024084933 0.0046484172
37.5031362637 38.8811123919 0.0124062412 0.7831733681 0.2137465404 0.0019122846 0.0352891162 0.0007748604 0.0145382248 0.0305805356 0.0278646127 0.0257626176
0.2705807800 0.1137943008 0.0048930757 0.0160725787 0.0130161643 0.0055558980 0.7820620209 0.1959214920 0.0025888905 0.0642792322 0.0032428652 0.0157465227
44.1842256525 8.0864690320 0.0559241511 0.2001050862 0.0123509206 0.1959073359 0.0082029961 0.1562334599 0.0244198367 0.6410121924 0.0738293865 0.3037141639
59.5289511229 1.6815309428 0.0002565794 0.0397686847 0.0523637981 0.0015621074 0.0980737620 0.0093521550 0.0179448165 0.0074522570 0.0555309468 0.0798494556
83.5190224308 94.1807831583 0.0306188129 0.0097285956 0.2216619441 3.3211039410 0.1041944140 0.2523626203 0.0024934299 0.0126212835 0.0261115842 0.0047010370
0.9075478659 25.5111579090 0.0066874549 0.0005323440 0.3937264908 0.4900354897 0.0493901782 0.3906428818 0.0035407022 0.3234958279 0.0000009313 0.0008177012
68.8172919385 68.8790244692 0.8454842501 0.0001241453 0.0002556480 0.0262141228 0.0000237487 0.0152797438 0.0595602207 0.2065064387 0.0329290517 0.0047437847
0.2447728070 50.7838017780 0.2162567342 0.0580549241 0.0011470169 0.0000671484 0.0002466142 0.2542540433 0.2024095507 0.0130594708 0.4464104776 0.0614208170
75.4835669654 2.0948783514 0.0049794093 0.0072243624 0.1488458367 0.0062826090 0.1960787924 0.0032611191 0.2539717595 0.0001095235 0.1237520949 0.0092151575
32.8382720545 46.1405583156 1.5872778386 0.1481117682 0.3998191100 0.0251843594 0.0125184655 0.3952454779 0.2995990220 0.0618070365 0.0524069183 0.0908291900
