0.0000033416 0.9310264289 0.4980343734 0.5828614957 0.4984849333 0.2446102335 0.5318643381 0.5667864909 0.5027352567 0.4838504526 0.5318551413 0.4997841851
0.0000213925 0.1566813729 0.4825984076 0.0414059237 0.4646605490 0.5156476502 0.5010732436 0.5714125927 0.2568205355 0.5115252282 0.4988109977 0.4677728931
0.0000212071 0.4848063881 0.4824763373 0.4164365031 0.3709105490 0.7661655068 0.5069174175 0.5704360228 0.2650527873 0.5095572020 0.4676219732 0.4677729527
0.7442088404 0.0000591120 0.6919251920 0.4996786709 0.5006305338 0.5176784028 0.5030375295 0.5024417653 0.4875178612 0.5354985935 0.4541875668 0.4915381377
0.9999993658 0.9104631337 0.4991841507 0.5628303323 0.4990206077 0.5009790841 0.4971425892 0.5045281458 0.5319584315 0.5081811803 0.4960237644 0.4949811050
0.9999995232 0.6852553093 0.5000293930 0.6250549747 0.4741840618 0.5058680032 0.4906945839 0.5133215864 0.5812492870 0.5005762349 0.5079505476 0.4804409104
0.7087486644 0.0000222083 0.6629730171 0.5078538894 0.5324841109 0.5025793412 0.4994331026 0.5000314289 0.4816587712 0.5446171542 0.5664898218 0.4356220238
0.9992376473 0.7108822593 0.5001152731 0.4998968677 0.4840352773 0.4921770622 0.5002011782 0.5016404851 0.5007047416 0.4916475029 0.5254057790 0.5011220402
0.4149709785 0.0646538446 0.4461352382 0.4905759119 0.5002647745 0.4687419771 0.5182748749 0.4998468622 0.5315643563 0.5052555990 0.5045834552 0.5003771516
0.3778174151 0.3493851603 0.4686753484 0.4687372115 0.4823846188 0.4958883994 0.5508278241 0.4998979443 0.4872794929 0.5000075796 0.5046159490 0.5001861234
0.8279399321 0.6844945277 0.5000042277 0.4992675981 0.4949755552 0.4921687930 0.4997495874 0.5012518526 0.5005384651 0.4987707534 0.5010220432 0.5000194670
0.2701117110 0.7740064224 0.4835299239 0.5000238740 0.4367500082 0.5118294596 0.4996742955 0.4838684141 0.4684818615 0.5156774200 0.4998883107 0.4984661392
0.4825991732 0.9997396199 0.4648503544 0.4842117498 0.4822610547 0.4938058653 0.5314485659 0.5481606885 0.4994996698 0.5656080745 0.5631309902 0.4947312758
0.4828433138 0.9997396199 0.4648501160 0.4842127035 0.4822610547 0.4937753477 0.5314485659 0.5481606885 0.4994996698 0.5656061671 0.5631309902 0.4947312758
0.4711131346 0.8747396198 0.4648787263 0.4842147301 0.4837104012 0.4937753477 0.5314486870 0.5478554978 0.4999915124 0.5646300666 0.5631309902 0.4986222670
0.4096788535 0.5893726904 0.4959844542 0.4841221250 0.5001020641 0.5003775111 0.4293951927 0.5631186204 0.4992725928 0.5001228466 0.5078663132 0.5406205836
0.4711922216 0.7257001714 0.4855725872 0.4686792302 0.4896836164 0.4919590182 0.4974146388 0.4212272739 0.4914177773 0.5234967373 0.4919293565 0.5161757884
0.0313950572 0.9974792898 0.4700965029 0.5312848394 0.4963318030 0.5026461077 0.5011431505 0.4980380270 0.4842290277 0.5157089480 0.4960091072 0.4609204349
0.0050134212 0.6844107422 0.5001442474 0.5042220368 0.4954080987 0.5065037091 0.5171383307 0.5039127045 0.4904451244 0.5015413822 0.4685943029 0.4683759785
0.6542084642 0.0418675002 0.4772448032 0.5313253911 0.3983201221 0.5393521046 0.4919356587 0.5020449911 0.4989809520 0.5001840298 0.4997118493 0.4901720551
0.5268693450 0.2225209570 0.5174277513 0.4981311099 0.4986684476 0.4832740635 0.4661168069 0.5121451928 0.5071375384 0.4959299280 0.5034218743 0.5001072832
0.5079402099 0.0567235686 0.5197405857 0.5072407727 0.5088817631 0.4954408868 0.4976356705 0.5393346060 0.4511252245 0.5356801846 0.4996848605 0.5326177008
0.8935125637 0.0025258185 0.4837978058 0.4974258416 0.5040363562 0.5471306951 0.4786018017 0.4979122370 0.4987716316 0.5703744065 0.5321381404 0.5020945477
0.5101456507 0.1056582472 0.4992605220 0.5000296053 0.4489731327 0.5001668236 0.5001138453 0.5643470581 0.5314633916 0.5093129412 0.4917332889 0.4653248074
0.6508161609 0.0179371452 0.4929349846 0.4841741952 0.4684711885 0.4976795153 0.5044099265 0.5085501825 0.4665217022 0.5296155126 0.5010233228 0.4990531499
0.0064850170 0.7753865083 0.5156373992 0.5022511971 0.5879526786 0.5005793585 0.4584784763 0.5069492734 0.5057389899 0.5003757044 0.4946965571 0.4921717509
0.0151781952 0.8438599546 0.4684732570 0.4989642254 0.5130863027 0.4640902267 0.4842871283 0.4816286857 0.4969929601 0.5058692438 0.5323250261 0.4996943171
0.1541473914 0.0966737476 0.4772447455 0.5313559086 0.4061936572 0.5393521046 0.4918746813 0.5020449911 0.4990118383 0.5158090298 0.4997118511 0.4979836014
0.6539032512 0.0944755283 0.4767602789 0.5391684086 0.4369553760 0.5393520897 0.4919357165 0.5022891169 0.4990118383 0.5156864827 0.4999559955 0.4979855088
0.0884571402 0.3069367598 0.5156658492 0.4996412168 0.4991181749 0.4744592835 0.4841822539 0.4995685467 0.4655925841 0.5007638657 0.5124741732 0.5085721281
0.5354549536 0.3247401056 0.5034758099 0.5179490219 0.4843638488 0.4669971210 0.5041269488 0.5316684139 0.4910195456 0.5019533564 0.4970597164 0.5000789301
0.2348343658 0.6735994170 0.5040655234 0.5053526633 0.4985332019 0.4979768977 0.4960552505 0.5022256770 0.5002685185 0.4882198986 0.5001307535 0.4832709203
0.9260044712 0.9982669754 0.5001336387 0.5032804464 0.5010283240 0.4879759638 0.4990795818 0.5313047343 0.5340017504 0.5009389534 0.5234909044 0.5023313253
0.2998274474 0.9818057529 0.4940036158 0.4967868705 0.4824175550 0.4635031200 0.5438316414 0.4989784141 0.4959341302 0.5317417425 0.5009367247 0.5234662066
0.3849160973 0.1832730502 0.4962224844 0.4842122248 0.4967854847 0.4928474207 0.5006866981 0.5166130248 0.4836038272 0.5021352968 0.5782753384 0.4986148910
0.3886799751 0.0110200085 0.5156372045 0.4889207692 0.5054016742 0.4978965414 0.4845583639 0.5015557758 0.4820959591 0.4742219331 0.4955767333 0.4929073849
0.0258161603 0.0179371452 0.4929349846 0.4841741952 0.4684711885 0.4976795153 0.5044099265 0.5085501825 0.4665217022 0.5296155126 0.5010234420 0.4990531499
0.0000492306 0.5097449781 0.4597152057 0.4362439433 0.4374325652 0.4622111604 0.4946557735 0.4987467970 0.4687498570 0.4354890477 0.5652328977 0.5003203242
0.3050233659 0.2997862318 0.5058773612 0.4849868393 0.5604055166 0.5032806541 0.5033676694 0.4883871567 0.5167977498 0.5952165877 0.4843390188 0.5014817449
0.8936282535 0.0266308105 0.5044005835 0.5024458789 0.5100065260 0.5121185859 0.4865589407 0.5210026908 0.4830271727 0.5042527751 0.5079060854 0.5059887436
0.0041525951 0.0009555938 0.5781723071 0.4999050661 0.4617714579 0.5737707210 0.4507991080 0.4528261707 0.4506825315 0.6255972671 0.4984901291 0.4835236273
0.2383341764 0.5146936351 0.4452434633 0.4994498524 0.4999563643 0.4992616498 0.4994866024 0.4947697041 0.4999449267 0.5084304861 0.4946176861 0.5000033914
0.1668839317 0.3555360728 0.4995046700 0.5000286442 0.4801010606 0.5040843985 0.5000525718 0.5643489655 0.5314631532 0.5083444757 0.4917943203 0.4653248074
0.0339566544 0.2919191115 0.5166714187 0.5032146773 0.4974287064 0.4987315428 0.4811889729 0.5052509238 0.5033167261 0.4783285237 0.5009034206 0.4978639348
0.1570304242 0.2996499793 0.4809010937 0.5849809717 0.4630110687 0.5158689316 0.5084538949 0.4989735256 0.4937684336 0.5002769385 0.4999519386 0.5375601561
0.3267383979 0.3069367598 0.5161541305 0.4996565343 0.4996062103 0.4744592835 0.4841897660 0.4995687851 0.4577800841 0.5007714950 0.5124741732 0.5085717109
0.2928545655 0.2534338359 0.4351805387 0.4941226202 0.4837896018 0.4998945617 0.5012379722 0.5421116115 0.5017702715 0.5026181550 0.5010037259 0.5313019906
0.2961826364 0.8061561769 0.4914983702 0.4836300243 0.5003501386 0.5042985654 0.4293951797 0.5004965649 0.4992727130 0.5216372893 0.5117572597 0.5444955393
0.2383341764 0.0029653553 0.4530559643 0.4994498524 0.4999601790 0.4914491498 0.4994856478 0.4947620896 0.4997599437 0.5084304861 0.4946205174 0.5039096405
0.1546582292 0.2717444843 0.4825186827 0.5125084915 0.4840283529 0.5587148131 0.4989126627 0.4921739674 0.4956509159 0.5078348736 0.4988385313 0.4948500064
0.4047803035 0.2722327656 0.4825263121 0.5125084319 0.4840588705 0.5587148243 0.4832876664 0.4921740270 0.4956509159 0.5078348736 0.4988390082 0.4792250064
0.7914691575 0.9051315001 0.5313437381 0.4972737064 0.5090204128 0.5055116029 0.5001154128 0.4955449761 0.5083017494 0.5469109859 0.5392765249 0.4863261417
0.4828280550 0.9997396199 0.4648501160 0.4842127035 0.4822610547 0.4937753477 0.5314485659 0.5481606885 0.4995032460 0.5656061671 0.5631309902 0.4947312758
0.4161254218 0.4344248506 0.4759747837 0.5651295358 0.4912029351 0.5020705652 0.5210708692 0.4817853388 0.5158830346 0.5528610326 0.4989185180 0.4921179027
0.3442639647 0.7145168248 0.4967948082 0.5014745030 0.4978994639 0.5320663755 0.4480411862 0.5078740395 0.5178259569 0.4772521495 0.4842366497 0.4939968702
0.4715390908 0.8665226110 0.5147286975 0.5637361040 0.5020329352 0.5113863186 0.5083628367 0.4913285938 0.4998767669 0.5156341582 0.4668405247 0.4998729206
0.8191002727 0.0006804001 0.5007040403 0.4950656579 0.5006266520 0.5401033624 0.5029491228 0.5021010139 0.4682483547 0.5019649700 0.4944570507 0.4290115204
0.2435629975 0.5225940454 0.5035859798 0.4916405068 0.4687323034 0.4953340362 0.5012460058 0.5011405372 0.5317393071 0.4920568834 0.5010694969 0.5032259165
0.0183346290 0.8109859515 0.5020935708 0.4843695680 0.4984374917 0.5030146022 0.4989532907 0.4917399432 0.5089313663 0.5468777153 0.4998166081 0.4871792993
0.1376383501 0.3644606037 0.4939888841 0.4900862374 0.5587360855 0.5022333893 0.4994452936 0.5088142674 0.4915379886 0.5626938413 0.5335451491 0.5004525795
0.3192528601 0.0006801486 0.5009558103 0.4989719079 0.5006724284 0.5402254328 0.5022167037 0.5030778148 0.4682521694 0.5022091712 0.4788321103 0.4915115205
0.2610263585 0.5907352218 0.5176106231 0.5001118178 0.4990212345 0.5395256603 0.4899422279 0.5011121617 0.4843669184 0.5130857765 0.4685013587 0.4908341258
0.3489167340 0.9943808271 0.5060714106 0.4887891500 0.4918002062 0.4974955446 0.4342021359 0.5030603479 0.5223405552 0.4518608232 0.5236894055 0.5177349788
0.0548325573 0.9972351491 0.4700965029 0.5312848394 0.4963318030 0.5026461077 0.5030962755 0.4980380270 0.4842290277 0.5157089480 0.4960091072 0.4609204349
0.4161622863 0.4957730505 0.4962224844 0.4842122248 0.4922707905 0.4928321619 0.5001984169 0.5478630248 0.4953225772 0.5021315119 0.5782753384 0.4986067847
0.4163695624 0.4344248506 0.4759747837 0.5650072271 0.4912029351 0.5020705652 0.5210708692 0.4817853407 0.5002580346 0.5527389623 0.4989185180 0.4921179027
0.7584230469 0.2390292354 0.4957950846 0.4997154973 0.4921479928 0.4900388564 0.4992333599 0.4643380898 0.4998473679 0.4955879985 0.5082734930 0.5317308256
0.5319204699 0.3599884607 0.4919591262 0.5040449002 0.4992288197 0.5005532322 0.5008179895 0.4989686771 0.5063514910 0.5546891331 0.4921328914 0.4984119260
0.1765358394 0.3888143696 0.4839082672 0.4983513462 0.4997091093 0.4909539581 0.4935652385 0.4869466103 0.4998516082 0.5006105448 0.4989849371 0.5039993986
0.2567247509 0.1124484400 0.4995094412 0.4950425248 0.5047721383 0.4996718983 0.4984653848 0.4991613883 0.4911803375 0.5058621750 0.5000225506 0.4979389454
0.2456932713 0.6455175892 0.5164891533 0.4989505303 0.4914089343 0.5168524566 0.5195553792 0.5655844673 0.5000824365 0.5146536320 0.5013949987 0.5078631924
0.2340985176 0.2587140373 0.4871365665 0.5649536881 0.4667279566 0.5019623186 0.5201104605 0.4975314629 0.5081276973 0.5371153518 0.4365191864 0.4877305501
0.4840985178 0.2587140373 0.4871365665 0.5805786881 0.4667279566 0.5019623186 0.5201104605 0.4975314629 0.5081276973 0.5371153518 0.4365191864 0.4877305501
0.0495453729 0.6137022298 0.4944123267 0.5006242194 0.4683561320 0.5025127553 0.5682498147 0.4999605049 0.5020985608 0.5391902947 0.4843469593 0.4984386438
0.9653933961 0.3402215013 0.5003567296 0.4915098953 0.4967764202 0.5002647522 0.4953342737 0.4996290379 0.4812681279 0.5059880414 0.5054967278 0.5011602459
0.0000213850 0.1723063729 0.4824763373 0.0414059237 0.4646605490 0.5156466966 0.5010885024 0.5714125927 0.2568206547 0.5095721032 0.4675612361 0.4677728931
0.0000047293 0.2890589054 0.5333840973 0.4684736211 0.4992430839 0.5053929356 0.5124748568 0.5156942220 0.3737003835 0.4995174170 0.4897207837 0.5168505726
0.0000211475 0.4848063881 0.4824763373 0.4164365031 0.3709105490 0.7661655068 0.5069174194 0.5704360302 0.2650527873 0.5095572020 0.4676219732 0.4677729527
0.0000212071 0.9851725995 0.4824782000 0.4164364416 0.3709105340 0.2505405063 0.5069136028 0.5791020613 0.1712417520 0.5115407254 0.9480301467 0.4677729518
0.0883161603 0.0179371452 0.4929349995 0.4841741952 0.4684711885 0.4976795153 0.5044099265 0.5007376825 0.4665215830 0.5296157510 0.5010234420 0.4990531499
0.0011736201 0.9948717803 0.4948657337 0.5329821636 0.4234445155 0.5322460546 0.4686459447 0.5000699568 0.4948534784 0.5356571996 0.4956731903 0.5005452489
0.0047181202 0.9429511269 0.4950960283 0.4367051017 0.5102795973 0.5175959286 0.4794219290 0.4862895165 0.4859470171 0.5683902135 0.5515178969 0.4983272166
0.4149709785 0.0646519373 0.4461352457 0.4905759119 0.5002647745 0.4687419771 0.5182729676 0.4998468622 0.5315643563 0.5052555990 0.5045834552 0.5003771516
0.4149709785 0.0646557520 0.4461352457 0.4905759119 0.5002647745 0.4687419696 0.5182729676 0.4998468622 0.5315567269 0.5052555990 0.5045834552 0.5003771516
0.4169241036 0.0646557520 0.4461352457 0.4905759119 0.5002648062 0.4687419696 0.5182729676 0.4998468622 0.5315567269 0.5052555990 0.5045834552 0.5003771516
0.7286948829 0.9685573363 0.4809399345 0.4981689448 0.5005687061 0.4676690600 0.4993367293 0.5020326511 0.4902097625 0.5000935872 0.5078919143 0.4893283662
0.0151781934 0.8439820249 0.4684732570 0.4989642254 0.5130863027 0.4640902267 0.4842871283 0.4816286857 0.4970539953 0.5019629938 0.5323249069 0.4996943162
0.4282691995 0.8993708090 0.4837587462 0.4978500032 0.4914096943 0.4363144119 0.5025316482 0.4763183505 0.4902023668 0.5010702466 0.5804747777 0.5156251886
0.7584230469 0.2351229854 0.4957950846 0.4997154963 0.4921479947 0.4978513564 0.4992333599 0.4640939491 0.4998472487 0.4955879985 0.5082734930 0.5317308256
0.2447176625 0.6455175892 0.5164891533 0.4984622491 0.4914089343 0.5168524566 0.5195553792 0.5655844673 0.5000833902 0.5146536320 0.5013950006 0.5002948330
0.0964566545 0.2919191115 0.5166714187 0.5032146773 0.4974287064 0.4987315428 0.4811889729 0.5052509238 0.5033167261 0.4783285227 0.5009034206 0.4978639348
0.7400481847 0.0267501679 0.5020333272 0.4992865040 0.4956914545 0.4986604652 0.5188142308 0.5006660237 0.4949704981 0.4978803960 0.4988913354 0.5014998359
0.7492376470 0.7108822593 0.5001152731 0.4998968677 0.4840352810 0.4921770622 0.5002010590 0.5016252860 0.5007028342 0.4916780204 0.5254200842 0.5011525578
0.7492376470 0.7099056968 0.5001152731 0.4911079244 0.4840352661 0.4921770622 0.5002010590 0.5016252860 0.5007028342 0.4916780204 0.5254200842 0.5031056828
0.7179876470 0.7099056968 0.5001171730 0.4911079244 0.4840352661 0.4921770622 0.5002008206 0.5016252850 0.5007028342 0.4916775436 0.5254048254 0.5031056828
0.0000109710 0.9310264289 0.4980343734 0.5828614957 0.4984849333 0.4946102337 0.5318643381 0.5667864909 0.5027352567 0.4818973276 0.5318551413 0.4997841851
0.0019640978 0.9310264289 0.4977911864 0.5828614957 0.4984849333 0.4946102262 0.5318643381 0.5042864909 0.5027352567 0.4818973276 0.5318551413 0.4997841851
0.9999993658 0.9109514150 0.4991841507 0.5628303323 0.4990129783 0.5009790841 0.4971425892 0.5006218958 0.5319584315 0.5091577428 0.4960199497 0.4944928237
0.9999994850 0.9110963884 0.3747393092 0.5628302112 0.4374246909 0.5012227516 0.4972837479 0.5004998404 0.5331633999 0.5091552842 0.5419178806 0.4944623667
0.5354549536 0.3247439203 0.5034758099 0.5179795395 0.4843638488 0.4669971210 0.5041269488 0.5316683990 0.4909890280 0.5019533564 0.4970597164 0.5000789282
