0.0001888600 0.0001493035 7.5482212737
0.0011931489 6.9384143518 0.0111855555
0.0009246340 0.0003706061 6.3075396016
6.5148176624 0.0002232613 0.0196293794
5.1742807464 1.0487668327 0.0015583454
0.8974932932 5.6604785513 0.0132150928
1.5907240668 5.2909669416 0.0005889641
7.0075727413 0.1387534141 0.0023588941
0.0010049695 16.5402791854 0.5605759758
0.0006152207 6.2566267027 3.1378347490
0.0032938915 2.6869546675 3.4829030448
5.8302080144 0.0039251955 0.5106827065
0.0126228261 3.8968635078 2.1301612376
3.6107793474 0.0499564890 2.4336195746
2.6313487342 3.2832846118 0.3582782112
0.0097889705 0.1924103506 5.8305857202
0.1523290844 6.2075991414 0.0213527961
2.5965515476 0.0509932902 3.3849798155
5.4399008681 0.8330304992 0.0001177032
2.4381291011 0.2082882735 3.3848779621
2.5447549113 0.0190338194 3.8150516132
0.0361543622 0.0016716599 6.0101534092
0.3797539846 6.1286069376 0.0027596170
0.0001944383 0.0048063220 6.2260158683
2.6927773579 0.1412151995 3.2977906346
6.0628146358 0.1602202989 0.0168646043
0.0002578186 0.3205222066 5.9520997660
1.2808150032 1.5699709386 3.4193207229
3.7013881812 2.6639803184 0.0008169323
2.3035506356 3.9693807317 0.0001177032
2.5711484017 1.3632038710 2.2240999621
3.4133847251 3.6889177391 0.0023443010
0.0010052959 16.5484108262 0.5522186680
0.0006182100 6.2566237738 3.1378347793
0.0008091767 6.2565985595 3.1379178996
0.4123805891 3.7359123191 1.9417282971
2.2630009485 4.0131281407 0.0194449733
0.3628378785 5.4593473827 0.2463986895
0.7854001095 3.4507807185 1.8040821164
2.6479324155 3.3861051254 0.0422772650
0.5170935319 2.2459630259 3.3025218681
0.1400839001 0.1975798707 5.7582011371
0.3859158849 1.5796076151 4.2350312782
0.6865689280 1.8754596826 3.5287052562
2.1811733276 0.4946023703 3.4263807859
0.6538762159 1.3623920442 4.0648532743
0.0038316598 3.5846275159 2.4372418389
0.0035652260 4.1629269079 3.2883183441
0.0018800910 0.0004637171 6.0439713141
0.0067574450 6.5813706473 0.0271952689
1.5887889648 5.2845305542 0.0005915133
6.5512316351 0.4651081237 0.0024229331
6.2012590592 0.5301321679 0.0017829283
2.0108607970 2.8358305439 1.2754066270
1.3741420867 1.9378789739 2.8022677464
4.1763576324 2.3816139457 0.0132150923
1.2806433625 1.5697605450 3.4197041684
0.9064464134 1.1110784351 4.0673865726
0.6894395799 3.0687244387 2.3167221552
0.1499655691 0.2115206019 5.7345766971
2.3477772142 0.6948500069 3.0432510915
3.0556416003 0.8608296976 2.2607029351
2.5177017836 0.7220787842 2.8363337637
0.0837513384 0.0185738022 5.9443133745
0.1962172517 0.0580747673 5.8351880223
0.1939761447 0.0574123861 5.8397808754
0.1929126017 0.0583685554 5.8372779752
0.1929126166 0.0583685404 5.8372779752
0.7059539273 1.8560614649 3.5286732426
0.6928256779 1.8215419025 3.5759338459
0.8499596769 1.6644079035 3.5759338459
2.0839364656 3.9549524958 0.0423112642
1.0256073215 4.6228103892 0.3787804141
2.6690850173 3.3303708131 0.2596985620
2.6691751078 3.3302774625 0.2596984452
2.3303773406 3.7636177606 0.2637910540
3.3541381006 2.4631239853 0.2805307927
5.1985886317 1.0244589475 0.0015583454
1.8493638981 0.0438864574 4.1383785816
1.7604692125 0.5210495245 3.8032512197
1.7593277354 0.5207117305 3.8047470011
1.7570080901 0.5200252828 3.8076591147
5.8302344097 0.0039245174 0.5106849577
5.8180823484 0.0153169065 0.5106184533
0.0006624074 1.2052570798 5.6407666103
0.4599202855 0.2169643948 5.4531834125
0.0837513302 0.0185738004 5.9443134581
0.2385263027 0.0527389948 5.7552302741
0.6197763169 2.7586114687 2.6962884578
5.0072704942 1.2153752362 0.0001151901
4.9696404341 1.2062422684 0.0487424282
4.7199518829 1.3189324519 0.0423112774
0.0248336360 0.0011814678 6.0221714132
3.3565754640 0.9456001898 1.8744993169
2.8774969728 0.6686250872 2.6585274507
0.0196244050 6.5685036873 0.0271952689
0.0001853451 0.0001528184 7.5482212737
0.0011930710 6.9385617465 0.0111857932
0.0011938208 6.9432780980 0.0077934551
6.0855158269 0.7521737230 0.0018112411
