1.0000000000 0.5135397478 0.6480180702 0.5097867302 0.5727798497 0.5028080721 0.4998540743 0.5034811464 0.3744753435 0.5020156293 0.4211304154 0.5393001200
0.0000042245 0.7092863244 0.5053872052 0.4545891988 0.4993433109 0.4900953961 0.4761613323 0.5003248020 0.4879891188 0.5484621223 0.4992960650 0.6962901826
0.0000042245 0.6934171838 0.5053872052 0.4545892286 0.4993433109 0.4901106548 0.4761618092 0.5000806614 0.4879891169 0.5484621223 0.4992960650 0.6963197167
0.0000042245 0.7090116662 0.5053872052 0.4545891988 0.4993433109 0.4902174664 0.4761613323 0.5003248020 0.4879891188 0.5484621223 0.4992960650 0.6962901826
0.0000042245 0.7090421838 0.5053872052 0.4545891988 0.4993433109 0.4901106548 0.4761613323 0.5003248020 0.4879891188 0.5484621223 0.4992960650 0.6963207002
0.0000039944 0.7864039641 0.8631369815 0.4996163030 0.5019647130 0.5513606431 0.5626374293 0.4754623915 0.6251113430 0.4881511903 0.5099569713 0.5158749377
0.0000039944 0.7883570891 0.8631369815 0.4996163030 0.5019647130 0.5513606393 0.5626374293 0.4754471327 0.6251113439 0.4881511903 0.5099569713 0.5158749377
0.0000039935 0.7883570891 0.8631369815 0.4996163030 0.5029412755 0.5513606393 0.5626374293 0.4754468943 0.6251113439 0.4881511903 0.5098349010 0.5158749377
0.0000039041 0.9133570892 0.8631369517 0.4976555486 0.5029412755 0.5513606095 0.5626374293 0.4754468943 0.6251113439 0.4881511903 0.5108114635 0.5158749377
0.0000041584 0.4114345111 0.5326630515 0.4971672674 0.5029412755 0.5513606095 0.5626373846 0.4754467751 0.6407439733 0.4882731917 0.5108419811 0.5158749377
0.0000041584 0.4114307001 0.5326630515 0.4971672674 0.5029412764 0.5513606095 0.5626984197 0.4754467751 0.6407437349 0.4882731917 0.5108419811 0.5158749377
0.1837230317 0.1128546895 0.4914301685 0.4992173039 0.5025358764 0.5352032674 0.4907224518 0.6261950774 0.3727672998 0.4999546488 0.5015960191 0.5015929849
0.7453045992 0.9992394634 0.4960749210 0.4794556289 0.4764965991 0.4838661342 0.4994818480 0.5198822175 0.5001780824 0.4335228702 0.4827956701 0.3826807275
0.1721455307 0.9998280294 0.4666735199 0.5396734332 0.6369506322 0.4835614157 0.5090685650 0.4999684994 0.4882093021 0.4989930107 0.4910184904 0.4358674422
0.0154853836 0.9955209121 0.4988994473 0.5006471840 0.4987401138 0.5167506761 0.4745454169 0.5183749651 0.5003053783 0.4804510833 0.4827493694 0.4994477048
0.6215252072 0.6900541640 0.4371332484 0.5628547487 0.5013120831 0.4992536618 0.5080719716 0.4977616291 0.4979801844 0.4998725825 0.4862657958 0.4823580687
0.0641224711 0.0001362870 0.5005005994 0.4966644687 0.4993849448 0.4841955961 0.4974698466 0.5636848878 0.7618926882 0.4999710065 0.5974899340 0.4992599334
0.0001988951 0.0390552991 0.4992602454 0.5661649933 0.5339522227 0.5022030300 0.4353022533 0.5019908617 0.5002392712 0.5008883714 0.4882303835 0.5064203185
0.7154426600 0.0049155913 0.4645594614 0.5803626232 0.5097872620 0.5016392996 0.4978552391 0.5040302412 0.4960676725 0.5065327422 0.4781309175 0.5050224750
0.9989955202 0.5043865838 0.4827878759 0.5313880616 0.5031739748 0.4983371678 0.5081094080 0.4334967988 0.4976574234 0.4916278920 0.4938781555 0.4920812934
0.0115791336 0.9946053661 0.4988994482 0.5026003015 0.4987401138 0.5167735345 0.4745454169 0.5183749651 0.5003053783 0.4804510833 0.4832376507 0.4994400754
0.0063720951 0.9992960570 0.5669030422 0.4931483953 0.4924270944 0.4990100875 0.4999174890 0.5121088396 0.4991993173 0.4643552485 0.4989064629 0.5636592056
0.4217690857 0.6005939838 0.5055853748 0.5001863078 0.4979494358 0.4957840708 0.4919833881 0.5046443972 0.4999649064 0.4906579149 0.5317588128 0.4835124132
0.4896357064 0.7616785781 0.5312840366 0.5000645774 0.4842770616 0.4605586431 0.4985783673 0.5159778320 0.5175872347 0.4794062632 0.5015505762 0.4516409426
0.4910689122 0.9985450543 0.4669568608 0.5088043870 0.5006600632 0.4765562103 0.4672516822 0.5099637103 0.4677557633 0.5391179514 0.5164393368 0.5000203685
0.3730675861 0.4812821396 0.4791593398 0.4332765522 0.4994794526 0.5648025624 0.4986544107 0.4999024798 0.5022054804 0.4645244800 0.4949969328 0.5012819269
0.4097107094 0.0409185263 0.5675788341 0.4995569871 0.4974426790 0.4999086489 0.4996917755 0.5003082850 0.4959529829 0.5337384236 0.4977318528 0.5652523083
0.4715376640 0.4995216760 0.4971082429 0.5088043879 0.5002404465 0.4843725250 0.4676789208 0.5099637252 0.4677557633 0.5390912486 0.5196131724 0.5010274635
0.9218300618 0.1005939833 0.5055853748 0.5020173625 0.4979503895 0.4957840708 0.4919833899 0.5007382738 0.4999653832 0.4906578851 0.5318808682 0.4816815969
0.7470977481 0.0063388906 0.4373395158 0.5000845972 0.4958289419 0.4793947409 0.4959704247 0.4997547357 0.5017719348 0.4935804470 0.4765617386 0.4296805248
0.6703356967 0.6585407468 0.4523680401 0.5011102571 0.5002672928 0.4993023858 0.4921099502 0.5060237483 0.4917286406 0.5001402129 0.5049135429 0.5352061228
0.1703356962 0.6585407468 0.4445707988 0.5011026277 0.5002672928 0.4993023858 0.4921108964 0.5059016780 0.4917286406 0.5001402129 0.5049135429 0.5353129343
0.9948490616 0.9967937227 0.5176323480 0.4957257495 0.4901629290 0.5008383333 0.5102008474 0.4918925031 0.4963513617 0.4980249838 0.5500780843 0.5088964258
0.7423212470 0.4509092760 0.4999671341 0.5351581923 0.5203940985 0.4975425224 0.4968041810 0.5029512835 0.4889571112 0.5002195393 0.5030539124 0.5163467261
0.6798212469 0.4509092760 0.4999671341 0.5351581923 0.5203940985 0.4936362724 0.4968041810 0.5068575335 0.4889571112 0.5002195393 0.5030539124 0.5163467261
0.5331131365 0.4505623239 0.4821624192 0.5073610996 0.4998669797 0.4914567447 0.4684422477 0.4882507077 0.5089144618 0.4992322004 0.4843626735 0.4843126987
0.5414614412 0.5350807594 0.5020150612 0.4999348414 0.4880159511 0.4988994482 0.5328987376 0.4910908486 0.4910953022 0.5018438692 0.5004622838 0.4890991081
0.5683653602 0.9983508727 0.5625811029 0.4999792795 0.3613196708 0.5001701997 0.4921031990 0.5157548725 0.5124624441 0.4370685969 0.4999617464 0.4658191758
0.7687014032 0.0050206333 0.5012433040 0.4958686740 0.4989266484 0.4957340914 0.5006588311 0.4831522782 0.4644447709 0.5123451003 0.5109236878 0.4898168505
0.0064232936 0.1140986729 0.5010991995 0.5078188512 0.5082641165 0.5008128067 0.4904957260 0.5391255380 0.5127988658 0.4994061305 0.4938368709 0.4999666582
0.0322091254 0.3291765166 0.4956650441 0.4897209643 0.4999520774 0.4791179853 0.4957413063 0.4999830476 0.5010199626 0.4986774321 0.4663949324 0.4998744414
0.0021475982 0.2343831875 0.4960281341 0.5473997989 0.5009485125 0.5002764645 0.4843707667 0.4937568889 0.4881542581 0.4987646905 0.4822688321 0.4956998019
0.9999961853 0.0135397473 0.6460649452 0.5097867302 0.5727798497 0.5028080721 0.4998540743 0.5034792391 0.3744753435 0.5021376996 0.4211342301 0.5397502543
0.3831531558 0.1319591078 0.5020373701 0.5000143475 0.4518737192 0.5351621029 0.4843370891 0.4958138955 0.5003051949 0.4644977986 0.4982287600 0.4970463659
0.4106560893 0.0661330159 0.4840864907 0.5051039117 0.5010381960 0.5011941460 0.4984262991 0.5117932283 0.5605787109 0.5043205465 0.4841874041 0.5283991411
0.3495521912 0.0001703463 0.6289107675 0.4977240055 0.5400710893 0.6274431959 0.4998360253 0.5023239539 0.5190907852 0.6445529039 0.4948607548 0.4756349255
0.0123746777 0.5462926752 0.4784869007 0.5022785165 0.5644829251 0.5006753826 0.4998671045 0.5629996746 0.4953067102 0.5672615949 0.4716502544 0.5098010809
0.2148558118 0.8326328004 0.5317393695 0.4999056268 0.4674809980 0.4819789524 0.4804685493 0.5487135095 0.4909278047 0.5045552314 0.5683641644 0.5083477669
0.5537110898 0.9120384333 0.4821423632 0.5158850388 0.5332189747 0.5173529773 0.4984430666 0.5000726297 0.5316978204 0.5048785354 0.4997859518 0.5312745781
0.1462532805 0.9668755736 0.4901885600 0.5048863455 0.5005113087 0.5163452965 0.4648069101 0.4350321343 0.5044651139 0.5007832679 0.4980206671 0.5062267301
0.5585725750 0.6669196837 0.5159995924 0.5020992183 0.4960632673 0.5117850439 0.4995850786 0.5089146267 0.5069670067 0.4998430605 0.4994596145 0.4758289787
0.2753064141 0.5036510560 0.5001222105 0.4926723591 0.4992175060 0.5004664673 0.4918637765 0.5000312417 0.5001536584 0.4973904458 0.4996778970 0.4999767034
0.8046497235 0.2214791758 0.4840806355 0.5039864038 0.5165435900 0.5030393708 0.4905471713 0.4886345542 0.5085493350 0.5022425256 0.4986966061 0.5009264066
0.1168018543 0.7973014748 0.5014574626 0.4994504140 0.4316014307 0.4921014453 0.4997482286 0.4838981801 0.4919315488 0.5016813553 0.4974509361 0.5003211605
0.6220977480 0.0063388906 0.4373395158 0.5000865045 0.4958327566 0.4950192640 0.4959685174 0.4997547357 0.5017719348 0.4935804470 0.4765617386 0.4296843395
0.4847582918 0.0437555146 0.5468974836 0.5236859671 0.4993447759 0.5241751853 0.4683979819 0.4902738850 0.5001578541 0.4938179390 0.5166481924 0.5664984272
0.0322014364 0.0791765163 0.4956650441 0.4897209643 0.4999520774 0.4791179853 0.4957413063 0.4980299226 0.5010199626 0.4986774321 0.4664249732 0.4998744414
0.8033450719 0.6510157340 0.5020516892 0.5158796911 0.4970639828 0.4982423414 0.4999919911 0.4910230697 0.5123444698 0.4984894101 0.4962299135 0.4837013599
0.1259963663 0.5224132338 0.5162436334 0.4996900759 0.4955065171 0.4996995595 0.5000021583 0.4843477155 0.4918593396 0.5161858960 0.5186488102 0.5294244481
0.5046406179 0.2709595498 0.5040349239 0.4965785514 0.4921703176 0.5278416970 0.4897764656 0.5431157449 0.5002250900 0.4276996678 0.5162169333 0.5317641436
0.4241908513 0.8493659234 0.5005226177 0.5002526739 0.4887126037 0.5020541134 0.4977350351 0.4994015493 0.5082065971 0.5258322158 0.4990975070 0.4994028141
0.5891948283 0.0231366391 0.4824029482 0.3749961242 0.4998711958 0.4818681083 0.4949843888 0.4920917773 0.4667549277 0.4938123408 0.5244661817 0.5205183043
0.1277099877 0.9992960570 0.5669030422 0.4931483953 0.4924270944 0.4990100875 0.4999172506 0.5119868885 0.4991993173 0.4643552485 0.4832814629 0.5636592056
0.0115791336 0.9946053810 0.4988994482 0.5026003015 0.4987401138 0.5167735345 0.4745454169 0.5183749651 0.5003053783 0.4804510833 0.4832376507 0.4994400754
0.0084344540 0.9855426885 0.4994872757 0.4991948293 0.4836408417 0.4919385514 0.4952829438 0.4995516785 0.5020833747 0.5314062950 0.4999295152 0.4972566315
0.3984089954 0.3343115936 0.4472411354 0.5278659710 0.4822277543 0.5022155405 0.4977788380 0.5029913909 0.5469711270 0.4949949342 0.4983617119 0.4877536497
0.9087200471 0.5055357949 0.5000627874 0.4980325573 0.4901557858 0.4838582803 0.4948467682 0.5166885597 0.4999809260 0.5004754164 0.5000046226 0.4840069688
0.0006224308 0.9542936496 0.4997318941 0.4991948293 0.4843694488 0.4914502702 0.4803903657 0.4995510229 0.5021138848 0.5312842247 0.4999257005 0.4660047241
0.0025389446 0.0002296446 0.5167367193 0.5045629251 0.4657112132 0.4993118620 0.4999833456 0.5006509037 0.5041843853 0.4998167888 0.5013205851 0.4921257119
0.6456757492 0.1377851359 0.5205292753 0.4977076421 0.5636380963 0.5000597551 0.4991291189 0.5352336443 0.5320152645 0.5196029064 0.4973341352 0.4979005367
0.5155817014 0.3912838729 0.5040321588 0.4963211738 0.4684887198 0.4817569065 0.4999651392 0.5708011375 0.5090556177 0.4938867665 0.5032983297 0.4525666353
0.5523726824 0.2117177669 0.5083787846 0.4958877074 0.5045396141 0.5045565716 0.4491833080 0.5201203604 0.5019540130 0.5062011513 0.4959155130 0.5035311938
0.3799822818 0.9985365979 0.5025287666 0.5040331804 0.4914104915 0.4996968708 0.4982254445 0.4920324846 0.5005348963 0.4911816898 0.5014957446 0.4975574869
0.0001836363 0.0390552991 0.4992602454 0.5662260284 0.5339522227 0.5022030300 0.4353022533 0.5019603441 0.5002392712 0.5028414964 0.4882303835 0.5064203185
0.0001302306 0.0487902873 0.4993823157 0.5038480987 0.5339521705 0.5178900189 0.4353022533 0.5022044848 0.5004832917 0.5008878945 0.4877401800 0.5064202589
0.0001302306 0.0331652891 0.4993823157 0.5038480987 0.5339521705 0.5178900189 0.4196772533 0.6584544849 0.5004832917 0.5008878945 0.4877401800 0.7564202591
0.0036785156 0.3817432927 0.4982241667 0.5157811535 0.5368957646 0.5041841115 0.4687470155 0.4791869805 0.4978949218 0.4974311464 0.5021651103 0.4891443984
0.4080407260 0.0564544062 0.4990615179 0.5243263166 0.5044263559 0.5009948644 0.4765552985 0.4861936332 0.4999871715 0.4959406950 0.5011962042 0.4662763080
0.4080712436 0.0564544062 0.4990615179 0.5243263166 0.5044263559 0.5009986791 0.4765400397 0.4861936332 0.4999871715 0.4959406950 0.5011962042 0.4662763080
0.5040532486 0.0002653478 0.4352708984 0.5274189613 0.5161927869 0.5312529025 0.4941208041 0.4959671949 0.3739618253 0.4787952094 0.4996560044 0.4877903410
0.6472407548 0.5410887241 0.4668666809 0.5353853177 0.5041524195 0.4647878217 0.5015365561 0.4822203847 0.4837519587 0.4916713913 0.4770032973 0.4993266384
0.7032767355 0.8946013366 0.4644380179 0.5470014192 0.5374319894 0.4687387575 0.5165237948 0.4960934543 0.4985698857 0.4993403391 0.4959017378 0.4996344349
0.0005041789 0.4812270482 0.5022373335 0.4529399289 0.4998725033 0.4843706996 0.5017597522 0.4910501898 0.4999804827 0.4960677163 0.5007629110 0.4899667785
0.4274631771 0.4174152896 0.5097748903 0.5079805735 0.4906499400 0.4687481713 0.4916755943 0.5356750922 0.4847820042 0.5315229991 0.5671332707 0.5010509263
0.7648804828 0.9194759428 0.5011423011 0.4959399658 0.4989991938 0.4985859706 0.4957502992 0.4998056027 0.4975192263 0.5121542090 0.4962798557 0.5003090980
0.5169045092 0.8100870725 0.5176220932 0.4960220712 0.4925173693 0.5127232070 0.4966124599 0.5000625341 0.5051883631 0.4685637909 0.5631257701 0.5408879300
0.9948452469 0.9967937227 0.5176247186 0.4957257495 0.4901629290 0.5008383333 0.5102008474 0.4918925031 0.4963513617 0.4980287985 0.5500780843 0.5088964258
0.0018650396 0.0109719364 0.5001222105 0.4941372019 0.4992213207 0.5002852692 0.4918638677 0.5000922768 0.5003977693 0.4979054262 0.4996760045 0.4999685376
0.7939455507 0.5553016407 0.5336353700 0.5159629542 0.4999048696 0.5333943484 0.5109619550 0.5010373262 0.5079214969 0.4987381953 0.5172224310 0.5176270302
0.5560853840 0.0620401856 0.5019951859 0.4960297304 0.4925173703 0.5146753113 0.4966124636 0.5000625639 0.5071433955 0.4686515215 0.5643312145 0.5096379300
0.0002998905 0.9916143017 0.5019635274 0.5669117044 0.4880769807 0.5635561725 0.4374890453 0.4594082557 0.5000320436 0.4948605145 0.5010790019 0.5207631230
0.7848138500 0.0040440708 0.5012433040 0.4959905636 0.4988026707 0.4957340914 0.5007198737 0.4833965082 0.4996010209 0.5123451003 0.5109007997 0.4918920458
0.5927624447 0.3870473275 0.5005010446 0.4949026541 0.4920164919 0.4900966133 0.5019316836 0.4984529237 0.4941383139 0.4607542832 0.5332793636 0.4987288616
0.3993029281 0.0108008050 0.4932634789 0.4681868455 0.4950660835 0.4936888362 0.4980877931 0.4796437830 0.5069075977 0.4931578985 0.4843742172 0.4724984471
0.3993010208 0.0420505666 0.4932634789 0.4681858918 0.4950660835 0.4927122737 0.4980877913 0.4796437830 0.5069075977 0.4931578985 0.4843723099 0.4959359481
0.4578859307 0.2452727680 0.4979237732 0.4745471547 0.4968640353 0.4921236760 0.4957187572 0.4257754520 0.5011711181 0.4996017707 0.4960704264 0.4986406281
0.4373366027 0.1788306843 0.4918867038 0.4939600998 0.4991056179 0.4988929308 0.4335741088 0.4373851898 0.4976040511 0.5000916221 0.5000860118 0.4915607260
0.4999434142 0.1788306843 0.4918866889 0.4978663498 0.4991056179 0.4988929308 0.4335741088 0.4373851898 0.4976040511 0.5000916221 0.5000860118 0.4915607260
0.5891948283 0.1559491392 0.4824029482 0.4997519688 0.4998711958 0.4818681083 0.4324843888 0.4901691773 0.4667549277 0.4938123408 0.5283724317 0.5205183043
0.6436438129 0.9611162357 0.4990082611 0.4995077518 0.4809504165 0.4914178313 0.4951155535 0.4999879845 0.4989852863 0.4681921391 0.5025924095 0.5401247782
