0.0008040328 10.2184383287 0.4001039275
0.0012136956 0.0000085669 18.8405126473
0.0010766368 0.0032411932 16.1669257294
18.6566596184 0.0149912652 0.0007410642
20.0832240330 0.0003729511 0.0007980226
0.0000000000 0.0000000000 47.4759439609
0.0000000218 0.0000001857 31.9591569963
0.0032175644 0.0000461442 8.3875102061
17.1235615813 0.0138527562 0.0266344831
4.4734673683 5.6198499742 0.0000010088
0.0122319438 8.2224487255 0.0508182223
0.0022407412 0.0023094883 8.3874323051
5.1896348398 2.4668027108 0.0083424152
0.0004095701 13.3203875704 0.1943770474
20.0313457792 0.0003719877 0.0046369237
5.6854620671 0.0011197835 0.4128809650
0.0000002720 0.0000000565 47.4758157941
0.0000002227 0.0000000577 39.3160305317
0.0000002227 0.0000000577 39.3159844285
0.0000002225 0.0000000583 39.3115416612
0.0000002209 0.0000000623 39.2236789145
0.0000000035 0.0000001866 31.8936353524
0.0000000024 0.0000001866 31.8936153908
0.0000012107 0.0000946291 31.5255628844
0.0000004158 0.0002697042 18.7835634512
0.0000669762 0.0000279522 17.5734333501
0.0003738353 0.0000072264 22.1788094324
7.6738170708 1.2555759412 0.0000010920
19.0997613020 14.2003399910 0.0000007660
5.2213630911 0.0025875630 2.0848963617
0.0026839688 0.0006936155 5.6038181106
0.0012136956 0.0000085651 18.8405126473
0.0012135422 0.0000234592 18.8411812357
0.0003739739 0.0000049338 22.1848180598
0.0205258748 0.0000350283 17.4212848126
0.0238663593 0.0000407290 17.4212806997
0.0000097667 0.0002310620 17.1126885040
18.6575783630 0.1294755457 0.0004057153
18.6575783660 0.1294751090 0.0004057153
5.9955037368 0.0369980100 0.0061507345
10.8039920510 0.0353991755 0.0142782162
0.0000055900 0.0034133686 16.5612396605
0.0000054989 0.0035665414 17.3044120021
0.0010965899 0.0032347791 16.1681902202
0.0010983429 0.0032399502 16.1653788948
4.9057813727 0.4727964740 2.5617520726
0.0003174497 10.3243677987 0.4042516049
0.0087749179 4.1672221112 3.7093243494
1.0795523877 3.1194532038 4.5732568683
0.0060377519 5.6202334429 0.3980622779
0.4670745958 5.6240095648 0.0087936951
3.2545585987 0.0699143943 4.6462235503
1.7581898912 0.0482268835 5.2540098552
0.0394212726 2.9926455758 4.6694385128
0.0032160178 0.0000658417 8.3864198269
0.0068190717 0.0004661989 5.5723499015
0.0122334835 8.2224487233 0.0508182223
0.0123320232 8.2224485761 0.0508182223
0.0035892604 6.7700509284 0.3596413371
3.0851552495 1.1782973802 4.5878045513
0.0022180988 0.0421856359 6.4906551454
0.0022017750 0.0418751767 6.4906964587
0.0407469470 0.0028166564 5.5661657416
0.5356918088 0.1107156191 5.5258798137
5.0483740996 0.5815236193 2.3641768409
5.0132394969 0.8284497416 2.3639318648
5.0123507229 0.8362036981 2.3641148444
5.0222497701 0.7745721679 2.3641175178
5.0078186041 0.7723464763 2.3952532207
4.3544850721 2.6441906883 2.4082099616
5.1891579490 2.4677959622 0.0083424091
4.7049636725 1.7273385675 2.4856839176
4.6963253954 1.7241672028 2.4906893023
0.0035750094 3.2551667117 4.6008859072
0.0026817425 0.0007018241 5.6036389799
2.0657347645 0.5389195678 5.1468432339
2.1873299282 0.5706419429 5.0928964175
2.2023335605 0.5745561681 5.0856951339
2.1952500400 0.6015753721 5.0860031896
2.2704274061 0.1617439081 5.0859963334
1.4911694092 1.7199259493 5.0863545198
1.4897970510 1.7210082158 5.0861744207
1.4951457752 1.7165164566 5.0864321420
1.4861227580 1.7061574951 5.0976231248
1.3496207549 1.4269878424 5.2001222390
1.9279091555 2.4814633021 4.6725120284
2.0555919791 2.6950255852 4.3852547806
3.1203699136 4.5858773553 0.4098095520
2.1350191953 0.2271905865 5.2128073295
2.1297225820 0.2796392099 5.2147987290
3.1200862394 4.5864353652 0.4098318486
3.5546199548 4.2585386825 0.4098370067
3.8407421759 4.8249846553 0.0001495454
1.5541644970 5.4208992835 0.0087873330
1.9279111606 2.4814620466 4.6725123834
0.0407510461 0.0028169397 5.5661574978
0.0407509825 0.0028174261 5.5661534255
3.9358896291 0.2690846224 3.9354110136
3.4785136856 0.0747253952 4.4808302260
4.9536423415 0.7765839975 2.4963269471
