-0.4582021352 -0.4074228820 0.0034566410 -0.2535121555 -0.3903832626
-0.3911303546 -0.4122473341 0.0242735334 -0.4125219625 -0.3245008479
-0.0079968385 -0.0015526153 0.0147167780 -0.0077300109 -0.0068518780
-0.0037022717 -0.0053051524 0.3688892465 -0.0002853982 -0.0023596399
-0.0006407686 -0.0031320788 0.2050733084 -0.0042043589 -0.0028182529
-0.0036955662 -0.0057934336 0.1696438605 -0.0001011007 -0.0039777271
-0.3916912045 -0.4122473341 0.0165834017 -0.2562720294 -0.4431510535
-0.3916912045 -0.4122473341 0.0165834017 -0.3498999591 -0.4431510535
-0.3916796114 -0.4122473341 0.0165833421 -0.4125219699 -0.4431510535
-0.3921069767 -0.4122473341 0.0242737718 -0.4125219699 -0.4416883480
-0.4884755728 -0.2970369871 0.0035796650 -0.2535121555 -0.3903833222
-0.4884755728 -0.3048485334 0.0035796650 -0.2535116787 -0.3903833222
-0.4884757814 -0.3077705915 0.0034271963 -0.2532810385 -0.4060998749
-0.4884757516 -0.3077705915 0.0034271963 -0.2537693197 -0.4060998749
-0.4884757516 -0.3077705915 0.0035491474 -0.2537693197 -0.4060998749
-0.4884757516 -0.3077705915 0.0035491474 -0.2537711973 -0.4060998749
-0.4884755728 -0.3048494871 0.0035796650 -0.2535116787 -0.3903833222
-0.4884755728 -0.2970369871 0.0034566410 -0.2535121555 -0.3903833222
-0.4884755728 -0.2971018369 0.0034566410 -0.2535121555 -0.3903833222
-0.4582021948 -0.4074228820 0.0034575947 -0.2535121555 -0.3903832626
-0.3921069767 -0.4122473341 0.0242737718 -0.4125219699 -0.3166883479
-0.3916185763 -0.4122473341 0.0242737718 -0.4125219699 -0.4416883480
-0.3921069767 -0.4122473341 0.0242737718 -0.4125219699 -0.3791883480
-0.3921069767 -0.4122473341 0.0242735334 -0.4125219699 -0.3166883479
-0.3911304142 -0.4122473341 0.0242735334 -0.4125219699 -0.3166883479
-0.3911303546 -0.4122473341 0.0242735334 -0.4125219699 -0.3166883479
-0.0017959364 -0.0004133172 0.2014075929 -0.0055603273 -0.0026355796
-0.0278477408 -0.0182754435 0.0015211515 -0.0254353993 -0.0199286901
-0.0077961050 -0.0081466474 0.0026186444 -0.0111015551 -0.0164201223
-0.0036277585 -0.0024274774 0.0919717663 -0.0016502328 -0.0026584379
-0.0001422502 -0.0065221824 0.0366715305 -0.0013771541 -0.0016782396
-0.0009136237 -0.0025286265 0.3367978449 -0.0039858334 -0.0025482588
-0.0009136237 -0.0025323220 0.2742979045 -0.0039863251 -0.0025482588
-0.0122227408 -0.0182754435 0.0015211515 -0.0254277699 -0.0199286901
-0.0083836727 -0.0007457323 0.0615415760 -0.0003339313 -0.0014456920
-0.0105950572 -0.0112937354 0.0002979971 -0.0197500475 -0.0124512427
-0.0095019229 -0.0017987601 0.1383237207 -0.0001587830 -0.0053707175
-0.0131569244 -0.0271005593 0.0001145042 -0.0230126120 -0.0195517652
-0.0209339597 -0.0121102892 0.0004333742 -0.0261656828 -0.0278698020
-0.0008181594 -0.0119353347 0.0661480092 -0.0036866777 -0.0029560439
-0.0083836727 -0.0007457323 0.0302915760 -0.0003339313 -0.0014456920
-0.0048396550 -0.0067490898 0.0325626098 -0.0033574738 -0.0008988269
-0.0019336902 -0.0053273477 0.4165618312 -0.0017506294 -0.0073854290
-0.0095018633 -0.0017987750 0.1383237207 -0.0001587830 -0.0014644079
-0.0009478666 -0.0032846592 0.1217741632 -0.0017246790 -0.0005266257
-0.0010957457 -0.0061931498 0.1182690227 -0.0024737008 -0.0006979220
-0.0015520342 -0.0004133172 0.0764075928 -0.0055603273 -0.0026660375
-0.0036276989 -0.0024274625 0.0861085021 -0.0016654916 -0.0026584379
-0.0126278661 -0.0119284280 0.0181590729 -0.0032785051 -0.0000302903
-0.0039799027 -0.0001624785 0.0789360889 -0.0038566552 -0.0069080107
-0.0001480244 -0.0063520484 0.0483786948 -0.0051472001 -0.0008666702
-0.0178452991 -0.0277812593 0.0041865744 -0.0239378773 -0.0231690593
-0.0095019229 -0.0017987601 0.1383237207 -0.0001587830 -0.0052486472
-0.0095019229 -0.0017835014 0.1383237207 -0.0001587830 -0.0052486472
-0.0095019229 -0.0017835014 0.1378354394 -0.0001587830 -0.0053707175
-0.0004651211 -0.0006511398 0.1138823741 -0.0011645965 -0.0006845482
-0.0015520342 -0.0004133172 0.0764075928 -0.0016540773 -0.0026660375
-0.0006369539 -0.0031323172 0.4550161180 -0.0042043589 -0.0028182529
-0.0016783737 -0.0011180379 0.2049989218 -0.0043304227 -0.0003806613
-0.0006365366 -0.0058637671 0.0484549888 -0.0051472001 -0.0018432327
-0.0006365366 -0.0058637671 0.0506524928 -0.0056354813 -0.0018432327
-0.0047229789 -0.0019634776 0.0235585235 -0.0054788776 -0.0025242008
-0.0011939816 -0.0060278364 0.1601061860 -0.0019061826 -0.0010895319
-0.0033888258 -0.0050207116 0.1598610917 -0.0018985532 -0.0015625842
-0.0027257092 -0.0053051524 0.3688892539 -0.0002854727 -0.0023596399
-0.0036955662 -0.0057934336 0.1696438605 -0.0003452413 -0.0040997975
-0.0036955662 -0.0057934485 0.1696438605 -0.0003452413 -0.0041298382
-0.0050943829 -0.0014102571 0.1565697232 -0.0038254969 -0.0086223446
-0.0088667907 -0.0006375797 0.1514470988 -0.0047678016 -0.0053957813
-0.0043553896 -0.0008951910 0.1785902494 -0.0030561648 -0.0026376732
-0.0009306557 -0.0067670755 0.2853996943 -0.0003528483 -0.0029837601
-0.0009306557 -0.0067670755 0.2853996943 -0.0003528185 -0.0029685013
-0.0009306557 -0.0067670457 0.2853996943 -0.0003528185 -0.0029680245
-0.0009306557 -0.0067670606 0.2853996943 -0.0008410998 -0.0029680245
-0.0009459145 -0.0067651533 0.2853996943 -0.0008410998 -0.0029680245
-0.0009456761 -0.0067651533 0.2853997017 -0.0008410998 -0.0029680245
-0.0004651211 -0.0006587692 0.1138528102 -0.0089255981 -0.0006843098
-0.0009136237 -0.0025286265 0.3367978449 -0.0039858483 -0.0025482588
-0.0009136237 -0.0025324412 0.3367978449 -0.0039858483 -0.0025482588
-0.0009136237 -0.0025323220 0.3367978449 -0.0039858483 -0.0025482588
-0.0009145774 -0.0025323220 0.3367978449 -0.0039858483 -0.0025482588
-0.0009136237 -0.0025323220 0.3367978449 -0.0039863251 -0.0025482588
-0.0009136237 -0.0025323220 0.3367979045 -0.0039863251 -0.0025482588
-0.0009746589 -0.0025323220 0.2742979045 -0.0039863251 -0.0025482588
-0.0007257573 -0.0021939240 0.2741739417 -0.0041196160 -0.0024879389
-0.0007257573 -0.0021939091 0.2663614417 -0.0041196160 -0.0024879389
-0.0007257573 -0.0021936707 0.2663614417 -0.0041196160 -0.0024879314
-0.0000531711 -0.0060831718 0.2589393298 -0.0001950972 -0.0016558580
-0.0004729889 -0.0006511398 0.2388823742 -0.0011636429 -0.0006845482
-0.0015524961 -0.0024274774 0.0764075928 -0.0016540773 -0.0026660375
-0.0011250637 -0.0007253326 0.0736990236 -0.0065070577 -0.0047077052
-0.0036276989 -0.0024274625 0.0861084872 -0.0016654916 -0.0026584379
-0.0036276989 -0.0024274625 0.0861124211 -0.0016654916 -0.0026579611
-0.0036277585 -0.0024274625 0.0880655163 -0.0016654916 -0.0026579611
-0.0036277585 -0.0024274625 0.0861123913 -0.0016654916 -0.0026579611
-0.0011668839 -0.0009219982 0.2229836622 -0.0011092834 -0.0009306036
-0.0004729889 -0.0006511398 0.1138823741 -0.0011636429 -0.0006845482
-0.0004729889 -0.0006511398 0.2388671155 -0.0011636429 -0.0006845482
-0.0004729889 -0.0006511398 0.2389891858 -0.0011636429 -0.0006845482
-0.0079968385 -0.0015526302 0.0147167780 -0.0077300109 -0.0068518780
