-1.0956599620 -0.0028047385 -1.0887562261
-1.1448054445 -0.0000047730 -0.0000000140
-0.6453386281 -0.0000787945 -1.0854491089
-0.9926359132 -0.0000048289 0.0006866688
-1.0806355123 -0.6455264479 -1.0588280820
-0.9570412766 -0.0006151246 -0.9578001555
-0.0612664363 -0.0003064750 0.0000012899
-0.9815294444 -0.0000012899 0.0006117905
-0.9999871589 -0.0003064750 0.0000012899
-1.0121670887 -0.0000146637 0.0006103748
-0.5433393042 -0.0000101468 0.0000006100
-0.4644489805 -0.0012213411 0.0000006007
-0.4641438047 -0.0012213411 0.0000006007
-0.4641461889 -0.0012213504 0.0000006007
-0.4639936010 -0.0012213131 0.0000006007
-0.5433394532 -0.0000101468 0.0000006100
-0.5457808595 -0.0000101468 0.0000000140
-0.5457809340 -0.0000101468 0.0000000140
-0.5421188246 -0.0000101468 0.0000000140
-0.5421187501 -0.0000101468 0.0000000140
-0.5421378236 -0.0000101468 0.0000000140
-0.5226065736 -0.0000101468 0.0000000140
-0.5225970368 -0.0000101468 0.0000000140
-0.5232073884 -0.0000101468 0.0000000140
-0.5233599763 -0.0000101374 0.0000000140
-0.5135943513 -0.0000101374 0.0000012061
-0.5135991196 -0.0000101374 0.0000012247
-0.4745366196 -0.0000101374 0.0000012247
-0.4745366941 -0.0000101374 0.0000012247
-0.4769781003 -0.0000101374 0.0000012247
-0.5551031004 -0.0000101374 0.0000012154
-0.9472720101 -0.0000000047 -0.9191269296
-1.0767395199 -0.0000012899 0.0000775838
-0.0611138484 -0.0003064657 0.0000775838
-0.4517394448 -0.0000012899 0.0000775838
-0.4517395193 -0.0000012899 0.0000775838
-1.0376770199 -0.0000012899 0.0000012899
-1.0352356136 -0.0000012899 0.0006116414
-1.0401184261 -0.0000012899 0.0006117905
-1.0791809262 -0.0000012899 0.0006117905
-1.0791856945 -0.0000012899 0.0006117905
-1.0010606945 -0.0000012899 0.0006117905
-0.9815246761 -0.0000012899 0.0006117905
-0.9815437496 -0.0000012899 0.0006117905
-1.0109368488 -0.0000146637 0.0006103748
-1.0499999449 -0.0000146450 0.0006103748
-1.0500094817 -0.0000146450 0.0006103748
-0.8265338240 -0.0000000978 0.0006117905
-0.8265338240 -0.0000048662 0.0006116414
-0.8362994491 -0.0000047917 0.0006115669
-0.8364520369 -0.0000047917 0.0006115669
-0.8364514409 -0.0000047917 0.0006103748
-1.0500070975 -0.0000146078 0.0006103748
-0.8364609776 -0.0000047917 0.0006103748
-0.8364615737 -0.0000047917 0.0006103748
-0.8364616109 -0.0000047917 0.0006103748
-0.9926347211 -0.0000048289 0.0006866688
-1.0109463856 -0.0000146637 0.0006103748
-1.0842993446 -0.6253290974 -1.0988999308
-1.0366722998 -0.0061333226 -1.0088658389
-1.0925672912 -0.9848979357 -1.0865383652
-1.0335042011 -0.0001556473 -0.7468483837
-1.0058890712 -0.0000596466 -0.7847404813
-0.8999195098 -0.0000433857 -0.9448827952
-0.7407400717 -0.0000019046 -1.0220480114
-1.1445002688 -0.0000059651 -0.0000000140
-0.9570412766 -0.0006151246 -0.9581053312
-0.9570409786 -0.0006151246 -0.9385740812
-0.9570838939 -0.0006151246 -0.9385743047
-0.9570838939 -0.0006151246 -0.9385731127
-0.9570838939 -0.0006151246 -0.9385731313
-1.0451495238 -0.0016791793 -1.0604333934
-0.5580575816 -0.0002317270 -1.0966576972
-0.5828465201 -0.0000289781 -1.1072081664
-0.8976824916 -0.0004006969 -0.9743891153
-0.8976824916 -0.0004006969 -0.9743903074
-1.0053324569 -0.0000383845 -0.9983247109
-1.0851650649 -0.6415121776 -1.0938406886
-1.0758304932 -0.6584207580 -1.1000598186
-1.0623169654 -0.0000001630 -1.0661439747
-1.0451495238 -0.0016791793 -1.0555505809
-1.0463702269 -0.0016791793 -1.0555505809
-1.0624695533 -0.0000001630 -1.0661439747
-0.8230710736 -0.0000001630 -0.9880166277
-0.9651199039 -0.0019161915 -0.9551410619
-1.0842663293 -0.6659375184 -1.0826119278
-1.0366720017 -0.0061333226 -1.0088661369
-0.7798025718 -0.0000019046 -1.0220861584
-1.0956599620 -0.0003728690 -1.0936366544
-1.0981204418 -0.0003728690 -1.0936366544
-1.0975100902 -0.0003728690 -1.0936366544
-0.6451866363 -0.0000787945 -1.0854491089
-0.6451890205 -0.0000787945 -1.0854491089
-1.0053348411 -0.0000383845 -0.9983247109
-1.0041522849 -0.0000002375 -0.9983247109
-0.8999171256 -0.0000433857 -0.9448827952
-0.8999075889 -0.0000433857 -0.9448827952
-1.0806355123 -0.6455264479 -1.0588282310
-0.6212060765 -0.0024475018 -1.0820924547
-1.0842993446 -0.6253290974 -1.0988236369
