-0.7658794576 -0.0000004517 -1.0389169548
-1.0344341453 -0.0000099884 -1.0388979093
-1.0648385212 -0.0002289237 -1.0485598315
-0.9729504920 -0.0000011967 -0.9214062671
-1.0320118498 -0.0003530132 -1.0193666592
-1.0106008183 -0.0000031060 -0.9835862424
-0.6137500569 -0.0000002468 -1.0969679673
-0.0009443192 -0.0012213131 -1.1332086531
-0.9844081253 -0.0001782225 -0.9426053669
-1.0678042155 -0.8968059587 -1.0753939357
-1.0948792343 -1.0266389475 -1.1111854632
-1.1186431592 -1.0779608284 -1.1291075089
-1.0707978495 -0.0032890728 -1.0819825587
-1.0803200361 -0.0004579360 -1.0905298089
-0.0000048662 -0.0000000047 -1.0457334444
-0.0000000047 -0.0000000140 -0.8086262977
-0.0000000326 -0.0000006193 -0.9893937185
-0.0096753845 -0.0012217881 -0.9434818159
-0.0006114366 -0.0000000605 -1.0885817335
-0.0046209106 -0.0012262585 -1.0167049300
-0.0000060583 -0.0000382261 -0.0001540827
-0.0000036927 -0.0000000047 -0.5511475034
-0.0000011967 -0.0000000140 -0.4978853050
-0.0000000419 -0.0000000047 -0.6034905236
-0.6262219936 -0.0000000978 -0.0001552748
-0.0000000978 -0.0001526112 -0.6468466163
-0.0000012713 -0.0000006193 -0.5896685325
-0.0006105052 -0.0000762986 -0.5746895220
-0.0000000978 -0.0001526112 -0.8024862649
-0.0000000978 -0.0001526112 -0.6468472124
-0.0000000978 -0.0001526112 -0.6468471937
-0.0000000978 -0.0001526112 -0.6456265092
-0.0000000978 -0.0001526112 -0.6457028032
-0.0000060583 -0.0000382261 -0.6251540832
-0.0000060583 -0.0000382261 -0.6251541205
-0.0000060583 -0.0000382261 -0.6257644721
-0.0000060583 -0.0000382261 -0.6257632800
-0.0000060583 -0.0000382261 -0.6355289050
-0.0000048662 -0.0000382261 -0.6355384417
-0.0000048662 -0.0000429945 -0.6355765887
-0.0000048662 -0.0000429945 -0.6355765980
-0.0000048662 -0.0000000047 -0.7137021941
-1.1058654972 -0.0000055181 -0.5683309544
-0.5373092047 -0.0000572531 -1.1081321967
-0.0024462538 -0.0000381516 -1.0481748041
-0.0024414854 -0.0000381889 -1.0480222162
-0.0024414854 -0.0000381889 -1.0480246004
-0.0024414854 -0.0000381889 -1.0480247494
-0.0024414854 -0.0000381889 -1.0773216245
-0.0006111385 -0.0012207637 -1.0788542741
-0.0024414854 -0.0000381889 -1.0751853940
-0.0024414854 -0.0000381889 -1.0361228939
-0.0024414854 -0.0000381889 -1.0361229033
-0.0024414854 -0.0000381889 -1.0410057158
-0.0024414854 -0.0000381889 -1.0410051383
-0.0024414854 -0.0000381889 -1.0410027542
-0.0024414854 -0.0000384869 -1.0409932174
-0.0024414854 -0.0000384869 -1.0403828659
-1.0767168143 -0.8564490973 -1.0696007554
-1.0769212396 -0.6884030958 -1.0927826689
-1.1129143891 -1.0978729893 -1.1259814316
-1.1344152746 -1.1152145323 -1.1230469645
-1.1344146786 -1.0956832823 -1.1230475606
-1.0635594335 -0.8610928486 -1.0701624919
-0.7005701826 -0.0000493648 -1.0512393117
-1.0773533360 -0.0006246055 -0.6537708786
-1.0707924944 -0.0001538405 -0.6710402534
-1.0344341826 -0.0000096904 -1.0388979093
-1.0320118498 -0.0003530132 -1.0193666779
-1.0320118498 -0.0003530132 -1.0193642937
-0.0006105052 -0.0000762986 -0.5650764849
-0.0006105052 -0.0000762986 -0.5641609482
-0.5669030972 -0.0000389433 -1.1140520648
-1.0106006693 -0.0000031060 -0.9835862797
-0.0091508636 -0.0012214901 -1.0997318254
-0.0046159560 -0.0012262585 -0.9385829102
-0.0034047896 -0.0012213131 -1.0940698964
-0.0046159560 -0.0012262585 -0.9385781418
-0.0046159560 -0.0012262585 -0.9384255539
-0.0009443192 -0.0012213131 -0.8207088018
-0.0009443192 -0.0012213131 -0.8988338019
-0.0009443192 -0.0012213131 -0.8994441534
-0.0000000326 -0.0000006007 -0.9869570807
-0.0000000326 -0.0000006007 -0.9869570061
-0.0000035809 -0.0000000140 -0.5845438927
-0.0006105052 -0.0000762986 -0.5647713091
-0.0006105052 -0.0000762986 -0.5647712998
-0.0006105052 -0.0000762986 -0.5641603522
-0.0006105052 -0.0000763731 -0.5617189459
-0.0000196928 -0.0000047730 -0.5817792989
-0.0000000047 -0.0000000140 -0.8086263349
-1.0784668066 -0.8631893861 -1.0620393102
-1.1125655715 -0.0006701285 -1.1095415206
-1.1186431405 -1.0779608284 -1.1291075089
-0.9844081253 -0.0001782225 -0.9425672199
-1.0767168143 -0.8558387457 -1.0696007554
-1.0767168888 -0.8558387457 -1.0696007554
-1.0960998722 -0.0000055181 -0.5683312524
-1.0960980841 -0.0000055181 -0.5683312524
-0.7005749510 -0.0000493648 -1.0512393117
