-1.1264045873 -1.0785876644 -1.1109263600
-1.0293254499 -0.0000203541 -1.0134084113
0.0006151246 0.0000164052 -1.0835849737
0.0006163167 0.0000160979 -0.6898420916
-0.0000023982 -0.0001180312 -0.7725661115
0.0000202702 0.0000000605 -1.0627372154
0.0000049407 0.0000014948 -1.0265969821
0.0000049407 0.0000014948 -0.9484719820
-1.1035421641 -0.0000399398 -0.0000009360
0.0000013551 0.0000083586 -1.1475901363
0.0000000047 0.0000012340 -0.5539973970
0.0003065402 0.0000001537 -0.5487549636
0.0003065402 0.0000025379 -0.5487537715
0.0003065402 0.0000025379 -0.5487538088
0.0003065402 0.0000025379 -0.5487442720
0.0003065402 0.0000025379 -0.5488968599
0.0003065402 0.0000025379 -0.5489063967
0.0003065402 0.0000025379 -0.5587483156
0.0003065402 0.0000025379 -0.5587387789
0.0003063725 0.0000013458 -0.5587396636
0.0006152736 0.0000086473 -0.0056462968
0.0000011967 0.0000019418 -0.9539613835
0.0000013458 0.0000019418 -1.0320863836
0.0000013458 0.0000019418 -1.0320959203
0.0000013458 0.0000019418 -1.0320983045
0.0000001909 0.0000001537 -0.7098326792
0.0000001909 0.0000001537 -0.7098374476
0.0000001909 0.0000001537 -0.7488999476
0.0000001909 0.0000001537 -0.7488999849
0.0000001909 0.0000001537 -0.7440171724
0.0000001909 0.0000001537 -0.7440165763
0.0000001537 0.0000001537 -0.7047991042
0.0000001537 0.0000001537 -0.7072405105
0.0000001537 0.0000001537 -0.7072417026
0.0000001537 0.0000383006 -0.7078520541
0.0000001537 0.0000383006 -0.7078139071
0.0000001537 0.0000383006 -0.7078136091
0.0000001537 0.0000383006 -0.7078136464
0.0000001537 0.0000383006 -0.6296886463
0.0000192272 0.0000383006 -0.6296695728
0.0000192272 0.0000383006 -0.6296600361
0.0000204192 0.0000383006 -0.6394256611
0.0000204192 0.0000383006 -0.7958282491
0.0000204192 0.0000383006 -0.7933868429
0.0000204192 0.0000383006 -0.7982887289
0.0000204192 0.0000383006 -0.8178199789
0.0000204192 0.0000388967 -0.8129371664
0.0000204192 0.0000388967 -1.1254371667
0.0000204192 0.0000387477 -1.1254359559
0.0000204192 0.0000387477 -1.1253596620
0.0000204192 0.0000476884 -0.5003596614
0.0000204192 0.0000381516 -0.5052430700
0.0000204192 0.0000381516 -0.4954774450
0.0000204192 0.0000381516 -0.4954774636
0.0000204192 0.0000381516 -0.4954777616
0.0000251876 0.0000387477 -0.4942570585
0.0000000140 0.0002299761 -0.7847128490
0.0000047823 0.0002344465 -0.7847533801
0.0000047823 0.0002344465 -0.7847533895
0.0000047823 0.0002344465 -0.7896362020
0.0000047823 0.0002344465 -0.7896362206
0.0000053784 0.0002296781 -0.7897888085
-0.0003066706 -0.0000029942 -0.8689351621
0.0000202702 0.0000000605 -1.0578591712
0.0000202702 0.0000000605 -1.0554177650
0.0000202702 0.0000000605 -1.0651834272
0.0000030128 0.0000000047 -0.7136199211
0.0000202702 0.0000000605 -0.7038547059
0.0000049407 0.0000014948 -0.9484695978
0.0000049407 0.0000014948 -0.9484694488
0.0000049407 0.0000014948 -0.9481642730
0.0006164657 0.0000160979 -0.6901472674
0.0006164657 0.0000160979 -0.6901478634
-0.8668985645 0.0000095600 -0.9747648388
-1.0311741159 -0.0009368407 -1.0108079165
-1.0976163541 -0.8693184106 -1.0570724272
-1.0814461169 -0.9710295927 -1.0687849913
-1.1447838379 -0.0000011967 -1.1500653030
-0.9864242617 -0.0000012713 -0.9734387658
-1.0886762720 -0.7080379554 -1.0734224003
-1.0892018360 -0.7031310217 -1.0921017882
-1.1274248884 -0.0003434764 -1.1214613133
-0.5640615295 -0.0000103237 -1.1076929850
-0.5826229933 -0.0001528347 -1.1083785874
-0.5640424560 -0.0000103237 -1.1076929850
-0.5640424560 -0.0000103237 -1.1083033365
-0.5640424188 -0.0000103237 -1.1083033365
-1.0978761558 -0.6852602453 -1.0658957493
-1.0834972338 -0.6264782004 -1.0911238716
-1.0885141567 -0.6341775466 -1.0835382585
-1.1184469667 -1.1044830699 -1.1108445526
-1.0758023952 -1.0186438970 -1.0745877829
-1.0644622017 -0.7464988397 -1.0617029723
-1.1274248884 -0.0003434764 -1.1214610153
-1.0311741159 -0.0009368407 -1.0108175278
-1.0311741159 -0.0009368407 -1.0108173788
-1.0311741159 -0.0009368407 -1.0108176768
-1.0311741159 -0.0009410130 -1.0114280284
-1.0893353504 -0.7031691686 -1.0823170897
-1.0975709614 -0.6852602453 -1.0658957679
