-16.0001564079 -7.6446922988
-14.7385164475 -11.1451203694
-15.3197290274 -8.8679470484
-16.2965113030 -6.7484998107
-15.2330732947 -9.2323362769
-18.0411680922 -3.7393950679
-18.4532410311 -1.9246182103
-19.9969067706 0.0064639470
-16.2032558718 -7.1052294871
-18.1104078548 -3.5227451767
-16.6570126496 -5.0580750257
-16.6474484301 -5.1062615446
-16.7953824375 -4.4822164880
-16.7843842918 -4.5180784489
-16.6667240855 -5.0113133152
-16.9397898022 -4.0743539108
-16.8718753550 -4.2470785688
-16.8718751150 -4.2470792364
-16.8729503984 -4.2433436885
-16.8729525009 -4.2433378848
-16.3591118984 -6.4829758436
-16.3351629921 -6.5841614820
-16.3246307178 -6.6171685581
-16.2338953188 -6.9903863168
-16.2526863024 -6.9244630790
-16.2440432138 -6.9577044442
-16.7591771285 -4.6149835136
-16.7953805090 -4.4822229701
-16.7953472963 -4.4823362776
-16.7953550105 -4.4823103489
-16.7953591620 -4.4822961851
-16.7953586431 -4.4822979556
-16.7996108946 -4.4678441370
-16.7996070376 -4.4678573985
-16.7993412355 -4.4688344048
-16.7994699942 -4.4683981707
-16.7994720710 -4.4683911354
-16.7255895239 -4.7484929482
-16.7344627041 -4.7105682273
-16.7017225925 -4.8500265698
-16.8442973248 -4.3244316875
-16.8442889489 -4.3244565315
-16.8442927929 -4.3244453501
-16.8442926620 -4.3244457383
-16.8442937090 -4.3244426328
-16.7016964431 -4.8501428894
-17.9410000410 -3.8757298496
-18.5137609398 -1.6382401035
-18.5137072897 -1.6389506410
-18.3816949277 -2.2598307037
-18.6826869739 -0.9680474372
-16.6517124058 -5.0871047844
-15.9479237919 -7.7191695076
-17.9643178373 -3.8674661128
-18.0033791748 -3.8201912892
-16.9388097952 -4.0765700504
-16.4265398063 -6.1780563241
-16.4359762585 -6.1345782602
-16.1292340065 -7.3369654037
-16.6286597760 -5.1951767717
-16.4984743794 -5.8384100138
-16.7844151040 -4.5179806890
-16.7844150392 -4.5179809101
-14.6960596471 -11.2560017296
-14.9170754846 -10.5360937998
-14.8488478925 -10.7863276378
-15.5038600236 -8.1724315725
-15.2985457008 -8.9574158881
-15.4598554963 -8.3268043764
-15.4471584964 -8.3720603714
-15.4541122058 -8.3413103666
-15.4298686416 -8.4359617931
-14.7219764096 -11.1919657909
-14.6563817742 -11.3547543832
-14.9180556260 -10.5328967890
-14.9549588345 -10.3902490606
-15.4975277585 -8.1901026981
-16.2564107592 -6.9098298912
-16.2827546187 -6.7973633181
-16.6667160097 -5.0113508554
-14.8657469962 -10.7239761591
-14.8118392227 -10.9165216390
-14.8490130929 -10.7856634688
-14.8437237606 -10.8063309803
-14.9629692263 -10.3532719887
-15.5038568882 -8.1724423950
-15.5038566923 -8.1724430813
-16.4985607690 -5.8381635757
-18.2164745005 -3.0573070374
-18.2220538495 -3.0477354054
-18.7830784483 -0.6362306907
-18.4449358388 -1.9635510848
-18.6826874935 -0.9680469657
-18.4449359762 -1.9635510686
-17.9642874558 -3.8674870539
-17.9642874855 -3.8674870334
-18.0725495932 -3.6508649347
-16.2529341735 -6.9235220438
-16.7255893964 -4.7484934890
-16.7255894116 -4.7484934236
