-1.1152116639 -0.0006107008 -1.1140366235
-0.5570323165 0.0000000047 0.0000018114
-0.0018371036 0.0012215273 0.0000000047
-0.8743291030 0.0000056671 0.0001526019
-0.5569572147 0.0000000047 0.0000018114
-0.5569571402 0.0000000047 0.0000018114
-0.5569762881 0.0000000047 0.0000018114
-0.5960387044 0.0000190781 0.0000018114
-0.5984801106 0.0000190781 0.0000399584
-0.5984789185 0.0000190781 0.0000399584
-0.5984789930 0.0000190781 0.0000399584
-0.5996996962 0.0000190781 0.0000399584
-0.6003100477 0.0000190781 0.0000590319
-0.5612475477 0.0000190781 0.0000399584
-0.4831225476 0.0000190781 0.0000390643
-0.4831273160 0.0000190781 0.0000390643
-0.4819066129 0.0000190781 0.0000387663
-0.4819089970 0.0000190781 0.0000387663
-0.4819090343 0.0000190781 0.0000387663
-0.5199027485 0.0000202702 0.0001914846
-0.5195975728 0.0000202702 0.0001915591
-0.5194449849 0.0000202702 0.0001963275
-0.5194455809 0.0000202702 0.0001963275
-0.5194836906 0.0000202702 0.0001915591
-0.5194839887 0.0000202702 0.0001915591
-0.5182632855 0.0000202702 0.0001914846
-0.4792007855 0.0000298070 0.0001914846
-0.4785904339 0.0000298070 0.0001533376
-0.4785905084 0.0000298256 0.0001533376
-0.4785714350 0.0000298256 0.0001533376
-0.5176336370 0.0003338093 0.0001533376
-0.5176264844 0.0003338093 0.0001533376
-0.5176265030 0.0003338093 0.0001533376
-0.5176259070 0.0003338093 0.0001533376
-0.5078602820 0.0003338093 0.0001531886
-0.5103028803 0.0003338093 0.0001531886
-0.5103052645 0.0003338093 0.0001525925
-0.4810083895 0.0003242726 0.0001532258
-0.4809702425 0.0003242726 0.0001532258
-0.5005014925 0.0003242726 0.0001532258
-0.4980600863 0.0000190968 0.0000054063
-0.5371227353 0.0000190968 0.0000054063
-0.5371227726 0.0000190968 0.0000054063
-0.5424544081 0.0000000233 0.0000065984
-0.6205841765 0.0000000233 0.0000065612
-0.5815216765 0.0000000233 0.0000065984
-0.5033966764 0.0000000233 0.0000065984
-0.5046173795 0.0000000233 0.0000065984
-0.5046173050 0.0000000233 0.0000065984
-0.6596466020 0.0012207264 0.0000060024
-0.6593414262 0.0012207264 0.0000060024
-0.6593414076 0.0012207264 0.0000060024
-0.6593604811 0.0012207264 0.0000060024
-0.6502052077 0.0012207264 0.0000060024
-0.6502147444 0.0012207264 0.0000060024
-0.6599791494 0.0012207078 0.0000036182
-0.6602843624 0.0012207264 0.0000083866
-0.9724794849 0.0012207078 0.0000036182
-0.9723268971 0.0012213038 0.0000036182
-0.9723269157 0.0012213038 0.0000036182
-0.9723267667 0.0012213038 0.0000036182
-0.9724030606 0.0012213038 0.0000036182
-1.0517762099 0.0000001537 0.0000000047
-1.0897425153 0.0012213038 0.0000012340
-0.7772425150 0.0012213038 0.0000012340
-0.7577112650 0.0012213038 0.0000000047
-0.7528284525 0.0012213038 0.0000000047
-0.7528290486 0.0012216019 0.0000000047
-0.7137665485 0.0012216019 0.0000000047
-0.7137665858 0.0012216019 0.0000000047
-0.7040009608 0.0012214528 0.0000000047
-0.7040391077 0.0012214528 0.0000000047
-0.7040295710 0.0012214528 0.0000000047
-0.7040296455 0.0012214528 0.0000000047
-0.7038770576 0.0012596743 0.0000047730
-0.7038782497 0.0012596743 0.0000047730
-0.0000047730 -0.0000000047 -0.7056429570
-0.6269739528 0.0012596743 0.0000047917
-0.6269548793 0.0012596743 0.0000047917
-0.6269542832 0.0012596743 0.0000047917
-0.6268371042 0.0012209313 0.0000190781
-0.6268394884 0.0012209313 0.0000190781
-0.7148365823 0.0000000140 0.0006486708
-0.8768658395 0.0000056671 0.0001526019
-0.7215528337 0.0000143191 0.0006486708
-0.8743290658 0.0000056671 0.0001526019
-1.0517759119 0.0000001537 0.0000000047
-1.0520810877 0.0000192272 0.0000000047
-0.7069020120 0.0000000140 0.0006486708
-0.7069043961 0.0000000140 0.0006486708
-0.7117872086 0.0000143191 0.0006486708
-0.8778028338 0.0000143191 0.0006486708
-0.8779554217 0.0000143191 0.0006486708
-0.8730726092 0.0000143191 0.0006486708
-0.8633069842 0.0000143191 0.0006486708
-0.0003051804 -0.0001529278 -0.7072760125
-1.0598835126 -1.0010949019 -1.1126706527
-1.0576401614 -0.8364355805 -1.0837391355
-1.0437240228 -0.9291268382 -1.0968050883
-1.0598835126 -1.0011044387 -1.1126706527
