-14.7773240924 -11.0290785978
-16.0802382950 -7.4841166603
-15.0679804191 -9.9280432571
-16.1700176936 -7.2212572599
-17.9712450906 -3.8583768312
-18.0337700877 -3.7524675659
-18.4808139603 -1.7828595451
-15.5734720408 -7.9372696275
-19.9968468387 0.0058797541
-19.0064786880 -0.1180520175
-18.9713591702 -0.1775854874
-18.0743897230 -3.6420780001
-16.6538460997 -5.0753483227
-16.5743314260 -5.4631227414
-18.7067901813 -0.8821433888
-15.2509072767 -9.1567759381
-15.3015257924 -8.9388661112
-15.2026496277 -9.3571052226
-15.1732429889 -9.4839023212
-15.5653370693 -7.9663494222
-15.4769653946 -8.2657658909
-15.3745758230 -8.6471988209
-16.0067882970 -7.6350039524
-16.5037608218 -5.8129920191
-15.8901898319 -7.7486617398
-15.5112791106 -8.1449895319
-15.3706222601 -8.6667425559
-15.1461841689 -9.5854505382
-15.3574949656 -8.7162067226
-14.7473207028 -11.1156766457
-14.6502913578 -11.3711269868
-14.8841701739 -10.6638206116
-14.4823944618 -11.6098291894
-15.4848796423 -8.2307176837
-15.4899261522 -8.2176325936
-16.7864696005 -4.5131984593
-16.1828755753 -7.1741309636
-16.7176823553 -4.7816505736
-16.8460964700 -4.3196195016
-16.8436463239 -4.3273527519
-16.8495630457 -4.3085980097
-16.8480373990 -4.3138198929
-16.3151115424 -6.6695420666
-16.3488924705 -6.5199031276
-16.0628893207 -7.5249500159
-16.0628897994 -7.5249489156
-16.0623995295 -7.5261118045
-16.0624014445 -7.5261073066
-16.0614229025 -7.5283957045
-16.0633839352 -7.5237899003
-16.0028739116 -7.6426771346
-15.9894337704 -7.6681024365
-15.9698933782 -7.6950360143
-16.4433435500 -6.0964275469
-16.4432810528 -6.0967183457
-16.0802385348 -7.4841160259
-16.0802394941 -7.4841134881
-18.0024598910 -3.8171218482
-17.9426927655 -3.8754197761
-18.9713594376 -0.1775849737
-18.9713615768 -0.1775808642
-18.9702663566 -0.1796878672
-18.9702664234 -0.1796877385
-18.9702658887 -0.1796887687
-18.0024446252 -3.8171479565
-18.2255896391 -3.0316102113
-17.9710557503 -3.8622540544
-17.9711721119 -3.8605913427
-17.9595992766 -3.8693029615
-16.6525157713 -5.0833286558
-16.7228642660 -4.7585695666
-16.0085696801 -7.6332437103
-16.0032525762 -7.6374192916
-15.0968889232 -9.8075176498
-15.2105978202 -9.3271587636
-15.0878451508 -9.8430393268
-15.5384673871 -8.0530156152
-15.5234149353 -8.1023726818
-15.5507012149 -8.0110414178
-15.3616654186 -8.7002337684
-15.5234148364 -8.1023729793
-15.1003261134 -9.7966355209
-16.3505527226 -6.5180221670
-15.5734643135 -7.9372943151
-15.2554546070 -9.1376563557
-15.0291095620 -10.0885826143
-16.8350853711 -4.3535619029
-16.8350864156 -4.3535586791
-16.8350861750 -4.3535594265
-15.1880303716 -9.4142684489
-18.2014000322 -3.1383285555
-16.2693203764 -6.8567316439
-16.3003379321 -6.7317629730
-15.3574949988 -8.7162065902
-15.3015243348 -8.9388726309
-14.4824725691 -11.6097354631
-14.4823163527 -11.6099225027
-18.7560952282 -0.7231536177
-18.7555608143 -0.7248226839
-15.3699555395 -8.6693954574
