0.1819270213 0.5823429594
0.1981400130 0.5761539096
0.1788660499 0.5912041971
0.5280389087 0.3072588721
0.1935702905 0.5775133986
0.1981400119 0.5761539130
0.1935560435 0.5788751401
0.1935574805 0.5788473729
0.1955376506 0.5774876163
0.1959145601 0.5773033938
0.1974039022 0.5770827326
0.1978614283 0.5766718142
0.1973997261 0.5771225537
0.1806748823 0.5845494797
0.1804483044 0.5856090089
0.1797531971 0.5861127621
0.1835059901 0.5816917700
0.1834315864 0.5817741673
0.1834321151 0.5817653534
0.1834791291 0.5817453585
0.1834939384 0.5817449556
0.1834287426 0.5817883566
0.1834277465 0.5817884710
0.1834276305 0.5818480251
0.1832381188 0.5823072559
0.1832381234 0.5822962832
0.1832381356 0.5822894537
0.1820301765 0.5823429151
0.1816175869 0.5823435355
0.1810870520 0.5829935221
0.1810288970 0.5841679015
0.1810383238 0.5841678726
0.1797531970 0.5861851671
0.1797262177 0.5862926065
0.1795207448 0.5900715878
0.1782831176 0.5955699930
0.1785641971 0.5931890927
0.1755979876 0.5964222408
0.1777257420 0.5961238688
0.1784954529 0.5935197112
0.1775308896 0.5961358206
0.1775094373 0.5961503835
0.1755979876 0.5965144182
0.1742829761 0.6099114668
0.1741763775 0.6302362680
0.1741325911 0.6405467508
0.1741159496 0.6999100842
0.1742914278 0.6055287817
0.1741855931 0.6230976902
0.1741856148 0.6127702140
0.1741434103 0.6395044317
0.1741150682 0.7557180953
0.1741127404 0.8324384154
0.1741130906 0.8324383811
0.1741150683 0.7553270009
0.1741150730 0.7435349829
0.1741155165 0.7273902376
0.1741155163 0.7273971185
0.1741155151 0.7298146488
0.1741162624 0.6999072294
0.1741325644 0.6622254483
0.1741399069 0.6405410214
0.1741480500 0.6395006403
0.1741809049 0.6249747317
0.1741855930 0.6238903690
0.1742638697 0.6127359124
0.1742705515 0.6127083232
0.1742914013 0.6098481235
0.1742913785 0.6098508267
0.1744699234 0.6054437807
0.1744960657 0.6054113454
0.1746356037 0.6007098138
0.5333180274 0.3070782915
0.5438665851 0.3063180403
0.5120300406 0.3078162415
0.5060663433 0.3093212301
0.5045324427 0.3142479517
0.5043564257 0.3142480279
0.5091054625 0.3086313069
0.5034540260 0.3253324492
0.5034368029 0.3287046003
0.5034022528 0.3289645331
0.5034369783 0.3287046001
0.5034307734 0.3287107298
0.5034604430 0.3253291479
0.5038186467 0.3243180634
0.5038181607 0.3244661923
0.5039633869 0.3240702369
0.5053014301 0.3128094229
0.5053154437 0.3109947637
0.5053014787 0.3124887478
0.5060671122 0.3092538282
0.5060067330 0.3094208535
0.5060067770 0.3094172933
0.5060214337 0.3094161559
0.5121049455 0.3076356696
0.5120374520 0.3076357037
0.5120265173 0.3081421781
0.5425724395 0.3070769028
0.5425603644 0.3070773137
