0.0008523918 1.2779665684
0.0009946689 1.1638166134
0.3286928067 0.4499152363
0.8757291415 0.2421762544
0.6227825833 0.3216724302
0.9868265071 0.2240189659
0.9914987915 0.2179712691
1.3491904594 0.2163497960
1.3494139119 0.2161531482
0.9912217812 0.2216639148
0.9867168123 0.2264091886
0.8621071180 0.2504424048
0.0488302616 0.8160621684
0.0708606708 0.7775111510
0.1017335555 0.7336722830
0.0673253674 0.7798168367
0.6459980007 0.3216053703
0.6495706684 0.3206148592
0.7024617208 0.3187711671
0.6943978224 0.3188047758
0.6923205055 0.3189994530
0.6923157676 0.3190538492
0.6922961157 0.3192559142
0.6895354836 0.3202916979
0.6848943816 0.3203857204
0.6848944623 0.3203797316
0.6210816058 0.3258916542
0.6112174795 0.3301379622
0.5782617881 0.3328279242
0.5623390270 0.3412776470
0.5643586208 0.3382841927
0.5595932153 0.3461199267
0.0929267563 0.7466959329
0.1091155520 0.7316479553
0.0790333549 0.7752118773
0.0597519592 0.7924008895
0.0928420631 0.7506580171
0.1174689316 0.6939098621
0.0790299645 0.7752151917
0.0708560287 0.7778742781
0.0696363443 0.7778765563
0.0917469829 0.7576130502
0.0924189369 0.7569403193
0.2678042082 0.5203238992
0.1747375474 0.6240748249
0.2532803443 0.5341930974
0.2415355891 0.5499024689
0.2324854643 0.5568763201
0.1717816617 0.6460289206
0.1728109758 0.6317216073
0.1883377615 0.6160614560
0.4298834272 0.3744404884
0.4249298819 0.3854666908
0.4246046588 0.3854667007
0.4213687435 0.3903433791
0.4204737159 0.3938846508
0.4213521768 0.3903716496
0.4235708081 0.3864430396
0.4229530896 0.3890791542
0.4229190927 0.3891067305
0.4349349292 0.3662724540
0.4352329638 0.3658378442
0.4702788573 0.3497181888
0.4627327147 0.3500098762
0.4627911541 0.3499741755
0.4602303933 0.3502753778
0.4472714566 0.3529618283
0.4447189436 0.3536940656
0.4377149946 0.3625269047
0.4377161482 0.3622993737
0.4352384155 0.3658376593
0.4451396428 0.3536930983
0.1883403318 0.6151341065
0.1883402726 0.6157460565
0.1996950561 0.5998847886
0.3742557190 0.4287837624
0.1728109594 0.6385359590
0.2438452218 0.5498752222
0.0565361320 0.7967768772
0.0500476284 0.8159049947
0.0529521476 0.8079157595
0.0401536707 0.8418915346
0.0008523768 1.2877891940
0.0009941993 1.1638697159
0.0027480934 1.0362298143
0.0024702142 1.0891871398
0.0027697502 1.0319820515
0.0034040096 1.0116388957
0.0037515758 1.0032912889
0.0044304567 0.9939466013
0.0036698465 1.0047112880
0.0101876522 0.9669759949
0.0673530305 0.7798150666
0.0669808459 0.7831895206
0.0340462342 0.8553943344
0.3206081591 0.4651501812
0.3273978190 0.4609354626
0.3271181973 0.4636175184
0.3206111748 0.4651497785
0.3282295837 0.4595895507
