0.6502897855 0.4153740549
0.6531757532 0.3811598080
0.6532956965 0.3774362382
0.8481701532 0.3556319731
0.8388830399 0.3705789376
0.8461757972 0.3641716036
0.8478007635 0.3559740072
0.8469979234 0.3609355623
0.8471787677 0.3605132931
0.8473155207 0.3600510523
0.8473152513 0.3600519594
0.8473152012 0.3604315963
0.8481556172 0.3556488245
0.8465593321 0.3638356975
0.8456372925 0.3704691966
0.6068699793 0.5343006088
0.6242124679 0.4379057024
0.6495563298 0.4374705471
0.6502800624 0.4153762687
0.6590243292 0.3769617177
0.6576809726 0.3770468497
0.6802758554 0.3759059236
0.6603692831 0.3765757537
0.6614589668 0.3762454616
0.6655007112 0.3762230721
0.7144272821 0.3758469632
0.7144511581 0.3758305394
0.7144511472 0.3758305418
0.7302145929 0.3758276351
0.7428366543 0.3758057876
0.7525591732 0.3757698837
0.7424091259 0.3758059632
0.7424090633 0.3758059647
0.7437353399 0.3758057423
0.7517902829 0.3757913202
0.7517859745 0.3757916524
0.7525429440 0.3757789927
0.7525925040 0.3757697722
0.6802759435 0.3758806603
0.6923494167 0.3758518473
0.6844056197 0.3758604259
0.6829734227 0.3758754725
0.6790409467 0.3760500927
0.6782441882 0.3760915757
0.6780060564 0.3761320886
0.6776149831 0.3762219990
0.6770012071 0.3762229096
0.6654961502 0.3762235044
0.6603798364 0.3763240008
0.6601535440 0.3765936388
0.6593364662 0.3768468075
0.6576677248 0.3771780703
0.6528505929 0.3862269696
0.6531131544 0.3819047813
0.6528104545 0.4055986198
0.6527737988 0.4128101566
0.6527707152 0.4132376170
0.6527714222 0.4132369598
0.6528087743 0.4055986253
0.6528292381 0.4055985045
0.6532957234 0.3774291247
0.6533298652 0.3774291233
0.6532844092 0.3780739167
0.6532698608 0.3806417264
0.6532165673 0.3808889973
0.6531757528 0.3811598155
0.6531193482 0.3818984620
0.6531222425 0.3818448781
0.6531234274 0.3818448766
0.6530243033 0.3848993827
0.6530243191 0.3830229838
0.6530347608 0.3830189577
0.6530382066 0.3830174945
0.6530453705 0.3830155834
0.6530758795 0.3829347944
0.6530758296 0.3829562773
0.6530765729 0.3827329404
0.6532201249 0.3808480277
0.6532200111 0.3808804798
0.6532215913 0.3808480176
0.6068913770 0.5342985257
0.6202364621 0.4553108211
0.6208391483 0.4496601308
0.6242259374 0.4379055954
0.6093098643 0.4572125129
0.6207988550 0.4544278767
0.6207987634 0.4548849823
0.6203545446 0.4548850238
0.6203528192 0.4548876884
0.6202131177 0.4553211054
0.6202129910 0.4553223682
0.6201583060 0.4553508520
0.6201577261 0.4554947242
0.6201464734 0.4556098146
0.6201464734 0.4564088920
0.6088314793 0.4688481636
0.6088232783 0.4695025759
0.6088315941 0.4685271047
0.6088316768 0.4684931963
0.6088280483 0.4694949249
