0.6937976192 0.5094464738
0.7066156440 0.3156640371
0.6967147854 0.3772266210
0.6703938323 0.6462354979
0.6753319192 0.6341737532
0.6714909629 0.6462354965
0.6753318769 0.6431663455
0.6980206854 0.3174732869
0.7101262833 0.3135136000
0.7373201409 0.3071276663
0.7104518086 0.3134753134
0.6952486836 0.4629799329
0.6954578830 0.4424184757
0.6934788840 0.5467543577
0.6933490765 0.5720839004
0.6933239581 0.5891976047
0.6933235231 0.5897034434
0.6933860909 0.5642789100
0.6933863102 0.5642787789
0.6933809143 0.5643427249
0.6934374261 0.5641545220
0.6934375881 0.5635676694
0.6935717820 0.5467119699
0.6936002835 0.5148604753
0.6936051095 0.5148365435
0.6937858043 0.5094777735
0.6945307036 0.5079484136
0.6950219058 0.5076092161
0.6951728368 0.5075607099
0.6951555679 0.5075712253
0.6964366242 0.4077049429
0.6954581791 0.4424178256
0.6957346114 0.4385393327
0.7005662816 0.3173439444
0.7045941613 0.3168708562
0.6964384433 0.4026134225
0.6965184051 0.4025710532
0.6967190935 0.3772195630
0.6967330274 0.3771991804
0.6970703303 0.3458029677
0.6970603117 0.3458030558
0.6972307049 0.3458009541
0.6972323205 0.3457980561
0.6972442038 0.3457332069
0.6979841574 0.3451077976
0.6979583439 0.3451475462
0.6979855619 0.3190724011
0.7045574466 0.3168886312
0.7046334717 0.3166838153
0.7064019687 0.3160183880
0.7064254215 0.3160170358
0.7126089398 0.3134731182
0.7695734883 0.3038261451
0.7432588262 0.3066937949
0.7349264841 0.3079581786
0.7324482858 0.3087674800
0.7324391336 0.3089993467
0.7322527177 0.3101879251
0.7315722863 0.3115634757
0.7315707923 0.3118976881
0.7314832964 0.3121040712
0.7321665949 0.3115210439
0.7322439682 0.3115156980
0.7322530930 0.3101620972
0.7324202663 0.3093194794
0.7354522633 0.3079561614
0.7357102856 0.3078792750
0.7357468381 0.3078492370
0.7357468663 0.3078484791
0.7357496240 0.3078170316
0.7357539682 0.3077830933
0.7358256865 0.3077823524
0.7373011083 0.3071315187
0.7425011201 0.3071196560
0.7442166985 0.3064847809
0.7439518300 0.3066929402
0.7463144691 0.3063759565
0.7463524131 0.3063756890
0.7517983876 0.3061787093
0.7630430751 0.3041508994
0.7573820807 0.3052462123
0.7642125837 0.3040517130
0.7651445808 0.3039994099
0.7603062940 0.3050076071
0.7603056033 0.3051215540
0.7603413092 0.3049399490
0.7620617552 0.3043143478
0.7606167480 0.3045974511
0.7606649810 0.3045964121
0.7606947618 0.3044974725
0.7619716362 0.3044690102
0.7620600124 0.3043176319
0.7620654623 0.3043113859
0.7632812711 0.3041445805
0.7641736001 0.3040802585
0.7653906093 0.3039990068
0.7683385934 0.3039704617
0.7683399660 0.3039502738
0.7687724335 0.3039502677
0.7695726000 0.3039300131
