0.2207863989 0.9373273802
0.2153022531 0.9673797709
0.4936426628 0.9313187274
0.2146759453 1.0215963207
1.2569111700 0.9113700012
0.5493609121 0.9164637205
0.5274227009 0.9206548985
0.4946456049 0.9311095713
0.2146616467 1.1588574314
0.2146607164 1.6051008977
0.2146600007 1.9450103176
0.2146599984 2.1098496881
0.2146595517 2.6146396768
0.2146597237 2.1677762998
0.2146598068 2.1284139058
0.2146596003 2.5559850462
0.2146595890 2.5592018355
0.2146605334 1.9448565929
0.2146605333 1.9449279871
0.2146682076 1.0298904624
0.2146642354 1.0311652278
0.2146626863 1.0447578342
0.2146613967 1.2606064349
0.2146759447 1.0230606299
0.2146759001 1.0232103038
0.2146692565 1.0243174653
0.2146714660 1.0242727332
0.2146708970 1.0242741724
0.2146687324 1.0296056893
0.2146687009 1.0296404830
0.2146686858 1.0298229327
0.2146685103 1.0298902209
0.2146641583 1.0380216084
0.2146619616 1.1193504809
0.2146616484 1.1572063982
0.2146615993 1.2009082006
0.2146613008 1.2749500659
0.2146614203 1.2526340018
0.2146615422 1.2390960448
0.2146615911 1.2009803510
0.2146615993 1.2009082098
0.2146615986 1.2009526606
0.2146615894 1.2009803989
0.2146615555 1.2344113507
0.2146615420 1.2390961554
0.2146615633 1.2235599201
0.2146615555 1.2343257425
0.2146616169 1.1805249327
0.2146616418 1.1731167890
0.2146616418 1.1731168052
0.2146616425 1.1596856902
0.2146616522 1.1571737428
0.2146618967 1.1555121723
0.2146619010 1.1541404872
0.2146619614 1.1216652109
0.2146620554 1.1076876780
0.2146620928 1.1076785618
0.2146621270 1.1072856575
0.2146621257 1.1072941548
0.2146621317 1.1071146448
0.2146621317 1.1059076959
0.2146621326 1.1059004131
0.2146622582 1.1058349632
0.2146631334 1.0427185208
0.2170720556 0.9379631574
0.2610324457 0.9372513468
0.2703641468 0.9371192592
0.2164456441 0.9394810712
0.2153005768 0.9704215147
0.2159311075 0.9400902064
0.3197726079 0.9371183552
0.2709746618 0.9371191467
0.2589034701 0.9372850451
0.2590224625 0.9372667598
0.2589802998 0.9372667648
0.2376817082 0.9373112017
0.2426657614 0.9373095323
0.2219220148 0.9373168407
0.2219220759 0.9373163106
0.2155976855 0.9427664373
0.2176112790 0.9377106583
0.2176066511 0.9379626062
0.2170045356 0.9379655207
0.2169882699 0.9379757377
0.2169851707 0.9384858931
0.2169843942 0.9385026531
0.2164201197 0.9395352691
0.2164200856 0.9395624898
0.2163678440 0.9400615702
0.2163100097 0.9400619072
0.2159310154 0.9400906898
0.2159320552 0.9400849728
0.2155217055 0.9535655613
0.2155242479 0.9532018596
0.2155629175 0.9531935110
0.2155969822 0.9514049293
