0.5663766649 0.2537823857 1.2650457965
0.5275991285 0.2844705672 1.2649666204
1.2220567788 0.2551034340 0.8910327917
0.4518136834 0.1001353497 1.6797331230
0.1147133383 0.5418976133 1.6879236213
0.6180937985 1.6748529412 0.5235966398
0.7546222831 0.8261965788 0.9154323865
1.2932586598 0.3120292813 0.4015721928
1.1101476340 0.6507405978 0.6628596327
1.6117699360 0.7339741606 0.1811741996
0.8347586447 0.3551435878 0.9879667014
1.2391121717 0.1655009720 1.1943768615
0.8270907696 0.1186129368 1.5104267444
0.4897458727 0.9212688049 1.0361497714
0.1151085740 0.3003609303 1.7703222752
0.3327229527 1.1686030343 1.1801588021
0.4996192554 0.4946012500 1.0895329309
1.0890751497 0.7350120809 0.5522933300
1.0923036755 0.8439177873 0.3875309478
1.3473053582 1.3471121518 0.1897228284
0.9560346316 1.9676482701 0.2490898627
0.6180937985 1.6748534234 0.5235952253
0.9464761501 1.5978177695 0.4877716422
1.0686874856 1.4894253355 0.3787084145
1.7423768760 0.2420088697 0.3725950082
1.0338436186 0.9286921290 0.4594772676
0.3203884849 0.2781029511 1.4348073187
0.4897844344 0.9212435596 1.0336645649
1.0050190338 0.9267684891 0.4752079116
1.1192255620 0.2665466614 0.4586543994
1.2918866163 0.6277717274 0.3008553953
1.0949901714 0.5572797681 0.9309577884
1.0949472940 0.5572062890 0.9315077692
1.0948921790 0.5572062890 0.9315358801
1.0902803131 0.5572210143 0.9313969005
1.0902800484 0.5572383231 0.9315406032
1.0890751497 0.7350126107 0.5336086989
1.0890751505 0.7118787496 0.5336089814
1.0890675770 0.7125754038 0.5697963606
1.8736536237 0.1235547509 0.7996153900
1.5894285183 0.1281398928 0.7253382099
0.8168350880 0.2519666549 1.1029021342
0.2893936148 0.2085682722 2.0657576531
1.3160552219 0.0400816917 0.8229626650
0.8270908244 0.1186129368 1.5103727428
0.8270908235 0.1299735194 1.5073038116
1.3510267538 0.0921447288 0.8026980615
1.1526040083 0.1277401008 1.5066027172
1.3282340814 1.3471590175 0.1897147304
1.3275000379 1.3471517706 0.1909716999
1.0644402602 1.4908205760 0.3787164317
0.9175816042 2.1368469817 0.2362228932
0.9635538755 1.9697273963 0.2490896998
0.9910638608 2.0890253633 0.2219973032
1.1098025712 2.0852985572 0.2242942099
0.8306734888 0.6337641500 1.0367954520
0.5081552423 0.4514996833 1.1054736219
0.5081552521 0.4945965279 1.1053838484
1.2390500915 0.1654353590 1.1944664873
0.7725181817 0.1368474784 1.1968166997
0.7006565559 0.2630525223 1.1991359554
1.2932399167 0.3143933443 0.4014757304
1.2908164667 0.3138178153 0.4483811752
0.8173258365 0.8033342100 0.9154323719
0.8147699735 0.8089797943 0.8967337581
0.8027440937 0.8089794032 0.9853581315
0.8347586447 0.4739541297 0.9877803448
0.8347773455 0.3405636231 0.9879512651
0.8355902807 0.3403264845 0.9878215921
0.8368744254 0.3403255841 1.0515344161
0.8364261289 0.3403256789 1.0515346655
0.8367096234 0.2519676703 1.1028947214
0.8167487522 0.2611769319 1.1029057829
0.7570688894 0.2599936458 1.2343548352
1.4097535333 0.2665466401 0.4586540355
1.3835183182 0.2665610449 0.4578788348
1.4075463579 0.2075143205 0.6158006284
1.8964978146 0.2076279394 0.5457169418
1.9060494452 0.2097000574 0.5174201360
2.1743348296 0.1426023642 0.6082375265
1.7569097651 0.2019409711 0.5474228280
2.1867804544 0.1815541917 0.6082083914
2.1948509380 0.1805523173 0.4711218109
1.3500954176 0.0832196834 0.8029395233
1.3160435508 0.0400813438 0.8229753348
1.3157942141 0.0400813398 1.3279625956
1.3618458086 0.0360213525 1.3267873746
0.1833478466 0.6011231345 1.2143412553
0.3204549701 0.2741273253 1.4348074158
0.5035309467 0.2525471366 1.3175002207
0.5443359915 0.2459709942 1.2974343902
0.5100990117 0.2848202983 1.2645566027
0.5104822665 0.2848202983 1.2645423720
0.5034477097 0.2763480762 1.3175427270
0.5027289771 0.2759150629 1.3175431255
0.4765247890 0.2853394340 1.3175431062
0.4805583634 0.2810508870 1.3184676210
0.1146806470 0.5418976906 1.6879236213
0.0985939181 0.5631607471 1.6962607144
0.2877445349 0.2086253122 2.1079603644
