0.5966112366 0.5262881042 1.0727543229
0.2659223397 0.3508426090 1.4179076377
0.5107529707 0.4834820995 1.2500308084
0.4101673666 0.8562482561 0.8653924365
1.9020129107 1.8707716170 0.1485772953
3.4308776626 1.7688834875 0.2343477084
1.4322566472 0.7752782661 0.5565313416
0.7550119134 0.9205914632 0.5847450745
0.5906155724 0.7499355055 0.8121692741
0.5903576919 0.6034874853 1.0319702864
0.4011063978 0.6294552428 0.8995739963
0.4645421527 0.4838593904 1.2592781035
0.2099100545 0.4036526411 1.8208953085
0.4645424997 0.4838537083 1.2592780311
0.3674112395 0.2224633620 1.9562568484
0.7066973635 0.2571713475 1.5405034107
0.7948154781 0.2430628088 1.3460272237
0.8972629399 0.2958249126 1.2284615458
1.1627479708 0.2958247600 1.2281613315
1.5867278113 0.1704455861 1.3392657033
0.8972619262 0.3042092153 1.1421986025
0.8973915197 0.3024653850 1.1421980157
0.8967501777 0.3024518142 1.1421989393
0.9013882583 0.3037999520 1.1374843928
0.9031463499 0.3043689905 1.1374267799
1.3996262408 0.3804566511 1.1374085335
1.6967888181 0.5111220680 1.0639542408
1.6971901964 0.5103400448 1.0675525709
1.6976119686 0.5103122589 1.0676702029
2.0305271338 0.5103122587 1.0726090317
0.5958260357 0.5262910283 1.0709625157
0.4010262039 0.8548868868 0.8996691750
1.2357641864 0.5642749435 0.9339618696
0.5969434347 0.5262909868 1.0727540353
0.6007968385 0.6034873752 1.0319704503
0.5904845692 0.6034431905 1.1247499333
0.3080475376 0.5012132825 1.4005187317
0.2238697472 0.7031745526 1.5412373986
0.2024796613 0.7034514501 1.5412759853
0.2027154605 0.7016268694 1.5412725692
0.1687087223 0.6251606907 1.9301287758
0.1869690780 0.6628413964 1.8647447981
0.4815235764 0.1500934600 1.9449910597
0.2170760438 0.4151624443 1.8077917982
0.2103078177 0.4050839193 1.8171497392
0.3080460558 0.5012149959 1.4004939449
0.1558843330 0.8127648678 1.2533155276
0.1935768996 0.8879800441 0.8207229097
0.1488958921 1.2055597151 1.2906744024
0.8035414843 0.1948932672 1.6045430375
1.5867277020 0.1704455704 1.3421003034
0.7926368533 0.2439894937 1.3447772082
1.2950154832 0.2442876171 1.2772553049
0.2172063279 0.3992938633 1.8053319398
0.2649932150 0.3901413758 1.8053399372
0.2623120155 0.3914914709 1.8083294780
0.1546388567 0.9886835861 1.2079002353
0.1472056667 1.0136153668 1.4931140210
0.5910122041 0.7499155512 0.7453701410
1.2350357766 0.5642749435 0.9363122584
1.2350415851 0.5535212776 0.9363442427
1.2350415851 0.5534987268 0.9363444640
0.3319728595 1.4583770741 0.4906295076
0.7248226512 1.5228563182 0.2635548681
1.9845385880 1.2878824623 0.3117150284
0.5541559621 0.9264925628 0.4024267062
0.5435199562 1.3548645977 0.3952328261
0.8307862135 2.2408328208 0.2265367563
0.4010450263 0.6294375332 0.9079460399
0.4010446720 0.6522466829 0.9134441624
0.4010450927 0.6271398555 0.9135084376
0.5057276025 0.6218703742 0.9135084786
0.5030827061 0.7712577438 0.8915146041
0.5156606457 0.7655392970 0.8915064852
0.5900068492 0.7655392970 0.8913635641
0.5901411385 0.7330304670 0.8911800622
1.6182153662 0.7685765732 0.5558974033
1.4322678334 0.7752782653 0.5558973986
1.6182247041 0.7687088805 0.5558761037
1.6182240452 0.7858856493 0.5558685454
1.1874594828 0.9093035906 0.5246428302
1.2059641098 0.9080911762 0.5429908259
0.1410179378 1.2108568711 1.2906066181
0.8300742876 2.2413010439 0.2297441858
0.8834602399 2.2401475869 0.2195343547
0.1934883166 1.0228180964 0.8986895558
0.1934861810 1.0448385678 0.7998816760
0.1947007129 0.8815475415 0.7651316868
0.1946837283 0.8815703435 0.7265895414
0.1870474802 0.8864651360 1.2408481481
0.1869935593 0.8892874314 1.2410423833
0.1867989709 0.9831154831 1.2237224288
0.5541559105 0.9264920239 0.4971994925
0.5541559199 0.9265142398 0.4654460701
0.5512015415 0.9328307664 0.4545725194
0.5511156382 1.2660030612 0.4532466134
0.5504695646 1.2656221040 0.4534311451
0.5478755714 1.2576239827 0.4558315336
0.5894787340 1.5786291972 0.2731527442
0.5961543505 1.5950667399 0.2690009640
