0.5208008851 0.4132947933 1.4273354315
1.0069890077 0.4385238569 1.0037398430
0.6794772916 0.9302355828 0.7597141874
0.1684531175 0.8301881446 1.8264410243
0.7168204294 0.4905423892 0.8647841197
1.1309650547 0.5805892110 0.5008636557
1.0212479783 0.2771095844 1.2295048396
0.9004129890 0.3130745517 1.0850535803
0.8570870284 0.2802132241 1.1444387127
0.8989982069 0.1908791536 1.3459934477
1.2060192647 0.1197256293 1.2057592637
0.4375916049 0.5138888577 2.4251379217
0.6635386107 0.3131065032 1.6497075790
0.2905806572 0.7380525754 1.7276699196
0.4858245986 0.5138891052 2.4251374659
0.3173368421 1.4083560802 1.1870285826
0.2803767989 1.5112193144 1.4102573069
0.2818595033 1.6132683838 1.4101808189
0.2448621819 1.6869383940 1.3883298715
0.3144771736 1.4077617050 1.3108092550
0.2131616544 1.0349817515 1.4987212114
0.3670006434 1.3016745113 1.1648080114
0.1715513086 1.3531449982 1.5170592496
0.1772462153 1.2945986827 1.5170584851
0.0978260886 1.8270447180 1.7117406408
0.1847631861 2.0628141002 1.4785879150
0.0973777045 1.8232293184 1.9958392147
0.0692415226 2.1357888640 1.8111020661
0.0876318876 1.9864816014 2.2434355606
0.0934979198 1.5238108782 2.0092116521
0.1406098487 1.0735372914 2.3016026011
0.3629425353 1.3016744681 1.1648094156
0.6917346445 0.5923130340 0.6683435399
1.8415327460 0.4302575543 0.5234288872
1.1939854875 0.3511492583 0.6927688948
1.0756861537 0.3117128226 0.9378966047
1.3796938295 0.2595205009 0.9179289172
0.9903155699 0.2771097624 1.2410219661
2.0879145770 0.2865746234 0.8410055170
1.7503238478 0.2728726533 0.8820105531
3.9147188857 0.2309171949 1.0650105406
2.3103218647 0.3191168003 0.6946416640
2.3102767928 0.3389642156 0.6940847772
2.3222032506 0.3242162431 0.6940866150
3.3117178648 0.3232200626 0.6938688057
3.5230862008 0.3144587604 0.7012723435
3.5215832168 0.3145103438 0.7018135831
0.9293957582 0.7627715181 0.5937805292
2.4600241843 0.5805763185 0.5008636557
0.6947870071 0.5662262711 0.6682779088
0.7168221377 0.4905423850 0.8647919721
0.7532313830 0.4905424667 0.8646634646
2.0844057955 0.2995702950 0.8415401063
2.0826035306 0.3000102722 0.8415401063
1.0221884326 0.2713216997 1.1539985207
1.7494884601 0.2791469615 0.8795709172
0.8570850161 0.2786069443 1.2419994926
0.8572609448 0.2786068750 1.2419995363
0.8569886415 0.3643963120 1.2456843001
0.8565124643 0.3701182503 1.2460963680
0.8565124643 0.3701355722 1.2460963608
0.8565123793 0.3681976979 1.4099236567
0.5210270861 0.4126269497 1.4272575790
0.5170348821 0.4124541122 1.4878544901
0.1458111420 0.6355600189 2.3658058922
0.2366148096 0.8719721544 1.4477287928
0.4784808811 0.7841624358 1.5609494171
0.4675780749 0.7840882432 1.5609516557
0.4660515281 0.7888647001 1.5610156685
0.4660466289 0.7962979395 1.5718385235
0.4660222191 0.8027420732 1.5946353373
0.1408634746 0.6355113811 2.3658137865
0.1407172782 0.7337646425 2.3659697795
0.0934980877 2.0767434384 2.0092116512
0.0692415228 2.1356578613 1.8111021239
0.0870249543 2.1187085449 1.7642220356
0.0870249556 2.1155181992 1.6398060713
0.0914432684 2.1138198254 1.6284204771
0.1846046864 2.0628235019 1.4800937132
0.1715513069 1.3413890746 1.5186331934
0.1715515692 1.8666116577 1.5024931486
0.1826508770 1.9004839789 1.5024746440
0.1705408842 1.9756579526 1.5022365091
0.1225805594 1.9682874947 1.5557127186
0.1204505668 1.9682849312 1.5558744645
0.2440049657 1.4174743550 1.4376526597
0.2430244068 1.4178752472 1.4352336825
0.2430227607 1.4194341171 1.4354203693
0.2430201049 1.4198693534 1.4352918384
0.2131652451 1.4215965659 1.4303975765
0.2131652451 1.4211668062 1.4328325119
0.2420791546 1.4205543337 1.4298000907
0.6533586058 2.7123915659 0.8632793141
1.2369884196 0.1058703095 1.2048164662
0.7674676355 0.1155971211 1.7013640444
0.7685497749 0.1103185341 1.7607509812
0.7521321338 0.1319620300 1.7328796644
1.2237587043 0.1058703096 1.2050469061
1.2236670414 0.1261999953 1.2042652797
1.2397738771 0.1261880751 1.2044714758
