0.9922485435 0.0223634214
0.9898078497 0.0246535451
0.0000000009 1.1246329026
0.9753573695 0.0263739498
0.1093750001 0.7221662680
0.3476944299 0.4291914789
0.0302739218 0.8668895758
0.9753880063 0.0263177665
0.0008859709 1.0224167022
0.0479431311 0.8183454942
0.3525619836 0.4230151122
0.7253420369 0.1665976825
0.0571599193 0.7965223140
0.0118408222 0.9359190660
0.0205422212 0.8882056831
0.0205117334 0.8933938761
0.0098271370 0.9445346717
0.0562973703 0.8124143717
0.9954910763 0.0223092045
0.0098290444 0.9441259163
0.4301071264 0.3707078110
0.7253420360 0.1673240368
0.9753421107 0.0263830084
0.9955368526 0.0221120101
0.0714288522 0.7675463496
0.0364379883 0.8397496554
0.4481367920 0.3640895191
0.0034505362 0.9958131582
0.3679220689 0.4208474841
0.0737678046 0.7630007757
0.4902648930 0.3260287865
0.0364381075 0.8347969395
0.4461827133 0.3656452643
0.1308602142 0.6681841411
0.5687280917 0.2635428077
0.8677228762 0.0900431646
0.7050879008 0.1845697088
0.5909424327 0.2539994573
0.9306819466 0.0505876154
0.3438034387 0.4325315306
0.3437500366 0.4379569103
0.0013504215 1.0132960447
0.0011062808 1.0173830949
0.0089116152 0.9494596373
0.4461825941 0.3679399057
0.0586853047 0.7933165001
0.0020752279 1.0024370265
0.0058599757 0.9712436380
0.0664068796 0.7844149936
0.9753420511 0.0298189279
0.9228692082 0.0565448793
0.4182372134 0.3777401049
0.8388977282 0.1053646519
0.8633733102 0.0924660824
0.9520725766 0.0413485697
0.0302739814 0.8649940347
0.2330627527 0.5631344572
0.8679363801 0.0853266452
0.8052228762 0.1255772463
0.5062280917 0.3089493982
0.5595703624 0.2728932196
0.5205269256 0.3036368285
0.0693607731 0.7732701031
0.1943612501 0.5920691094
0.8359530064 0.1138051501
0.9028320330 0.0718432699
0.4562387787 0.3523584459
0.3437882432 0.4366522698
0.3447494836 0.4305691617
0.4697494837 0.3442697550
0.0157261519 0.9065034590
0.2783222723 0.5130357505
0.2114297256 0.5681601933
0.9659577990 0.0367811072
0.3712158579 0.4163622593
0.6797256569 0.1918756272
0.2036753196 0.5846533042
0.8897938746 0.0835422184
0.7533645823 0.1508937027
0.4182133800 0.3937372563
0.8916192082 0.0745973016
0.8676923587 0.0900753412
0.4481358383 0.3641420659
0.2783222425 0.5134299467
0.3212891150 0.4657388541
0.2656251353 0.5157485026
0.2656251195 0.5176958418
0.2353525201 0.5552205962
0.0156579111 0.9202961612
0.4863586430 0.3293345707
0.4824523930 0.3370464209
0.2402648928 0.5419216017
0.4746398930 0.3386961871
0.1135416144 0.7088871547
0.2392587701 0.5501478935
0.2382822076 0.5511799198
0.1762704888 0.6252158681
0.6767583067 0.2119620882
0.6455082899 0.2300473926
0.0478520580 0.8275094186
