0.9356699641 0.1775960830
0.6132869903 0.6516430434
0.4035663795 0.8606407594
0.5299301199 0.7438892847
0.6270487082 0.6437696602
0.5022002165 0.7758735231
0.9905358711 0.0532582813
0.5703289216 0.6996665496
0.5603028094 0.7185795303
0.5314970617 0.7407843980
0.6308594445 0.6349551512
0.6275369894 0.6432087904
0.5078159277 0.7701497337
0.3750859102 0.8809528150
0.3557443631 0.9001669331
0.4905358707 0.7793687900
0.5783724800 0.6975038281
0.5455695033 0.7300583863
0.0630246401 1.0140131514
0.3633117688 0.8998111645
0.4905320709 0.7834227894
0.5855256632 0.6884796649
0.9906578222 0.0522872312
0.9906579414 0.0522225471
0.4905320858 0.7820405171
0.4863815647 0.7873249718
0.5182113699 0.7490290555
0.5221176199 0.7462564561
0.6504211674 0.6033671228
0.5002470617 0.7783945846
0.2070417713 0.9815905196
0.5917968998 0.6790282950
0.2140295703 0.9780079735
0.5684209797 0.7145643795
0.6665115977 0.5851126693
0.1250019075 1.0063693661
0.0004901886 1.0195818599
0.9619929390 0.1145683134
0.6586990977 0.5962611246
0.9997692714 0.0514468637
0.9785234416 0.0798053082
0.6475887705 0.6123766332
0.8609373019 0.2765139723
0.9589845100 0.1243580761
0.6015655106 0.6614490923
0.5117221777 0.7661122379
0.5918274173 0.6730641616
0.6328182254 0.6346302551
0.6914066083 0.5595623084
0.6855803222 0.5700016710
0.6858244629 0.5652954731
0.7493010254 0.4795465709
0.7129211675 0.5176790523
0.7168274175 0.5122751007
0.6543274174 0.5979288788
0.6308594426 0.6352420459
0.6484375081 0.6110634790
0.7109375081 0.5279594197
0.8297424417 0.3598691810
0.8599759982 0.2976243881
0.8443360970 0.3050393600
0.8453121826 0.3026658730
0.1406431544 1.0003149322
0.8208050810 0.3697101469
0.8994154938 0.2422625389
0.1445341456 0.9992455094
0.8935604206 0.2471347719
0.4179698279 0.8514139790
0.4267617841 0.8506488111
0.7851642433 0.4234007436
0.8857526797 0.2579199653
0.0355836451 1.0156029529
0.4376221937 0.8426739247
0.1914066115 0.9881826473
0.8164072044 0.3780382874
0.1250000001 1.0104308314
0.3750000003 0.8950922255
0.9726877669 0.0996293650
0.4424000536 0.8350975464
0.3750859055 0.8883684325
0.8750859060 0.2754903998
0.9418955156 0.1636346086
0.9609553413 0.1197244856
0.9619160490 0.1150771049
0.9619924621 0.1148446394
0.9619772033 0.1149180627
0.4035664987 0.8604654598
0.3442382816 0.9156433916
0.7501223094 0.4794174124
0.4692382835 0.8137743776
0.3130246404 0.9215699312
0.0629941226 1.0140172075
0.0629941263 1.0140155764
0.0742245950 1.0122474089
0.3242245953 0.9156570160
0.8828135923 0.2666353813
0.8833018736 0.2638794203
0.8833018810 0.2638639271
0.2813723090 0.9443729241
0.8398447082 0.3439774598
