0.4295654301 0.0835713297
0.0000000000 1.1348968601
0.0578613692 0.7364405130
0.0342570478 0.8360060408
0.0451060394 0.7819143348
0.0196705181 0.8980921595
0.0077018812 0.9750762266
0.0005359966 1.0269330323
0.0125904381 0.9223059160
0.4150870484 0.1989382775
0.4446411137 -0.0733906740
0.0107730031 0.9297206304
0.6386718756 -0.3536636152
0.6416168517 -0.3797656850
0.6387023932 -0.3598155013
0.6552734679 -0.4261684006
0.8750991829 -0.4650989234
0.8751029976 -0.4667659504
0.8750953682 -0.4641795284
0.8750916132 -0.4372918549
0.6465044326 -0.4059835309
0.6416173285 -0.3898437003
0.6465034789 -0.4059621304
0.6455078429 -0.4029610711
0.6347694552 -0.2980050554
0.6347656256 -0.2958887214
0.0011168737 1.0065375591
0.6337901360 -0.2901261708
0.6337901378 -0.2912445765
0.6337901416 -0.2953312711
0.6357432666 -0.3193467596
0.6357431474 -0.3016478301
0.6411133154 -0.3723186836
0.6362304991 -0.3317437510
0.6401367491 -0.3707583037
0.6396484381 -0.3670363139
0.6533203429 -0.4254572450
0.6455231017 -0.4035156606
0.0133057460 0.9211878384
0.1983718874 0.6060293890
0.4338684086 -0.0087917814
0.1936664583 0.6344997790
0.0235599298 0.8775241143
0.0000000075 1.0918577982
0.0362132052 0.8272876490
0.0420542891 0.8029375470
0.0351734478 0.8303651523
0.0323070148 0.8424476374
0.0277252514 0.8597609269
0.0235768575 0.8656104920
0.0005054791 1.0272616528
0.0005131084 1.0272380343
0.0039310772 0.9927139089
0.0703430195 0.7046029168
0.0672779382 0.7149754140
0.0440257052 0.7998062701
0.0323067764 0.8426911011
0.0342560942 0.8403348153
0.0372935394 0.8194899818
0.0450139195 0.7914319641
0.0236073751 0.8654717209
0.2501407957 0.2770778505
0.2501446104 0.2734274524
0.2501403189 0.2774419998
0.2501405573 0.2774174378
0.0625305195 0.7160954573
0.2139968874 0.4825959607
0.0556716994 0.7516626901
0.4406738285 -0.0539438363
0.4543457632 -0.0982368839
0.1957483591 0.6251049054
0.4543457035 -0.0955962173
0.4387207035 -0.0431332312
0.4407348637 -0.0548736499
0.4436664585 -0.0630355354
0.2179184260 0.4514224383
0.2033901291 0.5575375505
0.1940937119 0.6304758001
0.2243920921 0.4028916946
0.2222099325 0.4198229660
0.2233925268 0.4117301096
0.2243920883 0.4053435838
0.2342149375 0.3493003559
0.2322656272 0.3508049853
0.2317163704 0.3548713049
0.2461587528 0.2930257847
0.2173539477 0.4544114837
0.2109393051 0.5038142193
0.4182434160 0.1557496720
0.4348449711 -0.0103931747
0.4348602299 -0.0157045905
0.2287676337 0.3905982910
0.2296218874 0.3823900893
0.4326324486 0.0031986569
0.0400390719 0.8094362399
0.4326934837 -0.0000029092
0.4329376243 -0.0010812514
0.4316568397 0.0281607116
0.1826324483 0.7000272176
0.4298477177 0.0408579134
