0.1835620693 0.0000000000
0.3705174755 0.0000000000
0.3568658615 0.0000000000
0.6911689048 0.0000000000
0.5139800643 0.0000000000
0.5178536730 0.0000000000
0.8635976688 0.0000000000
0.8586936859 0.0000000000
0.5291181735 0.0000000000
0.3456138357 0.0000000000
0.8497353570 0.0000000000
0.8765546386 0.0000000000
0.8610058668 0.0000000000
0.1927877969 0.0000000000
0.8543544184 0.0000000000
0.5358889770 0.0000000000
0.1984944948 0.0000000000
0.5221216935 0.0000000000
0.5186963820 0.0000000000
0.5195594903 0.0000000000
0.5387719286 0.0000000000
0.5152583633 0.0000000000
0.3532501987 0.0000000000
0.1705392073 0.0000000000
0.5211038661 0.0000000000
0.6841820717 0.0000000000
0.2015916694 0.0000000000
0.0384807676 0.0000000000
0.5273835081 0.0000000000
0.1816659366 0.0000000000
0.6873339682 0.0000000000
0.3490479862 0.0000000000
0.8646140996 0.0000000000
0.5230539323 0.0000000000
0.3651857308 0.0000000000
0.8527393306 0.0000000000
0.3619421632 0.0000000000
0.1951954678 0.0000000000
0.5242065986 0.0000000000
0.3550939146 0.0000000000
0.0248361616 0.0000000000
0.1759039155 0.0000000000
0.5171487607 0.0000000000
0.8554249888 0.0000000000
0.5433563238 0.0000000000
0.8563440225 0.0000000000
0.7018446351 0.0000000000
0.1732779739 0.0000000000
0.8721908629 0.0000000000
0.1783303591 0.0000000000
0.1857939537 0.0000000000
0.3783738131 0.0000000000
0.3467238944 0.0000000000
0.6989220992 0.0000000000
0.8624171951 0.0000000000
0.6975416413 0.0000000000
0.1889707363 0.0000000000
0.3671093722 0.0000000000
0.3511739455 0.0000000000
0.8702662860 0.0000000000
0.6857461945 0.0000000000
0.3501139059 0.0000000000
0.6924567176 0.0000000000
0.3480821346 0.0000000000
0.6948701646 0.0000000000
0.5162627559 0.0000000000
0.8573254590 0.0000000000
0.6824151552 0.0000000000
0.0000000000 0.0000000000
0.5261700437 0.0000000000
0.7039755091 0.0000000000
0.6905053903 0.0000000000
0.6830926627 0.0000000000
0.0121155655 0.0000000000
0.8665217462 0.0000000000
0.8538830822 0.0000000000
0.6934928348 0.0000000000
0.5319772868 0.0000000000
0.8592951622 0.0000000000
0.6866913719 0.0000000000
0.7101180642 0.0000000000
0.8509026701 0.0000000000
0.0546599754 0.0000000000
0.8502435927 0.0000000000
0.3604995932 0.0000000000
0.6892759294 0.0000000000
0.8533607502 0.0000000000
0.2123113551 0.0000000000
0.7000481012 0.0000000018
0.3446007770 0.0000000029
0.5333353616 0.0000000000
0.8520154947 0.0000000000
0.8602903993 0.0000000000
0.8675954337 0.0000000000
0.8689311404 0.0000000000
0.6963244998 0.0000000000
0.3584868988 0.0000000000
0.6847828540 0.0000000000
0.8548794284 0.0000000000
0.8655296604 0.0000000000
