0.6948646754 0.0000000000
0.3523836766 0.0000000000
0.5148787560 0.0000000000
0.6957207411 0.0000000000
0.6913623936 0.0000000000
0.3454698008 0.0000000000
0.6935922856 0.0000000000
0.8514708210 0.0000000000
0.5137727066 0.0000000000
0.8534187565 0.0000000000
0.6991211700 0.0000000000
0.1938921415 0.0000000000
0.8562976031 0.0000000000
0.1713978496 0.0000000000
0.2104890604 0.0000000000
0.2043303753 0.0000000000
0.0199595219 0.0000000000
0.8672032360 0.0000000000
0.1820062856 0.0000000000
0.3702874156 0.0000000000
0.5238659441 0.0000000000
0.3678400895 0.0000000000
0.1994796660 0.0000000000
0.3538717076 0.0000000000
0.5249765179 0.0000000000
0.7029219025 0.0000000000
0.1752159699 0.0000000000
0.8552692615 0.0000000000
0.5207461189 0.0000000000
0.3628310767 0.0000000000
0.8699463245 0.0000000000
0.7006723888 0.0000000000
0.3473821291 0.0000000000
0.1786740606 0.0000000000
0.5159775795 0.0000000000
0.6863093100 0.0000000000
0.8659608521 0.0000000000
0.0113020884 0.0000000000
0.5312480663 0.0000000000
0.8684106252 0.0000000000
0.5219740796 0.0000000000
0.7099852431 0.0000000000
0.6889255967 0.0000000000
0.8591670510 0.0000000000
0.3490616780 0.0000000000
0.8716601473 0.0000000000
0.3559835659 0.0000000000
0.8766316652 0.0000000000
0.0300325605 0.0000000000
0.3571806785 0.0000000000
0.7051623401 0.0000000000
0.5169309765 0.0000000000
0.8628923605 0.0000000000
0.5177570172 0.0000000000
0.3645465931 0.0000000000
0.5194371372 0.0000000000
0.0000000000 0.0000000000
0.3585232617 0.0000000000
0.3735235822 0.0000000000
0.5292294900 0.0000000000
0.8506696708 0.0000000000
0.6877753929 0.0000000000
0.5328437843 0.0000000000
0.6821891595 0.0000000000
0.8649391624 0.0000000000
0.5262423919 0.0000000000
0.1855704352 0.0000000000
0.8571937648 0.0000000000
0.6922005174 0.0000000000
0.6845688977 0.0000000000
0.3441795269 0.0000000000
0.6855256789 0.0000000000
0.8615509127 0.0000000000
0.3513126992 0.0000000000
0.0538235461 0.0000000000
0.6831943895 0.0000000000
0.8577012036 0.0000000000
0.5230328265 0.0000000000
0.6868985796 0.0000000000
0.0367099331 0.0000000000
0.6900368367 0.0000000000
0.5347218619 0.0000000000
0.8598237668 0.0000000000
0.8520211958 0.0000000000
0.3500219778 0.0000000000
0.1915252736 0.0000000000
0.8497048255 0.0000000000
0.1837329130 0.0000000000
0.3600093877 0.0000000000
0.1963560929 0.0000000000
0.8548054414 0.0000000000
0.6967276043 0.0000000000
0.5279004515 0.0000000000
0.8583850927 0.0000000000
0.1731161502 0.0000000000
0.8539655419 0.0000000000
0.8605803142 0.0000000003
0.5380500396 0.0000000000
0.5449781206 0.0000000000
0.1889757419 0.0000000001
