0.6531349586 0.0000000000
0.3204985414 0.0000000000
0.0535967386 0.0000000000
0.4240034164 0.0000000000
0.1234173073 0.0000000000
0.0597327432 0.0000000000
0.3681904972 0.0000000000
0.1377472397 0.0000000000
0.3759328966 0.0000000000
0.0602560209 0.0000000000
0.4617766569 0.0000000000
0.0520497383 0.0000000000
0.3612252394 0.0000000000
0.2403189809 0.0000000000
0.8711126241 0.0000000000
0.7372760678 0.0000000000
0.5534159331 0.0000000000
0.0663985367 0.0000000000
0.1338358835 0.0000000000
0.0269057295 0.0000000000
0.6488727243 0.0000000000
0.3769884097 0.0000000000
0.0172274425 0.0000000000
0.1502325871 0.0000000000
0.2618201832 0.0000000000
0.8756797845 0.0000000000
0.9539776905 0.0000000000
0.6579332872 0.0000000000
0.7216532226 0.0000000000
0.2529329922 0.0000000000
0.3721319524 0.0000000000
0.2278568726 0.0000000000
0.7433840396 0.0000000000
0.0739116319 0.0000000000
0.6551556686 0.0000000000
0.5374114353 0.0000000000
0.2565106166 0.0000000000
0.1428123932 0.0000000000
0.5422343003 0.0000000000
0.6682449275 0.0000000000
0.1352966486 0.0000000000
0.0650963004 0.0000000000
0.4762452615 0.0000000000
0.5475612447 0.0000000000
0.7567423094 0.0000000000
0.3564287454 0.0000000000
0.6266359319 0.0000000000
0.0489896639 0.0000000000
0.9400996520 0.0000000000
0.1370696253 0.0000000000
0.4856627083 0.0000000000
0.1316896052 0.0000000000
0.0678914872 0.0000000000
0.8623825987 0.0000000000
0.2392690759 0.0000000000
0.0354138762 0.0000000000
0.0580621391 0.0000000000
0.0545937199 0.0000000000
0.5598646350 0.0000000000
0.3550306317 0.0000000000
0.1562140226 0.0000000000
0.4660959164 0.0000000000
0.4379766127 0.0000000000
0.0342385406 0.0000000000
0.0568229705 0.0000000000
0.3281189748 0.0000000000
0.2906693041 0.0000000000
0.8723900847 0.0000000000
0.5134321641 0.0000000000
0.5676439050 0.0000000000
0.0371700187 0.0000000000
0.0616706981 0.0000000000
0.8581608768 0.0000000000
0.5907239833 0.0000000000
0.1682916453 0.0000000000
0.2666305718 0.0000000000
0.3454756683 0.0000000000
0.1275455681 0.0000000000
0.9620632122 0.0000000000
0.6385443835 0.0000000000
0.0591246758 0.0000072287
0.0557695998 0.0000047739
0.4306935189 0.0000055737
0.9603600825 0.0000047739
0.3792208853 0.0000013776
0.7316661400 0.0000022193
0.2700627969 0.0000022193
0.1585294879 0.0000022193
0.4524077441 0.0000022180
0.8292287093 0.0000022180
0.1454185838 0.0000022180
0.0623049369 0.0000022180
0.4558107292 0.0000022180
0.1744101490 0.0000022180
0.3627305141 0.0000022180
0.0586530622 0.0000022180
0.5299975301 0.0000022180
0.0573449347 0.0000022180
0.2303179587 0.0000022180
0.1401994243 0.0000022180
