0.7188348891 0.0000000000 0.4994967493 0.6000210460 0.5021538979 0.3996179861 0.5999447540 0.4995575626 0.5001263894 0.4000518520 0.4992268405 0.4992072316
0.2993766377 0.1659763877 0.4994967493 0.6000210460 0.5021538979 0.3996179861 0.5999447540 0.4995575626 0.5001213963 0.4000518520 0.4992268405 0.4992072316
0.7587660173 1.0000000000 0.4994967493 0.6000210428 0.5021538979 0.3996179777 0.5999502016 0.4995575626 0.5001208972 0.4000518189 0.4992268405 0.4992072316
0.6390533302 0.3740050212 0.4994967493 0.6000210428 0.5021538979 0.3996179821 0.5999502016 0.4995575626 0.5001208972 0.4000518669 0.4992268405 0.4992072316
0.2325766700 0.7318784956 0.4994967493 0.6000210382 0.5021538979 0.3996179821 0.5999502016 0.4995575626 0.5001208972 0.4000518669 0.4992268405 0.4992072316
0.5998669068 0.5795118083 0.4994967493 0.6000210382 0.5021538979 0.3996179821 0.5999502016 0.4995575626 0.5001208972 0.4000518669 0.4992268405 0.4992072316
0.2081801228 0.8453037473 0.4994967493 0.6000210382 0.5021538979 0.3996179772 0.5999502016 0.4995575626 0.5001218552 0.4000518525 0.4992268405 0.4992072316
0.8719596859 0.5835684867 0.4994967493 0.6000210382 0.5021538979 0.3996179772 0.5999502016 0.4995575626 0.5001243566 0.4000518525 0.4992268405 0.4992072316
0.1632743621 0.3410500325 0.4994967493 0.6000210186 0.5021538979 0.3996179772 0.5999546708 0.4995575626 0.5001223862 0.4000518555 0.4992268405 0.4992072316
0.6382708334 0.3410500325 0.4994967493 0.6000210186 0.5021538979 0.3996179772 0.5999331862 0.4995575626 0.5001223862 0.4000518555 0.4992268405 0.4992072316
0.1632743621 0.1814777541 0.4994967493 0.6000210186 0.5021538979 0.3996179772 0.5999239841 0.4995575626 0.5001223862 0.4000518555 0.4992268405 0.4992072316
0.3155632267 0.1814777541 0.4994967493 0.6000210186 0.5021538979 0.3996179772 0.5999152740 0.4995575626 0.5001223862 0.4000518555 0.4992268405 0.4992072316
0.0000000000 0.1814777541 0.4994967493 0.6000210186 0.5021538979 0.3996179772 0.5999477783 0.4995575626 0.5001223862 0.4000518557 0.4992268405 0.4992072316
0.7727980020 0.1240498005 0.4994967493 0.6000210098 0.5021538979 0.3996179844 0.5999700115 0.4995575626 0.5001240070 0.4000518557 0.4992268405 0.4992072316
0.5081344733 0.1240498005 0.4994967493 0.6000210081 0.5021538979 0.3996179794 0.5999700115 0.4995575626 0.5001223862 0.4000518557 0.4992268405 0.4992072316
0.5081344733 0.3842732603 0.4994967493 0.6000210129 0.5021538979 0.3996179794 0.5999700115 0.4995575626 0.5001223862 0.4000518535 0.4992268405 0.4992072316
0.5081344733 0.6683091662 0.4994967493 0.6000210261 0.5021538979 0.3996179769 0.5999700115 0.4995575626 0.5001223125 0.4000518450 0.4992268405 0.4992072316
0.5081344733 0.6369739024 0.4994967493 0.6000210235 0.5021538979 0.3996179754 0.5999700115 0.4995575626 0.5001223862 0.4000518683 0.4992268405 0.4992072316
0.5081344733 0.0531478729 0.4994967493 0.6000209972 0.5021538979 0.3996179977 0.5999699909 0.4995575626 0.5001231478 0.4000518450 0.4992268405 0.4992072316
0.1792564951 0.4113122173 0.4994967493 0.6000210209 0.5021538979 0.3996179693 0.5999160856 0.4995575626 0.5001223862 0.4000518588 0.4992268405 0.4992072316
0.2996689670 0.4113122173 0.4994967493 0.6000210209 0.5021538979 0.3996179693 0.5999160856 0.4995575626 0.5001219301 0.4000518588 0.4992268405 0.4992072316
0.8618666464 0.6631533722 0.4994967493 0.6000210264 0.5021538979 0.3996179693 0.5999100825 0.4995575626 0.5001219860 0.4000518588 0.4992268405 0.4992072316
0.7384721600 0.6631533722 0.4994967493 0.6000210209 0.5021538979 0.3996179693 0.5999300995 0.4995575626 0.5001219860 0.4000518588 0.4992268405 0.4992072316
0.2047435099 0.6631533722 0.4994967493 0.6000210209 0.5021538979 0.3996179693 0.5999300995 0.4995575626 0.5001219860 0.4000518588 0.4992268405 0.4992072316
0.2996689670 1.0000000000 0.4994967493 0.6000209979 0.5021538979 0.3996179580 0.5999300995 0.4995575626 0.5001219860 0.4000518588 0.4992268405 0.4992072316
0.0323115112 0.6631533722 0.4994967493 0.6000210209 0.5021538979 0.3996179693 0.5999300995 0.4995575626 0.5001219860 0.4000518588 0.4992268405 0.4992072316
0.2996689670 0.6631533722 0.4994967493 0.6000209871 0.5021538979 0.3996179840 0.5999494309 0.4995575626 0.5001223066 0.4000518588 0.4992268405 0.4992072316
0.6764074898 0.6631533722 0.4994967493 0.6000209871 0.5021538979 0.3996179840 0.5999321424 0.4995575626 0.5001223066 0.4000518588 0.4992268405 0.4992072316
0.2996689670 0.0000000000 0.4994967493 0.6000210436 0.5021538979 0.3996179775 0.5999800697 0.4995575626 0.5001222016 0.4000518588 0.4992268405 0.4992072316
0.6075441392 0.1242484851 0.4994967493 0.6000210325 0.5021538979 0.3996179775 0.5999606646 0.4995575626 0.5001222016 0.4000518541 0.4992268405 0.4992072316
0.2166172658 1.0000000000 0.4994967493 0.6000209993 0.5021538979 0.3996179816 0.5999656377 0.4995575626 0.5001216458 0.4000518612 0.4992268405 0.4992072316
0.2166172658 0.5998821021 0.4994967493 0.6000210442 0.5021538979 0.3996179889 0.5999543274 0.4995575626 0.5001216458 0.4000518612 0.4992268405 0.4992072316
0.2166172658 0.0000000000 0.4994967493 0.6000209965 0.5021538979 0.3996179816 0.5999543274 0.4995575626 0.5001216458 0.4000518612 0.4992268405 0.4992072316
0.9405811778 0.3688278346 0.4994967493 0.6000209965 0.5021538979 0.3996179895 0.5999543274 0.4995575626 0.5001216458 0.4000518612 0.4992268405 0.4992072316
0.0000000000 0.0228189311 0.4994967493 0.6000210206 0.5021538979 0.3996179898 0.5999543274 0.4995575626 0.5001227841 0.4000518553 0.4992268405 0.4992072316
0.0000000000 0.2207836236 0.4994967493 0.6000210298 0.5021538979 0.3996179815 0.5999506301 0.4995575626 0.5001216458 0.4000518563 0.4992268405 0.4992072316
0.5218811981 1.0000000000 0.4994967493 0.6000210298 0.5021538979 0.3996179898 0.5999616970 0.4995575626 0.5001216458 0.4000518563 0.4992268405 0.4992072316
0.5958378860 1.0000000000 0.4994967493 0.6000209956 0.5021538979 0.3996179789 0.5999506301 0.4995575626 0.5001217916 0.4000518563 0.4992268405 0.4992072316
0.6051565706 0.8254075859 0.4994967493 0.6000210298 0.5021538979 0.3996179898 0.5999506301 0.4995575626 0.5001216458 0.4000518563 0.4992268405 0.4992072316
0.5357824679 0.6785436831 0.4994967493 0.6000209852 0.5021538979 0.3996179898 0.5999482128 0.4995575626 0.5001216458 0.4000518563 0.4992268405 0.4992072316
0.0000000000 0.2492902177 0.4994967493 0.6000210284 0.5021538979 0.3996180025 0.5999482128 0.4995575626 0.5001214188 0.4000518563 0.4992268405 0.4992072316
0.0000000000 0.0756965207 0.4994967493 0.6000210284 0.5021538979 0.3996179898 0.5999482128 0.4995575626 0.5001214188 0.4000518563 0.4992268405 0.4992072316
0.2321264048 0.1639159941 0.4994967493 0.6000210284 0.5021538979 0.3996179898 0.5999482128 0.4995575626 0.5001213997 0.4000518563 0.4992268405 0.4992072316
0.6496747987 0.6159258155 0.4994967493 0.6000210284 0.5021538979 0.3996179988 0.5999559120 0.4995575626 0.5001214188 0.4000518521 0.4992268405 0.4992072316
0.9586333907 1.0000000000 0.4994967493 0.6000210083 0.5021538979 0.3996179898 0.5999505184 0.4995575626 0.5001214188 0.4000518451 0.4992268405 0.4992072316
0.0000000000 0.2877206604 0.4994967493 0.6000210083 0.5021538979 0.3996179898 0.5999469993 0.4995575626 0.5001214188 0.4000518615 0.4992268405 0.4992072316
0.7589228222 0.4149156375 0.4994967493 0.6000210083 0.5021538979 0.3996179898 0.5999396238 0.4995575626 0.5001214188 0.4000518563 0.4992268405 0.4992072316
0.3544055402 0.4149156375 0.4994967493 0.6000210731 0.5021538979 0.3996179898 0.5999498699 0.4995575626 0.5001214188 0.4000518402 0.4992268405 0.4992072316
0.8952007582 0.4149156375 0.4994967493 0.6000210083 0.5021538979 0.3996179898 0.5999540726 0.4995575626 0.5001214188 0.4000518563 0.4992268405 0.4992072316
0.4945425732 0.4149156375 0.4994967493 0.6000210083 0.5021538979 0.3996179898 0.5999482128 0.4995575626 0.5001214188 0.4000518563 0.4992268405 0.4992072316
0.1350889163 0.4149156375 0.4994967493 0.6000210083 0.5021538979 0.3996179898 0.5999482128 0.4995575626 0.5001209812 0.4000518770 0.4992268405 0.4992072316
0.0000000000 0.9986139752 0.4994967493 0.6000210308 0.5021538979 0.3996179898 0.5999490999 0.4995575626 0.5001209812 0.4000518520 0.4992268405 0.4992072316
0.0000000000 0.0991554794 0.4994967493 0.6000210083 0.5021538979 0.3996179898 0.5999476060 0.4995575626 0.5001209812 0.4000518625 0.4992268405 0.4992072316
0.8755709423 0.4149156375 0.4994967493 0.6000210194 0.5021538979 0.3996179898 0.5999490999 0.4995575626 0.5001209812 0.4000518650 0.4992268405 0.4992072316
0.7942886214 0.4149156375 0.4994967493 0.6000210102 0.5021538979 0.3996179898 0.5999490999 0.4995575626 0.5001209812 0.4000518625 0.4992268405 0.4992072316
0.0000000000 0.9691370313 0.4994967493 0.6000210083 0.5021538979 0.3996179898 0.5999495950 0.4995575626 0.5001213518 0.4000518625 0.4992268405 0.4992072316
0.0000000000 0.4149156375 0.4994967493 0.6000210083 0.5021538979 0.3996179898 0.5999490999 0.4995575626 0.5001209812 0.4000518547 0.4992268405 0.4992072316
0.0150342440 0.4149156375 0.4994967493 0.6000210083 0.5021538979 0.3996179879 0.5999490999 0.4999231684 0.5001211285 0.4000518547 0.4992268405 0.4992072316
0.8591536950 1.0000000000 0.4994967493 0.6000210083 0.5021538979 0.3996179885 0.5999505138 0.4995575626 0.5001209812 0.4000518427 0.4992268405 0.4992072316
0.9772997200 0.6656984313 0.4994967493 0.6000210083 0.5021538979 0.3996179823 0.5999505138 0.4995575626 0.5001209812 0.4000518560 0.4992268405 0.4992072316
0.0000000000 0.1321594781 0.4994967493 0.6000210083 0.5021538979 0.3996179823 0.5999499957 0.4995575626 0.5001209812 0.4000518427 0.4992268405 0.4992072316
0.0000000000 0.0000000000 0.4994967493 0.6000210005 0.5021538979 0.3996180076 0.5999505138 0.4995575626 0.5001209812 0.4000518427 0.4992268405 0.4992072316
0.0000000000 0.3076545877 0.4994967493 0.6000210005 0.5021538979 0.3996179992 0.5999505138 0.4995575626 0.5001209812 0.4000518427 0.4992268405 0.4992072316
0.3275967965 0.0000000000 0.4994967493 0.6000209886 0.5021538979 0.3996180076 0.5999498386 0.4995575626 0.5001209812 0.4000518613 0.4992268405 0.4992072316
0.0000000000 0.4418293448 0.4994967493 0.6000210005 0.5021538979 0.3996179975 0.5999505138 0.4995575626 0.5001220047 0.4000518427 0.4992268405 0.4992072316
0.7899762276 0.0000000000 0.4994967493 0.6000210005 0.5021538979 0.3996180076 0.5999505138 0.4995575626 0.5001209812 0.4000518427 0.4992268405 0.4992072316
0.2320183195 0.0000000000 0.4994967493 0.6000209833 0.5021538979 0.3996180076 0.5999505138 0.4995575626 0.5001209812 0.4000518502 0.4992268405 0.4992072316
0.0000000000 0.1966378461 0.4994967493 0.6000210005 0.5021538979 0.3996179977 0.5999485390 0.4995575626 0.5001209812 0.4000518750 0.4992268405 0.4992072316
0.6113496812 0.0000000000 0.4994967493 0.6000210005 0.5021538979 0.3996180076 0.5999490690 0.4995575626 0.5001209812 0.4000518395 0.4992268405 0.4992072316
0.0668188253 0.0000000000 0.4994967493 0.6000210152 0.5021538979 0.3996180076 0.5999490690 0.4995575626 0.5001217885 0.4000518395 0.4992268405 0.4992072316
0.7691190541 0.3459528834 0.4994967493 0.6000210383 0.5021538979 0.3996179959 0.5999490690 0.4995575626 0.5001209812 0.4000518395 0.4992268405 0.4992072316
0.8333725065 0.0000000000 0.4994967493 0.6000209875 0.5021538979 0.3996179848 0.5999490690 0.4995575626 0.5001209812 0.4000518348 0.4992268405 0.4992072316
0.8515524006 0.0000000000 0.4994967493 0.6000210005 0.5021538979 0.3996179850 0.5999490690 0.4995575626 0.5001208311 0.4000518395 0.4992268405 0.4992072316
0.3917975365 0.0000000000 0.4994967493 0.6000210005 0.5021538979 0.3996180076 0.5999501249 0.4995575626 0.5001205719 0.4000518307 0.4992268405 0.4992072316
0.5061690955 1.0000000000 0.4994967493 0.6000210328 0.5021538979 0.3996180012 0.5999501249 0.4995575626 0.5001216289 0.4000518395 0.4992268405 0.4992072316
0.5514628357 1.0000000000 0.4994967493 0.6000210096 0.5021538979 0.3996180121 0.5999501249 0.4995575626 0.5001205719 0.4000518265 0.4992268405 0.4992072316
0.6326660704 1.0000000000 0.4994967493 0.6000210096 0.5021538979 0.3996180121 0.5999501249 0.4995575626 0.5001205719 0.4000518265 0.4992268405 0.4992072316
0.3829587249 1.0000000000 0.4994967493 0.6000210096 0.5021538979 0.3996180121 0.5999501249 0.4995575626 0.5001209507 0.4000518547 0.4992268405 0.4992072316
0.6612503565 1.0000000000 0.4994967493 0.6000210096 0.5021538979 0.3996180121 0.5999498623 0.4995575626 0.5001205719 0.4000518502 0.4992268405 0.4992072316
0.4658116046 0.6689448293 0.4994967493 0.6000210096 0.5021538979 0.3996179915 0.5999495764 0.4995575626 0.5001205719 0.4000518502 0.4992268405 0.4992072316
0.2636756533 1.0000000000 0.4994967493 0.6000210096 0.5021538979 0.3996180147 0.5999495764 0.4995575626 0.5001205719 0.4000518502 0.4992268405 0.4992072316
0.9438328093 1.0000000000 0.4994967493 0.6000210050 0.5021538979 0.3996180147 0.5999495764 0.4995575626 0.5001200979 0.4000518500 0.4992268405 0.4992072316
0.6744391949 0.2931710381 0.4994967493 0.6000209846 0.5021538979 0.3996180147 0.5999495764 0.4995575626 0.5001208793 0.4000518500 0.4992268405 0.4992072316
0.4181756433 0.2931710381 0.4994967493 0.6000209846 0.5021538979 0.3996180147 0.5999495764 0.4995575626 0.5001219522 0.4000518500 0.4992268405 0.4992072316
0.2190915539 0.2931710381 0.4994967493 0.6000209846 0.5021538979 0.3996180037 0.5999495764 0.4995575626 0.5001214369 0.4000518500 0.4992268405 0.4992072316
0.6234813412 0.7255234454 0.4994967493 0.6000209846 0.5021538979 0.3996180122 0.5999495764 0.4995575626 0.5001200979 0.4000518500 0.4992268405 0.4992072316
0.0980073501 0.2931710381 0.4994967493 0.6000209846 0.5021538979 0.3996180072 0.5999499428 0.4995575626 0.5001200542 0.4000518500 0.4992268405 0.4992072316
1.0000000000 1.0000000000 0.4994967493 0.6000209846 0.5021538979 0.3996180147 0.5999495764 0.4995575626 0.5001200979 0.4000518279 0.4992268405 0.4992072316
0.1167724454 1.0000000000 0.5003144582 0.6000207286 0.5001718922 0.3996181709 0.5999494317 0.4999932503 0.5001196619 0.4000517307 0.6998982020 0.5000627709
0.0887445947 1.0000000000 0.5003144582 0.6000207286 0.5001718922 0.3996181709 0.5999494317 0.4999936771 0.5001196619 0.4000516968 0.6998974215 0.5000627709
0.1110779961 1.0000000000 0.5003144582 0.6000207361 0.5001718922 0.3996181845 0.5999494272 0.4999979936 0.5001195986 0.4000516953 0.6998974477 0.5000627709
0.0000000000 0.9995930944 0.4999999773 0.5999493546 0.5000000069 0.4000506111 0.5999493960 0.4999999565 0.5000000174 0.4000506311 0.6998986954 0.5000000300
0.0000000000 0.9991146648 0.4999999785 0.5999493528 0.5000000069 0.4000506111 0.5999494239 0.4999999890 0.4999999909 0.4000506178 0.6998987332 0.5000000300
0.0000000000 0.9991794235 0.4999999773 0.5999493417 0.5000000069 0.4000506111 0.5999493968 0.4999999890 0.5000000174 0.4000506405 0.6998987332 0.5000000300
0.0000000000 0.9994391485 0.5000000136 0.5999493417 0.5000000069 0.4000506111 0.5999493626 0.5000000190 0.5000000342 0.4000506311 0.6998986705 0.5000000234
0.0000000000 0.9992982375 0.4999999999 0.5999493417 0.5000000434 0.4000506111 0.5999493968 0.4999999890 0.5000000174 0.4000506311 0.6998987332 0.5000000300
0.0000000000 0.9997114735 0.4999999773 0.5999493417 0.5000000256 0.4000506140 0.5999493968 0.4999999890 0.5000000174 0.4000506311 0.6998987332 0.5000000300
0.0000000000 0.9998221192 0.4999999769 0.5999493417 0.5000000069 0.4000506111 0.5999493968 0.4999999890 0.5000000476 0.4000506418 0.6998987332 0.5000000300
0.0000000000 0.9999014914 0.4999999769 0.5999493417 0.5000000064 0.4000506111 0.5999493846 0.4999999890 0.5000000655 0.4000506263 0.6998987388 0.5000000127
0.0000000000 0.9995055260 0.4999999838 0.5999493425 0.5000000064 0.4000506065 0.5999493885 0.4999999908 0.5000000164 0.4000506169 0.6998987388 0.4999999961
