0.1345181946 0.2143186978 0.4997229471 0.5000000256 0.3999883541 0.5999488862 0.4998427404 0.4999998119 0.4999787164 0.5001417700 0.5000000183 0.5000000164
0.6642890892 0.6563532274 0.4997229471 0.5000000023 0.3999884329 0.5999489515 0.4998426743 0.4999997992 0.4999787451 0.5001417700 0.4999999748 0.5000001029
0.6090792863 0.4475919713 0.4998327952 0.4999999902 0.3999884231 0.5999489838 0.4998428128 0.4999998164 0.4999787342 0.5001417700 0.4999999809 0.5000000504
0.2037236424 0.6419045851 0.4998327952 0.4999999946 0.3999884340 0.5999490929 0.4998427618 0.4999997875 0.4999787465 0.5001417700 0.4999999602 0.5000001167
0.3256746942 0.4808007217 0.4999962391 0.4999999937 0.3999884099 0.5999490309 0.4998429954 0.4999998264 0.4999787737 0.5001417700 0.5000000012 0.5000000194
0.7965901584 0.4745555101 0.4999081231 0.4999999911 0.3999884431 0.5999492116 0.4998428447 0.4999998212 0.4999787775 0.5001417700 0.4999999758 0.5000000205
0.3651213452 0.2345433366 0.4999554475 0.4999999916 0.3999884046 0.5999492211 0.4998431540 0.4999998158 0.4999787930 0.5001417700 0.5000000263 0.5000000953
0.2673155667 0.7549890707 0.5000251366 0.5000000046 0.3999884416 0.5999492111 0.4998433762 0.4999998123 0.4999788253 0.5001417700 0.5000000530 0.5000000547
0.5958310135 0.5908866535 0.5001485215 0.5000000544 0.3999884264 0.5999490442 0.4998432926 0.4999998409 0.4999788048 0.5001417700 0.5000000397 0.5000000322
0.5296812184 0.1008713794 0.5001737243 0.5000000091 0.3999884242 0.5999490966 0.4998439927 0.4999998321 0.4999788160 0.5001417700 0.5000000356 0.5000000743
0.2507380854 0.3828574992 0.5001031333 0.5000000244 0.3999884186 0.5999490717 0.4998431993 0.4999998514 0.4999788017 0.5001417700 0.5000000396 0.5000000812
0.3284577723 0.3919893787 0.5000033560 0.4999999545 0.3999884586 0.5999494433 0.4998433259 0.4999998422 0.4999788672 0.5001417700 0.5000000290 0.5000000373
0.1831775867 0.4192147744 0.5000007779 0.5000000020 0.3999884643 0.5999494221 0.4998442240 0.4999997838 0.4999789017 0.4997744281 0.5000000149 0.5000000048
0.2980660265 0.1053746911 0.5000000363 0.4999999593 0.3999885129 0.5999494224 0.4998455511 0.4999998321 0.4999788737 0.4997744281 0.5000000075 0.5000000325
0.5127871952 0.7420233093 0.5000000363 0.4999999724 0.3999885129 0.5999494224 0.4998455511 0.4999998461 0.4999788737 0.4997744281 0.5000000075 0.5000000325
0.5178559483 0.5945575265 0.4999995890 0.4999999877 0.3999885139 0.5999493638 0.4998537321 0.4999998079 0.4999789646 0.4997744281 0.5000000100 0.5000000029
0.1419044684 0.8619780547 0.5000001127 0.4999999802 0.3999885666 0.5999494145 0.4998627631 0.4999998741 0.4999789089 0.4997744281 0.5000000373 0.5000000088
0.3609034159 0.6938910196 0.5000000928 0.4999999722 0.3999885531 0.5999493648 0.4999127259 0.4999998679 0.4999789414 0.4997744281 0.5000000097 0.5000000207
0.3655826474 0.3188270679 0.5000000351 0.4999999468 0.3999886063 0.5999493174 0.4999707881 0.4999999112 0.4999789361 0.4997744281 0.4999999984 0.5000000268
0.5573639157 0.3400880629 0.5000000224 0.5000000019 0.3999898918 0.5999493697 0.4999953673 0.4999999264 0.4999796249 0.4997744281 0.4999999988 0.5000000073
0.0524406721 0.1863096379 0.5000000314 0.5000001085 0.4000061616 0.5999493567 0.4999997887 0.4999999282 0.4999851952 0.4998975928 0.4999999477 0.4999999593
0.4984028378 0.2565921591 0.5000000024 0.5000000438 0.4000616230 0.5999493972 0.4999993361 0.4999999058 0.4999882229 0.5000876662 0.4999999720 0.4999999631
0.2367252804 0.0000000000 0.5000000026 0.5000000552 0.4000383602 0.5999493585 0.4999999457 0.4999999181 0.4999868646 0.5000157977 0.4999999680 0.5000000125
0.0000000000 0.7716892685 0.5000000448 0.4999999750 0.4000420835 0.5999493748 0.4999997115 0.4999999302 0.4999889567 0.5000040001 0.4999999851 0.4999999597
0.5963959744 0.7715196912 0.5000000317 0.5000000292 0.4000430462 0.5999494217 0.4999995696 0.4999999133 0.4999877574 0.5000068596 0.4999999938 0.4999999851
0.5026561639 0.0000000000 0.5000000320 0.5000000238 0.4000430462 0.5999494217 0.4999995696 0.4999999133 0.4999896935 0.4999875072 0.4999999751 0.4999999851
0.4183420905 1.0000000000 0.5000000215 0.5000000270 0.4000536024 0.5999493908 0.4999996091 0.4999999483 0.4999894465 0.5000024137 0.4999999804 0.4999999120
0.7551887370 1.0000000000 0.5000000134 0.5000000221 0.4000502236 0.5999493642 0.4999996667 0.4999998975 0.4999899266 0.5000024137 0.4999999835 0.4999999994
0.6145875119 0.9173511376 0.5000000134 0.5000000319 0.4000522618 0.5999494582 0.4999995333 0.4999999011 0.4999890866 0.5000069990 0.4999999804 0.4999999817
0.1904410731 0.1644686230 0.5000000570 0.5000000244 0.4000549616 0.5999493681 0.4999997008 0.4999999071 0.4999946336 0.5000046359 0.4999999781 0.4999999546
0.6626013276 0.0000000000 0.5000000051 0.5000000487 0.4000461846 0.5999493596 0.4999997884 0.5000000128 0.4999913147 0.5000028696 0.4999999708 0.4999999699
0.0000000000 0.3134641739 0.5000000080 0.5000000487 0.4000461846 0.5999493305 0.4999997378 0.4999999424 0.4999923843 0.4999752189 0.4999999708 0.4999999586
0.1068385468 0.9443908333 0.4999999863 0.5000000200 0.4000498894 0.5999493529 0.4999996911 0.4999999373 0.4999930811 0.4999969379 0.4999999822 0.4999999583
0.4160298121 0.9103802721 0.5000000007 0.5000000194 0.4000497678 0.5999493650 0.4999997424 0.4999999201 0.4999975791 0.5000008656 0.5000000286 0.4999999739
0.0184181494 0.9103802721 0.5000000185 0.5000000634 0.4000509527 0.5999493650 0.4999997341 0.4999999608 0.4999975791 0.5000008656 0.5000000286 0.4999999739
0.1214930673 0.5584263432 0.4999999806 0.5000000347 0.4000505199 0.5999493615 0.4999997052 0.4999999356 0.4999990805 0.4999992498 0.4999999724 0.4999999754
0.1214930673 0.0000000000 0.5000000007 0.5000000325 0.4000507251 0.5999493316 0.4999997730 0.4999999467 0.4999990805 0.4999992498 0.4999999724 0.4999999754
0.1038748944 0.7809413536 0.5000000084 0.5000000190 0.4000502962 0.5999493482 0.5000000035 0.4999999812 0.5000001670 0.4999996501 0.4999999718 0.4999999334
0.0938363409 0.3485489446 0.5000000348 0.5000000190 0.4000502962 0.5999493753 0.4999998585 0.4999999320 0.5000000112 0.4999998415 0.4999999718 0.4999999525
0.4902387271 1.0000000000 0.5000000266 0.5000000204 0.4000502603 0.5999493450 0.5000000052 0.4999998875 0.4999998710 0.4999998876 0.4999999786 0.4999999697
0.5833270399 0.2031945246 0.5000000158 0.5000000212 0.4000502409 0.5999493743 0.4999998570 0.4999999112 0.4999993722 0.5000003788 0.4999999677 0.4999999977
0.2086883159 0.5623605379 0.5000000034 0.5000000236 0.4000505205 0.5999493662 0.4999998712 0.4999999366 0.5000008303 0.4999996216 0.4999999719 0.4999999768
0.0000000000 0.1372925770 0.4999999961 0.5000000235 0.4000504840 0.5999493641 0.4999999830 0.4999999199 0.5000000354 0.4999999810 0.4999999718 0.4999999825
0.1445201894 0.1041690123 0.5000000036 0.4999999807 0.4000506269 0.5999493758 0.4999999693 0.4999999429 0.5000000354 0.4999999373 0.4999999673 0.4999999769
1.0000000000 0.3443480838 0.4999999967 0.5000000213 0.4000506186 0.5999493536 0.5000000018 0.4999999491 0.5000000354 0.5000000014 0.5000000132 0.4999999880
0.4121117243 0.0000000000 0.5000000195 0.5000000423 0.4000506114 0.5999493558 0.4999999870 0.4999999540 0.4999999170 0.4999999449 0.5000000255 0.4999999805
0.3320815850 0.0000000000 0.4999999895 0.5000000164 0.4000506288 0.5999493515 0.4999999882 0.4999999456 0.4999999250 0.4999999784 0.4999999571 0.4999999851
0.0000000000 1.0000000000 0.4999999895 0.5000000347 0.4000506288 0.5999493635 0.4999999873 0.4999999470 0.5000000256 0.4999999800 0.5000000092 0.4999999851
0.0487858449 0.7184848058 0.5000000150 0.4999999475 0.4000505821 0.5999493806 0.4999999873 0.4999999736 0.4999999807 0.5000000064 0.4999999872 0.5000000003
0.0487858449 0.8251126162 0.4999999850 0.5000000085 0.4000506032 0.5999493504 0.4999999873 0.4999999736 0.4999999807 0.4999999765 0.5000000164 0.4999999578
0.6807864515 0.9710741021 0.4999999608 0.4999999475 0.4000506032 0.5999493504 0.4999999873 0.4999999736 0.5000000032 0.4999999510 0.5000000118 0.4999999637
0.1779343540 0.4953679408 0.4999999822 0.4999999839 0.4000506388 0.5999493669 0.4999999771 0.4999999643 0.4999999685 0.4999999965 0.5000000303 0.4999999569
0.5847523829 0.0000000000 0.4999999991 0.4999999337 0.4000506191 0.5999493304 0.4999999749 0.4999999643 0.4999999685 0.5000000115 0.5000000303 0.4999999569
0.9262738993 0.0000000000 0.4999999854 0.5000000642 0.4000506544 0.5999493348 0.4999999749 0.4999999698 0.4999999730 0.4999999912 0.5000000291 0.4999999731
0.0702549832 0.0905667010 0.4999999987 0.5000000696 0.4000506544 0.5999493611 0.4999999695 0.4999999681 0.4999999771 0.4999999735 0.5000000446 0.4999999755
0.3732661960 0.0905667010 0.4999999912 0.5000000642 0.4000506544 0.5999493611 0.4999999695 0.4999999681 0.4999999708 0.4999999735 0.5000000446 0.4999999524
0.6877456166 0.4493991045 0.4999999945 0.4999999998 0.4000506683 0.5999493402 0.4999999596 0.4999999642 0.4999999737 0.4999999732 0.5000000352 0.4999999190
0.6416504931 0.3182048643 0.4999999911 0.5000000357 0.4000506493 0.5999493277 0.4999999472 0.4999999640 0.4999999715 0.4999999731 0.5000000263 0.4999999437
0.2972465369 0.8316560219 0.5000000007 0.5000000364 0.4000506172 0.5999493104 0.4999999610 0.4999999555 0.4999999696 0.4999999744 0.5000000685 0.4999999459
0.5642648897 1.0000000000 0.5000000030 0.5000000164 0.4000506147 0.5999493405 0.4999999769 0.4999999555 0.4999999935 0.4999999648 0.5000000167 0.4999999459
0.8288802884 1.0000000000 0.4999999834 0.5000000293 0.4000506395 0.5999493346 0.4999999684 0.4999999561 0.4999999749 0.4999999798 0.5000000175 0.4999999603
0.1806653118 0.7981647578 0.4999999849 0.5000000013 0.4000506376 0.5999493125 0.4999999851 0.4999999751 0.4999999647 0.5000000361 0.4999999939 0.4999999475
0.0801155733 0.2781897187 0.4999999962 0.5000000075 0.4000506597 0.5999493887 0.4999999763 0.4999999586 0.4999999774 0.4999999876 0.4999999872 0.4999999570
0.5164513890 0.4426815557 0.5000000067 0.5000000489 0.4000506580 0.5999493198 0.4999999763 0.4999999586 0.4999999822 0.4999999876 0.5000000157 0.4999999689
0.5164513890 0.8785209718 0.5000000108 0.5000000241 0.4000506580 0.5999493198 0.4999999933 0.4999999586 0.4999999822 0.4999999876 0.5000000157 0.4999999689
0.0000000000 0.2399996365 0.4999999956 0.5000000489 0.4000506695 0.5999493198 0.4999999597 0.4999999586 0.4999999703 0.4999999870 0.5000000157 0.4999999580
0.4457794211 0.6124924255 0.4999999956 0.5000000489 0.4000506574 0.5999493828 0.4999999940 0.4999999586 0.4999999703 0.4999999498 0.5000000199 0.4999999580
0.0000000000 0.5381294571 0.4999999900 0.5000000489 0.4000506376 0.5999494069 0.5000000013 0.4999999586 0.4999999878 0.4999999498 0.5000000199 0.4999999542
0.2725054382 0.6645935996 0.4999999816 0.5000000771 0.4000506376 0.5999492910 0.4999999757 0.4999999587 0.4999999735 0.4999999598 0.5000000216 0.4999999574
0.7876203383 0.6998571842 0.5000000061 0.5000000078 0.4000506333 0.5999493812 0.4999999854 0.4999999458 0.4999999905 0.4999999771 0.5000000050 0.4999999408
0.7222219555 0.8449922131 0.4999999958 0.5000000381 0.4000506333 0.5999493812 0.4999999558 0.4999999618 0.4999999946 0.4999999846 0.5000000201 0.4999999534
0.7053260009 0.1452088580 0.5000000085 0.4999999991 0.4000506483 0.5999493958 0.4999999965 0.4999999614 0.4999999946 0.4999999846 0.5000000434 0.4999999521
0.4581770894 0.0941182122 0.4999999743 0.4999999923 0.4000506161 0.5999493752 0.4999999674 0.4999999734 0.5000000503 0.4999999808 0.4999999996 0.4999999643
0.2426199369 0.2422689025 0.5000000026 0.4999999923 0.4000506385 0.5999493867 0.4999999546 0.4999999739 0.5000000214 0.4999999741 0.5000000098 0.4999999658
0.2426199369 0.9676758265 0.4999999955 0.4999999923 0.4000506385 0.5999493752 0.4999999699 0.4999999739 0.5000000214 0.4999999553 0.5000000098 0.4999999643
0.3130872627 0.5789960350 0.4999999866 0.4999999559 0.4000506385 0.5999493752 0.4999999610 0.4999999886 0.5000000214 0.4999999804 0.5000000147 0.4999999643
0.0997753094 0.6481990140 0.4999999866 0.5000000049 0.4000506663 0.5999493967 0.4999999564 0.4999999771 0.4999999494 0.4999999823 0.5000000052 0.4999999643
0.3457653240 1.0000000000 0.4999999866 0.5000000049 0.4000506663 0.5999493894 0.4999999646 0.4999999772 0.4999999494 0.4999999823 0.5000000052 0.4999999713
0.4313274882 0.8044818714 0.4999999866 0.5000000049 0.4000506663 0.5999493967 0.4999999564 0.4999999928 0.4999999102 0.4999999826 0.4999999974 0.4999999643
0.0745368936 0.4986946896 0.4999999866 0.5000000190 0.4000506540 0.5999494209 0.4999999905 0.4999999866 0.4999999822 0.4999999719 0.4999999950 0.4999999635
0.0000000000 0.3960585481 0.4999999996 0.5000000190 0.4000506540 0.5999493681 0.4999999677 0.4999999904 0.4999999822 0.5000000003 0.5000000040 0.4999999613
0.0240701048 0.0000000000 0.4999999866 0.5000000172 0.4000506737 0.5999493933 0.4999999447 0.5000000081 0.4999999822 0.5000000003 0.5000000040 0.4999999635
0.4213684994 0.1752989233 0.4999999757 0.5000000375 0.4000506523 0.5999493891 0.4999999731 0.4999999946 0.5000000003 0.5000000003 0.5000000050 0.4999999551
0.0289484512 0.6292340860 0.4999999757 0.5000000277 0.4000506443 0.5999493891 0.4999999731 0.4999999900 0.4999999692 0.5000000003 0.5000000050 0.4999999551
0.8647546212 0.2436441619 0.4999999798 0.5000000277 0.4000506482 0.5999494040 0.4999999556 0.4999999824 0.4999999204 0.5000000003 0.5000000188 0.4999999558
0.7853656690 0.1641253563 0.4999999797 0.5000000315 0.4000506430 0.5999494103 0.4999999642 0.5000000057 0.4999999995 0.4999999952 0.5000000188 0.4999999690
0.3320624075 0.9198250593 0.4999999819 0.5000000463 0.4000506436 0.5999493479 0.4999999642 0.4999999514 0.5000000111 0.4999999993 0.5000000088 0.4999999752
0.9263826407 0.9688119872 0.4999999697 0.5000000064 0.4000506643 0.5999494178 0.4999999532 0.4999999617 0.4999999865 0.4999999893 0.5000000076 0.4999999395
0.2153265394 0.8666129893 0.4999999489 0.5000000030 0.4000506412 0.5999493884 0.4999999568 0.4999999960 0.4999999815 0.4999999688 0.5000000354 0.4999999305
0.1656939024 0.7041727022 0.4999999784 0.4999999771 0.4000506401 0.5999493884 0.4999999459 0.4999999876 0.4999999759 0.4999999887 0.5000000192 0.4999999393
0.1656939024 0.3074782595 0.4999999784 0.5000000164 0.4000506401 0.5999493884 0.4999999549 0.4999999876 0.4999999731 0.4999999688 0.5000000255 0.4999999652
0.4377582432 0.7146208277 0.4999999752 0.5000000057 0.4000506501 0.5999494232 0.4999999719 0.5000000009 0.4999999705 0.4999999570 0.4999999967 0.4999999703
0.4336001535 0.3499711055 0.4999999758 0.5000000134 0.4000506166 0.5999494205 0.4999999677 0.5000000124 0.4999999383 0.4999999698 0.4999999967 0.4999999482
0.0758159074 0.4278885811 0.4999999683 0.5000000063 0.4000506421 0.5999494407 0.4999999617 0.5000000159 0.4999999511 0.4999999828 0.4999999878 0.4999999520
0.4603680392 0.5124138107 0.4999999858 0.5000000215 0.4000506359 0.5999493943 0.4999999338 0.5000000099 0.4999999514 0.4999999804 0.4999999792 0.4999999894
0.2584593486 0.5077747746 0.4999999732 0.5000000215 0.4000506359 0.5999493741 0.4999999430 0.5000000099 0.4999999409 0.4999999804 0.4999999553 0.4999999676
0.2257166604 0.0993410878 0.4999999895 0.5000000216 0.4000506507 0.5999494287 0.4999999260 0.5000000119 0.4999999792 0.4999999587 0.4999999742 0.4999999688
0.4041717378 0.4381965516 0.5000000014 0.5000000427 0.4000506283 0.5999494238 0.4999999282 0.5000000109 0.4999999526 0.4999999698 0.4999999784 0.4999999632
0.1547952070 1.0000000000 0.4999999869 0.5000000172 0.4000506283 0.5999494104 0.4999999192 0.5000000071 0.4999999527 0.4999999781 0.4999999806 0.4999999559
0.0039708138 0.4667004199 0.4999999937 0.5000000163 0.4000506283 0.5999493715 0.4999999505 0.5000000444 0.4999999695 0.4999999776 0.4999999841 0.4999999540
