0.0000000000 0.7499114304 0.4993358065 0.4818649796 0.5231733658 0.5655715548 0.4779847041 0.5928833404 0.4423023069 0.5095126766 0.5113071869 0.6004437493
0.7939981057 0.0000000000 0.5607770802 0.4886057861 0.5065248778 0.5590892033 0.4474433635 0.5407991182 0.5404344790 0.4114910290 0.5215862304 0.5687487422
0.5870477092 1.0000000000 0.5574407567 0.4414957840 0.5126074655 0.4432884374 0.5602952129 0.5181152834 0.5444035319 0.4080850923 0.4745203425 0.4895024331
0.7000746883 0.0000000000 0.5311816349 0.4638999884 0.4626353459 0.4238423995 0.6215848043 0.4792892924 0.5152974127 0.6465861456 0.5091170458 0.4683346753
0.4480994543 0.9039561272 0.4980852886 0.4939524261 0.6246164642 0.5701923409 0.4679090975 0.4830878891 0.5011319368 0.4345326176 0.4970881842 0.3831311847
0.5587478084 0.0794413662 0.5610206505 0.5495048315 0.5708314389 0.5301417832 0.4511420323 0.5839296680 0.5011319368 0.5100375565 0.6143197550 0.4755162558
0.0000000000 0.0000000000 0.5177155705 0.5064690976 0.5376374826 0.5339183606 0.5146952465 0.5839296680 0.5011319368 0.5025632783 0.5299830687 0.4829927128
0.0878501409 0.1009214872 0.4984418064 0.5072714441 0.3815105748 0.5339183606 0.5146952465 0.3973168358 0.5011319368 0.5025632783 0.5299830687 0.5355408299
0.3214215466 0.9019736242 0.4984418064 0.5072714441 0.4934681860 0.5160927461 0.5810537247 0.4477474290 0.5011319368 0.4719356341 0.5299830687 0.5620823375
0.4432315498 0.1261455009 0.5119925159 0.3476423548 0.5324178185 0.5108120876 0.5461644671 0.4616568411 0.5334619268 0.4331805149 0.5239535181 0.5696550589
0.3873527648 0.1821651051 0.3493263515 0.4995088655 0.5064191215 0.4501593101 0.5006284254 0.3988868551 0.4965174107 0.5758437349 0.5621306406 0.5945102734
0.6285142824 0.0000000000 0.4986133872 0.4876030870 0.5064191215 0.4501593101 0.3936754703 0.5365861396 0.4965174107 0.4997526790 0.5761826209 0.5682665128
0.9051522172 0.9476195656 0.4652934628 0.4876030870 0.5064191215 0.4501593101 0.3936754703 0.4831655331 0.4965174107 0.4997526790 0.5761826209 0.5292043021
0.5903132476 0.8280635436 0.4652934628 0.4876030870 0.5064191215 0.4501593101 0.3936754703 0.3739451792 0.4965174107 0.4997526790 0.4866808247 0.5066833953
0.8413316578 0.7848426265 0.5298267242 0.4092569866 0.4977842093 0.5095024122 0.4474491931 0.5382386123 0.5357635863 0.4214453951 0.4502084790 0.4705445520
0.6907125494 0.3077614140 0.5298267242 0.5701548379 0.4977842093 0.4848771250 0.4474491931 0.5382386123 0.5427536505 0.5073913542 0.4502084790 0.5219180519
0.7626295893 0.4101771616 0.4455221423 0.5912956646 0.4977842093 0.4848771250 0.4474491931 0.4201233917 0.5427536505 0.5128784188 0.4502084790 0.5219180519
0.8214994949 0.4981039660 0.5298267242 0.5912956646 0.4977842093 0.4848771250 0.4474491931 0.4201233917 0.5427536505 0.5128784188 0.4502084790 0.5219180519
0.5867982302 0.4138117717 0.5194767294 0.5912956646 0.4977842093 0.4848771250 0.4403047171 0.4201233917 0.5089956666 0.5128784188 0.4502084790 0.4348887258
0.0000000000 0.2286376793 0.5777693603 0.4883414502 0.4843631585 0.4848771250 0.4770258933 0.5334877183 0.5089956666 0.5128784188 0.5679035272 0.4348887258
0.7929723270 0.2286376793 0.5777693603 0.4883414502 0.4843631585 0.4848771250 0.3538041293 0.5334877183 0.5089956666 0.5128784188 0.5679035272 0.4109384477
0.4041788316 0.5025122565 0.5777693603 0.4883414502 0.4843631585 0.4799283008 0.4545233729 0.3773755099 0.5089956666 0.5128784188 0.4884730684 0.4470083243
0.3752296145 0.7230243207 0.5777693603 0.4883414502 0.4879798933 0.4799283008 0.4545233729 0.3773755099 0.3920678400 0.5128784188 0.4884730684 0.6052660573
0.4805049287 0.0000000000 0.4565255400 0.4653597197 0.5236759024 0.4799283008 0.4742595234 0.4450998637 0.5188327120 0.5128784188 0.4844090369 0.4376323314
0.4805049287 0.5945014627 0.6523668783 0.4653597197 0.5236759024 0.4799283008 0.4706301222 0.4450998637 0.7011374768 0.5128784188 0.4844090369 0.4376323314
0.9191849660 0.0000000000 0.4565255400 0.4653597197 0.5236759024 0.4799283008 0.4954807462 0.4450998637 0.5188327120 0.5128784188 0.4844090369 0.4376323314
0.0000000000 0.1236944868 0.4565255400 0.4653597197 0.5236759024 0.4799283008 0.4167577016 0.4450998637 0.5188327120 0.5128784188 0.4844090369 0.4376323314
0.4731803888 0.5164426497 0.4565255400 0.4296999530 0.5236759024 0.5117452276 0.4167577016 0.6077495790 0.3463933059 0.5128784188 0.4844090369 0.5927763623
0.6951231108 0.5617956103 0.4555197586 0.4653597197 0.5236759024 0.5117452276 0.4728690155 0.6848198573 0.5377097742 0.4964442379 0.4053428101 0.4205335565
0.2828263984 0.2205921982 0.4941469583 0.5157688903 0.5236759024 0.4376121501 0.4728690155 0.4958145012 0.5377097742 0.4961232900 0.5620571159 0.4376323314
0.6639940478 0.1645428516 0.5358954610 0.5071977250 0.5061661330 0.3193344294 0.4728690155 0.4785682797 0.5052697402 0.4961232900 0.5503231467 0.5224813704
1.0000000000 1.0000000000 0.5358954610 0.5071977250 0.5061661330 0.6084789475 0.4728690155 0.5134442882 0.5052697402 0.4488159625 0.5503231467 0.5224813704
0.4287329924 0.7824779299 0.3351140323 0.6224915831 0.5061661330 0.5675784142 0.4954973324 0.5744553291 0.5575970174 0.4962984114 0.4689990866 0.5224813704
0.3868826267 0.5763280980 0.3563027549 0.6224915831 0.5731752504 0.5675784142 0.4954973324 0.5744553291 0.5575970174 0.4962984114 0.4689990866 0.5224813704
0.3409364938 0.3137697682 0.3425139771 0.5954915003 0.5061661330 0.5675784142 0.4954973324 0.5744553291 0.5993897941 0.4962984114 0.4689990866 0.4633232166
0.3868826267 0.2640719569 0.5484278719 0.5954915003 0.5061661330 0.5675784142 0.4059999683 0.4986048727 0.5993897941 0.4962984114 0.4689990866 0.5134475758
0.6708795595 1.0000000000 0.5718091012 0.5954915003 0.4775152697 0.5368511277 0.4569297517 0.4325046519 0.5993897941 0.6202956994 0.4689990866 0.6289822751
0.3868826267 0.4186803607 0.4346147010 0.6170113595 0.5061661330 0.5675784142 0.5072349083 0.5236459730 0.5031111159 0.4191957964 0.4689990866 0.5076528955
0.7122172824 0.8342521071 0.4346147010 0.5348648000 0.5260070360 0.5675784142 0.4705158558 0.4777748333 0.5031111159 0.5521704489 0.5310720158 0.4417806765
0.5358024875 1.0000000000 0.2767118395 0.5162925549 0.3617566620 0.5627883829 0.4705158558 0.4777748333 0.5031111159 0.4191957964 0.5310720158 0.5703179857
0.3609025694 0.8071893412 0.5007718711 0.5162925549 0.5260070360 0.5627883829 0.6323631338 0.4777748333 0.5031111159 0.3604755501 0.5310720158 0.5115383173
0.3609025694 0.0609712850 0.4532799961 0.5162925549 0.5260070360 0.5627883829 0.4717033010 0.4777748333 0.5031111159 0.3604755501 0.4919571973 0.4121076781
0.6723101142 0.4253507111 0.4532799961 0.5162925549 0.4375458404 0.5627883829 0.4717033010 0.4777748333 0.5031111159 0.3604755501 0.4919571973 0.4121076781
0.0000000000 0.2991208783 0.4532799961 0.4771969609 0.5598871375 0.4431383445 0.4729026403 0.4777748333 0.5031111159 0.3604755501 0.4703215412 0.5241412514
0.5874026270 0.1704877597 0.4532799961 0.5373243818 0.5598871375 0.4431383445 0.4729026403 0.4777748333 0.5031111159 0.2628464667 0.4703215412 0.5241412514
0.0000000000 0.5369167427 0.4532799961 0.5959945481 0.5598871375 0.4431383445 0.4729026403 0.4777748333 0.4691786025 0.3604755501 0.4703215412 0.5241412514
0.0658542810 0.5369167427 0.4532799961 0.5959945481 0.5498265440 0.4431383445 0.4729026403 0.4777748333 0.4691786025 0.3604755501 0.4703215412 0.5038353980
0.4223347015 0.3692720416 0.4049107869 0.5048697826 0.5028164976 0.5484250097 0.5569106930 0.4777748333 0.5085862666 0.2091856200 0.4703215412 0.5237754792
0.7870777954 0.9767328621 0.5675125429 0.5048697826 0.5028164976 0.5484250097 0.5410405515 0.6798732501 0.5085862666 0.4915724993 0.4703215412 0.5237754792
0.0000000000 1.0000000000 0.4461018968 0.5048697826 0.5028164976 0.5353025365 0.6270464965 0.4890591626 0.5085862666 0.4915724993 0.4703215412 0.4867513941
0.4124026718 1.0000000000 0.4722749547 0.5048697826 0.5789537662 0.5353025365 0.6270464965 0.5595445936 0.5085862666 0.4915724993 0.4703215412 0.4867513941
0.0000000000 0.6152554165 0.4461018968 0.5048697826 0.5028164976 0.4542036196 0.5766710479 0.4890591626 0.5085862666 0.4225953644 0.4703215412 0.4867513941
0.3251898298 0.1560289949 0.4461018968 0.5048697826 0.4447412784 0.6607766825 0.5607931054 0.6076089833 0.5085862666 0.4225953644 0.5140389452 0.4867513941
0.3251898298 0.6089709706 0.4702634915 0.5048697826 0.4447412784 0.4542036196 0.5607931054 0.6076089833 0.5085862666 0.4225953644 0.5096701745 0.4867513941
0.5541393006 0.6089709706 0.4702634915 0.5048697826 0.4447412784 0.3587590169 0.5607931054 0.6076089833 0.5085862666 0.4225953644 0.5862393314 0.4867513941
0.0738989626 0.6089709706 0.4702634915 0.5048697826 0.4447412784 0.4542036196 0.5607931054 0.6076089833 0.5085862666 0.4225953644 0.5096701745 0.4867513941
0.3251898298 0.4657863783 0.4702634915 0.5048697826 0.4447412784 0.5082160996 0.5607931054 0.4489731043 0.5672595850 0.5709747011 0.5096701745 0.6355568387
0.5000773036 0.2097609707 0.4702634915 0.4689710217 0.4447412784 0.5082160996 0.5607931054 0.4489731043 0.5672595850 0.5709747011 0.5433507346 0.6355568387
0.5000773036 0.8164632761 0.4702634915 0.4689710217 0.4447412784 0.4985653957 0.5607931054 0.4100914293 0.4977833790 0.4937209182 0.6189173323 0.5086685644
0.5840884384 0.6995241701 0.4702634915 0.4689710217 0.4742968825 0.4985653957 0.5607931054 0.6823113733 0.4977833790 0.4937209182 0.6189173323 0.5086685644
0.5639995642 0.2886677244 0.6158687592 0.5543520555 0.4742968825 0.4985653957 0.5607931054 0.4100914293 0.5281444997 0.4937209182 0.6189173323 0.5086685644
0.4663684493 0.3376636950 0.4702634915 0.4144321880 0.4742968825 0.4985653957 0.5607931054 0.4100914293 0.4977833790 0.4937209182 0.6317577522 0.5086685644
0.0000000000 0.8685599432 0.5109028148 0.4581915399 0.4742968825 0.5384669598 0.3650121129 0.5689253014 0.4569756031 0.4504584461 0.4626124777 0.4748018547
0.5012610065 0.4041262190 0.5109028148 0.4734139536 0.6701005967 0.5384669598 0.3619673196 0.7151588008 0.6838087943 0.4504584461 0.4626124777 0.4748018547
0.0547115481 0.4041262190 0.5109028148 0.4734139536 0.4546201663 0.5384669598 0.5409955268 0.5705536598 0.4569756031 0.4504584461 0.4626124777 0.4748018547
0.0000000000 0.4401673622 0.5109028148 0.4790486344 0.5248021554 0.4806835913 0.5407187504 0.5283776528 0.5099083616 0.5397912375 0.3842518310 0.5395420600
0.0852495331 0.8237835962 0.5109028148 0.4790486344 0.6193846727 0.4629276915 0.3638429829 0.5283776528 0.5550965529 0.4604039674 0.3797589263 0.5701522196
0.0864897504 0.7533358076 0.5109028148 0.4790486344 0.5846479220 0.3487095943 0.4699382675 0.5063781522 0.5926022464 0.4604039674 0.4743482414 0.5701522196
0.0743994299 0.6631317622 0.5280875199 0.4007020248 0.5846479220 0.2432676877 0.4956926659 0.5113424436 0.5486600864 0.5309340373 0.4441856647 0.4742235365
0.0531383524 0.3279282295 0.4682833879 0.4668074339 0.4546626450 0.5930555650 0.4956926659 0.5113424436 0.4815852901 0.4725524884 0.4901952451 0.5484809600
0.1203928899 0.4765584250 0.4883965285 0.4668074339 0.5492605502 0.4514436639 0.5230865922 0.5113424436 0.7489601745 0.4730778950 0.4901952451 0.5484809600
0.1398968206 0.9275678253 0.5071199835 0.4789015402 0.5049605669 0.5419268007 0.4855444317 0.5023521914 0.5023557250 0.4985101462 0.4995008987 0.5062206584
0.1143037744 1.0000000000 0.5064074818 0.5069463235 0.5024438821 0.5942667221 0.4867104633 0.5003402834 0.5031205553 0.4997505947 0.5005284104 0.5062206584
0.1305355875 0.1856234800 0.5066311815 0.3943923652 0.5045515704 0.4514849893 0.5251748908 0.5017879377 0.5025388240 0.4986519546 0.5003351253 0.5062206584
0.2213236331 0.4487557626 0.4999750114 0.4999945529 0.5000218120 0.4999611152 0.5000067224 0.4998742396 0.5000419405 0.4999860083 0.4999995090 0.4999969098
0.2071546545 0.1621915625 0.5000391578 0.5000036265 0.5000218120 0.4999224301 0.5000067224 0.4998742396 0.5000419405 0.4999869873 0.4999977869 0.4999969098
0.2039278622 1.0000000000 0.5000288079 0.5000019306 0.4996679764 0.4999830335 0.5000170891 0.4998743359 0.5000339979 0.4999879083 0.4999984842 0.5000221562
0.2048296657 0.8000449608 0.5000125608 0.5000032217 0.4999523004 0.4999771364 0.5000170891 0.4998744648 0.4999933777 0.4999861690 0.4999966910 0.5000296171
0.2652093871 0.7522288824 0.5000185495 0.5000089113 0.5000134266 0.4999911426 0.5000150569 0.4998743313 0.5000067773 0.4999864526 0.4999968373 0.5000210792
0.2523910536 0.2950594065 0.5000185495 0.5000108080 0.5000134266 0.4999911426 0.5000142193 0.4998743313 0.5000067773 0.4999863236 0.4999970249 0.5000206200
0.2678088041 0.0000000000 0.5000210396 0.5000097109 0.5000256676 0.4999958150 0.5000137898 0.4998743313 0.5000069489 0.4999863236 0.4999969755 0.5000188870
0.2813900666 1.0000000000 0.5000179330 0.5000084784 0.5000166745 0.4999945107 0.5000151299 0.4998743313 0.5000069489 0.4999863104 0.4999969457 0.5000247726
0.1963858741 0.5755502195 0.5000170222 0.5000089227 0.5000246585 0.4999915110 0.5000121030 0.4998743532 0.5000099591 0.4999863905 0.4999969784 0.5000184653
0.1954903242 0.0000000000 0.5000210052 0.5000084556 0.5000226318 0.4999915110 0.5000120526 0.4998743712 0.5000079265 0.4999865082 0.4999968569 0.5000184653
0.1781832907 0.0584642231 0.5000193473 0.5000084784 0.5000015433 0.4999915110 0.5000119089 0.4998743712 0.5000075827 0.4999863905 0.4999970105 0.5000229478
0.1929449808 0.6628277689 0.5000188303 0.5000089716 0.5000207450 0.4999915110 0.5000119089 0.4998743923 0.5000079265 0.4999863905 0.4999970105 0.5000235745
0.1980808573 0.9388020870 0.5000187691 0.5000089716 0.5000153053 0.4999909315 0.5000134221 0.4998743198 0.5000072904 0.4999863976 0.4999970105 0.5000223414
0.1980062751 0.3336073759 0.5000190350 0.5000087003 0.5000253470 0.4999912682 0.5000133090 0.4998743705 0.5000081455 0.4999862705 0.4999970490 0.5000197570
0.1826904099 0.8629628686 0.5000190350 0.5000086140 0.5000248116 0.4999933492 0.5000123748 0.4998743555 0.5000079566 0.4999863935 0.4999970490 0.5000193633
0.1564142450 0.4724524528 0.5000191876 0.5000085958 0.5000353010 0.4999931987 0.5000136514 0.4998743705 0.5000079566 0.4999862705 0.4999970490 0.5000199342
0.1512511774 0.7635772857 0.5000191876 0.5000085958 0.5000248116 0.4999908247 0.5000136514 0.4998743705 0.5000079353 0.4999863094 0.4999970490 0.5000199314
0.1564142450 0.1352479517 0.5000191876 0.5000088507 0.5000141821 0.4999892309 0.5000136514 0.4998743705 0.5000079566 0.4999862741 0.4999970490 0.5000199342
0.1438801896 0.2563260992 0.5000191876 0.5000087873 0.5000141821 0.4999892309 0.5000131943 0.4998743705 0.5000078700 0.4999862705 0.4999970490 0.5000199342
0.1404146542 0.5369762916 0.5000192305 0.5000087873 0.5000141821 0.4999899566 0.5000136010 0.4998743705 0.5000082428 0.4999863322 0.4999970804 0.5000183923
0.2508702007 0.6760750198 0.5000190832 0.5000087873 0.5000139775 0.4999962524 0.5000128586 0.4998743594 0.5000080947 0.4999863430 0.4999970164 0.5000190512
0.1087999212 0.3111892672 0.5000190506 0.5000088758 0.5000139775 0.4999880124 0.5000133642 0.4998743372 0.5000079179 0.4999863096 0.4999971136 0.5000194009
0.2641349873 0.1377610560 0.5000191202 0.5000090470 0.5000121707 0.4999909257 0.5000133773 0.4998743137 0.5000081041 0.4999862679 0.4999971136 0.5000194934
0.1404093108 0.6105403839 0.5000191202 0.5000090470 0.5000121707 0.4999859278 0.5000133773 0.4998743663 0.5000078441 0.4999863132 0.4999971136 0.5000194934
0.1423946484 0.3622434193 0.5000190648 0.5000090470 0.5000186313 0.4999911206 0.5000133773 0.4998743544 0.5000080762 0.4999863064 0.4999971136 0.5000194934
0.1765310355 0.4122298263 0.5000191620 0.5000088917 0.5000143101 0.4999933167 0.5000133267 0.4998743386 0.5000079997 0.4999863166 0.4999971117 0.5000192617
