0.4932201350 1.2444733471 7.7077363160
0.0000000000 0.7184901642 7.7900546220
1.9464215637 0.0000000000 7.5771117338
1.8515784009 0.0000000000 7.6008444633
1.0468417282 0.0000000000 7.7527608970
0.0000000000 0.0000000000 7.8231182485
2.2024634628 2.0355036129 0.0000000000
2.9309797067 0.6350464011 0.0000000000
2.6606844516 1.3837209344 0.0000000000
2.8709488366 0.8669367930 0.0000000000
2.9856772870 0.2823178625 0.0000000000
2.9986667356 0.0438683557 0.0000000000
2.2630243382 1.9679043628 0.0000000000
2.9402648798 0.5905881645 0.0000000000
2.1235692404 2.1176351541 0.0000000000
2.4231060674 1.7670545848 0.0000000000
1.6162739262 2.5261796125 0.0000000000
2.9902082709 0.2293018694 0.0000000000
1.3435515807 2.6811926447 0.0000000000
2.9741409416 0.3852408522 0.0000000000
2.6802202868 1.3454902735 0.0000000000
2.7304356311 1.2404217590 0.0000000000
2.9962086576 0.1290678726 0.0000000000
2.7035094053 1.2980607583 0.0000000000
2.9086225823 0.7306432185 0.0000000000
1.7947351655 2.4026757010 0.0000000000
1.9952606548 2.2389416611 0.0000000000
2.2305855633 2.0045979357 0.0000000000
0.1074331536 2.9970623881 0.0000000000
2.4832985190 1.6814140804 0.0000000000
2.3947310861 1.8053220955 0.0000000000
2.5709591208 1.5440511769 0.0000000000
1.0177948441 2.8209960109 0.0000000000
1.0828674915 2.7966628025 0.0000000000
0.5990078710 2.9385565174 0.0000000000
2.6102051859 1.4767375252 0.0000000000
2.9932478972 0.1854504232 0.0000000000
2.9989873010 0.0000000000 0.0000000000
0.0000000000 2.9989873011 0.0000000000
0.3434629844 2.9792546072 0.0000000000
2.8203378110 1.0196173138 0.0000000000
2.7879798958 1.1050307409 0.0000000000
1.1341205160 2.7762736694 0.0000000000
1.8286124173 2.3769942072 0.0000000000
2.3171136537 1.9039194177 0.0000000000
2.9807179965 0.3305224086 0.0000000000
0.0553829143 2.9984758747 0.0000000000
0.1536107340 2.9950506802 0.0000000000
0.4598189960 2.9635268394 0.0000000000
2.1627826095 2.0775697879 0.0000000000
2.3486189124 1.8649166316 0.0000000000
2.5217260400 1.6232136696 0.0000000000
1.8919747026 2.3268770008 0.0000000000
0.7174437379 2.9119064758 0.0000000000
2.2903006903 1.9360908003 0.0000000000
1.9659526470 2.2647196360 0.0000000000
2.8976279432 0.7730958194 0.0000000000
1.2889701005 2.7078554099 0.0000000000
2.9181810319 0.6914797922 0.0000000000
2.9976866466 0.0883154041 0.0000000000
2.4474791081 1.7331390182 0.0000000000
2.0873895685 2.1533066735 0.0000000000
2.8061925021 1.0579265010 0.0000000000
0.5580515288 2.9466087847 0.0000000000
2.6307373529 1.4398422910 0.0000000000
1.1731897250 2.7599910702 0.0000000000
2.0443064496 2.1942506634 0.0000000000
0.4170304401 2.9698502404 0.0000000000
2.8831974423 0.8252862200 0.0000000000
1.5633789960 2.5592520298 0.0000000000
2.7477683094 1.2015382463 0.0000000000
2.8343616563 0.9799585896 0.0000000000
1.9306697048 2.2948723998 0.0000000000
0.9786625157 2.8348094333 0.0000000000
2.9522049035 0.5276467107 0.0000000000
1.6663070590 2.4934605719 0.0000000000
0.1928269057 2.9927817533 0.0000000000
1.8616383220 2.3512183217 0.0000000000
2.7629924618 1.1661035521 0.0000000000
1.3897750592 2.6575270689 0.0000000000
1.5167855878 2.5871386357 0.0000000000
1.7582283832 2.4295180168 0.0000000000
2.5908784952 1.5103885145 0.0000000000
1.7263219751 2.4522922485 0.0000000000
2.9689173327 0.4236209485 0.0000000000
2.8543284159 0.9201815739 0.0000000000
1.4747928657 2.6113044323 0.0000000000
0.2401235760 2.9893587109 0.0000000000
0.8617611714 2.8725063137 0.0000000000
1.4401622803 2.6305621914 0.0000000000
0.5137170758 2.9546606575 0.0000000000
0.9015814065 2.8602579965 0.0000000000
2.9607978079 0.4770756496 0.0000000000
0.7876283677 2.8937115262 0.0000000000
0.6795313363 2.9209864770 0.0000000000
0.9415906710 2.8473376767 0.0000000000
0.6375380649 2.9304385424 0.0000000000
0.2878276808 2.9851432234 0.0000000000
1.2217685870 2.7388330281 0.0000000000
2.5501112623 1.5782450334 0.0000000000
