54.9080765986 64.8614477922 -64.9453274298
66.2429323792 96.2088315112 -90.2370633959
77.6310612306 96.2088315112 -96.4761937176
56.0211885902 82.6408188293 -75.5146958681
68.4137306444 83.6991977497 -86.3881997986
20.9433568692 83.6678362215 -59.4001170613
32.9828800264 83.6573355977 -67.1217754361
85.6581890034 85.0258004112 -98.0054704913
88.3653204678 72.2658978725 -88.1799396858
23.0499898586 78.2413811724 -53.4418026887
78.3189042854 30.2445729228 -61.0546481083
86.2631720377 12.9941569296 -56.8464297898
82.2650602996 96.9500662767 -104.3038955543
98.2154270201 95.5750814470 -107.8402984189
60.9343864853 58.9435020872 -69.6060161638
77.5417292081 83.0170927846 -83.2622752930
53.5956721222 70.2816631427 -71.8451393446
95.6569414713 14.2218098424 -59.6041585881
24.9650128827 61.5828977852 -49.4254434520
94.9602804594 39.7580774209 -66.8597818304
44.3114328725 85.5693319378 -73.3952470816
44.3116584550 65.5505061170 -60.5263854751
64.2279547818 39.5662345886 -58.3265114471
96.9587131609 34.9962468152 -74.3017249042
60.9550990984 18.9396180436 -45.6955221098
48.9383730813 46.2199774835 -53.7595176679
96.9220977027 65.6357050145 -93.6553485859
98.9897647066 25.5837013696 -68.3626205785
90.8579126944 28.2206344305 -61.8868606665
44.2236875870 28.2204910426 -39.8258908515
35.6308118198 37.6347838053 -41.1428049609
59.6356840542 35.5106797498 -50.6000072519
71.5751149698 16.8054873483 -47.3353237039
85.5733637074 52.9902727544 -77.7404713230
85.0491988033 0.1001149425 -35.6698545192
56.9776230886 44.9146420701 -57.4230456603
52.2420054816 26.2968997117 -44.5445790410
81.6206266934 20.0567830107 -50.2542454900
52.2420633472 38.1752777356 -47.9403359754
64.9650171530 10.9632478213 -42.7594752058
77.6186544439 55.5569458514 -75.8599462056
44.9793404418 14.2459506098 -32.5614761621
54.9679594235 13.0039710928 -37.3671423891
90.9296433721 63.6902159796 -83.8137238838
93.5871400072 5.1767256896 -54.5228592485
70.2117753704 24.2693223194 -51.9733940451
54.3653098495 54.2858476185 -56.3619614697
46.2693884840 54.2858661750 -58.0121262886
43.4730501626 54.2858411138 -48.2355303925
34.8641098855 48.9085320322 -45.8582316005
75.6390732929 43.0000780268 -65.0429208323
32.9274983849 22.1756709550 -29.1599943879
32.9274952789 70.2594826152 -59.7688213449
79.6986293284 70.9765530507 -76.7265867140
23.6640047259 97.5831240689 -68.9065621288
27.6539867001 9.4350888151 -17.0470545678
67.6690293616 0.1000113537 -34.8357889444
67.6690415706 75.5242308486 -73.9408199390
67.6690277355 48.8571788505 -60.0818053346
99.0461514021 0.1000319749 -42.4317076486
40.4169157066 81.6245672607 -60.2547781520
78.8843872689 6.5705546839 -43.1753130277
34.8870269355 12.8068655952 -23.7244245653
44.8587614311 22.1161027469 -29.7890413880
26.7384496753 35.6121663276 -25.7061362565
37.0085737129 0.1000070099 -18.1734285329
48.8706194745 0.1000147780 -25.3624296196
43.7140840910 94.9380051711 -73.9975324357
29.6503917844 36.3213697790 -35.4937316067
20.2303712467 19.5938626439 -22.0506145987
20.8922641700 50.9778763671 -39.5742936407
16.8656155849 0.1000001442 -7.9282510010
19.4738315499 70.8979215079 -47.5174282735
7.0602804076 44.2499415931 -27.7236224261
3.2332171538 53.7962758857 -10.5357410462
3.4705469970 96.9073831991 -56.6677331264
3.3002057051 46.9211100255 -26.6109462511
3.0684613803 63.3386598731 -4.2702704782
3.2563359394 64.9960070077 -34.0889642916
3.6129255840 51.6466731583 -30.0650452099
3.4040750666 80.2641073157 -47.0536872196
3.5494022798 60.9333705527 -36.8561842497
3.4668931774 90.9700792546 -52.3844045383
3.4586697941 79.5276376648 -41.8948337769
3.4179925683 56.9297891547 -33.3969620115
3.2697111206 90.1570559607 -39.2201951674
3.4250186224 69.5661392843 -39.9007474764
3.3931626758 84.9894147056 -46.3334075954
3.3822650991 34.2942448911 -19.3788818424
3.2717731319 41.7696193199 -10.9651387404
3.3232785391 7.0686826131 -1.7890915276
3.5465916272 20.9042727407 -12.9689602689
3.2876913214 32.8490654125 -15.4689317290
3.2876913214 10.3338357711 -4.4775636133
3.2540832103 16.3965259170 -5.4557955895
3.3712482955 0.1000000000 0.5674851543
3.6228160841 16.8766705104 -10.2764207300
3.3946304894 24.9459044836 -14.2501752782
3.4563802931 13.6084402786 -8.1712794368
3.6019399466 2.9439973665 -2.7439367463
