66.9119185982 48.9684630439 -66.1444359494
92.3844210167 71.7876735364 -91.1698469607
76.2204770075 58.2135420171 -74.0844072878
56.8742442240 94.9942922595 -81.5528144743
76.7568240457 92.7363734032 -92.7051914906
41.1753579968 69.1056288713 -60.4208465557
66.6080775665 73.9561144028 -76.2454700335
84.4844875302 69.8235241492 -86.3501300357
51.0569021679 66.4762634593 -61.9153883813
50.9770162973 70.3069034217 -69.8260443884
68.3589785874 62.2900129527 -69.9755462526
10.0515009276 74.9359339758 -44.5460896478
67.6410699261 99.5390055727 -91.1210588230
64.3312793915 47.5192349797 -57.6027369119
99.6278663832 47.5145155778 -80.3338378387
39.6227723571 94.8960346710 -76.1755782245
13.5390487636 94.8958201899 -60.3095701809
78.2530514390 48.1949462593 -70.1159254289
16.2750725435 84.2336577790 -57.0206061201
86.3171417014 84.2338362710 -95.6260847366
93.6689479856 88.2789133769 -100.5855737447
93.6688616295 63.6130803590 -86.0447164221
58.9729085898 58.9262039588 -67.2894400701
0.1000195446 71.5437568498 -38.3018725666
46.3157686028 78.2632476509 -71.0215096769
46.3157554910 22.9199044340 -38.2901648604
35.5244033820 78.2632522288 -63.5307155928
36.8215554383 47.6052955803 -43.2466949063
21.7171321028 78.2632202404 -54.4152277169
69.6370000169 16.3606144371 -46.6830632267
77.6521888696 38.9668578776 -64.4842523032
30.4336504947 93.5846416140 -62.8626872607
34.8075504158 40.2388435958 -36.4052449066
91.5390965783 38.3779552442 -65.6224511262
31.6608647676 58.2470781234 -50.2039605059
53.5499210502 18.8199315495 -37.0330945013
0.1000017297 82.9860761028 -44.9958106140
92.9908707644 29.5843333548 -67.2536331075
40.3254907067 60.2713773989 -56.5048170708
38.2462835333 50.9557885604 -51.0284106868
45.6016860807 39.6131205921 -49.1248315930
93.5471460008 39.6131207088 -74.0918747809
27.0500981267 39.6131249136 -33.8168502653
74.2150725029 48.8232371344 -61.9421542863
74.2150711181 78.9516231237 -86.4698429124
70.8321335850 30.3252648013 -48.5021288802
60.1775585111 30.3252680168 -45.1134691388
83.5794824830 98.2636415125 -105.8195011234
57.6571228158 81.5907892268 -78.6362118233
0.1000005711 48.8753942219 -25.7152199317
90.3679650152 94.2897868653 -96.0416146500
56.3850025241 57.6524136830 -54.8983347603
99.5640353590 57.6524133103 -88.0413084124
0.1000006848 57.6524127985 -30.9625091941
0.1000007590 92.2176532181 -50.5595130026
0.1000003205 33.6698749435 -16.7553807086
70.3192073013 40.9608482161 -61.7170613746
90.8846181357 47.5000121536 -72.0753075803
90.8846179512 19.0148244168 -59.4511452169
9.5150020562 51.6248470137 -33.7344417836
89.6053809843 51.6248473941 -81.8528849561
20.9886836885 44.9172227688 -36.8376016329
20.9886837221 60.2316595183 -45.0777522475
7.6546948180 92.2163685635 -54.5825989411
22.2284647623 21.5791537884 -24.2165340185
49.5713285078 34.8200205896 -42.8866302209
6.8018892387 36.8753384998 -21.7639583890
64.1659787392 36.8753385130 -49.0823949482
60.3571479502 24.3696812371 -39.7183825843
36.2253899441 31.4595633656 -31.0688127835
5.8258233765 20.2205637407 -11.1287200067
83.5597952940 20.3819516303 -55.3272637904
99.6157103153 11.5914955643 -64.2360338864
78.9209636886 17.1269004063 -49.1664207383
73.5511263187 24.2311520998 -53.9824060143
46.2914912806 11.5580435828 -32.4189737285
40.9975811756 21.7400822188 -28.9851036422
83.5627737792 12.1620461017 -52.3260372957
60.9204547292 13.4356277173 -38.8162315530
0.1000000052 16.2489269517 -8.4721655384
55.6741071057 8.3110647316 -32.6235140958
96.9121480057 4.9597355508 -58.4421761935
92.8854857523 0.1000000001 -51.0661163470
84.9763471035 1.4360748557 -47.5068500343
34.1788298984 9.6807799711 -20.7509387431
69.5447974567 4.7902247366 -38.9953793827
74.3559271220 0.1000000001 -35.5474332940
74.9274080562 2.0628121383 -43.5444261848
66.1976896693 1.7500245892 -34.6235536750
49.5089379446 2.1704650821 -24.1204640223
37.6162914693 0.3309849065 -21.1536399299
56.8644605162 2.6926609228 -29.3933624230
26.9131507413 0.4859708024 -14.7545981937
18.9452590586 5.6632971868 -13.0984602206
32.8911984329 4.2078639332 -19.8599202133
20.1761308860 0.5441306549 -8.8454661526
2.8626370845 0.1000000001 -0.4572957518
14.9962105409 1.5809070482 -7.9162543615
8.9765922488 0.1000000001 -4.0282458202
4.2764455006 4.3813262619 -3.3213286778
