0.6457929768 0.1992843162 0.4458590243 0.5323599742 0.4382729736 0.4955513980 0.4573205796 0.4983559766 0.5314183059 0.5278658239 0.4861488272 0.4658179695
0.7101711152 0.2917925704 0.4871530225 0.4834054175 0.3955169974 0.4392596101 0.4932914602 0.5239417844 0.4639905680 0.4511380745 0.5178673712 0.5428414494
0.8396777982 0.7467427748 0.4895016953 0.4834054175 0.4288881986 0.5867034592 0.4932914602 0.5239849326 0.5115195700 0.4965985353 0.5178673712 0.4330700950
0.3902322676 0.4609213878 0.4929448340 0.5831914862 0.4454250788 0.5015843292 0.4955051218 0.5239774484 0.5012751199 0.4512504136 0.4339242983 0.4881037833
0.7784506358 0.6359925135 0.4936524933 0.4696906172 0.4726977400 0.5242683242 0.5548185727 0.5239797072 0.4846345310 0.5445527159 0.4757345841 0.5044529233
0.4864446804 0.7277257613 0.4968187449 0.4696906172 0.4742839839 0.5334998933 0.4106098711 0.5239797072 0.4913908205 0.5121996287 0.4283859975 0.4755427405
0.0000000000 0.8740868361 0.4950984676 0.4785231917 0.5014301578 0.5377508325 0.4392378491 0.5239790633 0.4992622501 0.4511519747 0.5334704968 0.4970346647
0.5176802580 0.2144289501 0.4945725539 0.4855714237 0.4989142405 0.5011660539 0.4392378491 0.5239787481 0.4829560446 0.5401299556 0.4832479738 0.4892810185
0.6722326331 0.0000000000 0.4945233905 0.5313435874 0.4784275242 0.5383447349 0.5377328151 0.5239794581 0.4899789966 0.5612299057 0.5662162562 0.4915734113
0.6571319257 0.9478789870 0.4960436735 0.4280473646 0.4928815704 0.5270577347 0.4456924906 0.5239792078 0.4911394389 0.4872037715 0.5000857023 0.4850422238
0.3964718369 0.3642240814 0.4968609717 0.4976311813 0.4928815704 0.5270577347 0.4456924906 0.5239792078 0.4947454961 0.4872037715 0.5461851671 0.4825224251
0.6632107393 0.7425031763 0.4941041405 0.4976311813 0.4920757899 0.5189042022 0.4456924906 0.5239790708 0.4966620581 0.4941011204 0.5281999747 0.4934626860
0.5808444711 0.1808399427 0.4941041405 0.5005300606 0.4838684861 0.5224453075 0.5058854173 0.5239790708 0.4966620581 0.4609352285 0.5281999747 0.4839076427
0.4613612965 0.6410802777 0.4944629505 0.4948893470 0.4854977507 0.5225092127 0.5058854173 0.5239788773 0.4901650943 0.4857158918 0.5281999747 0.4927257916
0.4646535620 0.2839210213 0.4944629505 0.3917560740 0.4835446259 0.5129821129 0.5273185742 0.5239795090 0.5012733639 0.5209279294 0.5281999747 0.4913248581
0.7162999489 1.0000000000 0.4944629505 0.4806520248 0.4835446259 0.5166955277 0.5273185742 0.5239792690 0.4908154159 0.5209279294 0.7071434886 0.4913248581
0.4527427348 0.4159887879 0.4944629505 0.4443482013 0.4806039958 0.5239607216 0.5273185742 0.5239795090 0.4908154159 0.4938894363 0.5281999747 0.4885124786
0.1781566081 0.6711579012 0.4945998555 0.4794754034 0.4884142640 0.5257265833 0.4634890402 0.5239792941 0.4967494140 0.5610283900 0.5281999747 0.4918636443
0.3948682311 0.0910748426 0.4916089601 0.4387806949 0.4811537998 0.5299931274 0.4634890402 0.5239792941 0.4941368323 0.4886669891 0.5281999747 0.4915665997
0.1871662559 0.5519538473 0.4971051879 0.4439786576 0.4864647387 0.5163852667 0.5026228886 0.5239793326 0.4995210790 0.5022048311 0.5281999747 0.4908294762
0.0697516067 0.1537690076 0.4931315721 0.4611206272 0.4781063444 0.5238110454 0.5026228886 0.5239794874 0.4913173911 0.5302054859 0.5281999747 0.4862368222
0.3929157936 0.1930076496 0.4948122259 0.4953547068 0.4980757984 0.5176685300 0.5026228886 0.5239794114 0.5008378966 0.5268807386 0.5281999747 0.4855683176
0.6127006572 0.0836415661 0.4934068648 0.5175370666 0.4959398288 0.5274454656 0.5026228886 0.5239795305 0.5008378966 0.4776542323 0.5281999747 0.4865538645
0.8148355506 0.3353055879 0.4934068648 0.5041370663 0.4845326863 0.5235503298 0.5026228886 0.5239795841 0.5008378966 0.4752903129 0.5281999747 0.4868539327
0.6461401045 0.6072394354 0.4941676945 0.4479617654 0.4856957179 0.5220172078 0.5026228886 0.5239794950 0.4962329284 0.4939578002 0.5367328034 0.4888964168
0.4349286879 0.7750502767 0.4955634565 0.4740103354 0.4817074932 0.5252275715 0.5204638987 0.5239795792 0.4991662078 0.5021110386 0.5297667618 0.4867671204
0.5504416597 0.7403579120 0.4935004611 0.4770065965 0.4879062835 0.5209110222 0.4863466458 0.5239792612 0.4912879615 0.4890535441 0.5375331269 0.4879725652
0.0000000000 0.6248221818 0.4932232334 0.5069661834 0.4890068854 0.5192956861 0.4861075454 0.5239791687 0.4945129381 0.4914214359 0.5182847580 0.4885171836
0.1478981079 0.6133481577 0.4945843684 0.4558721167 0.4839839902 0.5230724958 0.4861075454 0.5239796720 0.4983219449 0.4821621414 0.5329123189 0.4888308557
0.2621374091 0.4565043027 0.4927823378 0.4434395406 0.4921036865 0.5217651055 0.5071505941 0.5239793381 0.4929976939 0.5026067179 0.4771402788 0.4892526743
0.3295493321 0.4294850557 0.4959969823 0.4856063153 0.4930073623 0.5196763406 0.4836712617 0.5239792156 0.4993485999 0.4954072969 0.4907605536 0.4889627778
0.2684309183 0.5693514119 0.4941743479 0.4912486904 0.4914063360 0.5233480951 0.5683220493 0.5239791279 0.4962992986 0.4924892268 0.5115461440 0.4883154757
0.1939468201 0.8328326447 0.4932467903 0.5134016417 0.4910393719 0.5233480951 0.4630328261 0.5239794427 0.4989269619 0.4981000333 0.5757461166 0.4888180120
0.6334032845 0.4356088486 0.4941343484 0.4938564802 0.4929611862 0.5247531791 0.5257349189 0.5239792113 0.4951414621 0.4993288243 0.5487837663 0.4885008265
0.4589320622 0.0000000000 0.4937061246 0.4938564802 0.4929611862 0.5247531791 0.4973965323 0.5239789682 0.4951414621 0.4993288243 0.4956554933 0.4872873899
1.0000000000 0.0000000000 0.4943791476 0.5081062936 0.4911657954 0.5230261654 0.4973965323 0.5239790457 0.4900914818 0.5026983707 0.5001268965 0.4887236739
0.8363535619 0.0000000000 0.4943791476 0.5040392635 0.4925226747 0.5200100003 0.4973965323 0.5239790457 0.4900914818 0.5026983707 0.5001268965 0.4887236739
0.5153274034 0.4408047614 0.4944827615 0.5040392635 0.4846624083 0.5203056543 0.4973965323 0.5239790851 0.4910816881 0.5034041217 0.5273907418 0.4887236739
0.0000000000 0.4408047614 0.4960439110 0.5040392635 0.4846624083 0.5200100003 0.4973965323 0.5239796401 0.4973970446 0.4980245244 0.5273907418 0.4887011466
0.1046351895 0.4408047614 0.4935403791 0.5040392635 0.4980732012 0.5210978039 0.4973965323 0.5239796401 0.4973970446 0.4977304655 0.5273907418 0.4894924763
0.0374933462 0.4954210156 0.4929000890 0.4664287519 0.4819170340 0.5193063653 0.5191249928 0.5239792460 0.5100305146 0.5012110138 0.5117042629 0.4878120122
0.0374933462 0.2341483439 0.4929000890 0.4664287519 0.4819170340 0.5193063653 0.5788243244 0.5239796401 0.5046202562 0.4898628253 0.5117042629 0.4885983288
0.1285273264 0.1024891154 0.4936225044 0.5012781621 0.4894057176 0.5187323422 0.5191249928 0.5239794972 0.5030955254 0.4974202439 0.4817336533 0.4877524600
0.1285273264 0.9319103599 0.4936225044 0.4954561516 0.4960222735 0.5222743962 0.5191249928 0.5239795083 0.4985729707 0.4974202439 0.4817336533 0.4869111302
0.5555229948 0.5395960497 0.4937915308 0.5133182722 0.4797127453 0.5159503621 0.5390289757 0.5239795175 0.4991742586 0.5000995856 0.4474406011 0.4881304918
0.2822958007 0.9301641995 0.4951809551 0.4957467267 0.4934668123 0.5192068434 0.5390289757 0.5239793783 0.5028615026 0.5000995856 0.5346510304 0.4893328026
0.1180508610 0.5329742510 0.4950269230 0.4497701596 0.4808517194 0.5192068434 0.5390289757 0.5239793783 0.4984314705 0.5000995856 0.4856280000 0.4893328026
0.4762711013 0.5576979747 0.4946608049 0.5043534110 0.4912310577 0.5185769884 0.4944212840 0.5239798165 0.4990441074 0.5014218162 0.4874611883 0.4897537181
0.0000000000 0.8019554031 0.4931566405 0.4909513806 0.4894476232 0.5151740280 0.5338131146 0.5239797000 0.4938143145 0.4951904436 0.5131426817 0.4887458089
0.0599715575 0.6516272853 0.4938222336 0.5035382388 0.4873334448 0.5179950220 0.5705191886 0.5239790855 0.4988618471 0.4957277289 0.5040286771 0.4903619564
0.1084524128 0.8254730780 0.4943095204 0.4964537518 0.4932911357 0.5230110987 0.5334146409 0.5239796478 0.4991090637 0.4957277289 0.5040286771 0.4890891093
0.2793914661 0.8254730780 0.4936762161 0.4964537518 0.4893141058 0.5234234703 0.4511806844 0.5239794320 0.4992989920 0.5017226714 0.5040286771 0.4891577734
0.7671005195 0.0000000000 0.4936518789 0.4927450869 0.4873554659 0.5218362864 0.5197607875 0.5239789636 0.4994892687 0.5001412155 0.5074626996 0.4881645603
0.3715486081 0.8148775213 0.4941112869 0.4977192012 0.4937742219 0.5140823282 0.4902583277 0.5239797368 0.4973171406 0.5004768893 0.4906219396 0.4885532610
0.0000000000 0.5599328102 0.4952071686 0.4997864501 0.4937742219 0.5210455898 0.4902583277 0.5239792643 0.4968515372 0.5009305598 0.5163684552 0.4885532610
0.2718774288 0.3856877372 0.4943565093 0.4835306507 0.4890514003 0.5163080788 0.4711685693 0.5239795737 0.4974908188 0.4967252976 0.5269970035 0.4886006605
0.2474075773 0.6759301889 0.4943565093 0.4973656732 0.4890514003 0.5208311185 0.4711685693 0.5239795009 0.5009429214 0.4967252976 0.5163684552 0.4886006605
0.5327322342 1.0000000000 0.4945438898 0.5004645607 0.4925917359 0.5198462009 0.4613055112 0.5239796811 0.4989775854 0.4967252976 0.4975339757 0.4882206093
0.3239744047 0.7390382339 0.4937789668 0.4810306426 0.4925917359 0.5198462009 0.4760581657 0.5239796811 0.5004637530 0.4967252976 0.4975339757 0.4882206093
0.5327322342 0.3266770857 0.4945438898 0.5001794966 0.4925917359 0.5198462009 0.4393895838 0.5239793803 0.4989775854 0.5011062152 0.4975339757 0.4882206093
0.3336458663 0.0572640105 0.4938675707 0.4904547298 0.4921901002 0.5202243231 0.4963485925 0.5239792687 0.4990517372 0.5009256515 0.5242320123 0.4902240686
0.2158056814 0.6157581239 0.4946531424 0.4962129257 0.4929874840 0.5205322105 0.5403292025 0.5239797056 0.5013009704 0.5014422774 0.5242320123 0.4887622869
0.2140474913 0.9280202743 0.4944606692 0.4948304411 0.4883977419 0.5194545338 0.4719721712 0.5239794217 0.5013009704 0.4992252880 0.5242320123 0.4887622869
0.0648598969 0.0000000000 0.4944146487 0.4962129257 0.4932338392 0.5194987478 0.4963485925 0.5239787709 0.5013009704 0.5023065500 0.5041912869 0.4887467408
0.0628414829 0.9342244075 0.4936927590 0.5181859104 0.4887367073 0.5172979524 0.5020931073 0.5239792731 0.4971943780 0.5011135459 0.5041912869 0.4885624076
0.3876203658 0.9827155101 0.4936927590 0.4848189632 0.4911310998 0.5172979524 0.5035618999 0.5239793090 0.4985703334 0.5011264235 0.5041912869 0.4895651514
0.3876203658 0.7060732084 0.4936927590 0.4848189632 0.4911310998 0.5172979524 0.5035618999 0.5239793090 0.4989274513 0.5011264235 0.5041912869 0.4886638974
0.1277977415 0.7434289093 0.4942955228 0.4883319366 0.4883301647 0.5172979524 0.5035618999 0.5239793622 0.5013438825 0.5011264235 0.4984638489 0.4890349785
0.5642646210 0.0000000000 0.4941203202 0.4933028596 0.4932617916 0.5214756300 0.5035618999 0.5239795609 0.4971179020 0.5017588856 0.5041912869 0.4882895125
0.0000000000 0.3375707800 0.4947801913 0.4908998523 0.4934177885 0.5169440342 0.4949976550 0.5239795662 0.4994358030 0.4962972996 0.4994775904 0.4896768337
0.2754966315 0.1025345911 0.4946596815 0.5036368099 0.4933281967 0.5191023426 0.4964462731 0.5239795766 0.4995103607 0.5011168884 0.5021188101 0.4888601778
0.0546778584 0.7228662611 0.4946342720 0.4975453760 0.4910864725 0.5159549681 0.5004445715 0.5239793155 0.4994482473 0.5000179837 0.4986862461 0.4900353726
0.3518173125 0.2652556028 0.4945151576 0.4976965742 0.4874071926 0.5149431262 0.5004445715 0.5239795262 0.5004502070 0.5008280094 0.5014013468 0.4892309621
0.1186434993 0.2142926515 0.4941637171 0.4981014697 0.4910172365 0.5188659264 0.5050808383 0.5239795398 0.4984385552 0.5021906037 0.5007324368 0.4893260962
0.2360676035 0.2835531486 0.4940857308 0.5001289844 0.4909915428 0.5136099134 0.5001194618 0.5239794576 0.4982538898 0.5031044882 0.5007324368 0.4893260962
0.1804894994 1.0000000000 0.4942586818 0.4953137338 0.4928071790 0.5136099134 0.5001194618 0.5239794704 0.4998282785 0.5007256042 0.4999953119 0.4893291533
0.1824824705 0.3629186526 0.4941728837 0.4960008620 0.4928071790 0.5136099134 0.4812222347 0.5239795413 0.4990382924 0.4987761163 0.5116690586 0.4901478002
0.0636856225 0.3815436785 0.4945628920 0.4981967100 0.4915978339 0.5177914403 0.5075663078 0.5239795238 0.5007023899 0.5007382189 0.4991021118 0.4892989861
0.3986456256 0.5733668517 0.4943512827 0.4994546855 0.4926412614 0.5147649652 0.4996785356 0.5239794437 0.5005214125 0.5005961052 0.5048511311 0.4905833129
0.2023212442 0.1063036793 0.4947686209 0.4987873967 0.4954045725 0.5157023862 0.4994936560 0.5239794238 0.5006300922 0.5000519326 0.5026030447 0.4903528387
0.0000000000 0.0000000000 0.4947087709 0.4961996381 0.4962963784 0.5098904517 0.4994731723 0.5239794238 0.4990814678 0.4998995087 0.4991125587 0.4920056553
0.3255880101 0.6082092005 0.4945990539 0.4998377478 0.4956073348 0.5107918570 0.5000839826 0.5239795352 0.4999194992 0.5001208850 0.5017593429 0.4910198216
0.0000000000 1.0000000000 0.4945644755 0.4974599584 0.4973528798 0.5107918570 0.5000839826 0.5239794713 0.4999194992 0.4994605887 0.5017593429 0.4914778902
0.0913480051 1.0000000000 0.4946524725 0.4985764009 0.4922429569 0.5063333869 0.4952908555 0.5239795025 0.5007419716 0.4996023811 0.5017593429 0.4893013293
0.3369617251 0.5326297882 0.4945559106 0.4959730063 0.4964782421 0.5163089540 0.5006990501 0.5239795374 0.5007419716 0.5002321961 0.5021057894 0.4915789018
0.1503401114 0.2863287998 0.4944690821 0.4997245280 0.4972235940 0.5099305168 0.5031018792 0.5239794669 0.4992862582 0.4997338669 0.5021057894 0.4915787668
0.4411652382 0.8698340405 0.4945608718 0.4992502732 0.4947157377 0.5057856655 0.4980965184 0.5239794814 0.4996839297 0.5005167099 0.5006754139 0.4917029577
0.2037144652 0.7665382943 0.4944616858 0.4992502732 0.4950958727 0.5057856655 0.5007787982 0.5239796454 0.5005200226 0.4998991789 0.4995760119 0.4917029577
0.1824281868 0.4356540266 0.4944616858 0.4992502732 0.4921174117 0.5057856655 0.5007787982 0.5239796454 0.5000330080 0.5002585472 0.5008740670 0.4919487428
0.0000000000 0.1611054024 0.4943979589 0.4990420919 0.4943150460 0.5006530882 0.5016380663 0.5239795692 0.5005295573 0.4998991855 0.4996253602 0.4924663875
0.4991795605 0.9210022890 0.4943979589 0.4990420919 0.4958797964 0.5123771025 0.5016380663 0.5239794646 0.5008647605 0.4998991855 0.4996253602 0.4924663875
0.4498068698 0.1530328155 0.4944363644 0.4996145900 0.4984700743 0.5076182769 0.5002401806 0.5239794717 0.4998669360 0.5001636606 0.5000990740 0.4924332610
0.2075723728 0.0000000000 0.4943624457 0.4997248250 0.4977635891 0.5034255334 0.4991551579 0.5239794921 0.4992865642 0.5000826489 0.5009261499 0.4918949954
0.0777641048 0.3127534599 0.4945985009 0.4974571872 0.4987399275 0.5014010580 0.4991846169 0.5239795095 0.5001854973 0.5001100309 0.5006520457 0.4938711717
0.3342422432 0.3460258816 0.4944707761 0.4998178345 0.4973798838 0.5003936788 0.4991395726 0.5239795098 0.4999962168 0.5001917922 0.5005015492 0.4956860439
0.2969191577 0.2161368285 0.4946536397 0.4990627491 0.4994850420 0.4992566474 0.4996181473 0.5239795045 0.5000512673 0.5001917922 0.5001185282 0.4929085204
0.2883568876 0.0000000000 0.4945226005 0.5005925656 0.4994850420 0.4997856534 0.4998374226 0.5239794869 0.5000512673 0.4999858180 0.5007451238 0.4981110513
0.0281456652 0.0909918155 0.4947194457 0.4996069546 0.4987346011 0.5002731632 0.4996681366 0.5239795233 0.5002051040 0.5002105307 0.5009278248 0.4979838808
0.3041002646 1.0000000000 0.4947346661 0.5000370629 0.4995993767 0.5002163674 0.4993541269 0.5239794991 0.5001067037 0.5001311592 0.4998771067 0.5000242330
0.2358221786 0.1794629508 0.5000224244 0.5000038096 0.5000009111 0.5000015753 0.4999758775 0.5239794330 0.4999873193 0.5000348132 0.4999858261 0.4999883789
