0.8905264239 0.7597796738 0.6008589659 0.4981101163 0.4991563364 0.4015440453 0.4013733234 0.5003779416 0.4001151204 0.4999825112 0.5999642744 0.5001168011
0.9414491110 1.0000000000 0.6008589659 0.4981101163 0.4991563364 0.4015440453 0.4013733234 0.5003779416 0.4001151204 0.4999825112 0.5999642744 0.5001168011
0.8399251262 0.0000000000 0.6008589659 0.4981101163 0.4991563364 0.4015440453 0.4013733234 0.5003779416 0.4001151204 0.4999825112 0.5999642744 0.5001168011
0.8478811706 0.0000000000 0.6008589659 0.4981101163 0.4991563364 0.4015440453 0.4013733234 0.5003779416 0.4001151204 0.4999825112 0.5999642744 0.5001168011
0.9145551407 0.0000000000 0.6008589659 0.4981101163 0.4991563364 0.4015440453 0.4013733234 0.5003779416 0.4001151204 0.4999825112 0.5999642744 0.5001168011
1.0000000000 0.0000000000 0.6008589659 0.4981101163 0.4991563364 0.4015440453 0.4013733234 0.5003779416 0.4001151204 0.4999825112 0.5999642744 0.5001168011
0.0000000000 0.4749325558 0.4999999834 0.4999999684 0.5000000100 0.4000505044 0.4000505564 0.5000000219 0.5000000540 0.5000000155 0.4999871564 0.5000000065
0.0000000000 0.1358348620 0.4999999776 0.4999999695 0.5000000073 0.4000505189 0.4000499279 0.5000000134 0.5000000586 0.5000000276 0.4999993311 0.5000000118
0.0000000000 0.3053025418 0.4999999785 0.4999999631 0.5000000265 0.4000505809 0.4000506671 0.5000000480 0.5000000599 0.5000000354 0.5000006685 0.5000000426
0.0000000000 0.1866963843 0.4999999812 0.4999999678 0.5000000211 0.4000505846 0.4000505764 0.5000000221 0.5000000611 0.5000000128 0.5000012266 0.5000000274
0.0000000000 0.0600186533 0.4999999689 0.4999999678 0.5000000265 0.4000505846 0.4000507625 0.5000000221 0.5000000462 0.5000000254 0.5000063244 0.5000000128
0.0000000000 0.0093126289 0.4999999812 0.4999999678 0.5000000265 0.4000505846 0.4000505764 0.5000000221 0.5000000462 0.5000000128 0.5000012266 0.5000000274
0.0000000000 0.4556656697 0.4999999812 0.4999999678 0.5000000265 0.4000505846 0.4000509476 0.5000000233 0.5000000462 0.5000000208 0.5000012266 0.5000000378
0.0000000000 0.1261936302 0.4999999805 0.4999999678 0.5000000248 0.4000505813 0.4000508539 0.5000000221 0.5000000462 0.5000000068 0.4999952215 0.5000000378
0.0000000000 0.4991092732 0.4999999715 0.4999999696 0.5000000170 0.4000505865 0.4000507393 0.4999999818 0.5000000468 0.5000000121 0.4999996884 0.5000000254
0.0000000000 0.4011274481 0.4999999969 0.4999999606 0.4999999555 0.4000506056 0.4000505908 0.5000000392 0.5000000609 0.5000000053 0.5000002565 0.5000000138
0.0000000000 0.6376499713 0.4999999561 0.4999999598 0.5000000155 0.4000505946 0.4000506261 0.4999999559 0.5000000399 0.4999999837 0.5000000186 0.4999999926
0.0000000000 0.0487233517 0.4999999528 0.4999999477 0.4999999914 0.4000505790 0.4000505872 0.4999999814 0.5000000449 0.5000000228 0.4999999240 0.5000000202
0.0000000000 0.7042716573 0.4999999738 0.4999999477 0.4999999914 0.4000505790 0.4000505872 0.5000000090 0.5000000449 0.5000000228 0.4999999240 0.4999999959
0.0000000000 0.0820048465 0.4999999738 0.4999999608 0.4999999941 0.4000505790 0.4000507507 0.5000000211 0.5000000364 0.5000000405 0.5000000047 0.5000000265
0.0000000000 0.2961887473 0.4999999738 0.4999999899 0.4999999684 0.4000505687 0.4000506306 0.4999999789 0.5000000426 0.5000000354 0.5000001361 0.5000000251
0.0000000000 0.2714670537 0.4999999745 0.4999999899 0.4999999844 0.4000506006 0.4000506306 0.4999999909 0.5000000416 0.4999999973 0.4999998098 0.5000000185
0.0000000000 0.0274067669 0.4999999987 0.4999999768 0.5000000323 0.4000506006 0.4000506306 0.4999999909 0.5000000475 0.4999999877 0.4999999682 0.5000000185
0.0000000000 0.2849720679 0.5000000050 0.4999999572 0.5000000029 0.4000506161 0.4000506306 0.4999999911 0.5000000379 0.4999999699 0.5000000463 0.5000000251
0.0000000000 0.1566764922 0.4999999735 0.4999999545 0.4999999799 0.4000505869 0.4000506545 0.5000000101 0.5000000245 0.4999999699 0.5000000463 0.5000000058
0.0000000000 0.5915693551 0.4999999735 0.4999999545 0.4999999555 0.4000505869 0.4000506545 0.5000000101 0.5000000245 0.4999999866 0.4999999996 0.5000000307
0.0000000000 0.5365974994 0.4999999699 0.4999999545 0.4999999555 0.4000505869 0.4000506451 0.5000000011 0.5000000515 0.4999999737 0.5000000009 0.5000000428
0.0000000000 0.4660624192 0.4999999739 0.4999999485 0.4999999690 0.4000506037 0.4000506411 0.5000000011 0.5000000343 0.4999999623 0.5000000110 0.5000000398
0.0000000000 0.9771893977 0.4999999700 0.4999999485 0.4999999658 0.4000505869 0.4000506200 0.5000000011 0.5000000343 0.4999999732 0.5000000058 0.5000000398
0.0000000000 0.3789055148 0.4999999446 0.4999999468 0.4999999569 0.4000505886 0.4000506226 0.5000000006 0.5000000143 0.4999999597 0.5000000330 0.5000000282
0.0000000000 0.4112404286 0.4999999716 0.4999999631 0.4999999725 0.4000505838 0.4000505880 0.4999999537 0.5000000446 0.5000000021 0.5000000041 0.5000000344
0.0000000000 0.3443103574 0.4999999748 0.4999999466 0.4999999550 0.4000506157 0.4000506296 0.4999999823 0.5000000350 0.4999999781 0.4999999994 0.5000000203
0.0000000000 0.7795658328 0.4999999748 0.4999999591 0.4999999517 0.4000506018 0.4000506227 0.4999999912 0.5000000425 0.4999999716 0.5000000175 0.4999999887
0.0000000000 0.7648178096 0.4999999846 0.4999999607 0.4999999560 0.4000505940 0.4000506236 0.4999999980 0.5000000130 0.4999999831 0.4999999910 0.5000000023
0.0000000000 0.8719826306 0.4999999767 0.4999999607 0.4999999573 0.4000506025 0.4000506292 0.4999999980 0.5000000127 0.4999999618 0.5000000000 0.4999999990
0.0000000000 0.3277693686 0.4999999922 0.4999999607 0.5000000060 0.4000506110 0.4000506235 0.4999999920 0.5000000066 0.4999999852 0.4999999996 0.4999999990
0.0000000000 0.0393922236 0.4999999655 0.4999999861 0.4999999610 0.4000506121 0.4000506330 0.4999999785 0.5000000166 0.4999999697 0.4999999996 0.4999999990
0.0000000000 0.0000000000 0.5000000068 0.4999999837 0.4999999610 0.4000506121 0.4000506134 0.4999999785 0.5000000097 0.4999999944 0.4999999996 0.5000000099
0.0000000000 1.0000000000 0.4999999879 0.4999999643 0.4999999681 0.4000506172 0.4000506115 0.4999999814 0.4999999882 0.4999999944 0.5000000109 0.5000000018
0.0000000000 0.9269299470 0.5000000002 0.4999999615 0.4999999765 0.4000506172 0.4000506357 0.4999999970 0.5000000650 0.4999999754 0.5000000109 0.4999999953
0.0000000000 0.2208454955 0.4999999968 0.4999999615 0.4999999765 0.4000505882 0.4000506357 0.4999999858 0.5000000222 0.4999999735 0.5000000192 0.5000000013
0.0000000000 0.2402351506 0.4999999811 0.4999999615 0.4999999765 0.4000506093 0.4000506425 0.5000000028 0.5000000650 0.4999999735 0.5000000144 0.5000000013
0.0000000000 0.7531084462 0.4999999993 0.4999999566 0.4999999724 0.4000506145 0.4000506320 0.4999999962 0.5000000085 0.4999999796 0.5000000117 0.5000000057
0.0000000000 0.5825450635 0.4999999889 0.4999999857 0.4999999709 0.4000506125 0.4000506195 0.4999999866 0.5000000382 0.4999999769 0.5000000133 0.4999999685
0.0000000000 0.4378796112 0.4999999908 0.4999999635 0.4999999866 0.4000506108 0.4000506147 0.5000000165 0.5000000085 0.4999999702 0.5000000097 0.4999999718
0.0000000000 0.0703055391 0.5000000186 0.4999999384 0.4999999692 0.4000506006 0.4000506147 0.4999999689 0.5000000135 0.4999999974 0.4999999870 0.4999999998
0.0000000000 0.9882427436 0.4999999842 0.4999999384 0.4999999692 0.4000506006 0.4000506064 0.4999999689 0.5000000135 0.4999999925 0.4999999870 0.4999999751
0.0000000000 0.9673775072 0.4999999866 0.4999999539 0.4999999692 0.4000506006 0.4000506181 0.5000000039 0.5000000135 0.4999999830 0.4999999870 0.4999999751
0.0000000000 0.9020038834 0.4999999842 0.4999999502 0.4999999692 0.4000505869 0.4000506229 0.4999999770 0.5000000200 0.4999999792 0.4999999976 0.4999999823
0.0000000000 0.4872084060 0.4999999801 0.4999999539 0.4999999692 0.4000505869 0.4000506181 0.4999999467 0.4999999950 0.4999999792 0.4999999808 0.4999999823
0.0000000000 0.4272363236 0.4999999581 0.4999999486 0.4999999829 0.4000505869 0.4000506297 0.4999999694 0.5000000109 0.4999999824 0.4999999881 0.4999999769
0.0000000000 0.3641004477 0.4999999581 0.4999999453 0.4999999847 0.4000505869 0.4000506188 0.4999999734 0.5000000069 0.5000000178 0.5000000011 0.4999999905
0.0000000000 0.5653952560 0.4999999667 0.4999999453 0.4999999822 0.4000505779 0.4000506167 0.4999999689 0.4999998959 0.4999999792 0.4999999826 0.4999999865
0.0000000000 0.8462108866 0.4999999656 0.4999999738 0.4999999685 0.4000505813 0.4000506167 0.4999999689 0.4999999568 0.4999999596 0.4999999808 0.4999999821
0.0000000000 0.4467698926 0.4999999656 0.4999999708 0.4999999747 0.4000505813 0.4000506167 0.4999999576 0.4999999844 0.4999999627 0.5000000017 0.4999999879
0.0000000000 0.5448831108 0.4999999759 0.4999999951 0.4999999685 0.4000505813 0.4000506167 0.4999999689 0.5000000560 0.4999999627 0.5000000017 0.4999999879
0.0000000000 0.1659856611 0.4999999656 0.4999999738 0.4999999685 0.4000505813 0.4000506236 0.4999999689 0.5000000560 0.4999999627 0.4999999623 0.4999999892
0.0000000000 0.7171668702 0.4999999570 0.4999999738 0.4999999685 0.4000505921 0.4000506203 0.4999999689 0.5000000560 0.4999999627 0.5000000017 0.4999999879
0.0000000000 0.1481188549 0.4999999663 0.4999999833 0.4999999559 0.4000505945 0.4000506194 0.4999999689 0.5000000379 0.4999999886 0.5000000017 0.4999999711
0.0000000000 0.0187501500 0.4999999661 0.4999999880 0.4999999404 0.4000505965 0.4000506081 0.4999999569 0.5000000392 0.4999999770 0.4999999919 0.4999999728
0.0000000000 0.3922615868 0.4999999914 0.4999999915 0.4999999337 0.4000505969 0.4000506103 0.4999999647 0.5000000251 0.4999999839 0.5000000270 0.4999999580
0.0000000000 0.5098947792 0.4999999819 0.4999999915 0.4999999464 0.4000506142 0.4000506034 0.4999999544 0.5000000183 0.4999999850 0.5000000279 0.4999999461
0.0000000000 0.2295144292 0.4999999819 0.4999999915 0.4999999464 0.4000506149 0.4000506034 0.4999999544 0.5000000056 0.4999999802 0.5000000279 0.4999999461
0.0000000000 0.8808432810 0.4999999819 0.4999999915 0.4999999516 0.4000506271 0.4000506090 0.4999999544 0.5000000056 0.4999999850 0.5000000279 0.4999999461
0.0000000000 0.3188061533 0.4999999855 0.4999999920 0.4999999464 0.4000505873 0.4000506096 0.4999999600 0.5000000206 0.4999999682 0.5000000279 0.4999999461
0.0000000000 0.7441233926 0.4999999733 0.4999999984 0.4999999677 0.4000506059 0.4000506501 0.4999999445 0.4999999846 0.4999999937 0.5000000335 0.4999999593
0.0000000000 0.5225118260 0.4999999733 0.4999999687 0.4999999816 0.4000506203 0.4000506501 0.4999999614 0.5000000056 0.4999999937 0.5000000188 0.4999999741
0.0000000000 0.9111856927 0.4999999510 0.4999999646 0.4999999760 0.4000506049 0.4000506553 0.4999999566 0.5000000066 0.4999999990 0.5000000297 0.4999999765
0.0000000000 0.1774803998 0.4999999598 0.4999999592 0.4999999759 0.4000506275 0.4000506481 0.4999999536 0.5000000191 0.4999999964 0.4999999993 0.4999999782
0.0000000000 0.6508927977 0.4999999682 0.4999999660 0.4999999759 0.4000506193 0.4000506530 0.4999999536 0.5000000022 0.4999999537 0.5000000096 0.4999999779
0.0000000000 0.2624299328 0.4999999682 0.4999999694 0.4999999497 0.4000506094 0.4000506299 0.4999999643 0.5000000124 0.4999999569 0.5000000288 0.4999999763
0.0000000000 0.2119158913 0.4999999651 0.4999999827 0.4999999760 0.4000506094 0.4000506062 0.4999999643 0.5000000124 0.4999999742 0.5000000275 0.4999999763
0.0000000000 0.5547354704 0.4999999651 0.4999999718 0.4999999776 0.4000506014 0.4000506491 0.4999999417 0.4999999949 0.4999999659 0.5000000423 0.4999999745
0.0000000000 0.7883751941 0.4999999733 0.4999999736 0.4999999596 0.4000505930 0.4000506511 0.4999999350 0.4999999949 0.4999999819 0.5000000423 0.4999999651
0.0000000000 0.1125939970 0.4999999638 0.4999999752 0.4999999607 0.4000505930 0.4000506488 0.4999999383 0.5000000034 0.4999999831 0.5000000423 0.4999999541
0.0000000000 0.6249594096 0.5000000060 0.4999999725 0.4999999653 0.4000505982 0.4000506445 0.4999999376 0.5000000034 0.4999999855 0.5000000405 0.5000000103
0.0000000000 0.9590387857 0.4999999652 0.4999999968 0.4999999659 0.4000506214 0.4000506469 0.4999999461 0.4999999994 0.4999999855 0.5000000503 0.5000000257
0.0000000000 0.5736518077 0.5000000093 0.4999999906 0.4999999653 0.4000506291 0.4000506469 0.4999999423 0.5000000471 0.4999999861 0.5000000317 0.5000000203
0.0000000000 0.2542429993 0.5000000309 0.4999999829 0.4999999650 0.4000506291 0.4000506469 0.4999999359 0.5000000349 0.4999999861 0.5000000236 0.5000000137
0.0000000000 0.6932480235 0.5000000220 0.5000000593 0.4999999632 0.4000506233 0.4000506411 0.4999999611 0.5000000099 0.4999999885 0.5000000250 0.4999999803
0.0000000000 0.6624198956 0.4999999855 0.5000000593 0.4999999635 0.4000506264 0.4000506705 0.4999999611 0.4999999996 0.4999999856 0.4999999900 0.4999999546
0.0000000000 0.6011883807 0.4999999942 0.5000000354 0.4999999755 0.4000506186 0.4000506127 0.4999999398 0.4999999499 0.4999999958 0.4999999852 0.4999999479
0.0000000000 0.3360071079 0.4999999561 0.5000000268 0.4999999786 0.4000506317 0.4000506074 0.4999999598 0.4999999514 0.4999999873 0.4999999844 0.4999999424
0.0000000000 0.6095098678 0.5000000048 0.5000000217 0.4999999923 0.4000506280 0.4000506074 0.4999999643 0.4999999724 0.4999999754 0.4999999911 0.4999999673
0.0000000000 0.0902272760 0.4999999953 0.5000000357 0.4999999637 0.4000506225 0.4000505984 0.4999999693 0.4999999848 0.4999999734 0.4999999899 0.4999999667
0.0000000000 0.1985371244 0.5000000107 0.5000000357 0.4999999762 0.4000506334 0.4000506074 0.4999999693 0.4999999779 0.4999999734 0.4999999764 0.4999999804
0.0000000000 0.6727048271 0.5000000144 0.5000000394 0.5000000126 0.4000506212 0.4000506074 0.4999999656 0.4999999918 0.4999999659 0.4999999906 0.4999999748
0.0000000000 0.9489723661 0.5000000118 0.5000000411 0.4999999758 0.4000506181 0.4000506124 0.5000000004 0.4999999953 0.4999999620 0.5000000042 0.4999999743
0.0000000000 0.8144509555 0.5000000253 0.5000000348 0.4999999692 0.4000505731 0.4000506016 0.5000000117 0.5000000017 0.4999999693 0.4999999960 0.4999999800
0.0000000000 0.6811164088 0.5000000111 0.5000000303 0.4999999647 0.4000506200 0.4000505977 0.4999999921 0.5000000324 0.4999999548 0.5000000072 0.4999999867
0.0000000000 0.8904085648 0.5000000111 0.5000000303 0.4999999673 0.4000506200 0.4000506162 0.4999999776 0.5000000276 0.4999999548 0.5000000195 0.4999999946
0.0000000000 0.8056070750 0.5000000111 0.5000000303 0.4999999673 0.4000506022 0.4000505775 0.4999999921 0.5000000276 0.4999999548 0.5000000195 0.4999999867
0.0000000000 0.1017048587 0.5000000111 0.5000000303 0.4999999673 0.4000506205 0.4000505963 0.4999999921 0.5000000276 0.4999999696 0.5000000195 0.4999999877
0.0000000000 0.8308193308 0.5000000205 0.5000000212 0.4999999403 0.4000506276 0.4000505937 0.5000000084 0.5000000712 0.4999999869 0.4999999712 0.4999999957
0.0000000000 0.8544865208 0.5000000226 0.5000000136 0.4999999640 0.4000506488 0.4000506224 0.5000000228 0.5000000392 0.4999999869 0.4999999563 0.4999999772
0.0000000000 0.7966820308 0.4999999875 0.5000000132 0.4999999645 0.4000506403 0.4000506409 0.5000000227 0.5000000554 0.4999999645 0.4999999668 0.4999999810
0.0000000000 0.8636238807 0.5000000126 0.4999999924 0.4999999756 0.4000506245 0.4000505964 0.5000000394 0.5000000287 0.4999999825 0.4999999727 0.4999999822
0.0000000000 0.9388062531 0.4999999790 0.4999999763 0.4999999702 0.4000506088 0.4000506104 0.5000000267 0.5000000394 0.4999999552 0.4999999689 0.4999999760
0.0000000000 0.7328753661 0.4999999997 0.5000000146 0.4999999899 0.4000506104 0.4000505909 0.5000000094 0.5000000455 0.4999999779 0.4999999827 0.4999999669
0.0000000000 0.3528117683 0.4999999934 0.5000000264 0.4999999868 0.4000506387 0.4000505862 0.5000000090 0.5000000176 0.4999999565 0.4999999802 0.4999999719
