0.3731351437 0.8761870354
0.3861610094 0.8573028507
0.2140999481 0.9162793978
0.2866607814 0.8852739434
0.2653277999 0.9035367736
0.3885537224 0.8494751997
0.3501893011 0.8803539866
0.4643920882 0.7772636677
0.3968276894 0.8474748681
0.4172141288 0.7993746342
0.4083971970 0.8050719858
0.4897459752 0.7648441892
0.4635457631 0.7979425199
0.5105951283 0.7457804095
0.5167196806 0.7405406337
0.5549250600 0.7159471314
0.5633443112 0.7126931258
0.4988445246 0.7564781538
0.5741678854 0.6961069418
0.6167942957 0.6510874701
0.5358643557 0.7377909135
0.6665477075 0.6041445300
0.6589726573 0.6060217824
0.8490576382 0.3463835793
0.8542260441 0.3288629628
0.8667079954 0.3080034764
0.8365549326 0.3551437312
0.7116659730 0.5532783082
0.8321525406 0.3620776786
0.8281979396 0.3692127936
0.8606777329 0.3154076998
0.8406013106 0.3511136073
0.8503961127 0.3332767891
0.8038414569 0.4312353269
0.7902440693 0.4449480234
0.6963790213 0.5721737704
0.6978131892 0.5632217300
0.6825667768 0.5859959081
0.6560111177 0.6208571784
0.7395524737 0.5101607300
0.7595467328 0.4809474531
0.7532462329 0.4914542293
0.7830460562 0.4478241735
0.7484918507 0.5007014817
0.7778869891 0.4642287145
0.7956222412 0.4418405861
0.7730715782 0.4769020272
0.7340183700 0.5185843427
0.7046084955 0.5556926581
0.5924804240 0.6868280754
0.6141357134 0.6730646782
0.5855788487 0.6920010690
0.6392354321 0.6410082398
0.6763861787 0.5925441015
0.6479216611 0.6236244630
0.5931308216 0.6773819151
0.6033976435 0.6739803007
0.6393171176 0.6321738070
0.6852944302 0.5796918967
0.6327085353 0.6490240341
0.7137280485 0.5460690327
0.7219686508 0.5361250399
0.7299535152 0.5274069464
0.7680893852 0.4800324054
0.7978475756 0.4325081712
0.8098965110 0.4104863768
0.8046275283 0.4222214729
0.8200568023 0.3862630241
0.8241682090 0.3795121591
0.8701609413 0.3010358592
0.8754227904 0.2877354682
0.9066483083 0.2043915168
0.8892436628 0.2602622055
0.9160756392 0.1878981473
0.8939049309 0.2387172867
0.9114889230 0.1950200935
0.9037194945 0.2111613147
0.9174558928 0.1820219851
0.9769138022 0.0051418954
0.9011543727 0.2232547043
0.9261899767 0.1529779781
0.8884831876 0.2795736739
0.9192672810 0.1659170198
0.9753089999 0.0139307931
0.9461012573 0.0834057258
0.9369840134 0.1099592996
0.9225486687 0.1605632445
0.9450145639 0.0893374382
0.9409746080 0.0982003965
0.9290598656 0.1341437639
0.9315738612 0.1269709439
0.9357829649 0.1155807145
0.9619869638 0.0376830009
0.9594094113 0.0440397624
0.9702164259 0.0247426542
0.9654851465 0.0305912634
0.9562081279 0.0523963433
0.9491470514 0.0729215221
0.9533506261 0.0609802360
0.9518839462 0.0659413184
