0.0059975294 -0.0001341676 0.0125065474
0.0059975294 -0.0001341676 -0.9340810274
-0.6765510932 -0.0001341676 0.0125065474
-0.8458774454 -0.0001341676 0.0125065474
-0.7882666054 -0.0001341676 0.0125065474
-0.9932200071 -0.0001341676 -0.0101952143
-0.9218619298 -0.0001341676 -0.0101952143
-0.6434807239 -0.0001341676 -0.0101952143
-0.7577770104 -0.0001341676 -0.0101952143
-0.9043444938 -0.0001341676 -0.0101952143
-1.1587746446 -0.0001341676 0.0055329795
-0.5399980044 -0.0001341676 0.0055329795
-0.8884316012 -0.0001341676 0.0055329795
-1.1114556074 -0.0001341676 0.0055329795
-0.5712962374 -0.0001341676 0.0055329795
-0.8575363952 -0.0001341676 0.0055329795
-0.4711029604 -0.0001341676 0.0055329795
-1.0308337287 -0.0001341676 0.0055329795
-0.8575363952 -0.0001341676 -0.9885020114
-0.8575363952 -0.0001341676 -0.9995450857
-1.0092889721 -0.0001341676 -0.9973898501
-0.9832055596 -0.0001341676 -0.9973898501
-1.1341740843 -0.9598251638 -1.1013057209
-1.0378526994 -1.0359969410 -1.1198183816
-1.1373893180 -1.1484598350 -1.1198183816
-1.0378526994 -0.9090917228 -1.1198183816
-1.0378526994 -1.0490137076 -1.1198183816
-1.0695185000 -0.0022181383 -0.5625642096
-1.1105955978 -0.9545521407 -1.0614156613
-1.1105955978 -0.7723963506 -1.0546476913
-1.1105955978 -0.8454318313 -1.0546476913
-1.1105955978 -0.7920313848 -1.0546476913
-1.0874823124 -0.8713600860 -1.0499343539
-1.0874823124 -0.8713600860 -1.0846172759
-1.0395373408 -0.6547799739 -1.0846172759
-1.0525372295 -0.8814233226 -1.0846172759
-1.0525372295 -0.7163643015 -1.0846172759
-1.0525372295 -0.7163643015 -1.1291652044
-1.0525372295 -0.9696387699 -1.0689029211
-1.0525372295 -0.0010825086 -1.0846172759
-1.0525372295 -0.9230719798 -1.0846172759
-1.0525372295 -0.6578643456 -1.0846172759
-1.0525372295 -0.8433773315 -1.0846172759
-1.0525372295 -0.7683527107 -1.0775933989
-1.0525372295 -1.0962453235 -1.0775933989
-1.1389843321 -1.0962453235 -1.1628240994
-1.1389843321 -1.0962453235 -1.1076799809
-1.1389843321 -1.0181546106 -1.0871258935
-1.1389843321 -0.8924839737 -1.0871258935
-1.1018961898 -1.0912174343 -1.0926218160
-1.1018961898 -0.7384549935 -1.0926218160
-1.1018961898 -0.5558988878 -1.0926218160
-1.1018961898 -0.7926132866 -1.0926218160
-1.1166245532 -0.9395365599 -1.1522326041
-1.1166245532 -0.6420830929 -1.0850361527
-1.0888071215 -1.0787416101 -1.0850361527
-1.0888071215 -0.9968072987 -1.0850361527
-1.1488860169 -0.9410069181 -1.0850361527
-1.0134097305 0.0063041105 0.0001431857
-0.6134032246 0.0063041105 0.0001431857
-1.0785522752 0.0063041105 0.0001431857
-0.8154255776 0.0063041105 0.0001431857
-1.1514930024 0.0063041105 -1.1452293769
-1.0529508690 0.0063041105 -0.6967054850
-1.0064533963 0.0063041105 -0.7985941810
-0.9716625529 0.0063041105 -0.9217205524
-0.9251033481 0.0063041105 -0.8885591369
-0.9251033481 0.0063041105 -0.8990371810
-0.9136542366 0.0063041105 -0.9965396334
-0.7395735303 0.0063041105 -0.0017192957
-0.5057842088 0.0063041105 -0.0017192957
-0.7178169417 0.0057119066 -0.0017192957
-1.0595519509 0.0057119066 -0.0017192957
-0.9672526818 0.0057119066 -0.0017192957
-0.7178169417 -0.0003419152 -1.0421314931
-1.0705536488 0.0001334636 -1.0421314931
-1.0278101449 0.0000126947 -1.0421314931
-0.9729507405 -0.0000256959 -0.8614468554
-1.0461408965 -0.0009012670 -1.0511984665
-1.0448315875 0.0000431455 -0.6270036909
-0.9642857531 -0.0000900469 -0.9871840656
-0.9642857531 -0.0000151257 -0.9163061855
-1.1161207704 -0.0000222224 -1.1100538875
-1.1161207704 -0.0000053540 -1.0859259359
-1.1161207704 -0.0000053540 -1.0514239018
-0.5723965514 0.0000035715 -1.1168892678
-0.6413350983 0.0000092376 -1.0887778453
-1.0120959161 -0.0000014848 -1.0156058756
-0.8518283466 -0.0000341193 -1.0196696999
-0.9389909789 -0.0000014848 -0.9818465413
-1.0424713641 -0.0000014848 -1.0404575423
-0.7388079503 -0.0000014848 -1.0404575423
-0.9718151674 -0.0000283644 -0.9688576015
-1.1325198483 0.0000005351 -1.0589945199
-0.9664646150 -0.0000095024 -0.9976027631
-0.7635417994 -0.0000248055 -1.0267329805
-1.0245521196 0.0000000458 -1.0290924672
-0.9094298796 0.0000004058 -1.0263812756
-1.0198499042 0.0000000528 -1.0212698727
-0.9756570656 -0.0000002384 -1.0197998180
