-0.7821025676 0.0227594378 -0.9485724358
-0.0028282679 -0.0028426051 -0.7032929110
-0.0028282679 -0.0028426051 -0.9910624907
-0.0028282679 -0.0028426051 -0.8284323915
-0.0028282679 -0.0028426051 -0.9068869467
-0.0028282679 -0.0028426051 -0.5744896556
-0.0028282679 -0.0028426051 -0.7151378688
-0.0028282679 -0.0028426051 -0.6727665991
-1.0841398473 -1.1090408910 -1.1610414818
-1.0841398473 -1.1090408910 -1.1080221871
-0.9672117275 -0.0070257311 -0.9338124116
-0.9332440144 -0.0070257311 -1.1044974686
-1.0022394830 -0.0070257311 -0.9987442044
-1.0073105346 -0.0070257311 0.0165776243
0.0010226877 -0.0070257311 -0.6021071991
0.0010226877 -0.0070257311 -0.7685082851
0.0010226877 -0.0070257311 -0.4878303803
0.0010226877 -0.0070257311 -0.7474744574
0.0010226877 -0.0070257311 0.0113754269
0.0010226877 -0.0070257311 -0.6868492329
0.0010226877 -0.0070257311 -0.5577184208
0.0010226877 -0.0070257311 -0.8663265107
0.0005792588 -0.0070257311 -0.8924926915
-1.1317355483 -1.1443706019 -1.1345129328
-1.1274031974 -0.0064732984 -1.1345129328
0.0014278268 -0.0064732984 -1.1345129328
-1.0648543211 -1.0116250176 -1.1265701776
-1.1066243869 -1.0081910843 -1.1339597808
-1.1066243869 -1.1296360418 -1.1339597808
-1.1140175640 -1.0314812555 -1.1339597808
-1.1140175640 -1.0533868225 -1.1619850362
-1.0482936174 -0.9249079674 -1.0775236722
-1.0482936174 -0.8725602273 -1.0775236722
-0.9978740740 0.0142665106 -0.9655711389
-0.9978740740 0.0142665106 -0.8906473072
-0.9871048964 0.0142665106 -0.9655711389
-0.9978740740 0.0142665106 -0.9900103852
-0.8802649838 0.0142665106 -0.9655711389
-0.8246010934 0.0142665106 -0.9655711389
-0.9835983582 0.0142665106 -1.0544217765
-1.0848907543 -0.7546888049 -1.0544217765
-1.0974609392 -0.0030173067 -1.0544217765
-0.6239151810 -0.0030173067 -1.0544217765
-0.4766117717 -0.0030173067 -1.1359387096
-1.0626653190 -0.0030173067 -1.0152385336
-0.9695797330 -0.0030173067 -1.0056771918
-0.5071292452 0.0007798723 -0.0020625556
-0.5071292452 0.0007798723 -1.1229219849
-1.0958961907 -0.0006337400 -1.1229219849
-1.0958961907 -0.5219594982 -1.1229219849
-1.0958961907 -0.0006337400 0.0056607478
-0.9168826806 -0.0006337400 0.0056607478
-0.7935809240 -0.0006337400 0.0056607478
-0.9610516925 -0.0006337400 0.0056607478
-0.9610516925 -0.0006337400 -0.8704728117
-0.9868305359 -0.0006337400 -0.8369030208
-1.0258688223 -0.0006337400 -0.8498243103
-0.0072229165 -0.0006337400 -0.8498243103
-1.0960790933 -0.0006337400 -1.0832773866
-0.9827149843 -0.0006337400 -1.0832773866
0.0104234778 -0.0006337400 -1.0343813866
0.0104234778 -0.0006337400 -0.8802531459
0.0104234778 -0.0006337400 -0.6591900968
-1.0770220282 -0.0006337400 -1.0250347965
-1.0770220282 -0.0006337400 -0.0109542663
-1.0603006481 -0.0006337400 -0.6892804197
-1.0799218976 -0.0006337400 -0.6892804197
-1.0603006481 -0.0006337400 0.0050176797
-0.9387987693 -0.0006337400 0.0050176797
-0.6316879117 -0.0006337400 0.0050176797
-0.9191701535 -0.0006337400 -0.9371397291
-0.9865829898 -0.0006337400 -0.9371397291
-0.8718261066 -0.0006337400 -0.9371397291
-1.0831999398 -0.0006337400 -1.0374618464
-1.0831999398 -1.0050337474 -1.0542593762
-1.0831999398 -0.9402975826 -1.0777100662
-1.0831999398 -0.6648198747 -1.0528506722
-1.0831999398 -0.7337273104 -1.0528506722
-1.0831999398 -0.9419668222 -1.0528506722
-1.0831999398 -0.7856108621 -1.0528506722
-1.0831999398 -1.0284716639 -1.0528506722
-1.0831999398 -0.7722598587 -1.0528506722
-1.0831999398 -0.8766169511 -1.0528506722
-1.0831999398 -0.9846796407 -1.0528506722
-1.0831999398 -0.6373739982 -1.0528506722
-1.0831999398 -0.8864226768 -1.0528506722
-1.0831999398 -1.0562756979 -1.0528506722
-1.0831999398 -0.8969061343 -1.0528506722
-1.0831999398 -0.9092804832 -1.0528506722
-1.0831999398 -0.9952390314 -1.0528506722
-1.0831999398 -1.0877565071 -1.0528506722
-1.0831999398 -0.7460061051 -1.0528506722
-1.0831999398 -0.7195541651 -1.0528506722
-1.0831999398 -0.6974179350 -1.0528506722
-1.0740074472 -0.8378902314 -1.0528506722
-1.0860292072 -0.8367293706 -1.0794222411
-1.0795200371 -0.8369389396 -1.0687434710
-1.0747751900 -0.8371232862 -1.0095909399
-1.0779139239 -0.8367371276 -1.0391719154
-1.0561810033 -0.8367371276 -1.0391719154
