1.9611168742 2.4331655765 35.0100858514
2.0334812123 1.7216673997 19.6639821876
2.9443863378 1.1717227430 21.7506131543
3.6163618260 1.1717221880 14.9711580937
4.0965570006 1.1717217425 19.7901053287
4.2364464965 1.1717217518 10.4306393614
5.7306909517 1.1171981402 17.3680951379
9.6068373390 1.0726417399 18.8299389441
7.7285313754 1.1171982265 7.6499037799
14.0294485944 1.1171983222 6.3759891361
4.9158633549 1.1171986736 6.2277011810
4.4279999817 1.1314272254 7.8566576738
10.3779148369 1.3164321254 2.8414344092
4.5757237062 1.8174483330 3.1915086236
2.9057486741 1.4046442758 35.8651278482
2.4263345244 1.4046443034 23.7854911547
2.4263344938 1.4094710777 12.2275312678
2.4263344980 1.4094708650 9.9343367459
2.2639430595 1.4316899835 15.9474312336
0.9658937244 22.7575095816 3.7368319260
0.9658936324 14.8747199844 7.4750733221
0.9472624016 24.9799805498 8.1692788210
0.9472624425 21.4984192964 6.2435025795
0.9472624648 17.7510159752 8.7324855788
0.9397351770 23.4481613758 9.9398511138
0.9472620328 12.0576355278 9.0342814369
1.1808685309 9.7837836725 3.3001648528
1.3348583356 12.4531352322 2.0887027389
1.2290437517 8.1891394593 4.3256415101
2.9642864430 1.2148480712 7.5194886405
1.9861968978 2.5851966395 28.8243100070
1.4714132961 2.6475658113 19.0395098609
1.3375215175 2.7366975283 16.0204581379
1.0137931898 9.9120085852 15.1272382884
1.2747849306 5.4694932738 5.0048349150
1.1995596136 4.2184215817 12.3766949816
1.2523798265 3.9281084659 8.9321505341
1.4241653165 4.5824662475 4.1922127775
1.2171328317 9.4625873513 6.1877311620
1.5740906114 17.4512893324 1.9310653835
1.1880038529 21.4688251939 2.8338918912
1.5740906553 10.8092652206 1.8449258892
20.7647889397 1.7230562977 2.7514849611
17.2103304313 2.6490348941 2.1423338580
18.7399430409 2.6490357307 2.0596552790
13.3994150129 2.8060840976 1.8574872444
6.2691614782 2.1736192940 3.0631229888
10.9067431508 2.6823642142 2.2864273483
8.7225885290 2.6915344445 2.2864272528
1.7764084761 15.8296232427 1.6195490119
10.4922984066 3.0880576036 1.6147785412
6.3006614540 3.0881770684 1.6147786887
10.7172117477 8.9296955185 1.6147778375
13.4682622983 16.8913551761 1.6147777413
13.1814302560 4.5209701566 1.6147779175
4.7648354494 9.6817729632 1.6147779688
18.8903688761 8.2407474375 1.6147778326
10.4326325222 4.5209629910 1.6147779687
6.4180912055 6.0536901148 1.6147779884
6.6535478459 4.0019345928 1.6147779814
19.7337651266 4.9467546000 1.6147778428
6.6535478385 26.5482871656 1.6147779545
1.8968896691 5.7835979414 1.6147780543
1.8968896149 19.6590714504 1.6147784038
1.8968896346 14.3139556073 1.6147780875
1.8968897516 4.6750265530 1.6147780120
15.1381567067 3.4607009925 1.6147781889
4.6363847288 3.6047448767 1.6147781481
10.4488932375 13.5241585347 1.6147779103
11.4285343933 3.4607010059 1.6147782449
5.5259759957 3.7155376347 1.6147780982
16.6593732124 3.4100156121 1.6147781626
3.0587909226 3.4607012635 1.6147781519
7.6474196805 3.4607012635 1.6147780549
12.9126860000 5.9277938911 1.6147779553
5.5163436881 3.0054281068 2.9211038236
31.4527005646 3.7620027786 1.6147780215
9.0954755393 3.5212591252 1.6147780497
1.8009889864 6.7446636837 2.5696223152
1.8153708079 8.9734370407 2.3847720566
4.2653354128 3.0861794744 2.8078501084
1.6373416861 3.1333312630 5.8325512032
1.2363979677 3.9842495766 5.5247742203
1.9391366272 3.0750757928 12.2445560579
2.0422950040 2.3719926431 11.2869293529
2.1629416911 2.2905239873 18.0043208616
2.1629413554 2.3719902947 16.3152105012
1.9558809452 2.6368956437 8.9731807695
1.9558828960 2.6368924160 14.6496334119
1.9558834569 2.6368915544 10.3609106032
2.2947271071 2.2962493947 7.2673305305
2.9392874484 2.2962493433 9.8583314791
2.2811928614 3.5442297320 2.3688163971
2.1845881507 3.5098586644 5.0630318161
2.7914133765 2.4162449820 4.9942919273
2.7914143336 3.1870058268 3.1947491580
2.7914126436 2.5231261384 6.5690324189
3.5531741097 2.4162445283 3.2288586152
3.6597368247 2.2983044209 6.5218724072
12.1086592704 2.4006209637 2.7763936061
