1.4796965565 0.2145170567
2.1153252996 0.2051746064
1.1738397213 0.2464647632
0.9758346909 0.3199871125
1.2594188829 0.2224345702
1.0101251570 0.3026648162
1.0180845330 0.2793063604
1.1722353208 0.2700525799
0.3280546298 0.8790266084
0.4060447677 0.8213335172
0.1544970687 0.9620357818
0.1136253654 1.5350683492
0.1033977416 1.5534298388
0.1196441917 1.4761960307
0.1198005099 1.4563549195
0.1268625832 1.4241295420
0.2911709537 0.9251180515
0.1369231642 1.0955561213
0.1488443999 1.0038432852
0.1453491489 1.0738199035
0.2198207902 0.9278882235
0.5057961650 0.3479135809
0.8673296389 0.3474170798
0.4888662048 0.3479136092
0.4991159247 0.3479135950
0.7369063382 0.3475719472
0.6244194067 0.3475719749
0.5324355455 0.3475719770
0.4360943309 0.4771342504
0.4360943399 0.4604020538
0.4360943427 0.3927191005
0.4360943153 0.6827470148
0.4360943867 0.3539192095
0.4360943736 0.3540090625
0.4361041273 0.3486121096
0.4361041363 0.3485694286
0.4361041093 0.3535292267
0.4361041411 0.3484409474
0.4361041695 0.3484409185
0.4361042101 0.3484408761
0.4361041608 0.3484409273
0.4361041573 0.3484409312
0.4361041822 0.3484409064
0.4361041770 0.3484409117
0.4363603940 0.3481074628
0.4363604078 0.3480869534
0.4389976229 0.3480869251
0.4389976333 0.3480869114
0.4389976260 0.3480869212
