1.7603426472 0.7721509227
1.8107144230 0.7039855881
1.7524755936 0.9758220801
1.7564854319 0.8544204673
1.7047862213 0.9852858152
2.0357243523 0.6613837292
2.1068189710 0.6346227409
6.1001004306 0.4232176548
3.3775936529 0.4328215765
3.3529720873 0.4349255118
6.9756975905 0.3987707844
2.9349317093 0.4404353121
2.7898538250 0.5251871905
4.2514605618 0.4261740311
2.4642376142 0.5275761695
2.3656710246 0.5277291820
2.1092465372 0.5496049762
2.0245387639 0.6708855098
2.1687571961 0.5495834779
1.3349597722 1.0117222471
0.9548844345 1.0117255456
0.5716614111 2.9819867445
0.5716705991 2.6037405705
0.5716714367 1.3182353751
0.5716714547 1.2986072497
0.5716714584 1.2701146621
0.5716713882 1.3197375723
0.5716713360 1.3197375864
0.5769489897 1.2188282659
0.5769487587 1.2693193287
0.5769492379 1.1740895668
0.5769492411 1.1365197823
0.6319191092 1.1194754264
0.6400862613 1.1194732163
0.6411009147 1.1194724149
0.6410996063 1.1194726906
0.6411009840 1.1194723968
0.6411010414 1.1194723848
0.6411009945 1.1194723943
0.6411014024 1.1194723035
0.6266937857 1.1194985030
0.6266937920 1.1194985010
0.5820061732 1.1200999801
0.5820067201 1.1200998733
0.5820064009 1.1200999244
0.5820024302 1.1201006984
0.7930597394 1.1189759501
0.5820073225 1.1200997529
0.5820076209 1.1200996887
0.5820077283 1.1200996717
0.5820080060 1.1200996108
