9.5573303367 0.5889868469
4.5073695757 0.6042518356
3.5297197480 0.6123583275
6.2927262140 0.5916175397
2.1298322825 0.6139852503
0.7287267383 5.2377774848
0.7248733466 5.3270151196
0.7341242887 4.8033265727
0.7435862921 3.7625455078
0.7485366957 1.8040315167
0.7484246412 2.2797742685
0.7870266019 1.4734042307
0.8138559576 1.2531196786
0.8220725182 0.9591288401
0.8165601763 0.9591288725
1.0659948240 0.9245816749
0.9934949142 0.9245816878
1.1114161821 0.8258614873
1.1121306257 0.7494824949
1.1115719880 0.7726492946
1.1115721101 0.7494826573
1.1115720130 0.7494827289
1.1128817749 0.6884159023
1.1128817722 0.6884159359
1.1128819747 0.6872838198
1.1128819609 0.6872838259
1.1270257688 0.6872837729
1.6370579111 0.6866646079
1.9267819558 0.6860097052
2.0158819390 0.6853386401
1.1290922320 0.6868136661
1.1385989940 0.6868110588
1.1307364692 0.6868110768
1.1764456597 0.6868100923
1.1764456619 0.6868100583
