0.9277506476 0.0368018737
0.7276318438 0.1469866222
0.7533553219 0.1320423605
0.8014062624 0.1047870452
0.1749549055 0.5817239101
0.8709879836 0.0667326438
0.2936942163 0.4580643977
0.2848204524 0.4663142888
0.4397078247 0.3368953244
0.6921919691 0.1680192619
0.0894286204 0.7009538280
0.7155170236 0.1541176156
0.3914809752 0.3743156052
0.6567758434 0.1895829308
0.3778469658 0.3853074314
0.5926503442 0.2301621405
0.7635262893 0.1262000925
0.6417437951 0.1989108761
0.4519145458 0.3277541106
0.0144892813 0.8796285766
0.7868651570 0.1129458038
0.6266792277 0.2083692674
0.9705786917 0.0148204815
0.3621957866 0.3981729691
0.6171234825 0.2144279316
0.5810936606 0.2377050081
0.7034968561 0.1612636826
0.0034652182 0.9411339020
0.0682723470 0.7387102302
0.3326418708 0.4232488713
0.3060982735 0.4467385181
0.9024763809 0.0500124340
0.6043013822 0.2226471386
0.0988880498 0.6855353017
0.8170391551 0.0960981859
0.1641551835 0.5948900871
0.8855711592 0.0589858098
0.4078159208 0.3613953369
0.1156372455 0.6599723777
0.4195930183 0.3522559091
0.1371358771 0.6296888942
0.1066871180 0.6733700625
0.0330608921 0.8181803336
0.2640466242 0.4861542907
0.9505449001 0.0250579070
0.9375326241 0.0317402608
0.2073397015 0.5446543081
0.3411168060 0.4159479457
0.9169825352 0.0424161048
0.0000000000 1.0000000020
0.1269525908 0.6436959307
0.4299422821 0.3443003003
0.6759708841 0.1778258192
0.8295785226 0.0891879955
0.0372150613 0.8070880554
0.1488238117 0.6142231078
0.1993447358 0.5535196146
0.7389363912 0.1403859067
0.1827039594 0.5725611644
0.2212381386 0.5296404176
0.2387575134 0.5113718064
0.0819562837 0.7137199223
0.0529756293 0.7698356487
0.7773281899 0.1183378266
0.0463024023 0.7848200716
0.0067628582 0.9177634027
0.0231350503 0.8478978967
0.9606321330 0.0198815728
0.2765880426 0.4740836177
0.0584374649 0.7582615792
0.0415950173 0.7960514362
0.4949519647 0.2964717752
0.5578536661 0.2531039802
0.8391629477 0.0839416253
0.5710363926 0.2443305015
0.5458975815 0.2611511793
0.0020734821 0.9544644978
0.6663101706 0.1837217577
0.0104723037 0.8976657271
0.1916319900 0.5622420889
0.0733480782 0.7291714982
0.3512152772 0.4073658163
0.0050649237 0.9288317247
0.0279607115 0.8327854342
0.2297353747 0.5206928193
0.4709676223 0.3137291929
0.2553990083 0.4946298317
0.1563756637 0.6045563724
0.2473766720 0.5026302476
0.5110389624 0.2851301092
0.3200579376 0.4342633686
0.0005754057 0.9760123858
0.9913784109 0.0043201272
0.4619471105 0.3203330897
0.8489256964 0.0786283624
0.5285101904 0.2730129377
0.9804733296 0.0098114686
0.8605207882 0.0723574037
0.0191854456 0.8614884658
0.0632259247 0.7485523436
