0.9811828267 0.0373292110
0.8110923095 0.3421452981
0.9442402874 0.1084295371
0.8296023237 0.3117728699
0.9266339622 0.1413548141
0.4402987958 0.8061388496
0.1277981927 0.9836707487
0.8530486148 0.2723115961
0.5160744027 0.7336683538
0.8681476938 0.2463217545
0.5968579180 0.6437615277
0.9066898870 0.1779145351
0.5802287222 0.6633351943
0.9865611030 0.0266978529
0.7707798709 0.4058987945
0.7364350431 0.4576639303
0.6100764904 0.6278069092
0.9609556233 0.0765648397
0.9746721920 0.0500147236
0.5881510204 0.6540785779
0.8434729188 0.2885537018
0.6961507657 0.5153742090
0.4509761946 0.7966205545
0.1998035216 0.9600786134
0.5075220883 0.7424214532
0.3841451834 0.8524325383
0.1674433331 0.9719627626
0.3295856868 0.8913732969
0.1794702730 0.9677904407
0.7925542969 0.3718577274
0.4834637450 0.7662628155
0.5430978594 0.7050447232
0.9538291655 0.0902099303
0.4612998260 0.7872024733
0.0000000000 1.0000000020
0.4984946707 0.7515030651
0.8369285527 0.2995506001
0.1428164980 0.9796034493
0.5593261522 0.6871542572
0.5514890196 0.6958598630
0.3950342676 0.8439479290
0.8199990452 0.3276015682
0.3558067748 0.8734015405
0.2304088234 0.9469117755
0.8867346084 0.2137017367
0.4737495393 0.7755613757
0.6443056060 0.5848702880
0.8591575339 0.2618483343
0.9362913603 0.1233584911
0.2778590191 0.9227943670
0.3747892536 0.8595330169
0.8042248257 0.3532224320
0.9201757794 0.1532765376
0.7289482924 0.4686343891
0.0173436822 0.9996991980
0.0382184154 0.9985393541
0.9009028378 0.1883740794
0.1553418244 0.9758689190
0.6529461143 0.5736613737
0.0583365571 0.9965968475
0.8951765039 0.1986590293
0.7467727549 0.4423304547
0.2454285119 0.9397648470
0.2125877698 0.9548064415
0.5327022400 0.7162283253
0.6638314119 0.5593278586
0.0891274466 0.9920562996
0.7540324443 0.4314350750
0.7080976697 0.4985976923
0.6893606347 0.5247819173
0.6186631824 0.6172558687
0.9142596459 0.1641293024
0.5243153213 0.7250934456
0.8794669513 0.2265378840
0.5686661060 0.6766188617
0.4312105386 0.8140574730
0.9928413125 0.0142661308
0.2569618822 0.9339705925
0.6268791100 0.6070225833
0.9980925479 0.0038112685
0.7775147852 0.3954707610
0.6710238551 0.5497269878
0.3653346540 0.8665305921
0.0739576600 0.9945302659
0.9672034544 0.0645174803
0.7218316028 0.4789591392
0.6341397486 0.5978667812
0.1095768697 0.9879929110
0.7857123220 0.3826561493
0.3094515246 0.9042397554
0.7151553239 0.4885528647
0.2984948975 0.9109007976
0.3196820583 0.8978033831
0.7627500660 0.4182123390
0.6824257140 0.5342951468
0.4223290596 0.8216381670
0.3403368405 0.8841708365
0.2880487712 0.9170279069
0.4133358990 0.8291534362
0.4041638972 0.8366515458
