0.8405352769 -0.7063456796
0.6420205805 -0.4174400504
0.8409636687 -0.7204514533
0.8258188113 -0.5050919502
0.4171800233 0.1421800301
0.8452816079 -0.7536635040
0.6381070421 -0.3912485743
0.8373198852 -0.6851136048
0.2037246919 0.5279444639
0.6356904964 -0.3677199257
0.6220494205 -0.1844089539
0.6203461287 -0.1569025260
0.4362637282 -0.0559008044
0.6297192504 -0.2986649529
0.4239546190 0.0596279141
0.6336820624 -0.3478693154
0.8285344674 -0.5570666658
0.1918723060 0.6117146902
0.1883982464 0.6338025000
0.6197058298 -0.1463068704
0.8420945996 -0.7336132534
0.4377753940 -0.0670858644
0.6279898138 -0.2758575282
0.2320831980 0.3223706164
0.4204314502 0.1001334759
0.4331546686 -0.0317211847
0.2236983417 0.3757124871
0.2531989411 0.2452330806
0.1981049455 0.5670428200
0.0581434916 0.7027331934
0.6464762216 -0.4463396359
0.2092091730 0.4830293875
0.8338425321 -0.6417864414
0.4153889363 0.1625013001
0.8505861485 -0.7726259250
0.2052622858 0.5132533164
0.4277528217 0.0185893966
0.8235335331 -0.4622734513
0.2473505310 0.2562412059
0.6245191463 -0.2250939349
0.4136592568 0.1847988583
0.2004288575 0.5496708613
0.2129518282 0.4543521934
0.2110557650 0.4688490336
0.4444222181 -0.1042123758
0.8326019110 -0.6237306412
0.4311182213 -0.0139868416
0.4263857993 0.0327237557
0.0001839508 0.9864956747
0.8277448509 -0.5433070481
0.4103559061 0.2282856843
0.6322988144 -0.3321411122
0.4215929474 0.0861756708
0.2365426980 0.2979625573
0.4499016331 -0.1206198615
0.4400093277 -0.0818059664
0.1956636509 0.5842680891
0.2188392478 0.4101585567
0.2393383693 0.2847676737
0.6578620082 -0.4489670851
0.0242404877 0.8276171170
0.8242676854 -0.4771523976
0.6185703857 -0.1272266853
0.2077682059 0.4940040401
0.4419301904 -0.0925644555
0.4115313371 0.2126682322
0.2272774214 0.3514965259
0.2421363678 0.2731701035
0.2164028490 0.4281726923
0.2295904909 0.3368616350
0.2216686151 0.3896789326
0.4192583481 0.1140395609
0.0478519250 0.7335163373
0.2339476666 0.3115026820
0.4296341406 -0.0001132888
0.0720260697 0.6761693865
0.0448664966 0.7439076786
0.2255442456 0.3629040872
0.0162027221 0.8648199825
0.4229301794 0.0706801965
0.0208337634 0.8429836093
0.0827801501 0.6696582592
0.0104842188 0.8942197016
0.1850599872 0.6535207085
0.1831457816 0.6645514665
0.1937843300 0.5973921878
0.0363267976 0.7763779297
0.0010822429 0.9670662998
0.0625166412 0.6922217177
0.0126029047 0.8828769758
0.0019845737 0.9553278863
0.0056565821 0.9237899360
0.0034695243 0.9407200904
0.0410372470 0.7580023891
0.0087054695 0.9043456377
0.0317195163 0.7952694100
0.0000000000 1.0000000154
0.0514835912 0.7216723734
0.0184827360 0.8539097177
0.0284701798 0.8090666093
