0.8401725766 0.0001242161
0.0482233922 0.0001241053
0.8508905516 0.0000040568
0.8691511423 0.0001068125
0.5322283660 0.0001241053
0.5312518035 0.0001241043
0.5312513267 0.0001241043
0.5312513341 0.0001241043
0.8693952839 0.0001068125
0.5177891306 0.0009776363
0.5176051953 0.0010997057
0.5176061490 0.0010997057
0.5175985196 0.0010997057
0.5175985205 0.0010997057
0.5176595557 0.0010997057
0.5186360027 0.0009776363
0.5186361219 0.0009776354
0.5186365987 0.0009776354
0.5186364795 0.0009776363
0.5186359952 0.0009776363
0.5186359934 0.0009776363
0.5186436228 0.0009776363
0.5177891297 0.0009776363
0.5182774109 0.0009776363
0.5436179848 0.0000000000
0.0493900776 0.0000010738
0.5317394738 0.0000000000
0.5317700063 0.0000000000
0.5317700138 0.0000000000
0.5395815601 0.0001220703
0.5395816197 0.0001220703
0.5395510425 0.0001220703
0.5396731128 0.0001220703
0.5397036304 0.0001220703
0.5397036230 0.0001220703
0.5397036267 0.0001220703
0.5416567517 0.0001220703
0.5416643811 0.0001220703
0.5397117329 0.0000000000
0.5397117348 0.0000000000
0.5436790199 0.0000000596
0.5436485024 0.0000000596
0.5358360024 0.0019531846
0.5358379097 0.0019531846
0.5361975548 0.0000076909
0.5361952898 0.0000076909
0.5322893975 0.0000076909
0.5322891590 0.0000076909
0.5322890398 0.0000076909
0.5361943362 0.0000076909
0.5361943380 0.0000076909
0.5362019674 0.0000076909
0.8694258014 0.0001068125
0.0039119851 0.0000076909
0.0039196145 0.0000076909
0.0039196126 0.0000076909
0.0049003474 0.0000076909
0.0361503475 0.0000076909
0.5361503479 0.0000076909
0.5366386292 0.0000076909
0.5366385100 0.0000076909
0.5366385398 0.0000076946
0.5366385416 0.0000076946
0.0366385412 0.0000076909
0.0522635412 0.0000076909
0.0444510412 0.0000076909
0.0445120763 0.0000076909
0.8691816608 0.0001068125
0.8387475748 0.0000000009
0.8426615734 0.0000000009
0.8387476940 0.0000000009
0.8497717947 0.0000191331
0.8691854755 0.0001068125
0.8613729755 0.0001068125
0.3740974659 0.0000081062
0.3498380085 0.0000095367
0.3744026379 0.0000100136
0.3720814580 0.0000101328
0.3674427787 0.0000101328
0.3675038138 0.0000101328
0.3714100638 0.0000101328
0.3714100489 0.0000101328
0.3675037933 0.0000101328
0.3675039125 0.0000020415
0.3675040466 0.0000020415
0.3694571716 0.0000020415
0.3704337341 0.0000020415
0.8525629666 0.0000152588
0.3691511418 0.0000915537
0.8565760356 0.0000000000
0.8709741355 0.0000000009
0.3610533917 0.0000010133
0.3289066323 0.0000153109
0.3628328297 0.0000019073
0.3630383465 0.0000000000
0.3601181538 0.0000009835
0.3578436937 0.0000191331
0.3347812792 0.0000153035
0.3610529149 0.0000009537
0.3610491002 0.0000009537
