0.8759779957 0.0000004768
0.8750004926 0.0000007153
0.1942452390 0.0002479553
0.3759813536 0.0000007153
0.5336316605 0.0000021476
0.3762216646 0.0000157356
0.5171607644 0.0001230240
0.5419856362 0.0000097901
0.5419551204 0.0000097752
0.8762216651 0.0000157356
0.1870259216 0.0000076294
0.1846125239 0.0000041202
0.0391942012 0.0000002701
0.0431004512 0.0000002701
0.0431006896 0.0000002701
0.0507891775 0.0000000019
0.0507892147 0.0000000000
0.0351642147 0.0000000000
0.0361407772 0.0000000000
0.0361426864 0.0000000000
0.0361428056 0.0000000000
0.0327248369 0.0000000000
0.0317463670 0.0000000000
0.0317473207 0.0000000000
0.0356534515 0.0000000000
0.0044034524 0.0000000000
0.0044034226 0.0000000000
0.0044186814 0.0000004768
0.0039304001 0.0000004768
0.0039151413 0.0000004768
0.0039156172 0.0000004768
0.0039155576 0.0000004768
0.0195405577 0.0000004768
0.0196015928 0.0000004768
0.0195406173 0.0000004768
0.0195406322 0.0000004768
0.0200289134 0.0000157356
0.0161226634 0.0000171661
0.0161217097 0.0000171661
0.0161217395 0.0000171661
0.0161217246 0.0000171661
0.0161217228 0.0000171661
0.0000007534 0.0000000298
0.1832341572 0.0000095367
0.0000007553 0.0000000298
0.0000008745 0.0000000298
0.0312508745 0.0000000298
0.0312508783 0.0000000298
0.0313748559 0.0000000298
0.0001248559 0.0000000298
0.0011014184 0.0000000298
0.0009793481 0.0000000298
0.0322293481 0.0000000298
0.0322293407 0.0000000298
0.0479153758 0.0000000298
0.5429636310 0.0000248104
0.5419822992 0.0000099093
0.1870791076 0.0000076294
0.1870180724 0.0000076294
0.1870257018 0.0000076294
0.1872700622 0.0000076294
0.1872848442 0.0000076294
0.1872857978 0.0000000000
0.1828903260 0.0000000000
0.5171607495 0.0001230240
0.5249733688 0.0001230240
0.5249733390 0.0001230240
0.5249733539 0.0001230240
0.5252482505 0.0001325607
0.0419822988 0.0000097901
0.5253703208 0.0000104904
0.5253702426 0.0000247955
0.0419899282 0.0000097901
0.5175578022 0.0000257492
0.5429674448 0.0000248104
0.5419889749 0.0000099093
0.0419861135 0.0000097901
0.5341688455 0.0000099093
0.5419813455 0.0000099093
0.1809982361 0.0000000000
0.8762216669 0.0000157356
0.8762221438 0.0000157356
0.8762221587 0.0000157356
0.2078706736 0.0000000000
0.8750043073 0.0000007153
0.8750043669 0.0000007153
0.8750053205 0.0000007153
0.8750055589 0.0000007153
0.8759820618 0.0000007153
0.8759818234 0.0000007153
0.8759813466 0.0000007153
0.8759813540 0.0000007153
0.3759813387 0.0000007153
0.3759813685 0.0000004768
0.3762255091 0.0000004768
0.3762216944 0.0000004768
0.3762560267 0.0000004768
0.3762559969 0.0000004768
0.3762254793 0.0000004768
0.8750014332 0.0000004768
