0.3996274857 0.0000104951
0.3996274848 0.0000107335
0.3996274875 0.0000104951
0.0529999501 0.0001525916
0.3996255476 0.0000107484
0.0461352077 0.0078132488
0.0466278140 0.0237121582
0.3996274550 0.0000107335
0.0461395365 0.0237121582
0.6389009558 0.0019531259
0.0468719546 0.0237121582
0.1718719547 0.0237121582
0.1389008957 0.0019531259
0.0160231246 0.0058644572
0.0160268797 0.0058644572
0.0160879148 0.0214894572
0.2787039553 0.0000009546
0.1398775327 0.0019532740
0.1310884702 0.0019532740
0.6310884707 0.0019533336
0.1554129321 0.0019540796
0.1544954974 0.0019540796
0.0619218583 0.0058746655
0.1554720599 0.0019540796
0.2708990846 0.0312509546
0.4521811022 0.0001678504
0.0789158783 0.0019569444
0.2168734271 0.0019540796
0.3343699121 0.0019579055
0.2169039447 0.0019540796
0.2338225946 0.0000071563
0.0461275783 0.0078132488
0.3746840352 0.0156338215
0.3745619649 0.0156338215
0.3667494649 0.0156261921
0.2319109805 0.0000842363
0.2319128879 0.0000841776
0.2319052585 0.0000841776
0.2319052659 0.0000841776
0.2319053851 0.0000841776
0.1711352078 0.0117192865
0.3572707785 0.0078153871
0.3533645285 0.0078153871
0.3638637079 0.0014803428
0.3533640516 0.0156278871
0.3455515516 0.0156278871
0.3443308522 0.0156281255
0.1536947630 0.0000841776
0.3344004297 0.0019579055
0.1309047622 0.0000178814
0.1313608867 0.0019795895
0.3653875267 0.0009918381
0.3350433375 0.0371705033
0.4698378299 0.0156261921
0.4698378374 0.0000011921
0.1319708919 0.0000012107
0.4699599077 0.0000011921
0.1320014094 0.0000622459
0.4277656799 0.0009919591
0.5450306298 0.0078128036
0.3638646615 0.0014803428
0.2708938599 0.0312510142
0.4699560930 0.0000011921
0.6481014915 0.0001261579
0.4699408267 0.0000011921
0.4698797916 0.0000011921
0.4280145219 0.0088044591
0.4280107072 0.0009919591
0.3442812677 0.0005591288
0.4280097610 0.0009919591
0.4615720850 0.0011007786
0.5418082285 0.0039865989
0.1313930732 0.0000264645
0.1313933117 0.0000264645
0.1313914043 0.0019795895
0.0460741725 0.0078132488
0.0460741688 0.0078132488
0.7388027643 0.0000004470
0.7407558297 0.0000004470
0.7090185021 0.0001225173
0.7090185058 0.0001225173
0.9835071936 0.0078432616
0.0954039126 0.0001525898
0.0954039107 0.0001525898
0.0954039256 0.0001525879
0.0530075795 0.0001525916
0.0530085331 0.0001525916
0.2580868781 0.0078167971
0.2590634406 0.0078163203
0.8462842459 0.0000021607
0.2348390745 0.0034180302
0.2506997681 0.0019836472
0.3109454068 0.0044098366
0.2499099004 0.0019703088
0.2499251592 0.0019703088
0.1249251590 0.0020923791
0.5043458003 0.0000012526
0.2787044321 0.0000009546
0.2806575571 0.0000009546
0.4056575572 0.0000009546
