0.0485297544 0.0019569471
0.0517845341 0.0000175834
0.0534267901 0.0000038147
0.0487796171 0.0019569471
0.0499499031 0.0001259465
0.0499500223 0.0001259465
0.8851774408 0.0010085264
0.0499500232 0.0001259465
0.2307435286 0.0019570030
0.3222090670 0.0001384038
0.2312318098 0.0019570030
0.2312318396 0.0019570030
0.8999570849 0.0000161277
0.2312327933 0.0019570030
0.2312404227 0.0019570030
0.2518965669 0.0001376886
0.4335283725 0.0002747951
0.4315752475 0.0002747932
0.4314531772 0.0007630745
0.4314512698 0.0007630745
0.7168171468 0.0079718828
0.7173054281 0.0079871416
0.7173054877 0.0079871416
0.7173054858 0.0079871416
0.7173054821 0.0079871714
0.7173054840 0.0079871714
0.9203638424 0.0004475415
0.9723032927 0.0000119936
0.9801157927 0.0000119936
0.8141524268 0.0001376886
0.0180426864 0.0019570682
0.8195095387 0.0000462579
0.8939803316 0.0010085301
0.8939812853 0.0010085301
0.8861687853 0.0010085301
0.2572483823 0.0000002962
0.9202417721 0.0003865073
0.8842156603 0.0010085301
0.3500501358 0.0000268677
0.3401062250 0.0000305353
0.0538866707 0.0001259465
0.8832390978 0.0010085301
0.8832395746 0.0010085264
0.6903782065 0.0020181034
0.5132630156 0.0000152662
0.5132668303 0.0000000075
0.8851926996 0.0010085264
0.8263408978 0.0019610096
0.5132973478 0.0000004843
0.9436218505 0.0000307728
0.6809464495 0.0039367676
0.6809469263 0.0039367713
0.6809516947 0.0039367713
0.2190858137 0.0019570030
0.9467346211 0.0002441639
0.9202416529 0.0003865063
0.9202569117 0.0003874302
0.9202570309 0.0003817081
0.9515069043 0.0002593994
0.3836664785 0.0000234097
0.9464907338 0.0002441639
0.9467346509 0.0002441639
0.0499804207 0.0001259465
0.1272795220 0.0161515623
0.8285820101 0.0002517849
0.8285818909 0.0002517849
0.8285799835 0.0002517849
0.1311857720 0.0161515623
0.1748658579 0.0040322114
0.9506409009 0.0002441565
0.4812404229 0.0019570030
0.9456714643 0.0000157729
0.9310716194 0.0009775236
0.9310411019 0.0009775236
0.9315293831 0.0009775236
0.9495777143 0.0000005141
0.5445463942 0.0000004843
0.9515308393 0.0000005141
0.9476245893 0.0000005141
0.9476255429 0.0000005141
0.6529572109 0.0005045012
0.6373322109 0.0005045012
0.6373627285 0.0005045012
0.9476255439 0.0000005141
0.6201540638 0.0040359516
0.8158550289 0.0000309991
0.9514916455 0.0002593994
0.4464904950 0.0002441639
0.0533714807 0.0000343323
0.0533715403 0.0000343323
0.0533639109 0.0000343323
0.0534249461 0.0000343323
0.0534268497 0.0000038147
0.0485373838 0.0019569471
0.0485354765 0.0019569471
0.0175296171 0.0019569471
0.0170413358 0.0019569471
0.0170432432 0.0019570664
0.0189963682 0.0019570664
0.8390486909 0.0010085152
