0.0489692688 0.1018066407
0.3087216274 0.0007520951
0.5675905566 0.0010099448
0.2710995136 0.0156284934
0.7547420922 0.0156275397
0.0489695073 0.1018066407
0.4257034421 0.0312658996
0.0403366983 0.0014724741
0.7542538110 0.0157491332
0.0370314382 0.0040214378
0.0370314401 0.0040214378
0.0370466989 0.0040214378
0.0370466914 0.0039604027
0.1661740049 0.0002485812
0.0385570163 0.0010089986
0.3850025268 0.0003110524
0.8898880993 0.0009771595
0.0450619422 0.0000214912
0.0450619273 0.0000214912
0.1510509282 0.0000015590
0.2710937916 0.0156284617
0.8901322399 0.0009771595
0.1671507984 0.0314985812
0.0625588531 0.0010070819
0.1013125415 0.0010089912
0.1013125713 0.0010089912
0.4842651985 0.0000305213
0.0453060829 0.0000214912
0.8901312862 0.0009771595
0.1510509319 0.0000015590
0.1589130463 0.0354653690
0.4432454439 0.0313434638
0.4604783733 0.0039105732
0.3630442809 0.0039749313
0.3669505309 0.0039749313
0.9997790977 0.0000102520
0.9997800514 0.0000102520
0.1003360107 0.0010089912
0.8901312825 0.0009771595
0.1013125732 0.0010089912
0.1749008532 0.0000077793
0.1276630462 0.0354653690
0.0755857453 0.0009843111
0.0755858050 0.0009843111
0.0755855665 0.0009843111
0.0755855963 0.0009843111
0.1798458949 0.0007368363
0.1612001342 0.0006181309
0.2202912748 0.0238744030
0.1583942474 0.0354653672
0.4264152436 0.0000007227
0.4262931733 0.0000007227
0.4262931882 0.0000007227
0.8862097737 0.0009781132
0.8901160237 0.0009781132
0.0822748943 0.0009804983
0.3326342565 0.0078132227
0.3245910446 0.0000082552
0.0450924449 0.0000214912
0.3399582369 0.0078132227
0.0450618975 0.0000214912
0.0431087725 0.0000200607
0.3408966543 0.0004890040
0.3281722435 0.0006105928
0.4276386997 0.0001615379
0.4286190806 0.0001765583
0.3596963383 0.0238287524
0.2316716790 0.0020155916
0.1294984353 0.0157491286
0.6534604455 0.0000191666
0.2426308452 0.0238285149
0.2555372997 0.0039146263
0.1798867045 0.0160160149
0.3258497997 0.0039143879
0.3258497848 0.0039067585
0.3336622848 0.0039067585
0.3356154099 0.0039067585
0.3356154108 0.0039067585
0.7099664320 0.0004882813
0.0832514568 0.0000039358
0.7099664916 0.0004882813
0.7099741210 0.0004882813
0.7138803710 0.0004901886
0.7139108886 0.0004901886
0.7139109035 0.0004901886
0.7119577785 0.0004901886
0.7119568248 0.0004901923
0.7119568099 0.0004902221
0.7119569291 0.0004902370
0.7120103349 0.0005665310
0.0450466834 0.0000214912
0.4286189614 0.0004206989
0.1749008551 0.0000077793
0.8645388753 0.0010528732
0.4703134787 0.0049591232
0.4880813877 0.0000200421
0.1583866180 0.0354653672
0.1258478129 0.0001279432
0.1265801751 0.0000058729
0.1661740198 0.0002485812
