0.5473464258 0.0066535845 0.3984324861 0.3000893018 0.4001625482 0.7031884796 0.4979216983 0.4997470411 0.5937192744 0.2967657580 0.3002149568 0.2965571119
0.9907199666 0.4692703807 0.3125077638 0.8011512885 0.3965547722 0.7081034209 0.4997710451 0.4959521857 0.7033937207 0.4959091241 0.3005415781 0.2963522349
0.0234824680 0.1393992194 0.3984353825 0.2999339684 0.4009022707 0.7031653297 0.4977091807 0.4998515681 0.5937488187 0.2967784761 0.2999798956 0.2968095907
0.1876955127 0.7458980510 0.3984201219 0.3001160680 0.4008954404 0.7031669633 0.4979945668 0.4999143756 0.5935048196 0.2968099446 0.2999641302 0.2968556632
0.7213341135 0.9992453717 0.3125607561 0.2982352826 0.4011107370 0.2043837525 0.4991262113 0.9984468995 0.6912489093 0.1872994743 0.2978670088 0.8985715265
0.9655910646 0.9836471993 0.8164228302 0.3040424383 0.3983302837 0.7044099175 0.4881586614 0.4998547765 0.7031340494 0.4992608777 0.3004524645 0.3107836762
0.9791275998 0.9601676128 0.3203732654 0.7982343294 0.3966398932 0.7036513311 0.4974097838 0.9983390300 0.7068662874 0.1873757664 0.2978784566 0.9015007093
0.5003076862 0.9862056225 0.3977441419 0.3001866409 0.3984063234 0.7031638890 0.4998524156 0.4999539391 0.5895307824 0.2968597182 0.2995830069 0.2966608566
0.0629397724 0.7137325245 0.3984201219 0.3006043493 0.4008954460 0.7031669633 0.4979945677 0.4997923044 0.5935048196 0.2958324284 0.2999641302 0.2968556632
0.0808360019 0.9939160636 0.3144915330 0.3001945348 0.3983452734 0.7036140242 0.4996086848 0.4989773748 0.5884083152 0.2963251493 0.2997051815 0.7966613339
0.4533205130 0.7451656291 0.3984201219 0.3001160680 0.4008954404 0.7031669633 0.4979945668 0.4999148524 0.5935048196 0.2968099446 0.3004218939 0.2968556707
0.9711908623 0.4770866972 0.3125077601 0.3011665468 0.4003999870 0.7081034190 0.4995268895 0.4959216681 0.7033938400 0.4959091241 0.3005415781 0.2963555728
0.1430765410 0.0396470866 0.3979919035 0.8001918875 0.4046891149 0.7070715471 0.4998261859 0.4960915693 0.5934979502 0.7963251805 0.2975060682 0.2968396706
0.9655910646 0.9524048287 0.8164228302 0.3040424383 0.3983302837 0.7044103944 0.4881586614 0.4998547765 0.7031338110 0.4992608777 0.3004505572 0.3107836762
0.0219827946 0.7470538018 0.3979919631 0.8001918856 0.4052422619 0.7070715620 0.4998223749 0.4999978230 0.5934979502 0.7968749737 0.2994590740 0.2962140602
0.9538087947 0.6748532408 0.3984201070 0.3001160680 0.4008954441 0.7031670266 0.4999476918 0.4999758876 0.5935048196 0.2968099521 0.3004219255 0.2968709295
0.7055774952 0.0396470791 0.3979918960 0.3001923638 0.4046891149 0.7031652981 0.4998280932 0.4960915693 0.5935055796 0.2968134603 0.2975073795 0.2968396109
0.9907199666 0.4067703955 0.3125077638 0.3011512880 0.3970431726 0.7081034209 0.4997710451 0.4959370461 0.7033937245 0.4959072168 0.3005739882 0.2963522349
0.9907199666 0.1606766453 0.3125077638 0.3011512880 0.3970431726 0.7081034209 0.4997710451 0.4959370461 0.7033937170 0.4959072168 0.3005730345 0.2963522349
0.6253076863 0.9862056225 0.3982324082 0.3001866409 0.3984063234 0.7031638890 0.4998524156 0.4999539391 0.5895307824 0.2968749733 0.2995810996 0.2967218918
0.2055774948 0.0396470866 0.3979919035 0.8001923643 0.4046891149 0.7070715481 0.4998280932 0.4960915693 0.5935055796 0.2963251791 0.2975054721 0.2968396706
0.4533205130 0.6831539103 0.3984201219 0.3001160680 0.4008954404 0.7031670266 0.4979945668 0.4999148524 0.5935048196 0.2968099446 0.3004218939 0.2968556707
0.6253153157 0.9862056225 0.3982324082 0.3001866409 0.3984063234 0.7031638890 0.4998524156 0.4999539391 0.5895307824 0.2968749733 0.2995810996 0.2967218918
0.6414285969 0.9969478101 0.3979882676 0.3001866409 0.3984063243 0.7031657963 0.4998218981 0.4999520318 0.5895919368 0.2968749733 0.2997031550 0.2967218918
0.6409403157 0.9935298413 0.3979882676 0.3001866409 0.3984063243 0.7031657963 0.4998524156 0.4999520318 0.5895919368 0.2968749733 0.2997031550 0.2967218918
0.6433817219 0.9969325513 0.3979882676 0.3001866409 0.3984063243 0.7031657963 0.4998218981 0.4999520318 0.5895919368 0.2968749733 0.2997031550 0.2967209381
0.5183817218 0.9969325513 0.3979882676 0.8001866413 0.3984063243 0.7031657889 0.4998218981 0.4999520318 0.5895919368 0.2968749733 0.2997031550 0.2967209381
0.5183817218 0.9969326705 0.3979882676 0.8001866413 0.3984063243 0.7031657889 0.4998218981 0.4999520318 0.5895919368 0.2968749733 0.2997031550 0.2967209381
0.5222879718 0.9969326705 0.3979882676 0.8001866413 0.3984063243 0.7031657889 0.4998218981 0.4999672906 0.5895919368 0.2968749733 0.2997032146 0.2967209381
0.7722879721 0.9969326854 0.3979881484 0.8001885487 0.3984063243 0.7031657889 0.4998218981 0.4999672906 0.5895919368 0.2968749733 0.2997032146 0.2967209381
0.2722879716 0.9969326854 0.3979881484 0.8001887871 0.4062188244 0.7031655504 0.4998218981 0.4999672906 0.5895919368 0.2968749733 0.2994590740 0.2967214149
0.2720438310 0.9970547557 0.3979881484 0.8001926018 0.4062188840 0.7031655504 0.4998218981 0.4999520318 0.5895919368 0.2968749733 0.2994590740 0.2967214149
0.7058216359 0.0396470791 0.3979918960 0.3001923638 0.4046891149 0.7031652981 0.4998280932 0.4960915693 0.5935055796 0.2968134603 0.2975150089 0.2968396109
0.9538087947 0.7373532371 0.3984196302 0.3001160680 0.4008954441 0.7031670266 0.4999476918 0.4999758876 0.5935048196 0.2968099521 0.3004219255 0.2968709295
0.9536848170 0.8628162498 0.3983888742 0.3001160792 0.4011242663 0.7031689330 0.4999482264 0.4960772633 0.5937499288 0.2968100117 0.3004221640 0.2968709332
0.7036867241 0.6128167264 0.3982658502 0.3001313380 0.4011395512 0.7031689405 0.4999482264 0.4960772633 0.5937497500 0.2968100107 0.3004224061 0.2968708736
0.7036848168 0.8628167267 0.3983888742 0.3001160792 0.4011242962 0.7031689330 0.4999482264 0.4960772633 0.5937499288 0.2968100117 0.3004221640 0.2968709332
0.7036886315 0.8667229767 0.3982658502 0.3001313380 0.4011395512 0.7031689405 0.4999482264 0.4960772633 0.5937499884 0.2968100107 0.3004226445 0.2968708736
0.7036848168 0.8628162498 0.3983888742 0.3001160792 0.4011242663 0.7031689330 0.4999482264 0.4960772633 0.5937499288 0.2968100117 0.3004221640 0.2968709332
0.9538087947 0.6753414103 0.3984201070 0.3001160680 0.4008954441 0.7031670266 0.4999476918 0.4999720729 0.5935048196 0.2968099446 0.3004218957 0.2968709295
0.9538087947 0.6831539103 0.3984201219 0.3001160680 0.4008954441 0.7031670266 0.4999476918 0.4999110377 0.5935048196 0.2968099446 0.3004218957 0.2968709295
0.9533205134 0.6831539103 0.3984201219 0.3001160680 0.4008954404 0.7031670266 0.4999476918 0.4999148524 0.5935048196 0.2968099446 0.3004218957 0.2968709295
0.4376955130 0.7451656291 0.3984201219 0.3001160680 0.4008954404 0.7031669633 0.4979945668 0.4999148524 0.5935048196 0.2968099446 0.3004218939 0.2968556707
0.4376955130 0.7456539103 0.3984201219 0.3001160680 0.4008954404 0.7031669633 0.4979945668 0.4999148524 0.5935048196 0.2968099446 0.3004218939 0.2968556707
0.1876955127 0.7449214884 0.3984201219 0.3001160680 0.4008954441 0.7031669633 0.4979945668 0.4999143756 0.5935048196 0.2968099446 0.2999641302 0.2968556632
0.1876955127 0.7449825236 0.3984201219 0.3001160680 0.4008954441 0.7031669633 0.4979945668 0.4997923044 0.5935048196 0.2968089909 0.2999641302 0.2968556632
0.1879396533 0.7449825227 0.3984201219 0.3001160680 0.4008954460 0.7031669633 0.4979945677 0.4997923044 0.5935048196 0.2968089909 0.2999641302 0.2968556632
0.1879396533 0.7137325245 0.3984201219 0.3006043493 0.4008954460 0.7031669633 0.4979945677 0.4997923044 0.5935048196 0.2968089909 0.2999641302 0.2968556632
0.0629397724 0.7137325226 0.3984201219 0.3006043493 0.4008954460 0.7031669633 0.4979945677 0.4997923044 0.5935048196 0.2958324284 0.2999641302 0.2968556632
0.0629397724 0.7176387726 0.3984201219 0.3001122682 0.4008944923 0.7031669633 0.4977504271 0.4997923342 0.5935048196 0.2958324284 0.2999641302 0.2968551883
0.0648928974 0.7176385342 0.3984201219 0.3001122682 0.4008944923 0.7031669633 0.4977504271 0.4997925726 0.5935048196 0.2958324284 0.2999641600 0.2968554267
0.0648318623 0.7176385342 0.3984201219 0.3001122682 0.4008944923 0.7031669633 0.4977504271 0.4997925726 0.5935048196 0.2958324284 0.2999641600 0.2968554267
0.0648318623 0.7176385305 0.3984201219 0.3001122682 0.4008944923 0.7031669633 0.4977504271 0.4997925726 0.5935048196 0.2958324284 0.2999641600 0.2968554267
0.0863486753 0.1396357158 0.3984353825 0.3000521923 0.4008944923 0.7031653297 0.4977053660 0.4998515681 0.5937488187 0.2965343318 0.2999870482 0.2968553671
0.2734786498 0.1396433601 0.3984353825 0.3000560070 0.4009022409 0.7031653297 0.4977091807 0.4998515681 0.5937488187 0.2967784761 0.2999798956 0.2968095907
0.2734824645 0.1396433601 0.3984353825 0.3000560387 0.4009022409 0.7031653297 0.4977091807 0.4998515681 0.5937488187 0.2967784761 0.2999798956 0.2968095907
0.2734824682 0.1393992194 0.3984353825 0.2998118981 0.4009022409 0.7031653297 0.4977091807 0.4998515681 0.5937488187 0.2967784761 0.2999798956 0.2968095907
0.0234824680 0.1393991002 0.3984353825 0.2999339684 0.4009022707 0.7031653297 0.4977091807 0.4998515681 0.5937488187 0.2967784761 0.2999798956 0.2968095907
0.0254355930 0.1393991002 0.3984353825 0.2999339684 0.4009022707 0.7031653297 0.4977089423 0.4998515681 0.5937488187 0.2967784761 0.2999798956 0.2968095907
0.0176211856 0.1389108190 0.3984372899 0.2999336108 0.4009022698 0.7032931221 0.4977394897 0.4999583722 0.5898425836 0.2967785954 0.2999760809 0.2968095870
0.0176364444 0.6389108204 0.3984372899 0.2999336089 0.4009022698 0.7032928837 0.4977394897 0.4999583871 0.5898425836 0.2967785954 0.2999760809 0.2967943878
0.0488864370 0.6389108204 0.3984372899 0.2999641274 0.4009022698 0.7032623651 0.4977394897 0.4998363168 0.5898425836 0.2967785954 0.2999760251 0.2967943915
0.0499545616 0.6398873531 0.3984372824 0.3002072995 0.4011468872 0.7032623651 0.4980446654 0.4998372686 0.5898387615 0.2967824100 0.3004614155 0.2967948758
0.0499545616 0.6945748531 0.3984372824 0.3002072957 0.3991937604 0.7032623651 0.4980446654 0.4998372686 0.5898382846 0.2967824100 0.3004614155 0.2968559110
0.0499545616 0.6945729458 0.3984372824 0.3002072957 0.3991937604 0.7032623651 0.4980446654 0.4998373878 0.5898382846 0.2967824100 0.3004614155 0.2968559110
0.0489779991 0.9445724692 0.3984372824 0.3002072957 0.3991937604 0.7032633188 0.4980446654 0.4998373878 0.5898382883 0.2967824100 0.3004614155 0.2968559110
0.0489779991 0.8820724691 0.3984372824 0.3002683309 0.3991937604 0.7032633188 0.4980446654 0.4998373878 0.5898382874 0.2967824100 0.3004614155 0.2968559110
0.0489779991 0.8820657934 0.3984372824 0.3002683309 0.3991937604 0.7032633188 0.4980446654 0.4998373878 0.5898382874 0.2967824100 0.3004614155 0.2968559110
0.0489779991 0.8820352758 0.3984372824 0.3002683309 0.3991937604 0.7032632890 0.4980446654 0.4999594581 0.5898382874 0.2967824100 0.3004614155 0.2968559110
0.0489779991 0.8800821508 0.3984372824 0.3002683309 0.3992242202 0.7032632890 0.4980446654 0.4999594581 0.5898382874 0.2968434452 0.3004614155 0.2968549573
0.1114779991 0.8800821508 0.3984372824 0.3002683309 0.3992261276 0.7032632890 0.4980446654 0.4999594581 0.5898382874 0.2968434452 0.3004614155 0.2968549554
0.1114703697 0.8800821508 0.3984372824 0.3002683346 0.3992261276 0.7032632890 0.4980446654 0.4999613664 0.5898383172 0.2968434452 0.3004651110 0.2968549554
0.1114703697 0.8878793920 0.3984372824 0.3002683346 0.3992261276 0.7032632890 0.4980446654 0.4999766252 0.5896857293 0.2968434452 0.3004651110 0.2968549554
0.1114703697 0.8883753027 0.3984372824 0.3002683346 0.3992261276 0.7032632890 0.4980446654 0.4999766252 0.5896857293 0.2967824100 0.3004651110 0.2968549554
0.1192828697 0.8883753027 0.3984373122 0.3002683346 0.3992261276 0.7032632890 0.4980446654 0.4999766252 0.5896780981 0.2967213749 0.3004651110 0.2968549554
0.1192828697 0.8883905615 0.3984373122 0.3002683346 0.3992261276 0.7032632890 0.4980446654 0.4999766252 0.5896780981 0.2967213749 0.3004651119 0.2968549554
0.2442666574 0.8883905913 0.3984371930 0.3001310055 0.3992194518 0.7033281389 0.4980449039 0.4999766252 0.5935843145 0.2967213749 0.3004651119 0.2968702142
0.2481729074 0.8883905913 0.3984371930 0.3001310055 0.3992194518 0.7033243242 0.4980446654 0.4999766252 0.5935843145 0.2967213749 0.3004651119 0.2968702142
0.4981729076 0.8883905913 0.3984371930 0.3001310055 0.3992194518 0.7033243242 0.4980446654 0.4999766252 0.5935843145 0.2967211365 0.3004651119 0.2968702142
0.4981729076 0.8883829619 0.3984371781 0.3001310055 0.3992194518 0.7033243242 0.4980446654 0.4999766252 0.5935843145 0.2967211365 0.3004651119 0.2968702142
0.4981729076 0.8805742766 0.3984371781 0.3002530758 0.3992194518 0.7033243242 0.4980445462 0.4999766252 0.5935843145 0.2967211365 0.3004651119 0.2968702142
0.4981729076 0.8961992766 0.3984371781 0.3002530758 0.3992804870 0.7033243242 0.4980445462 0.4999766252 0.5935843145 0.2967211365 0.3004651119 0.2968702142
0.2481760068 0.8962011839 0.3984352708 0.3002380704 0.3994025573 0.7033243242 0.4980445462 0.4999766252 0.5935843145 0.2964769958 0.3004652311 0.2968702142
0.2481762303 0.8952246214 0.3984352708 0.3002386068 0.3994025573 0.7033243242 0.4980407315 0.4999766252 0.5935843145 0.2964769958 0.3004652311 0.2968702142
0.2325579061 0.8952246214 0.3984352708 0.3002386068 0.3994025573 0.7033243242 0.4980426389 0.4999766252 0.5935843145 0.2964769958 0.3004652311 0.2968702142
0.2325579061 0.8947363402 0.3984371781 0.3002386068 0.3994025573 0.7033243242 0.4980426389 0.4999918840 0.5936148321 0.2964769958 0.3004652311 0.2968702142
0.2325579061 0.7697363401 0.3984371781 0.3002366995 0.3994025573 0.7033243242 0.4979205686 0.4999918840 0.5936148321 0.2964769958 0.3004652311 0.2968702142
0.2325579359 0.8322363401 0.3984371781 0.3002366995 0.3994025573 0.7033243242 0.4979205686 0.4999918840 0.5936224615 0.2964769958 0.3004652311 0.2968702142
0.2325539870 0.3322334749 0.3984374166 0.3000040011 0.4003790975 0.7033243400 0.4979205686 0.4997477136 0.5936236536 0.2964769660 0.3004652311 0.2968699460
0.2325463577 0.3400459749 0.3984374166 0.3000040011 0.4003790975 0.7033243400 0.4979205686 0.4997477136 0.5936236536 0.2964769809 0.3004729201 0.2968699460
0.2330346389 0.3400459740 0.3984364629 0.3000040011 0.4003790975 0.7033243400 0.4979205686 0.4997477136 0.5936236536 0.2964769809 0.3004729201 0.2968708997
0.4830346317 0.3400459740 0.3984364629 0.3000040011 0.4003790975 0.7033243391 0.4979196149 0.4997477136 0.5936236536 0.2964769809 0.3004729192 0.2968708997
0.4832787723 0.3400459740 0.3984364629 0.3000039713 0.4003790975 0.7033243391 0.4979196149 0.4997477136 0.5936236536 0.2964769809 0.3004729192 0.2968708997
0.4832787723 0.3400478813 0.3984364629 0.3000039713 0.4003790937 0.7033243391 0.4979196000 0.4997477136 0.5936236536 0.2964769809 0.3004729192 0.2968708997
0.4520287723 0.3400478813 0.3984364629 0.3000039713 0.4003790937 0.7033243391 0.4979196000 0.4997477136 0.5936236536 0.2964769809 0.3004729192 0.2968707805
0.5473464220 0.0066535845 0.3984324861 0.3000893018 0.4001625482 0.7031884796 0.4979216983 0.4997470411 0.5937192744 0.2967657580 0.3002149568 0.2965571119
0.5473464220 0.0222785846 0.3984248567 0.3000893018 0.4001625482 0.7031884796 0.4979216983 0.4997470411 0.5937192744 0.2967657580 0.3002149568 0.2965571119
0.5556472033 0.0222785846 0.3984248567 0.3000893018 0.4001930658 0.7031884796 0.4979216983 0.4997470402 0.5937192762 0.2968267932 0.3002149568 0.2965571119
0.0556472028 0.0222785846 0.3984248567 0.3000891826 0.4001930658 0.7031884796 0.4979216983 0.4841220402 0.5937192762 0.2965824141 0.2999708162 0.2965647413
0.0555861677 0.0222785846 0.3984248567 0.3000891901 0.4001930658 0.7031884796 0.4979216983 0.4841220402 0.5937192837 0.2965824141 0.2999708162 0.2965647413
