0.9969983036 0.3320326315 0.5002452391 0.8125013186 0.4976729783 0.6016202761 0.5011171014 0.5019772281 0.3998141386 0.4988460657 0.5993344678 0.4082036367
0.8332616825 0.4039018652 0.5005085827 0.3125430423 0.4998038099 0.5960221026 0.5002863375 0.5001703757 0.3995459288 0.3998707350 0.5983781420 0.3011598748
0.9969990225 0.3593773352 0.5002452987 0.8125013484 0.4976728591 0.6016202612 0.5011160881 0.5019772281 0.3998141386 0.4988460657 0.5993344678 0.4082341543
0.4268295266 0.9058244432 0.5005085659 0.3125993091 0.4998706826 0.5957913171 0.5002863188 0.5000483352 0.3998129576 0.3998718042 0.5983633898 0.3011589202
0.0596343969 0.9058244432 0.5005162028 0.3125995475 0.4998706826 0.5957913171 0.5002863188 0.5000478565 0.3996908873 0.3998718042 0.5983633898 0.3011594352
0.0283882115 0.9038713182 0.5005185870 0.3125995475 0.4959644624 0.5957760584 0.5002863198 0.5002652942 0.3998129576 0.3925475854 0.5983633898 0.3011532363
0.0283843968 0.9038713182 0.5005185870 0.3125995475 0.4959644624 0.5957760584 0.5002863198 0.5002958118 0.3998129576 0.3925475854 0.5983633898 0.3011608657
0.0518218969 0.9058244432 0.5005162028 0.3125995512 0.4998706826 0.5957913171 0.5002863188 0.5000478565 0.3996908873 0.3998718042 0.5983633898 0.3011594352
0.1768218970 0.9058244432 0.5005085659 0.3125993091 0.4998706826 0.5957913171 0.5002863188 0.5000478583 0.3998129576 0.3998718042 0.5983633898 0.3011589211
0.1768295264 0.9058244432 0.5005085659 0.3125993091 0.4998706826 0.5957913171 0.5002863188 0.5000478583 0.3998129576 0.3998718042 0.5983633898 0.3011589202
0.4268295266 0.8901994432 0.5005085659 0.3126002628 0.4998706826 0.5957913171 0.5002863114 0.5000483352 0.3998129576 0.3998718042 0.5983633898 0.3011589202
0.4268295266 0.8902299608 0.5005083126 0.3126002628 0.4998706826 0.5957913171 0.5002863114 0.5000483352 0.3998129576 0.3998718042 0.5983633898 0.3011589202
0.4268285729 0.8897417094 0.5005083126 0.3126002628 0.4998706826 0.5957913171 0.5002863114 0.5000483352 0.3998205870 0.3998708505 0.5983786188 0.3011589202
0.3955785729 0.8897417094 0.5005083126 0.3126002628 0.4998706826 0.5957913171 0.5002863188 0.5000483352 0.3998205870 0.3998708505 0.5983786188 0.3011589202
0.3955175377 0.8897417094 0.5005083126 0.3126002628 0.4998706826 0.5957913171 0.5002863188 0.5000483352 0.3998205870 0.3998708505 0.5983790956 0.3011598739
0.2705175413 0.9053667094 0.5005083424 0.3125392276 0.4998705634 0.5957779620 0.5002786932 0.5000483054 0.3995764464 0.3998707313 0.5983781420 0.3011598748
0.2705175413 0.9039018656 0.5005083424 0.3125392276 0.4998705634 0.5957779620 0.5002786932 0.5000483054 0.3995764464 0.3998707313 0.5983781420 0.3011598748
0.3330175414 0.9039018656 0.5005083443 0.3125430423 0.4998648413 0.5960221026 0.5002863226 0.5000483054 0.3995764464 0.3998707313 0.5983781420 0.3011598748
0.3332616820 0.9039018656 0.5005083443 0.3125430423 0.4998038062 0.5960221026 0.5002863375 0.5000483054 0.3995459288 0.3998707350 0.5983781420 0.3011598748
0.3332616820 0.4039018652 0.5005083443 0.3125430423 0.4998038062 0.5960221026 0.5002863375 0.5000483054 0.3995459288 0.3998707350 0.5983781420 0.3011598748
0.7707616824 0.4039018652 0.5005085827 0.3125430423 0.4998038099 0.6038346026 0.5002863337 0.5000483054 0.3995464057 0.3998707360 0.5983171068 0.3011598748
0.7707616750 0.4058541557 0.5005695890 0.3125430423 0.4998038099 0.6038346026 0.5002863337 0.5001698988 0.3995464057 0.3998707360 0.5983171068 0.3011589211
0.2707615553 0.4058701297 0.5000813077 0.3125431019 0.4998038397 0.6038269769 0.5002863337 0.5001698988 0.3995464057 0.3998707360 0.5983171143 0.3009452981
0.2707615553 0.1558701295 0.5000813077 0.3125429827 0.4998038397 0.6038231622 0.5002863337 0.5001698988 0.3995464057 0.3998707360 0.5992936768 0.3009452981
0.0051365551 0.1558394927 0.5000813059 0.3125429827 0.4998076526 0.6038534414 0.5002825190 0.5001394111 0.3995464951 0.3998708552 0.5992936786 0.3008241889
0.0017195391 0.0102698170 0.5161173954 0.8164456904 0.4999142257 0.6048323872 0.5047738529 0.5012993696 0.3995512635 0.4018062925 0.6060075412 0.2968980310
0.0002537426 0.0308394926 0.5625813059 0.8125391685 0.4998076526 0.6038534405 0.5002825200 0.5011159736 0.3995464951 0.3998708552 0.5992936777 0.3008203742
0.0070906337 0.0258956515 0.5163012198 0.8125394106 0.4997921553 0.6048323853 0.5008666492 0.5012993696 0.3995503098 0.4018086916 0.6060075449 0.3007890240
0.0075789150 0.0258946978 0.5162401847 0.8125394106 0.4997921553 0.6048323853 0.5008666492 0.5012993696 0.3995512635 0.4018086916 0.6060075449 0.3007890240
0.0075789159 0.0258946978 0.5162401847 0.8125394106 0.4997921553 0.6048323853 0.5008666492 0.5012993696 0.3995512635 0.4018086916 0.6060075449 0.3007890240
0.0036726659 0.0258948170 0.5161183528 0.8125394106 0.4997921553 0.6048323853 0.5047738529 0.5012993696 0.3995512635 0.4018063074 0.6060075449 0.2968827722
0.0017195391 0.0097834431 0.5161173972 0.8164456904 0.4999294844 0.6048323872 0.5047738529 0.5012993696 0.3995512635 0.4018062925 0.6060075412 0.2968980310
0.6438424034 0.0080734175 0.5004990804 0.3125461008 0.4999294826 0.6017479027 0.5001981114 0.5010717134 0.3997976113 0.3901127478 0.5981854374 0.3003472614
0.8870736779 0.0000004312 0.5000048983 0.3144543602 0.4927900485 0.6035576580 0.5002615661 0.5019687046 0.4003024496 0.4950620052 0.5993458867 0.4082351098
0.6282174407 0.0549503249 0.5004994967 0.3125461231 0.4999909955 0.6017172659 0.5001932238 0.5005816440 0.3998052407 0.4056394551 0.5962327873 0.3005909066
0.6438424034 0.0236984175 0.5004990804 0.3125461008 0.4999295422 0.6016868675 0.5000759219 0.5000952701 0.3997976113 0.3901279470 0.5981854374 0.3003467771
0.6282174034 0.0236984175 0.5004990208 0.3125461008 0.4999294826 0.6016872251 0.5000759219 0.5000952701 0.3997976709 0.3901279470 0.6011146480 0.3003467808
0.6282174332 0.0238195341 0.5005142796 0.3125460933 0.4999905187 0.6016872251 0.5000759219 0.5000933628 0.3997975815 0.3901355727 0.6001380837 0.3003467808
0.6614166327 0.0703298581 0.5006135055 0.3125576687 0.4991400824 0.6016114090 0.5003926163 0.5025424245 0.4000722621 0.3986847851 0.5973965401 0.3003315966
0.6750923215 0.1174498481 0.5005605319 0.3125461203 0.4999983567 0.6017172659 0.5001932238 0.5005206089 0.4000722621 0.4036553366 0.5972129280 0.3005905191
0.6604438840 0.3361999526 0.5006826171 0.3125500393 0.4999983902 0.6017020071 0.5004374688 0.5025347653 0.4000722621 0.4036286337 0.5973960632 0.3005752604
0.6614204465 0.3361999526 0.5006826171 0.3125500393 0.4999983902 0.6017020071 0.5001933281 0.5025347690 0.4000722621 0.4036400778 0.5973350281 0.3005905191
0.6301666327 0.0703298655 0.5006745406 0.3125576687 0.4996293173 0.6016114090 0.5003926163 0.5025424245 0.4000722621 0.3987153633 0.5973965401 0.3003316562
0.6301666327 0.3203298657 0.5006745406 0.3125576687 0.4996278868 0.6016114090 0.5003926163 0.5025424245 0.4000760768 0.3987153633 0.5973965401 0.3003316562
0.6301656790 0.3125021069 0.5006745406 0.3125576687 0.4996278868 0.6020996939 0.5003773724 0.5025424245 0.4003202174 0.3987230001 0.5974117989 0.3003316562
0.6321188040 0.3125021069 0.5006745406 0.3125576687 0.4996278868 0.6020994555 0.5003773724 0.5025424245 0.4003202174 0.3987230001 0.5974117989 0.3003316562
0.5071188002 0.3126241773 0.5016493150 0.3125576687 0.4996278868 0.6020975482 0.5003773724 0.5025424245 0.4003278468 0.3987230001 0.5974108303 0.3003316562
0.5071188002 0.3128683179 0.5016493150 0.3125574303 0.4998720274 0.6020975482 0.5003773724 0.5025424245 0.4003278468 0.3987230001 0.5974108284 0.3003316562
0.5071188002 0.2503683178 0.5016493150 0.3125574303 0.4998720274 0.6020975482 0.5003773724 0.5025424245 0.4003278468 0.3987230001 0.5974108284 0.3003316562
0.5071188002 0.2581808178 0.5016493150 0.3125593376 0.4998720870 0.6020975482 0.5003773798 0.5025462392 0.4003278468 0.3987230001 0.5974108284 0.3003316562
0.5071188002 0.7581808183 0.5006727525 0.3125593376 0.4998720870 0.6021051776 0.5003773798 0.5025462392 0.4003278468 0.3996993242 0.5974108284 0.3003316562
0.5071188002 0.7601339433 0.5005506822 0.3125593376 0.4998720870 0.6021051776 0.5003773798 0.5025462094 0.4003278468 0.3996993242 0.5974108284 0.3003316562
0.0032125516 0.7523499352 0.5007947930 0.3125593376 0.4998720880 0.6020899178 0.5002552946 0.5025459710 0.4003278468 0.3998213945 0.5974113053 0.4919820470
0.0031820489 0.2503968088 0.5007947781 0.3125288340 0.4998739655 0.6020889344 0.5022079428 0.5025464469 0.4003283329 0.3998976875 0.5976554608 0.4920011205
0.0031821681 0.2503968088 0.5007947781 0.3125288340 0.4998739655 0.6020889344 0.5022079428 0.5025464469 0.4003283329 0.3998976875 0.5976554608 0.4920011205
0.0031821681 0.2503968070 0.5007947781 0.3125288340 0.4998739655 0.6020889344 0.5022079428 0.5025464469 0.4003283329 0.3998976875 0.5976554608 0.4920011205
0.0031974269 0.2523651917 0.5007945397 0.3125288340 0.4998739655 0.6020894112 0.5022079428 0.5025464469 0.4003283329 0.3998976875 0.5976554608 0.4920011242
0.0031974269 0.2523346741 0.5007945397 0.3125288340 0.4998739655 0.6020896496 0.5022079577 0.5025464506 0.4003283329 0.3998976875 0.5976555204 0.4920011242
0.0031974269 0.0023346739 0.5007945397 0.3125288340 0.4998739655 0.6020896496 0.5022079577 0.5025464506 0.4003130667 0.3998976875 0.5976554012 0.4763761242
0.0031973673 0.0023346739 0.5007945397 0.3125288340 0.4998739655 0.6020896496 0.5022079577 0.5025464506 0.4003130667 0.3998976875 0.5976554012 0.4763761242
0.0031973673 0.0101471730 0.5007945397 0.3125288415 0.4998739655 0.6020896496 0.5022079577 0.5025388212 0.4003130667 0.3998976279 0.5976554012 0.4763761242
0.0110108210 0.0022126026 0.5007945397 0.3125288415 0.4959677155 0.6020896496 0.5026962408 0.5025388212 0.4003130704 0.3998976279 0.5976555204 0.4138761390
0.0110108210 0.0002594776 0.5007945397 0.3127729821 0.4959677155 0.6020896496 0.5066024908 0.5025388212 0.4003130704 0.3998976279 0.5976555204 0.4138763774
0.0110108210 0.0002443381 0.5007945397 0.3127729821 0.4959677155 0.6020896496 0.5066024908 0.5025388212 0.4003130704 0.3998976279 0.5976555204 0.4138763774
0.0109879179 0.0002443464 0.5007945397 0.3127728629 0.4959675814 0.6020896496 0.5066024908 0.5025388212 0.4003140241 0.3998976279 0.5976559972 0.4138784040
0.2946955946 0.0000642510 0.5000010752 0.3125079054 0.4949864964 0.6020940017 0.5002901838 0.5019685184 0.3998142876 0.4926348948 0.5995938569 0.4089523977
0.2927424696 0.0039848061 0.5000010985 0.3125002797 0.4984044651 0.6020940017 0.5002911766 0.5019685184 0.3998181023 0.3988848947 0.5995937973 0.4089523995
0.2632319753 0.0003083916 0.5000010752 0.3125079054 0.4949864815 0.6016057158 0.5002901838 0.5019687642 0.3998142876 0.4926368114 0.5995900422 0.4084641164
0.2632930104 0.0003083767 0.5000010752 0.3125079054 0.4949864796 0.6016057158 0.5002901838 0.5019687642 0.3998142876 0.4926368114 0.5995900422 0.4084641183
0.2652456586 0.0003084959 0.5000010752 0.3125079054 0.4949874333 0.6016057158 0.5002901838 0.5019687642 0.3998142876 0.4926368114 0.5995900422 0.4084641183
0.2652456586 0.0003075423 0.5000010752 0.3125079054 0.4949874333 0.6016057158 0.5002901838 0.5019687642 0.3998142876 0.4926368114 0.5995900422 0.4084641183
0.7637846300 0.0003075423 0.5000010752 0.3125079054 0.4947432945 0.6016057232 0.5002901838 0.5019687642 0.3998142876 0.4950772640 0.5993459016 0.4084488595
0.7637846300 0.0003075125 0.5000010752 0.3125088590 0.4947431753 0.6016057232 0.5002901838 0.5019687661 0.3998142876 0.4950772640 0.5993459016 0.4084487403
0.7640268633 0.0002464773 0.5000010836 0.3125012296 0.4927900503 0.6016057158 0.5002615736 0.5019687661 0.3998141684 0.4950772640 0.5993458718 0.4084487403
0.7640268037 0.0002445700 0.5000010836 0.3125012296 0.4927900503 0.6016057158 0.5002615736 0.5019687661 0.3998141684 0.4950772640 0.5993458718 0.4084487403
0.7650033652 0.0000004293 0.5000048983 0.3144543602 0.4927900485 0.6035576561 0.5002615661 0.5019688238 0.4003024496 0.4950620052 0.5993458867 0.4082045997
0.7640268027 0.0000004312 0.5000048983 0.3144543602 0.4927900485 0.6035576561 0.5002615661 0.5019688238 0.4003024496 0.4950620052 0.5993458867 0.4082045997
0.7620736777 0.0000004312 0.5000048983 0.3144543602 0.4927900485 0.6035576580 0.5002615661 0.5019687046 0.4003024496 0.4950620052 0.5993458867 0.4082045997
0.9969983036 0.3403332935 0.5002452391 0.8125013186 0.4976729783 0.6016202165 0.5011171014 0.5019772281 0.3998141386 0.4988460657 0.5993343486 0.4082036385
0.9969944889 0.3403332935 0.5000010985 0.8125013186 0.4976729783 0.6016202165 0.5011171014 0.5019772281 0.3998141386 0.4988460657 0.5993343486 0.4082074532
0.9969944889 0.3364270435 0.5000010985 0.8125013186 0.4976729783 0.6016202165 0.5011171014 0.5019773473 0.3998131849 0.4988460657 0.5993343486 0.4082074532
0.9969944889 0.3676770435 0.5000010985 0.8125013186 0.4976729783 0.6016202165 0.5011171014 0.5019773473 0.3998131849 0.4988460657 0.5993343486 0.4082074532
0.9969944889 0.3686536060 0.5000010985 0.8125013186 0.4976729783 0.6016202165 0.5011171014 0.5019773473 0.3998131849 0.4988460657 0.5993343448 0.4082074532
0.9969959194 0.3686536060 0.5000010985 0.8125013186 0.4976730081 0.6016202165 0.5011171014 0.5019773473 0.3998131849 0.4988460657 0.5993267154 0.4082074532
0.9969997341 0.3686612354 0.5004893797 0.8125013186 0.4976730081 0.6016202761 0.5011171014 0.5019773473 0.3998131849 0.4988613245 0.5993267154 0.4082074532
0.9994943431 0.3816817248 0.5004959428 0.3127616507 0.4980461537 0.5934686294 0.7032554994 0.5041596978 0.3998841768 0.4998771832 0.6001010608 0.4064944306
0.9999892646 0.9229825436 0.5014668289 0.8125165178 0.4974739361 0.5869069990 0.7034939441 0.5000262191 0.4003473058 0.4991045124 0.6011542991 0.4067582259
0.9999998743 0.2995673263 0.5005058073 0.8157227652 0.4896689751 0.5934989123 0.7034991819 0.5041596969 0.4003413435 0.4995775935 0.5996280663 0.4062502882
0.9999911720 0.9100354909 0.5005210214 0.8125169909 0.4974815347 0.0898362660 0.7034939515 0.5012238999 0.3991342600 0.4995927936 0.6006046250 0.4062546840
0.9999892646 0.9073575436 0.5014668289 0.8125165178 0.4974739361 0.5869069990 0.7034939441 0.5000261595 0.4003473058 0.4991045124 0.6011540607 0.4067582259
0.9999979669 0.3459530914 0.5005058073 0.3127931071 0.4896766343 0.5934989123 0.7034920293 0.5041596978 0.3998535400 0.4995775935 0.5996280383 0.4062502882
0.9999911720 0.9256604909 0.5005210214 0.8125169909 0.4974815347 0.0895921254 0.7034939515 0.5012238999 0.3991342600 0.4995927936 0.6006046250 0.4062542072
0.9999998743 0.3620673263 0.5005058073 0.8147462325 0.4896689751 0.5934989123 0.7034915525 0.5041596969 0.4003413435 0.4995775935 0.5996280663 0.4062502882
0.9999979706 0.2835219943 0.5004905486 0.3127931220 0.4897452989 0.5934989123 0.7034920293 0.5041596978 0.3998535400 0.4996081111 0.5996280383 0.4062502882
0.9999827119 0.2879317843 0.5004905486 0.3127931220 0.4980461397 0.5934989123 0.7034996587 0.5041596978 0.8998535405 0.4998600003 0.5996890735 0.4064944288
0.9999826523 0.2879317843 0.5004905486 0.3127931220 0.4980461397 0.5934989123 0.7034996587 0.5041596978 0.8998497258 0.4998600003 0.5996890735 0.4064944288
0.9994943431 0.2879317247 0.5004959428 0.3127616507 0.4980461537 0.5933465591 0.7032554845 0.5041596978 0.3998841768 0.4998771832 0.6001010608 0.4064944306
0.9994943431 0.4129317248 0.5004959428 0.3127616507 0.4980461537 0.5933465591 0.7032554994 0.5041596978 0.3998841768 0.4998771832 0.6001010608 0.4064944306
0.9994943431 0.0379317170 0.5004883134 0.3127616507 0.4999992638 0.5933484664 0.7032478551 0.5041587441 0.3998841787 0.4998771832 0.6000991609 0.4064944902
0.9994943431 0.0379317133 0.5004883134 0.3127616507 0.4999992638 0.5933484664 0.7032478551 0.5041587441 0.3998841787 0.4998771832 0.6000991609 0.4064944902
