0.1978617838 0.0021357375 20.4138008915
20.7379042761 3.4138454986 0.9413906729
50.1005170541 0.0028006703 13.7743174699
23.7851996921 170.3957425431 0.3590945472
14.5746681170 41.4878727017 2.5326695253
26.5321041620 190.0411295644 0.1015508657
7.9223015788 191.6769295305 0.1015277294
7.9125376560 191.4406953084 9.5145579890
7.7699818826 191.5522149951 9.5198015054
3.0700425903 191.7495262553 9.5229976186
3.0102359804 188.0141093113 9.9158893225
26.8578730251 157.0209398207 0.5749490247
26.8564939719 157.0242009942 0.5749597873
26.8563891796 157.0235882959 0.6971439153
26.7987605926 157.0490611557 0.6972113288
54.7121248210 0.3568064232 0.6691218580
0.3434485817 0.0015997076 35.4326058904
0.3913790867 0.0007723011 40.3770993580
5.4973700504 0.0277137997 20.0064996613
54.6647038566 0.3564971662 2.0111173788
54.7344842296 0.0237243940 0.6693811391
54.7345934290 0.0237247616 0.6641340819
54.7358752574 0.0211014486 0.6641291202
228.1365813935 0.0004605683 2.7680590677
228.1365898554 0.0004605683 2.7673755597
227.4999546778 0.0004592830 2.7814674752
0.0000033887 0.0000001113 110.3626916958
221.8132714734 0.0004478026 46.9475180545
206.9277632684 0.0004080644 54.5296515515
206.9325655712 0.0004080738 54.5097004736
91.9979780927 0.0007326835 25.2933411760
50.1003790721 0.0028030079 13.7742820568
50.2850974098 0.0028086345 13.1635301401
18.2897952367 0.0641507512 10.4050342161
18.2899802208 0.0080381809 10.4050764552
20.9013986011 0.0733110939 2.6186091268
10.6799158478 43.0882503473 6.9091429637
10.6949448768 43.1488894726 6.8752201300
10.1940230573 41.1279161596 15.4571171417
18.8035513677 3.0954149628 8.9124519771
14.8745836426 0.8524898785 18.6867799847
14.8745823656 0.8525121610 18.6867799847
14.0202780101 3.6337821399 18.1656908222
13.9266266482 3.9766908195 18.1655303796
13.9257896583 3.9764518205 18.1662251082
13.8189650053 3.9459484813 18.2555636482
13.7748877198 4.1168410418 18.2627045433
18.0338074979 0.0909135323 10.2594704764
18.9980854117 3.1274388917 8.4351591014
19.1632485288 2.0763968983 9.0147766436
19.3264456184 1.9741807601 9.0856788364
19.1048314675 2.5458362645 8.7274917896
18.2899802223 0.0080347560 10.4050764552
18.2898684448 0.0641475831 10.4050758573
4.4253838674 0.0494653000 19.8771947838
4.1811036504 0.0467348263 19.9298243400
4.1893802709 0.0452205381 19.9687453302
4.1894101829 0.0452208610 19.9687390540
0.3431747749 0.0017300413 35.4044238776
0.3913726551 0.0007723251 40.3764358342
0.3913578500 0.0007725890 40.3764686608
0.3917330274 0.0006231014 40.4151481648
0.3375399657 0.0005207356 50.9527827429
0.3375399827 0.0005204828 50.9527852509
0.0000031724 0.0000037399 115.5966759014
0.0000025260 0.0000029779 127.1107747172
0.0000025506 0.0000027238 121.4660134340
0.0023219519 0.0000149349 63.9062093997
0.0015718857 0.0000101104 64.5544426092
0.0015658111 0.0001643944 64.5949813681
0.0014879490 0.0004641831 63.9489810455
0.0014936615 0.0004659652 63.9488493303
0.0022075010 0.0006889461 63.4814761623
0.0021900334 0.0007429489 63.4845157674
0.0010222582 0.0020719352 63.4234016682
0.0051651963 0.0104687743 57.1657714706
0.0051611812 0.0104707543 57.1657714706
0.0051774594 0.0104632741 57.1682262595
0.0051777306 0.0104638222 57.1679443341
0.0051783240 0.0104650215 57.1679443338
0.0050492327 0.0105271968 57.1647798151
0.0050538559 0.0105368357 57.1647115756
0.0050538638 0.0105368319 57.1647115756
0.0047582945 0.0099205978 57.1731474292
0.0057084429 0.0094075408 57.1798809822
0.0058150511 0.0093233021 57.2086642275
0.0058376935 0.0093596048 57.2083271823
0.0107318925 0.0025044247 57.2085662407
0.0107565983 0.0024927973 57.2085915944
0.0105780553 0.0030053025 56.9755286203
0.0105565198 0.0030342159 56.9094056556
0.0131715450 0.0037858416 56.8796877743
0.0131664296 0.0037843713 56.8797001019
0.0131606003 0.0037936261 56.8698334627
0.0127245142 0.0050649755 56.8673103611
0.0098180385 0.0095492793 56.8696413464
0.0098180303 0.0095492857 56.8696356194
0.0098033286 0.0095642945 56.8693936583
0.0100387462 0.0097939718 56.8212987517
0.0100463621 0.0098014020 56.8212987491
