0.9529082281 0.0433353493 0.6835468762 0.8915961533 0.5043572770 0.2217486922 0.7057499678 0.5016873297 0.6059758352 0.8968320842 0.7033187213 0.5037106550
0.8376137957 0.0280163670 0.6873709622 0.4032384431 0.5021976815 0.7008122091 0.5859775148 0.5008421629 0.6026192304 0.4002721164 0.5000809594 0.5009792508
0.0871178844 0.0280354405 0.6873709622 0.4032384431 0.5964359628 0.7008122091 0.5859775148 0.5008426323 0.5948072072 0.4041783664 0.5000809445 0.5009792508
0.0793130101 0.4626971907 0.6874970837 0.3993332352 0.5964941323 0.6998346780 0.5879917048 0.5007245257 0.6026216071 0.4061314328 0.5002183332 0.5009926022
0.0028021662 0.9643911505 0.5040165675 0.5997200828 0.3125022886 0.7002759452 0.5937383441 0.5001801807 0.3008251230 0.2968717677 0.5024436465 0.2999818998
0.0835844316 0.9912255984 0.7043725957 0.5942042503 0.3178716957 0.6998163645 0.5937438501 0.5017406675 0.6030920256 0.4065040782 0.5042767604 0.5978385420
0.2085806171 0.9912255984 0.7043725957 0.5942042578 0.3178716957 0.7017429058 0.5937438501 0.5012523863 0.6030996848 0.4069923595 0.5040326198 0.5978385420
0.8664433564 0.9999199677 0.6873737533 0.4151676133 0.3141805309 0.6949521608 0.5922614016 0.5160095222 0.6056522481 0.3983724382 0.5039237286 0.5003062082
0.0196052799 0.9998515677 0.7041245584 0.6027320135 0.3171393185 0.6997593732 0.5888638837 0.5057679019 0.6831415404 0.9071065308 0.5047116675 0.5997892903
0.5793130105 0.9626971911 0.6874970837 0.4003136124 0.5964941323 0.6998346184 0.5921420954 0.5017009839 0.6016445678 0.4061294062 0.5001569106 0.5000007940
0.8375527010 0.9635687265 0.6835867825 0.4031166112 0.5022053109 0.7008579855 0.5234489045 0.5008422970 0.6026173193 0.4017448280 0.5000809594 0.5046394090
0.8376137957 0.0280316258 0.6873709622 0.4032384431 0.5021976815 0.7008122091 0.5859775148 0.5008421554 0.6026192304 0.4002721164 0.5000809445 0.5009792508
0.3376137953 0.0280316258 0.6873709622 0.4032384431 0.5021976815 0.7008122091 0.5859775148 0.5008421554 0.6026192304 0.4002721164 0.5000809445 0.5009792508
0.0890710094 0.0282795811 0.6873709622 0.4032384431 0.5964359628 0.7008122091 0.5859775148 0.5008426323 0.5948072072 0.4041783664 0.5000809445 0.5009792508
0.0005528536 0.0939076525 0.5000621430 0.5998967491 0.3125021768 0.7002832803 0.5936824918 0.5001543756 0.3018054043 0.2958796595 0.5030007777 0.3000696304
0.5168044423 0.9628802966 0.6870049878 0.4003136124 0.6003994137 0.7008102254 0.5921420665 0.5007243617 0.6016445529 0.3983169053 0.5001569143 0.5000179601
0.5793130105 0.9626819323 0.6874970837 0.4003136124 0.5964941323 0.6998346780 0.5921420954 0.5017009839 0.6016445678 0.4061294062 0.5001569106 0.5000007940
0.5172927235 0.9628803115 0.6869973584 0.4003136124 0.6003688961 0.7008102254 0.5921420665 0.5007243617 0.6016445529 0.3983169053 0.5001569143 0.5000189138
0.0024688682 0.9016351121 0.5049585332 0.5986171529 0.3125317938 0.7008748322 0.5934733940 0.5034102206 0.3012197644 0.2963091035 0.5031412332 0.2998275685
0.0660350724 0.6484507720 0.5042454195 0.5999700125 0.3125002639 0.7005534700 0.5936475011 0.5001610988 0.3009131386 0.2968108070 0.5004905215 0.3002255059
0.0470791497 0.0058497908 0.6845625385 0.4002816495 0.6000051290 0.7007034865 0.5920188898 0.5003802939 0.6018888118 0.3944392683 0.5000043432 0.0005060025
0.5470791501 0.0058497908 0.6843145831 0.4002816495 0.6000051290 0.7007034865 0.5920188898 0.5003804131 0.6018888118 0.3944392683 0.5000043432 0.0024591275
0.6720753374 0.0054797670 0.6843183988 0.4002740201 0.6000051215 0.7007034847 0.5929954523 0.5003804150 0.6018888118 0.3944392683 0.5003662626 0.0020013647
0.6799221697 0.0015734872 0.6843184062 0.4002740163 0.5999898665 0.7007034847 0.5929954523 0.5003801766 0.6018888118 0.3944697859 0.5003662328 0.0020018416
0.6799221697 0.0015773019 0.6843184062 0.4002740163 0.5999898665 0.7007034847 0.5929954523 0.5003801766 0.6018888118 0.3944697859 0.5003662328 0.0020018416
0.6486721697 0.0015773019 0.6843174525 0.4002740163 0.5999898665 0.7007034847 0.5929954523 0.5003801766 0.6018888118 0.3943477156 0.5003662328 0.0020018416
0.6486721697 0.0018214425 0.6843174525 0.4002740163 0.5999898665 0.7007034847 0.5929954523 0.5003801766 0.6018888118 0.3943477230 0.5003662328 0.0020018416
0.6486721697 0.0018214388 0.6843174525 0.4002740182 0.5999898665 0.7007034847 0.5929954523 0.5003801766 0.6018888118 0.3943477230 0.5003662328 0.0020018416
0.1496487317 0.0018212004 0.6843174525 0.4002730059 0.6004776113 0.7007034996 0.5929954523 0.5004106942 0.6018888118 0.3982540326 0.5003662328 0.0040007429
0.1496487317 0.3143212007 0.6843175121 0.4002730059 0.6004776113 0.7007054069 0.5928733829 0.5004068795 0.6038418176 0.3983756252 0.5008545103 0.5039683185
0.1808987317 0.3143212007 0.6843175121 0.4002730059 0.5999893300 0.7007054069 0.5928733829 0.5004068795 0.6038418176 0.3983756252 0.5008545103 0.5039683185
0.2433998643 0.3143172369 0.6853017040 0.4002728866 0.6000808530 0.7007054069 0.5931213383 0.5004068795 0.6043262543 0.3983679809 0.5028076354 0.5005503199
0.2433999239 0.3284774528 0.6853017040 0.4002728866 0.6000808530 0.7007054069 0.5932434086 0.5004068785 0.6043262580 0.3983679511 0.5028076354 0.5004892848
0.2433999239 0.0784774526 0.6853017059 0.4041786598 0.6000808530 0.7007053883 0.5932586674 0.5004068785 0.6043262580 0.3983679511 0.5028076428 0.5004892922
0.2433999239 0.0159774525 0.6853017059 0.9041748158 0.6000808530 0.7007053901 0.5932586674 0.5004068785 0.6043262580 0.3983679511 0.5028076428 0.5083017922
0.2433999239 0.0179305775 0.6855458428 0.9041900746 0.6000961117 0.7008274605 0.5932586376 0.5004119449 0.6023740867 0.3983679511 0.5028152722 0.5078135110
0.2355874239 0.0179305775 0.6855458428 0.9041938893 0.5998519711 0.7008122017 0.5932510072 0.5003809505 0.6023588279 0.3983374335 0.5028152722 0.5078135706
0.2043374239 0.0179305924 0.6855458428 0.9041938883 0.5998519711 0.7008122017 0.5921533281 0.5023340755 0.6023588279 0.3983374335 0.5028152722 0.5078135706
0.2043364702 0.0257116193 0.6854743172 0.8990669352 0.5998519711 0.7008110096 0.5921533281 0.5020813518 0.6023578752 0.3983374335 0.5024529989 0.5078135706
0.2043364702 0.0254674787 0.6854743172 0.8990669277 0.5998520009 0.7008110096 0.5921533281 0.5020813518 0.6023578752 0.3983984686 0.5025140340 0.5078126169
0.0793364701 0.0176549787 0.6854743163 0.8990669277 0.5998520009 0.7008110096 0.5921533858 0.5020813518 0.6023578752 0.3983946539 0.5025140340 0.5078126169
0.8164927129 0.4220327236 0.5000621383 0.6008734308 0.3125004036 0.7002837013 0.5937156320 0.5001810747 0.3008300264 0.2968562704 0.5019617421 0.3003093007
0.7085820480 0.9912255984 0.7043725957 0.5940821875 0.3179174720 0.7017429058 0.5937438501 0.5012600156 0.6030996848 0.4069923595 0.5040326198 0.5978995753
0.8625351990 0.9882622603 0.6873661240 0.4151652180 0.3141512073 0.6949521719 0.5922615208 0.5160095222 0.6056521289 0.3982495334 0.5039885785 0.5004282785
0.9364445628 0.0012631640 0.7036962544 0.6022253145 0.3129351989 0.7007700742 0.5934353532 0.5002821195 0.6851151275 0.9063786025 0.5009897039 0.6144269450
0.9904076513 0.7420164009 0.6865118106 0.4151804768 0.3151659093 0.7231488672 0.5927571855 0.5023376611 0.6017513644 0.3983716540 0.5079101021 0.5001230394
0.9904076513 0.9920164011 0.6863897403 0.4151804768 0.3161424718 0.7231488672 0.5927571855 0.5179626611 0.6017513625 0.3983716540 0.5079101021 0.5001230394
0.8664433564 0.9882012252 0.6873661240 0.4151656985 0.3141805328 0.6949521645 0.5922614016 0.5160095222 0.6056521289 0.3983724382 0.5039237286 0.5003081155
0.3340937098 0.9999199677 0.6873737459 0.3057927846 0.3125916797 0.7027799196 0.5929328479 0.5178482062 0.6056522630 0.3984183356 0.5039084698 0.5315563293
0.0840936499 0.9999829177 0.6873732681 0.0577459056 0.3125916797 0.7018033589 0.5929289158 0.5178482360 0.6173710130 0.3984183207 0.5041600014 0.5940563293
0.0840931731 0.9999981802 0.7498732533 0.0578221996 0.3125916797 0.7017995442 0.5929289754 0.0178482281 0.6173719667 0.3984183216 0.5041599968 0.5940563293
0.0840931731 0.9999991339 0.7498732542 0.0421971996 0.0664979295 0.7017995442 0.5929289754 0.0178481685 0.6017469667 0.3984183216 0.5041599968 0.5940563293
0.0215931731 0.9999991339 0.7498714661 0.0421971996 0.0664979295 0.7017995442 0.5929289736 0.0178481685 0.6017469667 0.3984183216 0.5041599968 0.7190563294
0.1758252542 0.9991894346 0.7049219047 0.6115174998 0.3179632540 0.7017427559 0.5932479553 0.5017635594 0.6027254850 0.4139822111 0.5039086421 0.5942088576
0.1768018167 0.9991894346 0.7049219047 0.6115177382 0.3179632540 0.7017274971 0.5932479553 0.5017483006 0.6027252484 0.4139822111 0.5039086421 0.5942088576
0.1768742960 0.9990673643 0.7049219047 0.6095646132 0.3179174720 0.7017427559 0.5932479851 0.5012619267 0.6027252484 0.4139821962 0.5039105495 0.5942088874
0.6768742955 0.9990368467 0.7049219047 0.6095646132 0.3179174720 0.7017427559 0.5932479851 0.5012619267 0.6027252484 0.4139821962 0.5039105495 0.5939647458
0.7393742956 0.9990368467 0.7049219121 0.6095646132 0.3179174720 0.7017426963 0.5932479851 0.5012619267 0.6027256060 0.4139821962 0.5039105495 0.5939647458
0.0838295259 0.9912255984 0.7043725957 0.5942061577 0.3178717255 0.6998163645 0.5937438501 0.5017405483 0.6030309904 0.4065040484 0.5042767604 0.5978385383
0.0196205387 0.9959453177 0.7041245584 0.6027320135 0.3171393036 0.6998814435 0.5888648374 0.5056610904 0.6831491698 0.9071065308 0.5047135749 0.5997892754
0.0196205387 0.9939923119 0.7041257505 0.6027320135 0.3181158661 0.6998814435 0.5888343198 0.5056610904 0.6831491698 0.4071351405 0.5047135749 0.5997892754
0.0196510563 0.9940075707 0.7041257505 0.6027248908 0.3181153967 0.6998814435 0.5888343198 0.5056610978 0.6831491698 0.4071351405 0.5047135749 0.5997892754
0.0196510563 0.9937634300 0.7041257505 0.6027248833 0.3181153967 0.6998813243 0.5888344390 0.5056612170 0.6831491698 0.4068910297 0.5047116675 0.5997850435
0.0196510637 0.9937481712 0.7041257505 0.6027248833 0.3181153967 0.6998813243 0.5888344390 0.5056612170 0.6831491698 0.4068910297 0.5047116675 0.5997850435
0.0157448137 0.9937481712 0.7041257505 0.6027248833 0.3176271155 0.6998889537 0.5888191802 0.5056612170 0.6826608886 0.4068910297 0.5047116675 0.5997850435
0.0157448137 0.9936870169 0.7041257505 0.6027248833 0.3176271155 0.6998889537 0.5888182266 0.5056459582 0.6826608886 0.4068910297 0.5047116675 0.5997850435
0.0001198286 0.9936870150 0.7041562681 0.6027248833 0.3176271136 0.6920764537 0.5888182266 0.5056464351 0.6826608886 0.4068910297 0.5042233863 0.5997859972
0.0001198286 0.9975932650 0.7041562681 0.6027248833 0.3176576312 0.6920764537 0.5888182266 0.5056464351 0.6826608886 0.4068910297 0.5051999488 0.5997859972
0.0001198212 0.9975933842 0.7041562681 0.6027248833 0.3176576312 0.6920764592 0.5888182266 0.5056464276 0.6826608886 0.4068910297 0.5051999488 0.5997783640
0.0001198212 0.9819681458 0.7041562681 0.6027248833 0.3176576461 0.6920764592 0.5888184650 0.5046698651 0.6826608886 0.4068910297 0.5051999488 0.5997783640
0.0001193443 0.9819681458 0.7041562681 0.6027248833 0.3176576461 0.6920764592 0.5888184650 0.5046698651 0.6826608886 0.4068910297 0.5051999488 0.5997783640
0.0006081024 0.9819691032 0.7041553144 0.6027248833 0.3176576461 0.6920764592 0.5888184650 0.5046698651 0.6826608886 0.4067689594 0.5051999488 0.5997859934
0.9364464851 0.0002866015 0.7032079731 0.6061315645 0.3129351989 0.7007700444 0.5934353532 0.5002821195 0.6851074981 0.9066227431 0.5009897039 0.6143964274
0.9364464552 0.0002866015 0.7032079731 0.6061315645 0.3129351989 0.7007700444 0.5934353532 0.5002821195 0.6851074981 0.9066227431 0.5009897039 0.6143964274
0.1900280073 0.9610117776 0.5042454214 0.5999700125 0.3125002639 0.7006736330 0.5934034200 0.5010173791 0.3007908299 0.2968117346 0.5014670263 0.2999837494
0.1902034834 0.4031638227 0.5039707641 0.6004439775 0.3125012771 0.7008865072 0.5934720855 0.5032070191 0.3007920220 0.2963243027 0.5030677677 0.2998540497
0.1900280073 0.7110117774 0.5042454214 0.5999700125 0.3125002639 0.7006736330 0.5934034200 0.5010173791 0.3007908299 0.2968117346 0.5014670263 0.2999837494
0.0035350723 0.6484507720 0.5043674898 0.5999700051 0.3125002639 0.7005525163 0.5936503621 0.5001763576 0.3009169458 0.2968108070 0.5024436465 0.2999814249
0.0035350723 0.6484502951 0.5043674898 0.5999700051 0.3125002639 0.7005525163 0.5936503621 0.5001763576 0.3009169458 0.2968108070 0.5024436465 0.2999814249
0.0035350723 0.6484808127 0.5043674898 0.5999700051 0.3125002639 0.7005525163 0.5936503621 0.5001763576 0.3009169440 0.2968108070 0.5024436465 0.2999814249
0.2528002590 0.9643911505 0.5040165675 0.5997200809 0.3125022886 0.7002759452 0.5937383441 0.5001801807 0.3008251230 0.2968679530 0.5024436465 0.2999818998
0.2574007812 0.9233754956 0.5000640643 0.5980037056 0.3125003812 0.7002759526 0.5937384037 0.5001800614 0.3008185665 0.2968677145 0.5024416796 0.3004620376
0.2566683593 0.8921254956 0.5000950587 0.5999565922 0.3125003812 0.7002759526 0.5937383441 0.5001801807 0.3008252422 0.2968679530 0.5024416796 0.3004697043
0.2574028077 0.9223989331 0.5000640643 0.5980038248 0.3125003812 0.7002759526 0.5937384037 0.5001801210 0.3008147667 0.2968677145 0.5024416796 0.3004621568
0.8164926831 0.4064077236 0.5000621383 0.6008734308 0.3125004036 0.7002837013 0.5937155724 0.5001810747 0.3018065889 0.2968562704 0.5019617421 0.2998210195
0.8164850537 0.4064039089 0.5000621383 0.6008734308 0.3125004036 0.7002684425 0.5937156320 0.5001810784 0.3018065889 0.2968562704 0.5019622189 0.2998248416
0.8169733349 0.4064077273 0.5000621383 0.6008734308 0.3125003887 0.7002684425 0.5937156320 0.5001810784 0.3018065889 0.2968562704 0.5019622189 0.2998248416
0.8169733349 0.4062856570 0.5000623767 0.6008734308 0.3125003887 0.7002684127 0.5937156320 0.5001810784 0.3018065889 0.2968562779 0.5019622189 0.2998248416
0.7544733349 0.4062856570 0.5000623767 0.6008734308 0.3125003887 0.7002836715 0.5937153935 0.5001810784 0.3018065964 0.2968562779 0.5019622189 0.2998248416
0.7544733349 0.4066518977 0.5000623777 0.6008734308 0.3125003887 0.7002836715 0.5937153935 0.5001810784 0.3018070732 0.2968562779 0.5019622189 0.2998248416
0.7544733349 0.1566518975 0.5000623777 0.6008734308 0.3125003887 0.7002836715 0.5937153935 0.5001810784 0.3018070732 0.2968562779 0.5019622189 0.2998248416
0.0005681124 0.0958607775 0.5000621430 0.5998967491 0.3125021768 0.7002832803 0.5936824918 0.5001543756 0.3018054043 0.2958796595 0.5030008894 0.3000696304
