0.1392917895 0.9937417507 0.3982500540 0.4980297540 0.6001554547 0.3982786223 0.7032710358 0.4996463791 0.3058069528 0.7036452477 0.2036282217 0.1032125271
0.0382175707 0.9845711887 0.3982956050 0.4980298751 0.6001550896 0.3982652709 0.7032753273 0.4996466483 0.3056843461 0.7045912898 0.7031704771 0.1032125271
0.1727558851 0.9682466974 0.3984242169 0.4000144158 0.5999470023 0.3953543365 0.7031717521 0.4990153103 0.3003013127 0.7035910959 0.7031346035 0.6049836330
0.4999861973 0.1493214817 0.3984027183 0.3994350921 0.6003440298 0.4032885091 0.7031555788 0.4989905995 0.3008374388 0.7033162068 0.7031423409 0.6025898937
0.9999556802 0.9342335490 0.3979144240 0.3994361669 0.6003440168 0.4032859089 0.7031708376 0.4989450318 0.3008296884 0.7031941216 0.7031536630 0.1025450743
0.9999861903 0.6493214375 0.3984027052 0.3994350921 0.6003440149 0.4032856407 0.7031708376 0.4989907783 0.3008374370 0.7033161919 0.7031499685 0.1025431632
0.1319675708 0.9845711887 0.3982956050 0.4980298732 0.6001549779 0.3982652709 0.7032753273 0.4996466483 0.3056843461 0.7036147292 0.7031704734 0.1032129741
0.0069675706 0.9845711887 0.3982956050 0.4980298751 0.6001550896 0.3982652709 0.7032753273 0.4996466483 0.3056843461 0.7045912898 0.7031685698 0.1032125867
0.0069675706 0.9884774387 0.3982955975 0.4980298751 0.6001550896 0.3982652709 0.7032753273 0.4996466483 0.3076374711 0.7045912898 0.7031685661 0.1032125867
0.1319675708 0.9889657199 0.3982955994 0.4980298751 0.6001550896 0.3982652709 0.7031493231 0.4998926367 0.3076451303 0.7045950896 0.7031685642 0.1032134808
0.9879720770 0.4804553888 0.3984356759 0.3999543753 0.5998938359 0.4029073747 0.7031717596 0.4996031825 0.3007916736 0.7035298224 0.7031422376 0.6015637681
0.9999556802 0.9032276877 0.3979144240 0.3994361650 0.6003440149 0.4032859089 0.7031708376 0.4989602608 0.3008298076 0.7031941216 0.7031536640 0.1025450706
0.9999861903 0.6493214524 0.3984027052 0.3994350921 0.6003440298 0.4032856407 0.7031708376 0.4989907783 0.3008374351 0.7033161919 0.7031499685 0.1025431632
0.9999861978 0.6493214524 0.3984027052 0.3994350921 0.6003440298 0.4032856407 0.7031708376 0.4989905399 0.3008374351 0.7033161919 0.7031499685 0.1025431632
0.4882162199 0.4793863161 0.3984052626 0.3999238502 0.6003821768 0.4029073821 0.7031556291 0.4996031714 0.3007915544 0.7032856892 0.7031423130 0.6025408074
0.4999861973 0.3993214820 0.3984027183 0.3994350921 0.6003592886 0.4032885091 0.7031555788 0.4989905995 0.3008374388 0.7033162068 0.7031423391 0.6025898937
0.4999861973 0.2743138524 0.3984027183 0.3994350921 0.6003592886 0.4032885091 0.7031555825 0.4989907187 0.3008374388 0.7033162068 0.7031423391 0.6025898937
0.4998717555 0.3055676672 0.3984027173 0.3994355690 0.6001227774 0.4029065626 0.7031555825 0.4997231406 0.3008067983 0.7033162068 0.7031423279 0.6025898937
0.3749938257 0.3055676672 0.3984027173 0.3999238502 0.6001227774 0.4029065626 0.7031555825 0.4997231406 0.3008067983 0.7033162068 0.7031423279 0.6025898937
0.3671813257 0.3055657598 0.3984065320 0.3999238502 0.6001227774 0.4029065626 0.7031555844 0.4997231406 0.3008067983 0.7033162068 0.7031423279 0.6025860790
0.3671736963 0.3055657598 0.3984065320 0.3999238502 0.6001227774 0.4029065626 0.7031555844 0.4997231406 0.3008067983 0.7033162068 0.7031423279 0.6025860790
0.3671736963 0.2743157598 0.3984065320 0.3999238502 0.6001227774 0.4029065626 0.7031555844 0.4997231406 0.3008067983 0.7033467243 0.7031423279 0.6025860790
0.3666854150 0.2743157598 0.3984066512 0.3999238502 0.6001227774 0.4029065626 0.7031555844 0.4996013087 0.3007915097 0.7033467243 0.7031423279 0.6025708202
0.3666856534 0.2743157598 0.3984066512 0.3999238502 0.6001227774 0.4029065626 0.7031555844 0.4996013087 0.3007915097 0.7033467243 0.7031423279 0.6025708202
0.3666856572 0.3368157599 0.3984067108 0.3999238502 0.6001227774 0.4029075163 0.7031555844 0.4996032161 0.3007915246 0.7033467243 0.7031423279 0.6025707886
0.3666875645 0.3387689445 0.3984067118 0.3999238502 0.6001227774 0.4029075163 0.7031556142 0.4996032161 0.3007915246 0.7033467243 0.7031423279 0.6025707886
0.3745000645 0.3387689445 0.3984067118 0.3999238502 0.6001227774 0.4029075163 0.7031556142 0.4996032161 0.3007915246 0.7033467243 0.7031423279 0.6025707886
0.3666951939 0.3388299796 0.3984067081 0.3999238502 0.6001227774 0.4029075163 0.7031556142 0.4996032161 0.3007915246 0.7033467243 0.7031423279 0.6025707886
0.4916952238 0.3232049796 0.3984067081 0.3999238502 0.6003669180 0.4029073970 0.7031556142 0.4996031565 0.3007915544 0.7033467243 0.7031423428 0.6025708482
0.4877279387 0.3543863160 0.3984062163 0.3999238502 0.6003821768 0.4029073821 0.7031556291 0.4996031714 0.3007915544 0.7033467243 0.7031423428 0.6025408074
0.4877279387 0.3231439444 0.3984062312 0.3999238502 0.6003974356 0.4029073970 0.7031556142 0.4996031714 0.3007915544 0.7033467243 0.7031423428 0.6025713250
0.4882162199 0.4804239138 0.3984051434 0.3999238502 0.5998938955 0.4029073821 0.7031708580 0.4996031714 0.3007915544 0.7032856892 0.7031423130 0.6025408074
0.4882162199 0.4803018435 0.3984051434 0.3999238502 0.5998938955 0.4029073821 0.7031718117 0.4996031714 0.3007915544 0.7032856892 0.7031423130 0.6025408074
0.4879720802 0.4803018435 0.3984051583 0.3999248113 0.5998938918 0.4029073821 0.7031718117 0.4996031565 0.3007915544 0.7032856892 0.7031422981 0.6025403306
0.4879720765 0.4804248675 0.3984051583 0.3999248113 0.5998938322 0.4029073821 0.7031718117 0.4996031863 0.3007915544 0.7032856892 0.7031423568 0.6025403306
0.4879720765 0.4804553850 0.3984051583 0.3999248113 0.5998938322 0.4029073821 0.7031718117 0.4996031825 0.3007915544 0.7032856817 0.7031423568 0.6025403306
0.9254720760 0.4804553888 0.3984356759 0.3994660940 0.5998938359 0.4029073747 0.7031717596 0.4996031900 0.3007916736 0.7035298224 0.7031422376 0.6015637681
0.9332826686 0.4804553888 0.3984318612 0.3994660940 0.5998938359 0.4029073747 0.7031717596 0.4996031900 0.3007897682 0.7035298224 0.7031422376 0.6015637681
0.9332826686 0.4492053906 0.3984318612 0.3994660940 0.5998938359 0.4029073747 0.7031717596 0.4996031900 0.3007897682 0.7035298224 0.7031422376 0.6015637681
0.9332826686 0.9492049133 0.3984318612 0.3995347511 0.5999586858 0.3950949343 0.7031717596 0.4999999790 0.3007897682 0.7035317297 0.7031422311 0.6025403306
0.6833437036 0.9492049133 0.3984318463 0.3995347511 0.5999586858 0.3950949343 0.7031717596 0.4999999790 0.3007897682 0.7035317297 0.7031422311 0.6025403306
0.0553530921 0.9492049133 0.3984289853 0.3995328102 0.5999546327 0.3953543365 0.7031717894 0.4997553616 0.3037194557 0.7035355444 0.7031403237 0.6049817368
0.0475405921 0.9492049133 0.3984289853 0.3995328102 0.5999546327 0.3953543365 0.7031717894 0.4997553616 0.3037195190 0.7035355444 0.7031403237 0.6049817368
0.2350403538 0.9492049207 0.3984289853 0.3995328102 0.5999546327 0.3953543365 0.7031717819 0.4987787991 0.2998132690 0.7035963411 0.7031250649 0.6049836479
0.1727558851 0.9662945261 0.3984242169 0.4000144158 0.5999470023 0.3953543365 0.7031717521 0.4990153103 0.3003013127 0.7035910959 0.7031346035 0.6049836330
0.1727558851 0.9662935724 0.3984242169 0.4000144158 0.5999470023 0.3953543365 0.7031717521 0.4990153103 0.3003013127 0.7035910959 0.7031346035 0.6049836330
0.1727558851 0.9506685724 0.3984242169 0.4000144158 0.5999470023 0.3953543365 0.7031717521 0.4990153103 0.3003013127 0.7035910959 0.7031346035 0.6049836330
0.1727558851 0.9505159845 0.3984242169 0.4000144158 0.5999470023 0.3953543365 0.7031717521 0.4990153103 0.3003013127 0.7035910959 0.7031346035 0.6049836330
0.1727558851 0.8567688454 0.3984242169 0.4000146542 0.5999202995 0.3953543365 0.7031717521 0.4990114658 0.3003012978 0.7035910959 0.7031346035 0.6030305080
0.1737314660 0.5899287188 0.3974480120 0.3992664985 0.5979366494 0.3992605865 0.7031717484 0.4990114062 0.3003012364 0.7035308952 0.7031346408 0.6025403194
0.1737333733 0.5899287188 0.3974480120 0.3992666177 0.5979366494 0.3992606219 0.7031717484 0.4990114062 0.3003014748 0.7035308952 0.7031346408 0.6025403194
0.1737257439 0.5899287188 0.3974480120 0.3992666177 0.5979366494 0.3992606219 0.7031717484 0.4990114062 0.3003014748 0.7035308952 0.7031346408 0.6025403194
0.1737257439 0.5918818438 0.3973869769 0.3992666177 0.5979366494 0.3992606219 0.7031717484 0.4990114062 0.3003014748 0.7035308952 0.7031346408 0.6025403194
0.0472710608 0.0502691605 0.3984359590 0.2996549088 0.5984478272 0.4001487469 0.7036295437 0.4999897587 0.2984320049 0.7031692003 0.7031264777 0.6026779000
0.0785985208 0.5493265191 0.3984360242 0.3070997282 0.5994167613 0.4002822604 0.7036667333 0.4990114081 0.3003319924 0.7033470745 0.7031369532 0.6029065257
0.0785986400 0.5493265191 0.3984360242 0.3070997282 0.5994167613 0.4002822604 0.7036667333 0.4990114081 0.3003319924 0.7033470745 0.7031369532 0.6029065257
0.1282027821 0.5165543561 0.3978237262 0.2996479238 0.5996656684 0.4001516787 0.7036286487 0.4997511362 0.3005682289 0.7031256321 0.7031283562 0.6026192499
0.0562864962 0.3056325925 0.3984374827 0.2991134900 0.5998104108 0.4003035812 0.7031403507 0.4992652428 0.2993370921 0.7031252298 0.7031281765 0.6032239251
0.1253340702 0.0175309200 0.3983139148 0.2996250357 0.6001539497 0.4001507688 0.7036288871 0.4997511436 0.3005682289 0.7031256321 0.7031876032 0.6026039911
0.1727583885 0.3002691607 0.3984207040 0.2996549088 0.5984478123 0.4001487320 0.7036295437 0.4999897587 0.3003241544 0.7031691109 0.7031264777 0.6026817147
0.1727583885 0.3007574419 0.3984207040 0.2996549088 0.5984478123 0.4001563614 0.7036295437 0.4999897587 0.3003241544 0.7031691109 0.7031264777 0.6026817147
0.6727583890 0.3007574419 0.3974441415 0.2996549088 0.5984478123 0.4001563614 0.7036295437 0.4999897587 0.3003241544 0.7031691109 0.7031264777 0.6026817147
0.6727583890 0.2988043169 0.3974441415 0.2996549088 0.5984487660 0.4001487320 0.7036295437 0.4999897587 0.3003241544 0.7031672035 0.7031264777 0.6026817147
0.6727583871 0.2987737994 0.3974441415 0.2996549088 0.5984487660 0.4001487320 0.7036295437 0.4999897587 0.3003241544 0.7031672035 0.7031264777 0.6026817147
0.6728194223 0.2987737994 0.3974441415 0.2996549088 0.5984487660 0.4001487320 0.7036295437 0.4999897587 0.3003241544 0.7031672035 0.7031264787 0.6026817147
0.6728194223 0.3612718921 0.3973220935 0.2996549088 0.6004018910 0.4001465863 0.7036295428 0.4999897876 0.3003241544 0.7031672035 0.7031875138 0.6026817147
0.6571944222 0.3612718921 0.3973220935 0.2996549088 0.6004018910 0.4001468247 0.7036295428 0.4999897578 0.3003241544 0.7031672035 0.7031875138 0.6026817147
0.1728194218 0.3612718921 0.3973220935 0.2996547895 0.6004018910 0.4001465863 0.7036295428 0.4999897876 0.3003241544 0.7031672035 0.7031875138 0.6026807610
0.1727583866 0.3612718921 0.3973220935 0.2996549125 0.6004018910 0.4001465863 0.7036297812 0.4999897876 0.3003241469 0.7031669651 0.7031875138 0.6026807610
0.1727583866 0.4862718922 0.3973220935 0.2996547933 0.6004018910 0.4001465267 0.7036297812 0.4999897876 0.3002936293 0.7031669651 0.7031875138 0.6026807610
0.1571639042 0.4862718922 0.3973220935 0.2996547933 0.6004018910 0.4001465267 0.7036297812 0.4999897876 0.3003241469 0.7031669651 0.7031874840 0.6026807610
0.1571333866 0.4857836128 0.3973373523 0.2996548231 0.6004019506 0.4001465416 0.7036298408 0.4999974319 0.3003241460 0.7031671132 0.7031874840 0.6026807610
0.1571333866 0.4232835829 0.3973373523 0.2996548231 0.6004019506 0.4001465416 0.7036317482 0.4999974319 0.3003241460 0.7031671132 0.7031874915 0.6026807610
0.1649458866 0.4232854903 0.3973373523 0.2996548380 0.6001539944 0.4001466561 0.7036317482 0.4999974319 0.3005682270 0.7031365956 0.7031874915 0.6026807629
0.4144576056 0.4232931197 0.3973373523 0.2996548380 0.6001539944 0.4001466561 0.7036317482 0.4997532894 0.3005682289 0.7031365993 0.7031874915 0.6025582157
0.4144576056 0.1732931195 0.3973373523 0.2996548380 0.6001539944 0.4001466561 0.7036317482 0.4997532894 0.3005682289 0.7031365993 0.7032180090 0.6025582157
0.4144576056 0.0482931193 0.3973373523 0.2996548380 0.6001539944 0.4001466561 0.7036317482 0.4997532894 0.3005682289 0.7031365993 0.7032180090 0.6026192509
0.4145186408 0.0170431193 0.3973373523 0.2996548380 0.6001539944 0.4001504112 0.7036298408 0.4997532894 0.3005682289 0.7031327846 0.7032180090 0.6026192509
0.4143965705 0.0170431193 0.3973373523 0.2996557917 0.6001539944 0.4001504112 0.7036298408 0.4997532894 0.3005701362 0.7031332615 0.7032180090 0.6026192509
0.3831465704 0.0170431193 0.3983139148 0.2996555532 0.6001539944 0.4001504112 0.7036297812 0.4997530510 0.3005701362 0.7031332615 0.7032181283 0.6026192509
0.3753340704 0.0170431193 0.3983139148 0.2996555532 0.6001539944 0.4001504112 0.7036297812 0.4997530510 0.3005682289 0.7031332615 0.7032181283 0.6026192499
0.3753340704 0.0170435961 0.3983139148 0.2996555532 0.6001539348 0.4001504112 0.7036297812 0.4997530510 0.3005682289 0.7031332615 0.7032181208 0.6026192499
0.3753340704 0.0175309237 0.3983139148 0.2996555532 0.6001539348 0.4001504112 0.7036297812 0.4997530510 0.3005682289 0.7031332615 0.7032181208 0.6026192499
0.1262496571 0.0175309200 0.3983139148 0.2996402944 0.5996656684 0.4001507241 0.7036286487 0.4997511436 0.3005682289 0.7031256321 0.7031264489 0.6026039911
0.1262496571 0.0165543575 0.3978237262 0.2996402944 0.5996656684 0.4001516778 0.7036286487 0.4997511436 0.3005682289 0.7031256321 0.7031264489 0.6026192499
0.1282027821 0.0165543556 0.3978237262 0.2996479238 0.5996656684 0.4001516787 0.7036286487 0.4997511362 0.3005682289 0.7031256321 0.7031264489 0.6026192499
0.3782008154 0.5163102155 0.3983120074 0.2996479238 0.5996659068 0.4001517085 0.7036286487 0.4997511362 0.3005682587 0.7031256917 0.7031436150 0.6026039911
0.2531941396 0.5163102155 0.3983120093 0.2996784414 0.5997884540 0.4001517085 0.7031251087 0.4997550701 0.3005682587 0.7031256917 0.7031438534 0.6026001764
0.2844460470 0.5163064008 0.3983120093 0.2996784414 0.6002757816 0.4001517085 0.7031251087 0.4997550701 0.3005682587 0.7031256917 0.7031438534 0.6026001764
0.3000786764 0.5163073554 0.3984350333 0.2996784414 0.6002757816 0.4001517085 0.7031251087 0.4997549509 0.3005682596 0.7031257066 0.7031428997 0.6026078058
0.4250786765 0.5163073554 0.3984350333 0.2996784414 0.6002757816 0.4001514701 0.7041016712 0.4997549509 0.3005682596 0.7031257047 0.7031428997 0.6025467707
0.4250786765 0.5006823554 0.3984374175 0.2996174063 0.6002757741 0.4001533924 0.7041016582 0.4997549546 0.3005682596 0.7031257047 0.7031272237 0.6025468899
0.4240868589 0.5006823554 0.3984221661 0.2996174063 0.6002757741 0.4001533924 0.7041169169 0.4997549546 0.3005682596 0.7031256749 0.7031272209 0.6025468899
0.4318993589 0.5006823554 0.3984221661 0.2996174063 0.6002757741 0.4001533924 0.7041169169 0.4997549546 0.3005683192 0.7031256749 0.7031272228 0.6025468899
0.4318993589 0.6256976143 0.3984221661 0.2996174063 0.6002757741 0.4001533924 0.7041169169 0.4997549546 0.3005683155 0.7031256749 0.7031272228 0.6025468899
0.4318998358 0.5009417548 0.3984221661 0.2996174063 0.6002757741 0.4001533914 0.7041169169 0.4997549546 0.3005683155 0.7031256749 0.7031272228 0.6025468899
0.4318998432 0.7509451525 0.3984221661 0.2996021475 0.5997798635 0.4001529146 0.7041169169 0.4997530472 0.3005416126 0.7031256768 0.7031273420 0.6025468899
0.4299467182 0.7509451525 0.3984221661 0.2996021326 0.5997798635 0.4001529146 0.7041169169 0.4997530472 0.3005416126 0.7031256768 0.7031273420 0.6025468899
0.0250364961 0.3056325925 0.3984374827 0.2991134900 0.5998104118 0.4003035812 0.7031403507 0.4992652428 0.2993370921 0.7109377298 0.7031281765 0.6032239251
0.0162474336 0.3075857175 0.3984373635 0.2991134900 0.5998103820 0.4003035812 0.7031403656 0.4992652428 0.2993370959 0.7109377298 0.7031281765 0.6032239242
