0.0013416093 0.2204710350 0.4363350677 0.5041537830 0.4936081790 0.4480950073 0.5313739186 0.5034625516 0.4984633182 0.4584846026 0.5000034119 0.6271365589
0.0139799919 0.9999921760 0.4049662998 0.6188669117 0.4530554288 0.2487733171 0.5002259123 0.5030849171 0.4841514970 0.4623754876 0.5025060927 0.5001247390
0.9984716745 0.1632636564 0.4373346115 0.5022314289 0.4355362714 0.4326374004 0.5033539790 0.5352388718 0.4663913236 0.4832024029 0.5334667419 0.5135096531
0.2283094146 0.9754866585 0.4589742212 0.5008413396 0.4953339971 0.4966277298 0.5039653215 0.5078530558 0.5117443814 0.5022058063 0.5002531861 0.4673532252
0.5199427665 0.4980943059 0.4962999956 0.5322746090 0.4994312371 0.4444472691 0.5812156085 0.5001890962 0.3124202316 0.4692055802 0.5312968432 0.5312605449
0.0021343669 0.4905261868 0.3078110798 0.5323124579 0.4991938020 0.4437008998 0.5713278563 0.5636810368 0.2769893373 0.3603187468 0.6601763895 0.5000392129
0.0021191081 0.4905261868 0.3068345173 0.5323124579 0.4991938020 0.4437010190 0.5713278526 0.5636810368 0.2769893224 0.3603187468 0.6601763895 0.5000392129
0.0157924136 0.4980943068 0.3068468704 0.5323431543 0.4991786289 0.4444491765 0.5714499825 0.5636656588 0.3075088079 0.3442055875 0.5312663098 0.5312911202
0.0157614192 0.4355945452 0.3068468853 0.5362186483 0.4991786326 0.4444491765 0.5714499825 0.5636656588 0.3072627599 0.3446938659 0.6562663099 0.5312911053
0.0157919368 0.4355943067 0.3068468853 0.5323123983 0.4991786326 0.4444491765 0.5714499825 0.5636656588 0.3075088079 0.3446938669 0.6562663099 0.5312911053
0.5204005339 0.3730943057 0.4923946992 0.5322746090 0.4994312073 0.4405419728 0.5655906075 0.5001871591 0.2811703508 0.4848305802 0.5312968134 0.5312605375
0.5299830535 0.1231019358 0.4923946918 0.5322725824 0.4974780823 0.4405419728 0.5655906075 0.5001871591 0.4061712449 0.4848305802 0.5312663256 0.5312644118
0.5749046901 0.0110871056 0.4923949302 0.5323342732 0.4978366629 0.4405409968 0.5655906057 0.5626871004 0.4022649949 0.4853188614 0.5312968376 0.5939999759
0.6820466031 0.1578001996 0.3746016364 0.5013530352 0.4999468061 0.4999878346 0.5096724075 0.5000963905 0.4997202060 0.4452692694 0.5002872557 0.4985006661
0.7375260133 0.7286151170 0.4753818805 0.5111110355 0.4885020503 0.4371794233 0.5020143189 0.6252627015 0.4965668232 0.4996541510 0.5482637459 0.4766231901
0.6999046902 0.0037629465 0.4923949302 0.5322579905 0.4998508529 0.4405409968 0.5030906056 0.5626871079 0.4022649949 0.4848296228 0.5312968451 0.5939999536
0.6374046902 0.0037629465 0.4923949302 0.5322579905 0.4998508529 0.4406630671 0.5030906056 0.5626871079 0.4022650545 0.4223296227 0.5312968451 0.5627499535
0.6781596361 0.0373337791 0.4370595062 0.5644553402 0.4355381871 0.4329444835 0.5002863663 0.5352350581 0.4585748897 0.4836905640 0.5334519600 0.5132749346
0.9317610636 0.5402460094 0.4970609075 0.5030228379 0.4940739046 0.4996892312 0.5628742525 0.5048540090 0.4946271148 0.4866039515 0.5175846103 0.5425140900
0.6156596510 0.5373261501 0.4995595063 0.5644551018 0.4979770328 0.4329750011 0.5041926163 0.5359674725 0.4585596309 0.4836905640 0.5314988350 0.5132596777
0.6286759671 0.9744733041 0.4986518403 0.5000341986 0.4310563676 0.4482317226 0.5393465204 0.5014655483 0.4319349680 0.4661156661 0.5000968943 0.5024472191
0.0062851030 0.8707656934 0.3654533675 0.5034196912 0.4816620084 0.2340889659 0.5004084003 0.5650782004 0.4930907502 0.7669840639 0.5479376684 0.5627470692
0.0764494744 0.9999921760 0.4050273648 0.6188819330 0.4530554288 0.2487733171 0.5002259049 0.5011356068 0.4841514970 0.4623736995 0.5005529686 0.5001252177
0.0765105095 0.9999921760 0.4050197056 0.6188819321 0.4530554288 0.2487733171 0.5002259049 0.5011317921 0.4841514970 0.4623736995 0.5005529677 0.5001256946
0.0023788530 0.8239669873 0.3654247647 0.5034196931 0.4816619488 0.2341271129 0.5004084003 0.5727685705 0.4950439348 0.7667705601 0.5484259571 0.5627470767
0.0062851030 0.8239669873 0.3654247647 0.5034196931 0.4816619488 0.2341271129 0.5004084003 0.5727685705 0.4945556535 0.7667553013 0.5484259562 0.5627470767
0.0075058062 0.8591194375 0.3654247963 0.5014808732 0.4816619488 0.2343712535 0.5004084003 0.5727685705 0.4945403947 0.7667553125 0.5479376712 0.5647004401
0.0075019915 0.8591194375 0.3654247963 0.5014808723 0.4816619488 0.2343712535 0.5004103077 0.5728911176 0.4945403947 0.7667553125 0.5479376712 0.5647004699
0.0065254290 0.7966194449 0.3654247963 0.5014808723 0.4816619488 0.2341271129 0.5002882374 0.5728911176 0.4945403947 0.7667553125 0.5479376414 0.5647004699
0.0296437517 0.7620285710 0.4635529355 0.5025135991 0.4993643896 0.4979695533 0.5065923859 0.5001172624 0.4352127001 0.4782021851 0.5166738159 0.7502826431
0.0074714739 0.7927160783 0.3664003903 0.5015571672 0.4816772225 0.2343712572 0.5003802669 0.5729187816 0.4946014336 0.7657789884 0.5323126563 0.5686057104
0.0069867689 0.8531718774 0.3664307849 0.5015572268 0.4819213482 0.2343559984 0.5003802669 0.5729111522 0.4950887090 0.7657789884 0.5323050269 0.5061054719
0.0149873104 0.8740156133 0.4048442258 0.5876169117 0.4530859463 0.4987728442 0.5001648772 0.5030849171 0.4842736269 0.4623754876 0.5025060927 0.5020779236
0.1660989552 0.8443854971 0.3725345241 0.6260709759 0.4857058278 0.4919949300 0.5003796131 0.5124248355 0.4949826724 0.4219164843 0.5471981043 0.5080595058
0.0622901731 0.9416737807 0.4960690117 0.5628085188 0.4988782317 0.4952224581 0.5202696282 0.5333203799 0.4833720284 0.4804376350 0.5040183296 0.3987140287
0.1660951396 0.8446277304 0.3725316612 0.6260709573 0.4861938725 0.4919950510 0.5003760369 0.5123941912 0.4949826128 0.4221606231 0.5469539636 0.5090351147
0.9657427882 0.9920021007 0.4978898116 0.5001531099 0.4781594150 0.4950528215 0.5704726582 0.5639954112 0.4322496517 0.4993817327 0.5328420014 0.6582167760
0.4103739359 0.8220120089 0.4859532160 0.5039892555 0.4247699850 0.4821492000 0.6333153803 0.5010778704 0.4784726831 0.4980204026 0.5330069461 0.4901957246
0.4475045553 0.9731071610 0.4995081737 0.5123142186 0.4953111676 0.4979045824 0.5044221613 0.5626279810 0.5015738173 0.5080652149 0.5179556222 0.4914009576
0.1560450039 0.6030174378 0.4921726962 0.5003236779 0.4997211047 0.4940329627 0.5120384055 0.5159630464 0.4936436792 0.4672130267 0.5393560161 0.4919275795
0.4317171941 0.5335774417 0.3720465986 0.5030240896 0.4315672884 0.4860708252 0.5628666268 0.6295776671 0.4946232256 0.4866038407 0.5234592431 0.5107748550
0.4163335212 0.6081926651 0.4998455155 0.5313815004 0.4985350394 0.4977129730 0.5627501715 0.6254918469 0.4972938490 0.4919874906 0.5006597103 0.4948052945
0.4317171941 0.5348744369 0.3720465986 0.5030240896 0.4315672884 0.4880239502 0.5628666268 0.6295788592 0.4946232256 0.4866038407 0.5254123681 0.5107758087
0.9317610636 0.5392694469 0.4970609075 0.5030228379 0.4940739195 0.4996892312 0.5628742525 0.5048540090 0.4946271148 0.4866039515 0.5175846103 0.5425140900
0.9317610636 0.0395135871 0.4970609075 0.5030304673 0.4930973570 0.4996892312 0.5628742525 0.5048540090 0.4946271148 0.4866039515 0.5175845805 0.5425140900
0.9317610338 0.0393915167 0.4814359075 0.5030304673 0.4930973570 0.4996892312 0.5628742525 0.5048540090 0.4946271148 0.4866039515 0.5175845805 0.5425140900
0.9161375835 0.0393762570 0.4775296575 0.5030304655 0.4928532164 0.4996892349 0.5628742525 0.5048539792 0.4946271148 0.4866039646 0.5175845805 0.5415375275
0.9161374643 0.0315637570 0.4775296575 0.5035181507 0.4928532238 0.4996892349 0.5628761580 0.5048539792 0.4951153961 0.4866039646 0.5175845805 0.5415375275
0.8853738344 0.0313234264 0.4951154008 0.5035181497 0.4928532201 0.4999033497 0.5633644243 0.5048539792 0.4951153961 0.4953930271 0.5019748393 0.5313446722
0.3853738339 0.0313234264 0.4951154008 0.5034571146 0.4928532201 0.4999033497 0.5633644243 0.5048539792 0.4951153961 0.4953930271 0.5019748393 0.5313446722
0.2603738338 0.0313234264 0.4326154007 0.5034571146 0.4928532201 0.4999033497 0.5633644243 0.5361039793 0.4951153961 0.4953930271 0.5009982768 0.5313446722
0.2603585788 0.0313229366 0.4326154715 0.5015041088 0.4928532201 0.4989267872 0.5631202837 0.5360734617 0.4951163498 0.4953930271 0.5015170607 0.5318329535
0.2603586980 0.5313229370 0.4326155013 0.5014735912 0.4928532201 0.4989267872 0.5631202539 0.5359513914 0.4951163498 0.4953930271 0.5015780958 0.5474579535
0.2747283832 0.6208614042 0.4900964019 0.5356080630 0.4821687355 0.4997274461 0.5086120660 0.5054736142 0.4993843711 0.4608352328 0.5157196508 0.3721414361
0.2747283832 0.6208618829 0.4900964019 0.5356080630 0.4821687355 0.4997279230 0.5086120660 0.5054736142 0.4993538535 0.4608352328 0.5157196508 0.3721414361
0.2598658868 0.5391354519 0.4326155013 0.5017177328 0.4928532201 0.4989306028 0.5628761133 0.5530526792 0.4946280685 0.4944164646 0.5015781275 0.5474569849
0.2598658868 0.6641354520 0.4326116866 0.5017177328 0.4772282201 0.4989306028 0.5628761133 0.5530526792 0.4946280685 0.4944164646 0.5015780977 0.5474569849
0.1665431477 0.6651137505 0.4326116288 0.5019847616 0.4791813069 0.4950252990 0.5638527056 0.5511262422 0.4945059982 0.4319317308 0.5013302010 0.5335409693
0.1665450513 0.6690486108 0.4970571841 0.5019923761 0.4948064261 0.4959865981 0.5636085352 0.5477070814 0.4319449593 0.4358456102 0.5013359231 0.5333044580
0.2598048516 0.6651119922 0.4326116884 0.5029384359 0.4772282201 0.4989305953 0.5628761431 0.5530526792 0.4946280685 0.4944164646 0.5015742830 0.5494101099
0.0098048514 0.6651138995 0.4326116884 0.5019542440 0.4772263118 0.4989305953 0.5628761431 0.5530831968 0.4946280685 0.4944164646 0.5018184236 0.5340297274
0.1348048515 0.6651137505 0.4326116884 0.5019847616 0.4772282191 0.4950243453 0.5638527056 0.5511300718 0.4945059982 0.4319164645 0.5018184832 0.5340297274
0.1352931626 0.6651137505 0.4326116288 0.5019847616 0.4791813367 0.4950252990 0.5638527056 0.5511262422 0.4945059982 0.4319317308 0.5013302010 0.5335409693
0.6704665606 0.6710169331 0.4970619227 0.5019848063 0.4928533616 0.4959789687 0.5050195684 0.5164570823 0.4320632149 0.4369441238 0.5013054055 0.5333049349
0.6704665606 0.6632049099 0.4980385001 0.5000316813 0.4928533914 0.4959789687 0.5048974869 0.5164570823 0.4321242500 0.4369441238 0.5013359231 0.5332438997
0.1704665601 0.7414519803 0.4980232702 0.5039379313 0.4937996748 0.4957496175 0.5050500748 0.5008244528 0.4318801113 0.4370052781 0.5013282937 0.5333088092
0.6395827715 0.2414519798 0.4980204054 0.5625316888 0.4937996748 0.4801246146 0.5050506112 0.5005917563 0.4318839278 0.4370052781 0.5013135117 0.5332401744
0.9667193470 0.9920021007 0.4978898116 0.5001531099 0.4784035557 0.4950528215 0.5704726582 0.5639954112 0.4322496517 0.4993817327 0.5328424783 0.6582167760
0.9411759674 0.8650869754 0.4986518403 0.5000341986 0.4935563677 0.4951067227 0.5393484277 0.5014654887 0.4319311831 0.4661156651 0.5000663768 0.5024548485
0.6911759672 0.8650983040 0.4986518403 0.5000341986 0.4935563677 0.4482317226 0.5393484277 0.5014655483 0.4319350016 0.4661156651 0.5000968943 0.5024472191
0.7923573505 0.7216407337 0.4360932423 0.5827338571 0.4491801285 0.4958913173 0.5468796515 0.5035731369 0.4994408493 0.4975503343 0.5005520177 0.5626835689
0.8159625817 0.9863205664 0.4988970538 0.6250339678 0.4310488276 0.4482130552 0.5314996881 0.5014655576 0.4944349979 0.4661156959 0.5000015344 0.5025638067
0.9828237863 0.1691211240 0.4373346096 0.5022314624 0.4355362658 0.4306852291 0.5031095999 0.5352391103 0.4663912044 0.4832024020 0.5334514533 0.5135096531
0.6911759662 0.8650830415 0.4986518403 0.5000341986 0.4935563677 0.4482317226 0.5393484277 0.5014655483 0.4319350016 0.4661156651 0.5000968943 0.5024472191
0.6911759672 0.9745953707 0.4986518403 0.5000494574 0.4310563378 0.4482319462 0.5315340204 0.5014655483 0.4319349680 0.4661156661 0.5000358592 0.5025654747
0.6912064847 0.9745953707 0.4986518403 0.5000494574 0.4310563378 0.4482320691 0.5315340204 0.5014655557 0.4319349680 0.4661156661 0.5000358592 0.5025654747
0.9409623444 0.9745953828 0.4988807221 0.5000494574 0.4310563378 0.4482321287 0.5314958734 0.5014655576 0.4319349680 0.4661156661 0.5000358592 0.5025657141
0.9409623444 0.9745951444 0.4988807221 0.5000494574 0.4310563378 0.4482321287 0.5314958734 0.5014655576 0.4319349680 0.4661156661 0.5000358592 0.5025657141
0.8159623442 0.9902201444 0.4988970538 0.6250339603 0.4310563378 0.4482321287 0.5314996881 0.5014655576 0.4319349680 0.4661156959 0.5000053416 0.5025657141
0.8159625817 0.4705739724 0.4988970538 0.6250339082 0.4310488276 0.4482134724 0.5314996881 0.5014655576 0.4944349979 0.4661156959 0.5000015344 0.5025638067
0.8159625817 0.4705587136 0.4988970538 0.6250339082 0.4310493045 0.4482134724 0.5314996881 0.5014655576 0.4944349979 0.4661156959 0.5000015344 0.5025639259
0.5659625815 0.4705587136 0.4988970538 0.6250033906 0.4310493045 0.4482134724 0.5314996881 0.5014655576 0.4944349979 0.4661156959 0.5000015344 0.5025638067
0.0091541093 0.2204710350 0.4360947417 0.5039096423 0.4936081790 0.4480950054 0.5313739186 0.5034625516 0.4984633182 0.4584884191 0.5000034119 0.6271441883
0.0091541018 0.9743772857 0.4360952186 0.5040928670 0.4936081790 0.4490792588 0.5938777333 0.5034625516 0.4984633182 0.4975508596 0.5004909704 0.6898883299
0.5091542178 0.9705950133 0.4360952186 0.5041234368 0.4936118745 0.4490792597 0.5333308583 0.5034511038 0.4838149403 0.4975508559 0.5006130408 0.6898883299
0.0149870720 0.8740156133 0.4048442258 0.5876169117 0.4530249112 0.4987728442 0.5001648772 0.5030849171 0.4842736269 0.4623754876 0.5025060927 0.5020779236
0.0149870720 0.8749921758 0.4048442258 0.5876169117 0.4530249112 0.4987728442 0.5001648772 0.5030849171 0.4842736269 0.4623754876 0.5025060927 0.5020779236
0.0140105095 0.8749921758 0.4048442295 0.5876169117 0.4530554288 0.4987733210 0.5002259123 0.5030849171 0.4841515566 0.4623754876 0.5025060927 0.5001247390
0.0140105095 0.9999921760 0.4049662998 0.6188669117 0.4530554288 0.2487733208 0.5002259123 0.5030849171 0.4841514970 0.4623754876 0.5025060927 0.5001247390
0.9984721513 0.1622880475 0.4373346115 0.5022314289 0.4355381787 0.4326984356 0.5033539790 0.5352388718 0.4663913236 0.4832024029 0.5334667419 0.5135094146
0.9984721513 0.1622727887 0.4373341347 0.5022314289 0.4354771436 0.4327003429 0.5033535021 0.5352388718 0.4663913236 0.4832020453 0.5334667419 0.5135094146
0.6137065260 0.5373261501 0.4995595063 0.5644551018 0.4979770328 0.4310218761 0.5041926163 0.5354791913 0.4536768184 0.4836905640 0.5314988946 0.5152128027
0.7152531489 0.5850632420 0.4683143911 0.5019551166 0.4994425918 0.4311290751 0.5041583269 0.5315729599 0.3912378395 0.4817373757 0.5313767796 0.5066030310
0.0544929319 0.9416737807 0.4960690117 0.5628085188 0.4988781982 0.4952224581 0.5202696282 0.5333203799 0.4833729821 0.4804376350 0.5040183296 0.3987140287
0.7377701539 0.6036151188 0.4754430647 0.5111110336 0.4963221778 0.4371791849 0.5020143199 0.6252627015 0.4965668232 0.4977010260 0.5480196053 0.4922481864
0.5257966030 0.5328612351 0.3746016364 0.5013530352 0.4960405552 0.4999730452 0.5096724075 0.5001021125 0.4997202060 0.4452692395 0.5002872557 0.4985006661
0.0310450038 0.6030174378 0.4921726962 0.5003236760 0.4997211047 0.4940329627 0.5120995003 0.5003380463 0.4936436792 0.4672130267 0.5393560012 0.4919280563
0.5310450043 0.6030174378 0.4921726962 0.5008119573 0.4997211047 0.4940329627 0.5120995003 0.5003380463 0.4936436792 0.2172130265 0.5391118606 0.4919280563
0.4396920553 0.9731071610 0.4995081737 0.5045036259 0.4953111676 0.4979045824 0.5044221613 0.5626279810 0.5015738173 0.5080652149 0.5179556222 0.4992134576
0.4709420553 0.9731071610 0.4995081737 0.5045036259 0.4953111676 0.4979045824 0.5044221613 0.5704404810 0.5015430464 0.5080652149 0.5179556073 0.4992134576
