14.6556066982 4.4262067952 -2.8712839961
1.5875704800 0.4491477476 3.6559885591
17.8828286111 8.0315127981 -9.5152625557
50.6999016348 38.6786425914 -43.0977923917
31.7896803693 16.2647803021 -21.3288772489
13.2226359840 80.3517925056 -40.0481921859
1.2400197187 50.6639310009 -24.3766569834
39.8104783549 2.2244318440 -5.6184518838
11.9683889330 13.4756465114 -0.5180534554
67.8928388080 0.5948524092 -36.3558274345
54.6144060408 0.4475964277 -26.8886742614
11.5777639326 13.4756465114 2.6696672612
11.9720128954 13.4670634426 -0.8390536999
13.5175184205 13.4500689663 0.8342193354
13.5069790676 11.8830792971 2.5107946664
9.2297247206 17.1101078991 -4.5718952584
12.4412497270 80.3520377191 -42.5231326770
11.8646521365 80.3608054245 -40.5107242565
11.8650327345 80.3608045528 -40.5004936773
1.4396772913 76.7617604659 -39.9964669701
56.6065233451 62.5391364403 -57.6678349589
73.9175965481 79.8653509926 -73.6640131411
74.0593908051 80.0315578220 -76.4513851567
67.8992599912 1.3794718354 -36.5339001792
74.7654488590 26.8253114839 -44.8467397620
39.8155595317 2.2234095051 -5.5718667653
39.8155541673 2.2234995081 -5.5719346585
39.8156299844 2.2235037997 -5.5759356028
39.8160658219 2.2216509120 -5.6705638883
40.5533510445 1.3720109879 -3.2239393923
40.5605970620 1.3807828842 -3.3141344216
15.6192565439 2.1962597012 2.6613394269
2.8810659863 13.8233139721 2.4343323586
2.8809715725 13.8262713162 2.5425343490
52.9970920517 13.9414378882 -17.7466169880
2.9945736921 17.1249546413 -1.7498232730
12.3540112149 17.1094898511 -6.7133392392
54.4194736469 0.4479821220 -14.8862609281
52.0002818874 55.9919300734 -50.2768221674
52.0020925852 62.6343180937 -52.9109509934
50.7679215018 38.7466624584 -46.5339089622
51.8578325679 55.8126658519 -46.8801126316
50.7010174338 38.7285865154 -45.2029869100
19.8851002354 50.5590115002 -35.9178848938
13.6351002296 50.5590115002 -27.3424525962
0.5607774051 38.6368796154 -17.9113592767
1.6117097837 0.4488729888 3.6301686545
1.6849519713 0.4488726163 3.4540855312
4.8099449744 0.4488715769 3.1960254311
53.8353533057 0.4497936934 -24.6987816507
53.9973401579 0.5629524205 -26.6381956086
54.0273770758 0.5693262945 -26.8593885530
53.9785489508 0.5693262945 -25.4436734026
53.9795099863 0.7655759883 -25.5415682428
53.9682988294 50.7787789405 -49.5988894574
67.8569416042 50.5597181915 -65.5100267618
67.8576825579 50.5596962058 -65.5150860169
67.7951825579 0.5948524092 -28.0177137818
67.7951825579 0.5952338790 -28.0178697074
67.7995776088 1.3804974609 -28.2066679586
67.8991913183 1.7944422253 -36.8130293672
67.8960752582 1.7947593928 -36.8234707483
67.8894203875 8.0381045279 -38.9775424993
17.8634472072 7.6337134251 -7.4626806123
17.8634474754 7.6337613770 -7.4633866169
17.8809935145 10.7763074190 -8.4211343750
14.6418395321 3.6312373122 -1.7529559534
14.6418388616 28.6312366649 -7.8950689916
27.1418426283 28.6312404200 -20.2834023457
27.1399917849 3.6301644136 -14.1635686566
27.1410756907 3.4359358193 -13.0428472569
27.0261567788 3.7131676003 -16.0713914323
27.0306118087 3.7115191147 -15.9810510745
25.4859639199 3.7293712274 -5.3616132381
31.7626103238 3.7316065431 -16.7065360763
31.7916673497 3.7667672709 -16.7233656718
31.7894022913 16.2629770903 -21.2678851030
31.7935892316 17.0486047662 -24.6164161855
81.8111674032 17.0783899225 -51.1395926135
94.3111760147 17.0783985223 -51.9531837285
94.5927015449 16.5786740518 -46.5454633023
94.5916026289 4.0775749380 -41.4938407059
95.0912005495 16.4668213071 -62.3597803447
95.1268352302 66.5268700969 -86.7120766144
95.0915095400 16.4663673581 -62.3743402276
95.8297913271 14.0796491423 -47.6928205175
95.8705265719 13.7297593868 -51.7398848301
95.8662324559 13.7742933958 -53.1971778979
50.7196770255 38.7716601697 -45.2420581554
0.5560486110 88.6325323376 -47.2236651387
0.5560475382 88.6321497950 -47.2058194219
0.5560474376 88.6323404293 -47.2147892144
6.8711989542 88.7005379237 -48.7249979313
25.9824412654 88.6726360200 -60.9577621863
32.2310803267 88.6713227592 -52.8526676475
75.8337338317 88.5682353730 -86.9155990895
76.6116525288 88.5641411299 -91.9012778250
75.8337338317 88.5674724335 -86.8958581955
76.0151862580 75.9558711613 -75.8623130978
75.8238247709 76.0082583989 -69.4684633234
