0.0229921257 0.0625061691 0.6025585100 0.3003387817 0.3000594958 0.7028427261 0.5000687768 0.5999776205 0.5004987740 0.4062691866 0.5000595492 0.7004327464
0.9997384949 0.0080852043 0.6025626162 0.7992940422 0.3008520206 0.6952812296 0.5010035182 0.6003630055 0.5083090891 0.4062539231 0.5005704802 0.1994475855
0.9204435199 0.5713261408 0.6016410604 0.2990018356 0.3000798107 0.6993660477 0.5010384186 0.5997608850 0.5001697685 0.4062757598 0.5000355872 0.7007179444
0.9165829419 0.9435228174 0.6035965696 0.2990021783 0.3002028347 0.7002210093 0.5010536476 0.5997608831 0.5002317722 0.4065065490 0.5001230869 0.7007181232
0.9732235968 0.9481300720 0.6035838887 0.3000399427 0.2997298122 0.7002818116 0.5000266791 0.5998456111 0.5004178281 0.4082070155 0.5000173147 0.7008533559
0.9992688615 0.3807070566 0.6016508514 0.3040804065 0.2997985774 0.6994253823 0.5005031941 0.6010546066 0.5000114846 0.4062504856 0.5002441532 0.6988279118
0.7573289869 0.0947331191 0.6015838400 0.3003446425 0.3000845782 0.6992438479 0.5010384782 0.5997493850 0.5006122733 0.4062710408 0.5000355295 0.7004319008
0.9868973940 0.8251689978 0.6016689405 0.3000399278 0.2996677545 0.7002816849 0.5000717095 0.5998227565 0.5004168353 0.4082071384 0.5025636232 0.7008581392
0.9997384949 0.0091831219 0.6025473574 0.7992635842 0.3008520206 0.6952776534 0.5011255885 0.6003630055 0.5083090891 0.4062539250 0.5005707187 0.1999358667
0.7729539869 0.0947331191 0.6015838400 0.3003446425 0.3000836245 0.6992438479 0.5010384782 0.6007259475 0.5006122733 0.4062710408 0.5000355295 0.7004319008
0.9997384949 0.5091821686 0.6025472978 0.3002401463 0.3008520206 0.6952776534 0.5011255885 0.6003629757 0.5083090891 0.4062539250 0.5005705995 0.1999358667
0.9997384949 0.5091831223 0.6025473574 0.3002401463 0.3008520206 0.6952776534 0.5011255885 0.6003629757 0.5083090891 0.4062539250 0.5005705995 0.1999358667
0.9997384949 0.0090612900 0.6025626162 0.7992941018 0.3008520206 0.6952774149 0.5010035182 0.6003630055 0.5083090891 0.4062539231 0.5005704802 0.1994475855
0.9997384949 0.0393352043 0.6025626162 0.8002701279 0.3008520206 0.6952812296 0.5010035182 0.6003630055 0.5083086123 0.4062539231 0.5005704802 0.1994475855
0.9997384949 0.2893352046 0.6025626162 0.8002701279 0.2969457705 0.6952812296 0.5010035182 0.6003630055 0.5083086141 0.4062539231 0.5025236201 0.1994475855
0.5624375265 0.1875071248 0.6025585696 0.3003998169 0.3000747397 0.7027818064 0.5000687768 0.5999790510 0.5004978287 0.4062691866 0.5000214032 0.7004356372
0.3979864115 0.0087956190 0.6015800253 0.2999784316 0.3000836254 0.6992439690 0.5010384186 0.5997570107 0.5001545087 0.4062710483 0.5000360659 0.7008553331
0.4920776808 0.0023407880 0.6027993863 0.7999195194 0.3001337436 0.7028476891 0.5000693924 0.5998684919 0.5044046775 0.4062615534 0.5000824821 0.6997070300
0.4881714308 0.0023407880 0.6027993863 0.7999195194 0.3001337436 0.7028476891 0.5000693924 0.5998684919 0.5044046775 0.4062615534 0.5000824821 0.7006835925
0.4959839457 0.0019745771 0.6027993565 0.7999195194 0.3001184848 0.7028477189 0.5000693849 0.5999869859 0.5044046775 0.4062615497 0.5000824821 0.7006835925
0.3709840648 0.0019745771 0.6028031712 0.7999195194 0.3001184848 0.7028477189 0.5000693998 0.5999869263 0.5044046775 0.4062539203 0.5000824830 0.7006835925
0.2570848384 0.0947331191 0.6015838400 0.3003446425 0.3000864930 0.7002201720 0.5010380014 0.5997493850 0.5006132270 0.4062710408 0.5000356487 0.7004319045
0.5624227445 0.1875071248 0.6025585696 0.3003998169 0.3000747397 0.7027818064 0.5000687768 0.5999790510 0.5004978287 0.4062691866 0.5000214023 0.7004356372
0.5311708371 0.1875071248 0.6025585100 0.3003387817 0.3000594958 0.7028428416 0.5000687768 0.5999776205 0.5004987749 0.4062691866 0.5000214023 0.7004346835
0.5309266965 0.1875071229 0.6025585100 0.3003387817 0.3000594958 0.7028427224 0.5000687768 0.5999776205 0.5004987740 0.4062691866 0.5000214023 0.7004346835
0.5229921262 0.1875071229 0.6025585100 0.3003387817 0.3000594958 0.7028427224 0.5000687768 0.5999776205 0.5004987740 0.4062691866 0.5000519198 0.7004346537
0.5229921262 0.0625071228 0.6025585100 0.3003387817 0.3000594958 0.7028427224 0.5000687768 0.5999776205 0.5004987740 0.4062691866 0.5000519198 0.7004346537
0.5229921262 0.0625061691 0.6025585100 0.3003387817 0.3000594958 0.7028427224 0.5000687768 0.5999776205 0.5004987740 0.4062691866 0.5000595492 0.7004346537
0.0229921257 0.0947331787 0.6015819475 0.3003387892 0.3000823840 0.7028427261 0.5000691344 0.5999781141 0.5004987777 0.4062710939 0.5000519198 0.7004322696
0.1479921259 0.0947331787 0.6015838549 0.3003387892 0.3000823840 0.7028427261 0.5000696112 0.5999781141 0.5004911483 0.4062713323 0.5000519198 0.7004322696
0.3979864115 0.0712956191 0.6015800253 0.2999784316 0.3000836254 0.6992438498 0.5010384186 0.6007335732 0.5001545087 0.4062710483 0.5000355891 0.7008629625
0.2573289790 0.0947331191 0.6015838400 0.3003446425 0.3000845782 0.7002204104 0.5010384782 0.5997493850 0.5006132270 0.4062710408 0.5000355295 0.7004319008
0.7729845045 0.0947331191 0.6015838400 0.3003446425 0.3000836245 0.6992438479 0.5010383590 0.6007259475 0.5006122733 0.4062710408 0.5000355295 0.7004319008
0.7729864118 0.0634831191 0.6015838400 0.3003446425 0.3000836245 0.6992438498 0.5010384186 0.6007259475 0.5006122724 0.4062710408 0.5000355295 0.7008591478
0.7729864118 0.0712956191 0.6015838400 0.3003446425 0.3000836254 0.6992438498 0.5010384186 0.6007259475 0.5001239912 0.4062710408 0.5000355295 0.7008591478
0.2729864114 0.0712956191 0.6015800253 0.3004667128 0.3000836254 0.6992438498 0.5010384186 0.6007259475 0.5001545087 0.4062710483 0.5000355891 0.7008629625
0.8979864120 0.0087956190 0.6015800253 0.2999784316 0.3000836254 0.6992439690 0.5010384186 0.5997570107 0.5001545087 0.4062710483 0.5000360659 0.7009163682
0.9057989120 0.0087956190 0.6015800253 0.2999784316 0.3000836254 0.6992439690 0.5010384186 0.5997570107 0.5001697675 0.4062710483 0.5000360659 0.7009163682
0.9370489120 0.0087956190 0.6015800253 0.2999784316 0.3000836254 0.6992439690 0.5010384186 0.5997570107 0.5001697675 0.4062710501 0.5000360659 0.7009163682
0.9370489120 0.0087956227 0.6015800253 0.2999784316 0.3000836254 0.6992439690 0.5010384186 0.5997570107 0.5001697675 0.4062710501 0.5000360659 0.7009163682
0.9370450973 0.0088261403 0.6015800253 0.2999784316 0.3000836254 0.6993660393 0.5010384186 0.5997570107 0.5001697675 0.4062710501 0.5000355910 0.7009011094
0.9360685348 0.0088261403 0.6015800253 0.2999631728 0.3000836254 0.6993660393 0.5010384186 0.5997570107 0.5001697675 0.4062710501 0.5000355910 0.7009011094
0.9204435348 0.0088261403 0.6015800253 0.2989866103 0.3000836254 0.6993660393 0.5010384186 0.5997570107 0.5001697675 0.4062710501 0.5000355910 0.7009011094
0.9204435199 0.0713261404 0.6016410604 0.2990018654 0.3000798107 0.6993660477 0.5010384186 0.5997608254 0.5001697685 0.4062671758 0.5000355910 0.7007789795
0.9205045550 0.5635145945 0.6016410604 0.2990023124 0.3002018810 0.7003430870 0.5010379418 0.5997608850 0.5001697685 0.4062738525 0.5000355872 0.7007179444
0.9200162738 0.5635145945 0.6016410604 0.2990023124 0.3002028347 0.7003430870 0.5010379418 0.5997608850 0.5001707221 0.4062738525 0.5000355872 0.7007179444
0.9372564684 0.6924297583 0.6018085634 0.2997484713 0.3007389748 0.7000716708 0.5022671497 0.6000349155 0.5001564282 0.4062546533 0.5002442072 0.6978370153
0.6590036188 0.9061140305 0.5974456422 0.2996783604 0.3000123662 0.7003374479 0.5000000219 0.6005021740 0.5001621251 0.4062961977 0.5025025713 0.6991979579
0.4475860460 0.9304507979 0.6018902255 0.3009062878 0.2997995301 0.6994575203 0.5000135940 0.6002718747 0.5002561607 0.4062525224 0.5002446841 0.6990110192
0.5957820989 0.9435380743 0.6035368457 0.2990021932 0.3002028347 0.7007090521 0.5000618263 0.5999973645 0.5002317722 0.4084596777 0.5001230869 0.7008406554
0.5960624335 0.8861034614 0.6015728494 0.3000779797 0.2991242197 0.7002650208 0.5002608080 0.5997421375 0.5000649332 0.4062504968 0.5000797217 0.2002466528
0.7530515639 0.8190138422 0.6016071519 0.3002649874 0.2997894811 0.7002829655 0.5000015101 0.5998496661 0.5001729294 0.4082190072 0.5004888871 0.7003682169
0.9400538355 0.8543742903 0.6016613111 0.3000399427 0.2996077252 0.7002812230 0.5000869683 0.5998532740 0.5004158835 0.4082070192 0.5001241262 0.7008581392
0.2609533204 0.7026174783 0.6016047901 0.2980982971 0.2998012680 0.7002810619 0.5002761972 0.5998336958 0.5000957414 0.4062511003 0.5000781794 0.7003702435
0.4734677966 0.9481300720 0.6035834119 0.3000399427 0.2997302891 0.7002818116 0.5000245930 0.5998456111 0.5003873105 0.4082070155 0.5000478304 0.7008571641
0.5031412975 0.6896193704 0.6016052371 0.2982508850 0.2997974533 0.7002658552 0.5002456806 0.5998491781 0.5002178117 0.4062501466 0.5000771680 0.7004293713
0.5031412975 0.6974323473 0.6016052669 0.2982508850 0.2998012680 0.7002658552 0.5002456806 0.5998491930 0.5002178117 0.4062511003 0.5000809827 0.7004293713
0.9732235968 0.9481605896 0.6035839185 0.3000399427 0.2997297973 0.7002818107 0.5000874442 0.5998456111 0.5004178281 0.4082070155 0.5000173147 0.7008533708
0.9732235968 0.9794105897 0.6035839185 0.3000399427 0.2997297955 0.7002818107 0.5000874442 0.5998456409 0.5004178281 0.4082070155 0.5000173147 0.7008533708
0.9751767218 0.8544029601 0.6035839185 0.3000399427 0.2997297955 0.7002813348 0.5010640067 0.5998456409 0.5004178281 0.4082070155 0.5000173147 0.7008533708
0.9751767218 0.8544067748 0.6035839185 0.3000399427 0.2997297955 0.7002813273 0.5010640067 0.5998456446 0.5004177908 0.4082070155 0.5000175531 0.7008533708
0.9751767218 0.8583130248 0.6035839185 0.3000399427 0.2997297955 0.7002813422 0.5010640067 0.5998456446 0.5004177908 0.4082070155 0.5000173147 0.7008533708
0.9752072394 0.8583130248 0.6035839185 0.3000399427 0.2997297955 0.7002813422 0.5010640067 0.5998456446 0.5004177908 0.4082070155 0.5000173147 0.7008543245
0.9400529116 0.8582805403 0.6016613111 0.3000399427 0.2996678066 0.7002812230 0.5000717095 0.5998532740 0.5004168372 0.4082070192 0.5001241243 0.7008581392
0.9400529116 0.8270305403 0.6016613111 0.3000399427 0.2996678066 0.7002812230 0.5000717095 0.5998532740 0.5004168372 0.4082071384 0.5001241243 0.7008581392
0.9556779116 0.8270305403 0.6016613111 0.3000399427 0.2996678066 0.7002812081 0.5000717095 0.5998227565 0.5004168372 0.4082071384 0.5001241243 0.7008581392
0.9556473940 0.8270915754 0.6016613111 0.3000399427 0.2996678066 0.7002812081 0.5000717095 0.5998227565 0.5004168372 0.4082071384 0.5001241243 0.7008581392
0.9556473940 0.8271220930 0.6016613111 0.3000399427 0.2996677470 0.7002812081 0.5000717095 0.5998227565 0.5004168372 0.4082071384 0.5001241243 0.7008581392
0.9556473940 0.8251689680 0.6016613111 0.3000399278 0.2996677545 0.7002812081 0.5000717095 0.5998227565 0.5004168353 0.4082071384 0.5006104982 0.7008581392
0.9868973940 0.8212627478 0.6016689405 0.3000399278 0.2996677545 0.7002816849 0.5000717095 0.5998227565 0.5004168353 0.4082076153 0.5025636232 0.7008581392
0.9945182335 0.7439276602 0.6018700605 0.3009043842 0.2997996279 0.6994622133 0.5019667414 0.6005078793 0.5002580672 0.4062544148 0.5012250594 0.6976224740
0.8695182482 0.7439276602 0.6018700605 0.3009043842 0.2997691103 0.6994622133 0.5019667414 0.6005079389 0.5002580672 0.4062544148 0.5012250594 0.6976224740
0.8462723939 0.2587169709 0.6016081139 0.3002802518 0.2991794723 0.7002816849 0.5000640801 0.5998227565 0.5004170737 0.4082038006 0.5026246584 0.7008584074
0.8742688763 0.3807070566 0.6018949753 0.3021272815 0.2997985774 0.6994252631 0.5005031941 0.6000780441 0.5000114772 0.4062504856 0.5002752072 0.6987668785
0.8457835762 0.4481548373 0.6016071593 0.3002652464 0.2996677536 0.7002817138 0.5000625453 0.5998227583 0.5004170700 0.4082037484 0.5006715157 0.7003691725
0.8457835762 0.4520610948 0.6016071593 0.3002652314 0.2997898239 0.7002816542 0.5000625453 0.5998227583 0.5004170700 0.4082037484 0.5006715157 0.7003691725
0.8458140342 0.3270324546 0.6016071593 0.3002652314 0.2997898239 0.7002867802 0.5000015101 0.5998189399 0.5000508591 0.4082037484 0.5006715157 0.7003691669
0.8145487754 0.3270324546 0.6016071593 0.3002652240 0.2997894662 0.7002867802 0.5000014952 0.5998189399 0.5000508591 0.4082037484 0.5006104806 0.7003696437
0.8145487754 0.3192199546 0.6016071593 0.3002652240 0.2997894662 0.7002867802 0.5000015101 0.5998189399 0.5000508591 0.4082037484 0.5004884102 0.7003705974
0.8145583121 0.3192199546 0.6016071593 0.3002652240 0.2997894662 0.7002867802 0.5000015101 0.5998189101 0.5000508591 0.4082037484 0.5004888871 0.7003705974
0.8145735709 0.8192504727 0.6016071593 0.3002652240 0.2997894662 0.7002867802 0.5000015101 0.5998189101 0.5000508591 0.4082037484 0.5004888871 0.7003705974
0.8155501334 0.8192504727 0.6016071668 0.3002652259 0.2997894662 0.7002867802 0.5000015101 0.5998189101 0.5000508591 0.4082190072 0.5004888871 0.7003686900
0.8155506103 0.8190063320 0.6016071519 0.3002649874 0.2997894811 0.7002829655 0.5000015101 0.5998494277 0.5001729294 0.4082190072 0.5004888871 0.7003686938
0.7530515639 0.8185255610 0.6016071519 0.3002649874 0.2997894811 0.7002829655 0.5000015101 0.5998496661 0.5001729294 0.4082190072 0.5004888871 0.7003682169
0.5031412975 0.6974333010 0.6016052669 0.2982508850 0.2998012680 0.7002658552 0.5002456806 0.5998491930 0.5002178117 0.4062511003 0.5000809827 0.7004293713
0.5109537975 0.6974333010 0.6016052669 0.2982508850 0.2998012680 0.7002658552 0.5002456806 0.5998491930 0.5002178117 0.4062511003 0.5000809827 0.7004293713
0.2609533204 0.7338674783 0.6016047901 0.2971217346 0.2998012680 0.7002810619 0.5002761972 0.5997726606 0.5000957414 0.4062511003 0.5000781794 0.7003702435
0.8742765057 0.1307070564 0.6018949753 0.3021270431 0.2997985774 0.6994252631 0.5004984257 0.5981172897 0.5000114772 0.4062504856 0.5002752072 0.6987668785
0.4632110460 0.9304522881 0.6018854572 0.3009043804 0.2997995301 0.6994575203 0.5000135940 0.6002718747 0.5002561607 0.4062525224 0.5002446841 0.6990110229
0.2132110458 0.9304522881 0.6018854572 0.3009043804 0.2997995301 0.6994575203 0.5000135940 0.6002718747 0.5002556839 0.4062525224 0.5002523134 0.6980344604
0.2444610458 0.9304522881 0.6018854572 0.3009043804 0.2997995301 0.6994575203 0.5000097794 0.6002718747 0.5002575913 0.4062525224 0.5002561281 0.6980344604
0.8617657701 0.7439276602 0.6018700605 0.3009043842 0.2997691103 0.6994622729 0.5019667414 0.6005079389 0.5002561598 0.4062544148 0.5002446822 0.6973783334
0.9372564684 0.7002422546 0.6018085634 0.2997484713 0.3007389748 0.7000697643 0.5022671497 0.6000349155 0.5001564282 0.4062546533 0.5002442072 0.6978370153
0.9372559916 0.7021953200 0.6018085634 0.2997475176 0.3007389748 0.7000697643 0.5022671497 0.6000349155 0.5001564282 0.4062546533 0.5002442072 0.6978217565
0.8122559914 0.7021953200 0.6018085634 0.2997475176 0.3007389748 0.7000697643 0.5022671497 0.6000349155 0.5001564282 0.4062546533 0.5002480219 0.6978217565
0.8122712502 0.7021953200 0.6018085653 0.2997475176 0.3007389748 0.7000697643 0.5022671497 0.6000349155 0.5001564282 0.4062546533 0.5002480219 0.6978217565
0.8122714803 0.7003032302 0.6018104726 0.2997486948 0.3006779992 0.7000697569 0.5022592810 0.6000196567 0.5001566657 0.4062582295 0.5002480182 0.6979743444
0.8122714803 0.6963969802 0.6018104726 0.2997486948 0.3006779992 0.7000697569 0.5022592810 0.6000349155 0.5001566666 0.4062508386 0.5002480182 0.6979743444
0.8083652303 0.6963969876 0.6018104726 0.2997486948 0.3006779992 0.7000697569 0.5022592819 0.6000349155 0.5001566666 0.4062508386 0.5002479586 0.6979743444
0.5544437212 0.7002727275 0.6015663357 0.2997506022 0.3006779983 0.7000697569 0.5022592810 0.6000195673 0.5006478080 0.4062782576 0.5002785656 0.6989508920
