0.9554996519 0.2057952188
0.5750037584 0.7560371605
0.6265230695 0.6503362602
0.5832587660 0.7464923006
0.9563487262 0.2011436624
0.9563506785 0.2011412319
0.9554533868 0.2065304521
0.9563503872 0.2011413520
0.9563498045 0.2011415921
0.9563493088 0.2011434223
0.9554533144 0.2065318702
0.9554343564 0.2065509453
0.9554996059 0.2064140241
0.9551863672 0.2067421066
0.9552055754 0.2067343958
0.9551864390 0.2067420254
0.9551097931 0.2067735699
0.9554533484 0.2065317985
0.9551097846 0.2067735877
0.9529899125 0.2118757144
0.9528523629 0.2121788986
0.9529789952 0.2119441104
0.9529811402 0.2118994159
0.9529788603 0.2119444749
0.9529789987 0.2119441045
0.9529784453 0.2119455860
0.9529784413 0.2119455920
0.9529789946 0.2119441106
0.9529799215 0.2119435021
0.9435282322 0.2201533644
0.9534224925 0.2111356384
0.9508505714 0.2128331640
0.9534224937 0.2111356164
0.9534248456 0.2110906649
0.9537304928 0.2107720858
0.9537304925 0.2107720913
0.9536541379 0.2108494905
0.9536544390 0.2108438476
0.9542030493 0.2090700205
0.9435278651 0.2201589376
0.9529940302 0.2117970484
0.9529232050 0.2119872451
0.9529183102 0.2120773872
0.9529891407 0.2118872180
0.9529891501 0.2118872079
0.9485426800 0.2174007753
0.9435278655 0.2201589322
0.9529892284 0.2118871767
0.9529892328 0.2118871651
0.9529892325 0.2118871706
0.9529898433 0.2118758994
0.9491542950 0.2164563097
0.9420131992 0.2228746405
0.9420131213 0.2228747572
0.9420131096 0.2228747653
0.9412409630 0.2234527380
0.9412435317 0.2234442925
0.9412435309 0.2234442931
0.9412185755 0.2237927549
0.9412064793 0.2238025384
0.9412035717 0.2238065272
0.9412037667 0.2238038041
0.9564614587 0.1988014576
0.9564614937 0.1988014182
0.9564528767 0.1988179039
0.9557963514 0.2022521964
0.9563508268 0.2011384098
0.9558655900 0.2021084304
0.9558056807 0.2022482502
0.9558056451 0.2022482877
0.9557870000 0.2026092037
0.9556484952 0.2029010603
0.9554996531 0.2057952183
0.9542030541 0.2090700188
0.9542024586 0.2090813233
0.9435283168 0.2201532011
0.9485439131 0.2173981685
0.9485690151 0.2170322953
0.9485690157 0.2170322940
0.9485696891 0.2170318601
0.9485679963 0.2170541751
0.9485679858 0.2170541833
0.6173009786 0.6645336242
0.5842287764 0.7293435150
0.6683974604 0.5986675148
0.6058922723 0.6746846973
0.5790227785 0.7540065957
0.5790227842 0.7540065925
0.5781749767 0.7544781300
0.5781749430 0.7544783197
0.5781984954 0.7544652216
0.5781999820 0.7544643067
0.5820752153 0.7527798257
0.5820698974 0.7527825845
0.5820757505 0.7527795097
0.6058924401 0.6746845627
0.6058925037 0.6746845111
0.6061099228 0.6742996567
0.6466537565 0.6253359976
0.6320006860 0.6456987159
