-0.0359156244 -0.0118075349 0.4362116199 0.5062661064 0.1871882791
-0.0359156244 -0.0118075349 0.4342585024 0.5062660915 0.1871425027
-0.2013235131 -0.1995687375 0.0223694630 0.0061903931 0.0319748782
-0.1429766902 -0.1384549254 0.0220836736 0.0411483534 0.0101801865
-0.2018041873 -0.4659296912 0.0211678036 0.0022841580 0.0319672488
-0.4479840812 -0.4190746736 0.0007345118 0.0272269286 0.0418930240
-0.4479230460 -0.4190746736 0.0007345118 0.0266165771 0.0418930240
-0.4479230460 -0.4190746736 0.0085470118 0.0266165771 0.0418930240
-0.4479230460 -0.4190746736 0.0085470118 0.0266165771 0.0419235416
-0.1121819207 -0.1750278363 0.0033016615 0.0060324408 0.0579651706
-0.1121823975 -0.1750278437 0.0030652694 0.0069782473 0.0579650514
-0.1121819207 -0.1750278363 0.0033092909 0.0060322024 0.0579651706
-0.0046656244 -0.0119296052 0.4341059070 0.5062661064 0.4332820293
-0.0046656244 -0.0119296052 0.4342584949 0.5062661064 0.4332820293
-0.0359156244 -0.0119296052 0.4342584949 0.5062661064 0.4371882793
-0.0359156244 -0.0119296052 0.4362116199 0.5062661064 0.4371882793
-0.1121823975 -0.1750278437 0.0030652694 0.0070392825 0.0579650514
-0.0359156244 -0.0118075349 0.4342584949 0.5062660915 0.1871577615
-0.1121823975 -0.1750268901 0.0030652694 0.0070411898 0.0579803102
-0.1507239008 -0.1502403954 0.0037955456 0.0129775964 0.0479859822
-0.1121823975 -0.1750268901 0.0030651502 0.0070411898 0.0579803102
-0.0138171129 -0.0744321980 0.4298334610 0.5062583354 0.2899720783
-0.0138171129 -0.0744319596 0.4298334610 0.5062583354 0.2899720783
-0.0138171129 -0.0744300523 0.4298334610 0.5062583354 0.2899720783
-0.0138171129 -0.0744300523 0.4298334610 0.5062583280 0.2919252033
-0.0138170831 -0.0744300523 0.4298334610 0.5062583280 0.2919252033
-0.0138170831 -0.0744300523 0.4337397110 0.5062583280 0.2919252033
-0.0138170831 -0.0744295754 0.4337397110 0.5062583280 0.3075502033
-0.0138170831 -0.0744295754 0.4337397110 0.5062583280 0.3075497265
-0.0143091791 -0.0744295754 0.4337397110 0.5062583280 0.3075497265
-0.0145533197 -0.0744295754 0.4337397110 0.5062583280 0.3075497265
-0.0145533197 -0.0744295754 0.4337397110 0.5062659574 0.3073055859
-0.0259902366 -0.0334213935 0.5050385860 0.5047361297 0.3054422776
-0.0124781244 -0.0119296052 0.4342279923 0.5062659574 0.4332820293
-0.0124781244 -0.0119296052 0.4341059070 0.5062661064 0.4332820293
-0.1507239008 -0.1502442101 0.0037955456 0.0129775964 0.0479859822
-0.1121823975 -0.1750268901 0.0030651502 0.0070411898 0.0579726808
-0.1121204087 -0.1750268901 0.0030651502 0.0070097186 0.0579726808
-0.1121213623 -0.1750268901 0.0030651502 0.0070411898 0.0579726808
-0.1121204087 -0.1752719844 0.0030651502 0.0070097186 0.0579726808
-0.1121819207 -0.1750278363 0.0030651502 0.0060322024 0.0579650514
-0.1356422493 -0.1553525367 0.0289826878 0.0042295642 0.0553169512
-0.1507238859 -0.1502423027 0.0037955381 0.0129775964 0.0500001424
-0.1507238859 -0.1424298027 0.0037879087 0.0129775964 0.0500001424
-0.1507238859 -0.1424298027 0.0036658384 0.0129775964 0.0500001424
-0.1507238859 -0.1463360527 0.0036658384 0.0129775964 0.0500001424
-0.1507238859 -0.1463360527 0.0036653616 0.0129775964 0.0500001424
-0.1507238859 -0.1463360527 0.0031770803 0.0129773580 0.0500001424
-0.1121201703 -0.1752719844 0.0030651502 0.0070097186 0.0560195558
-0.1121201703 -0.1752719844 0.0030651502 0.0070707537 0.0560195558
-0.1121201703 -0.1752719844 0.0030652098 0.0070707537 0.0557601564
-0.1121204087 -0.1750268901 0.0030651502 0.0070707537 0.0579726808
-0.0076241680 -0.0578387268 0.3137035857 0.3168856244 0.2907622571
-0.0076241680 -0.0583270081 0.3137035857 0.3168856244 0.2907622571
-0.0076279827 -0.0583270081 0.3176098357 0.3168856244 0.2907622571
-0.0076280423 -0.0583270081 0.3176098357 0.3168856244 0.2907622571
-0.0271803923 -0.0577705466 0.5050452617 0.5043549058 0.3094676252
-0.0271804221 -0.0500190817 0.5050376323 0.5043813628 0.3103230636
-0.0271803923 -0.0422065817 0.5050376323 0.5043548984 0.3094676252
-0.0271803923 -0.0422065817 0.5050376323 0.5043548984 0.3094685788
-0.0271803923 -0.0578315817 0.5050376323 0.5043510837 0.3094685788
-0.0271803923 -0.0578315817 0.5050376323 0.5043816012 0.3103230636
-0.0271803923 -0.0500190817 0.5050376323 0.5043816012 0.3103230636
-0.1121819207 -0.1750278363 0.0030651502 0.0060016848 0.0579650514
-0.1121823975 -0.1750278363 0.0030652694 0.0069782473 0.0579650514
-0.0272109397 -0.0500190817 0.5050376323 0.5043813628 0.3103230636
-0.0269667991 -0.0500190817 0.5050376323 0.5043661040 0.3103230636
-0.0269667991 -0.0334213935 0.5050385860 0.5047361297 0.3054422776
-0.0259904750 -0.0334232860 0.5050385860 0.5047361371 0.3054384629
-0.1390631610 -0.1892286876 0.0308726915 0.0102073886 0.0317927264
-0.0259902366 -0.0334213786 0.5050385860 0.5047361297 0.3054422776
-0.0259904750 -0.0334213786 0.5050385860 0.5047361371 0.3054422776
-0.0259904750 -0.0334318690 0.5050080684 0.5047361371 0.3054384629
-0.0103654750 -0.0334318690 0.5050080684 0.5047361371 0.3054384629
-0.0271803923 -0.0578315817 0.5050376323 0.5043816012 0.3104451413
-0.0269667991 -0.0343978964 0.5050385860 0.5047323150 0.3054422776
-0.0269667991 -0.0343979560 0.5050385860 0.5047323150 0.3054422776
-0.0259904750 -0.0334242396 0.5050385860 0.5047361371 0.3054384629
-0.1356422493 -0.1553525367 0.0289674290 0.0042295642 0.0553169512
-0.1356422493 -0.1543759742 0.0289674290 0.0042371936 0.0553779863
-0.1356422493 -0.1543759742 0.0289826878 0.0042371936 0.0553779863
-0.4007828649 -0.2283005977 0.0308117159 0.0414535739 0.0002910756
-0.2013199890 -0.1888625363 0.0231822618 0.0102150180 0.0005427264
-0.2018041873 -0.4659297210 0.0211677738 0.0022688992 0.0319748782
-0.1444103011 -0.1384549850 0.0220834352 0.0411482342 0.0102421753
-0.2013235131 -0.0745668300 0.0223694630 0.0061903931 0.0319138430
-0.2015641296 -0.1888625363 0.0231822618 0.0101997592 0.0005427264
-0.1351569110 -0.1892285684 0.0308726915 0.0102073886 0.0317932032
-0.1351569110 -0.1892285684 0.0308726915 0.0102073886 0.0313049220
-0.4007676061 -0.2283005977 0.0308117159 0.0414535888 0.0022442006
-0.4007676061 -0.2283005977 0.0308117159 0.0414535888 0.0022441857
-0.4007676061 -0.2283005977 0.0308117159 0.0336410888 0.0023662560
-0.4007656913 -0.2283005828 0.0308117010 0.0336410888 0.0023662560
-0.4007656913 -0.2283005828 0.0308117159 0.0336410888 0.0023662560
-0.1507966855 -0.2283005828 0.0308117010 0.0336410888 0.0023662560
-0.1429766902 -0.1384549254 0.0220836736 0.0411483534 0.0102412216
-0.1429764518 -0.1384549850 0.0220834352 0.0411483534 0.0102421753
-0.1429764518 -0.1384549254 0.0220836736 0.0411483534 0.0102412216
-0.1429764518 -0.1384549254 0.0220836736 0.0411483534 0.0102421753
-0.2507630403 -0.0654876419 0.2824044864 0.0630039015 0.5782550318
