0.2050839090 0.9412912986
0.1912416791 0.9545878930
0.4546731308 0.8064474157
0.4549526857 0.8044040752
0.4939373545 0.7898654981
0.5940585726 0.7395402501
0.4536719659 0.8070002291
0.5063544972 0.7721872992
0.5316058403 0.7498457121
0.5891818945 0.7464567825
0.5902212639 0.7462130989
0.5903506574 0.7461841417
0.5916696697 0.7452290040
0.5940434808 0.7395438973
0.6048271773 0.7318858136
0.6128298995 0.7299138530
0.6125355763 0.7306507881
0.6125513104 0.7306470219
0.6125090889 0.7306764871
0.6476929373 0.6937717177
0.6489185954 0.6926930176
0.6489184584 0.6926931598
0.6494720392 0.6920366081
0.6494720579 0.6920365916
0.6494720718 0.6920365874
0.6496135314 0.6918918658
0.6496135228 0.6918918746
0.6496111382 0.6918939745
0.6496111866 0.6918938898
0.6446080840 0.6982244856
0.6447413137 0.6978081104
0.6331793607 0.7201141605
0.6404964567 0.7179222261
0.6404966097 0.7179221056
0.6319067358 0.7210990858
0.6318837113 0.7212034262
0.6318740901 0.7212113595
0.6218320526 0.7291769622
0.4939373683 0.7898654926
0.4939365672 0.7898658769
0.5007850030 0.7868338958
0.5007881642 0.7868323363
0.5186599725 0.7650980626
0.4642891867 0.8026562514
0.4642891531 0.8026562811
0.4644622432 0.8023751085
0.1967192498 0.9479454755
0.1875514213 0.9632333338
0.1858838254 0.9634062432
0.1917720797 0.9538897077
0.2090703047 0.9389546966
0.4513562195 0.8073661671
0.4484237821 0.8101883764
0.4556480657 0.8032837311
0.4126464570 0.8302691614
0.4126463947 0.8302692113
0.4549527810 0.8044040260
0.5191078958 0.7573400069
0.5316056644 0.7498460449
0.5316126042 0.7498429231
0.4480571442 0.8222254860
0.4468548781 0.8242724494
0.4468548741 0.8242724505
0.4466460055 0.8245081740
0.4434014094 0.8259099669
0.4433747846 0.8259396524
0.4434013637 0.8259099874
0.4435085032 0.8258674630
0.4426642807 0.8268176823
0.1861253483 0.9632972575
0.1861253918 0.9632972555
0.1916719887 0.9539732861
0.1861389190 0.9632898502
0.1888915850 0.9550441693
0.1912417224 0.9545878906
0.2106851585 0.9380717471
0.1960374446 0.9500428654
0.1917720779 0.9538897101
0.1917735009 0.9538885326
0.1917621200 0.9538979516
0.1875515284 0.9632332823
0.1871934228 0.9632577168
0.1858837083 0.9634067373
0.1834462787 0.9670071453
0.1871938213 0.9632572334
0.1875514413 0.9632332862
0.1875514357 0.9632333173
0.1875514323 0.9632333319
0.1875514324 0.9632333314
0.2050839138 0.9412912958
0.2050839525 0.9412912737
0.1960638863 0.9500022191
0.1960638135 0.9500022572
0.1967192345 0.9479454856
0.1967193567 0.9479454048
0.1967350159 0.9479350515
0.1943652646 0.9519815552
0.1957760252 0.9518978724
0.1957760306 0.9518978721
0.1957800369 0.9518958139
