0.7064300415 0.5710194935
0.3493730748 0.9275521028
0.7054295979 0.5725549367
0.7044310033 0.5741852505
0.3541641748 0.9185338149
0.3432501093 0.9420274390
0.6095677436 0.6630339447
0.7083354816 0.5678999441
0.7136909822 0.5607047603
0.6471307734 0.6184027774
0.7098446203 0.5655932032
0.6117037933 0.6610389025
0.7083136456 0.5679147730
0.7117396966 0.5625595554
0.7083143280 0.5679143096
0.7083252459 0.5679068948
0.7088197175 0.5671296677
0.7098068522 0.5656313581
0.7098068614 0.5656313488
0.7098445604 0.5655932987
0.6686222630 0.5992912222
0.7097636027 0.5656731233
0.7097635178 0.5656731815
0.3551537471 0.9184095108
0.7112502525 0.5633450923
0.3902073990 0.9057379086
0.7136906810 0.5607052349
0.7097517903 0.5669365172
0.7078157877 0.5700974200
0.7078377980 0.5700828733
0.7078378166 0.5700828548
0.7078377862 0.5700829017
0.3641995018 0.9110231342
0.3872104429 0.9073206176
0.3872117633 0.9073196882
0.3872113758 0.9073201040
0.3881025223 0.9068065985
0.3881024124 0.9068066612
0.6986371369 0.5865134946
0.3883720924 0.9067663334
0.3872105141 0.9073206086
0.3896888961 0.9063150163
0.3630852877 0.9111780228
0.3896888965 0.9063147767
0.5425790423 0.7572863134
0.5982010201 0.7338280185
0.5144279064 0.7591245479
0.3533290557 0.9238517301
0.3394617033 0.9433487017
0.3440386610 0.9351272525
0.3432499683 0.9420274513
0.3394574315 0.9433494950
0.3395343125 0.9433429449
0.3393871762 0.9437738751
0.3393514366 0.9437769062
0.3393321905 0.9437785294
0.3393295781 0.9437813733
0.3393294366 0.9437813852
0.3368344048 0.9521363831
0.5999826212 0.6727914835
0.6986371386 0.5865134915
0.6471314085 0.6184021623
0.6283134014 0.6407267317
0.6283352488 0.6407092360
0.6285065333 0.6405610363
0.5987903015 0.6741038064
0.5999822629 0.6727917443
0.5999572455 0.6728092478
0.6010482994 0.6714111276
0.6010252983 0.6714280597
0.3493729835 0.9275522240
0.3493774755 0.9275517354
0.3510405937 0.9240978052
0.3510378214 0.9241016407
0.3480226666 0.9318141365
0.3440386463 0.9351274724
0.3540230326 0.9185515900
0.3551492667 0.9184100575
0.3558005689 0.9178825419
0.3558005514 0.9178825440
0.3662521840 0.9096979640
0.3662523463 0.9096979294
0.3662523859 0.9096978965
0.3662526575 0.9096978582
0.3662526080 0.9096978896
0.3662019366 0.9097301019
0.3661324107 0.9097399114
0.3660972563 0.9097450684
0.3661677327 0.9097353943
0.4038999927 0.9044845703
0.4039052086 0.9044839396
0.6095730564 0.6630293321
0.6095742573 0.6630280691
0.6116266317 0.6611195769
0.6116266037 0.6611196067
0.5421437518 0.7575058985
0.5421437486 0.7575059001
0.4580159256 0.8755591254
0.4663907365 0.8740092128
0.5544364156 0.7497766498
