-16.0317398449 -7.5845499006
-18.2151272281 -3.0753804251
-16.9111263605 -3.9910793902
-19.8779566307 0.1074551318
-17.9701784761 -3.8581799280
-15.9710671609 -7.6205760207
-16.5494865052 -5.4816240517
-15.5413521232 -7.9094238760
-15.2582327035 -9.0278130919
-14.6563981411 -11.3387580413
-16.8146911588 -4.3648371866
-16.3687041833 -6.2428895387
-18.4498211814 -1.9394811802
-16.0317436032 -7.5845431961
-16.0316214263 -7.5847617528
-16.0316214412 -7.5847617261
-16.0316214711 -7.5847616608
-16.5106943072 -5.6147427527
-18.5828889400 -1.3496495045
-19.1647134746 0.1034066655
-19.1647135088 0.1034067008
-19.1464797909 0.0855902930
-18.8652666690 -0.4129961433
-18.8652624413 -0.4130066768
-18.8652623752 -0.4130068414
-18.8653976614 -0.4126698158
-18.9697724852 -0.1822950629
-18.9698406271 -0.1821623145
-18.9786249586 -0.1654710662
-18.7180521788 -0.8451987860
-18.7180521463 -0.8451988946
-18.4503370916 -1.9370502652
-18.4834113730 -1.7831985092
-18.4834123843 -1.7831938704
-18.4828946044 -1.7855694030
-18.4787535026 -1.8046078841
-18.4689509209 -1.8399111122
-18.4690801734 -1.8393115856
-18.4695972030 -1.8369140384
-18.4030620807 -2.1489258097
-18.4028055553 -2.1501693860
-18.4028055866 -2.1501692342
-18.4028058557 -2.1501680486
-18.3373969433 -2.4711381660
-18.3384150327 -2.4661057086
-18.3427938416 -2.4464537050
-18.3521678316 -2.4083045826
-18.8909549863 -0.3509272347
-18.8909539263 -0.3509297253
-18.8736042440 -0.3925240782
-18.8736053019 -0.3925214913
-18.8396168836 -0.4818031542
-18.9040519700 -0.3044112415
-19.0443481806 -0.0390863895
-18.9040508410 -0.3044121287
-18.9043227264 -0.3037991886
-18.9037854084 -0.3050301542
-18.8950897178 -0.3248577487
-18.9038021015 -0.3049914160
-18.9038063495 -0.3049818303
-18.9386742231 -0.2295583452
-18.9580410138 -0.1894305305
-18.9577674806 -0.1899691135
-18.9575945604 -0.1901922741
-17.9391004587 -3.8720255994
-18.1622081538 -3.3160565889
-18.1781656828 -3.2470745179
-18.1782904740 -3.2465265689
-17.9266679812 -3.8722163462
-16.7596960785 -4.5670120773
-16.8942394674 -4.0513985287
-16.8942394028 -4.0513987629
-16.8942374419 -4.0514079673
-16.8604373135 -4.1772160226
-16.8599353456 -4.1795716244
-16.8599343161 -4.1795755554
-16.8599425520 -4.1795441075
-16.3369643142 -6.5525727020
-16.3369640691 -6.5526002131
-16.3369640993 -6.5526001012
-16.3349836348 -6.5599078925
-16.3349565340 -6.5620080267
-15.5413521089 -7.9094239208
-15.5347515855 -7.9114303670
-15.4490206500 -8.2861580378
-15.4229288320 -8.3372796400
-16.3687011663 -6.2429069263
-16.3687014057 -6.2429063601
-15.9889560682 -7.6152366898
-15.9889636535 -7.6152337510
-16.0513460879 -7.5385460425
-14.6763787009 -11.2949708640
-14.6136131207 -11.3944412355
-14.6084392803 -11.4037826533
-14.6084443377 -11.4037747024
-14.7750759676 -11.0219851991
-14.8106853073 -10.8817188140
-15.4490205215 -8.2861582724
-14.5997409338 -11.4708152176
-14.5997309321 -11.4708327159
