0.2436858654 0.5751427332
0.1894554022 0.6715080331
0.2980864999 0.5751067674
0.3660406192 0.5738359630
0.3660346937 0.5746264244
0.3716740595 0.5718138233
0.4232289472 0.5717503497
0.5355740778 0.5714269950
0.5872805503 0.5714247154
0.5872859786 0.5713994484
0.3712281832 0.5737886617
0.3712281755 0.5737895417
0.3712951302 0.5737886582
0.3708382254 0.5738284541
0.3709688398 0.5738262361
0.3711163899 0.5738256861
0.3711221075 0.5738256859
0.3000183503 0.5747567373
0.3000130114 0.5747606736
0.2436761922 0.5753378236
0.1953212176 0.6510351482
0.2146753313 0.6320878572
0.1886227301 0.6834213499
0.1883509023 0.8124654290
0.1894553841 0.6797111271
0.1894774545 0.6714808442
0.2147514324 0.6315723089
0.2155245462 0.6314323601
0.2160066685 0.6314222331
0.2160054371 0.6314222403
0.2133459312 0.6493361153
0.1950634590 0.6681000723
0.1953213700 0.6503538255
0.1950277109 0.6685556937
0.1950201940 0.6685564723
0.1946843095 0.6687532596
0.1932971270 0.6696499024
0.1883456587 0.8868544397
0.1883378634 0.8871250866
0.1819785253 0.9294813512
0.1819889307 0.9274251530
0.1818382027 1.2214996689
0.1818386704 1.2214516207
