0.9018664547 0.1045481443
0.3573826452 0.8320013584
0.2661406299 1.0610972326
0.7524782619 0.4342272637
0.4524169849 0.6036112019
0.4343556008 0.6859013448
0.4364829875 0.6564196660
0.2660543359 1.0615272630
0.2658129028 1.1234272204
0.2671623675 1.0387581764
0.2677703182 1.0377400039
0.2671621815 1.0395988785
0.3695492679 0.8283456003
0.4099753568 0.7344343823
0.3834149761 0.7816542811
0.6136308088 0.5990960284
0.4414340409 0.6564195309
0.4417927873 0.6561244522
0.3750392081 0.7820677191
0.3735152752 0.8003028345
0.7490878113 0.4343283674
0.7490889645 0.4343031487
0.9378845778 0.1029222597
0.9652507905 0.0895507893
0.9825429345 0.0863928525
1.0638238018 0.0831785241
1.0173842061 0.0863565268
1.0222327951 0.0854946108
1.1928183799 0.0824398378
1.1959470335 0.0823692702
1.2416852771 0.0823587062
1.2610113135 0.0820838276
1.2610101393 0.0821600479
1.0485852754 0.0831787263
1.0460229802 0.0835924350
1.1070641264 0.0827758965
1.1069805289 0.0827809603
1.0784690639 0.0827810426
1.0193423534 0.0861543043
1.0173360204 0.0863600413
1.0218783495 0.0860860762
1.0205342965 0.0861160285
1.0220577588 0.0859174428
1.0221794481 0.0854946620
1.0302075478 0.0854561107
1.0335112660 0.0854556356
0.9776925813 0.0866740942
0.9774803082 0.0894320795
0.9515184153 0.0959317542
0.9495473658 0.1012544464
0.9673183730 0.0894937419
0.9652184806 0.0905328036
0.9656318605 0.0895505481
0.9617587195 0.0922696088
0.9590342139 0.0922696177
0.9520293305 0.0959216682
0.9513893726 0.1002671375
0.9495480174 0.1012544464
0.9496772405 0.1012430053
0.9510550230 0.1012430051
0.8929370441 0.1193193303
0.8988084538 0.1065595431
0.8925294612 0.1291097983
0.8925293323 0.1292041192
0.8925524957 0.1266383607
0.8928309164 0.1266382056
0.8976515322 0.1065635364
0.8975829240 0.1068200332
0.8972595143 0.1111734520
