0.7985724466 0.2989896196
0.5002316486 0.4125490998
0.0863892935 0.8188320949
0.4800575558 0.4287828771
0.4119473016 0.4419952440
0.3536367168 0.5457147439
0.3174423792 0.6129764516
0.0501803070 0.9041147823
0.3634921427 0.4928866905
1.0430662637 0.2203101662
0.5650093257 0.4119496918
0.5645795231 0.4119991310
0.5653613387 0.4119488148
0.5002316578 0.4125488718
0.5005419033 0.4124264249
0.4166052938 0.4384456578
0.4875517395 0.4217223241
0.4843394498 0.4262464173
0.4837611566 0.4287828761
0.3235267013 0.5930028266
0.3200483032 0.6118993104
0.3234953956 0.6118970508
0.0297457484 0.9917086253
0.0132145841 1.1358296426
0.0091939246 1.1358296427
0.0085807267 1.3026650015
0.0088314464 1.2811324369
0.0089641584 1.1382203908
0.1096745122 0.8185822206
0.2813685158 0.6870659889
0.2815500808 0.6829557875
0.2817135062 0.6828452063
0.1560162643 0.6987995553
0.2195592118 0.6976188697
0.1538147381 0.7036993695
0.1538148132 0.7036983049
0.1548500101 0.6998891488
0.3960637334 0.4438482158
0.4141831639 0.4397768559
0.4119746000 0.4418719471
0.4158372928 0.4396439428
0.4005297680 0.4428413832
0.4027348766 0.4428212718
0.4004402683 0.4428424953
0.4162466118 0.4393402423
0.4166054024 0.4384443789
0.4281683916 0.4301003157
0.4278594869 0.4317990793
0.4261863570 0.4317991152
0.9294923859 0.2269867632
0.0464748889 0.9256500858
0.0460208138 0.9258034631
0.0183039262 1.0180938459
0.0285381478 0.9937795922
0.0285381224 0.9938702332
0.0197711020 1.0137386654
0.0267387478 0.9949106196
0.0266583748 0.9950017136
0.0183031680 1.0180950182
0.0502150333 0.9041147137
0.0502159714 0.9038449712
0.0503125827 0.9038393015
0.8744838688 0.2533513487
0.0846409975 0.8193860505
0.0882554992 0.8187904054
0.0789132168 0.8334955160
0.0774752420 0.8499842716
0.0754072656 0.9038211305
0.0759321365 0.9031795589
0.0768570061 0.8621284695
0.0776718551 0.8499834963
0.3533656186 0.5490606693
0.3536379553 0.5457126537
0.3607419232 0.5210940613
0.3606568569 0.5408007612
0.3607419139 0.5234417013
0.3607403562 0.5234879523
0.3612358994 0.5203592500
0.3612372758 0.5151710845
0.3612363376 0.5151785487
0.3612363375 0.5152697225
0.3070002954 0.6450196991
0.9473138074 0.2218043321
1.0430883129 0.2200770802
0.7982098875 0.2989906346
0.8329899387 0.2695580940
0.8326732809 0.2701195885
0.8498514753 0.2688366537
0.8612772073 0.2581110107
0.9254848977 0.2314887821
0.9277191180 0.2277230932
0.9277162793 0.2277326296
0.9238210526 0.2352517691
0.9121289751 0.2464677504
0.9121717709 0.2464655984
