0.6404888561 1.0455551150
0.5879325259 1.3639323239
0.6192238195 1.0854176978
0.5876538721 1.5888579638
0.9600472464 1.0128060139
2.0083383425 1.0067214642
0.9600455194 1.0163482914
0.7696591830 1.0217223600
0.7696652899 1.0217144592
0.5782663987 2.1024373896
0.5812992725 2.0555534260
0.5806225419 2.1023287309
0.5813094507 2.0554686675
0.5878404115 1.5605669714
0.5878413639 1.5605649248
0.5879315330 1.4264317987
0.5974962080 1.3638775672
0.6134732921 1.3275072135
0.6414500385 1.0452051254
0.6767138299 1.0370565973
0.6196068463 1.0790670544
0.6191579065 1.0952241191
0.6190595408 1.0952354872
0.6418012127 1.0446717388
0.7356441569 1.0279332783
0.7408786429 1.0250065320
0.7408718985 1.0276302909
0.7312509947 1.0363310598
0.7300893878 1.0363873440
0.7300886011 1.0365211158
0.7298813020 1.0369521568
0.7260397757 1.0369810010
0.7260398852 1.0369808574
0.6790361634 1.0370565967
0.7726351741 1.0215301329
0.8437596737 1.0215284855
1.0095509532 1.0104274041
1.0111304425 1.0096712995
1.0407672865 1.0096586423
1.0402130351 1.0096600510
