1.0031742466 0.1137564852
1.0347592438 0.0362329844
0.9871089392 0.2750160417
0.9871391257 0.2749061056
1.0044948535 0.0744682306
1.0048353462 0.0609703607
1.0031742466 0.1196452595
1.0025248428 0.2201380365
1.0299898985 0.0555573668
1.0044892694 0.0753521230
1.0146157695 0.0609218562
1.0144345418 0.0609523265
1.0144302579 0.0609524233
1.2050096861 0.0308996759
1.0485538468 0.0362165208
1.2045769297 0.0309429839
1.0956638586 0.0320899098
1.1677436375 0.0310145588
1.2641741847 0.0308992632
1.2642000201 0.0308988536
1.2642000256 0.0308988509
1.2050096857 0.0309115286
1.2045673388 0.0309792572
1.2045285032 0.0309830481
1.2045286451 0.0309830459
1.2040620006 0.0309933692
1.2040272940 0.0309940306
1.1640549849 0.0316886678
1.0937805241 0.0321413747
1.0935602132 0.0324693842
1.0935275095 0.0324753425
1.0926615490 0.0325178345
1.0926606857 0.0329358385
1.0848032724 0.0330000409
1.0843822365 0.0330496867
1.0843824672 0.0330491362
1.0615451308 0.0333124858
1.0622475635 0.0331957329
1.0609968300 0.0334213627
1.0609968304 0.0334213149
1.0622579869 0.0331324453
