1.0410244166 0.0198338635
0.9994659046 0.0333358993
1.0072770863 0.0300558451
0.9990794902 0.0416262798
0.9985071067 0.0472327913
1.0410262900 0.0195073164
1.0410305362 0.0190234491
1.0955329398 0.0139598759
1.1324519504 0.0136522655
1.2435205293 0.0134144053
1.3377483934 0.0127292490
1.3369911641 0.0129599136
1.3369005506 0.0129651319
1.3368994240 0.0129721275
1.3360423027 0.0130417674
1.3353967664 0.0131707920
1.3354480766 0.0131673716
1.3222047971 0.0132261489
1.3222296142 0.0132206910
1.3178020494 0.0132289972
1.3112022294 0.0132841953
1.3112022230 0.0132847739
1.3110444877 0.0133074245
1.3111213306 0.0133074239
1.3078231999 0.0133836853
1.3078374872 0.0133833940
1.3062681913 0.0133861896
1.1301833990 0.0137772838
1.0971301514 0.0137786657
1.0952396864 0.0152532921
1.0953540533 0.0152529969
1.0951044677 0.0161486873
1.0875953516 0.0165838455
1.0901095209 0.0165147105
1.0875953429 0.0171263385
1.0875953427 0.0171577777
0.9978112835 0.0593042202
0.9978110876 0.0593194057
0.9978028297 0.0593499189
0.9977957198 0.0602741658
0.9990794434 0.0455495009
0.9985043381 0.0495158543
0.9985043361 0.0511829309
0.9985627654 0.0471019617
0.9962745309 0.0808526757
0.9967969145 0.0738733023
0.9971782150 0.0733672258
0.9971769473 0.0733843942
0.9967969509 0.0738576705
0.9967969956 0.0738392229
0.9962537829 0.1181027156
0.9962524411 0.1241400363
0.9962372898 0.1245748460
0.9957179362 0.1398425183
0.9954329976 0.1768255602
