0.6828200183 3.7457987303 1.3143941418
1.1895650403 1.1855302144 1.0211241617
1.4245850393 0.4979629551 1.2786699336
0.6050836720 1.2644494378 1.5831330622
0.5999380811 1.2158605876 1.9320249867
1.1966460827 0.7316222851 1.3277102161
1.0184770439 0.3882474444 2.1650800848
0.8064934689 0.4057895083 2.4389999978
0.4168635066 1.8986809076 1.9116991650
0.4837200931 3.0651929460 1.4855496301
0.7393934608 1.1787064447 1.3349533361
0.9679321883 1.0369808525 1.2765276914
1.2971714768 2.1960881155 0.9325290855
0.7441727204 1.6163604175 1.2624994942
1.6771314196 1.2439624602 0.9545479367
1.7670571508 0.8360846417 0.9595282104
2.4914660635 0.7360005856 1.0455460797
2.6515134430 0.6580372056 1.0467361497
2.3580793262 1.1932674904 0.7246661387
2.9024583502 1.1232028446 0.4349331718
2.2630917310 0.9749272694 0.7705167836
0.7376324526 1.2592907455 1.3099748433
1.6321340092 0.7879581373 1.2338604162
1.7401183091 0.4565015844 1.3432405583
2.0075814788 0.2862194585 1.2241183797
1.4195272352 0.4055384396 2.1540576900
0.4719063829 3.2951342776 1.4671282977
0.6572657596 3.8786396501 1.4589239094
0.8546503080 3.0509568874 1.2606349745
0.5813752732 5.2357502065 1.3142391454
0.5810283066 5.3459944224 1.3150862753
0.5808456227 5.3464072304 1.3150859100
0.5810553979 4.6101988161 1.3149163854
0.5813750745 5.4637288281 1.3142364810
0.6768203202 1.2196134887 1.6924191321
0.6226806948 1.5950264108 1.5126362277
0.4455793737 0.1993790657 2.6677602869
1.6401860793 0.4564803826 1.3464821403
1.7063884039 0.4970013258 1.1870911911
1.7094354808 0.4836320960 1.1903798478
2.6511663225 0.6888765767 1.1632027831
2.6657463575 0.6575762425 1.0549495927
2.6795980572 0.6994558871 1.0460114631
2.9820706017 0.6997051046 1.0459955460
2.9813491440 0.7011108968 1.0455460801
1.5786553165 1.4041776127 0.4852518708
1.3980982569 1.6000903688 0.9622891129
1.5845340839 1.1914044647 1.0044685783
1.5864409336 1.1860559385 0.9613580309
1.5500881334 1.4569009372 0.9111315037
2.3007059124 1.4463220404 0.3539040565
1.9119035527 1.8924881963 0.3490588215
2.3462623746 1.0725628399 0.7705167827
2.3462251604 1.1906841766 0.7705166655
1.7670449469 0.9377839557 0.9366590636
2.2016362100 0.9377839563 0.9239513684
2.2016362124 0.9377838476 0.9239732877
2.7026187593 0.9315963853 0.8077627939
2.7026187593 0.9320069988 0.8073010494
2.7026180412 0.9387917616 0.8073006822
2.7106473625 0.9451241257 0.8069497415
1.9119007420 1.9078475603 0.3488998769
2.3114962526 1.4466033739 0.3299943750
1.5845341402 1.3746499990 1.0044221216
1.5847650789 1.3746472865 1.0038969095
1.5498037714 1.5069613640 0.8848232723
1.5500881275 1.5065617534 0.9107769168
1.5585822409 1.5051438353 0.8858409995
1.5401276367 2.1455586844 0.6726981816
1.5494127996 1.9065106540 0.8609047526
1.5899542939 1.2581925171 0.4852639504
2.1483956587 1.2594202600 0.4828254030
2.0700031628 1.2600124431 0.4681772614
1.9101363595 1.5277212282 0.4714462253
3.1418793238 1.1203526973 0.4930364278
1.9215341541 0.3672910567 1.2241185179
1.4212842279 0.4982009778 1.3248010037
1.3169921486 0.7469991012 1.3230981370
1.1965048699 0.7462899541 1.3292432406
1.1965646361 0.7462810679 1.3259912809
1.1967132736 0.7316525125 1.3250706758
1.1978562838 0.7223925315 1.3281886395
1.1354304466 0.8473702846 1.5871041725
0.3948889242 0.7797170707 2.3974016694
0.3930992711 0.8836085137 2.3987010529
0.7393937352 1.1786723322 1.3293664820
0.7393938894 1.2518080879 1.3293468393
0.9311764608 1.2640704317 1.3099632684
0.9301913709 1.2640733298 1.3065607275
0.9672952409 1.0828193634 1.2847071906
0.8791075375 0.7147171021 2.0759992936
0.8786885055 0.7150233708 2.0756175272
0.6110397489 1.2634906768 1.5829584049
0.6167350681 1.3700235245 1.5662357154
0.6169589744 0.8687971240 2.1252654586
0.6170072618 0.8304422135 2.1886021250
0.6163127386 0.8309516779 2.2880013529
0.5990071807 1.7061164510 2.0850725845
0.5990035783 1.7061164632 2.0854103683
0.5990035783 1.7061520205 2.0750582202
