1.6780226339 1.0618156604 0.9384903691
0.5913255048 0.7093930643 1.2821792137
0.3333125306 2.0933008959 1.7026510897
0.4096839931 1.2523680398 1.2069450250
1.3276725326 2.4266854954 0.7039121752
0.7155924726 3.7460695250 0.9815932476
1.4537306100 0.5734181799 1.1486406536
1.3827891632 0.5772772955 1.1458677746
0.6523751011 0.7066573426 1.2823874886
0.3483632650 2.0932927589 1.7026460013
0.3480994810 2.4658878366 1.7026460544
0.4068861734 1.2520230767 1.3053910038
0.5092098926 0.5364098698 2.5349852103
0.5150809430 1.0370862466 2.4404014468
0.5302664666 0.5588650650 2.2320949887
0.3254160105 1.1791157082 3.4860725121
0.5577124065 0.5033132680 2.7496290682
0.5986176811 0.6355747101 2.1077459512
0.6196672638 0.4662614769 2.7369207270
1.6092610540 1.4581603013 0.9201794398
1.2891898755 0.5774055052 1.4618511453
0.5235302280 0.7975435022 1.3982564761
0.5203855423 0.9124512637 1.3858336731
0.4885894330 0.4746615378 2.8612254768
0.5980612006 0.6352366568 2.1217824499
0.6179552591 0.4675985119 2.6870786099
0.4883566222 0.5407412639 2.8616372685
0.5089768640 0.6010048146 2.8471860315
0.5089746248 0.6032575589 2.8471906787
0.8638297004 0.4653403982 2.1916419747
0.8692730883 0.4632283050 2.1978817875
0.8692730883 0.4632284157 2.1905562857
0.8692878389 0.4630945498 2.1905562952
0.8688085793 0.4648878775 2.1906135190
0.8688085719 0.4648866562 2.2021093379
0.8278884633 0.4661114014 2.1826987308
0.7091516930 0.4661078852 2.6505417286
0.7091517539 0.4661077464 3.2177059613
0.9153122743 0.1665107639 3.0911190393
0.9211096902 0.1513972407 2.2706917161
1.5272353488 0.3639895441 1.9796324931
1.8188880179 0.4363576078 1.7860135561
2.6204003651 0.2968636542 2.1428210823
2.6204003627 0.3142371281 2.1443362843
1.9928245030 0.3048623644 2.2311824175
0.9170401298 0.1512832618 3.0505001889
0.9210283491 0.1366199840 2.5351891467
1.5277299342 0.1360433844 2.4215089067
1.5277274572 0.1360789535 2.6329857132
1.8259177702 0.3310275325 2.1196650134
2.2545970746 0.3051652811 2.1732648440
1.2752080062 0.3053057654 2.1749819265
1.8259173341 0.3131436287 2.1748836654
1.8259172417 0.3310261418 2.1748836656
1.8419351533 0.3310252159 2.1336826241
1.3859840376 0.4062631484 2.1335521815
1.3876089461 0.4062631484 1.9349194266
1.3711687021 0.4366846097 1.9356761207
1.3531311619 0.4366910649 1.9356850015
0.8308086884 0.5767381721 1.8252736889
1.2862032273 0.5647630880 1.4647665919
1.3315584190 0.5586030083 1.2907621354
1.3828061804 0.5772605500 1.1458913418
1.3111064266 0.5748480228 1.3808230227
1.3105119893 0.5759058618 1.3823782219
0.5002201815 1.1179082411 1.5398365808
0.7511458751 1.8723529853 1.1512445200
2.1190650263 1.4877645847 0.9153021977
1.6777826959 0.9977735086 0.9855786888
0.5235302304 0.8093909781 1.3964197069
0.5549817528 0.9124868363 1.3726026321
0.5846676463 1.1181153704 1.3180130158
0.5852743119 0.7146778376 1.2980583801
0.5852743057 0.7059816335 1.2980803922
0.5852743085 0.7052905045 1.2982173240
0.5015603027 1.2205880528 1.3053909860
0.4158477330 1.2428577996 1.1916916097
0.4140295895 1.2558542266 1.1761120305
0.6347575328 1.1739965149 1.2453915876
0.6347183411 1.0486885806 1.2463920524
0.6317739740 1.2362880526 1.2463442090
0.6317545914 1.2363201715 1.2463442093
0.6340582326 1.3818921805 1.1708987881
0.7162026626 0.7785857871 1.1655410357
0.8256240521 1.8191033589 1.1278695153
0.8183535254 1.8190761133 1.1281141719
0.8084854805 1.8203447968 1.1642914335
0.7748262125 1.8203527897 1.1438054607
0.9478672847 1.8505190382 1.0757202438
0.9478797166 1.8562797789 0.9763435039
0.7068430999 1.8562803568 1.1655400653
0.6748015839 0.6889041593 1.2293559645
0.6748013156 0.7702684297 1.2708641817
0.6748402907 0.6871900098 1.2214386647
1.2437921042 0.6022974421 1.2229739882
1.3315549887 0.5942037138 1.2229739882
1.3441116947 0.5474467832 1.1830683134
1.3441009204 0.5321776747 1.5522813831
1.4300827824 0.5322173069 1.4686205032
1.4300838984 0.4978605510 1.4686212093
