0.0000000000 1.1859238790
0.1329960983 1.1081531954
0.5312652611 0.9400284438
0.7812540557 0.6766177300
0.8125038173 0.6690278858
0.8125515010 0.6437262985
0.2584841412 1.0520671694
0.6336217081 0.8256627508
0.8750002402 0.4629507817
0.6978154338 0.7291402253
0.0000152588 1.1744669699
0.0079357624 1.1439898912
0.5312500024 0.9635318556
0.5312523865 0.9633428016
0.4379924856 0.9840707961
0.8437540558 0.5992722030
0.8437538173 0.6263578792
0.8125495937 0.6586815729
0.9379921359 0.3295510419
0.4379921280 0.9984428701
0.9379921285 0.3843343250
0.3751223100 0.9986431337
0.6355595744 0.8205017608
0.5728154337 0.8677385896
0.5723271524 0.8719800843
0.0084839026 1.1203044900
0.0078740269 1.1655990493
0.2584841403 1.0724955785
0.2579958590 1.0930609744
0.2579968127 1.0816409633
0.2579357775 1.1071283854
0.2579357626 1.1071283881
0.0079348087 1.1454598947
0.3750002397 1.0202435991
0.8750002392 0.5528861684
