0.0441916455 1.0305014218
0.0001223106 1.5925156992
0.4453282360 0.1079623378
0.1954669973 0.8442617895
0.0079350490 1.3695238601
0.4375001233 0.3339289454
0.0622561314 0.9036204831
0.4375153821 0.3121844575
0.0446799305 0.9551975595
0.4376373295 0.3023379382
0.4453129773 0.1213963955
0.4453129791 0.1121312257
0.0079655666 1.3558757887
0.0079656262 1.3483306508
0.2579694411 0.5888618696
0.2579650900 0.6351311816
0.2149985602 0.6730675744
0.0079345722 1.5232256469
0.0079348106 1.4399478750
0.1954672357 0.8440146785
0.2110922357 0.7237535631
0.2032797357 0.8238091284
0.2032797953 0.8230474872
0.2032798102 0.7945189313
0.2071860602 0.7638504573
0.2149995139 0.6728145620
0.0234375075 1.2174207434
0.0441916492 1.0196408586
0.0437033680 1.0452761966
0.0466330536 0.9494470458
0.0466311314 0.9521788196
0.8122561321 -0.0226132863
0.8123782024 -0.0236734233
0.8104327068 0.0220771055
0.8476870068 -0.6224179266
0.8313618347 -0.3175902513
0.8208010949 -0.1505250230
0.8300839372 -0.1760902378
0.8303280480 -0.2392990687
0.8303890832 -0.2399375820
0.8313618496 -0.3176140308
0.8594360630 -0.6343382843
0.8594363014 -0.6392344345
0.8594668190 -0.6509006574
0.8594668180 -0.6505448255
0.8437502411 -0.4976368137
0.8443076767 -0.5102300057
0.8442995780 -0.5053834602
0.8203128137 -0.1358382203
0.8203204431 -0.1360060967
0.8437502392 -0.4972702166
0.8476564892 -0.5220046045
