0.5220551165 0.3417042240
0.5241376539 0.3114813393
0.6821818125 0.1579803689
0.3552420191 0.6126348799
0.8537906070 -0.3240601222
0.8556890578 -0.3709782796
0.3473195192 0.7046072713
0.8596708964 -0.4591074227
0.5201204466 0.3717098259
0.5166944815 0.4288832564
0.5192780123 0.3853136191
0.5436954091 0.1622892814
0.3621785409 0.5481395376
0.7014821433 -0.1702910112
0.2041046257 0.7568247723
0.1770810778 0.9008902087
0.1747034579 0.9173531843
0.2126934984 0.7449348886
0.6849712118 0.0947704060
0.8630032121 -0.5210098400
0.3485798371 0.6889867164
0.1712422858 0.9412836073
0.6961293259 -0.1083396591
0.6858282649 0.0761915294
0.6926015822 -0.0540209084
0.3443906440 0.7419571913
0.0231181133 0.9817728878
0.5231316489 0.3258004201
0.6938607388 -0.0745646197
0.0327562038 0.9680016179
0.5152463584 0.4544099488
0.6916464172 -0.0376179613
0.3601841117 0.5648216799
0.5318770970 0.2210422477
0.6907116530 -0.0209041555
0.6831667333 0.1352070684
0.8563886246 -0.3875021987
0.6978245632 -0.1307338265
0.8550480982 -0.3554708019
0.0000000000 1.0000000000
0.8523416575 -0.2863234101
0.8531238909 -0.3068953107
0.3462114862 0.7185793500
0.8584197561 -0.4330008675
0.8514213835 -0.2615453757
0.1984415558 0.7758181521
0.8604788983 -0.4751555782
0.8756697478 -0.6421881471
0.6868800070 0.0539822730
0.8640628556 -0.5382532425
0.7054339503 -0.1988611513
0.5286244163 0.2545524631
0.5333906928 0.2078544393
0.8693786726 -0.6057491387
0.3565654333 0.5989921077
0.3696125809 0.5013710461
0.1830719076 0.8603425952
0.8509323296 -0.2481339451
0.3497616540 0.6746328539
0.1921014716 0.8058537652
0.8573716961 -0.4099930928
0.5174680165 0.4155602917
0.3775850974 0.4816360632
0.5209565933 0.3585245230
0.6948003819 -0.0887998103
0.1850623261 0.8475396468
0.1897274222 0.8190664497
0.8674417217 -0.5848932669
0.1949658727 0.7912593950
0.5138468089 0.4797443217
0.8502114056 -0.2280671450
0.0547507636 0.9487781833
0.6992765905 -0.1478995963
0.0408092822 0.9575466363
0.5266217503 0.2785065340
0.8544559081 -0.3408386078
0.3539275034 0.6267373717
0.6900141304 -0.0080187493
0.5303394200 0.2360246135
0.5184201437 0.3994816214
0.8620854133 -0.5051043482
0.3582425246 0.5825605658
0.7031022811 -0.1838274505
0.8713857629 -0.6226227682
0.8663887487 -0.5717638907
0.7104355547 -0.2129243264
0.5360113425 0.1888164978
0.3508587569 0.6615887121
0.3639624058 0.5346261547
0.5251570082 0.2975295296
0.1811404742 0.8731810139
0.3666448577 0.5169648377
0.6838821657 0.1189687109
0.5383530435 0.1760180423
0.1791209841 0.8868714265
0.1871366578 0.8344791822
0.6885763369 0.0196150404
0.0130860609 0.9936316680
0.8613487033 -0.4916990297
0.6893186386 0.0051710884
