0.8566416441 0.0000000000
0.8573607435 0.0000000000
0.5180525705 0.0000000000
0.8725923195 0.0000000000
0.8759008907 0.0000000000
0.5369209026 0.0000000000
0.6868288578 0.0000000000
0.8547855989 0.0000000000
0.2096349331 0.0000000000
0.1710900477 0.0000000000
0.0114308799 0.0000000000
0.1736030218 0.0000000000
0.5246600742 0.0000000000
0.2037270203 0.0000000000
0.6914178744 0.0000000000
0.8629969439 0.0000000000
0.8700460982 0.0000000000
0.6959915139 0.0000000000
0.6829345317 0.0000000000
0.6857383332 0.0000000000
0.0000000000 0.0000000000
0.3446487079 0.0000000000
0.8506288229 0.0000000000
0.8511068099 0.0000000000
0.3523962486 0.0000000000
0.5326402165 0.0000000000
0.3559655876 0.0000000000
0.5170025819 0.0000000000
0.8584551711 0.0000000000
0.6936191705 0.0000000000
0.8646101670 0.0000000000
0.8560772325 0.0000000000
0.3587118592 0.0000000000
0.3635240656 0.0000000000
0.6904685516 0.0000000000
0.8622778451 0.0000000000
0.5159730805 0.0000000000
0.0503674076 0.0000000000
0.8605280300 0.0000000000
0.6972362146 0.0000000000
0.6884137095 0.0000000000
0.8540759219 0.0000000000
0.8598374275 0.0000000000
0.3607697275 0.0000000000
0.5191703299 0.0000000000
0.8592092358 0.0000000000
0.8658270972 0.0000000000
0.5345605358 0.0000000000
0.6897080989 0.0000000000
0.8615267517 0.0000000000
0.8668696887 0.0000000000
0.1907275370 0.0000000000
0.6844284001 0.0000000000
0.5293211530 0.0000000000
0.0221487709 0.0000000000
0.5305754632 0.0000000000
0.6850479122 0.0000000000
0.1938726464 0.0000000000
0.8683520334 0.0000000000
0.5438101222 0.0000000000
0.3543635835 0.0000000000
0.8516883344 0.0000000000
0.1968007830 0.0000000000
0.5145939927 0.0000000000
0.1769994094 0.0000000000
0.1831612033 0.0000000000
0.3468710903 0.0000000355
0.6998069272 0.0000000000
0.1997492111 0.0000000000
0.1809979663 0.0000000000
0.1885600585 0.0000000000
0.8525546748 0.0000000000
0.5202809296 0.0000000000
0.3511175389 0.0000000000
0.7023313577 0.0000000000
0.5219535438 0.0000000000
0.1858104059 0.0000000000
0.6922180632 0.0000000000
0.6985941996 0.0000000000
0.8501741067 0.0000000000
0.5228886610 0.0000000000
0.3691183032 0.0000000000
0.8530953723 0.0000000000
0.5138203661 0.0000000000
0.8554933455 0.0000000000
0.6948835957 0.0000000000
0.5272283529 0.0000000000
0.3489173375 0.0000000000
0.1787830619 0.0000000000
0.3782148288 0.0000000000
0.3573007804 0.0000000000
0.0321010131 0.0000000000
0.6823108965 0.0000000000
0.6836164292 0.0000000000
0.5257590030 0.0000000000
0.3663677233 0.0000000000
0.3500543940 0.0000000000
0.0406420065 0.0000000000
0.7058182412 0.0000000000
0.7108135736 0.0000000000
