0.5545137573 0.9972513259
0.9972197964 0.0274567731
0.9827077295 0.1600687878
0.3204498008 0.9999885817
0.6250223326 0.9909018026
0.9847640085 0.1423271257
0.9802263576 0.1810379792
0.3595396592 0.9999639033
0.9096572730 0.6120480298
0.9714695493 0.2513274294
0.9019526708 0.6436822239
0.9062394744 0.6263803111
0.9227737558 0.5523358213
0.7304743694 0.9567436548
0.6380132973 0.9888237193
0.4980004054 0.9990617967
0.7424680818 0.9490929555
0.5201390204 0.9985505797
0.8772672412 0.7300277519
0.9986403120 0.0135139875
0.5983257156 0.9941200086
0.6112347360 0.9927208567
0.2785365349 0.9999971893
0.8493756701 0.8045668792
0.4050502980 0.9998811253
0.8672675242 0.7592696536
0.6533520313 0.9858266518
0.9153216825 0.5872020784
0.9287009125 0.5227359497
0.8069735762 0.8828902261
0.9322511460 0.5041740425
0.9463430421 0.4239158403
0.9734764100 0.2357167914
0.8257954165 0.8525228689
0.9871397099 0.1214100576
0.8168072524 0.8678108372
0.9943751842 0.0548455701
0.4690429986 0.9994846212
0.5348243265 0.9980852524
0.9766285096 0.2106057115
1.0000000000 0.0000000000
0.9180567681 0.5747000158
0.9562174256 0.3609033546
0.7842327575 0.9120066628
0.3413439448 0.9999785256
0.2272223291 0.9999996331
0.9887335381 0.1071208992
0.9530367534 0.3818462712
0.9911427112 0.0851246733
0.9394544320 0.4645028100
0.5787422910 0.9957844699
0.9508830190 0.3956745033
0.9580668974 0.3484340969
0.9785821980 0.1946714238
0.8850512015 0.7050937613
0.7630818635 0.9330560528
0.3754479599 0.9999443459
0.9261130007 0.5358698209
0.7995021056 0.8932922117
0.8984152591 0.6574127499
0.8440267687 0.8165312057
0.6897563818 0.9756242901
0.2433786786 0.9999992708
0.8558619051 0.7891192385
0.8722841967 0.7449765928
0.8811175544 0.7179419252
0.9928211163 0.0695135440
0.8889853065 0.6917196607
0.3880355652 0.9999226046
0.6688572952 0.9820801371
0.9617882205 0.3226790056
0.2916733296 0.9999955438
0.8331081567 0.8389302943
0.8927036188 0.6785799585
0.9657530877 0.2942334786
0.4283698894 0.9997919396
0.9345834208 0.4916290507
0.9599681284 0.3353880529
0.2108276950 0.9999998265
0.9370757521 0.4779080444
0.9959112001 0.0401438206
0.4564004868 0.9996078421
0.8609936760 0.7761280842
0.2628510509 0.9999984257
0.4848242198 0.9992824650
0.7192690776 0.9629392762
0.1938771153 0.9999999250
0.7531932204 0.9412424035
0.9692802325 0.2680295338
0.4432228767 0.9997074355
0.7036147932 0.9702594074
0.9439791636 0.4381452170
0.3051041926 0.9999930099
0.7726346429 0.9241873341
0.9638046832 0.3083437235
0.9125517691 0.5995252731
0.9486103658 0.4099637958
0.9675952871 0.2806546450
0.1796102581 0.9999999651
0.9750718940 0.2230977438
