0.4752074598 0.9994127372
0.7373887115 0.9524703246
0.9044669851 0.6336238551
0.9199897266 0.5656600504
0.9685740657 0.2733448379
0.6748535371 0.9804072550
0.9770160519 0.2074676647
0.8877263216 0.6960578218
0.8475081270 0.8088216474
1.0000000000 0.0000000000
0.9785985645 0.1945367254
0.8408423242 0.8233369842
0.7482364421 0.9449967233
0.8345755675 0.8360706698
0.6332677447 0.9896277332
0.7912873113 0.9037630133
0.9172954035 0.5782139877
0.9479822254 0.4138592112
0.6610408866 0.9840675259
0.9565307346 0.3588062352
0.9079402761 0.6193088177
0.7244747818 0.9601679437
0.3970109654 0.9999027197
0.5493878967 0.9974950972
0.9107853884 0.6072098876
0.9536084652 0.3781280380
0.8744674870 0.7385210880
0.8532534337 0.7954589662
0.7593599795 0.9362504611
0.8999644440 0.6514592866
0.6024146428 0.9937055876
0.2173469078 0.9999997647
0.8277475004 0.8489993629
0.3761498910 0.9999432966
0.9940535604 0.0578981606
0.7817153730 0.9147907922
0.5152774307 0.9986804945
0.9427124725 0.4456391778
0.8203780493 0.8619169679
0.2026432979 0.9999998832
0.9348960356 0.4899260062
0.6911997314 0.9751093862
0.9517044393 0.3904336971
0.9588461588 0.3431150261
0.8580732774 0.7836067193
0.2382148697 0.9999994116
0.6464129623 0.9872620199
0.9955817389 0.0433144349
0.5718823195 0.9962583195
0.8834318774 0.7104452718
0.8961959478 0.6657820594
0.4918440612 0.9991715347
0.4218033836 0.9998217208
0.9257818036 0.5375269773
0.2984305237 0.9999943968
0.3592369586 0.9999642060
0.6152916268 0.9922230367
0.7687912301 0.9278752692
0.9813270206 0.1717955262
0.9983087850 0.0167840191
0.4382834983 0.9997384521
0.8786372379 0.7257819405
0.9626530751 0.3165637276
0.8629494397 0.7709904933
0.2795409707 0.9999970862
0.9320209722 0.5053968832
0.9608938291 0.3289512937
0.9912698702 0.0839502522
0.9882447108 0.1115254620
0.9650518216 0.2993415755
0.9231336699 0.5505867060
0.5330202915 0.9981488678
0.9837295096 0.1512945441
0.9703907814 0.2595996397
0.3210977301 0.9999883488
0.7037539811 0.9702005227
0.9402081896 0.4601907809
0.2665969600 0.9999981864
0.3459557259 0.9999754413
0.9447550396 0.4335100982
0.9867463147 0.1249051449
0.1796162306 0.9999999650
0.9286748320 0.5228699615
0.8681402025 0.7568363334
0.9143387915 0.5916134277
0.9720345080 0.2469621078
0.8125427399 0.8745524621
0.9898789876 0.0967227862
0.4626185314 0.9995510166
0.5875171275 0.9950998958
0.9927356080 0.0703146303
0.9737892117 0.2332574090
0.9851390355 0.1390552527
0.9969963849 0.0296334089
0.9753855631 0.2205949196
0.9667650785 0.2868029398
0.9376385505 0.4747639239
0.8926721734 0.6786931603
0.4093369892 0.9998679283
0.8012586805 0.8909244340
