1.4203674021 1.2386790420 0.6703637628
0.4584381790 1.8280053459 0.6703637423
1.6735667743 0.9758244242 0.4980941008
1.1168998514 1.5829067726 0.4980941057
0.8813861866 1.7251717106 0.4980940999
1.5807130073 0.8823853400 0.8508226475
1.5723878973 1.1755151774 0.3832978338
1.7612392581 0.5775487734 0.7838489705
1.2378329366 1.2772862521 0.9138824192
0.0000000000 1.8502849595 0.7580268964
0.0000000000 1.6058538680 1.1923990485
0.0000000000 1.4637731656 1.3621139565
0.0000000000 0.5264634304 1.9289433807
0.7424624650 1.2614996506 1.3621139565
1.2740850147 1.5124743769 0.3122264408
0.5954584140 1.4578677662 1.2320990777
1.6592534613 0.3010496441 1.0956310819
1.8043300569 0.3539437856 0.7861661218
1.9851900163 0.0000000000 0.2387837331
0.9861393621 1.7229361364 0.2387837443
1.4515036722 1.0852890090 0.8445905820
0.2898411919 1.9429432559 0.3727906120
0.0000000000 1.2710453043 1.5436521166
0.2359702710 1.8221044308 0.7888271633
0.0000000000 1.9992326508 0.0323560994
1.1922544166 0.3527272514 1.5659491748
0.2032777904 1.0363622222 1.6978405824
1.7227855258 0.7960400599 0.6295302686
1.3419147124 1.0426034268 1.0537302724
1.3412935734 0.6351272999 1.3399706082
1.9363276656 0.4366303753 0.2409012753
0.9621724029 0.2169641558 1.7392932174
1.5420494405 0.0000000000 1.2728151994
0.2162635247 1.5268092770 1.2728152003
1.2017887138 0.8092674028 1.3779568327
1.7349083650 0.0711892096 0.9914635304
1.9862279352 0.2299431718 0.0000000000
0.0000000000 0.2772490680 1.9801787356
0.6404946757 1.1178461434 1.5291047863
1.8710352236 0.0000000000 0.7051255722
1.8026556257 0.8651066008 0.0000000000
0.4287222555 1.3681252235 1.3937020741
1.0923845783 0.5668062540 1.5758811728
0.9289113949 0.8678863583 1.5433313825
0.7121978230 1.6978926094 0.7796857151
1.5419856438 1.2685494694 0.1050589431
0.2980088859 0.8422841606 1.7887769451
0.6710684730 0.6978537747 1.7494690846
0.3182122784 1.7138104287 0.9795762492
1.7018676689 1.0376815762 0.1576015830
0.4718761185 0.3301480269 1.9147611013
0.4691096738 0.0000000000 1.9436848987
0.9691140028 1.6168629741 0.6667436069
0.2352106473 0.0000000000 1.9856109424
1.8543452821 0.7222908717 0.1940987864
0.6727678695 0.8958664567 1.6561345224
0.4052827532 0.5396797923 1.8821441183
1.6463015106 0.5094364180 1.0139727491
1.0813473203 0.0000000000 1.6818629073
0.7318850153 0.3614728715 1.8252825960
1.4740167773 0.8473311621 1.0522734011
1.3752108801 1.3662663404 0.4899859031
0.4358832866 1.0235487860 1.6614236388
0.5631031591 1.8841284042 0.3618699417
1.2415254578 1.5673510774 0.0000000000
0.0000000000 0.0000000000 1.9994936511
1.1970822119 1.0177042599 1.2366273007
0.4259654547 1.9535936872 0.0000000000
0.6801399696 0.0000000000 1.8802618142
0.1784075239 0.6545019742 1.8808968030
0.8861816757 1.4019276153 1.1168061010
1.8258318832 0.6971735217 0.4222107035
0.0000000000 0.7839524017 1.8394003086
0.8025410318 1.5597595339 0.9597150385
0.9826599995 1.0709109904 1.3731364969
1.4293291054 0.1593270498 1.3891033325
0.7876862524 1.8109774842 0.3128670366
1.7640664508 0.8877829922 0.3128670367
0.0663272323 1.9761909698 0.2970602894
1.0204614040 1.4703706315 0.8914278402
1.9994936509 0.0000000000 0.0000000000
0.6612603316 1.8020800829 0.5596579387
0.2191131862 0.4242557313 1.9416414054
1.4106494913 1.4170542954 0.0000000000
0.0000000000 1.7550764222 0.9579569993
0.6540410663 1.8894986488 0.0000000000
0.5865730711 1.6487964980 0.9671489041
0.4429248044 1.5931370697 1.1241471242
0.0836889116 1.9180643762 0.5585696690
1.8832535156 0.3732706549 0.5585696691
0.2877861103 0.2131420808 1.9671615271
1.0552751692 1.6983430701 0.0000000000
1.9412943638 0.0000000000 0.4789061108
1.2351171274 0.1295916535 1.5670566525
1.9266470110 0.5347954355 0.0000000000
0.8572223803 1.8064176300 0.0000000000
0.1930260896 1.3651980960 1.4480849254
1.5137527832 0.4520766259 1.2256239631
0.9848896713 1.2352380741 1.2256239631
1.1808897301 1.4602481785 0.6864033577
