0.4305163513 0.4528473142 0.4999999709 0.4999999592 0.4999999505 0.4000513494 0.4999999250 0.4999998852 0.4996767882 0.4999999676 0.5000000327 0.4999999390
0.3976054289 0.1953942976 0.5000000076 0.5000000237 0.4999999584 0.4000512854 0.4999999456 0.4999999121 0.4996767882 0.4999999417 0.4999999974 0.4999999544
0.1848716908 0.4955663206 0.5000000069 0.4999999546 0.4999999392 0.4000506203 0.4999999122 0.4999998953 0.4996767882 0.4999999799 0.5000000029 0.4999999591
0.6163667843 0.5962922604 0.5000000101 0.5000000502 0.4999999647 0.4000507129 0.4999999764 0.4999999373 0.4999759721 0.5000000041 0.4999999956 0.4999999546
0.6877275119 0.5962922604 0.5000000101 0.5000000502 0.4999999647 0.4000506980 0.4999999620 0.4999999367 0.4999759721 0.5000000041 0.4999999797 0.4999999945
0.3376544884 0.5962922604 0.5000000101 0.5000000418 0.4999999647 0.4000506580 0.4999999764 0.4999999620 0.4999759721 0.4999999602 0.4999999971 0.4999999945
0.1147347922 0.7584535097 0.5000000037 0.5000000335 0.4999999723 0.4000506045 0.5000000003 0.4999999438 0.5001616374 0.4999999158 0.4999999935 0.5000000004
0.3624732977 0.7707599031 0.5000000019 0.5000000267 0.5000000083 0.4000506062 0.4999999727 0.4999999438 0.5001884424 0.4999999928 0.4999999935 0.5000000316
0.9257852316 0.0000000000 0.5000000013 0.5000000591 0.4999999442 0.4000506422 0.4999999825 0.4999999843 0.5000010173 0.5000000038 0.4999999807 0.5000000020
0.0000000000 0.2511555780 0.5000000018 0.5000000358 0.5000000078 0.4000506668 0.4999999841 0.4999999497 0.5000446963 0.4999999963 0.5000000085 0.4999999942
0.0099800047 0.7154282893 0.4999999979 0.5000000169 0.4999999452 0.4000506668 0.4999999918 0.4999999784 0.5000131557 0.4999999909 0.4999999944 0.5000001072
0.0575149441 0.0844967974 0.4999999480 0.5000000305 0.4999999491 0.4000506570 0.4999999881 0.4999999549 0.5000197505 0.4999999747 0.4999999804 0.5000000150
0.2414724487 1.0000000000 0.4999999480 0.5000000305 0.4999999377 0.4000506570 0.4999999881 0.4999999828 0.5000406527 0.4999999747 0.4999999804 0.4999999888
0.1352536626 0.3192444579 0.4999999663 0.4999999999 0.4999999487 0.4000506516 0.4999999940 0.4999999569 0.5000034166 0.5000000013 0.5000000155 0.4999999726
0.6150177590 1.0000000000 0.4999999945 0.5000000170 0.4999999582 0.4000506552 0.4999999940 0.4999999663 0.5000075889 0.4999999747 0.4999999949 0.4999999726
0.6795780335 0.8133628603 0.4999999945 0.5000000170 0.4999999582 0.4000506552 0.4999999914 0.4999999692 0.5000210899 0.4999999747 0.4999999949 0.5000000098
0.2294781977 0.3232296169 0.4999999932 0.5000000143 0.4999999655 0.4000506520 0.4999999915 0.4999999656 0.5000357221 0.4999999832 0.5000000070 0.5000000250
0.1068910682 0.0268854167 0.4999999932 0.5000000133 0.4999999648 0.4000506633 0.4999999952 0.4999999471 0.5000276262 0.4999999739 0.4999999948 0.5000000572
0.5428186921 0.6424469352 0.4999999875 0.5000000161 0.4999999654 0.4000506629 0.4999999915 0.4999999594 0.5000043504 0.4999999855 0.4999999764 0.5000000352
0.7585269812 0.6424469352 0.4999999807 0.5000000136 0.4999999699 0.4000506564 0.5000000389 0.4999999536 0.5000148383 0.4999999839 0.4999999764 0.4999999740
0.0625236576 0.4195300377 0.5000000291 0.5000000516 0.4999999585 0.4000506529 0.5000000273 0.4999999997 0.5000055556 0.4999999823 0.4999999918 0.4999999828
0.5116168571 0.3154683458 0.5000000117 0.5000000263 0.4999999594 0.4000506483 0.5000000300 0.4999999709 0.5000079378 0.4999999823 0.5000000107 0.4999999828
0.2159916894 0.9278222951 0.5000000011 0.5000000516 0.4999999349 0.4000506522 0.4999999822 0.4999999500 0.5000009916 0.4999999954 0.4999999613 0.5000000129
0.5835495820 0.1738987386 0.4999999933 0.5000000278 0.4999999440 0.4000506709 0.5000000172 0.4999999783 0.5000021876 0.4999999997 0.4999999843 0.4999999989
0.6168207212 0.7545503139 0.5000000067 0.5000000326 0.4999999493 0.4000506625 0.5000000079 0.4999999529 0.5000004441 0.4999999819 0.4999999843 0.5000000048
0.1480630205 0.0918465995 0.5000000269 0.5000000611 0.4999999723 0.4000506427 0.5000000079 0.4999999593 0.4999988624 0.4999999890 0.4999999874 0.4999999907
0.5031390124 0.4146414889 0.4999999978 0.5000000496 0.4999999683 0.4000506427 0.5000000330 0.4999999687 0.5000005676 0.4999999890 0.4999999852 0.5000000101
0.8451866756 0.8998224140 0.5000000432 0.5000000421 0.4999999403 0.4000506469 0.5000000055 0.4999999744 0.4999997280 0.4999999757 0.4999999691 0.5000000351
0.1653003269 1.0000000000 0.5000000199 0.5000000379 0.4999999546 0.4000506452 0.5000000165 0.4999999744 0.5000000588 0.4999999756 0.4999999798 0.5000000177
0.1653003269 0.5925196509 0.5000000199 0.5000000379 0.4999999546 0.4000506452 0.5000000144 0.4999999717 0.5000000588 0.4999999551 0.4999999798 0.5000000170
0.3116877072 0.9596200540 0.5000000235 0.5000000433 0.4999999546 0.4000506463 0.5000000144 0.4999999717 0.4999992051 0.4999999964 0.4999999798 0.4999999847
0.3793012346 1.0000000000 0.5000000236 0.5000000433 0.4999999810 0.4000506463 0.5000000144 0.4999999673 0.4999996222 0.4999999917 0.4999999798 0.4999999847
0.3409949035 0.8549913906 0.5000000384 0.5000000097 0.4999999595 0.4000506443 0.5000000117 0.4999999723 0.5000000341 0.4999999950 0.5000000172 0.5000000084
0.3862028559 0.5300615447 0.5000000384 0.5000000097 0.4999999644 0.4000506805 0.5000000117 0.4999999557 0.5000000341 0.5000000112 0.4999999987 0.5000000084
0.5278284726 0.7553883162 0.5000000393 0.5000000305 0.4999999571 0.4000506700 0.5000000277 0.4999999745 0.5000000076 0.5000000059 0.4999999869 0.5000000427
0.0000000000 0.0000000000 0.5000000299 0.5000000391 0.4999999684 0.4000506434 0.5000000145 0.4999999792 0.4999999851 0.5000000078 0.4999999867 0.5000000057
0.5452555965 1.0000000000 0.5000000288 0.5000000242 0.4999999990 0.4000506618 0.5000000213 0.4999999397 0.4999999837 0.4999999931 0.4999999516 0.5000000003
0.1431591381 0.6649611036 0.5000000575 0.5000000099 0.5000000228 0.4000506615 0.5000000213 0.4999999669 0.5000000005 0.5000000002 0.4999999913 0.5000000040
0.4744203041 0.5416637226 0.5000000053 0.5000000349 0.5000000228 0.4000506588 0.5000000194 0.4999999669 0.5000000292 0.5000000375 0.4999999670 0.5000000027
0.5649103865 0.8612129391 0.5000000094 0.5000000116 0.5000000286 0.4000506622 0.5000000276 0.4999999893 0.5000000128 0.4999999905 0.4999999536 0.5000000071
0.2968953546 0.0771834258 0.5000000258 0.5000000055 0.5000000286 0.4000506628 0.5000000276 0.5000000082 0.5000000018 0.5000000235 0.4999999536 0.5000000269
0.3828545117 0.3485944402 0.5000000258 0.4999999887 0.5000000283 0.4000506628 0.5000000227 0.4999999969 0.4999999622 0.5000000318 0.4999999596 0.5000000401
0.0187824874 0.1471258130 0.5000000173 0.4999999887 0.5000000256 0.4000506422 0.5000000307 0.4999999969 0.5000000223 0.5000000315 0.4999999596 0.4999999863
0.9448344379 0.7858175494 0.5000000173 0.5000000417 0.4999999939 0.4000506629 0.5000000307 0.4999999891 0.5000000228 0.5000000463 0.4999999373 0.4999999863
0.1833936573 0.0000000000 0.5000000173 0.5000000067 0.5000000208 0.4000506819 0.5000000307 0.5000000296 0.5000000026 0.5000000289 0.4999999367 0.4999999863
0.0572142418 0.8885721837 0.4999999894 0.5000000067 0.5000000237 0.4000506627 0.5000000323 0.5000000566 0.5000000112 0.5000000149 0.4999999417 0.5000000087
0.2558739279 0.1697127121 0.5000000037 0.5000000143 0.5000000380 0.4000506627 0.5000000323 0.5000000566 0.5000000112 0.5000000149 0.4999999417 0.4999999808
0.2662510921 0.0000000000 0.4999999894 0.5000000067 0.5000000380 0.4000506627 0.5000000323 0.5000000566 0.5000000112 0.5000000245 0.4999999396 0.5000000313
0.2815126272 0.7583740163 0.5000000077 0.4999999897 0.5000000285 0.4000506627 0.5000000514 0.5000000566 0.4999999988 0.5000000224 0.4999999392 0.4999999804
0.3256025889 0.6865757381 0.4999999938 0.5000000154 0.5000000285 0.4000506674 0.5000000401 0.5000000067 0.5000000166 0.4999999970 0.4999999510 0.4999999804
0.8694443937 0.3510525447 0.4999999965 0.5000000154 0.5000000648 0.4000506654 0.5000000278 0.4999999956 0.5000000760 0.4999999970 0.4999999628 0.5000000004
0.3091513989 0.3487805864 0.4999999849 0.5000000154 0.5000000040 0.4000506542 0.5000000133 0.4999999941 0.4999999983 0.4999999647 0.4999999514 0.5000000004
0.3365579451 0.0000000000 0.5000000000 0.4999999935 0.5000000214 0.4000506542 0.5000000509 0.4999999941 0.4999999941 0.4999999970 0.4999999628 0.4999999944
0.6517508046 0.0548755981 0.5000000064 0.5000000214 0.5000000324 0.4000506555 0.5000000417 0.4999999826 0.5000000081 0.4999999898 0.4999999463 0.4999999658
0.2497261382 0.5938342850 0.4999999773 0.5000000343 0.5000000255 0.4000506724 0.5000000260 0.4999999750 0.5000000081 0.4999999807 0.4999999701 0.4999999760
0.0000000000 0.4628891078 0.4999999745 0.5000000129 0.5000000337 0.4000506651 0.5000000339 0.4999999847 0.5000000081 0.4999999872 0.4999999410 0.4999999882
0.7698636965 0.0000000000 0.4999999473 0.5000000143 0.4999999970 0.4000506544 0.5000000218 0.4999999703 0.4999999965 0.4999999802 0.4999999585 0.5000000028
0.8397905300 0.0000000000 0.4999999911 0.5000000143 0.4999999970 0.4000506544 0.5000000218 0.4999999703 0.4999999838 0.4999999787 0.4999999585 0.4999999852
0.1420088094 0.8732123156 0.4999999522 0.5000000165 0.4999999178 0.4000506544 0.5000000218 0.4999999720 0.4999999965 0.4999999802 0.4999999874 0.5000000028
0.3901753740 0.0536245089 0.4999999504 0.5000000494 0.4999999946 0.4000506598 0.5000000219 0.4999999852 0.4999999965 0.4999999831 0.4999999406 0.5000000097
0.0861175427 0.5668403658 0.4999999486 0.4999999890 0.5000000008 0.4000506528 0.5000000269 0.4999999560 0.4999999965 0.4999999831 0.4999999700 0.4999999897
0.3218942886 0.2645842123 0.4999999429 0.4999999962 0.5000000052 0.4000506589 0.5000000269 0.4999999592 0.5000000016 0.4999999837 0.4999999635 0.4999999913
0.0572176028 0.6329924907 0.4999999689 0.4999999962 0.4999999958 0.4000506476 0.5000000546 0.4999999592 0.5000000016 0.4999999902 0.4999999639 0.4999999857
0.2160194266 0.2413694439 0.4999999795 0.4999999962 0.5000000000 0.4000506515 0.5000000319 0.4999999522 0.5000000127 0.4999999851 0.4999999462 0.5000000070
0.2678063972 0.4280685510 0.4999999870 0.4999999977 0.4999999955 0.4000506616 0.5000000323 0.4999999558 0.5000000163 0.4999999959 0.4999999291 0.5000000308
0.2014832010 0.8333739320 0.4999999853 0.4999999977 0.4999999875 0.4000506610 0.5000000342 0.4999999668 0.4999999697 0.4999999959 0.4999999567 0.4999999979
0.4376299184 0.8376822862 0.4999999873 0.4999999977 0.4999999875 0.4000506610 0.5000000342 0.4999999668 0.4999999884 0.4999999959 0.4999999567 0.5000000260
0.4863284829 0.9047828865 0.4999999801 0.4999999887 0.4999999867 0.4000506648 0.5000000027 0.4999999668 0.4999999697 0.4999999959 0.4999999588 0.5000000011
0.7154371340 0.3706962822 0.4999999507 0.4999999710 0.4999999859 0.4000506651 0.5000000137 0.4999999668 0.4999999697 0.4999999735 0.4999999589 0.4999999979
0.7130480010 0.1295905901 0.4999999400 0.4999999900 0.4999999876 0.4000506776 0.5000000137 0.4999999756 0.4999999510 0.4999999965 0.4999999491 0.4999999918
0.4641281780 0.2348852621 0.4999999452 0.4999999943 0.4999999900 0.4000506579 0.5000000043 0.4999999725 0.4999999510 0.4999999887 0.4999999347 0.5000000195
0.5445357467 0.5006176774 0.4999999622 0.5000000096 0.4999999996 0.4000506392 0.5000000043 0.4999999686 0.4999999584 0.4999999455 0.4999999585 0.5000000195
0.2178325429 0.0877919435 0.4999999402 0.5000000125 0.4999999845 0.4000506205 0.5000000089 0.4999999686 0.4999999502 0.4999999795 0.4999999460 0.5000000123
0.4495780037 0.0000000000 0.4999999492 0.5000000245 0.5000000108 0.4000506439 0.5000000224 0.4999999360 0.4999999614 0.4999999736 0.4999999648 0.5000000108
0.4265464306 0.6494193580 0.4999999556 0.5000000148 0.5000000033 0.4000506508 0.5000000118 0.4999999675 0.4999999706 0.4999999663 0.4999999699 0.5000000178
0.1142883738 0.5010503211 0.4999999592 0.5000000148 0.5000000033 0.4000506348 0.5000000071 0.4999999673 0.4999999718 0.4999999660 0.4999999405 0.5000000279
0.1800485727 0.3883671990 0.4999999601 0.5000000148 0.5000000009 0.4000506547 0.5000000014 0.4999999660 0.4999999718 0.4999999722 0.4999999331 0.5000000279
0.0937328065 1.0000000000 0.4999999577 0.5000000007 0.5000000009 0.4000506547 0.5000000067 0.4999999689 0.4999999611 0.4999999818 0.4999999385 0.5000000420
0.0937328065 0.1602034632 0.4999999592 0.5000000007 0.5000000007 0.4000506503 0.5000000067 0.4999999688 0.4999999461 0.4999999818 0.4999999385 0.5000000297
0.7753271767 1.0000000000 0.4999999315 0.4999999943 0.5000000166 0.4000506531 0.4999999878 0.4999999724 0.4999999500 0.5000000074 0.4999999402 0.5000000219
0.8005514770 0.3003700497 0.4999999511 0.4999999814 0.5000000026 0.4000506531 0.5000000067 0.4999999909 0.4999999500 0.5000000074 0.4999999570 0.5000000447
0.0715481914 0.2306547500 0.4999999511 0.4999999814 0.5000000026 0.4000506531 0.4999999848 0.4999999909 0.4999999500 0.5000000074 0.4999999350 0.5000000447
0.0591555596 0.3003700497 0.4999999586 0.4999999814 0.5000000026 0.4000506531 0.4999999963 0.4999999816 0.4999999679 0.5000000074 0.4999999570 0.5000000447
0.0000000000 0.9298027799 0.4999999314 0.4999999967 0.5000000229 0.4000506516 0.5000000065 0.4999999682 0.4999999504 0.4999999764 0.4999999542 0.5000000109
0.5821406718 0.0581495423 0.4999999345 0.4999999989 0.5000000153 0.4000506390 0.5000000376 0.5000000033 0.4999999620 0.5000000255 0.4999999643 0.5000000411
0.8300193830 0.6084003646 0.4999999333 0.4999999897 0.5000000369 0.4000506501 0.5000000335 0.5000000030 0.4999999844 0.4999999996 0.4999999529 0.5000000538
0.2201826719 0.6849008721 0.4999999434 0.4999999810 0.5000000119 0.4000506433 0.5000000255 0.4999999950 0.4999999844 0.4999999861 0.4999999440 0.5000000409
0.7028270254 1.0000000000 0.4999999460 0.4999999910 0.5000000034 0.4000506601 0.5000000276 0.4999999950 0.5000000024 0.4999999890 0.4999999578 0.5000000332
0.0000000000 1.0000000000 0.4999999551 0.4999999937 0.5000000145 0.4000506499 0.5000000315 0.4999999724 0.4999999963 0.4999999843 0.4999999651 0.5000000039
0.4555869651 1.0000000000 0.4999999278 0.4999999680 0.4999999974 0.4000506744 0.5000000212 0.4999999451 0.4999999718 0.4999999676 0.4999999671 0.5000000259
0.3105663870 0.5050888335 0.4999999915 0.4999999911 0.5000000765 0.4000506540 0.5000000527 0.4999999882 0.4999999827 0.4999999546 0.4999999605 0.4999999388
0.5738188764 0.3654847011 0.4999999915 0.4999999911 0.5000000564 0.4000506349 0.5000000139 0.4999999822 0.4999999807 0.4999999546 0.4999999605 0.4999999969
0.1560509018 0.2031851267 0.4999999885 0.4999999989 0.5000000456 0.4000506463 0.5000000434 0.4999999811 0.4999999955 0.4999999608 0.4999999482 0.4999999969
0.6553962914 0.4529285427 0.4999999885 0.4999999989 0.5000000456 0.4000506463 0.5000000434 0.5000000006 0.4999999955 0.4999999770 0.4999999728 0.4999999969
0.0000000000 0.3848642281 0.5000000146 0.4999999989 0.5000000901 0.4000506408 0.5000000104 0.4999999976 0.5000000033 0.4999999608 0.4999999346 0.4999999968
0.3607697015 0.4371629160 0.4999999937 0.4999999976 0.5000000612 0.4000506456 0.5000001057 0.4999999602 0.4999999955 0.4999999693 0.4999999398 0.4999999968
0.4424239428 0.1252400123 0.5000000082 0.4999999976 0.5000000358 0.4000506529 0.5000000696 0.4999999602 0.4999999955 0.4999999747 0.4999999396 0.4999999968
0.0779073296 0.8182923690 0.5000000108 0.5000000053 0.5000000358 0.4000506511 0.5000000117 0.4999999659 0.4999999958 0.4999999728 0.4999999396 0.4999999910
0.0000000000 0.8237781903 0.4999999993 0.5000000053 0.5000000385 0.4000506200 0.5000000117 0.4999999483 0.4999999824 0.4999999728 0.4999999414 0.4999999910
0.0226389192 0.5336302204 0.4999999993 0.4999999994 0.5000000358 0.4000506473 0.5000000117 0.4999999539 0.4999999985 0.4999999649 0.4999999396 0.4999999934
