0.0000000000 0.7298979731 0.5000000012 0.5000000361 0.4999999448 0.4999999960 0.4999999831 0.5000000037 0.4999999656 0.4999510407 0.5000677227 0.5000000115
0.0000000000 0.3279992174 0.4999999851 0.5000000120 0.4999999462 0.4999999979 0.4999999833 0.5000000008 0.4999999714 0.5000878864 0.5000677227 0.5000000111
0.0542050394 0.7918200127 0.5000000016 0.5000000292 0.4999999680 0.4999999705 0.4999999512 0.5000000315 0.4999999643 0.5000039124 0.5000677227 0.4999999745
0.2369243694 0.2846650103 0.4999999833 0.4999999771 0.4999999565 0.4999999912 0.4999999501 0.4999999850 0.4999999965 0.4999535323 0.5000677227 0.4999999976
0.7200946257 0.6298393646 0.4999999672 0.5000000068 0.4999999401 0.4999999895 0.4999999185 0.5000000178 0.4999999659 0.5001184553 0.5000677227 0.5000001144
0.4068575620 0.8393208710 0.4999999980 0.4999999454 0.4999999332 0.4999999882 0.4999999561 0.4999999462 0.4999999754 0.4999947601 0.5000677227 0.5000000546
0.1390659356 0.7472185218 0.4999999980 0.5000000129 0.4999999560 0.4999999532 0.4999999599 0.5000000043 0.4999999974 0.4999718853 0.5000677227 0.4999999955
0.4753831099 0.7930832740 0.4999999784 0.4999999747 0.4999999602 0.4999999351 0.4999999665 0.5000000043 0.4999999831 0.5000040851 0.5000677227 0.5000000080
0.3476010748 0.8830233634 0.4999999766 0.4999999829 0.4999999545 0.4999999727 0.4999999612 0.5000000589 0.4999999691 0.4999767603 0.5000677227 0.5000000184
0.0661901431 0.2953545279 0.4999999784 0.4999999976 0.4999999733 0.4999999707 0.4999999530 0.5000000414 0.4999999794 0.5000074902 0.5000677227 0.5000000019
0.2153812196 0.7409379198 0.4999999921 0.4999999802 0.4999999483 0.4999999713 0.4999999670 0.5000000470 0.4999999766 0.5000000632 0.5000677227 0.4999999831
0.2153812196 0.6520727945 0.4999999970 0.4999999960 0.4999999483 0.4999999136 0.4999999643 0.5000000470 0.4999999766 0.5000000632 0.5000677227 0.4999999831
0.4411057137 0.6812634746 0.4999999735 0.5000000168 0.4999999721 0.4999999703 0.4999999848 0.5000000286 0.4999999337 0.4999976018 0.5000677227 0.5000000058
0.3062743129 0.2840363536 0.5000000021 0.4999999887 0.4999999646 0.4999999719 0.4999999474 0.5000000286 0.4999999824 0.5000000416 0.5000677227 0.4999999823
0.5465307681 0.5022280645 0.5000000038 0.4999999865 0.4999999602 0.4999999600 0.4999999601 0.5000000399 0.4999999669 0.5000015258 0.5000677227 0.4999999830
0.7956437738 0.0000000000 0.5000000208 0.4999999848 0.4999999602 0.4999999703 0.4999999647 0.5000000245 0.4999999975 0.5000015258 0.5000677227 0.4999999785
0.3986081434 0.2557651563 0.4999999910 0.5000000061 0.4999999609 0.4999999936 0.4999999765 0.5000000418 0.4999999568 0.5000003042 0.5000677227 0.4999999955
0.0827495409 0.3676190552 0.4999999994 0.4999999854 0.4999999630 0.4999999759 0.4999999592 0.5000000615 0.4999999590 0.4999995490 0.5000677227 0.4999999830
0.1760050245 0.3318552038 0.4999999910 0.4999999984 0.4999999648 0.4999999759 0.4999999592 0.5000000458 0.4999999590 0.4999999882 0.5000677227 0.4999999830
0.3192996436 0.5944400561 0.4999999910 0.4999999860 0.4999999494 0.4999999759 0.4999999764 0.5000000412 0.4999999314 0.4999995910 0.5000677227 0.4999999992
0.7356449939 0.3851176106 0.4999999781 0.4999999963 0.4999999842 0.4999999632 0.4999999426 0.5000000682 0.4999999937 0.4999999107 0.5000677227 0.4999999955
0.6316194690 1.0000000000 0.4999999733 0.4999999959 0.4999999842 0.4999999632 0.4999999556 0.5000000266 0.4999999743 0.5000000093 0.5000677227 0.5000000062
0.1546600763 0.5026385297 0.4999999733 0.4999999959 0.4999999842 0.4999999769 0.4999999632 0.5000000266 0.4999999743 0.5000000093 0.5000677227 0.5000000062
0.0701478784 0.4652195539 0.4999999932 0.4999999806 0.4999999630 0.4999999628 0.4999999309 0.5000000333 0.4999999648 0.5000003243 0.5000677227 0.5000000062
0.1198546501 0.0000000000 0.4999999945 0.4999999825 0.4999999703 0.4999999614 0.4999999569 0.5000000456 0.4999999680 0.4999999980 0.5000677227 0.4999999893
0.1782148719 0.8237977806 0.4999999791 0.4999999860 0.4999999636 0.4999999609 0.4999999584 0.5000000607 0.4999999551 0.4999999516 0.5000496800 0.4999999694
0.0620855579 0.1965943509 0.4999999876 0.4999999911 0.4999999636 0.4999999695 0.4999999559 0.5000000517 0.4999999551 0.4999999981 0.4999672526 0.5000000029
0.1782148719 0.4319415403 0.4999999876 0.4999999852 0.4999999636 0.4999999695 0.4999999559 0.5000000324 0.4999999536 0.4999999664 0.4999672526 0.4999999650
0.5152491471 0.2480066221 0.4999999876 0.4999999911 0.4999999647 0.4999999695 0.4999999559 0.5000000561 0.4999999551 0.4999999664 0.4999672526 0.4999999703
0.1639526454 0.2268223907 0.4999999876 0.4999999905 0.4999999661 0.4999999586 0.5000000000 0.5000000549 0.4999999676 0.4999999838 0.4998943798 0.4999999397
0.2332326111 0.5062153225 0.4999999806 0.4999999910 0.4999999716 0.4999999632 0.4999999637 0.5000000061 0.4999999658 0.5000000311 0.5000033547 0.4999999761
0.0000000000 0.1470052734 0.5000000196 0.4999999964 0.4999999716 0.4999999632 0.4999999584 0.5000000061 0.4999999658 0.4999998913 0.5000033547 0.5000000212
0.6471938405 0.7249565203 0.4999999736 0.4999999929 0.4999999657 0.4999999632 0.4999999474 0.5000000212 0.4999999658 0.5000000126 0.5002038552 0.4999999805
0.3634335300 0.5245940361 0.4999999792 0.4999999878 0.4999999789 0.4999999640 0.4999999670 0.5000000341 0.5000000046 0.4999999799 0.4999914165 0.4999999865
0.0000000000 0.5086953754 0.4999999549 0.4999999911 0.4999999789 0.4999999686 0.4999999652 0.5000000682 0.5000000046 0.4999999511 0.4999914165 0.5000000058
0.3342529276 0.3691607884 0.4999999795 0.4999999911 0.4999999789 0.4999999554 0.4999999336 0.5000000738 0.5000000046 0.4999999660 0.4999914165 0.5000000058
0.7714306904 0.7867536352 0.4999999988 0.4999999911 0.4999999535 0.4999999253 0.4999999511 0.5000000200 0.4999999423 0.4999999511 0.4998698341 0.5000000468
0.2596177956 0.0000000000 0.5000000004 0.4999999915 0.4999999861 0.4999999583 0.4999999857 0.4999999927 0.4999999435 0.5000000002 0.4999835334 0.5000000032
0.7830000420 1.0000000000 0.4999999789 0.4999999915 0.4999999819 0.4999999583 0.4999999839 0.5000000320 0.4999999435 0.5000000002 0.4999711750 0.5000000221
0.1169559598 1.0000000000 0.4999999886 0.4999999919 0.4999999776 0.4999999576 0.4999999399 0.5000000217 0.4999999309 0.4999999684 0.4999605561 0.5000000070
0.2503519589 0.9065359351 0.4999999969 0.4999999919 0.4999999733 0.4999999862 0.4999999399 0.5000000217 0.4999999709 0.4999999801 0.4999323795 0.5000000070
0.0906280962 0.5519347918 0.4999999886 0.4999999832 0.4999999545 0.4999999579 0.4999999485 0.5000000217 0.4999999531 0.4999999801 0.5000072638 0.4999999911
0.3110125214 0.7065353375 0.4999999973 0.4999999577 0.4999999545 0.4999999516 0.4999999648 0.5000000123 0.4999999531 0.5000000114 0.4999381724 0.4999999854
0.4539479496 0.0982050763 0.4999999945 0.4999999902 0.4999999503 0.4999999586 0.4999999723 0.5000000009 0.4999999495 0.5000000049 0.5000013205 0.4999999620
0.4200909764 0.4248353054 0.4999999662 0.4999999815 0.4999999616 0.4999999388 0.4999999664 0.4999999933 0.4999999576 0.4999999645 0.4999893589 0.4999999391
0.2455958574 0.4020571043 0.4999999662 0.4999999888 0.4999999622 0.4999999411 0.4999999664 0.4999999921 0.4999999586 0.4999999645 0.4999983048 0.4999999586
0.6146684295 0.5708679398 0.4999999662 0.4999999906 0.4999999609 0.4999999658 0.4999999797 0.4999999940 0.4999999203 0.4999999733 0.4999995616 0.4999999595
0.1339763622 0.8796331679 0.4999999662 0.4999999888 0.4999999781 0.4999999658 0.4999999695 0.4999999940 0.4999999624 0.4999999732 0.4999995616 0.4999999595
0.1144163151 0.6281552756 0.4999999869 0.4999999792 0.4999999336 0.4999999366 0.4999999400 0.5000000021 0.4999999678 0.5000000170 0.5000003532 0.4999999925
0.0000000000 0.9283754738 0.4999999646 0.4999999792 0.4999999422 0.4999999642 0.5000000123 0.5000000299 0.4999999509 0.4999999752 0.4999858216 0.4999999654
0.7010693609 0.8256061631 0.4999999753 0.4999999729 0.4999999760 0.4999999621 0.5000000123 0.5000000123 0.4999999355 0.4999999714 0.4999872720 0.4999999636
0.3326109470 0.4497188474 0.4999999736 0.4999999792 0.4999999717 0.4999999546 0.5000000119 0.5000000082 0.4999999570 0.4999999714 0.4999978981 0.4999999646
0.5398253787 0.1420960139 0.5000000131 0.4999999531 0.4999999721 0.4999999505 0.5000000380 0.4999999911 0.4999999447 0.4999999966 0.5000004725 0.4999999413
0.5001199549 0.4054775637 0.4999999501 0.4999999531 0.4999999655 0.4999999505 0.5000000380 0.4999999911 0.4999999764 0.4999999808 0.5000033445 0.4999999816
0.0000000000 0.4125295950 0.4999999588 0.4999999880 0.4999999749 0.4999999498 0.5000000735 0.5000000123 0.4999999588 0.4999999726 0.4999999730 0.4999999769
0.4836611984 0.5893670918 0.4999999705 0.4999999468 0.4999999702 0.4999999473 0.5000000319 0.4999999326 0.4999999640 0.4999999951 0.5000003337 0.4999999726
0.0000000000 0.8504269645 0.4999999684 0.4999999756 0.4999999787 0.4999999496 0.5000000359 0.4999999819 0.4999999587 0.4999999759 0.4999990133 0.4999999748
0.3657615971 0.7716551855 0.4999999344 0.4999999863 0.4999999861 0.4999999536 0.5000000298 0.4999999632 0.4999999590 0.4999999853 0.5000000765 0.4999999933
0.3674397362 0.6522213247 0.4999999696 0.4999999800 0.4999999807 0.4999999562 0.5000000297 0.4999999810 0.4999999563 0.4999999853 0.4999999729 0.4999999835
0.8711847135 0.6756072232 0.4999999725 0.4999999954 0.4999999609 0.4999999549 0.5000000554 0.4999999976 0.4999999577 0.4999999763 0.4999999943 0.4999999716
0.1600621718 0.0596118243 0.4999999630 0.4999999829 0.4999999794 0.4999999427 0.5000000243 0.4999999997 0.4999999564 0.5000000043 0.4999999488 0.4999999653
0.3428641328 0.0596118243 0.4999999597 0.4999999859 0.4999999794 0.4999999427 0.5000000554 0.4999999997 0.4999999564 0.4999999824 0.4999999488 0.4999999628
0.0376602286 0.6578854286 0.4999999630 0.4999999941 0.4999999794 0.4999999427 0.5000000554 0.4999999997 0.4999999587 0.4999999824 0.4999999488 0.4999999826
0.5972284656 0.2972671660 0.4999999801 0.4999999908 0.4999999954 0.4999999427 0.5000000332 0.4999999921 0.4999999513 0.5000000003 0.4999999488 0.4999999653
0.5258000945 0.6676159537 0.4999999580 0.4999999941 0.4999999662 0.4999999579 0.5000000308 0.4999999601 0.4999999769 0.5000000023 0.4999999275 0.4999999873
0.0000000000 0.2324359118 0.4999999954 0.4999999927 0.4999999843 0.4999999579 0.4999999946 0.4999999729 0.4999999480 0.4999999860 0.4999999416 0.4999999604
0.0000000000 0.0000000000 0.4999999954 0.4999999943 0.4999999818 0.4999999777 0.4999999946 0.4999999729 0.4999999612 0.4999999860 0.4999999760 0.4999999569
0.4329893125 1.0000000000 0.4999999907 0.5000000031 0.5000000182 0.4999999550 0.5000000542 0.4999999998 0.4999999453 0.5000000211 0.4999999569 0.4999999432
0.1781443047 0.5717596650 0.4999999867 0.4999999688 0.5000000182 0.4999999833 0.4999999964 0.4999999969 0.4999999815 0.5000000150 0.4999999832 0.4999999733
0.3550107507 1.0000000000 0.5000000227 0.4999999761 0.5000000022 0.4999999541 0.4999999981 0.5000000028 0.4999999629 0.5000000393 0.4999999502 0.4999999594
0.8011223265 0.5895798172 0.5000000002 0.4999999721 0.4999999775 0.4999999510 0.5000000346 0.5000000028 0.4999999750 0.5000000357 0.4999999675 0.4999999706
0.5414883084 0.0000000000 0.5000000037 0.4999999638 0.5000000263 0.4999999510 0.5000000253 0.5000000133 0.4999999761 0.5000000427 0.4999999731 0.4999999582
0.5489096781 0.8886699024 0.4999999986 0.4999999880 0.5000000102 0.4999999605 0.5000000254 0.4999999953 0.4999999981 0.4999999984 0.4999999630 0.4999999617
0.2762513155 0.2072795294 0.4999999783 0.4999999880 0.4999999951 0.5000000222 0.5000000354 0.5000000181 0.4999999908 0.5000000078 0.4999999629 0.4999999533
0.6834506940 0.0000000000 0.5000000298 0.4999999880 0.5000000038 0.5000000122 0.5000000278 0.5000000141 0.4999999913 0.5000000185 0.4999999629 0.4999999685
0.6834506940 0.4943420740 0.5000000256 0.4999999842 0.5000000083 0.5000000122 0.5000000527 0.5000000141 0.4999999913 0.5000000177 0.4999999613 0.4999999810
0.6834506940 0.2501398325 0.5000000086 0.4999999880 0.5000000038 0.4999999673 0.5000000278 0.5000000141 0.4999999913 0.5000000185 0.4999999570 0.4999999976
0.7083118409 0.9812727031 0.5000000004 0.4999999880 0.4999999888 0.4999999516 0.5000000527 0.5000000094 0.4999999929 0.5000000171 0.4999999535 0.4999999552
0.5259209106 1.0000000000 0.4999999961 0.4999999847 0.5000000033 0.4999999780 0.5000000474 0.5000000094 0.4999999929 0.5000000462 0.4999999570 0.4999999918
0.0679322524 0.9034293702 0.5000000127 0.4999999929 0.4999999971 0.4999999664 0.5000000104 0.4999999926 0.4999999958 0.5000000219 0.4999999411 0.4999999918
0.0000000000 0.5848553862 0.5000000305 0.4999999957 0.5000000146 0.4999999449 0.4999999954 0.5000000118 0.4999999815 0.5000000279 0.4999999503 0.4999999683
1.0000000000 0.2722116853 0.4999999916 0.4999999833 0.4999999760 0.4999999973 0.4999999954 0.4999999917 0.5000000160 0.5000000086 0.5000000069 0.4999999919
0.8574279782 0.1288359889 0.4999999598 0.4999999926 0.4999999877 0.4999999853 0.5000000145 0.5000000212 0.5000000009 0.5000000156 0.5000000064 0.4999999866
0.1385092101 0.1288359889 0.4999999853 0.4999999971 0.4999999795 0.4999999853 0.5000000179 0.5000000425 0.5000000009 0.5000000156 0.5000000011 0.4999999965
0.2756365570 1.0000000000 0.4999999597 0.4999999908 0.4999999971 0.4999999938 0.5000000229 0.5000000234 0.4999999929 0.5000000205 0.5000000240 0.5000000166
0.0000000000 0.0691172132 0.4999999620 0.4999999857 0.4999999860 0.4999999906 0.5000000229 0.5000000145 0.4999999929 0.5000000003 0.5000000240 0.5000000166
0.2264319838 0.1483676905 0.4999999782 0.5000000018 0.5000000020 0.4999999906 0.5000000106 0.5000000234 0.4999999929 0.5000000104 0.5000000240 0.5000000162
0.9309857839 0.0691172132 0.4999999782 0.4999999833 0.5000000020 0.4999999906 0.5000000229 0.5000000234 0.4999999929 0.5000000695 0.4999999967 0.5000000162
0.2308038544 0.0691172132 0.4999999963 0.4999999833 0.5000000015 0.4999999906 0.5000000229 0.5000000234 0.4999999929 0.5000000921 0.5000000240 0.5000000162
0.3796146764 0.1364825388 0.4999999843 0.4999999879 0.5000000133 0.4999999734 0.4999999984 0.5000000017 0.4999999981 0.5000000391 0.5000000040 0.5000000020
0.0000000000 1.0000000000 0.4999999843 0.4999999835 0.5000000133 0.4999999845 0.5000000137 0.5000000017 0.4999999870 0.5000000130 0.4999999915 0.5000000139
0.7834325979 0.2196280510 0.4999999854 0.4999999835 0.5000000768 0.4999999861 0.5000000181 0.4999999848 0.4999999840 0.5000000130 0.5000000120 0.5000000139
0.4585373008 0.3160697397 0.4999999842 0.4999999871 0.5000000619 0.4999999990 0.5000000390 0.4999999969 0.4999999677 0.5000000215 0.5000000120 0.5000000086
0.0686947643 0.1114595042 0.4999999954 0.4999999837 0.4999999807 0.4999999844 0.5000000368 0.4999999897 0.4999999804 0.5000000441 0.5000000044 0.4999999722
0.2913772416 0.1200373770 0.5000000211 0.4999999914 0.4999999773 0.4999999611 0.4999999675 0.4999999989 0.4999999778 0.5000000260 0.4999999918 0.4999999727
0.6123196103 0.0000000000 0.5000000114 0.4999999943 0.4999999773 0.4999999836 0.5000000343 0.4999999746 0.4999999750 0.5000000316 0.5000000179 0.4999999619
0.3910452418 0.0000000000 0.5000000399 0.5000000705 0.4999999511 0.4999999836 0.4999999768 0.4999999976 0.4999999750 0.5000000276 0.5000000195 0.4999999619
0.4589493670 0.1901280150 0.5000000465 0.5000000592 0.4999999447 0.5000000028 0.5000000023 0.4999999579 0.4999999750 0.5000000086 0.5000000415 0.4999999704
0.4686519792 0.0000000000 0.5000000329 0.5000000680 0.4999999308 0.4999999738 0.4999999897 0.4999999587 0.4999999643 0.4999999950 0.5000000297 0.4999999685
0.6421025074 0.1132002051 0.5000000270 0.5000000405 0.4999999499 0.4999999699 0.4999999518 0.4999999789 0.4999999562 0.5000000188 0.5000000270 0.4999999794
