99.5368830149 78.1694269389 0.0372007959 0.0000000000 0.0000000000 0.0000000000 0.3870223054 0.0000000000 0.0000000000 0.0000000000 0.0000000000 0.7293267392
76.1975218511 85.5164758481 0.1201939362 0.0000000000 0.0000000000 0.0810655423 0.0000000000 0.0565950177 0.0000000000 0.2454328534 0.0000000000 0.1536440507
70.8530277634 96.7568550273 0.0000000000 0.0169248504 0.0119784372 0.0227186882 0.0000000000 0.0271988506 0.0000000000 0.0000000000 0.0105253216 0.0183796642
38.7627333729 94.1554997040 0.0000000000 0.0000000000 0.0005213326 0.0028461017 0.0000000000 0.0008421812 0.0000000000 0.0000000000 0.0000000000 0.0071717457
95.4856279731 43.4517484457 0.0000000000 0.0001650787 0.0005213326 0.0031234792 0.0000000000 0.0008421812 0.0024882344 0.0000000000 0.0003687077 0.0000000000
56.8219479415 72.8381486098 0.0006828406 0.0000000000 0.0000000000 0.0012840590 0.0012091625 0.0028690286 0.0028029789 0.0000000000 0.0006805859 0.0022355250
78.0837459704 80.8350427826 0.0000326333 0.0021998137 0.0000281513 0.0017944412 0.0000000000 0.0005633193 0.0000000000 0.0018966845 0.0014320983 0.0000810052
60.2218820548 66.2080372321 0.0000326333 0.0000000000 0.0000000000 0.0000000000 0.0000000000 0.0001320948 0.0000000000 0.0000000000 0.0016484633 0.0007783036
76.1113594751 66.1635259687 0.0002674032 0.0000000000 0.0001304369 0.0006042356 0.0000759467 0.0002555486 0.0000000000 0.0001088340 0.0000191438 0.0001733260
84.8316189234 84.7576248828 0.0001723823 0.0000275961 0.0002923897 0.0001718581 0.0000545308 0.0000000000 0.0004927391 0.0000193697 0.0001608572 0.0003125379
94.1220150580 22.8723779684 0.0000000000 0.0000000000 0.0000000000 0.0000000000 0.0003764358 0.0001304419 0.0000000000 0.0000000000 0.0006393449 0.0000000000
42.1611210658 58.1716368176 0.0000000000 0.0000000000 0.0000000000 0.0000196319 0.0000000000 0.0000000000 0.0000000000 0.0000367060 0.0000744280 0.0000889042
68.8295142202 54.8340548620 0.0000891638 0.0000000000 0.0000101611 0.0001273057 0.0000659379 0.0000000000 0.0000453891 0.0000148402 0.0001145483 0.0000338258
50.1987495778 54.8340548620 0.0000024390 0.0001444385 0.0000252297 0.0000755217 0.0000659379 0.0000321934 0.0001018420 0.0000000000 0.0000519120 0.0000000000
32.8825183140 56.2101200207 0.0000273705 0.0000604933 0.0000000000 0.0000000000 0.0000088609 0.0000799510 0.0000000000 0.0000143021 0.0000611353 0.0000212422
56.8331577627 44.1962967297 0.0000070056 0.0000077483 0.0000495268 0.0000000000 0.0000104017 0.0000562853 0.0001717340 0.0000211996 0.0000741614 0.0000000000
98.7465528916 95.4415578594 0.0000465286 0.0000027658 0.0000000000 0.0000000000 0.0000000000 0.0000034153 0.0000747697 0.0000042892 0.0000203233 0.0000055954
78.8453078986 71.4616088901 0.0000178247 0.0000000000 0.0000277412 0.0000148651 0.0000500102 0.0000579479 0.0000000000 0.0000003835 0.0000000000 0.0000225431
92.1622835514 71.4257897345 0.0000000000 0.0000043303 0.0000076056 0.0000000000 0.0000000000 0.0000182745 0.0000280650 0.0000000000 0.0000047411 0.0000299550
64.8590256104 73.5466116902 0.0000000000 0.0000299380 0.0000026757 0.0000000000 0.0000000000 0.0000000000 0.0000000000 0.0000001320 0.0000124170 0.0000000000
41.5242867748 79.4860086421 0.0000068558 0.0000007495 0.0000020224 0.0000060131 0.0000000000 0.0000000000 0.0000030320 0.0000000000 0.0000126376 0.0000000000
85.4314172399 12.7995805563 0.0000099451 0.0000115015 0.0000087023 0.0000037337 0.0000000000 0.0000057215 0.0000025157 0.0000022600 0.0000000000 0.0000029563
99.4233062182 16.7850488577 0.0000272608 0.0000035843 0.0000000000 0.0000000000 0.0000002625 0.0000000000 0.0000091760 0.0000132807 0.0000081798 0.0000032170
47.5818878600 86.1273959716 0.0000063881 0.0000003176 0.0000006899 0.0000000000 0.0000103667 0.0000000000 0.0000069723 0.0000000000 0.0000011439 0.0000000061
48.9203766696 30.3036380517 0.0000067033 0.0000000000 0.0000039435 0.0000000000 0.0000055226 0.0000090580 0.0000000000 0.0000000000 0.0000000000 0.0000074818
86.0695543988 68.8168463898 0.0000077505 0.0000052123 0.0000003641 0.0000000000 0.0000196013 0.0000004959 0.0000003884 0.0000000000 0.0000078887 0.0000027084
83.5080861484 53.4118807167 0.0000000000 0.0000088496 0.0000049994 0.0000057020 0.0000000000 0.0000012107 0.0000092648 0.0000003267 0.0000000000 0.0000091526
65.4828954846 34.2214763669 0.0000078051 0.0000000000 0.0000052221 0.0000000000 0.0000021841 0.0000000000 0.0000019533 0.0000034483 0.0000037951 0.0000015151
65.4828954846 48.1977450489 0.0000049266 0.0000000000 0.0000014465 0.0000000000 0.0000021841 0.0000000000 0.0000019533 0.0000034483 0.0000037951 0.0000015151
39.5761704377 23.4474839115 0.0000072734 0.0000000000 0.0000028066 0.0000008692 0.0000004294 0.0000006711 0.0000000000 0.0000026297 0.0000000000 0.0000000715
78.8028124954 9.0349809354 0.0000025612 0.0000017635 0.0000000000 0.0000002892 0.0000000000 0.0000018758 0.0000038719 0.0000006634 0.0000004693 0.0000002802
97.4799403718 99.4631913135 0.0000000000 0.0000000000 0.0000006495 0.0000011070 0.0000004921 0.0000000000 0.0000005014 0.0000000000 0.0000000000 0.0000010085
97.4799403718 0.0000000000 0.0000000000 0.0000000000 0.0000000117 0.0000003174 0.0000005762 0.0000000000 0.0000000000 0.0000000000 0.0000000000 0.0000001401
82.8761014218 96.8437129221 0.0000000000 0.0000000000 0.0000008647 0.0000003174 0.0000005762 0.0000000000 0.0000000000 0.0000004682 0.0000000000 0.0000011770
23.5221443718 95.4264269523 0.0000009342 0.0000001765 0.0000017413 0.0000010471 0.0000015155 0.0000005398 0.0000000000 0.0000006801 0.0000008109 0.0000000184
96.1984798390 58.2612921876 0.0000000000 0.0000000000 0.0000007979 0.0000000000 0.0000000000 0.0000000000 0.0000015460 0.0000000685 0.0000005715 0.0000000000
86.8408027990 0.0000000000 0.0000004661 0.0000009724 0.0000004842 0.0000002094 0.0000002065 0.0000001698 0.0000047851 0.0000011174 0.0000000000 0.0000009538
37.4463516545 46.7641824574 0.0000000000 0.0000000000 0.0000006759 0.0000011176 0.0000000916 0.0000002041 0.0000000000 0.0000001235 0.0000000671 0.0000000000
68.1560848685 11.5540108519 0.0000000043 0.0000004183 0.0000000000 0.0000002585 0.0000001629 0.0000000000 0.0000000990 0.0000000089 0.0000002315 0.0000000000
41.5276306782 52.2356954444 0.0000000054 0.0000000000 0.0000004699 0.0000003037 0.0000000000 0.0000001299 0.0000005503 0.0000004685 0.0000000534 0.0000001257
49.3703763431 97.5251501490 0.0000000740 0.0000003464 0.0000000000 0.0000001163 0.0000001371 0.0000000000 0.0000001811 0.0000000000 0.0000000794 0.0000001328
7.4897370461 97.5251501490 0.0000000740 0.0000000261 0.0000000361 0.0000004426 0.0000001371 0.0000000000 0.0000000000 0.0000000000 0.0000001462 0.0000001328
87.4883423300 19.3553758326 0.0000000654 0.0000000000 0.0000000324 0.0000000000 0.0000000000 0.0000000000 0.0000000501 0.0000001174 0.0000001001 0.0000000000
87.4883423300 62.1199465996 0.0000000654 0.0000000000 0.0000000300 0.0000000000 0.0000000000 0.0000000950 0.0000000539 0.0000000010 0.0000000676 0.0000000000
53.4653567739 23.0478462353 0.0000001987 0.0000000000 0.0000000528 0.0000001344 0.0000000002 0.0000000294 0.0000001916 0.0000000000 0.0000000000 0.0000001532
29.4847707923 98.7959283104 0.0000000390 0.0000000400 0.0000000017 0.0000000935 0.0000000148 0.0000000923 0.0000000106 0.0000000013 0.0000000000 0.0000000328
60.7149403651 35.5368182035 0.0000000568 0.0000001089 0.0000000182 0.0000001823 0.0000000498 0.0000000116 0.0000001050 0.0000000393 0.0000000640 0.0000001552
40.8829698088 35.5368182035 0.0000000232 0.0000000767 0.0000000040 0.0000000000 0.0000000354 0.0000000090 0.0000000000 0.0000000200 0.0000000000 0.0000000412
77.5060320457 35.5368182035 0.0000000232 0.0000000660 0.0000000287 0.0000000613 0.0000000160 0.0000000090 0.0000000000 0.0000000809 0.0000000000 0.0000000378
77.5060320457 20.9206604457 0.0000000127 0.0000000660 0.0000000660 0.0000001247 0.0000000088 0.0000000377 0.0000000000 0.0000000000 0.0000000384 0.0000001306
52.1169593555 90.8573697064 0.0000000064 0.0000000000 0.0000000000 0.0000000349 0.0000000191 0.0000000000 0.0000000116 0.0000000750 0.0000000655 0.0000000339
60.1652987048 90.8573697064 0.0000000064 0.0000000054 0.0000000000 0.0000000000 0.0000000191 0.0000000000 0.0000000000 0.0000000000 0.0000000301 0.0000000000
60.1652987048 22.6144447743 0.0000000064 0.0000000663 0.0000000000 0.0000000000 0.0000000191 0.0000001187 0.0000000178 0.0000000000 0.0000000200 0.0000000000
61.5155628739 9.0062009894 0.0000000085 0.0000000000 0.0000000089 0.0000000561 0.0000000369 0.0000000000 0.0000000454 0.0000000099 0.0000000000 0.0000000233
29.5005315848 48.1586004394 0.0000000085 0.0000000000 0.0000000089 0.0000000561 0.0000000372 0.0000000000 0.0000000454 0.0000000099 0.0000000000 0.0000000555
75.5312007648 46.8952168581 0.0000000127 0.0000000000 0.0000000219 0.0000000000 0.0000000000 0.0000001196 0.0000000129 0.0000000436 0.0000000096 0.0000000112
75.5312007648 0.0000000000 0.0000000053 0.0000000000 0.0000000219 0.0000000000 0.0000000000 0.0000000027 0.0000000747 0.0000000000 0.0000000096 0.0000000000
62.2243525408 0.0000000000 0.0000000000 0.0000000296 0.0000000050 0.0000000000 0.0000000220 0.0000000842 0.0000000246 0.0000000000 0.0000000338 0.0000000505
26.8140184437 78.0980686205 0.0000000000 0.0000000296 0.0000000000 0.0000000234 0.0000000144 0.0000000032 0.0000000000 0.0000000918 0.0000000184 0.0000000151
26.8140184437 22.2262231885 0.0000000000 0.0000000000 0.0000000000 0.0000000234 0.0000000144 0.0000000383 0.0000000000 0.0000000918 0.0000000184 0.0000000151
33.4965017466 32.2554829002 0.0000000025 0.0000000163 0.0000000384 0.0000000386 0.0000000092 0.0000000399 0.0000000584 0.0000000247 0.0000000120 0.0000000981
78.0068380525 0.0000000000 0.0000000173 0.0000000000 0.0000000013 0.0000000216 0.0000000004 0.0000000000 0.0000000146 0.0000000000 0.0000000000 0.0000000149
43.5653871293 71.5364254371 0.0000000000 0.0000000084 0.0000000046 0.0000000158 0.0000000000 0.0000000000 0.0000000000 0.0000000000 0.0000000000 0.0000000181
24.8546047721 36.8887554504 0.0000000106 0.0000000183 0.0000000000 0.0000000096 0.0000000000 0.0000000000 0.0000000119 0.0000000000 0.0000000102 0.0000000005
42.1495087861 0.0000000000 0.0000000030 0.0000000072 0.0000000039 0.0000000495 0.0000000002 0.0000000000 0.0000000188 0.0000000167 0.0000000000 0.0000000000
30.7815756079 0.0000000000 0.0000000048 0.0000000000 0.0000000014 0.0000000000 0.0000000000 0.0000000005 0.0000000000 0.0000000003 0.0000000019 0.0000000119
30.7815756079 44.9361300619 0.0000000086 0.0000000000 0.0000000014 0.0000000000 0.0000000000 0.0000000005 0.0000000287 0.0000000008 0.0000000019 0.0000000042
24.8904003297 5.5149864375 0.0000000000 0.0000000092 0.0000000199 0.0000000014 0.0000000102 0.0000000000 0.0000000101 0.0000000000 0.0000000012 0.0000000189
24.8904003297 61.4204103969 0.0000000000 0.0000000134 0.0000000003 0.0000000009 0.0000000000 0.0000000000 0.0000000000 0.0000000000 0.0000000000 0.0000000021
24.9727000680 18.1241282223 0.0000000000 0.0000000095 0.0000000024 0.0000000097 0.0000000000 0.0000000000 0.0000000091 0.0000000027 0.0000000102 0.0000000000
20.9013603169 0.0000000000 0.0000000022 0.0000000210 0.0000000140 0.0000000000 0.0000000023 0.0000000000 0.0000000074 0.0000000104 0.0000000064 0.0000000054
12.1529326175 83.4402339286 0.0000000004 0.0000000000 0.0000000046 0.0000000000 0.0000000027 0.0000000100 0.0000000111 0.0000000000 0.0000000060 0.0000000020
6.8286411866 67.4676246655 0.0000000000 0.0000000000 0.0000000003 0.0000000037 0.0000000001 0.0000000000 0.0000000027 0.0000000108 0.0000000022 0.0000000000
15.4532807393 74.1967615926 0.0000000072 0.0000000000 0.0000000113 0.0000000075 0.0000000004 0.0000000000 0.0000000069 0.0000000040 0.0000000000 0.0000000000
15.4532807393 59.4908745319 0.0000000072 0.0000000106 0.0000000062 0.0000000075 0.0000000004 0.0000000000 0.0000000027 0.0000000040 0.0000000000 0.0000000000
24.9732196401 50.8974381632 0.0000000026 0.0000000064 0.0000000000 0.0000000000 0.0000000070 0.0000000014 0.0000000092 0.0000000085 0.0000000025 0.0000000084
8.3273230719 40.1707830230 0.0000000000 0.0000000063 0.0000000000 0.0000000000 0.0000000009 0.0000000000 0.0000000000 0.0000000009 0.0000000011 0.0000000000
16.2052612901 86.8479998743 0.0000000034 0.0000000032 0.0000000046 0.0000000005 0.0000000032 0.0000000017 0.0000000000 0.0000000000 0.0000000024 0.0000000017
4.5415498112 86.8479998743 0.0000000034 0.0000000004 0.0000000046 0.0000000005 0.0000000009 0.0000000017 0.0000000000 0.0000000009 0.0000000024 0.0000000017
14.7095853860 25.4127404554 0.0000000039 0.0000000004 0.0000000005 0.0000000005 0.0000000007 0.0000000000 0.0000000000 0.0000000009 0.0000000024 0.0000000064
22.9741208221 25.4127404554 0.0000000034 0.0000000004 0.0000000032 0.0000000057 0.0000000007 0.0000000000 0.0000000000 0.0000000009 0.0000000024 0.0000000017
0.0000000000 73.4884680787 0.0000000008 0.0000000000 0.0000000000 0.0000000016 0.0000000000 0.0000000011 0.0000000017 0.0000000000 0.0000000000 0.0000000007
3.3595626911 64.2430765716 0.0000000014 0.0000000011 0.0000000053 0.0000000026 0.0000000006 0.0000000011 0.0000000007 0.0000000000 0.0000000004 0.0000000000
9.3411794116 56.8335039894 0.0000000010 0.0000000000 0.0000000024 0.0000000012 0.0000000000 0.0000000013 0.0000000007 0.0000000003 0.0000000008 0.0000000004
0.8442483593 81.4527839453 0.0000000019 0.0000000021 0.0000000012 0.0000000017 0.0000000008 0.0000000017 0.0000000000 0.0000000003 0.0000000000 0.0000000005
12.8611365874 46.8091368400 0.0000000003 0.0000000013 0.0000000010 0.0000000013 0.0000000000 0.0000000004 0.0000000013 0.0000000032 0.0000000007 0.0000000008
0.0000000000 54.8032689824 0.0000000016 0.0000000000 0.0000000007 0.0000000011 0.0000000005 0.0000000000 0.0000000000 0.0000000005 0.0000000000 0.0000000006
12.2868067867 18.2267064375 0.0000000000 0.0000000002 0.0000000001 0.0000000003 0.0000000002 0.0000000002 0.0000000000 0.0000000000 0.0000000003 0.0000000003
0.0193773395 38.0302489014 0.0000000001 0.0000000000 0.0000000000 0.0000000004 0.0000000001 0.0000000002 0.0000000003 0.0000000003 0.0000000002 0.0000000003
0.8762960562 43.4939868612 0.0000000000 0.0000000002 0.0000000003 0.0000000006 0.0000000004 0.0000000002 0.0000000004 0.0000000002 0.0000000003 0.0000000000
1.5608198803 31.4893605517 0.0000000004 0.0000000003 0.0000000006 0.0000000000 0.0000000007 0.0000000000 0.0000000000 0.0000000001 0.0000000001 0.0000000002
7.5785928364 32.8519941344 0.0000000000 0.0000000000 0.0000000000 0.0000000000 0.0000000007 0.0000000005 0.0000000000 0.0000000002 0.0000000003 0.0000000000
10.1476903803 6.1998012657 0.0000000006 0.0000000002 0.0000000000 0.0000000000 0.0000000006 0.0000000000 0.0000000005 0.0000000001 0.0000000000 0.0000000000
0.0000000000 3.4027218260 0.0000000004 0.0000000002 0.0000000005 0.0000000001 0.0000000010 0.0000000000 0.0000000002 0.0000000000 0.0000000001 0.0000000000
8.8104806220 0.0000000000 0.0000000001 0.0000000002 0.0000000002 0.0000000001 0.0000000010 0.0000000000 0.0000000002 0.0000000000 0.0000000001 0.0000000014
4.2313256450 18.8469957478 0.0000000001 0.0000000000 0.0000000000 0.0000000000 0.0000000004 0.0000000000 0.0000000002 0.0000000000 0.0000000001 0.0000000008
0.0000000000 16.2412617536 0.0000000001 0.0000000000 0.0000000000 0.0000000003 0.0000000004 0.0000000000 0.0000000002 0.0000000000 0.0000000001 0.0000000008
0.0000000000 9.5765582493 0.0000000001 0.0000000002 0.0000000001 0.0000000003 0.0000000007 0.0000000001 0.0000000002 0.0000000000 0.0000000001 0.0000000002
15.5417796971 10.1344259835 0.0000000000 0.0000000003 0.0000000001 0.0000000001 0.0000000000 0.0000000000 0.0000000000 0.0000000000 0.0000000000 0.0000000002
6.1855635634 12.1017828711 0.0000000000 0.0000000003 0.0000000002 0.0000000000 0.0000000003 0.0000000000 0.0000000007 0.0000000004 0.0000000001 0.0000000004
