0.7507588327 0.1965047075 0.6866511426
1.0281349846 0.0000000000 0.0000000000
0.2670033390 0.5508531565 0.8405970691
0.8205049593 0.5955305493 0.1518833456
0.4823784281 0.9210333574 0.1557575129
0.0000000000 1.0168887806 0.0000000000
1.0238148535 0.1434246613 0.0000000000
0.6453139209 0.8069198293 0.2124761805
0.1461028900 0.5580008782 0.8552404792
0.1595253001 0.7561993094 0.7426009548
0.8250182823 0.5788281393 0.3380836861
0.3247786554 0.7604559229 0.6070197812
0.0000000000 0.4153247728 0.9331994867
0.4963315058 0.4065506162 0.8841217964
0.5457571373 0.8789316150 0.2626002780
0.5436696577 0.0000000000 0.8839343395
0.0000000000 0.5332120928 0.8607052206
0.0000000000 0.8450734874 0.5647622919
0.7067961430 0.4973540787 0.5426041518
0.2568878359 0.7672432899 0.6774992791
0.6302129297 0.8414238425 0.0000000000
0.1452781538 0.4450714567 0.9097587615
0.3001491601 0.2645114401 0.9376432269
0.5127064473 0.4518310852 0.7618675507
0.0000000000 0.7657659865 0.7415298982
0.4609385718 0.1507229758 0.9291823442
0.3415269864 0.3577928774 0.9078347331
0.1598477743 0.7680958544 0.6421645386
1.0054978570 0.0957589054 0.0795329371
0.4087151687 0.4293866059 0.8321286600
0.3344966232 0.6741115002 0.7526921723
0.3807144761 0.7995400558 0.4991574955
0.4468613634 0.9384554090 0.0000000000
0.1189999550 0.2499123007 0.9781354053
0.2776031084 0.0000000000 0.9809803653
0.9870554636 0.0000000000 0.2238241713
0.4661436424 0.2473102354 0.9142686189
0.0622933687 0.1287675687 1.0018357644
0.5944843495 0.3154007714 0.7977719190
0.1507788416 0.9941776258 0.1151187957
0.1561526992 0.9990830162 0.0000000000
0.0000000000 0.0000000000 1.0111535803
0.3354895581 0.1779923484 0.9371216801
0.6599026199 0.2522989517 0.7553185123
0.1981132893 0.6296291084 0.7793372292
0.3139210865 0.9976809457 0.0000000000
0.3898440309 0.5383545647 0.8323223157
0.8087047253 0.3659516172 0.5510996849
0.6232512296 0.4788407060 0.6754094088
0.6120344172 0.0000000000 0.8069409566
0.5477450207 0.5585618719 0.6433309720
0.8582174070 0.5618780319 0.0000000000
0.6889975664 0.7601317788 0.0000000000
0.4701410366 0.0000000000 0.9641413200
0.7865364143 0.2435791940 0.6135502121
0.0555453917 0.3333778103 0.9525366942
0.0000000000 0.6614404622 0.7912217022
0.6464674928 0.1585739780 0.7962356314
0.5497529589 0.6670872961 0.6237984331
0.7190060324 0.0000000000 0.7602297506
0.7893054278 0.0000000000 0.6599714417
0.3749430067 0.6968404594 0.6616461582
0.5306358925 0.1652123469 0.8619267713
1.0006355526 0.3115457329 0.0000000000
0.7471555564 0.6853522720 0.0000000000
0.9421872514 0.4048724672 0.0000000000
0.7236740834 0.3959140756 0.6014024357
0.8782802715 0.5017563179 0.1353323370
0.2160262105 0.2774616562 0.9776234657
0.6165219236 0.5505076164 0.7536593252
0.3327105642 0.9517224042 0.1700479914
0.9831596592 0.3834853753 0.1779921742
0.4282490078 0.7771775788 0.5964957649
0.7180556914 0.7529263767 0.2588592298
0.7445917745 0.5447547104 0.3861616241
0.0709071408 0.9197380477 0.3861096424
0.7927547558 0.4717192485 0.3860691851
0.7188866928 0.6084855685 0.3361089301
0.0000000000 0.9467608609 0.3219718145
0.9465391730 0.0000000000 0.3226229571
0.5272109085 0.7828283884 0.3305304056
0.6888679147 0.5907492309 0.4201170284
0.3575799349 0.8543423742 0.3771706157
0.8585386700 0.3496036578 0.3751141312
0.2041076198 0.9117753757 0.3564094824
0.4330442227 0.8243560630 0.3645980779
0.9187191595 0.1307480987 0.3726687745
0.2615138160 0.8809917466 0.3943171855
0.8113002611 0.3771290687 0.4467521987
0.6008518669 0.6690202081 0.4375053964
0.8847803395 0.1938472794 0.4238029728
0.0000000000 0.8926187621 0.4508366913
0.5732720255 0.7236763478 0.3842833634
0.8957751247 0.2855424014 0.3406969921
0.5024897885 0.7588699673 0.4142974295
0.8958316962 0.0702707949 0.4388274855
0.7264980435 0.5095933788 0.4610175224
0.1594127252 0.8958548542 0.4147934884
0.9166039126 0.0000000000 0.3998240143
0.6558886295 0.6605350726 0.3654114114
