0.9018015501 0.3153144627
0.9322467391 0.1966356131
0.8990622837 0.3823143917
0.9372664504 0.1771168028
0.9049935538 0.2282774856
0.9198010872 0.2085261007
0.8174379839 0.4513568895
0.8510088610 0.4001206609
0.8894514589 0.3845029933
0.8181411061 0.4278453945
0.8037237220 0.4875601394
0.6808175396 0.6432152599
0.6777022894 0.6486338426
0.7638505930 0.4983510607
0.8256411292 0.4078154603
0.7724464085 0.4884785544
0.8144610712 0.4815663313
0.7517197169 0.5140855410
0.7291286679 0.5515753532
0.7110035937 0.6026525343
0.5137537634 0.7530054907
0.5026149193 0.7622505655
0.6632657293 0.6610860173
0.6707217854 0.6556929286
0.7022268836 0.6034316364
0.6518608257 0.6673086069
0.6652663522 0.6563983926
0.6864224438 0.6307435383
0.5968121041 0.6891300918
0.5806152469 0.7130428730
0.5442023048 0.7191821705
0.6099739430 0.6771511180
0.4659642952 0.7776938842
0.4224682229 0.8006428224
0.4738572697 0.7741685841
0.3472289148 0.8475866760
0.3595375638 0.8386448461
0.4149061334 0.8228514751
0.4575847782 0.7939369848
0.4070579311 0.8315915708
0.3203436067 0.8580744050
0.3287747535 0.8539032778
0.2708940884 0.8766140863
0.2882876606 0.8685976533
0.2636236261 0.8798599663
0.2337136015 0.8929992988
0.3930380021 0.8377022985
0.2776221900 0.8750565849
0.2558324943 0.8843798760
0.2394617413 0.8906347460
0.2470137593 0.8870857539
0.2966720455 0.8685687996
0.2282577270 0.8940947818
0.1404766032 0.9296830937
0.2199044581 0.8966260460
0.1862125541 0.9108054819
0.1755005260 0.9144935851
0.2117859349 0.9002211041
0.2237260295 0.8949530960
0.1784527718 0.9129097114
0.1919255901 0.9081718468
0.3174984466 0.8680768602
0.2037309236 0.9040794228
0.1638472374 0.9199623532
0.1712601873 0.9175367297
0.1242318005 0.9331283586
0.1002679262 0.9428324022
0.0807140899 0.9471876566
0.0751840459 0.9494770479
0.1187900150 0.9336872165
0.1548351940 0.9240808530
0.0972383082 0.9431859020
0.1036543939 0.9397351836
0.0860183525 0.9462953775
0.1506883083 0.9261082123
0.1178140683 0.9375715183
0.1087641752 0.9387974507
0.0923075891 0.9433064740
0.1357593522 0.9321622069
0.0888510158 0.9448271163
0.1467949154 0.9294093293
0.0551844314 0.9567016103
0.0614648943 0.9549299755
0.0673677192 0.9528748913
0.0725925166 0.9514925710
0.0372008228 0.9624013380
0.0488526959 0.9583699588
0.0445750215 0.9604793816
0.0524452867 0.9578115800
0.0308246854 0.9642564118
0.0251891707 0.9662889290
0.0278750331 0.9652262205
0.0341522608 0.9633650637
0.0195635431 0.9691710572
0.0223991280 0.9688961002
0.0094457875 0.9734504885
0.0164305034 0.9706182254
0.0064338967 0.9749734546
0.0020320636 0.9784817302
0.0041602240 0.9764795016
