0.6950753509 0.5923541755
0.9769650807 0.0298761036
0.9816238262 0.0172342007
0.9643988432 0.0448694602
0.9587466934 0.0535046362
0.9687373200 0.0358062683
0.7469583649 0.5064527589
0.8623851587 0.3228093464
0.8359403792 0.3680481674
0.7673465803 0.5018939644
0.8084735465 0.4156970243
0.8201086008 0.3989994000
0.8149969445 0.4077905042
0.8685318920 0.2981667848
0.8403544711 0.3480127503
0.8458636550 0.3361086714
0.8009703062 0.4341780669
0.8630529067 0.3060283490
0.8798468647 0.2769946606
0.8970203338 0.2217336932
0.8851167229 0.2523673668
0.9444006554 0.0929552759
0.9480254724 0.0807834076
0.9284160995 0.1462935860
0.9540272307 0.0652832220
0.9364887952 0.1171329053
0.9320285943 0.1315539002
0.9409661130 0.1025825597
0.9102724387 0.2032123257
0.9113449004 0.1854973332
0.9146345851 0.1758572447
0.9032461513 0.2091809953
0.8707805466 0.2841052601
0.8515278011 0.3286557620
0.8227597516 0.3825986004
0.8270979110 0.3736435819
0.7354345381 0.5229846918
0.7413123949 0.5125718280
0.7863387924 0.4519751153
0.6971362694 0.5756870418
0.7274196478 0.5383674688
0.7022696175 0.5669380719
0.7196616431 0.5482846043
0.7677473783 0.4813928526
0.6651935190 0.6062517669
0.6338270053 0.6343437603
0.6439375144 0.6258992195
0.6233570415 0.6461050004
0.6835427620 0.5945715921
0.2022568457 0.9224334217
0.0159411248 0.9734947392
0.0453479888 0.9647270481
0.0242586443 0.9683812594
0.1676907713 0.9300107684
0.0995200332 0.9548852739
0.1151873452 0.9428093517
0.0718171721 0.9568780007
0.1052000738 0.9470766085
0.1572602518 0.9339844165
0.5825899407 0.6874172973
0.5740024875 0.6896898687
0.6003259372 0.6688586760
0.5302743380 0.7237274481
0.5577921676 0.7086621453
0.6129013757 0.6603250220
0.2474888635 0.8879625539
0.5419285358 0.7214564064
0.2561201610 0.8846136024
0.1957864918 0.9298326422
0.3168117833 0.8543304787
0.3031877007 0.8589477735
0.2192228024 0.9019551348
0.2395994655 0.9006582912
0.2046304795 0.9102895556
0.4915328755 0.7516295873
0.5113266524 0.7370841880
0.5652498566 0.6958567904
0.4628919849 0.7711138306
0.4779843376 0.7597573242
0.5449103131 0.7127820657
0.2888025313 0.8678763764
0.2973280895 0.8651355294
0.2683396461 0.8799805190
0.2768233652 0.8717510981
0.4247584544 0.7946579156
0.4140611802 0.8006095346
0.4472904109 0.7802139243
0.4362522280 0.7877745042
0.4708426584 0.7652031900
0.4548429793 0.7753335140
0.3797465885 0.8205761433
0.3897456662 0.8145610035
0.3275900629 0.8471369392
0.3356104780 0.8437745851
0.3447468909 0.8398703991
0.4053474577 0.8054732509
0.3972197035 0.8105476719
0.3702354373 0.8251393536
0.3582874506 0.8315198006
0.3518529219 0.8352069512
