-16.5557612348 -5.5136523892
-17.9490272214 -3.8447628275
-19.9483885731 0.0661791660
-14.4677589972 -11.6077506829
-16.5576348520 -5.4423308217
-16.7319171357 -4.6268103401
-18.7127355078 -0.7893266495
-14.5448769482 -11.5311562117
-14.7405164392 -11.1076830512
-15.6324231406 -7.7428660328
-16.3542076011 -6.4800835308
-16.3799760902 -6.3694129209
-16.2805110994 -6.7742521764
-18.0654813302 -3.6040628997
-18.6187655396 -1.1264807629
-18.3050923216 -2.5503429930
-18.4698389562 -1.7556047507
-16.5241053052 -5.7080557963
-18.2528485689 -2.6114212151
-16.7012633689 -4.8498863039
-16.3035850307 -6.6681804330
-16.4066519376 -6.2654617224
-18.7767700276 -0.5892259623
-18.0037207007 -3.8149979774
-15.9403331402 -7.6912965649
-18.8984558053 -0.3305795853
-19.0435894436 -0.0508393470
-18.8411111350 -0.4719278871
-18.7567145993 -0.7138906884
-18.2329367470 -2.9877708870
-16.5041306089 -5.8081438242
-18.9831420839 -0.1543195739
-17.0619560017 -3.8463132047
-16.8102580521 -4.3500236210
-16.2430822988 -6.8913447685
-16.6666133667 -5.0096340259
-18.1709126628 -3.1375336411
-16.8028839614 -4.4436784021
-16.2159365649 -7.0531148107
-14.9806626871 -10.2829901988
-16.6701468627 -4.9154059445
-16.1353345237 -7.3136201895
-16.8462980795 -4.3018039263
-16.4250607452 -6.0293729629
-16.3187647982 -6.5518116986
-18.1276693716 -3.3770805179
-16.1805745690 -7.1562011649
-16.9366504811 -4.0582114087
-16.7497697240 -4.5426546560
-16.9117692017 -4.1107086430
-16.8598863480 -4.2329513342
-16.5666313990 -5.3284475345
-18.0312854517 -3.6905347697
-16.6272170826 -5.0689198092
-15.2137468171 -9.3073796844
-14.7960414133 -10.9113520891
-15.1931855410 -9.3926615045
-16.1046888691 -7.3936595164
-16.5920953623 -5.2233714912
-15.6168961952 -7.8158436635
-14.7637997330 -11.0497281292
-14.7259994595 -11.1708085681
-15.1126196131 -9.7289223344
-15.3598162282 -8.6938783573
-15.2432341588 -9.1783660714
-15.2858490749 -8.9835205101
-15.5180543731 -8.1196218620
-14.8178510695 -10.8538440903
-14.5801128711 -11.4761158672
-14.6721294044 -11.2605657776
-16.9912790222 -3.9164350115
-16.0194913324 -7.5545672913
-14.6331998473 -11.3604771557
-15.3307062925 -8.7980056347
-15.1330467012 -9.6501252224
-14.8962296182 -10.5925808012
-15.4816776058 -8.2398734519
-15.5848685184 -7.8926509283
-15.0378748490 -10.0496473116
-15.1741194656 -9.4749512360
-15.4268271318 -8.4416108845
-15.4979042724 -8.1823512973
-14.8693962313 -10.6832582027
-15.5422212115 -8.0306719479
-15.2606082425 -9.1082251601
-15.0554258534 -9.9772003442
-15.3938576244 -8.5678656358
-15.3143096176 -8.8855403070
-14.9965557366 -10.2167437301
-15.1552071586 -9.5556569163
-15.5619394433 -7.9658558973
-15.4445958568 -8.3750730049
-15.0876705495 -9.8423863418
-15.0702985732 -9.9152624695
-15.0156383299 -10.1402446468
-14.7698917462 -10.9685660860
-14.8467970442 -10.7555655724
-14.9548821241 -10.3896755889
-14.9272635124 -10.5003092107
-14.9413596429 -10.4440598307
