-16.5121699458 -5.6766236588
-14.7363283032 -11.0909539984
-14.8159819192 -10.9034209471
-14.7909109247 -10.9839213926
-15.4748607068 -8.2549619288
-14.8359626391 -10.8264888528
-16.8450604515 -4.1560193347
-16.5510025610 -5.5573054160
-18.0640260259 -3.6055222815
-18.2330438948 -2.9007527436
-18.3486238252 -2.3334216190
-18.1026683250 -3.4708296123
-18.4281534577 -1.9903088059
-16.8449617677 -4.2450106740
-15.9540881336 -7.6748905751
-14.5123462728 -11.5584320647
-14.3741263109 -11.5892284418
-15.8808298438 -7.7117738597
-16.9640691049 -3.9381364273
-16.1043549826 -7.3813426157
-16.7717743513 -4.5172132768
-17.8878416659 -3.8188368782
-18.9842178272 -0.0443969048
-18.2077744760 -3.0331570584
-19.9478619524 0.0685747704
-18.5757095795 -1.3052881102
-18.1512078465 -3.2867715205
-18.4549102422 -1.8348548797
-16.6412287805 -5.0265007145
-18.6978480116 -0.8481728582
-18.7906551113 -0.5585687629
-18.1268862638 -3.3875334060
-18.9536346771 -0.1682320130
-18.8916377534 -0.2995848765
-18.0227353903 -3.7301986476
-18.3322171311 -2.4479633457
-17.9908370502 -3.8062590651
-16.4773924167 -5.8805482599
-18.5110853373 -1.3116069174
-15.1004202731 -9.7763009982
-15.3377518101 -8.7909828212
-16.6307908195 -5.1134957042
-18.2465087918 -2.8130127658
-16.0208631375 -7.5904176935
-15.4299017165 -8.3775558923
-16.5762742132 -5.4439252147
-16.7474396302 -4.6452582968
-18.1835307006 -3.1689777543
-18.4980309170 -1.6622642710
-18.6338204360 -1.0988005843
-15.0820250818 -9.8537101748
-16.1870335962 -7.1575606523
-15.2988568921 -8.9460302759
-15.3804127967 -8.6142437923
-14.8552562516 -10.6714395759
-15.3189863200 -8.8629355618
-15.1314738923 -9.6453598624
-14.9687317763 -10.3048166639
-16.1275333838 -7.2631918328
-16.2473906043 -6.8825995291
-14.9845754490 -10.1976915308
-16.2266911390 -7.0207279275
-16.6927558432 -4.8713388042
-16.5036009200 -5.8080442984
-16.3809560150 -6.3766102148
-16.3343643641 -6.5878471920
-16.6049578356 -5.3085020381
-16.2540863847 -6.8086637740
-16.7317809868 -4.7109033897
-16.4378361450 -6.1232241783
-16.2971896065 -6.6895214255
-16.4663314160 -5.9886920215
-16.0621838471 -7.5183778998
-15.6160230733 -7.8167127725
-14.9457255445 -10.4130175127
-15.2734734039 -9.0270082826
-14.5749732005 -11.5102700485
-15.6434234827 -7.7456817234
-14.7142937112 -11.2134692792
-15.5284433417 -8.0554612779
-15.5510456037 -7.9888137719
-14.6109132457 -11.4342135319
-15.5820987263 -7.9017119073
-14.6520257408 -11.3621796638
-14.8636530034 -10.6012680381
-15.0479843605 -9.9876211050
-17.0052494730 -3.8604820499
-16.9418285253 -4.0633521526
-16.8304183711 -4.3339423129
-14.9965648609 -10.1202651756
-15.4010975376 -8.4962225997
-15.4828655265 -8.1833617667
-15.2305245575 -9.2190126318
-15.2145942347 -9.3012679510
-15.1090005988 -9.7136338758
-15.1639902877 -9.5227166697
-15.2368677227 -9.1436610409
-15.1466275294 -9.5915517829
-15.1977420502 -9.3622267075
-15.1802700731 -9.4510114796
