1.4323905825 0.4436052368
1.1725373057 0.4611399147
1.1287649070 0.4611399178
1.0377714248 0.4611411689
1.0833519759 0.4611411671
1.0240840962 0.5072383908
1.0239787578 0.5072388064
0.9407029004 0.5580365944
0.9379145537 0.5580365969
0.9716153517 0.5490732031
0.9712776647 0.5490745981
0.9150940095 0.5737642192
0.9149516133 0.6137803171
0.9335467142 0.5729638290
0.9327268216 0.5735699489
0.8912891976 0.6379506979
0.4867052422 0.6383188035
0.4852702020 0.6398549366
0.4780190667 0.6402040006
0.4778770741 0.6402709177
0.4769359525 0.6412317992
0.4770261570 0.6411335781
0.4770631155 0.6410913199
0.4770137300 0.6411444489
0.4769649437 0.6411941778
0.4766287686 0.6415688148
0.4779140408 0.6402340696
0.4778400048 0.6403048224
0.4778580386 0.6402877454
0.4771345005 0.6410183312
0.4779065425 0.6402406657
0.4771074268 0.6410256432
0.4778437438 0.6402892708
0.4771385837 0.6403926346
0.4771667540 0.6403626497
0.4771587043 0.6403703817
0.4771637114 0.6403655651
0.4771515291 0.6403772476
0.4771627046 0.6403665298
0.4771976041 0.6403331774
0.4771498949 0.6403788084
0.4771999375 0.6403308527
0.4771644188 0.6403648392
0.4772060926 0.6403248050
0.4771661386 0.6403629624
0.4771889615 0.6403411493
0.4772141532 0.6403170997
0.4771960108 0.6403343885
0.4772039028 0.6403268614
0.4771613758 0.6403675278
0.4771827298 0.6403470757
0.4771541984 0.6403744183
0.4771553776 0.6403732869
0.4771866050 0.6403433679
0.4772020108 0.6403286655
0.4771816468 0.6403481127
0.4771921870 0.6403380360
0.4771446360 0.6403836025
0.4771821930 0.6403476141
0.4772049490 0.6403258617
0.4771562098 0.6403724821
0.4771455969 0.6403826787
0.4771883568 0.6403416946
0.4771653450 0.6403637443
0.4771578459 0.6403716637
0.4772003362 0.6403302616
0.4772106001 0.6403204766
0.4771527798 0.6403757738
0.4771950065 0.6403355834
0.4771463086 0.6403819819
0.4771567297 0.6403719847
0.4771855647 0.6403444092
0.4771675246 0.6403616661
0.4771896524 0.6403404987
0.4771873179 0.6403427389
0.4771810676 0.6403486418
0.4771907297 0.6403393909
0.4771838821 0.6403459268
0.4771935398 0.6403366889
0.4771878295 0.6403422058
0.4771597967 0.6403689492
0.4771843543 0.6403454451
0.4771695277 0.6403596958
0.4771804866 0.6403490558
0.4771690195 0.6403602951
0.4771711030 0.6403579220
0.4771779992 0.6403513176
0.4771790858 0.6403503531
0.4771735665 0.6403555205
0.4771721624 0.6403568596
0.4771754160 0.6403537573
0.4771730719 0.6403559926
0.4771785740 0.6403507509
0.4771742118 0.6403549061
0.4771766777 0.6403525586
0.4771748968 0.6403542531
0.4771760543 0.6403531528
0.4771716621 0.6403573356
0.4771796650 0.6403497096
0.4771771359 0.6403521187
