0.6128329572 0.7558763172
0.6241167741 0.7517775467
0.9401126865 0.2583438459
0.9465341737 0.2527097859
0.9367669320 0.2714144300
0.6069791694 0.7636460438
0.5721991853 0.8001358072
0.5780759459 0.7927424044
0.9319117381 0.3274981538
0.5881234024 0.7646242855
0.2754558989 0.9975676374
0.2684699511 1.0064090049
0.2577182941 1.0250245640
0.9191328792 0.3512312383
0.9155954322 0.3650341693
0.8654342175 0.4270593708
0.8719386787 0.4157587779
0.9044651305 0.3793459400
0.8919355729 0.3844552489
0.8785229060 0.4066909916
0.8796452664 0.3886065327
0.8096328502 0.4720268024
0.7971023202 0.5121515844
0.7980043654 0.4982884291
0.7958501709 0.5319621088
0.8050667168 0.4914813365
0.8117357927 0.4630863765
0.5487438822 0.8503321831
0.5048074842 0.8558180887
0.5275048201 0.8534147939
0.4793747853 0.8648251266
0.4939912784 0.8603340479
0.4703395258 0.8838240197
0.8618890087 0.4596147382
0.4718210508 0.8739326021
0.7849093654 0.5476322691
0.7885622572 0.5358911006
0.7591541694 0.5579614370
0.7711604890 0.5485591425
0.3743671821 0.9345046890
1.0264813437 0.0848900249
0.6440423697 0.6849002175
0.6279088488 0.7055606929
0.6293375072 0.6922473416
0.3091573519 0.9963902915
0.9616955124 0.2144574151
0.9613044741 0.2366187811
0.9643436851 0.1906258442
0.9754465913 0.1609916807
0.9741487217 0.1711679804
0.9762599126 0.1528650476
0.9687518348 0.1817511696
0.3158656559 0.9849735291
0.9940087237 0.1192075596
1.0214086129 0.1039758320
0.9984359209 0.1090447117
0.3323587408 0.9438581167
0.3172057025 0.9567421513
0.3194498057 0.9480214287
0.3382180863 0.9384726038
0.3534462878 0.9373537376
1.0117376422 0.1055984866
0.6828763230 0.6219882260
0.6699251950 0.6259908593
0.6580704498 0.6382663901
0.6585714556 0.6270156235
0.6561744476 0.6537372964
0.6548886665 0.6637106786
0.6546053601 0.6728430570
0.6530597643 0.6824438902
0.3864510265 0.9263006387
1.0286087356 0.0617851542
0.7468483828 0.5723346778
0.7376778145 0.5759675184
0.7132242987 0.5977429056
0.7317034157 0.5880453160
1.0983095478 0.0243774150
1.0806673540 0.0260603852
1.0545943603 0.0266664701
0.0930456314 1.0259013698
0.0474481191 1.0260438026
0.0394399823 1.0327943914
1.0383058964 0.0370632190
1.0302266579 0.0552810544
0.7265102856 0.5968829156
1.0461614895 0.0326927885
1.0320542508 0.0428250466
1.0271692760 0.0781303026
0.0320542508 1.0541976016
0.6991166222 0.6217656187
0.0319866548 1.0645599439
0.0318401669 1.0755288172
0.4182877800 0.8943830834
0.4610451510 0.8943695501
0.4119986644 0.9023599540
0.3992448408 0.9218555361
0.4000451055 0.9212923692
0.4012204845 0.9051350702
0.4168795434 0.8987006055
0.4011857523 0.9143221575
