0.9312179261 0.3609522786
1.0367205558 0.0629424643
0.0426116011 1.1099409913
0.0561047713 1.0776161691
0.0446648873 1.0832895736
0.7361733657 0.6115375238
0.7555618567 0.5774365170
0.7393160766 0.6015371831
0.7547584722 0.5916266517
0.0588150848 1.0698298124
0.0750964951 1.0422101958
1.1040234517 0.0404161285
1.0176377795 0.1042608076
1.0121678042 0.1170369820
1.0053199912 0.1517749361
1.0094037165 0.1409613487
0.6983180856 0.6304167863
0.6974586268 0.6429716988
0.6869651322 0.6483773857
0.6803143755 0.6716207038
0.4040935884 0.9376059832
0.4152052847 0.9324651835
0.0683789162 1.0503261739
0.7206332579 0.6290603221
0.3755196404 0.9532710813
0.3898338250 0.9380297066
1.0629998788 0.0467073580
1.0919526146 0.0418216774
1.0342174991 0.0727250254
1.0817585596 0.0454931852
1.0467249571 0.0603794973
1.0550656172 0.0520449493
0.6001509603 0.8135299290
0.6058018338 0.7896750629
0.6120413234 0.7796497192
0.6181249754 0.7728682102
0.9368140927 0.3504628094
0.9377970444 0.3047432571
0.9421169000 0.2887684102
0.9495225682 0.2729360205
0.9427997716 0.2780598883
0.6226395136 0.7169896643
0.6213887909 0.7491422869
0.9514283720 0.2566086137
0.9531332252 0.2301909055
0.9876055687 0.1774061032
0.9549155756 0.1913153315
0.9735590433 0.1877626962
0.9869753060 0.1861783598
0.9533928605 0.2018189242
0.9531463823 0.2101062174
0.3598179258 0.9603364586
0.2967499397 0.9637883531
0.3179297037 0.9625695184
0.2850950121 0.9918194240
0.2856963901 0.9806115954
0.6365257392 0.7061696764
0.6727489501 0.6855853357
0.3681546670 0.9582400277
0.6456407284 0.6874706270
0.6599869447 0.6867696219
0.9026579687 0.3796853586
0.8978972414 0.4058792334
0.5406095263 0.8300333905
0.5388507183 0.8406520257
0.8889614630 0.4248301125
0.5114272967 0.8541955358
0.8504715125 0.4320333556
0.8654291401 0.4307674248
0.8403183396 0.4376508436
0.8349575218 0.4557123382
0.8227775189 0.4685840318
0.8249732554 0.4582347885
0.7992418306 0.4948752312
0.8103351437 0.4802493141
0.8031319866 0.4872038027
0.4923283778 0.8608324541
0.4833366119 0.8663069975
0.7883900699 0.5125245261
0.7790659916 0.5394060845
0.7716582546 0.5556449076
0.7858821998 0.5293201184
0.4430410532 0.8821890509
0.4331227569 0.8881615736
0.4309370631 0.9311552685
0.4324422917 0.9172066544
0.4537406703 0.8784549952
0.4576348409 0.8711989319
0.4729534249 0.8702773549
0.1104915747 1.0136320583
0.1575268046 1.0088602338
0.1632354826 1.0088477874
0.1200446736 1.0105971987
0.1292693478 1.0101183062
0.1066143189 1.0153008356
0.0887581264 1.0384889625
0.0903111718 1.0266505665
0.0909773888 1.0226768506
0.0950377341 1.0197501907
0.1021470231 1.0168786576
