3.4223023729 0.7519000937
3.5210129137 0.7361272688
4.0043380091 0.6073841235
3.0953737628 1.0798887178
3.3991602755 1.0379581723
0.3763487998 3.5266466867
0.3763489205 3.0139764241
0.3763488033 3.2080504305
0.3763486802 3.6979354218
0.4027023351 2.5003683757
0.4027026994 2.3129933775
0.3633861101 3.9546343617
0.4056159589 1.9629949998
0.4056158513 2.1197764767
0.7618906202 1.1568632213
0.7648810387 1.1568631671
1.6539305685 1.1566470612
1.0596124254 1.1567298362
1.2569942415 1.1567296523
1.1464950741 1.1567297339
1.1112177985 1.1567298117
0.8951403729 1.1567298959
0.9769298746 1.1567298418
0.6065820247 1.1569057440
0.5412246047 1.1596983311
0.4122804071 1.5760724253
0.4122804647 1.3562839494
0.4122802490 1.7594443393
0.5012587256 1.1699146898
0.4144413784 1.1917048117
0.4144481179 1.1917046623
0.4192334654 1.1742444195
0.4540757101 1.1742443701
0.4192334340 1.1742444215
