1.2984918159 0.2023483246
1.3876324625 0.1453953245
1.5384069261 0.0999524960
2.4210696197 0.0968207562
1.4625214480 0.1173937548
1.4194352718 0.1342503216
1.3058114872 0.1950210587
1.2138996128 0.3199453251
1.3352971694 0.1552718628
1.3377296989 0.1532612566
1.2574349654 0.2859046232
0.6834924535 2.0549723818
0.6836832104 1.8191993418
0.6839363708 0.8140617314
0.9496886662 0.3293134890
1.2093289834 0.3291543454
0.7558508002 0.3296485046
0.6854592533 0.3411068641
0.6854011647 0.3448563036
0.6855343530 0.3336681061
0.6855343549 0.3336681023
0.6855343605 0.3336680862
0.6855343576 0.3336680911
0.6854852418 0.3343305603
0.6855343587 0.3336680900
0.6859625900 0.3330000144
0.6859625859 0.3330000222
0.6871962179 0.3328023288
0.6917024786 0.3324785766
0.6917024803 0.3324785716
0.6917024772 0.3324785794
0.7166547738 0.3324721320
0.6873720748 0.3324857946
0.6873720774 0.3324857859
0.6873720704 0.3324858093
0.6873720797 0.3324857782
