1.7639723215 0.1952876072
2.1786087189 0.1582468911
1.1038262550 0.2577728246
1.0217330785 0.3309120699
1.1390466444 0.1962749419
2.1406040077 0.1601688747
0.6413962331 1.1757508975
0.6401102224 1.6551533965
0.6415847712 1.0078968690
0.6416044997 0.9812085835
0.6418616894 0.8756315662
0.6420215695 0.7967108884
0.6420246708 0.6737107806
0.6461882716 0.4382550878
0.6513885303 0.4244497689
0.6513888965 0.3694872802
0.6517387388 0.3686762446
0.6517387362 0.3686762499
0.6517387408 0.3686762405
0.6890505072 0.3686757246
0.6890505057 0.3686757260
0.7895028067 0.3686757234
