2.5057888134 4.3538343039 0.8317701311
3.3535058118 3.5043901404 0.8219425320
5.1254603432 2.7040726802 0.8219425320
1.4979523027 5.3575294132 0.9339594977
5.0572186540 3.8274112448 0.7607027675
3.5608978887 3.1634165089 0.7898353459
1.6572027986 1.6693376670 0.8891565808
1.5113783829 2.4021432556 0.9084443886
3.7085467339 2.3115309761 0.8509513630
6.3403518740 0.9159367621 0.9560064010
5.0101041207 5.8392909933 0.6077327766
1.2603416995 2.6530757271 0.9636004596
3.0832082686 1.3215359371 0.9080488146
1.3387248903 0.8378181543 0.9621772827
1.8010686654 1.3101132079 0.9492598926
4.8805652350 0.7653446068 0.9654516626
2.8448085728 1.6628928972 0.9086689009
3.6389945298 1.9564655351 0.8857172890
1.3970983841 3.0627793669 0.9434733629
0.0123467468 0.0002819484 0.9957512502
0.0118528930 0.0003538796 0.9957262843
0.0112057280 0.0003153283 0.9957391229
0.0107719161 0.0003163935 0.9957383523
0.0054246323 0.0052563593 0.9958633144
0.0117005413 0.0002028121 0.9957784249
0.0059463472 0.0050870274 0.9959352406
0.0114616135 0.0002256811 0.9957691020
0.0085826885 0.0001403231 0.9958001171
0.0028859661 0.0052787249 0.9958542308
0.0077007847 0.0004628037 0.9956937952
0.0091231346 0.0001154818 0.9958091878
0.0075791962 0.0003812173 0.9957175348
0.0032464089 0.0044495500 0.9962124120
0.0026149876 0.0048691764 0.9960287743
0.0025704880 0.0049013460 0.9960132324
0.0028545317 0.0047031068 0.9961035018
0.0034987577 0.0043054763 0.9962703794
0.0072604985 0.0001155150 0.9958094523
0.0071416668 0.0002380696 0.9957697914
0.0030223981 0.0045978219 0.9961523607
0.0031162001 0.0045318382 0.9961783894
0.0031789110 0.0044971984 0.9961953077
0.0030740861 0.0045633245 0.9961670432
0.0072200716 0.0001548487 0.9957951082
0.0071820586 0.0001937983 0.9957819646
0.0028113126 0.0047380429 0.9960912546
0.0032201922 0.0044865283 0.9962535040
0.0036679283 0.0042489776 0.9963020173
0.0033199834 0.0044493571 0.9962803286
0.0034075250 0.0043724088 0.9962572000
0.0033444023 0.0044063901 0.9962383322
0.0027428988 0.0047786327 0.9960693784
0.0037128216 0.0041974355 0.9963103482
0.0035808225 0.0042632705 0.9962863462
0.0062967012 0.0012837525 0.9955475243
0.0034838523 0.0043646760 0.9962860923
0.0068052673 0.0005887334 0.9956589093
0.0067662994 0.0006332894 0.9956439175
0.0068396684 0.0005500515 0.9956667257
0.0060812971 0.0016564705 0.9955663548
0.0064414285 0.0010514271 0.9955655005
0.0067165278 0.0006920618 0.9956294408
0.0063200649 0.0012270951 0.9955502062
0.0038903785 0.0041858415 0.9963440456
0.0061147998 0.0016161271 0.9955675995
0.0070023103 0.0003800999 0.9957189559
0.0064108527 0.0010950039 0.9955634239
0.0061448524 0.0015369532 0.9955833481
0.0062444919 0.0013610262 0.9955607627
0.0063550420 0.0011930207 0.9955830984
0.0061964194 0.0014606425 0.9955900607
0.0025141423 0.0049693091 0.9959946005
0.0021244498 0.0052771700 0.9958596485
0.0070821625 0.0002972634 0.9957472981
0.0062879479 0.0013488356 0.9955862711
0.0070439990 0.0003373322 0.9957333237
0.0026993371 0.0048392808 0.9960553078
0.0064079786 0.0011560820 0.9955863562
0.0024519021 0.0050146456 0.9959736138
0.0066826629 0.0007591612 0.9956344107
0.0066003613 0.0008700647 0.9956090624
0.0021694018 0.0052376626 0.9958755149
0.0019817903 0.0054019303 0.9958097842
0.0024091341 0.0050467622 0.9959590302
0.0022941910 0.0051357625 0.9959193021
0.0020811953 0.0053137967 0.9958447596
0.0065255697 0.0009813647 0.9956012950
0.0023393392 0.0051002074 0.9959349819
0.0064919600 0.0010336144 0.9955967877
0.0065671094 0.0009196688 0.9956081605
0.0069097840 0.0004791920 0.9956946135
0.0066271974 0.0008111146 0.9956229775
0.0029247575 0.0046937230 0.9961243906
0.0069488290 0.0004361628 0.9957049070
0.0022130258 0.0052105908 0.9958881007
0.0020267495 0.0053734829 0.9958231474
0.0038236212 0.0041925678 0.9963285574
0.0068838926 0.0005253280 0.9956867373
0.0022585781 0.0051728161 0.9959040354
0.0029988448 0.0046477158 0.9961459539
