0.9000224587 0.1901184768
0.7852875191 0.3834253002
0.4317749210 0.8136409699
0.3747340177 0.8596175214
0.4829558840 0.7668262281
0.6538565475 0.5725250095
0.5511591786 0.6963620051
0.6249612402 0.6094663015
0.8451083565 0.2858402285
0.6862903054 0.5290280120
0.4225192443 0.8214900575
0.5837018884 0.6593168436
0.8577847401 0.2642230424
0.3394344500 0.8847961472
0.6161676443 0.6203555518
0.2062824588 0.9574635430
0.0880800893 0.9922465120
0.9515255827 0.0946090192
0.5724843884 0.6722670928
0.9244452901 0.1454067833
0.2178638586 0.9525399600
0.9763068233 0.0468272351
0.3633358212 0.8679884159
0.3879891044 0.8494664965
0.2981889982 0.9110843629
0.8001210543 0.3598074012
0.7776497582 0.3952618445
0.9120557816 0.1681554651
0.5116689739 0.7381951651
0.0186605547 0.9996521432
0.8240173145 0.3209959917
0.9849751364 0.0298245140
0.6624990879 0.5610952937
0.6777798473 0.5406149349
0.3998198284 0.8401443104
0.7931963211 0.3708398321
0.5622625927 0.6838610035
0.1580318977 0.9750260315
0.6352880054 0.5964092523
0.8315302765 0.3085575670
0.7376143706 0.4559251193
0.1433569981 0.9794488427
0.1312767184 0.9827664596
0.4125950340 0.8297653805
0.6031108186 0.6362573896
0.7290672482 0.4684609763
0.4737179103 0.7755913693
0.0555634698 0.9969127081
0.2554649378 0.9347376690
0.0000000000 1.0000000015
1.0000000000 0.0000000027
0.6464150262 0.5821476164
0.8104175158 0.3432234525
0.9415312594 0.1135188906
0.1700734114 0.9710750363
0.8800902646 0.2254411287
0.4536124955 0.7942357058
0.2308393981 0.9467131739
0.7142560730 0.4898382644
0.9701472005 0.0588144122
0.9906904283 0.0185324781
0.3101966288 0.9037780531
0.9645933583 0.0695596560
0.1013242420 0.9897333995
0.1949299206 0.9620023276
0.8932030857 0.2021882503
0.4641600455 0.7845554539
0.9587871996 0.0807271088
0.0746975646 0.9944202753
0.8669301397 0.2484321354
0.6697409820 0.5514470192
0.7070863949 0.5000288323
0.3234612517 0.8953728203
0.2425151191 0.9411864186
0.1834984018 0.9663283381
0.8861835070 0.2146787945
0.5281443117 0.7210635879
0.6989542004 0.5114630279
0.8380974572 0.2975926548
0.7617406460 0.4197511905
0.9183777029 0.1565823976
0.0432904381 0.9981259394
0.7217074981 0.4791382895
0.5953187115 0.6455956337
0.2708396096 0.9266459074
0.7482135004 0.4401765601
0.7696705277 0.4076072811
0.4415628590 0.8050222433
0.8733006269 0.2373460177
0.0312285075 0.9990247818
0.9061186803 0.1789489398
0.5413209472 0.7069716340
0.4947034636 0.7552684850
0.2850230934 0.9187618378
0.7549261483 0.4300865130
0.8173426803 0.3319509454
0.9341229139 0.1274143846
0.1166363574 0.9863959616
0.3506858057 0.8770194674
0.5032215725 0.7467680508
