0.1053317757 0.4016496742 0.9272729484
1.0941253518 0.1068742187 0.7338475929
0.9741791452 0.3339227055 0.4072956605
0.3754921369 0.3649999316 0.7778200248
0.9910221705 0.2436298672 0.4609577293
0.1216875285 0.1197628017 1.1719226923
0.1216875285 0.1197628017 1.1719226923
0.7686809822 0.3997009839 0.7242966154
0.2810541305 0.3448617489 0.8188840292
1.0140912081 0.1706224977 0.5309314577
0.8662970801 0.3718984966 0.5024950022
0.1563349150 0.3532119991 0.8802731116
0.2407983438 0.2420301910 0.9137020772
0.3796602645 0.3446985562 0.7821814403
0.2706583923 0.3775054418 0.8204275352
0.4488342813 0.1604428829 0.9476290383
0.8521335397 0.2647314734 0.5814542914
0.7847446141 0.3252213997 0.6706646127
0.3896114323 0.2759655624 0.8459222357
0.9789176759 0.2749218339 0.4258826889
0.2396647205 0.3778946058 0.8301967799
0.3618413198 0.3454376833 0.7760040849
0.9934827289 0.1938020949 0.4938509061
0.9648121598 0.1165037999 0.5496182973
0.2914480229 0.3340901401 0.8077313037
0.3938792089 0.3398384592 0.7860950606
0.3592832214 0.3565679280 0.7806027621
0.8966227517 0.3941138789 0.4605773862
0.9788818314 0.1411489224 0.5334741225
0.2651858896 0.1984059774 0.9561006374
0.8182095904 0.3685093031 0.6004045898
0.8457073357 0.3295099063 0.5545531140
0.3592832214 0.3565679280 0.7806027621
0.7678864471 0.3586370370 0.7195758326
0.3725248115 0.2958842203 0.8006516401
0.2732537058 0.2139151591 0.9115230533
0.1216875285 0.1197628017 1.1719226923
0.2236128244 0.3116123521 0.8659020154
0.1398660470 0.1177471753 1.1464035921
0.1216875285 0.1197628017 1.1719226923
0.1563349150 0.3532119991 0.8802731116
0.3768464976 0.3512693605 0.7796742297
0.7998269313 0.1645600756 0.7497005999
0.3160798481 0.3414877231 0.7932523469
0.8059329426 0.3254480175 0.6324633462
0.1498562835 0.2779348252 0.9412102880
0.9934827289 0.1938020949 0.4938509061
0.8629856626 0.4042386368 0.5195287519
0.3481905027 0.3258754349 0.7790125918
0.8348984865 0.2350516490 0.6384444333
0.1230300564 0.1608686174 1.1799204034
0.9764139374 0.2602234377 0.4461533789
0.1534075444 0.3147583154 0.9147751851
0.1398660470 0.1177471753 1.1464035921
0.1193957604 0.1543046245 1.1443910917
0.3754921369 0.3649999316 0.7778200248
0.7896641622 0.3425735013 0.6589702929
0.3481905027 0.3258754349 0.7790125918
0.9285483200 0.3436536022 0.4310556989
0.7636105442 0.2741556260 0.7788566216
0.9575769072 0.2321153874 0.4756747001
0.9285191817 0.1118584912 0.5608216975
0.3113713981 0.3130241982 0.8279275984
0.3481905027 0.3258754349 0.7790125918
0.9788818314 0.1411489224 0.5334741225
0.1448433610 0.1565980343 1.0530335899
0.8592726228 0.3097579710 0.5308624176
0.2290180039 0.1261969395 1.0690263062
0.2914480229 0.3340901401 0.8077313037
0.8013944856 0.3193031428 0.6384856195
0.1895910795 0.4023261147 0.8722704684
0.3618413198 0.3454376833 0.7760040849
0.1909436990 0.2232330400 0.9945089067
0.3754921369 0.3649999316 0.7778200248
0.3481905027 0.3258754349 0.7790125918
0.8168569762 0.3534919488 0.6234158903
0.2547501994 0.3907892800 0.8286384654
0.3160798481 0.3414877231 0.7932523469
0.7492564989 0.4022071244 0.7663070482
0.8275424841 0.3368550845 0.5876565546
0.1448433610 0.1565980343 1.0530335899
0.2918924014 0.2444341855 0.8753228721
0.2911458512 0.2674272567 0.8667137551
0.3754921369 0.3649999316 0.7778200248
0.3618413198 0.3454376833 0.7760040849
0.9436107682 0.1969346956 0.5069856023
0.1638172473 0.1501669550 1.0960262114
0.7728465435 0.3779935645 0.7196649283
0.3160798481 0.3414877231 0.7932523469
0.8275424841 0.3368550845 0.5876565546
0.7792863846 0.3609170759 0.6958441187
0.2372790330 0.3365337637 0.8447564394
0.8458622449 0.1777159644 0.6324750473
0.2243070578 0.1760796137 1.0358469134
0.3160798481 0.3414877231 0.7932523469
0.4137387152 0.3141739222 0.7960766641
0.1939319838 0.1343491297 1.0960876146
0.3618413198 0.3454376833 0.7760040849
0.3738536673 0.2237549643 0.8770118787
0.3647172292 0.1477998785 0.9622377143
0.2416301636 0.1694915725 1.0001325983
0.2396647205 0.3778946058 0.8301967799
0.2537431700 0.2650473448 0.8840715148
0.2810541305 0.3448617489 0.8188840292
0.3754921369 0.3649999316 0.7778200248
0.7518277276 0.3720756966 0.7528718675
0.9283075834 0.2590877432 0.4726339584
0.2104063217 0.3877587125 0.8565457398
0.8182095904 0.3685093031 0.6004045898
0.9013148234 0.2845876496 0.4709522888
0.1053317757 0.4016496742 0.9272729484
0.3618413198 0.3454376833 0.7760040849
0.9300815131 0.3287366834 0.4393496287
0.1375471104 0.1576480322 1.0850107285
0.9934827289 0.1938020949 0.4938509061
0.3472684156 0.3278605314 0.7931540798
0.3419097488 0.1199480103 0.9786357466
0.7866665513 0.3126945296 0.6744115983
0.2143355485 0.3092508150 0.8754680303
0.7795944812 0.3867909219 0.6903132097
0.2918924014 0.2444341855 0.8753228721
0.3796602645 0.3446985562 0.7821814403
1.0027881073 0.1740478069 0.5151271295
0.3754921369 0.3649999316 0.7778200248
0.8966227517 0.3941138789 0.4605773862
0.1352172799 0.2473855132 0.9802374343
0.9349428289 0.2477455541 0.4555318834
0.1498562835 0.2779348252 0.9412102880
0.1563349150 0.3532119991 0.8802731116
0.7277217207 0.1074066928 0.9585024607
0.8770978492 0.1672964172 0.6046230483
0.8401375325 0.3802142707 0.5634319185
0.4246056484 0.1863793656 0.9142995146
0.8966227517 0.3941138789 0.4605773862
0.1369448907 0.3755872391 0.9176517513
0.1352172799 0.2473855132 0.9802374343
0.9285483200 0.3436536022 0.4310556989
1.0027881073 0.1740478069 0.5151271295
0.9789176759 0.2749218339 0.4258826889
0.9285191817 0.1118584912 0.5608216975
0.2547501994 0.3907892800 0.8286384654
0.3896114323 0.2759655624 0.8459222357
0.1563349150 0.3532119991 0.8802731116
0.8592726228 0.3097579710 0.5308624176
0.3618413198 0.3454376833 0.7760040849
0.7847446141 0.3252213997 0.6706646127
0.2914480229 0.3340901401 0.8077313037
0.2396647205 0.3778946058 0.8301967799
0.7847446141 0.3252213997 0.6706646127
0.9013148234 0.2845876496 0.4709522888
0.3472684156 0.3278605314 0.7931540798
0.8348984865 0.2350516490 0.6384444333
0.9788818314 0.1411489224 0.5334741225
0.3796602645 0.3446985562 0.7821814403
0.7678864471 0.3586370370 0.7195758326
0.3481905027 0.3258754349 0.7790125918
0.3725248115 0.2958842203 0.8006516401
0.1448433610 0.1565980343 1.0530335899
0.2104063217 0.3877587125 0.8565457398
0.8080910550 0.3822143286 0.6401976404
0.3754921369 0.3649999316 0.7778200248
0.7896641622 0.3425735013 0.6589702929
0.3481905027 0.3258754349 0.7790125918
0.8575010863 0.2918586589 0.5416546378
0.9575769072 0.2321153874 0.4756747001
0.3754921369 0.3649999316 0.7778200248
0.1398660470 0.1177471753 1.1464035921
0.2685685590 0.3237122748 0.8258266273
0.9412921174 0.2424831500 0.4959713400
0.3768464976 0.3512693605 0.7796742297
0.2104063217 0.3877587125 0.8565457398
0.2651858896 0.1984059774 0.9561006374
0.8182095904 0.3685093031 0.6004045898
0.2675847525 0.1641575623 0.9752629937
0.8360936452 0.3749779316 0.5702667292
0.1398660470 0.1177471753 1.1464035921
0.7518277276 0.3720756966 0.7528718675
0.3618413198 0.3454376833 0.7760040849
0.3647172292 0.1477998785 0.9622377143
0.2810541305 0.3448617489 0.8188840292
0.1838115855 0.1464924295 1.0930106056
0.9934827289 0.1938020949 0.4938509061
0.2721726834 0.2545222867 0.8737130462
0.3481905027 0.3258754349 0.7790125918
0.3481905027 0.3258754349 0.7790125918
0.1534075444 0.3147583154 0.9147751851
0.2675847525 0.1641575623 0.9752629937
0.9934827289 0.1938020949 0.4938509061
0.1448433610 0.1565980343 1.0530335899
0.3618413198 0.3454376833 0.7760040849
0.3768464976 0.3512693605 0.7796742297
0.3147495405 0.4009286201 0.7962258680
0.2706583923 0.3775054418 0.8204275352
0.8966227517 0.3941138789 0.4605773862
0.1448433610 0.1565980343 1.0530335899
0.2952823945 0.2311771756 0.8863439072
0.3678659667 0.3490469646 0.7835660084
0.3768464976 0.3512693605 0.7796742297
0.3326529119 0.3339108177 0.7866296068
0.2271415012 0.1701587327 1.0205487004
0.1216875285 0.1197628017 1.1719226923
0.2270632615 0.2491634905 0.9044379207
0.3754921369 0.3649999316 0.7778200248
1.0027881073 0.1740478069 0.5151271295
0.3481905027 0.3258754349 0.7790125918
0.3618413198 0.3454376833 0.7760040849
0.2911458512 0.2674272567 0.8667137551
0.8348984865 0.2350516490 0.6384444333
0.3618413198 0.3454376833 0.7760040849
0.3592832214 0.3565679280 0.7806027621
0.8457073357 0.3295099063 0.5545531140
0.3326529119 0.3339108177 0.7866296068
0.1563349150 0.3532119991 0.8802731116
0.2721726834 0.2545222867 0.8737130462
1.0027881073 0.1740478069 0.5151271295
0.3968527035 0.3362282670 0.7862639827
0.3618413198 0.3454376833 0.7760040849
0.3326529119 0.3339108177 0.7866296068
0.7659230445 0.2885270619 0.7375119868
0.3326529119 0.3339108177 0.7866296068
0.3725248115 0.2958842203 0.8006516401
0.2918924014 0.2444341855 0.8753228721
0.1972967071 0.1889693266 1.0457761159
0.9347370833 0.2698849526 0.4512143461
0.3794576149 0.1191217818 0.9695826726
0.8204094272 0.3634566592 0.5925613365
0.9575769072 0.2321153874 0.4756747001
0.3160798481 0.3414877231 0.7932523469
0.3552831969 0.3885182837 0.7901103354
0.3796602645 0.3446985562 0.7821814403
0.9609823812 0.1374855279 0.5454127414
0.2396647205 0.3778946058 0.8301967799
0.9648121598 0.1165037999 0.5496182973
0.9910221705 0.2436298672 0.4609577293
0.9316773149 0.1946825749 0.5329641489
0.3160798481 0.3414877231 0.7932523469
0.8013944856 0.3193031428 0.6384856195
0.8182095904 0.3685093031 0.6004045898
0.3618413198 0.3454376833 0.7760040849
0.8323923189 0.2715544644 0.6027788946
0.2785493143 0.3320128291 0.8411479438
0.1939319838 0.1343491297 1.0960876146
0.8405675133 0.1986692386 0.6225909870
0.1216875285 0.1197628017 1.1719226923
0.1563349150 0.3532119991 0.8802731116
0.3146941331 0.2016030342 0.9195347516
0.3796602645 0.3446985562 0.7821814403
0.9788818314 0.1411489224 0.5334741225
0.3754921369 0.3649999316 0.7778200248
0.2290180039 0.1261969395 1.0690263062
0.3618413198 0.3454376833 0.7760040849
0.1122411802 0.3530675753 0.9347364835
0.2651858896 0.1984059774 0.9561006374
0.2270632615 0.2491634905 0.9044379207
0.2547501994 0.3907892800 0.8286384654
0.8662970801 0.3718984966 0.5024950022
0.8132747529 0.3219027396 0.6237426808
0.3618413198 0.3454376833 0.7760040849
0.7922327377 0.2741289246 0.6916443772
0.7847446141 0.3252213997 0.6706646127
0.9934827289 0.1938020949 0.4938509061
0.2236128244 0.3116123521 0.8659020154
0.9285483200 0.3436536022 0.4310556989
0.2290180039 0.1261969395 1.0690263062
0.7678864471 0.3586370370 0.7195758326
0.3160798481 0.3414877231 0.7932523469
0.8592726228 0.3097579710 0.5308624176
0.3768464976 0.3512693605 0.7796742297
0.1638172473 0.1501669550 1.0960262114
0.7492564989 0.4022071244 0.7663070482
0.4044938226 0.2872266426 0.8373966200
0.8401375325 0.3802142707 0.5634319185
0.7847446141 0.3252213997 0.6706646127
0.2918924014 0.2444341855 0.8753228721
0.3481905027 0.3258754349 0.7790125918
0.2914480229 0.3340901401 0.8077313037
0.2104063217 0.3877587125 0.8565457398
0.3968527035 0.3362282670 0.7862639827
0.3754921369 0.3649999316 0.7778200248
0.8575010863 0.2918586589 0.5416546378
0.7713239062 0.1927209703 0.8045645642
0.8937182846 0.3415453860 0.4667533061
0.3796602645 0.3446985562 0.7821814403
0.2396647205 0.3778946058 0.8301967799
0.8791628915 0.3497863163 0.4800499940
0.3618413198 0.3454376833 0.7760040849
0.1895910795 0.4023261147 0.8722704684
0.7558020109 0.3494902476 0.7600239665
0.7678864471 0.3586370370 0.7195758326
0.3481905027 0.3258754349 0.7790125918
0.7757141361 0.3415837174 0.7097044621
0.1375471104 0.1576480322 1.0850107285
0.3481905027 0.3258754349 0.7790125918
0.2547501994 0.3907892800 0.8286384654
0.1216875285 0.1197628017 1.1719226923
0.2236128244 0.3116123521 0.8659020154
0.1369448907 0.3755872391 0.9176517513
0.2721726834 0.2545222867 0.8737130462
0.8013944856 0.3193031428 0.6384856195
0.1972967071 0.1889693266 1.0457761159
