0.5296640091 0.6421693060
0.7931908796 0.3414779213
0.5869826667 0.3950795609
0.6251379083 0.3717902045
0.5583236883 0.4303478195
0.6028680598 0.3861637794
0.5384544001 0.4682561655
0.5760717964 0.4061781622
0.6516791470 0.3583757319
0.6656436930 0.3540288048
0.5384544001 0.4682561655
0.5948225899 0.3865976335
0.6191919542 0.3796768022
0.5696131573 0.4289683608
0.5760717964 0.4061781622
0.6372433076 0.3648129450
0.5539491874 0.4501311086
0.5521381116 0.4655592519
0.6028680598 0.3861637794
0.6445611431 0.3617842413
0.5724488293 0.4249787075
0.5869826667 0.3950795609
0.5823375899 0.4053698483
0.6602226282 0.3542790745
0.5948225899 0.3865976335
0.7238554960 0.3464395353
0.5583236883 0.4303478195
0.5345119384 0.5027740936
0.5760717964 0.4061781622
0.5384544001 0.4682561655
0.6191919542 0.3796768022
0.6305486328 0.3676482152
0.5569551113 0.4349026442
0.6305486328 0.3676482152
0.7279722772 0.3454526952
0.5345119384 0.5027740936
0.5696131573 0.4289683608
0.5384544001 0.4682561655
0.5384544001 0.4682561655
0.6028680598 0.3861637794
0.5823375899 0.4053698483
0.6028680598 0.3861637794
0.5760717964 0.4061781622
0.5583236883 0.4303478195
0.5539491874 0.4501311086
0.6268635507 0.3724914405
0.5948225899 0.3865976335
0.6656436930 0.3540288048
0.5869826667 0.3950795609
0.5583236883 0.4303478195
0.5869826667 0.3950795609
0.5760717964 0.4061781622
0.5336825576 0.6050222722
0.6191919542 0.3796768022
0.5384544001 0.4682561655
0.5869826667 0.3950795609
0.6191919542 0.3796768022
0.7533996794 0.3424112969
0.5569551113 0.4349026442
0.6602226282 0.3542790745
0.6516791470 0.3583757319
0.5760717964 0.4061781622
0.6372810605 0.3641694809
0.6251379083 0.3717902045
0.5569551113 0.4349026442
0.6372433076 0.3648129450
0.5384544001 0.4682561655
0.6251379083 0.3717902045
0.5869826667 0.3950795609
0.5944585145 0.3934329950
0.6305486328 0.3676482152
0.5583236883 0.4303478195
0.6028680598 0.3861637794
0.5760717964 0.4061781622
0.5869826667 0.3950795609
0.5539491874 0.4501311086
0.5384544001 0.4682561655
0.6372433076 0.3648129450
0.6028680598 0.3861637794
0.7075292601 0.3529043092
0.6028680598 0.3861637794
0.5724488293 0.4249787075
0.5823375899 0.4053698483
0.5948225899 0.3865976335
0.5760717964 0.4061781622
0.5948225899 0.3865976335
0.5539491874 0.4501311086
0.5384544001 0.4682561655
0.5760717964 0.4061781622
0.5983019530 0.3931376429
0.5583236883 0.4303478195
0.6251379083 0.3717902045
0.7279722772 0.3454526952
0.5345119384 0.5027740936
0.6516791470 0.3583757319
0.5583236883 0.4303478195
0.5869826667 0.3950795609
0.6191919542 0.3796768022
0.5696131573 0.4289683608
0.5869826667 0.3950795609
