0.0000368872 3.0836202174
0.8568901520 0.4487344225
0.6343495720 1.0178037026
0.8276726722 0.7249139627
0.4239348640 1.6444984425
0.6578410362 0.8804842409
0.2281273636 1.9787426688
0.4661015500 1.3351352751
0.8410398832 0.5379147293
0.8454995319 0.4849665765
0.1083229493 2.4230452314
0.6403039980 0.9493449211
0.8243433195 0.8007445050
0.4468481104 1.3720535752
0.6236003125 1.2409337798
0.8328865220 0.6384333693
0.2639756830 1.8781629600
0.2639756830 1.8781629600
0.8218187386 0.8781942223
0.8384513346 0.5905202345
0.4541096065 1.3389905001
0.6382408650 0.9818983391
0.6297039044 1.1026175801
0.8418762258 0.5242013719
0.6511823307 0.8935029212
0.8512665980 0.4555804033
0.4300297324 1.5497027057
0.0663630888 2.6163019833
0.4661015500 1.3351352751
0.1924469603 2.2590791629
0.8255261290 0.7493528246
0.8328865220 0.6384333693
0.2639756830 1.8781629600
0.8341797334 0.6224871970
0.8454995319 0.4849665765
0.1002336788 2.4766009880
0.4494715297 1.3628480022
0.2443737711 1.9253010094
0.2177444480 2.2121891970
0.6578410362 0.8804842409
0.6241390918 1.2024220247
0.6578410362 0.8804842409
0.4661015500 1.3351352751
0.4360736977 1.4736764069
0.2639756830 1.8781629600
0.8271721072 0.7440866418
0.6462550094 0.9182826115
0.8454995319 0.4849665765
0.6387658994 0.9609282435
0.4272179555 1.5907295853
0.6297039044 1.1026175801
0.4661015500 1.3351352751
0.0358534089 2.8024387346
0.8243433195 0.8007445050
0.1083229493 2.4230452314
0.6343495720 1.0178037026
0.8255261290 0.7493528246
0.8537232638 0.4597907398
0.4150088129 1.8242054381
0.8410398832 0.5379147293
0.8418762258 0.5242013719
0.6236003125 1.2409337798
0.8341797334 0.6224871970
0.8328865220 0.6384333693
0.2639756830 1.8781629600
0.8341797334 0.6224871970
0.1924469603 2.2590791629
0.8255261290 0.7493528246
0.6343495720 1.0178037026
0.6387658994 0.9609282435
0.8328865220 0.6384333693
0.4239348640 1.6444984425
0.8243433195 0.8007445050
0.4661015500 1.3351352751
0.6318624196 1.0959019981
0.2639756830 1.8781629600
0.2281273636 1.9787426688
0.8328865220 0.6384333693
0.6578410362 0.8804842409
0.8454995319 0.4849665765
0.6578410362 0.8804842409
0.4546449268 1.3519092501
0.6258629405 1.1763963668
0.6557326606 0.8884099569
0.6241390918 1.2024220247
0.6578410362 0.8804842409
0.2639756830 1.8781629600
0.1083229493 2.4230452314
0.4661015500 1.3351352751
0.6488852706 0.9047713349
0.4272179555 1.5907295853
0.8274023959 0.7314000405
0.8509224308 0.4764363172
0.0808411072 2.5416992605
0.8418762258 0.5242013719
0.4468481104 1.3720535752
0.6297039044 1.1026175801
0.8243433195 0.8007445050
0.4468481104 1.3720535752
0.6382408650 0.9818983391
