0.1797063291 0.9999999649
0.9999918110 0.0000820096
0.8849698396 0.7053647539
0.9698892126 0.2634176947
0.5124528418 0.9987529864
0.9408110993 0.4567202904
0.3224545986 0.9999878611
0.7471180759 0.9458134386
0.9878045933 0.1154746220
0.9944334239 0.0542918740
0.2461852617 0.9999991823
0.9181277565 0.5743722762
0.9573196753 0.3534987219
0.6296834515 0.9902029766
0.8327065014 0.8397091648
0.9797900810 0.1846757633
0.4097443642 0.9998666081
0.3645321658 0.9999585658
0.9496782633 0.4032878576
0.9839977771 0.1489780752
0.6905135331 0.9753553916
0.9032551173 0.6385033250
0.8620419663 0.7733878198
0.9912666641 0.0839798823
0.9304389624 0.5137294770
0.9973348066 0.0263416294
0.5695014467 0.9964120057
0.2117044099 0.9999998192
0.7949112468 0.8992636134
0.2830389461 0.9999967004
0.9640019018 0.3069291241
0.9751147158 0.2227578555
0.4594387341 0.9995809415
0.9775142944 0.2034175226
0.9959136073 0.0401216289
0.2286431066 0.9999996095
0.6602744770 0.9842513112
0.3430473915 0.9999774419
0.3021983473 0.9999936479
0.9454082569 0.4295812015
0.8482908907 0.8070485562
0.9358432187 0.4847346481
0.7722721601 0.9245428401
0.5992248007 0.9940310546
0.3869539065 0.9999247786
0.9670362760 0.2848049299
0.9245632949 0.5435781411
0.9928912006 0.0688597613
0.9110500086 0.6060671927
0.5405075223 0.9978717756
0.8741802547 0.7393827097
0.7196679373 0.9627371424
0.1953611971 0.9999999190
0.9536332526 0.3779689073
0.2641781599 0.9999983443
0.8946047754 0.6716693770
0.9607702127 0.3298140939
0.9986940923 0.0129826014
0.4853728441 0.9992743058
0.9895770177 0.0994928082
0.9859525736 0.1319191332
0.8149958084 0.8707133294
0.9819573687 0.1664602130
0.9725744179 0.2427694250
0.4342598936 0.9997620459
0.9808848948 0.1755194412
0.2924777143 0.9999954193
0.9655405272 0.2957854333
0.8990392294 0.6550259613
0.9146713712 0.5901338197
0.9763322308 0.2129972622
0.4988786178 0.9990457893
0.9516828889 0.3905772733
0.7336354762 0.9548361480
0.8797265883 0.7223631158
0.3754936410 0.9999442782
0.3326391249 0.9999834226
0.9786724356 0.1939706808
0.9431582219 0.4430142786
0.9951933843 0.0470397115
0.9475758196 0.4163678331
0.6754880986 0.9802225011
0.8553797455 0.7903148223
0.9331991173 0.4991090411
0.8407483011 0.8235345271
0.9383746718 0.4706258310
0.3984848502 0.9998992663
0.2374581332 0.9999994314
0.7839189765 0.9123581016
0.9275623220 0.5285555037
0.5548682497 0.9972349473
0.9684874813 0.2739976663
0.9966304639 0.0331998888
0.2201378867 0.9999997327
0.9868866443 0.1236655071
0.6144049974 0.9923344203
0.8682842899 0.7564343047
0.9555078573 0.3656324425
0.6450049505 0.9875368339
0.9072501625 0.6221968119
0.2550180813 0.9999988371
0.3538018605 0.9999695089
0.9214147007 0.5588857809
0.3122821386 0.9999911800
0.9590748621 0.3415465459
0.9849837125 0.1404117181
0.2034599106 0.9999998785
0.8899190893 0.6884661610
0.9624101623 0.3182863345
0.9738597773 0.2327019250
0.8241125363 0.8555009077
0.4723257227 0.9994473935
0.7052615720 0.9695559655
0.8052534445 0.8853627494
0.5842925282 0.9953623866
0.9904347614 0.0916385641
0.4215049359 0.9998229859
0.9829943793 0.1576188807
0.2735794523 0.9999976513
0.9887056931 0.1073730144
0.9980190419 0.0196339907
0.5264182772 0.9983684322
0.9936671426 0.0615551524
0.4466913760 0.9996838175
0.9712486147 0.2530283504
0.1874130288 0.9999999465
0.9920897538 0.0763481943
0.7600395024 0.9356781605
0.9993605505 0.0063783792
0.7536537632 0.9408821400
0.9916793539 0.0801614032
0.3483754635 0.9999736689
0.3703019868 0.9999515216
0.2974402142 0.9999945800
0.9983579894 0.0162993604
0.9873472790 0.1195614948
0.9990309636 0.0096482170
0.5917637085 0.9947344627
0.9792321116 0.1893069212
0.5194255172 0.9985703399
0.2244540640 0.9999996755
0.9526653639 0.3842570518
0.9662935492 0.2902751190
0.7267187167 0.9589169043
0.8284943451 0.8476314543
0.8823895543 0.7138575645
0.5055931364 0.9989085311
0.9290225969 0.5211221773
0.3379026117 0.9999805949
0.6068511111 0.9932263693
0.7125078628 0.9662793005
0.9781024127 0.1986168347
0.7404511368 0.9504590831
0.9052812901 0.6303119209
0.4921435854 0.9991664875
0.9506840126 0.3969390002
0.3928844066 0.9999123742
0.5621573834 0.9968481025
0.9128815529 0.5980757058
0.9465002471 0.4229581434
0.9615962239 0.3240299072
0.6679058311 0.9823334254
0.9442918917 0.4362831427
0.4034057947 0.9998862531
0.8587591731 0.7818759342
0.7781694970 0.9185779502
0.8367911832 0.8316686060
0.9318323114 0.5063996359
0.9962711222 0.0366692552
0.9345302390 0.4919182824
0.8874859716 0.6968798020
0.9486318327 0.4098341504
0.1914014981 0.9999999340
0.9230007779 0.5512332593
0.2327132894 0.9999995342
0.9371186392 0.4776690523
0.3274853474 0.9999858124
0.8769935408 0.7308688744
0.3172135650 0.9999896839
0.9164156436 0.5822431123
0.9647783029 0.3013249047
0.6526229930 0.9859840209
0.8652038825 0.7649369473
0.8518905981 0.7987035428
0.9845042303 0.1445984048
0.9803393501 0.1800934563
0.5476709743 0.9975724357
0.8445824584 0.8153207811
0.9260782299 0.5360503654
0.8101924671 0.8781363783
0.9091803882 0.6140782013
0.9396106030 0.4636266030
0.8922921718 0.6800587146
0.8712754296 0.7479105535
0.9955521946 0.0435985136
0.9744938452 0.2276911642
0.8196235731 0.8631876849
0.9632155810 0.3125596952
0.8001606821 0.8924100865
0.3593552660 0.9999640880
0.9419907304 0.4498718308
0.6220517097 0.9913270948
0.9011827676 0.6467147442
0.9900076857 0.0955509926
0.6979336098 0.9725755860
0.9564309313 0.3594769503
0.9197835340 0.5666331813
0.2685527866 0.9999980488
0.9814234120 0.1709818557
0.2159886009 0.9999997790
0.9932828087 0.0651779540
0.9599309871 0.3356841173
0.9545775481 0.3717794358
0.4658737914 0.9995184054
0.8968543019 0.6633192353
0.9948107763 0.0506990979
0.9757292545 0.2178532692
0.9677697268 0.2793593896
0.9719204330 0.2478818311
0.2878074718 0.9999961061
0.5334466164 0.9981340222
0.4403667201 0.9997259616
0.3814611170 0.9999348892
0.9691975247 0.2686556704
0.9976792446 0.0229668995
0.4788330230 0.9993663653
0.4155065893 0.9998467212
0.4283578260 0.9997919982
0.6830340857 0.9778984582
0.2782133390 0.9999972217
0.9835013025 0.1532613300
0.9891430980 0.1034188235
0.1835063705 0.9999999567
0.7894817936 0.9059367743
0.9705782069 0.2581683878
0.9769244639 0.2082121921
0.7662372685 0.9302358005
0.2507452729 0.9999990186
0.3072231265 0.9999925091
0.9582055742 0.3474903729
0.1993038473 0.9999999011
0.2597838779 0.9999986013
0.9908523877 0.0878029910
0.4530236997 0.9996359400
0.9864171530 0.1278207819
0.9824778444 0.1620466153
0.5767103683 0.9959304037
0.9940502567 0.0579329327
0.6373931329 0.9889318842
0.2076014368 0.9999998513
0.9854760512 0.1361065807
0.9882524986 0.1114554572
0.2417935832 0.9999993170
0.9732173773 0.2377499800
0.9924868108 0.0726420606
0.9996794250 0.0032011296
0.9969776952 0.0298160326
0.9988629679 0.0113135010
0.6335424441 0.9895827594
0.9971539709 0.0281021610
0.9735476956 0.2351569424
0.9754312906 0.2202312740
0.9852270844 0.1382855003
0.2014629135 0.9999998899
0.8957415112 0.6674729258
0.9884858451 0.1093552211
0.9822157284 0.1642647035
0.9772235930 0.2057825622
0.2395989154 0.9999993765
0.6792785678 0.9790840317
0.2573301006 0.9999987322
0.5021228006 0.9989816823
0.9001186324 0.6508616817
0.7922148493 0.9026357018
0.7503866472 0.9433954999
0.9811565797 0.1732369150
0.3098411519 0.9999918457
0.4821350722 0.9993212945
0.9643921908 0.3041180135
0.2756290162 0.9999974852
0.2902022606 0.9999957640
0.5880256499 0.9950589640
0.9577671116 0.3504811717
0.9666665095 0.2875325784
0.5229211232 0.9984711795
0.1934409181 0.9999999266
0.9910649146 0.0858486764
0.3674907341 0.9999550775
0.2305695888 0.9999995754
0.3730860408 0.9999477497
0.9425757702 0.4464513949
0.9137834695 0.5940869994
0.2997142274 0.9999941649
0.9568765852 0.3565178183
0.9511878388 0.3937452110
0.8501067255 0.8028782618
0.8697901988 0.7521753419
0.6030339405 0.9936405792
0.9521775678 0.3873965334
0.8836894211 0.7096001380
0.2056402970 0.9999998648
0.8263324064 0.8515643450
0.9603476228 0.3327560313
0.9172766986 0.5783006562
0.8604165437 0.7776248196
0.9237843655 0.5474088287
0.2223106711 0.9999997051
0.8306162776 0.8436836609
0.9297316960 0.5174125294
0.8810676070 0.7181017771
0.3780165381 0.9999404199
0.5731827618 0.9961724030
0.9082238750 0.6181180401
0.9789551035 0.1915975590
0.3456871872 0.9999756339
0.9119794897 0.6020296613
0.9481166884 0.4130287346
0.9531513439 0.3811027097
0.5955211752 0.9943965674
0.9377489831 0.4741455281
0.9402252441 0.4600928561
0.9448546273 0.4329132767
0.6640967950 0.9833155947
0.9875794592 0.1174884387
0.7089075454 0.9679451609
0.3565419117 0.9999668026
0.9918832375 0.0782662265
0.9611906089 0.3268773817
0.9636088484 0.3097478167
0.3404928039 0.9999790550
0.9042705292 0.6344188751
0.8755990121 0.7351213452
0.8636267008 0.7691869590
0.3900075699 0.9999185801
0.5657197114 0.9966425299
0.8218879128 0.8593578027
0.9470400458 0.4196605820
0.9897933530 0.0975040536
0.8570838491 0.7861036767
0.5584262024 0.9970521761
0.9659190591 0.2930199131
0.6258782525 0.9907764392
0.9101234533 0.6100552661
0.9491506577 0.4065975742
0.5512253882 0.9974101163
0.9847400325 0.1425359742
0.4012139626 0.9998922887
0.9389946393 0.4671179931
0.4626101607 0.9995510979
0.8911139609 0.6842586256
0.9206014234 0.5627662093
0.4562453806 0.9996091767
0.5298938088 0.9982546432
0.9842464428 0.1468248108
0.8173230336 0.8669759133
0.8077455158 0.8817651368
0.9541107690 0.3748446135
0.7810704037 0.9154919862
0.7975492200 0.8958705994
0.8536478071 0.7945116280
0.2949869880 0.9999950110
0.8887065614 0.6927010561
0.8862344343 0.7011351817
0.2352654786 0.9999994805
0.8387798903 0.8276226989
0.7301929553 0.9569102232
0.9800667143 0.1823715583
0.9414118208 0.4532448355
0.9459549934 0.4262737541
0.9620052585 0.3211493238
0.8126037659 0.8744584646
0.7231772490 0.9608765270
0.6564685403 0.9851361960
0.9253280976 0.5397887478
0.9628111328 0.3154407878
0.9351887393 0.4883342147
0.9783838540 0.1963030137
0.5440176619 0.9977294557
0.9930821462 0.0670642936
0.2850217185 0.9999964649
0.9501752642 0.4001575832
0.9268207390 0.5323109526
0.7752437412 0.9215880701
0.9311410903 0.5100464370
0.3249902118 0.9999868997
0.9062675342 0.6262679114
0.8027238856 0.8889133557
0.9222121945 0.5550581638
0.9926889860 0.0707519977
0.9673999963 0.2821070268
0.9437242625 0.4396605505
0.3843019338 0.9999297374
0.1854302066 0.9999999519
0.7160754369 0.9645523267
0.9837480511 0.1511368006
0.8426749049 0.8194488344
0.9816888677 0.1687559515
0.1894525535 0.9999999404
0.9985268333 0.0146343912
0.9325255122 0.5027129202
0.6182061477 0.9918469392
0.9722462654 0.2453207500
0.2265020764 0.9999996448
0.9871227547 0.1215609585
0.9832431654 0.1554845959
0.2666326202 0.9999981839
0.6717054728 0.9813023215
0.8464619453 0.8111685268
0.8727419195 0.7436376336
0.9902214000 0.0935933612
0.9795152625 0.1869609110
0.4190963518 0.9998328375
0.9760299891 0.2154312033
0.9715860562 0.2504297722
0.7631564859 0.9329949827
0.9022258561 0.6426024341
0.6942231177 0.9740015814
0.8934497491 0.6758864747
0.9282927407 0.5248298754
0.5158816195 0.9986651053
0.9741749235 0.2302168942
0.5368262954 0.9980126204
0.9914770777 0.0820387636
0.7370563507 0.9526848543
0.8979520434 0.6591787690
0.8347707023 0.8356869779
0.4375285026 0.9997431501
0.4690976618 0.9994840296
0.9189605006 0.5705039264
0.9595054211 0.3385852744
0.9695422599 0.2660506441
0.7867121442 0.9091848242
0.9559673932 0.3625725653
0.9586517146 0.3445014540
0.2484997686 0.9999991042
0.9681284144 0.2766846551
0.9906470486 0.0896923922
0.4252895168 0.9998064606
0.3954516556 0.9999064737
0.7568438900 0.9383321831
0.8667551071 0.7606882119
0.4888167776 0.9992214593
0.4436836866 0.9997044131
0.7692779501 0.9274230449
0.7015777974 0.9711092805
0.9155516605 0.5861639030
0.9709139971 0.2555982808
0.2708915289 0.9999978721
0.9827339841 0.1598480856
0.8783767385 0.7265989854
0.2617972249 0.9999984892
0.3511063504 0.9999715300
0.9702478838 0.2606892147
0.5805477618 0.9956512480
0.4131072631 0.9998552468
0.6868030943 0.9766485632
0.9953645062 0.0454006252
0.9893597966 0.1014493200
0.6488146911 0.9867807527
0.9981876939 0.0179836327
0.9338709043 0.4954922767
0.6411875364 0.9882555190
0.9889247073 0.1053930591
0.4953356941 0.9991108176
0.2179511912 0.9999997583
0.9991926073 0.0080446556
0.5091051477 0.9988303238
0.3619304096 0.9999614350
0.9766290143 0.2106016321
0.9946218138 0.0524987881
0.9651633575 0.2985344595
0.9861842985 0.1298769063
0.9960904626 0.0384147837
0.4498590861 0.9996606326
0.4311833011 0.9997778665
0.9728992818 0.2402359147
0.9550432258 0.3687081833
0.9957315821 0.0418746457
0.9364897060 0.4811678403
0.9688430540 0.2713268646
0.9806141940 0.1777938253
0.9949919347 0.0489669637
0.9998396753 0.0016023235
0.2529084951 0.9999989294
0.4072180964 0.9998758278
0.9748055601 0.2252171904
0.3046342121 0.9999931169
0.9866548215 0.1257335884
0.6106813360 0.9927864928
0.2440026104 0.9999992523
0.7437721601 0.9481917190
0.3301598490 0.9999846099
0.4755571947 0.9994084644
0.2097546644 0.9999998351
0.9880330045 0.1134271025
0.9934740598 0.0633759243
0.9978477601 0.0213162375
0.2805412315 0.9999969803
0.1815585945 0.9999999611
0.9857141085 0.1340166305
0.3145715417 0.9999905117
0.9922893391 0.0744857918
0.9964498135 0.0349522209
0.9938587792 0.0597433513
0.2138838336 0.9999997998
0.9975044236 0.0247029058
0.1974900744 0.9999999100
0.9968028032 0.0315160072
0.9942458530 0.0560741464
0.3198268272 0.9999888040
0.9778014109 0.2010739260
0.9995181259 0.0048083054
0.3351863660 0.9999821001
0.9972454748 0.0272063149
0.9941542359 0.0569446067
0.9807471832 0.1766761903
0.2127773378 0.9999998100
0.9888142290 0.1063975958
0.9919865083 0.0773255548
0.9982730332 0.0171360881
0.9958184534 0.0410375882
0.7584460846 0.9370138333
0.3365409971 0.9999813628
0.9935761516 0.0624130757
0.2406365456 0.9999993489
0.3498801560 0.9999725121
0.2473777499 0.9999991418
0.9686623927 0.2726821960
0.9867733318 0.1246659357
0.3158184582 0.9999901293
0.9779489703 0.1998678206
0.9992755215 0.0072224586
0.6316205139 0.9898944817
0.6087465577 0.9930118422
0.7454268200 0.9470277514
0.9335331197 0.4973135045
0.9896864574 0.0984781122
0.2066626726 0.9999998579
0.4971686713 0.9990773488
0.9925873352 0.0717022784
0.9793760168 0.1881154414
0.2770593617 0.9999973400
0.9965381989 0.0340898274
0.9361622205 0.4829767027
0.8252347024 0.8535211849
0.9989453515 0.0104977133
0.9733800672 0.2364728898
0.9749572084 0.2240110947
0.7520285050 0.9421447167
0.6507082126 0.9863898622
0.2889462151 0.9999959433
0.2210730193 0.9999997212
0.4871046133 0.9992479940
0.5073398159 0.9988702562
0.9151144806 0.5881384572
0.9328557711 0.5009499479
0.8436329836 0.8173857188
0.9853501133 0.1372088413
0.7935680854 0.9009529017
0.9286546579 0.5229766903
0.9876947002 0.1164579282
0.3109472367 0.9999915498
0.9752761667 0.2214774862
0.7178759821 0.9636508675
0.7387608397 0.9515784742
0.9961855809 0.0374991309
0.8337462924 0.8376924867
0.4201547549 0.9998288065
0.6923834756 0.9746800029
0.7319095409 0.9558862391
0.9519311407 0.3889801254
0.4267145826 0.9997998435
0.8397685951 0.8255800006
0.9984428050 0.0154644104
0.9773672496 0.2046144365
0.6239640117 0.9910546930
0.9979326963 0.0204852328
0.3711467723 0.9999504133
0.9380637477 0.4723772961
0.8720083391 0.7457819513
0.3772849960 0.9999415931
0.9534003954 0.3794839235
0.9939530617 0.0588502971
0.9954537362 0.0445454797
0.8893151274 0.6905791762
0.2747718567 0.9999975469
0.8951771778 0.6695812816
0.6811646512 0.9784959461
0.1963601054 0.9999999148
0.3288500852 0.9999852346
0.9218116854 0.5569835282
0.9704034431 0.2595082027
0.9422859589 0.4481422000
0.1923702347 0.9999999306
0.1884347179 0.9999999436
0.9017035280 0.6446654168
0.9006500497 0.6488036180
0.9668520979 0.2861698415
0.4148025809 0.9998491954
0.8843322551 0.7074831577
