0.0000000000 0.1585642511 0.0000147597 0.0000027387 0.0000279556 0.0000173254 0.0000038839 0.0000076176 0.0000441740 0.0000070523 0.0000000013 0.0000484227
0.1584050159 0.0000000000 0.0000127315 0.0000038012 0.0000171078 0.0000253613 0.0000141184 0.0000122586 0.0000124272 0.0000000744 0.0000002367 0.0000199256
0.2491820835 0.2498400258 0.0000025614 0.0000072701 0.0000241618 0.0000750542 0.0000001838 0.0000004902 0.0000053292 0.0000078833 0.0000084328 0.0000008503
0.1184586078 0.1190297472 0.0000034286 0.0000134168 0.0000001837 0.0000006629 0.0001761163 0.0000065501 0.0000042015 0.0000145753 0.0000694414 0.0000069872
0.2537678320 0.1183704406 0.0000102935 0.0000286316 0.0000004714 0.0000161586 0.0000000892 0.0000003131 0.0000022640 0.0000388774 0.0000020800 0.0000099374
0.0000120864 0.0000000000 0.0000000502 0.0000000004 0.0000000020 0.0000000000 0.0000034815 0.0000000026 0.0000000217 0.0000000518 0.0000000799 0.0000001158
0.0009092530 0.0000000000 0.0000000084 0.0000000052 0.0000000028 0.0000000000 0.0000069353 0.0000000109 0.0000003774 0.0000001545 0.0000007072 0.0000128496
0.1180141890 0.2536675240 0.0000120467 0.0000100923 0.0000001908 0.0000187335 0.0000120366 0.0000115683 0.0000126564 0.0000193022 0.0000234579 0.0000116084
0.0512975603 0.2475959030 0.0000008403 0.0000034255 0.0000041827 0.0000005937 0.0000011481 0.0000015394 0.0000082891 0.0000008531 0.0000204969 0.0000322553
0.2508094398 0.0516943443 0.0000023663 0.0000093487 0.0000028660 0.0000357312 0.0000254056 0.0000012471 0.0000755937 0.0000151080 0.0000110099 0.0000511078
0.1923918340 0.1924692068 0.0000231057 0.0000009121 0.0000082848 0.0000158578 0.0000743169 0.0000089715 0.0000118320 0.0000156656 0.0000569959 0.0000222731
0.0215012348 0.1498859625 0.0000412588 0.0000399016 0.0000201947 0.0000000005 0.0000044299 0.0000573205 0.0001090387 0.0000579008 0.0000595126 0.0000035062
0.0499131941 0.0511813288 0.0000061288 0.0000298687 0.0000115406 0.0000583794 0.0000194986 0.0000162795 0.0000170730 0.0000008153 0.0000000065 0.0000001436
0.0831315783 0.2533658805 0.0000006388 0.0000063458 0.0000059923 0.0000000178 0.0000157779 0.0000044483 0.0000026369 0.0000543716 0.0000117688 0.0000285111
0.0574389935 0.1408142119 0.0000539043 0.0000635379 0.0000489471 0.0000044312 0.0000059363 0.0001987066 0.0000155662 0.0000004362 0.0000009874 0.0000001261
0.1540486671 0.0221019364 0.0000028675 0.0000270537 0.0000099894 0.0000176634 0.0000241208 0.0000321485 0.0000206733 0.0000166547 0.0000029896 0.0000349622
0.2528547758 0.0837403096 0.0000272474 0.0000039352 0.0000459252 0.0000121464 0.0000142560 0.0000128944 0.0000165227 0.0000076064 0.0000069160 0.0000074053
0.1582163032 0.1601739494 0.0000328368 0.0000416929 0.0000162886 0.0000408513 0.0000516802 0.0001234156 0.0000413346 0.0000091039 0.0000445850 0.0000306399
0.1413834213 0.0574424826 0.0000000002 0.0001072422 0.0001677272 0.0000408701 0.0000323729 0.0000079376 0.0000001235 0.0000217316 0.0000239002 0.0000568118
0.2526080305 0.1745241273 0.0000439079 0.0000010615 0.0000355878 0.0000013754 0.0000135362 0.0000120426 0.0000123719 0.0000024241 0.0000496074 0.0000059908
0.0372849935 0.2215008468 0.0000017226 0.0000119620 0.0000291842 0.0000006167 0.0000113639 0.0000233447 0.0000880936 0.0000428002 0.0000015128 0.0000068891
0.0937937256 0.2493548861 0.0000003152 0.0000296685 0.0000021671 0.0000087577 0.0000149961 0.0000067115 0.0000053801 0.0000225653 0.0000224663 0.0000070389
0.2501341742 0.0729176756 0.0000300636 0.0000004032 0.0000205237 0.0000221948 0.0000242758 0.0000151340 0.0000042694 0.0000028429 0.0000225465 0.0000016995
0.2501995183 0.0147335856 0.0000356653 0.0000032283 0.0000029564 0.0000016752 0.0000057755 0.0000083732 0.0000025608 0.0000197554 0.0000207682 0.0000044170
0.0784065121 0.1037504554 0.0000018112 0.0000334595 0.0001142480 0.0000939008 0.0000854679 0.0000297633 0.0000027706 0.0000018266 0.0000696110 0.0000138394
0.1667547593 0.0832507043 0.0000012235 0.0000005397 0.0000087796 0.0000743055 0.0000068898 0.0000153624 0.0000089965 0.0000004871 0.0000282105 0.0000003309
0.1089621208 0.2512929643 0.0000000958 0.0000110955 0.0000155523 0.0000155515 0.0000002814 0.0000102611 0.0000000021 0.0000045729 0.0000064701 0.0000037385
0.1772498650 0.2487069356 0.0000005534 0.0000002763 0.0000103302 0.0000335183 0.0000235135 0.0000020277 0.0000803458 0.0000000003 0.0000198635 0.0000072955
0.2523824818 0.0326740203 0.0000216488 0.0000072172 0.0000009445 0.0000205089 0.0000217206 0.0000078630 0.0000090482 0.0000065226 0.0000381649 0.0000081141
0.0951213768 0.0309030731 0.0000232211 0.0000310607 0.0000022655 0.0000384709 0.0000603627 0.0000091411 0.0000434626 0.0000157976 0.0000497943 0.0000505906
0.1447711778 0.2521492175 0.0000207833 0.0000038074 0.0000066329 0.0000139655 0.0000012205 0.0000380765 0.0000171793 0.0000050047 0.0000042923 0.0000092651
0.2500606234 0.1097706752 0.0000047386 0.0000298319 0.0000071645 0.0000128345 0.0000267935 0.0000100571 0.0000225303 0.0000341339 0.0000461304 0.0000231980
0.0834123935 0.1660178314 0.0000127357 0.0000043402 0.0000731614 0.0000135208 0.0000985603 0.0000072288 0.0000226344 0.0000633700 0.0000334477 0.0000804816
0.1728038974 0.1142999424 0.0000500364 0.0000546262 0.0000358732 0.0000812281 0.0000264917 0.0000829437 0.0000630177 0.0000276202 0.0000244457 0.0000479589
0.1044357246 0.0768219799 0.0000095465 0.0000105402 0.0000596992 0.0000062166 0.0003532818 0.0000029658 0.0000000054 0.0000057249 0.0000030102 0.0000117558
0.0680127108 0.0405436353 0.0000180605 0.0000902365 0.0000042567 0.0000046498 0.0000662837 0.0000049281 0.0000005609 0.0000002520 0.0002695911 0.0000000159
0.0007249088 0.0000000000 0.0000002631 0.0000000016 0.0000000227 0.0000000000 0.0000344466 0.0000000091 0.0000007005 0.0000013748 0.0000008679 0.0000004111
0.0316672118 0.2535242678 0.0000130369 0.0000146257 0.0000096136 0.0000290554 0.0000037235 0.0000167203 0.0000058400 0.0000006027 0.0000419644 0.0000034657
0.0004780267 0.0000000000 0.0000002277 0.0000000034 0.0000000060 0.0000000000 0.0000047696 0.0000000062 0.0000007348 0.0000000934 0.0000000145 0.0000077580
0.0000000117 0.0006660520 0.0000111217 0.0000031647 0.0000000001 0.0000020068 0.0000035535 0.0000085029 0.0001028939 0.0000066429 0.0000000027 0.0000033725
0.0315366507 0.0928213165 0.0000451644 0.0000387985 0.0001200224 0.0000037119 0.0000019495 0.0001984179 0.0000322462 0.0000021820 0.0000222686 0.0000349241
0.1156211155 0.1708458760 0.0000224887 0.0000257522 0.0000003529 0.0000471525 0.0000438082 0.0001024128 0.0000012220 0.0000015822 0.0000393313 0.0000139541
0.2223015971 0.0379521390 0.0000271798 0.0001004714 0.0001753591 0.0000577468 0.0000156779 0.0000009865 0.0000124469 0.0000190260 0.0000772619 0.0000091678
0.0593368056 0.2541518692 0.0000007401 0.0000076677 0.0000095166 0.0000551812 0.0000067015 0.0000036986 0.0000214629 0.0000104428 0.0000641856 0.0000002271
0.1372578486 0.2503391406 0.0000039271 0.0000003375 0.0000297545 0.0000105552 0.0000016167 0.0000055621 0.0000021158 0.0000056344 0.0000176165 0.0000109097
0.0400677450 0.0680310150 0.0000043063 0.0000002646 0.0000090165 0.0000038453 0.0000434158 0.0000344487 0.0000303686 0.0001089293 0.0000307303 0.0000611991
0.2527864740 0.0947780419 0.0000263738 0.0000213267 0.0000091497 0.0000085023 0.0000001985 0.0000004190 0.0000002484 0.0000277021 0.0000074328 0.0000030566
0.2527798334 0.1377457517 0.0000078107 0.0000214302 0.0000403114 0.0000141706 0.0000029633 0.0000055495 0.0000013448 0.0000320403 0.0000437036 0.0000197151
0.0718947427 0.2499652681 0.0000311130 0.0000125939 0.0000030239 0.0000101826 0.0000012625 0.0000105374 0.0000069939 0.0000007906 0.0000036057 0.0000058182
0.2489950728 0.0598033069 0.0000287798 0.0000002421 0.0000102817 0.0000060336 0.0000318439 0.0000053928 0.0000005401 0.0000000229 0.0000211031 0.0000224071
0.0000000117 0.0006660520 0.0000111217 0.0000031647 0.0000000001 0.0000020068 0.0000035535 0.0000085029 0.0001028939 0.0000066429 0.0000000027 0.0000033725
0.2526500071 0.1443885653 0.0000453335 0.0000003060 0.0000120749 0.0000121397 0.0000060333 0.0000256456 0.0000102620 0.0000204606 0.0000053945 0.0000105358
0.0147254756 0.2522883605 0.0000051092 0.0000069523 0.0000127587 0.0000207378 0.0000009619 0.0000395082 0.0000021350 0.0000330619 0.0000087882 0.0000078363
0.0016979720 0.0001705928 0.0000109697 0.0000091441 0.0000000011 0.0000492502 0.0000598851 0.0000282242 0.0000058669 0.0000347683 0.0000000176 0.0000053495
0.0000603109 0.0069785143 0.0000282770 0.0000021361 0.0000000002 0.0000531697 0.0000033974 0.0000128758 0.0000039170 0.0000425014 0.0000001789 0.0000583695
0.1065648061 0.2533966085 0.0000255246 0.0000000054 0.0000000250 0.0000002834 0.0000134887 0.0000000953 0.0000599570 0.0000073088 0.0000021569 0.0000000831
0.1327281304 0.2520575961 0.0000327356 0.0000002194 0.0000075593 0.0000347791 0.0000028434 0.0000446119 0.0000056418 0.0000010851 0.0000098008 0.0000039400
0.1290874180 0.0937116295 0.0000253019 0.0000226145 0.0000175455 0.0001054276 0.0001178970 0.0000825461 0.0000307203 0.0000027379 0.0001589182 0.0000290858
0.2516496259 0.2038055633 0.0000085488 0.0000009798 0.0000120606 0.0000707645 0.0000713574 0.0000135586 0.0000074839 0.0000008765 0.0000765316 0.0000001570
0.2003427009 0.0502301728 0.0000000348 0.0000517670 0.0000864862 0.0000150524 0.0000000200 0.0000008323 0.0000388268 0.0000108800 0.0000157961 0.0000371204
0.2528436208 0.1072668554 0.0000236590 0.0000285808 0.0000029623 0.0000143951 0.0000248200 0.0000109768 0.0000126794 0.0000432629 0.0000031888 0.0000110217
0.2503704491 0.0214698146 0.0000057638 0.0000024540 0.0000052530 0.0000026290 0.0000840895 0.0000014115 0.0000009188 0.0000377971 0.0000145872 0.0000017754
0.0786139784 0.0783776480 0.0000081510 0.0000068226 0.0000162050 0.0000485404 0.0000280933 0.0000200435 0.0000064418 0.0000265677 0.0000699257 0.0000238858
0.1010672438 0.1000470375 0.0000181812 0.0001403650 0.0001429900 0.0001201363 0.0000520590 0.0000547415 0.0000134092 0.0000094771 0.0001864256 0.0000217233
0.2505406915 0.0401898675 0.0000521811 0.0000007743 0.0000216398 0.0000077155 0.0000272121 0.0000129655 0.0000014327 0.0000000021 0.0000072428 0.0000001861
0.0151229779 0.0242627400 0.0000042059 0.0000452995 0.0000126754 0.0000146274 0.0000261701 0.0000222865 0.0000135316 0.0000948218 0.0000025665 0.0000035214
0.1631771148 0.2527216569 0.0000120792 0.0000001051 0.0000359509 0.0000565240 0.0000100384 0.0000120122 0.0000009092 0.0000055594 0.0000323845 0.0000067984
0.0534335348 0.0089556210 0.0000005258 0.0000018934 0.0000000133 0.0000291496 0.0001081481 0.0000946372 0.0000133869 0.0000081112 0.0000011472 0.0000772335
0.0489104377 0.2502977374 0.0000019957 0.0000083172 0.0000235801 0.0000211958 0.0000303061 0.0000045216 0.0000425970 0.0000329111 0.0000106888 0.0000200198
0.1932892374 0.1220696503 0.0000455453 0.0000263559 0.0000338797 0.0000190665 0.0000178965 0.0000601163 0.0000761125 0.0000005710 0.0000645635 0.0000038157
0.0314867741 0.1447693351 0.0000001261 0.0000000054 0.0000031603 0.0000004911 0.0000138684 0.0000018733 0.0000068283 0.0000314883 0.0000000079 0.0000483050
0.0952834682 0.2501120390 0.0000340620 0.0000001714 0.0000166969 0.0000060338 0.0000074630 0.0000088970 0.0000007257 0.0000208233 0.0000021636 0.0000071041
0.0324120085 0.0410988872 0.0000054473 0.0000014413 0.0000012154 0.0000055133 0.0000165711 0.0000747149 0.0000254888 0.0001009951 0.0000010848 0.0000395108
0.0970175215 0.2363067592 0.0000004708 0.0000050687 0.0000019156 0.0000328871 0.0000095460 0.0000108293 0.0000008176 0.0000348885 0.0000185263 0.0000263385
0.0940691710 0.1286981854 0.0000021724 0.0000576957 0.0000078993 0.0000002993 0.0000245136 0.0000237219 0.0000108086 0.0000035357 0.0000509265 0.0000179154
0.2415356954 0.0970761577 0.0000869975 0.0000129414 0.0000450536 0.0000039088 0.0000066263 0.0000087698 0.0000107996 0.0000147237 0.0001214484 0.0000015842
0.0402187933 0.2509373765 0.0000052312 0.0000067162 0.0000109585 0.0000193602 0.0000000524 0.0000447669 0.0000220787 0.0000204781 0.0000325114 0.0000293187
0.0655766154 0.1801649830 0.0000007628 0.0000221200 0.0000048406 0.0000066420 0.0001080286 0.0000677901 0.0000058395 0.0000046505 0.0001087897 0.0000262163
0.1219541644 0.1949581675 0.0000113160 0.0000888094 0.0000044354 0.0000005015 0.0000440525 0.0000406112 0.0000478286 0.0000052243 0.0001019035 0.0000414232
0.2193724922 0.1291346310 0.0000634123 0.0000026209 0.0000271326 0.0000091184 0.0000569479 0.0000060382 0.0000814999 0.0000031408 0.0000212692 0.0000023414
0.0179644045 0.0175243723 0.0000395347 0.0000144407 0.0000696950 0.0000364927 0.0000315663 0.0000677789 0.0000003466 0.0000002607 0.0000302018 0.0000349698
0.0755144395 0.0578682865 0.0000067120 0.0000622594 0.0000015311 0.0000079026 0.0000930474 0.0000378998 0.0000334831 0.0000779912 0.0000016124 0.0000130870
0.1046613757 0.0595154780 0.0000081340 0.0000321056 0.0000017062 0.0000085512 0.0000181920 0.0000385049 0.0000385985 0.0000497191 0.0000020301 0.0000243437
0.1505818467 0.1054915121 0.0000003457 0.0000045966 0.0000066184 0.0000077478 0.0000037291 0.0000085669 0.0000001108 0.0000053359 0.0000471544 0.0000102153
0.1064193105 0.1503633458 0.0000765683 0.0001194164 0.0000082150 0.0000000878 0.0000000689 0.0004251465 0.0000297759 0.0000279523 0.0000980547 0.0000438651
0.2537165721 0.0719309456 0.0000027064 0.0000004507 0.0000059821 0.0000025478 0.0000193460 0.0000004908 0.0000112075 0.0000029711 0.0000149771 0.0000175876
0.0232418559 0.0146461902 0.0000007380 0.0000391927 0.0000068890 0.0000118318 0.0000503551 0.0000602708 0.0000383289 0.0000511388 0.0000299083 0.0000266817
0.1206581180 0.2500141012 0.0000237870 0.0000047343 0.0000067183 0.0000413059 0.0000005955 0.0000000925 0.0000230787 0.0000106271 0.0000023568 0.0000123610
0.0606093932 0.2516914956 0.0000476110 0.0000047070 0.0000001051 0.0000069021 0.0000176563 0.0000117874 0.0000087769 0.0000422924 0.0000176737 0.0000421417
0.1495573049 0.2508148149 0.0000237245 0.0000050097 0.0000043648 0.0000094141 0.0000008725 0.0000361878 0.0000060967 0.0000107841 0.0000108283 0.0000096440
0.1993898573 0.0894908391 0.0000109785 0.0000152508 0.0000298693 0.0000390806 0.0001109435 0.0000000233 0.0000007699 0.0000318797 0.0000933706 0.0000030279
0.0433565324 0.1438251431 0.0000534157 0.0000121287 0.0000446481 0.0000520798 0.0000682096 0.0000033906 0.0000386889 0.0000000067 0.0000087663 0.0000456881
0.2505817641 0.0286155239 0.0000569805 0.0000040689 0.0000060972 0.0000053654 0.0000044494 0.0000026024 0.0000023715 0.0000000007 0.0000138857 0.0000001459
0.0407098952 0.0309379572 0.0000140384 0.0000063162 0.0000217855 0.0000117276 0.0001893744 0.0000015085 0.0000000189 0.0000061256 0.0000031763 0.0000045907
0.0745639499 0.1361290221 0.0000311188 0.0000033861 0.0000450071 0.0000076625 0.0000264249 0.0001149342 0.0000432543 0.0000097751 0.0000468055 0.0000052432
0.1370011934 0.0731897386 0.0000727544 0.0000498619 0.0001034908 0.0000284683 0.0001183092 0.0000337814 0.0000047757 0.0000001480 0.0000186369 0.0000093325
0.0353276876 0.0126499552 0.0000050260 0.0000040426 0.0000026238 0.0000015960 0.0001305035 0.0000915221 0.0000406638 0.0000208135 0.0000002442 0.0000490086
0.0904363797 0.1970449731 0.0000703908 0.0000812681 0.0000273959 0.0000000163 0.0000234213 0.0000555137 0.0001650244 0.0000180454 0.0000643633 0.0000136853
0.1022852812 0.0446510263 0.0000332943 0.0001946442 0.0000295390 0.0001009984 0.0000162649 0.0000017491 0.0000124033 0.0000005777 0.0000034019 0.0000242508
0.1556115803 0.0124031050 0.0000157270 0.0000108290 0.0000000191 0.0000112911 0.0000668983 0.0000184661 0.0000046374 0.0000239581 0.0000056740 0.0000139979
0.0553015182 0.0246650969 0.0000055876 0.0000000000 0.0000022916 0.0000076027 0.0000294874 0.0000022234 0.0000021365 0.0000001813 0.0000398149 0.0000000387
0.0596910836 0.1045092238 0.0000038628 0.0000383214 0.0000337183 0.0000107192 0.0000911017 0.0000143250 0.0000151918 0.0000635711 0.0001284359 0.0000797476
0.0579581807 0.0751469805 0.0000044763 0.0000108226 0.0000429863 0.0000019937 0.0001667332 0.0000092831 0.0000223723 0.0000118279 0.0000284209 0.0000487192
0.0502895580 0.1959355872 0.0000014468 0.0000079963 0.0000173227 0.0000147682 0.0001020960 0.0000115073 0.0000192132 0.0000093785 0.0000380110 0.0000311816
0.0714275111 0.2504187391 0.0000068252 0.0000182411 0.0000061445 0.0000224747 0.0000002118 0.0000021534 0.0000100854 0.0000027929 0.0000416540 0.0000039369
0.1477521636 0.1463877508 0.0000664016 0.0000299626 0.0000285700 0.0000743338 0.0000162357 0.0000231720 0.0000839822 0.0000478596 0.0000004724 0.0001435224
0.2480267147 0.0958816105 0.0000170114 0.0000022459 0.0000034571 0.0000098824 0.0000278690 0.0000289503 0.0000077651 0.0000000474 0.0000527664 0.0000448760
0.0285506712 0.2497430859 0.0000050417 0.0000122992 0.0000059356 0.0000010111 0.0000000356 0.0000433924 0.0000229207 0.0000292190 0.0000314358 0.0000314560
0.1701188706 0.1716272035 0.0000116846 0.0000008319 0.0000631760 0.0000926966 0.0000167694 0.0000072980 0.0000004967 0.0000011029 0.0000028999 0.0000144174
0.2493547823 0.1217762438 0.0000554912 0.0000019341 0.0000574909 0.0000006644 0.0000150714 0.0000026072 0.0000119402 0.0000130589 0.0000191439 0.0000013631
0.0064388897 0.1429091769 0.0000042234 0.0000222732 0.0000079422 0.0000003091 0.0000007140 0.0000051295 0.0000240388 0.0000109273 0.0000194838 0.0000051655
0.0717822099 0.2302026314 0.0000664513 0.0000623995 0.0000638247 0.0000063234 0.0000064132 0.0000031528 0.0001258687 0.0000000975 0.0000235359 0.0000268492
0.2515880484 0.1619050785 0.0000605273 0.0000261632 0.0000245200 0.0000001026 0.0000153592 0.0000112611 0.0000004794 0.0000362392 0.0000411313 0.0000018203
0.0122725100 0.0338496846 0.0000312957 0.0000089036 0.0001843408 0.0000087861 0.0000029554 0.0000013151 0.0000143873 0.0000069501 0.0000628147 0.0000864025
0.2552934865 0.0839203835 0.0000466825 0.0000144994 0.0000141035 0.0000116289 0.0000001889 0.0000080927 0.0000082919 0.0000008898 0.0000251811 0.0000000514
0.1838747382 0.0643311626 0.0000105457 0.0000255797 0.0000015825 0.0000018930 0.0000175887 0.0000065591 0.0000003755 0.0000009257 0.0000818258 0.0000011377
0.0830135006 0.0205817444 0.0000001140 0.0000232501 0.0002033368 0.0000031212 0.0003051468 0.0000109636 0.0000043130 0.0000018679 0.0000057174 0.0000696180
0.2336775126 0.0714545387 0.0000017981 0.0000107564 0.0000086087 0.0000125917 0.0000572181 0.0000280909 0.0001222000 0.0000059077 0.0001714722 0.0000174279
0.0443094637 0.1000542742 0.0000495371 0.0000013022 0.0000657099 0.0000820166 0.0000000049 0.0000018504 0.0001279389 0.0000006017 0.0000872992 0.0000011123
0.1288100792 0.2217412283 0.0000000088 0.0000045855 0.0000029468 0.0000653962 0.0000039535 0.0000148968 0.0000000197 0.0000066015 0.0000297119 0.0000165354
0.1470901506 0.0424226879 0.0000117032 0.0000163028 0.0000430324 0.0000468870 0.0000486712 0.0000230262 0.0000597302 0.0000387216 0.0000009248 0.0000202591
0.0826359564 0.2518207544 0.0000062047 0.0000158819 0.0000020770 0.0000266916 0.0000010764 0.0000064774 0.0000602500 0.0000150131 0.0000174798 0.0000265253
0.2511934718 0.0608351116 0.0000227705 0.0000332320 0.0000181958 0.0000017592 0.0000009011 0.0000010721 0.0000063783 0.0000041111 0.0000094216 0.0000000061
0.1335317573 0.1337138006 0.0000002975 0.0000387194 0.0000001336 0.0000025650 0.0000505666 0.0000209329 0.0000367920 0.0000053906 0.0000727105 0.0000090091
0.2100478372 0.1978908238 0.0000229051 0.0000001551 0.0000152246 0.0000556666 0.0000703075 0.0000143948 0.0000084596 0.0000012629 0.0000517224 0.0000002354
0.0259900437 0.0546510521 0.0000067302 0.0000085320 0.0001142971 0.0000805460 0.0000087847 0.0000806954 0.0000035006 0.0000048382 0.0000016351 0.0000412125
0.2506295016 0.1333525921 0.0000332068 0.0000004307 0.0000096127 0.0000108333 0.0000666990 0.0000138738 0.0000087763 0.0000184480 0.0000752075 0.0000008806
0.0197516190 0.0783746799 0.0000019944 0.0000254698 0.0000000403 0.0000000006 0.0000049413 0.0000178062 0.0000586557 0.0000098682 0.0000001197 0.0000205048
0.0208687089 0.2522004712 0.0000056250 0.0000107131 0.0000112320 0.0000222628 0.0000011345 0.0000362240 0.0000000009 0.0000309360 0.0000133363 0.0000033965
0.1666009199 0.0056459254 0.0000122053 0.0000684610 0.0000052061 0.0001377470 0.0000045723 0.0000325334 0.0000300847 0.0000218094 0.0000094423 0.0000294248
0.2539358510 0.0494471382 0.0000000092 0.0000268772 0.0000157953 0.0000099669 0.0000198183 0.0000004812 0.0000214579 0.0000031731 0.0000086112 0.0000168348
0.1771456787 0.1854421378 0.0000704678 0.0000239058 0.0000106155 0.0000011384 0.0000154213 0.0002614191 0.0000362930 0.0000024115 0.0000404435 0.0000056243
0.1471818491 0.0310537205 0.0000002035 0.0000491616 0.0000289229 0.0000000283 0.0000681693 0.0000426139 0.0000270173 0.0000158938 0.0000051064 0.0000244265
0.2482459741 0.1502587450 0.0000123266 0.0000121519 0.0000342246 0.0000089098 0.0000028296 0.0000003492 0.0000000621 0.0000049084 0.0001043223 0.0000029838
0.0128266707 0.1548316902 0.0000000171 0.0000000022 0.0000254779 0.0000000081 0.0000039442 0.0000030678 0.0000213633 0.0000212354 0.0000000012 0.0000314285
0.0090620336 0.0542955997 0.0000460076 0.0000227329 0.0000688201 0.0000055067 0.0000043925 0.0000561140 0.0000864949 0.0000555157 0.0000451633 0.0000197602
0.2043959826 0.2520861877 0.0000000001 0.0000001190 0.0000364205 0.0000912522 0.0000021310 0.0000000304 0.0000001864 0.0000021682 0.0000065320 0.0000056658
0.2531021477 0.0654179457 0.0000318384 0.0000150169 0.0000083205 0.0000082506 0.0000004997 0.0000004613 0.0000002553 0.0000197868 0.0000091676 0.0000001126
0.2510752436 0.1626264547 0.0000575361 0.0000000252 0.0000180967 0.0000099763 0.0000068666 0.0000019922 0.0000152072 0.0000174440 0.0000279364 0.0000080378
0.2497993818 0.0275798559 0.0000022260 0.0000286185 0.0000008825 0.0000054507 0.0000078422 0.0000179167 0.0000312397 0.0000197404 0.0000009657 0.0000397621
0.0387277375 0.2507910329 0.0000040123 0.0000006865 0.0000021691 0.0000081206 0.0000186696 0.0000016430 0.0000475001 0.0000212104 0.0000013278 0.0000459267
0.1609092426 0.0499954458 0.0000149915 0.0000014207 0.0000038339 0.0000119461 0.0000267450 0.0000198030 0.0000218654 0.0000264766 0.0000013586 0.0000182897
0.0254934854 0.2533728181 0.0000042499 0.0000059675 0.0000060077 0.0000417372 0.0000003613 0.0000388871 0.0000013824 0.0000380257 0.0000223621 0.0000003578
0.2517632354 0.1274688663 0.0000588150 0.0000151016 0.0000572435 0.0000029208 0.0000135469 0.0000013750 0.0000111715 0.0000346666 0.0000040876 0.0000010597
0.1098549323 0.2507308183 0.0000065037 0.0000130238 0.0000067125 0.0000130035 0.0000007360 0.0000089174 0.0000031735 0.0000039873 0.0000154677 0.0000103346
0.1268082520 0.2525652375 0.0000286597 0.0000053088 0.0000111003 0.0000522351 0.0000022912 0.0000027355 0.0000022968 0.0000034858 0.0000118859 0.0000123239
0.0514272000 0.2499075357 0.0000074577 0.0000169706 0.0000240320 0.0000092333 0.0000289107 0.0000024834 0.0000360457 0.0000204175 0.0000306751 0.0000139032
0.0438977615 0.1827017763 0.0000000270 0.0000000001 0.0000221793 0.0000302774 0.0000008767 0.0000006617 0.0000003302 0.0000189773 0.0000158293 0.0000185172
0.1263524557 0.2528175795 0.0000069691 0.0000122878 0.0000043590 0.0000017279 0.0000050234 0.0000084355 0.0000000029 0.0000194130 0.0000101239 0.0000080747
0.2521343867 0.1130766882 0.0000143167 0.0000176839 0.0000010141 0.0000145354 0.0000287256 0.0000040791 0.0000016551 0.0000333062 0.0000027512 0.0000211280
0.0948213800 0.0862937854 0.0000306022 0.0001640173 0.0000116460 0.0000203143 0.0001044029 0.0000042237 0.0000129809 0.0000272301 0.0000000157 0.0000022754
0.2431191154 0.0446070203 0.0000182554 0.0000331082 0.0000072457 0.0000313488 0.0000007416 0.0000051121 0.0000194003 0.0000320163 0.0000136892 0.0000269408
0.2497884185 0.0442094154 0.0000428801 0.0000021555 0.0000178365 0.0000056995 0.0000181466 0.0000086527 0.0000009838 0.0000000026 0.0000174944 0.0000002404
0.0916125659 0.2516994548 0.0000001826 0.0000148771 0.0000070995 0.0000127552 0.0000007947 0.0000023217 0.0000000001 0.0000430987 0.0000114329 0.0000307649
0.1420142262 0.1644365681 0.0000043161 0.0001006868 0.0000528191 0.0000221979 0.0000493534 0.0000130366 0.0000067857 0.0000013998 0.0001193275 0.0000025414
0.1233473811 0.0817918293 0.0000066242 0.0000212468 0.0000015368 0.0000016564 0.0000034086 0.0000900368 0.0000455730 0.0000497993 0.0000143025 0.0001146472
0.1718625218 0.0583897681 0.0000343852 0.0000893494 0.0000637522 0.0000719212 0.0000838607 0.0000050362 0.0000474554 0.0000116722 0.0001425011 0.0000002208
0.0176101136 0.0200706428 0.0000077111 0.0000370135 0.0000208785 0.0000169914 0.0000663701 0.0000187285 0.0000030736 0.0000000777 0.0001232553 0.0000045038
0.0319073089 0.1989580007 0.0000187529 0.0000016166 0.0000467505 0.0000496105 0.0000000725 0.0000034328 0.0001109804 0.0000257637 0.0000306531 0.0000282255
0.1351273133 0.2519519131 0.0000000085 0.0000198546 0.0000042035 0.0000130011 0.0000018339 0.0000303579 0.0000000002 0.0000184020 0.0000076315 0.0000066688
0.1036440091 0.1720914254 0.0000003754 0.0000522108 0.0000418697 0.0000011548 0.0001155785 0.0000147046 0.0000015426 0.0000704075 0.0001138798 0.0000089416
0.1985035395 0.1103184858 0.0000024498 0.0000197057 0.0000197534 0.0000473407 0.0000528619 0.0001178412 0.0000722700 0.0000171477 0.0001021478 0.0000004311
0.0870055439 0.2531754997 0.0000010448 0.0000208495 0.0000000759 0.0000194188 0.0000003561 0.0000170586 0.0000000003 0.0000033448 0.0000242017 0.0000069879
0.1603551205 0.2524868990 0.0000374171 0.0000030902 0.0000049418 0.0000273595 0.0000001152 0.0000423817 0.0000326411 0.0000026304 0.0000024537 0.0000075569
0.2547462688 0.1037941487 0.0000106701 0.0000058208 0.0000065924 0.0000049785 0.0000400788 0.0000045239 0.0000085837 0.0000172940 0.0000077135 0.0000308701
0.1165645700 0.1031874608 0.0000404129 0.0000764337 0.0000359638 0.0000010299 0.0001074631 0.0000708022 0.0000542603 0.0000207716 0.0000042693 0.0000831652
0.0100756062 0.0000006838 0.0000231192 0.0000089502 0.0000219370 0.0000108231 0.0000003641 0.0000283013 0.0000442159 0.0000231242 0.0000206157 0.0000079990
0.0655424548 0.0949881033 0.0000005161 0.0000122467 0.0000779166 0.0000473807 0.0002040121 0.0000009214 0.0000126370 0.0000317022 0.0000002526 0.0000570718
0.2517195321 0.0877240950 0.0000107423 0.0000061259 0.0000061979 0.0000232352 0.0000026008 0.0000251529 0.0000024481 0.0000007756 0.0000004492 0.0000183161
0.1484667034 0.0941971879 0.0000209029 0.0000412485 0.0000356164 0.0000051064 0.0001602760 0.0000397577 0.0000234103 0.0000044115 0.0000244525 0.0000284441
0.0352818926 0.1270460060 0.0000000028 0.0000000027 0.0000325006 0.0000000094 0.0000003524 0.0000006596 0.0000179590 0.0000190734 0.0000142060 0.0000049259
0.0558767732 0.0471372819 0.0000020159 0.0000777265 0.0000823758 0.0000279598 0.0000314453 0.0000248410 0.0000111595 0.0000483055 0.0000014211 0.0000457825
0.1419645478 0.2513249848 0.0000230606 0.0000118089 0.0000133818 0.0000136610 0.0000158895 0.0000313270 0.0000278074 0.0000000840 0.0000133492 0.0000063939
0.0722952246 0.0212761795 0.0000030368 0.0000554865 0.0000014635 0.0000322068 0.0000233187 0.0000329330 0.0000018294 0.0000006143 0.0000993150 0.0000468194
0.2111165871 0.1419708938 0.0000717861 0.0000776023 0.0000057230 0.0000080037 0.0000387097 0.0000304775 0.0000094235 0.0000960632 0.0000074278 0.0000802443
0.0007249088 0.0000000000 0.0000002631 0.0000000016 0.0000000227 0.0000000000 0.0000344466 0.0000000091 0.0000007005 0.0000013748 0.0000008679 0.0000004111
0.1724540089 0.1028680247 0.0000792762 0.0000511370 0.0000087492 0.0000921990 0.0000989826 0.0000352843 0.0000458873 0.0000297537 0.0000177779 0.0000030285
0.0935346418 0.1695582769 0.0000385705 0.0000299748 0.0000056960 0.0002299646 0.0002144738 0.0000018677 0.0000560396 0.0000942316 0.0000527605 0.0000000097
0.0980093187 0.0164144053 0.0000013401 0.0000307006 0.0000112789 0.0000299381 0.0000570429 0.0000077032 0.0000400187 0.0000160100 0.0000322762 0.0000282814
0.0643051074 0.1266363757 0.0000804398 0.0002216049 0.0000596301 0.0000326901 0.0000144573 0.0000394147 0.0000040321 0.0002025290 0.0000463493 0.0000856828
0.0272107154 0.0142061266 0.0000286050 0.0000031211 0.0000052488 0.0000537537 0.0001739644 0.0000148144 0.0000083922 0.0000655487 0.0000001958 0.0000406168
0.2534630127 0.0760205773 0.0000201995 0.0000272575 0.0000000605 0.0000043394 0.0000000850 0.0000040116 0.0000001151 0.0000209740 0.0000395288 0.0000132230
0.0680316646 0.0631530014 0.0000378959 0.0000460860 0.0000006981 0.0000006719 0.0000441232 0.0000502300 0.0000216459 0.0000369546 0.0000177815 0.0000004060
0.1116977877 0.0906504137 0.0000302752 0.0000778990 0.0000256605 0.0000080063 0.0001793403 0.0000077926 0.0000002876 0.0000172528 0.0000215020 0.0000101980
0.1346211830 0.1191915837 0.0000027316 0.0001699654 0.0001415615 0.0000938827 0.0001141053 0.0000051822 0.0000001824 0.0000024757 0.0001855298 0.0000041835
0.0343850576 0.0831623223 0.0000019474 0.0000002382 0.0000063341 0.0001770144 0.0000697306 0.0000052385 0.0000246198 0.0000392982 0.0001644819 0.0001668524
0.0624725093 0.0241928604 0.0000498413 0.0000808136 0.0000454867 0.0000099398 0.0000188594 0.0000059737 0.0000599155 0.0000811580 0.0000097744 0.0000209460
0.2532793048 0.0989827282 0.0000097302 0.0000001269 0.0000017662 0.0000001426 0.0000206658 0.0000029258 0.0000058555 0.0000160343 0.0000114433 0.0000031687
0.0125307545 0.0303852387 0.0000391618 0.0000163121 0.0000005074 0.0000037865 0.0000011022 0.0000751228 0.0000260053 0.0000002738 0.0000038635 0.0000006217
0.1062929224 0.1320728725 0.0000597133 0.0000653990 0.0000001163 0.0000054399 0.0000525732 0.0001270310 0.0000965907 0.0000335040 0.0000432677 0.0000937444
0.1033858612 0.2529365228 0.0000000109 0.0000171266 0.0000005093 0.0000005762 0.0000024678 0.0000120070 0.0000000002 0.0000171733 0.0000135073 0.0000002068
0.0571912941 0.2069307844 0.0000518447 0.0000595701 0.0000346517 0.0000456353 0.0000000073 0.0000820858 0.0000660116 0.0000003966 0.0000530458 0.0000046975
0.0440121039 0.2403532031 0.0000189247 0.0000153213 0.0000054996 0.0000962179 0.0000183314 0.0000080695 0.0000051783 0.0000376636 0.0000799755 0.0000050826
0.1887063745 0.2524319613 0.0000000000 0.0000257824 0.0000286009 0.0000767206 0.0000148666 0.0000000246 0.0000000138 0.0000036940 0.0000066357 0.0000122633
0.0163615474 0.0223497164 0.0000318490 0.0000002408 0.0001248353 0.0000209081 0.0000223247 0.0000010755 0.0000226077 0.0000060203 0.0000697446 0.0000598568
0.0915600918 0.0478708551 0.0000165457 0.0000005323 0.0000210886 0.0000138524 0.0001876641 0.0000148544 0.0000030188 0.0000098232 0.0000016681 0.0000126913
0.0728366764 0.1898104480 0.0001139639 0.0000492767 0.0000073120 0.0000010220 0.0000031931 0.0000190626 0.0001393813 0.0000412760 0.0000068658 0.0000671405
0.1318313297 0.1063700530 0.0000208118 0.0000394828 0.0000087652 0.0000301876 0.0000130039 0.0000047781 0.0000432918 0.0000000986 0.0000201219 0.0000056738
0.1110280765 0.1954954569 0.0000065759 0.0000148715 0.0000000394 0.0000518718 0.0000095061 0.0000231440 0.0000043623 0.0000144349 0.0000507661 0.0000136062
0.0445978539 0.0284128259 0.0000377292 0.0001313090 0.0000005393 0.0000056813 0.0000479315 0.0000278875 0.0000307370 0.0001005616 0.0000010844 0.0000046346
0.0002436621 0.0000000000 0.0000002886 0.0000000062 0.0000000020 0.0000000001 0.0000034306 0.0000000034 0.0000006808 0.0000002961 0.0000000543 0.0000111345
0.0478019545 0.0551744920 0.0000781704 0.0001446149 0.0000000386 0.0000304774 0.0000151190 0.0000254397 0.0000272677 0.0000861826 0.0000004469 0.0000043197
0.0798485588 0.2355109286 0.0000113513 0.0000056033 0.0000029163 0.0002208693 0.0000622249 0.0000020366 0.0000798381 0.0000564305 0.0000037953 0.0000105908
0.2534898175 0.0683738875 0.0000067065 0.0000432889 0.0000268271 0.0000000379 0.0000009083 0.0000048169 0.0000143979 0.0000058905 0.0000251282 0.0000000246
0.1506925093 0.1188831320 0.0000188346 0.0000243861 0.0000225810 0.0001397482 0.0000197576 0.0000500680 0.0000024315 0.0000160875 0.0000033602 0.0000187451
0.0640044746 0.2496468586 0.0000144335 0.0000199004 0.0000018428 0.0001022052 0.0000256745 0.0000053426 0.0000000021 0.0000071098 0.0000017651 0.0000050866
0.0852728960 0.0717431318 0.0000059892 0.0000709242 0.0000846596 0.0000329682 0.0000392209 0.0000105752 0.0000005419 0.0000147640 0.0000231451 0.0000440465
0.2484217681 0.0520341278 0.0000452298 0.0000142629 0.0000197214 0.0000167535 0.0000001879 0.0000081935 0.0000125386 0.0000085628 0.0000484407 0.0000018775
0.1048052530 0.1159008097 0.0001288185 0.0001902009 0.0000000004 0.0000192650 0.0000208441 0.0000688016 0.0000712549 0.0000564892 0.0000217481 0.0000375591
0.0833040827 0.1433289957 0.0000735731 0.0001000694 0.0000003563 0.0000004007 0.0000060899 0.0000381456 0.0001269400 0.0000534489 0.0000095817 0.0001139278
0.2498953117 0.1010279012 0.0000470229 0.0000198347 0.0000294650 0.0000059293 0.0000114691 0.0000069325 0.0000043191 0.0000190793 0.0000123071 0.0000017489
0.0912403901 0.1104820655 0.0000108364 0.0000014787 0.0000582375 0.0000568699 0.0001052536 0.0000358208 0.0000285059 0.0000410264 0.0000014794 0.0000175996
0.0278275965 0.1029632647 0.0000541888 0.0000020407 0.0000394837 0.0000687997 0.0000000031 0.0000177554 0.0000059975 0.0000182245 0.0000724205 0.0000168184
0.1158062634 0.0542620788 0.0000003952 0.0000095190 0.0000010586 0.0000225720 0.0000082474 0.0000456547 0.0000000041 0.0000000006 0.0001185605 0.0000027506
0.2547531266 0.0584746903 0.0000354520 0.0000014191 0.0000168189 0.0000093854 0.0000001786 0.0000166743 0.0000169920 0.0000000032 0.0000466142 0.0000003573
0.1598306532 0.0745726703 0.0000104183 0.0000045885 0.0000065201 0.0000160273 0.0000022004 0.0000433788 0.0000000171 0.0000015704 0.0000123008 0.0000034552
0.1062409780 0.2392032827 0.0000383139 0.0000002999 0.0000110736 0.0000005090 0.0000009243 0.0000044546 0.0000607780 0.0000114335 0.0000002870 0.0000545811
0.0748005649 0.1596677001 0.0000448359 0.0000834296 0.0000890521 0.0000127587 0.0000124278 0.0000379434 0.0002140664 0.0000504443 0.0001541532 0.0001316976
0.1172211810 0.2298038669 0.0000768872 0.0000101726 0.0000119191 0.0000006847 0.0000066889 0.0000091403 0.0001019023 0.0000126128 0.0000004611 0.0000300389
0.0824761691 0.1227549609 0.0000219556 0.0001232628 0.0000307911 0.0000734403 0.0000898328 0.0000254536 0.0000269844 0.0000130839 0.0000730556 0.0000062893
0.1146552076 0.0704205070 0.0000118824 0.0000013970 0.0000860101 0.0000245007 0.0000764261 0.0000000466 0.0000369401 0.0000073289 0.0000066588 0.0000103863
0.1295015170 0.0476636081 0.0000402325 0.0001390637 0.0000203814 0.0000273463 0.0000967114 0.0000127747 0.0000725131 0.0000108645 0.0000326753 0.0000198477
0.0368326803 0.0318212714 0.0000043008 0.0000157970 0.0000017294 0.0000236607 0.0000095027 0.0000060460 0.0000003290 0.0000018311 0.0001323163 0.0000136385
0.2529582912 0.1510109895 0.0000244877 0.0000091542 0.0000428615 0.0000137891 0.0000575829 0.0000002797 0.0000018516 0.0000204434 0.0000259357 0.0000169645
0.1001383066 0.0071306433 0.0000014118 0.0000000019 0.0000184130 0.0000541597 0.0000017808 0.0000494194 0.0000218013 0.0000007052 0.0001055819 0.0000242062
0.2251182083 0.1181871368 0.0000354167 0.0000056250 0.0000053656 0.0000117051 0.0000941344 0.0000061729 0.0000006488 0.0000000353 0.0000085083 0.0000495245
0.2513474910 0.1152249617 0.0000277115 0.0000198725 0.0000034635 0.0000104909 0.0000390412 0.0000127142 0.0000153633 0.0000324659 0.0000105241 0.0000096689
0.0563767488 0.2495241580 0.0000069618 0.0000179010 0.0000162308 0.0000170699 0.0000152557 0.0000016094 0.0000347441 0.0000159045 0.0000301733 0.0000106449
0.0637763652 0.2501348282 0.0000074487 0.0000178968 0.0000065653 0.0000145140 0.0000034645 0.0000071096 0.0000307580 0.0000138979 0.0000058856 0.0000115357
0.1443817393 0.0838513022 0.0000827031 0.0000970976 0.0002640611 0.0000419104 0.0001778597 0.0001889552 0.0000590535 0.0000733353 0.0002054972 0.0000729987
0.2545137012 0.0338267778 0.0000255992 0.0000149782 0.0000012064 0.0000356588 0.0000022994 0.0000000642 0.0000081982 0.0000003041 0.0000031225 0.0000262208
0.0535752995 0.1157326573 0.0000585052 0.0000422034 0.0000492365 0.0000058905 0.0000067705 0.0001886592 0.0000114016 0.0000109627 0.0000023476 0.0000006094
0.2498236761 0.0204778229 0.0000324659 0.0000036188 0.0000049335 0.0000051049 0.0000346498 0.0000114890 0.0000000920 0.0000170787 0.0000246941 0.0000280584
0.2531220103 0.1265680371 0.0000412823 0.0000058670 0.0000052189 0.0000000771 0.0000264064 0.0000462793 0.0000290241 0.0000103098 0.0000001757 0.0000056156
0.2505882318 0.0798328022 0.0000120239 0.0000029193 0.0000083278 0.0000076679 0.0000011805 0.0000005041 0.0000012634 0.0000199497 0.0000062414 0.0000038068
0.0860877839 0.0941834093 0.0000165994 0.0000557560 0.0000897393 0.0000620468 0.0000276885 0.0000257903 0.0000542435 0.0000100671 0.0001452101 0.0000173275
0.2431436473 0.0876555686 0.0000731965 0.0000824715 0.0000062188 0.0000065862 0.0000104042 0.0000002855 0.0000543830 0.0000238980 0.0000041967 0.0000010090
0.2376153959 0.1068614176 0.0000045026 0.0000538387 0.0000439649 0.0000128473 0.0000231220 0.0000247026 0.0000017024 0.0000000097 0.0000177163 0.0000391153
0.1020306278 0.2504868373 0.0000003136 0.0000031461 0.0000000772 0.0000007350 0.0000044773 0.0000169637 0.0000000002 0.0000540293 0.0000092926 0.0000065711
0.2552625620 0.0756742182 0.0000398105 0.0000143869 0.0000043789 0.0000066532 0.0000000503 0.0000003463 0.0000003474 0.0000265730 0.0000444259 0.0000007895
0.0717984645 0.0859180085 0.0000710477 0.0000509005 0.0002530655 0.0000517030 0.0000649544 0.0000100604 0.0000505096 0.0000026449 0.0001678439 0.0000006589
0.0302679190 0.0129461910 0.0001490792 0.0000380421 0.0000099078 0.0001812891 0.0000029293 0.0000011421 0.0000135116 0.0001816644 0.0000125984 0.0000142935
0.2523417572 0.0675606088 0.0000160734 0.0000151384 0.0000010600 0.0000139451 0.0000386373 0.0000036870 0.0000149652 0.0000343154 0.0000078924 0.0000057209
0.0006910706 0.0012511203 0.0000145390 0.0000603105 0.0000405397 0.0000146159 0.0000428270 0.0000024790 0.0000029890 0.0000754058 0.0000056057 0.0000000249
0.0247718538 0.1233820678 0.0000177600 0.0000192384 0.0000012903 0.0000112061 0.0000050492 0.0000020039 0.0000290223 0.0000274326 0.0001595195 0.0000461886
0.0847891402 0.0344551137 0.0000105542 0.0000315290 0.0000007839 0.0000079453 0.0000164677 0.0000208919 0.0000246836 0.0000497273 0.0000019736 0.0000203351
0.0900200731 0.2495242163 0.0000000141 0.0000101133 0.0000188564 0.0000170213 0.0000052908 0.0000007568 0.0000000006 0.0000015564 0.0000303802 0.0000013855
0.2544122145 0.0468334506 0.0000123706 0.0000482180 0.0000365292 0.0000000452 0.0000119908 0.0000011792 0.0000071773 0.0000054883 0.0000137315 0.0000000424
0.0670430055 0.2520030519 0.0000141786 0.0000013844 0.0000426922 0.0000649153 0.0000069780 0.0000082956 0.0000132427 0.0000090387 0.0000326421 0.0000179194
0.0481594347 0.0107608445 0.0000198912 0.0000349604 0.0000032891 0.0000033452 0.0001119411 0.0000035606 0.0000013236 0.0000047706 0.0000506125 0.0000096558
0.1000267622 0.2520962242 0.0000003716 0.0000175071 0.0000001726 0.0000012563 0.0000013282 0.0000152217 0.0000000005 0.0000311240 0.0000148706 0.0000074125
0.0004125592 0.0146560886 0.0000381091 0.0000105434 0.0001010648 0.0000276772 0.0000151384 0.0000586206 0.0000345636 0.0000005588 0.0000690844 0.0000596666
0.0615473741 0.0423593750 0.0000139000 0.0000018772 0.0000234467 0.0000023784 0.0000003359 0.0000128408 0.0000193626 0.0000000341 0.0000000164 0.0000065721
0.0432694667 0.0615443843 0.0000379050 0.0000192223 0.0000010937 0.0000277650 0.0000019918 0.0000716278 0.0000066547 0.0000003781 0.0000177929 0.0000009053
0.0420310262 0.2500797732 0.0000014203 0.0000003313 0.0000107166 0.0000028185 0.0000100290 0.0000176827 0.0000051272 0.0000507859 0.0000003046 0.0000513161
0.1726031625 0.2495553105 0.0000464079 0.0000022919 0.0000082836 0.0000513847 0.0000201336 0.0000000880 0.0000538089 0.0000026846 0.0000097162 0.0000096094
0.1783985727 0.1526259339 0.0000564802 0.0000126157 0.0000114194 0.0000200129 0.0000122715 0.0000225377 0.0000115969 0.0000002552 0.0000171215 0.0000327258
0.0822451229 0.1929758600 0.0000636458 0.0000488238 0.0001129947 0.0000461963 0.0000073592 0.0000215461 0.0000867201 0.0000004683 0.0000370004 0.0000392217
0.2148293559 0.0572550967 0.0000000051 0.0000260075 0.0000835728 0.0000137714 0.0000299666 0.0000016193 0.0000694127 0.0000187715 0.0000079530 0.0000333264
0.1987086898 0.1006189287 0.0000817097 0.0000659062 0.0000229995 0.0000291110 0.0000007932 0.0000341001 0.0001540545 0.0000063363 0.0000205632 0.0001408006
0.2508342054 0.0801497067 0.0000156477 0.0000164062 0.0000107988 0.0000050793 0.0000106999 0.0000214882 0.0000233201 0.0000107674 0.0000007294 0.0000340895
0.0375518909 0.1680569507 0.0000767938 0.0000020994 0.0000427363 0.0000257625 0.0000000005 0.0000008830 0.0001497530 0.0000000957 0.0000009209 0.0000132903
0.2545229740 0.1853596476 0.0000187228 0.0000019158 0.0000443640 0.0000017549 0.0000076239 0.0000023243 0.0000138807 0.0000171152 0.0000265530 0.0000150968
0.0682449748 0.0089639157 0.0000237658 0.0000318376 0.0000667413 0.0000292560 0.0001127532 0.0001225751 0.0000148622 0.0000191947 0.0000069867 0.0001002450
0.1966352328 0.0808626939 0.0000000007 0.0000347600 0.0000280232 0.0000675002 0.0000720101 0.0000042131 0.0000220585 0.0000115232 0.0001287832 0.0000219873
0.0535551108 0.2534758329 0.0000000090 0.0000002163 0.0000126480 0.0000009462 0.0000065609 0.0000000032 0.0000298150 0.0000280437 0.0000228460 0.0000499008
0.1644228889 0.2573173713 0.0000132596 0.0000017556 0.0000128269 0.0000633800 0.0000133210 0.0000000022 0.0000118266 0.0000001538 0.0000064670 0.0000030452
0.0934849558 0.1479522857 0.0000213068 0.0000499035 0.0000056259 0.0000197232 0.0000001012 0.0000772114 0.0000407400 0.0000017092 0.0000030053 0.0000091563
0.0227461410 0.0158954463 0.0000240136 0.0000091579 0.0000032154 0.0000047090 0.0001256556 0.0000125833 0.0000004098 0.0000205065 0.0000015449 0.0000152254
0.1118318110 0.2508445769 0.0000339095 0.0000005629 0.0000187601 0.0000121669 0.0000061414 0.0000155941 0.0000007256 0.0000030096 0.0000013331 0.0000071530
0.1276949222 0.0638446664 0.0000913314 0.0000314727 0.0000296342 0.0000002884 0.0000004252 0.0002473626 0.0000207094 0.0000073884 0.0001120791 0.0001086968
0.1976160977 0.1593712386 0.0000426188 0.0000302207 0.0000612921 0.0000176660 0.0000084382 0.0000064945 0.0000670318 0.0000000390 0.0000192030 0.0000227051
0.1294216092 0.2536949425 0.0000279229 0.0000000728 0.0000000410 0.0000013259 0.0000124075 0.0000002376 0.0000483368 0.0000059773 0.0000040421 0.0000009538
0.0832421709 0.0523152276 0.0000355109 0.0000721292 0.0000372919 0.0000088641 0.0000914501 0.0000109380 0.0000078681 0.0000099822 0.0000144315 0.0000099904
0.1705480510 0.0924384129 0.0000485648 0.0000220216 0.0000950015 0.0000298738 0.0000824889 0.0001203899 0.0000687008 0.0000298857 0.0000858569 0.0000251710
0.0572095394 0.1704638417 0.0000020469 0.0000323447 0.0000153067 0.0000530317 0.0000332743 0.0000052488 0.0000197439 0.0000118463 0.0000683123 0.0000013631
0.0267974971 0.2491551279 0.0000001126 0.0000154078 0.0000064345 0.0000002935 0.0000028019 0.0000346937 0.0000011488 0.0000809022 0.0000000672 0.0000025503
0.1172628292 0.1522171010 0.0000645049 0.0000041091 0.0000008334 0.0001544126 0.0000823796 0.0000993806 0.0000226414 0.0000772977 0.0000613809 0.0000024619
0.1191061810 0.1338479203 0.0000080106 0.0000150533 0.0000003597 0.0000020642 0.0000521619 0.0000316663 0.0000272090 0.0000048281 0.0000989203 0.0000137849
0.2548795561 0.0922835100 0.0000000006 0.0000408711 0.0000190017 0.0000007539 0.0000126951 0.0000059550 0.0000219075 0.0000171397 0.0000000144 0.0000232144
0.1992081553 0.0320781461 0.0000170768 0.0000148474 0.0000045434 0.0000008411 0.0000024178 0.0000000394 0.0000114794 0.0000245753 0.0000793223 0.0000059170
0.2561880439 0.1311984005 0.0000287004 0.0000152266 0.0000391683 0.0000054034 0.0000032388 0.0000083240 0.0000181624 0.0000260071 0.0000023988 0.0000182140
0.0751159923 0.2503732209 0.0000033928 0.0000003244 0.0000000136 0.0000245037 0.0000001031 0.0000166667 0.0000381849 0.0000342930 0.0000047018 0.0000385745
0.0488128187 0.1284507614 0.0000022433 0.0000172634 0.0000246442 0.0000033111 0.0001421414 0.0000009360 0.0000073037 0.0000680274 0.0001211702 0.0000919930
0.2533055841 0.1609437717 0.0000001711 0.0000054429 0.0000487438 0.0000145018 0.0000274137 0.0000004315 0.0000054448 0.0000283067 0.0000315007 0.0000148271
0.0983089059 0.2506375225 0.0000004591 0.0000075582 0.0000122206 0.0000293739 0.0000001163 0.0000044042 0.0000000009 0.0000098444 0.0000009739 0.0000067221
0.0226871254 0.2284288225 0.0000073308 0.0000142986 0.0000123466 0.0001002685 0.0000415697 0.0000000905 0.0000465585 0.0000190070 0.0001122679 0.0000601831
0.1896918176 0.0733506931 0.0000161573 0.0000005647 0.0000212704 0.0000157148 0.0001398417 0.0000063043 0.0000006064 0.0000111918 0.0000269991 0.0000180594
0.1349327762 0.1883683500 0.0000163545 0.0000025511 0.0000081678 0.0000063828 0.0000000273 0.0000125249 0.0000566232 0.0000090110 0.0000006181 0.0000677444
0.0751159923 0.2503732209 0.0000033928 0.0000003244 0.0000000136 0.0000245037 0.0000001031 0.0000166667 0.0000381849 0.0000342930 0.0000047018 0.0000385745
0.1701482629 0.1275012454 0.0000531168 0.0000006809 0.0000030585 0.0000015307 0.0000125338 0.0003272932 0.0000160284 0.0000005963 0.0000156528 0.0000000972
0.0104951393 0.0379881825 0.0000421392 0.0000022050 0.0001842997 0.0000088816 0.0000223036 0.0000043050 0.0000354034 0.0000069222 0.0000719824 0.0000768662
0.1282995162 0.1686087102 0.0000202480 0.0000210597 0.0000048535 0.0000397473 0.0000009251 0.0000654295 0.0000378876 0.0000000031 0.0000067595 0.0000002101
0.0494575948 0.1597021530 0.0000613021 0.0000510750 0.0001294259 0.0000060195 0.0000243919 0.0004058826 0.0000357306 0.0000363050 0.0001196623 0.0000078837
0.0007726207 0.0008347076 0.0000331441 0.0000000328 0.0000002381 0.0000049303 0.0000242724 0.0000413189 0.0000214731 0.0000261178 0.0000023339 0.0000433736
0.0531191916 0.0820387768 0.0000053529 0.0000716143 0.0000809747 0.0000109957 0.0000095194 0.0000006106 0.0000567108 0.0000548521 0.0000785419 0.0000140530
0.0133639352 0.1140602863 0.0000262891 0.0000037638 0.0000486458 0.0000488136 0.0000001027 0.0000065027 0.0001265313 0.0000001654 0.0000017786 0.0000047413
0.0631502334 0.0694223645 0.0000028088 0.0000543311 0.0000000163 0.0000033253 0.0000815589 0.0000286498 0.0000356549 0.0000923079 0.0000255818 0.0000225368
0.1416313545 0.2089579956 0.0000037159 0.0000431296 0.0000001277 0.0000087549 0.0000199110 0.0000178016 0.0000245684 0.0000136776 0.0000399733 0.0000145930
0.0340946039 0.0351720138 0.0000633237 0.0001032142 0.0000001067 0.0000213309 0.0000025295 0.0000975341 0.0000029888 0.0000161653 0.0000000294 0.0000040190
0.1927447499 0.0177195349 0.0000008106 0.0000224757 0.0000175882 0.0000096405 0.0000023455 0.0000505666 0.0000313690 0.0000067540 0.0000550081 0.0000394526
0.0301625080 0.0448684510 0.0000018807 0.0000282231 0.0000107634 0.0000180525 0.0000367747 0.0001124478 0.0000422828 0.0000862606 0.0000082333 0.0000294778
0.1661469546 0.1428024381 0.0000533658 0.0000017835 0.0000050869 0.0000001189 0.0000073295 0.0003297806 0.0000160293 0.0000007435 0.0000158261 0.0000002465
0.0004041466 0.0006883286 0.0000103709 0.0000178891 0.0000001067 0.0000035784 0.0000000086 0.0000297047 0.0000001811 0.0000000346 0.0000000020 0.0000121028
0.2552249059 0.0875182240 0.0000002360 0.0000000035 0.0000008973 0.0000051093 0.0000596340 0.0000000889 0.0000160172 0.0000325816 0.0000154209 0.0000071378
0.0879024813 0.2413047210 0.0000226508 0.0000383021 0.0000000222 0.0000125603 0.0000435011 0.0002279137 0.0000014202 0.0000314482 0.0000101756 0.0000917789
0.0952634310 0.0656410881 0.0000384564 0.0001343236 0.0000069677 0.0000281729 0.0000864225 0.0000112833 0.0000458689 0.0000047875 0.0000671757 0.0000216610
0.2494225463 0.0644007885 0.0000078527 0.0000238160 0.0000159524 0.0000006187 0.0000001922 0.0000001107 0.0000002177 0.0000038499 0.0000048815 0.0000000009
0.0704548377 0.1145534832 0.0000620665 0.0000843145 0.0000735576 0.0000844313 0.0000007054 0.0000115839 0.0001402848 0.0000373948 0.0000432007 0.0001516435
0.0232051841 0.0599923907 0.0000115062 0.0000000211 0.0000614517 0.0000228738 0.0000090066 0.0000015297 0.0000001433 0.0000109021 0.0000000032 0.0000318270
0.0631267690 0.2191952005 0.0000488835 0.0000377917 0.0000252477 0.0000828670 0.0001331993 0.0000000144 0.0000074267 0.0000000920 0.0000152481 0.0000000017
0.0795581693 0.2500171574 0.0000009867 0.0000185238 0.0000032721 0.0000164794 0.0000003423 0.0000046388 0.0000008325 0.0000096700 0.0000242205 0.0000102444
0.0000000117 0.0006660520 0.0000111217 0.0000031647 0.0000000001 0.0000020068 0.0000035535 0.0000085029 0.0001028939 0.0000066429 0.0000000027 0.0000033725
0.0655158663 0.1512642062 0.0000085331 0.0000132099 0.0000414835 0.0000176447 0.0000912021 0.0000259448 0.0000102838 0.0000516382 0.0000706913 0.0000793177
0.0731299454 0.0370891934 0.0000897979 0.0000131092 0.0000639006 0.0000247634 0.0000261387 0.0000502016 0.0001514512 0.0001645463 0.0000001395 0.0001100749
0.1392649221 0.2518291735 0.0000000631 0.0000018520 0.0000126869 0.0000090529 0.0000034662 0.0000040578 0.0000000015 0.0000022381 0.0000251586 0.0000004112
0.2396813313 0.0799863796 0.0000375892 0.0000190538 0.0000486768 0.0000047208 0.0000534607 0.0000234384 0.0000057480 0.0000253998 0.0000571737 0.0000096647
0.2382341432 0.0224183567 0.0000000864 0.0000248558 0.0000157612 0.0000194925 0.0000139481 0.0000295007 0.0000691573 0.0000135228 0.0000543626 0.0000632789
0.2537430668 0.1186668737 0.0000112337 0.0000198735 0.0000095703 0.0000150345 0.0000014852 0.0000053744 0.0000238512 0.0000318156 0.0000004633 0.0000340446
0.2517511344 0.0913942128 0.0000107196 0.0000198367 0.0000026028 0.0000210122 0.0000152255 0.0000077783 0.0000050150 0.0000223532 0.0000067888 0.0000140021
0.2525553795 0.0423860153 0.0000305163 0.0000040486 0.0000069595 0.0000033784 0.0000036453 0.0000000666 0.0000015933 0.0000202000 0.0000264159 0.0000063945
0.1000133663 0.1982575481 0.0000709361 0.0000833963 0.0000144107 0.0000000755 0.0000011757 0.0000587755 0.0001451164 0.0000005430 0.0000384925 0.0000147524
0.2508682427 0.0153542313 0.0000298435 0.0000098489 0.0000138713 0.0000010522 0.0000488160 0.0000000648 0.0000009254 0.0000155539 0.0000352658 0.0000025256
0.0402207548 0.0119964446 0.0000187414 0.0000108414 0.0000000294 0.0000067964 0.0000279718 0.0000311264 0.0000184888 0.0000088407 0.0000056586 0.0000018828
0.2515967418 0.1402699274 0.0000350753 0.0000049324 0.0000186360 0.0000006517 0.0000417453 0.0000248807 0.0000184741 0.0000112607 0.0000527972 0.0000023975
0.0004041466 0.0006883286 0.0000103709 0.0000178891 0.0000001067 0.0000035784 0.0000000086 0.0000297047 0.0000001811 0.0000000346 0.0000000020 0.0000121028
0.0383428123 0.0746069235 0.0000503902 0.0000011972 0.0000531071 0.0000149599 0.0002708162 0.0002010829 0.0000063505 0.0000705567 0.0000026211 0.0000085652
0.0339413252 0.2485041983 0.0000058461 0.0000101936 0.0000154696 0.0000078944 0.0000230770 0.0000004589 0.0000270328 0.0000221191 0.0000220149 0.0000196902
0.1866219858 0.1373164933 0.0000089782 0.0000042105 0.0000179893 0.0000043806 0.0002103564 0.0000094905 0.0000000066 0.0001448219 0.0001297547 0.0000132700
0.2526199685 0.1045855390 0.0000210788 0.0000174287 0.0000068783 0.0000046026 0.0000240117 0.0000083164 0.0000013948 0.0000018321 0.0000000048 0.0000720876
0.0791471375 0.2500526455 0.0000000054 0.0000045064 0.0000269979 0.0000026737 0.0000045416 0.0000082352 0.0000000020 0.0000113572 0.0000187827 0.0000046154
0.1715232654 0.0268775036 0.0000038154 0.0000047498 0.0000004031 0.0000719118 0.0000615295 0.0000176355 0.0000263840 0.0000694573 0.0000137715 0.0000632990
0.2517376422 0.0349791312 0.0000257988 0.0000015619 0.0000339181 0.0000438080 0.0000146149 0.0000020925 0.0000296422 0.0000065934 0.0000000161 0.0000201819
0.2229500478 0.0646872865 0.0000054472 0.0000326835 0.0000867249 0.0000775498 0.0002068898 0.0000069506 0.0000769931 0.0000444396 0.0000053738 0.0000077455
0.0096268237 0.2270112774 0.0000038225 0.0000054701 0.0000007309 0.0000199368 0.0000005098 0.0000141833 0.0000153237 0.0000246229 0.0000055315 0.0000554680
0.0447468861 0.2482008763 0.0000001299 0.0000000450 0.0000147891 0.0000009634 0.0000121405 0.0000031120 0.0000304028 0.0000318440 0.0000000157 0.0000534143
0.0355199796 0.2521265878 0.0000027135 0.0000000235 0.0000103437 0.0000001372 0.0000019844 0.0000051592 0.0000311331 0.0000166377 0.0000217891 0.0000176891
0.2114411719 0.1677779383 0.0000776806 0.0000100486 0.0000026627 0.0000088823 0.0000480634 0.0000142192 0.0000001593 0.0000070757 0.0000022999 0.0000127457
0.1149925546 0.2522202345 0.0000184784 0.0000029130 0.0000185601 0.0000638823 0.0000008342 0.0000050079 0.0000201680 0.0000018500 0.0000043696 0.0000037543
0.1659468321 0.0364108454 0.0000725026 0.0000316881 0.0000521419 0.0000058746 0.0000000483 0.0000738032 0.0000455322 0.0000228635 0.0001128845 0.0000008844
0.0013414245 0.0005685379 0.0000317854 0.0000204481 0.0000000001 0.0000000103 0.0000005795 0.0000044508 0.0000225634 0.0000366841 0.0000002253 0.0000045364
0.1538332152 0.0661634886 0.0000027422 0.0000432204 0.0000540799 0.0001905281 0.0000349123 0.0000009645 0.0000014396 0.0000041095 0.0000080367 0.0000165040
0.0178804718 0.0961778477 0.0000007690 0.0000273580 0.0000152103 0.0000875192 0.0000006866 0.0000020684 0.0000363023 0.0000026976 0.0000322435 0.0000977317
0.0186477473 0.0154091066 0.0000736008 0.0001204151 0.0000000176 0.0000071363 0.0000042051 0.0001232801 0.0000022476 0.0000839035 0.0000002726 0.0000161991
0.0154731887 0.2522924327 0.0000136875 0.0000067019 0.0000120099 0.0000006850 0.0000131869 0.0000169918 0.0000008463 0.0000141710 0.0000189948 0.0000054925
0.0083293353 0.2530903162 0.0000000556 0.0000166725 0.0000003506 0.0000001551 0.0000017840 0.0000096430 0.0000007099 0.0001132547 0.0000000551 0.0000021126
0.0399652389 0.1119175344 0.0000032193 0.0000267463 0.0000405639 0.0000000750 0.0001506119 0.0000191983 0.0000041611 0.0000008660 0.0001137574 0.0000503043
0.1174709091 0.2526534661 0.0000027627 0.0000255264 0.0000038418 0.0000038306 0.0000011809 0.0000045561 0.0000067231 0.0000060715 0.0000064908 0.0000091133
0.0489838118 0.0906504750 0.0000500625 0.0001062695 0.0000188108 0.0000250410 0.0000651041 0.0000511001 0.0000732103 0.0000197236 0.0000171154 0.0000067603
0.1239417175 0.2487100820 0.0000000668 0.0000025375 0.0000212621 0.0000150296 0.0000054483 0.0000043750 0.0000000020 0.0000031822 0.0000168341 0.0000016271
0.1316255505 0.1499810349 0.0000797109 0.0000204129 0.0000000366 0.0000025426 0.0000263661 0.0001435302 0.0000294698 0.0000022951 0.0000429056 0.0000321484
0.1880259122 0.0440860112 0.0000185259 0.0000583865 0.0000150651 0.0000033007 0.0000172709 0.0000004462 0.0000043025 0.0000104024 0.0003099055 0.0000000005
0.0266548045 0.1714637754 0.0000163162 0.0000001246 0.0000286724 0.0000186082 0.0000074675 0.0000475762 0.0001339983 0.0000202341 0.0000071149 0.0000539935
0.0144585573 0.0274671755 0.0000007173 0.0000079371 0.0000036340 0.0001316161 0.0000592863 0.0000766255 0.0000088330 0.0000022755 0.0000735307 0.0000597687
0.0175506280 0.1943321674 0.0000112455 0.0000158469 0.0000002123 0.0000225892 0.0000095424 0.0000006485 0.0000032767 0.0000143237 0.0000184750 0.0000010000
0.2518382277 0.0569045421 0.0000305150 0.0000058665 0.0000042520 0.0000171573 0.0000020707 0.0000025199 0.0000003764 0.0000186550 0.0000253684 0.0000005818
0.1512355471 0.1304166692 0.0000214611 0.0000691228 0.0000241337 0.0000000368 0.0000593175 0.0000173678 0.0000093086 0.0000071696 0.0000556115 0.0000178579
0.0079872212 0.0953163484 0.0000156962 0.0000005856 0.0000066202 0.0001380754 0.0000360317 0.0000002240 0.0001179730 0.0000445265 0.0001646414 0.0001091959
0.1519592077 0.2498088425 0.0000438386 0.0000000047 0.0000253899 0.0000104283 0.0000052121 0.0000269922 0.0000107047 0.0000032463 0.0000001437 0.0000065444
0.1751985073 0.2515860501 0.0000145396 0.0000008509 0.0000043824 0.0000466713 0.0000033607 0.0000007922 0.0000238171 0.0000039491 0.0000386970 0.0000374770
0.1158501974 0.0400769413 0.0000579508 0.0001457665 0.0000540697 0.0000212584 0.0000043873 0.0000060694 0.0000959672 0.0000763369 0.0000253396 0.0000232571
0.0020944782 0.0003124647 0.0000134975 0.0000000800 0.0000008773 0.0000033675 0.0000986751 0.0000100793 0.0000005091 0.0000031829 0.0000011487 0.0000038323
0.0676944197 0.2494604863 0.0000002300 0.0000004922 0.0000130178 0.0000010749 0.0000127617 0.0000048302 0.0000208412 0.0000281863 0.0000003792 0.0000395677
0.2524155205 0.1248142231 0.0000493580 0.0000115911 0.0000027310 0.0000156062 0.0000778742 0.0000326831 0.0000385217 0.0000104174 0.0000313638 0.0000132762
0.2485730224 0.1727482017 0.0000686583 0.0000152528 0.0000280236 0.0000013727 0.0000485404 0.0000002440 0.0000795147 0.0000180314 0.0000185081 0.0000002496
0.0213489849 0.0668079187 0.0000206182 0.0000016170 0.0000457528 0.0000102389 0.0000347165 0.0000072223 0.0000513540 0.0000266757 0.0000094647 0.0000410060
0.2514869475 0.0380482051 0.0000059238 0.0000018953 0.0000219165 0.0000024648 0.0000220894 0.0000056724 0.0000009391 0.0000007096 0.0000288647 0.0000001522
0.0466221288 0.0260393908 0.0000013795 0.0000184299 0.0000000000 0.0001332107 0.0000306694 0.0000216556 0.0000485211 0.0000003484 0.0000099411 0.0000599915
0.2547613373 0.0263955337 0.0000086870 0.0000014740 0.0000618497 0.0000085736 0.0000635158 0.0000011997 0.0000021483 0.0000320661 0.0000495523 0.0000109208
0.2266490931 0.0099829742 0.0000136983 0.0000232231 0.0000248661 0.0000088127 0.0000327777 0.0000723321 0.0000516411 0.0000432073 0.0000547682 0.0000377746
0.2387873008 0.1498487060 0.0000512124 0.0000002493 0.0000132766 0.0000107947 0.0000406905 0.0000232436 0.0000042467 0.0000019087 0.0000080543 0.0000297872
0.0867557060 0.2534384845 0.0000014651 0.0000045412 0.0000129608 0.0000482894 0.0000014204 0.0000076937 0.0000000778 0.0000016030 0.0000197206 0.0000110845
0.2530675443 0.0539929635 0.0000137695 0.0000168305 0.0000007938 0.0000417765 0.0000003833 0.0000000594 0.0000126462 0.0000207441 0.0000370904 0.0000004273
0.1225059669 0.0164967888 0.0000080088 0.0000149707 0.0002298298 0.0000007211 0.0000904374 0.0000297550 0.0000173649 0.0000132320 0.0001006232 0.0000214165
0.2503110802 0.1877557303 0.0000099659 0.0000000277 0.0000223684 0.0000008624 0.0000023429 0.0000086552 0.0000004013 0.0000016320 0.0000245207 0.0000606081
0.2488881655 0.0042413825 0.0000126350 0.0000142965 0.0000068128 0.0000216979 0.0000265546 0.0000179292 0.0000097752 0.0000188561 0.0000008054 0.0000338734
0.1894445552 0.2510327617 0.0000096013 0.0000019493 0.0000047458 0.0000307048 0.0000030241 0.0000027821 0.0000005531 0.0000005655 0.0000499053 0.0000387200
0.2516715471 0.1540385862 0.0000572132 0.0000002566 0.0000194432 0.0000019805 0.0000127410 0.0000237032 0.0000105625 0.0000123381 0.0000390281 0.0000037103
0.1560141568 0.2015861989 0.0000010996 0.0000004160 0.0000185779 0.0000347042 0.0000263579 0.0000007112 0.0000111607 0.0000000000 0.0000369423 0.0000002941
0.1284820492 0.0353333753 0.0000015168 0.0000098202 0.0008439572 0.0000207561 0.0001085980 0.0000111321 0.0000645039 0.0000306869 0.0000049705 0.0000903367
0.2531304537 0.1727003406 0.0000111901 0.0000013965 0.0000451069 0.0000082949 0.0000053903 0.0000006909 0.0000107050 0.0000192970 0.0000433365 0.0000093403
0.1615477716 0.2253280725 0.0000058094 0.0000141169 0.0000168929 0.0000116180 0.0001019857 0.0000000593 0.0000000000 0.0000945001 0.0000173830 0.0000015639
0.1459896162 0.2514955032 0.0000277553 0.0000056505 0.0000069876 0.0000158263 0.0000027472 0.0000020392 0.0000218320 0.0000082551 0.0000007835 0.0000147459
0.1495090404 0.1825387404 0.0000078035 0.0000129482 0.0000088573 0.0000158342 0.0000256251 0.0001416224 0.0000122431 0.0000080754 0.0000001043 0.0000748679
0.0466721425 0.2502212719 0.0000002078 0.0000004841 0.0000180178 0.0000005236 0.0000160416 0.0000029347 0.0000357482 0.0000193802 0.0000003450 0.0000560359
0.0000703402 0.0085903885 0.0000158031 0.0000036900 0.0000000005 0.0000607128 0.0001082458 0.0000324892 0.0000164914 0.0000498979 0.0000010516 0.0000669881
0.0012328249 0.0042335330 0.0000164875 0.0000416129 0.0000057258 0.0000114835 0.0000179535 0.0000179881 0.0000000861 0.0000800622 0.0000020960 0.0000017382
0.1093921143 0.0288140551 0.0000072750 0.0000301360 0.0000000107 0.0000394447 0.0000684039 0.0000066157 0.0000059881 0.0000413127 0.0001183510 0.0000100245
0.1244178052 0.0257197417 0.0000278119 0.0000258127 0.0000158272 0.0000086257 0.0002104484 0.0000582108 0.0000003508 0.0000027179 0.0000074290 0.0000000016
0.2548418475 0.1418093857 0.0000049401 0.0000004220 0.0000192199 0.0000113916 0.0000006902 0.0000005937 0.0000131596 0.0000123643 0.0000288142 0.0000167624
0.0001412159 0.0030138810 0.0000005910 0.0000070456 0.0000058601 0.0000401353 0.0000135127 0.0000038314 0.0000208254 0.0000124017 0.0000000035 0.0000125170
0.0016979720 0.0001705928 0.0000109697 0.0000091441 0.0000000011 0.0000492502 0.0000598851 0.0000282242 0.0000058669 0.0000347683 0.0000000176 0.0000053495
0.0294072189 0.0515711443 0.0000728709 0.0001395781 0.0000000370 0.0000288581 0.0000150217 0.0000157963 0.0000230137 0.0000861671 0.0000004234 0.0000006949
0.2480626848 0.1109176991 0.0000608339 0.0000009127 0.0000526721 0.0000014284 0.0000043832 0.0000014082 0.0000105635 0.0000124071 0.0000144558 0.0000003454
0.0575903890 0.2535383689 0.0000000850 0.0000001999 0.0000195156 0.0000009706 0.0000126326 0.0000002869 0.0000305517 0.0000265553 0.0000002637 0.0000134621
0.2488961970 0.0096298358 0.0000180912 0.0000022623 0.0000201203 0.0000260532 0.0000132800 0.0000124910 0.0000124168 0.0000000407 0.0000001775 0.0000311212
0.0197587988 0.2525116271 0.0000140236 0.0000108036 0.0000100272 0.0000015334 0.0000013650 0.0000174506 0.0000106751 0.0000007986 0.0000207662 0.0000054759
0.2531705333 0.1359733804 0.0000082857 0.0000005552 0.0000075831 0.0000087407 0.0000211142 0.0000076105 0.0000093978 0.0000129412 0.0000006130 0.0000253157
0.0073219345 0.0653358144 0.0000007571 0.0000194482 0.0000436179 0.0000167425 0.0001009878 0.0000020353 0.0000149783 0.0000198295 0.0000166673 0.0000279335
0.1529980097 0.2542818967 0.0000000127 0.0000001593 0.0000423285 0.0000550748 0.0000128551 0.0000048958 0.0000014507 0.0000012814 0.0000004291 0.0000116836
0.0265405888 0.0017294469 0.0000643380 0.0000763537 0.0000223424 0.0000642650 0.0000007373 0.0000585315 0.0000849544 0.0000853259 0.0000082507 0.0000307925
0.0107457302 0.0432585426 0.0000007137 0.0000137542 0.0000584555 0.0000041498 0.0001555604 0.0000007644 0.0000029394 0.0000006024 0.0000715531 0.0000143839
0.2491308029 0.2076719678 0.0000286721 0.0000000028 0.0000277825 0.0000057307 0.0000013905 0.0000053644 0.0000001947 0.0000020710 0.0000118149 0.0000603629
0.0037827570 0.0006572288 0.0000324270 0.0000247073 0.0000000041 0.0000001095 0.0000130285 0.0000019247 0.0000271259 0.0000414370 0.0000000048 0.0000001081
0.0000120864 0.0000000000 0.0000000502 0.0000000004 0.0000000020 0.0000000000 0.0000034815 0.0000000026 0.0000000217 0.0000000518 0.0000000799 0.0000001158
0.0034740825 0.2551610039 0.0000043831 0.0000073985 0.0000001833 0.0000000176 0.0000023665 0.0000145683 0.0000003528 0.0001295494 0.0000000406 0.0000120361
0.2122397433 0.0250994049 0.0000206276 0.0001077938 0.0000439175 0.0000389114 0.0000032873 0.0000044856 0.0000078277 0.0000146146 0.0000027831 0.0000173799
0.2520894540 0.0994732162 0.0000248941 0.0000288044 0.0000055047 0.0000131144 0.0000046760 0.0000111778 0.0000102746 0.0000284577 0.0000029668 0.0000162466
0.2403358362 0.1971545206 0.0000309260 0.0000261528 0.0000006060 0.0000206375 0.0000173600 0.0000528993 0.0000441161 0.0000130536 0.0000018396 0.0000070954
0.0109940966 0.2542521172 0.0000298420 0.0000016056 0.0000142925 0.0000157899 0.0000008489 0.0000393019 0.0000178270 0.0000014937 0.0000122890 0.0000026771
0.0043789973 0.0104080749 0.0000135446 0.0000175553 0.0000215763 0.0000005868 0.0001173524 0.0000646214 0.0000035047 0.0000000599 0.0000824159 0.0000061805
0.0297096007 0.2493950305 0.0000034521 0.0000204039 0.0000013910 0.0000001839 0.0000059579 0.0000387267 0.0000000283 0.0000848713 0.0000008646 0.0000036222
0.2550214501 0.1319843390 0.0000053344 0.0000342155 0.0000056152 0.0000004691 0.0000041475 0.0000044716 0.0000226154 0.0000364761 0.0000419838 0.0000106561
0.0265323106 0.2068630823 0.0000111114 0.0000012763 0.0000232595 0.0000337385 0.0000000257 0.0000024798 0.0001238719 0.0000007633 0.0000189015 0.0000103344
0.1766874643 0.2512407717 0.0000135395 0.0000027000 0.0000069795 0.0000498396 0.0000010144 0.0000007065 0.0000001378 0.0000001347 0.0000537021 0.0000402494
0.1726279176 0.1762791154 0.0000942749 0.0000241744 0.0000007503 0.0000018539 0.0000108988 0.0000293890 0.0000008281 0.0000253108 0.0000084654 0.0000361761
0.0634194617 0.2510499032 0.0000010861 0.0000157073 0.0000029150 0.0000115913 0.0000011929 0.0000049446 0.0000017618 0.0000190848 0.0000175694 0.0000153590
0.0676944197 0.2494604863 0.0000002300 0.0000004922 0.0000130178 0.0000010749 0.0000127617 0.0000048302 0.0000208412 0.0000281863 0.0000003792 0.0000395677
0.2550108360 0.1001231687 0.0000000540 0.0000194697 0.0000150992 0.0000062959 0.0000001763 0.0000065178 0.0000053887 0.0000223736 0.0000120867 0.0000166647
0.0311420465 0.2531153947 0.0000119323 0.0000100743 0.0000022006 0.0000018151 0.0000103079 0.0000156072 0.0000133577 0.0000379144 0.0000042671 0.0000255883
0.0757246161 0.2517478030 0.0000056503 0.0000066461 0.0000017446 0.0000262958 0.0000002727 0.0000052265 0.0000250816 0.0000112877 0.0000262165 0.0000214367
0.0381269964 0.0439783469 0.0000109563 0.0000242330 0.0000237149 0.0000015751 0.0000222392 0.0000080724 0.0000371150 0.0000009679 0.0001665836 0.0000011603
0.2131809177 0.2031428329 0.0000312600 0.0000000734 0.0000093682 0.0000261971 0.0000161707 0.0000075082 0.0000413537 0.0000074573 0.0000141269 0.0000050766
0.2526500071 0.1443885653 0.0000453335 0.0000003060 0.0000120749 0.0000121397 0.0000060333 0.0000256456 0.0000102620 0.0000204606 0.0000053945 0.0000105358
0.0860072092 0.0375097020 0.0000296926 0.0000699088 0.0000274104 0.0000002096 0.0000740990 0.0000479982 0.0000615786 0.0000278834 0.0000006606 0.0000896962
0.1908272495 0.0971259860 0.0000011768 0.0001406415 0.0000990652 0.0000331091 0.0000521132 0.0000313607 0.0000068316 0.0000087642 0.0001306880 0.0000000311
0.2502798399 0.0475940241 0.0000039240 0.0000287420 0.0000073851 0.0000080944 0.0000403387 0.0000009811 0.0000160767 0.0000153179 0.0000314495 0.0000185288
0.0199255838 0.0355683391 0.0000132031 0.0000106075 0.0000401209 0.0000659634 0.0000117444 0.0000154115 0.0000039124 0.0000093133 0.0000000134 0.0000141762
0.1405345135 0.2510311833 0.0000411091 0.0000000094 0.0000220716 0.0000136359 0.0000050221 0.0000310628 0.0000091181 0.0000029251 0.0000003878 0.0000048710
0.0476246449 0.2503510243 0.0000012508 0.0000155527 0.0000166010 0.0000110355 0.0000351240 0.0000014790 0.0000042486 0.0000308348 0.0000132224 0.0000107561
0.2509816027 0.1218999122 0.0000126257 0.0000003405 0.0000061240 0.0000006306 0.0000241983 0.0000098182 0.0000022350 0.0000089675 0.0000413366 0.0000000401
0.0395687476 0.1480525121 0.0000363460 0.0000501124 0.0000354710 0.0000536629 0.0000000167 0.0000742477 0.0000690679 0.0000004660 0.0000525424 0.0000066910
0.1593732249 0.2499970738 0.0000024807 0.0000012375 0.0000054708 0.0000538552 0.0000002275 0.0000009813 0.0000004430 0.0000003302 0.0000481839 0.0000388881
0.0829661298 0.2508108272 0.0000010767 0.0000152710 0.0000154641 0.0000236360 0.0000003514 0.0000093832 0.0000000021 0.0000014183 0.0000214770 0.0000043425
0.1880101732 0.0388282219 0.0000204270 0.0000008896 0.0000057864 0.0000146924 0.0001703093 0.0000004961 0.0000000169 0.0000315063 0.0000002695 0.0000009791
0.0407443676 0.2508327006 0.0000099742 0.0000256321 0.0000001689 0.0000626674 0.0000002082 0.0000033283 0.0000105500 0.0000001429 0.0000224747 0.0000029765
0.1599442442 0.2162198753 0.0000993242 0.0000024696 0.0000382253 0.0000035854 0.0000172401 0.0000003492 0.0001633082 0.0000438734 0.0000457132 0.0000086294
0.0046905881 0.2527336295 0.0000056197 0.0000144825 0.0000145503 0.0000257181 0.0000121430 0.0000378326 0.0000016219 0.0000343861 0.0000152098 0.0000062306
0.0666459244 0.2415246538 0.0000105448 0.0000178746 0.0000166497 0.0000076882 0.0000079937 0.0000888281 0.0000939749 0.0000201664 0.0001190912 0.0000203334
0.0944134541 0.2523420712 0.0000000840 0.0000518742 0.0000000642 0.0000053892 0.0000272370 0.0000048900 0.0000075790 0.0000160601 0.0000029978 0.0000273906
0.1169647373 0.2480097350 0.0000000607 0.0000037334 0.0000114955 0.0000183751 0.0000106900 0.0000052865 0.0000000002 0.0000042785 0.0000190588 0.0000027651
0.2510734417 0.1201427533 0.0000164556 0.0000226419 0.0000103673 0.0000145575 0.0000000160 0.0000225684 0.0000139668 0.0000266735 0.0000055572 0.0000039008
0.0390957555 0.1271073563 0.0000001010 0.0000000027 0.0000253067 0.0000000354 0.0000003559 0.0000025262 0.0000005880 0.0000146761 0.0000000019 0.0000096205
0.0704919344 0.2537351895 0.0000002410 0.0000238285 0.0000000363 0.0000137298 0.0000025006 0.0000021947 0.0000041089 0.0000264331 0.0000048125 0.0000008171
0.2552625620 0.0756742182 0.0000398105 0.0000143869 0.0000043789 0.0000066532 0.0000000503 0.0000003463 0.0000003474 0.0000265730 0.0000444259 0.0000007895
0.1606952157 0.1386864298 0.0000245625 0.0000304659 0.0000433779 0.0000065368 0.0001343708 0.0000009020 0.0000314630 0.0000061663 0.0000027632 0.0000308328
0.0322195907 0.1251219259 0.0000233498 0.0000184114 0.0000515496 0.0000350788 0.0000735200 0.0000263892 0.0000001017 0.0000458523 0.0000227445 0.0000672168
0.0624814236 0.1674167923 0.0000048338 0.0000298639 0.0000245512 0.0000099603 0.0000119378 0.0001159984 0.0000842330 0.0000065578 0.0001722105 0.0000182948
0.2532258631 0.0722708677 0.0000000032 0.0000163367 0.0000087508 0.0000078601 0.0000083519 0.0000058323 0.0000226264 0.0000135923 0.0000021110 0.0000313397
0.1359386319 0.0984462426 0.0000000954 0.0000346024 0.0000501102 0.0001420648 0.0001418113 0.0000016488 0.0000126022 0.0000002997 0.0002635312 0.0000052058
0.1822407043 0.0480127634 0.0000061331 0.0000040252 0.0000246235 0.0000212434 0.0002009274 0.0000003624 0.0000043901 0.0000084728 0.0000150970 0.0000012489
0.0302514353 0.1705139549 0.0000095665 0.0000324491 0.0000302293 0.0000700015 0.0000332321 0.0000037670 0.0000339078 0.0000112247 0.0000930808 0.0000001304
0.0845243442 0.0590246642 0.0000011457 0.0000547472 0.0000249169 0.0000168088 0.0000675219 0.0000554412 0.0000312983 0.0000265625 0.0002272684 0.0000024831
0.0206856138 0.1864789865 0.0000068793 0.0000008665 0.0000497292 0.0000260361 0.0000001074 0.0000005431 0.0001413521 0.0000081588 0.0000124587 0.0000000674
0.0270111391 0.0652392662 0.0000138307 0.0000018401 0.0000429651 0.0000100432 0.0000295240 0.0000160733 0.0000515053 0.0000329455 0.0000000009 0.0000395349
0.0184208488 0.1516747407 0.0000229621 0.0000010990 0.0000115835 0.0000374394 0.0000010394 0.0000586225 0.0000088748 0.0000272343 0.0000018158 0.0000921261
0.1128866708 0.1129464611 0.0000772986 0.0000657070 0.0000013386 0.0000576163 0.0000677355 0.0000325255 0.0000104676 0.0000085177 0.0001317673 0.0000092575
0.0939954675 0.2224853315 0.0000130899 0.0000016526 0.0000036718 0.0000352494 0.0000276868 0.0000065220 0.0000065609 0.0000142964 0.0000302517 0.0000020426
0.1043819181 0.0544508553 0.0000374106 0.0000655641 0.0000055071 0.0000203396 0.0000388239 0.0000053509 0.0000577547 0.0000089187 0.0000397749 0.0000114611
0.0912117503 0.2527136109 0.0000367043 0.0000020192 0.0000138846 0.0000161272 0.0000009327 0.0000155642 0.0000036454 0.0000065143 0.0000013441 0.0000164888
0.2541344102 0.1167136121 0.0000106843 0.0000034564 0.0000002934 0.0000059335 0.0000775995 0.0000031240 0.0000010187 0.0000052411 0.0000010052 0.0000371436
0.0041920040 0.0088945626 0.0000020648 0.0000051700 0.0000078258 0.0000005882 0.0000293839 0.0000092959 0.0000036561 0.0000093321 0.0000490888 0.0000116265
0.0603362823 0.0613449953 0.0000291607 0.0000069491 0.0000728017 0.0000826351 0.0000467892 0.0000002162 0.0000002093 0.0000000074 0.0001224847 0.0000017585
0.2496134060 0.0646938275 0.0000452122 0.0000060727 0.0000185667 0.0000092142 0.0000004745 0.0000168499 0.0000105404 0.0000000067 0.0000455489 0.0000005426
0.1644742717 0.1115946929 0.0000193841 0.0000448831 0.0000324863 0.0000800354 0.0000054451 0.0000290547 0.0000168218 0.0000001228 0.0000205699 0.0000249908
0.0866778006 0.0782213486 0.0000636919 0.0000684221 0.0000285040 0.0000858821 0.0000230107 0.0000150542 0.0000201837 0.0000188962 0.0000437465 0.0000077856
0.1201266958 0.2535972058 0.0000003186 0.0000186585 0.0000001173 0.0000228115 0.0000006595 0.0000156597 0.0000000005 0.0000151752 0.0000145560 0.0000072875
0.0480835864 0.2511731162 0.0000020084 0.0000343586 0.0000180656 0.0000118615 0.0000431029 0.0000039427 0.0000452309 0.0000156722 0.0000287018 0.0000037326
0.0550847183 0.2416143433 0.0000000385 0.0000002104 0.0000143190 0.0000163987 0.0000465535 0.0000027032 0.0000116769 0.0000508943 0.0000112577 0.0000731131
0.1196620537 0.1864712684 0.0000263368 0.0000221472 0.0000000504 0.0000063473 0.0000506871 0.0001124579 0.0000331209 0.0000176101 0.0000439248 0.0000404016
0.2353431264 0.1300577111 0.0000635933 0.0000035665 0.0000228287 0.0000005995 0.0000114368 0.0000146194 0.0000573118 0.0000011215 0.0001360237 0.0000160891
0.1012918451 0.0924801037 0.0000090596 0.0000030303 0.0000524445 0.0000195616 0.0000037846 0.0000480666 0.0000471923 0.0000000177 0.0001220635 0.0000145892
0.0765991304 0.0642220485 0.0000468798 0.0000629202 0.0000878026 0.0000894768 0.0000629643 0.0000109305 0.0000025773 0.0000018848 0.0000968893 0.0000046922
0.0984730997 0.1096032355 0.0000692563 0.0000723066 0.0000108043 0.0001047172 0.0000692775 0.0001680799 0.0000000013 0.0000634367 0.0000256534 0.0000045401
0.0220443970 0.0029066788 0.0000063932 0.0000011851 0.0000025837 0.0000015459 0.0000999683 0.0000684853 0.0000234375 0.0000275903 0.0000001497 0.0000042146
0.2538532645 0.0390644215 0.0000291230 0.0000024208 0.0000336597 0.0000300177 0.0000025384 0.0000018301 0.0000019631 0.0000000368 0.0000000776 0.0000018461
0.1443834733 0.0515826779 0.0000146141 0.0000291300 0.0000196191 0.0000003500 0.0000089675 0.0000345252 0.0000000003 0.0000886838 0.0000560233 0.0000010644
0.1582436287 0.0556306625 0.0000154627 0.0000171413 0.0000048195 0.0000030846 0.0000186301 0.0000456976 0.0000000058 0.0000000025 0.0000859397 0.0000028639
0.1323823657 0.2511100174 0.0000066102 0.0000027261 0.0000011214 0.0000101590 0.0000023135 0.0000451906 0.0000160310 0.0000302765 0.0000029956 0.0000063887
0.2479182049 0.0168726775 0.0000046357 0.0000009776 0.0000020874 0.0000112150 0.0000780117 0.0000017129 0.0000174403 0.0000353419 0.0000047199 0.0000258192
0.2438353503 0.0174909767 0.0000000001 0.0000007366 0.0000405110 0.0000081232 0.0000040747 0.0000050591 0.0000010116 0.0000158691 0.0000381641 0.0000140123
0.0143874396 0.0033036797 0.0000036572 0.0000167583 0.0000083757 0.0000149507 0.0000001976 0.0000115864 0.0000371401 0.0000011568 0.0000008060 0.0000493084
0.0996620412 0.2530359626 0.0000001835 0.0000109146 0.0000042641 0.0000175474 0.0000022668 0.0000084810 0.0000060150 0.0000260949 0.0000090926 0.0000108153
0.1423266399 0.0624111249 0.0000109737 0.0000052360 0.0004848082 0.0000242747 0.0000702098 0.0000000234 0.0000639452 0.0000113188 0.0000062226 0.0000555540
0.2501162027 0.0720073671 0.0000615058 0.0000061294 0.0000281060 0.0000052825 0.0000034164 0.0000161667 0.0000015243 0.0000000111 0.0000267541 0.0000005705
0.0980263780 0.1553286259 0.0000628125 0.0001500925 0.0000329154 0.0000059235 0.0000154100 0.0000121518 0.0000396767 0.0000169699 0.0002699510 0.0000217253
0.0530209351 0.2500257988 0.0000024199 0.0000000134 0.0000000096 0.0000288821 0.0000141634 0.0000160531 0.0000261785 0.0000176324 0.0000215780 0.0000342875
0.2252038723 0.0942503414 0.0000204719 0.0000326594 0.0000358381 0.0000787601 0.0000002638 0.0000198001 0.0000151006 0.0000125766 0.0000048484 0.0000010882
0.1871552739 0.0603387886 0.0000020245 0.0001259423 0.0000777347 0.0001524995 0.0000054537 0.0000355952 0.0000121570 0.0000002954 0.0000621247 0.0000981282
0.0328016192 0.0712079749 0.0000189331 0.0000075613 0.0000425142 0.0000597347 0.0000013837 0.0000085943 0.0000736630 0.0000063525 0.0000468262 0.0000003408
0.1650226695 0.2338877025 0.0000604324 0.0000072113 0.0000351639 0.0000102036 0.0000111243 0.0000005424 0.0000028604 0.0000002656 0.0000370339 0.0000007170
0.2062062782 0.1131113013 0.0000527579 0.0000028434 0.0000275832 0.0000215462 0.0001296858 0.0000055722 0.0000329849 0.0000198133 0.0000107609 0.0000000257
0.0958692474 0.1788515545 0.0000023175 0.0000581862 0.0000088894 0.0000449422 0.0000519835 0.0000130395 0.0000448751 0.0000444160 0.0000790355 0.0000838164
0.2502301666 0.0360608933 0.0000093060 0.0000212673 0.0000015649 0.0000224050 0.0000107534 0.0000015798 0.0000225051 0.0000104692 0.0000478663 0.0000344429
0.2162534406 0.1152978166 0.0000348796 0.0000005881 0.0000000565 0.0000011073 0.0000188570 0.0000094045 0.0000621429 0.0000021972 0.0001578605 0.0000003391
0.1641417612 0.1002492945 0.0000115298 0.0000000304 0.0000094222 0.0000142442 0.0001552606 0.0000031238 0.0000171316 0.0000157218 0.0000141184 0.0000541775
0.2521604203 0.0879988724 0.0000243688 0.0000043494 0.0000004856 0.0000180294 0.0000168053 0.0000003703 0.0000067084 0.0000109608 0.0000421288 0.0000161172
0.1346971042 0.2514592758 0.0000352460 0.0000006849 0.0000154922 0.0000275941 0.0000012228 0.0000149973 0.0000343594 0.0000029968 0.0000014896 0.0000133448
0.0791553156 0.0944007701 0.0000096233 0.0000095905 0.0000674671 0.0000165991 0.0004426170 0.0000017426 0.0000000016 0.0000038344 0.0000006978 0.0000041103
0.1161032728 0.0598305229 0.0000003623 0.0001397321 0.0000623808 0.0000266156 0.0000253417 0.0000430549 0.0000498805 0.0000354831 0.0000618245 0.0001048389
0.1467836866 0.0471601844 0.0000473399 0.0001013017 0.0001829661 0.0000540469 0.0000001654 0.0000069657 0.0000149240 0.0000057076 0.0000465120 0.0000016092
0.0273637876 0.0215565865 0.0000060410 0.0000280207 0.0000160797 0.0000025783 0.0000806188 0.0000774563 0.0000212359 0.0001142242 0.0000334114 0.0000305551
0.0022589841 0.0167734029 0.0000000593 0.0000067904 0.0000192940 0.0001259788 0.0000218289 0.0000804252 0.0000023772 0.0000034855 0.0000735234 0.0000548359
0.0758056175 0.1724025848 0.0000022880 0.0000295463 0.0000071755 0.0000589047 0.0000032555 0.0000000512 0.0000118344 0.0000037472 0.0000669806 0.0000018194
0.0731391846 0.0513521394 0.0000033342 0.0000021422 0.0000463611 0.0000212082 0.0003699707 0.0000551167 0.0000104936 0.0000227070 0.0000516061 0.0000000014
0.0944134541 0.2523420712 0.0000000840 0.0000518742 0.0000000642 0.0000053892 0.0000272370 0.0000048900 0.0000075790 0.0000160601 0.0000029978 0.0000273906
0.1252027517 0.0746824028 0.0000052764 0.0001595197 0.0000968047 0.0000327869 0.0001054282 0.0000227890 0.0000002700 0.0000033313 0.0001831610 0.0000045883
0.1716787461 0.0305668672 0.0000271302 0.0000677163 0.0001344959 0.0000028282 0.0001032929 0.0000020801 0.0000395188 0.0000099173 0.0001227614 0.0000209628
0.2497942144 0.1106942545 0.0000344790 0.0000039102 0.0000173394 0.0000006939 0.0000286408 0.0000038937 0.0000056161 0.0000061081 0.0000740560 0.0000003511
0.1391537570 0.1383418515 0.0000916583 0.0000394886 0.0000297992 0.0000007095 0.0000030761 0.0004100793 0.0000355250 0.0000300997 0.0001262476 0.0000046685
0.0588792654 0.0534167208 0.0000017787 0.0000073423 0.0000280562 0.0000043722 0.0001476460 0.0000440372 0.0000000007 0.0000035312 0.0000448598 0.0000185479
0.2561882846 0.1076449426 0.0000223637 0.0000103494 0.0000128825 0.0000076817 0.0000257166 0.0000178308 0.0000133843 0.0000105154 0.0000047034 0.0000117038
0.1313874247 0.0863741458 0.0000106039 0.0000610354 0.0000609607 0.0000070984 0.0001520821 0.0000081111 0.0000122661 0.0000041694 0.0000074634 0.0000388959
0.0771520571 0.2167788797 0.0000051090 0.0000170791 0.0000286618 0.0000205089 0.0001275061 0.0000257869 0.0000198558 0.0000415025 0.0000896962 0.0000759553
0.2482838724 0.0522485112 0.0000242783 0.0000156882 0.0000102298 0.0000016675 0.0000000158 0.0000000271 0.0000000861 0.0000007605 0.0000379975 0.0000025978
0.1230651476 0.2478433409 0.0000181707 0.0000077624 0.0000000431 0.0000032201 0.0000000709 0.0000019236 0.0000000100 0.0000394260 0.0000011874 0.0000281926
0.0517181732 0.1436786207 0.0000183372 0.0000135472 0.0000148840 0.0000104515 0.0000221609 0.0001223454 0.0000795654 0.0000081719 0.0001405120 0.0000282008
0.2546820316 0.1030494912 0.0000000148 0.0000126308 0.0000023496 0.0000092535 0.0000361964 0.0000028643 0.0000028776 0.0000240291 0.0000002138 0.0000352274
0.1636982918 0.1700110344 0.0000000549 0.0000000081 0.0000063544 0.0000403475 0.0000277750 0.0000001581 0.0000051038 0.0000001235 0.0000837496 0.0000000230
0.1799629449 0.1169503083 0.0000295845 0.0001507617 0.0000252761 0.0000208325 0.0000440887 0.0002060376 0.0000254829 0.0000277246 0.0001065131 0.0000479271
0.0955996653 0.2519542617 0.0000107733 0.0000062573 0.0000026480 0.0000051024 0.0000000012 0.0000190826 0.0000000010 0.0000294163 0.0000455184 0.0000169645
0.1620846153 0.1639033646 0.0000415613 0.0000357181 0.0000693792 0.0000402369 0.0000266353 0.0000129601 0.0001196238 0.0000073956 0.0000242700 0.0000634323
0.1804408011 0.0947214321 0.0000577655 0.0000302721 0.0000907274 0.0000257477 0.0000539223 0.0000403515 0.0000076584 0.0000374189 0.0000198853 0.0000087381
0.1226902447 0.1399108538 0.0000051818 0.0000315312 0.0000124330 0.0000564180 0.0000611974 0.0000092714 0.0000342440 0.0000244998 0.0001493969 0.0000170462
0.1990160899 0.1258045697 0.0000172703 0.0000018142 0.0000044096 0.0000023412 0.0000342542 0.0000117193 0.0000345747 0.0000090712 0.0000009928 0.0000728067
0.0345015760 0.2516507273 0.0000543576 0.0000038438 0.0000075527 0.0000002145 0.0000079179 0.0000347662 0.0000144587 0.0000223693 0.0000303750 0.0000006066
0.2501137470 0.0953766075 0.0000334916 0.0000117670 0.0000170757 0.0000006459 0.0000204961 0.0000021666 0.0000145696 0.0000100270 0.0000600308 0.0000131529
0.2500609368 0.0969457808 0.0000389517 0.0000066804 0.0000458843 0.0000022100 0.0000111301 0.0000010154 0.0000039430 0.0000174584 0.0000131781 0.0000050613
0.0281107850 0.1241646266 0.0000067490 0.0000498403 0.0001329304 0.0000650101 0.0000109488 0.0000156890 0.0000070475 0.0000478368 0.0000609977 0.0000186584
0.0155740345 0.0046416447 0.0000010027 0.0000038541 0.0000114879 0.0000136708 0.0001437773 0.0001027119 0.0000530116 0.0000510876 0.0000003252 0.0000595238
0.1124123837 0.2081893304 0.0000895629 0.0000447705 0.0000010249 0.0000426783 0.0000297703 0.0000829948 0.0000600474 0.0000442207 0.0000212317 0.0000013477
0.0708797618 0.1498664511 0.0000211211 0.0000586392 0.0000031552 0.0000492647 0.0000008595 0.0000369463 0.0000382189 0.0000009456 0.0000771824 0.0000005741
0.0906718078 0.1602834133 0.0000226335 0.0000556048 0.0000157679 0.0000010411 0.0000471276 0.0000154150 0.0000654819 0.0000456991 0.0000205174 0.0000826726
0.1013356457 0.1626720403 0.0000266372 0.0000221124 0.0000001802 0.0000315917 0.0000535760 0.0000946710 0.0000178999 0.0000094990 0.0000461691 0.0000094183
0.2517846957 0.1422074951 0.0000648091 0.0000002831 0.0000333492 0.0000113773 0.0000002599 0.0000207838 0.0000021373 0.0000239386 0.0000119756 0.0000032093
0.0833029784 0.2509630391 0.0000064863 0.0000241672 0.0000044787 0.0000161815 0.0000002807 0.0000018987 0.0000134457 0.0000011213 0.0000369297 0.0000041289
0.1394473412 0.0908992174 0.0000419704 0.0000194507 0.0000357525 0.0000310168 0.0001258126 0.0000004964 0.0000053378 0.0000087679 0.0000810438 0.0000038536
0.1095082463 0.0130241954 0.0000101277 0.0000009366 0.0000001536 0.0000517478 0.0000916387 0.0000139716 0.0000068505 0.0000507840 0.0000000845 0.0000178460
0.0055254682 0.0078950241 0.0000209699 0.0000279627 0.0000001100 0.0000068170 0.0000002032 0.0000489915 0.0000086890 0.0000000656 0.0000000489 0.0000193525
0.0603370174 0.2532628905 0.0000015975 0.0000254198 0.0000004877 0.0000180044 0.0000014851 0.0000033817 0.0000009989 0.0000230663 0.0000095373 0.0000036831
0.2561327653 0.0298731066 0.0000095810 0.0000094763 0.0000008655 0.0000000166 0.0000000693 0.0000656928 0.0000268224 0.0000366045 0.0000033294 0.0000056322
0.0086373386 0.0062455030 0.0000159381 0.0000002651 0.0000167002 0.0000002582 0.0001876868 0.0000071786 0.0000000734 0.0000096569 0.0000015130 0.0000189506
0.2040304506 0.0282411549 0.0000149064 0.0000053696 0.0000023175 0.0000005348 0.0000128659 0.0000188690 0.0000013779 0.0000197563 0.0000567952 0.0000078007
0.0943513020 0.0786144712 0.0000016224 0.0000831508 0.0000910447 0.0001300942 0.0001104017 0.0000026861 0.0000329399 0.0000360652 0.0000063500 0.0000122774
0.0966272919 0.1183864975 0.0000003342 0.0000013334 0.0000923603 0.0000722588 0.0001816678 0.0000307503 0.0000385957 0.0000230871 0.0000671010 0.0000178426
0.0709387722 0.2523045800 0.0000071855 0.0000009073 0.0000032365 0.0000269172 0.0000001872 0.0000019266 0.0001090721 0.0000001847 0.0000000462 0.0000246555
0.0084191891 0.0244407288 0.0000429004 0.0000061740 0.0000009849 0.0000041636 0.0000057276 0.0000195104 0.0000526745 0.0000000317 0.0000137160 0.0000004481
0.1066973480 0.1072277689 0.0000327078 0.0000611461 0.0000618897 0.0000593933 0.0001800157 0.0000212214 0.0000372575 0.0000264741 0.0000155074 0.0000276045
0.0494551717 0.1011047580 0.0000003690 0.0000031627 0.0000037312 0.0000012658 0.0000524308 0.0000250366 0.0000294861 0.0000346326 0.0000426696 0.0000515377
0.1098367224 0.1223182923 0.0000547956 0.0001085662 0.0000954110 0.0000287184 0.0002675196 0.0000727816 0.0000018440 0.0001438655 0.0000902492 0.0000074597
0.1078123698 0.2502498944 0.0000015763 0.0000160572 0.0000000429 0.0000031250 0.0000000493 0.0000005343 0.0000000047 0.0000330817 0.0000187491 0.0000223001
0.2523317685 0.0764497255 0.0000176087 0.0000185476 0.0000176161 0.0000057192 0.0000016158 0.0000179844 0.0000192982 0.0000027297 0.0000156172 0.0000199232
0.0929214160 0.1025459205 0.0000219423 0.0000435329 0.0001214584 0.0000029243 0.0000438261 0.0004234382 0.0000000076 0.0000190766 0.0001080966 0.0000086559
0.2110928722 0.0919736706 0.0000005843 0.0000214653 0.0000000462 0.0000005038 0.0000001174 0.0000007439 0.0000007565 0.0000034167 0.0000040730 0.0000000029
0.1129694885 0.2227040207 0.0000391681 0.0000289871 0.0000162323 0.0000010954 0.0000101142 0.0000245141 0.0000001446 0.0000440980 0.0000340832 0.0000011637
0.0987288873 0.2524037215 0.0000280078 0.0000074317 0.0000000304 0.0000008192 0.0000063773 0.0000000823 0.0000476115 0.0000268859 0.0000095440 0.0000104945
0.1437692045 0.1020494740 0.0000204193 0.0001506336 0.0000678711 0.0000423405 0.0000452212 0.0001336917 0.0000267668 0.0000007766 0.0001428588 0.0000481104
0.0521144946 0.2143757351 0.0000007123 0.0000209972 0.0000108652 0.0000618805 0.0000175806 0.0000103443 0.0000000053 0.0000079180 0.0000726363 0.0000065384
0.0789457181 0.2504405382 0.0000000408 0.0000264111 0.0000130422 0.0000002622 0.0000262818 0.0000025436 0.0000218847 0.0000289503 0.0000003033 0.0000378273
0.1321463903 0.1818991627 0.0000069661 0.0000074648 0.0000002333 0.0000042801 0.0000541337 0.0000203092 0.0000258163 0.0000064787 0.0000735637 0.0000137860
0.1538267583 0.2555937898 0.0000277722 0.0000052630 0.0000001829 0.0000028537 0.0000102886 0.0000000597 0.0000483369 0.0000010514 0.0000016782 0.0000006572
0.1017643044 0.1253529932 0.0000012093 0.0000074431 0.0000141025 0.0000106172 0.0000171025 0.0000265285 0.0000009910 0.0000330933 0.0000002927 0.0000677758
0.0599308743 0.0933399180 0.0000652245 0.0000183740 0.0001483910 0.0000596427 0.0000091998 0.0001560074 0.0000056796 0.0000015741 0.0001996254 0.0000583923
0.1571774195 0.0799739394 0.0000792424 0.0000994052 0.0000734662 0.0001149992 0.0000996935 0.0000293304 0.0000438494 0.0000354635 0.0000529508 0.0000039097
0.1101162720 0.2537113548 0.0000080913 0.0000003310 0.0000103553 0.0000104126 0.0000067391 0.0000145221 0.0000033032 0.0000001520 0.0000003342 0.0000015833
0.1257926703 0.2516505241 0.0000339564 0.0000005472 0.0000157033 0.0000344525 0.0000017657 0.0000169597 0.0000340054 0.0000130085 0.0000027905 0.0000141958
0.0201377195 0.0097275414 0.0000339384 0.0000344544 0.0000000684 0.0000082257 0.0000020650 0.0001071817 0.0000059746 0.0000000794 0.0000000452 0.0000033839
0.2457110637 0.0670255406 0.0000496857 0.0000026155 0.0000038896 0.0000195304 0.0000287291 0.0000277049 0.0000078269 0.0000002847 0.0000639008 0.0000447707
0.0775939404 0.0709892801 0.0000059474 0.0000026812 0.0000030134 0.0000054657 0.0003419230 0.0001349126 0.0000119539 0.0000730596 0.0000039256 0.0000000079
0.0873657727 0.2517760049 0.0000063840 0.0000057915 0.0000000099 0.0000110274 0.0000034589 0.0000071392 0.0000003944 0.0000673904 0.0000192493 0.0000445143
0.0851515112 0.1025077266 0.0000016029 0.0000683065 0.0000447531 0.0000085774 0.0001128172 0.0000574801 0.0000488056 0.0000210725 0.0000023398 0.0000873490
0.2544619687 0.1002451251 0.0000437240 0.0000052923 0.0000010943 0.0000024923 0.0000001001 0.0000048627 0.0000022551 0.0000000539 0.0000393007 0.0000069428
0.0214686372 0.0315453832 0.0000112817 0.0000038816 0.0000013160 0.0000439195 0.0000507477 0.0002633939 0.0000000017 0.0000097532 0.0000011799 0.0000324009
0.0377651093 0.2497808351 0.0000039733 0.0000004670 0.0000005547 0.0000083405 0.0000167191 0.0000017317 0.0000448274 0.0000274423 0.0000011631 0.0000446160
0.1652899968 0.2540232066 0.0000000003 0.0000001011 0.0000440176 0.0000661184 0.0000060657 0.0000023834 0.0000006337 0.0000024259 0.0000002383 0.0000073892
0.2522680758 0.0834910608 0.0000373866 0.0000062723 0.0000056617 0.0000028390 0.0000011811 0.0000017317 0.0000006950 0.0000010715 0.0000748516 0.0000052584
0.1093094412 0.1576921614 0.0000038777 0.0000000366 0.0000028697 0.0000007345 0.0000147044 0.0000012493 0.0001065186 0.0000012666 0.0000001547 0.0000693519
0.1394925358 0.1090654922 0.0000020430 0.0000333691 0.0000086225 0.0001256249 0.0000013236 0.0000025814 0.0000021113 0.0000104031 0.0000155272 0.0000105039
0.2515509436 0.0437517513 0.0000206017 0.0000203766 0.0000103566 0.0000139728 0.0000000189 0.0000001818 0.0000041745 0.0000190138 0.0000000784 0.0000020567
0.0523435576 0.0412577229 0.0000928018 0.0001416990 0.0000000083 0.0000584240 0.0000179462 0.0000060804 0.0000107264 0.0000393292 0.0000080454 0.0000033204
0.1093146267 0.0986491350 0.0000037566 0.0000378388 0.0000584826 0.0000190585 0.0001559881 0.0000112710 0.0000143599 0.0000116098 0.0000069677 0.0000484629
0.0771311329 0.1467320140 0.0000033424 0.0001137842 0.0000831231 0.0000891212 0.0003438353 0.0000527182 0.0000099250 0.0000723221 0.0002004941 0.0000024682
0.0298139166 0.0074351042 0.0000016430 0.0000052336 0.0000003903 0.0000040406 0.0001444596 0.0000809259 0.0000184192 0.0000209716 0.0000010155 0.0000482529
0.0648596653 0.0499316379 0.0000086085 0.0000057324 0.0000358396 0.0000057136 0.0002936751 0.0000093400 0.0000000175 0.0000241049 0.0000036430 0.0000022632
0.1240372092 0.1237388933 0.0000069990 0.0000147430 0.0000119521 0.0002431150 0.0002036535 0.0000145920 0.0000010139 0.0000722723 0.0001658081 0.0000088840
0.1158721019 0.2542845319 0.0000000122 0.0000135265 0.0000003611 0.0000037905 0.0000002395 0.0000141326 0.0000000004 0.0000173201 0.0000005020 0.0000010556
0.1776885661 0.0857107570 0.0000213739 0.0000045224 0.0000019351 0.0000115293 0.0000509274 0.0000153836 0.0000000920 0.0000000251 0.0000006984 0.0000447454
0.1038153718 0.0848441592 0.0000014920 0.0000618233 0.0000195159 0.0000083843 0.0001443957 0.0000014329 0.0000061538 0.0000019677 0.0002333525 0.0000202034
0.0660456498 0.0175409870 0.0000335389 0.0000721893 0.0001235524 0.0000049940 0.0001062341 0.0000148071 0.0000482937 0.0000139829 0.0001111583 0.0000218281
0.0120447440 0.0149450137 0.0000230296 0.0000309843 0.0000037076 0.0000016609 0.0000518103 0.0000719286 0.0000012437 0.0000000669 0.0000765002 0.0000024537
0.0711867598 0.0784276509 0.0000079716 0.0000651308 0.0001121317 0.0001180747 0.0000334242 0.0000002905 0.0000119815 0.0000240553 0.0001223132 0.0000011986
0.0679726965 0.0287147927 0.0000038613 0.0000095647 0.0000004387 0.0000113658 0.0000511686 0.0000369382 0.0000453569 0.0000169615 0.0000060205 0.0000421479
0.1995807735 0.2521978969 0.0000042207 0.0000055839 0.0000036023 0.0000300488 0.0000031432 0.0000003070 0.0000005528 0.0000004884 0.0000273971 0.0000307655
0.0689257886 0.1255695649 0.0000219942 0.0001365768 0.0000286287 0.0000043291 0.0000002557 0.0000134911 0.0000178981 0.0001788315 0.0001851455 0.0001724195
0.2517915595 0.1013079212 0.0000000006 0.0000199724 0.0000033357 0.0000037347 0.0000052028 0.0000107389 0.0000201925 0.0000105024 0.0000000160 0.0000197144
0.2525676581 0.0909714924 0.0000000007 0.0000178398 0.0000096553 0.0000035811 0.0000157730 0.0000096918 0.0000188108 0.0000143968 0.0000000205 0.0000233134
0.1254242049 0.1007615472 0.0000014500 0.0000170759 0.0000909842 0.0000335094 0.0000580378 0.0000482061 0.0000277776 0.0000026517 0.0001668420 0.0000133949
0.0061090119 0.0056296550 0.0000038986 0.0000197974 0.0000049272 0.0000165725 0.0000280709 0.0000058413 0.0000006538 0.0000003403 0.0000555607 0.0000000775
0.0396861307 0.1881811029 0.0000131809 0.0000250005 0.0000085420 0.0000486282 0.0000347146 0.0000327496 0.0001939690 0.0000012454 0.0000006729 0.0000000361
0.1066728162 0.1793737014 0.0000295263 0.0000408998 0.0000665110 0.0000410169 0.0000155758 0.0000209818 0.0000629202 0.0000244090 0.0000026952 0.0000029020
