0.6974813132 0.4527482250
0.6960474999 0.4648784503
0.8652256009 0.2873534054
0.6763333928 0.5350962156
0.6709495479 0.5543531032
0.6725290077 0.5514897217
0.6754760567 0.5490003452
0.6746043327 0.5490253950
0.6746041265 0.5490295318
0.6947572943 0.5350948473
0.6959585702 0.4912747380
0.7290666426 0.4261048208
0.7498733791 0.3135901704
0.7311781183 0.3362957446
0.7182259271 0.4392099918
0.7179124496 0.4396372819
0.7068263122 0.4427530973
0.7247818895 0.4287800913
0.7300029589 0.4260815416
0.7303282951 0.4258694328
0.7019341416 0.4489559449
0.6957784134 0.5318039418
0.6959585304 0.4912801870
0.6959475400 0.4913397418
0.6958880272 0.4932356358
0.6958716130 0.5238534100
0.6971962914 0.4569839757
0.6973504704 0.4569758175
0.6973496306 0.4569758545
0.6973489465 0.4569813593
0.6978002133 0.4527191656
0.6982447086 0.4524423123
0.6982424795 0.4524559701
0.7043957126 0.4488875253
0.7068338656 0.4421698437
0.7065858222 0.4431162938
0.7278542148 0.4267821940
0.7289494590 0.4264221449
0.8733064980 0.2863948550
0.8391287214 0.2889974971
0.8254675531 0.2913720789
0.8556441398 0.2887490153
0.8151248750 0.2946689411
0.7997927732 0.2963973667
0.7306335449 0.3522347944
0.7307686025 0.3516565126
0.7309248089 0.3481846829
0.7311774823 0.3481812218
0.7318339774 0.3342676249
0.7442873502 0.3342581008
0.7450740139 0.3342579961
0.7470745676 0.3342359273
0.7470906465 0.3342359264
0.7652414547 0.3132801584
0.7814947965 0.3131622818
0.7982456128 0.3129306456
0.7992071204 0.2985869608
0.7997498084 0.2985677283
0.8056817753 0.2963971119
0.8057597189 0.2962235789
0.8114013317 0.2960357936
0.8113931981 0.2960527717
0.8122544262 0.2956127132
0.8148133000 0.2951289771
0.8151308058 0.2946688888
0.8135681191 0.2951774801
0.8127463747 0.2955935832
0.8560286191 0.2887389934
0.8560291325 0.2887336939
0.8579581401 0.2887221657
0.8335891475 0.2895279782
0.8335798458 0.2896117140
0.8391078843 0.2895255214
0.8390995210 0.2895279080
0.8666894698 0.2865510403
0.9489673130 0.2809409408
0.9087825709 0.2820422464
0.9605008247 0.2807349820
0.9566421211 0.2808480813
0.9063879547 0.2823742938
0.9442603088 0.2816202495
0.9592114898 0.2807551755
0.9576691132 0.2807835005
0.9929823418 0.2807156823
0.9600058021 0.2807523445
0.9593262386 0.2807551536
0.9580806289 0.2807832223
0.9564985266 0.2808486049
0.9485266088 0.2815646657
0.9485580402 0.2815645209
0.9262115185 0.2816205785
0.9262115184 0.2817035309
0.9262095411 0.2817041189
0.9261150725 0.2817041344
0.9246463881 0.2817072529
0.9246443822 0.2817091251
0.9139652614 0.2819301128
0.9139646232 0.2819319765
0.9139646031 0.2819329344
0.9082367954 0.2823273081
