0.4783866437 0.8987675393
0.0512700712 1.0384815322
0.0510324197 1.0454701577
1.0693891721 0.0246887333
0.3799844628 1.0250415104
0.0510705254 1.0451605091
0.0511947393 1.0451603073
0.0484699517 1.0481845780
0.0476471602 1.0838699997
0.0476640570 1.0838699996
0.0479333851 1.0838632836
0.0479355399 1.0837367679
0.0484440404 1.0807362034
0.0484531151 1.0806099530
0.0484724245 1.0477400673
0.0496321485 1.0458945714
0.0782367861 1.0362835162
0.0910363717 1.0355800761
0.0908279446 1.0355828609
0.0908123435 1.0355837743
0.0907987880 1.0360072187
0.0906750708 1.0360245601
0.0894880810 1.0360247343
0.0780226680 1.0363640319
0.8591317711 0.5073759475
0.8201951258 0.5097291717
0.7871967670 0.5287628202
0.7764786435 0.5394252495
0.7764728959 0.5398901457
0.7760385168 0.5402585787
0.7760165160 0.5465311255
0.7724930291 0.5536967019
0.7642658612 0.5541574797
0.7729702546 0.5533685682
0.7725000630 0.5536945640
0.7643028021 0.5540907052
0.7641452324 0.5780217953
0.8745791909 0.4165297036
0.8721774321 0.4327835571
0.8753782728 0.4147237413
0.8753904455 0.4147068561
0.8794967099 0.4143895257
0.8794962945 0.4146343691
0.8800001708 0.4131482751
0.8815685831 0.4068946825
0.9189462405 0.3951150755
0.9448540418 0.3438292516
0.9487306393 0.3289073770
0.9491197597 0.3217579683
0.6568192009 0.6965348352
0.6711326223 0.6683523628
0.6732967092 0.6683503768
0.6751032255 0.6604223801
0.6751531380 0.6602781275
0.6689978026 0.6684735807
0.6664692823 0.6685411286
0.6664692822 0.6700996415
1.0118646218 0.1347326894
1.0272121835 0.0804026088
1.0163432930 0.1238363185
1.0310871114 0.0744750676
1.0322692415 0.0688959684
1.0293210653 0.0783528081
1.0310871100 0.0753630813
1.0310849995 0.0756660929
1.0311038365 0.0736916372
1.0327589124 0.0675798137
1.0330581300 0.0600389942
1.0345940666 0.0388490209
1.0339189444 0.0393355145
1.0345940108 0.0388995276
1.0408974229 0.0313964737
1.0409511818 0.0309624266
1.0433031269 0.0303859317
1.0500272939 0.0278629735
1.0503445692 0.0267831322
1.0503442831 0.0267854641
1.0687500674 0.0263523570
1.0687501565 0.0263501487
1.0694432453 0.0246861692
0.4535897829 0.9048402480
0.4454087463 0.9064478994
0.4144236821 0.9164856814
0.4130026336 0.9166115993
0.4143941715 0.9164890216
0.4144516308 0.9164853738
0.4144579597 0.9163434001
0.4130023000 0.9200363559
0.4128866969 0.9201478624
0.4128861760 0.9201479568
0.4120229877 0.9220798973
0.4114456225 0.9245735368
0.4114149892 0.9245736659
0.4114149890 0.9249886214
0.4801640630 0.8385555995
0.4889676145 0.8255130353
0.5220549295 0.8188025285
0.5168130290 0.8219554021
0.4888309960 0.8258060783
0.4847120292 0.8277202964
