0.1801859757 0.6036034163
0.9902668018 0.0230984234
0.3613305114 0.4346665061
0.9843834136 0.0243261503
0.3671903651 0.4216510345
0.3654862720 0.4256473685
0.1333625616 0.6610177743
0.6528938121 0.2146859172
0.8970973873 0.0721781214
0.9687500642 0.0354878881
0.6723637596 0.2033377585
0.8994916127 0.0706736862
0.8794030565 0.0827120235
0.8759771007 0.0830007891
0.8969753169 0.0763747394
0.6406865424 0.2235556075
0.6842204413 0.1892472806
0.9375000642 0.0524914878
0.9394726781 0.0489196909
0.8362591908 0.1057874953
0.5869916422 0.2516735412
0.0203440273 0.8840772866
0.7188134684 0.1625609805
0.0000000000 1.1149524010
0.8125019379 0.1182807466
0.8281269081 0.1106192855
0.7724929087 0.1434541064
0.0678710966 0.7719458720
0.0161213214 0.9042776598
0.7951686436 0.1265824634
0.6469753167 0.2202884398
0.0062720180 0.9632018408
0.0004962087 1.0366865194
0.7109990425 0.1735188523
0.0024414379 1.0083005339
0.2188134680 0.5461817562
0.0042889193 0.9818043408
0.0375976879 0.8450643476
0.8437671967 0.1017972762
0.8437519379 0.1018059486
0.8125019081 0.1183912689
0.5770302020 0.2550679411
0.7344379655 0.1553540877
0.7344384387 0.1540551943
0.7344384349 0.1541122428
0.7344384685 0.1533123490
0.2188137064 0.5461732588
0.2187526712 0.5555587543
0.9687519716 0.0343023835
0.6259773379 0.2301966465
0.7639186436 0.1442654811
0.2607618005 0.5067010121
0.2519726774 0.5229471689
0.0062796474 0.9631162218
0.0100178719 0.9355820557
0.5614090316 0.2730541498
0.8739090319 0.0864194851
0.8114090318 0.1209600076
0.8107948655 0.1220963343
0.2929697188 0.4966020136
0.0162433917 0.9031037959
0.4145508114 0.3752819973
0.6301277286 0.2285214543
0.9072347301 0.0671263196
0.9228599685 0.0587473867
0.9843834434 0.0231570822
0.5937737018 0.2516469022
0.5938042119 0.2450528012
0.8932657325 0.0776363901
0.9531445531 0.0430211950
0.1842204409 0.5936249152
0.6725017062 0.2017007377
0.0000267029 1.0405492439
0.5650179410 0.2678632309
0.1411211986 0.6482377360
0.8932657362 0.0774729843
0.0107618077 0.9175226017
0.1489875616 0.6447369597
0.8932504774 0.0781733048
0.8652440392 0.0916093422
0.8652440318 0.0942916385
0.5770263724 0.2577301858
0.3671884577 0.4227311764
0.4453316037 0.3517227524
0.0399171161 0.8429845258
0.3311786673 0.4585715352
0.6082763724 0.2367401004
0.1082763719 0.6936965064
0.5650024512 0.2697360149
0.5650024438 0.2700644554
0.5650026822 0.2687702562
0.0025026808 1.0045421560
0.6450813195 0.2209455378
0.6484990424 0.2176757281
0.6411748236 0.2233593435
0.6958623237 0.1829086505
0.5145302019 0.2995084755
0.5770301871 0.2550916076
0.0552163739 0.7892896934
0.0469079633 0.8101967484
