0.1890427535 0.8230453229
0.5191646269 0.3871683092
0.7011801765 -0.1674928060
0.1770055898 0.9014114939
0.8549504020 -0.3530768144
0.8554922084 -0.3662526618
0.5270564850 0.2731008984
0.6846374346 0.1021181807
0.3644786162 0.5309742579
0.8543386536 -0.3379073560
0.8610387634 -0.4858922053
0.3547325349 0.6180375573
0.3454626397 0.7281355643
0.8601826387 -0.4693466573
0.1982866886 0.7764487314
0.3570515858 0.5941276400
0.1918617486 0.8071444764
0.3613889214 0.5545508106
0.6910966831 -0.0278664581
0.1945428577 0.7933142942
0.8581346053 -0.4268421418
0.8696137975 -0.6079757909
0.3759924320 0.4829003841
0.5254112434 0.2941397416
0.5176158779 0.4130397133
0.3662773550 0.5191890886
0.6883546563 0.0240002946
0.8571714246 -0.4054816410
0.8529735487 -0.3029772996
0.6823507784 0.1540402509
0.8500651532 -0.2239541991
0.6938692012 -0.0746984393
0.6979361550 -0.1321198585
0.2107560660 0.7457042735
0.6991673935 -0.1466746881
0.5183991521 0.3998321646
0.1702082639 0.9483712363
0.6904181591 -0.0155248460
0.2031322313 0.7594973982
0.3470683016 0.7077564637
0.1746875961 0.9174631692
0.5169355009 0.4247078262
0.6828581446 0.1422912663
0.8593163510 -0.4518627175
0.1861126108 0.8408206328
0.3502413558 0.6688946622
0.8672730502 -0.5828987445
0.3589776975 0.5756764962
0.5207282160 0.3620937146
0.6958715936 -0.1047184349
0.6919709569 -0.0432689278
0.8509506226 -0.2486385697
0.8636771755 -0.5321177409
0.3535340657 0.6310596483
0.3484328138 0.6907929383
0.5310399797 0.2290039447
0.8617780767 -0.4995803889
0.5159247107 0.4423607576
0.5292478295 0.2476004939
0.1801094607 0.8801416272
0.8523557250 -0.2866974028
0.5234116176 0.3217618131
0.7047524679 -0.1950166315
0.6876299994 0.0385600626
0.0551352010 0.9487807749
0.5139213729 0.4783792891
0.6863480841 0.0651315112
0.8536113822 -0.3178545185
0.3628391416 0.5429761241
0.6931199703 -0.0626296110
0.6851855027 0.0903225842
0.6892360222 0.0067601505
0.1840235821 0.8541319564
0.8626255760 -0.5145420484
0.3689084835 0.5046828837
0.6839220265 0.1182294286
0.3524793665 0.6428652455
0.1821617239 0.8663634977
0.5147189541 0.4638841615
0.7097554610 -0.2124884775
0.0000000000 1.0000000000
0.0109657935 0.9954745087
0.6869825480 0.0518529345
0.5440561100 0.1621526878
0.7027132460 -0.1808057115
0.5244821746 0.3067020845
0.8514981166 -0.2636345174
0.8719966944 -0.6267917427
0.8562747103 -0.3848405389
0.8773404032 -0.6436538716
0.0318209243 0.9693334605
0.6969906814 -0.1200298900
0.8648274727 -0.5499351311
0.3512697759 0.6567763763
0.5219888243 0.3427026165
0.5324074414 0.2162427393
0.5391073790 0.1727631694
0.5281207450 0.2603466367
0.5362025990 0.1876201021
0.5199182796 0.3749457464
