0.6877568340 0.0000000000
0.8753440245 0.0000000000
0.1914725986 0.0000000000
0.8514956510 0.0000000000
0.6824579778 0.0000000000
0.3500193571 0.0000000000
0.6885748118 0.0000000000
0.8675211001 0.0000000000
0.2048826750 0.0000000000
0.5156591969 0.0000000000
0.1831591892 0.0000000000
0.1739305945 0.0000000000
0.5177732046 0.0000000000
0.2125113230 0.0000000000
0.3485930780 0.0000000000
0.5265515789 0.0000000000
0.3510464310 0.0000000000
0.7102791832 0.0000000000
0.0225181789 0.0000000000
0.5337871901 0.0000000000
0.5163716237 0.0000000000
0.8509817843 0.0000000000
0.8619047164 0.0000000000
0.8541269642 0.0000000000
0.3536686659 0.0000000000
0.8550200395 0.0000000000
0.8520746614 0.0000000000
0.6928162566 0.0000000000
0.0135840770 0.0000000000
0.1767659771 0.0000000000
0.8714860743 0.0000000000
0.6944403314 0.0000000000
0.5221246514 0.0000000000
0.5292751048 0.0000000000
0.5186076057 0.0000000000
0.3444442834 0.0000000000
0.1719507212 0.0000000000
0.5194203553 0.0000000000
0.3579769928 0.0000000000
0.6849467573 0.0000000000
0.5210587511 0.0000000000
0.0000000000 0.0000000000
0.1950868307 0.0000000000
0.6905728955 0.0000000000
0.8599905541 0.0000000000
0.3563082902 0.0000000000
0.8562357228 0.0000000000
0.8691071552 0.0000000000
0.8528474848 0.0000000000
0.8609325165 0.0000000000
0.8637436865 0.0000000000
0.5356785842 0.0000000000
0.5251752919 0.0000000000
0.3460583158 0.0000000000
0.5275541128 0.0000000000
0.8498791238 0.0000000000
0.8576231753 0.0000000000
0.8557046986 0.0000000000
0.8629475107 0.0000000000
0.8659196843 0.0000000000
0.0322760822 0.0000000000
0.6957064968 0.0000000000
0.3549962969 0.0000000000
0.8589946977 0.0000000000
0.5314751584 0.0000000000
0.3523658814 0.0000000000
0.8583561418 0.0000000000
0.1881515767 0.0000000000
0.1805002759 0.0000000000
0.3604791506 0.0000000000
0.8536502535 0.0000000000
0.7032853994 0.0000000000
0.3474772490 0.0000000000
0.6831035341 0.0000000000
0.3628279087 0.0000001376
0.3783823295 0.0000000005
0.6998059515 0.0000000000
0.6862268123 0.0000000000
0.1857343839 0.0000000000
0.6920091910 0.0000000000
0.3720298089 0.0000000000
0.2008604554 0.0000000000
0.7057645853 0.0000000000
0.6982231297 0.0000000000
0.5202187920 0.0000000000
0.0534300901 0.0000000000
0.6898223537 0.0000000000
0.0429054454 0.0000000000
0.6869613538 0.0000000000
0.3687900625 0.0000000000
0.7016022693 0.0000000000
0.6935670417 0.0000000000
0.6972558041 0.0000000000
0.5432219765 0.0000000000
0.5231161507 0.0000000000
0.3647504912 0.0000000000
0.6843643938 0.0000000000
0.5138050868 0.0000000000
0.5387952595 0.0000000000
0.5241343315 0.0000000000
