0.6323993870 0.9897690867
0.9160859809 0.5837422133
0.8248415510 0.8542175307
0.9788711550 0.1922902772
0.3143418948 0.9999905806
0.3024141802 0.9999936023
0.9365975089 0.4805664665
0.9970012423 0.0295861312
0.8760964089 0.7336093352
0.9088475168 0.6154876888
0.8914654865 0.6830101625
0.3321851601 0.9999836393
0.9591843080 0.3407947582
0.9412773762 0.4540206659
0.8507443627 0.8013947155
0.9641838371 0.3056179748
0.2231972603 0.9999996932
0.5962014783 0.9943254623
0.9470495959 0.4196002307
0.9844503945 0.1450546125
0.9871873301 0.1209861289
0.9121170063 0.6014291512
0.2571159240 0.9999987373
0.2057942422 0.9999998638
0.6748285542 0.9804145070
0.9986881311 0.0130415142
0.3945447519 0.9999085965
0.7197302853 0.9627009495
1.0000000000 0.0000000000
0.8800043381 0.7214852945
0.9685617573 0.2734371741
0.8345082784 0.8362027927
0.9766421753 0.2104952467
0.9710206659 0.2547796093
0.9207893686 0.5618700286
0.7368081874 0.9528431887
0.6454788870 0.9874448931
0.2399631783 0.9999993669
0.9489671742 0.4077406856
0.5120705922 0.9987603521
0.4244036193 0.9998104208
0.8458542865 0.8125197408
0.9390614485 0.4667386383
0.5777072418 0.9958592585
0.8409079914 0.8231989674
0.3470463990 0.9999746560
0.7047486261 0.9697766654
0.9667929814 0.2865970695
0.9056768465 0.6286934145
0.9438732424 0.4387753400
0.4458192558 0.9996898383
0.9748667554 0.2247306676
0.2737083720 0.9999976402
0.9524720155 0.3854994929
0.9929546510 0.0682612792
0.6624009511 0.9837366700
0.5541847492 0.9972675910
0.3735696581 0.9999470683
0.9942369620 0.0561585509
0.7989917230 0.8939714545
0.8623145662 0.7726697536
0.4671421208 0.9995051310
0.9858105577 0.1331685694
0.9955671954 0.0434541791
0.5254060500 0.9983969366
0.2888607870 0.9999959553
0.8145900634 0.8713555421
0.8973541264 0.6614376642
0.8880026260 0.6951104769
0.9730617443 0.2392163274
0.7767614461 0.9200692893
0.9913514299 0.0833356761
0.6932049495 0.9743963374
0.7584958931 0.9369957910
0.9815099580 0.1702503050
0.9306999392 0.5123627704
0.8575436155 0.7849387433
0.9830436774 0.1571929822
0.7847536226 0.9114204863
0.7682044971 0.9284244789
0.9551490916 0.3680078702
0.4110588438 0.9998622664
0.9344854536 0.4921616960
0.9006048472 0.6489713841
0.8843734076 0.7073444582
0.1909476415 0.9999999356
0.4789064860 0.9993653899
0.6097807715 0.9928921664
0.9258398948 0.5372367016
0.9885979204 0.1083448431
0.9625381574 0.3173791486
0.8668690572 0.7603734080
0.5390647759 0.9979279056
0.9573170598 0.3535156994
0.9284665729 0.5239388662
0.7472260035 0.9457350047
0.8068226607 0.8831090537
0.3604593123 0.9999629693
0.4966810081 0.9990863591
0.8711325841 0.7483235465
