0.8503039369 0.8024204924
0.6324294954 0.9897642148
0.9470350889 0.4196891307
0.9746745726 0.2262576596
0.8723900643 0.7446669062
0.8829939191 0.7118775313
0.9329662739 0.5003574161
0.8903030483 0.6871194232
0.9706530926 0.2575957905
0.9726303259 0.2423335371
0.8065643162 0.8834827994
0.5261284888 0.9983747574
0.7811784572 0.9153742402
0.7952082183 0.8988866271
0.9418070255 0.4509406928
0.9304851214 0.5134871330
0.6643262681 0.9832577335
0.7239491834 0.9604559792
0.9618302588 0.3223829002
0.2912265862 0.9999956116
0.5440944298 0.9977262496
0.6464425369 0.9872561908
0.2394483243 0.9999993804
0.9121233815 0.6014012924
0.9565296115 0.3588137638
0.9159396686 0.5844065602
0.9440725073 0.4375893892
0.6174172492 0.9919501538
0.9379309109 0.4731239117
0.9672256194 0.2833981683
0.8676789366 0.7581252418
0.9859300206 0.1321175498
0.3270939690 0.9999859807
0.8562268137 0.7882183920
0.4502155993 0.9996578588
0.9232035217 0.5502465276
0.8865610041 0.7000241814
0.9358250410 0.4848346798
0.9770074617 0.2075373440
0.8765978280 0.7320807602
0.8612139539 0.7755546672
0.9591224045 0.3412200700
0.8383726384 0.8284578061
0.3612413600 0.9999621579
0.9185894298 0.5722259486
0.5025435042 0.9989726069
0.4799970985 0.9993507886
0.3854483885 0.9999276127
0.2211316220 0.9999997204
0.2088983269 0.9999998417
0.9076376107 0.6205759646
0.9506243381 0.3973165162
0.5596211514 0.9969874018
0.8952182423 0.6694103639
0.3143696533 0.9999905723
0.3403974531 0.9999791136
0.8985563539 0.6568743415
0.9830048245 0.1575260268
0.7348976847 0.9540517695
0.5780300765 0.9958360609
0.2617399024 0.9999984910
0.9912383825 0.0842411945
0.6871698863 0.9765230761
0.7641191287 0.9321404903
0.9989295509 0.0106530743
0.5968665778 0.9942618406
0.4035183099 0.9998855456
0.4670617507 0.9995059817
0.7129057094 0.9660905357
0.9845407887 0.1442692604
0.9893471883 0.1015638075
0.7463821904 0.9463446934
0.9530537004 0.3817363418
0.9798782938 0.1839413492
0.9017691621 0.6444065146
0.8156088313 0.8697375638
0.8453196559 0.8137013638
0.9961651570 0.0376933818
0.4255899709 0.9998050543
0.2770677655 0.9999973341
0.9872559767 0.1203746939
0.9784348723 0.1958830268
0.9815733467 0.1697142739
0.3735966145 0.9999470302
0.9690877573 0.2694817496
0.8216785994 0.8597122471
0.9255763769 0.5385521603
0.9937559220 0.0607151948
0.6999687982 0.9717650637
0.8275088264 0.8494341963
0.9977401276 0.0223702880
0.9281833447 0.5253890966
0.6759001924 0.9801012545
0.1796111737 0.9999999651
0.1955768841 0.9999999182
0.9654984533 0.2960921255
0.8330680457 0.8390078266
0.9925074980 0.0724486466
0.7730222582 0.9238061375
0.9635211887 0.3103754779
