0.6187712200 0.0000000000 0.5006776851 0.4004928250 0.5023806860 0.5022857661 0.4993573615 0.5013722257 0.4999473126 0.4020491831 0.6002382332 0.5984153530
0.5856839446 0.0000000000 0.5006776851 0.4004928250 0.5023806860 0.5022857661 0.4993573615 0.5013722257 0.4999473126 0.4020491831 0.6002382332 0.5984153530
0.7446386767 0.0000000000 0.5006776851 0.4004928250 0.5023806860 0.5022857661 0.4993573615 0.5013722257 0.4999473126 0.4020491831 0.6002382332 0.5984153530
0.5734030303 0.0000000000 0.5006776851 0.4004928250 0.5023806860 0.5022857661 0.4993573615 0.5013722257 0.4999473126 0.4020491831 0.6002382332 0.5984153530
0.3048340751 1.0000000000 0.5006776851 0.4004928250 0.5023806860 0.5022857661 0.4993573615 0.5013722257 0.4999473126 0.4020491831 0.6002382332 0.5984153530
0.9074755557 0.7842640972 0.5006776851 0.4004928250 0.5023806860 0.4991223984 0.4993573615 0.5013722257 0.4999473126 0.4020491831 0.6002382332 0.5984153530
0.0000000000 0.7924576767 0.5006776851 0.4004928250 0.5023806860 0.5022857661 0.4993573615 0.5013722257 0.4999473126 0.4020491831 0.6002382332 0.5984153530
0.4855875480 1.0000000000 0.5006776851 0.4004928250 0.5023806860 0.5022857661 0.4993573615 0.5013722257 0.4999473126 0.4020491831 0.6002382332 0.5995806729
0.3712814402 1.0000000000 0.5006776851 0.4004928250 0.5023806860 0.5022857661 0.4993573615 0.5013722257 0.4999473126 0.4020491831 0.6002382332 0.5995806729
0.3712814402 0.9092206164 0.5006776851 0.4004928250 0.5023806860 0.5022857661 0.4993573615 0.5013722257 0.4999473126 0.4020491831 0.6002382332 0.5995806729
0.7206461336 1.0000000000 0.5006776851 0.4004928250 0.5023806860 0.5022857661 0.4993573615 0.5013722257 0.4999473126 0.4020491831 0.6002382332 0.5995806729
0.3712814402 0.7694492158 0.5006776851 0.4004928250 0.5023806860 0.5022857661 0.4993573615 0.5013722257 0.4999473126 0.4020491831 0.6002382332 0.5995806729
0.6270266097 1.0000000000 0.5006776851 0.4004928250 0.5023806860 0.5022857661 0.4993573615 0.5013722257 0.4999473126 0.4020491831 0.6002382332 0.5995806729
0.3377425286 1.0000000000 0.5006776851 0.4004928250 0.5023806860 0.5022857661 0.4993573615 0.5013722257 0.4999473126 0.4020491831 0.6002382332 0.5995806729
0.3377425286 0.8279310731 0.5006776851 0.4004928250 0.5023806860 0.5022857661 0.4993573615 0.5013722257 0.4999473126 0.4020491831 0.6002382332 0.5995806729
0.8857020596 1.0000000000 0.5006776851 0.4004928250 0.5023806860 0.5022857661 0.4993573615 0.5013722257 0.4999473126 0.4020491831 0.6002382332 0.5995806729
0.9136071039 1.0000000000 0.5006776851 0.4004928250 0.5023806860 0.5022857661 0.4993573615 0.5013722257 0.4999473126 0.4020491831 0.6002382332 0.5995806729
0.4216157273 1.0000000000 0.5006776851 0.4004928250 0.5023806860 0.5022857661 0.4993573615 0.5013722257 0.4999473126 0.4020491831 0.6002382332 0.5995806729
0.3377425286 0.8830092706 0.5006776851 0.4004928250 0.5023806860 0.5022857661 0.4993573615 0.5013722257 0.4999473126 0.4020491831 0.6002382332 0.5995806729
0.3377425286 0.0000000000 0.5006776851 0.4004928250 0.5023806860 0.5022857661 0.4993573615 0.5013722257 0.4999473126 0.4020491831 0.6002382332 0.5995806729
0.3083639659 0.0000000000 0.5006776851 0.4004928250 0.5023806860 0.5022857661 0.4993573615 0.5013722257 0.4999473126 0.4020491831 0.6002382332 0.5995806729
0.7002514915 0.0000000000 0.5006776851 0.4004928250 0.5023806860 0.5022857661 0.4993573615 0.5013722257 0.4999473126 0.4020491831 0.6002382332 0.5995806729
0.6704301653 0.5536245043 0.5006776851 0.4004928250 0.5023806860 0.5022857661 0.4993573615 0.5013722257 0.4999473126 0.4020491831 0.6002382332 0.5995806729
0.8558542736 0.0000000000 0.5006776851 0.4004928250 0.5023806860 0.5022857661 0.4993573615 0.5013722257 0.4999473126 0.4020491831 0.6002382332 0.5995806729
0.2260052471 0.0000000000 0.5006776851 0.4004928250 0.5023806860 0.5022857661 0.4993573615 0.5013722257 0.4999473126 0.4020491831 0.6002382332 0.5995806729
0.2233980148 1.0000000000 0.5006776851 0.4004928250 0.5023806860 0.5022857661 0.4993573615 0.5013722257 0.4999473126 0.4020491831 0.6002382332 0.5995806729
0.2233980148 0.7976052036 0.5006776851 0.4004928250 0.5023806860 0.5022857661 0.4993573615 0.5013722257 0.4999473126 0.4020491831 0.6002382332 0.5995806729
0.0798555123 0.0000000000 0.5006776851 0.4004928250 0.5023806860 0.5022857661 0.4993573615 0.5013722257 0.4999473126 0.4020491831 0.6002382332 0.5995806729
0.1134980857 0.0000000000 0.5006776851 0.4004928250 0.5023806860 0.5022857661 0.4993573615 0.5013722257 0.4999473126 0.4020491831 0.6002382332 0.5995806729
0.2233980148 0.8856919633 0.5006776851 0.4004928250 0.5023806860 0.5022857661 0.4993573615 0.5013722257 0.4999473126 0.4020491831 0.6002382332 0.5995806729
0.2841330115 0.0000000000 0.5006776851 0.4004928250 0.5023806860 0.5022857661 0.4993573615 0.5013722257 0.4999473126 0.4020491831 0.6002382332 0.5995806729
0.1602073659 0.0000000000 0.5006776851 0.4004928250 0.5023806860 0.5022857661 0.4993573615 0.5013722257 0.4999473126 0.4020491831 0.6002382332 0.5995806729
1.0000000000 1.0000000000 0.5006776851 0.4004928250 0.5023806860 0.5022857661 0.4993573615 0.5013722257 0.4999473126 0.4020491831 0.6002382332 0.5995806729
0.5040159639 0.0000000000 0.5006776851 0.4004928250 0.5023806860 0.5022857661 0.4993573615 0.5013722257 0.4999473126 0.4020491831 0.6002382332 0.5995806729
0.0000000000 1.0000000000 0.5006776851 0.4004928250 0.5023806860 0.5022857661 0.4993573615 0.5013722257 0.4999473126 0.4020491831 0.6002382332 0.5995806729
0.1766561485 0.0000000000 0.5006776851 0.4004928250 0.5023806860 0.5022857661 0.4993573615 0.5013722257 0.4999473126 0.4020491831 0.6002382332 0.5995806729
0.9607065905 0.0000000000 0.5006776851 0.4004928250 0.5023806860 0.5022857661 0.4993573615 0.5013722257 0.4999473126 0.4020491831 0.6002382332 0.5995806729
0.4044716716 0.0000000000 0.5006776851 0.4004928250 0.5023806860 0.5022857661 0.4993573615 0.5013722257 0.4999473126 0.4020491831 0.6002382332 0.5995806729
0.4044716716 1.0000000000 0.5006776851 0.4004928250 0.5023806860 0.5022857661 0.4993573615 0.5013722257 0.4999473126 0.4020491831 0.6002382332 0.5995806729
0.4044716716 0.7492226475 0.5006776851 0.4004928250 0.5023806860 0.5022857661 0.4993573615 0.5013722257 0.4999473126 0.4020491831 0.6002382332 0.5995806729
0.6806493787 1.0000000000 0.5006776851 0.4004928250 0.5023806860 0.5022857661 0.4993573615 0.5013722257 0.4999473126 0.4020491831 0.6002382332 0.5995806729
0.4044716716 0.7304689155 0.5006776851 0.4004928250 0.5023806860 0.5022857661 0.4993573615 0.5013722257 0.4999473126 0.4020491831 0.6002382332 0.5995806729
0.4832791005 0.0000000000 0.5006776851 0.4004928250 0.5023806860 0.5022857661 0.4993573615 0.5013722257 0.4999473126 0.4020491831 0.6002382332 0.5995806729
0.9304859006 0.7388424207 0.5006776851 0.4004928250 0.5023806860 0.5022857661 0.4993573615 0.5013722257 0.4999473126 0.4020491831 0.6002382332 0.5995806729
0.0000000000 0.0000000000 0.5005960593 0.4000795434 0.4987435815 0.6005662874 0.4993573615 0.5013722257 0.4999473126 0.4000506573 0.4978580157 0.4036709463
0.0000000000 0.0011388149 0.4999999912 0.4000506194 0.4999999754 0.4999999993 0.5000000025 0.5000000177 0.4999999953 0.4000506548 0.5000000055 0.5000000283
0.0000000000 0.0011389864 0.4999999899 0.4000506462 0.5000000130 0.4999999928 0.5000000024 0.5000000312 0.4999999903 0.4000506678 0.4999999704 0.5000000179
0.0000000000 0.0011383617 0.5000000104 0.4000506457 0.4999999947 0.5000000055 0.4999999918 0.4999999982 0.4999999715 0.4000506458 0.4999999904 0.4999999993
0.0000000000 0.0011382064 0.4999999742 0.4000506412 0.4999999895 0.5000000055 0.4999999551 0.4999999993 0.4999999927 0.4000506371 0.4999999904 0.4999999974
0.0000000000 0.0011391435 0.4999999891 0.4000506388 0.4999999939 0.5000000031 0.4999999843 0.4999999980 0.5000000026 0.4000506377 0.4999999855 0.5000000046
0.0000000000 0.0011393112 0.4999999803 0.4000506323 0.4999999840 0.4999999973 0.4999999934 0.4999999938 0.5000000026 0.4000506362 0.4999999877 0.4999999838
0.0000000000 0.0011394664 0.4999999798 0.4000506438 0.4999999828 0.4999999755 0.4999999822 0.4999999826 0.5000000039 0.4000506302 0.4999999812 0.4999999909
0.0000000000 0.0011395763 0.5000000286 0.4000506430 0.4999999921 0.5000000224 0.5000000076 0.4999999956 0.5000000101 0.4000506452 0.4999999955 0.5000000152
0.0000000000 0.0011396851 0.5000000116 0.4000506481 0.4999999847 0.5000000087 0.4999999991 0.4999999919 0.5000000175 0.4000506354 0.5000000171 0.4999999910
0.0000000000 0.0011402350 0.5000000380 0.4000506316 0.4999999892 0.5000000063 0.5000000084 0.4999999959 0.5000000012 0.4000506354 0.5000000322 0.5000000012
0.0000000000 0.0011385815 0.5000000274 0.4000506494 0.4999999845 0.4999999568 0.5000000115 0.5000000036 0.5000000010 0.4000506335 0.5000000297 0.5000000018
0.0000000000 0.0011403494 0.5000000274 0.4000506525 0.4999999987 0.5000000063 0.5000000072 0.4999999946 0.4999999900 0.4000506340 0.5000000105 0.5000000012
0.0000000000 0.0011453370 0.5000000403 0.4000506525 0.4999999987 0.5000000075 0.5000000039 0.4999999927 0.5000000159 0.4000506340 0.5000000105 0.5000000012
0.0000000000 0.0011405450 0.5000000059 0.4000506499 0.4999999744 0.5000000114 0.5000000084 0.4999999946 0.4999999810 0.4000506575 0.5000000188 0.5000000136
0.0000000000 0.0011399417 0.5000000059 0.4000506499 0.4999999939 0.4999999960 0.5000000084 0.4999999946 0.4999999810 0.4000506575 0.5000000188 0.5000000136
0.0000000000 0.0011400838 0.5000000059 0.4000506500 0.4999999858 0.4999999960 0.4999999795 0.4999999946 0.4999999810 0.4000506575 0.5000000249 0.5000000044
0.0000000000 0.0011406687 0.5000000189 0.4000506280 0.4999999858 0.4999999961 0.5000000116 0.4999999869 0.4999999969 0.4000506575 0.5000000221 0.5000000281
0.0000000000 0.0011398377 0.5000000083 0.4000506280 0.4999999661 0.4999999963 0.5000000226 0.5000000020 0.4999999779 0.4000506360 0.4999999903 0.5000000185
0.0000000000 0.0011408291 0.5000000146 0.4000506339 0.4999999889 0.5000000023 0.5000000289 0.5000000036 0.5000000167 0.4000506182 0.4999999929 0.5000000242
0.0000000000 0.0011414226 0.4999999781 0.4000506386 0.4999999890 0.4999999869 0.4999999822 0.4999999662 0.5000000005 0.4000506381 0.4999999731 0.5000000071
0.0000000000 0.0011409993 0.4999999826 0.4000506759 0.4999999960 0.4999999936 0.4999999846 0.4999999841 0.5000000198 0.4000506118 0.4999999954 0.5000000147
0.0000000000 0.0011445216 0.4999999967 0.4000506759 0.4999999876 0.4999999906 0.4999999811 0.4999999840 0.5000000198 0.4000506118 0.4999999985 0.4999999911
0.0000000000 0.0011446224 0.4999999771 0.4000506341 0.4999999876 0.5000000014 0.4999999923 0.4999999830 0.5000000198 0.4000506189 0.4999999996 0.5000000110
0.0000000000 0.0011415445 0.4999999806 0.4000506434 0.4999999824 0.4999999918 0.5000000006 0.4999999852 0.5000000179 0.4000506182 0.4999999692 0.5000000215
0.0000000000 0.0011411936 0.4999999943 0.4000506357 0.4999999824 0.5000000193 0.5000000006 0.4999999852 0.5000000179 0.4000506182 0.4999999692 0.4999999962
0.0000000000 0.0011433946 0.5000000094 0.4000506348 0.5000000242 0.4999999904 0.5000000036 0.5000000008 0.4999999924 0.4000506091 0.4999999734 0.5000000129
0.0000000000 0.0011416544 0.5000000042 0.4000506461 0.4999999939 0.4999999983 0.5000000036 0.4999999971 0.5000000101 0.4000506251 0.4999999794 0.5000000176
0.0000000000 0.0011436896 0.5000000158 0.4000506294 0.4999999899 0.4999999937 0.4999999940 0.4999999971 0.5000000182 0.4000506409 0.4999999854 0.5000000099
0.0000000000 0.0011418173 0.5000000293 0.4000506357 0.4999999996 0.5000000091 0.4999999882 0.4999999954 0.5000000054 0.4000506264 0.4999999867 0.5000000122
0.0000000000 0.0011439167 0.4999999529 0.4000506195 0.5000000039 0.5000000034 0.4999999699 0.4999999888 0.4999999881 0.4000506354 0.4999999741 0.5000000004
0.0000000000 0.0011432970 0.4999999901 0.4000506834 0.5000000309 0.4999999661 0.4999999915 0.5000000024 0.5000000057 0.4000506102 0.4999999605 0.4999999901
0.0000000000 0.0011419675 0.4999999804 0.4000506262 0.4999999925 0.5000000165 0.4999999803 0.4999999898 0.5000000114 0.4000506220 0.4999999804 0.5000000121
0.0000000000 0.0011427502 0.4999999975 0.4000506341 0.5000000227 0.5000000146 0.5000000088 0.4999999584 0.5000000135 0.4000506165 0.5000000149 0.5000000039
0.0000000000 0.0011420714 0.5000000093 0.4000506361 0.5000000069 0.4999999826 0.5000000015 0.4999999823 0.5000000119 0.4000506516 0.4999999935 0.5000000088
0.0000000000 0.0011421877 0.5000000138 0.4000506288 0.5000000033 0.4999999876 0.5000000077 0.4999999876 0.5000000179 0.4000506462 0.5000000015 0.5000000092
0.0000000000 0.0011423213 0.4999999859 0.4000506288 0.4999999772 0.4999999876 0.5000000119 0.4999999876 0.5000000099 0.4000506462 0.5000000015 0.5000000016
