89.5124549267 84.8255635903 0.0000000000 0.0000000000 0.0000000000 0.0000000000 0.0000000000 0.0000000000 0.0000000000 0.0000000000 0.0000000000 0.0000000000
59.5222755555 48.2026832136 0.0000000000 0.0000000000 0.0000000000 0.0000000000 0.0000000000 0.0000000000 0.0000000000 0.0000000000 0.0000000000 0.0000000000
97.5120018096 71.4907909391 0.0000000000 0.0000000000 0.0000000000 0.0000000000 0.5008276365 0.9331063788 0.0000000000 0.7305597491 0.0000000000 0.9116699693
44.8284520790 65.4732790456 0.0000000000 0.0000000000 1.0185420163 0.0000000000 0.2240752419 0.0000000000 0.0000000000 0.3143497447 0.0000000000 0.1489629691
78.2263799892 65.5246672199 0.1428315970 0.1398291208 0.0000000000 0.0000000000 0.0000000000 0.2544656085 0.1011543901 0.0460877667 0.7829181916 0.1597917964
55.4990416437 69.4931621580 0.1784148204 0.0000000000 0.0283094557 0.0000000000 0.0000000000 0.0000000000 0.0352874742 0.0000000000 0.0000000000 0.0300170162
8.7824318058 35.5355245717 0.0000000000 0.0000000000 0.0000000000 0.0544665033 0.0018643380 0.0801001346 0.0194364387 0.0251986187 0.0000000000 0.0000000000
56.8636953554 84.8273852634 0.0000000000 0.0612000097 0.0000000000 0.0000000000 0.0000000000 0.0546332864 0.0241588178 0.0000000000 0.0000000000 0.0000000000
26.1870352842 99.4523252570 0.0067612647 0.0039118966 0.0000000000 0.0000000000 0.0133181823 0.0000000000 0.0017477738 0.0001963546 0.0000000000 0.0000000000
66.7927583089 59.5785561163 0.0040862138 0.0032668615 0.0000000000 0.0000000000 0.0000000000 0.0000000000 0.0000000000 0.0000000000 0.0000000000 0.0050200958
94.2241517778 92.1481995318 0.0000983376 0.0000000000 0.0046558495 0.0009387621 0.0020644425 0.0059627720 0.0000000000 0.0000484887 0.0019556653 0.0000000000
94.2241517778 63.5523006795 0.0000000000 0.0002963718 0.0000000000 0.0009387621 0.0011053469 0.0039550285 0.0007233556 0.0000484887 0.0031348456 0.0000000000
60.2133776932 97.5215389871 0.0035772830 0.0005078677 0.0027302458 0.0012844096 0.0005737452 0.0009436093 0.0006511287 0.0000000000 0.0008233136 0.0000000000
71.4749443582 72.8486603444 0.0021229218 0.0000000000 0.0000000000 0.0000830144 0.0001414587 0.0009436093 0.0000000000 0.0000000000 0.0012349454 0.0000000000
82.1628892449 66.8208351941 0.0021363207 0.0000893858 0.0000699782 0.0014318858 0.0015396556 0.0000000000 0.0000000000 0.0000330662 0.0000000000 0.0031276940
63.5073704838 66.8208351941 0.0000000000 0.0000893858 0.0000699782 0.0033108282 0.0011498796 0.0000000000 0.0000000000 0.0000330662 0.0007034115 0.0031276940
92.8631050030 42.7845307638 0.0005678161 0.0000000000 0.0000000000 0.0000000000 0.0000171168 0.0000000000 0.0000000000 0.0000823251 0.0003816920 0.0008676002
36.1337914466 96.1729088470 0.0003781106 0.0000000000 0.0001689482 0.0000000000 0.0000000000 0.0000000000 0.0000957179 0.0001819996 0.0000201162 0.0018107138
23.6148757254 92.1318438472 0.0003260240 0.0001976845 0.0008187030 0.0002389705 0.0000000000 0.0006682070 0.0001426163 0.0000657632 0.0000000000 0.0009435711
14.0312834557 96.8349991539 0.0003043348 0.0000000000 0.0004317718 0.0000000000 0.0000000000 0.0005860448 0.0000000000 0.0000582785 0.0001581025 0.0002532640
98.8795981463 84.2029270216 0.0000000000 0.0001416143 0.0001484792 0.0000000000 0.0000890349 0.0000000000 0.0000000000 0.0003346480 0.0000000000 0.0000000000
88.8306492585 50.7442731089 0.0000000000 0.0001302907 0.0001164459 0.0000000000 0.0000764430 0.0002454416 0.0000000000 0.0000380141 0.0000419428 0.0000000000
14.2031336166 27.4966406334 0.0000208255 0.0000000000 0.0000000000 0.0001539783 0.0000000000 0.0000000000 0.0000382116 0.0000000000 0.0000000000 0.0002853688
88.1568074593 98.7703473523 0.0000198274 0.0001103837 0.0000000000 0.0000000000 0.0000298440 0.0000000000 0.0000979402 0.0000000000 0.0003827685 0.0004816792
72.1749254464 98.7703473523 0.0003420885 0.0000000000 0.0000000000 0.0000000000 0.0000298440 0.0000000000 0.0000000000 0.0000021700 0.0000469616 0.0004816792
38.1595764743 84.1425205464 0.0000000000 0.0000840939 0.0000000000 0.0000000000 0.0000609851 0.0000205931 0.0000923811 0.0000394137 0.0000000000 0.0000000000
30.1167574624 84.1425205464 0.0000362108 0.0000000000 0.0000000000 0.0000653343 0.0000609851 0.0000446637 0.0001881135 0.0000394137 0.0000000000 0.0000000000
27.5030231001 66.8454984558 0.0000593495 0.0000283302 0.0000000000 0.0000000000 0.0001996418 0.0000786864 0.0000429436 0.0000000000 0.0000000000 0.0000000000
88.8409398680 56.1983966569 0.0000433895 0.0000000000 0.0000511933 0.0000158291 0.0000000000 0.0000816069 0.0001145527 0.0000052137 0.0000194554 0.0000000000
99.4721325372 56.1983966569 0.0000433895 0.0000000000 0.0000223577 0.0000604650 0.0000000000 0.0000853473 0.0000613723 0.0000527698 0.0000005087 0.0000362062
9.8842313619 66.8011324523 0.0000498140 0.0000046529 0.0000159598 0.0000680704 0.0000000000 0.0000250149 0.0000018963 0.0000000000 0.0000084386 0.0000682503
78.2265098617 55.5166433593 0.0000103008 0.0000121521 0.0000000000 0.0000000000 0.0000252557 0.0000027546 0.0000000000 0.0000000000 0.0000087095 0.0000176461
37.4908421003 36.8032734393 0.0000051504 0.0000061604 0.0000091663 0.0000000000 0.0000205715 0.0000000000 0.0000012152 0.0000152540 0.0000415487 0.0000293788
43.5663365788 90.1694286377 0.0000073382 0.0000046399 0.0000000000 0.0000309911 0.0001037676 0.0000198577 0.0000000000 0.0000053284 0.0000218970 0.0000000000
0.0000000000 90.1694286377 0.0000245520 0.0000164667 0.0000423681 0.0000000000 0.0000297719 0.0000204725 0.0000575769 0.0000047070 0.0000000000 0.0000463476
76.8111545298 90.1694286377 0.0000245520 0.0000164667 0.0000000000 0.0000000000 0.0000041604 0.0000198577 0.0000000000 0.0000126461 0.0000000000 0.0000463476
8.0508939886 83.4773872428 0.0000000000 0.0000129219 0.0000149999 0.0000110930 0.0000000000 0.0000123696 0.0000000000 0.0000000000 0.0000000000 0.0000063833
72.9114763589 83.5412419870 0.0000016665 0.0000000000 0.0000002910 0.0000000000 0.0000042398 0.0000052700 0.0000134066 0.0000018078 0.0000000000 0.0000157493
36.6730509755 52.1782049266 0.0000032711 0.0000000000 0.0000028929 0.0000000000 0.0000042398 0.0000013078 0.0000049808 0.0000070187 0.0000000000 0.0000000000
59.4178162446 20.8634503448 0.0000016762 0.0000000000 0.0000000000 0.0000000000 0.0000031675 0.0000000412 0.0000034080 0.0000012377 0.0000000000 0.0000072381
20.1266462792 56.9066793307 0.0000000000 0.0000000000 0.0000055888 0.0000000000 0.0000019941 0.0000000000 0.0000000000 0.0000005935 0.0000020884 0.0000067911
58.9120138883 65.4389174646 0.0000000000 0.0000048890 0.0000000218 0.0000000000 0.0000090988 0.0000056624 0.0000000000 0.0000006894 0.0000000000 0.0000067911
72.1212319719 44.2003199808 0.0000000000 0.0000039444 0.0000000000 0.0000035044 0.0000002630 0.0000000000 0.0000017544 0.0000033248 0.0000006238 0.0000068098
27.4838070670 58.1535255338 0.0000000000 0.0000035014 0.0000000000 0.0000000000 0.0000000000 0.0000000277 0.0000000000 0.0000005859 0.0000023205 0.0000001062
97.4817578564 28.8170908923 0.0000000000 0.0000000000 0.0000000000 0.0000003819 0.0000000000 0.0000042272 0.0000002366 0.0000000000 0.0000002568 0.0000009812
47.5081736987 74.7860757601 0.0000000000 0.0000035554 0.0000000000 0.0000000000 0.0000000000 0.0000021981 0.0000029612 0.0000039864 0.0000027981 0.0000006697
75.4807089319 32.7910465070 0.0000000000 0.0000000000 0.0000011157 0.0000000000 0.0000001331 0.0000009260 0.0000000000 0.0000000601 0.0000007470 0.0000000000
34.9749147170 82.1149578890 0.0000009867 0.0000001088 0.0000000000 0.0000009834 0.0000000000 0.0000020825 0.0000000000 0.0000003664 0.0000013635 0.0000000000
8.8563185636 52.2341767927 0.0000013226 0.0000000000 0.0000000000 0.0000002745 0.0000019930 0.0000008073 0.0000010322 0.0000003664 0.0000000000 0.0000001373
44.8930734392 52.2341767927 0.0000011418 0.0000014759 0.0000000000 0.0000000000 0.0000000294 0.0000000000 0.0000010322 0.0000008702 0.0000004092 0.0000001373
52.9125676633 50.8046701871 0.0000007003 0.0000000000 0.0000039457 0.0000000000 0.0000000000 0.0000018215 0.0000003335 0.0000017398 0.0000014588 0.0000001373
24.0287423883 32.1224359085 0.0000000000 0.0000016314 0.0000000000 0.0000002440 0.0000000000 0.0000000000 0.0000003129 0.0000007686 0.0000002143 0.0000022963
69.5250211984 18.2390443520 0.0000008300 0.0000000000 0.0000004134 0.0000000000 0.0000000000 0.0000000000 0.0000000000 0.0000001311 0.0000000000 0.0000006991
24.2755340427 50.7363176960 0.0000000018 0.0000012719 0.0000003808 0.0000001544 0.0000009669 0.0000000000 0.0000000000 0.0000000000 0.0000000000 0.0000021041
52.7103122560 50.7363176960 0.0000003754 0.0000012719 0.0000007794 0.0000000000 0.0000009669 0.0000000000 0.0000009937 0.0000000000 0.0000000000 0.0000012091
0.0000000000 74.8808310287 0.0000002580 0.0000000000 0.0000000684 0.0000000000 0.0000003580 0.0000002005 0.0000005425 0.0000003752 0.0000000000 0.0000000000
15.1699787617 74.8808310287 0.0000000417 0.0000000000 0.0000000684 0.0000007594 0.0000000000 0.0000002005 0.0000005586 0.0000003752 0.0000000000 0.0000000000
55.5504148785 95.4042764017 0.0000001422 0.0000006088 0.0000001263 0.0000000000 0.0000000000 0.0000002046 0.0000001194 0.0000000506 0.0000000000 0.0000001112
37.5446022834 62.0902887691 0.0000000415 0.0000000000 0.0000000417 0.0000001370 0.0000000000 0.0000000314 0.0000000000 0.0000003700 0.0000005160 0.0000009072
70.8070002956 32.0030818870 0.0000000000 0.0000002192 0.0000001309 0.0000001829 0.0000000144 0.0000000207 0.0000003528 0.0000000197 0.0000003341 0.0000004390
19.6235029023 77.5132609824 0.0000001319 0.0000000000 0.0000001309 0.0000000266 0.0000000144 0.0000004270 0.0000000000 0.0000000000 0.0000001441 0.0000000473
0.0000000000 35.5048902030 0.0000001631 0.0000000000 0.0000000000 0.0000000394 0.0000000416 0.0000000797 0.0000000000 0.0000001101 0.0000000000 0.0000000192
0.0000000000 62.9339450542 0.0000000172 0.0000000000 0.0000000358 0.0000000000 0.0000000000 0.0000003114 0.0000000932 0.0000000000 0.0000000000 0.0000000000
0.0000000000 52.1087560520 0.0000000172 0.0000002475 0.0000000000 0.0000000933 0.0000000000 0.0000000000 0.0000000932 0.0000000000 0.0000000590 0.0000000000
0.0000000000 96.0541164671 0.0000000562 0.0000000000 0.0000001346 0.0000000034 0.0000000226 0.0000000000 0.0000000000 0.0000001047 0.0000000601 0.0000000000
0.0000000000 81.6110288935 0.0000000604 0.0000002064 0.0000000000 0.0000000277 0.0000000000 0.0000001074 0.0000000000 0.0000001047 0.0000000000 0.0000002504
61.5239752284 33.3673229513 0.0000000000 0.0000000786 0.0000000170 0.0000000445 0.0000000000 0.0000000404 0.0000000000 0.0000000000 0.0000000781 0.0000000823
32.2639394093 32.7926653584 0.0000000604 0.0000000717 0.0000000170 0.0000000000 0.0000000000 0.0000000390 0.0000000000 0.0000001684 0.0000000332 0.0000000987
88.2600183426 20.8339743386 0.0000000000 0.0000000270 0.0000000247 0.0000000000 0.0000000344 0.0000000165 0.0000000197 0.0000000151 0.0000000462 0.0000000000
29.4138063090 20.8339743386 0.0000000319 0.0000000839 0.0000000389 0.0000000346 0.0000002140 0.0000000000 0.0000000081 0.0000000404 0.0000000204 0.0000000000
43.5301829309 20.3009481921 0.0000000000 0.0000000909 0.0000000442 0.0000000000 0.0000000041 0.0000000518 0.0000000000 0.0000000019 0.0000000218 0.0000000026
9.4946456594 44.2051316032 0.0000000000 0.0000000000 0.0000001314 0.0000000087 0.0000000000 0.0000000649 0.0000000000 0.0000000635 0.0000000319 0.0000000008
96.8345625118 24.0449215342 0.0000000183 0.0000000370 0.0000000000 0.0000000134 0.0000000493 0.0000000031 0.0000000631 0.0000000096 0.0000000325 0.0000000288
96.8345625118 12.0740255769 0.0000000000 0.0000000000 0.0000000000 0.0000000134 0.0000000189 0.0000000000 0.0000000000 0.0000000000 0.0000000266 0.0000000428
57.4486416880 12.8286795090 0.0000000234 0.0000000259 0.0000000645 0.0000000078 0.0000000000 0.0000000034 0.0000000000 0.0000000000 0.0000000050 0.0000000375
7.1528185153 18.7717782074 0.0000000000 0.0000000000 0.0000000364 0.0000000041 0.0000000000 0.0000000158 0.0000000000 0.0000000016 0.0000000000 0.0000000363
24.1141819536 15.3803514283 0.0000000109 0.0000000109 0.0000000216 0.0000000032 0.0000000000 0.0000000000 0.0000000000 0.0000000045 0.0000000017 0.0000000006
16.1414998394 15.2830959455 0.0000000007 0.0000000055 0.0000000000 0.0000000038 0.0000000000 0.0000000112 0.0000000074 0.0000000000 0.0000000017 0.0000000000
65.4780474396 8.8907397744 0.0000000065 0.0000000000 0.0000000009 0.0000000027 0.0000000091 0.0000000000 0.0000000017 0.0000000094 0.0000000000 0.0000000054
98.8326396826 0.2362486794 0.0000000075 0.0000000014 0.0000000009 0.0000000000 0.0000000000 0.0000000020 0.0000000000 0.0000000048 0.0000000027 0.0000000054
47.5448239343 10.2092624805 0.0000000014 0.0000000007 0.0000000100 0.0000000016 0.0000000042 0.0000000047 0.0000000000 0.0000000000 0.0000000020 0.0000000105
27.5386853764 6.1037106804 0.0000000000 0.0000000013 0.0000000010 0.0000000001 0.0000000000 0.0000000000 0.0000000003 0.0000000008 0.0000000009 0.0000000015
21.5066710408 8.3654798746 0.0000000021 0.0000000024 0.0000000004 0.0000000004 0.0000000014 0.0000000000 0.0000000031 0.0000000000 0.0000000000 0.0000000005
85.5110836491 0.0000000000 0.0000000001 0.0000000001 0.0000000002 0.0000000000 0.0000000007 0.0000000001 0.0000000001 0.0000000000 0.0000000004 0.0000000001
56.1628335769 0.0000000000 0.0000000000 0.0000000001 0.0000000006 0.0000000000 0.0000000003 0.0000000001 0.0000000002 0.0000000002 0.0000000001 0.0000000001
50.8173816753 0.1627411235 0.0000000000 0.0000000000 0.0000000000 0.0000000000 0.0000000002 0.0000000001 0.0000000000 0.0000000000 0.0000000001 0.0000000000
92.1778405397 0.0000000000 0.0000000001 0.0000000002 0.0000000002 0.0000000000 0.0000000005 0.0000000000 0.0000000000 0.0000000000 0.0000000002 0.0000000000
79.5165089089 0.0000000000 0.0000000000 0.0000000001 0.0000000002 0.0000000000 0.0000000005 0.0000000001 0.0000000000 0.0000000000 0.0000000001 0.0000000000
73.5505642769 0.2332068726 0.0000000000 0.0000000001 0.0000000001 0.0000000000 0.0000000006 0.0000000000 0.0000000000 0.0000000000 0.0000000001 0.0000000000
66.8780203707 0.0000000000 0.0000000000 0.0000000001 0.0000000001 0.0000000000 0.0000000006 0.0000000000 0.0000000000 0.0000000000 0.0000000001 0.0000000000
44.8043020462 0.0000000000 0.0000000000 0.0000000001 0.0000000001 0.0000000000 0.0000000005 0.0000000000 0.0000000000 0.0000000000 0.0000000001 0.0000000000
61.5300058349 0.2696607349 0.0000000000 0.0000000001 0.0000000001 0.0000000000 0.0000000006 0.0000000000 0.0000000000 0.0000000001 0.0000000001 0.0000000000
37.4783994893 0.0000000000 0.0000000000 0.0000000002 0.0000000001 0.0000000000 0.0000000005 0.0000000000 0.0000000000 0.0000000000 0.0000000001 0.0000000000
32.7630849451 0.0000000000 0.0000000000 0.0000000001 0.0000000001 0.0000000000 0.0000000005 0.0000000000 0.0000000000 0.0000000000 0.0000000001 0.0000000000
12.8245084389 0.0000000000 0.0000000001 0.0000000001 0.0000000001 0.0000000000 0.0000000005 0.0000000000 0.0000000000 0.0000000000 0.0000000001 0.0000000000
6.1683970092 0.0000000000 0.0000000000 0.0000000001 0.0000000001 0.0000000000 0.0000000005 0.0000000000 0.0000000000 0.0000000000 0.0000000001 0.0000000000
17.5421627584 0.0000000000 0.0000000000 0.0000000001 0.0000000001 0.0000000000 0.0000000005 0.0000000000 0.0000000000 0.0000000000 0.0000000001 0.0000000000
9.5467679632 5.4088427542 0.0000000000 0.0000000001 0.0000000001 0.0000000000 0.0000000005 0.0000000000 0.0000000000 0.0000000000 0.0000000001 0.0000000000
0.0000000000 5.4777905178 0.0000000000 0.0000000001 0.0000000001 0.0000000000 0.0000000005 0.0000000000 0.0000000000 0.0000000000 0.0000000001 0.0000000000
1.9910792150 0.0000000000 0.0000000000 0.0000000001 0.0000000001 0.0000000000 0.0000000005 0.0000000000 0.0000000000 0.0000000000 0.0000000001 0.0000000000
