60.2974093474 37.6192471256 -55.7953367043
99.5352748812 36.2571078813 -73.7502391039
99.5352748812 82.9810268177 -98.9604097859
30.2591175977 97.5936806027 -74.3269598899
48.2567002819 26.2822065572 -42.7642052081
88.5158277843 77.8693777083 -94.2240875007
34.6536557679 84.7235241048 -61.9769532522
15.5979108170 96.9691509441 -58.9762853503
30.3776529507 91.0282552898 -68.0137232472
51.5891845266 98.9439738043 -85.9781103409
83.5402178271 98.2708505719 -101.1750287408
66.2827743474 30.9314479010 -56.1255922327
16.9534798531 63.6543967095 -44.1412208921
77.5481656201 93.5631042043 -95.4242329322
75.5678120055 83.6183757990 -91.5053800641
42.9389335284 44.3323930481 -48.0005325589
90.9976352055 31.5443395434 -65.2420149120
92.9330995756 60.8574914862 -85.3225899649
24.9833483816 54.8958469659 -44.2621929299
90.8457182881 94.3138527368 -96.9126199363
31.5606129471 61.5650923555 -52.2801818912
29.6818406232 70.2335999635 -54.4282708114
69.6224617194 68.9529162113 -79.9312843359
36.2191686190 52.8273228942 -43.2778553112
67.7011518190 78.9444547173 -76.9688383216
35.5577678689 33.7153930953 -33.6663758813
80.8932711444 31.4627708335 -56.8384190439
25.4539508151 48.3160187390 -34.9006081391
56.2711230891 28.2330046177 -48.3664980823
48.2430717243 85.6011468247 -77.5877297896
44.8788268243 34.2890405455 -43.7130824849
79.6528948945 80.1702592419 -81.3165169157
78.9436711096 57.5321936384 -76.0360389801
67.6125668509 57.5321925897 -69.3138428274
52.3590913831 57.5321918744 -54.9493042707
20.4396369007 57.5321919860 -35.2262905602
25.6455046692 78.2925450011 -58.9082499936
58.2915862416 80.9464422580 -80.4716685833
8.2082534237 88.8928226532 -53.9942439901
69.5936351155 42.1958909475 -62.2106711937
17.6442738296 83.6777448878 -51.9502595228
52.2747593709 42.8916409401 -54.0857209263
79.5170776847 66.9197629881 -78.4107466470
68.9688275745 18.2113840148 -48.5392904025
38.2657303608 73.5838956807 -64.6980232629
54.9097959406 73.5838960732 -74.1329102917
98.2534307931 94.2558833549 -112.2223855643
98.2534306974 55.6110602189 -89.4505943105
98.2534307797 46.2751567165 -83.9815204878
98.2534307450 24.1587563625 -67.5929606940
76.2386976486 49.6800683430 -68.5063644564
93.6640190336 49.6800682328 -74.6966661512
0.1000001794 81.6207236247 -46.6940014302
38.9347823488 58.2718120786 -56.2775190894
63.6782095779 24.3018516730 -45.5853989410
0.1000000617 90.8667510817 -47.5060274496
61.6031620625 53.4688532360 -56.2600618157
51.6331835470 17.5758980884 -38.8906684422
80.3223819508 21.5725535056 -55.6650196954
3.6180782347 68.9656178286 -40.8055151754
0.1000000634 55.0106934509 -27.3112442790
0.1000000561 44.2383045003 -24.6081756757
0.1000001039 62.9847760738 -34.0036883757
91.6017955926 40.8245180578 -71.3083826964
91.6017955917 10.8797462740 -59.0131938477
72.2943619047 25.6765169736 -54.1474769163
25.6381213876 33.6154392844 -33.2949125887
72.9574961618 33.6154392729 -61.1710440906
0.1000000171 33.6154392602 -18.6919240442
19.6975055831 33.6154392679 -27.9908700584
98.9455129283 15.5081624393 -64.6931961867
60.3136601676 14.1543130984 -39.0343158150
98.9227317544 7.5305228130 -61.1610379394
50.9023263949 0.1000000012 -28.3712443413
50.9023263956 8.3010770852 -33.0891057078
97.6401192671 0.5200724691 -54.6126262106
90.9631493645 18.7137087523 -54.4834674591
8.8952893106 24.9502283307 -18.6153262627
36.3239958708 23.4884131482 -29.2066483671
50.2440984415 15.3195089191 -28.8308297392
79.5776088586 10.1069746558 -48.5737667083
84.2871334510 0.1000000002 -48.2655971336
92.3325577363 1.8048913788 -48.7191014408
58.2196417563 0.1000000004 -31.6710867358
62.2826824947 2.3268853920 -36.7328053137
73.5514226639 2.8411817535 -41.4839346605
45.6452041320 7.1083998901 -26.6058779741
34.3171365384 0.1000000001 -18.0891624632
14.9041814018 10.2307511010 -13.3945247012
31.5210162351 9.0147982640 -19.6319024055
50.3731250432 5.9750818564 -21.9602004133
28.2638365164 2.2301287163 -16.8538128806
23.6139201730 0.1000000001 -12.8292647427
18.9015304480 0.1000000002 -9.8579103522
12.2002215547 6.8627280401 -9.0375141704
7.5500481327 3.0315188090 -4.5477255943
0.1000000001 2.2275851199 -0.2145539997
4.8011537696 2.2275851199 -2.0463430648
0.1000000001 5.5035717394 -1.5768064744
4.3224973075 5.4616334992 -3.3262393662
