53.0126737782 80.2397742898 -72.6646914588
96.9582259304 45.5805520946 -82.0664722236
41.2355602008 99.9257522646 -75.1986140790
51.8311689508 39.1538485520 -48.8628554563
94.5337145710 66.5469783914 -89.9166308240
62.5171731691 12.5992415348 -39.3154986884
34.3949054822 90.4696407193 -68.6654507193
70.9596944897 95.6575607487 -94.8180078591
74.2478938898 73.6534802310 -83.3027652159
27.5410188241 98.9610426649 -71.2792290146
58.3304668783 70.9772264930 -73.5674669297
64.8913690177 63.5098634971 -65.6217157088
39.5782453610 74.9383123616 -66.1977032826
64.9727483462 78.8739713322 -78.8302929352
10.3700193823 94.9249532937 -59.6412636961
87.5365018280 22.2344920517 -58.6147907266
92.2819182686 22.2334232290 -65.9289629328
50.2947614039 22.2337342953 -40.9008569731
78.2160926441 22.9773139775 -55.3730906873
37.5475851839 22.9767757270 -32.7143702821
67.6669786203 87.6081568045 -86.8930456220
74.9679752816 84.9088562580 -91.4853622461
80.9942067793 12.9523181071 -50.5625005103
86.2705726746 85.5621686403 -98.7637941711
58.1981877025 21.3820875795 -33.2137163347
92.9311967205 38.2928369194 -76.0462624416
92.9311967205 88.2840371098 -105.5694512410
92.9312111075 78.2090776215 -96.6300331640
92.9311777555 0.1001101367 -53.8252056190
44.9751664419 56.2807906233 -57.5314263022
22.3283887158 32.3373954362 -28.0657748499
70.2300478095 32.3373187449 -56.2083714387
41.6141760343 32.3373013888 -40.4243221897
94.9979065114 32.3374353366 -67.0611309373
72.9209170710 64.2844780833 -79.5105923962
88.9937093407 13.6574996783 -54.8271885018
26.8357401080 24.8830362711 -25.5020067527
86.2949993726 45.5455909111 -74.1269418672
32.2290881346 60.3020466877 -51.9697366552
56.1731626740 87.5799941470 -77.2973099125
84.2649576721 36.9359695375 -70.4646688151
62.3347892976 36.9359933532 -53.8590597532
58.2513186745 97.5700979201 -89.5995995518
58.2512785485 46.9877891663 -59.0794226254
60.9626956949 29.6876249000 -48.9290390849
78.2816896240 46.2132637522 -70.4961372587
87.5567315480 98.9765139424 -104.5582627384
68.2618591399 20.2031536448 -50.0816992631
35.5551415467 48.2591487727 -47.4296456120
72.2700411410 45.0397173229 -62.0328986813
42.2449882522 88.9660798801 -74.8859470314
72.2510412836 54.2893976060 -73.0288242626
53.6773421060 54.2893996017 -58.2686849376
84.2878787031 54.2893942241 -79.8744163026
84.2878834497 0.1000079465 -48.2320299946
43.4789375332 51.6071165520 -47.5377563305
89.6440907646 71.4931882732 -81.9976258252
94.9555724300 54.3417911724 -82.6055790338
44.9227738315 18.1464806834 -32.9998979322
56.8955129753 0.1000043358 -31.4927084524
45.5028638965 73.6639548269 -60.2038569077
24.3680071537 72.2518330139 -52.7163666427
70.9253290441 0.1000007312 -40.7748155522
31.6658538784 29.6151560078 -33.2512606195
23.5665272312 63.5408909973 -47.1581455594
28.9811101984 12.9310579417 -22.7870349438
35.6953377243 19.6981322209 -25.3316365756
35.6953372205 75.5155937204 -53.9211059672
39.6371597660 4.2442817439 -24.0653310618
25.6609436937 52.9461242810 -43.9879734873
9.0495237840 22.9482674746 -16.2826532436
16.4779257078 36.2859094831 -23.0620748891
11.6437293160 28.9550352144 -22.3991957916
17.6223247127 55.0137690800 -37.2303731869
23.5421428198 0.1000000278 -11.8425070357
27.5676616379 85.6337883597 -64.1025228188
16.2452443000 10.6057271370 -8.4441548265
18.4184938048 44.2878715946 -31.0049272796
14.2357904971 72.9111192909 -49.7117607734
11.4868121791 84.3051043280 -52.1103243677
1.6964487506 98.9411913585 -58.0636348958
0.1000000003 95.5364704499 -50.4681729388
1.0167583764 50.9302825585 -29.4797003665
0.1000000001 68.2448200502 -38.8259296205
4.1436073353 62.2261327931 -36.0446439364
0.1000000001 80.9003680083 -45.5837656681
0.1000000001 61.6966325018 -28.3460039781
0.3789942484 74.9091795349 -42.7402344593
2.5490990024 86.2383672742 -49.0614083262
0.5695767922 53.0996909376 -14.7038922376
1.3996968403 42.1598536628 -18.3273353839
3.5309016371 22.2910300652 -13.7546836841
4.3055962310 32.8461655047 -17.6594511968
2.7334781068 17.5090922053 -8.0469491057
5.4769973250 5.5889881677 -4.4566798341
0.8988864015 3.6130825568 -1.5267442842
0.1000000001 12.9698232680 -6.3792385162
0.1000000001 23.0359272528 -9.6201437723
5.6650268682 0.1000000001 -1.9879703752
0.1000000001 8.2994180140 -3.7286916107
