0.5706626333 0.6972878956 0.5000005509 0.4000506929 0.5000003200 0.4999620522 0.5999493423 0.4000467289 0.4000361179 0.4999999607 0.2999811182 0.4999998100
0.7292960220 1.0000000000 0.5000004797 0.4000506835 0.5000002910 0.4999620522 0.5999493343 0.4000471424 0.4000361388 0.4999999288 0.2999817908 0.4999998019
0.8659673243 0.2840567610 0.5000004417 0.4000506358 0.5000003135 0.4999620522 0.5999493282 0.4000477488 0.4000361522 0.4999999373 0.2999826454 0.4999997842
0.0892430263 0.0000000000 0.5000005624 0.4000506773 0.5000000775 0.4999620522 0.5999493586 0.4000472783 0.4000360560 0.4999999373 0.2999820136 0.4999997842
1.0000000000 0.1057448700 0.5000004487 0.4000506813 0.5000004209 0.4999620522 0.5999493506 0.4000465197 0.4000360852 0.4999999420 0.2999821577 0.4999998484
0.7972707389 0.2207402261 0.5000005066 0.4000507010 0.5000002438 0.4999620522 0.5999493952 0.4000474736 0.4000361025 0.4999999433 0.2999833691 0.5000000072
0.7972707389 1.0000000000 0.5000005066 0.4000507010 0.5000002438 0.4999620522 0.5999493481 0.4000471173 0.4000361227 0.4999999610 0.2999833691 0.4999998096
1.0000000000 0.3989748820 0.5000004489 0.4000507354 0.5000001452 0.4999620522 0.5999493176 0.4000474613 0.4000361699 0.4999999653 0.2999815985 0.4999998979
0.6984826485 0.9363050077 0.5000004880 0.4000507354 0.5000002312 0.4999620522 0.5999493397 0.4000474613 0.4000361365 0.4999999386 0.2999830538 0.4999999341
0.3905669208 0.2249315735 0.5000003910 0.4000506412 0.5000001521 0.4999620522 0.5999493667 0.4000465172 0.4000361555 0.4999999615 0.2999836337 0.4999998830
0.8017145284 0.0000000000 0.5000004247 0.4000506984 0.5000001785 0.4999620522 0.5999493805 0.4000475744 0.4000361154 0.4999999771 0.2999835018 0.4999998694
0.9595607500 0.3010139535 0.5000004003 0.4000506836 0.5000001901 0.4999620522 0.5999493561 0.4000466270 0.4000361374 0.4999999465 0.2999821210 0.4999999233
0.7226301305 0.1681245810 0.5000004003 0.4000507267 0.5000002833 0.4999620522 0.5999493561 0.4000477556 0.4000361128 0.4999999686 0.2999831499 0.4999999233
0.9737390746 0.1681245810 0.5000005528 0.4000507267 0.5000000499 0.4999620522 0.5999493561 0.4000474485 0.4000361711 0.4999999647 0.2999830910 0.4999999233
0.7572368530 0.1047620331 0.5000004049 0.4000506711 0.5000003174 0.4992360854 0.5999493632 0.4000480929 0.4000361482 0.4999999610 0.2999827562 0.4999998972
0.6487977641 0.8783215166 0.5000004761 0.4000507072 0.5000002462 0.4992360854 0.5999492841 0.4000482705 0.4000361393 0.4999999703 0.2999837171 0.4999998923
0.0902758898 0.7940298976 0.5000003648 0.4000506737 0.5000001052 0.4998186795 0.5999493392 0.4000491892 0.4000361505 0.4999999680 0.2999875855 0.4999999112
0.4714891571 0.7544031503 0.5000003890 0.4000507143 0.5000000537 0.4994672662 0.5999493337 0.4000493491 0.4000361429 0.4999999551 0.2999859499 0.4999999061
1.0000000000 0.7364955199 0.5000003642 0.4000506720 0.5000000858 0.5000069476 0.5999493319 0.4000490052 0.4000361485 0.4999999965 0.2999882892 0.4999998747
0.6751923225 0.2471926495 0.5000003554 0.4000506963 0.5000000878 0.5000303911 0.5999493501 0.4000497625 0.4000361269 0.4999999671 0.2999903864 0.4999999026
0.2654689103 0.0000000000 0.5000003697 0.4000506852 0.5000000850 0.4999640522 0.5999493457 0.4000487689 0.4000361559 0.4999999729 0.2999877709 0.4999999116
1.0000000000 0.8797014550 0.5000004145 0.4000506855 0.5000000972 0.4998611961 0.5999493556 0.4000496095 0.4000361546 0.4999999738 0.2999844803 0.4999998761
0.4975443983 0.8584908580 0.5000003850 0.4000506804 0.5000000787 0.4999433883 0.5999493258 0.4000497766 0.4000361578 0.4999999701 0.2999908392 0.4999998752
0.6240164686 0.7755603208 0.5000004249 0.4000507200 0.5000000850 0.4999750048 0.5999493505 0.4000506466 0.4000361522 0.4999999708 0.2999900107 0.4999998560
0.6240164686 0.1068398254 0.5000003963 0.4000507200 0.5000001033 0.4998865764 0.5999493702 0.4000485522 0.4000361593 0.4999999711 0.2999902494 0.4999998593
0.6266284952 1.0000000000 0.5000003840 0.4000506460 0.5000000894 0.5000160092 0.5999493693 0.4000496161 0.4000361599 0.4999999694 0.2999897606 0.4999998788
0.2329385273 0.6286096864 0.5000003746 0.4000506820 0.5000001036 0.5000034160 0.5999493548 0.4000472555 0.4000361779 0.4999999691 0.2999936784 0.4999999252
0.7607234048 0.6443480162 0.5000003509 0.4000506818 0.5000000521 0.4999902377 0.5999493340 0.4000504378 0.4000361802 0.4999999568 0.2999969121 0.4999998881
0.8725442619 0.8040978177 0.5000003599 0.4000506772 0.5000000947 0.4999892480 0.5999493639 0.4000512446 0.4000361588 0.4999999801 0.3000009181 0.4999998885
0.7260218075 0.8187523694 0.5000003701 0.4000506807 0.5000000585 0.4999958405 0.5999493460 0.4000501085 0.4000361788 0.4999999628 0.2999979114 0.4999998567
0.2604384864 0.2778568963 0.5000003695 0.4000506969 0.5000000917 0.5000006160 0.5999493404 0.4000504959 0.4000361730 0.4999999489 0.3000433357 0.4999998584
0.8551418872 0.1678235054 0.5000003428 0.4000506937 0.5000000995 0.5000007158 0.5999493512 0.4000507308 0.4000361725 0.4999999815 0.3000339534 0.4999998307
0.5811822865 0.1726113996 0.5000003578 0.4000507043 0.5000000754 0.5000003423 0.5999493726 0.4000505553 0.4000362345 0.4999999503 0.3000839679 0.4999998581
0.7934616134 0.9214325449 0.5000003109 0.4000506825 0.5000000880 0.4999990628 0.5999493324 0.4000505706 0.4000362044 0.4999999701 0.3000940621 0.4999998570
0.8218811426 0.3290799292 0.5000003728 0.4000506825 0.5000000880 0.5000002035 0.5999493392 0.4000505706 0.4000362062 0.4999999746 0.3000940621 0.4999998405
0.9961609658 0.5431017253 0.5000002948 0.4000507075 0.5000000638 0.5000003341 0.5999493916 0.4000505911 0.4000362705 0.4999999596 0.3000940621 0.4999998536
0.3238080294 0.2185416833 0.5000003846 0.4000506819 0.5000000998 0.4999994148 0.5999493386 0.4000506328 0.4000362704 0.4999999646 0.3000931387 0.4999998593
0.1892835728 1.0000000000 0.5000002806 0.4000507037 0.5000001056 0.4999994148 0.5999493386 0.4000505305 0.4000363780 0.4999999666 0.3000794933 0.4999998585
0.4291116742 0.0000000000 0.5000003195 0.4000507084 0.5000000921 0.4999994148 0.5999493386 0.4000505811 0.4000361919 0.4999999666 0.3000847937 0.4999998714
0.6147735965 0.2866790132 0.5000003828 0.4000506904 0.5000001239 0.4999992424 0.5999493537 0.4000505015 0.4000362727 0.4999999734 0.3001062309 0.4999998624
0.8816701308 0.6166022475 0.5000000060 0.4000506899 0.5000000652 0.4999993566 0.5999493569 0.4000505735 0.4000366438 0.4999999944 0.3000961761 0.4999998546
1.0000000000 0.9392842029 0.5000003610 0.4000507065 0.5000000802 0.4999994935 0.5999493329 0.4000505700 0.4000364636 0.5000000167 0.3001012621 0.4999998213
0.2826930592 0.8096997973 0.5000001264 0.4000507035 0.5000000725 0.4999999742 0.5999493254 0.4000505705 0.4000372503 0.4999999649 0.3001020355 0.4999998658
0.8134949358 0.5854466520 0.5000001069 0.4000507035 0.5000000749 0.4999999757 0.5999493234 0.4000505492 0.4000382228 0.4999999804 0.3001013478 0.4999999209
0.8134949358 0.4950637984 0.5000001011 0.4000507035 0.5000000749 0.5000000173 0.5999492694 0.4000505838 0.4000382228 0.4999999804 0.3001009583 0.4999999007
0.4601608994 0.2736478991 0.5000000733 0.4000507035 0.5000000377 0.4999999842 0.5999493247 0.4000505913 0.4000385965 0.4999999682 0.3001015088 0.4999999135
0.1830576530 0.0000000000 0.5000001286 0.4000507035 0.5000000719 0.4999999757 0.5999493394 0.4000505751 0.4000392173 0.4999999671 0.3001012166 0.4999999088
0.3477531128 0.0000000000 0.5000001143 0.4000507035 0.5000000737 0.4999999583 0.5999493204 0.4000505766 0.4000397384 0.4999999384 0.3001012485 0.4999999045
0.3155778448 1.0000000000 0.5000001352 0.4000507035 0.5000000553 0.5000000312 0.5999493349 0.4000506028 0.4000380055 0.4999999685 0.3001012425 0.4999998839
0.5134484655 0.0000000000 0.5000000865 0.4000507035 0.5000001032 0.4999999785 0.5999493181 0.4000506093 0.4000419592 0.4999999583 0.3001004484 0.4999999035
0.9406362915 1.0000000000 0.5000000865 0.4000507035 0.4999999636 0.5000000193 0.5999493412 0.4000505706 0.4000420992 0.4999999449 0.3001011865 0.4999999035
0.7798789073 0.8538455860 0.5000000824 0.4000507035 0.4999999071 0.5000000302 0.5999493771 0.4000505613 0.4000435061 0.4999999392 0.3001012896 0.4999999110
0.8783524309 0.9370691666 0.5000001379 0.4000507035 0.5000000051 0.5000000284 0.5999493586 0.4000505910 0.4000431418 0.4999999637 0.3001012218 0.4999999207
0.9316222546 0.0000000000 0.5000001214 0.4000507035 0.5000000620 0.5000000582 0.5999493203 0.4000505841 0.4000471853 0.4999999555 0.3001012218 0.4999999040
0.4032522356 0.7142283509 0.5000000880 0.4000507035 0.4999999957 0.4999999335 0.5999493682 0.4000505746 0.4000527244 0.4999999534 0.3001012033 0.4999999022
0.5749153735 0.9746437743 0.5000001208 0.4000507035 0.5000000367 0.4999999649 0.5999493637 0.4000505735 0.4000482620 0.4999999735 0.3001011718 0.4999999151
0.5933194083 0.3841009417 0.5000001116 0.4000507035 0.5000000196 0.4999999798 0.5999493363 0.4000505627 0.4000484773 0.4999999676 0.3001012033 0.4999999295
0.8675579802 0.5379042737 0.5000000704 0.4000507035 0.5000000959 0.4999999761 0.5999493290 0.4000505790 0.4000506048 0.4999999817 0.3001011909 0.4999999256
0.7401942736 0.4247344506 0.5000000472 0.4000507035 0.5000000286 0.4999999709 0.5999492967 0.4000505660 0.4000507268 0.4999999434 0.3001012018 0.4999999408
0.6945514860 0.5900950765 0.5000000938 0.4000507035 0.5000000286 0.4999999709 0.5999493435 0.4000505660 0.4000505261 0.4999999496 0.3001012018 0.4999999224
1.0000000000 0.0000000000 0.5000000472 0.4000507035 0.5000000286 0.4999999709 0.5999493316 0.4000505660 0.4000506598 0.4999999496 0.3001012018 0.4999999408
0.8761477047 0.4429116922 0.5000000649 0.4000507035 0.5000000436 0.4999999721 0.5999493401 0.4000505660 0.4000507361 0.4999999532 0.3001012084 0.4999999400
0.0000000000 0.4834035280 0.5000000472 0.4000507035 0.5000000436 0.4999999709 0.5999493316 0.4000505660 0.4000506601 0.4999999637 0.3001012084 0.4999999400
1.0000000000 1.0000000000 0.5000000500 0.4000507035 0.5000000436 0.4999999576 0.5999493316 0.4000505658 0.4000505955 0.4999999637 0.3001011960 0.4999999519
0.3940372742 0.8903739802 0.5000000615 0.4000507035 0.5000000436 0.4999999580 0.5999493317 0.4000505587 0.4000506242 0.4999999637 0.3001012157 0.4999999374
0.4792348994 0.1458301146 0.5000000500 0.4000507035 0.5000000422 0.4999999599 0.5999493396 0.4000505868 0.4000507069 0.4999999461 0.3001012110 0.4999999519
0.8679984765 0.8742049324 0.5000000399 0.4000507035 0.5000000816 0.4999999606 0.5999493095 0.4000505868 0.4000507069 0.4999999461 0.3001012229 0.4999999519
1.0000000000 0.8085049732 0.5000000399 0.4000507035 0.5000000916 0.4999999599 0.5999493267 0.4000505868 0.4000507069 0.4999999461 0.3001012132 0.4999999519
0.8290426089 0.0833514488 0.5000000440 0.4000507035 0.5000000356 0.4999999573 0.5999493580 0.4000505943 0.4000507069 0.4999999651 0.3001012110 0.4999999540
0.5305129064 0.6153917256 0.5000000440 0.4000507035 0.5000000356 0.4999999599 0.5999493580 0.4000505937 0.4000506978 0.4999999461 0.3001012110 0.4999999540
0.3305766615 0.5217061125 0.5000000139 0.4000507035 0.5000000258 0.4999999704 0.5999493859 0.4000505959 0.4000507066 0.4999999511 0.3001012057 0.4999999500
0.5729168397 0.0000000000 0.5000000139 0.4000507035 0.5000000356 0.4999999515 0.5999493491 0.4000505931 0.4000507150 0.4999999534 0.3001012103 0.4999999524
0.6425521650 0.6777801437 0.5000000139 0.4000507035 0.5000000438 0.4999999622 0.5999493420 0.4000505984 0.4000507426 0.4999999534 0.3001012103 0.4999999689
0.6715372349 0.0000000000 0.5000000342 0.4000507035 0.5000000438 0.4999999644 0.5999493648 0.4000505882 0.4000507181 0.4999999497 0.3001012085 0.4999999459
0.5475650536 0.2882486117 0.5000000892 0.4000507035 0.5000000374 0.4999999627 0.5999493630 0.4000505589 0.4000506967 0.4999999451 0.3001012124 0.4999999653
0.5581124253 0.8858425813 0.5000000491 0.4000507035 0.5000000374 0.4999999636 0.5999493630 0.4000505891 0.4000506967 0.4999999580 0.3001012053 0.4999999617
0.8294467409 0.6818179132 0.5000000497 0.4000507035 0.5000000291 0.4999999834 0.5999493682 0.4000505891 0.4000507004 0.4999999612 0.3001012263 0.4999999282
0.1741513981 0.4153425709 0.5000000455 0.4000507035 0.5000000291 0.4999999675 0.5999493463 0.4000505827 0.4000507475 0.4999999612 0.3001012058 0.4999999334
0.8815192941 0.0497011382 0.5000000513 0.4000507035 0.5000000305 0.4999999599 0.5999493779 0.4000505692 0.4000507408 0.4999999827 0.3001012492 0.4999999334
0.4011685370 0.5484343354 0.5000000587 0.4000507035 0.5000000305 0.4999999810 0.5999493241 0.4000505996 0.4000507501 0.4999999674 0.3001012728 0.4999999334
0.7616840928 0.7250340539 0.5000000703 0.4000507035 0.5000000383 0.4999999810 0.5999493241 0.4000505814 0.4000507602 0.4999999431 0.3001012529 0.4999999334
0.4500681002 1.0000000000 0.5000000570 0.4000507035 0.5000000383 0.4999999834 0.5999493284 0.4000505855 0.4000507622 0.4999999480 0.3001012680 0.4999999307
0.6045362082 0.5868552112 0.5000000797 0.4000507035 0.5000000413 0.4999999868 0.5999492997 0.4000505773 0.4000507693 0.4999999507 0.3001012695 0.4999999310
0.9466359812 0.4354867806 0.5000000797 0.4000507035 0.5000000413 0.4999999868 0.5999492997 0.4000505902 0.4000507693 0.4999999520 0.3001012667 0.4999999033
0.7318781959 0.0000000000 0.5000000645 0.4000507035 0.5000000872 0.4999999927 0.5999492997 0.4000505779 0.4000507757 0.4999999655 0.3001012617 0.4999999197
0.9383730662 0.8641387419 0.5000000664 0.4000507035 0.5000000570 0.5000000065 0.5999492944 0.4000505810 0.4000507429 0.4999999631 0.3001012790 0.4999998954
0.7520452898 0.5300349262 0.4999999838 0.4000507035 0.4999999988 0.4999999930 0.5999492920 0.4000505697 0.4000507597 0.4999999819 0.3001012524 0.4999999129
0.4006417927 0.3820601632 0.4999999871 0.4000507035 0.4999999980 0.4999999766 0.5999492876 0.4000505660 0.4000507653 0.4999999962 0.3001012742 0.4999999129
0.7621669066 0.2758844264 0.5000000017 0.4000507035 0.4999999918 0.4999999601 0.5999492509 0.4000505827 0.4000507562 0.4999999996 0.3001012738 0.4999999296
1.0000000000 0.6149793990 0.5000000004 0.4000507035 0.4999999926 0.4999999733 0.5999492637 0.4000505479 0.4000507674 0.4999999870 0.3001012685 0.4999999383
0.5015901819 0.4191671259 0.4999999453 0.4000507035 0.4999999836 0.4999999577 0.5999492707 0.4000505545 0.4000507671 0.5000000098 0.3001012762 0.4999999396
0.8830638353 0.7328651780 0.4999999716 0.4000507035 0.4999999807 0.4999999662 0.5999492698 0.4000505667 0.4000507738 0.5000000055 0.3001012725 0.4999999061
0.5663907459 0.5004568238 0.4999999771 0.4000507035 0.4999999564 0.4999999593 0.5999492741 0.4000505593 0.4000507711 0.5000000297 0.3001012595 0.4999999388
0.9379153731 0.6557967059 0.4999999699 0.4000507035 0.4999999748 0.4999999764 0.5999492741 0.4000505593 0.4000507711 0.5000000297 0.3001012595 0.4999999388
0.9379153731 0.3570327811 0.4999999721 0.4000507035 0.4999999612 0.4999999764 0.5999492741 0.4000505593 0.4000507711 0.5000000297 0.3001012595 0.4999999379
0.9379153731 0.5125651441 0.4999999721 0.4000507035 0.4999999572 0.4999999764 0.5999492741 0.4000505593 0.4000507711 0.5000000297 0.3001012595 0.4999999388
0.6642282222 0.4026524439 0.4999999721 0.4000507035 0.4999999616 0.4999999701 0.5999492566 0.4000505373 0.4000507680 0.5000000370 0.3001012657 0.4999999388
1.0000000000 0.2392013993 0.4999999844 0.4000507035 0.4999999588 0.4999999686 0.5999492741 0.4000505593 0.4000507684 0.5000000295 0.3001012657 0.4999999652
0.4808190213 0.5369165270 0.4999999878 0.4000507035 0.4999999646 0.5000000052 0.5999492826 0.4000505621 0.4000508005 0.5000000182 0.3001012610 0.4999999279
0.9412218909 0.7863801527 0.4999999927 0.4000507035 0.4999999468 0.5000000024 0.5999492858 0.4000505476 0.4000507930 0.5000000263 0.3001012687 0.4999999543
