2.0455866457 1.3653973832 3.2674562954
1.1521188508 3.2032619383 2.5137516452
0.5537974463 1.5397354883 3.7444596136
2.9158362021 1.2458558481 2.5776327927
0.0000000000 3.6129675396 1.9097802933
2.5948295259 2.2528998151 2.2111097669
0.0000000000 2.3575446832 3.3374915731
0.0000000000 3.7601711376 1.6005269127
0.0000000000 3.2804484974 2.4361672804
3.6522263854 0.8929142404 1.6003665239
0.0000000000 2.8102248372 2.9670218582
2.7722242652 2.5407320186 1.6006208426
3.7485475871 0.2911953200 1.6003863538
3.4073273154 1.5908070696 1.6006208426
0.6892595797 3.6966836696 1.6006209759
1.2213706255 0.0000000000 3.8995470945
0.0762669059 2.0507770979 3.5338114959
2.7857612534 0.0000000000 2.9972342147
3.2164274787 1.6925247387 1.8677303449
3.4635517902 0.0000000000 2.1684791818
3.1368003602 2.1501670378 1.4951362907
0.8348399391 0.0000000000 4.0035320662
1.3385151424 2.4388720465 2.9925494003
0.2472539552 3.4024193738 2.2488175196
1.8612102618 3.3912606114 1.3153094382
0.8704150674 0.9186272505 3.8850062059
2.2220910712 1.0292082735 3.2706846041
0.5634163715 0.4643006867 4.0199884196
1.4988468541 2.7310080989 2.6435539907
0.0000000000 1.6411047952 3.7414930002
1.6411061583 0.0000000000 3.7414961078
0.8415763454 1.4090684749 3.7418401258
1.3183676698 0.9773111163 3.7414967385
0.8684996748 2.2688543265 3.2855616203
1.2776910458 3.3378191624 1.9806355363
0.3564660576 0.9312260908 3.9626275150
3.1899221294 0.9195242366 2.3820383339
2.0630969120 2.9387412190 1.9495571319
2.1270132004 0.0000000000 3.4888865419
1.0506993830 2.8796059442 2.7013230961
2.8009016639 0.6812005563 2.8952009995
2.0784685507 0.5054993366 3.4819221223
1.0788893651 3.5355214935 1.7398885050
0.0000000000 0.4373842211 4.0632806242
0.3898895135 2.0162580196 3.5321787579
3.2545926702 0.0000000000 2.4699016643
2.7222880404 1.5034965021 2.6497751217
1.6213545553 0.8954603137 3.6417160084
0.0000000000 0.0000000000 4.0852800453
1.7505971451 0.3388936806 3.6759244391
1.2223935745 1.2979825245 3.6756731944
3.3234377514 2.2590241233 0.0697475903
3.2885438341 2.2439768634 0.4148492333
3.7683566306 1.2320078187 0.5191290556
2.4069676088 3.1410409315 0.5729037672
3.9414911019 0.0000000000 0.6726795883
3.0322053328 2.5259901683 0.6426154576
3.9338141035 0.4656502360 0.5441750548
1.5210701488 3.6186862774 0.7611209883
0.7836731169 3.8463490861 0.7611209901
3.8791506925 0.4591796633 0.8539284938
0.4140295257 3.9034759344 0.7611209895
3.5624621013 1.6484564143 0.7611209883
2.9192095164 2.7046804959 0.3882900278
0.0000000000 3.9495654292 0.6235245533
3.2823149016 2.1328617385 0.8155731891
3.7088769103 1.2013409126 0.8881790405
2.0824141570 3.2958366478 0.8881790406
3.5814610454 1.4545606702 1.0223697834
3.1082308423 2.5090170947 0.1777194869
2.4399190559 3.0037733105 1.0059775546
2.6829234303 2.8687437518 0.7483856640
2.7311889610 2.9203521719 0.0000000000
3.7550611009 0.7800555412 1.1308755121
3.5844750844 1.7327508841 0.3700847000
3.2282668493 2.0705708548 1.1308755119
1.3389039590 3.5939263632 1.1308755119
3.4138404777 1.7477596261 1.1308755120
3.8564408869 0.0000000000 1.0562734611
3.4702168836 1.9863143525 0.0000000000
0.6164064720 3.9296872099 0.4067572132
0.0753174401 3.9855476814 0.3123890089
2.5635644827 3.0603926871 0.2235703022
1.5450494522 3.6811259765 0.2235703023
1.9899194323 3.4679154244 0.0404127979
3.7532208688 1.3788339448 0.0000000000
3.9327555098 0.6907909071 0.2099808435
3.8695407789 0.8985047562 0.4551849045
2.8649820956 2.6423381561 0.8931834059
0.0000000000 3.9984809528 0.0000000000
2.2845602530 3.0200154386 1.2837994890
3.9932552953 0.2043577178 0.0000000000
1.1245446848 3.8370886329 0.0000000000
1.1043337829 3.7681264804 0.7546652595
3.9901236070 0.0000000000 0.2583864172
2.0341245355 3.4085712835 0.4814863537
1.1462473631 3.8099517817 0.3977867907
1.7426414007 3.5597951643 0.5281186086
2.2762733337 3.2737021060 0.2988380192
3.7146896623 1.4486096735 0.3007667673
