0.8576732795 0.2072716826 0.4999999892 0.5000000255 0.4999999408 0.3995705800 0.5000001843 0.4999998964 0.4999998090 0.4999999135 0.4999999453 0.4999999472
0.7832733209 0.7453105348 0.4999999831 0.5000000870 0.4999999489 0.3998155948 0.4999998786 0.4999999074 0.4999998124 0.4999999020 0.4999999122 0.4999999557
1.0000000000 0.3923732708 0.5000000303 0.5000000498 0.5000000457 0.3999838412 0.4999999162 0.4999998977 0.4999998563 0.4999999752 0.4999998870 0.4999999567
0.6242837961 0.1577675611 0.5000000652 0.5000000448 0.4999999380 0.3999686829 0.4999999780 0.4999999198 0.4999998339 0.4999999452 0.4999999167 0.4999999538
0.2674540545 0.3574122335 0.4999999591 0.5000000526 0.5000000162 0.3999849369 0.4999998537 0.4999999017 0.4999998336 0.4999999121 0.4999998882 0.4999999376
0.9586437701 0.7564966409 0.4999999217 0.5000000396 0.4999999591 0.3999972287 0.4999999106 0.4999999088 0.4999998082 0.4999998909 0.4999999040 0.4999999546
0.6847599204 0.1389732225 0.4999999310 0.5000000514 0.5000000095 0.4000366651 0.4999999130 0.4999998982 0.4999998439 0.4999999515 0.4999999101 0.4999999506
0.9295943351 0.9653573503 0.4999999659 0.5000000553 0.5000000105 0.3999466401 0.4999999935 0.4999999188 0.4999998455 0.4999999587 0.4999999278 0.4999999584
0.6426443146 0.6982206085 0.4999999477 0.5000000371 0.4999999393 0.3999902705 0.4999999862 0.4999999126 0.4999998481 0.4999999262 0.4999999166 0.4999999543
0.3512289785 0.6982206085 0.4999999561 0.5000000371 0.4999999393 0.4000764033 0.4999999216 0.4999999126 0.4999998481 0.4999999262 0.4999999050 0.4999999544
0.6973933931 0.6125723538 0.4999999620 0.5000000328 0.4999999703 0.3999786537 0.5000000733 0.4999999162 0.4999998225 0.4999999284 0.4999999713 0.4999999563
0.9797188744 0.4725733648 0.4999999667 0.4999999781 0.4999999951 0.4000134116 0.4999998628 0.4999999228 0.4999998407 0.4999999414 0.4999999148 0.4999999642
0.2988096417 0.5597842893 0.4999999884 0.5000000056 0.4999999591 0.4000179925 0.5000000900 0.4999998891 0.4999998311 0.4999999291 0.4999999313 0.4999999718
0.7742272331 0.4080164544 0.4999999830 0.5000000746 0.4999999810 0.3999945933 0.5000000900 0.4999998891 0.4999998368 0.4999999149 0.4999999486 0.4999999688
0.7742272331 1.0000000000 0.5000000124 0.5000000206 0.4999999810 0.4000429475 0.4999999086 0.4999998891 0.4999998274 0.4999999149 0.4999999450 0.4999999743
0.8101043475 0.0071938113 0.4999999485 0.5000000298 0.4999999968 0.4000413684 0.4999999463 0.4999999235 0.4999998356 0.4999999282 0.4999999334 0.4999999253
1.0000000000 0.1583455281 0.4999999784 0.5000000208 0.5000000040 0.4000440329 0.5000000099 0.4999999221 0.4999998458 0.4999999231 0.4999999329 0.4999998878
0.1271631412 0.0000000000 0.4999999362 0.5000000283 0.4999999453 0.4000483619 0.5000000005 0.4999999354 0.4999998420 0.4999999008 0.4999999335 0.4999999334
0.5685004799 0.9345041353 0.4999999362 0.5000000283 0.5000000223 0.4000483619 0.4999999924 0.4999999354 0.4999998493 0.4999999248 0.4999999335 0.4999999334
0.5818472031 0.4612429961 0.4999999405 0.5000000283 0.4999999517 0.4000500190 0.4999999924 0.4999999351 0.4999998280 0.4999999394 0.4999999221 0.4999999182
1.0000000000 0.0766247292 0.4999999250 0.5000000204 0.4999999661 0.4000528141 0.4999999971 0.4999999423 0.4999998464 0.4999999297 0.4999999340 0.4999999698
0.8814467163 0.8447788439 0.4999999478 0.5000000309 0.5000000022 0.4000492541 0.5000000049 0.4999999418 0.4999998418 0.4999999208 0.4999999423 0.4999999774
0.3949529212 0.2337153168 0.4999999473 0.5000000195 0.4999999576 0.4000504728 0.4999999881 0.4999999223 0.4999998477 0.4999999374 0.4999999366 0.4999999878
0.4630093729 0.1692777498 0.4999999769 0.5000000218 0.4999999602 0.4000497487 0.4999999998 0.4999999589 0.4999998222 0.4999999211 0.4999999371 0.4999999755
0.7228761521 0.4897823913 0.4999999539 0.5000000322 0.4999999561 0.4000461213 0.5000000223 0.4999999296 0.4999998325 0.4999999211 0.4999999434 0.4999999771
0.6474829345 0.8049802915 0.4999999660 0.5000000567 0.4999999720 0.4000508082 0.5000000342 0.4999999340 0.4999998591 0.4999999087 0.4999999533 0.4999999553
0.6474829345 0.5267894806 0.4999999834 0.5000000003 0.4999999720 0.4000516909 0.5000000342 0.4999999072 0.4999998815 0.4999999087 0.4999999327 0.4999999553
0.7453873763 0.0000000000 0.4999999545 0.4999999923 0.4999999621 0.4000505295 0.4999999916 0.4999999273 0.4999998597 0.4999999059 0.4999999427 0.4999999498
0.0820080622 1.0000000000 0.4999999564 0.4999999499 0.5000000089 0.4000506303 0.5000000260 0.4999999028 0.4999998647 0.4999999059 0.4999999364 0.4999999423
0.1493928903 0.5267045846 0.4999999639 0.5000000121 0.4999999876 0.4000506162 0.4999999935 0.4999999167 0.4999998414 0.4999999080 0.4999999444 0.4999999142
0.4461249657 0.6705302206 0.4999999814 0.5000000094 0.4999999689 0.4000506523 0.5000000000 0.4999999313 0.4999998907 0.4999999080 0.4999999651 0.4999999142
0.9208674443 0.0000000000 0.4999999814 0.5000000086 0.4999999876 0.4000506523 0.4999999955 0.4999999313 0.4999998871 0.4999999057 0.4999999366 0.4999999149
0.8921407743 0.6583750755 0.4999999730 0.5000000326 0.4999999807 0.4000505384 0.5000000175 0.4999999182 0.4999998688 0.4999998867 0.4999999468 0.4999999103
0.8173763300 0.5111483765 0.4999999828 0.5000000355 0.4999999914 0.4000505384 0.5000000175 0.4999999280 0.4999998617 0.4999999148 0.4999999437 0.4999999326
1.0000000000 0.2216606495 0.4999999782 0.4999999996 0.4999999914 0.4000505386 0.4999999793 0.4999999212 0.4999998838 0.4999999060 0.4999999407 0.4999999117
0.7712183386 0.2747706282 0.4999999742 0.5000000065 0.4999999817 0.4000505811 0.5000000133 0.4999999128 0.4999998684 0.4999998936 0.4999999394 0.4999999454
0.3475234581 0.0000000000 0.4999999742 0.4999999509 0.4999999959 0.4000505665 0.5000000055 0.4999999209 0.4999998798 0.4999998936 0.4999999516 0.4999999208
0.7171384414 0.7231043930 0.4999999742 0.4999999509 0.4999999978 0.4000505701 0.5000000133 0.4999999096 0.4999998798 0.4999998936 0.4999999764 0.4999999208
0.1601562346 1.0000000000 0.4999999742 0.4999999444 0.4999999978 0.4000505665 0.5000000064 0.4999999096 0.4999998798 0.4999999125 0.4999999411 0.4999999271
1.0000000000 0.8154781763 0.4999999742 0.4999999364 0.4999999978 0.4000505665 0.4999999841 0.4999998931 0.4999998798 0.4999998936 0.4999999411 0.4999999366
0.8160204592 0.1251682645 0.4999999712 0.4999999226 0.4999999974 0.4000505818 0.5000000182 0.4999999122 0.4999998928 0.4999999135 0.4999999436 0.4999999366
0.9217669144 0.1150676568 0.4999999712 0.4999999554 0.4999999974 0.4000505253 0.5000000109 0.4999999280 0.4999998928 0.4999999236 0.4999999149 0.4999999455
0.5293326806 0.1207677482 0.4999999712 0.4999999554 0.4999999974 0.4000505253 0.5000000109 0.4999999095 0.4999998928 0.4999999135 0.4999999149 0.4999999455
0.8557841564 0.2843363763 0.4999999356 0.4999999703 0.4999999998 0.4000505534 0.5000000522 0.4999999209 0.4999998965 0.4999999053 0.4999998935 0.4999999467
0.7617799181 0.5605368735 0.4999999550 0.4999999703 0.4999999916 0.4000505359 0.5000000267 0.4999999375 0.4999999058 0.4999999235 0.4999998919 0.4999999323
0.5485792774 0.5563700595 0.4999999118 0.4999999770 0.5000000179 0.4000505612 0.5000000004 0.4999999337 0.4999999000 0.4999999066 0.4999999258 0.4999999237
0.3949404711 1.0000000000 0.4999999100 0.4999999775 0.4999999772 0.4000505425 0.5000000050 0.4999999347 0.4999998908 0.4999998841 0.4999999071 0.4999999966
0.2291374795 0.7659082625 0.4999999100 0.4999999514 0.4999999989 0.4000505584 0.5000000050 0.4999999143 0.4999998908 0.4999998841 0.4999999023 0.4999999966
0.7739260363 0.8951862012 0.4999999087 0.4999999902 0.4999999989 0.4000505646 0.5000000073 0.4999999273 0.4999999042 0.4999998855 0.4999999079 0.4999999960
0.8120906606 0.8144352735 0.4999999081 0.4999999902 0.4999999989 0.4000505646 0.5000000073 0.4999999221 0.4999998863 0.4999998855 0.4999999079 0.4999999960
0.5686485442 0.2419125342 0.4999999003 0.4999999946 0.4999999872 0.4000505738 0.4999999828 0.4999999400 0.4999999064 0.4999998647 0.4999998982 0.4999999940
0.6273381091 0.0000000000 0.4999999133 0.4999999946 0.4999999920 0.4000505636 0.4999999977 0.4999999134 0.4999999047 0.4999998770 0.4999998897 0.4999999845
0.7026593440 1.0000000000 0.4999998744 0.4999999880 0.5000000042 0.4000505703 0.4999999615 0.4999999151 0.4999999047 0.4999999646 0.4999998809 0.5000000310
0.9287397027 0.3891180006 0.4999998907 0.4999999896 0.4999999934 0.4000505691 0.4999999629 0.4999999017 0.4999999139 0.4999999896 0.4999998797 0.5000000209
0.5221086703 0.3518546029 0.4999998882 0.4999999834 0.5000000101 0.4000505793 0.4999999674 0.4999999089 0.4999998813 0.4999999382 0.4999998980 0.5000000036
1.0000000000 0.9145331497 0.4999998619 0.4999999863 0.5000000044 0.4000505696 0.5000000020 0.4999999016 0.4999998968 0.4999999345 0.4999998889 0.4999999824
0.6815115804 0.2515442962 0.4999999101 0.4999999411 0.5000000157 0.4000505900 0.4999999986 0.4999999157 0.4999998826 0.4999999544 0.4999998424 0.4999999728
0.8477659385 1.0000000000 0.4999998964 0.4999999398 0.5000000157 0.4000505728 0.5000000044 0.4999999157 0.4999998753 0.4999999552 0.4999998886 0.4999999633
0.8477659385 0.4191946073 0.4999998964 0.4999999398 0.5000000157 0.4000505865 0.5000000044 0.4999999157 0.4999998753 0.4999999552 0.4999998886 0.4999999633
0.8223789119 0.3404125954 0.4999998964 0.4999999398 0.5000000157 0.4000505865 0.5000000357 0.4999999157 0.4999998849 0.4999999367 0.4999998889 0.4999999633
0.8297357405 0.6014493411 0.4999999303 0.4999999398 0.5000000105 0.4000505861 0.5000000374 0.4999999236 0.4999998999 0.4999999367 0.4999998785 0.4999999901
0.2549792636 1.0000000000 0.4999998896 0.4999999404 0.5000000181 0.4000505924 0.5000000261 0.4999999232 0.4999999084 0.4999999350 0.4999999285 0.4999999892
1.0000000000 1.0000000000 0.4999999026 0.4999999523 0.4999999954 0.4000506018 0.5000000648 0.4999999372 0.4999999006 0.4999999404 0.4999999901 0.4999999941
1.0000000000 0.0000000000 0.4999999026 0.4999999523 0.5000000289 0.4000505924 0.5000000423 0.4999999239 0.4999999006 0.4999999404 0.4999999901 0.4999999941
0.0000000000 0.1854036455 0.4999999048 0.4999999439 0.5000000143 0.4000506032 0.5000000147 0.4999999375 0.4999999242 0.4999999394 0.4999999901 0.4999999941
0.7785729989 0.6636929512 0.4999999028 0.4999999314 0.5000000062 0.4000505656 0.5000000514 0.4999999350 0.4999999046 0.4999999369 0.4999999934 0.4999999798
0.5157233132 0.6636929512 0.4999999235 0.4999999314 0.5000000299 0.4000505710 0.5000000678 0.4999998835 0.4999998611 0.4999999303 0.4999999944 0.4999999683
0.9372852871 0.3203481169 0.4999999723 0.4999999310 0.5000000429 0.4000505790 0.5000000442 0.4999999303 0.4999998953 0.4999999571 0.4999999878 0.4999999829
0.4891194100 0.4813798058 0.4999999666 0.4999999329 0.5000000244 0.4000505790 0.5000000791 0.4999999393 0.4999999350 0.4999999367 0.4999999642 0.4999999742
0.4733836275 0.0000000000 0.4999999785 0.4999999347 0.5000000240 0.4000505790 0.5000000793 0.4999999320 0.4999999543 0.4999999362 0.4999999642 0.4999999203
0.4620856472 0.8329616191 0.4999999785 0.4999999381 0.4999999783 0.4000505900 0.5000000785 0.4999999421 0.4999999250 0.4999999365 0.4999999642 0.4999999203
0.3172324890 1.0000000000 0.4999999581 0.4999999381 0.4999999737 0.4000505900 0.5000000785 0.4999999421 0.4999999250 0.4999999369 0.4999999642 0.4999999203
0.4557838488 1.0000000000 0.4999999785 0.4999999288 0.4999999737 0.4000505753 0.5000000785 0.4999999556 0.4999999250 0.4999999365 0.4999999642 0.4999999203
0.4117222406 0.0000000000 0.4999999797 0.4999999369 0.4999999737 0.4000506000 0.5000000738 0.4999999259 0.4999999250 0.4999999365 0.4999999524 0.4999999203
1.0000000000 0.6569558306 0.4999999837 0.4999999335 0.4999999555 0.4000506000 0.5000000755 0.4999999290 0.4999999189 0.4999999561 0.4999999383 0.4999999102
1.0000000000 0.2884536193 0.4999999852 0.4999999348 0.4999999909 0.4000505850 0.5000000893 0.4999999524 0.4999999068 0.4999999105 0.4999999484 0.4999999063
0.3958961547 0.5503628674 0.4999999653 0.4999999348 0.4999999909 0.4000505792 0.5000000771 0.4999999491 0.4999999068 0.4999999217 0.4999999249 0.4999999149
0.9229676002 0.2530664304 0.4999999579 0.4999999536 0.5000000017 0.4000505866 0.5000000707 0.4999999292 0.4999999100 0.4999999288 0.4999999407 0.4999999130
0.8791534030 0.0353970940 0.4999999744 0.4999999784 0.4999999622 0.4000505995 0.5000000877 0.4999999179 0.4999999335 0.4999999468 0.4999999625 0.4999999196
0.7796918200 0.1972876513 0.4999999963 0.4999999676 0.4999999601 0.4000505995 0.5000001128 0.4999999346 0.4999999350 0.4999999225 0.4999999733 0.4999999112
0.3198776128 0.2143502601 0.5000000146 0.4999999676 0.4999999601 0.4000505995 0.5000001128 0.4999999528 0.4999999390 0.4999999225 0.4999999561 0.4999999107
1.0000000000 0.5322642656 0.5000000142 0.5000000062 0.4999999601 0.4000506066 0.5000001128 0.4999999376 0.4999999365 0.4999999225 0.4999999938 0.4999999107
0.9181790783 0.8979675795 0.4999999853 0.4999999652 0.4999999597 0.4000506137 0.5000001128 0.4999999029 0.4999999365 0.4999999225 0.5000000239 0.4999999154
0.6585038930 0.8979675795 0.4999999843 0.4999999557 0.4999999637 0.4000506144 0.5000001005 0.4999999239 0.4999999365 0.4999999225 0.5000000239 0.4999999154
0.5447042329 0.0000000000 0.4999999843 0.4999999607 0.4999999639 0.4000506137 0.5000001315 0.4999999189 0.4999999410 0.4999999195 0.5000000494 0.4999999121
0.9044337458 0.4647425413 0.4999999954 0.4999999555 0.4999999645 0.4000506054 0.5000001315 0.4999999212 0.4999999571 0.4999999452 0.5000000479 0.4999998596
0.7263513107 0.3367490931 0.5000000028 0.4999999555 0.4999999589 0.4000506054 0.5000001167 0.4999999155 0.4999999444 0.4999999067 0.5000000478 0.4999998800
0.9285518223 0.1878495266 0.4999999833 0.4999999478 0.4999999651 0.4000506111 0.5000001258 0.4999999132 0.4999999616 0.4999999280 0.5000000683 0.4999998863
0.4447828250 0.3598854679 0.4999999720 0.4999999417 0.4999999543 0.4000506029 0.5000000884 0.4999999088 0.4999999272 0.4999999093 0.5000000530 0.4999998979
0.6849912517 0.4094052140 0.4999999809 0.4999999369 0.4999999580 0.4000505774 0.5000000524 0.4999999356 0.4999999333 0.4999999213 0.5000000530 0.4999999045
0.5772589941 0.7728883198 0.4999999809 0.4999999340 0.4999999580 0.4000505774 0.5000000524 0.4999999356 0.4999999333 0.4999999213 0.5000000530 0.4999999036
0.2687174021 0.0000000000 0.4999999830 0.4999999369 0.4999999580 0.4000506072 0.5000000524 0.4999999356 0.4999999374 0.4999999213 0.5000000530 0.4999998986
0.8862404964 0.5298591637 0.4999999788 0.4999999298 0.4999999663 0.4000505879 0.5000000527 0.4999999354 0.4999999334 0.4999999213 0.5000000421 0.4999998976
0.6059868579 1.0000000000 0.4999999777 0.4999999310 0.4999999742 0.4000505592 0.5000000281 0.4999999354 0.4999999334 0.4999999176 0.5000000113 0.4999999042
0.0703742374 0.1847407507 0.4999999767 0.4999999492 0.4999999613 0.4000505836 0.5000000479 0.4999999354 0.4999999286 0.4999999484 0.5000000840 0.4999998984
0.3885538871 0.8483255961 0.4999999753 0.4999999418 0.4999999440 0.4000505786 0.5000000258 0.4999999328 0.4999999488 0.4999999292 0.5000000460 0.4999999192
0.6218137436 0.3571185920 0.5000000056 0.4999999674 0.4999999660 0.4000505940 0.4999999932 0.4999999906 0.4999999388 0.4999999172 0.5000000434 0.4999998826
1.0000000000 0.5961581771 0.5000000088 0.4999999462 0.4999999704 0.4000505772 0.4999999689 0.4999999225 0.4999999430 0.4999999029 0.5000000416 0.4999998853
0.1897927832 0.0000000000 0.5000000068 0.4999999469 0.4999999625 0.4000505872 0.4999999576 0.4999999350 0.4999999384 0.4999999112 0.5000000377 0.4999998853
0.5149512007 0.8750882359 0.5000000068 0.4999999469 0.4999999865 0.4000505860 0.4999999682 0.4999998951 0.4999999433 0.4999999112 0.5000000533 0.4999998853
