42.1968742922 88.1855702813 0.0000000000 0.0000000000 0.0000000000 0.0000000000 0.0000000000 0.0000000000 0.0000000000 0.0000000000 0.0000000000 5.3440728469
80.1477595123 56.1505315062 0.0000000000 1.0097751537 0.0455813621 0.0000000000 0.0000000000 0.0000000000 0.0000000000 0.2262775517 0.0000000000 0.0000000000
84.2310546092 68.1552333844 0.2000047610 0.0000000000 0.1035340903 0.2585266186 0.0154796429 0.0000000000 0.2260762634 0.1160724142 0.0000000000 0.1103110546
48.2346364062 44.8803074270 0.0000000000 0.0645535794 0.0000000000 0.0000000000 0.0000000000 0.1163671987 0.1436449589 0.0000000000 0.2166315142 0.0000000000
33.4924001375 88.8997415815 0.0000000000 0.1508136414 0.0000000000 0.0163538421 0.2997733312 0.0359462012 0.0000000000 0.0000000000 0.0613806161 0.0000000000
61.4479591272 92.2313744363 0.0000000000 0.0284915025 0.0000000000 0.0000000000 0.0315498013 0.0000000000 0.0000000000 0.0937607959 0.0000000000 0.0160469490
44.1910757647 52.1089462674 0.0013851189 0.0099881504 0.0000000000 0.0000000000 0.0208026818 0.0000000000 0.0153694655 0.0415119665 0.0000000000 0.0082066475
70.7827587199 54.1851912210 0.0112485051 0.0024009027 0.0079415488 0.0000000000 0.0000000000 0.0000000000 0.0509959308 0.0000000000 0.0000000000 0.0082066475
44.1910757647 98.9056193673 0.0112485051 0.0058312449 0.0056658032 0.0297776433 0.0000000000 0.0000000000 0.0000000000 0.0000000000 0.0000000000 0.0082066475
92.1317395572 50.7951088257 0.0000000000 0.0151473402 0.0089477581 0.0243808017 0.0000000000 0.0014486737 0.0000000000 0.0075394009 0.0631671245 0.0095627476
92.1317395572 97.4893386260 0.0202368240 0.0151473402 0.0089477581 0.0000000000 0.0000000000 0.0014486737 0.0000000000 0.0075394009 0.0157911017 0.0095627476
68.8021026574 64.2287269745 0.0094808578 0.0119489506 0.0033372114 0.0106500874 0.0316687876 0.0049697155 0.0031683523 0.0000000000 0.0000000000 0.0060081205
51.5629248774 90.8782600530 0.0000000000 0.0164319475 0.0051411520 0.0000000000 0.0000000000 0.0000000000 0.0000000000 0.0000000000 0.0825250717 0.0011096690
26.8569388621 48.7949335722 0.0051016772 0.0060588193 0.0110750595 0.0000000000 0.0000000000 0.0090500875 0.0014520356 0.0000000000 0.0000000000 0.0057019038
98.1399368190 24.2739584041 0.0108959012 0.0003147974 0.0055110131 0.0104722516 0.0192579223 0.0028499146 0.0000000000 0.0047385516 0.0270602852 0.0027945086
99.5397376307 35.6302499262 0.0044230557 0.0021203562 0.0017811154 0.0032293304 0.0000000000 0.0000000000 0.0102219726 0.0000000000 0.0061684528 0.0025964068
92.1278123464 12.5152600030 0.0000000000 0.0000000000 0.0028476965 0.0046376838 0.0000000000 0.0063220584 0.0035553623 0.0041426748 0.0023178216 0.0042674574
94.8214280501 73.4780137269 0.0097514752 0.0020145821 0.0022604707 0.0000000000 0.0000000000 0.0092128226 0.0030838415 0.0000000000 0.0035432704 0.0044392177
93.4114697526 73.4780137269 0.0000459514 0.0025502961 0.0000000000 0.0000000000 0.0000000000 0.0000753139 0.0000000000 0.0000000000 0.0000000000 0.0029127997
66.8616070391 79.4585534240 0.0000000000 0.0027752825 0.0000000000 0.0025542739 0.0000000000 0.0000000000 0.0017040670 0.0057522768 0.0039167275 0.0021154507
76.9054616346 78.9104980007 0.0000000000 0.0020859531 0.0017447783 0.0000000000 0.0055795181 0.0000000000 0.0000000000 0.0000000000 0.0000000000 0.0000000000
86.1313913771 76.8125279654 0.0002591540 0.0010093457 0.0000000000 0.0000000000 0.0000000000 0.0000000000 0.0000000000 0.0000000000 0.0002461041 0.0011568388
93.4997414908 13.4251814039 0.0001070528 0.0000382074 0.0000588222 0.0000443192 0.0000000000 0.0000000000 0.0000282213 0.0000369154 0.0001255144 0.0000000000
93.4997414908 40.8863381425 0.0000000000 0.0000382074 0.0000588222 0.0000443192 0.0000000000 0.0000000000 0.0000282213 0.0000369154 0.0001255144 0.0000000000
72.1207630911 46.2596715688 0.0000000000 0.0001560366 0.0000588222 0.0000443192 0.0002881497 0.0000000000 0.0000282213 0.0000000000 0.0000549577 0.0000000000
52.1730869834 49.4497354588 0.0000642970 0.0000917464 0.0000809635 0.0000373378 0.0001396404 0.0000048061 0.0000000000 0.0001557021 0.0000096102 0.0000258624
71.5418187654 20.2611108635 0.0000651143 0.0000000000 0.0000000000 0.0000132830 0.0000489381 0.0000641751 0.0000828319 0.0002318350 0.0000435145 0.0001889537
93.5135181375 0.0000000000 0.0000521232 0.0000922220 0.0000000000 0.0000000000 0.0000739848 0.0000185365 0.0000000000 0.0000000000 0.0000318197 0.0000000000
76.1605118499 96.7725820624 0.0000000000 0.0000000000 0.0000002135 0.0000000000 0.0000000000 0.0000079700 0.0000000000 0.0000000000 0.0000030397 0.0000231828
94.8666986157 83.4882265401 0.0000000000 0.0000000000 0.0000041173 0.0000000000 0.0000177182 0.0000012181 0.0000312341 0.0000014564 0.0000099945 0.0000000000
40.8574091073 47.4000312316 0.0000008225 0.0000079153 0.0000011313 0.0000175845 0.0000000000 0.0000000000 0.0000000000 0.0000000000 0.0000049126 0.0000049336
62.7737492472 47.5433452906 0.0000008225 0.0000000310 0.0000011313 0.0000029120 0.0000000000 0.0000033159 0.0000048908 0.0000231588 0.0000064601 0.0000049336
80.8175788164 16.8259815642 0.0000000000 0.0000043860 0.0000006764 0.0000100626 0.0000070754 0.0000000441 0.0000000000 0.0000084989 0.0000000000 0.0000273792
74.7763551218 68.8016735321 0.0000019849 0.0000025769 0.0000006764 0.0000000000 0.0000050842 0.0000000000 0.0000000000 0.0000000000 0.0000000000 0.0000046383
10.2216685132 93.5212361730 0.0000030288 0.0000052162 0.0000009107 0.0000003834 0.0000130280 0.0000000000 0.0000031534 0.0000106591 0.0000000000 0.0000003348
66.8234867999 0.0000000000 0.0000000000 0.0000002425 0.0000000000 0.0000000000 0.0000010587 0.0000081143 0.0000000000 0.0000000000 0.0000004485 0.0000050454
84.8251582929 40.9391687369 0.0000000000 0.0000042794 0.0000004813 0.0000003520 0.0000106720 0.0000066835 0.0000048453 0.0000038045 0.0000113654 0.0000103674
42.3178447591 58.8513712737 0.0000013384 0.0000029978 0.0000005908 0.0000085618 0.0000106720 0.0000016575 0.0000043729 0.0000038045 0.0000000000 0.0000000000
53.4841586860 58.8430926963 0.0000000000 0.0000000000 0.0000000000 0.0000023902 0.0000005182 0.0000000000 0.0000000000 0.0000034449 0.0000000000 0.0000008028
84.2016315222 85.4558851429 0.0000042169 0.0000018103 0.0000085117 0.0000021103 0.0000006372 0.0000010798 0.0000068984 0.0000055918 0.0000074790 0.0000005915
74.7950579815 90.9257249402 0.0000000000 0.0000008448 0.0000020526 0.0000000000 0.0000049927 0.0000012822 0.0000006970 0.0000000000 0.0000000000 0.0000046041
66.8554182136 29.3909882786 0.0000024139 0.0000009643 0.0000002372 0.0000036661 0.0000005165 0.0000007749 0.0000033612 0.0000044192 0.0000000000 0.0000000000
87.4312410899 28.7859831199 0.0000000000 0.0000003371 0.0000000000 0.0000002732 0.0000000000 0.0000000000 0.0000000717 0.0000033176 0.0000000000 0.0000000000
36.8751999272 60.8049485063 0.0000004993 0.0000002913 0.0000000000 0.0000002732 0.0000001104 0.0000025661 0.0000024103 0.0000033176 0.0000000344 0.0000040922
58.8996923261 28.0532464219 0.0000000000 0.0000000000 0.0000000592 0.0000009810 0.0000000000 0.0000010250 0.0000005802 0.0000009030 0.0000000000 0.0000005663
17.5626505027 29.5216181268 0.0000000000 0.0000005307 0.0000001881 0.0000006786 0.0000005493 0.0000001752 0.0000000554 0.0000000000 0.0000000000 0.0000003787
81.4475738543 0.0000000000 0.0000000000 0.0000009217 0.0000002325 0.0000001088 0.0000003586 0.0000000000 0.0000000554 0.0000000000 0.0000000000 0.0000003677
63.3911721293 58.8385191742 0.0000021020 0.0000000000 0.0000000000 0.0000003369 0.0000000000 0.0000000615 0.0000010405 0.0000000000 0.0000001230 0.0000003677
80.1757614153 10.2941756685 0.0000000770 0.0000000000 0.0000003029 0.0000000000 0.0000000000 0.0000001849 0.0000000000 0.0000000000 0.0000003215 0.0000005089
53.4804332884 77.4086969212 0.0000000000 0.0000001908 0.0000000000 0.0000000000 0.0000000000 0.0000000000 0.0000000000 0.0000007284 0.0000000000 0.0000005936
84.1388939730 92.8276898588 0.0000000000 0.0000000000 0.0000000000 0.0000000971 0.0000000000 0.0000000000 0.0000000801 0.0000000000 0.0000000000 0.0000000000
66.1977823678 92.8276898588 0.0000000000 0.0000005809 0.0000000000 0.0000000971 0.0000000000 0.0000001118 0.0000000000 0.0000005766 0.0000002495 0.0000000000
34.8502729238 7.4071074863 0.0000002210 0.0000000000 0.0000000401 0.0000005010 0.0000000775 0.0000001132 0.0000006720 0.0000000000 0.0000004630 0.0000000000
52.2373111175 8.2077391119 0.0000001981 0.0000000000 0.0000000944 0.0000000333 0.0000008072 0.0000001603 0.0000006681 0.0000003614 0.0000001516 0.0000000000
52.9471008368 0.0000000000 0.0000000683 0.0000000446 0.0000000499 0.0000000427 0.0000000000 0.0000008106 0.0000000000 0.0000002507 0.0000004025 0.0000000000
57.5398925892 12.9661511615 0.0000003978 0.0000000000 0.0000000000 0.0000000956 0.0000000895 0.0000000000 0.0000000713 0.0000005254 0.0000000000 0.0000002036
57.5398925892 0.0000000000 0.0000000701 0.0000000000 0.0000000000 0.0000000000 0.0000002410 0.0000000000 0.0000000713 0.0000003689 0.0000000000 0.0000000000
51.5240811466 34.0676290647 0.0000000701 0.0000001945 0.0000000000 0.0000002113 0.0000002410 0.0000000254 0.0000000713 0.0000003689 0.0000000000 0.0000000000
42.2424617936 79.5736109268 0.0000001063 0.0000000877 0.0000000666 0.0000002483 0.0000000000 0.0000000744 0.0000000000 0.0000000738 0.0000000616 0.0000001480
44.7583559935 18.7426176704 0.0000000000 0.0000000274 0.0000000655 0.0000000104 0.0000003200 0.0000000425 0.0000002441 0.0000003345 0.0000000616 0.0000001906
24.1895402137 79.5736109268 0.0000003244 0.0000000274 0.0000001793 0.0000002058 0.0000000000 0.0000000425 0.0000000000 0.0000000738 0.0000000616 0.0000001906
44.7583559935 66.9019086682 0.0000000000 0.0000000283 0.0000001793 0.0000000000 0.0000000000 0.0000000425 0.0000000000 0.0000005697 0.0000001571 0.0000001906
50.1413094654 24.1830986272 0.0000000000 0.0000000040 0.0000001081 0.0000000089 0.0000000000 0.0000000425 0.0000002965 0.0000001599 0.0000002669 0.0000003081
76.8909322669 10.5213460667 0.0000002243 0.0000000274 0.0000003177 0.0000000686 0.0000000000 0.0000000425 0.0000001770 0.0000000000 0.0000000000 0.0000001303
34.9489315708 81.5765764020 0.0000001364 0.0000000201 0.0000000128 0.0000000000 0.0000001494 0.0000000000 0.0000000000 0.0000000000 0.0000000000 0.0000001276
22.0801844065 90.8376920972 0.0000000000 0.0000000034 0.0000000629 0.0000002095 0.0000000000 0.0000000000 0.0000001688 0.0000000000 0.0000000000 0.0000000000
22.0801844065 65.4329709240 0.0000000000 0.0000000034 0.0000001219 0.0000001329 0.0000004149 0.0000000544 0.0000001688 0.0000002613 0.0000000000 0.0000000000
32.9053290947 30.8277616502 0.0000002527 0.0000002762 0.0000000000 0.0000000589 0.0000000000 0.0000000000 0.0000001584 0.0000000071 0.0000000918 0.0000001549
13.3742984285 74.8997984405 0.0000000000 0.0000000619 0.0000000681 0.0000000728 0.0000000000 0.0000001699 0.0000003081 0.0000000000 0.0000000971 0.0000000000
12.1541562278 86.7737373532 0.0000003098 0.0000002270 0.0000000556 0.0000000026 0.0000002913 0.0000001076 0.0000003081 0.0000000000 0.0000000454 0.0000000000
13.3742984285 65.4452781997 0.0000000000 0.0000002270 0.0000000447 0.0000000000 0.0000000000 0.0000000217 0.0000003081 0.0000000000 0.0000000971 0.0000001477
54.2120246889 81.5462120892 0.0000000438 0.0000001446 0.0000000000 0.0000000000 0.0000000602 0.0000000996 0.0000000664 0.0000001029 0.0000002165 0.0000000541
20.1000173403 37.4081843763 0.0000000000 0.0000000494 0.0000000320 0.0000000000 0.0000000000 0.0000000290 0.0000000000 0.0000002069 0.0000000891 0.0000000216
29.4286464003 0.0000000000 0.0000001468 0.0000000149 0.0000000000 0.0000000335 0.0000000000 0.0000000113 0.0000000708 0.0000000000 0.0000001134 0.0000001039
28.2145558139 16.2268335935 0.0000000699 0.0000000000 0.0000000148 0.0000000000 0.0000001047 0.0000000285 0.0000000556 0.0000000000 0.0000000000 0.0000000000
24.1675617391 68.8608988658 0.0000000000 0.0000000507 0.0000000148 0.0000000168 0.0000000108 0.0000000000 0.0000000338 0.0000000335 0.0000000403 0.0000000000
24.1675617391 6.0511323323 0.0000000000 0.0000000551 0.0000000000 0.0000000150 0.0000000245 0.0000000808 0.0000000310 0.0000000000 0.0000000233 0.0000000000
8.0418769683 81.5511952091 0.0000000557 0.0000000858 0.0000000115 0.0000000192 0.0000000000 0.0000000145 0.0000000000 0.0000000328 0.0000000000 0.0000000283
26.0076832298 0.0000000000 0.0000000000 0.0000000000 0.0000000000 0.0000000525 0.0000000638 0.0000000086 0.0000000396 0.0000000000 0.0000000254 0.0000000631
0.0000000000 88.8242649967 0.0000000000 0.0000000157 0.0000000066 0.0000000000 0.0000000116 0.0000000056 0.0000000000 0.0000000483 0.0000000060 0.0000000066
10.9876818915 43.5292942367 0.0000000173 0.0000000000 0.0000000000 0.0000000165 0.0000000000 0.0000000056 0.0000000466 0.0000000373 0.0000000064 0.0000000066
18.2484793991 43.5292942367 0.0000000000 0.0000000000 0.0000000136 0.0000000019 0.0000000546 0.0000000430 0.0000000466 0.0000000288 0.0000000064 0.0000000066
5.5291008596 56.8364031241 0.0000000347 0.0000000193 0.0000000104 0.0000000595 0.0000000000 0.0000000007 0.0000000090 0.0000000000 0.0000000190 0.0000000348
12.9737662103 10.8409815220 0.0000000216 0.0000000411 0.0000000180 0.0000000001 0.0000000303 0.0000000212 0.0000000181 0.0000000000 0.0000000670 0.0000000000
6.9317197329 50.2121108321 0.0000000148 0.0000000658 0.0000000253 0.0000000190 0.0000000326 0.0000000104 0.0000000218 0.0000000026 0.0000000372 0.0000000000
7.4284812218 34.8704348058 0.0000000217 0.0000000077 0.0000000000 0.0000000033 0.0000000080 0.0000000088 0.0000000000 0.0000000078 0.0000000023 0.0000000123
1.4183335713 62.7453590349 0.0000000180 0.0000000000 0.0000000000 0.0000000033 0.0000000080 0.0000000088 0.0000000000 0.0000000217 0.0000000115 0.0000000123
4.2188039213 41.4434515276 0.0000000000 0.0000000136 0.0000000060 0.0000000020 0.0000000014 0.0000000000 0.0000000000 0.0000000000 0.0000000000 0.0000000295
0.0000000000 70.7914611187 0.0000000185 0.0000000273 0.0000000199 0.0000000083 0.0000000293 0.0000000094 0.0000000000 0.0000000222 0.0000000000 0.0000000076
6.1095452311 28.1891454542 0.0000000089 0.0000000011 0.0000000066 0.0000000056 0.0000000052 0.0000000000 0.0000000000 0.0000000000 0.0000000064 0.0000000076
0.0000000000 36.8234409502 0.0000000059 0.0000000083 0.0000000026 0.0000000008 0.0000000217 0.0000000041 0.0000000007 0.0000000000 0.0000000000 0.0000000006
0.0000000000 48.7112696500 0.0000000085 0.0000000063 0.0000000000 0.0000000000 0.0000000000 0.0000000000 0.0000000005 0.0000000046 0.0000000033 0.0000000004
0.1785546733 24.8198132216 0.0000000001 0.0000000004 0.0000000004 0.0000000001 0.0000000000 0.0000000001 0.0000000001 0.0000000004 0.0000000008 0.0000000000
0.0000000000 20.9252164267 0.0000000001 0.0000000001 0.0000000006 0.0000000001 0.0000000000 0.0000000003 0.0000000001 0.0000000005 0.0000000000 0.0000000000
1.0108079460 16.8055621488 0.0000000001 0.0000000004 0.0000000006 0.0000000000 0.0000000000 0.0000000003 0.0000000000 0.0000000005 0.0000000000 0.0000000006
0.0000000000 0.6537314393 0.0000000002 0.0000000001 0.0000000001 0.0000000002 0.0000000003 0.0000000000 0.0000000001 0.0000000000 0.0000000006 0.0000000002
0.0000000000 3.4403009737 0.0000000000 0.0000000001 0.0000000001 0.0000000001 0.0000000001 0.0000000000 0.0000000001 0.0000000000 0.0000000006 0.0000000002
2.1937436431 5.4808925326 0.0000000001 0.0000000001 0.0000000000 0.0000000000 0.0000000001 0.0000000003 0.0000000002 0.0000000004 0.0000000006 0.0000000003
0.0000000000 7.5036153246 0.0000000001 0.0000000001 0.0000000001 0.0000000002 0.0000000001 0.0000000004 0.0000000001 0.0000000000 0.0000000000 0.0000000002
0.0000000000 10.1380541621 0.0000000003 0.0000000002 0.0000000000 0.0000000000 0.0000000002 0.0000000000 0.0000000000 0.0000000002 0.0000000000 0.0000000000
