0.0000000000 1.0000000000 0.5659860097 0.5078483009 0.5147393329 0.4870326839 0.3972908514 0.4483280455 0.4601218381 0.4664382364 0.4720697676 0.5211365809
0.0000000000 0.1420178165 0.6087926437 0.4941539302 0.5397957874 0.4818000265 0.5269539724 0.5364791661 0.4742518176 0.5258949062 0.4960955131 0.5619751124
0.1367490068 0.0000000000 0.4639088032 0.5214504061 0.5397957874 0.4806160445 0.5395365228 0.5566733798 0.4019538023 0.4960128053 0.3503625665 0.4902981534
0.2803201187 0.8994918308 0.4544915790 0.4687300613 0.4776530589 0.4659851385 0.5395365228 0.5221477009 0.4423838999 0.5067789003 0.5808512611 0.4724102393
0.2178293410 0.3902739461 0.5647789191 0.3184191885 0.5287012691 0.4962293231 0.4993377060 0.4735951625 0.6153928720 0.5018874412 0.5615998337 0.4188225471
0.7097774610 0.4572590290 0.5674872433 0.5047751162 0.4661736278 0.5424689735 0.4300454604 0.6009979921 0.5931018850 0.5040553325 0.4791992985 0.4810510163
0.1393283509 0.0955127600 0.4727236601 0.4502844045 0.4661736278 0.5424689735 0.4300454604 0.5427543487 0.5931018850 0.4809389671 0.4791992985 0.4012916052
0.8573146234 1.0000000000 0.5675256145 0.5356158056 0.5451276780 0.5079422572 0.5429355604 0.6116612258 0.5677050766 0.4994603374 0.4998429968 0.4998972212
0.1275956262 0.8520619529 0.5505807196 0.5271438637 0.3992909571 0.5079422572 0.5429355604 0.6116612258 0.5677050766 0.4994603374 0.4998429968 0.4998972212
0.3966073590 0.3135156463 0.4753408327 0.3840367881 0.5297429110 0.5905716464 0.4579447702 0.4890555929 0.4062128473 0.4994603374 0.5017915115 0.3506426993
0.1950582957 0.8141913247 0.4753408327 0.4840779191 0.5297429110 0.7344473053 0.5361305811 0.4890555929 0.4062128473 0.4994603374 0.5017915115 0.5922839752
0.2835741807 0.8325824023 0.4753408327 0.4840779191 0.5297429110 0.5905716464 0.5361305811 0.4890555929 0.4062128473 0.4994603374 0.5017915115 0.5922839752
0.3966073590 0.4040076874 0.4753408327 0.4840779191 0.4616625810 0.5570224069 0.4941911494 0.4890555929 0.4062128473 0.4994603374 0.5017915115 0.4532402387
0.7334202373 0.0000000000 0.4260037610 0.5268567035 0.4604089200 0.4529116935 0.5422220516 0.4890555929 0.5611755103 0.4598334984 0.4851039373 0.6008949330
0.0000000000 0.0000000000 0.4260037610 0.5268567035 0.4604089200 0.5600872323 0.5422220516 0.4890555929 0.5611755103 0.4598334984 0.4851039373 0.5373711501
0.1670988202 0.4427958477 0.4260037610 0.5268567035 0.4604089200 0.5600872323 0.4886017596 0.4238888001 0.5611755103 0.4598334984 0.4851039373 0.5373711501
0.0984886339 0.2568052935 0.5867019407 0.5065965498 0.3991304163 0.5366271951 0.6035218021 0.4728003461 0.5337511296 0.4755976177 0.5804061910 0.4063035115
0.0967157951 0.4196060650 0.4517619160 0.5605392528 0.4940035380 0.5155738491 0.5096169967 0.5192471052 0.4966441918 0.5530220931 0.3762335292 0.5577671672
0.2538812836 0.6514461702 0.5038997416 0.5675285992 0.4225954178 0.4802452644 0.5499424876 0.5237606866 0.5041961244 0.4665762687 0.3970764094 0.4296252853
0.2929169504 0.2164380016 0.5038997416 0.5675285992 0.4225954178 0.4802452644 0.5499424876 0.5237606866 0.5041961244 0.4665762687 0.3970764094 0.4296252853
0.1025873318 0.6350127599 0.5038997416 0.5675285992 0.4225954178 0.4802452644 0.5499424876 0.5237606866 0.5041961244 0.4665762687 0.3970764094 0.4296252853
0.0000000000 0.4065007493 0.3720492010 0.5446677497 0.4940314140 0.4992269057 0.5499424876 0.5265111840 0.3723106260 0.5067433655 0.3970764094 0.5242442769
0.7905470517 0.9825191004 0.5369145824 0.4048473508 0.4940314140 0.5027038479 0.5703340256 0.4566279976 0.4977135890 0.5067433655 0.5144219566 0.5087679386
0.0000000000 0.5771203642 0.5241857978 0.6030174916 0.5376209444 0.5218752274 0.5375108549 0.5479261939 0.4977135890 0.5215639949 0.5264286935 0.5647124282
0.3826841049 0.0000000000 0.4659711858 0.5369671497 0.5376209444 0.3579708711 0.5268207225 0.4958253674 0.4977135890 0.4160634285 0.5264286935 0.4420889430
0.3679401150 0.1902265365 0.4659711858 0.5369671497 0.5376209444 0.3302404549 0.4982802318 0.4958253674 0.4977135890 0.6056792180 0.5264286935 0.4420889430
0.2015384796 0.9051624859 0.4760137795 0.5369671497 0.5376209444 0.5092172092 0.4982802318 0.4958253674 0.6486376639 0.6056792180 0.5264286935 0.5766724289
0.4387685325 1.0000000000 0.3223319045 0.5369671497 0.4635056096 0.5092172092 0.5437044359 0.4118123133 0.5300662405 0.5618865524 0.5264286935 0.5296794940
0.2166475712 1.0000000000 0.6001401908 0.5369671497 0.4635056096 0.5092172092 0.4201673511 0.4118123133 0.5374510960 0.5618865524 0.4768617484 0.5296794940
0.1057645342 1.0000000000 0.6001401908 0.5369671497 0.4635056096 0.4604204516 0.4201673511 0.4118123133 0.5374510960 0.5618865524 0.4768617484 0.5296794940
0.2166475712 0.6035898826 0.6001401908 0.5369671497 0.4283552606 0.5092172092 0.4201673511 0.4118123133 0.5374510960 0.5618865524 0.4768617484 0.5274663762
0.1906283186 0.2552553758 0.4783665223 0.4903352867 0.4283552606 0.5092172092 0.4729536016 0.4488440717 0.5838347975 0.5618865524 0.4768617484 0.4640632148
0.7332876494 0.1742206754 0.4918386624 0.4912779650 0.6119024173 0.5960963237 0.4729536016 0.5163828703 0.4640770494 0.4442588930 0.5174688858 0.4640632148
0.8121264735 0.1742206754 0.5008682017 0.4912779650 0.5305718925 0.5374871138 0.4729536016 0.4958661694 0.4640770494 0.4060060751 0.5174688858 0.4640632148
1.0000000000 0.4957832677 0.5008682017 0.4912779650 0.5305718925 0.5293958159 0.4729536016 0.4958661694 0.4640770494 0.6024888167 0.5174688858 0.4640632148
0.3860054098 0.9594934904 0.5491983746 0.4912779650 0.4113681496 0.5322165364 0.4729536016 0.4958661694 0.5051232864 0.5164268751 0.4948348832 0.4961297545
0.1799466037 0.5551161287 0.5491983746 0.4912779650 0.4113681496 0.5322165364 0.4729536016 0.4958661694 0.5051232864 0.5164268751 0.4948348832 0.3826685331
0.3648138984 0.8335771980 0.5930307962 0.4912779650 0.6158084891 0.5523096957 0.4479526523 0.3819076077 0.5051232864 0.5164268751 0.5739664117 0.4961297545
0.3920913498 0.7033669786 0.5930307962 0.4912779650 0.6158084891 0.5523096957 0.4479526523 0.3819076077 0.5051232864 0.5164268751 0.5739664117 0.6411865713
0.3563512495 0.5892067100 0.6410899607 0.5018217571 0.6025682929 0.5523096957 0.4479526523 0.5190159080 0.5051232864 0.4958939229 0.4658270674 0.4290958116
0.2485623241 0.1553316610 0.5042930263 0.5018217571 0.3892499580 0.5523096957 0.4479526523 0.5190159080 0.5042619260 0.4958939229 0.4658270674 0.4290958116
0.3356816499 1.0000000000 0.4181568860 0.5018217571 0.3519013812 0.5365361399 0.5113299973 0.5204296298 0.5042619260 0.4695441219 0.4016319029 0.5450322478
0.2250086034 0.0000000000 0.4181568860 0.4713616855 0.5183916565 0.5365361399 0.5113299973 0.3516935506 0.5042619260 0.5220902917 0.5620517922 0.5310329647
0.5928134424 0.7355461105 0.4181568860 0.4785570142 0.5166205304 0.5913821889 0.3919936289 0.4517677972 0.6353826093 0.5220902917 0.5620517922 0.5001563961
0.0000000000 0.4827503029 0.5028823945 0.4802552558 0.4227895690 0.6815982437 0.3670439940 0.6255842499 0.5130072126 0.5220902917 0.5620517922 0.5001563961
0.2140093433 0.4827503029 0.5028823945 0.4802552558 0.4227895690 0.6815982437 0.3670439940 0.6255842499 0.5130072126 0.5002965743 0.5620517922 0.5001563961
0.6419302269 0.0000000000 0.4397162908 0.4802552558 0.4787976699 0.5970319653 0.5350526170 0.6255842499 0.5452847927 0.4510726691 0.5097775679 0.5001563961
0.4500638844 0.5374773590 0.5647031135 0.5076851410 0.4946014356 0.4811223952 0.5171051649 0.5080960971 0.3990686326 0.4767379049 0.5097775679 0.5172012443
0.7102600461 1.0000000000 0.5647031135 0.4673108272 0.5181621167 0.5169223518 0.5171051649 0.5080960971 0.3990686326 0.6434310163 0.5097775679 0.5172012443
0.6906082114 0.6436086867 0.5647031135 0.4673108272 0.5181621167 0.6560547959 0.5171051649 0.5080960971 0.3990686326 0.4556307717 0.5097775679 0.5172012443
0.3303062264 0.1260242056 0.4650623611 0.4673108272 0.5667348847 0.6560547959 0.3264004150 0.4800938159 0.3990686326 0.4491712000 0.5097775679 0.5172012443
0.0584984108 0.2095041201 0.4650623611 0.4673108272 0.5667348847 0.5218794949 0.5171051649 0.4473304132 0.5762098754 0.4491712000 0.5097775679 0.5172012443
0.0000000000 0.2095041201 0.5256417696 0.4673108272 0.5667348847 0.5218794949 0.5171051649 0.4473304132 0.4301157081 0.4159766191 0.5097775679 0.5172012443
0.0000000000 0.8123933226 0.5256417696 0.4673108272 0.5667348847 0.5218794949 0.5171051649 0.4473304132 0.4301157081 0.4098953032 0.3448155707 0.5172012443
0.2269413068 0.3204079755 0.5256417696 0.4673108272 0.5667348847 0.5218794949 0.5171051649 0.4581615313 0.4301157081 0.4159766191 0.5097775679 0.5172012443
0.9061804016 0.6700071089 0.5256417696 0.4673108272 0.5667348847 0.5218794949 0.5171051649 0.4581615313 0.4301157081 0.3944469780 0.5097775679 0.5172012443
0.3369268873 0.3552389232 0.5256417696 0.4673108272 0.5667348847 0.5218794949 0.5171051649 0.4581615313 0.4301157081 0.3944469780 0.5097775679 0.5172012443
0.3369268873 0.2681830831 0.5256417696 0.4673108272 0.5667348847 0.7570316485 0.5171051649 0.5618138749 0.4301157081 0.4244789515 0.5097775679 0.5172012443
0.8087007776 0.6029071358 0.5256417696 0.4673108272 0.5658205185 0.3459768027 0.5171051649 0.4581615313 0.4301157081 0.4077741497 0.5097775679 0.5172012443
0.8648096917 0.3358749618 0.5256417696 0.4673108272 0.5658205185 0.4410062042 0.5171051649 0.4581615313 0.4301157081 0.4077741497 0.5097775679 0.5172012443
0.1111540057 0.3299321161 0.5256417696 0.4673108272 0.5658205185 0.4460987263 0.5171051649 0.4581615313 0.4301157081 0.4077741497 0.5097775679 0.5172012443
0.0000000000 0.3299321161 0.5256417696 0.4673108272 0.5658205185 0.4460987263 0.5171051649 0.4581615313 0.5453257432 0.4077741497 0.5097775679 0.5172012443
0.0000000000 0.8881438777 0.5256417696 0.4673108272 0.5658205185 0.4460987263 0.5171051649 0.4581615313 0.5453257432 0.4077741497 0.5097775679 0.5172012443
0.0000000000 0.6869604448 0.4767374170 0.4673108272 0.6292504445 0.4460987263 0.4984364293 0.4608162306 0.5453257432 0.4077741497 0.5085033307 0.5172012443
0.0000000000 0.7490523634 0.5458630219 0.4673108272 0.5357436666 0.4460987263 0.4984364293 0.4608162306 0.5453257432 0.4077741497 0.4320215570 0.4151022542
0.3191578029 0.7490523634 0.5458630219 0.4673108272 0.5357436666 0.4460987263 0.4984364293 0.4608162306 0.5453257432 0.6250403974 0.5486709215 0.5469524871
0.3191578029 0.5723742226 0.5458630219 0.2815085296 0.5357436666 0.4804417416 0.4984364293 0.7994582670 0.5453257432 0.4817597523 0.5486709215 0.5469524871
0.0643116409 0.8027813484 0.5668625428 0.5352171152 0.5357436666 0.4460987263 0.4984364293 0.4608162306 0.5453257432 0.4513381349 0.4811575645 0.6371944849
0.0478188341 0.6535457683 0.5458630219 0.4378560038 0.5357436666 0.4035099266 0.4984364293 0.5115862487 0.5453257432 0.4513381349 0.4811575645 0.6371944849
0.2044469353 0.7193886862 0.5458630219 0.5352171152 0.5357436666 0.6576676304 0.4984364293 0.4608162306 0.5453257432 0.4513381349 0.4811575645 0.5354192584
0.3628907084 0.5210377756 0.3652068497 0.3496857528 0.5357436666 0.6576676304 0.4949758343 0.4608162306 0.3724467805 0.4513381349 0.4811575645 0.5354192584
0.3042434931 0.4242679150 0.5687061935 0.4192731370 0.4795370207 0.6576676304 0.4949758343 0.4608162306 0.3724467805 0.5450226272 0.4920411187 0.6561134804
0.3178291599 0.0000000000 0.5687061935 0.5632866485 0.4795370207 0.5708559145 0.5971875868 0.4608162306 0.4827204362 0.4724141147 0.4238655171 0.3293356541
0.7004098427 0.8012467647 0.5687061935 0.4193779801 0.4688600186 0.4502146722 0.4999746220 0.5539342559 0.5570004839 0.4724141147 0.5950221233 0.4797698537
0.6671525507 0.3386937933 0.5687061935 0.3668342265 0.3897037899 0.4904254149 0.4999746220 0.5539342559 0.5570004839 0.4724141147 0.5950221233 0.4797698537
0.4077517420 0.4774134969 0.4452845978 0.6406415868 0.4688600186 0.5873988225 0.4776732632 0.5539342559 0.5570004839 0.4004251817 0.5582451396 0.4036944685
0.6187605837 0.3012463203 0.3254505348 0.6406415868 0.4688600186 0.5873988225 0.4776732632 0.5539342559 0.5375956879 0.4004251817 0.5582451396 0.5042519379
0.6320123625 0.4774134969 0.4452845978 0.6406415868 0.4688600186 0.5873988225 0.4776732632 0.5539342559 0.5570004839 0.4004251817 0.5032939899 0.4754869681
0.6078352973 0.6383477686 0.4452845978 0.5126125207 0.4688600186 0.5873988225 0.4776732632 0.5539342559 0.4993716546 0.4004251817 0.5032939899 0.4754869681
0.5409869156 0.5952111685 0.5000106855 0.4996890057 0.5000126664 0.5000227337 0.5000234689 0.4999748310 0.5000238284 0.5000455699 0.5000091419 0.5000252020
0.5228779459 0.8889041759 0.4999991331 0.5004400382 0.5000126983 0.5000255257 0.5000261170 0.4999744704 0.5000217279 0.5000297319 0.5000096549 0.5000236472
0.5135725195 0.1625602956 0.5000061830 0.5001154269 0.5000125400 0.5000255919 0.5000261170 0.4999749461 0.5000217279 0.5000381204 0.5000077178 0.5000236472
0.5578519364 0.7307588448 0.5000007664 0.4998791971 0.5000122549 0.5000243173 0.5000259217 0.4999746527 0.5000220006 0.5000333365 0.5000079355 0.5000244024
0.5381491940 0.2534325272 0.4999908601 0.4999737382 0.5000123369 0.5000243173 0.5000240597 0.4999740677 0.5000209498 0.5000319605 0.5000102934 0.5000246417
0.5093945411 0.5237880919 0.5000099523 0.4998090172 0.5000127824 0.5000241044 0.5000215288 0.4999748750 0.5000225778 0.5000310614 0.5000086925 0.5000239599
0.5444590757 0.0000000000 0.5000016355 0.4997496770 0.5000127673 0.5000234917 0.5000215288 0.4999748750 0.5000207221 0.5000421929 0.5000086925 0.5000239599
0.5156389249 0.0728691380 0.5000030635 0.4997573707 0.5000125337 0.5000241743 0.5000220883 0.4999749567 0.5000214663 0.5000330506 0.5000094627 0.5000244011
0.5304771402 0.4510022086 0.5000088838 0.4999956800 0.5000121449 0.5000239172 0.5000240965 0.4999746149 0.5000214663 0.5000300927 0.5000090016 0.5000242007
0.5700319319 1.0000000000 0.5000088838 0.4999956800 0.5000123526 0.5000239172 0.5000220883 0.4999749728 0.5000214663 0.5000301366 0.5000090016 0.5000242007
0.5151300875 0.6621697939 0.5000088838 0.5001127741 0.5000122435 0.5000249688 0.5000230044 0.4999749728 0.5000214663 0.5000332237 0.5000090016 0.5000242007
0.4857207331 0.8164073091 0.5000007531 0.4999519035 0.5000123978 0.5000242323 0.5000212286 0.4999741263 0.5000227365 0.5000265888 0.5000089152 0.5000245430
0.5215488754 1.0000000000 0.5000030752 0.5000857972 0.5000126731 0.5000242248 0.5000218277 0.4999739449 0.5000212491 0.5000320162 0.5000094700 0.5000237852
0.4621685463 0.0000000000 0.5000030752 0.5000857972 0.5000124940 0.5000238598 0.5000219699 0.4999739131 0.5000212491 0.5000321002 0.5000094700 0.5000245104
0.4621685463 0.4619686799 0.5000012203 0.5000857972 0.5000123511 0.5000261535 0.5000219699 0.4999739131 0.5000212491 0.5000321002 0.5000090221 0.5000239783
0.4621685463 0.3310101243 0.4999956794 0.5002804345 0.5000125525 0.5000260611 0.5000219699 0.4999747609 0.5000212491 0.5000285773 0.5000094700 0.5000245104
0.5014655013 0.7262171696 0.5000118009 0.4999981090 0.5000124940 0.5000245881 0.5000221687 0.4999743331 0.5000227647 0.5000326757 0.5000087862 0.5000218848
0.4963517767 0.3949928333 0.5000118009 0.5002845247 0.5000124940 0.5000249965 0.5000233054 0.4999746268 0.5000225451 0.5000321887 0.5000087862 0.5000218848
0.4962773907 0.2839776497 0.5000118009 0.4999981090 0.5000124940 0.5000249270 0.5000221687 0.4999749328 0.5000220958 0.5000326757 0.5000087862 0.5000236370
0.4862847635 0.9490360030 0.5000063470 0.5000385303 0.5000126436 0.5000243597 0.5000233064 0.4999744501 0.5000216868 0.5000343935 0.5000092534 0.5000223287
0.5321737487 0.8056984621 0.5000079207 0.4999594116 0.5000125374 0.5000247393 0.5000234445 0.4999749924 0.5000219912 0.5000319995 0.5000085613 0.5000225125
