60.1974093474 37.5192471256 0.0000000000 0.0000000000 0.0000000000 0.0000000000 0.0000000000 0.0000000000 0.0000000000 0.0000000000 0.0000000000 0.0000000000
99.4352748812 36.1571078813 0.0000000000 0.0000000000 0.0000000000 0.0000000000 0.0000000000 0.0000000000 0.0000000000 0.0000000000 0.0000000000 0.0000000000
99.4352748812 82.8810268177 0.0000000000 0.0000000000 0.0000000000 0.0000000000 0.0000000000 0.0000000000 0.0000000000 0.0000000000 0.0000000000 0.0000000000
30.1591175977 97.4936806027 0.0000000000 0.0000000000 0.0000000000 0.0000000000 0.0000000000 0.0000000000 0.0000000000 0.0000000000 0.0000000000 0.0000000000
48.1567002819 26.1822065572 0.0000000000 0.0000000000 0.0000000000 0.0000000000 0.0000000000 0.0000000000 0.0000000000 0.0000000000 0.0000000000 0.0000000000
88.1672917276 77.5208416517 1.0395508942 0.0000000000 0.0000000000 0.0000000000 0.0000000000 0.0000000000 0.1103896319 0.0000000000 0.5201405581 1.0914306559
34.0878554879 84.1577238249 0.8433669548 1.0049486714 0.1985701536 1.3598924074 1.7422406122 0.0000000000 0.0000000000 0.0000000000 0.0000000000 0.0265398672
15.4065675603 96.7778076875 0.1835658475 0.3522338233 0.0000000000 0.1529137665 0.0357322358 0.1789213885 0.0336449199 0.0053419775 0.0486513914 0.0239197234
30.2130797653 90.8636821044 0.2290589664 0.0671304561 0.0663964309 0.1088088613 0.0000000000 0.0327849142 0.1003270302 0.0346490651 0.0783241139 0.0000000000
51.4598724260 98.8146617037 0.0054801555 0.0410207985 0.0012747668 0.0000000000 0.0967165664 0.0080647082 0.0409601945 0.0000000000 0.0255047913 0.1066680256
83.4313520743 98.1619848191 0.0071367655 0.0000000000 0.0197130818 0.0000000000 0.0000000000 0.0000000000 0.0074191051 0.0179347777 0.0463046347 0.0000000000
66.1745709220 30.8232444757 0.0208007242 0.0348989568 0.0000000000 0.0073521058 0.0028231393 0.0055514660 0.0000000000 0.0000000000 0.0197227787 0.0000000000
16.8517001886 63.5526170450 0.0000000000 0.0085886834 0.0020736252 0.0021292487 0.0000000000 0.0038605861 0.0031219062 0.0000000000 0.0000000000 0.0000000000
77.4471744751 93.4621130593 0.0010020704 0.0024434116 0.0000000000 0.0010237217 0.0007616651 0.0006832353 0.0000000000 0.0006332927 0.0000000000 0.0044653258
75.4673344578 83.5178982513 0.0000000000 0.0002984600 0.0011285528 0.0005166120 0.0022499162 0.0000000000 0.0007386182 0.0000000000 0.0002550688 0.0001188576
42.8387104932 44.2321700129 0.0004282696 0.0000000000 0.0005271941 0.0000000000 0.0006926592 0.0000657360 0.0000000000 0.0001923911 0.0000027833 0.0005691362
90.8975477703 31.4442521082 0.0000000000 0.0004222230 0.0001615515 0.0001071831 0.0000000000 0.0000415850 0.0001679620 0.0000709976 0.0000000000 0.0000000000
92.8330466681 60.7574385787 0.0000000000 0.0000538634 0.0000317024 0.0000000000 0.0002746659 0.0000564830 0.0000476962 0.0000998037 0.0000000000 0.0000236464
24.8833214809 54.7958200652 0.0000000000 0.0000000000 0.0000409500 0.0000087408 0.0000778687 0.0000000000 0.0000000000 0.0000638924 0.0000399616 0.0000674838
90.7457035910 94.2138380397 0.0000391629 0.0000568503 0.0000096475 0.0000118745 0.0000000000 0.0000000000 0.0000000000 0.0000177564 0.0000234231 0.0000045859
31.4605954182 61.4650748266 0.0000598089 0.0000405850 0.0000275296 0.0000047459 0.0000276504 0.0000000000 0.0000026156 0.0000000000 0.0000000000 0.0000318304
29.5818219445 70.1335812848 0.0000000000 0.0000000000 0.0000000000 0.0000522975 0.0000000000 0.0000306406 0.0000000000 0.0000615815 0.0000168562 0.0000461652
69.5224470145 68.8529015064 0.0000000000 0.0000000000 0.0000520438 0.0000522975 0.0000000000 0.0000042015 0.0000000000 0.0000000000 0.0000168562 0.0000379884
36.1191524694 52.7273067446 0.0000612223 0.0000013059 0.0000200482 0.0000120659 0.0000044107 0.0000099520 0.0000000000 0.0000219701 0.0000438649 0.0000045992
67.6011420072 78.8444449056 0.0000000000 0.0000013059 0.0000095322 0.0000120659 0.0000044107 0.0000157318 0.0000169921 0.0000390285 0.0000053529 0.0000045992
35.4577552386 33.6153804650 0.0000341150 0.0000292574 0.0000000000 0.0000000000 0.0000000000 0.0000149552 0.0000022894 0.0000162744 0.0000176105 0.0000258353
80.7932576968 31.3627573859 0.0000000000 0.0000398727 0.0000033645 0.0000105716 0.0000435617 0.0000000000 0.0000075755 0.0000064046 0.0000013701 0.0000366970
25.3539477930 48.2160157169 0.0000036765 0.0000091951 0.0000046030 0.0000074825 0.0000021534 0.0000000000 0.0000018685 0.0000027158 0.0000000000 0.0000018840
56.1711209935 28.1330025221 0.0000000000 0.0000000000 0.0000052136 0.0000000000 0.0000021534 0.0000068220 0.0000000000 0.0000034987 0.0000055964 0.0000000000
48.1430669484 85.5011420487 0.0000043331 0.0000036254 0.0000038635 0.0000000000 0.0000000000 0.0000013140 0.0000024525 0.0000093542 0.0000110911 0.0000170324
44.7788235910 34.1890373122 0.0000000000 0.0000044715 0.0000014475 0.0000062834 0.0000044111 0.0000012415 0.0000024525 0.0000100289 0.0000055891 0.0000000000
79.5528922556 80.0702566029 0.0000000000 0.0000146753 0.0000096813 0.0000000000 0.0000019653 0.0000005235 0.0000003182 0.0000014204 0.0000001404 0.0000005978
78.8436690212 57.4321915501 0.0000048058 0.0000061005 0.0000055696 0.0000000000 0.0000051686 0.0000000000 0.0000000000 0.0000015591 0.0000000000 0.0000000000
67.5125658113 57.4321915501 0.0000012744 0.0000002688 0.0000055696 0.0000000000 0.0000021340 0.0000000000 0.0000006250 0.0000015591 0.0000000000 0.0000001204
52.2590910588 57.4321915501 0.0000000000 0.0000032714 0.0000003327 0.0000000000 0.0000000000 0.0000000000 0.0000000000 0.0000000000 0.0000000000 0.0000000000
20.3396364648 57.4321915501 0.0000038450 0.0000005961 0.0000003327 0.0000000000 0.0000000000 0.0000000696 0.0000000000 0.0000000000 0.0000000000 0.0000000000
25.5455030345 78.1925433664 0.0000000000 0.0000000000 0.0000048346 0.0000006665 0.0000013608 0.0000000696 0.0000018474 0.0000046412 0.0000000000 0.0000047427
58.1915856806 80.8464416970 0.0000001495 0.0000000000 0.0000010567 0.0000000000 0.0000000000 0.0000004408 0.0000000000 0.0000000000 0.0000000000 0.0000045869
8.1082521884 88.7928214180 0.0000017555 0.0000012114 0.0000000000 0.0000042315 0.0000050297 0.0000006361 0.0000000000 0.0000000000 0.0000000000 0.0000008609
69.4936346639 42.0958904959 0.0000006161 0.0000000000 0.0000013362 0.0000017772 0.0000006525 0.0000006361 0.0000000000 0.0000000000 0.0000000000 0.0000000000
17.5442730253 83.5777440836 0.0000000000 0.0000000000 0.0000000000 0.0000000000 0.0000025412 0.0000025713 0.0000003803 0.0000007542 0.0000000000 0.0000026894
52.1747590250 42.7916405942 0.0000000000 0.0000000000 0.0000002463 0.0000000000 0.0000000852 0.0000000000 0.0000001337 0.0000011896 0.0000006585 0.0000015301
79.4170773553 66.8197626588 0.0000000000 0.0000000000 0.0000022910 0.0000000000 0.0000000852 0.0000000000 0.0000006141 0.0000004042 0.0000000000 0.0000002651
68.8688269001 18.1113833404 0.0000017517 0.0000019222 0.0000002654 0.0000000000 0.0000013756 0.0000007579 0.0000008580 0.0000000000 0.0000002979 0.0000002651
38.1657301434 73.4838954633 0.0000000000 0.0000000000 0.0000002999 0.0000013793 0.0000000000 0.0000000000 0.0000000000 0.0000001948 0.0000000000 0.0000005415
54.8097953307 73.4838954633 0.0000000273 0.0000000000 0.0000010217 0.0000031526 0.0000018389 0.0000000000 0.0000000000 0.0000001948 0.0000000000 0.0000005415
98.1534304865 94.1558830484 0.0000005177 0.0000000000 0.0000005094 0.0000001938 0.0000000000 0.0000010695 0.0000000915 0.0000006389 0.0000003854 0.0000000000
98.1534304865 55.5110600080 0.0000000395 0.0000000000 0.0000004877 0.0000001938 0.0000003502 0.0000000106 0.0000006150 0.0000000000 0.0000003854 0.0000002606
98.1534304865 46.1751564233 0.0000005780 0.0000001017 0.0000000000 0.0000004037 0.0000005081 0.0000001470 0.0000005351 0.0000008369 0.0000000345 0.0000001125
98.1534304865 24.0587561041 0.0000005780 0.0000000000 0.0000003021 0.0000000000 0.0000005081 0.0000000000 0.0000005351 0.0000003945 0.0000000345 0.0000005193
76.1386973037 49.5800679981 0.0000010447 0.0000000000 0.0000011932 0.0000000000 0.0000000442 0.0000000000 0.0000003494 0.0000007826 0.0000004180 0.0000000000
93.5640187988 49.5800679981 0.0000010447 0.0000002181 0.0000007466 0.0000000000 0.0000000442 0.0000000000 0.0000000000 0.0000001153 0.0000000666 0.0000003725
0.0000000000 81.5207234452 0.0000001325 0.0000000489 0.0000013030 0.0000000000 0.0000000000 0.0000003940 0.0000000000 0.0000000000 0.0000001155 0.0000000000
38.8347821685 58.1718118982 0.0000002414 0.0000000000 0.0000001431 0.0000000000 0.0000002230 0.0000003193 0.0000000635 0.0000000000 0.0000001155 0.0000008982
63.5782093920 24.2018514871 0.0000000000 0.0000000000 0.0000004089 0.0000000000 0.0000001608 0.0000004849 0.0000006970 0.0000000000 0.0000000375 0.0000002763
0.0000000000 90.7667510200 0.0000002683 0.0000000302 0.0000000000 0.0000000000 0.0000001743 0.0000000036 0.0000000069 0.0000001533 0.0000000104 0.0000000384
61.5031618629 53.3688530365 0.0000003300 0.0000000779 0.0000004745 0.0000000000 0.0000001370 0.0000003014 0.0000003880 0.0000000856 0.0000002300 0.0000001927
51.5331834057 17.4758979471 0.0000001719 0.0000000129 0.0000000000 0.0000002305 0.0000003108 0.0000002842 0.0000005280 0.0000000000 0.0000000323 0.0000000000
80.2223818735 21.4725534283 0.0000001588 0.0000000238 0.0000000901 0.0000001694 0.0000000874 0.0000000000 0.0000000000 0.0000002180 0.0000001111 0.0000000000
3.5180780831 68.8656176770 0.0000002832 0.0000000271 0.0000000000 0.0000001311 0.0000001669 0.0000007335 0.0000000792 0.0000000071 0.0000002559 0.0000000000
0.0000000000 54.9106933875 0.0000000611 0.0000001546 0.0000000000 0.0000000000 0.0000001879 0.0000000000 0.0000000000 0.0000000572 0.0000002001 0.0000000433
0.0000000000 44.1383044442 0.0000000518 0.0000000000 0.0000000617 0.0000000000 0.0000000000 0.0000002242 0.0000000000 0.0000000142 0.0000002386 0.0000000331
0.0000000000 62.8847759700 0.0000000000 0.0000000000 0.0000000617 0.0000007117 0.0000000000 0.0000000853 0.0000000000 0.0000000567 0.0000002386 0.0000000000
91.5017955407 40.7245180059 0.0000000000 0.0000000114 0.0000002459 0.0000001400 0.0000000578 0.0000000000 0.0000000000 0.0000000473 0.0000000619 0.0000000124
91.5017955407 10.7797462231 0.0000002099 0.0000000000 0.0000000892 0.0000000926 0.0000000000 0.0000000000 0.0000000420 0.0000000251 0.0000000000 0.0000001076
72.1943618694 25.5765169384 0.0000000448 0.0000000466 0.0000001763 0.0000000000 0.0000000653 0.0000000000 0.0000000000 0.0000000000 0.0000000587 0.0000000000
25.5381213464 33.5154392431 0.0000000000 0.0000000000 0.0000001352 0.0000000000 0.0000000000 0.0000001568 0.0000001226 0.0000000000 0.0000000000 0.0000000440
72.8574961320 33.5154392431 0.0000000000 0.0000000000 0.0000000000 0.0000000000 0.0000000000 0.0000001568 0.0000000913 0.0000000547 0.0000000000 0.0000000277
0.0000000000 33.5154392431 0.0000000000 0.0000000000 0.0000000000 0.0000000000 0.0000000000 0.0000000115 0.0000000913 0.0000000547 0.0000000000 0.0000000322
19.5975055584 33.5154392431 0.0000001552 0.0000000405 0.0000000000 0.0000000000 0.0000000000 0.0000000115 0.0000000000 0.0000000547 0.0000000000 0.0000000131
98.8455128950 15.4081624060 0.0000000147 0.0000000008 0.0000000000 0.0000000086 0.0000000221 0.0000000465 0.0000000876 0.0000000447 0.0000000000 0.0000001445
60.2136601636 14.0543130944 0.0000000000 0.0000000000 0.0000000001 0.0000000000 0.0000000047 0.0000000000 0.0000000000 0.0000000000 0.0000000116 0.0000000286
98.8227317523 7.4305228108 0.0000000000 0.0000000002 0.0000000017 0.0000000020 0.0000000000 0.0000000006 0.0000000020 0.0000000059 0.0000000047 0.0000000062
50.8023263937 0.0000000000 0.0000000003 0.0000000032 0.0000000000 0.0000000000 0.0000000012 0.0000000000 0.0000000000 0.0000000047 0.0000000019 0.0000000020
50.8023263937 8.2010770833 0.0000000003 0.0000000032 0.0000000028 0.0000000053 0.0000000012 0.0000000047 0.0000000000 0.0000000017 0.0000000019 0.0000000000
97.5401192663 0.4200724683 0.0000000003 0.0000000032 0.0000000000 0.0000000000 0.0000000012 0.0000000000 0.0000000000 0.0000000020 0.0000000019 0.0000000000
90.8631493634 18.6137087512 0.0000000000 0.0000000005 0.0000000000 0.0000000067 0.0000000001 0.0000000000 0.0000000027 0.0000000022 0.0000000001 0.0000000000
8.7952893100 24.8502283301 0.0000000016 0.0000000010 0.0000000000 0.0000000012 0.0000000000 0.0000000000 0.0000000012 0.0000000005 0.0000000007 0.0000000010
36.2239958700 23.3884131474 0.0000000009 0.0000000000 0.0000000000 0.0000000010 0.0000000014 0.0000000015 0.0000000000 0.0000000021 0.0000000022 0.0000000000
50.1440984405 15.2195089181 0.0000000000 0.0000000000 0.0000000012 0.0000000022 0.0000000016 0.0000000000 0.0000000011 0.0000000013 0.0000000024 0.0000000019
79.4776088581 10.0069746553 0.0000000006 0.0000000010 0.0000000001 0.0000000000 0.0000000000 0.0000000015 0.0000000001 0.0000000008 0.0000000000 0.0000000011
84.1871334508 0.0000000000 0.0000000007 0.0000000003 0.0000000000 0.0000000000 0.0000000004 0.0000000004 0.0000000002 0.0000000000 0.0000000000 0.0000000000
92.2325577361 1.7048913786 0.0000000008 0.0000000003 0.0000000002 0.0000000002 0.0000000005 0.0000000004 0.0000000000 0.0000000003 0.0000000000 0.0000000000
58.1196417559 0.0000000000 0.0000000003 0.0000000006 0.0000000005 0.0000000001 0.0000000011 0.0000000003 0.0000000000 0.0000000005 0.0000000002 0.0000000003
62.1826824946 2.2268853919 0.0000000000 0.0000000000 0.0000000000 0.0000000000 0.0000000000 0.0000000005 0.0000000001 0.0000000000 0.0000000000 0.0000000001
73.4514226636 2.7411817533 0.0000000008 0.0000000000 0.0000000004 0.0000000001 0.0000000000 0.0000000000 0.0000000002 0.0000000005 0.0000000006 0.0000000001
45.5452041319 7.0083998899 0.0000000002 0.0000000001 0.0000000003 0.0000000001 0.0000000002 0.0000000000 0.0000000001 0.0000000005 0.0000000002 0.0000000001
34.2171365383 0.0000000000 0.0000000000 0.0000000001 0.0000000001 0.0000000002 0.0000000001 0.0000000003 0.0000000001 0.0000000000 0.0000000003 0.0000000000
14.8041814016 10.1307511008 0.0000000000 0.0000000001 0.0000000001 0.0000000002 0.0000000002 0.0000000005 0.0000000002 0.0000000005 0.0000000001 0.0000000005
31.4210162350 8.9147982638 0.0000000001 0.0000000000 0.0000000001 0.0000000001 0.0000000002 0.0000000003 0.0000000001 0.0000000001 0.0000000001 0.0000000003
50.2731250430 5.8750818562 0.0000000001 0.0000000004 0.0000000002 0.0000000001 0.0000000002 0.0000000001 0.0000000001 0.0000000001 0.0000000003 0.0000000000
28.1638365163 2.1301287161 0.0000000002 0.0000000001 0.0000000001 0.0000000000 0.0000000001 0.0000000003 0.0000000001 0.0000000000 0.0000000004 0.0000000001
23.5139201728 0.0000000000 0.0000000002 0.0000000002 0.0000000000 0.0000000001 0.0000000001 0.0000000000 0.0000000000 0.0000000004 0.0000000003 0.0000000001
18.8015304478 0.0000000000 0.0000000004 0.0000000001 0.0000000000 0.0000000001 0.0000000001 0.0000000003 0.0000000000 0.0000000003 0.0000000003 0.0000000002
12.1002215546 6.7627280400 0.0000000000 0.0000000002 0.0000000000 0.0000000000 0.0000000000 0.0000000000 0.0000000000 0.0000000002 0.0000000002 0.0000000000
7.4500481327 2.9315188090 0.0000000000 0.0000000001 0.0000000000 0.0000000001 0.0000000000 0.0000000000 0.0000000000 0.0000000001 0.0000000003 0.0000000000
0.0000000000 2.1275851198 0.0000000000 0.0000000001 0.0000000000 0.0000000001 0.0000000000 0.0000000001 0.0000000000 0.0000000001 0.0000000002 0.0000000000
4.7011537695 2.1275851198 0.0000000000 0.0000000001 0.0000000000 0.0000000001 0.0000000000 0.0000000001 0.0000000000 0.0000000001 0.0000000002 0.0000000000
0.0000000000 5.4035717393 0.0000000001 0.0000000001 0.0000000000 0.0000000001 0.0000000000 0.0000000002 0.0000000000 0.0000000000 0.0000000002 0.0000000000
4.2224973075 5.3616334991 0.0000000000 0.0000000002 0.0000000000 0.0000000001 0.0000000000 0.0000000001 0.0000000000 0.0000000002 0.0000000002 0.0000000000
