0.6386972952 0.6886759908 14.7235296527
0.8155236004 0.8793391294 14.7046325436
0.0000000000 0.0000000000 14.7534583840
1.3435426847 0.0000000000 14.6921552995
0.9567531815 0.9432551592 14.6921552995
0.0000000000 1.1863640307 14.7056817141
1.1186947633 1.6574573182 0.0122740928
1.6895797564 1.0692882882 0.0122731933
0.8287210219 1.8196914897 0.0122731909
1.4488161986 1.3780421603 0.0122732102
1.6702067444 1.0991968899 0.0122728342
1.9244360964 0.5425925767 0.0122728909
0.1900282321 1.9904054413 0.0122728349
0.6938658877 1.8751998396 0.0122728311
0.0806206193 1.9978299620 0.0122728027
1.5778966430 1.2280335598 0.0122726952
1.3618060331 1.4640042940 0.0122726219
1.0816845976 1.6816012237 0.0122726219
1.1484253467 1.6367478307 0.0122728640
0.3496989541 1.9686393547 0.0120246169
1.1778431214 1.6157403361 0.0066038859
1.5985788538 1.2010497553 0.0000000000
1.5534938899 1.2587955798 0.0080798444
1.9032966065 0.6126946930 0.0064886960
0.0000000000 1.9994936512 0.0000000000
0.0444883649 1.9989969661 0.0026035260
1.0535904184 1.6993887407 0.0000000000
0.4864459980 1.9394187680 0.0000000000
1.3864810505 1.4407057155 0.0034926445
1.2903156241 1.5272518936 0.0237088019
1.9930593599 0.1598761984 0.0113513766
0.6217749132 1.9001647052 0.0272930795
1.4083405759 1.4191549314 0.0234726406
0.0000000000 1.9992039884 0.0340334822
0.2628476706 1.9818053430 0.0365177987
1.9993610292 0.0000000000 0.0230290823
1.0192231501 1.7198725829 0.0346024694
1.3739992247 1.4519207284 0.0450243793
1.9990304873 0.0324253828 0.0282943057
1.0615505024 1.6940666584 0.0349793350
1.4692764316 1.3559289501 0.0256575625
1.9754952896 0.3083654362 0.0174353020
1.7245378422 1.0117578316 0.0170348144
1.3380457179 1.4855351927 0.0281729240
1.9487922436 0.4472664729 0.0116772843
1.2074936463 1.5936280584 0.0168395717
1.8690053289 0.7099891383 0.0266339290
0.7833838258 1.8395373307 0.0196737207
1.9578486191 0.4044551728 0.0349236361
0.7189528042 1.8655060871 0.0311250281
1.7633459550 0.9419510847 0.0362499325
1.6359008569 1.1492549657 0.0318790591
1.7931689783 0.8845664804 0.0078753789
0.9169546545 1.7768405362 0.0025948727
1.9021056440 0.6149736739 0.0421469201
1.9886352796 0.2037847568 0.0421469201
0.2225847208 1.9866188719 0.0421469201
1.9962848639 0.1036622565 0.0455603320
1.9571525507 0.4093027718 0.0000000000
0.9697783531 1.7485069503 0.0151080963
1.9854324354 0.2362600304 0.0146323893
1.8190160772 0.8301538262 0.0000000000
1.7068702117 1.0414263998 0.0000000000
0.7307540484 1.8611752697 0.0000000000
0.4288847424 1.9529548750 0.0000000000
1.0246755054 1.7169779289 0.0013278386
0.8836914362 1.7936176113 0.0004185060
1.9343589053 0.5061921464 0.0000000000
1.9649446579 0.3700910128 0.0000000000
1.8557400249 0.7444486723 0.0000000000
1.7616870143 0.9457450675 0.0000000000
1.6300774087 1.1579389048 0.0000000000
1.7442272357 0.9775699966 0.0017659697
1.5272366459 1.2905385176 0.0057820025
1.8398767364 0.7828336150 0.0000000000
1.4881307938 1.3354555803 0.0000000000
1.6491914773 1.1305387313 0.0049515069
1.4249801951 1.4026426172 0.0000000000
1.9985746941 0.0605542079 0.0026925109
1.9137636162 0.5792095353 0.0000000000
1.3138833837 1.5072111063 0.0000000000
0.5216056672 1.9302595962 0.0005325838
0.5586589848 1.9198632776 0.0000000000
0.2795446788 1.9798559638 0.0000000000
1.9971641920 0.0964886348 0.0000000000
0.6611704888 1.8870157523 0.0000000000
1.2340839127 1.5732170102 0.0000000000
1.9708168945 0.3374250064 0.0000000000
1.8918073353 0.6473328904 0.0000000000
0.3892950118 1.9612302917 0.0000000000
0.2292253305 1.9863108052 0.0000000000
0.1501348746 1.9938491375 0.0000000000
1.9814591819 0.2679447208 0.0000000047
1.2726017063 1.5422255872 0.0000000000
1.8809052266 0.6783586025 0.0000000000
0.5908159421 1.9102123927 0.0000000000
0.1113862860 1.9963887303 0.0000000000
0.3184476149 1.9739721336 0.0000000000
0.9951064478 1.7342831436 0.0000000000
1.7784698777 0.9137941551 0.0000000000
