0.9297229769 0.1889729005
0.9346128247 0.1676575977
0.9462696633 0.0989151522
0.9391351826 0.1363451077
0.9558470987 0.0718329236
0.9481382772 0.0914977963
0.9646848196 0.0393813694
0.9740016329 0.0243552202
0.9451736462 0.1202197334
0.9604737460 0.0457608841
0.9460246510 0.1137382959
0.9396731260 0.1274749841
0.9146552802 0.2307594077
0.9233130302 0.2059248526
0.8815246873 0.3109350228
0.9080919951 0.2411386333
0.8876818115 0.2876324223
0.7311574108 0.5854367342
0.9014731575 0.2513288558
0.8859140252 0.3033503785
0.8201778066 0.3845553586
0.8575157955 0.3400656060
0.8164526105 0.3915758817
0.7909525977 0.4443351987
0.7750399775 0.4734351106
0.8366628486 0.3607114193
0.8059965551 0.4345147365
0.8643953417 0.3246535465
0.7841671423 0.4601511877
0.8038142141 0.4415420907
0.7501375190 0.5168862142
0.6605689572 0.6370446479
0.7596054120 0.5095409955
0.7889281234 0.4560343725
0.4927922546 0.7822553471
0.6519794124 0.6411970354
0.5810381643 0.7030086551
0.5454480323 0.7243055001
0.5180277562 0.7566530639
0.5117167976 0.7622301984
0.6078645026 0.6726973052
0.6253534326 0.6550633793
0.5769787001 0.7122075563
0.6817081703 0.6124245380
0.5528798956 0.7163200068
0.5277015491 0.7446025295
0.4966567620 0.7775725017
0.4623305329 0.8002522898
0.4417213301 0.8095525905
0.6064519094 0.6990439347
0.4808716494 0.7852536079
0.4674337688 0.7931572300
0.4498640453 0.8069663346
0.5041451847 0.7704019139
0.3372040047 0.8494860058
0.3430093948 0.8446286137
0.3932979956 0.8191352364
0.4080926005 0.8105783936
0.3548230622 0.8387406288
0.3883072860 0.8222863077
0.3644534614 0.8329260177
0.3186350277 0.8545527372
0.2658047483 0.8769050654
0.3023406692 0.8634103042
0.2813577643 0.8710524543
0.2898414962 0.8692722579
0.1863757900 0.9109885266
0.2569901775 0.8849190788
0.2775974419 0.8757125246
0.1722737770 0.9140119288
0.1640222168 0.9172646474
0.0118087663 0.9739718340
0.0160397209 0.9704548317
0.0341172575 0.9645552672
0.0278059691 0.9668133657
0.0395836597 0.9622845171
0.0489473988 0.9598485969
0.0564392924 0.9581380483
0.1022250307 0.9391393274
0.1792627193 0.9112666902
0.1572541538 0.9198879361
0.2293585036 0.8929591817
0.2124701834 0.8983158117
0.1923710717 0.9066116506
0.2229115989 0.8952104483
0.2406160516 0.8918011605
0.2033582512 0.9025102527
0.0600361660 0.9540526650
0.0863512643 0.9452493733
0.0728761574 0.9493354697
0.0914198352 0.9430946697
0.0680003511 0.9530907884
0.0972843294 0.9412818490
0.1137016626 0.9353306283
0.1074411131 0.9378332842
0.1432242772 0.9244936482
0.1386421587 0.9261892227
0.1319738324 0.9285344399
0.1242549627 0.9313339153
0.1181380657 0.9335659116
