0.6409041818 0.7243190236
0.7006640451 0.6069049736
0.7538920209 0.5576567438
0.8695671358 0.3291720609
0.8657881399 0.3393466279
0.8315655498 0.5009739730
0.8274713256 0.5016460876
0.9696455350 0.0487345633
0.9755825857 0.0328518389
0.9561946219 0.0599385993
0.9093620013 0.2428020821
0.8768229564 0.2854361741
0.9097912053 0.2162574146
0.8389151689 0.3517098206
0.8697809136 0.3209282025
0.9423394907 0.1564489729
0.9451105427 0.1407409079
0.9317806938 0.1822931373
0.9534662933 0.0996744991
0.9211699973 0.1980237784
0.9359784006 0.1691085248
0.9046241237 0.2440405745
0.9134161111 0.2108960479
0.9166943437 0.2018317722
0.9011597163 0.2500155379
0.8817735903 0.2717606315
0.8706530560 0.3127630899
0.8335759777 0.4242176139
0.7437496263 0.5626103657
0.6979063901 0.6163481287
0.7571505588 0.5510950232
0.7328687533 0.5781727439
0.6043923540 0.7388326661
0.3894806154 0.8259174711
0.4603886756 0.7992962735
0.6833988511 0.7122467767
0.4739643326 0.7839145888
0.5291290358 0.7408914899
0.4543172016 0.8020769699
0.4701617911 0.7925014627
0.3788176188 0.8310448497
0.2879525614 0.8737966922
0.3278478885 0.8607219436
0.3304358644 0.8574749598
0.3782648286 0.8349103743
0.2061801139 0.9008747790
0.2274289140 0.8927998411
0.2614118986 0.8797041720
0.4311789122 0.8101356696
0.5122237017 0.7594330623
0.3451338129 0.8479402357
0.3341756806 0.8533469999
0.4509622923 0.8083204661
0.3664829109 0.8372246598
0.5085407997 0.7707150668
0.2964917925 0.8645833587
0.2364268588 0.8911982189
0.4139598370 0.8244325607
0.2322119586 0.8915837652
0.2540977196 0.8820267496
0.2483463958 0.8844623849
0.2740186275 0.8751328925
0.2229090351 0.8946875671
0.1497670141 0.9238820751
0.1642452961 0.9168431646
0.1532802666 0.9223533997
0.1821296317 0.9113662231
0.1987369459 0.9051347008
0.1859150561 0.9099117178
0.2159478127 0.8983665785
0.1452515199 0.9247888048
0.1017063510 0.9415661836
0.0875685490 0.9449881195
0.1109334269 0.9370584284
0.1355298135 0.9288468322
0.1401003336 0.9270261264
0.1717368460 0.9158131964
0.1770999395 0.9129826666
0.1903538293 0.9086560188
0.1579451159 0.9209819155
0.1252775041 0.9314702459
0.1293807373 0.9301551858
0.1194117426 0.9342974060
0.0920633339 0.9428219983
0.0837879872 0.9454758760
0.0790131887 0.9473098168
0.0624134107 0.9530643065
0.0660369618 0.9514286005
0.0706665052 0.9499964678
0.0975857313 0.9417229993
0.0566110611 0.9551631731
0.0192783212 0.9687820556
0.0142135642 0.9724731905
0.0246829418 0.9669664598
0.0467219939 0.9588357926
0.0508493716 0.9571781375
0.0391998201 0.9612564479
0.0428730382 0.9599348317
0.0348417081 0.9625345446
0.0308628327 0.9639763458
