0.8012366370 0.4483831842
0.8468415736 0.3454507625
0.8302664269 0.3970073649
0.7942279035 0.4667780112
0.3373362868 0.8472942398
0.1944884256 0.9139186455
0.1583823807 0.9228504433
0.1678639161 0.9185581167
0.0670806775 0.9590863925
0.0158646824 0.9749853026
0.0084469706 0.9778435872
0.0303153734 0.9684524946
0.0465021150 0.9613367130
0.0547485512 0.9596858610
0.0997696679 0.9438086513
0.0899264032 0.9449027876
0.0744109514 0.9536970884
0.1069052164 0.9393891230
0.0809981174 0.9492196062
0.1237195538 0.9358365759
0.1451687700 0.9276214314
0.2026076780 0.9056712764
0.1755738680 0.9178762028
0.2364469342 0.8898259647
0.2570396367 0.8816796185
0.2207575645 0.9018890816
0.2679174422 0.8773534167
0.2878734848 0.8695109352
0.3573063097 0.8447234445
0.3821398598 0.8367421454
0.2789931415 0.8738633751
0.4267364073 0.8100038934
0.3196886713 0.8571195062
0.3075990630 0.8628619793
0.3918221923 0.8293069717
0.3619609867 0.8392108890
0.4134346696 0.8217380507
0.4193077531 0.8154723735
0.4747900187 0.7746496461
0.4947155025 0.7571597579
0.4585842909 0.7841105086
0.5213814771 0.7380415882
0.4526758331 0.8002305768
0.5517918453 0.7180603385
0.5661799633 0.7022709468
0.5577865901 0.7112002994
0.6998630233 0.5733915453
0.6299693135 0.6395173516
0.6848488784 0.5904074310
0.6494042360 0.6182864586
0.6375333705 0.6305826985
0.6667876363 0.6029007677
0.5469398476 0.7263202203
0.6222408954 0.6485168602
0.5854452817 0.6864270187
0.5288911233 0.7359473387
0.5944968187 0.6758287880
0.6092449384 0.6613755602
0.6652028284 0.6123369581
0.7205378837 0.5430997300
0.6767432154 0.5980072867
0.7388821027 0.5183203940
0.7122172898 0.5656091458
0.7724900745 0.4923533706
0.7744463818 0.4733234792
0.7373780996 0.5266979248
0.8114846770 0.4131662242
0.8166426466 0.4053615864
0.8077409913 0.4406434092
0.8308278585 0.3638227881
0.8611799808 0.3198276403
0.8776673296 0.2628686143
0.8559301429 0.3259146831
0.8739738080 0.2727510704
0.8861521591 0.2437226608
0.8644967694 0.2964894106
0.8809933287 0.2549647072
0.8916345709 0.2334658798
0.8953182933 0.2275613209
0.9096439112 0.1923763795
0.9014432628 0.2189273517
0.9165711313 0.1701130272
0.9124258576 0.1835277773
0.9078834458 0.2037637897
0.9226692740 0.1532791277
0.9257884231 0.1448608635
0.9401915208 0.1053119120
0.9066559481 0.2125559645
0.9358690054 0.1124921280
0.9327771822 0.1206002074
0.9417701719 0.0976118244
0.9578926373 0.0485843342
0.9509723071 0.0811928626
0.9528908210 0.0679435928
0.9621921576 0.0400167775
0.9570837037 0.0591029233
0.9648445449 0.0328840091
0.9786105446 0.0068469583
0.9732795150 0.0114271756
0.9686962200 0.0216508977
