0.7839201775 0.6134522352
0.9040210982 0.2358132639
0.9505945629 0.1915463761
0.8830524363 0.3088724042
0.9348279225 0.1990277766
0.8421123408 0.3618739254
0.8010928936 0.4200301067
0.7092034662 0.6578018096
0.7570540944 0.6329091500
0.7685775924 0.6146907393
0.6828374916 0.6844215295
0.7910360202 0.6129141569
0.6073496943 0.7428986359
0.5084401228 0.7823083567
0.5684358073 0.7568006016
0.5047567092 0.7932801709
0.4757651662 0.8021575180
0.4304559543 0.8186164719
0.3617311383 0.8508251744
0.3073381633 0.8695631734
0.4491778863 0.8090074957
0.2552599662 0.8827982102
0.2444894322 0.8875918818
0.2652343504 0.8771873600
0.2606204715 0.8796744289
0.3328351379 0.8553407543
0.4094802158 0.8384432684
0.1907595978 0.9077471752
0.2077125071 0.9017690734
0.2164032520 0.8987251208
0.1999940245 0.9041903075
0.1806159899 0.9112578684
0.2399038874 0.8931468261
0.2040859643 0.9028828336
0.3720294678 0.8468122837
0.2216706073 0.8977847663
0.2107318326 0.9008686504
0.2141513489 0.8998760306
0.2346755496 0.8970736543
0.1767694894 0.9130549724
0.1988068668 0.9061838482
0.1579110666 0.9206585117
0.1431521156 0.9265415293
0.1952991572 0.9071411464
0.1642997906 0.9200989851
0.1350157041 0.9287082133
0.1709338259 0.9154886630
0.1846550269 0.9110864168
0.2378147849 0.8955955058
0.3325403868 0.8623908272
0.1745640870 0.9139933101
0.1381390197 0.9271218444
0.1463672615 0.9235527909
0.1661361933 0.9181359852
0.1686229629 0.9171334871
0.1077345122 0.9383260020
0.1304917561 0.9302490202
0.1238490533 0.9325950064
0.1171498483 0.9356360191
0.1136584934 0.9370810835
0.1542358814 0.9207203356
0.1451325177 0.9259008701
0.1286591261 0.9307848893
0.1202285292 0.9342082320
0.1503214386 0.9234763812
0.1035019588 0.9405034024
0.0984854344 0.9432487620
0.0739282804 0.9509995437
0.0777767759 0.9493276287
0.0960045986 0.9446539816
0.0599392921 0.9545302555
0.0640911783 0.9531937582
0.0009188492 0.9825454303
0.0009200079 0.9801700120
0.0071221815 0.9751921368
0.0510082606 0.9576738891
0.0672305258 0.9527029936
0.0620122949 0.9541468481
0.0711322873 0.9513603957
0.0820213043 0.9469794179
0.0867279257 0.9459399974
0.0889841799 0.9451255377
0.0538592492 0.9569145543
0.0387134043 0.9620006404
0.0306414139 0.9647773572
0.0241749031 0.9671001340
0.0418297856 0.9607578485
0.0325244651 0.9637747068
0.0444101029 0.9605151126
0.0349401154 0.9627446100
0.0030324759 0.9782733771
0.0051774393 0.9757810143
0.0084538861 0.9739625919
0.0193162270 0.9690604113
0.0217455136 0.9681717282
0.0265038744 0.9658823240
0.0174805489 0.9694673530
0.0102279280 0.9728653639
0.0149974555 0.9705351155
0.0124270373 0.9717421355
