-0.0016662336 -0.0100413311 -0.7288186118
-0.9666783284 0.0155310771 -0.9552900974
-0.9554007925 0.0155310771 -0.9552900974
-1.0843097398 -0.9746819340 -1.1409504822
-1.1320992135 -0.0029369000 -1.1409504822
-1.1320992135 -1.1829718651 -1.1409504822
-1.0737090601 -1.0548857827 -1.1409504822
-0.7636234362 0.0082524922 0.0219119725
-0.0232623266 0.0082524922 0.0013475080
-0.6000435511 0.0082524922 0.0013475080
-1.1484579637 0.0082524922 0.0013475080
-0.6646094063 0.0082524922 0.0013475080
-0.9749048645 0.0082524922 0.0013475080
-0.9340915094 0.0082524922 0.0013475080
-0.4769113269 0.0082524922 0.0013475080
-0.9488448484 0.0082524922 0.0013475080
-0.8479881554 0.0082524922 0.0013475080
-1.0257101313 0.0051338032 -0.9488941630
-0.6160818243 0.0051338032 -1.0872848447
-1.0441010532 0.0051338032 -0.9885440837
-0.9009672374 0.0051338032 -0.0145267564
-1.0426841493 0.0051338032 -0.9714876723
-0.9942603325 0.0051338032 -0.9388689679
-1.0426841493 0.0051338032 -1.0058762270
-1.0426841493 0.0051338032 -0.7925115416
-1.0426841493 0.0051338032 -1.0213532048
-1.0426841493 0.0051338032 -0.0033970319
-0.5072824040 0.0051338032 -0.0033970319
-1.0047208858 0.0051338032 -0.0033970319
-0.7080142194 0.0051338032 -0.0033970319
-0.5313589873 0.0051338032 -0.0033970319
-0.5313589873 0.0051338032 -1.1135230243
-1.0249165464 -0.8343586623 -1.1118414610
-1.0249165464 -0.8604917116 -1.1118414610
-1.0249165464 -0.8068113241 -1.1118414610
-1.0739706796 -1.1334821302 -1.1118414610
-1.0739706796 -0.9335707141 -1.0572628691
-1.0761150332 -0.9713466496 -1.1118414610
-1.0761150332 -0.9377988446 -1.1118414610
-1.1509008258 -1.0964455166 -1.1118414610
-1.0761150332 -0.8742239548 -1.1118414610
-1.0761150332 -0.8742239548 -1.0489777432
-1.0761150332 -1.0603705251 -1.0489777432
-1.0761150332 -0.9593016582 -1.0489777432
-1.0761150332 -0.8913008825 -1.1025411586
-1.0761150332 -0.7480426951 -1.0990322630
-1.0761150332 -0.9665732407 -1.0990322630
-1.0761150332 -1.0474926190 -1.0990322630
-1.0761150332 -0.5986781802 -1.0990322630
-1.0989572809 -0.9940480395 -1.0990322630
-1.0989572809 -0.7192046336 -1.0990322630
-1.0989572809 -1.0930785521 -1.0990322630
-1.0950443839 -0.7192046336 -1.0705018916
-1.0950443839 -0.6268152669 -1.0990322630
-1.0950443839 -1.0758647352 -1.0990322630
-1.0950443839 -0.5974716316 -1.0990322630
-1.0950443839 -0.7697871917 -1.1096828683
-1.0950443839 -0.6282553066 -1.1273401152
-1.0950443839 -0.8474957348 -1.1264654546
-1.0950443839 -0.6701519597 -1.1264654546
-1.0950443839 -0.5215698625 -1.1264654546
-0.4924020341 0.0018999096 -1.1264654546
-1.1107377806 -1.1870632514 -1.1264654546
-1.1107377806 0.0018999096 -0.5778047250
0.0002349064 0.0018999096 -0.5778047250
-1.1107377806 0.0018999096 -0.5560570090
-0.8017356936 0.0018999096 -0.0191365424
-0.6297315553 0.0018999096 0.0074018561
-0.8595536412 0.0018999096 0.0074018561
-0.9154324415 0.0018999096 0.0074018561
-0.8225094212 0.0018999096 -0.0128669073
-1.0610023528 0.0018999096 -1.0749341518
-0.6474440622 0.0018999096 -1.0749341518
-1.0175587444 0.0018999096 0.0143378934
-1.1162572160 -0.0214260785 -1.1267811058
-0.8021714394 0.0003682677 -1.0042647884
-0.8162686023 0.0003682677 -1.0384651899
-0.8507842390 0.0020363205 -1.0582739471
-0.6831256731 0.0020363205 -1.0582081672
-0.0112198752 0.0001341885 -1.0291570943
-0.8342115904 -0.0007762167 -1.0292731794
-0.7641821789 -0.0004723869 -1.0335136528
-0.9092993716 0.0000007702 -1.0459152104
-0.7641821789 -0.0000544785 -1.0603662570
-0.7248007037 0.0009560645 -1.0451850277
-0.6860663233 0.0002970182 -1.0704670967
0.0006627087 -0.0000930800 -1.0709448831
0.0006627087 -0.0004890332 -1.0566695865
-0.9417898294 -0.0000401885 -1.0483753204
-1.1585211025 -0.0003156700 -1.0750299769
-1.0869417660 -0.0000523431 -1.0734723990
-0.8361929928 -0.0002173600 -1.0635316002
-1.0350458890 -0.0000096728 -1.0659111303
-1.1222294290 -0.0000096728 -1.0694825652
-0.7228418070 -0.0000056964 -1.0627173833
-0.9417710771 -0.0000307131 -1.0645044748
-0.8227110653 -0.0000616069 -1.0632861677
-0.9065162421 0.0000223596 -1.0655590494
-1.0509584830 -0.0000182264 -1.0650607581
-1.0161585026 0.0000858642 -1.0638441109
