-1.1030388867 0.0316980772 -1.1296854451
-0.6341535489 0.0007400328 -0.0160988209
0.0261785573 0.0007400328 -0.0160988209
0.0261785573 0.0007400328 -0.7381444569
0.0261785573 0.0007400328 -0.8272447667
0.0261785573 0.0007400328 -0.7575689502
-1.0331727636 0.0007400328 -1.0544657615
-1.1056420516 -0.9879132897 -1.1420515710
-1.1148335780 -0.9996267626 -1.1420515710
-1.1148335780 -0.7881412835 -1.1101470712
-1.1148335780 -0.8086080056 -1.1101470712
-1.1148335780 -0.9454848567 -1.0704484248
-1.1148335780 -0.8442493234 -1.0370850465
-1.0317481663 -0.9454848567 -1.0370850465
-1.0317481663 -0.8173999286 -1.0370850465
-1.0317481663 -0.7974154441 -1.0370850465
-1.0436715664 -0.9136905741 -1.0945090096
-1.0436715664 -0.9873099199 -1.0945090096
-1.0436715664 -1.0073389013 -1.0945090096
-1.0263577428 -0.9058038174 -1.0504216947
-1.0971353738 -0.7003418087 -1.0504216947
-1.1061396476 -0.8736755471 -1.0504216947
-1.1061396476 -0.9186451160 -1.0504216947
-1.1061396476 -0.7454384650 -1.0504216947
-1.1061396476 -0.9862415598 -1.1010658009
-0.9357996047 0.0059167024 -1.0460945457
-0.8765323188 0.0059167024 0.0070761958
-1.1405805734 0.0034206367 -1.1610763656
-0.4620587074 -0.0079212998 -0.0027793828
-0.8151128987 -0.0079212998 -0.0027793828
-0.7262475692 -0.0079212998 -0.0027793828
-0.6326773201 -0.0079212998 -1.0825474709
-0.6855033592 0.0012588460 -1.0825474709
-1.1325458898 -1.0391836550 -1.0825474709
-1.0609107690 -0.8012553959 -1.0825474709
-1.0712780194 -0.7645135001 -1.1144357450
-1.0448927854 -1.1285339289 -1.1144357450
-1.0448927854 -0.9484549386 -1.1144357450
-1.0448927854 -0.6603988774 -1.0976701748
-1.0448927854 -0.6603988774 -1.0785871271
-1.0748810823 -0.7989967503 -1.0976701748
-1.0748810823 -0.7015883642 -1.0976701748
-1.0748810823 -0.9176346618 -1.0976701748
-1.0601883051 -0.6697542119 -1.0976701748
-1.0601883051 0.0044608237 -1.0976701748
-1.0969171795 0.0044608237 -1.0976701748
-1.0324304606 0.0044608237 -1.0276819803
-1.1356760689 0.0044608237 -1.1188880114
-1.1279870804 0.0044608237 -0.5451373179
-1.1399101869 -1.0727978562 -1.1363277203
-1.1493462815 -1.1375039473 -1.1363277203
-1.1493462815 -1.0223111628 -1.1451254249
-1.1493462815 -0.4752034943 -1.1451254249
-1.1430501620 0.0006033676 -0.0027118762
-0.7111762203 0.0006033676 -0.0027118762
-1.0323181580 0.0006033676 -1.0422116203
-0.9799576797 -0.0029227510 0.0046607358
-1.0054655673 -0.0029227510 0.0046607358
-0.6778054576 0.0004098217 0.0046607358
-0.8539770691 0.0004098217 0.0046607358
-0.8008342955 0.0000661283 0.0046607358
-1.0949357369 0.0000661283 0.0046607358
-0.9576898053 0.0000661283 0.0046607358
-0.5742985136 0.0000661283 0.0046607358
-0.9173079852 0.0000236514 0.0046607358
-0.8887465162 0.0000236514 0.0046607358
-1.0242144828 0.0000236514 0.0046607358
-0.5509765169 0.0000236514 0.0046607358
-0.5147413435 -0.0002112891 0.0046607358
-0.6098719272 -0.0002112891 0.0046607358
-0.6098719272 -0.0002112891 -1.0440356455
-0.9934981906 -0.0002112891 0.0046607358
-0.6901864175 0.0001330426 -0.0059060339
-1.0603905188 -0.0000844641 -1.0719963544
-1.0994246381 -0.0000844641 -1.0719963544
-1.0063344972 0.0003060093 -0.7931836725
-1.0009111419 0.0001883349 -0.9291103975
-0.8980310517 0.0001265285 -0.9291103975
-1.0078639456 -0.0000591896 -0.7695207599
-1.0204708858 -0.0000152172 -0.7695207599
-1.0395160626 -0.0001416501 -0.9996490292
-0.9942731077 0.0001104613 -0.9196769715
-0.9763073109 0.0000140343 -0.9630154922
-0.9609971636 0.0001348015 -0.9292338539
-0.9717950199 -0.0001156151 -0.9292338539
-0.9661446508 0.0000815824 -0.9873525426
-1.0146915321 -0.0000995200 -1.0985219601
-1.0146915321 -0.0002983915 -0.6762396426
-1.0551358341 -0.0000238219 -0.9626434238
-0.9081338009 0.0001638204 -0.9289361892
-0.9814179938 -0.0001914270 -1.0208277856
-0.8994582690 -0.0000045680 -0.9190404488
-0.9354546327 -0.0000045680 -0.9190404488
-0.9715197229 -0.0000912036 -0.8376965959
-0.9365032895 -0.0000495878 -0.8075896502
-0.9775534955 -0.0000073617 -1.0519292421
-0.9608141471 -0.0000073617 -1.0290537352
-0.9583264986 -0.0000073617 -0.9174175255
-0.9667892759 -0.0000561277 -0.8799823675
-0.9487626967 -0.0000028050 -0.9160019511
