-15.9965550431 -7.5807005568
-18.7766473338 -0.5268431218
-19.9155791500 0.0942074737
-18.5752705631 -1.1153230217
-18.4228895906 -1.7650829143
-18.5418185918 -1.2477520285
-16.2317732892 -6.9981104260
-14.8271550491 -10.7856675111
-14.7940287476 -10.8996448076
-15.2267915392 -9.1587872864
-15.1904951650 -9.3125216694
-14.9803368955 -10.2587571406
-15.2134574934 -9.2416459557
-15.1114004142 -9.6722032813
-15.3644059788 -8.6337278693
-15.4022373314 -8.4814711978
-15.0963484658 -9.7835467803
-14.9493828761 -10.3722486361
-14.9085842308 -10.5195887908
-15.1824518956 -9.3927570502
-15.4766236787 -8.2411761658
-15.1523979824 -9.5353067520
-15.0655297763 -9.9053112902
-15.3874243176 -8.5620455843
-14.8755342903 -10.6846476037
-16.4052291779 -6.2055487296
-18.3735337052 -2.1829240585
-15.8880564964 -7.7324946831
-19.1003975222 0.0766288362
-18.4788792238 -1.6984096848
-18.6312147051 -1.0646610341
-16.8645438282 -4.2465527903
-16.7720701725 -4.5468519483
-14.7607589301 -11.0425369973
-15.3038284621 -8.9315137496
-15.3172929939 -8.8313506106
-14.6338969978 -11.1856087159
-15.0036017179 -10.1400634256
-15.5495425447 -7.9811692331
-15.5748365662 -7.9018395349
-15.2722148383 -9.0473851194
-15.4421747078 -8.3812998526
-15.0493155252 -9.9986383648
-15.5140897322 -8.1203808201
-16.1182408870 -7.3532056442
-16.0590367339 -7.5227347308
-16.2764489020 -6.8183827198
-15.9630313690 -7.6854525463
-16.9474042424 -4.0307934011
-14.6278160141 -11.3974624397
-14.4868537465 -11.6078642959
-14.7081783891 -11.1132882151
-15.6017057537 -7.7329226752
-17.9508323787 -3.8606675382
-18.6686165021 -0.9870871165
-16.2530364540 -6.9206904752
-18.2091880933 -3.0339819283
-18.1673591524 -3.2239213924
-18.7229048684 -0.7837283330
-18.4205869804 -2.0195441306
-18.5106980584 -1.6052935077
-18.0240023611 -3.7450439590
-18.2475647356 -2.8683794818
-18.9055940166 -0.2856593893
-18.3145211624 -2.5402728274
-18.3622054365 -2.3049114903
-18.1384358548 -3.3633993145
-18.9472746802 -0.1978463424
-19.0124096575 -0.0771705581
-18.8423836569 -0.4364292182
-16.9672277680 -3.9539949572
-18.1886341885 -3.1446339672
-18.6988540376 -0.8538307553
-16.1592761443 -7.2560265558
-16.0963724863 -7.4335503209
-16.7100042203 -4.8136767067
-16.4900289544 -5.8639974902
-16.6602052485 -5.0455035575
-16.7479826646 -4.6531480454
-16.7273976961 -4.7412787411
-16.3107387399 -6.6801208787
-16.5165859815 -5.7380986072
-16.4742882326 -5.9535318159
-16.5554311542 -5.5600446373
-16.5376308545 -5.6451540113
-16.4509759283 -6.0623145339
-16.1908466458 -7.0839977713
-16.8982790289 -4.1011044463
-16.3462272475 -6.4906368151
-16.6436279142 -5.1272036016
-16.3710651683 -6.4215388872
-16.6745619082 -4.9753016442
-16.6146379752 -5.2712192268
-16.6915095711 -4.8960050458
-16.8004567013 -4.3817059407
-16.3268608806 -6.5890903025
-16.3915960636 -6.3165664016
-16.5794875058 -5.4424819129
-16.6280792194 -5.2009338495
-16.5976509298 -5.3541952258
