1.5455310189 4.6308238635 9.6135717340
16.1110351119 13.8429202859 0.9799848837
1.1412434965 17.5455153012 6.6288516014
1.3284940846 11.7003365574 4.9032678324
1.3284937723 10.7056957965 4.9032681643
1.3284939391 8.1342263730 4.9032679870
1.3284939391 5.6660566825 5.3529045684
1.2263358331 9.1913577080 5.6743241634
1.1295516096 5.9377988637 11.3599200825
1.3013789331 3.5048814673 16.3442972064
0.9853281582 6.3947878079 10.2410073795
0.9853281582 5.6710691508 19.8776401731
0.9933603694 7.4464801174 9.8384105009
0.9667107461 9.6968995324 11.0375878841
0.8544687721 17.4954432461 13.5812512526
0.9466272576 8.0104083844 13.9694764145
0.9466272576 8.8809997030 11.8957449514
0.9466272576 10.9138288116 8.5064377065
0.9466273506 10.4655763439 9.8887837303
1.3068851548 5.9266810482 8.9365325407
0.9457718399 13.5933750490 14.9713109369
0.9149560465 14.3827556553 10.9287012902
0.9907966969 5.7227737611 12.6685886065
0.9466272576 13.2917788515 8.2436062128
0.9894732425 13.6794612371 6.9756223957
1.7082875911 14.0483116106 4.6376159735
0.9020559126 18.1813201408 8.2271549750
1.1977849732 6.6828900920 6.0251828313
0.9483377611 12.5680205578 7.4629993744
1.6051064643 3.4192890540 12.0211569668
1.4875100802 3.7403899045 10.0970706453
1.9370559493 0.2299996354 2.0554750550
1.9370543893 0.2299792705 2.0554768860
1.9370545501 0.2299792645 2.0554767295
1.9370545366 0.2299792691 2.0554766761
1.9370546530 0.2299792732 2.0554766158
1.9370546380 0.2300263118 2.0554766153
1.9370581880 0.2300258275 2.0554724475
1.9238856727 0.2444163557 2.0700946331
1.9221969212 0.2491032130 2.0751289824
1.9222820471 0.2476519133 2.0741535886
1.9209037690 0.2541855038 2.0812831249
1.9204754956 0.2583750669 2.0857164970
1.9240047085 0.2285173166 2.0675473203
1.9396114824 0.2198083696 2.0480189276
1.9396268102 0.2198083681 2.0480188920
2.9395942345 0.3873004590 1.0466844436
2.9255490291 0.3860999961 1.0480155435
2.9255990652 0.3860999784 1.0480154887
2.9254844082 0.3860999985 1.0480148836
2.9256470406 0.3860999765 1.0480148721
2.9253776134 0.3860999985 1.0480149257
2.9253778401 0.3861842614 1.0480149187
1.9392021352 0.2198083873 2.0481437771
1.9392021388 0.2198083881 2.0480841543
1.9393318316 0.2198083582 2.0480191149
2.9254084748 0.3860999729 1.0480190155
1.9391059190 0.2198083986 2.0480190998
1.9391059864 0.2198083986 2.0480190925
1.9394643165 0.2198083988 2.0480190837
1.9391058647 0.2198084047 2.0481001091
1.9391059524 0.2198827988 2.0480148865
1.9389723036 0.2198085407 2.0480154119
2.9250489240 0.3861001663 1.0480153967
2.9250487630 0.3861002094 1.0485293811
2.9250488686 0.3861001811 1.0480154224
1.9389722532 0.2198085454 2.0480154234
1.9389724324 0.2198085290 2.0480153080
2.9250447735 0.3861268756 1.0480153929
1.9389653154 0.2198119707 2.0480594354
1.9389675366 0.2198088139 2.0480154129
1.9393842177 0.2198085294 2.0480148327
1.9389723802 0.2198085355 2.0480153472
1.9391243111 0.2198086404 2.0480152309
1.9390599171 0.2198098961 2.0480152842
1.9390613555 0.2198098889 2.0480152304
1.9390613487 0.2198098885 2.0480152556
2.9251379766 0.3861002382 1.0480152302
2.9246249788 0.3861002382 1.0480292165
2.9251327408 0.3861002382 1.0480152314
