0.1338620991 1.2163125973
0.1319309339 1.4549176693
0.5230877336 0.6074130812
0.5807224757 0.3733958610
0.5534265659 0.3744393441
0.5454392550 0.4041103298
0.5467586886 0.3755535368
0.6620840475 0.3665341738
2.3593461946 0.1181959481
1.6841655362 0.1219200290
1.3108850196 0.1241065862
1.8311541892 0.1216140162
0.8570532165 0.1993416300
0.8622555392 0.1914097045
0.5252118466 0.5994785230
0.8336536267 0.2504953300
0.1939341541 0.6705624930
0.1917051424 0.6705672046
0.2224211746 0.6553989453
0.2349089707 0.6539146402
0.2648877546 0.6502981735
0.9985788059 0.1294650397
1.0492808806 0.1290775709
0.8865080779 0.1294650655
0.8645358829 0.1449526995
0.6902098609 0.3493888361
0.1962765939 0.6650545302
0.1755591397 0.6757805601
0.1480641236 0.6916680020
0.1719475792 0.6782812927
0.1664710162 0.6913774031
0.1665360058 0.6845861089
