0.1700914860 1.5124641277
0.1730774731 1.2667928258
0.1699461206 1.5703629305
0.1814838320 1.1965592611
0.1830091177 1.1230405676
0.1839757134 1.0856704592
0.1721398180 1.2782823497
0.1881473892 0.8934191085
2.6364796887 0.1070473957
1.5121467181 0.1109676911
1.1712073963 0.1157205766
1.2414856411 0.1126381989
1.1445620238 0.1220110397
1.1384461854 0.1368263785
1.9225405339 0.1078318392
2.1889558824 0.1076495684
1.1046308603 0.1375218116
1.0997285916 0.1583203869
0.6334619522 0.3614702287
0.6077373246 0.3835135417
0.5536876501 0.4181586063
0.5525543176 0.5780408261
0.8901794138 0.2826852277
0.9445310043 0.1981428756
0.9386826866 0.2192090960
1.0286640585 0.1640349150
0.6976124021 0.3416392682
0.8512627324 0.3384190633
0.6727164098 0.3464037757
0.2014282166 0.6598199828
0.2089113468 0.5921848479
0.2050814202 0.5940963403
0.2049148926 0.6016971619
0.2038197128 0.6562351623
