6.1013325605 0.5879654717
3.6805852389 0.5896167914
5.6215966216 0.5886307604
3.2653148768 0.6246013089
2.4494112727 0.7862878910
2.9716078147 0.6869047088
2.4626156409 0.7428794293
2.2214241096 0.8057723986
2.0295941318 0.8940254704
1.8955307519 0.9657157977
1.8295816555 1.0240900630
1.5961610891 1.3525742267
1.5961596503 1.4354176364
1.5961585840 1.4795438397
2.1916198414 0.8501328315
1.5731241226 1.5105364768
1.7544513062 1.0488543133
0.8320512800 1.7267902238
1.2425024463 1.6884034837
0.8017025721 2.2893561784
1.4258689145 1.6848532646
0.8320512784 2.2744938835
0.7725458665 2.3031419859
0.7904657470 2.2964932241
0.7536106628 2.3246277593
0.7215151936 2.3432065434
0.5950271400 2.9905928357
0.5950271516 2.8578770878
0.5919969606 4.1062647270
0.6136282798 2.7249751348
0.6136282774 2.7584290678
0.6136282819 2.5741710354
0.6136282836 2.5473648330
0.6664597670 2.3992888647
0.5942758728 3.0643602874
0.5942758655 3.5743070028
