2.6427568746 0.3111248959
8.2676730923 0.3082366257
1.9359089479 0.3562270708
2.4459753017 0.3393286048
2.0475124985 0.3399065833
0.2899727119 1.9746138642
0.2970702043 1.5626181632
0.2883944491 2.8858815115
1.2970702043 0.6837615671
1.3065394710 0.6658484921
1.3945055414 0.3652458742
1.4106343025 0.3570826978
1.3564028540 0.3863951850
0.3564028540 1.4269584187
0.5931374061 1.3660930607
0.6037771053 1.3660930582
0.4087016363 1.3734674695
0.4021582020 1.3734674708
0.4773319028 1.3705808023
0.4810199550 1.3699490126
0.3615923316 1.4034130820
0.3657742468 1.4001800516
0.8942401771 1.0691904278
0.7265669436 1.1480703613
0.7088636166 1.1610391695
0.8125744347 1.1260296008
0.7743597163 1.1260296048
1.0038210971 1.0460994086
