0.0418049965 3.2905103720 4.7541655298
0.0564378407 1.1003816870 5.3793368779
0.0592591825 0.9004802284 6.2037555587
0.0414767960 3.2915341009 3.9834036811
0.0505794861 2.5661301626 3.3818600896
0.0505794861 1.7073586736 4.1048398889
0.0595219461 2.3280119760 1.8348886180
1.2566632785 0.0276018177 3.3914162883
1.8345846463 0.0272531766 4.4111299080
0.0787930196 1.6986120193 3.5450183302
0.0851784095 0.0782612484 1.8349203393
0.0851765760 0.0795383632 1.8108820317
1.0844324769 0.1075809070 0.0201847807
1.0844334639 0.0690671434 0.0201067418
0.0851875455 0.0303804567 1.0200065382
0.2318838456 0.0388172500 1.0115603811
0.1330980752 0.0323904182 1.0197224398
0.4864767862 0.0578048569 0.9416484916
0.4675838521 0.0563332110 0.9489891144
1.0709006623 0.0753335100 0.2324621362
1.0821120802 0.0714901598 0.1394424883
0.3246378068 0.0449233112 0.9945632293
0.2497283879 0.0389732166 1.0086779430
0.1600643222 0.0332722804 1.0191103663
1.0311066825 0.0814681031 0.3859172528
0.9842491840 0.0861757577 0.4944843776
0.8557256060 0.0882760728 0.6816142792
0.7690143880 0.0838413525 0.7671305451
1.0248014530 0.0823602989 0.4031103697
0.4193279145 0.0513543780 0.9692196691
0.5065013737 0.0594396629 0.9343408818
1.0358709949 0.0806796359 0.3719149434
0.8048589336 0.0857949631 0.7339820593
0.7202240042 0.0790657540 0.8063457426
0.7791955598 0.0834967097 0.7574442590
0.5248030345 0.0611240330 0.9252208983
1.0081089537 0.0841502814 0.4452323825
0.4338549619 0.0524465544 0.9623012929
0.9630858066 0.0868258969 0.5321298920
0.7948399238 0.0846723329 0.7432857508
0.8643191584 0.0875600468 0.6710717212
0.5803081303 0.0666926469 0.8973003417
1.0561753713 0.0776297086 0.3001613656
0.8739035654 0.0877708233 0.6589836999
0.7312037965 0.0800221515 0.7977021893
1.0439198207 0.0796055127 0.3446862392
0.7451179365 0.0809679301 0.7864299042
0.9136239253 0.0881615442 0.6083766505
0.2091170061 0.0363128463 1.0150917523
0.9471294075 0.0873155994 0.5590242490
0.9703896575 0.0866155922 0.5197821034
0.6413213885 0.0725596576 0.8605905066
0.8160015919 0.0857097075 0.7225558959
0.5665889488 0.0656223141 0.9039948525
0.9050665036 0.0879436531 0.6201058491
0.9767153884 0.0860625272 0.5075042424
0.6551030803 0.0733261696 0.8512344471
0.6666217047 0.0743103231 0.8439703613
0.9559298021 0.0870288620 0.5440537104
0.9218714601 0.0884525834 0.5963016487
0.5403817965 0.0627538598 0.9172054883
0.3749814953 0.0478249721 0.9830127236
1.0681599748 0.0751893016 0.2456346528
0.6040401665 0.0693104567 0.8837173355
0.2959131766 0.0420495918 1.0014164564
0.4520697102 0.0546089229 0.9556576859
1.0727535907 0.0740510093 0.2185935540
0.6169972394 0.0696744990 0.8761190036
0.7571815832 0.0816483806 0.7754495946
0.4061576554 0.0516075351 0.9717488776
1.0749102133 0.0734211667 0.2045735561
1.0016511202 0.0843889598 0.4570016938
0.3406502439 0.0463972888 0.9918004033
1.0836870786 0.0706454566 0.1140431006
0.1964164452 0.0398396012 1.0169172244
0.9899724776 0.0852487959 0.4815346033
0.6869797681 0.0793956787 0.8296640098
1.0783662518 0.0725767420 0.1775933646
1.0844241940 0.0703884592 0.0980994154
0.9300839818 0.0875575654 0.5851770616
0.3925253942 0.0501416185 0.9766164734
1.0194038888 0.0832975226 0.4160403737
1.0490622775 0.0806463503 0.3281715296
0.9381519869 0.0895956055 0.5731408562
1.0768097741 0.0730326641 0.1909256465
0.1824430596 0.0351759981 1.0181869868
1.0525502494 0.0817919439 0.3149649726
1.0804930456 0.0719778790 0.1576105357
0.8887755964 0.0894901183 0.6403614583
0.7393028174 0.0995047113 0.7904042831
0.8348121369 0.0873754293 0.7018551836
0.3117322502 0.0436716081 0.9979499255
0.2756001296 0.0404772523 1.0055289622
1.0397126281 0.0804701551 0.3592335785
0.5519382996 0.0647318010 0.9107628118
1.0599472307 0.0789271783 0.2849779247
0.7076809202 0.0776865599 0.8147520791
0.3551589235 0.0468675782 0.9873782529
0.6288090805 0.0753715971 0.8683275519
1.0656387230 0.0776073255 0.2591665183
