0.4340187666 5.6543733597 0.7363882686
0.3415591028 6.8160390818 0.8484826065
0.4880653107 6.4535021175 0.5540075232
0.3849460000 0.1948967836 4.4608371275
0.2722994251 0.1808697811 5.9739883023
0.2477991574 0.1582453668 6.3984042581
0.7624403550 4.0780967373 0.5240275347
0.5687210386 8.5012632674 0.1504539737
0.5116450600 6.0396584065 0.4010882200
0.6390487109 5.3682531727 0.5014441437
2.9458464460 0.2380367521 0.9798706125
1.3457329380 0.1416243941 2.1334531727
2.7085607463 0.0802137421 1.5821945707
2.1251621966 0.0802137421 2.9410817691
2.6468436828 0.0715541612 2.4125537536
3.0631648008 0.0772971399 2.0532215481
2.1184257413 0.2376133645 1.5108075745
4.5816313581 0.1709828722 0.7988123936
4.5102086726 0.0802137421 1.1553033152
2.0099877564 0.0812017245 2.2133542324
2.3965838453 0.0802137421 1.9046218680
2.0541144798 0.0734322404 3.5093104323
3.4259345165 0.1836833850 1.0009463406
3.2205571094 0.2102243672 1.3659358905
4.1384772756 0.2645459559 0.3476402531
0.0333261487 1.2758264772 4.9575730587
0.0333261487 1.3503965577 3.1769119726
0.0326140411 1.4462757835 4.0519348554
0.0241970405 1.6867829758 4.7931901924
0.0211060440 3.2943846909 4.6809055638
0.0392984711 1.0005814600 4.0473224513
0.0318010603 2.0708133416 4.1216972730
0.7915255847 0.2020961908 3.1859671050
0.2343143871 0.5314309472 1.7146532672
0.2911736107 0.2864915716 3.4393087756
0.3611783146 0.2922971347 2.3903635059
0.3576380507 0.3358822221 2.0009265860
3.9690472345 0.7109621220 0.1205270527
2.1709636817 0.5628223083 0.2335099900
2.8739332221 0.5628223251 0.1537219160
3.6654152656 0.4555200167 0.1558537191
1.2565530807 0.3030739644 1.4280191562
1.6741842719 0.3537265709 0.8161013248
2.1360246750 0.3627167403 0.6979410839
0.8416828927 0.3806383628 1.9869748829
1.0227089296 0.5030889313 1.6686458227
1.9347330412 0.3317899683 1.0973233069
0.2266254690 0.3585647411 2.7786707419
1.2214599041 0.3652094415 1.0102826274
0.0637756943 1.9169064778 2.0758011105
0.0639829766 1.7237619025 2.4711261629
0.0658517220 3.2299496189 1.8071434917
0.1161883126 0.7827211101 2.4040430008
0.1744560251 0.7482672763 3.8384595862
0.0628428157 2.0004664975 1.8229937215
2.5518711007 0.8214721117 0.0705922026
0.3337267659 3.1821352001 1.0069305739
0.2251960025 2.8164163244 1.0296663929
0.5537597490 2.8573370053 0.9221652342
0.0663145631 1.6329136504 1.5515398888
0.8349179991 3.4632147573 0.7096253803
0.2728372808 2.3135983825 1.0205822296
0.9167415681 2.2205413527 0.6064708123
0.9812181144 2.5975831142 0.4930122754
0.8066758828 3.0774550797 0.7387617715
0.4701614405 2.1602661692 0.9601889032
0.6452563245 2.3051144581 0.8682052915
1.0659696970 2.7842397637 0.0555017937
0.7336057008 1.3218389610 0.8218580485
0.0663277620 1.7844141155 1.0417746565
0.3406488947 1.6471178615 1.0044937792
0.2320789176 1.4492626641 1.0285821527
0.6415237411 1.1314819067 0.8704052126
0.6637205657 1.7648432247 0.8595328155
1.0033294412 1.3369712636 0.4461699747
1.0542396568 1.1275041177 0.2560662804
0.9904397964 3.0741119726 0.4751465571
0.8676666017 2.6306598443 0.6737266760
0.0663479849 1.2657775561 1.0412080965
0.7821206849 2.1661874397 0.7631441456
0.0663300782 0.7911881932 1.2933620722
0.0663290495 0.7911889269 1.8160128420
1.0659863381 0.8173862588 0.5467810015
0.4465720849 0.7710227411 1.2338239479
0.9546439884 0.9447161059 0.6760413726
0.4979980351 1.0696556632 0.9522787612
0.4979906254 1.2448833794 0.9522787609
0.9519246271 1.1082169918 0.5577176392
0.1757469427 1.0509038494 1.0389848164
1.0619298685 0.8655118608 0.1968509555
1.0351006785 0.8787327642 0.3493306165
1.0659728155 1.8251092326 0.0471042454
0.0663163485 0.8465801438 1.0427397469
0.8601803632 1.7072238378 0.6847413598
0.8145256898 0.8748091377 0.7351029104
1.0659731973 0.8874660180 0.0427393221
0.6154016687 0.8281256996 0.8910013975
0.2237682809 0.9039653758 1.0311672132
0.3745621804 0.9102995453 0.9950082013
0.9132740167 1.8117346355 0.6111147342
