1.0810187858 3.1292918191 0.5975186303
0.3564165266 0.1003359076 4.4725770384
1.4112544018 2.2781231949 0.2278057724
1.2113023353 1.7093435149 0.4161179605
1.3076058852 2.5587018167 0.3735337165
0.2733989943 2.1024992332 1.4769213629
0.0312165923 2.4823243556 3.3934991334
0.0261370183 2.9569666597 3.9291894495
0.0208605875 3.0165408070 3.2702803557
0.0208605875 3.9512323620 2.2641023534
0.0418485721 3.6936804636 2.0386414270
0.0404001117 3.3648292620 2.3596945129
0.0404001117 1.5916538576 3.8146491968
0.0394791288 1.6693557727 2.6041883923
0.0741906015 1.8177621889 2.0898050764
0.1746214931 3.0980221648 1.8039474766
0.1328874426 3.2782732301 1.5204128202
0.1771638602 3.7648202445 1.2543957049
0.0435824877 4.0930826584 1.9039570451
0.0626649058 2.6008259809 2.1899394656
0.1177967947 1.1252693465 1.9826924990
0.2510408568 2.5586408130 1.5417961404
0.2677587137 1.5922872841 1.9291571484
0.3869723373 0.9870960635 1.2733919075
0.3042193727 1.6753663542 1.4269634859
0.4237367209 0.7319649670 1.6568290199
0.3829639651 0.5642846824 1.9384370727
0.3357565132 0.5642846824 2.3874201524
0.0837191415 1.3612529898 5.3956560534
0.1944075186 0.9506820833 2.3525755569
0.1648126724 0.5578137165 4.5319055485
0.2582112473 0.1713673312 3.4120840306
0.2048780126 0.2077663169 2.4659349454
0.2045271388 0.2077663169 3.9502081043
0.1795697852 1.0408502596 2.7532793794
0.2039899218 0.4783718086 2.6815559758
1.6250317997 0.0055630277 0.4459975865
1.5357424136 0.0054302438 0.6004625535
1.4015349996 0.0052475117 0.7542184249
1.4515119442 0.0053224195 0.7031922779
1.7124828698 0.0060234311 0.0260440890
1.6670927340 0.0057148895 0.2935252284
1.1897508122 0.0048670984 0.8895469397
0.7111946800 0.0030487526 1.0260445636
1.0562473916 0.0045180786 0.9485730321
1.6628935567 0.0056626859 0.3424096475
1.6744546125 0.0057690295 0.2460431535
1.2726710232 0.0051362605 0.8087654163
0.9683304634 0.0041264129 0.9878282236
1.3341752246 0.0051056964 0.8207803429
1.1927901786 0.0050402401 0.8434863591
1.5765524875 0.0056961960 0.3106679415
1.4089767218 0.0053608062 0.6708897525
1.5880540000 0.0054333808 0.5958617941
1.5553103084 0.0056322118 0.3720312754
1.1469799109 0.0049257321 0.8757475344
1.7384378060 0.0057912095 0.2268580605
1.3278580456 0.0052804641 0.7336196677
0.9897438731 0.0044914401 0.9519103294
0.8673713448 0.0040598209 0.9927302970
1.6225927560 0.0058507084 0.1764827086
1.6635582325 0.0058204637 0.2019692182
1.5291965812 0.0057577208 0.2557642141
1.4889474532 0.0058658342 0.1638018132
1.0204819159 0.0049146577 0.8784564286
0.9426778387 0.0047036259 0.9211844395
0.5569878049 0.0032890463 1.0241502821
0.7770799979 0.0036112430 1.0160304877
1.4605578905 0.0057064660 0.3014830589
1.2811595813 0.0053826894 0.6502290400
1.5088902424 0.0054788835 0.5426515130
1.5600349141 0.0055757947 0.4310913345
0.6141091220 0.0031432391 1.0257210824
1.5244111564 0.0059125522 0.1243759445
1.2737239157 0.0053328394 0.6949738766
1.6574736921 0.0059083006 0.1279853195
1.6199459920 0.0057678704 0.2469261371
1.7000458678 0.0059390814 0.1017093453
1.3890358434 0.0054870689 0.5332726972
1.4212155880 0.0055373695 0.4739854468
0.4629870186 0.0030487686 1.0260437349
1.3570446698 0.0055334683 0.4786726949
1.8991930634 0.0056502697 0.3541080964
1.3600597020 0.0053812086 0.6514930290
1.4541794420 0.0054592692 0.5658586284
1.4624344196 0.0055289540 0.4838193669
1.1036736549 0.0049393076 0.8722994969
1.2278772841 0.0053146224 0.7093528426
1.4960028675 0.0060234589 0.0260438773
1.3373792455 0.0054559927 0.5699710037
1.6114064632 0.0060234288 0.0260445479
0.8777198465 0.0045088325 0.9497279792
1.4348105043 0.0056289439 0.3753066796
1.1500135728 0.0050855390 0.8281841139
1.0385132313 0.0050855389 0.8281841170
1.1748626460 0.0052424747 0.7571576145
1.5298933338 0.0055106984 0.5051083658
0.5065219383 0.0030913787 1.0259666219
1.4260716028 0.0060234696 0.0260454860
1.0726894694 0.0051785990 0.7902522895
