0.5985566253 0.4668583871 1.8466850263
1.0483233410 0.1860173223 3.5644303286
0.4671693563 0.3356400282 2.2645056020
0.4671693563 0.2930667295 3.4985323641
0.0884719817 2.9485990946 1.9292732853
0.2070152276 0.5972234985 2.6184997670
0.0306548575 3.7321403719 4.0738909374
0.0446876944 1.5690930526 2.8239669968
0.0446876944 0.7717999179 3.5736603056
0.0380498788 0.6517312386 4.0967391629
0.0380498788 1.4515073417 3.7596509063
0.0744304308 0.6431828121 4.9146043676
0.0308792808 2.2357678572 4.3518082963
0.0379335875 2.7648530760 2.6801952027
0.0336107144 2.7779042887 3.7188681683
0.0963421281 3.5839726054 1.7621552160
0.1006790104 1.9689657214 1.9544976069
0.0935285443 1.4136982587 2.3634767849
0.1051166382 0.6774392383 1.7998404365
0.0606742658 7.7092925131 1.7930897198
0.1542645607 2.7989315507 1.2630076523
0.0910488733 1.9026975410 2.5332413489
0.1542911945 1.7496141992 0.9873733707
0.1279281061 6.9418736736 1.0623942588
0.1423324369 5.2310681887 0.4990484388
0.1196822232 5.2310681887 1.2350320224
0.1423324369 8.0551005871 0.3645593218
0.1192537145 7.8496754921 1.0003291113
0.1463099896 6.2822608327 0.2930971433
0.1525238026 3.5889913488 1.1223133361
0.1957247266 3.5958708108 0.4004951106
5.5322008150 0.0866325561 0.6661271925
1.3732196963 0.0336131227 6.5905572083
1.4408294659 0.0276406513 4.8792744725
2.5724921914 0.0276406513 0.9215129989
1.4726671612 0.0089840655 1.0178162233
0.2476161054 1.0514863592 1.7149053851
0.8711696142 1.0489620304 1.6758035030
0.3615201348 1.1123783935 1.3787595683
0.3369839825 1.8577033560 0.5981141851
1.4737920452 0.1117324168 0.4835415574
3.5927488179 0.4293375021 0.0550136834
3.1860626532 0.1434157151 0.0700887977
4.4576752831 0.1434157134 0.0700887977
6.3558686218 0.1134041798 0.0725710752
4.1309505756 0.2437704364 0.0641282360
5.0674808746 0.1183468747 0.2400755624
0.2112639187 5.8870625603 0.0618082980
3.0855785993 4.6169649838 0.0309942560
5.1286155717 2.6774270789 0.0315954844
2.2432400425 3.5878297946 0.0315954918
3.9425664643 2.0836238475 0.0315954910
2.8449757752 2.0869347720 0.0315954910
5.4665826756 1.4810397081 0.0315954971
8.0550919534 1.9989768822 0.0315954902
3.4480101206 3.0360453090 0.0312961478
2.5214210660 2.1256383316 0.0315954910
2.0932403539 1.2619453634 0.0319964886
2.0972614540 0.5373791359 0.0319964856
5.7067084652 0.4277224912 0.0355138431
1.8543555531 0.9865893759 0.0406372874
3.9635936280 1.4399568684 0.0319964814
1.6714445674 6.7715110403 0.0316556561
1.4652072631 1.5214939576 0.0319964875
1.7232962855 1.8607520258 0.0319964829
2.3706937088 1.7078987031 0.0318666393
4.9890375882 6.4765254767 0.0303289629
3.2334368482 3.5625070415 0.0315847535
1.2529617040 0.4836256766 1.0188700690
0.4022163412 1.9982092104 0.1080440652
0.1955440605 8.8956081027 0.0321885841
0.2020733759 3.6282269888 0.0871612587
0.2584439262 2.2557340457 0.1280379628
0.2360921021 2.5818809752 0.1263242937
0.1347371623 8.5637968258 0.6440439409
0.3957601798 3.2781644542 0.0638342717
0.3434459526 1.4050675732 0.3891704570
0.5891772652 1.2921907337 0.1872588548
0.5854192100 1.0779802230 0.4674998317
0.9132150129 1.0136218523 0.8015053497
1.2613895795 0.1973690945 1.5109293246
1.3232238536 0.1411767344 3.7858499024
1.3294761962 0.1608246473 3.4719725753
0.5410190775 1.0831324743 1.1081143797
0.4515506867 1.1350945441 0.7355224395
2.6202213418 0.1425289667 0.2068685350
2.0299941706 0.3199814959 0.1974775704
1.3410125437 0.4488409406 0.4947295003
1.2382489263 0.4488409422 1.6702138707
1.1686218901 0.7035557974 0.3853324435
1.1606138187 0.7035557987 0.6887774507
1.2785027350 0.8889580358 0.1530013427
1.5005897509 0.2405208194 0.2139380415
1.2801478678 0.1902635495 0.5441171675
1.3238366064 1.7013766242 0.1232975064
0.2801478694 1.2952123761 1.1409387852
0.2406660553 1.3576529299 0.9041938562
0.4152833424 1.2015427845 1.1262471334
1.2202703494 0.2168790461 3.3012926166
0.2352417563 2.1215879650 0.7849882066
