2.5609474180 1.3504231770 0.3724753849
2.8942716215 0.1333695846 1.1576489314
1.7025406543 0.5119304561 0.7373729894
0.1220828659 8.2104637042 0.9607724197
0.3197171522 2.1122849748 0.9792333896
0.7744908527 2.8748551883 0.6073994367
0.1750183697 6.9531962318 0.6208428956
0.4297364347 10.2051355369 0.5904360952
0.1516406801 4.3109452760 0.7031893735
0.4692525590 10.9892965951 0.2531803250
0.5567945018 3.5622241672 0.3533075605
1.4458351543 9.6554692980 0.1811997652
1.9298163938 5.8957117798 0.1497947875
3.5725765079 0.3774250498 0.2357155197
2.5804252919 0.7902221984 0.1946359714
9.1751880959 0.1173673756 0.1475697155
9.6592344872 0.4300415730 0.1252797858
8.1241352946 0.2064367570 0.8396182939
5.6920590504 0.2224273514 0.9962364292
4.3328584706 0.7081693612 0.1266007841
5.3239580080 0.2945519448 0.1266007841
6.7745449868 0.2357957177 0.2989953803
3.2876772634 2.7210349754 0.1825944876
2.1456979074 4.3711541239 0.0217108951
5.2322398532 0.7542267347 0.0486303132
3.9417059666 1.4254823079 0.1618236784
5.2322509700 1.3240554554 0.0217108951
7.2947243192 0.2605567556 0.2140687032
8.1142885011 1.0166842657 0.0197966371
2.6582310222 3.8762646104 0.0448364348
4.3409328553 7.2012067642 0.0131500933
2.3417071491 2.8255646149 0.1773799993
6.2891813569 1.6186971998 0.0176159248
2.8037660523 2.8796700787 0.1693653818
3.3949063952 1.6748611829 0.1521693260
2.5764058716 4.4848700582 0.0176159248
1.7429606283 11.4163156786 0.1519002325
1.8502101325 9.0238626894 0.0164884067
3.9731093096 2.2933878326 0.0744790894
4.2067052664 5.0954898936 0.0137631272
6.1791643689 4.8601677104 0.0137631272
6.9573675815 1.8473617851 0.0150884596
5.2021592244 1.9965353214 0.0141825702
4.3357371533 1.6033808873 0.0723199733
11.3264519100 2.9532232063 0.0125430929
6.3239478082 5.9289510124 0.0137227209
1.3373604790 1.8028732531 0.4296836260
2.1544975239 1.7565935060 0.3724234405
0.9493067498 9.1384352304 0.2556305303
1.9779355655 1.0976379477 0.4329695582
0.8373900737 1.8839908009 0.3368856855
1.3022698619 1.5492803822 0.7939986239
0.5016201144 1.5492801928 0.8615067527
0.3224919802 2.7400243107 0.9105929160
0.0417679131 2.7476419602 1.5167251679
0.0821094620 3.2801696207 1.3623515505
1.0382895449 1.0441084853 1.0356757587
0.3999210866 0.0340732080 3.4971794046
3.5182763504 0.0268902764 2.2382090416
1.8457834844 0.2148335187 1.2238700276
3.8533873368 0.0245401934 1.3730735872
1.1893595689 0.0274266346 1.3115842147
1.6255176367 0.0244373673 2.9794229296
0.0875325269 1.9036932428 1.5959219183
0.0229867852 0.9104844131 1.9917579566
0.0282802976 2.5619339149 1.6745924697
0.0340680827 0.4282558591 2.5987521171
0.0649878207 0.3079863443 2.8639451217
0.1575832322 0.3180854682 2.0575147891
0.1232551440 1.3836221141 1.6626747253
0.1248917469 2.3905122729 1.4592760866
2.7207369071 0.4229019796 1.0702276420
3.1338892227 0.3772284470 1.0814275873
4.6846495964 0.3772284457 1.1327460830
1.6379089234 0.4251011877 1.0686040682
1.3519677017 0.4240002723 1.1352057492
0.2785373096 0.6591406422 1.2765194887
0.4595363365 1.5526737413 1.2193120840
0.9756631487 0.4663539546 1.2883401715
0.5852605625 0.6504918563 1.2915584904
0.2492520612 0.2486895728 3.4233785144
0.1598183479 0.7260417581 1.5657759360
0.3339694223 0.1449972162 2.8748406173
1.0995392686 0.0966948259 2.6755974536
0.0537752247 0.4226330963 2.2629346526
0.0859540003 0.5140922788 1.7752682808
0.7700438916 0.1509517244 1.8790691590
1.0048197307 0.1393743496 1.7157876476
0.4779133285 0.1510544790 1.6661736574
0.3037625909 0.4050262340 1.5516124849
0.1408493129 0.9828537215 1.3893095362
0.1408493188 1.8898274794 1.3893094945
0.5225012002 0.3893829274 1.3747244740
0.4333538837 0.1970488259 2.0143464807
1.0791928818 0.3103826137 1.3472761624
0.3734725989 0.1996384605 1.4533733725
0.2717842193 0.2579167340 2.4712413558
0.2903002318 0.1782861030 3.2558141522
0.3042797153 0.2579167257 1.7655360157
0.2712397584 0.2561695481 2.6697499796
