0.0007336570 0.9733475431
0.0101261840 0.8996231318
0.0396110433 0.8011837389
0.1371455990 0.6298978760
0.8925982000 0.0553122376
0.6904086825 0.1691607465
0.7504176528 0.1338147412
0.3518459103 0.4069440058
0.2337202680 0.5166655414
0.3289707808 0.4264942943
0.2446951870 0.5054133167
0.4759752409 0.3101343207
0.4876376616 0.3017521036
0.5659230565 0.2477770631
0.0454434740 0.7868910176
0.2531029818 0.4969671413
0.9041413958 0.0491664974
0.0502195995 0.7759661673
0.1875587073 0.5669542980
0.1526735220 0.6092984023
0.0594365074 0.7562238628
0.6805453695 0.1750594014
0.7236168241 0.1493534076
0.7985012683 0.1064207976
0.5862490481 0.2343433549
0.9160192701 0.0429190708
0.4514637392 0.3281000781
0.1977000820 0.5553711808
0.7058568411 0.1598506587
0.3780122013 0.3851785160
0.8593231442 0.0730068941
0.2733426896 0.4771803313
0.7740298830 0.1202121071
0.9831241468 0.0084759650
0.9678563798 0.0162041919
0.2817158936 0.4692323932
0.9419939133 0.0294372388
0.3110814438 0.4422537634
0.2925830986 0.4590915682
0.0672704024 0.7406358980
0.0953914430 0.6911453873
0.3675855698 0.3937122427
0.4416206925 0.3354548962
0.0213208529 0.8539839286
0.0735019327 0.7288877535
0.6351074567 0.2030638020
0.0819930651 0.7136558058
0.7344673307 0.1429893514
0.5412663638 0.2642920251
0.0129414561 0.8862395681
0.9298182186 0.0357292346
0.6708776655 0.1809288525
0.6612845203 0.1868060255
0.5222186996 0.2773530695
0.5964475838 0.2276998328
0.1177935966 0.6567893244
0.6249496127 0.2094624759
0.1014268762 0.6815241747
0.3417501010 0.4154060598
0.6145381636 0.2160751620
0.8808770949 0.0614494759
0.0016189931 0.9597632917
0.8436395015 0.0815014998
1.0000000000 0.0000000021
0.0000000000 1.0000000028
0.4029322348 0.3652305677
0.1299482332 0.6395166699
0.0309575415 0.8240524497
0.6503114148 0.1935811189
0.2053685240 0.5468239616
0.5103456739 0.2856151801
0.1104743555 0.6676231751
0.4628417505 0.3196752631
0.1707585787 0.5867705521
0.0159652129 0.8736464796
0.0067705775 0.9177164842
0.3910651398 0.3746479894
0.4296365517 0.3445333351
0.2171190336 0.5340396676
0.4201942183 0.3517761070
0.8244887709 0.0919863615
0.0251628948 0.8413718377
0.3194903392 0.4347652376
0.1779741228 0.5781302089
0.7880616460 0.1122716390
0.1446373920 0.6196877730
0.0349160607 0.8131416054
0.1596526750 0.6004343947
0.0036129103 0.9398925140
0.4997311989 0.2930833175
0.8123975061 0.0986690381
0.5530954118 0.2562961552
0.0893228113 0.7011307816
0.8696626525 0.0674429512
0.2253021432 0.5253399733
0.9567081942 0.0218853896
0.3008186888 0.4515305968
0.5761811011 0.2409340621
0.2632151211 0.4869550520
0.7620153868 0.1270650748
