0.6913369610 -0.0321562021
0.3450332921 0.7336522808
0.5372313200 0.1816438589
0.5245867356 0.3052643971
0.6878612133 0.0338775291
0.3477061051 0.6997835822
0.5320540158 0.2194199363
0.8501446115 -0.2261904763
0.5203411428 0.3681984094
0.8513704283 -0.2601557809
0.8633632265 -0.5270042359
0.6962799392 -0.1104296799
0.8496360733 -0.2118077864
0.6896988463 -0.0020812259
0.5397524970 0.1703194958
0.6982503611 -0.1359631336
0.3638534361 0.5354121181
0.0240913325 0.9804257325
0.8687077754 -0.5990346233
0.5331491921 0.2098528373
0.3592859187 0.5728503313
0.5342146763 0.2013427869
0.8625903620 -0.5139653495
0.5441608856 0.1621319023
0.3504315725 0.6666340683
0.2044071399 0.7560455872
0.1872363694 0.8338687896
0.3540431045 0.6254760711
0.3712362650 0.4946780846
0.1902746994 0.8159382221
0.1951648105 0.7903055999
0.8729346846 -0.6323050036
0.8679167589 -0.5904358447
0.5186098285 0.3963222992
0.3602985620 0.5638211598
0.5304371799 0.2350255548
0.5192107137 0.3864137812
0.1845112419 0.8509830839
0.0330940033 0.9675240692
0.5221201789 0.3407264708
0.6843561111 0.1083587989
0.0392929657 0.9593203177
0.0180173193 0.9883569052
0.1741332134 0.9213069344
0.5138746545 0.4792343622
0.1816062494 0.8700591758
0.3525731661 0.6418027480
0.5236004824 0.3190606003
0.3468651777 0.7103109314
0.5147870334 0.4626561234
0.8772781080 -0.6436616481
0.5167834478 0.4273394828
0.8640313065 -0.5377574396
0.1792726948 0.8858353722
0.3497189138 0.6751466547
0.1762513924 0.9066263587
0.1719602297 0.9363401708
0.8527604707 -0.2973949502
0.6827455310 0.1448882410
0.6947041290 -0.0876168996
0.3578332400 0.5864787626
0.7010515822 -0.1662751731
0.6837296314 0.1224086646
0.3788028809 0.4815917129
0.6928829050 -0.0587187061
0.8583580520 -0.4316746527
0.7044452802 -0.1931346207
0.7090868861 -0.2116049903
0.7001464772 -0.1572685383
0.8705482188 -0.6161711069
0.6868030265 0.0555850976
0.1920959802 0.8058832173
0.3551805759 0.6132821004
0.8531482645 -0.3075288772
0.1858690395 0.8423477351
0.3664796936 0.5179566416
0.8614352797 -0.4933034812
0.2128517978 0.7449229541
0.3617784075 0.5513561696
0.8589759403 -0.4447920936
0.1988439772 0.7742058145
0.1703316741 0.9475276230
0.5265215488 0.2797683070
0.8569066881 -0.3994623849
0.6954217974 -0.0982642894
0.6905561710 -0.0180621311
0.6991619543 -0.1466133909
0.8561107960 -0.3809906897
0.5280895323 0.2607108696
0.0467802970 0.9518978864
0.6972707460 -0.1236927508
0.8518091535 -0.2720601330
0.0000000000 1.0000000000
0.8578388728 -0.4203746122
0.1887473608 0.8247836561
0.8523434199 -0.2863702718
0.6940619207 -0.0777304138
0.5153617445 0.4523493813
0.0116562171 0.9949053119
0.0549367189 0.9487775419
