0.8511056851 0.8005495985
0.7710902382 0.9256891804
0.6359242513 0.9891843189
0.9759629510 0.2159688550
0.6954448182 0.9735377508
0.9345932078 0.4915758111
0.9243579245 0.5445909174
0.8455158240 0.8132685802
0.9706407401 0.2576902628
0.8840830359 0.7083039336
0.9100732917 0.6102701311
0.8217236992 0.8596352276
0.6595457713 0.9844242344
0.9829270604 0.1581922582
0.4541622345 0.9996266551
0.5161013727 0.9986592428
0.9793626543 0.1882255244
0.8291624586 0.8463981995
0.9044719728 0.6336036507
0.9131761319 0.5967767959
0.5837620950 0.9954042233
0.9863348074 0.1285477512
0.9364061496 0.4816267626
0.9847454942 0.1424883609
0.7241340949 0.9603548595
0.9618817677 0.3220199287
0.8885620831 0.6931841651
0.9314150407 0.5086030378
0.9397816371 0.4626347871
0.8408389642 0.8233440436
0.9974086111 0.0256137793
0.5286902301 0.9982938671
0.7053808304 0.9695044458
0.5058839375 0.9989022362
0.4764877351 0.9993967223
0.6460048046 0.9873422218
0.9445836357 0.4345370241
0.4910235264 0.9991852526
0.9463510295 0.4238672157
0.9210429171 0.5606620986
0.9424355546 0.4472654387
0.9745181868 0.2274982272
0.9077677784 0.6200314668
0.9776148811 0.2025966844
0.9909427772 0.0869684915
0.9517396699 0.3902080071
0.9602067320 0.3337342865
0.9546730602 0.3711505657
0.9879249123 0.1143964046
0.9637135191 0.3089976673
0.9927314117 0.0703539275
0.6735951473 0.9807695477
0.9290712032 0.5208295891
0.9666392953 0.2877303186
0.9890449425 0.1043047624
0.2117930543 0.9999998184
0.7329224884 0.9552718975
0.3260758813 0.9999864110
0.8684050127 0.7560935885
0.9807627647 0.1765453392
0.8930756916 0.6772377862
0.3774238206 0.9999413466
0.9692544683 0.2682240736
0.3554732997 0.9999677841
0.8789460775 0.7248165422
0.9490370833 0.4073042317
0.9731998468 0.2378853342
0.8134473963 0.8731487550
0.9007557611 0.6483824975
0.7984764403 0.8946532688
0.9564434582 0.3593910370
0.2822993522 0.9999967856
1.0000000000 0.0000000000
0.8554714559 0.7900793163
0.7900451963 0.9052630567
0.7557760530 0.9391961232
0.4360491212 0.9997514841
0.8751552150 0.7364573852
0.9987573385 0.0123573555
0.9157480539 0.5852751639
0.7454696282 0.9469971110
0.1882225589 0.9999999442
0.3122160800 0.9999911986
0.4119481953 0.9998592572
0.2334170662 0.9999995199
0.6147232128 0.9922945833
0.2482630644 0.9999991106
0.5499817010 0.9974678910
0.9651256216 0.2988055798
0.6003976724 0.9939131864
0.8979583529 0.6591510609
0.8611481290 0.7757261578
0.9950686944 0.0482330233
0.6848365563 0.9773081791
0.2001159475 0.9999998970
0.3945697921 0.9999085385
0.9579811232 0.3490171986
0.8045709524 0.8863306200
0.9963284625 0.0361146674
0.9181001223 0.5744991301
