0.4416943936 0.0000000000
0.2642879810 0.0000000000
0.2514949946 0.0000000000
0.7304606887 0.0000000000
0.2587710735 0.0000000000
0.3737241923 0.0000000000
0.5353356836 0.0000000000
0.4549204501 0.0000000000
0.8570816949 0.0000000000
0.2722216001 0.0000000000
0.5592604476 0.0000000000
0.2677053556 0.0000000000
0.2553226123 0.0000000000
0.9374260478 0.0000000000
0.1470459952 0.0000000000
0.1570114570 0.0000000000
0.9425546124 0.0000000000
0.1260127775 0.0000000000
0.4653872912 0.0000000000
0.4666907207 0.0000000000
0.1607689780 0.0000000000
0.4813375375 0.0000000000
0.5654856027 0.0000000000
0.4179223688 0.0000000000
0.1309457103 0.0000000000
0.3208432640 0.0000000000
0.0200669525 0.0000000000
0.4694874546 0.0000000000
0.5662390935 0.0000000000
0.3344110066 0.0000000000
0.4880193537 0.0000000000
0.0654429791 0.0000000000
0.1664035682 0.0000000000
0.1416786328 0.0000000000
0.1539762254 0.0000000000
0.0292115394 0.0000000000
0.5673162902 0.0000000000
0.1427623665 0.0000000000
0.4719489672 0.0000000000
0.1781631799 0.0000000000
0.2776207674 0.0000000000
0.5235610829 0.0000000000
0.4658803070 0.0000000000
0.9498245237 0.0000000000
0.6791798386 0.0000000000
0.5689521946 0.0000000000
0.4745128609 0.0000000000
0.7420650598 0.0000000000
0.9318457071 0.0000000000
0.1163107609 0.0000000000
0.2872766257 0.0000000000
0.2568140578 0.0000000000
0.6539194747 0.0000000000
0.8500901349 0.0000000000
0.8718432618 0.0000000000
0.0534868432 0.0000000000
0.1676540747 0.0000000000
0.0589150265 0.0000000000
0.4383382995 0.0000000000
0.7702412377 0.0000000000
0.5533523584 0.0000000000
0.0607147296 0.0000000000
0.8425024948 0.0000000000
0.0380879238 0.0000000000
0.4366059298 0.0000000000
0.4724193688 0.0000000000
0.6709332748 0.0000000000
0.2310537949 0.0000000000
0.5565062297 0.0000000000
0.2320397722 0.0000000000
0.7407687907 0.0000000000
0.0571905770 0.0000000000
0.0000000000 0.0000000000
0.4572685236 0.0000000000
0.2325935724 0.0000000000
0.3514208453 0.0000000000
0.0626082331 0.0000000000
0.3671630710 0.0000000000
0.5101234444 0.0000000000
0.5607158620 0.0000000000
0.0260014318 0.0000000000
0.0512991470 0.0000000000
0.0583935018 0.0000000000
0.0362402270 0.0000000000
0.0548414111 0.0000000000
0.1622676118 0.0000000000
0.0423754059 0.0000000000
0.0660860834 0.0000000000
0.5261099969 0.0000000000
0.1364960911 0.0000000000
0.2250322547 0.0000000000
0.0770832366 0.0000000000
0.4858246915 0.0000000000
0.1326793518 0.0000000000
0.0525669465 0.0000000000
0.0612819347 0.0000000000
0.0152039107 0.0000000000
0.1710634700 0.0000000000
0.8188530259 0.0000000000
0.5367846737 0.0000000000
