0.8621275642 0.7731622625
0.7784604796 0.9182729742
0.9860569684 0.1309994214
0.9940266500 0.0581531699
0.2402764285 0.9999993586
0.7868771301 0.9089941666
0.9530329043 0.3818712366
0.9460785890 0.4255236701
0.9827303328 0.1598755748
0.8434641938 0.8177504312
0.1876828526 0.9999999458
0.8217904987 0.8595210806
0.8966688280 0.6640143561
0.4938385252 0.9991373201
0.8075610309 0.8820349006
0.9222374147 0.5549309718
0.9986445171 0.0134724473
0.9999756765 0.0002432080
0.9693981886 0.2671382778
0.8894986833 0.6899347504
0.3919232552 0.9999144913
0.8930639582 0.6772801887
0.8353561496 0.8345309625
0.9974612647 0.0250992751
0.7958366812 0.8980846677
0.9381682184 0.4717893345
0.9746422578 0.2265141509
0.4500973416 0.9996587564
0.6642976440 0.9832649459
0.9278252408 0.5272170239
0.9676756566 0.2800569257
0.6757995754 0.9801308565
0.9099085066 0.6109752324
0.9068157678 0.6239975881
0.9194674098 0.5681196901
0.7101833526 0.9673634023
0.6910632730 0.9751584822
0.7006766206 0.9714782436
0.9781488550 0.1982305411
0.8834792599 0.7102899327
0.9841669341 0.1475131354
0.4808311051 0.9993394198
0.9658954264 0.2931925856
0.9165305184 0.5817178748
0.5550312243 0.9972255675
0.8484583014 0.8066674266
0.2576004690 0.9999987133
0.9896217193 0.0990676485
0.9477375883 0.4153700561
0.9955648009 0.0434771846
0.9310914873 0.5133801441
0.9768215838 0.2090437325
0.5731241224 0.9961762730
0.9331056526 0.4996104827
0.2808887871 0.9999969427
0.2006621798 0.9999998942
0.6429828311 0.9879220350
0.7257512955 0.9594605178
0.9608050310 0.3295711655
0.6228621641 0.9912114039
0.8152431872 0.8703203643
0.9640303770 0.3067223667
0.9567558563 0.3572955719
0.5865069073 0.9951835028
0.5037667015 0.9989473244
0.9795269278 0.1868628652
0.8785536180 0.7260428021
0.9426358562 0.4460895540
0.9506595252 0.3970933976
0.9138293918 0.5938829500
0.2701652391 0.9999979285
0.3711674202 0.9999503752
0.8551554743 0.7908534032
0.5151546661 0.9986836348
0.8299073781 0.8450126489
0.9716629951 0.2498352841
0.9924040695 0.0734147879
0.8729245707 0.7430981806
0.5365035921 0.9980242757
0.3510069032 0.9999716106
0.9732987261 0.2371106549
0.7665946533 0.9299097096
0.9256372134 0.5382487683
0.3034857529 0.9999933720
0.9591259212 0.3411959151
0.7375904966 0.9523401003
0.9407900277 0.4568409090
0.9355898716 0.4861278085
0.9007564838 0.6483796762
0.4691162072 0.9994838162
0.9546716459 0.3711598817
0.2113538291 0.9999998221
0.9908751603 0.0875913064
0.7538053419 0.9407631293
0.8657322396 0.7634974063
0.3360779858 0.9999816177
0.9882784106 0.1112224396
0.6117336594 0.9926612216
0.6539259858 0.9857016489
0.4328966853 0.9997688773
