0.2440097685 0.0000000000
0.0403847272 0.0000000000
0.5365426248 0.0000000000
0.0547532484 0.0000000000
0.9574755140 0.0000000000
0.1593863690 0.0000000000
0.0765747621 0.0000000000
0.0620003746 0.0000000000
0.2365195400 0.0000000000
0.5419214034 0.0000000000
0.1130971598 0.0000000000
0.5803146627 0.0000000000
0.3828523056 0.0000000000
0.6366061160 0.0000000000
0.3348869476 0.0000000000
0.0237555558 0.0000000000
0.3254742118 0.0000000000
0.2289110471 0.0000000000
0.9598265101 0.0000000000
0.1876329773 0.0000000000
0.1757447903 0.0000000000
0.2706591866 0.0000000000
0.4376893752 0.0000000000
0.2468447817 0.0000000000
0.4658689416 0.0000000000
0.8532984141 0.0000000000
0.4404973677 0.0000000000
0.6766001923 0.0000000000
0.0497217078 0.0000000000
0.3243860006 0.0000000000
0.5629568647 0.0000000000
0.6570636476 0.0000000000
0.0568905147 0.0000000000
0.0736578419 0.0000000000
0.3369304281 0.0000000000
0.1311486158 0.0000000000
0.0256119491 0.0000000000
0.1466372705 0.0000000000
0.4751476376 0.0000000000
0.2796237740 0.0000000000
0.2162878352 0.0000000000
0.2240115227 0.0000000000
0.3664998092 0.0000000000
0.6621684426 0.0000000000
0.7884952641 0.0000000000
0.1814766886 0.0000000000
0.4228331209 0.0000000000
0.7375390544 0.0000000000
0.6372321518 0.0000000000
0.0533832568 0.0000000000
0.5371882824 0.0000000000
0.2384971553 0.0000000000
0.0417367934 0.0000000000
0.0604989528 0.0000000000
0.5623760575 0.0000000000
0.2170868829 0.0000000000
0.6558682005 0.0000000000
0.0366374891 0.0000000000
0.0625178220 0.0000000000
0.4764725883 0.0000000000
0.6272446455 0.0000000000
0.1357622938 0.0000000000
0.2568415542 0.0000000000
0.2747291456 0.0000000000
0.7528191292 0.0000000000
0.6846410118 0.0000000000
0.4693112737 0.0000000000
0.3675843587 0.0000000000
0.0456238948 0.0000000000
0.9278786228 0.0000000000
0.4330634411 0.0000000000
0.0329233821 0.0000000000
0.3691644021 0.0000000000
0.2643512695 0.0000000000
0.7687772932 0.0000000000
0.8203166294 0.0000000000
0.2402286871 0.0000000000
0.1417572251 0.0000000000
0.0553755302 0.0000000000
0.0610191771 0.0000000000
0.0310661820 0.0000000000
0.6597906023 0.0000000000
0.0596272267 0.0000000000
0.5709909378 0.0000000000
0.1380937831 0.0000000000
0.2200910363 0.0000000000
0.5824155397 0.0000000000
0.1537217401 0.0012140857
0.3679673727 0.0000000000
0.1702942073 0.0000000000
0.2301450172 0.0000000000
0.4850917392 0.0000000000
0.5462997277 0.0000000000
0.1588181562 0.0000000000
0.0483109783 0.6073165871
0.3280003603 0.0000000000
0.1554110897 0.0000000000
0.6122863499 0.0000000000
0.1189214652 0.0000000000
0.2627254889 0.0000000000
