0.0000000000 12.3357834729 19.5346269651
0.0000000000 14.3288751484 18.1233700381
11.9498158007 3.0616100699 19.5346269651
2.4670677726 12.0865681852 19.5346269651
0.0000000000 22.8398211235 0.0000000000
1.2682082786 12.8358551758 18.8491352220
16.8761070101 15.3900760601 0.0000000000
5.8427720637 5.3282849183 21.4272915552
16.5776091342 15.7111522285 0.0000000000
0.0000000000 22.8398211235 0.0000000000
4.6580245705 22.3597906084 0.0000000000
22.8398211235 0.0000000000 0.0000000000
0.0000000000 22.8398211235 0.0000000000
7.3547568422 21.6232509291 0.0000000000
0.1716003441 0.0495369981 22.8391227581
10.9271420798 20.0562956430 0.0000000000
20.6337315697 0.0000000000 9.7931889833
0.0000000000 0.0000000000 27.8997785082
19.0825638188 4.7664552516 15.5463859414
19.6605824128 0.5699445164 15.5463859414
8.4972577966 0.0000000000 23.5870740733
19.6218321913 4.9011540578 14.8160670814
