0.3287421468 0.1975244351 0.9643901801
0.3006705650 1.0093236157 0.0000000000
0.9832258923 0.3478989866 0.0000000000
0.3749739656 0.5999004619 0.8170343103
0.9296868412 0.4748840085 0.0000000000
1.0363806514 0.0000000000 0.0000000000
0.6432207541 0.5144625663 0.7714880030
0.3200850631 0.0000000000 0.9670761432
0.8171820107 0.0000000000 0.6366071408
0.7089953223 0.4097284519 0.6379238880
0.7494972323 0.3358495558 0.6398186460
0.8324062479 0.4810476354 0.5004751781
0.7016508339 0.4957314578 0.6692672801
0.3303373657 0.7457338134 0.6607781648
0.4288602423 0.9453231491 0.0362001475
0.6932295046 0.7800107633 0.4106522870
0.0000000000 0.9188443145 0.4485800957
0.8038051671 0.5955973642 0.4884050770
0.8432759935 0.5773688828 0.0000000000
0.9169047324 0.2811930207 0.3531082341
0.8791901216 0.2696268405 0.5279200805
0.8044939287 0.2467192828 0.6267497203
0.9088173581 0.2787128140 0.4322492329
0.6494200095 0.8240326807 0.3369560327
0.2086648868 0.9835052325 0.3228950600
0.9944453266 0.0000000000 0.3193777303
0.1439130142 0.4868059971 0.9142054507
0.1402744821 0.0538991136 1.0132343226
0.8673453017 0.4823556237 0.2675180080
0.1064570367 0.9959554065 0.2449657460
0.3420764897 0.9781270971 0.1869090196
0.1255906947 0.3591116763 0.9621841964
0.6224632876 0.3005552378 0.7852027808
0.5859381021 0.2823404929 0.8560335799
0.5927011841 0.6364126049 0.6103997453
0.5423751664 0.8145100042 0.4143129311
0.5744389438 0.8626616694 0.0000000000
0.6083598297 0.6657631493 0.5107083343
0.7376816025 0.6548809584 0.3012018916
0.5045640931 0.4479295888 0.8304407216
0.4343345303 0.9158314948 0.1439150058
0.2452692299 0.5171711429 0.8488123195
0.4036944959 0.5121095238 0.7923556419
0.1223013719 0.6376293639 0.7889040622
0.3893520158 0.8322073222 0.4489732987
0.9175715646 0.0000000000 0.4483808348
0.0000000000 0.9848295720 0.3929120714
0.3963478695 0.2214322033 0.9266099429
0.0000000000 0.4532490757 0.9250596880
0.6776025599 0.0835940243 0.7700033061
0.2110382591 0.9935789623 0.1595086490
0.1905264737 0.1455709508 1.0014825904
0.0000000000 0.2380381437 0.9942351774
0.2350261041 0.0375832945 0.9941265203
0.0000000000 0.0000000000 1.0153622001
0.3753153073 0.0682374446 0.9440693081
0.7929059036 0.1441611137 0.6371615963
0.9358975133 0.1701589396 0.3721263054
0.1083030786 0.1533460487 1.0076815184
0.5172331004 0.0940400361 0.8720155840
0.8381660707 0.6574243069 0.1115204474
0.4012815378 0.3411335427 0.8736316941
0.5323423605 0.0000000000 0.8830127771
0.6364986009 0.0028275410 0.8605973851
0.5028445207 0.2198421050 0.9103141780
0.6860943658 0.8002488104 0.2008519011
0.3435058440 0.4006593798 0.8754017940
0.6273269357 0.7317034785 0.4140925626
0.3059643541 0.3568716238 0.9486176676
0.4666670566 0.5443125253 0.7387216724
0.1906404127 0.2915615756 0.9758650706
0.3932418080 0.6014160353 0.7403624702
0.1950900546 0.6915780778 0.7403624702
0.7297283847 0.0000000000 0.7518610655
0.2252635145 0.9329665049 0.4136713817
0.0000000000 0.8675793497 0.5974695599
0.4614667326 0.6389364460 0.7098009329
0.0000000000 0.6285263228 0.8170944506
0.1213273282 0.8692549161 0.5706843517
0.5068332340 0.7452702754 0.5860294165
0.7559035837 0.4238200858 0.5634859042
0.8535991087 0.0000000000 0.5550256852
0.8471610350 0.1046404282 0.5550256852
0.2764521599 0.8075924973 0.5550256852
0.4225479261 0.7910970069 0.5831631741
0.2131210969 0.6225851117 0.7769505302
0.7223880774 0.1510481754 0.7668270985
0.3127572765 0.9136496892 0.3275366437
0.7255232725 0.2502795440 0.7017514388
0.3356272766 0.9804592253 0.0867927968
0.4405158106 0.0000000000 0.9218637785
0.7215922792 0.7230209728 0.0000000000
1.0160160894 0.1056695350 0.0000000000
0.6738301094 0.6288607680 0.6247794051
0.0000000000 1.0512229616 0.0000000000
0.7801077375 0.2091737580 0.7483163965
0.6967793693 0.4507976469 0.7689103093
0.0000000000 0.7937934748 0.7354647435
0.2832050905 0.7391963016 0.7334240996
0.5694852038 0.5395930852 0.7268741481
