0.4528826915 1.0000000000 0.4953684653 0.4016170673 0.3977346905 0.2985604456 0.3038842095 0.4937144806 0.5972222764 0.6049575114 0.5041414425 0.6061844000
0.3245245228 1.0000000000 0.4953684653 0.4016170673 0.3977346905 0.2985604456 0.3038842095 0.4937144806 0.5972222764 0.6049575114 0.5041414425 0.6061844000
0.4315274849 0.9528920390 0.4953684653 0.4016170673 0.3977346905 0.2985604456 0.3038842095 0.4937144806 0.5972222764 0.6049575114 0.5041414425 0.6061844000
1.0000000000 0.7184978521 0.1014124226 0.4016170673 0.3977346905 0.3018387280 0.3038842095 0.6029751231 0.5972222764 0.6049575114 0.4965168106 0.4945794600
1.0000000000 1.0000000000 0.3991330879 0.4016170673 0.3977346905 0.3018387280 0.3038842095 0.6029751231 0.5972222764 0.6049575114 0.4965168106 0.6060618211
0.6280584753 1.0000000000 0.3991330879 0.4016170673 0.3977346905 0.6003485086 0.5977656601 0.6029751231 0.5972222764 1.0000000000 0.6016043820 0.6060618211
1.0000000000 0.2700574048 0.3991330879 0.4016170673 0.3977346905 0.6003485086 0.5977656601 0.6029751231 0.5972222764 0.1052946935 0.6016043820 0.6060618211
1.0000000000 0.2682478792 0.3991330879 0.4016170673 0.3977346905 0.6003485086 0.5977656601 0.6029751231 0.5972222764 0.1052946935 0.6016043820 0.6060618211
1.0000000000 0.5657319667 0.3991330879 0.4016170673 0.3977346905 0.6003485086 0.5977656601 0.6029751231 0.5972222764 0.1052946935 0.6016043820 0.6060618211
0.9787342347 0.5657319667 0.3991330879 0.4016170673 0.3977346905 0.6003485086 0.5977656601 0.6029751231 0.5972222764 0.1052946935 0.6016043820 0.6060618211
1.0000000000 0.5804447883 0.3991330879 0.4016170673 0.3977346905 0.6003485086 0.5977656601 0.6029751231 0.5972222764 0.1052946935 0.6016043820 0.6060618211
0.3759461525 0.5657319667 0.3991330879 0.4016170673 0.3977346905 0.6003485086 0.5977656601 0.6029751231 0.5972222764 0.1052946935 0.6016043820 0.6060618211
0.3759461525 0.9297493305 0.3991330879 0.4016170673 0.3977346905 0.6003485086 0.5977656601 0.6029751231 0.5972222764 0.1052946935 0.6016043820 0.6060618211
0.1698088615 0.7427624874 0.3991330879 0.4016170673 0.3977346905 0.6003485086 0.5977656601 0.6029751231 0.5972222764 0.1052946935 0.6016043820 0.6060618211
0.1698088615 0.7873196558 0.3991330879 0.4016170673 0.3977346905 0.6003485086 0.5977656601 0.6029751231 0.5972222764 0.1052946935 0.6016043820 0.6060618211
0.5849758364 0.7427624874 0.3991330879 0.4016170673 0.3977346905 0.6003485086 0.5977656601 0.6029751231 0.5972222764 0.1052946935 0.6016043820 0.2996633340
0.7245328999 0.4940249817 0.3991330879 0.4016170673 0.3977346905 0.6003485086 0.5977656601 0.6029751231 0.5972222764 0.1052946935 0.6016043820 0.2996633340
0.8894219407 0.4940249817 0.3991330879 0.4016170673 0.3977346905 0.5007562979 0.5977656601 0.6029751231 0.5972222764 0.1052946935 0.6016043820 0.2996633340
0.7245328999 0.4711690621 0.3991330879 0.4016170673 0.3977346905 0.6003485086 0.5977656601 0.6029751231 0.5972222764 0.1052946935 0.6016043820 0.2996633340
0.7245328999 0.8765195628 0.3991330879 0.4016170673 0.3977346905 0.6003485086 0.5977656601 0.6029751231 0.5972222764 1.0000000000 0.6016043820 0.2996633340
0.8499113305 0.2856799580 0.3991330879 0.4016170673 0.3977346905 0.6003485086 0.5977656601 0.6029751231 0.5972222764 0.1052946935 0.6016043820 0.2996633340
0.1378471163 0.5587073911 0.3991330879 0.4016170673 0.3977346905 0.6003485086 0.5977656601 0.6029751231 0.5972222764 0.3898442628 0.6016043820 0.2996633340
0.5513294333 0.2885841583 0.3991330879 0.4016170673 0.3977346905 0.6003485086 0.5977656601 0.6029751231 0.5972222764 0.3898442628 0.4948551062 0.2996633340
0.8418633713 0.5587073911 0.3991330879 0.4016170673 0.3977346905 0.6003485086 0.5977656601 0.6029751231 0.5972222764 0.3898442628 0.6016043820 0.2996633340
0.0000000000 0.5587073911 0.3991330879 0.4016170673 0.3977346905 0.6003485086 0.5977656601 0.6029751231 0.5972222764 0.3898442628 0.6016043820 0.4967333177
1.0000000000 0.4845860343 0.3991330879 0.4016170673 0.3977346905 0.6003485086 0.5977656601 0.6029751231 0.5972222764 0.3898442628 0.6016043820 0.4967333177
0.8199479964 0.5587073911 0.4999092561 0.4016170673 0.3977346905 0.6003485086 0.5977656601 0.6029751231 0.5972222764 0.3898442628 0.6016043820 0.4967333177
0.8199479964 0.2088198537 0.4999092561 0.4016170673 0.3977346905 0.6003485086 0.5977656601 0.6029751231 0.5972222764 0.3898442628 0.6016043820 0.4967333177
0.3247827366 0.2088198537 0.4999092561 0.4016170673 0.3977346905 0.6003485086 0.5977656601 0.6029751231 0.5972222764 0.3898442628 0.6016043820 0.4967333177
0.7401032023 0.7707017750 0.4999092561 0.4016170673 0.3977346905 0.6003485086 0.5977656601 0.6029751231 0.5972222764 0.3898442628 0.6016043820 0.4967333177
0.7401032023 0.0000000000 0.4999092561 0.4016170673 0.3977346905 0.6003485086 0.5977656601 0.6029751231 0.5972222764 0.3898442628 0.6016043820 0.6902560204
0.4363224254 0.7707017750 0.4999092561 0.4016170673 0.3977346905 0.6003485086 0.5977656601 0.6029751231 0.5972222764 0.3898442628 0.6016043820 0.4967333177
0.7090185234 0.0000000000 0.4999092561 0.4016170673 0.3977346905 0.6003485086 0.5977656601 0.6029751231 0.8046856121 0.3898442628 0.6016043820 0.7039228167
0.3731784623 0.0000000000 0.4999092561 0.4016170673 0.3977346905 0.6003485086 0.5977656601 0.6029751231 0.8046856121 0.8998865605 0.6016043820 0.4967333177
1.0000000000 0.0000000000 0.4999092561 0.4016170673 0.3977346905 0.6003485086 0.5977656601 0.6029751231 0.8046856121 0.8998865605 0.6016043820 0.4967333177
0.5948379184 0.6144553176 0.4999092561 0.4016170673 0.3977346905 0.6003485086 0.5977656601 0.6029751231 0.8046856121 0.7994685822 0.8020595824 0.4967333177
0.3873305350 0.0000000000 0.4999092561 0.4016170673 0.3977346905 0.6003485086 0.5977656601 0.6029751231 0.8046856121 0.8998865605 0.6016043820 0.4967333177
0.4972472012 0.0000000000 0.4999092561 0.4016170673 0.3977346905 0.6003485086 0.5977656601 0.6029751231 0.7020505899 0.8998865605 0.6016043820 0.4967333177
