-0.2947494401 -0.0753308585 -0.4425394176 -0.1969290879 -0.4836849590
-0.2947494401 -0.0753308585 -0.2598667408 -0.1969290879 -0.4836849590
-0.2947494401 -0.0753308585 -0.0873462784 -0.1969290879 -0.4836849590
-0.2947494401 -0.0753308585 0.0584032435 -0.1969290879 -0.4836849590
-0.2947494401 -0.0753308585 -0.4080939217 -0.1969290879 -0.4836849590
-0.1954125382 -0.0618110896 -0.1386320587 0.0112771427 -0.0181364426
-0.1954125382 -0.0618110896 0.1810556737 0.0112771427 -0.0181364426
-0.1954125382 -0.0012454322 0.1810556737 0.0112771427 -0.0181364426
-0.1954125382 -0.0012454322 0.0523183440 0.0112771427 -0.0181364426
-0.1954125382 0.1681014984 0.0523183440 0.0112771427 -0.0181364426
-0.1954125382 0.1681014984 -0.0113166338 0.0112771427 -0.0181364426
-0.1954125382 0.1681014984 0.0391622554 0.0112771427 -0.0181364426
-0.1069038210 0.1681014984 0.0523183440 0.0112771427 -0.0181364426
-0.1069038210 -0.2224843518 0.0523183440 0.0112771427 -0.0181364426
-0.1069038210 0.1681014984 0.0523183440 0.0877927849 -0.0181364426
-0.1069038210 0.1681014984 0.0523183440 0.0112771427 0.0963980959
-0.1069038210 0.1681014984 -0.1138092746 0.0112771427 0.0963980959
-0.1069038210 0.1681014984 0.0523183440 -0.0063465727 0.0963980959
0.1207206491 0.1681014984 0.0523183440 0.0112771427 0.0963980959
-0.0388861054 0.1681014984 0.0523183440 0.0112771427 0.0963980959
-0.1676771914 0.1681014984 0.0523183440 0.0112771427 0.0963980959
0.1207206491 0.1681014984 0.1506721070 0.0112771427 0.0963980959
0.1207206491 0.1681014984 0.0523183440 0.1260277808 0.0963980959
0.1207206491 0.1681014984 0.0523183440 0.0112771427 -0.0052033361
0.1207206491 0.1681014984 -0.0868245378 0.0112771427 0.0963980959
0.1723040921 0.1681014984 0.0523183440 0.0112771427 0.0963980959
-0.1790676671 0.1681014984 0.0523183440 0.0112771427 0.0963980959
0.1207206491 -0.0108323288 0.0523183440 0.0112771427 0.0963980959
0.1207206491 0.1681014984 0.0523183440 0.0112771427 0.1546385196
0.1207206491 0.1681014984 -0.0629982852 0.0112771427 0.0963980959
0.1207206491 0.1681014984 0.1266806388 0.0112771427 0.0963980959
0.1861143588 0.4154594562 0.3439861799 0.4567544835 0.4495825652
0.2034678063 0.1474969246 0.0523183440 0.2214901230 0.0973397210
0.2034678063 0.1474969246 0.0523183440 0.2429819404 0.0973397210
0.0694887409 0.1474969246 0.3407794743 0.2214901230 0.0973397210
0.0694887409 0.2151756390 0.2063643234 0.2214901230 0.2099262354
0.3275077952 0.2151756390 0.3407794743 0.4167794102 0.2099262354
0.3275077952 0.4857029076 0.3407794743 0.4167794102 0.2099262354
0.3275077952 0.2151756390 0.1776742586 0.3735692231 0.2099262354
0.2293602720 0.2829317891 0.1776742586 0.1915694382 0.2099262354
0.2173142391 0.2829317891 0.1776742586 0.1915694382 0.2099262354
0.2173142391 0.2829317891 0.1776742586 0.2739396150 0.2099262354
0.2173142391 0.2829317891 0.1776742586 0.2466513314 0.2099262354
0.1612453882 0.2829317891 0.1776742586 0.2739396150 0.2099262354
0.2173142391 0.2836693442 0.1776742586 0.2739396150 0.2099262354
0.2173142391 0.1932394598 0.1776742586 0.2739396150 0.2099262354
0.3737931708 0.2829317891 0.1776742586 0.2739396150 0.2099262354
0.3737931708 0.2829317891 0.1962996757 0.2739396150 0.2099262354
0.3737931708 0.2829317891 0.1962996757 0.2739396150 0.3253136607
0.1645677909 0.2829317891 0.1962996757 0.2739396150 0.2099262354
0.3737931708 0.3008830074 0.1962996757 0.2739396150 0.2475806740
0.3737931708 0.3008830074 0.1962996757 0.1988358745 0.2099262354
0.3737931708 0.3008830074 0.1962996757 0.1988358745 0.2510258846
0.1164207430 0.3008830074 0.1962996757 0.1988358745 0.1948353572
0.1164207430 0.3008830074 0.1625601516 0.1988358745 0.1948353572
0.1164207430 -0.0052858280 0.1962996757 0.1988358745 0.1948353572
0.1164207430 0.3008830074 0.1962996757 0.1988358745 0.2115791175
0.1164207430 0.0660303612 0.1962996757 0.1988358745 0.1948353572
0.1164207430 0.3008830074 0.1962996757 0.1988358745 0.2006331252
0.1164207430 0.0549593873 0.1962996757 0.1988358745 0.1948353572
0.1164207430 0.3008830074 0.1962996757 0.1988358745 0.2011267989
0.2391827163 0.3008830074 0.1962996757 0.1988358745 0.1948353572
0.2251316230 0.3008830074 0.1962996757 0.1988358745 0.1948353572
0.2251316230 0.3008830074 0.2552626810 0.1988358745 0.1948353572
0.2251316230 0.3008830074 0.1962996757 0.1988358745 0.2234306034
0.2251316230 0.3008830074 0.1390421078 0.1988358745 0.1948353572
0.2251316230 0.3008830074 0.3215238166 0.1988358745 0.1948353572
0.4272910136 0.4275583652 0.3215238166 0.4721340761 0.1948353572
0.2251316230 0.3008830074 0.3215238166 0.1988358745 0.3086947938
0.2251316230 0.2987819854 0.3215238166 0.1988358745 0.3086947938
0.2251316230 0.3008830074 0.3509742897 0.1988358745 0.3086947938
0.4058787495 0.3008830074 0.3215238166 0.2102618270 0.3086947938
