0.4509427890 0.0938757801 -0.0706964219 0.0284697825 -0.0902114410
-0.2909261984 -0.0438859857 0.3006128897 -0.0623142458 0.3215880043
-0.3066603640 -0.1659942473 -0.4053530263 -0.1297337764 -0.4393916473
-0.3066603640 -0.2636473151 -0.4053530263 -0.1297337764 -0.4393916473
-0.3066603640 -0.2636473151 -0.2006060504 -0.1297337764 -0.4393916473
-0.3066603640 -0.2636473151 -0.3385245475 -0.1297337764 -0.4393916473
-0.3066603640 -0.2636473151 -0.4053530263 -0.2050059030 -0.4393916473
-0.3078545654 -0.2636473151 -0.4053530263 -0.1297337764 -0.4393916473
-0.3066603640 -0.2636473151 -0.0012181662 -0.1297337764 -0.4393916473
0.0126440926 -0.2636473151 -0.0012181662 -0.1297337764 -0.4393916473
0.0254636009 -0.2636473151 -0.0012181662 -0.1297337764 -0.4393916473
0.0126440926 -0.2636473151 -0.0012181662 -0.1297337764 0.1040684980
0.1969025614 -0.2636473151 -0.0012181662 -0.1297337764 0.1040684980
-0.2128659932 -0.2636473151 -0.0012181662 -0.1297337764 0.1040684980
-0.1573045866 -0.2636473151 -0.0012181662 -0.1297337764 0.1040684980
0.1969025614 -0.2636473151 -0.0452336451 -0.1297337764 0.1040684980
0.1969025614 -0.2636473151 -0.0012181662 0.3262381215 0.1040684980
0.1969025614 -0.2636473151 0.1900589426 -0.1297337764 0.1040684980
0.1969025614 0.2004170328 0.1900589426 -0.1297337764 0.1040684980
0.1969025614 0.2004170328 0.1900589426 0.1120590160 0.1040684980
0.0096186899 0.2004170328 0.1900589426 0.1120590160 0.1040684980
0.1969025614 0.2004170328 0.1900589426 0.3644102058 0.2613679063
0.1969025614 0.2004170328 0.2078719966 0.3644102058 0.2613679063
0.0024859074 0.2004170328 0.1900589426 0.3644102058 0.2613679063
0.1085182834 0.2004170328 0.1900589426 0.3644102058 0.2613679063
0.1085182834 0.2004170328 0.1900589426 0.3644102058 0.0592834504
0.1085182834 0.2004170328 0.1378052254 0.3644102058 0.2613679063
0.0116878766 0.2004170328 0.1900589426 0.3644102058 0.2613679063
0.0879069835 0.2004170328 0.1900589426 0.3644102058 0.2613679063
0.1085182834 0.2353909570 0.1900589426 0.3644102058 0.2613679063
0.3827606651 0.2004170328 0.1900589426 0.3644102058 0.2613679063
0.3827606651 0.3046508899 0.1900589426 0.3644102058 0.2941382360
0.3827606651 0.4321347248 0.3130871001 0.3583070833 0.2613679063
0.3827606651 0.4321347248 0.2984328283 0.3583070833 0.2613679063
0.3827606651 0.2474304374 0.1900589426 0.3583070833 0.2613679063
0.3827606651 0.2474304374 0.0927911468 0.3583070833 0.2613679063
0.3827606651 0.2474304374 0.3045487508 0.3583070833 0.2613679063
0.2598947376 0.3855998504 0.3045487508 0.3583070833 0.2613679063
0.2598947376 0.3855998504 0.4203513046 0.3583070833 0.2613679063
0.3879687560 0.3855998504 0.4203513046 0.3583070833 0.2613679063
0.3879687560 0.3855998504 0.3969197182 0.3583070833 0.2613679063
0.4617911140 0.3855998504 0.4203513046 0.3583070833 0.4538644815
0.4104124489 0.4304923731 0.4203513046 0.3583070833 0.3278305507
0.4229743111 0.4304923731 0.4203513046 0.3583070833 0.3278305507
0.4104124489 0.4304923731 0.4203513046 0.3267279912 0.3278305507
0.4104124489 0.4304923731 0.4203513046 0.3012538665 0.3278305507
0.4104124489 0.4304923731 0.4203513046 0.3012538665 0.2917180188
0.4104124489 0.4304923731 0.4203513046 0.4510684509 0.3278305507
0.4104124489 0.4304923731 0.4203513046 0.3545366300 0.3278305507
0.4104124489 0.4304923731 0.4203513046 0.3391693530 0.3278305507
0.4104124489 0.4304923731 0.3757439026 0.4510684509 0.3278305507
0.4104124489 0.3877363014 0.4203513046 0.4510684509 0.3278305507
0.4104124489 0.4304923731 0.4038854981 0.4510684509 0.3278305507
0.4104124489 0.4304923731 0.4203513046 0.2832314496 0.3278305507
0.4094301046 0.4304923731 0.4203513046 0.4510684509 0.3278305507
0.4104124489 0.4304923731 0.4203513046 0.4510684509 0.4252092087
0.4104124489 0.4462563944 0.4203513046 0.4510684509 0.4252092087
