0.3314185506 0.2913558891 0.1403765154 0.1693819262 0.4393348646
0.0688221827 0.2913558891 0.1403765154 0.1693819262 0.4393348646
0.0688221827 0.2913558891 0.1631963791 0.1693819262 0.4393348646
0.0688221827 0.1986170689 0.1403765154 0.1693819262 0.4393348646
0.0688221827 0.2787627986 0.1403765154 0.1693819262 0.4393348646
0.0688221827 0.1986170689 0.1403765154 0.1507126281 0.4393348646
0.0688221827 0.1986170689 0.1403765154 0.1693819262 0.2179117633
0.0688221827 -0.0106875357 0.1403765154 0.1693819262 0.2179117633
0.0688221827 -0.0106875357 0.1403765154 0.1693819262 0.2606458315
-0.0721772042 -0.0292985499 -0.0856684685 -0.3341729202 -0.1823206731
0.0985487867 -0.1914613518 -0.2163385117 -0.0919685973 -0.1712048453
0.0985487867 -0.1199491278 -0.2163385117 -0.0919685973 -0.1712048453
0.0985487867 0.0566984072 0.1095133635 0.1990207681 -0.1025790059
0.0985487867 0.0512146296 0.1095133635 0.1990207681 -0.1025790059
0.0985487867 0.0566984072 0.1095133635 0.1990207681 -0.0065009518
0.0985487867 0.0566984072 0.0857521410 0.1990207681 -0.0065009518
0.0663157102 0.0566984072 0.1095133635 0.1990207681 -0.0065009518
0.0985487867 0.0431304088 0.1095133635 0.1990207681 -0.0065009518
0.0985487867 0.1278642564 -0.0292810054 0.1990207681 -0.0065009518
0.0985487867 -0.0309186781 -0.0292810054 0.1990207681 -0.0065009518
0.0985487867 -0.0309186781 -0.0292810054 0.1816867559 -0.0065009518
0.0985487867 -0.0309186781 -0.0292810054 0.0469993870 -0.0065009518
0.0985487867 0.0628775922 -0.0292810054 0.0469993870 -0.0065009518
0.0985487867 -0.0830227934 -0.0292810054 0.0469993870 -0.0065009518
-0.2633100932 -0.2334023669 -0.0292810054 -0.0121632961 -0.0065009518
0.0985487867 0.2451905808 -0.0292810054 -0.0121632961 -0.0065009518
0.0985487867 -0.0551294949 -0.0292810054 -0.0121632961 -0.0065009518
-0.0892401419 -0.0551294949 -0.0292810054 -0.0121632961 -0.0065009518
-0.0504320198 -0.0551294949 -0.0292810054 -0.0121632961 -0.0065009518
-0.1197452660 -0.0551294949 -0.0292810054 0.0078095672 -0.0065009518
-0.0737949043 -0.0551294949 -0.0292810054 0.0078095672 -0.0065009518
-0.1247876999 -0.0551294949 -0.0962508719 0.0078095672 -0.0065009518
-0.0682667007 -0.0551294949 -0.0962508719 0.0078095672 -0.0065009518
-0.3159354400 -0.0551294949 -0.0738862607 0.0078095672 -0.0065009518
-0.1230590295 -0.0551294949 -0.0962508719 0.0078095672 -0.0065009518
-0.3159354400 -0.1224160142 -0.0962508719 0.0078095672 -0.0065009518
-0.1886937301 -0.0551294949 -0.0962508719 0.0078095672 -0.0065009518
-0.1886937301 -0.0551294949 -0.0962508719 0.0078095672 0.0247642471
0.1176430622 -0.0551294949 -0.0962508719 0.0078095672 -0.0065009518
-0.1886937301 -0.0551294949 -0.2344771737 0.0078095672 -0.0065009518
-0.1886937301 -0.0551294949 -0.2344771737 -0.1671533269 -0.0065009518
-0.1886937301 -0.1447782429 -0.2344771737 -0.1671533269 -0.0065009518
-0.1886937301 -0.1447782429 -0.2344771737 -0.1671533269 -0.2691447292
-0.1886937301 -0.1447782429 -0.2344771737 -0.1671533269 -0.2651597243
-0.1886937301 -0.1447782429 -0.2344771737 -0.1671533269 -0.0690158526
-0.1886937301 -0.1447782429 -0.2344771737 -0.1671533269 -0.2892764791
-0.1886937301 -0.1447782429 -0.2344771737 -0.1671533269 0.0082283013
-0.1886937301 -0.3381380118 -0.2344771737 -0.1671533269 -0.3256618781
-0.2592295353 -0.3381380118 -0.2344771737 -0.4699643560 -0.3256618781
-0.2592295353 -0.3381380118 -0.3157807599 -0.4501217281 -0.3256618781
-0.2592295353 -0.3381380118 -0.2775497582 -0.4501217281 -0.3256618781
-0.2829732194 -0.3381380118 -0.3157807599 -0.4501217281 -0.3256618781
-0.2592295353 -0.3381380118 -0.3157807599 -0.2284427674 -0.3256618781
-0.2592295353 -0.3381380118 -0.1792637240 -0.2284427674 -0.3256618781
-0.2592295353 -0.3381380118 -0.1792637240 -0.2284427674 -0.2037738201
-0.3186773932 -0.3381380118 -0.1792637240 -0.2284427674 -0.2037738201
-0.1694484496 -0.3381380118 -0.2479903174 -0.2284427674 -0.2037738201
-0.1694484496 -0.3381380118 -0.2195851096 -0.2284427674 -0.2037738201
-0.1694484496 -0.2722810807 -0.2195851096 -0.2284427674 -0.2037738201
-0.1694484496 -0.2722810807 -0.2195851096 -0.1459975766 -0.2037738201
-0.1694484496 -0.2121763432 -0.2195851096 -0.2284427674 -0.2037738201
-0.1694484496 -0.2121763432 -0.2195851096 -0.2284427674 -0.1095208051
-0.1694484496 -0.2121763432 0.0434263384 -0.2284427674 -0.1095208051
-0.1694484496 -0.1530162852 -0.2195851096 -0.2284427674 -0.1095208051
