-0.2624911340 -0.3806762511 -0.3950071629 -0.3797646382 -0.4828074051
-0.2624911340 -0.2190270523 0.0305773830 -0.1348422579 -0.3132754671
0.1382742433 0.7323397763 0.5595128819 0.1674829948 0.3231317213
0.5139323474 0.7323397763 0.5595128819 0.1674829948 0.1544225972
0.1382742433 0.5969607663 0.5595128819 0.1674829948 0.1544225972
0.1382742433 0.1205155684 0.5595128819 0.1674829948 0.1544225972
0.1382742433 0.1205155684 0.5595128819 0.1674829948 0.4051900195
0.1382742433 -0.0415652251 0.0099894030 0.0148252192 0.1544225972
0.1382742433 -0.0415652251 0.0099894030 0.0148252192 0.0745903634
0.1382742433 0.3387504171 0.0099894030 0.0148252192 0.1544225972
0.1382742433 0.3387504171 0.0127672545 0.0148252192 0.1544225972
0.1382742433 0.2339158159 0.0099894030 0.0148252192 0.1544225972
0.1382742433 0.3387504171 0.0099894030 0.4525221874 0.1544225972
-0.0291142624 0.3387504171 0.0099894030 0.0148252192 0.1544225972
0.1382742433 0.3103188843 0.0099894030 0.0148252192 0.1544225972
0.1382742433 0.3387504171 0.0099894030 0.0148252192 0.1535275062
0.1382742433 0.3387504171 0.2976618943 0.0148252192 0.1544225972
0.1382742433 0.3387504171 0.0099894030 0.2009827916 0.1544225972
0.1382742433 0.3192864310 0.0099894030 0.0148252192 0.1544225972
0.1382742433 0.3387504171 0.0500027415 0.0148252192 0.1544225972
0.1382742433 0.3387504171 0.0099894030 0.2711822256 0.1544225972
0.1382742433 0.3387504171 0.2469341386 0.0148252192 0.1544225972
0.1382742433 0.0009822265 0.0099894030 0.0148252192 0.1544225972
0.1382742433 0.0009822265 0.0099894030 0.3181376943 0.1544225972
0.2081196447 0.0009822265 0.0099894030 0.0148252192 0.1544225972
-0.0346708522 0.0009822265 0.0099894030 0.0148252192 0.1544225972
0.1382742433 0.0009822265 0.0099894030 -0.0341694253 0.1544225972
0.1382742433 0.0009822265 0.0099894030 0.0148252192 0.0136661976
0.0118228133 0.0009822265 0.0099894030 0.0148252192 0.1544225972
0.1382742433 -0.0643890278 0.0099894030 0.0148252192 0.1544225972
0.1382742433 0.0009822265 0.0099894030 -0.0775798694 0.1544225972
-0.0131943123 0.0009822265 0.0099894030 -0.0775798694 0.1544225972
-0.0131943123 0.0009822265 0.0692127310 -0.0775798694 0.1544225972
-0.0131943123 -0.1133405955 -0.0482344064 0.2249964645 -0.1390056181
-0.0131943123 -0.0525158785 -0.0482344064 0.2249964645 -0.1390056181
-0.0131943123 -0.1133405955 -0.0482344064 0.2249964645 -0.1624957996
-0.1065212525 -0.1133405955 -0.0482344064 0.1534544232 -0.1250097804
0.1292216446 -0.1133405955 -0.0482344064 0.1534544232 -0.1250097804
-0.1065212525 0.1414263996 -0.0482344064 0.1534544232 -0.1250097804
-0.1065212525 -0.2740170060 -0.0482344064 -0.0384267644 -0.1250097804
-0.1065212525 0.0097696589 -0.0209533167 -0.0384267644 -0.1250097804
-0.1065212525 0.0097696589 -0.0209533167 0.0468910338 -0.1250097804
-0.1065212525 0.0097696589 -0.0209533167 -0.2110606964 -0.1250097804
-0.1065212525 0.0097696589 -0.0209533167 -0.0864575126 -0.1250097804
-0.1065212525 0.0097696589 -0.0209533167 -0.1092925751 -0.1250097804
-0.1065212525 0.0097696589 -0.0209533167 -0.2110606964 -0.1466017839
-0.1065212525 0.0097696589 -0.1355866136 -0.2110606964 -0.1250097804
-0.2075684756 0.0097696589 -0.1355866136 -0.2110606964 -0.1285043892
-0.2075684756 0.0097696589 -0.2478318810 -0.2110606964 -0.1285043892
-0.2075684756 0.0097696589 -0.1968861232 -0.2110606964 -0.1285043892
-0.2075684756 0.0097696589 -0.0911000993 -0.2110606964 -0.1285043892
-0.2971698206 0.0097696589 -0.2478318810 -0.2110606964 -0.1796332346
-0.2971698206 -0.2591376752 -0.2478318810 -0.2110606964 -0.4011891461
-0.2971698206 -0.4364970074 -0.2478318810 -0.2110606964 -0.4011891461
-0.3103238744 -0.2591376752 -0.2478318810 -0.2110606964 -0.4011891461
-0.4312005661 -0.2591376752 -0.2478318810 -0.2110606964 -0.2145495411
-0.4312005661 -0.2591376752 -0.2478318810 -0.3960449526 -0.2145495411
-0.4530039576 -0.2591376752 -0.2478318810 -0.2110606964 -0.2145495411
-0.4312005661 -0.2591376752 -0.2478318810 -0.3000126544 -0.2145495411
-0.4312005661 -0.2591376752 -0.2372574624 -0.2110606964 -0.2145495411
-0.4312005661 -0.2591376752 -0.2478318810 -0.1092021141 -0.2145495411
-0.3729333869 -0.2591376752 -0.2478318810 -0.2110606964 -0.2145495411
-0.4312005661 -0.2591376752 -0.1248566631 -0.2110606964 -0.2145495411
-0.0236055168 -0.2591376752 -0.2478318810 -0.2110606964 -0.2145495411
-0.0656099521 -0.2591376752 -0.2478318810 -0.2110606964 -0.2145495411
-0.0656099521 -0.2591376752 -0.2478318810 -0.2110606964 -0.3971303553
-0.4069934487 -0.2591376752 -0.2478318810 -0.2110606964 -0.3971303553
-0.0902449421 -0.2591376752 -0.2478318810 -0.2110606964 -0.3971303553
-0.0253662480 -0.2591376752 -0.2478318810 -0.2110606964 -0.3971303553
-0.0253662480 -0.2591376752 -0.2478318810 -0.2110606964 -0.3052550122
