0.1886872155 0.9302733897
0.2874271956 0.9020402066
0.2777543597 0.9046819757
0.3136597609 0.8886203362
0.2903314414 0.9002167552
0.3209796532 0.8860660348
0.3487743360 0.8429567589
0.4382915116 0.8030276360
0.4282197089 0.8142521313
0.8326507284 0.4107864596
0.8065880756 0.4614898486
0.7891695256 0.4834802500
0.5285688882 0.7529391569
0.5305978244 0.7515774205
0.4808525219 0.7708950946
0.4894058413 0.7648855466
0.4929183931 0.7629374025
0.4864194449 0.7677835142
0.5123000038 0.7570950952
0.5703057177 0.7156849069
0.5741150832 0.7093306675
0.6106408232 0.6618615298
0.5778340181 0.6900025954
0.6305696982 0.6478271858
0.8005143797 0.4714932950
0.5534980766 0.7369586851
0.6386278094 0.6356901609
0.6939669929 0.5683063055
0.6814356752 0.5807674948
0.6987367544 0.5669520472
0.6832930348 0.5806766019
0.7202392430 0.5425725318
0.7025041293 0.5603512812
0.7780321842 0.5091471585
0.7196862774 0.5430835241
0.7983376995 0.4764778662
0.7410222491 0.5252709264
0.7338298962 0.5386260801
0.6518952138 0.6311043743
0.7813672293 0.4868017010
0.8181790046 0.4163656681
0.8351696266 0.3788718371
0.8787803068 0.2692608506
0.8780881737 0.2703087755
0.8448672887 0.3462457321
0.8822744385 0.2643010912
0.8329879932 0.3870166616
0.9146197775 0.1952272688
0.9511545107 0.1021791164
0.9549754153 0.0762311097
0.9523402543 0.0868038541
0.9564853449 0.0684731376
0.9361901332 0.1193945312
0.9228621266 0.1661219570
0.9082427717 0.2024065105
0.9159325748 0.1872565439
0.9056414925 0.2101122824
0.9019194181 0.2196316961
0.8917012120 0.2340919749
0.8797580469 0.2662328998
0.8823432531 0.2527341847
0.8681581783 0.2925637855
0.8252809514 0.4143427903
0.8579581028 0.3143701384
