5.1069027314 18.4184243892 3.7097183402
9.8928682798 2.9482998756 8.2470198084
5.2653759837 3.0117249134 11.1710802236
5.4882724641 2.9934706386 8.9552098524
6.9239487020 2.9938621657 8.3607763314
3.1397709489 2.4210960517 11.7929396772
3.2281005940 6.3097053193 9.4376168258
4.1754433892 3.4249883666 10.7997860877
4.5103221863 3.7683486062 10.6656063902
4.0631066963 2.0063108910 11.4785526621
8.0638448752 2.1300623812 8.5878410249
11.5590732108 2.1300623812 7.0803983012
16.0729089744 1.9592192754 9.4979893384
7.3915880615 2.1656723189 11.0121967328
10.1037304486 3.4163555117 6.9559037682
4.7629035828 4.5564592099 6.9758193309
18.6686985284 12.4322620793 2.5384967340
12.5805097715 9.8699155173 2.6730631304
15.2566612437 9.8492106312 2.6730631304
15.7762331354 6.5423018428 2.6730631304
10.9074394016 12.5887179615 2.6463411758
8.5052471715 8.2920308586 2.7121535181
9.5474850830 7.5331867959 3.3397192863
8.3025570988 16.3465605531 2.3093773930
7.3022293206 9.7986059290 2.7121535181
7.2326068264 9.6023685530 2.7840790086
11.3058225717 12.5779121893 1.6174692468
7.8346360002 15.3893762161 2.4971659453
2.7672330874 15.3749049681 6.7883750721
3.0341349188 9.8694649663 7.1684147870
3.0341349188 13.2461586891 6.4768299756
4.2882010876 12.2464786973 4.0954315747
7.0062931961 8.8632949162 3.1771130297
6.6555290723 9.5019068861 3.1880769878
5.7516476147 8.1521914434 3.4163823232
5.1743453752 12.4387528194 3.2648287577
14.2773960305 3.1625575240 5.0685863677
17.1109245824 2.6709517246 6.7237714350
10.9507668355 3.3527903726 6.8500341922
7.3223485799 8.2948017981 3.2066617763
10.8975677228 7.5667773117 3.0147239943
11.1156538142 3.6081109383 2.9010289840
8.1038798903 3.4491312129 6.3654442209
10.6221975498 4.7552133851 3.2359764249
12.3588571981 3.1965042534 3.3311112600
8.0883428223 7.2085513027 3.4968429322
11.6378572633 3.4210707816 3.7409179171
16.0444799719 3.0618506372 7.0797029453
9.2608176801 3.4210707816 4.6297606108
11.8207377434 3.2434770047 6.6950279290
5.1989365233 3.6033596604 3.6466051228
5.1989365233 5.1638988580 3.5047398706
4.8450171631 3.4990028136 7.3829555657
5.1989365233 3.5190330759 6.3941411916
4.7284496368 5.3749760981 4.0119910198
3.3026571266 5.4535539460 4.5744941956
3.1265458390 6.8010162095 6.4411070673
2.7504293236 8.1073127493 9.9845292297
3.0688632066 7.9155261895 7.7648564524
2.4805694752 10.5014797955 8.0750215947
2.7519582259 10.2506660801 9.1647520011
2.4720284388 14.1114880908 11.1920875602
2.4690662707 16.2555247955 10.6530441949
