3.9501835613 10.3669831489 6.1129117758
3.5890992432 7.0904097770 8.6507451229
3.3075700192 15.1832841320 7.2687282906
3.5692016628 10.2977116442 7.8774076442
3.4007207079 11.8524099353 8.8471210573
3.1644230678 12.1226557288 11.2329430766
8.2306052084 8.5472447811 4.3034623979
6.5614853824 2.8079248311 13.4616026484
4.9211722362 3.2043998610 14.9913521842
6.9691968021 2.8275920085 11.9397895472
1.6952360517 23.8509945244 11.5870232642
6.0389340637 3.3672736573 11.8203535269
5.9183140625 3.0120289403 15.4851611355
4.8017842126 3.6764137032 18.4328134511
5.7214997662 4.2846662930 9.6580219706
5.5661430828 3.8755787577 11.5420300673
4.6382998086 4.6128748445 10.7071671103
5.1078278437 4.4243548238 12.7200758210
3.0005212501 3.9560293229 14.0440904303
3.3842457675 7.0109434544 11.3360678567
2.0922876358 19.7210950801 12.1792162113
2.2813984612 22.3944470822 12.0387881676
2.0922876358 22.9749521860 10.6891308064
1.8314300698 16.2641205520 12.2812487089
3.1402597696 16.5234105626 9.1132897039
1.9392122114 14.9133677096 14.8195794603
2.0495381674 9.4928307584 22.0468128608
2.2849034959 7.7759073417 14.8195794603
2.2849034959 8.2464768914 13.2953061947
2.2500881850 12.7809086636 13.2184321320
2.2912188351 7.4513992936 14.0671170878
2.2849034959 14.1270748154 9.3322235480
2.2849034959 8.8378553749 11.8747406088
2.2849034959 6.2487464557 15.1357463212
2.6656846257 4.3965176276 13.2015824122
4.3027187887 4.8410663036 9.1902784921
4.1934866180 4.9276762353 12.3537111407
4.0123848123 6.1029015261 11.1813614713
3.9689876525 9.6342016356 8.4094964631
4.5408149577 6.0494963437 6.2555080251
4.3307764887 4.7194301245 6.4554614172
3.6147033676 12.1591763159 6.2552185415
11.0097632370 2.0012504067 9.4927993605
10.9084504913 2.1025901707 7.5387125839
11.6760806850 1.9212230863 10.7852044844
5.9222786960 4.2867213930 7.6614344101
11.0204205738 1.5839205117 19.6579673827
9.2123207452 2.3764175533 7.0769177917
8.6870253440 2.7393885450 12.7852820244
10.0472767393 2.1671373258 10.6963961798
7.8960567226 2.3376453136 14.0553573533
6.6636085045 2.8389904489 6.3770703513
6.1658775393 3.9442486231 4.9538985359
7.0505218372 4.2025236335 4.9507017419
8.5862765560 5.5976026520 4.6404595463
17.8111735848 5.4405728319 4.3420291662
10.5897834260 3.8001920605 4.3484679008
7.5196853278 3.6857808062 5.9006643802
8.4973209839 7.9729431333 4.4150609836
9.9414167748 3.7987373417 5.6176310779
8.9958657570 8.5297322736 4.1223007064
11.2063409785 6.4108365167 4.2129895376
20.0443083715 8.1198814712 3.6999439067
10.3893479259 11.1178880742 3.6199130571
10.0441787530 11.7778847858 3.7279308294
10.6354625553 10.2316157094 3.8971434775
11.2063409785 8.8787436140 3.6681951318
12.2701229147 6.5418890587 3.7116493468
9.3577914369 18.0094153555 3.4685532291
10.7552117847 9.7215745451 3.3937893588
17.5253516255 16.7341134531 2.8545739085
15.1554278390 9.6814627879 3.2277782375
18.8549574201 12.8695644573 3.1122738205
20.2923822520 15.4403465813 2.5810661661
13.9003353991 11.1680593443 3.2277782375
21.8151150631 9.2819894124 3.4641606132
19.1580832754 15.4638335757 2.8395449181
17.6742693517 6.5040454684 3.9094836355
13.5885439228 15.3148789658 3.2916377478
19.0466080544 4.7619847221 4.0914873084
14.2961551435 19.0923392518 3.2185532363
7.0308107818 5.1772153050 4.8809930322
5.9748105196 6.4080689496 4.9299307681
4.7061056026 7.1780968054 4.9299307681
3.8955812237 11.1915675822 5.5996576298
4.7637206918 13.0757543317 4.2311262138
8.9757704547 12.8584758822 4.0885824564
7.9961990396 11.4054472724 4.2311262138
10.1720108637 15.3377580919 3.4281418171
7.4716897150 13.8577805457 4.0136030072
4.6231388794 14.2102716310 4.2311262138
4.3235659528 11.3407226120 4.3035874523
6.4947816712 16.0559096044 3.8569694558
3.2280964626 14.5844620955 9.1941248091
7.0771067214 11.7045402326 4.1345949019
3.7933673112 12.6564390912 4.4768433696
7.8005101528 9.9989769207 4.4768433696
9.7922809230 10.8786533874 3.9820077498
7.2916488783 19.1711990434 3.8084246109
5.5833862353 26.2969012462 3.6789804870
