0.1913453095 1.4494135947
0.2616556540 1.0847665443
0.6751628036 0.5935924594
0.7402972109 0.5725195233
0.9815159649 0.3364074202
0.9863276291 0.3018213950
0.2747296648 0.9780983574
0.2556672178 1.3270105006
0.1710753615 1.5780341901
0.3949306119 0.8867350961
0.4284426403 0.8606929035
0.8273381534 0.3839415861
0.2094520669 1.3989608243
0.7417374271 0.4228591731
0.7516721597 0.4228512760
0.5517441449 0.6597185461
0.4322810332 0.7406865330
0.5442199878 0.7019802888
1.1273875575 0.1463985084
1.0183005127 0.2264001204
1.0338626550 0.1721864131
1.1993322916 0.0857876264
1.3186863414 0.0731332897
1.6237826427 0.0725378032
1.2922540796 0.0771462935
