0.9570539203 0.3924598831
0.9628285624 0.3694591672
0.8654535819 0.4873634588
0.8782802387 0.4721676319
0.8985262201 0.4528319020
0.8994716919 0.4483234119
0.9287033403 0.4460963862
0.8876301725 0.4706341532
0.8926880367 0.4606082921
0.6007082191 0.8819499657
0.5704113787 0.8886960003
0.6397102095 0.8709865676
0.8338809300 0.5094214319
0.8409080018 0.5068920452
0.8242918672 0.5331297064
0.8310833905 0.5279390076
0.8247698911 0.5289685562
0.8205089674 0.5389533911
0.8165853565 0.5449910271
0.8111534548 0.5598692827
0.8064168919 0.5637947549
0.7989010110 0.5764016467
0.5456209864 0.8911557092
0.5712688477 0.8819902993
0.5297147850 0.8935054260
0.5227074952 0.9016024145
0.5202803594 0.9113749840
0.3499794323 1.0142961970
0.6566680926 0.7840470244
0.6500438906 0.8137881792
0.6553725853 0.8101115806
0.3446640877 1.0257831726
0.3262463375 1.0292855666
0.6705028527 0.7317932746
0.9833850427 0.2444430618
0.6743300445 0.7067168190
0.6810926600 0.6681137763
0.6892012783 0.6555467194
0.6994871858 0.6524760700
0.6808835080 0.6840023340
0.6618680594 0.7728411962
1.0235738752 0.1864675143
1.0064810573 0.1942582759
0.6212070083 0.8727815701
0.9935090836 0.2308508644
0.9934258997 0.2418358477
1.0001437436 0.2116835789
0.9956415943 0.2177595355
1.0047793118 0.2030828093
1.0077511254 0.1894085052
0.3817741464 0.9794695721
0.7653993476 0.6061813589
1.0556283831 0.0606723359
0.4222482387 0.9273858434
0.4087212015 0.9415448988
0.4170670233 0.9295426227
0.4047212992 0.9455102411
0.7447281917 0.6115387720
0.7236479003 0.6280108992
0.7431335300 0.6216845803
0.7603599925 0.6114470714
0.7298314121 0.6220563435
0.4422852110 0.9246747053
0.4455959264 0.9240383964
0.9546839004 0.4440407112
0.7927393550 0.6001933904
0.0848441125 1.0414890788
0.0874426086 1.0359202667
0.7899114174 0.6055356037
0.1205342028 1.0333540586
0.0690320193 1.0517266745
0.0692890888 1.0440372319
1.0731131298 0.0400691573
1.0726814069 0.0440611249
1.0946090852 0.0326094607
1.0891768264 0.0368263968
1.0573283940 0.0505228263
1.0358885773 0.1042086903
1.0328451556 0.1058654416
1.0401972874 0.0823077179
1.0389810950 0.0895240695
1.0272097948 0.1582974917
1.0460693702 0.0704034630
0.3616329806 0.9993119952
0.3593719453 1.0027305052
0.3682757992 0.9894848078
0.3709287778 0.9874576489
0.3935773288 0.9687035039
0.4002054078 0.9488313129
0.3968307285 0.9633569260
0.3972284363 0.9506361884
0.3884728562 0.9769482411
0.0365837748 1.0826278670
0.0397366520 1.0765862676
0.0350223657 1.0969643805
0.0328312050 1.1175586648
0.0633848409 1.0585546889
0.0487310340 1.0599211526
0.0630020035 1.0590883686
0.0410010613 1.0645228218
