2.1261408343 0.3371510084 2.7440616385
0.8808590374 0.3531694007 3.4751312534
5.5000263415 0.1265400063 0.5551171127
4.6691829240 0.1374098248 1.3960860663
3.9505967576 0.3395836169 0.7273693813
3.8368565673 0.9419771288 0.3427251835
5.4744418790 0.6584365226 0.3622606661
2.6279016267 1.8928944465 0.3784881130
2.8250877038 2.3895865221 0.2177681825
3.9958540020 0.3368949501 1.2094455101
2.6161176563 0.2491409722 3.0862040463
2.5362799970 0.2666753606 2.5660482568
2.6161176563 0.2627660269 2.9320808868
2.5133470288 0.1634285959 3.3648472014
3.9264238722 0.1527308607 3.3648472014
3.4479215334 0.1571793898 4.3785592842
1.8456607767 0.1632339703 4.4958863278
3.2619851009 0.1632339703 3.8993944670
2.1564877592 0.2170748142 3.1014814221
3.0790203333 0.2137427600 2.9179714577
2.7352589659 0.2161113064 1.7541094021
2.4689761404 0.1919385184 4.1984360620
2.7297140578 0.2527067771 2.4694753333
2.8551189694 0.4081058651 0.9078907176
2.1866749885 0.2995601927 2.0141751374
0.3119952436 2.2694313607 1.5739686074
0.2781961469 2.9493446355 1.9182824677
1.7855806910 0.8166787029 1.0501996987
2.4069896848 0.8166787029 0.4787466729
2.2661984050 0.6619774712 0.5833219831
3.2683024401 0.5130442428 0.6725243415
3.8284272876 0.8391824391 0.4658966930
1.2047000125 0.3477568739 1.4574897514
0.9743800963 0.4291320305 1.4379307065
1.7756336543 0.2295483991 3.5565297817
0.0723196895 1.9949315378 2.5627097974
0.0787648542 1.2148322731 2.9539838777
0.0717246997 1.2551964591 5.5778865942
0.2145349599 1.6334059215 2.3073470784
0.3872683412 1.4558881100 1.9993444744
0.6548682163 1.3748056934 1.7269690128
0.2653527328 0.5556797272 6.2697976946
0.4139353828 0.9599225940 2.4448685109
0.1886627602 1.0245410282 2.9308796200
0.2293524164 0.8209322724 3.8211299858
0.1886627602 1.8088479366 2.8005991060
0.0634137615 3.9766333037 4.2227406391
0.2673640684 1.5928463560 2.2152104454
0.1615440828 1.2079186412 4.3024145921
0.1886627602 2.8614858045 2.4355623013
0.1886627602 1.6078369544 2.8301264019
0.2545340589 0.7200287383 2.8160409731
0.9584468541 0.4250916156 2.9738816428
1.4657294762 0.2361070540 4.7956957846
0.4106231886 0.6907886514 5.1507828498
0.7969705918 0.3289134023 4.3576838448
0.4407756276 0.4119250591 3.3993115340
0.4407756276 0.5219037863 3.0756226571
0.3619308102 1.2206367730 2.5874686524
1.9823307270 0.3322039107 3.0005923548
0.6141065903 0.4887864210 2.6797163428
0.2592642540 1.3696483320 2.5969802749
0.4258875531 0.5814507321 1.9938090573
0.5409597336 0.4642705627 2.7057936556
1.1546180306 0.6208977052 1.1095879476
1.6697124922 1.1550851126 0.6723590584
1.8458887069 0.6601262011 0.9035290595
2.0934680351 1.1521961307 0.8685811941
0.5267187664 1.9946972219 1.3470124019
2.1321429965 0.8837955003 0.6723590584
3.1884900377 1.3934045869 0.4775899268
1.2934779517 1.7552005956 0.6723590584
1.3204083677 1.7043808927 0.4720912853
1.8769705997 2.3873677108 0.3700999219
0.8395145134 1.9224721621 1.3860916982
1.6427373622 3.2952820811 0.3522402066
3.5939058526 2.2690296255 0.3610323710
1.7696720333 2.2622785811 0.4243427174
1.1216211754 1.9523966989 1.3326806105
1.3204083677 1.3860904188 0.8204331033
3.6179807844 1.1264556357 0.4720912853
1.2745244431 2.3352624703 1.0076460942
1.8842624270 1.7497349228 0.4718975862
2.1369757811 1.3096219727 0.6233525204
1.3086633191 2.6883466227 0.4720912853
2.2466503698 1.6880315412 0.4736113849
1.4782074961 1.1974090631 0.7276866061
0.9537983140 1.6411387912 1.6735922933
