1.4772307189 0.5238259904 1.1666084142
2.0086030638 0.2123990401 1.3502871294
1.8601825126 0.2123990401 2.7155928730
0.5462424967 3.0981926241 1.6231344911
0.8689690864 2.2913904843 1.5091978285
1.7249497501 1.4860628172 0.9689047855
1.9969123262 1.1550137457 0.8156527026
0.7098378485 3.0549219761 1.6251968524
0.4920196372 2.0879655143 1.7429407690
0.3059039068 0.9363414039 2.9464462055
0.4590913362 0.9333727770 1.8628084812
0.7533456632 0.3647887948 2.8329404371
0.9613118867 0.3443085478 4.1268243390
1.1241410196 0.3647887948 2.6537674554
1.1241410196 1.3984381027 1.8567740580
1.1241410196 1.5632241733 1.7670418583
0.9590292552 0.3452952316 2.6892179674
0.7307134963 0.8392118063 2.3467798269
1.4691355788 0.3356074478 2.4770957764
0.3485808789 1.2118818274 2.7698869128
1.6438450353 0.2964566060 3.7725180833
0.4100369165 1.1740948494 2.5405452076
0.4354110587 0.4789596186 3.3002815043
0.3995004018 0.4240100323 3.3495011939
1.1305703645 0.3064944791 3.1377595943
0.4354110587 0.5296803875 3.0187315705
1.8076253111 0.2282335976 4.2947586328
0.2842066314 3.6788440166 2.2067718494
0.8970835553 1.6653229249 1.7726848186
0.1597087342 1.1457076647 4.7709907423
0.1278830839 1.4568233952 3.5168598755
0.1373376757 1.3680410482 5.2876109188
0.1278830839 1.4660630083 3.3225989386
0.1584855105 1.8007648280 3.2402442063
0.3769702064 0.7298683697 3.8041067564
0.3769702064 0.6267774319 4.5480734645
0.2338562347 0.7427931679 3.2072130890
0.9370962357 0.7427931679 2.6992019774
0.2275012961 1.2320916176 2.5402487440
0.2275012961 1.4050749159 2.2730602995
1.1043126631 1.8688762608 1.5584003598
1.1175502540 2.9504011027 1.4027777292
0.1763773615 1.8660908969 2.6908631895
0.3544961368 2.6702915197 1.9605559905
0.0448655239 2.0648817733 2.7788265067
0.1186604641 2.0719186427 2.6937435768
0.1189567364 1.8353098712 3.2425382925
0.0476601446 1.5422702247 5.1035694936
0.1074483719 2.4845554678 2.6816483107
0.2356047344 1.0356583458 3.0473706164
0.0775598250 3.3217118085 2.4291710349
0.7670792169 2.6051612947 1.7143868881
0.0775598250 3.9886363506 1.5664721962
0.2869470050 2.5193286866 1.9882432187
1.3725220634 1.6651469112 0.5159547560
2.1100812997 0.3902832753 0.8652299482
1.6843566983 0.3902832753 1.4990232842
1.8394654478 0.3433459554 1.8246810749
1.9349538518 0.3433459554 1.7452084606
1.7237412147 0.3899023020 1.4221442723
1.6126574821 0.3054550928 2.4925008170
2.0245759006 0.2001084981 3.3120323852
1.5906908584 0.3071212054 2.2176060771
1.1653901874 0.3815809549 1.5418239273
1.8196480085 1.3408357054 0.3910404112
4.4258860210 0.4094276409 0.7179694804
2.6538167221 1.3588092475 0.2597876578
3.4052093556 3.7001783674 0.2542358387
5.1517407345 2.2540523245 0.1410284849
3.9460232460 1.0580866285 0.3025646684
2.3796531237 0.7732926690 0.7464310338
3.2720070408 0.9231388343 0.3660107744
3.9575338054 0.8959948011 0.1864418857
3.9575338054 0.4096353528 0.1894824374
4.4940588961 0.3641766574 0.5839921051
2.1451573542 0.6987905358 0.8338981876
2.7113524218 0.8524035636 0.4651838636
1.8224600418 0.6899522097 0.9379741487
3.9900667960 2.1482715178 0.1558791393
1.1359395038 0.6469300509 2.3594555623
2.7143706031 0.3207304669 1.2471539252
3.5409244049 0.5059319048 0.3116668964
1.4318896724 1.5764500166 0.8174119158
2.3002120675 1.2087150898 0.6431990031
1.8984701719 0.5039116553 0.8387711102
2.4324730571 1.2093122028 0.3985076059
2.4219364478 0.5027042242 0.4775627998
3.1367349811 1.0241304724 0.3865631416
3.3127174890 0.4836790159 0.7278829324
