1.4987373183 2.4058066206 0.9703050660
0.3338093019 2.0756751441 2.1291202990
0.6059058011 2.2358995732 1.9826153419
2.2774333849 0.4585819523 1.8967156530
0.9333101544 0.7438784338 2.5143170033
0.8015308291 1.0274797766 2.7808976656
1.0638914339 1.0788950948 2.2229738700
1.7882386915 2.0891838014 0.7484659971
2.9751932965 1.3490122070 0.8656665756
2.6570150440 0.4864602082 1.5467233343
2.0618977725 0.4606913470 1.6074425227
2.4877060867 0.7819407323 1.0959738514
2.8385169137 0.9395043369 0.9373529107
5.2164509674 1.0682129590 0.7608554934
4.1866234048 0.3938728276 1.4688042068
3.1691336310 0.3943099316 1.4070582787
2.6869149221 0.1729651545 2.1889446390
2.6647296444 0.1090482258 2.5575676520
3.1997245101 0.1067518646 1.9445276228
5.2309208536 0.1059216831 1.9684037706
2.6739106322 0.0764459838 4.8950162182
2.5250317581 0.0990415530 2.8443282144
3.7817097030 0.1059216831 2.4259462011
1.7663889310 0.1347884561 3.8621387013
1.8200639848 0.2060961658 3.3307167074
1.1865280530 0.2781782404 3.8492994965
1.3250031642 0.2781782404 2.8693394332
1.2387462443 0.6040552804 2.4679323871
1.5670833019 0.2065252684 4.0727415161
1.8732929730 0.2730318923 2.1975012667
1.6798061097 0.8904306522 1.5360175208
1.7437685418 1.7535064373 0.9545680234
1.5528595039 1.6604871913 0.9580173786
0.7753353740 1.2152857110 1.7948597864
0.7753353740 3.4086380200 1.3665583198
0.7753353740 4.9771675213 1.3642429146
0.5561440166 5.3964287415 1.9231126407
0.6369831674 1.7803966884 1.9407986778
1.1987949688 1.9125386389 1.3699144919
1.4288086058 3.1636169730 1.2481977293
0.9442152290 1.9995335882 1.2489809895
0.8945370849 2.5377926138 1.6207383441
0.9843926323 1.8763181856 1.6244279517
2.9498447373 2.5657938177 0.3755389608
3.9393051614 2.0686415973 0.4063380580
3.6515702804 2.5905465984 0.3323491133
0.6507028062 3.2123789792 1.5502113262
2.1783025851 0.5941121458 1.4523947315
3.8005286165 0.5254737984 1.2510454920
3.2075895050 0.2672348697 1.6121575271
2.2995789324 0.2702091278 1.9762527976
3.0772679254 0.3180380550 1.7928467103
2.1073359726 0.2702091278 3.2503498637
2.5991775041 0.4302062249 1.8006453959
1.1140859591 0.9840440295 1.8435865661
2.0321356807 0.4415518771 1.9611250166
3.6068336492 1.7555460100 0.5918506293
1.9408630639 0.7823444474 1.5746765322
1.8547544366 2.8634545884 0.4938401744
1.8969806884 2.3888394530 0.4945276124
1.6539976526 3.7323110649 0.9236779193
1.8969806884 1.6945698214 0.6125689417
1.9751566032 0.9178879610 1.2223368022
1.9138773227 1.0194805762 1.4269967729
3.2872489238 0.6397378843 0.8422789230
3.0713286019 0.9302378550 0.8230765093
3.3811436248 1.2862373025 0.7031402571
3.3642242310 0.5895417280 1.2745261331
2.8834559992 0.6072007151 1.2406795550
1.4057484563 0.4880680033 1.9163395013
3.1570338154 0.6728990838 1.1255603229
1.6233545342 1.0661546068 1.2955927756
0.9809776184 0.3550150011 3.2038859990
0.2414163471 1.0089356712 4.6278441213
1.2769410972 0.5507686330 1.6729955175
2.1884757056 1.6590478210 1.1851137678
1.2978283863 0.8991651947 1.5862032070
0.3641594124 0.7100151968 2.8507169061
1.6818852837 0.3302791058 2.6866654190
0.3454395512 0.8492086111 3.1608873841
0.3059307651 0.7511891832 4.2364540168
1.1580027451 0.5768153604 2.9711344023
1.0331403768 0.9647861839 2.4930179924
0.3322552787 1.8692543417 2.2920948222
1.7167234386 1.5065900846 1.2075740536
0.3322552787 1.5513862185 2.6589224824
0.6309923311 1.1859201011 2.8183821566
0.2380101414 1.8017122347 4.6679583450
0.3577665203 3.5509006320 1.9384769424
0.2494611198 1.8161489725 3.6451572309
0.9347251404 0.7046546823 4.4051786695
0.2003178455 3.3385204822 3.3470703954
0.2190590492 1.9985787441 4.3872190846
0.2095882372 2.0259085199 2.1810332845
1.4523176066 2.4166684444 1.1843593375
0.2519855002 2.0457196089 2.1635455568
0.1800197059 2.6050237451 3.8010501766
0.2471148795 1.1433986394 4.0119248415
