0.8772073743 0.0000000000
0.0000096752 0.0000000000
0.5443647445 0.0000000000
0.8496804042 0.0000000000
0.7107269609 0.0000000000
0.5137626256 0.0000000000
0.6820088469 0.0000000000
0.3782621630 0.0000000000
0.3441665514 0.0000000000
0.2130259461 0.0000000000
0.1701650118 0.0000000000
0.0548835376 0.0000000000
0.3514525690 0.0000000000
0.3617125777 0.0000000000
0.0136859614 0.0000000000
0.8659223969 0.0000000000
0.1818913970 0.0000000000
0.3482080832 0.0000000000
0.6938085124 0.0000000000
0.3443224914 0.0000000000
0.3537194784 0.0000000000
0.5318824743 0.0000000000
0.8608436034 0.0000000000
0.8724498464 0.0000000000
0.6879028458 0.0000000000
0.6869401644 0.0000000000
0.8584312298 0.0000000000
0.5352159095 0.0000000000
0.8679030856 0.0000000000
0.1949756061 0.0000000000
0.5179256147 0.0000000000
0.6977866829 0.0000000000
0.0475721418 0.0000000000
0.1729182240 0.0000000000
0.8635888810 0.0000000000
0.6905595801 0.0000000000
0.8572222485 0.0000000000
0.5210125619 0.0000000000
0.3483826997 0.0000000000
0.8515259245 0.0000000000
0.6964239770 0.0000000000
0.8530471675 0.0000000000
0.6930201235 0.0000000000
0.0269511208 0.0000000000
0.1924913759 0.0000000000
0.3647119914 0.0000000000
0.2011307551 0.0000000000
0.3577446083 0.0000000000
0.7034533131 0.0000000000
0.1770377645 0.0000000000
0.0377485715 0.0000000000
0.8538025812 0.0000000000
0.5352159095 0.0000000000
0.1756164646 0.0000000000
0.3737504009 0.0000000000
0.8593385813 0.0000000000
0.0000096752 0.0000000000
0.6844733843 0.0000000000
0.5173706876 0.0000000000
0.5198504065 0.0000000000
0.5245875556 0.0000000000
0.6916469881 0.0000000000
0.1883270536 0.0000000000
0.8553054081 0.0000000000
0.0377485715 0.0000000000
0.6831410051 0.0000000000
0.5266043524 0.0000000000
0.5287776855 0.0000000000
0.3700602632 0.0000000000
0.8506669991 0.0000000000
0.8617728661 0.0000000000
0.8633103555 0.0000000000
0.6997747719 0.0000000000
0.6844733843 0.0000000000
0.6856906461 0.0000000000
0.6831410051 0.0000000000
0.6820088469 0.0000000000
0.6996561719 0.0000000000
0.6856906461 0.0000000000
0.5152753491 0.0000000000
0.5266043524 0.0000000000
0.8515259245 0.0000000000
0.6892374917 0.0000000000
0.8566509191 0.0000000000
0.8694983685 0.0000000000
0.8555917839 0.0000000000
0.3570655748 0.0000000000
0.8506669991 0.0000000000
0.2011307551 0.0000000000
0.2066265458 0.0000000000
0.6892374917 0.0000000000
0.7023670151 0.0000000000
0.1705488632 0.0000000000
0.3556180826 0.0000000000
0.1883270536 0.0000000000
0.1847177852 0.0000000000
0.8544090217 0.0000000000
0.5240998385 0.0000000000
0.6964239770 0.0000000000
0.0255344667 0.0000000000
