0.0000000039 0.0000000000
0.8772049565 0.0000000000
0.5443616227 0.0000000000
0.6820053965 0.0000000000
0.3782720053 0.0000000000
0.8496817660 0.0000000000
0.7107254222 0.0000000000
0.5137575513 0.0000000000
0.2130188444 0.0000000000
0.3441693348 0.0000000000
0.1701502452 0.0000000000
0.0548945681 0.0000000000
0.8555060888 0.0000000000
0.3493050225 0.0000000000
0.6898215711 0.0000000000
0.3545361462 0.0000000000
0.5165423395 0.0000000000
0.8520528758 0.0000000000
0.6878896959 0.0000000000
0.1952981602 0.0000000000
0.8532757645 0.0000000000
0.6837607811 0.0000000000
0.3698593598 0.0000000000
0.0229190070 0.0000000000
0.6846327280 0.0000000000
0.1880558129 0.0000000000
0.7032496284 0.0000000000
0.6920170021 0.0000000000
0.3473917905 0.0000000000
0.7054888127 0.0000000000
0.5188036941 0.0000000000
0.5363116875 0.0000000000
0.8593377129 0.0000000000
0.5312441687 0.0000000000
0.6825300788 0.0000000000
0.3567549421 0.0000000000
0.3635789140 0.0000000000
0.8639928117 0.0000000000
0.8570077621 0.0000000000
0.1984329142 0.0000000000
0.8509106290 0.0000000000
0.1731022011 0.0000000000
0.8663475659 0.0000000000
0.8618185076 0.0000000000
0.3727574278 0.0000000000
0.8532757645 0.0000000000
0.8496817660 0.0000000000
0.7008095528 0.0000000000
0.8509106290 0.0000000000
0.5232717037 0.0000000000
0.5253726297 0.0000000000
0.3462371389 0.0000000000
0.3603741484 0.0000000000
0.5363116875 0.0000000000
0.1880558129 0.0000000000
0.1821687854 0.0000000000
0.3441693348 0.0000000000
0.8695973640 0.0000000000
0.8671933336 0.0000000000
0.6982182179 0.0000000000
0.5273394440 0.0000000000
0.5137575513 0.0000000000
0.8584801783 0.0000000000
0.5152291149 0.0000000000
0.5327780843 0.0000000000
0.6972093930 0.0000000000
0.5270974345 0.0000000000
0.5188036941 0.0000000000
0.1809087811 0.0000000000
0.3653237927 0.0000000000
0.8695973640 0.0000000000
0.6866957033 0.0000000000
0.3611926002 0.0000000000
0.0159212172 0.0000000000
0.8604967722 0.0000000000
0.0388636603 0.0000000000
0.0304366613 0.0000000000
0.3545361462 0.0000000000
0.5203014032 0.0000000000
0.0078799207 0.0000000000
0.6868600816 0.0000000000
0.2095062438 0.0000000000
0.5216913325 0.0000000000
0.1760171788 0.0000000000
0.6920170021 0.0000000000
0.6934297554 0.0000000000
0.5152291149 0.0000000000
0.8635587255 0.0000000000
0.1758856388 0.0000000000
0.3577916007 0.0000000000
0.7008095528 0.0000000000
0.8580654867 0.0000000000
0.8603054423 0.0000000000
0.1845175820 0.0000000000
0.6934297554 0.0000000000
0.6948640669 0.0000000000
0.0304366613 0.0000000000
0.0530294197 0.0000000000
0.6856581138 0.0000000000
0.5215208403 0.0000000000
