0.8772102400 0.0000000000
0.0000009740 0.0000000000
0.8496769644 0.0000000000
0.3782464907 0.0000000000
0.3441802259 0.0000000000
0.5137542620 0.0000000000
0.6820052597 0.0000000000
0.7107297860 0.0000000000
0.5443485229 0.0000000000
0.2130154170 0.0000000000
0.0548714664 0.0000000000
0.1701526086 0.0000000000
0.6869143430 0.0000000000
0.1935771630 0.0000000000
0.8529865005 0.0000000000
0.6885563683 0.0000000000
0.3635345485 0.0000000000
0.3709067360 0.0000000000
0.0327106203 0.0000000000
0.1741716000 0.0000000000
0.3463342444 0.0000000000
0.5297630060 0.0000000000
0.5260087054 0.0000000000
0.5207132947 0.0000000000
0.8505849321 0.0000000000
0.5237633816 0.0000000000
0.5297630060 0.0000000000
0.5147343696 0.0000000000
0.5169589941 0.0000000000
0.8636760625 0.0000000000
0.6854590137 0.0000000000
0.8625006187 0.0000000000
0.3477627696 0.0000000000
0.6822587534 0.0000000000
0.6838765376 0.0000000000
0.3492208041 0.0000000000
0.8566237863 0.0000000000
0.5339335809 0.0000000000
0.8556830801 0.0000000000
0.5347422752 0.0000000000
0.8593327858 0.0000000000
0.3523849509 0.0000000000
0.6949270575 0.0000000000
0.6928434600 0.0000000000
0.1886277345 0.0000000000
0.5198328336 0.0000000000
0.6974631021 0.0000000000
0.8542330324 0.0000000000
0.0433595814 0.0000000000
0.6908168388 0.0000000000
0.5178517425 0.0000000000
0.3570501231 0.0000000000
0.8649163400 0.0000000000
0.1762629718 0.0000000000
0.7003753705 0.0000000000
0.0409493691 0.0000000000
0.8682500275 0.0000000000
0.0201030614 0.0000000000
0.3598445636 0.0000000000
0.1779801894 0.0000000000
0.6998438208 0.0000000000
0.5390256309 0.0000000000
0.8542330324 0.0000000000
0.8735126511 0.0000000000
0.8572706853 0.0000000000
0.8601601965 0.0000000000
0.2043699275 0.0000000000
0.5260087054 0.0000000000
0.1822913667 0.0000000000
0.6848591453 0.0000000000
0.8670941781 0.0000000000
0.6924469980 0.0000000000
0.1827103845 0.0000000000
0.3709067360 0.0000000000
0.1701526086 0.0000000000
0.7061285629 0.0000000000
0.3635345485 0.0000000000
0.3607378641 0.0000000000
0.2000035875 0.0000000000
0.2105010765 0.0000000000
0.8614960040 0.0000000000
0.5240462516 0.0000000000
0.8521590898 0.0000000000
0.8512286535 0.0000000000
0.1972510511 0.0000000000
0.8579098350 0.0000000000
0.0135339331 0.0000000000
0.1857502302 0.0000000000
0.8698668692 0.0000000000
0.8556830801 0.0000000000
0.3492208041 0.0000000000
0.3548961045 0.0000000000
0.3568433434 0.0000000000
0.6838765376 0.0000000000
0.6895233796 0.0000000000
0.6906755728 0.0000000000
0.8521590898 0.0000000000
0.0114576965 0.0000000000
0.1886277345 0.0000000000
0.1857502302 0.0000000000
