0.8772195803 0.0000000000
0.0000001887 0.0000000000
0.8496799455 0.0000000000
0.3441674693 0.0000000000
0.5137512789 0.0000000000
0.7107289856 0.0000000000
0.5443647010 0.0000000000
0.6820057178 0.0000000000
0.3782697562 0.0000000000
0.2130288163 0.0000000000
0.1701505259 0.0000000000
0.0548700716 0.0000000000
0.6843139555 0.0000000000
0.5170091237 0.0000000000
0.3716835382 0.0000000000
0.6878739456 0.0000000000
0.5310902301 0.0000000000
0.6863171253 0.0000000000
0.5342821294 0.0000000000
0.5289474699 0.0000000000
0.6922806168 0.0000000000
0.6830187726 0.0000000000
0.1776564080 0.0000000000
0.1862885794 0.0000000000
0.8648682597 0.0000000000
0.8681628845 0.0000000000
0.8703222972 0.0000000000
0.6962625433 0.0000000000
0.5266249843 0.0000000000
0.8508499084 0.0000000000
0.0406213814 0.0000000000
0.5237269648 0.0000000000
0.3639766056 0.0000000000
0.6899210744 0.0000000000
0.7033746020 0.0000000000
0.5201370094 0.0000000000
0.1964569360 0.0000000000
0.8583141653 0.0000000000
0.8536916951 0.0000000000
0.7070014308 0.0000000000
0.6945354102 0.0000000000
0.3466457743 0.0000000000
0.8567025725 0.0000000000
0.1917175573 0.0000000000
0.8551502320 0.0000000000
0.1980575089 0.0000000000
0.1897400089 0.0000000000
0.1828856444 0.0000000000
0.6868720430 0.0000000000
0.6990211129 0.0000000000
0.5150279948 0.0000000000
0.8584600468 0.0000000000
0.3531212697 0.0000000000
0.3612998467 0.0000000000
0.3576766007 0.0000000000
0.5189434117 0.0000000000
0.8512744148 0.0000000000
0.1828856444 0.0000000000
0.2037805713 0.0000000000
0.1725649715 0.0000000000
0.8598422131 0.0000000000
0.6978895938 0.0000000000
0.6908218950 0.0000000000
0.2030501677 0.0000000000
0.0485350667 0.0000000000
0.3507673273 0.0000000000
0.2118562918 0.0000000000
0.8609298954 0.0000000000
0.5217014109 0.0000000000
0.3491049991 0.0000000000
0.8557786699 0.0000000000
0.5372748616 0.0000000000
0.5403076474 0.0000000000
0.6914405587 0.0000000000
0.5255651788 0.0000000000
0.6947468702 0.0000000000
0.0322351254 0.0000000000
0.0238167200 0.0000000000
0.3468703762 0.0000000000
0.8526347785 0.0000000000
0.5217014109 0.0000000000
0.3533384919 0.0000000000
0.0327568608 0.0000000000
0.3620060908 0.0000000000
0.5146251945 0.0000000000
0.7010909383 0.0000000000
0.8541596160 0.0000000000
0.3485845813 0.0000000000
0.6820555765 0.0000000000
0.8732894253 0.0000000000
0.8519858929 0.0000000000
0.8633701099 0.0000000000
0.1764369406 0.0000000000
0.3507673273 0.0000000000
0.1748765156 0.0000000000
0.3738384688 0.0000000000
0.8598422131 0.0000000000
0.8646507264 0.0000000000
0.7017096020 0.0000000000
0.3557455540 0.0000000000
