1.0000000000 0.0000000000
0.1796087504 0.9999999651
0.9237793528 0.5474333867
0.4924038853 0.9991620565
0.8501691208 0.8027335323
0.9970256877 0.0293481703
0.7929491755 0.9017226315
0.5349894990 0.9980793308
0.9161691561 0.5833641214
0.9699073349 0.2632800393
0.6320039688 0.9898328775
0.9855076986 0.1358279980
0.7170549401 0.9640644479
0.9594443969 0.3390050990
0.2864531760 0.9999962801
0.9943039894 0.0555220588
0.2109099649 0.9999998258
0.8948965758 0.6705963076
0.6560920292 0.9852209127
0.9036853612 0.6367777269
0.9740380955 0.2312954910
0.4387594673 0.9997355978
0.8409034323 0.8232085525
0.9832171105 0.1557048828
0.9001551306 0.6507200857
0.7707890243 0.9259789538
0.9906058313 0.0900682867
0.5926408532 0.9946553920
0.7013493099 0.9712032341
0.4013574411 0.9998915291
0.9878602939 0.1149754915
0.8756457284 0.7349765310
0.8925761509 0.6790386146
0.8646765844 0.7663654949
0.7552116704 0.9396486589
0.2027961732 0.9999998823
0.8414782225 0.8219963904
0.6791801108 0.9791142731
0.8024738247 0.8892626689
0.8756457284 0.7349765310
0.2362332600 0.9999994587
0.9412054836 0.4544375289
0.5560940458 0.9971719802
0.7443442539 0.9477918383
0.9375834975 0.4750722325
0.8585308843 0.7824499294
0.8216981405 0.8596788803
0.9564877109 0.3590945787
0.3865073878 0.9999255991
0.8821439947 0.7146388678
0.9887858163 0.1066486866
0.1845530796 0.9999999542
0.9771146397 0.2066675810
0.6791801108 0.9791142731
0.8669900601 0.7600387122
0.9994536544 0.0054500432
0.3442317138 0.9999766381
0.3668736777 0.9999558261
0.9330279383 0.5000270789
0.7013493099 0.9712032341
0.4176299916 0.9998385951
0.8872151803 0.6978033540
0.9556770348 0.3645059347
0.9515755575 0.3912586811
0.5488541009 0.9975193292
0.3079003200 0.9999923422
0.9657178403 0.2944910221
0.9312661689 0.5093878924
0.4233917514 0.9998148925
0.7717446524 0.9250561002
0.5730617730 0.9961804307
0.6222431565 0.9912983565
0.9921182513 0.0760799517
0.8880280278 0.6950232507
0.9375834975 0.4750722325
0.9278079970 0.5273048843
0.8069463186 0.8829297768
0.9811790439 0.1730435487
0.7948335962 0.8993619631
0.3668736777 0.9999558261
0.9442593042 0.4364755963
0.8585308843 0.7824499294
0.7717446524 0.9250561002
0.9930360614 0.0674970836
0.9682466490 0.2757974890
0.8821439947 0.7146388678
0.9128564482 0.5981861739
0.3222758817 0.9999879141
0.9092428525 0.6138118371
0.8297452245 0.8453152088
0.9639971702 0.3069611344
0.3370524445 0.9999828757
0.9088209772 0.6155999570
0.5729254355 0.9961895082
0.9785931909 0.1945809530
0.9619929749 0.3212356796
0.4546963866 0.9996222408
0.6625920824 0.9836896823
0.9818931291 0.1670053539
0.9462371840 0.4245599252
