0.1796087594 0.9999999651
1.0000000000 0.0000000000
0.3590124567 0.9999644291
0.5026909302 0.9989695890
0.7340736881 0.9545643677
0.9347857522 0.4905273865
0.3331336032 0.9999831661
0.9425895717 0.4463614702
0.9522648823 0.3868345344
0.7189601406 0.9630981503
0.2003161273 0.9999998960
0.8272098711 0.8499772637
0.9239815261 0.5464419481
0.9460324941 0.4258035051
0.4003109995 0.9998943243
0.4326001514 0.9997704556
0.8608511117 0.7764984978
0.7866634662 0.9101307790
0.2760692568 0.9999974285
0.7960390377 0.8978252321
0.9196321754 0.5673451503
0.2299282785 0.9999995870
0.6901022451 0.9755017872
0.9826142472 0.1608674495
0.5308074221 0.9982242989
0.8039601359 0.8871906363
0.2919069074 0.9999955080
0.9574340199 0.3527254236
0.9622303419 0.3195590014
0.7647753759 0.9315554360
0.9483290925 0.4117109851
0.8093926116 0.8793319327
0.3821478126 0.9999335777
0.8942788602 0.6728630155
0.9941480983 0.0570018063
0.8722337259 0.7451241122
0.9969062480 0.0305103452
0.9063070768 0.6261015098
0.6720753242 0.9811990626
0.7499464051 0.9437267140
0.7499464051 0.9437267140
0.6375190210 0.9889100020
0.5743115237 0.9960963101
0.6901022451 0.9755017872
0.5984670020 0.9941061091
0.9795242996 0.1868846826
0.8779119862 0.7280370236
0.9744628289 0.2279369378
0.9143407425 0.5916047135
0.9919658494 0.0774982291
0.9892549256 0.1024013035
0.2458572570 0.9999991931
0.2617191848 0.9999984922
0.9611216165 0.3273588223
0.9727505326 0.2413966215
0.9696207641 0.2654538755
0.6758791189 0.9801074576
0.8433947998 0.8179003172
0.9883156017 0.1108879167
0.9010964711 0.6470502417
0.7189601406 0.9630981503
0.3132159851 0.9999909126
0.4419566350 0.9997156871
0.6230602545 0.9911834133
0.5675540536 0.9965320542
0.6553216911 0.9853935246
0.8840126085 0.7085362200
0.8645499877 0.7667073321
0.8986801517 0.6564013098
0.9680241319 0.2774600914
0.8309011206 0.8431467770
0.8921048820 0.6807292294
0.9768129827 0.2091133742
0.8541901063 0.7932024598
0.9425895717 0.4463614702
0.9655566375 0.2956678112
0.4661309562 0.9995157390
0.8722337259 0.7451241122
0.6094656774 0.9929288096
0.9280261101 0.5261924758
0.7894994528 0.9059154453
0.9592291534 0.3438798665
0.4834506990 0.9993025358
0.3040908074 0.9999932387
0.5483314447 0.9975428509
0.9343552679 0.4928687363
0.9919658494 0.0774982291
0.8890274856 0.6915733616
0.9845690721 0.1440233988
0.5483314447 0.9975428509
0.3856167932 0.9999272958
0.9768129827 0.2091133742
0.8309011206 0.8431467770
0.9103199439 0.6092125782
0.9069453519 0.6234599346
0.9651877029 0.2983544088
0.4834506990 0.9993025358
0.5308074221 0.9982242989
0.9950952603 0.0479788940
0.9179448838 0.5752180482
