1.0000000000 0.0000000000
0.1796087553 0.9999999651
0.9313502478 0.5089447661
0.6732217072 0.9808758955
0.9368715952 0.4790443908
0.7867388866 0.9091539250
0.6984794961 0.9723600904
0.2946105441 0.9999950741
0.7448995982 0.9474010106
0.9566265461 0.3581636896
0.8736336428 0.7410037359
0.3247391578 0.9999869579
0.9736846791 0.2340800801
0.2658103963 0.9999982392
0.9495460812 0.4041177383
0.9551748561 0.3678373740
0.8879598940 0.6952571626
0.9813835843 0.1713180256
0.9089010951 0.6152609512
0.7684209663 0.9282218831
0.8376876177 0.8298543071
0.9279115216 0.5267771873
0.9871373086 0.1214314303
0.3434242741 0.9999771803
0.3066196237 0.9999926549
0.9461645078 0.4250017420
0.9429029026 0.4445183377
0.5124311371 0.9987515961
0.9989514195 0.0104364643
0.8987853037 0.6559990633
0.9964831098 0.0346175066
0.9609753243 0.3283819479
0.9695592462 0.2659197772
0.9252769061 0.5400430049
0.8824829056 0.7135406415
0.6611369765 0.9840443510
0.2212904884 0.9999997184
0.1925637140 0.9999999299
0.8053161195 0.8852734533
0.9177133180 0.5762884105
0.9842377137 0.1468998437
0.9671531603 0.2839348254
0.9038846257 0.6359760189
0.2383145507 0.9999994091
0.8663285683 0.7618632839
0.6170119957 0.9920028347
0.4909431324 0.9991865855
0.8716425303 0.7468463884
0.8433049656 0.8180941878
0.6392592005 0.9886035426
0.5680021901 0.9965045741
0.9936334362 0.0618722717
0.8824829056 0.7135406415
0.9860277195 0.1312571542
0.7684209663 0.9282218831
0.9644191429 0.3039214979
0.9783970410 0.1961938849
0.9766849371 0.2101494979
0.9828102795 0.1591918701
0.8216043112 0.8598390299
0.9222102349 0.5550621229
0.7912926678 0.9037564984
0.9127728203 0.5985541284
0.7095585351 0.9676494042
0.8017014911 0.8903201334
0.3706459405 0.9999510681
0.7277370616 0.9583375382
0.5323123267 0.9981733084
0.5525750825 0.9973459263
0.8297254143 0.8453521358
0.5799620147 0.9956947785
0.9495460812 0.4041177383
0.8961429131 0.6659797887
0.5271063170 0.9983442979
0.9609753243 0.3283819479
0.8297254143 0.8453521358
0.9897906002 0.0975290087
0.9445641930 0.4346534048
0.2071254461 0.9999998547
0.9658915854 0.2932206925
0.9394163764 0.4647196908
0.9695592462 0.2659197772
0.4440966229 0.9997016166
0.8136935697 0.8727643422
0.8589058155 0.7814979925
0.4739609308 0.9994279613
0.2466187810 0.9999991677
0.9050153708 0.6313964163
0.9944758822 0.0538879985
0.3771856403 0.9999417157
0.4463543712 0.9996860952
0.4039715085 0.9998842536
0.9917317112 0.0796733406
0.9913314513 0.0833810120
0.4276358376 0.9997954776
0.7209109083 0.9620845714
0.8509460370 0.8009234067
0.3990111042 0.9998977061
0.5525750825 0.9973459263
0.8136935697 0.8727643422
