0.1999983556 0.0000000010
0.0489889343 0.0000000003
0.0174394274 0.0000000017
0.0283678284 0.0000000570
0.0816939305 0.0000000147
0.2328108478 0.0000000003
0.0275649241 0.0000000604
0.0577003399 0.0000000065
0.0723237722 0.0000000063
0.0834768984 0.0000000027
0.0208338257 0.0000000799
0.0391737664 0.0000010431
0.1149223915 0.0000000009
0.0415447680 0.0000000013
0.1179028295 0.0000000005
0.1813999492 0.0000000006
0.1226942745 0.0000000011
0.1853347860 0.0000000013
0.1212962955 0.0000000063
0.0731793306 0.0000001195
0.0759872336 0.0000000376
0.0810076246 0.0000000002
0.1866959768 0.0000000011
0.0385050286 0.0000000027
0.0581772143 0.0000000010
0.0162856587 0.0000000454
0.0821928937 0.0000007917
0.1412419621 0.0000000116
0.1064144454 0.0000000202
0.1219916836 0.0000000056
0.0078936614 0.0000000063
0.0839408467 0.0000001684
0.0849730678 0.0000000006
0.1200688644 0.0000000049
0.1230357539 0.0000000007
0.2555057318 0.0000000010
0.0541218224 0.0000000007
0.0461534553 0.0000000189
0.1272051257 0.0000000056
0.2233546767 0.0000000003
0.1859660059 0.0000000013
0.0846653444 0.0000010265
0.0192127892 0.0000000725
0.0428885832 0.0000000721
0.1239970791 0.0000002097
0.1623754975 0.0000000010
0.0338315137 0.0000000004
0.1747406969 0.0000007582
0.0762410169 0.0000012451
0.0294178371 0.0000000063
0.1599688938 0.0000000095
0.0899981044 0.0000000056
0.1230357539 0.0000000019
0.2140024970 0.0000002615
0.0731793306 0.0000001195
0.0145258783 0.0000112670
0.0862757801 0.0000000102
0.1144360876 0.0000000049
0.1132911704 0.0000000009
0.0752863651 0.0000000002
0.1203099714 0.0000000003
0.0243519274 0.0000000010
0.1210185464 0.0000000002
0.0272053625 0.0000000180
0.0744645217 0.0000009588
0.0375758848 0.0000000032
0.2368094292 0.0000000003
0.0326061083 0.0000000012
0.0661644711 0.0000000095
0.2299702310 0.0000011208
0.0311979741 0.0000000037
0.1179028295 0.0000000005
0.0196539217 0.0000000376
0.0327598205 0.0000006231
0.0839408467 0.0000001684
0.2299702310 0.0000011208
0.5179143435 0.0000000017
0.0823364382 0.0000006999
0.0531422228 0.0000000056
0.0845102030 0.0000000033
0.0819004302 0.0000000056
0.0849730678 0.0000000006
0.0352432170 0.0000000079
0.1715259990 0.0000000010
0.1244190197 0.0000164875
0.1537264733 0.0000006170
0.0424578010 0.0000000011
0.1215683342 0.0000000019
0.1098414881 0.0000000002
0.0373591826 0.0000006502
0.0351742329 0.0000008601
0.0615876695 0.0000000003
0.1109387077 0.0000000112
0.2123149528 0.0000000012
0.0357500045 0.0000008601
0.0714864802 0.0000000376
0.1248596580 0.0000000005
0.0614267911 0.0000000010
0.0661644711 0.0000000095
0.1715259990 0.0000000010
