0.0000213959 0.0000000000 1.0000000545
0.0000000009 0.0000181610 1.0000000160
0.8947567140 0.4465539728 0.0000024298
0.9450375506 0.2319938681 0.2340748991
0.8528483417 0.4974675761 0.1586789840
0.4069967898 0.8254719599 0.3924753491
0.5249492456 0.7784309641 0.3442005581
0.4826541098 0.3033133847 0.8217106080
0.6180369011 0.6417498854 0.4540866339
0.2496159146 0.3514029905 0.9035704813
0.0339855586 0.9329121546 0.3585948081
0.1523147479 0.9572510627 0.2459165404
0.6952036024 0.7181621387 0.0306327682
0.8618453579 0.2076804732 0.4682360157
0.7613823957 0.6466664253 0.0882330283
0.4790373977 0.3875764028 0.7876185761
0.5455725853 0.7511197633 0.3747171059
0.5623219761 0.8472932773 0.0522812380
0.6239557610 0.0174719550 0.7813296419
0.2274185498 0.7075803679 0.6690454691
0.7066583291 0.6127206218 0.3538481164
0.8990215783 0.2840592583 0.3357791875
0.1186136303 0.9600185306 0.2541762128
0.3829447115 0.8229534692 0.4220887034
0.9246223071 0.3545576155 0.1392031408
0.8431443661 0.2520248080 0.4749983519
0.0239960930 0.8041605186 0.6260174757
0.3380063685 0.8360075709 0.4322539448
0.0877209799 0.5274930929 0.8450208191
0.3935548289 0.8648299780 0.3117467778
0.5787810036 0.3707844060 0.7263247024
0.6748910746 0.6660536756 0.3176413661
0.0564948999 0.0554545715 0.9968695475
0.1992106913 0.1313549926 0.9752250456
0.7886979267 0.4282647178 0.4410762946
0.1808545073 0.6494417821 0.7385955536
0.7444867774 0.5876591526 0.3173182470
0.1766031944 0.6936957497 0.6982829730
0.3335756869 0.0902926056 0.9385453590
0.2660742867 0.3878684033 0.8836629280
0.3526826328 0.0946534357 0.9310559751
0.8756247156 0.4334671579 0.2130559331
0.7161739457 0.6268817061 0.3067814121
0.7725277287 0.6350055546 0.0128183412
0.2857906217 0.0831929879 0.9547182583
0.3614058351 0.1382939919 0.9221387213
0.6367691078 0.7476506666 0.1885684346
0.9287582791 0.0670086939 0.3645806927
0.3570522111 0.2955769468 0.8862657617
0.0111334131 0.3731045424 0.9491765222
0.3136295893 0.2416538219 0.9182881839
0.3005312650 0.3816613360 0.8740802997
0.8056418063 0.4007027128 0.4363286368
0.4098001075 0.8956038970 0.1730965630
0.6999794111 0.1683947195 0.6940291594
0.4158505852 0.0004508294 0.9102327780
0.0494406783 0.7883325621 0.6146279771
0.2478123057 0.9230060579 0.2943733903
0.9308670307 0.0238456146 0.3645806792
0.7662376049 0.4067947582 0.4973942200
0.3721199475 0.3963170542 0.8393222185
0.2123755235 0.4719371226 0.8556718246
0.4515843657 0.6743335499 0.5844208274
0.8577793898 0.1188751483 0.5001014738
0.3205112327 0.9654122647 0.0522973224
0.1614202659 0.7494276131 0.6421148238
0.2441739542 0.9094545898 0.3365594764
0.7072367837 0.7064219391 0.0306350817
0.5931919803 0.5762210320 0.5622530984
0.4477310784 0.7001075547 0.5563191730
0.0650758309 0.1609552138 0.9848151657
0.0740086913 0.5215210215 0.8500437616
0.2255197869 0.0437022455 0.9767370321
0.1009625010 0.9832437398 0.1517854410
0.7755233600 0.5611652731 0.2892374163
0.8136741007 0.1851837720 0.5511510600
0.5572443869 0.3348259641 0.7598622414
0.2944206109 0.7650805712 0.5734227123
0.3889836735 0.2620377625 0.8843431152
0.6791868347 0.1755998218 0.7126981826
0.7836597627 0.5800153004 0.2223991381
0.7232833135 0.6353433343 0.2710239234
0.6334171717 0.5580193072 0.5361052779
0.0769413900 0.0395378765 0.9977602981
0.4302586581 0.8741339132 0.2255193600
0.7334380266 0.1530024273 0.6624676023
0.8921473740 0.3337458759 0.3044842396
0.5914157695 0.3788786146 0.7118250445
0.2067041916 0.7718419143 0.6012806838
0.4561668180 0.7132983410 0.5320899411
0.8401091981 0.5470428677 0.0544217049
0.5080450215 0.8721377609 0.1098840302
0.9064026904 0.3714314728 0.2011794759
0.6499590411 0.4647798302 0.6012809108
0.4936310243 0.6597160435 0.5666986451
0.4371562267 0.2005981356 0.8767300630
0.5142466012 0.7679046539 0.3821948134
0.1445362699 0.7335561708 0.6641162630
0.9976438113 0.0061239731 0.0683506866
0.7503899308 0.5688972727 0.3365595873
