0.1000005083 46.1887236381 -22.7127738680
99.5919024676 99.5844260512 -116.1276799188
20.9349529704 0.1002763176 -11.3059252855
94.2365749037 86.9299941589 -104.7680150779
37.6033349344 98.8215755162 -64.7262147343
42.2222297587 77.5711606264 -67.7249823956
25.5379243802 64.2913404098 -50.1814645095
39.5395564228 12.3460023366 -26.7234748050
71.6161993131 74.9044738893 -84.3692189202
80.8532785659 31.5370057120 -57.2061675606
60.2962972675 53.5422735276 -63.1551568292
54.9346922579 7.7298255998 -34.4085489253
92.9328074408 66.3087611463 -91.4218480016
47.6466650189 62.3374416083 -58.5915928834
16.1237962937 16.9902120269 -14.0423850554
8.8752739259 4.0700176816 -4.6504017130
74.3065989922 89.5931013721 -94.1026823057
95.5228703023 22.2694208189 -61.3320700322
42.2222297741 15.6896829566 -30.4644153967
71.6556234143 10.2691387607 -44.8330986758
28.8020771247 56.9168133216 -43.5743557399
20.0638537340 44.9366264189 -29.4032698595
24.6671446113 88.9156725706 -52.5030876335
94.2365966764 60.2661968603 -89.0308388623
65.5984920659 18.2218491187 -47.9195973553
61.6708277662 74.9044738871 -74.8372793988
84.9195644561 85.6382230145 -97.7928699072
22.9792543594 34.2417081351 -31.7798018743
5.9160185321 96.8500177557 -47.8044116513
68.2964991873 24.3426632790 -51.0507492281
2.1885210783 4.7906117331 -1.7233565523
98.9023440647 91.6289991879 -109.1837297502
85.5511804236 72.2269515693 -87.7868711171
11.3964496801 82.9880131357 -46.9797739624
57.5850660539 89.5931027774 -85.5916155572
96.9234295799 96.9558113309 -112.6363400074
22.3477147669 43.6052321221 -35.9971695907
51.5864103631 51.6075407339 -59.5973318351
43.5693775786 70.2013923696 -61.7560014863
66.2537250339 50.8779542746 -65.9260066092
52.3195305707 88.9156725783 -80.0677132583
90.3466957984 42.3028014287 -69.2892220646
90.3466958097 40.9010583721 -68.6238824390
92.9328072988 69.0351159060 -85.8803522193
18.1268992750 72.2605239843 -48.2443526897
18.1046538402 47.6302492842 -32.0585839323
49.7539706759 2.8963654680 -17.0243661730
53.5121032503 82.9654949700 -73.2690933426
83.8638224458 1.7867448973 -38.8260670198
77.0200498573 48.8939389292 -65.0994854523
12.9195002503 4.1749705906 -8.5242265532
88.9328420388 60.7840294148 -72.3122773268
34.2718634009 60.2662133442 -54.7100756955
79.5090141637 88.9156731211 -89.8953642192
31.6690595830 24.4551815726 -21.4657830588
98.2976741469 80.9777851343 -101.4789984939
70.2600390240 67.0216036984 -73.4754733036
20.7377895042 37.6324228148 -25.1123431328
74.9235681236 89.5931006448 -95.9073620487
12.0950336687 38.7999513323 -17.3273998025
15.3689802468 91.6289992412 -53.9990309664
56.2152759350 39.6951995478 -49.2274766589
98.9488696128 80.9777850677 -102.7808400619
20.9349530116 29.7596090441 -20.6475747490
88.9328420021 19.0567574597 -59.2881808581
70.9761313063 8.7774780751 -42.0079007066
45.5720980304 23.5317894143 -37.8562899363
21.6012493698 56.1883571558 -40.4768274072
98.9023441181 36.8991568143 -77.3009063990
82.2014575882 41.5704476046 -67.0811665473
86.2752082757 79.6260304826 -96.0888914151
78.2405217726 8.7774780784 -47.2815444873
29.7108935223 56.9164960309 -45.4824821544
88.9332050494 49.5614115703 -79.7090867198
48.9899299137 38.7999515509 -40.8265356133
86.2752117497 20.1946421853 -60.3721184061
14.3234453865 31.7071529939 -21.1206692107
45.5720980293 6.2964559572 -28.9856827186
6.9350664591 4.8709971359 -5.6188050172
31.4880593557 1.2411716127 -12.8517269495
61.6708290775 84.3119284588 -78.9774825090
29.6802827925 90.3220414395 -63.8874666039
43.5693776707 88.9156726689 -76.2431751832
47.6466650206 5.7520285562 -27.6555675631
86.9118948731 4.7598855018 -51.0438486338
2.4245076347 68.9174480221 -40.1645175960
8.0866641591 13.4970842743 -7.2564871436
29.6802903260 56.9168133417 -47.4520849087
4.5105826422 1.2743487043 0.5632743226
2.6840301886 42.3028014267 -23.4391293679
97.6261489809 99.5844260556 -114.1818220137
96.9234309453 93.5872963612 -111.0884473316
20.9349529752 11.0325373341 -16.4519565977
12.8965253054 93.5956761289 -61.5354441129
0.3405363008 27.5760170699 -15.1483640385
60.2962972493 51.0970740413 -49.3438313792
92.9328074387 91.5106922049 -98.8147718994
62.2778777806 6.4825989982 -36.6650207656
12.8965253013 93.5005908761 -50.2555157409
14.8847898617 23.5317894142 -19.7428542502
