0.9999990569 0.0000476808 0.5000584000 0.4998483681 0.4999512730 0.5000813182 0.5000564542 0.4999845681 0.5000166736 0.5000773940 0.4999049660 0.5000295967
0.0000011212 0.0000915054 0.4999654574 0.4999336974 0.5000447816 0.4999823521 0.5000454292 0.4999795313 0.4999752043 0.5000236346 0.5000378764 0.5000252637
0.9999990559 0.9999113541 0.5000580336 0.4999331645 0.5000138919 0.5000900312 0.5000567773 0.4999795882 0.5000180802 0.5000652245 0.5000317198 0.4999895591
0.5790626180 0.6661739944 0.5000598255 0.4998333409 0.4989214078 0.5000069630 0.5000521667 0.4997833326 0.5000033776 0.5000673791 0.4990930343 0.5005741933
0.2473111089 0.7345998936 0.5001191788 0.4997306282 0.5012435369 0.5008437143 0.4996774925 0.4977480435 0.5006125209 0.5022033792 0.4942604973 0.5006170489
0.4605287599 0.1183688945 0.5001851542 0.5000711833 0.4989672716 0.4997761554 0.4997898925 0.5000646005 0.4999450165 0.4993562541 0.4997926442 0.4999213608
0.0906229201 0.4916376834 0.5004972782 0.4998319095 0.5009895341 0.4995316774 0.5028102789 0.5006020748 0.5252343455 0.5082001933 0.5041122027 0.5000327473
0.3888506681 0.8914437511 0.5001438187 0.4999859205 0.4895459177 0.4997623216 0.4998754120 0.5000011316 0.4996804066 0.5001177246 0.4997590223 0.5005396756
0.0430081533 0.1619790888 0.5000580336 0.4998749087 0.4999906259 0.5003798777 0.5000567773 0.5004707597 0.5000089166 0.5000663982 0.5000362408 0.5000615628
0.2262007050 0.3966996681 0.5108758375 0.5000696128 0.5010758604 0.4997963971 0.4997483577 0.4996156683 0.5004561407 0.5005127401 0.4999174495 0.5007632864
0.3637514086 0.1183688945 0.5001442210 0.4999676508 0.4989672716 0.4997761554 0.4997898925 0.5004027597 0.4999450165 0.5012035607 0.4997926442 0.5003411303
0.5494755150 0.9100919613 0.4999948286 0.4992873705 0.5013795988 0.4985062640 0.4997193392 0.4999912667 0.4999421682 0.5006010941 0.4996959401 0.5005690015
0.6742837753 0.0984575672 0.5063134755 0.4998964857 0.5019647645 0.4981830833 0.4998656948 0.5004902506 0.4998848997 0.4989857633 0.4980475940 0.5003730766
0.2825704198 0.0641620671 0.5000584000 0.4998483681 0.4999819614 0.5000820395 0.5000560395 0.5005064387 0.5000166736 0.5000773940 0.4990477576 0.5003457383
0.2959828953 0.1646031604 0.4998998858 0.5000061275 0.5000144417 0.4995690452 0.4996117991 0.4999912664 0.5000510106 0.5001505455 0.5000615150 0.4999624770
0.0038643874 0.5055962531 0.5004118006 0.4999510520 0.5000543587 0.4995373592 0.5030305581 0.5004247374 0.5002166277 0.5085079708 0.4998124074 0.5007815311
0.7730444170 0.3877273238 0.5000897255 0.4997104111 0.5008564594 0.5000453038 0.5003017593 0.4997852162 0.4999363413 0.4998928751 0.5003166051 0.5005637653
0.3207076085 0.8003983135 0.5000547790 0.4998535810 0.5007963173 0.5006960861 0.5010219978 0.5000752029 0.5002016325 0.5001155395 0.4978497802 0.4998725095
0.1436231808 0.3916817261 0.5074363516 0.5000352359 0.5000588259 0.5001483599 0.4997364194 0.5000143442 0.4997566158 0.5001027234 0.4998080988 0.5006189036
0.1982644876 0.7377882074 0.4877757849 0.4998222896 0.4990811630 0.5011092008 0.4997550589 0.4814590328 0.5003893374 0.5001996283 0.4943583794 0.5007889005
0.6312668424 0.5796471113 0.4999919603 0.4962896972 0.5001246231 0.5001168110 0.4996375185 0.5005087634 0.4997797077 0.4998319334 0.4957920764 0.5007864331
0.7206880304 0.4468721953 0.5000079227 0.4999045103 0.5013795988 0.4985062640 0.4999658271 0.4998137247 0.5004153920 0.5006479579 0.4996959401 0.5006518454
0.6007959715 0.1225356285 0.5081311321 0.4999970756 0.4999809658 0.4999648912 0.5000669604 0.5004789889 0.4993843728 0.4746935381 0.4989517118 0.5003529100
0.1160966148 0.7589448123 0.4991033367 0.4999567823 0.5013339026 0.5001168110 0.4998540301 0.4856927421 0.4998254633 0.5001470768 0.5003990105 0.5200298437
0.4432276505 0.8087292308 0.5005226564 0.4998974512 0.5008164972 0.5000859958 0.5014339953 0.5005503091 0.4999681243 0.5000901776 0.5002039141 0.5006460649
0.4990043905 0.7768700135 0.5000742764 0.4999662805 0.5014924485 0.4980336354 0.4999175401 0.5000157861 0.4999034330 0.4998791497 0.4992877548 0.4998411531
0.6942776358 0.0984575672 0.5062436752 0.5000111305 0.5019647645 0.4995703228 0.4996049038 0.5004902506 0.4998880790 0.4987617018 0.4980475940 0.4998858324
0.0713835703 0.1859784850 0.4986013027 0.4999602009 0.4980234566 0.5006712081 0.5020554009 0.5004289108 0.5001996911 0.4993505440 0.5001578144 0.5008848152
0.4900911385 0.7658707207 0.4999729067 0.4999605906 0.5007535444 0.5001483599 0.5056899905 0.5004906140 0.4998812450 0.5000205072 0.4997876886 0.5005580943
0.6572463640 0.4570966884 0.4999635663 0.4998616543 0.4998143737 0.4999840415 0.4997171592 0.5000130619 0.5000479077 0.5001136466 0.5002131744 0.5000266675
0.7553285310 0.4292691099 0.4999765598 0.4998750525 0.4972927602 0.4987480143 0.4999238777 0.4999368443 0.4999422016 0.5009156155 0.5003154968 0.5006517334
0.0315188737 0.1113202438 0.5002115147 0.4999808550 0.5008698720 0.4997972800 0.4995983013 0.5004070629 0.5000194736 0.4999952378 0.4997686005 0.5006600326
0.2671969615 0.0108674679 0.4996441150 0.5000454927 0.5001810769 0.4998892548 0.5000405248 0.5006034349 0.4999370334 0.5060160570 0.4972734193 0.5003603098
0.5283558880 0.4538035413 0.5001180422 0.4997497505 0.5012435369 0.5002836346 0.5014462169 0.5000935108 0.5006132378 0.5022033792 0.4942604973 0.5006170489
0.7094191707 0.4292691099 0.5001056689 0.4998754366 0.4972826699 0.5000900486 0.4999477370 0.4997852162 0.5003964639 0.5031377930 0.5002806612 0.5006517334
0.4307890950 0.6252808666 0.5000561933 0.4998749087 0.5000140271 0.5001641547 0.5000567773 0.5004440128 0.5003786837 0.4998887711 0.5004255977 0.5006356870
0.5094565432 0.1179487889 0.5081721033 0.4999981531 0.5007825262 0.4997953679 0.4996440306 0.5005083385 0.4999298630 0.4990603673 0.5004547324 0.5004018113
0.4521660748 0.1778422397 0.5000237301 0.5000708825 0.4978226412 0.4996536838 0.4969566426 0.5000977738 0.5032261245 0.5003087130 0.4996154367 0.5004211563
0.3091192046 0.9220425942 0.5002115147 0.4999808550 0.5000234527 0.4995517742 0.4997767648 0.4999875456 0.5002607472 0.4955631519 0.5001255961 0.5006600326
0.3543082884 0.0000476808 0.5000584000 0.4998428030 0.4999518306 0.5000813182 0.5000564542 0.4999887887 0.5000166736 0.5000773940 0.4999049660 0.5005229058
0.1026626581 0.2341067884 0.4994897264 0.4999372737 0.4863402486 0.5000390384 0.4999085588 0.5004287390 0.5005811140 0.4998130608 0.4972851240 0.5005446103
0.9017373459 0.1550042446 0.5000906079 0.4998727964 0.5002353457 0.4999893631 0.5012141071 0.5005686455 0.5001045372 0.4998672213 0.5000349044 0.4999799867
0.4510159337 0.9390616391 0.4999948286 0.4999269953 0.5013795988 0.4985191160 0.4998297023 0.4999912667 0.5000029918 0.5006010941 0.4996959401 0.5005690015
0.2552361473 0.8484914388 0.4995119338 0.4999348184 0.4998780570 0.5003892692 0.5000972117 0.5004836072 0.5000083755 0.5001029075 0.5003882535 0.5001452802
0.2104752255 0.2356599237 0.4979902115 0.5000540758 0.5000543587 0.5004046105 0.4997306761 0.4997826314 0.5001996911 0.4996587024 0.5002000935 0.5002493556
0.8089398140 0.8716863003 0.5002876040 0.4999442399 0.4993599725 0.5007567482 0.5008156370 0.5000748103 0.4999722653 0.4958965796 0.5003834908 0.5002680841
0.4771925455 0.3827821161 0.4999716105 0.5000352359 0.5000412284 0.5001483599 0.4997476682 0.5000143442 0.5000307771 0.5001027234 0.5000452161 0.5000295979
0.1629581123 0.8796912717 0.5005117235 0.5000779644 0.4995216264 0.4999356091 0.4992174549 0.5006568248 0.5002324428 0.4998791497 0.4989970685 0.5006098662
0.3388851410 0.7010652022 0.5000880845 0.4998964857 0.5019647645 0.4981830833 0.4997094539 0.5004902506 0.4998889657 0.4989857633 0.4980475940 0.4998692915
0.1770507541 0.5723734558 0.4966525500 0.4998451677 0.4993250989 0.4977933429 0.4995551721 0.5004818388 0.4997673140 0.4999965693 0.5003295121 0.5001691936
0.1898776579 0.0787302233 0.5012419127 0.4999005970 0.5005121348 0.5000835749 0.5001260215 0.5005934758 0.4999514377 0.4998909182 0.5023240429 0.5006079478
0.0218083369 0.9271645494 0.4999418100 0.5001987676 0.5000652169 0.4997013596 0.5026481160 0.5004798368 0.5002144182 0.4998405219 0.4991022355 0.5003516527
0.1555162427 0.6342540495 0.4992636406 0.4999430113 0.4283404949 0.4977807321 0.4998551891 0.5004277282 0.4999722737 0.4998207890 0.5000903790 0.5006719746
0.1222304403 0.5063623203 0.4999298945 0.4998374577 0.4982599546 0.4999819245 0.4999287808 0.5005197549 0.5252343455 0.4994161373 0.5008111250 0.5000681631
0.0880207544 0.9220425942 0.5002115147 0.5000490838 0.4997348285 0.4997848489 0.4997781290 0.5004323948 0.4999128872 0.5011919923 0.5003820812 0.5006600326
0.1825887759 0.4362334689 0.5000561578 0.4992051625 0.4990880215 0.5008395932 0.5004239299 0.5000762384 0.4999479412 0.5014223669 0.5040128299 0.5002005697
0.6859241378 0.0513321838 0.5001191788 0.4998936954 0.5020242318 0.4982870762 0.4996706896 0.5004704607 0.5006125209 0.5022191223 0.4942639679 0.5006170489
0.1504693147 0.2000537330 0.5000186782 0.4997703544 0.3788244824 0.4995900208 0.5051346598 0.5005197549 0.5252343455 0.5000575216 0.5008085300 0.5000681631
0.2999555297 0.0709935093 0.5000704401 0.4999613290 0.5007535444 0.5001483599 0.4997301780 0.5004665859 0.5005459023 0.5025213543 0.5001889379 0.5005837415
0.1555162427 0.5550217169 0.4992636406 0.4999296485 0.4928778747 0.4977807321 0.4998797493 0.4999257010 0.5000547655 0.4998209036 0.4965569270 0.5006719746
0.7320931691 0.1034594343 0.5063134755 0.4998964857 0.5019647645 0.4981830833 0.4995967409 0.5004797687 0.4998942819 0.4990545189 0.4980475940 0.5217099328
0.5265871430 0.4066224368 0.5000925747 0.5000395417 0.4989218687 0.4997671491 0.4997018778 0.5004665737 0.4999424377 0.5028605170 0.5002806612 0.5006501374
0.0859374037 0.8914437511 0.5001438187 0.5000541493 0.4895459177 0.4997615156 0.4998794912 0.5000264635 0.4996804066 0.5000604159 0.4997590223 0.5005396756
0.0545365551 0.0655065273 0.4999662612 0.4999517904 0.5000543587 0.4995373592 0.4994391036 0.5004228578 0.5002492249 0.4999922925 0.4998098124 0.5007815311
0.0134176620 0.3965386428 0.4999661367 0.5000273755 0.4999932715 0.4999823521 0.5001083383 0.4999795313 0.4999752043 0.5000207829 0.5000378764 0.5000252637
0.3277024872 0.7010652022 0.5000880845 0.4998964857 0.5010611589 0.4981830833 0.4997094539 0.5004902506 0.4998889657 0.4989857633 0.4980475940 0.5007699024
0.9680248958 0.9327404964 0.4996219650 0.4999780744 0.4999999802 0.4996737726 0.5020667239 0.5005213221 0.4928507281 0.4996022447 0.4954303853 0.5005115511
0.4148800864 0.3834576642 0.5005328321 0.4998552520 0.4981729503 0.4998065994 0.5012141071 0.5005686455 0.5001067008 0.4998501928 0.5002351039 0.5007296938
0.1629581123 0.8406248219 0.5005117235 0.5000779644 0.4995039564 0.4999356091 0.4992174549 0.5006568248 0.5002324428 0.4998791497 0.4989970685 0.5006098662
0.5354592268 0.2074261653 0.5000183181 0.5000563239 0.5017240240 0.4996136599 0.4978821791 0.5000212532 0.5004877375 0.5003582236 0.4996246332 0.5000471250
0.0315188737 0.1518928111 0.5002115147 0.4999808550 0.5008698720 0.4997953679 0.4995983013 0.5004070629 0.5000194736 0.5000579215 0.4999927243 0.5006600326
0.0801071292 0.7199416374 0.5005838277 0.4998345719 0.5009895341 0.5001240030 0.4999959326 0.5000300834 0.5252343455 0.5082001933 0.5041122027 0.5000476549
0.4396803551 0.4433480312 0.5081851114 0.4999424336 0.4977424083 0.4980066428 0.4998033253 0.5000567701 0.4999986629 0.5008407119 0.4967536419 0.5008341862
0.2855766958 0.1507077739 0.5000556903 0.5000664252 0.4999787817 0.4998069090 0.4997740497 0.4999888791 0.5000291811 0.4999477462 0.4999245276 0.5006545158
0.3637631792 0.4218567492 0.5005933984 0.4997486312 0.5007936216 0.5001664158 0.4997916960 0.5005564743 0.4999427435 0.4996628383 0.5001699678 0.5007539686
0.1691840569 0.4916376834 0.4244406662 0.4998466918 0.5009895341 0.4994903052 0.4998195389 0.5006131723 0.4988463527 0.5082001933 0.5003731506 0.5000391671
0.0481125163 0.8270017969 0.5000580446 0.4999331645 0.5012729780 0.5001120464 0.5000567773 0.4999795882 0.5000180802 0.4909549759 0.5039377842 0.4995654287
0.6312668424 0.6592781794 0.4999915185 0.4962896972 0.4970895554 0.5001168110 0.4996375185 0.5005087634 0.4997797077 0.4998322882 0.5003094987 0.5007864331
0.7206880304 0.9156886483 0.5000079227 0.4999045103 0.5013795988 0.4985062640 0.4999658271 0.4998027848 0.5004153920 0.5006010941 0.4996959401 0.5006484938
0.2373835944 0.3966996681 0.5108758375 0.5000696128 0.5019794659 0.4997963971 0.4997483577 0.4996156683 0.5004561407 0.5005127401 0.4999174495 0.5006413775
0.4100735383 0.0212860817 0.5001759778 0.4999808550 0.3717044200 0.4997856811 0.5001494670 0.5004081614 0.4999298630 0.5000843234 0.5003629952 0.5000172942
0.3810934444 0.4255195359 0.4997169790 0.4997616700 0.4999706694 0.5001353705 0.5000273108 0.5000204212 0.4998746494 0.5000388465 0.4989227314 0.5004757788
0.3473333441 0.5417825925 0.5000430996 0.5001974246 0.5002367173 0.5001781142 0.5000538709 0.5004392986 0.5004234688 0.4998236661 0.4997877520 0.5007649014
0.4771925455 0.3644294668 0.4999872855 0.5000352359 0.4999857088 0.5000768173 0.4997667536 0.5000143442 0.5000307771 0.5001027234 0.4997876886 0.5006067922
0.0430081533 0.2027304033 0.5000580336 0.4998749087 0.5016801229 0.5003798777 0.4979765939 0.5004707885 0.5000089166 0.5004007196 0.5000346297 0.5000615628
0.6127171546 0.7710953724 0.5003127826 0.4993302829 0.5013986737 0.4986629973 0.5000056318 0.5000480799 0.4999882275 0.4998196062 0.5003682416 0.5002336663
0.0134176620 0.3942832294 0.5002152955 0.5000273755 0.4999932715 0.4999893987 0.5001083383 0.4999795313 0.4999752043 0.4998305809 0.5000052752 0.5000252637
0.3482738531 0.4215117853 0.4995421603 0.4998887726 0.4999409155 0.5009861650 0.4993499657 0.4967174472 0.5004583568 0.5002682923 0.4939073238 0.5008139271
0.0663608167 0.3038157517 0.5005462796 0.4998726303 0.5000051097 0.4999868668 0.5012271374 0.5004707597 0.5000089166 0.5000673925 0.5000362408 0.5007314479
0.1504693147 0.2369554717 0.5000542150 0.4997703544 0.5079900236 0.4995900208 0.5045834942 0.5005186563 0.5252343455 0.5013552752 0.5008276159 0.5007109015
0.1112185485 0.5973730511 0.5010695873 0.4998685433 0.5000196679 0.4976092027 0.4998622497 0.5004870119 0.4994359381 0.4998207890 0.5007873274 0.5001345848
0.0984929559 0.5723734558 0.5005723561 0.4998303854 0.4993250989 0.4978347151 0.5025459121 0.5004707413 0.5261553069 0.4999965693 0.5040685642 0.5001627739
0.0372074065 0.4277074660 0.4999374922 0.5000482048 0.4999922925 0.4936968106 0.4974531865 0.4999953057 0.5000166092 0.5000732345 0.4960707497 0.5000914157
0.6047537271 0.3877273238 0.4995459795 0.4997104111 0.5007296741 0.5000510793 0.4991326946 0.4998031016 0.5000083755 0.5001022674 0.5003094580 0.5005526222
0.3482738531 0.3512961959 0.4995073954 0.4993603400 0.4999922946 0.5002804040 0.5002284239 0.4967174472 0.5004583568 0.5002682923 0.4939073238 0.3532404992
0.8249040894 0.1949991445 0.5001766613 0.5001120185 0.4344931956 0.4997868774 0.4993336921 0.5004725030 0.4999726031 0.4998196244 0.4995205464 0.5004940060
0.3081097164 0.6890937841 0.5000623897 0.4998597801 0.5000220816 0.5004644369 0.4997360484 0.5000252874 0.5002173160 0.4957555645 0.5007933208 0.5437161107
0.4070908288 0.0514169860 0.5002115147 0.4999808550 0.5008698720 0.4997953679 0.4995983013 0.5004070629 0.4999298630 0.4998802943 0.5003820812 0.5006600326
0.1356294093 0.8713617004 0.5000742764 0.4998790698 0.4982941059 0.4996034058 0.4999290675 0.5005824987 0.5256880836 0.4998209981 0.4990306976 0.4998366024
0.7854263417 0.8716863003 0.5002876040 0.4999442399 0.5014231476 0.4998733567 0.4854783702 0.5000441135 0.4999722653 0.4961268555 0.5003834908 0.5002787509
