0.0000206031 0.0000016623 0.5999489979 0.4999998290 0.4000504241 0.4000504401 0.5000148957 0.5000002892 0.4999998897 0.4999999977 0.4999999592 0.5000000546
0.9999999076 0.4064822562 0.5999493140 0.4999997875 0.4000505262 0.4000504943 0.5000148745 0.4999998605 0.5000003989 0.4999999026 0.4999996318 0.5000001953
0.0010481617 0.9999980463 0.5999486318 0.4999998004 0.4000503627 0.4000507417 0.5000149402 0.5000001070 0.4999982242 0.5000000403 0.5000007420 0.4999996614
0.7641021274 0.9962481624 0.5999490701 0.4999998222 0.4000505319 0.4000504032 0.5000148433 0.5000002606 0.5000007433 0.4999989818 0.4999998731 0.4999997631
0.9397716850 0.9324527423 0.5999492503 0.4999997664 0.4000505830 0.4000505425 0.5000149999 0.4999998282 0.5000002892 0.5000023337 0.4999998533 0.5000003635
0.0996914931 0.4184283581 0.5999492581 0.4999998212 0.4000505197 0.4000504935 0.5000152575 0.4999998543 0.5000009234 0.5000002309 0.4999999500 0.5000001485
0.9945934491 0.4613585408 0.5999870890 0.4999998436 0.4000508470 0.4000504943 0.5000153151 0.5000000807 0.5000004020 0.5000000937 0.5000000802 0.5000001973
0.6352606087 0.8569766747 0.5999494381 0.4999998245 0.4000504784 0.4000505378 0.5000150482 0.5000001063 0.5000004196 0.4999994831 0.4999998281 0.5000001989
0.9037384582 0.0421528924 0.5999491225 0.4999997654 0.4000505748 0.4000505112 0.5000148989 0.5000000533 0.5000008855 0.4999981061 0.4999998297 0.4999997193
0.0344158396 0.7433205399 0.5999489495 0.4999998185 0.4000504740 0.4000506263 0.5000149081 0.5000001174 0.4999989762 0.5000001776 0.4999999905 0.5000001006
0.4048227260 0.7066541485 0.5999492377 0.4999997939 0.4000506771 0.4000504878 0.5000147532 0.4999997061 0.5000008212 0.5000002306 0.5000000559 0.4999997504
0.9625736725 0.2891769093 0.5999489458 0.4999997877 0.4000504703 0.4000505465 0.5000153602 0.4999997780 0.4999992227 0.4999994682 0.5000002017 0.4999998106
0.9776166469 0.1789497116 0.5999492337 0.4999998217 0.4000505262 0.4000508657 0.5000149172 0.5000003884 0.5000003989 0.4999999940 0.4999993651 0.5000001973
0.6971743962 0.9088584042 0.5999490647 0.4999998382 0.4000507254 0.4000502816 0.5000148860 0.5000002105 0.5000001094 0.5000003221 0.5000000478 0.5000001558
0.9589734041 0.9543516355 0.5999488616 0.4999998354 0.4000506030 0.4000504740 0.5000149291 0.5000003897 0.4999996193 0.4999996707 0.5000007735 0.4999999749
0.7959867664 0.1645394965 0.5999492337 0.4999998195 0.4000505554 0.4000505617 0.5000149172 0.4999997895 0.5000002018 0.4999999940 0.4999993651 0.5000001973
0.8650099369 0.9148702540 0.5999542658 0.4999997984 0.4000504714 0.4000505424 0.5000149907 0.4999997586 0.4999997533 0.5000003564 0.4999996376 0.5000004002
0.8152670182 0.5512011350 0.5999491320 0.4999997803 0.4000504214 0.4000503873 0.5000153518 0.4999998044 0.5000006906 0.5000000280 0.4999996599 0.4999997738
0.5075814196 0.2644991983 0.5999490250 0.4999998906 0.4000508884 0.4000507655 0.5000149066 0.4999997930 0.5000006814 0.4999986185 0.4999997114 0.4999995240
0.6187238813 0.5367220631 0.5999484942 0.4999998255 0.4000508341 0.4000507470 0.5000149478 0.5000001070 0.4999987019 0.4999999985 0.5000006958 0.5000001976
0.6556501539 0.1348685207 0.5999494362 0.4999998919 0.4000505982 0.4000505530 0.5000152893 0.4999998975 0.4999997196 0.4999983366 0.4999996054 0.4999993235
0.9520587329 0.0871947578 0.5999497404 0.4999997897 0.4000504698 0.4000505161 0.5000153155 0.4999998397 0.4999989490 0.5000029080 0.4999996395 0.5000005669
0.9196771984 0.3187693769 0.5999498916 0.4999999498 0.4000508912 0.4000505331 0.5000150358 0.5000001161 0.5000009050 0.5000001989 0.5000001219 0.5000003206
0.6083496543 0.5367220631 0.5999484867 0.4999998255 0.4000508341 0.4000507470 0.5000149478 0.5000001070 0.5000001529 0.4999999666 0.5000006958 0.5000001976
0.8577223848 0.2360820396 0.5999499858 0.4999998911 0.4000507085 0.4000504359 0.5000152976 0.5000002930 0.5000012841 0.5000004370 0.5000000548 0.4999999386
0.9995676154 0.8536719603 0.5999488765 0.4999998207 0.4000506040 0.4000505159 0.5000148962 0.4999997902 0.4999988026 0.5000003209 0.4999996448 0.5000001769
0.3259050354 0.0066975962 0.5999497607 0.4999998435 0.4000504325 0.4000505250 0.5000150588 0.5000005413 0.5000009363 0.4999997729 0.4999999692 0.4999999357
0.5281430719 0.4159850848 0.5999489691 0.5000000596 0.4000504838 0.4000505872 0.5000150536 0.5000000821 0.5000002326 0.5000002021 0.5000003116 0.4999999283
0.0711201055 0.3207679955 0.5999493269 0.4999998212 0.4000505197 0.4000505338 0.5000152591 0.4999998543 0.5000009236 0.5000002361 0.4999999500 0.5000003291
0.9025741348 0.2054983666 0.5999492573 0.4999998254 0.4000507072 0.4000504943 0.5000153949 0.5000002969 0.5000003298 0.5000003942 0.4999999500 0.4999995240
0.9855353382 0.1535488437 0.5999490412 0.4999998551 0.4000507024 0.4000504932 0.5000148973 0.5000000678 0.5000004830 0.4999998941 0.4999994732 0.5000000770
0.4516203274 0.4197225302 0.5999490033 0.4999998309 0.4000504000 0.4000504333 0.5000148175 0.5000000666 0.5000008811 0.5000000494 0.4999996650 0.5000001296
0.7199023327 0.8407573257 0.5999492571 0.4999998463 0.4000506122 0.4000505846 0.5000150612 0.5000003415 0.4999996034 0.5000000449 0.4999999089 0.4999991493
0.5345443943 0.2236798200 0.5999492624 0.4999998171 0.4000505382 0.4000504721 0.5000148796 0.4999998324 0.4999989851 0.5000002885 0.5000001018 0.4999997545
0.9315442193 0.9228720471 0.5999492219 0.4999997664 0.4000505701 0.4000505129 0.5000149999 0.4999998282 0.4999989456 0.5000023337 0.4999999025 0.4999999118
0.5467343232 0.0871947578 0.5999491166 0.4999998450 0.4000504698 0.4000505118 0.5000148989 0.5000000533 0.4999987156 0.4999981061 0.5000000426 0.4999997734
0.9720000806 0.2794180864 0.5999492377 0.4999997991 0.4000507085 0.4000504227 0.5000148788 0.4999998419 0.5000008212 0.5000003072 0.5000000549 0.4999997504
0.1537205576 0.2165729193 0.5999492581 0.5000001436 0.4000505128 0.4000505104 0.5000148948 0.5000002719 0.4999998109 0.5000003190 0.5000005143 0.4999999542
0.8170727900 0.6934231044 0.5999488975 0.4999998435 0.4000506019 0.4000505453 0.5000149279 0.5000001866 0.4999981454 0.4999997821 0.5000001396 0.4999999761
0.7878610930 0.7727414011 0.5999491317 0.4999997803 0.4000507657 0.4000503873 0.5000153518 0.5000001069 0.5000007219 0.5000000280 0.4999997157 0.4999997738
0.4930031436 0.2015111888 0.5999490180 0.4999997650 0.4000505162 0.4000508786 0.5000149162 0.5000003638 0.5000006814 0.4999987290 0.4999997437 0.4999995240
0.5858115397 0.6881152549 0.5999496063 0.4999998187 0.4000506359 0.4000504870 0.5000149122 0.5000003683 0.5000000783 0.5000005489 0.4999998733 0.5000002302
0.8369917174 0.0871947578 0.5999497404 0.4999997897 0.4000504698 0.4000505163 0.5000153155 0.5000000807 0.5000011130 0.4999982358 0.4999996395 0.4999999755
0.7479536872 0.7809633632 0.5999500278 0.4999998923 0.4000505993 0.4000509043 0.5000149586 0.5000002297 0.4999990463 0.5000000295 0.4999994704 0.5000000030
0.2454760927 0.4196602279 0.5999491076 0.4999999424 0.4000507724 0.4000504452 0.5000150600 0.5000001226 0.4999978900 0.5000000362 0.5000002185 0.5000001287
0.0442607039 0.1874587777 0.5999491367 0.4999997990 0.4000503627 0.4000507417 0.5000152578 0.5000001070 0.4999987967 0.5000001617 0.5000007420 0.4999996614
0.9285656362 0.7809633632 0.5999497392 0.4999997920 0.4000504690 0.4000509043 0.5000149586 0.4999997405 0.4999990463 0.5000000462 0.4999994726 0.5000004750
0.9025741348 0.6976926083 0.5999492229 0.4999998254 0.4000507072 0.4000504943 0.5000153949 0.5000002969 0.5000003298 0.5000003733 0.4999999500 0.4999995240
0.7800923694 0.0482754009 0.5999490883 0.5000000177 0.4000505547 0.4000505460 0.5000150536 0.4999997104 0.4999989182 0.5000001000 0.5000001910 0.4999999771
0.3285641886 0.4099960417 0.6008539671 0.4999998413 0.4000505312 0.4000505328 0.5000149330 0.4999997043 0.4999997266 0.4999999771 0.4999997302 0.4999999064
0.4834142560 0.5145139526 0.5999490180 0.4999997650 0.4000508489 0.4000507597 0.5000149066 0.4999997901 0.5000006814 0.4999986185 0.4999997111 0.4999995240
0.4231965769 0.8090311816 0.5999490489 0.4999998352 0.4000504645 0.4000505336 0.5000150209 0.5000003861 0.4999988264 0.4999996047 0.5000003179 0.5000002237
0.2409340829 0.0985717358 0.5999497579 0.5000000177 0.4000505888 0.4000504979 0.5000150536 0.5000003933 0.4999989182 0.5000001921 0.4999997596 0.4999999344
0.2738010113 0.4196602279 0.5999491079 0.4999999424 0.4000504281 0.4000504452 0.5000150600 0.4999998201 0.4999978587 0.5000000362 0.5000001626 0.5000001287
0.9485784187 0.3345751561 0.5999499835 0.4999999498 0.4000508912 0.4000505331 0.5000150377 0.5000001161 0.4999988732 0.5000001989 0.5000001219 0.5000003206
0.6765111850 0.7747745964 0.5999503424 0.4999998004 0.4000507534 0.4000507746 0.5000150687 0.5000001070 0.5000006433 0.5000000280 0.4999997387 0.4999996845
0.9397716850 0.4078821129 0.5999492066 0.4999997829 0.4000505718 0.4000504630 0.5000149056 0.4999998282 0.5000001779 0.5000023337 0.4999998533 0.5000003635
0.9025741348 0.1782636145 0.5999492573 0.4999998241 0.4000507072 0.4000504924 0.5000153949 0.5000000659 0.5000003626 0.5000003921 0.4999999500 0.4999995240
0.3512415262 0.8577250583 0.5999489363 0.4999998254 0.4000505987 0.4000505160 0.5000148969 0.5000002569 0.4999990191 0.5000003196 0.4999998896 0.5000001696
0.5618011399 0.4019581479 0.6007615341 0.4999999542 0.4000505254 0.4000505360 0.5000149182 0.5000001917 0.5000005481 0.4999999460 0.4999999613 0.5000000834
0.8540414480 0.9543516355 0.5999488616 0.4999998365 0.4000506030 0.4000505252 0.5000149291 0.5000003897 0.4999996193 0.4999996707 0.5000007735 0.4999999749
0.4198999505 0.3910658930 0.5999490367 0.4999998322 0.4000504061 0.4000505072 0.5000148097 0.5000002989 0.5000008482 0.5000000515 0.4999996650 0.5000001296
0.0649367601 0.0568925912 0.5999495121 0.4999999934 0.4000505293 0.4000505869 0.5000150536 0.5000001168 0.4999995130 0.5000001828 0.4999998816 0.4999997990
0.8877639433 0.5712321042 0.5999497930 0.4999997727 0.4000505693 0.4000502190 0.5000149304 0.5000003287 0.4999994758 0.5000000297 0.4999999568 0.5000001690
0.9855353382 0.1535488437 0.5999490412 0.4999998551 0.4000507024 0.4000504932 0.5000148973 0.5000000678 0.5000004830 0.4999998941 0.4999994732 0.5000000770
0.8296526943 0.0835401043 0.5999498259 0.4999998183 0.4000504698 0.4000505250 0.5000151295 0.5000000742 0.4999998026 0.4999982761 0.4999996044 0.4999993195
0.4685826189 0.9999980463 0.5999486318 0.4999998043 0.4000504018 0.4000503545 0.5000149402 0.5000000645 0.4999978480 0.5000000495 0.5000007593 0.5000001644
0.6714562375 0.3851865327 0.5999504376 0.4999998004 0.4000507534 0.4000507746 0.5000148674 0.5000001070 0.5000006433 0.5000000280 0.4999997111 0.5000002456
0.2142924516 0.3032631513 0.5999495505 0.4999998172 0.4000505718 0.4000504630 0.5000149056 0.4999998298 0.5000001847 0.5000023688 0.4999998533 0.4999998402
0.8542390116 0.2547470597 0.5999492428 0.4999998872 0.4000504697 0.4000505630 0.5000149533 0.4999998645 0.5000006922 0.5000003105 0.4999997004 0.4999992894
0.8803379427 0.0897500853 0.5999489744 0.4999998367 0.4000506600 0.4000505250 0.5000153018 0.5000000807 0.5000011291 0.4999982358 0.5000000426 0.5000001748
0.3259050354 0.7619850597 0.5999489763 0.4999998435 0.4000504254 0.4000505551 0.5000149569 0.5000005413 0.5000009363 0.4999997729 0.4999999692 0.4999999357
0.6982511294 0.9419686385 0.5999491418 0.4999998454 0.4000506115 0.4000507500 0.5000147745 0.5000001896 0.5000002092 0.5000001618 0.4999995849 0.5000003209
0.7311912915 0.1740283433 0.5999490484 0.5000001436 0.4000505111 0.4000505351 0.5000148948 0.5000002719 0.4999998109 0.5000004265 0.5000005143 0.4999999542
0.2773532084 0.7215912572 0.5999488975 0.4999998435 0.4000505983 0.4000504914 0.5000149279 0.5000002623 0.4999981454 0.4999998649 0.4999997104 0.4999999335
0.1202155677 0.2256228777 0.5999492636 0.4999998174 0.4000505382 0.4000504721 0.5000148796 0.4999998335 0.4999988676 0.4999999362 0.5000001018 0.5000001672
0.2095338494 0.3971261548 0.6006811662 0.4999999537 0.4000505364 0.4000505344 0.5000148210 0.4999999078 0.5000004262 0.4999999429 0.4999999350 0.4999991295
0.2939680280 0.3093086300 0.5999498462 0.4999998319 0.4000505293 0.4000505072 0.5000148311 0.5000000368 0.4999993999 0.5000000159 0.4999999777 0.4999994538
0.8743051179 0.9462000868 0.5999487622 0.4999997879 0.4000504038 0.4000504949 0.5000149400 0.5000001189 0.4999996013 0.4999990466 0.4999999006 0.4999996247
0.8026364188 0.8748688245 0.5999488502 0.4999997805 0.4000504852 0.4000504683 0.5000149363 0.5000000760 0.5000010808 0.5000002346 0.4999997097 0.4999997722
0.1880177332 0.0448764852 0.5999489964 0.5000000177 0.4000505511 0.4000504920 0.5000150518 0.4999997862 0.5000009499 0.5000001828 0.4999997618 0.4999999344
0.6352606087 0.8384321179 0.5999651694 0.4999998255 0.4000504796 0.4000505378 0.5000150492 0.5000001063 0.5000004167 0.4999994822 0.4999998281 0.5000001972
0.8042344298 0.1348685207 0.5999497732 0.4999998919 0.4000506021 0.4000505530 0.5000151325 0.4999999100 0.5000012905 0.4999983366 0.4999996054 0.4999993237
0.6538218191 0.4061975900 0.5999491755 0.4999998099 0.4000503857 0.4000505253 0.5000149987 0.4999997573 0.4999990293 0.5000000186 0.4999999688 0.4999995656
0.9425354703 0.4164297627 0.5999498228 0.4999999498 0.4000508912 0.4000504928 0.5000150343 0.5000001161 0.5000009048 0.5000001937 0.5000001219 0.5000001400
0.7422683492 0.1728303729 0.5999490331 0.4999998957 0.4000504680 0.4000505313 0.5000149533 0.4999998645 0.5000006922 0.5000004181 0.4999997004 0.4999992894
0.8296614375 0.5047757786 0.5999492357 0.4999997617 0.4000504303 0.4000505572 0.5000149533 0.4999998616 0.5000006922 0.5000003105 0.4999997000 0.4999992894
0.4359700126 0.8090311816 0.5999489941 0.4999998352 0.4000504645 0.4000505258 0.5000150209 0.5000003861 0.4999988264 0.4999996047 0.5000003179 0.5000002237
0.9831942899 0.2095486256 0.5999490078 0.4999998551 0.4000506964 0.4000504212 0.5000149051 0.5000000666 0.5000004830 0.4999998941 0.4999994732 0.5000000770
0.3555046504 0.8543384748 0.5999489363 0.4999998230 0.4000505848 0.4000505160 0.5000149287 0.5000000480 0.5000007248 0.4999999085 0.4999998896 0.5000000663
0.5618011399 0.1933669642 0.5999492020 0.4999998204 0.4000503898 0.4000508931 0.5000149206 0.5000001070 0.4999982242 0.4999999883 0.5000007420 0.5000000679
0.8169197420 0.8787331693 0.5999488663 0.4999999026 0.4000506023 0.4000504227 0.5000149288 0.5000001828 0.4999989153 0.4999998870 0.5000001486 0.4999997380
0.8902637566 0.7822034318 0.5999492054 0.4999997939 0.4000506771 0.4000504878 0.5000147532 0.5000002620 0.5000008212 0.5000000363 0.4999994521 0.4999997505
0.1297401075 0.2360820396 0.5999492628 0.4999998265 0.4000507738 0.4000504289 0.5000153781 0.4999998324 0.5000005657 0.5000002377 0.5000001018 0.4999997442
0.7431134359 0.5794425507 0.5999483162 0.4999998306 0.4000505537 0.4000504037 0.5000148456 0.4999998192 0.5000003526 0.4999989818 0.4999999048 0.4999999205
0.9809819876 0.7066541485 0.5999492377 0.4999998943 0.4000506771 0.4000504878 0.5000147497 0.4999997611 0.5000007247 0.5000000103 0.5000000989 0.4999997504
0.7606284714 0.7809633632 0.5999492125 0.4999999000 0.4000505993 0.4000509043 0.5000149586 0.5000002346 0.4999990463 0.5000000207 0.4999994670 0.5000001836
0.6810607670 0.0835401043 0.5999495030 0.4999998183 0.4000504658 0.4000505250 0.5000152863 0.5000000678 0.4999995582 0.4999982761 0.4999995889 0.4999999562
0.8522212467 0.1658658250 0.5999491440 0.4999998122 0.4000507067 0.4000504456 0.5000152624 0.5000003821 0.4999988090 0.5000001593 0.5000000756 0.4999995744
0.8469258155 0.7066541485 0.5999492377 0.4999997939 0.4000507061 0.4000504878 0.5000152943 0.4999997061 0.5000008212 0.5000002306 0.5000000589 0.4999997504
