0.5586813591 0.8293858737 0.0000000000
0.0000000000 0.0000000000 1.0000049480
0.0000000000 0.0000000000 1.0000044857
0.8880738307 0.3809669932 0.2572934636
0.6926751798 0.1641291216 0.7023341781
0.5180853140 0.6130573076 0.5964602600
0.1377387910 0.6751027835 0.7247637529
0.7254773538 0.0630270006 0.6853608691
0.9140679325 0.3478380240 0.2085728983
0.2155299141 0.8566528253 0.4687281611
0.9522411618 0.2750626377 0.1326234051
0.9269025289 0.1130629163 0.3579233501
0.4197428126 0.7039986799 0.5729060673
0.9264870781 0.2338787658 0.2948434595
0.7060311651 0.6026918216 0.3718891745
0.8059488461 0.5075271139 0.3047681855
0.6507170796 0.0941423763 0.7534661004
0.7822894027 0.4788828177 0.3983767654
0.2910895094 0.7908775631 0.5383234450
0.2823285593 0.8252432539 0.4891665693
0.0813167998 0.7223096147 0.6867765159
0.4848712912 0.4046511555 0.7753582520
0.4552837892 0.4189247118 0.7856449155
0.8619937504 0.1899689197 0.4700073415
0.5693524580 0.5938340788 0.5685112331
0.1060455881 0.0511526624 0.9930531164
0.1375770896 0.9773008820 0.1611394633
0.1713715242 0.8895201611 0.4235778949
0.2637375165 0.9644693012 0.0158651154
0.7619949361 0.4677974618 0.4478273596
0.5263588763 0.3112475095 0.7912591712
0.5442778665 0.8080032858 0.2256069347
0.8530779128 0.5171829753 0.0692638526
0.4236234176 0.6644283958 0.6157249066
0.9709820355 0.1990327442 0.1326232338
0.1867468752 0.7116748474 0.6772476594
0.0937662244 0.1386189608 0.9859002060
0.2757480477 0.3660208524 0.8888358186
0.5859677230 0.7866076862 0.1947241866
0.5407155577 0.3262981622 0.7753593000
0.2818595200 0.4505202148 0.8471083879
0.8868303193 0.3962293154 0.2377927098
0.3868649496 0.4646190131 0.7965460313
0.2574473272 0.3517713872 0.8999949587
0.0448239240 0.0000000080 0.9989998570
0.6008138541 0.5788152602 0.5513756345
0.2774956189 0.2057058175 0.9384605341
0.6107731380 0.7717368599 0.1772082978
0.3092307810 0.3679809890 0.8769179875
0.6168973143 0.7549310499 0.2226011541
0.4900526861 0.7341477198 0.4700082747
0.4772105294 0.3538070905 0.8044288654
0.9234003599 0.3730104646 0.0906056774
0.2366328272 0.2033708219 0.9500859453
0.4188540913 0.6569479882 0.6269116513
0.8151136125 0.2386622791 0.5278811595
0.4446317636 0.0358999066 0.8950030089
0.6547248358 0.2528646169 0.7123256325
0.5792263856 0.7775580618 0.2447739104
0.9382138830 0.1297410903 0.3208644591
0.1310069105 0.9306285630 0.3417331371
0.4099836370 0.7504762427 0.5183719386
0.3927043269 0.0211097705 0.9194477382
0.6627927492 0.5978285229 0.4509068278
0.2859374555 0.8357920174 0.4687285569
0.7895274839 0.4668648600 0.3983793657
0.5001721934 0.4885129668 0.7149768542
0.6255549839 0.7772697730 0.0674968477
0.3241819980 0.0059272785 0.9459912154
0.0602161348 0.3950416818 0.9166970651
0.0136994709 0.2554541580 0.9667304856
0.2621126690 0.9585273494 0.1119480457
0.1533355080 0.1669127201 0.9739814377
0.6445108395 0.7626583293 0.0547776115
0.3069838570 0.9504222309 0.0497411883
0.7460635627 0.1718484019 0.6433261511
0.0206949192 0.9478089795 0.3182148342
0.4099223830 0.6248499229 0.6644846138
0.9458323978 0.0814462416 0.3143019928
0.7524327837 0.5638344124 0.3405151105
0.5974191018 0.7417779547 0.3047693284
0.6019344007 0.0781359313 0.7947422924
0.6746953011 0.0010109861 0.7381107179
0.8314126148 0.1735718500 0.5278827103
0.1226039155 0.9151417804 0.3840709559
0.4923051697 0.2940182166 0.8192897469
0.6717776981 0.6572269793 0.3417331845
0.4816368603 0.2876468082 0.8278283952
0.0062329172 0.5698120783 0.8217586844
0.4450970225 0.8071763667 0.3877757352
0.6831484877 0.2705173144 0.6783375593
0.0976552328 0.4298681966 0.8976008218
0.5641708808 0.8240419899 0.0519557586
0.9178457113 0.2148365509 0.3337805983
0.0054120460 0.4947681936 0.8690145643
0.1156328822 0.1763872201 0.9775082142
0.3701249164 0.4379737827 0.8192927324
0.8443104552 0.1337150115 0.5189246978
0.5352601687 0.6612598285 0.5255980525
0.4286285568 0.6309949766 0.6466302782
