0.9999994519 0.0000149168 0.4997784440 0.5002618595 0.5001741794 0.4993277435 0.5007093088 0.5000727986 0.5003449526 0.5000831801 0.4986040109 0.4998092353
0.9999995191 0.9999967872 0.5002212042 0.4999566553 0.5001926809 0.5000760278 0.5000121599 0.5000727729 0.4993678131 0.5000202140 0.5000420226 0.4996932625
0.0000001735 0.7081368733 0.5000079354 0.4999806899 0.4996072455 0.5000817773 0.4993342109 0.4999315550 0.5000235035 0.5001144999 0.5000045090 0.4997768708
0.3700462404 0.9805016374 0.5001941383 0.4999703802 0.5016105148 0.4997189242 0.4994719439 0.5000497001 0.5001066458 0.4688497654 0.4981987873 0.5015189533
0.6345710044 0.0151301411 0.4997784440 0.5001624507 0.5001741794 0.4996763989 0.5007093088 0.4999532486 0.5002904724 0.4998520877 0.4984573036 0.4954750354
0.1165083047 0.6655566490 0.4991338992 0.4998465507 0.5005552831 0.5039235796 0.5004992236 0.5001941152 0.5000576676 0.4998828308 0.5002897740 0.5011583510
0.3356414804 0.3479417252 0.4999661715 0.5004585806 0.5013879421 0.4998764936 0.4991278540 0.4997619706 0.5000239410 0.4995142784 0.5002646463 0.4995807642
0.4225617097 0.1076887590 0.5007963117 0.5000047996 0.4988688655 0.5018708368 0.5011935964 0.4987851532 0.5002083870 0.5002119642 0.4987742509 0.5015834436
0.7662776745 0.7392829254 0.5009310469 0.5004455573 0.4995247939 0.4999403786 0.4997279210 0.4988179447 0.4996667865 0.4999580810 0.5000767129 0.4997329382
0.0978653023 0.7392829254 0.5000299920 0.4984423027 0.4995009175 0.4999406699 0.5006100592 0.4987775594 0.4996650665 0.5001070778 0.4999579789 0.4989459691
0.3446030410 0.3279631734 0.5006545878 0.5001675463 0.5075137942 0.4998464279 0.4993388522 0.4979268605 0.5004098104 0.5000017426 0.5032096701 0.4997836297
0.3947527110 0.3279451844 0.5006545878 0.5002624952 0.5002154450 0.4998508271 0.5004405629 0.4985571918 0.5004098104 0.5001197301 0.5032096701 0.5000477716
0.2033154724 0.8425287230 0.4988221399 0.5001545975 0.5011248984 0.4999310087 0.4991754331 0.4997990389 0.5003995376 0.4999828389 0.5002628654 0.4994809585
0.2557684522 0.5198409279 0.4997769500 0.5001220303 0.5002040642 0.5002723548 0.4981209919 0.5000399949 0.5016577940 0.5029144631 0.4985806397 0.4999647726
0.5207926196 0.5375563806 0.5006915064 0.4999925897 0.4996862920 0.5000821185 0.4996579096 0.4999365544 0.5035270229 0.5001153546 0.4998850328 0.4986448207
0.4627908519 0.9394080140 0.4999186762 0.5000002466 0.4992717448 0.5011706056 0.5008012952 0.5000361755 0.4995658625 0.5132820870 0.4993341128 0.5000340633
0.5360252665 0.1076887590 0.5007132960 0.4999068496 0.5012486700 0.5000286029 0.5289971032 0.4984773926 0.5002083870 0.4994225373 0.4987742509 0.5015956004
0.0662061911 0.5988128455 0.5030856975 0.4999223601 0.4995961798 0.5001419121 0.4993943027 0.5000361888 0.5000606765 0.4993494066 0.5000824519 0.4998176068
0.0787785254 0.8070578587 0.4981147637 0.4984763180 0.4982453033 0.5000927171 0.4840085451 0.5000804963 0.5003666281 0.4999649883 0.5018310700 0.4997827260
0.3000149989 0.5198409279 0.5002473303 0.4986670552 0.5001693950 0.5002723548 0.4980187491 0.5000399949 0.5000414628 0.5002426262 0.4985806397 0.4999647726
0.2716891985 0.5047770288 0.5002249628 0.4999904209 0.5010823968 0.5008644575 0.6527960970 0.5000525068 0.5015163033 0.4688497654 0.4999290057 0.5015189533
0.1814401640 0.3783982253 0.4996221837 0.5001131342 0.4996991391 0.5003005855 0.4999956571 0.5001075501 0.5003422001 0.5030685031 0.5001373779 0.4999662554
0.1285067380 0.3279451844 0.5006545878 0.4998690031 0.5005538093 0.4998508271 0.5004405629 0.4983803579 0.5004098104 0.4998775497 0.5031309200 0.5000477716
0.7131699547 0.6132739778 0.5002303645 0.5002478097 0.4994196008 0.5015559426 0.5003817157 0.5000227806 0.4995821830 0.5019621222 0.5001595739 0.5010769007
0.2627937179 0.9633898937 0.5002139638 0.4999842581 0.5006529028 0.5008373371 0.6381826706 0.4996306426 0.4991703486 0.5000847599 0.5000695080 0.5015406483
0.1165083047 0.6778564707 0.5068332623 0.4998763581 0.5028466417 0.5041804199 0.5004992236 0.5001561475 0.5000537399 0.4999414143 0.4999747672 0.5011583510
0.0405663810 0.5605232080 0.4996715546 0.4986245821 0.5030869268 0.4999752322 0.4985463145 0.5000338204 0.4997076560 0.4997605835 0.5003871174 0.5018935346
0.4993815436 0.8084670426 0.4997769500 0.5002869278 0.5018433955 0.5000883427 0.4988530142 0.5002805624 0.4992236918 0.5034361885 0.4989647435 0.4993785382
0.3830311943 0.6655566490 0.4991338992 0.5002400428 0.5002169188 0.5039235796 0.5004992236 0.5003709491 0.5000576676 0.5001250111 0.5003685242 0.5011583510
0.4036731768 0.7538884815 0.5000135346 0.5013264762 0.4972065061 0.5002113096 0.5757483889 0.4987684674 0.4998328642 0.4999811430 0.5030958325 0.4999385863
0.4202376124 0.1948453695 0.5007524973 0.5000047996 0.4988688655 0.5018708368 0.4994255071 0.4986322877 0.4994011142 0.4999959409 0.4987742509 0.5014654334
0.1650916762 0.5086415461 0.5004221445 0.5000719807 0.4983872733 0.5003401754 0.4989692235 0.4999958988 0.5004302999 0.4999852472 0.5006816388 0.4997031458
0.1464913709 0.7381008842 0.4997769500 0.4999630234 0.5055207486 0.5000652124 0.4988530142 0.4987150113 0.5003086649 0.4999715005 0.5031557329 0.4998173595
0.5883984347 0.5702892839 0.4901578551 0.5006475485 0.4787061695 0.4995340234 0.4992136420 0.5000721921 0.5000849846 0.5021944518 0.4998538209 0.4996632691
0.9190939463 0.4382544999 0.5031299416 0.4999863996 0.4994269742 0.5009016216 0.5001597961 0.5000323157 0.5003503068 0.5020319107 0.4987219892 0.4993565569
0.5662501381 0.9649898971 0.4999228545 0.5003227134 0.5024942823 0.4999773955 0.4795290591 0.5000714399 0.4996935435 0.5004210407 0.5000122035 0.4996631929
0.1884675173 0.3222772761 0.5006440256 0.5002624952 0.4995814027 0.4998508271 0.4999358435 0.4985571918 0.5003399846 0.5002405004 0.5032096701 0.5000477716
0.3190097324 0.3356989071 0.5006545878 0.4987024345 0.5011521656 0.4998508271 0.4993388522 0.4985571918 0.5004098104 0.5000017426 0.5032096701 0.5000384663
0.2920658726 0.8616931210 0.4893011109 0.5002122966 0.4991407680 0.5017953309 0.5005849295 0.5003931182 0.4999344663 0.4666290471 0.5002007859 0.5002714985
0.7131699547 0.3896392977 0.4902695399 0.5002477646 0.5001499009 0.5015559426 0.5003814232 0.4998464107 0.4996067831 0.4970853153 0.5001595739 0.5007606807
0.2485276434 0.8147410909 0.4996713046 0.4987347598 0.4972065061 0.5003034961 0.4995196700 0.5002947095 0.4998328642 0.5186698116 0.5030594554 0.4999385863
0.8125737366 0.3253871588 0.5000299920 0.4984346191 0.4995009175 0.4999403786 0.4993780775 0.4987206905 0.4995248648 0.4999913092 0.5029964510 0.5000350890
0.8098499732 0.7392829254 0.5000299920 0.4998525296 0.4995009175 0.4999403786 0.4986430378 0.4987775594 0.4994881989 0.5001070778 0.5000949966 0.5000350890
0.4678328846 0.9232149741 0.4989883554 0.4998379126 0.4987517934 0.5037304125 0.5005110276 0.5000765650 0.4995296892 0.5009047955 0.4999824954 0.5002170074
0.0596267480 0.2002301787 0.5030061681 0.4999797078 0.4985013169 0.5000008354 0.4996906016 0.4999467211 0.5000180660 0.4999720097 0.5004832113 0.4997207007
0.1041301628 0.9394080140 0.4999186762 0.4998362220 0.4992902643 0.5011706056 0.5005014330 0.5001846294 0.4995658625 0.5132820870 0.5000824862 0.5000340633
0.6510111327 0.5941613628 0.5006091335 0.4985977984 0.5018510493 0.5000930583 0.4846530963 0.5000804963 0.5003666281 0.4999720097 0.5019975996 0.4987551816
0.2295775195 0.0464407852 0.4995572063 0.5001648178 0.4999053264 0.4999310087 0.4992371290 0.5003220082 0.5004362827 0.4980974328 0.5002628654 0.4995285267
0.7513402292 0.9897390196 0.5002482359 0.5000135190 0.5001926809 0.4999595319 0.4997718182 0.4999550423 0.4993762330 0.5000202140 0.5000122035 0.5000001226
0.8505323842 0.5941035223 0.5005689518 0.4983646169 0.4985444721 0.5000877990 0.4993774419 0.5001210484 0.4981556475 0.4999720097 0.5015447816 0.5003329127
0.9746643810 0.9805016374 0.5002036499 0.5002313408 0.5016105148 0.4997442143 0.5007651998 0.5000497001 0.5003416051 0.4998017607 0.4981987873 0.4998484987
0.0713868117 0.1160754115 0.5003498934 0.4998980370 0.4979540174 0.4998220776 0.4985452754 0.5000759804 0.5000891173 0.5000177260 0.5000019921 0.4998219658
0.0223284410 0.9607079125 0.5028973367 0.4999453689 0.4996668998 0.5000275350 0.5005774972 0.4999537772 0.5096118261 0.5008496729 0.5000052439 0.4998339576
0.3098462148 0.1662522159 0.4992427978 0.5001649637 0.5015308121 0.5008221623 0.4993960130 0.4999048016 0.4992790682 0.5002034613 0.4989556451 0.4997285525
0.2973980111 0.5980210098 0.5000005821 0.4999752144 0.5016105148 0.4993888037 0.4993905209 0.4999110815 0.5001066458 0.4695557364 0.5001967956 0.4997844877
0.7906344341 0.7392829254 0.5009310469 0.5003214679 0.4995247939 0.4999403786 0.5007375462 0.4988093221 0.4996667865 0.4999599884 0.5000767129 0.5000350890
0.1782618734 0.2550591952 0.5001623096 0.5001297105 0.5011335885 0.5001530324 0.4994933110 0.4985507402 0.4999419843 0.5011663454 0.4989506845 0.5000479366
0.4694535574 0.6132739778 0.5002303645 0.5002478097 0.5016293602 0.5013504376 0.5003683359 0.4997960918 0.4995595720 0.4997685281 0.5002660146 0.4994601607
0.2039565203 0.5047770288 0.5004098054 0.4999904209 0.5010823968 0.5008653381 0.5004803171 0.5000525068 0.5015065528 0.4688497654 0.4999290057 0.5000293742
0.6817837574 0.3441885223 0.5000073482 0.5000090698 0.5002724673 0.4993826780 0.5006599487 0.4999356962 0.4995307331 0.4998654977 0.4986487626 0.5011377488
0.3357679758 0.3790447468 0.4996468063 0.5004585806 0.5013879421 0.4998764936 0.4991278540 0.5001296069 0.4999987320 0.4995142784 0.5002646463 0.4995807642
0.3172427973 0.6937196829 0.4992288500 0.5001649637 0.5015308121 0.5004973985 0.4993960130 0.4999048016 0.4992515322 0.5001483420 0.5000236255 0.4997798210
0.5615179647 0.7146380722 0.5002691997 0.4999683523 0.4986102927 0.4996683576 0.5347189968 0.4983661728 0.4998030756 0.5024971797 0.4934725288 0.4997890405
0.2151275837 0.1468580120 0.4993770162 0.5000719807 0.5008061834 0.5003401754 0.5004958523 0.5000890904 0.5004302999 0.4999849737 0.4999824954 0.5011352411
0.5047582864 0.1481176421 0.5002279748 0.5001124798 0.4996888850 0.5003353876 0.4999807460 0.5001613724 0.5003374805 0.5009909027 0.4999829999 0.5008350478
0.6985457446 0.5798659917 0.4996658290 0.5001694277 0.5044577466 0.5007877041 0.4998747046 0.4991665269 0.5003423623 0.5031146502 0.5001383236 0.4998096423
0.7906344341 0.2463267644 0.5009359548 0.5003214679 0.4995247939 0.4925969767 0.5007375462 0.4988441836 0.4996667865 0.5000207362 0.5000251584 0.4993916274
0.2457231412 0.1264026192 0.4996044679 0.4999760662 0.5013656271 0.4997420511 0.4992460455 0.4998170902 0.5000284964 0.4980163175 0.4987829747 0.5019462443
0.1066905328 0.2758233564 0.5001623096 0.5002852088 0.4995014035 0.5001286841 0.4994933110 0.4987752347 0.4996322685 0.5011663454 0.4999965008 0.5000479366
0.0124856743 0.6171483683 0.5000529972 0.5000451885 0.5001752964 0.4998904418 0.5005553564 0.5000330893 0.5000315092 0.4994798090 0.4987124930 0.4998627810
0.4524741626 0.6989591447 0.4989883554 0.4998379126 0.4987517934 0.5040184335 0.5004958523 0.5000765650 0.4995657663 0.5008695018 0.4998548509 0.5016895955
0.2386153956 0.5980210098 0.5000005821 0.5003756397 0.5014844779 0.4996447831 0.4993905209 0.4999098361 0.5001066458 0.4695557364 0.5001967956 0.4942310377
0.1568653548 0.5745955602 0.5011697761 0.4966149468 0.4999767231 0.4994049896 0.5002183725 0.4999252619 0.5000566242 0.5002655933 0.4995967128 0.5002251218
0.0527480324 0.6171483683 0.4996320942 0.5000451885 0.5001752964 0.5000930583 0.4998723928 0.5000224400 0.5003699120 0.4994798090 0.4986852398 0.4999673605
0.6418307217 0.6007819879 0.5023506568 0.5001107947 0.5020513571 0.5009662829 0.5011245092 0.5001577964 0.5016737546 0.5025488824 0.5000212798 0.4993708210
0.7817409231 0.2002902754 0.5034135460 0.4998568010 0.4984319598 0.4999400669 0.4993868839 0.4986179565 0.4994082477 0.4999897291 0.5005067420 0.4997207007
0.2655497527 0.1076887590 0.5000344734 0.4999755523 0.5013202739 0.4997079420 0.5011935964 0.4985635025 0.5001297765 0.5002119642 0.4987742509 0.5015834436
0.5472025132 0.6293489018 0.5002691997 0.5005976053 0.5019181244 0.4991557626 0.5347189968 0.4983661728 0.5005448114 0.5039289194 0.4924977002 0.4997890405
0.2132672767 0.1427249567 0.5004289056 0.4999333714 0.4979540174 0.4998305465 0.4985880589 0.5000759804 0.5000342908 0.4982988441 0.4999742365 0.4990729632
0.8732272275 0.3036153628 0.5058109236 0.5001257322 0.4985203267 0.4995649097 0.4995108907 0.5000647264 0.4992814539 0.5001964712 0.5031369439 0.5002273212
0.3446030410 0.3066188373 0.5006545878 0.5001675463 0.5075137942 0.4998464279 0.4993388522 0.4979268605 0.5004098104 0.5000017426 0.5032096701 0.4997836297
0.0617144785 0.8181393810 0.5001310381 0.5001632462 0.5001445482 0.4999308864 0.4991059234 0.5003220082 0.5004548336 0.4998168046 0.5002438107 0.4996868633
0.4888016707 0.6132739778 0.5002303645 0.5002478097 0.5016293602 0.5014915143 0.5003797469 0.4997960918 0.4996067831 0.4993421748 0.5002660146 0.4997894841
0.0000001735 0.8454060768 0.4947333713 0.4999627823 0.4996085269 0.4998249371 0.4996579096 0.4999365544 0.5000231218 0.5000996779 0.4998927610 0.4996723651
0.2295997559 0.0598379828 0.4996221837 0.4986965064 0.4997103327 0.5003005855 0.4999600886 0.5001075501 0.5003422001 0.5174190282 0.5001373779 0.4999662554
0.8732272275 0.3358604171 0.5057635715 0.5001297105 0.4983580455 0.4995649097 0.4995108907 0.5000647264 0.4992814539 0.5002172428 0.5031369439 0.5002273212
0.5984288231 0.5571403902 0.5002249010 0.4999842581 0.4996426573 0.5008313604 0.5716327356 0.4975144098 0.4995972608 0.5000849446 0.5029573669 0.5000510692
0.7571096806 0.3122443437 0.5009310469 0.5004455573 0.4995247939 0.4999403786 0.4997279210 0.4997491438 0.4996662342 0.4999580810 0.5000767129 0.4995816567
0.5207926196 0.5666767374 0.5006915064 0.4999925897 0.4798330453 0.5000821185 0.4997707006 0.4999439571 0.5035270229 0.5000635954 0.4998880522 0.4984588429
0.6227386888 0.3441885223 0.5000073482 0.5004094952 0.5001464304 0.4996386573 0.5006599487 0.4999344508 0.4995307331 0.4998654977 0.4986487626 0.4955842988
0.2968123477 0.5577836727 0.5000063296 0.5002011353 0.4991120224 0.5014300327 0.5009673742 0.5000031268 0.5001050632 0.4968161850 0.4993148362 0.4999740662
0.0457516107 0.3049619376 0.5000344734 0.4999258756 0.4985137412 0.4998512861 0.5011935964 0.4985635025 0.5001297765 0.5002408667 0.5002559225 0.4992154325
0.1043901243 0.6013038134 0.5001623836 0.5002852088 0.4995005518 0.5001286841 0.4994933110 0.4975271443 0.4996322685 0.5001180756 0.5029025930 0.5000479568
0.4787481961 0.9050343881 0.5006208287 0.4984217135 0.5010290599 0.5009016549 0.4995156757 0.4808651782 0.5001038147 0.4679115558 0.4999771049 0.5000738079
0.1694382359 0.7185350182 0.5000299920 0.4982868043 0.5011331025 0.4999650181 0.5006100592 0.4985530649 0.4999747823 0.5001070778 0.4989121627 0.4989459691
0.5091463861 0.1468580120 0.5002218598 0.4998465507 0.4984514647 0.5039235796 0.5004958523 0.5000571710 0.4997291084 0.4999257796 0.4999824954 0.5011271259
0.0248115247 0.3840661355 0.4996221837 0.5001131342 0.4996991391 0.5003005855 0.5005003765 0.5001075501 0.5004120259 0.5029477328 0.4820716465 0.4997918559
0.6397846548 0.1803832275 0.4901578551 0.5006600829 0.4985594161 0.5000091045 0.5004477960 0.5000518073 0.5000659566 0.5022462109 0.4999642281 0.5012813421
0.5741460568 0.5941035223 0.5008005927 0.5000424838 0.4983243497 0.5002736336 0.4840085451 0.5000804963 0.5003307730 0.5002018850 0.5019975996 0.4984576484
0.5472025132 0.5816653780 0.5003155812 0.4989013016 0.3889365711 0.4991883913 0.5347189968 0.4983768802 0.5005448114 0.5039289194 0.4924977002 0.4997713015
