0.9999999860 0.9999999623 0.5000000801 0.5000000411 0.5000000132 0.5000002214 0.5000000733 0.4999996722 0.4999997922 0.5000001291 0.5000001291 0.5000002038
0.9999999074 0.0000000174 0.5000004411 0.5000000107 0.5000001946 0.4999999777 0.4999999568 0.5000000381 0.5000000447 0.5000001995 0.5000000049 0.4999999570
0.0000000000 0.6582625755 0.4999999566 0.5000001647 0.5000000382 0.4999999115 0.5000000773 0.4999999508 0.5000000582 0.5000001925 0.5000000320 0.4999999617
0.4209608383 0.4367109510 0.5000000954 0.5000000853 0.5000003675 0.4999995903 0.5000003693 0.4999999254 0.4999999619 0.4999995634 0.5000001857 0.5000000126
0.1370954256 0.4169912100 0.5000001124 0.4999999298 0.5000002823 0.4999999121 0.4999972398 0.4999996566 0.5000000373 0.5000002297 0.4999998415 0.4999999654
0.5639728732 0.6237482817 0.4999999936 0.4999999914 0.4999995322 0.4999999472 0.4999995867 0.4999997226 0.5000000448 0.4999997928 0.5000000083 0.5000002035
0.4028468752 0.5880723670 0.5000000640 0.4999999033 0.5000002651 0.5000000006 0.5000001082 0.4999999180 0.4999997636 0.5000003934 0.4999998216 0.4999999955
0.5051849330 0.8756163420 0.4999999818 0.4999993245 0.5000004991 0.4999995417 0.4999995620 0.5000002361 0.4999997965 0.5000003192 0.5000000886 0.4999999557
0.6086443151 0.0412506805 0.4999996694 0.5000001907 0.5000002892 0.5000000142 0.5000003200 0.4999996934 0.4999997543 0.5000002090 0.4999999901 0.5000002731
0.4316003827 0.3904973056 0.4999996664 0.4999998495 0.5000002541 0.4999999401 0.5000006865 0.5000004706 0.4999998798 0.5000002405 0.5000001625 0.4999999254
0.2509111497 0.4826649872 0.4999999781 0.4999998954 0.5000004779 0.4999995446 0.5000003673 0.4999997503 0.4999997033 0.4999996067 0.5000000625 0.5000000142
0.2667339706 0.4062203675 0.4999999921 0.4999998665 0.5000001105 0.4999999392 0.5000002165 0.5000000028 0.4999999708 0.5000001632 0.5000000747 0.4999999217
0.0957204954 0.1757057197 0.4999999833 0.5000000220 0.4999997450 0.4999999091 0.4999999522 0.5000000424 0.5000000362 0.5000001735 0.5000000783 0.5000002791
0.2145530087 0.1490232581 0.4999998001 0.4999999072 0.5000005716 0.5000000309 0.5000000331 0.4999999847 0.4999998232 0.5000001370 0.5000001466 0.4999999517
0.0810993806 0.2291074743 0.5000000390 0.4999999635 0.4999992207 0.4999996877 0.4999999649 0.5000000285 0.4999998458 0.5000000306 0.5000000752 0.5000002695
0.0000000000 0.3753062958 0.4999999654 0.5000001647 0.5000000382 0.4999999115 0.5000001103 0.5000000046 0.5000000616 0.5000002549 0.5000000320 0.5000001893
0.0685285915 0.5793408674 0.4999977249 0.5000000663 0.4999998161 0.4999999974 0.5000001910 0.4999999642 0.5000000643 0.5000002081 0.5000000749 0.4999999817
0.6214764023 0.4826649872 0.4999996954 0.4999998954 0.5000004779 0.4999995446 0.4999999470 0.4999997503 0.4999996632 0.5000001866 0.5000000615 0.4999999134
0.3596552035 0.7144118483 0.4999999661 0.5000000903 0.5000002406 0.4999999839 0.4999999987 0.4999996308 0.5000001053 0.5000002482 0.4999999930 0.5000002351
0.1099338283 0.6417679770 0.4999999440 0.4999999907 0.4999995430 0.4999999395 0.5000003863 0.4999996909 0.5000000488 0.5000001986 0.5000000324 0.5000002534
0.6712497179 0.2742751444 0.4999999235 0.5000000170 0.4999996122 0.4999999727 0.5000001353 0.4999996838 0.4999998286 0.5000002053 0.4999998314 0.4999999794
0.5243593290 0.5681274955 0.4999996183 0.5000001566 0.4999994191 0.4999996286 0.4999999072 0.4999997388 0.4999997190 0.4999995800 0.4999998546 0.4999999331
0.7651333933 0.5946374003 0.5000000604 0.5000001962 0.4999999787 0.4999995532 0.5000008481 0.4999995881 0.5000000451 0.4999994900 0.5000000393 0.5000001376
0.7946048311 0.5987923011 0.4999998798 0.5000000225 0.4999996895 0.4999995649 0.5000002450 0.4999997274 0.4999997060 0.5000001986 0.5000000713 0.4999999728
0.2411441138 0.5528633931 0.5000000828 0.5000000635 0.4999998352 0.5000001145 0.4999997063 0.4999999642 0.5000000650 0.5000002081 0.5000000766 0.4999999896
0.5861283258 0.1652504075 0.5000000468 0.5000000711 0.4999987039 0.5000000043 0.4999999515 0.4999999642 0.4999998789 0.5000001644 0.5000000766 0.5000001210
0.2762667305 0.9628752735 0.4999999661 0.5000000671 0.4999997874 0.5000000793 0.4999999199 0.4999999259 0.5000002392 0.5000002192 0.5000000183 0.5000002210
0.3287530089 0.0794882706 0.5000000591 0.5000002627 0.5000005559 0.4999999328 0.4999998976 0.4999996398 0.4999999368 0.5000001900 0.5000000493 0.4999999199
0.0059190723 0.7900141372 0.5000001746 0.5000001170 0.4999999884 0.5000000770 0.5000004823 0.4999995936 0.4999997447 0.4999992151 0.5000000783 0.5000002038
0.8408962645 0.8418966981 0.4999999694 0.5000001153 0.5000001341 0.4999999110 0.5000000553 0.4999994002 0.4999999994 0.5000001719 0.5000000347 0.5000002000
0.6322132751 0.7061553590 0.5000000632 0.4999998779 0.5000000802 0.5000000211 0.4999998724 0.4999997152 0.5000000468 0.5000002565 0.4999997142 0.5000000763
0.1163563339 0.7901165769 0.4999999812 0.5000001120 0.5000001341 0.4999997648 0.5000005618 0.4999995757 0.4999999994 0.5000001759 0.5000000749 0.5000002038
0.0238676561 0.4281416207 0.4999996216 0.5000002561 0.5000001697 0.5000000719 0.4999990866 0.4999998943 0.4999999156 0.5000005488 0.4999999887 0.4999998356
0.4735520623 0.1156496201 0.4999998048 0.4999993245 0.5000000204 0.5000002533 0.5000000708 0.5000002354 0.4999997876 0.5000003418 0.4999998824 0.5000002035
0.0581430026 0.2100323651 0.4999998798 0.5000000225 0.4999996714 0.4999995649 0.5000002450 0.4999997274 0.4999995596 0.5000001736 0.5000000714 0.5000003142
0.5573252770 0.8816511140 0.5000000468 0.5000000711 0.4999987039 0.5000000043 0.4999999515 0.4999999653 0.4999998789 0.5000001639 0.5000000709 0.5000001210
0.8739970400 0.7764774113 0.5000000378 0.5000000488 0.5000000432 0.4999998823 0.5000003159 0.4999995883 0.4999998771 0.5000005816 0.5000002268 0.4999999919
0.1854859212 0.8678927011 0.4999998001 0.4999999072 0.5000005716 0.5000000309 0.5000000331 0.4999999857 0.4999998232 0.5000001365 0.5000001409 0.4999999517
0.0034247927 0.8411757389 0.5000000390 0.5000001686 0.4999997691 0.4999998658 0.5000003468 0.4999996678 0.5000000058 0.4999998448 0.5000000615 0.5000000362
0.3134007145 0.2678605727 0.5000000069 0.5000000510 0.5000000752 0.4999999932 0.5000000717 0.4999995878 0.4999997751 0.5000005352 0.5000000010 0.4999999818
0.4582916565 0.4417885692 0.5000000343 0.4999999833 0.5000000866 0.4999995402 0.4999995969 0.4999999022 0.4999998452 0.4999997800 0.5000000085 0.5000001464
0.4916666943 0.0855947048 0.4999999384 0.4999993363 0.5000000538 0.4999995633 0.5000001519 0.4999996918 0.4999999851 0.5000001790 0.4999998706 0.5000000344
0.7541765785 0.5900289477 0.5000000653 0.5000001900 0.5000002826 0.5000000139 0.4999996229 0.4999998243 0.4999997618 0.4999998624 0.4999999517 0.5000001868
0.0869572769 0.2759457103 0.4999999224 0.5000001044 0.5000001930 0.4999999970 0.5000000745 0.4999995758 0.4999998416 0.4999997273 0.5000000371 0.5000002954
0.4661378820 0.6006500814 0.4999999166 0.5000000360 0.4999999837 0.4999994472 0.4999995686 0.4999998985 0.4999998016 0.5000021403 0.5000000187 0.4999999991
0.1190250208 0.4045171724 0.5000004411 0.5000000107 0.5000001946 0.4999999777 0.4999999568 0.5000000381 0.5000000372 0.5000001995 0.5000000080 0.4999999654
0.6862039528 0.2322800196 0.4999997946 0.5000001658 0.5000003044 0.4999996737 0.4999991080 0.5000001842 0.4999998001 0.5000002554 0.4999998525 0.5000002783
0.1663986323 0.0075471301 0.5000000838 0.4999998763 0.4999999721 0.5000000479 0.4999999097 0.5000000266 0.4999997846 0.4999993453 0.4999999623 0.5000002695
0.0647681718 0.4281416207 0.5000005690 0.5000002561 0.5000001697 0.5000000728 0.4999990866 0.4999998943 0.4999999156 0.5000005488 0.4999999589 0.5000000957
0.2816550071 0.7144118483 0.4999999661 0.5000000903 0.4999998231 0.5000001078 0.4999999987 0.4999996308 0.5000001053 0.5000002482 0.4999999930 0.5000002351
0.3057481704 0.9185314810 0.5000002031 0.5000002120 0.4999999898 0.4999994984 0.5000000365 0.4999996492 0.5000000201 0.5000000758 0.5000000535 0.4999999566
0.0355225378 0.5923313809 0.4999994661 0.4999998611 0.4999994191 0.4999996233 0.4999999072 0.4999997465 0.4999997199 0.4999996285 0.4999998546 0.4999999212
0.6862039528 0.2742751444 0.4999999235 0.5000000170 0.5000004116 0.4999999727 0.5000001353 0.4999996868 0.4999998286 0.5000002423 0.4999998491 0.4999999794
0.1455824124 0.6582625755 0.4999999566 0.5000001647 0.4999997842 0.4999999321 0.5000000772 0.4999999508 0.4999998327 0.5000001925 0.5000000320 0.4999999615
0.2552817086 0.7901165769 0.4999999812 0.5000001120 0.5000001373 0.4999997648 0.5000003474 0.5000000416 0.4999999936 0.5000001756 0.5000000726 0.4999999831
0.7473928965 0.1293027055 0.4999999666 0.5000002120 0.4999991106 0.4999999049 0.4999999692 0.4999996492 0.5000001206 0.5000001972 0.5000000733 0.4999999564
0.3488433550 0.5880723670 0.5000000454 0.4999999033 0.5000002689 0.5000000815 0.5000001082 0.4999997710 0.4999997185 0.5000004508 0.4999998560 0.4999999801
0.5861283258 0.1652504075 0.5000000468 0.5000000711 0.4999987039 0.5000000043 0.4999999515 0.4999999642 0.4999998789 0.5000001644 0.5000000766 0.5000001210
0.0344412682 0.3753062958 0.4999999654 0.5000001789 0.5000000382 0.5000000404 0.5000001081 0.4999999187 0.5000000765 0.5000004314 0.4999998440 0.4999999906
0.4661378820 0.5708579754 0.4999999165 0.5000000360 0.5000001799 0.4999994472 0.4999995686 0.4999998985 0.4999998395 0.4999997191 0.5000000408 0.4999999991
0.1608259946 0.5541615468 0.5000000826 0.5000002017 0.4999999922 0.5000000475 0.4999999094 0.4999999203 0.4999997846 0.4999993354 0.5000000106 0.5000002678
0.8945246706 0.5693419200 0.5000000727 0.5000000316 0.5000000360 0.4999999112 0.5000001490 0.5000001133 0.5000001976 0.5000001916 0.5000000705 0.4999999667
0.4929314775 0.2873488496 0.5000000909 0.4999999607 0.5000000424 0.5000000918 0.4999998752 0.5000000535 0.4999997675 0.5000001782 0.5000000225 0.5000002528
0.2221408569 0.6058135248 0.5000000456 0.4999999106 0.4999996941 0.4999999447 0.5000000421 0.4999997226 0.5000000507 0.4999998688 0.5000001539 0.5000002234
0.6891027286 0.6388776800 0.5000001298 0.5000001352 0.4999986539 0.4999996233 0.4999999328 0.4999999388 0.4999997326 0.5000001574 0.5000000521 0.4999999076
0.3309728623 0.4158227816 0.4999995737 0.5000003122 0.4999992591 0.4999996200 0.5000007176 0.4999999388 0.5000000228 0.5000000709 0.5000000528 0.4999999213
0.3739728736 0.3405277309 0.4999996935 0.5000001918 0.4999997691 0.4999998716 0.5000003468 0.4999996340 0.5000000058 0.4999998883 0.4999999919 0.5000000301
0.1273528968 0.2033043731 0.5000001310 0.5000001216 0.5000000588 0.4999996917 0.5000000556 0.4999993921 0.4999999963 0.4999993531 0.5000000766 0.5000002067
0.2292322561 0.1830781622 0.5000000468 0.5000001229 0.4999987039 0.5000000043 0.5000000480 0.5000008362 0.4999998789 0.5000002011 0.5000000747 0.5000001210
0.1608259946 0.5541615468 0.5000000826 0.5000002017 0.4999999922 0.5000000475 0.4999999094 0.4999999203 0.4999997846 0.4999993354 0.5000000106 0.5000002678
0.1919593825 0.9834655117 0.4999997874 0.5000001814 0.5000005453 0.5000000216 0.4999999702 0.4999996909 0.5000001020 0.5000001606 0.4999998599 0.4999999240
0.2153308325 0.8088361379 0.5000006569 0.4999998048 0.5000000333 0.4999999475 0.5000002051 0.4999999012 0.4999998991 0.4999996716 0.5000000597 0.4999999406
0.6955738588 0.5850146566 0.5000000632 0.4999999026 0.5000000802 0.5000000838 0.4999998494 0.4999997727 0.5000000468 0.5000002565 0.4999997329 0.5000000763
0.2221408569 0.2225330490 0.5000000456 0.4999999035 0.4999996941 0.5000000477 0.5000000516 0.4999996648 0.4999997970 0.4999998899 0.5000001517 0.5000002234
0.3020277456 0.8083137581 0.5000000522 0.5000001824 0.4999998420 0.4999999956 0.4999999683 0.4999996909 0.5000000254 0.5000001606 0.4999998760 0.4999999108
0.3834077277 0.3785808864 0.4999996778 0.5000002124 0.5000002842 0.4999999182 0.4999997967 0.5000007026 0.4999998091 0.5000002316 0.4999998429 0.4999999555
0.8739970400 0.3971398213 0.5000000378 0.5000000488 0.5000000432 0.4999999257 0.5000003722 0.4999995883 0.4999998771 0.5000005816 0.5000000113 0.5000001444
0.2221408569 0.6058135248 0.5000000456 0.4999999106 0.4999996941 0.4999999447 0.5000000421 0.4999997226 0.5000000507 0.4999998688 0.5000001539 0.5000002234
0.0869572769 0.3057599252 0.4999999224 0.5000001044 0.4999999968 0.4999999970 0.5000000745 0.4999995758 0.4999998037 0.5000021485 0.5000000151 0.5000002954
0.1535778372 0.0780253849 0.4999997997 0.4999998686 0.4999997718 0.5000000309 0.5000000881 0.4999999857 0.4999997892 0.5000001027 0.5000001419 0.4999999331
0.2855178149 0.7092128806 0.5000000454 0.4999998786 0.5000002689 0.5000000188 0.5000001312 0.4999997136 0.4999997185 0.5000004508 0.4999998373 0.4999999801
0.7125338459 0.7782658144 0.4999997946 0.5000000170 0.4999993795 0.4999996724 0.5000000523 0.4999995720 0.4999997923 0.5000002453 0.4999998705 0.5000002074
0.3834077277 0.3567076413 0.4999996694 0.5000001901 0.5000002842 0.5000000148 0.4999996201 0.5000007026 0.4999997543 0.5000001982 0.4999999902 0.5000001873
0.7758333914 0.0374051610 0.5000001149 0.5000000332 0.5000003342 0.5000000139 0.4999996229 0.4999997380 0.4999997850 0.5000004202 0.4999998854 0.5000001868
0.4517860843 0.6753056956 0.4999997553 0.4999994814 0.4999996601 0.4999995417 0.4999996170 0.5000003223 0.4999997644 0.4999997839 0.4999999483 0.5000001992
0.5421424186 0.0855947048 0.4999999384 0.4999993363 0.5000000538 0.4999995633 0.4999964498 0.4999999939 0.4999998029 0.5000001622 0.4999998764 0.4999999991
0.9620930624 0.8925793670 0.5000001003 0.5000000271 0.5000002245 0.4999999298 0.4999999374 0.5000000048 0.4999998016 0.5000002066 0.5000000608 0.4999999429
0.0457204096 0.8155347675 0.5000000720 0.5000001120 0.5000001191 0.4999997648 0.4999999533 0.4999995757 0.4999999994 0.4999998566 0.5000000767 0.5000002038
0.0754348792 0.8411757389 0.5000000390 0.5000001686 0.4999997691 0.4999998658 0.4999966447 0.4999999699 0.4999998236 0.4999998281 0.5000000672 0.5000000009
0.2877879877 0.5938044759 0.4999999060 0.5000000481 0.4999999591 0.4999999727 0.5000000389 0.4999997446 0.4999998337 0.5000018609 0.4999998491 0.5000000142
0.5421424186 0.0855947048 0.4999999384 0.4999993363 0.5000000538 0.4999995633 0.4999964498 0.4999999939 0.4999998029 0.5000001622 0.4999998764 0.4999999991
0.3888505634 0.5880723670 0.5000000640 0.4999998891 0.5000002651 0.4999998717 0.5000001104 0.5000000039 0.4999997487 0.5000002169 0.5000000096 0.5000001942
0.3020277456 0.9851069276 0.4999999456 0.5000001814 0.4999998420 0.5000000216 0.4999999702 0.4999996909 0.5000001020 0.5000001606 0.4999998599 0.4999999202
0.2667339706 0.1972742655 0.4999997927 0.5000000095 0.5000002202 0.4999999828 0.5000002165 0.5000000006 0.4999997161 0.4999993872 0.5000000781 0.4999999217
0.2877879877 0.5938044759 0.4999999060 0.5000000481 0.4999999591 0.4999999727 0.5000000389 0.4999997446 0.4999998337 0.5000018609 0.4999998491 0.5000000142
0.1401981227 0.1802440383 0.5000000727 0.5000000316 0.5000000178 0.4999999112 0.5000001490 0.5000001133 0.5000000512 0.5000001666 0.5000000706 0.5000003081
0.5324337313 0.4826649872 0.4999999781 0.4999998954 0.4999994784 0.4999995332 0.5000003673 0.4999997503 0.4999997033 0.4999996067 0.5000000625 0.5000000142
0.8280686365 0.1149208187 0.4999999833 0.4999998725 0.4999997554 0.5000000940 0.4999999522 0.5000000424 0.4999997190 0.5000001741 0.5000000783 0.4999999632
0.0186596914 0.6418732532 0.4999997867 0.5000001647 0.5000000382 0.4999999754 0.5000000677 0.4999999508 0.5000000582 0.5000001925 0.5000000320 0.4999999617
0.7237512205 0.5123354045 0.5000000469 0.4999999833 0.5000000866 0.4999999860 0.4999995969 0.4999999022 0.4999998424 0.5000000733 0.5000000022 0.5000001464
