0.3484477124 0.0000002830 0.0000000208 0.0000000022 0.0000000334 0.0000000069 0.0000000256 0.0000000551 0.0000000163 0.0000000138 0.0000000291 0.0000000040
99.4961599202 99.5019870094 0.0000000273 0.0000000039 0.0000000312 0.0000000004 0.0000000351 0.0000000153 0.0000000269 0.0000000688 0.0000000167 0.0000000047
0.0000217481 61.4399078780 0.0000000260 0.0000000004 0.0000000074 0.0000000087 0.0000000045 0.0000000471 0.0000000011 0.0000000212 0.0000000045 0.0000000105
65.5014554764 54.8418439272 0.0000000117 0.0000000080 0.0000000231 0.0000000003 0.0000000262 0.0000000125 0.0000000005 0.0000000245 0.0023134943 0.0000000695
73.5839738732 68.7931311420 0.0000000076 0.0000000181 0.0000000057 0.0000000361 0.0000000046 0.0000000468 0.0000000008 0.0000000549 0.0000000060 0.0000000302
70.1184303080 75.4351317298 0.0000000274 0.0000000441 0.0000000184 0.0000000058 0.0000000131 0.0000000252 0.0000000111 0.0000001889 0.0000549369 0.0000000049
34.8235374167 82.8637611360 0.0000000606 0.0000000002 0.0000000139 0.0000000104 0.0000000228 0.0000000439 0.0000000022 0.0000001266 0.0000000100 0.0000000014
72.8721676237 23.5110423982 0.0000000400 0.0000000772 0.0000049647 0.0000000723 0.0000001947 0.0000000278 0.0000000792 0.0000025781 0.0000000420 0.0000000224
87.5387394621 87.5148583906 0.0000000378 0.0000000044 0.0000000286 0.0000000038 0.0000000069 0.0000000138 0.0000000796 0.0000003023 0.0027118585 0.0000000587
56.8166646554 80.1627704145 0.0000912073 0.0000000066 0.0000000775 0.0000000130 0.0000000027 0.0000000372 0.0000000178 0.0000001906 0.0000000094 0.0000000121
83.4959449453 81.4932464368 0.0000000556 0.0005715654 0.0000000060 0.0000000715 0.0000000004 0.0000000077 0.0000000009 0.0000022329 0.0040977648 0.0000000016
36.0950762482 28.0684014358 0.0000000064 0.0000000110 0.0000000100 0.0000000097 0.0000000374 0.0000000499 0.0000000139 0.0000000698 0.0000000143 0.0000000105
75.5060796517 44.1457238649 0.0000000082 0.0000000068 0.0000000186 0.0000000311 0.0000000126 0.2033767979 0.0000000062 0.0000000957 0.0000000115 0.0000000052
58.7112948865 31.5299486554 0.0000912073 0.0309584431 0.0000000240 0.0000000078 0.0000000022 0.0000000121 0.0000000190 0.0000000598 0.0000000093 0.0000000032
83.4260460148 72.1189266515 0.0000001308 0.0002019190 0.0000000002 0.0000000773 0.0000000091 0.0000000064 0.0000000167 0.0000000979 0.0052450838 0.0000000030
33.4632258872 33.5758343633 0.0000000257 0.0295331229 0.0000000198 0.0000000073 0.0000000061 0.0000000138 0.0000000011 0.0000000108 0.0000000032 0.0000000010
75.5060796517 73.5287197372 0.0000025938 0.0000000060 0.0000000058 0.0000000374 0.0000000230 0.0009087505 0.0000000062 0.0000000957 0.0000000643 0.0000000010
77.4498898801 19.7097287954 0.0000000034 0.0000000121 0.0000000157 0.0000000013 0.0000000071 0.0000000544 0.0000000184 0.0000000550 0.0000000813 0.0000000173
27.6174281896 1.1912002253 0.0000009235 0.0000000061 0.0000503943 0.0000000011 0.0000000375 0.0000000258 0.0000000066 0.0000000249 0.0000109573 0.0000000018
93.5425725420 86.1532318193 0.0000000378 0.0000000572 0.0000000291 0.0000000286 0.0000000154 0.0000000138 0.0000000236 0.0000003318 0.0028186006 0.0000000024
14.2800833371 96.1765197442 0.0000000271 0.0000000162 0.0000000165 0.0000000108 0.0000000080 0.0000001413 0.0000000160 0.0000002296 0.0000005366 0.0000000034
95.4823485310 99.5019870094 0.0000000268 0.0000000048 0.0000000200 0.0000000001 0.0000000233 0.0000000487 0.0000000014 0.0000000190 0.0000000046 0.0000000033
57.4088129088 77.4969104421 0.0000971352 0.0000009958 0.0000000074 0.0000001193 0.0000000014 0.0000000469 0.0000000477 0.0000000190 0.0000460335 0.0000000023
19.9286260675 60.7673419150 0.0000000125 0.0000000003 0.0000000377 0.0000000067 0.0000000614 0.0000004360 0.0000000008 0.0000001823 0.0000000036 0.0000000227
80.1894885565 39.5902302791 0.0000000423 0.0000016263 0.0000000190 0.0000000276 0.0000000115 0.0000000376 0.0000000038 0.0000000323 0.0000002965 0.0000000027
8.7103068385 84.7689620501 0.0000000505 0.0000000586 0.0000049198 0.0000000053 0.0000000346 0.0000000281 0.0000000708 0.0000015870 0.0000000174 0.0000000218
98.1366223449 78.1780611186 0.0000001185 0.0026679015 0.0000000209 0.0000000360 0.0000001071 0.0000004315 0.0000000181 0.0000000568 0.0000000324 0.0000000143
30.9689011786 16.1738909492 0.0000000260 0.0000000055 0.0000000199 0.0000000133 0.0000000003 0.0000000489 0.0000000014 0.0000000212 0.0000000104 0.0000000114
46.9377566791 98.8424504463 0.0000000061 0.0000001543 0.0000000259 0.0000001331 0.0000000096 0.0000000473 0.0000000462 0.0000000924 0.0000448232 0.0000000021
36.1320003781 26.1886341991 0.0000000426 0.0000000113 0.0000000071 0.0000000082 0.0000000073 0.0000000051 0.0000000141 0.0000000861 0.0000000060 0.0000000125
67.5226111016 48.7254288205 0.0000000495 0.0000000412 0.0000000058 0.0000000092 0.0000000025 0.0000000395 0.0000000064 0.0000000087 0.0000002819 0.0000000035
49.4591154312 6.4842060794 0.0000001275 0.0001104582 0.0000000522 0.0000000132 0.0000000075 0.0000000176 0.0000000014 0.0000001068 0.0013666455 0.0000000036
80.2573309560 96.8213111147 0.0000000559 0.0000898572 0.0000000060 0.0000000723 0.0000000113 0.0000000341 0.0000000008 0.0000021027 0.0000292737 0.0000000027
20.8309834871 36.8402887033 0.0000000146 0.0000047584 0.0000000081 0.0000000030 0.0000000061 0.0000004061 0.0000000008 0.0000001431 0.0000000028 0.0000000008
38.8539596186 2.1892058384 0.0000001175 0.0000001832 0.0000030588 0.0000000589 0.0000000080 0.0000000456 0.0000000017 0.0000000364 0.0000056649 0.0000000040
53.4141717054 50.8682327997 0.0000178520 0.0000000037 0.0000000302 0.0000000352 0.0000000881 0.0000000293 0.0000000190 0.0000000414 0.0000000700 0.0000000138
11.3677602948 20.8208377429 0.0000000563 0.0000000027 0.0000000069 0.0000000199 0.0000000065 0.0000000027 0.0000000025 0.0000002897 0.0000000067 0.0000000127
69.4300676489 91.5128359453 0.0000000005 0.0000009423 0.0000000077 0.0000000844 0.0000000068 0.0000000446 0.0000000222 0.0000003394 0.0982330146 0.0000000046
96.8503872164 93.5178772571 0.0000000255 0.0004656824 0.0000000205 0.0000000042 0.0000000088 0.0000000369 0.0000000101 0.0000000174 0.0805764832 0.0000000014
61.5765215806 77.4969104421 0.0000001227 0.0000009973 0.0000000139 0.0000001193 0.0000000340 0.0000000457 0.0000000477 0.0000000456 0.0033144014 0.0000000033
16.9268967587 17.3285782195 0.0000000832 0.0000538822 0.0000000157 0.0000000643 0.0000000065 0.0000000152 0.0000000006 0.0000001906 0.0000985999 0.0000000109
29.5749581922 10.0581345514 0.0000086128 0.0000000473 0.0000000043 0.0000000070 0.0000000228 0.0000000579 0.0000000061 0.0000001266 0.0004950651 0.0000000009
42.8548398795 35.4804884779 0.0000000169 0.0000000046 0.0000005647 0.0000000009 0.0000000075 0.0000000257 0.0000000127 0.0000000191 0.0000000031 0.0000000011
45.4677343725 70.0564887078 0.0000000007 0.0000000158 0.0000000057 0.0000000019 0.0000000023 0.0000000459 0.0000000203 0.0000000592 0.0000000011 0.0000000270
24.8002492991 80.1627704145 0.0000059685 0.0000000066 0.0000001119 0.0000000130 0.0000000032 0.0000000372 0.0000000179 0.0000007468 0.0000000094 0.0000000121
51.6557067035 50.8682327997 0.0000178520 0.0000000181 0.0000000198 0.0000000028 0.0000000077 0.0000001459 0.0000000071 0.0000000581 0.0000000197 0.0000000092
22.6922981426 0.2245160653 0.0000003213 0.0000000096 0.0000100726 0.0000000069 0.0000000258 4.6821281718 0.0000000234 0.0000000251 0.0000809207 0.0000000034
59.4870098062 8.2682861800 0.0000000129 0.0000000566 0.0000000872 0.0000000120 0.0000000026 0.0000000027 0.0000000017 0.0000000167 0.0001806358 0.0000000073
2.8225936845 94.8326641653 0.0000000738 0.0000000209 0.0013579041 0.0000000456 0.0000000242 0.0000000202 0.0000000001 0.0000000650 0.0000000310 0.0000000088
42.8548398795 34.2533032348 0.0000000167 0.0000035948 0.0000005647 0.0000000009 0.0000000075 0.0000000180 0.0000000127 0.0000000205 0.0016393188 0.0000000033
85.4756224479 12.0237376729 0.0000000073 0.0000000085 0.0000000006 0.0000000109 0.0000000114 4.8663602534 0.0000000049 0.0000000986 0.0000000820 0.0000000023
92.1841945828 73.4664493552 0.0000000515 0.0000000797 0.0000000429 0.0000000013 0.0000000109 0.0000000091 0.0000000832 0.0000000433 0.0002929075 0.0000000543
31.5626923731 18.1634804535 0.0000000086 0.0000000086 0.0000000147 0.0000000105 0.0000000073 0.0000000259 0.0000000101 0.0000000392 0.0000000819 0.0000000778
26.1301086908 62.2050489288 0.0000000072 0.0000000096 0.0000098306 0.0000000068 0.0000000097 4.6821281718 2.3864614144 0.0000000251 0.0000682044 0.0000000006
85.4650968972 96.8213111147 0.0000000621 0.0000093556 0.0000000060 0.0000000731 0.0000000077 0.0000000084 0.0000000009 0.0000021371 0.0000267652 0.0000000016
69.4300676489 91.5384798551 0.0000001499 0.0000009739 0.0000000082 0.0000000895 0.0000000069 0.0000000065 0.0000000219 0.0000004082 0.0164345188 0.0000000046
0.0000217481 42.1056721265 0.0000001164 0.0000000026 0.0000000074 0.0000000132 0.0000000227 0.0000000471 0.0000000011 0.0000000212 0.0051577002 0.0000000098
9.0284075392 89.5248237810 0.0000000856 0.0000000146 0.0000000109 0.0000000316 0.0000000125 0.0000000092 0.0000000177 0.0000002292 0.0000008432 0.0000000035
40.8430320074 1.5804128257 0.0000000598 0.0000000035 0.0000004379 0.0000000186 0.0000000154 0.0000000193 0.0000000008 0.0000000104 0.0038612970 0.0000000011
0.0080638349 53.5674963901 0.0000000206 0.0000000004 0.0000000331 0.0000000068 0.0000000054 0.0000000471 0.0000000011 0.0000000139 0.0000000023 0.0000000108
45.4677343725 70.8438931759 0.0000000007 0.0000000158 0.0000000057 0.0000000092 0.0000000023 0.0000000459 0.0000000203 0.0000000592 0.0000000011 0.0000000280
96.7769318103 80.8131725081 0.0000000375 0.0005556097 0.0000000069 0.0000000160 0.0000000159 0.0000000208 0.0000000010 0.0000000029 0.0052968158 0.0000000033
8.7103068385 45.5392213626 0.0000008776 0.0000002995 0.0000001206 0.0000000077 0.0000000039 0.0000000256 0.0000000038 0.0000015168 0.0000000112 0.0000000215
64.8274287885 78.1780611186 0.0000000221 0.0026679015 0.0000000310 0.0000000013 0.0000001064 0.0000000558 0.0000000091 0.0000000352 0.0000000183 0.0000000097
11.5262473244 21.5749277610 0.0000000482 0.0000000798 0.0000003333 0.0000000187 0.0000000178 0.0000000060 0.0000000022 0.0000002897 0.0000000249 0.0000000041
88.1629149323 96.8213111147 0.0000000559 0.0000898572 0.0000000055 0.0000000829 0.0000000069 0.0000000084 0.0000000009 0.0000001970 0.0000292737 0.0000000016
96.8503872164 14.2590058879 0.0000000065 0.0000007129 0.0000000162 0.0000000040 0.0000000158 0.0000000369 0.0000000242 0.0000000493 0.0860206570 0.0000000040
95.4257857569 94.8326641653 0.0000000538 0.0000000801 0.0001649757 0.0000000505 0.0000000101 0.0000000208 0.0000000840 0.0000000448 0.0000095985 0.0000000900
78.2113206856 18.7275522119 0.0000000243 0.0000000107 0.0000000224 0.0000000034 0.0000000062 0.0000000055 0.0000000178 0.0000000205 0.0000000121 0.0000000163
68.1538299313 8.8927577509 0.0000001728 0.0311993083 0.0000000204 0.0000000617 0.0000000062 0.0000000079 0.0000000676 0.0000000170 0.0002135393 0.0000000069
5.0710294360 4.4061149127 0.0000000903 0.0000538822 0.0000000157 0.0000000643 0.0000000065 0.0000000185 0.0000000006 0.0000001906 0.0049557352 0.0000000008
0.5482292034 89.5248237810 0.0000117349 0.0016678274 0.0000000263 0.0000000285 0.0000000143 0.0000000092 0.0000000177 0.0000002267 0.0000008432 0.0000000032
53.4141717054 26.9275356581 0.0000178520 0.0000000131 0.0000003430 0.0000000398 0.0000000291 0.0000000293 0.0000000190 0.0000000683 0.0000000700 0.0000000149
22.9564277404 54.1886439482 0.0000000116 0.0000001606 0.0000000012 0.0000000017 0.0000000183 0.0000000347 0.0000000282 0.0000003387 0.0000000136 0.0000000002
60.1272467055 31.5299486554 0.0000868428 0.0299358624 0.0000000283 0.0000000078 0.0000000025 0.0000000137 0.0000000190 0.0000000948 0.0025540457 0.0000000032
6.3925267560 37.5219487732 0.0000000146 0.0000043615 0.0000000081 0.0000000818 0.0000000066 0.0000004061 0.0000000008 0.0000001215 0.0827401112 0.0000000008
96.7769318103 58.9065810881 0.0000000391 0.0000000134 0.0000042880 0.0000000160 0.0000000157 0.0000000208 0.0000000049 0.0000026296 0.0000000074 0.0000000032
90.1776040012 63.4477539578 0.0000000024 0.0000000085 0.0000000884 0.0000000349 0.0000000382 0.0000000208 0.0000000049 0.0000000029 0.0000000074 0.0000000021
11.5262473244 18.7408561359 0.0000001262 0.0000000798 0.0000000190 0.0000000187 0.0000000178 0.0000000096 0.0000000022 0.0000002896 0.0002693953 0.0000000041
18.1968232683 11.5710263655 0.0000000903 0.0000044734 0.0000000026 0.0000000057 0.0000000069 0.8952748282 0.0000000006 0.0000001498 0.0000410470 0.0000000008
0.0000217481 47.3337135654 0.0000000260 0.0000000055 0.0000000199 0.0000000010 0.0000000028 0.0000000312 0.0000000014 0.0000000212 0.0000000046 0.0000000299
30.1817517782 3.3464280167 0.0000000331 0.0000000055 0.0000000199 0.0000000133 0.0000000027 0.0000000489 0.0000000014 0.0000000212 0.0053272805 0.0000000016
46.9377566791 98.8752598348 0.0000000061 0.0000001543 0.0000000259 0.0000000003 0.0000001060 0.0000000378 0.0000000124 0.0000000957 0.0000000092 0.0000000107
24.0333196112 24.8828417505 0.0000000523 0.0000001531 0.0000001767 0.0000000277 0.0000000163 0.0000000016 0.0000000012 0.0000000032 0.0000000136 0.0000000004
17.5243373714 96.1765197442 0.0000000271 0.0000000353 0.0000003394 0.0000000385 0.0000000074 0.0000001408 0.0000000188 0.0000001831 0.0000000056 0.0000000063
17.1014012440 66.1611963322 0.0000000288 0.0000001830 0.0000000171 0.0000000590 0.0000000081 0.0000000452 0.0000000023 0.0000000135 0.0000013146 0.0000000046
73.5572074884 39.5490230936 0.0000000423 0.0000016263 0.0000000185 0.0000000276 0.0000000115 0.0000000361 0.0000000038 0.0000000557 0.0000000328 0.0000000030
95.4547724270 94.2008775956 0.0000000065 0.0000000090 0.0000000197 0.0000000006 0.0000000158 0.0000000478 0.0000000242 0.0000000180 0.0168509112 0.0000000040
81.4911044996 31.5299486554 0.0000836403 0.0309822050 0.0000000086 0.0000000109 0.0000000010 0.0000000121 0.0000000190 0.0000000625 0.0000000093 0.0000000035
99.4961599202 99.5019870094 0.0000000273 0.0000000039 0.0000000312 0.0000000004 0.0000000351 0.0000000153 0.0000000269 0.0000000688 0.0000000167 0.0000000047
64.1222797713 2.7772630675 0.0000000017 0.0000000073 0.0000000076 0.0000000329 0.0000000172 0.0000000257 0.0000000011 0.0000001796 0.0002875654 0.0000000034
67.5226111016 61.4389967352 0.0000000509 0.0000000412 0.0000000058 0.0000000092 0.0000001153 0.0000000407 0.0000000071 0.0000000087 0.0000002819 0.0000000035
50.9188335482 64.1086986672 0.0000000269 0.0000009923 0.0000000259 0.0000000022 0.0000000022 0.0000000551 0.0000000194 0.0000000410 0.0034225759 0.0000000013
8.7103068385 45.5392213626 0.0000008776 0.0000002995 0.0000001206 0.0000000077 0.0000000039 0.0000000256 0.0000000038 0.0000015168 0.0000000112 0.0000000215
1.9632683635 24.8828417505 0.0000000567 0.0000000049 0.0000001767 0.0000000277 0.0000000163 0.0000000012 0.0000000012 0.0000000032 0.0000000137 0.0000000036
89.6409686945 0.0000002830 0.0000000233 0.0000000022 0.0000000004 0.0000000069 0.0000000256 0.0000000551 0.0000000165 0.0000000596 0.0000000291 0.0000000037
93.4517802227 69.4757725628 0.0000000131 0.0000000202 0.0000000234 0.0000000031 0.0000000281 0.0000000055 0.0000000248 0.0000000220 0.0000000330 0.0000000032
0.3701134777 10.3521858678 0.0000000261 0.0000000022 0.0000000079 0.0000000087 0.0000000248 0.0000000551 0.0000000163 0.0000000211 0.0000000324 0.0000000037
92.8780761806 14.2590058879 0.0000000178 0.0000007129 0.0000000578 0.0000000040 0.0000000047 0.0000000336 0.0000000242 0.0000000493 0.0862654461 0.0000000040
93.4517802227 69.4757725628 0.0000000131 0.0000000202 0.0000000234 0.0000000031 0.0000000281 0.0000000055 0.0000000248 0.0000000220 0.0000000330 0.0000000032
