1.2993392456 0.6999630954 0.0000300088
0.0000299849 0.0000300825 1.9992718630
0.0000300606 0.0000299848 1.9992717075
1.8869905188 0.0983789654 0.0139632192
0.8194933899 1.0816486443 0.0981907568
1.7697758660 0.2155936940 0.0139632197
0.0851861333 0.6089968856 1.3051499138
0.0005022313 1.7357688478 0.2635362507
0.0526789307 0.1292681345 1.8173857951
0.7783516369 0.4127940127 0.8081873476
0.2589358165 1.6689403661 0.0714561381
0.1135542390 1.4968761645 0.3889023975
0.9168064177 0.1116978409 0.9708286932
0.1339968432 0.5979954773 1.2673399181
1.3430816917 0.3160162257 0.3402349409
1.0492573317 0.7830905854 0.1669851245
0.3528649805 0.8863223388 0.7601453431
0.3858725037 0.2301374583 1.3834094404
0.5429917187 1.1698876646 0.2864537369
0.4024440981 1.4465785404 0.1506493838
0.6871074221 0.6565135631 0.6557119935
1.1749257847 0.0852652978 0.7391415707
1.4606759532 0.0000323209 0.5386243876
0.4502077396 1.0502396573 0.4988854421
0.0446524468 0.2115141778 1.7431659013
0.7092051384 0.3690705704 0.9210569705
0.4319121610 0.9745267843 0.5928934294
0.1567290092 1.5486336757 0.2939703044
0.0388149281 0.2602957431 1.7002212018
1.4311546407 0.1495523134 0.4191182342
0.0907624801 1.0265377681 0.8820326772
0.2804195799 0.2227293952 1.4961832547
0.5736104912 0.5825289832 0.8431930850
1.7030360357 0.1332641047 0.1630316657
0.3756278261 1.3874510304 0.2362536266
1.7556048208 0.1339560475 0.1097714058
0.7481182668 0.8449604717 0.4062542455
0.1062998833 0.7609156033 1.1321168810
0.5299304173 1.1408934743 0.3285088470
0.6193161619 1.3333389345 0.0466776436
0.5878354174 1.2655616128 0.1459357074
1.3707190812 0.2883788610 0.3402349460
0.1445061008 1.5886862454 0.2661398399
0.4384503657 0.4865281663 1.0743541482
0.4523089692 1.4073687091 0.1396546549
0.7341966017 0.0619797431 1.2031563890
0.3423961032 1.2307254136 0.4267068258
0.1750824759 1.3092009625 0.5150483274
1.2201419980 0.4223237715 0.3568670091
0.0970393921 0.2535853046 1.6487080118
0.1646428197 1.6268431997 0.2078469695
1.6686058687 0.1975784756 0.1331496178
0.6403812642 0.6198099027 0.7391416202
0.8092006601 0.9139501585 0.2761818504
0.3344666585 0.5057168128 1.1591485947
0.3264418898 1.2057630768 0.4671275450
0.1676164945 0.2377301933 1.5939860148
0.9979439468 0.8187959656 0.1825930254
0.2181655326 0.8601101738 0.9210569685
0.5040883593 0.9183670640 0.5768769353
0.1010242211 0.3804023798 1.5179056549
0.2882650958 1.4763647510 0.2347026144
0.0671786524 1.3070580119 0.6251512879
0.4676369110 0.0039469616 1.5277488345
0.3955643569 0.7206486638 0.8831193699
0.5338966189 0.0231789328 1.4422568187
1.2633265561 0.3614492542 0.3745568648
0.0337490968 0.1153970848 1.8501861519
0.6495949464 0.2459929955 1.1037448999
0.9408875647 0.4989910034 0.5594544288
1.2743721806 0.7151591724 0.0098015614
0.9530828390 0.5684084635 0.4779025691
1.5555912433 0.1895049588 0.2542364771
1.3288633810 0.0576494223 0.6128205937
1.1272904406 0.3016437361 0.5703981095
0.6035232474 0.0000309500 1.3957775919
1.2201419980 0.4223237715 0.3568670091
0.6508041783 0.6367265934 0.7118019227
0.3117836520 0.6913051646 0.9962437930
0.0918274393 0.4652481104 1.4422568134
1.3894023264 0.1645226077 0.4459002568
0.0563865276 0.0799645927 1.8629965144
1.5694212440 0.3692682219 0.0606433927
1.6292318508 0.0714536021 0.2986466838
0.0821406995 0.0041083535 1.9135792858
1.0155259217 0.6730642533 0.3107416942
0.4787145058 1.3643650005 0.1562527095
0.4227188284 0.5212996123 1.0553148261
1.3967082639 0.0640000629 0.5386244070
1.1530971143 0.5597818975 0.2864536748
1.5135741775 0.0306797629 0.4550790090
0.2681063548 0.0933973367 1.6378288667
1.5554327142 0.4161989807 0.0277006189
0.7707489762 1.1158353902 0.1127477761
0.2296108028 0.0265557245 1.7431652389
1.1002687863 0.2944137277 0.6046497769
1.5862455739 0.1932388063 0.2198482945
0.3997726634 1.2812045447 0.3183632216
0.0662140229 0.0409812130 1.8921373179
0.8490799376 0.1034484242 1.0468044000
