0.0000689362 0.0000399948 2.4990086162
1.9667336609 0.5323354490 0.0000400750
0.0000399844 0.0000552026 2.4990140759
0.3845390696 1.9914444688 0.1239800988
0.1182622034 0.0235338729 2.3573133358
2.2922257883 0.0012137053 0.2056778606
0.6257477695 0.9913511811 0.8821025002
1.7354257162 0.0694385059 0.6942593806
0.2568958623 1.4030481007 0.8392129771
1.5728225932 0.1579568751 0.7683822365
0.3545510307 1.8000715772 0.3445082490
0.0002880850 0.8172186848 1.6816023074
0.2259218210 1.2670778014 1.0062875391
0.1959911592 0.1696142271 2.1335035283
2.0821622843 0.0975702196 0.3193870742
0.0007103606 0.2192953209 2.2791093788
1.6319861350 0.4404214109 0.4267021639
0.0686903022 1.8393770744 0.5910888188
0.7884552454 0.3767838119 1.3339364141
2.0169331860 0.3114273145 0.1707514005
0.2782819986 0.0133416613 2.2074862340
0.1374447731 0.9296724463 1.4320356219
1.8211486163 0.1851807117 0.4927962751
1.7294598298 0.7051316678 0.0645205862
0.5338935111 1.2412523167 0.7240589489
2.2486906847 0.0011914129 0.2492349744
1.5312934445 0.4985346620 0.4692918878
0.0014933169 0.4753697353 2.0222522592
1.6775901388 0.4672000864 0.3543516802
0.8880760556 1.0361372425 0.5749079118
0.8185586675 0.3992964687 1.2813152364
0.1818747926 1.3859976825 0.9312594563
0.1562567807 0.7319474346 1.6109576964
1.2254819712 0.2648161242 1.0088800643
1.0539694953 1.1876120711 0.2575369913
1.0093495501 1.4831028382 0.0066588971
0.0542133819 0.5179061235 1.9270235423
2.1639806455 0.0632755810 0.2718576563
1.2494306789 0.9574111095 0.2922695337
0.6967102118 1.2818438536 0.5206545808
0.9110000787 0.4392594230 1.1488543673
1.4086333922 0.6494985170 0.4409794148
0.7257808239 1.0664316224 0.7069059580
0.5616948569 1.3111749601 0.6262399493
0.2146135359 1.6165895799 0.6679376627
0.8739029397 1.3483038530 0.2769105936
0.6247557775 0.9668685238 0.9075586348
0.8588219550 1.5758693650 0.0644240813
1.1316439352 0.3212096636 1.0462612043
0.3272545641 1.0947818237 1.0771339900
1.2078873876 0.0623151917 1.2289142401
2.1400141136 0.0123768134 0.3467244344
0.4144193468 0.2100678126 1.8746803734
0.0416505230 0.4733120351 1.9842161612
0.4154035914 1.9602620873 0.1239635115
0.8240635840 0.3937992384 1.2813233231
0.4907202520 0.5558956925 1.4524930025
1.3099350045 0.3890746150 0.8001069098
0.5867454740 1.7642868217 0.1481392963
0.4659889947 0.5278794640 1.5052444346
0.3823897172 0.3793903482 1.7373293928
0.0884724652 0.1425342984 2.2681165547
0.0946379260 1.2184562806 1.1860795979
1.8984125584 0.1908321302 0.4098644596
0.6775414117 1.1553485118 0.6662204826
0.8537405060 0.4227086903 1.2233289768
0.5412346565 1.4372798464 0.5206441698
0.7636626925 1.1220946162 0.6133614623
0.0098132896 0.6929489105 1.7964093945
0.7425581089 0.3622249679 1.3943874017
0.0707108839 1.6613564271 0.7670490906
0.6984367056 0.3323439803 1.4684228593
1.0122718247 1.1810400229 0.3058100668
0.1446957790 0.7434905289 1.6109252178
0.3131087568 1.5247763112 0.6612473316
1.0970888255 0.8406760543 0.5613456928
1.3816646178 0.0404144069 1.0770344847
2.2619796004 0.1402819221 0.0968493085
1.2325576632 0.7651716892 0.5014459138
0.9424442016 1.2032585701 0.3534160207
0.0932729440 0.0604531975 2.3454564871
1.5054030313 0.3803537754 0.6133612991
0.2920258293 1.7079674608 0.4992018218
0.5601179116 0.5711114223 1.3678939847
0.4421773861 1.8956892257 0.1612885865
0.5146030796 0.5829507973 1.4015547059
0.6575302600 0.2818576430 1.5598175497
2.0472425674 0.1229933502 0.3288860064
0.0193757509 0.4574871737 2.0222517181
1.8569345398 0.1333316422 0.5093437500
0.6490056199 1.0570722560 0.7931557342
0.9693926386 1.2239188484 0.3058100165
1.3634475642 0.0586316868 1.0770346561
0.0758563679 0.4760678036 1.9472293854
1.4740044503 0.6687350295 0.3563872294
1.9345557881 0.2780928836 0.2864647502
1.1678242381 0.6880805603 0.6432966657
1.9667336609 0.5323354490 0.0000400750
0.2011936363 1.5409144315 0.7570032257
1.1203394313 0.2040001258 1.1748262096
