0.9999996783 0.7824989623 0.5999487902 0.5000002551 0.5000003215 0.5000002122 0.4999996611 0.4999994282 0.4000514105 0.4999994846 0.5000403990 0.5000007550
0.0001183074 0.9999993678 0.5999494700 0.5000014685 0.4999988682 0.4999999155 0.4999995246 0.4999969895 0.4000572532 0.4999991354 0.5000458687 0.5000007219
0.0001137447 0.0002056216 0.5999497319 0.4999987586 0.4999999207 0.5000000155 0.4999994716 0.5000001853 0.4000590140 0.4999995443 0.5000469248 0.5000006095
0.9704084183 0.2569357643 0.5999495707 0.4999971085 0.5000000576 0.4999999995 0.4999996690 0.4999998865 0.4000528850 0.5000000093 0.5000529528 0.5000006210
0.6356952349 0.1205837338 0.5999497868 0.4999963422 0.4999988059 0.4999999161 0.4999996703 0.4999997665 0.4000644139 0.5000446460 0.5000404060 0.5000010090
0.5699428890 0.4005202008 0.5999489329 0.4999968265 0.4999967457 0.5000004208 0.4999996740 0.5000013182 0.4000521059 0.4999976831 0.5000414763 0.5000010768
0.0303802933 0.0809925577 0.5999485530 0.4999974762 0.4999989757 0.5000000565 0.4999992578 0.5000001853 0.4000527756 0.4999990449 0.5000457868 0.5000007045
0.6722301425 0.9310962212 0.5999484144 0.4999999563 0.4999989144 0.5000002976 0.4999997179 0.4999995519 0.4000507157 0.4999987247 0.5000404926 0.4999999306
0.9634332811 0.2018314861 0.5999486420 0.5000001862 0.5000003320 0.4999998584 0.4999997550 0.5000009627 0.4000543012 0.5000033741 0.5000526621 0.5000010242
0.7961834883 0.1224601673 0.5999493391 0.4999969176 0.4999987595 0.5000003879 0.4999997114 0.4999953200 0.4000517480 0.5000615882 0.5000496518 0.5000010001
0.7141144788 0.1618532201 0.5999485722 0.5000012556 0.4999989253 0.5000005671 0.4999996463 0.4999994960 0.4000549001 0.4999992946 0.5000426803 0.5000006715
0.1706424618 0.1205837338 0.5999497690 0.4999969046 0.5000002933 0.5000002657 0.4999997618 0.4999994980 0.4000611021 0.5000446460 0.5000404060 0.5000010072
0.1985603398 0.1224601673 0.5999493017 0.4999969603 0.5000003497 0.5000001607 0.4999997114 0.4999991868 0.4000608981 0.5000012177 0.5000405451 0.5000009878
0.3843266166 0.0409716794 0.5999494436 0.4999988690 0.4999986798 0.5000003841 0.4999995576 0.5000001371 0.4000508826 0.5000009592 0.5000493321 0.5000005969
0.5898241840 0.7682079820 0.5999487577 0.5000003843 0.4999993719 0.4999998948 0.4999996656 0.4999992842 0.4000592286 0.4999965241 0.5000399453 0.5000010167
0.8346573264 0.1778773376 0.5999489235 0.4999989156 0.4999988848 0.5000005856 0.4999992899 0.5000017143 0.4000622055 0.4999996024 0.5000401403 0.5000010786
0.7141144788 0.5096917378 0.5999485722 0.5000014255 0.4999994353 0.4999997150 0.4999996463 0.4999994960 0.4000540060 0.4999992946 0.5000426803 0.5000006715
0.7399969761 0.1121421233 0.5999491048 0.4999963319 0.5000007054 0.4999998905 0.4999991423 0.5000019580 0.4000622552 0.4999992784 0.5000448799 0.5000008502
0.8783587758 0.4641573658 0.5999488227 0.4999974583 0.4999986723 0.5000002792 0.4999997428 0.5000001547 0.4000658191 0.4999985097 0.5000438503 0.5000008313
0.7715779122 0.1324535357 0.5999486413 0.4999955228 0.4999929257 0.4999999431 0.4999996484 0.4999968611 0.4000560921 0.4999996871 0.5000525877 0.5000006713
0.8793606620 0.9673706375 0.5999486388 0.4999999695 0.4999999698 0.5000002264 0.4999995186 0.4999981298 0.4000537064 0.4999989595 0.5000393678 0.5000013706
0.0931488928 0.6085245303 0.5999494757 0.5000017506 0.4999999187 0.4999999675 0.4999996829 0.4999969895 0.4000519867 0.4999991354 0.5000458687 0.5000007219
0.8864325661 0.9993930045 0.5999488635 0.4999970635 0.4999988766 0.4999999126 0.4999995042 0.5000001723 0.4000569488 0.5000001442 0.5000529372 0.5000010261
0.6947941050 0.9607055584 0.5999488692 0.4999990659 0.4999998683 0.4999999758 0.4999994727 0.5000001723 0.4000517103 0.5000001667 0.5000520652 0.4999998917
0.9999996783 0.3731602000 0.5999487902 0.4999971128 0.5000003213 0.5000000142 0.4999996611 0.4999994487 0.4000514105 0.4999993843 0.5000403990 0.5000010238
0.5608392818 0.1224601673 0.5999486450 0.4999965401 0.4999990374 0.5000004142 0.4999997486 0.4999967093 0.4000548078 0.5000036852 0.5000430982 0.5000000134
0.8978841621 0.5793778578 0.5999483304 0.4999971259 0.4999988528 0.5000005336 0.4999997783 0.5000004151 0.4000579798 0.5000001154 0.5000496096 0.5000007053
0.6806093822 0.9739089611 0.5999497407 0.4999961803 0.4999992504 0.4999999961 0.4999996041 0.5000000545 0.4000517556 0.4999985125 0.5000439072 0.5000010672
0.9925725752 0.5419111842 0.5999485835 0.4999975677 0.5000002327 0.5000005149 0.4999997549 0.5000010604 0.4000549007 0.5000037113 0.5000497525 0.5000007090
0.4917895287 0.0336588286 0.5999494317 0.5000000625 0.4999986798 0.5000002985 0.4999996640 0.5000001371 0.4000549766 0.5000009592 0.5000399837 0.5000006072
0.6301471897 0.4898960601 0.5999488692 0.4999973440 0.4999999126 0.4999999676 0.4999995704 0.4999966016 0.4000516822 0.5000001442 0.5000529372 0.5000009983
0.7353984459 0.2519613808 0.5999487317 0.4999964017 0.5000000168 0.4999997377 0.4999985599 0.4999955524 0.4000527755 0.4999990343 0.5000422774 0.5000000452
0.3679803308 0.7537152863 0.5999487265 0.4999989125 0.5000003576 0.5000002217 0.4999996944 0.4999995167 0.4000651038 0.4999994818 0.5000431189 0.5000006312
0.9708117525 0.0606425710 0.5999486450 0.5000009505 0.5000003503 0.5000004134 0.4999997056 0.4999944957 0.4000549242 0.5000010670 0.5000523115 0.5000007775
0.8489280526 0.3894276634 0.5999488245 0.4999973452 0.4999986452 0.4999999898 0.4999996639 0.5000001012 0.4000616507 0.4999996397 0.5000385308 0.4999995304
0.4733586830 0.4207265995 0.5999487249 0.4999983392 0.4999999667 0.5000001119 0.4999996304 0.5000008273 0.4000665439 0.4999982148 0.5000530136 0.5000010024
0.8056391469 0.6708772071 0.5999497445 0.4999969359 0.4999999315 0.4999999053 0.4999991739 0.4999982789 0.4000569218 0.4999994403 0.5000522725 0.5000006100
0.8141755159 0.9954532146 0.5999494714 0.5000001506 0.4999989289 0.5000005380 0.4999996695 0.4999969895 0.4000513548 0.4999990931 0.5000410352 0.5000007233
0.5127294259 0.4409596462 0.5999495254 0.4999972145 0.5000010168 0.4999997920 0.4999986668 0.4999991653 0.4000530693 0.4999999626 0.5000394146 0.4999999421
0.6077974339 0.2909457950 0.5999487936 0.4999989156 0.4999988848 0.5000005856 0.4999997956 0.4999994211 0.4000622602 0.4999995911 0.5000401177 0.5000010462
0.9345675526 0.4606807954 0.5999487730 0.4999938238 0.5000001173 0.5000006331 0.4999997193 0.5000002966 0.4000560300 0.4999984381 0.5000541997 0.5000007075
0.1502588563 0.2551968160 0.5999488566 0.4999990969 0.5000007211 0.5000000459 0.4999990959 0.5000019621 0.4000588951 0.4999993573 0.5000421716 0.4999997418
0.8653895200 0.3321920136 0.5999483574 0.4999967693 0.4999990389 0.5000006517 0.4999997472 0.5000001571 0.4000522432 0.4999997676 0.5000423634 0.5000001392
0.3071341683 0.0341442409 0.5999493154 0.5000008971 0.4999989818 0.4999999336 0.4999996690 0.4999997170 0.4000529571 0.5000000013 0.5000528915 0.5000007717
0.5392618397 0.8130261527 0.5999488155 0.5000004550 0.4999988862 0.4999998894 0.4999996639 0.4999994249 0.4000583475 0.4999998407 0.5000385308 0.4999999187
0.8538355867 0.8115999219 0.5999487858 0.5000008067 0.4999991892 0.4999998792 0.4999984393 0.4999983545 0.4000518065 0.4999990559 0.5000391038 0.5000001425
0.8852353155 0.3928702389 0.5999483705 0.4999971279 0.4999989668 0.5000006517 0.4999997622 0.4999994482 0.4000578614 0.5000036953 0.5000394871 0.5000000043
0.9450611940 0.9778712884 0.5999486331 0.4999971992 0.5000002850 0.5000002758 0.4999996458 0.4999979214 0.4000540983 0.5000009746 0.5000392363 0.5000007108
0.2680348026 0.4839976649 0.5999491168 0.4999993780 0.5000017329 0.4999998717 0.4999985217 0.5000018197 0.4000626968 0.4999991016 0.5000496674 0.5000008559
0.1070996483 0.4816433112 0.5999487432 0.4999938242 0.5000001886 0.5000006331 0.4999997191 0.4999997436 0.4000619057 0.4999976355 0.5000530873 0.5000005125
0.6765090686 0.8819806271 0.5999493505 0.4999962660 0.4999989148 0.5000003804 0.4999987218 0.4999956329 0.4000527755 0.4999987753 0.5000450572 0.4999999636
0.8743833658 0.0606425710 0.5999486450 0.5000009505 0.5000003503 0.5000004085 0.4999997056 0.4999944957 0.4000549242 0.5000010670 0.5000523115 0.5000007775
0.6765090686 0.9488142445 0.5999488392 0.4999962494 0.4999989148 0.5000003804 0.4999987218 0.5000016634 0.4000527755 0.4999985907 0.5000450063 0.4999999636
0.4181322561 0.2866629754 0.5999488270 0.4999972095 0.4999986590 0.5000000696 0.4999996736 0.4999994103 0.4000525678 0.4999982284 0.5000423388 0.4999999636
0.4787751500 0.7967253545 0.5999488058 0.4999960465 0.4999991912 0.4999998766 0.4999997202 0.4999994282 0.4000510680 0.4999994413 0.5000403990 0.4999999533
0.7659095939 0.1441943626 0.5999488225 0.4999963768 0.4999929257 0.4999999431 0.4999997374 0.4999970372 0.4000560921 0.4999998200 0.5000529166 0.5000006931
0.6763643341 0.7355254122 0.5999487561 0.4999975983 0.5000005831 0.5000003833 0.4999995867 0.5000016634 0.4000678494 0.5000047335 0.5000423102 0.4999998777
0.3337920446 0.1164445381 0.5999494304 0.4999943571 0.5000010340 0.5000004119 0.4999996263 0.4999991962 0.4000604289 0.4999994729 0.5000530787 0.5000008379
0.7207890679 0.9488142445 0.5999499295 0.4999962494 0.4999989148 0.5000007091 0.4999988040 0.5000000226 0.4000527755 0.4999985907 0.5000449736 0.4999999636
0.5911565398 0.8004887185 0.5999487902 0.5000002226 0.5000003359 0.4999998948 0.4999996639 0.4999994282 0.4000569812 0.4999965241 0.5000403990 0.5000010238
0.9249461791 0.1335139892 0.5999486451 0.4999989348 0.4999986283 0.5000004160 0.4999996498 0.5000008742 0.4000558278 0.4999978900 0.5000526698 0.5000006326
0.6301471897 0.6207915473 0.5999488692 0.4999973440 0.4999999271 0.4999999646 0.4999983989 0.4999966016 0.4000516822 0.5000001442 0.5000529372 0.5000009885
0.9634332811 0.1224601673 0.5999486420 0.5000001896 0.5000002327 0.4999999924 0.4999996611 0.5000009609 0.4000548337 0.5000041914 0.5000489578 0.5000006713
0.2400322228 0.1683456063 0.5999494329 0.4999988690 0.4999986798 0.5000003904 0.4999995576 0.5000001371 0.4000508976 0.5000009592 0.5000493321 0.5000005969
0.6301471897 0.9045090443 0.5999488692 0.4999960393 0.4999999271 0.4999999646 0.4999983464 0.4999966016 0.4000516822 0.5000001442 0.5000529372 0.5000009885
0.3169137396 0.9672208379 0.5999484134 0.4999992303 0.4999989805 0.4999998506 0.4999998783 0.4999996695 0.4000511045 0.4999994250 0.5000498616 0.4999998298
0.8346573264 0.5261877533 0.5999489235 0.4999990854 0.4999993947 0.4999997335 0.4999992899 0.5000017143 0.4000613114 0.4999996024 0.5000401403 0.5000010786
0.6077974339 0.3047551244 0.5999488204 0.4999989156 0.4999988848 0.5000005856 0.4999997333 0.4999972462 0.4000622602 0.4999998014 0.5000568042 0.5000010608
0.1250591212 0.5843576936 0.5999485593 0.4999938242 0.5000001886 0.5000004696 0.4999995587 0.4999997436 0.4000587002 0.4999979669 0.5000529952 0.5000005125
0.9499584112 0.1120371053 0.5999488467 0.4999965227 0.4999999271 0.4999999646 0.4999996727 0.4999967305 0.4000516822 0.5000005125 0.5000534603 0.5000010261
0.5067333170 0.5780936612 0.5999488692 0.4999970906 0.4999999271 0.4999999646 0.4999996625 0.5000001653 0.4000703321 0.5000001442 0.5000529372 0.5000010261
0.6102322636 0.8037329922 0.5999500091 0.5000004189 0.4999988682 0.4999998083 0.4999983961 0.4999962812 0.4000570951 0.5000025211 0.5000414874 0.5000009873
0.8933111859 0.8330237081 0.5999488155 0.4999999576 0.4999988862 0.4999998894 0.4999996639 0.4999981011 0.4000537299 0.5000001655 0.5000385308 0.4999999187
0.9752184314 0.9673706375 0.5999486388 0.4999999695 0.4999999698 0.5000002313 0.4999995186 0.4999981298 0.4000537064 0.4999989595 0.5000393678 0.5000013706
0.9502921850 0.1751176937 0.5999488447 0.4999989241 0.4999983830 0.4999997242 0.4999977798 0.5000002264 0.4000541560 0.5000008903 0.5000523115 0.5000006213
0.3571220548 0.3855766237 0.5999487795 0.4999988591 0.4999987774 0.5000002756 0.4999993752 0.4999995167 0.4000652796 0.4999997946 0.5000431200 0.5000006250
0.0575346780 0.8542033745 0.5999494402 0.5000003394 0.4999988682 0.4999998064 0.4999994717 0.4999969683 0.4000629303 0.4999991089 0.5000451167 0.5000007039
0.4477340427 0.5848024090 0.5999485555 0.4999960405 0.5000007794 0.4999998776 0.4999995689 0.4999991941 0.4000527482 0.4999994625 0.5000524469 0.5000008419
0.9088079870 0.9186361034 0.5999484582 0.5000008226 0.4999992545 0.4999999057 0.4999998432 0.4999979100 0.4000646263 0.4999995524 0.5000526719 0.5000007272
0.9708117525 0.0765558773 0.5999488467 0.4999989241 0.5000003503 0.4999997372 0.4999997159 0.5000002264 0.4000541560 0.5000008903 0.5000523115 0.5000007775
0.8266540402 0.9257913980 0.5999486380 0.4999988344 0.4999991309 0.5000004117 0.4999995292 0.4999974164 0.4000646263 0.4999994637 0.5000522958 0.5000007884
0.2400322228 0.1872044791 0.5999494329 0.4999993809 0.5000018792 0.4999997277 0.4999985665 0.5000000067 0.4000529309 0.5000010043 0.5000496268 0.5000005969
0.7206443336 0.7355254122 0.5999498464 0.4999975983 0.5000005831 0.5000007120 0.4999996689 0.5000000226 0.4000678494 0.5000047335 0.5000422774 0.4999998777
0.1502588563 0.1163443978 0.5999489199 0.4999968340 0.4999988572 0.5000000632 0.4999990959 0.5000019621 0.4000509659 0.5000502667 0.5000423395 0.5000010942
0.5238947728 0.9467838098 0.5999486388 0.5000004668 0.4999999698 0.5000002264 0.4999995186 0.4999994536 0.4000583240 0.4999986346 0.5000393678 0.5000013706
0.3457100445 0.6186272910 0.5999484752 0.4999975705 0.4999992087 0.4999998700 0.4999995689 0.4999970510 0.4000518361 0.4999988372 0.5000514896 0.5000007792
0.4271278138 0.0586897549 0.5999487599 0.4999971252 0.5000015025 0.4999997378 0.4999986563 0.4999962751 0.4000519141 0.4999987466 0.5000498120 0.5000007428
0.9925725752 0.1224601673 0.5999485835 0.4999975122 0.5000002327 0.5000004020 0.4999997550 0.5000010604 0.4000549007 0.5000037113 0.5000514204 0.5000006730
0.9337177540 0.7610213903 0.5999500091 0.5000004206 0.4999988682 0.4999998083 0.4999996597 0.4999998519 0.4000570951 0.5000025211 0.5000414874 0.5000010250
0.9997521801 0.4826402650 0.5999487393 0.4999975705 0.4999991956 0.5000000554 0.4999997293 0.4999995115 0.4000527482 0.4999993321 0.5000513532 0.5000007792
0.9088079870 0.9006054385 0.5999493977 0.5000008243 0.4999992545 0.4999999059 0.4999998511 0.4999978919 0.4000645081 0.4999995524 0.5000526719 0.5000007272
0.3644433411 0.4386161492 0.5999487571 0.4999963422 0.5000003101 0.5000001091 0.4999996873 0.4999997860 0.4000667177 0.5000446460 0.5000404060 0.5000010090
0.2837111528 0.7253586053 0.5999491168 0.4999992079 0.5000004346 0.5000006034 0.4999985217 0.5000008833 0.4000628165 0.5000000844 0.5000498615 0.5000008559
0.0575346780 0.8530595901 0.5999483637 0.5000003394 0.4999988682 0.4999998167 0.4999994717 0.4999968462 0.4000623009 0.4999991169 0.5000522705 0.5000007023
0.4034071521 0.0554443208 0.5999490819 0.5000014595 0.4999999577 0.5000004526 0.4999997583 0.4999994485 0.4000517961 0.5000000648 0.5000542841 0.5000014792
0.3571220548 0.1272617239 0.5999487795 0.4999988591 0.5000001771 0.5000002756 0.4999993752 0.4999995167 0.4000651038 0.4999992927 0.5000431189 0.5000006312
0.2795956042 0.1038546452 0.5999497546 0.4999983392 0.4999999499 0.4999999194 0.4999996155 0.5000008078 0.4000612491 0.4999982148 0.5000530136 0.5000010024
0.8647385749 0.3894276634 0.5999488245 0.4999973452 0.4999986452 0.4999999898 0.4999996639 0.5000001012 0.4000584451 0.4999998407 0.5000385308 0.4999995304
0.8655347569 0.1108676020 0.5999482589 0.4999971227 0.5000008933 0.5000008185 0.4999996707 0.4999985960 0.4000594662 0.5000404612 0.5000433747 0.5000006733
0.5926614747 0.1127480336 0.5999497408 0.4999987380 0.4999986091 0.5000004774 0.4999996084 0.5000001090 0.4000510710 0.4999978132 0.5000526698 0.5000011187
