0.9816836186 0.0000004357
0.0000004913 0.9817234052
0.2118531506 0.8994847497
0.3167730457 0.8553367779
0.8854897641 0.2486477580
0.4816489730 0.7677744263
0.7274924558 0.5300819335
0.7884446093 0.4344906305
0.6497755761 0.6193710433
0.3400200771 0.8427763994
0.7138730605 0.5513912252
0.3691079097 0.8289891212
0.8348155473 0.3588811323
0.0640699418 0.9532586043
0.6344021257 0.6356505195
0.9586191707 0.0520655904
0.2311404087 0.8941334558
0.4602739213 0.7746504263
0.4928862040 0.7531928868
0.0431149366 0.9615597831
0.3501919544 0.8378330404
0.6075332140 0.6601295485
0.3908411576 0.8156535539
0.9457757760 0.0859779815
0.2561225677 0.8813645722
0.0940552712 0.9470502181
0.1847340733 0.9113788400
0.8620760237 0.2981697605
0.8999452558 0.2096854176
0.6662801943 0.6064778430
0.7423380097 0.5089054437
0.8130602638 0.3963052624
0.9249780747 0.1456973679
0.9423825007 0.0974407113
0.1401969075 0.9291306977
0.2465574355 0.8878839552
0.9369556057 0.1151293236
0.8683495622 0.2854560023
0.6874972618 0.5789955966
0.1532351119 0.9238785246
0.7764020780 0.4673047709
0.0809669580 0.9507308783
0.8739938825 0.2731721738
0.6253093262 0.6425493260
0.3886483237 0.8271829262
0.5705999545 0.6949455243
0.8040704404 0.4157723574
0.0165367763 0.9754831480
0.7858149433 0.4496266608
0.8524934710 0.3204041524
0.5296970204 0.7246471003
0.4086868771 0.8050155429
0.8578039625 0.3146855548
0.2782653602 0.8721292264
0.2738267633 0.8738498293
0.9763855472 0.0138741639
0.7091051783 0.5610563484
0.8258470984 0.3933446727
0.8474374009 0.3371314482
0.6798883502 0.5903383921
0.2980308196 0.8632070163
0.5399638154 0.7157310969
0.6589155147 0.6085052905
0.7620913425 0.4777359175
0.4407038425 0.7886135273
0.7604580236 0.4806229074
0.9689648632 0.0345616752
0.8267086142 0.3772951384
0.0319506815 0.9644573737
0.9166542254 0.1771626431
0.9327508694 0.1346742657
0.9688831395 0.0350405917
0.4250922543 0.8031058877
0.9050408835 0.1969406956
0.9538868520 0.0668076588
0.7766638229 0.4560096203
0.8918433823 0.2353587999
0.5586038255 0.7007045935
0.8934701045 0.2246984642
0.5227802559 0.7312981649
0.0233977249 0.9702202300
0.7534397615 0.4978481068
0.8408775332 0.3425453065
0.2972795641 0.8657741873
0.1111120560 0.9399247801
0.5498688627 0.7150215533
0.9340805265 0.1268884468
0.5804999712 0.6826476011
0.6959729014 0.5695206735
0.9211106912 0.1613486033
0.5569734110 0.7078944645
0.0004558382 0.9810242892
0.8063420252 0.4122368680
0.5775889204 0.6847161632
0.5899508544 0.6734294738
0.7524365593 0.4989395552
0.9110971784 0.1830906585
0.6974095460 0.5657512150
0.1659391279 0.9185296582
0.1744796272 0.9172482289
