0.4485416869 0.4458072370 0.4457646131 0.4444663615 0.4449781011
-0.4461039501 -0.4467049797 -0.4474396473 -0.4468172574 -0.4448770639
0.1736779971 0.1102006576 0.1102789773 0.0775947434 0.2101287882
-0.4231183145 -0.4459264297 -0.3671024782 -0.3289638087 -0.4094819867
-0.0380546436 -0.1862859690 -0.0968994332 -0.0622066973 -0.2185914279
-0.0639748880 -0.0557341499 -0.0335526308 -0.1128975728 -0.0741209863
-0.0712373809 -0.0950663092 -0.0923927635 -0.2113972902 -0.1672858276
-0.2699578412 -0.2414777324 -0.3088243148 -0.3283023784 -0.2528508531
-0.1985706974 -0.2384205867 -0.1886359369 -0.2090860895 -0.2188152918
0.1184420633 0.1359992132 0.1935569619 0.1372013218 0.1510232216
0.0745482058 0.0253887873 0.0850952585 0.0717199114 0.1537601031
-0.1609185706 -0.1742807452 -0.1766418792 -0.1833109350 -0.1448868353
0.0265554923 0.0803629090 -0.0020473465 0.1048496768 0.0878357806
0.0306433169 0.0238904894 0.0792803834 0.0774092795 -0.0146375613
0.3752828016 0.2796204856 0.3028483939 0.3546936455 0.3241691060
0.1468643718 0.1134818494 0.2043666648 0.1561579059 0.1819156224
-0.0109340215 -0.0417952255 -0.0995775011 -0.0616274243 -0.0739880041
-0.0738863705 -0.1021776176 -0.1499410130 -0.0594927025 -0.1500546542
-0.3044060137 -0.3255956948 -0.3558505487 -0.3595266530 -0.4107832523
-0.2699578412 -0.1885674494 -0.3088243148 -0.3283023784 -0.2549406735
-0.0514699123 0.0644489553 -0.0438828284 0.0207589910 -0.0068993984
-0.1943856742 -0.2387949343 -0.1905662896 -0.2763265945 -0.2799227631
-0.0726364282 -0.1831582700 -0.1848533235 -0.1514657412 -0.0971236284
-0.1609185706 -0.1886720097 -0.1766418792 -0.1481143635 -0.2095316510
0.1783716756 0.1969376630 0.1651557880 0.1674966526 0.1694545310
-0.0110436512 0.0016648955 -0.0995775011 -0.0616274243 0.0173873708
0.0057080069 0.0238995654 0.0738314650 0.0733308958 0.1841912361
0.0038395268 -0.0081412150 -0.0315374581 -0.0579141809 -0.0255863773
0.4485416869 0.4458072370 0.3024010968 0.4444663615 0.4449781011
-0.2002405429 -0.2380224790 -0.1600103316 -0.1871638216 -0.2055554002
-0.3502138941 -0.3921012949 -0.2753503447 -0.3162808422 -0.3373051495
0.1787643269 0.1162633061 0.2043666648 0.2663818707 0.1732821799
-0.0556902352 -0.0505380153 0.0021723290 0.1048496768 -0.0923849750
-0.3505158513 -0.3900560396 -0.2674904731 -0.3162808422 -0.2841160757
-0.3981012806 -0.2597373129 -0.2951879999 -0.3212529822 -0.2350261695
0.2797058967 0.2623374116 0.2780995845 0.2623711013 0.3677225745
0.0180893091 0.0644489553 -0.0456182396 -0.0031009968 -0.0277024682
0.1802623438 0.1359992132 0.0887921595 0.1087720067 0.0987979650
0.3943920440 0.4194937103 0.3772209433 0.3137679973 0.3778540237
0.3897526134 0.3177589047 0.3918685383 0.3209161909 0.3811285092
0.0745482058 0.0782990703 0.0850952585 0.0717199114 0.1516702827
0.1834705125 0.2739639266 0.2292446177 0.2537332644 0.3133127558
0.0116959280 0.1102806392 -0.0438828284 -0.0101377828 -0.0277024682
0.0265554923 0.0803629090 0.0094775078 0.1024269755 -0.0869272600
-0.0726364282 -0.1870700444 -0.1763679352 -0.1481088129 -0.1665162007
0.3588836273 0.2590026370 0.2292605064 0.3090648670 0.3407931783
-0.0170860346 -0.0506025614 -0.0975865543 -0.0687469971 -0.1463529702
0.0364197557 0.1359992132 0.0938202738 0.0739997402 0.0989252381
0.0300105770 0.0052128883 -0.0438828284 -0.0159952887 -0.0355028045
-0.2044450862 -0.2355920545 -0.1889842137 -0.1997351062 -0.1496126046
-0.4461039501 -0.4467049797 -0.4474396473 -0.3863213001 -0.4448770639
-0.0699988599 -0.1870528809 -0.1778639781 -0.1481143635 -0.1237225507
-0.0539425684 0.0253887873 0.0971331175 0.0717199114 -0.0808532397
0.2843818236 0.2623374116 0.2780995845 0.2583654433 0.2909252549
-0.2699578412 -0.2332793385 -0.2825773630 -0.2143658598 -0.2187758188
-0.3981012806 -0.2597373129 -0.2951879999 -0.3212529822 -0.2350261695
-0.0686583004 -0.0815493587 -0.0899795079 -0.0944569959 -0.1057525001
0.0117889638 0.0243675924 0.1096776998 0.0842079679 0.0885062223
0.0184777792 0.0238995654 0.0738314650 0.0846853299 0.0419570083
0.3588836273 0.3238100195 0.2292605064 0.3090648670 0.3407931783
-0.1454660282 -0.1787244498 -0.1766418792 -0.1502576161 -0.1448372924
0.1320251967 0.1969376630 0.1651557880 0.1876105873 0.1694545310
0.0302813157 0.0193310357 -0.0542872173 0.1048496768 0.0718554632
0.1834705125 0.2422556906 0.2276219482 0.2534160030 0.3133127558
-0.2699578412 -0.1885674494 -0.3088243148 -0.2654906503 -0.2187758188
0.1787643269 0.1345575958 0.2043666648 0.2691499328 0.1732821799
-0.1191674581 -0.1950275934 -0.2456274692 -0.2120215235 -0.1644310221
-0.0692516824 -0.0565728473 -0.0995775011 -0.0616274243 0.0180016867
0.0302813157 -0.0002956780 -0.0542872173 0.1048496768 0.0718554632
-0.0132737326 0.0253887873 0.0971331175 0.0717199114 -0.0903950892
-0.0704230489 -0.1890248161 -0.1778639781 -0.1481143635 -0.1578097544
0.4485416869 0.3946487495 0.4619436785 0.4444663615 0.4287182952
0.1792854893 0.2305629822 0.1740714899 0.2534160030 0.2031939312
-0.1237498193 -0.1833302544 -0.2951879999 -0.3212529822 -0.2350261695
-0.1454660282 -0.1787244498 -0.1766418792 -0.1502576161 -0.1448372924
-0.0667480638 -0.0861268485 -0.1626086085 -0.0605874026 -0.0935111232
0.0305801163 0.0241763221 0.1713872377 0.0782117516 0.0431456939
0.3897526134 0.2529515222 0.3918685383 0.3209161909 0.3811285092
0.1825571066 0.1931278033 0.2189197259 0.1910063930 0.2042839319
0.2843818236 0.2559235028 0.2780995845 0.2583654433 0.2781501986
0.1792854893 0.2305629822 0.1740714899 0.2534160030 0.2031939312
0.3943920440 0.4194937103 0.2579753578 0.3141599248 0.3778540237
0.3588836273 0.2726386707 0.2678699530 0.3090648670 0.3335039187
-0.0738863705 -0.1021776176 -0.1428527986 -0.0594927025 -0.1363263030
-0.2002405429 -0.2380224790 -0.1600103316 -0.3101173187 -0.2055554002
-0.2845794980 -0.3255956948 -0.3763929399 -0.3595266530 -0.4003896242
0.1803071979 0.0367022334 0.1130843848 0.0794689209 0.0885062223
-0.0667480638 -0.0861268485 -0.1006325988 -0.0705506565 -0.0935111232
-0.1191674581 -0.1838306812 -0.2614756847 -0.2120215235 -0.1504102444
-0.2755003664 -0.2436075603 -0.1969414459 -0.3283023784 -0.2549406735
0.1741039766 0.2619711365 0.2060429148 0.2602664938 0.2043275020
-0.0517124870 0.0016648955 -0.0995775011 -0.0616274243 0.0269292203
0.1655126877 0.1066921700 0.1152695970 0.0775947434 0.0885062223
-0.0686793966 -0.0622576107 0.0224139968 -0.0834403811 -0.0252704156
0.1794894574 0.1359992132 0.0935931091 0.1087720067 0.0989252381
0.1989459058 0.1703734650 0.2189197259 0.1866582415 0.2033843650
0.1655126877 0.1102006576 0.1142344271 0.0775947434 0.0885062223
-0.3502138941 -0.3921012949 -0.2674904731 -0.3162808422 -0.2841160757
0.1478313517 0.0910530468 0.1489421503 0.1839564650 0.2014095978
-0.2755003664 -0.2353739451 -0.1969414459 -0.3283023784 -0.2549406735
