-0.4481144881 -0.4457800465 -0.4479229747 -0.4466602952 -0.4467544059
0.4482272663 0.4465248908 0.4467951469 0.4453438586 0.4473273219
-0.1548471322 -0.2090523222 -0.1735735729 -0.1137881337 -0.1296028530
0.0758385393 0.0465928594 0.0715470696 0.1810214879 0.1053077438
-0.0614939826 -0.1096222493 -0.0762287999 -0.1124152743 -0.0753237182
0.1421278301 0.1869771693 0.1450566646 0.0598834369 0.1821928864
0.1447053981 0.1905012552 0.2202773565 0.2195230868 0.2077689151
-0.0640165639 -0.0895223290 -0.1298224473 -0.1018373700 -0.1276983413
0.0767867067 0.0584268482 0.0494805352 0.0862634109 0.1053077438
0.0675918964 0.1163556638 0.0724179145 0.1064620098 0.1723472799
-0.0616939893 -0.2379044102 -0.1747430768 -0.1067854065 -0.1329074479
0.3305115099 0.3355629216 0.3352797847 0.3186403454 0.2926850706
-0.1271842916 -0.1559662713 -0.1642866524 -0.2007175618 -0.1655395007
0.0846244598 0.0684761907 0.0091432590 0.0148279894 0.1053077438
0.1409038404 0.2014884121 0.1922082173 0.1318489943 0.2000979914
0.2864242367 0.2284250974 0.2219232709 0.2299415062 0.2596601030
0.2286504992 0.1946620019 0.3355654008 0.2496078568 0.2721664083
-0.3636752725 -0.4168859857 -0.2968289831 -0.2212058482 -0.3374489660
0.1518102703 0.1166943746 0.1400902826 0.2266987734 0.1499908985
0.0853953291 0.1905012552 0.2202773565 0.2195230868 0.2077689151
0.3201252069 0.3960910708 0.3638411537 0.3781186777 0.3356294779
0.2750025554 0.3221598107 0.3355654008 0.2312343000 0.2765351131
-0.0616939893 -0.2379044102 -0.0778131757 -0.1062450684 -0.1405873170
-0.3000176086 -0.2291866350 -0.1814919151 -0.2044693974 -0.1544695224
0.1518102703 0.1166943746 0.1400902826 0.2266987734 0.1166194726
-0.3323975283 -0.2217008797 -0.1589125109 -0.1718460479 -0.1418574992
-0.3323975283 -0.4061477500 -0.3133007284 -0.4376897433 -0.3550426195
-0.3134143429 -0.4261363523 -0.3551259363 -0.3007760608 -0.3531898905
-0.1829079868 -0.2722101003 -0.2631835753 -0.2722486762 -0.2498393817
-0.0753477869 -0.0515610822 -0.0686455061 -0.0555379562 -0.0747553677
-0.0406324555 -0.0276879537 0.1354803585 0.0187259219 0.0125064706
0.1267741560 0.1698748685 0.1532523918 0.1064620098 0.0929356579
-0.0758937438 -0.0926716415 -0.0762287999 -0.1124152743 -0.0572788349
-0.3937948505 -0.3848410738 -0.4262841811 -0.4497250922 -0.3507455709
0.2757463600 0.2189970114 0.2478897658 0.2195230868 0.2077689151
-0.3372878136 -0.2426272266 -0.2496636927 -0.2038072185 -0.2458083901
-0.3294816117 -0.2267562971 -0.3023380785 -0.2550477659 -0.2457456285
-0.3192027533 -0.2258811772 -0.1822990725 -0.2037562157 -0.2569268682
0.2759323586 0.2202661521 0.3355654008 0.2298270387 0.2730716073
0.1293924068 0.1246697538 0.1309820548 0.0570377000 0.1254713144
0.0771554398 0.1698748685 0.1574877322 0.1064620098 0.0910777964
-0.0406324555 -0.1122394022 -0.0765797194 -0.0147399737 0.0128636402
0.3201252069 0.3884585473 0.3638411537 0.3067542080 0.3356294779
0.0412420456 -0.0346104744 -0.0686455061 -0.0325550528 -0.0258013717
-0.3093964450 -0.2717378585 -0.1814919151 -0.2044693974 -0.1544695224
0.0421656791 -0.0918608170 -0.0031183793 0.0743842919 -0.0241403343
-0.3294816117 -0.2267562971 -0.3023380785 -0.3384930755 -0.2457456285
0.0755364545 0.1065001924 0.1388814873 0.0569166861 0.0531549578
-0.3937948505 -0.3665928255 -0.4262841811 -0.3754237173 -0.3507455709
-0.0406324555 -0.0276879537 -0.0266615117 0.0187259219 0.0125064706
0.4538970311 0.4465248908 0.4199397958 0.4453438586 0.2854588165
0.0706308243 0.0584268482 0.0091432590 0.0148279894 0.1053077438
-0.0749647434 -0.0346104744 -0.0686455061 -0.0555379562 -0.1436980069
0.1495601619 0.2289207117 0.2217133072 0.2195143004 0.2596601030
-0.1013708334 -0.2073573815 -0.1793232517 -0.2046065147 -0.1698262381
0.4538970311 0.4465248908 0.4543850804 0.4570464235 0.2854588165
0.0767867067 0.0584268482 -0.0216577551 0.0148279894 0.1053077438
0.0755364545 0.1065001924 0.1388814873 0.0569166861 0.0531549578
0.4154030111 0.4465248908 0.4467951469 0.4389569540 0.4524420921
0.0404918123 0.0598455360 0.0186282051 0.0204485342 0.0125064706
-0.1250038316 -0.1417459008 -0.1642866524 -0.0586538264 -0.1655395007
0.0188156289 -0.1168039240 -0.0370815198 -0.0008097999 -0.0660785389
0.1267741560 0.1698748685 0.1532523918 0.1064620098 0.0910777964
0.0767867067 0.0584268482 0.0715470696 0.0148279894 0.1053077438
-0.3564368179 -0.4061477500 -0.3133007284 -0.1688721456 -0.3468170943
0.2708866336 0.2214720304 0.2381662682 0.2195230868 0.1675517871
-0.3127581497 -0.2719420457 -0.2997370561 -0.2684832212 -0.2549170355
0.2759323586 0.3958130598 0.3369019755 0.2502215790 0.2730716073
-0.1829079868 -0.2722101003 -0.1793258005 -0.2766032144 -0.2498393817
-0.1271978045 -0.0276879537 -0.0201561057 -0.0499523840 -0.0295153106
-0.1821116519 -0.2399851115 -0.1261901701 -0.2038072185 -0.2319996698
0.2734688887 0.1258165614 0.2368065619 0.2639406820 0.1685290643
0.0853953291 0.1905012552 0.2094170302 0.2195230868 0.2077689151
0.2759323586 0.2421182142 0.3355654008 0.2298270387 0.2730716073
-0.0531711126 -0.0371637988 0.0344605313 -0.0615956617 -0.0295153106
0.0706308243 0.0584268482 -0.0681509430 0.0148279894 0.1386791697
-0.3323975283 -0.4061477500 -0.3133007284 -0.1688721456 -0.3460731566
0.0706308243 0.0584268482 -0.0681509430 0.0148279894 0.1053077438
0.0409759511 -0.0265423780 -0.0299509005 0.0608722488 -0.0242321622
-0.4481144881 -0.4457800465 -0.4479229747 -0.4472006332 -0.4438552239
-0.0749647434 -0.0346104744 -0.0686455061 -0.0555379562 -0.1436980069
-0.0753477869 -0.0515610822 -0.0686455061 -0.0017391435 -0.0747553677
0.2032112759 0.1163556638 0.2333312801 0.1064620098 0.1723472799
-0.0460893077 -0.0895223290 -0.2271118633 -0.1018373700 -0.1276983413
0.0813985433 0.0584268482 0.0820072995 0.0148279894 0.1053077438
0.1855283103 0.1166943746 0.1337513188 0.2416339272 0.1499908985
-0.1013708334 -0.2073573815 -0.2631810265 -0.2002519766 -0.1698262381
-0.1700471274 -0.2078299952 -0.1705370109 -0.2044009633 -0.1531882356
-0.1278551104 -0.1417459008 -0.1940091105 -0.0586538264 -0.1457462537
-0.0805121675 -0.0687801995 -0.1705370109 -0.2072616291 -0.1732098280
0.0848416738 -0.0265423780 -0.0194906706 0.0608722488 -0.0276307006
-0.0406324555 -0.0276879537 -0.0258245581 0.0519123260 0.0125064706
-0.3444799869 -0.2267562971 -0.2959500073 -0.2550477659 -0.2457456285
-0.0758937438 -0.0250708009 -0.0254736387 -0.1124152743 -0.0756808878
-0.3093964450 -0.2498857964 -0.1814919151 -0.2044693974 -0.1544695224
-0.0725146967 0.0598142455 0.0048369379 0.0249345866 -0.0551412750
-0.0640165639 -0.1210977285 -0.1298224473 -0.1018373700 -0.1276983413
-0.3289343687 -0.2571804151 -0.3133007284 -0.4409813499 -0.3550426195
-0.3289343687 -0.2612038100 -0.3133007284 -0.4409813499 -0.3550426195
0.1318061925 0.2084412572 0.2530761398 0.2195230868 0.2156190950
