0.9816379433 0.0000246944
0.0000139679 0.9814889107
0.5123552404 0.7392258685
0.2327819033 0.8968797680
0.4834098786 0.7581890881
0.8951422938 0.2272248312
0.0199287217 0.9741649503
0.3249394253 0.8536515640
0.2694866423 0.8832942862
0.1457092166 0.9269101243
0.2988878581 0.8631252352
0.1234007520 0.9347242223
0.2882868013 0.8678617634
0.8576165118 0.3061762587
0.2108443886 0.9002253007
0.8285702700 0.3655212243
0.0875736836 0.9443697219
0.1083423315 0.9374003388
0.8816958226 0.2756629108
0.5967411946 0.6698056748
0.3435318060 0.8422673500
0.7775446261 0.4648358931
0.7082949806 0.5505044323
0.5311118701 0.7296685893
0.0741833856 0.9492948891
0.9021421542 0.2095533294
0.7438744105 0.5030921066
0.7257451023 0.5276589176
0.2017881077 0.9123640937
0.5434795499 0.7186950075
0.8418926241 0.3556427325
0.4562329280 0.7777320317
0.9204444457 0.1643784797
0.5592955772 0.7048574047
0.6913710432 0.5688161138
0.8828038474 0.2515374665
0.6695862758 0.6053929132
0.7314613986 0.5211368812
0.5794883203 0.6837017260
0.7071518381 0.5516423972
0.6603855213 0.6179483116
0.7914970361 0.4343550496
0.9791008342 0.0047958005
0.4702209695 0.7656353036
0.2703370200 0.8813868146
0.6893752489 0.5710156552
0.8423102540 0.3405442406
0.4388220105 0.7864398328
0.8072541048 0.4211751729
0.0417289648 0.9636145987
0.8481276193 0.3288859893
0.9706197438 0.0234228847
0.3669123936 0.8338117854
0.9651673670 0.0445087010
0.3371093216 0.8469754769
0.6769157882 0.5884331154
0.8178410445 0.4013520332
0.1827634369 0.9142819721
0.9424274683 0.0954866110
0.3910488809 0.8147877028
0.8686713890 0.2826398785
0.7636163104 0.4786936676
0.9651204188 0.0543415784
0.6107849789 0.6567919226
0.0003641967 0.9808650783
0.6034943390 0.6642763150
0.9321652420 0.1267267824
0.7983925665 0.4251618305
0.1622248344 0.9208513850
0.9690286367 0.0266999185
0.9077736686 0.1936526391
0.8620359740 0.2961983454
0.4638030781 0.7729054490
0.4254033671 0.7975317481
0.7834648009 0.4487195701
0.8219807001 0.3819402476
0.8824369032 0.2522612390
0.6331738117 0.6311824181
0.9242111413 0.1510744025
0.6173422273 0.6508507159
0.6710137575 0.5923642002
0.0417289648 0.9636145987
0.0578323195 0.9557329280
0.9569067626 0.0809916259
0.6284340436 0.6388320727
0.8203984134 0.3827762834
0.5378722635 0.7222955999
0.9266251623 0.1461370694
0.6231345075 0.6448391384
0.1622248344 0.9208513850
0.0578323195 0.9557329280
0.6394741788 0.6249230579
0.9376384530 0.1124228437
0.9490603251 0.0924610695
0.3848746831 0.8194007419
0.7850874383 0.4464888943
0.8178410445 0.4013520332
0.7657888141 0.4738413952
0.3762859068 0.8225009878
0.9385839289 0.1105573205
