-19.9999418336 0.0002349192
-14.4346324009 -11.6272816559
-17.9409807434 -3.8757622769
-17.0477026895 -3.8760081499
-19.0815024939 -0.0002922971
-19.9999418336 0.0002349192
-15.6418352473 -7.7515251087
-18.4401252146 -1.9866065159
-14.9322517784 -10.4651984507
-14.4588982300 -11.5787399598
-15.4567336323 -8.2892035077
-14.6122244520 -11.3722456089
-16.1878291625 -7.0371575707
-16.5640743197 -5.5153394943
-15.2126547770 -9.2674994612
-15.8818426974 -7.7515243306
-14.7537805469 -11.0775478284
-18.2344621480 -2.9897797961
-16.9058208060 -4.1565223507
-16.4573104397 -6.0002580250
-16.5971786284 -5.3571005449
-15.9468369030 -7.7184819945
-16.3591458480 -6.4493135238
-18.1323264945 -3.4321826544
-18.1680826015 -3.2437205922
-16.6142789186 -5.1562970625
-15.1118523921 -9.7009475415
-15.2769929344 -8.9969691429
-16.7531966693 -4.6104197120
-18.6108257074 -1.2377326247
-16.5069320166 -5.7946730483
-18.3795305764 -2.2794477201
-18.8419169343 -0.4766719568
-18.4696517194 -1.8478611676
-18.0312594848 -3.7639705334
-16.8337551461 -4.2445627004
-15.2385123523 -9.1523472752
-18.3113437350 -2.5645328615
-16.3878186057 -6.3382973096
-16.5237338368 -5.7140908204
-16.3090288168 -6.6334166408
-16.8003797043 -4.4188122775
-16.7339754388 -4.7119195243
-18.8012835947 -0.5881082703
-16.0244655405 -7.5883949587
-14.7959003223 -10.8573536139
-15.5787584550 -7.8865561679
-15.0025609572 -10.1452933936
-18.6845753748 -0.9614366647
-15.1596640281 -9.4939532754
-14.7105741845 -11.1758280808
-16.1622983990 -7.2090088676
-15.1596640281 -9.4939532754
-18.9537642985 -0.2141857331
-15.5295779323 -8.0545653058
-18.2738606466 -2.7604271174
-18.5011442487 -1.7037190164
-15.0410006879 -10.0381501616
-15.3102633663 -8.8626556061
-18.5645837491 -1.4269281835
-19.0400024214 -0.0596676688
-16.4153001321 -6.1627192146
-16.1126504647 -7.3934054663
-18.6108257074 -1.2377326247
-18.5524606682 -1.4782516663
-14.8614963161 -10.7340159356
-16.0608270754 -7.5005582728
-18.3484928390 -2.4244311341
-18.8893134492 -0.3552785946
-18.9023481202 -0.3247555589
-18.2821129871 -2.7589934998
-15.0741071413 -9.9017793677
-15.5664991684 -7.9405131302
-18.7322991329 -0.7951949827
-15.3845378666 -8.5999811325
-18.7107830964 -0.8668534524
-14.9675962625 -10.3319017087
-15.5055923644 -8.1268110527
-16.6638758380 -5.0182823787
-18.0536369235 -3.7027270447
-18.6845753748 -0.9614366647
-18.1000578800 -3.5596497224
-16.8231627008 -4.3888193790
-16.6607378865 -5.0435492043
-15.4055668990 -8.5049368182
-16.2861310872 -6.6834714471
-16.2577558538 -6.8454419581
-18.5178752052 -1.6283702254
-16.6983224322 -4.8644454690
-16.6988841959 -4.8617752568
-16.1746628140 -7.2035573111
-16.9596789611 -4.0274035287
-16.2783812203 -6.8071300059
-18.3398056978 -2.4751266541
-16.9596789611 -4.0274035287
-18.1963236633 -3.1108779634
-16.1124005030 -7.3984160743
-18.9999275113 -0.1296713899
-15.0853782532 -9.7819679588
-18.3795305764 -2.2794477201
