-19.9999729250 0.0001274546
-14.4353049503 -11.6272850998
-17.0470511454 -3.8758951385
-19.0817023382 -0.0000136026
-19.9999729250 0.0001274546
-17.9409639041 -3.8757621476
-15.8819257125 -7.7515245424
-14.8744299877 -10.6917562929
-15.9682804680 -7.6563663155
-16.2548815820 -6.9136997823
-16.7210805257 -4.7499078586
-16.6680595324 -5.0057412901
-15.6417751812 -7.7515616319
-16.3129273469 -6.6709016849
-14.8077509450 -10.9166101643
-16.1332982680 -7.3187181496
-14.4453496697 -11.4975528278
-16.2177483504 -7.0515448343
-15.1892080177 -9.3645989584
-18.2064223529 -3.1207962187
-16.4007086252 -6.2925140488
-18.9576684837 -0.2095289997
-16.4097060277 -6.1017279954
-18.2667063873 -2.8348721519
-15.2339808246 -9.1993500902
-15.4222266115 -8.4579577059
-18.7143662574 -0.8585981999
-16.9935833135 -3.9600440424
-18.0908264477 -3.5919640230
-15.0275893298 -10.0915806143
-14.9204678307 -10.4343554538
-16.3519471077 -6.4207698957
-14.7068066981 -11.2323934033
-18.3453940505 -2.4461881559
-16.0447374873 -7.4864080092
-18.1098563981 -3.4297203556
-18.7012525861 -0.9032360575
-16.0504746454 -7.4685415982
-18.8226513305 -0.5283387537
-16.5884851189 -5.3872915564
-16.5201847200 -5.7255427732
-19.0418783716 -0.0591807654
-14.7351568379 -11.1375808605
-15.0599824231 -9.9109625077
-15.6324084194 -7.7781699769
-18.1716381731 -3.2762611236
-16.8425761632 -4.2225813833
-15.1621362493 -9.5157841422
-15.3318908669 -8.8039856449
-16.8101789926 -4.3637718757
-16.7517583801 -4.6095563493
-15.2626536417 -9.0909861203
-14.9859646099 -10.2688970981
-14.5861366475 -11.4421296538
-16.6405268608 -5.1185722272
-18.9308047591 -0.2650847376
-15.5578780650 -7.8878802184
-15.3767535599 -8.6144331482
-18.1321354942 -3.3224088552
-16.1683692600 -7.2004397092
-15.3297113672 -8.8186327603
-15.2837332871 -9.0035082533
-18.3645231168 -2.3531790914
-18.3124288928 -2.6104946623
-18.7803787986 -0.6491586729
-16.7723933082 -4.5566380881
-18.0090149913 -3.8103450867
-16.5480854773 -5.5969929405
-18.4496882799 -1.9409269212
-16.6122927592 -5.2485440099
-18.4817936641 -1.7918462114
-15.3767535599 -8.6144331482
-18.3124288928 -2.6104946623
-18.5506566383 -1.4860095159
-15.0475642405 -10.0135654082
-16.9316301056 -4.0781031310
-16.9400687144 -4.0641610502
-16.4974808775 -5.8278425658
-18.5257956821 -1.5938807136
-18.5880970287 -1.1831037749
-16.8845468844 -4.1959598613
-14.6469980926 -11.3219837975
-16.4649637632 -5.9943765106
-15.5009633069 -8.1694526497
-15.4650950338 -8.3047876388
-18.1991378552 -3.1540748716
-14.6452180070 -11.3386531296
-18.5870657823 -1.3336758850
-14.7611920241 -11.0203043066
-15.4498197770 -8.3460364239
-16.4649637632 -5.9943765106
-18.7803787986 -0.6491586729
-15.5444382732 -8.0289782098
-16.5674316634 -5.4910863615
-18.4552261057 -1.9148447302
-18.4817936641 -1.7918462114
-15.5068465231 -8.1503692809
-18.8894337006 -0.3581660807
-18.0502718623 -3.7161142802
-17.9857288533 -3.8465746606
