-14.4353854738 -11.6272867831
-19.9998699680 0.0004471142
-17.9410776951 -3.8757621371
-17.0439364720 -3.8757792911
-19.9998699680 0.0004471142
-19.0816933643 -0.0000261573
-15.6420761845 -7.7515618389
-14.6597357493 -11.3381513862
-18.2310016597 -3.0062113531
-16.1880141852 -7.0976804204
-15.5498827384 -7.8874178322
-14.4908698117 -11.5217638113
-16.5699822119 -5.4476408684
-15.0246707969 -10.1053997501
-16.3202597206 -6.6501589709
-18.4691788513 -1.8500880719
-16.1287220883 -7.3222741467
-15.8819702173 -7.7515245389
-15.4502226204 -8.3577414343
-18.0851639664 -3.6109792016
-16.6809116737 -4.9458428196
-18.6465991437 -1.1000134444
-18.5207167345 -1.6162856554
-14.8710849736 -10.6990626589
-15.2938077039 -8.9647513669
-18.5900932548 -1.3213263806
-16.9988390876 -3.9322839415
-16.0194778556 -7.6139893927
-18.1682802518 -3.2908020533
-15.3946226595 -8.4864122987
-15.3195709484 -8.8558876128
-15.4939046766 -8.2046654136
-18.9606231555 -0.2036501558
-16.3988479414 -6.2577658714
-18.3293805598 -2.5267027501
-14.8962924580 -10.5976734450
-16.3613228064 -6.4543194920
-16.6327849559 -5.1632170116
-15.2381711989 -9.1129901955
-18.3979669511 -2.1893729966
-16.2517494323 -6.9090969876
-15.9128384910 -7.7353606606
-16.5528144542 -5.5700828058
-15.0639316979 -9.9106943341
-18.0165856396 -3.7957928369
-16.6327849559 -5.1632170116
-18.9606231555 -0.2036501558
-14.8043553283 -10.8331910574
-16.4523893460 -6.0396730402
-16.8537689765 -4.2476539389
-16.7027933326 -4.8393193286
-18.7095999080 -0.8667640723
-16.7625916240 -4.5877376842
-14.7609999936 -11.0526903296
-15.2245543273 -9.1977548847
-18.4430104623 -1.9729203984
-14.7982616803 -10.8913362719
-15.1157738791 -9.7268389783
-18.3620612998 -2.3648871533
-18.8917922057 -0.3526116123
-14.9373211125 -10.4452267070
-18.5636850875 -1.4304135618
-16.0385830429 -7.5797617505
-16.0858294501 -7.4697539849
-15.3691906823 -8.6011600013
-14.7466128931 -11.0957821550
-16.5250881905 -5.7093997008
-18.1682802518 -3.2908020533
-18.1231646824 -3.4749832831
-16.9214659035 -4.0407755248
-15.1595497917 -9.5357061591
-15.2006193836 -9.3461356723
-16.8201306114 -4.3841681599
-15.5204540651 -8.0994242177
-18.8917922057 -0.3526116123
-18.7095999080 -0.8667640723
-18.8348906009 -0.4952723455
-18.6328293465 -1.1522963479
-16.8201306114 -4.3841681599
-19.0816933643 -0.0000261573
-16.2725869729 -6.7882935982
-15.3607263301 -8.6967086493
-18.7839861689 -0.6384454949
-16.1014333082 -7.4285259184
-18.3061576621 -2.6414524423
-16.9048081755 -4.1573798812
-14.4804936925 -11.5584899494
-14.7065214810 -11.2182231119
-15.1136750800 -9.7360673358
-18.2680391917 -2.8273134546
-18.0017199171 -3.8231138257
-16.3788226432 -6.3838236714
-14.9574426228 -10.3639006968
-18.8188453943 -0.5305007436
-14.9768004571 -10.2686203295
-19.0816933643 -0.0000261573
-15.0796354618 -9.8672922249
-16.4729450581 -5.9396184053
-18.2857051422 -2.7410041589
-16.4959769380 -5.8307544449
