-1.1526819151 -1.1527460125 -1.1527108356
-0.0000081668 0.0000000000 0.0000000000
-0.5106000145 0.0000000565 -1.1056516178
-0.0000081668 0.0000000000 0.0000000000
-0.4819457673 -0.0000000000 0.0000000000
-1.1526878057 -0.0000000000 0.0000000000
-0.7930169315 -0.0000000000 0.0000000000
-0.6792389661 -0.0000000000 -0.0000000001
-1.0583266665 -0.7767032336 -1.0168562638
-0.7136562175 -0.0000000000 -0.0000000025
-1.0593254436 -0.6725171809 -1.0927684789
-0.7393235230 0.0000000032 -0.0000000187
-1.1526878346 0.0000000000 -1.1527111619
-0.9768117214 -0.0000000000 -0.9666744024
-0.9017859784 -0.0000000004 0.0000000000
-1.1526819151 -1.1209740565 -1.1527108356
-1.0986681171 -0.5449212012 -1.1031041423
-0.8458366673 0.0000000030 0.0000000000
-0.6270668640 0.0000000000 0.0000000000
-1.1166900910 -1.1259333589 -1.0958880423
-0.7290003604 0.0000000595 -1.0870024606
-0.9843460427 0.0000001128 -0.0000008545
-1.1168246499 -0.7793867471 -1.0785878531
-1.1175481484 -0.9294368313 -1.1512653254
-1.1020406766 -0.5896034362 -1.0889265162
-0.9768117214 -0.0000000000 -0.9432718997
-1.0137316883 -0.0000000000 -0.9561757596
-0.5818794014 0.0000351340 -0.0000034877
-1.0866937007 -0.9136210253 -1.1057815154
-0.9958291601 0.0000000001 -0.8920882454
-0.5295502855 -0.0000000000 0.0000000000
-0.8272462206 0.0000000000 -0.0000008545
-0.9754693635 0.0000000000 -0.8920882454
-1.0594981474 -0.9592407605 -1.0800352649
-0.9405032950 -0.0002245750 -1.0927684789
-0.7046306484 -0.0000000029 -1.0325160594
-1.0589076808 -0.7750195296 -1.0900587641
-0.9153051474 -0.0000000002 0.0000000001
-1.0678992659 -0.6808889222 -1.0518391366
-0.9480413046 0.0000353003 -0.9553412795
-1.1063870914 0.0100987416 -1.0720996237
-1.0758210586 -0.0000000000 -0.9666744024
-0.8093403270 0.0000000019 -0.0000000459
-1.1130228470 -0.9899786938 -1.0728371368
-1.1176831174 -0.0000000028 -1.0325160594
-1.0476476532 -1.0777694593 -1.1052008956
-0.9805175491 -0.0000004149 -1.0160264050
-1.0633449330 -0.9741008628 -1.0793794205
-0.9550376976 -0.0000000001 -0.0000000201
-1.0583266665 -0.7767032336 -1.0537695535
-1.0649136394 -0.9277389738 -1.0110224819
-0.8703472212 -0.0000000000 0.0000000000
-0.6417237935 0.0000000000 0.0000000000
-0.6160667290 -0.0000000029 -1.1024337077
-0.9973232793 -0.0000009558 0.0000000000
-1.0123296464 -0.8187914119 -1.0345327026
-1.1062721112 -1.0719417865 -1.0730561764
-0.5639031441 0.0000000000 -1.1057558292
-0.8254113168 -0.0000000081 -0.9654364597
-1.1224546535 0.0007158630 -1.0904690979
-1.0160403254 -0.0196367646 -1.0438905848
-0.5442072150 -0.0000000000 0.0000000000
-0.8428431456 0.0000353003 -0.9905794569
-1.1176831174 -0.7994025505 -1.0903229923
-0.8703472212 -0.0000000000 0.0000000000
-1.0986681171 -0.7963280009 -1.1031041423
-0.9764308984 -0.0000004149 -1.0080352912
-1.0285377732 -0.0000000000 0.0000000000
-0.5718386156 0.0000346366 -0.0000034877
-1.0893830815 -0.8762274936 -1.0962088671
-0.5903567185 -0.0404550771 -1.1062195258
-1.1069921195 -1.0215725504 -1.0921446620
-1.0882058477 -1.0829500068 -1.1567260082
-1.1391100172 -0.0000000000 -1.0619643114
-1.1065602300 0.0004808433 -0.9992091634
-1.1130228470 -0.9899786938 -1.1053783828
-0.7393235230 0.0000000032 -0.0000000187
-1.0973458616 -0.0000000005 -1.1473496339
-1.0154874416 -0.0000000000 0.0000000000
-0.6675614981 0.0000353003 -1.0338560775
-0.8113161772 0.0000353003 -0.9649826339
-1.0589076808 -0.8599246002 -1.0798457993
-1.0589076808 0.0243830319 -1.0322518312
-1.1100102449 -1.0215725504 -1.0920184145
-1.0866937007 -1.1178835375 -1.1057815154
-0.8428431456 0.0000353003 -0.9905794569
-1.0986681171 -0.5449212012 -1.1031041423
-1.0817312403 -0.9057393961 -1.0890349530
-1.0692572035 0.0000000019 0.0036141067
-0.9529798607 -0.0000000001 -0.0000000201
-1.1129697759 0.0000000000 -1.1473496339
-0.9353425704 -0.0000000000 0.0000000000
-1.0589076808 -0.7750195296 -1.1123097881
-0.9754693635 0.0000000001 -0.8762939865
-1.0952766394 -0.0000000000 0.0000000000
-1.1225637391 0.0000351340 -0.0000034877
-0.9353425704 -0.0000000000 0.0000000000
-0.7033966460 -0.0000009176 -1.0532855895
-1.0533055863 0.0003334288 -1.0605894672
-1.0817312403 -0.9057393961 -1.0890349530
