-0.0000000000 -0.0000000000 -0.0000290833
-1.1528827804 -1.1530766754 -1.1527415099
-0.0000000000 0.0000000000 -1.1527415302
-1.1201788263 0.0000000004 -0.4964298944
-0.0000000000 -0.0000000000 -0.4817272059
-0.0000000000 -0.0000000000 -0.0000290833
-1.0866150520 -0.5703484833 -1.0904812571
-0.0000000000 -0.0000000000 -0.8479397432
-1.0840929185 -0.9921009922 -1.0609902215
-1.1486267766 -1.1298662844 -1.1790959750
-1.0854990698 -0.6651586262 -1.1214088073
-1.0848483998 -1.1208956106 -1.1119190920
-1.0984505427 0.0270368606 -1.0159233757
-0.9179474941 -0.0002543760 -0.9671346160
-1.0871330475 -0.8706780948 -1.0229927369
-1.1528172517 -0.0000000000 -1.1527406045
-1.0787795701 -1.0569363556 -1.1091438195
-0.0000000000 -0.0000021212 -0.9712826462
-1.0814028936 0.0000087872 -0.6104267788
-0.9257560653 -0.0002863838 -1.0243548427
-0.9257560653 0.0000324091 -0.9392485838
-1.1274515929 0.0000250376 -1.1372710004
-1.0444992418 0.0000000001 -0.9652661840
0.0005825683 -0.0000000000 -1.0329739753
0.0000000116 0.0040991965 -1.0067321687
-1.0797671960 0.0000023418 -0.7794396782
-1.0277140749 -0.9219320985 -1.0826195264
-1.1072882251 -0.8117279909 -1.0422160690
-0.8082164638 -0.0001758958 -0.9644355471
-0.0000000001 0.0000205129 -0.7478005684
-0.9781943889 -0.0000000145 -0.9413919186
-0.0000000000 -0.0000000000 -0.8839659860
0.0000000510 0.0000000000 -0.6154069027
-0.0000000001 0.0000029414 -0.8304750496
0.0000000510 0.0000000000 -1.0962185860
-0.9453990653 0.0000022882 -0.7794396782
-1.1153494130 -0.8046146517 -1.0763217394
0.0000000116 0.0039734472 -0.9200338305
-1.0261365947 0.0000000001 -0.9659841466
-0.9422414180 -0.0002543760 -0.9671346160
-1.0698982376 -0.0000018515 -0.9707275353
-0.7657756241 -0.0000000011 -0.9798228718
-1.0060391013 0.0000023418 -0.7794396782
0.0000000500 0.0000005907 -0.6384369220
-1.0895444795 -0.0000006148 -1.1266807044
-1.0386400703 -1.0569363556 -1.1091438195
-1.0522856714 -0.6675652394 -1.0592589594
-1.0557648548 -0.9395251262 -1.1200938770
0.0000006695 -0.0000000000 -0.7051821605
-1.1072882251 -0.8741799446 -1.0422160690
-1.0936070041 -1.0839383167 -1.0824778751
-1.0860576470 -0.0079402807 -1.0444796070
-1.1072882251 -0.8741799446 -1.0422160690
0.0000348161 -0.0003218292 -0.5521936849
-1.0522856714 -0.6966985209 -1.0592589594
0.0030555508 -0.0000021212 -0.9437288097
-0.0000000000 0.0000005926 -0.8119209083
-1.0840929185 -0.9381984418 -1.0603813648
-1.0984505427 -0.8056868994 -1.0329103829
-0.0000000000 -0.0000000000 -0.7747478073
0.0000008124 -0.0002998746 -0.5042964647
-0.9257560653 -0.0002868857 -1.0502025651
-1.0810266526 0.0014639205 -1.0802470642
-0.0000000001 0.0000205129 -0.7478005684
-0.0000000000 0.0000022785 -0.7818276059
-1.0829147733 -1.0003908657 -1.1114127322
-1.0829856284 -0.0079402807 -1.1104853587
-0.0000000003 -0.0005428889 -0.9018699742
0.0000000848 -0.0003268338 -0.5883086331
0.0000348161 -0.0003218292 -0.5809864027
0.0000018167 -0.0000387478 -0.9423879906
-1.0609780722 -0.9219320985 -1.0826195264
-1.0854990698 -0.5937410816 -1.1214088073
0.0000348161 -0.0003218292 -0.6774112376
-1.0678131656 -0.7751081576 -1.0489132673
0.0000000947 -0.0003268338 -0.6897417350
-1.0840929185 -0.9746094408 -1.0609902215
-1.0854990698 -0.6340570843 -1.1214088073
-1.0150318582 0.0000005926 -0.8119209083
-0.0000000001 -0.0004058639 -1.0818025779
0.0000006695 -0.0000000000 -0.7051821605
-1.0535335236 -0.0000000000 -0.0000290833
-1.0818270671 0.0000167534 -0.6569521964
-0.9453990653 0.0000000097 -0.8815780583
-1.0575602450 -0.7751081576 -1.0422160690
-1.0889557491 -0.0000241499 -0.9659841466
-1.0797671960 0.0000023113 -0.9922378220
0.0000000006 0.0000297079 -0.8020559842
-0.8352059565 0.0000083808 -0.9699418270
-0.8352059565 0.0000083808 -0.9696008251
-1.0714140951 -0.0000000004 -1.0514685911
-1.0835349345 0.0000167534 -0.5781652829
-1.0054315192 0.0000000001 -1.0536281417
-0.0000000000 -0.0000013713 -0.9077242283
-1.0835349345 0.0000167534 -0.5781652829
0.0000000119 0.0046420854 -0.9888281805
-1.0788119782 -0.0001638960 -1.0826195264
-0.0000000000 -0.0000000000 -0.5268428500
-1.0250076381 -0.9226950072 -1.1070089656
-0.0000000000 -0.0000000000 -0.8839659860
