0.0000287941 1.0058800748
0.7557751814 0.1400561957
0.7396817018 0.1587136535
0.6351805685 0.2891877448
0.7028478006 0.2365869412
0.5418521495 0.3019641152
0.6652782089 0.2441739368
0.4507933822 0.3431027960
0.6869533397 0.2395617744
0.1588803066 0.6172781120
0.4629430958 0.3302102212
0.0715038729 0.7367408547
0.3736586492 0.4152802244
0.3879210245 0.3936407477
0.0193491243 0.8685278701
0.3563382632 0.4260246150
0.3831975455 0.4030182461
0.7411460340 0.1464952680
0.2813906637 0.4930409708
0.3998734088 0.3806869897
0.3306834237 0.4566358353
0.0137528958 0.8872626578
0.2351556910 0.5278709670
0.0496897624 0.7815265246
0.6354390663 0.2777315622
0.0597594000 0.7584050815
0.3003348504 0.4808382112
0.0575807801 0.7738388504
0.3120327633 0.4773272695
0.0250313980 0.8467031908
0.0832087263 0.7171385550
0.2946373846 0.4922508536
0.1389861440 0.6397445262
0.0069134666 0.9233736778
0.3413736539 0.4371835887
0.2076095690 0.5563932073
0.1008892479 0.6892786262
0.0103432541 0.9080046121
0.2031574697 0.5638342884
0.2241580869 0.5447593673
0.0912403986 0.7026889961
0.5234894093 0.3031551662
0.2001546243 0.5800670021
0.6435664544 0.2634090886
0.3597464706 0.4179809558
0.1852770911 0.5954878741
0.4897592885 0.3158031987
0.1159367277 0.6689814119
0.0303738262 0.8313045212
0.2200746159 0.5505883853
0.0220537497 0.8560186394
0.4338562171 0.3707868374
0.1474418570 0.6319283911
0.5037321282 0.3077470068
0.1733277391 0.6063771106
0.3320270659 0.4456900687
0.4167178402 0.3739910382
0.0000425481 1.0001924749
0.1940625349 0.5842151490
0.0434188755 0.7944501389
0.0320700039 0.8255627374
0.0379827548 0.8136834730
0.4080932106 0.3799308128
0.2663936049 0.4968868277
0.4714703833 0.3236835607
0.0035981159 0.9441428000
0.0672660895 0.7500474255
0.4363178709 0.3495896143
0.1679769936 0.6102692984
0.1250671702 0.6620541573
0.0114886046 0.8962924127
0.0047210316 0.9352913279
0.0944652574 0.6974228774
0.3120470382 0.4596084102
0.5037321282 0.3077470068
0.0016914197 0.9635266046
0.6573469299 0.2562070478
0.0832767493 0.7163200262
0.6470203838 0.2603990138
0.4259409444 0.3735384538
0.2408889533 0.5274521241
0.4758168558 0.3195337451
0.5269030351 0.3031138205
0.4344467421 0.3555074204
0.1313251423 0.6489705394
0.0028690694 0.9585241821
0.1879494910 0.5926620934
0.7010571760 0.2395034975
0.2635639904 0.4983958669
0.0010370891 0.9803064558
0.1067142849 0.6790736964
0.1098213746 0.6787143507
0.2574367582 0.5106565128
0.2496218959 0.5192135043
0.0434565803 0.7934869075
0.4871823582 0.3191921474
0.2593333984 0.5099559746
0.3382680213 0.4381126515
0.5418521495 0.3019641152
0.2476827678 0.5195998782
