0.9609939122 0.0591811549
0.0000193079 1.0109681878
0.7896679189 0.1498442583
0.9185233228 0.0730797866
0.8367755430 0.0998825291
0.7025519848 0.2032113086
0.6201053435 0.2757457013
0.5757842650 0.2923221893
0.7025519848 0.2032113086
0.8059894208 0.1132441033
0.3933898623 0.3986346319
0.4891503713 0.3312775478
0.7901835439 0.1313648653
0.4132665329 0.3851474557
0.3796371034 0.4088456554
0.6275384009 0.2660393216
0.0345756884 0.8212897216
0.1543803815 0.6224791031
0.3583465963 0.4279388394
0.2819424850 0.4975242583
0.8292226652 0.1083927584
0.5160118246 0.3038130385
0.6803782641 0.2099159849
0.3343463817 0.4355969247
0.0003332173 0.9971261896
0.6431847776 0.2246209455
0.3628357170 0.4178811269
0.0718322749 0.7446994646
0.0447339869 0.7999795719
0.2981868768 0.4790667593
0.5623010514 0.2930645056
0.0583309867 0.7797484630
0.4643694462 0.3445166009
0.2230243828 0.5549246727
0.9410720744 0.0662705730
0.3282065486 0.4406636042
0.4281007770 0.3803531492
0.6532639687 0.2183829994
0.0167838723 0.8860568884
0.8367755430 0.0998825291
0.2548014166 0.5341337648
0.2394953027 0.5383760186
0.0211750339 0.8683821566
0.0014123192 0.9708061516
0.0040662015 0.9486933970
0.2291091684 0.5424963595
0.4938048484 0.3167280961
0.5385668780 0.2939249533
0.0244553005 0.8505741840
0.3149638775 0.4735476079
0.6313220187 0.2379348133
0.4517344865 0.3610817732
0.0944701688 0.7065539587
0.0829737267 0.7252913711
0.1199843385 0.6768604031
0.3210226010 0.4587658840
0.0831086153 0.7243095668
0.1339489571 0.6467612864
0.1139981353 0.6821923937
0.1857989792 0.5852840633
0.4643694462 0.3445166009
0.6831737775 0.2049009384
0.1660810952 0.6100474660
0.1438452869 0.6347223060
0.1016865257 0.6883987032
0.2075334804 0.5714022048
0.1775027034 0.5923312892
0.0494856631 0.7927208088
0.6313220187 0.2379348133
0.0626249978 0.7677981003
0.0024992776 0.9659706284
0.9374005261 0.0721828424
0.5385668780 0.2939249533
0.4517344865 0.3610817732
0.1255555059 0.6585175158
0.1224748109 0.6594657378
0.0103395070 0.9194471970
0.5040511052 0.3131883946
0.0683577996 0.7507258697
0.2667775987 0.5094612180
0.1908724304 0.5764048909
0.0657285956 0.7620270631
0.4365303247 0.3727964895
0.2996973150 0.4754540621
0.2611509936 0.5194757835
0.0300490641 0.8334449924
0.1981686715 0.5746987002
0.5072686186 0.3066713985
0.0234421062 0.8589866029
0.2590487275 0.5237272197
0.3170062622 0.4605743317
0.0127986670 0.8952733902
0.0107511675 0.9005139234
0.2783536372 0.5033628889
0.0107272089 0.9128918722
0.0076498929 0.9332432063
0.0300490641 0.8334449924
0.1397304278 0.6425038114
0.2708690815 0.5060224937
0.2130638238 0.5640657309
