0.3625890124 0.4982032770
0.4942160552 0.3206418896
0.4469225977 0.3401361327
0.3625890124 0.4982032770
0.4858430522 0.3222468292
0.4679727981 0.3225429429
0.4660053025 0.3227631092
0.4625287393 0.3236455881
0.4592325699 0.3255232926
0.4623393023 0.3238176748
0.4592325699 0.3255232926
0.4494670132 0.3326732503
0.4511942607 0.3318726654
0.4511746832 0.3326024180
0.4552978648 0.3272152520
0.4547040471 0.3284819774
0.4470065125 0.3397922988
0.4582924786 0.3256358583
0.4568855852 0.3256811821
0.4471806650 0.3379156848
0.4524817511 0.3315306551
0.4564488874 0.3268411352
0.4553603946 0.3271983063
0.4623393023 0.3238176748
0.4525039784 0.3311545763
0.4472235635 0.3361610415
0.4527393617 0.3301413744
0.4490463648 0.3340735326
0.4527935054 0.3300124621
0.4472075856 0.3375427331
0.4582924786 0.3256358583
0.4865364581 0.3222291372
0.4541186602 0.3285080746
0.4886303108 0.3213672098
0.4883082865 0.3216291670
0.4901059535 0.3211906407
0.4490498835 0.3328659508
0.4663132755 0.3227442586
0.4671496217 0.3225723724
0.4531562537 0.3293063810
0.4531864742 0.3292621379
0.4936042292 0.3207234662
0.4474361782 0.3356833322
0.4869117935 0.3218289763
0.4671496217 0.3225723724
0.4894654117 0.3213517896
0.4679727981 0.3225429429
0.4477001672 0.3349429432
0.4911082990 0.3209710854
0.4564488874 0.3268411352
0.4566912566 0.3261232963
0.4894654117 0.3213517896
0.4928978446 0.3207696761
0.4483474819 0.3345911723
0.4537504928 0.3288504330
0.4922316111 0.3208771551
0.4933552364 0.3207275944
0.4538184255 0.3287119628
0.4917221477 0.3209409172
0.4546476706 0.3284902045
0.4478097670 0.3346359355
0.4903511657 0.3210892770
0.4878343139 0.3218188925
0.4908152176 0.3210772236
0.4511754380 0.3325784060
0.4489125500 0.3341931954
0.4568855852 0.3256811821
0.4566912566 0.3261232963
0.4884869659 0.3213687648
0.4874092169 0.3218215338
0.4492581729 0.3326882655
0.4929959245 0.3207494932
0.4472646772 0.3360460494
0.4878343139 0.3218188925
0.4486474916 0.3342824005
0.4473821015 0.3357270499
0.4874092169 0.3218215338
0.4920022693 0.3208878540
0.4537504928 0.3288504330
0.4867450702 0.3221033038
0.4490707718 0.3328037990
0.4469413967 0.3399592908
0.4663132755 0.3227442586
0.4902693696 0.3211250989
0.4917221477 0.3209409172
0.4624355390 0.3237593646
0.4477010839 0.3348858331
0.4472059508 0.3377851039
0.4867450702 0.3221033038
0.4524915492 0.3313873929
0.4470065125 0.3397922988
0.4477911725 0.3346561508
0.4484776198 0.3345670175
0.4909658354 0.3209810530
0.4511942607 0.3318726654
0.4471806650 0.3379156848
0.4524817511 0.3315306551
0.4485590864 0.3344826057
0.4920777959 0.3208870282
0.4486295935 0.3344323407
