0.0283510909 1.0372043411
1.0406039296 0.0245013284
0.0572541920 1.0263315508
0.1625025579 1.0234717102
0.2901433435 0.9685433883
0.9328568952 0.2482173792
0.9957121472 0.1312531212
0.9438260297 0.2190407610
0.9806316008 0.1565225822
0.4197540024 0.8849132617
0.1894374190 1.0100682619
0.3279895810 0.9669073750
0.7397720646 0.5679528448
0.2659890991 0.9816591931
0.5367748594 0.7820239665
0.6128268314 0.6971681479
1.0117295111 0.0724873122
0.4448520196 0.8767101171
0.4851970073 0.8403009404
0.5012190415 0.8256944117
0.3577881398 0.9290784920
0.9162128363 0.2582434966
0.5101703753 0.8146638255
0.7422785258 0.5363466663
1.0194443265 0.0506931456
0.7766456960 0.4927938459
0.8142039858 0.4458143011
0.6769794627 0.6184828651
0.6927537634 0.6083110917
1.0003353324 0.1107317603
0.4102879545 0.9041339566
0.3849796400 0.9090951063
0.8604541042 0.3537481764
0.5852726983 0.7338379212
0.6350731678 0.6844333777
0.9585828536 0.1847703816
0.7915161267 0.4772611343
0.2441850185 0.9974505323
0.8455441049 0.3774887375
0.8393095550 0.4119193704
0.4528336109 0.8667972145
0.8429781914 0.3931200641
0.8254895295 0.4341236377
0.1625313128 1.0234369905
0.7045180824 0.5804956362
0.0467261194 1.0303160234
0.8567943058 0.3656427986
0.4684623996 0.8594897654
0.8845510383 0.3117265021
0.8667382792 0.3319531393
0.5203166965 0.7948348577
0.5706707360 0.7532334830
0.2605335634 0.9942727944
0.6115435027 0.7137866528
0.5972196355 0.7186925999
0.3364902167 0.9585779027
0.8290197053 0.4203155773
0.4736793806 0.8492001698
0.7628160337 0.5259753049
1.0264501786 0.0399691810
0.3706366311 0.9208092928
0.5532563468 0.7654225854
0.6727601107 0.6343174933
0.9001182902 0.2979756341
0.7536489107 0.5322282678
0.3443209766 0.9448332735
0.7849446199 0.4818399011
0.9090921189 0.2747366425
0.9707053623 0.1688722848
0.2017165520 1.0040475403
0.6630070610 0.6589684799
1.0288665928 0.0245085126
0.5706511596 0.7571146114
1.0070271977 0.0899847410
0.5230824780 0.7895572338
0.8859698489 0.3111642252
0.6543239361 0.6751830984
0.6379619865 0.6799172065
0.8667382792 0.3319531393
0.9687182647 0.1748811596
0.8052554873 0.4599262896
1.0046377772 0.0948968052
0.9001182902 0.2979756341
0.5897457011 0.7290837901
0.2119635824 1.0026485557
0.7667443177 0.5096798089
0.9513568176 0.2040278332
0.9551581080 0.2036826520
0.7192718515 0.5702854144
0.8052554873 0.4599262896
0.3777099435 0.9151982351
0.5532563468 0.7654225854
0.9090921189 0.2747366425
0.0283510909 1.0372043411
0.6596959811 0.6729578920
0.6981603109 0.5943499199
0.7205391946 0.5700509486
0.6710264807 0.6543912345
0.2227439430 0.9980518551
0.3436555694 0.9456056201
