1.0478420886 0.0292633819
0.0290354066 1.0390873825
0.1093977623 1.0294880969
0.0322101207 1.0307593550
0.9763401844 0.1474113167
0.2683860450 0.9807740484
0.9611621292 0.1746747396
0.2434083793 0.9962769255
0.6855560181 0.6167178101
0.5496854086 0.7704592926
0.3180497504 0.9536334131
1.0235818174 0.0485656938
0.8286564601 0.4135734427
0.8428414287 0.3921092552
0.9053457976 0.2977134560
0.5323700622 0.7856004651
0.5004638039 0.8191805560
0.4420683301 0.8700244209
0.8673432536 0.3466246066
0.1995829599 1.0066495682
0.6984546328 0.5869954866
0.7987262734 0.4590503099
0.8537460016 0.3759758814
1.0086692931 0.0885846803
0.4547669879 0.8595028776
0.9087644268 0.2679686723
0.8839990386 0.3284743765
0.4309076632 0.8880536325
0.2916469570 0.9755343447
0.1872904905 1.0166485743
0.5291889104 0.8035302302
0.6446993903 0.6642958366
0.6312877807 0.6913101148
0.7483581887 0.5349794986
0.5659354135 0.7590251337
1.0318750868 0.0321894571
0.7377780873 0.5566179766
0.9546821292 0.1934847888
0.5739469395 0.7509155812
0.4897427535 0.8406585098
0.1563511799 1.0235207856
0.3450494526 0.9434246340
0.6761297782 0.6252455980
0.7791970884 0.4791253990
0.7918447570 0.4780721149
0.9515894513 0.2067045131
0.3630074666 0.9222594823
0.1329157057 1.0257010704
0.1679655193 1.0198285529
0.9968423899 0.1397361793
0.6684983587 0.6400844361
0.3419247334 0.9498882544
1.0037320289 0.1088721089
0.8726480298 0.3435279153
0.6621242200 0.6597477798
0.8137954245 0.4519772438
0.7323976627 0.5623289771
1.0142873039 0.0712207539
0.7162996358 0.5686832196
0.5991186356 0.7198974522
0.4162928237 0.8962136544
0.8936566114 0.3071449745
0.7715969387 0.4981296448
0.6132675307 0.7022865094
0.3002440581 0.9656440071
0.7613764709 0.5199384689
0.8936037372 0.3182252612
0.3980716207 0.9051388102
0.4699224303 0.8510034862
0.2228766398 1.0011573189
0.5829166729 0.7346286543
1.0034524982 0.1183860525
0.6285918574 0.6925072906
0.7122494733 0.5752464848
0.3821320990 0.9174691767
0.7517238981 0.5264728947
0.9976422048 0.1324084543
0.9335878661 0.2414046795
0.1214616444 1.0267195596
0.9183857193 0.2640529290
0.9404574632 0.2186071955
0.8231075628 0.4289247229
0.9315271639 0.2636947828
0.7715969387 0.4981296448
0.8177810940 0.4330012197
0.6682197392 0.6533778150
0.9379615817 0.2289970673
0.7030144315 0.5840376927
0.2235787420 1.0004684460
0.5829166729 0.7346286543
0.6132675307 0.7022865094
0.3980716207 0.9051388102
0.9322048723 0.2510720060
0.3819179063 0.9175939760
0.4699224303 0.8510034862
0.5170113883 0.8148840233
0.3630074666 0.9222594823
1.0142533868 0.0722653631
0.4213609136 0.8954890403
0.8486529296 0.3789025210
