0.3925428890 0.6585391608
0.9867661561 0.0614782080
0.9497472930 0.0624593775
0.3925428890 0.6585391608
0.3925428890 0.6585391608
0.9717533880 0.0614844510
0.9513931400 0.0615946582
0.9717641230 0.0614838458
0.9867661561 0.0614782080
0.9512555980 0.0615970975
0.9503847693 0.0616981640
0.9510045077 0.0615980269
0.9501468903 0.0617084468
0.9498176480 0.0619690615
0.9508534553 0.0616083089
0.9506639028 0.0616234574
0.9513931400 0.0615946582
0.9505512632 0.0616362523
0.9498152745 0.0621126500
0.9509641222 0.0616001776
0.9508596803 0.0616079554
0.9501092954 0.0617350251
0.9504215910 0.0616688932
0.9500545914 0.0617878522
0.9506463357 0.0616356609
0.9505131042 0.0616680442
0.9500050694 0.0618349883
0.9498782228 0.0619547998
0.9497893731 0.0621649742
0.9513303024 0.0615970265
0.9499634421 0.0618517214
0.9497810481 0.0622080560
0.9505131042 0.0616680442
0.9497523709 0.0623805104
0.9513319259 0.0615966159
0.9501445605 0.0617142769
0.9499495046 0.0618875074
0.9497568453 0.0623188859
0.9497763972 0.0622232465
0.9497525114 0.0623731382
0.9499726924 0.0618392321
0.9497485288 0.0624356342
0.9500761203 0.0617543384
0.9500761203 0.0617543384
0.9498822477 0.0619289882
0.9500494516 0.0618318267
0.9497677682 0.0622697450
0.9500494516 0.0618318267
0.9509967356 0.0615993489
0.9497723733 0.0622617355
0.9497661895 0.0623028587
0.9504021265 0.0616850576
0.9499194190 0.0619090960
0.9504021265 0.0616850576
0.9506639028 0.0616234574
0.9497996434 0.0621475999
0.9498980011 0.0619195086
0.9498032343 0.0621262455
0.9497603318 0.0623177957
0.9498001154 0.0621401266
0.9498812729 0.0619522908
0.9498980011 0.0619195086
0.9504215910 0.0616688932
0.9497479379 0.0624398686
0.9506463357 0.0616356609
0.9498032343 0.0621262455
0.9497661895 0.0623028587
0.9498152745 0.0621126500
0.9499480634 0.0618994977
0.9499319376 0.0619030701
0.9499376458 0.0619021165
0.9499443152 0.0619018270
0.9499234716 0.0619034552
0.9497723733 0.0622617355
0.9506463357 0.0616356609
0.9717539885 0.0614842536
0.9717641230 0.0614838458
0.9499197795 0.0619076344
0.9498980011 0.0619195086
0.9501468903 0.0617084468
0.9497485288 0.0624356342
0.9497996434 0.0621475999
0.9497525114 0.0623731382
0.9867661561 0.0614782080
0.9497479379 0.0624398686
0.9499234716 0.0619034552
0.9499480634 0.0618994977
0.9498812729 0.0619522908
0.9500494516 0.0618318267
0.9498812729 0.0619522908
0.9497525114 0.0623731382
0.9506463357 0.0616356609
0.3925428890 0.6585391608
0.9867661561 0.0614782080
0.9867661561 0.0614782080
0.9867661561 0.0614782080
0.9867661561 0.0614782080
0.9505131042 0.0616680442
0.9498152745 0.0621126500
0.3925428890 0.6585391608
