0.4786589556 0.5411889042
0.8120783353 0.2078122135
0.4786589556 0.5412108430
0.8120914849 0.2078121971
0.4786589556 0.5411892233
0.4791848112 0.5411888671
0.8120783353 0.2078122135
0.4786592411 0.5411888673
0.4786602485 0.5411888673
0.8120361719 0.2096213121
0.8120446144 0.2078122555
0.8120361787 0.2078127024
0.4786602543 0.5411888672
0.4786591625 0.5411888678
0.8120461342 0.2078122289
0.4786589556 0.5412055135
0.4786591325 0.5411888681
0.4786592351 0.5411888673
0.4786589557 0.5411888707
0.4786589600 0.5411888682
0.4786589597 0.5411888691
0.4786589557 0.5411888707
0.4786589559 0.5411888692
0.4786589597 0.5411888685
0.4786589597 0.5411888685
0.4786589597 0.5411888685
0.4786589597 0.5411888685
0.4786589557 0.5411888707
0.4786589597 0.5411888685
0.4796709212 0.5411888666
0.4786589556 0.5412052851
0.4786589556 0.5411888908
0.4786589556 0.5412055135
0.4791848606 0.5411888669
0.8120743444 0.2078122278
0.4786602534 0.5411888673
0.4786602543 0.5411888672
0.4786589556 0.5411888909
0.4786592411 0.5411888673
0.8120361637 0.2096216151
0.4786589556 0.5411889042
0.8120361871 0.2078126039
0.8120361809 0.2078126293
0.8120446099 0.2078122653
0.8120783353 0.2078122135
0.8120364198 0.2078125717
0.4786589557 0.5411889237
0.4786589556 0.5413963248
0.4791848652 0.5411888669
0.8120446107 0.2078122668
0.4791848652 0.5411888669
0.8120361869 0.2078132557
0.8120361792 0.2078362321
0.8120364283 0.2078125969
0.8120411001 0.2078125858
0.8120372585 0.2078125874
0.8120361943 0.2078126847
0.8120362032 0.2078126597
0.8120362032 0.2078126268
0.8120361809 0.2078217876
0.4786589556 0.5412055120
0.4786589556 0.5411891799
0.4786589556 0.5411891808
0.4786589556 0.5411889345
0.4786589557 0.5411889237
0.4791848652 0.5411888669
0.4786589556 0.5411891799
0.4786589556 0.5411891808
0.4786589556 0.5411891795
0.4786602544 0.5411888673
0.4786602544 0.5411888673
0.4791848652 0.5411888669
0.4786589556 0.5411889498
0.4786602504 0.5411888676
0.4786589557 0.5411888774
0.4786589558 0.5411888707
0.4786589556 0.5411889345
0.4786589609 0.5411888685
0.4786589556 0.5411889360
0.4786589556 0.5411891795
0.8120361882 0.2078129945
0.8120361882 0.2078129945
0.8120859225 0.2078122161
0.8120361864 0.2078190403
0.4786589557 0.5411888865
0.4786589563 0.5411888697
0.8120787887 0.2078122274
0.4786589556 0.5412052848
0.4786589556 0.5412052848
0.4786589556 0.5412052848
0.4786589556 0.5412052848
0.4786589556 0.5664893005
0.4786589556 0.5664893005
0.8120914860 0.2078122167
0.4786589556 0.8665978412
0.8120361852 0.2078391190
0.4786591895 0.5411888691
0.4786589556 0.7458128375
0.4786589556 0.5540985898
0.4786589556 0.5412055151
