0.9774124116 0.0237406613
0.5965296468 0.4067732785
0.7368816069 0.2653020347
0.8368866567 0.1635578545
0.8894569655 0.1114843838
0.6081274119 0.3944458515
0.6081274119 0.3944458515
0.7429270299 0.2607620361
0.8401782718 0.1617657810
0.8876627894 0.1125323737
0.7429270299 0.2607620361
0.9757711119 0.0244611107
0.9757711119 0.0244611107
0.7405855148 0.2607670388
0.5980263380 0.4025752886
0.8385773062 0.1621363913
0.5971106392 0.4046648300
0.8393281865 0.1618900514
0.5966759680 0.4059579654
0.5984649917 0.4020095573
0.8379814576 0.1626096652
0.8377784825 0.1632498426
0.5993800434 0.4010674242
0.5975486838 0.4032017686
0.7388450809 0.2614498424
0.6033073737 0.3972246611
0.6006521325 0.4002140417
0.5972465004 0.4039393566
0.7400627069 0.2608026450
0.7394002763 0.2610587194
0.7370989299 0.2631732730
0.6023566832 0.3981842625
0.8372451595 0.1632546281
0.6026636701 0.3979577692
0.7381925053 0.2619393276
0.5986523784 0.4017773644
0.7369192547 0.2642470266
0.7368866858 0.2652391055
0.8887146017 0.1117915822
0.6000038538 0.4007255104
0.8382464359 0.1623262342
0.6017742913 0.3991364213
0.6010118877 0.3998488657
0.8892995906 0.1115292989
0.5968271378 0.4053701745
0.5975481642 0.4033600114
0.6029158919 0.3975825563
0.8882106642 0.1120082105
0.8397819344 0.1618601744
0.7377820213 0.2624898518
0.6013818288 0.3994155630
0.5996947762 0.4008368303
0.7379132488 0.2622982934
0.5966295236 0.4066899853
0.7392349821 0.2611662733
0.6045064926 0.3962986583
0.6038621312 0.3968811441
0.6020408658 0.3985066707
0.9765997382 0.0238137534
0.9766230169 0.0237566832
0.6051622354 0.3960770270
0.6076497074 0.3945881170
0.7373672900 0.2627268902
0.5971272750 0.4041691050
0.6056229299 0.3955946419
0.9761496333 0.0241767369
0.6002488943 0.4003197677
0.9774124116 0.0237406613
0.6011347074 0.3996386130
0.6070748123 0.3949294660
0.6068297009 0.3949449363
0.6061249107 0.3953508008
0.6031628471 0.3974307162
0.6060593662 0.3954822959
0.5990136765 0.4014332572
0.5967785134 0.4053735655
0.8886099907 0.1119132447
0.7373635348 0.2629392533
0.5990136533 0.4014454250
0.7370066198 0.2637763287
0.6017231159 0.3992569991
0.6075896400 0.3949181493
0.6051622354 0.3960770270
0.8369181251 0.1635570807
0.9761481091 0.0241911764
0.9757714503 0.0244568118
0.6020408658 0.3985066707
0.7385440390 0.2617348649
0.6041832624 0.3966368346
0.6041929735 0.3965850758
0.6054157585 0.3956675256
0.6045040156 0.3963414285
0.6064265928 0.3950963634
0.6038706742 0.3968801573
0.7403157742 0.2607810690
0.7369338931 0.2641840662
0.7385167262 0.2617491770
0.6064632342 0.3950963634
0.8876914679 0.1124943110
0.8879000167 0.1121894983
