0.0000000392 0.9998020879
0.9999974938 0.0000012655
0.1718593286 0.5854408255
0.0111193307 0.8945536723
0.2720745404 0.4783929410
0.9310427731 0.0350944735
0.4785307345 0.3082408801
0.8999269223 0.0513552341
0.1864408867 0.5682120113
0.4003498693 0.3672693088
0.4367828446 0.3391045370
0.1378022767 0.6287827337
0.4197994583 0.3520806953
0.5520312744 0.2570119487
0.0695465382 0.7362850419
0.0056825661 0.9246172283
0.6589659758 0.1882328261
0.2392247862 0.5108939121
0.8602360033 0.0725109292
0.1556660301 0.6054546793
0.0006089271 0.9753235808
0.2507745786 0.4992260531
0.3810464028 0.3827104638
0.0389300527 0.8103649665
0.1520917862 0.6100105581
0.8100538598 0.1004828951
0.0757408159 0.7247895335
0.3531761094 0.4057138018
0.9410401225 0.0299277884
0.0594233831 0.7562309041
0.6254400406 0.2091523489
0.7829470056 0.1151570945
0.4571638903 0.3238623719
0.7033572283 0.1613360727
0.6940964880 0.1668754867
0.1033100838 0.6785829007
0.4569989572 0.3239830360
0.3901003956 0.3754198482
0.5783954337 0.2394768887
0.0404346126 0.7989490930
0.3130384264 0.4405016527
0.0504081588 0.7754824127
0.2849431386 0.4661993688
0.5360151103 0.2678694943
0.0172918349 0.8685016074
0.2186749597 0.5323730781
0.6805535133 0.1750433459
0.1972963328 0.5558195055
0.0017866150 0.9577316631
0.5647640812 0.2484921476
0.0228167496 0.8489814622
0.4277072251 0.3460067294
0.6436518106 0.1977208909
0.2888996609 0.4625061557
0.0291588919 0.8292402822
0.7932850078 0.1093345294
0.8430830656 0.0818047102
0.7171246982 0.1531678761
0.4927988305 0.2980037058
0.3670791634 0.3941294427
0.1311349318 0.6378744454
0.7218466708 0.1503865662
0.0566380204 0.7630914019
0.7397344211 0.1399218689
0.3271097452 0.4280649472
0.6073798602 0.2206542301
0.5937761049 0.2294313309
0.7686708870 0.1232612421
0.3311909056 0.4245085608
0.1019309339 0.6807337826
0.0028374830 0.9467319988
0.0841348547 0.7099399370
0.8019220923 0.1044989902
0.3651552544 0.3957192522
0.5914160791 0.2309642133
0.0000000392 0.9998020879
0.0172953932 0.8684880837
0.0043085451 0.9343605846
0.6722799520 0.1800732215
0.9803712991 0.0098630108
0.6351568251 0.2030327508
0.0851041574 0.7082738508
0.1162225043 0.6590858078
0.8822078852 0.0607419076
0.6108884645 0.2184064781
0.1258466290 0.6452903448
0.5210317009 0.2781747623
0.3093501529 0.4438074723
0.2074873440 0.5444922378
0.1211980944 0.6519489637
0.8283765423 0.0898480976
0.2121381855 0.5394154118
0.5046391416 0.2896217664
0.5146298724 0.2826229409
0.3003852655 0.4519258849
0.5704898724 0.2446922564
0.0932775315 0.6945863208
0.0932775315 0.6945863208
0.2285499677 0.5219409601
0.2009852198 0.5516862729
