0.0000001273 0.9996432960
0.9999999972 0.0000000134
0.0411913050 0.7970436244
0.6163598330 0.2149141431
0.1828338173 0.5724093143
0.0125832488 0.8878249563
0.4176462541 0.3537444672
0.1693085839 0.5885484018
0.2440645496 0.5059711253
0.0526307023 0.7705861949
0.1379692991 0.6285578296
0.6353811865 0.2028920194
0.2308909847 0.5194888525
0.2969676588 0.4550526325
0.7649142199 0.1254062705
0.1592856329 0.6008939882
0.2579310872 0.4946441420
0.0194652162 0.8604822638
0.8895117842 0.0568606978
0.7830714864 0.1150867487
0.0028251119 0.9468482399
0.5618475563 0.2506488771
0.6462664268 0.1960934589
0.2064008428 0.5456864334
0.1091454690 0.6696283071
0.9045553113 0.0489188919
0.4286707968 0.3452704732
0.5395541468 0.2654565334
0.0045092157 0.9328493374
0.6614506372 0.1867038700
0.5843757306 0.2355552999
0.8752401861 0.0644572984
0.8433724322 0.0816469080
0.5583134122 0.2530104634
0.9854709910 0.0072911014
0.3282306731 0.4270858320
0.7304348875 0.1453451785
0.7444414101 0.1371898363
0.6003537270 0.2251750565
0.3865294581 0.3782850862
0.8231402611 0.0927292422
0.4488154071 0.3300631558
0.4404501426 0.3363358427
0.9360781876 0.0325187730
0.0853759516 0.7078084241
0.0076005707 0.9128187847
0.0276409620 0.8337443191
0.5024683172 0.2911500311
0.2820519442 0.4689144062
0.0972670125 0.6881234251
0.0678649158 0.7394910685
0.5113179301 0.2849924506
0.6858801040 0.1718212304
0.7535338782 0.1319367263
0.7115720141 0.1564527496
0.0963690384 0.6895664128
0.2207983039 0.5301082281
0.1263606334 0.6445276231
0.9181788266 0.0417835410
0.3066819149 0.4462113277
0.7935726994 0.1096949353
0.0758071864 0.7247802221
0.8604633407 0.0723883848
0.0094091676 0.9029991632
0.2202926717 0.5403044156
0.7212040453 0.1507626882
0.4627875197 0.3197151353
0.9487449218 0.0259646778
0.0007317454 0.9729492393
0.9653727132 0.0174661917
0.3154131574 0.4383834613
0.3497277125 0.4086222150
0.1937597261 0.5598185611
0.0006715170 0.9740863831
0.1214889386 0.6575555009
0.2672532175 0.4830346374
0.1957130710 0.5576053296
0.9753631078 0.0123952829
0.1487548663 0.6143125438
0.0353582022 0.8119622608
0.8025962789 0.1041226359
0.3597549304 0.4002042790
0.1479135619 0.6154047483
0.7012986336 0.1625642670
0.0644907061 0.7460498247
0.0338511050 0.8160133341
0.1137391234 0.6627477608
0.4607772849 0.3211942388
0.4780340820 0.3085999408
0.2702483040 0.4801459043
0.4780340820 0.3085999408
0.3944967921 0.3719102250
0.4901570959 0.2998878197
0.0596062923 0.7558560753
0.3993337829 0.3680714008
0.5215947336 0.2777848618
0.3745848464 0.3879666493
0.5242837609 0.2759256142
0.0570214279 0.7612084262
0.3385399523 0.4181581575
