0.6945864818 0.0000000000
0.1990163414 0.0000000000
0.8717292159 0.0000000000
0.8523972240 0.0000000000
0.5254509742 0.0000000000
0.7102748756 0.0000000000
0.3562902840 0.0000000000
0.3529898936 0.0000000000
0.6998047989 0.0000000000
0.8529160156 0.0000000000
0.7041840938 0.0000000000
0.1965469895 0.0000000000
0.5238894629 0.0000000000
0.6870872386 0.0000000000
0.8759528292 0.0000000000
0.7020442740 0.0000000000
0.5313328232 0.0000000000
0.8514312626 0.0000000000
0.8648913153 0.0000000000
0.8573422064 0.0000000000
0.1840508015 0.0000000000
0.3679721437 0.0000000000
0.6856784478 0.0000000000
0.1794170146 0.0000000000
0.1937244278 0.0000000000
0.8541910057 0.0000000000
0.3452518394 0.0000000000
0.1714792267 0.0000000000
0.7063888239 0.0000000000
0.1909019940 0.0000000000
0.1777516932 0.0000000000
0.3703270912 0.0000000000
0.3627245599 0.0000000000
0.6939297557 0.0000000000
0.1871008793 0.0000000000
0.5222838783 0.0000000000
0.6900784665 0.0000000000
0.3658280072 0.0000000000
0.3491484244 0.0000000000
0.6979627301 0.0000000000
0.6923727003 0.0000000000
0.5327454456 0.0000000000
0.6888182343 0.0000000000
0.3602093431 0.0000000000
0.2037825631 0.0000000000
0.5144460775 0.0000000000
0.0000000000 0.0000000000
0.8670969799 0.0000000000
0.8505796996 0.0000000000
0.6851592802 0.0000000000
0.6838148183 0.0000000000
0.5155754753 0.0000000000
0.6862720053 0.0000000000
0.1822240684 0.0000000000
0.8618183814 0.0000000000
0.8559216524 0.0000000000
0.5349148695 0.0000000000
0.8687322208 0.0000000000
0.5192772854 0.0000000000
0.8638070664 0.0000000000
0.5185533865 0.0000000000
0.1890455361 0.0000000000
0.3783594560 0.0000000000
0.6964580426 0.0000000000
0.5213996178 0.0000000000
0.6828024096 0.0000000000
0.8502166773 0.0000000000
0.5170480177 0.0000000000
0.5293604499 0.0000000000
0.8585749527 0.0001845824
0.1730328108 0.0000000000
0.3469649481 0.0000000000
0.2122163280 0.0000000000
0.8510711495 0.0000000000
0.6882741562 0.0000000000
0.5445573540 0.0000000000
0.8624131307 0.0000034291
0.3587868673 0.0000000000
0.5284065888 0.0000016783
0.5207620205 0.0000009521
0.3509057945 0.0000000000
0.8600786266 0.0000000000
0.8658266799 0.0000001892
0.5394398914 0.0000000000
0.5164635143 0.0000000000
0.5368893506 0.0000002280
0.3549996151 0.0000000000
0.3443390550 0.0000000000
0.3483071076 0.0000000000
0.5267304652 0.0000000000
0.3577511551 0.0000000000
0.5138454205 0.0000000000
0.1760211168 0.0000000000
0.0324779579 0.0000000000
0.0525042172 0.0000000000
0.0269974716 0.0000000000
0.0154878857 0.0000000000
0.0379245184 0.0000000003
0.0085838675 0.0000000000
0.0212932746 0.0000000000
