0.0543372838 0.9487922570
0.6894765520 0.0021468065
0.8586944795 -0.4388618541
0.3581565588 0.5833785117
0.6828458838 0.1425737098
0.8581390059 -0.4269377653
0.3488021943 0.6862633962
0.1763769032 0.9057577681
0.1893145531 0.8214572778
0.1737023197 0.9242933817
0.5268179787 0.2760526960
0.0231463643 0.9817341027
0.1715568088 0.9391199196
0.8615291308 -0.4950340375
0.3674022576 0.5125816070
0.1963822023 0.7846489988
0.0297577347 0.9723057148
0.5283768424 0.2573808570
0.3512321039 0.6572157000
0.5310157666 0.2292411933
0.3523902887 0.6438764764
0.2096571036 0.7466478172
0.7107593932 -0.2129676334
0.1990947277 0.7732204799
0.3704058050 0.4979354339
0.0449586218 0.9533658771
0.1921472030 0.8056086977
0.5231924626 0.3249196979
0.2044966661 0.7558197994
0.8562594878 -0.3844839964
0.7019679073 -0.1746118825
0.7060824994 -0.2020945256
0.3538677249 0.6273911608
0.6880479414 0.0301211113
0.6851030656 0.0918848897
0.1805894399 0.8768930274
0.6971136672 -0.1216467855
0.8639747069 -0.5368652350
0.6927290069 -0.0561563705
0.8694436024 -0.6063706129
0.5377219586 0.1790681161
0.5141966622 0.4733540795
0.3460328190 0.7208514597
0.7037527624 -0.1885539570
0.3553745520 0.6112429190
0.3570758866 0.5938866195
0.1869627535 0.8355468242
0.1852187270 0.8464584015
0.3597808574 0.5683877082
0.8596680011 -0.4590487571
0.8520690439 -0.2790471205
0.6938170993 -0.0738736208
0.0063170845 0.9984698704
0.8508436402 -0.2456841585
0.3444590735 0.7435540557
0.6909061972 -0.0244355142
0.8666577947 -0.5702317958
0.5167080483 0.4286476511
0.5193151093 0.3847080140
0.3639940523 0.5343988788
0.6962772373 -0.1103585226
0.5154145155 0.4514084841
0.6952664768 -0.0959225731
0.6858643665 0.0754879945
0.8570061356 -0.4017308952
0.0373147190 0.9618325057
0.8500482333 -0.2234774741
0.5222681265 0.3385109613
0.1782166872 0.8931107080
0.3470520062 0.7079655592
0.8553417970 -0.3626196623
0.8542537856 -0.3357618331
0.6837887429 0.1210937226
0.3778575158 0.4815565523
0.6901222505 -0.0100378648
0.5342858411 0.2008052051
0.5179675396 0.4070795502
0.5249067928 0.3009011564
0.5203678891 0.3677746755
0.1828612351 0.8617284662
0.6822446734 0.1565129379
0.5256871769 0.2905020169
0.6980078425 -0.1330042736
0.8714204097 -0.6228713455
0.5215234629 0.3497719246
0.6845734553 0.1035336445
0.6992033167 -0.1470788487
0.6833305802 0.1314650609
0.8681412915 -0.5929512557
0.3611341962 0.5566736771
0.6887145100 0.0168982664
0.8549068973 -0.3520082058
0.5322258980 0.2178641421
0.8655188896 -0.5599404138
0.8575431652 -0.4138267078
0.5299131128 0.2404539976
0.5443806574 0.1621159460
0.8758415164 -0.6424991747
0.6919771712 -0.0433763586
0.0147853173 0.9919603181
