0.8602871415 0.0000000000
0.8585587824 0.0000000000
0.3481848277 0.0000000000
0.3466095101 0.0000000000
0.8678818614 0.0000000000
0.5144334459 0.0000000000
0.1744242184 0.0000000000
0.3445740125 0.0000000000
0.8611517269 0.0000000000
0.8511700709 0.0000000000
0.5192407462 0.0000000000
0.5240418274 0.0000000000
0.6953276650 0.0000000000
0.0000000000 0.0000000000
0.3642863198 0.0000000000
0.5197750562 0.0000000000
0.3506511959 0.0000000000
0.5251895041 0.0000000000
0.8560717472 0.0000000000
0.3757021402 0.0000000000
0.8542630602 0.0000000000
0.3721378249 0.0000000000
0.6930792034 0.0000000000
0.3546900483 0.0000000000
0.6852393467 0.0000000000
0.7053280764 0.0000000000
0.8715012557 0.0000000000
0.1899343367 0.0000000000
0.3553836181 0.0000000000
0.3583257828 0.0000000000
0.8597854739 0.0000000000
0.0079771204 0.0000000000
0.5167442276 0.0000000000
0.8589340786 0.0000000000
0.5210657584 0.0000000000
0.6824672341 0.0000000000
0.1912599711 0.0000000000
0.8499295350 0.0000000000
0.6994139569 0.0000000000
0.8514705346 0.0000000000
0.6979678912 0.0000000000
0.7106836838 0.0000000000
0.8725659061 0.0000000000
0.3535756250 0.0000000000
0.1812869868 0.0000000000
0.1785355959 0.0000000000
0.8577273482 0.0000000000
0.1827029004 0.0000000000
0.5156877909 0.0000000000
0.3561327121 0.0000000000
0.8620200725 0.0000000000
0.3617838598 0.0000000000
0.5281695666 0.0000000000
0.6873587586 0.0000000000
0.3455461067 0.0000000000
0.8592547665 0.0000000000
0.2052286439 0.0000000000
0.5361933924 0.0000000000
0.3526505124 0.0000000000
0.8570138912 0.0000000000
0.1967922880 0.0000000000
0.1925636571 0.0000000000
0.7022067826 0.0000000000
0.3692415312 0.0000000000
0.0409276700 0.0000000000
0.0260005128 0.0000000000
0.1732161206 0.0000000000
0.8746175042 0.0000000000
0.0135323993 0.0000000000
0.3657071207 0.0000000000
0.3633854582 0.0000000000
0.8616578480 0.0000000000
0.3568110678 0.0000000000
0.5177102261 0.0000000000
0.5225085267 0.0000000000
0.6891145737 0.0000000000
0.5322782887 0.0000000000
0.1862775502 0.0000000000
0.6840951019 0.0000000000
0.5396616918 0.0000000000
0.5470332880 0.0000000000
0.0491681194 0.0000000000
0.1765502836 0.0000000000
0.1716832347 0.0000000000
0.1852331763 0.0000000000
0.1802266334 0.0000000000
0.3575629538 0.0000000000
0.3493966643 0.0000000000
0.3608432751 0.0000000000
0.0340615875 0.0000000000
0.1704210168 0.0000000000
0.1842528856 0.0000000000
0.1940548902 0.0000000000
0.2029100294 0.0000000000
0.1755586258 0.0000000000
0.1953279935 0.0000000000
0.2126780141 0.0000000000
0.1887187162 0.0000356965
0.1982768296 0.0000000000
0.2007957911 0.0000000000
