0.8602871415 -0.4714057040
0.8585587824 -0.4359758112
0.3481848277 0.6938493494
0.3466095101 0.7135363064
0.8678818614 -0.5900396016
0.5144334459 0.4690502839
0.1744242184 0.9192893840
0.3445740125 0.7395819567
0.8611517269 -0.4880199835
0.8511700709 -0.2546742691
0.5192407462 0.3859225847
0.5240418274 0.3128220873
0.6953276650 -0.0968921059
0.0000000000 1.0000000000
0.3642863198 0.5323208208
0.5197750562 0.3772492736
0.3506511959 0.6640346699
0.5251895041 0.2970942266
0.8560717472 -0.3800700986
0.3757021402 0.4832773744
0.8542630602 -0.3360116935
0.3721378249 0.4915398626
0.6930792034 -0.0619602029
0.3546900483 0.6184917569
0.6852393467 0.0889127830
0.7053280764 -0.1982938606
0.8715012557 -0.6234457109
0.1899343367 0.8178781735
0.3553836181 0.6111479055
0.3583257828 0.5817709493
0.8597854739 -0.4614223922
0.0079771204 0.9975734000
0.5167442276 0.4280196846
0.8589340786 -0.4439148858
0.5210657584 0.3568270974
0.6824672341 0.1513325191
0.1912599711 0.8104288025
0.8499295350 -0.2201278932
0.6994139569 -0.1494250938
0.8514705346 -0.2628840449
0.6979678912 -0.1325120272
0.7106836838 -0.2129670020
0.8725659061 -0.6302660312
0.3535756250 0.6306009423
0.1812869868 0.8721973988
0.1785355959 0.8908787123
0.8577273482 -0.4179145642
0.1827029004 0.8627725368
0.5156877909 0.4465511312
0.3561327121 0.6033893784
0.8620200725 -0.5039381768
0.3617838598 0.5513118926
0.5281695666 0.2597781246
0.6873587586 0.0440967590
0.3455461067 0.7270661946
0.8592547665 -0.4505918467
0.2052286439 0.7540567008
0.5361933924 0.1876770833
0.3526505124 0.6409284357
0.8570138912 -0.4019074354
0.1967922880 0.7828149935
0.1925636571 0.8033942880
0.7022067826 -0.1766546260
0.3692415312 0.5030857961
0.0409276700 0.9574131379
0.0260005128 0.9777277742
0.1732161206 0.9276608599
0.8746175042 -0.6394823552
0.0135323993 0.9932087818
0.3657071207 0.5227648265
0.3633854582 0.5388466128
0.8616578480 -0.4973927283
0.3568110678 0.5965241527
0.5177102261 0.4114358435
0.5225085267 0.3349343559
0.6891145737 0.0091045994
0.5322782887 0.2173939225
0.1862775502 0.8397905226
0.6840951019 0.1141870438
0.5396616918 0.1706444327
0.5470332880 0.1648787711
0.0491681194 0.9503674127
0.1765502836 0.9045583511
0.1716832347 0.9382493092
0.1852331763 0.8463665521
0.1802266334 0.8793473359
0.3575629538 0.5890992542
0.3493966643 0.6790336737
0.3608432751 0.5591303366
0.0340615875 0.9661685820
0.1704210168 0.9469164764
0.1842528856 0.8526483611
0.1940548902 0.7957292367
0.2029100294 0.7601436927
0.1755586258 0.9114246030
0.1953279935 0.7895293118
0.2126780141 0.7449364713
0.1887187162 0.8253225780
0.1982768296 0.7764890633
0.2007957911 0.7669375990
