0.0543372838 0.0000000000
0.6894765520 0.0000000000
0.8586944795 0.0000000000
0.3581565588 0.0000000000
0.6828458838 0.0000000000
0.8581390059 0.0000000000
0.3488021943 0.0000000000
0.1763769032 0.0000000000
0.1893145531 0.0000000000
0.1737023197 0.0000000000
0.5268179787 0.0000000000
0.0231463643 0.0000000000
0.1715568088 0.0000000000
0.8615291308 0.0000000000
0.3674022576 0.0000000000
0.1963822023 0.0000000000
0.0297577347 0.0000000000
0.5283768424 0.0000000000
0.3512321039 0.0000000000
0.5310157666 0.0000000000
0.3523902887 0.0000000000
0.2096571036 0.0000000000
0.7107593932 0.0000000000
0.1990947277 0.0000000000
0.3704058050 0.0000000000
0.0449586218 0.0000000000
0.1921472030 0.0000000000
0.5231924626 0.0000000000
0.2044966661 0.0000000000
0.8562594878 0.0000000000
0.7019679073 0.0000000000
0.7060824994 0.0000000000
0.3538677249 0.0000000000
0.6880479414 0.0000000000
0.6851030656 0.0000000000
0.1805894399 0.0000000000
0.6971136672 0.0000000000
0.8639747069 0.0000000000
0.6927290069 0.0000000000
0.8694436024 0.0000000000
0.5377219586 0.0000000000
0.5141966622 0.0000000000
0.3460328190 0.0000000000
0.7037527624 0.0000000000
0.3553745520 0.0000000000
0.3570758866 0.0000000000
0.1869627535 0.0000000000
0.1852187270 0.0000000000
0.3597808574 0.0000000000
0.8596680011 0.0000000000
0.8520690439 0.0000000000
0.6938170993 0.0000000000
0.0063170845 0.0000000000
0.8508436402 0.0000000000
0.3444590735 0.0002220838
0.6909061972 0.0000000000
0.8666577947 0.0002867358
0.5167080483 0.0000000000
0.5193151093 0.0000000000
0.3639940523 0.0000000000
0.6962772373 0.0000022787
0.5154145155 0.0000000000
0.6952664768 0.0000049628
0.6858643665 0.0000047437
0.8570061356 0.0000000000
0.0373147190 0.0000038481
0.8500482333 0.0000000000
0.5222681265 0.0000000000
0.1782166872 0.0000041701
0.3470520062 0.0000003956
0.8553417970 0.0000000000
0.8542537856 0.0000009805
0.6837887429 0.0000013345
0.3778575158 0.0000000000
0.6901222505 0.0000000622
0.5342858411 0.0000001868
0.5179675396 0.0000000000
0.5249067928 0.0000000050
0.5203678891 0.0000000244
0.1828612351 0.0000000000
0.6822446734 0.0000000000
0.5256871769 0.0000000000
0.6980078425 0.0000000112
0.8714204097 0.0000000000
0.5215234629 0.0000000000
0.6845734553 0.0000000000
0.6992033167 0.0000000000
0.6833305802 0.0000000000
0.8681412915 0.0000000000
0.3611341962 0.0000000000
0.6887145100 0.0000000000
0.8549068973 0.0000000000
0.5322258980 0.0000000000
0.8655188896 0.0000000000
0.8575431652 0.0000000000
0.5299131128 0.0000000000
0.5443806574 0.0000000000
0.8758415164 0.0000000000
0.6919771712 0.0000000000
0.0147853173 0.0000000000
