0.5178224616 0.0000000000
0.5257089005 0.0000000000
0.6859585718 0.0000000000
0.3465122904 0.0000000000
0.3453869187 0.0000000000
0.8512583753 0.0000000000
0.1821799178 0.0000000000
0.5305177471 0.0000000000
0.3507133490 0.0000000000
0.1728788980 0.0000000000
0.3476027425 0.0000000000
0.8689593432 0.0000000000
0.3574255511 0.0000000000
0.6852095491 0.0000000000
0.2003622035 0.0000000000
0.2069277439 0.0000000000
0.5399807137 0.0000000000
0.3559185772 0.0000000000
0.0000000000 0.0000000000
0.6881987268 0.0000000000
0.5266997025 0.0000000000
0.5349731054 0.0000000000
0.5276566914 0.0000000000
0.3610698425 0.0000000000
0.5218487736 0.0000000000
0.5366471592 0.0000000000
0.3644380453 0.0000000000
0.5185684605 0.0000000000
0.1715407446 0.0000000000
0.8518008260 0.0000000000
0.3728584469 0.0000000000
0.8678691205 0.0000000000
0.3446524456 0.0000000000
0.3490957645 0.0000000000
0.6920624172 0.0000000000
0.5247065029 0.0000000000
0.6953828545 0.0000000000
0.8611980228 0.0000000000
0.6868921208 0.0000000000
0.0443850570 0.0000000000
0.5198206264 0.0000000000
0.0115253387 0.0000000000
0.5444760028 0.0000000000
0.6906711540 0.0000000000
0.0535906734 0.0000000000
0.7088472689 0.0000000000
0.5158797135 0.0000000000
0.7031970642 0.0000000000
0.6897645331 0.0000000000
0.2030532464 0.0000000000
0.1761449078 0.0000000000
0.5233580887 0.0000000000
0.8771733322 0.0000000000
0.0382849319 0.0000000000
0.6972559259 0.0000000000
0.3784790936 0.0000000000
0.3532996843 0.0000000000
0.7052116544 0.0000000000
0.3484003101 0.0000000000
0.5318716913 0.0000000000
0.1951081277 0.0000000000
0.8549916946 0.0000000000
0.7005454612 0.0000000000
0.1801206918 0.0000000000
0.1852964942 0.0000000000
0.6934366398 0.0000000000
0.6993517817 0.0000000000
0.1980155185 0.0000000000
0.3519814406 0.0000000000
0.8569878999 0.0000000000
0.2126536280 0.0000000000
0.8499051996 0.0000000000
0.8586725007 0.0000000000
0.8705365449 0.0000000000
0.3700776482 0.0000000000
0.6914687487 0.0000000000
0.8592283732 0.0000000000
0.8637499083 0.0003195171
0.6965022525 0.0000987486
0.3661370221 0.0000000000
0.5292196946 0.0000000000
0.3541864806 0.0000000000
0.7017936309 0.0000000000
0.6837205105 0.0000000000
0.6822976502 0.0002649463
0.0300979904 0.0000000000
0.5230823672 0.0002834731
0.5335352251 0.0000000000
0.8538696587 0.0000000000
0.5147169970 0.0000000000
0.3627986240 0.0000000000
0.1784706417 0.0000000000
0.8619545781 0.0000000000
0.1931191677 0.0000000000
0.0257339064 0.0000000000
0.1834317387 0.0000000000
0.0184969392 0.0000000000
0.1908381285 0.0000000000
0.1886326083 0.0000000000
0.1702545403 0.0000000000
