0.1410374780 0.0000000000
0.0659384055 0.0000000000
0.2753379763 0.0000000000
0.5663840322 0.0000000000
0.0597620713 0.0000000000
0.2383847982 0.0000000000
0.8536853442 0.0000000000
0.3547505921 0.0000000000
0.5657192739 0.0000000000
0.0269587786 0.0000000000
0.4166703086 0.0000000000
0.3784177522 0.0000000000
0.9397315377 0.0000000000
0.5342091122 0.0000000000
0.1517724034 0.0000000000
0.6272779398 0.0000000000
0.2156473443 0.0000000000
0.2459128337 0.0000000000
0.0574623521 0.0000000000
0.2325725146 0.0000000000
0.4458529433 0.0000000000
0.4650583272 0.0000000000
0.6503132680 0.0000000000
0.4319842795 0.0000000000
0.5700191222 0.0000000000
0.1645774949 0.0000000000
0.2250463324 0.0000000000
0.4593671871 0.0000000000
0.0364349533 0.0000000000
0.5777411265 0.0000000000
0.3564093562 0.0000000000
0.2313076051 0.0000000000
0.7391174074 0.0000000000
0.0308697225 0.0000000000
0.1554604610 0.0000000000
0.2278602241 0.0000000000
0.4263065908 0.0000000000
0.1624155803 0.0000000000
0.3389853998 0.0000000000
0.3208075356 0.0000000000
0.3278437286 0.0000000000
0.5647524465 0.0000000000
0.4540030528 0.0000000000
0.1402477988 0.0000000000
0.1724726363 0.0000000000
0.5687049437 0.0000000000
0.4673133150 0.0000000000
0.9334825929 0.0000000000
0.2676845236 0.0000000000
0.5172319569 0.0000000000
0.0558697968 0.0000000000
0.0583121917 0.0000000000
0.1599064604 0.0000000000
0.0378547376 0.0000000000
0.0467308627 0.0000000000
0.0566251355 0.0000000000
0.0620999299 0.0000000000
0.7650495324 0.0000000000
0.4603962153 0.0012471568
0.0627620511 0.0000000000
0.0528349309 0.0000000000
0.3722873975 0.0000000000
0.2580129599 0.0000000000
0.3111476048 0.0000000000
0.1801219483 0.0000000000
0.2694837731 0.0000000000
0.9357994375 0.0000000000
0.0427569453 0.0000000000
0.7541049062 0.0000000000
0.4779491626 0.0000000000
0.1539913685 0.0000000000
0.4573047514 0.0000000000
0.2266249365 0.0000000000
0.5868686282 0.0000000000
0.4625865357 0.0000000000
0.2350870860 0.0000000000
0.7658087328 0.0000000000
0.2613141552 0.0000000000
0.7121817820 0.0000000000
0.5527758491 0.0000000000
0.0260731669 0.0000000000
0.0390865187 0.0004370516
0.5375372667 0.0000000000
0.3610815956 0.0000025953
0.6625452585 0.0000030767
0.7228898666 0.0000001019
0.2804721107 0.0000022800
0.0543146811 0.0000024392
0.6574067919 0.0000024392
0.0692472156 0.0000024392
0.0000000000 0.0000023986
0.0611145051 0.0000024392
0.0312703254 0.0000024392
0.0089655648 0.0000024392
0.0374923777 0.0000024392
0.0204719037 0.0000024392
0.0095293553 0.0000024385
0.0128100678 0.0000024385
0.0186982246 0.0000024389
0.0200420350 0.0000024389
