0.6425218981 0.0000000000
0.0281203455 0.0000000000
0.0277661188 0.0000000000
0.3300128219 0.0000000000
0.3641611976 0.0000000000
0.1351640589 0.0000000000
0.7537352269 0.0000000000
0.5850897604 0.0000000000
0.4530549726 0.0000000000
0.4738538171 0.0000000000
0.1405879484 0.0000000000
0.6336754918 0.0000000000
0.1557027908 0.0000000000
0.2798723850 0.0000000000
0.6703866198 0.0000000000
0.4317229052 0.0000000000
0.2203569600 0.0000000000
0.1306051622 0.0000000000
0.4283876813 0.0000000000
0.1879653885 0.0000000000
0.0586819621 0.0000000000
0.5453948196 0.0000000000
0.2303415327 0.0000000000
0.7333372873 0.0000000000
0.7623675775 0.0000000000
0.0372339254 0.0000000000
0.1279848417 0.0000000000
0.0387462931 0.0000000000
0.0315780336 0.0000000000
0.5543367504 0.0000000000
0.0848298218 0.0000000000
0.2419524331 0.0000000000
0.2697690317 0.0000000000
0.3353374770 0.0000000000
0.0236410626 0.0000000000
0.6366374712 0.0000000000
0.0628985488 0.0000000000
0.5320588100 0.0000000000
0.7143834663 0.0000000000
0.0565718177 0.0000000000
0.7750318669 0.0000000000
0.4599697159 0.0000000000
0.3324820606 0.0000000000
0.3227270446 0.0000000000
0.0422318435 0.0000000000
0.6182992778 0.0000000000
0.2802617822 0.0000000000
0.3459453912 0.0000000000
0.6245936330 0.0000000000
0.6233240771 0.0000000000
0.0623152749 0.0000000000
0.4712286389 0.0000000000
0.1372595569 0.0167577383
0.7675360474 0.0073156619
0.2264514467 0.0002701808
0.2308492732 0.0000000000
0.0578893243 0.0000000000
0.1314661381 0.0000000000
0.0680449064 0.0000000000
0.4669227858 0.0000000000
0.0379710039 0.0003273017
0.3199798837 0.0000000000
0.3699590526 0.0000000000
0.1387856378 0.0000000000
0.1795409960 0.0000000000
0.0490799617 0.0000000000
0.1780134383 0.0000106375
0.1234251665 0.0000000000
0.0573098613 0.0000000000
0.0636901100 0.0000000000
0.1614119922 0.0000006248
0.0000000000 0.0000000000
0.6711370376 0.0000003217
0.0367487789 0.0000000000
0.2853008887 0.0000000000
0.3276274198 0.0000000006
0.6453882865 0.0000000000
0.3596347673 0.0000000000
0.4855367714 0.0000000000
0.2528198670 0.0000000049
0.9387499306 0.0000000000
0.0438356188 0.0000000000
0.2339895887 0.0000000000
0.0340691864 0.0000000000
0.5557294825 0.0000000000
0.5757007643 0.0000000000
0.0431580205 0.0000000000
0.0617037035 0.0000000000
0.9338056666 0.0000000000
0.0658320122 0.0000000000
0.9541115553 0.0000000000
0.1299151125 0.0000000000
0.9628157488 0.0000000000
0.1518960654 0.0000000000
0.0446085230 0.0000000000
0.0521006616 0.0000000000
0.4326748487 0.0000000000
0.1743598283 0.0000000000
0.2757828364 0.0000000000
0.2701021584 0.0000000000
