0.0418879796 0.0000000000
0.5596940593 0.0192912127
0.5258486653 0.0000000000
0.3654090647 0.0000000000
0.6547732205 0.0000000000
0.1369890083 0.0000000000
0.6448395161 0.0000000000
0.2414874037 0.0000000000
0.2770089970 0.0000000000
0.1565653058 0.0000000000
0.6416467147 0.0000000000
0.6337553049 0.0000000000
0.1383198603 0.0000000000
0.7520763103 0.0000000000
0.1653663004 0.0000000000
0.5682087554 0.0000000000
0.3420265954 0.0000000000
0.2502108576 0.0000000000
0.1375644350 0.0000000000
0.1581089885 0.0000000000
0.4313211893 0.0000000000
0.3780802053 0.0000000000
0.9255776134 0.0000000000
0.2718188593 0.0000000000
0.4719487620 0.0000000000
0.4587423538 0.0000000000
0.5554214707 0.0000000000
0.0394726587 0.0000000000
0.7383303800 0.0000000000
0.9546302064 0.0000000000
0.5840340868 0.0000000000
0.8329594831 0.0000000000
0.1618355018 0.0000000000
0.2298155850 0.0000000000
0.5357355016 0.0000000000
0.1771503983 0.0000000000
0.0705828395 0.0000000000
0.3106246488 0.0000000000
0.4649212476 0.0000000000
0.2233573875 0.0000000000
0.0363324281 0.0000000000
0.2441935998 0.0000000000
0.0775393970 0.0000000000
0.0625655608 0.0000000000
0.0609741518 0.0000000000
0.4534309785 0.0000000000
0.0321846262 0.0000000000
0.3475728125 0.0000000000
0.6671490328 0.0000000000
0.2597314156 0.0208684646
0.2268673006 0.0000000000
0.8358279212 0.0000000000
0.5452172001 0.0016916520
0.0437466303 0.0000000000
0.1493316361 0.0000000000
0.7731387735 0.0000000000
0.0230238817 0.0000000000
0.0346453420 0.0000000000
0.3401500863 0.0000000000
0.0599835703 0.0000000000
0.3538417083 0.0000661895
0.4297428225 0.0000000000
0.0783003963 0.0000000000
0.0399449236 0.0000000000
0.5668086815 0.0000000000
0.0621300777 0.0000000000
0.5240532681 0.0000000000
0.0329036727 0.0000000000
0.2663716614 0.0000098372
0.0604458418 0.0000000000
0.8535649664 0.0000072756
0.6860330055 0.0000072756
0.0721716669 0.0000072756
0.1171802761 0.0000072756
0.2310586617 0.0000072756
0.0591224570 0.0000065392
0.8264849851 0.0000072756
0.2739010571 0.0000073083
0.6370268689 0.0000072756
0.9387058983 0.0000072756
0.6593980140 0.0000072756
0.0521677226 0.0000072756
0.0549393326 0.0000072756
0.1624570244 0.0000072756
0.0000000000 0.0000072756
0.8576381680 0.0000072756
0.3140127194 0.0000072756
0.4424299572 0.0000072756
0.0569034322 0.0000072756
0.1669878088 0.0000072756
0.0638309418 0.0000072756
0.2367392860 0.0000072756
0.0200814957 0.0000072756
0.0445193505 0.0000072756
0.0492725783 0.0000072756
0.0836330481 0.0000072756
0.1130328555 0.0000072756
0.1147717125 0.0000072756
0.1122812955 0.0000072756
0.1108834365 0.0000072756
