0.5148047071 0.9986925500
0.5614506149 0.9968874552
0.4904728669 0.9991943436
0.7204478453 0.9623274109
0.9346402319 0.4913199394
0.9710975552 0.2541893039
0.4437707601 0.9997037988
0.9208681756 0.5614949051
0.4604095756 0.9995720003
0.9999688876 0.0003110806
0.9144973182 0.5909048204
0.9172171308 0.5785737589
0.9648999777 0.3004432305
0.9606349625 0.3307569217
0.7884873303 0.9071146562
0.9793382143 0.1884280796
0.8533112921 0.7953202263
0.8601767030 0.7782432951
0.3625588308 0.9999607550
0.9875627665 0.1176374316
0.9814717175 0.1705735267
0.9901893905 0.0938863196
0.9687967705 0.2716723054
0.9393787211 0.4649342125
0.8201031851 0.8623789123
0.9368158336 0.4793543750
0.8682310205 0.7565818349
0.6399912706 0.9884723574
0.7050483258 0.9696478922
0.9300475183 0.5157703457
0.6193449877 0.9916952556
0.8098257236 0.8786846718
0.9424635177 0.4471014147
0.9944056637 0.0545558214
0.4283441593 0.9997920646
0.5303760543 0.9982386767
0.9775063404 0.2034815679
0.9014704198 0.6455827865
0.8454961276 0.8133120749
0.5023774351 0.9989759970
0.8318157106 0.8414116844
0.6519604158 0.9861256617
0.9670021484 0.2850521088
0.9580470392 0.3485691366
0.9237642007 0.5475076125
0.9887825889 0.1066778449
0.3944759012 0.9999087559
0.4754079328 0.9994102550
0.9736332353 0.2344846513
0.2451821851 0.9999992150
0.6027157151 0.9936740588
0.5803446557 0.9956662895
0.1978442660 0.9999999081
0.9752024164 0.2220571616
0.8835971648 0.7099030672
0.7419349708 0.9494573023
0.8901073938 0.6878063352
0.7954130289 0.8986259016
0.9853528799 0.1371845716
0.9555265101 0.3655061660
0.8964779645 0.6647288450
0.6944096956 0.9739289958
0.7706952359 0.9261616563
0.8725386031 0.7446245364
0.9080509072 0.6188446972
0.3279835437 0.9999855948
0.9630150525 0.3139895136
0.2105043626 0.9999998292
0.9828114444 0.1591819040
0.7792043336 0.9174886691
0.9263382364 0.5347397949
0.3162378782 0.9999899968
0.9955642449 0.0434825266
0.8387301651 0.8277250323
0.9459228616 0.4264685749
0.2989681515 0.9999942951
0.5497294566 0.9974794804
0.6630715723 0.9835712664
0.8761637905 0.7334043802
0.9325482393 0.5025916581
0.9518632333 0.3894158583
0.7327160537 0.9553977249
0.3456910785 0.9999756286
0.5916872468 0.9947407710
0.8260208380 0.8521197985
0.7529102722 0.9414627624
0.8935816677 0.6754044931
0.9917043422 0.0799272932
0.9051240850 0.6309533948
0.9496210271 0.4036472522
0.9979541281 0.0202713912
0.9840645865 0.1483992579
0.3784818819 0.9999396815
0.2586127700 0.9999986619
0.1797245906 0.9999999649
0.9110532816 0.6060530271
0.8031011070 0.8883902218
0.7615614787 0.9343779665
0.8802295700 0.7207716311
0.8642460187 0.7675262745
