0.3587447897 0.0000000000
0.1540948494 0.0000000000
0.4199777053 0.0000000000
0.4369436472 0.0000000000
0.3144173083 0.0000000000
0.6576800075 0.0000000000
0.0689855916 0.0000000000
0.5458592521 0.0000000000
0.2552131107 0.0000000000
0.1558851613 0.0000000000
0.1211494952 0.0000000000
0.2703272969 0.0000000000
0.6745721700 0.0000000000
0.1320985384 0.0000000000
0.2199178281 0.0000000000
0.9286595773 0.0000000000
0.6587245711 0.0000000000
0.7375268071 0.0000000000
0.6657162441 0.0000000000
0.0686272972 0.0000000000
0.5404234616 0.0000000000
0.0664230473 0.0000000000
0.3382638571 0.0000000000
0.0304751624 0.0000000000
0.8604376330 0.0000000000
0.7694223026 0.0000000000
0.1179487921 0.0000000000
0.9646484538 0.0000000000
0.5733306505 0.0000000000
0.1377461813 0.0000000000
0.2144494981 0.0000000000
0.4412726814 0.0000000000
0.3705649958 0.0000000000
0.4542434130 0.0000000000
0.1464519218 0.0000000000
0.1574691156 0.0000000000
0.8274260169 0.0000000000
0.0598713178 0.0000000000
0.4676228108 0.0000000000
0.5342179879 0.0000000000
0.3361145847 0.0000000000
0.3217331029 0.0000000000
0.0561648074 0.0000000000
0.2604251366 0.0000000000
0.7428267581 0.0000000000
0.8531057079 0.0000000000
0.1588641848 0.0000000000
0.5260877166 0.0000000000
0.3407103606 0.0000000000
0.0363802350 0.0000000000
0.0602840001 0.0000000000
0.0413068064 0.0000000000
0.5094667893 0.0000000000
0.1368785980 0.0000000000
0.7365846199 0.0000000000
0.8327834840 0.0000000000
0.0756667456 0.0000000000
0.4622218634 0.0000000000
0.4588887994 0.0000000000
0.4297798202 0.0000000000
0.0897133715 0.0000000000
0.0539556059 0.0000000000
0.3446726560 0.0000000000
0.2411679263 0.0000076562
0.0389890615 0.0000000000
0.3631995533 0.0000000000
0.5145853324 0.0000108127
0.8619030887 0.0000000000
0.0400816809 0.0000010506
0.5556150352 0.0000010506
0.0372324779 0.0000158299
0.2258263572 0.0000010506
0.3612096149 0.0000010506
0.7595032319 0.0000010506
0.3429009899 0.0000002771
0.1300281447 0.0000010506
0.1745739191 0.0000010506
0.3250443693 0.0000008592
0.0300437892 0.0000005358
0.3232853568 0.0000005358
0.6131886712 0.0000005358
0.5440324932 0.0000006051
0.0628285499 0.0000005978
0.0555417487 0.0000006051
0.5621852884 0.0000006051
0.0490418224 0.0000006051
0.1398474949 0.0000006051
0.1305794549 0.0000006051
0.2818889318 0.0000006051
0.0547113103 0.0000006051
0.0396127329 0.0000006051
0.0573332901 0.0000006051
0.0521387002 0.0000006051
0.0623803522 0.0000006051
0.0279826299 0.0000006051
0.0167257636 0.0000006051
0.0193577048 0.0000006051
0.0185570821 0.0000006051
0.0137810871 0.0000006051
0.0080086251 0.0000006051
