0.8755800397 0.7351752777
0.4811750455 0.9993346794
0.5677492139 0.9965201108
0.5418895828 0.9978167271
0.9706240791 0.2578176701
0.9508336002 0.3959885063
0.8209061433 0.8610255201
0.7576076642 0.9377063764
0.9981034477 0.0188044780
0.4366193785 0.9997482149
0.8936775834 0.6750559087
0.8892637553 0.6907526999
0.9967179283 0.0323401952
0.9542264620 0.3740861525
0.8476426077 0.8085180733
0.2947993285 0.9999950425
0.8861861425 0.7012901485
0.6119438144 0.9926359710
0.9488492092 0.4084765043
0.5842372853 0.9953666757
0.4032098708 0.9998864175
0.6009197471 0.9938600511
0.2338382303 0.9999995112
0.6628741807 0.9836201080
0.9161117642 0.5836250424
0.9566379119 0.3580874284
0.2649984655 0.9999982922
0.9278354281 0.5271651110
0.8638235746 0.7686601114
0.7947446502 0.8994745256
0.8117572646 0.8757598865
0.9902335330 0.0934822948
0.7722484927 0.9245653824
0.9384516125 0.4701915886
0.9856162367 0.1348757353
0.9451451098 0.4311668259
0.8976365811 0.6603704814
0.8036637221 0.8876058663
0.9833265077 0.1547650112
0.9594327493 0.3390853385
0.9795420517 0.1867373081
0.9659497660 0.2927948473
0.9023818441 0.6419831332
0.6777005782 0.9795648156
0.9355108042 0.4865619203
0.7850691687 0.9110636667
0.9208712024 0.5614804914
0.9689489909 0.2705271250
0.7309205632 0.9564787058
0.8554330920 0.7901734369
0.9918071849 0.0789727050
0.9086494898 0.6163246740
0.6394927060 0.9885618456
0.8706712994 0.7496530600
0.9058031243 0.6281753796
0.9125874120 0.5993688264
0.3350973276 0.9999821471
0.7180809157 0.9635469520
0.2089362723 0.9999998415
0.8804098675 0.7201991599
0.9184291164 0.5729719193
0.7034256108 0.9703392749
0.2219608087 0.9999997098
0.3207284742 0.9999884821
0.9872520529 0.1204096520
1.0000000000 0.0000000000
0.9752989174 0.2212870065
0.4217516118 0.9998219395
0.9779998445 0.1994511147
0.2774834831 0.9999972937
0.6508766013 0.9863545899
0.9327571791 0.5014760774
0.9929953173 0.0678796170
0.7436023562 0.9483098762
0.9886055904 0.1082756619
0.3887416908 0.9999211846
0.6277908777 0.9904906681
0.9612603604 0.3263871920
0.9300178112 0.5159249935
0.5291054495 0.9982804202
0.4661442161 0.9995156013
0.8419928786 0.8209047021
0.9738314061 0.2329251139
0.9230883759 0.5508071641
0.6895614064 0.9756931060
0.9642065760 0.3054541979
0.9525685908 0.3848761397
0.5059196164 0.9989014619
0.1968096562 0.9999999128
0.3597542064 0.9999636873
0.1807748471 0.9999999627
0.9470267169 0.4197404300
0.9403959034 0.4591120758
0.9818112214 0.1676999615
0.2471755897 0.9999991488
0.9723439273 0.2445615914
0.9427046655 0.4456850852
0.8370791201 0.8310862160
0.9941610403 0.0568790375
0.9766685564 0.2102819596
