0.9162432147 0.5830272108
0.9249190812 0.5418186676
0.9221566897 0.5553203949
0.2662238355 0.9999982116
0.9081830822 0.6182895274
0.8933812964 0.6761316122
0.9644157359 0.3039460869
0.9808900995 0.1754756034
0.2945289566 0.9999950878
0.9483796395 0.4113973455
0.6650581357 0.9830723720
0.9851295039 0.1391385489
0.9502517379 0.3996745907
0.9005888774 0.6490333992
0.8624965368 0.7721895723
0.8050186853 0.8856964789
0.9402633196 0.4598741748
0.3805508749 0.9999363018
0.5263219917 0.9983687701
0.7049924862 0.9696719224
0.9317800344 0.5066740005
0.9042556344 0.6344790823
0.9717770166 0.2489545249
0.9432408619 0.4425241419
0.9940865507 0.0575854525
0.9736698633 0.2341966167
0.6928714927 0.9745007779
0.9346727849 0.4911427412
0.5965812543 0.9942892121
0.9454838940 0.4291245701
0.8963511412 0.6652028461
0.8559996070 0.7887797011
0.8222480866 0.8587369056
0.2242616466 0.9999996782
0.9126782859 0.5989697057
0.9524021126 0.3859503319
0.9790056922 0.1911794644
0.2435687322 0.9999992651
0.9609550462 0.3285236564
0.3503130915 0.9999721668
0.7242437313 0.9602947945
0.5666546000 0.9965866236
0.6140186886 0.9923824398
0.6820847006 0.9782036847
0.4697347300 0.9994769699
1.0000000000 0.0000000000
0.7852582587 0.9108492243
0.9190891365 0.5698931804
0.8688313539 0.7548934872
0.9542369307 0.3740174814
0.7946626689 0.8995781737
0.9566631984 0.3579177335
0.5497499968 0.9974785384
0.2131487150 0.9999998064
0.8312336342 0.8425179434
0.8726403375 0.7439334546
0.5146159928 0.9986973349
0.6480298556 0.9869397903
0.8119116255 0.8755234337
0.7610007709 0.9348595181
0.1889526348 0.9999999420
0.4230271809 0.9998164803
0.3161649894 0.9999900198
0.9928867686 0.0688980585
0.3278200155 0.9999856664
0.9768141513 0.2091039128
0.8482138703 0.8072236739
0.8434341490 0.8178153395
0.4518889646 0.9996449272
0.9674361701 0.2818367030
0.9702424320 0.2607307553
0.5377524204 0.9979778017
0.8835279598 0.7101301966
0.9888387860 0.1061699986
0.9913941155 0.0828014326
0.9754157393 0.2204880659
0.7375056373 0.9523949042
0.8898516396 0.6887022011
0.4090109490 0.9998689765
0.7696138614 0.9270997847
0.3671105534 0.9999555401
0.9628344601 0.3152752119
0.6344979380 0.9894244698
0.9961687910 0.0376582754
0.9366540010 0.4802530780
0.9876263894 0.1170688125
0.5801525477 0.9956806160
0.7482983506 0.9449511971
0.9973306618 0.0263750120
0.3940153107 0.9999098157
0.8796456031 0.7226185831
0.8371338020 0.8309758411
0.2823292261 0.9999967822
0.9271059660 0.5308694040
0.9988249537 0.0116885243
0.9592068276 0.3406399742
0.9826063537 0.1609348560
0.7776153688 0.9191558956
0.4931567338 0.9991491565
0.4812473087 0.9993336796
