0.2211138706 0.4260901698 0.9601537381
0.1186684636 0.6667201194 0.8079333707
0.7578953512 0.6637233240 0.2691577155
0.4635157027 0.8948415143 0.2692444380
0.9622542550 0.3135652849 0.2703910307
0.4362107383 0.5380040144 0.8393681348
0.3674640506 0.4532147355 0.8417715262
1.0045714234 0.1065539109 0.3346260631
0.5072723515 0.2638948504 0.8553380667
0.0000000000 1.0280365068 0.0000000000
1.0318149225 0.0000000000 0.0000000000
0.3177835733 0.0000000000 0.9722338029
0.5874601383 0.0000000000 0.8373264315
0.0000000000 1.0084874088 0.3036679375
1.0060025836 0.0000000000 0.3029197262
0.9030221317 0.4217583769 0.3001062489
0.3174733220 0.3753587816 0.9151669964
0.7210711222 0.7794574951 0.0000000000
0.8690542152 0.5891042522 0.0337351579
0.0000000000 0.4559074039 0.9642513076
0.7515743610 0.7215699872 0.0819653365
0.5846033166 0.3463666643 0.7930394810
0.9509689473 0.4720025109 0.0000000000
0.7597734585 0.6117991909 0.3938467274
0.0000000000 0.9754762726 0.3938467274
0.7948768432 0.7138717859 0.0000000000
0.5933984036 0.7668222992 0.3914770965
0.9587900694 0.2272736533 0.3451272394
0.9747527407 0.0000000000 0.3935546028
0.4528814361 0.1073519864 0.9345686052
0.1717670987 0.5778719899 0.8587111464
0.2719895181 0.9150479061 0.3854242750
0.8185689070 0.4972889987 0.3867037611
0.1624910109 0.9835793690 0.3204148640
0.0800767316 0.4847149432 0.9126601254
0.1695458616 1.0262833040 0.0000000000
0.3500196222 0.5222062641 0.8945395573
0.3969524574 0.3147265447 0.9349369731
0.5311117558 0.0000000000 0.9017190840
0.0000000000 0.6020014335 0.8371011964
0.9142916419 0.4608829009 0.1545755229
0.9585055379 0.3600130394 0.1545755229
0.2622752597 1.0015624343 0.0178948424
0.5599520236 0.1732650650 0.8810798173
0.5434627442 0.8299842729 0.2774396972
0.5286137352 0.5097589452 0.7293245188
0.4281958794 0.6385321961 0.6966927257
0.1265377492 0.1886950126 1.0066046914
0.5681694181 0.8472628619 0.0000000000
1.0317053302 0.2058711321 0.0000000000
0.3269834119 0.1835932549 0.9487076525
0.1723491765 0.2570097085 0.9636295033
0.0000000000 0.0000000000 1.0120968572
0.2573613641 0.1357727230 0.9909464293
0.3965899077 0.5530037908 0.7491617322
0.7148625232 0.1421138117 0.7660367858
0.5636238601 0.7244475183 0.4926302609
0.2711708990 0.8887019954 0.4986826718
0.4858706159 0.9323658535 0.0000000000
0.9002785812 0.4785859610 0.3677192212
0.3811868721 0.9921325120 0.2386491303
0.9104501620 0.7010662359 0.0000000000
0.2835320773 0.6053538225 0.8129588605
0.9726965201 0.0750687338 0.4555370590
0.1617946177 0.9178294329 0.4351748987
0.4063248883 0.8372592211 0.4345518305
0.0194312896 0.6954008776 0.7711471543
0.4419243564 0.9106142722 0.1771062060
0.8164574914 0.6466022915 0.2046287559
0.9462622224 0.6159054513 0.0000000000
0.8765683604 0.5705429412 0.3570391610
0.6537089092 0.3945529382 0.7093036884
0.2415188249 0.7135545906 0.7025303245
0.6433436969 0.8063296397 0.1252801621
0.7484422141 0.0000000000 0.6952699747
0.4731942049 0.4334356857 0.9059810144
0.7196413115 0.2962253231 0.7346817440
0.7026629645 0.3334039041 0.6356568467
0.7675650673 0.2905869495 0.5829999412
0.2636423626 0.7602776114 0.5990514631
0.7906393859 0.0000000000 0.6135648837
0.2031203464 0.8096885527 0.5515989663
0.8320615387 0.0640785478 0.5514323330
0.3640601291 0.6905164945 0.6302218527
0.0000000000 0.8174337300 0.5764763797
0.6014866314 0.5855495197 0.5437771513
0.7940881861 0.1543537688 0.5881736864
0.7062015653 0.5038462910 0.4975512489
0.3659950655 0.7687890968 0.5248558610
0.6587961185 0.4636861932 0.5925433571
0.7858149175 0.3569502489 0.5053003134
0.0870794458 0.7822372015 0.6170994377
0.7269390469 0.4279400093 0.5371492813
0.5111059187 0.5959526338 0.6195669468
0.4680192345 0.7212866117 0.5107885177
0.8145367799 0.2391473591 0.5285321540
0.8865644087 0.0000000000 0.4626425437
0.1043622138 0.8450240264 0.5244522522
0.8439382739 0.1417540988 0.5173764841
0.0218934110 0.8617963805 0.5067817778
