0.6060689556 0.5346597395 0.7056106451
0.4696232709 0.4772517376 0.8367186791
0.0000000000 0.7461332448 0.7544141391
0.3434186520 0.1322416814 0.9886473034
0.2561297729 0.0189518784 1.0065634242
0.6369443513 0.0000000000 0.8135883817
0.0187827596 0.6449933813 0.8242189091
0.2286006350 0.5823476407 0.7991098054
0.5378806596 0.3826182958 0.8431467876
0.0000000000 0.0000000000 1.0107541298
0.1359457816 0.1952281299 0.9823587088
0.3873726132 0.5562955316 0.7497343870
0.3869156680 0.0713025454 0.9310403449
0.7952135227 0.1003230761 0.6105358542
0.5500325502 0.5792550042 0.6284192623
0.3998508084 0.7061669999 0.7194348670
0.7373249313 0.1591721984 0.6687229797
0.7042334890 0.4463230275 0.6097431982
0.1517642762 0.0327625616 0.9960263479
0.5242710384 0.1131785596 0.8529180943
0.7608432446 0.0000000000 0.6745147781
0.6656735653 0.3660230487 0.6734721217
0.8952838819 0.5435957034 0.0000000000
0.2828186292 0.7175929965 0.7634169133
0.5204790300 0.6995219245 0.6832167652
0.1579295021 0.7488302570 0.6705427248
0.0000000000 0.2060458617 1.0067034413
0.3541686696 0.4052164598 0.8862549763
0.2797601822 0.4621810765 0.8896774098
0.1973888982 0.3405049325 0.9347352060
0.0000000000 0.3935809779 0.9347352060
0.3077342498 0.2726253115 0.9764047442
0.4263733269 0.2917811690 0.9142179672
0.0000000000 0.5342012698 0.8974970878
0.4830047546 0.6029308083 0.7239113049
0.5374932105 0.0285084488 0.9042970968
0.3602908014 0.0000000000 0.9939756452
0.1610773926 0.4963221070 0.8766722250
0.0000000000 0.8015385386 0.6706349180
0.4517604217 0.7399978711 0.6039317571
0.8526718063 0.4974279776 0.1937082535
0.1318753246 0.8943698483 0.4387877826
0.3850804372 0.8481168408 0.3740526065
0.4007654165 0.8826620783 0.2532242594
0.8720328253 0.2144290211 0.4534059039
0.5988570597 0.5991002155 0.5372322033
0.6984423037 0.7172503193 0.1170322641
0.9115955476 0.0650578573 0.4165503345
0.6193131416 0.7739764409 0.1538230189
0.3177508970 0.9232375280 0.2239167209
0.5121690629 0.7118593751 0.4826712818
0.0000000000 0.9218597851 0.3898375957
0.2389222072 0.8983367465 0.3718709314
0.1949254454 0.9698491649 0.1553171104
0.9430594139 0.3120983523 0.1273934356
0.8306267990 0.5530125647 0.0791544973
0.8915314985 0.3306958696 0.3180493837
0.4096138516 0.9134716485 0.0000000000
0.7370455588 0.6791810837 0.0000000000
0.6118501055 0.7932283982 0.0000000000
0.2053982223 0.9406107041 0.2728051650
0.7953026848 0.5817052438 0.1760342636
0.9919683084 0.1112148555 0.0662672092
0.1210643555 0.9672815889 0.2238888559
0.0000000000 0.9991132238 0.0623996070
0.4754581749 0.8667048621 0.1523581648
0.4976656472 0.7718317534 0.3963250468
0.9650556031 0.0000000000 0.2635967429
0.2802063102 0.9601669562 0.0000000000
1.0008756263 0.0000000000 0.0000000000
0.6797994114 0.5069815007 0.5309508402
0.6772654584 0.6105431347 0.4116479781
0.7527309851 0.5613724843 0.3457418166
0.2899784051 0.8352338430 0.4678324350
0.0758645015 0.8044998602 0.5897579724
0.0937092888 0.9937336733 0.0630327716
0.3841938391 0.7961353662 0.4677526449
0.7988239765 0.3785673789 0.4677516209
0.8690672515 0.0000000000 0.4950423061
0.9037970652 0.4283147428 0.0000000000
0.8373769223 0.3968378466 0.3783128489
0.0000000000 0.8790924156 0.4770125379
0.8070894803 0.4814850541 0.3420528577
0.6092605098 0.7025720707 0.3684474679
0.6334824385 0.7348815302 0.2424516676
0.9855847672 0.0000000000 0.1697311429
0.9077689335 0.3597458713 0.2158441680
0.0000000000 0.9671191504 0.2544733847
0.8638293061 0.3018847228 0.4033522284
0.8609505859 0.4329289534 0.2672229440
0.8066502883 0.0000000000 0.5911960210
0.7991970774 0.2878057561 0.5278421074
0.9096552570 0.1705532969 0.3789554355
0.7360456935 0.6212020537 0.2691288439
0.1222455930 0.9403941613 0.3174623397
0.9433939077 0.1125637594 0.3120492541
0.3283970372 0.8911503481 0.3130622716
0.4710183081 0.8295451543 0.2999976989
0.9234285821 0.2432034060 0.2968745647
0.5585552098 0.7692116103 0.3103733302
