0.4601768613 0.3308021556 0.4364667084 0.4526776043 0.5767757985 0.5635566618 0.5133734132 0.4578552563 0.5039929453 0.5233370592 0.4665054378 0.4797868019
0.8269828012 0.5531909223 0.4941435350 0.5126815178 0.5057355833 0.4787200220 0.5133734132 0.4578552563 0.4994966895 0.4906458408 0.5076335462 0.5012271644
0.0739848711 0.3144735925 0.4637332779 0.4840643184 0.4576806818 0.5237810935 0.5363779299 0.4686065904 0.5287772964 0.5306356819 0.4779845042 0.5127725523
0.3360487874 0.1193669738 0.4759609138 0.5273031702 0.4955279790 0.4833964333 0.4046063939 0.4681355588 0.5272302231 0.5260977254 0.4797786370 0.4689126988
0.5591798290 0.5581981122 0.5569556576 0.5380929946 0.5109622104 0.5274891489 0.4108205211 0.5057336908 0.4822093054 0.5215851690 0.4688466487 0.4513018955
0.3646236726 0.6369931983 0.4931455997 0.4107060281 0.4799294326 0.4803656044 0.5242008969 0.4949818568 0.5116656706 0.5038462979 0.4771662869 0.5103807014
0.6230732129 0.4254207978 0.5136090395 0.5130552672 0.5080082574 0.4911933181 0.5242008969 0.4949818568 0.5116656706 0.5294414083 0.5110400184 0.4800409878
0.6230732129 0.1419907741 0.5136090395 0.5130552672 0.5080082574 0.4911933181 0.5242008969 0.4949818568 0.5116656706 0.5294414083 0.5110400184 0.4883152216
0.6230732129 0.6173384599 0.5136090395 0.5130552672 0.4850438460 0.4911933181 0.5242008969 0.5040629042 0.5280850336 0.5270175958 0.4568220780 0.4800409878
0.1497267803 0.6173384599 0.5136090395 0.5130552672 0.4795448052 0.4911933181 0.5242008969 0.5040629042 0.5474248331 0.5270175958 0.4568220780 0.4800409878
0.3581869450 0.2138499141 0.4999756777 0.4893655165 0.5098833506 0.4951756248 0.5395825579 0.4903923773 0.5165123220 0.5147559345 0.4977220786 0.4934225427
0.4269611874 0.1244619000 0.4750017723 0.5059177766 0.5115311221 0.4646836844 0.4908837189 0.4906806267 0.5169162101 0.5173880097 0.4991772163 0.4662762629
0.3394730125 0.2969740766 0.4750017723 0.5059177766 0.5115311221 0.4646836844 0.5185284883 0.4906806267 0.5169162101 0.5208644110 0.4937816927 0.4762373388
0.7479171416 0.4277945696 0.4716358912 0.5107273342 0.4793781078 0.4838105755 0.5269999520 0.4919369495 0.5106461424 0.5118672683 0.4937816927 0.4849933093
0.1099072595 0.6732813342 0.4699863141 0.5107273342 0.4793781078 0.4927170432 0.5269999520 0.4919369495 0.5125611230 0.5030203559 0.4766594791 0.4753382587
0.1099072595 0.1910607248 0.4699863141 0.5107273342 0.4892333611 0.4888580787 0.4566479861 0.4970676182 0.5099949782 0.5119708240 0.5064649518 0.5002630617
0.3785165564 0.4155709517 0.5015826176 0.4614694119 0.4971502018 0.4888580787 0.4941249226 0.4648088047 0.5126989139 0.5084883268 0.4984504507 0.5018834303
0.1623580444 0.9276762515 0.4969480020 0.5194866565 0.5055106245 0.4576973243 0.5084730950 0.4757597467 0.5195228467 0.5046374337 0.4803501981 0.5014655044
0.5573522285 0.1022798014 0.4969480020 0.4930482679 0.5049472892 0.5045859278 0.5719132331 0.4657521902 0.5195228467 0.5123545938 0.4803501981 0.4842034179
0.2185899600 0.6457799275 0.5010050146 0.4962739845 0.5047936949 0.5021606942 0.4750888990 0.5032897758 0.5120337226 0.5194139657 0.5169822266 0.4671636647
0.7042493570 0.5884728902 0.4853432669 0.5163534517 0.4861836820 0.4806201298 0.4750888990 0.4515182666 0.5120337226 0.5191673764 0.5103883459 0.4671636647
0.5866244109 0.9184145824 0.5180144170 0.4977098523 0.4884416717 0.4903016669 0.4204724185 0.4597481438 0.5132393270 0.5179955147 0.5062306933 0.4934363874
0.1367650115 0.0000000000 0.4900556853 0.5001224135 0.4932773811 0.4993036706 0.4622617504 0.4922664919 0.5189870411 0.5179189440 0.4955896079 0.5058782802
0.7935369674 0.1840494395 0.5111994377 0.4984323262 0.4932773811 0.4702412858 0.5216358401 0.4922664919 0.5189870411 0.5179189440 0.4971450859 0.5058782802
0.2371777878 0.4048162355 0.4900556853 0.5018325819 0.4966804814 0.4993036706 0.4592895115 0.4668100930 0.5123219756 0.5051927604 0.4953802490 0.4873662262
0.8668803203 0.0372551339 0.4900556853 0.5446335174 0.4771490850 0.4993036706 0.4712960198 0.4809502689 0.5123219756 0.5007780476 0.4953802490 0.4873662262
0.5757547969 0.3260680056 0.4934399666 0.5075184544 0.5055826812 0.4921335879 0.4640059828 0.4942811873 0.5155208172 0.5185188253 0.5007491940 0.5229992734
0.9183992816 0.4038625287 0.4802792565 0.5094286528 0.4993400861 0.4917050017 0.5075829401 0.4953339064 0.5165623499 0.5121130805 0.5058253370 0.4790237389
0.2918430858 0.1919751331 0.5002078939 0.5045286543 0.4934859831 0.5005023959 0.4888436429 0.4928050585 0.5146387579 0.5056041557 0.4847298615 0.5096611448
0.5213606656 0.8212067615 0.5226804152 0.5045286543 0.5060864805 0.5005023959 0.5171564129 0.4928050585 0.5121300434 0.5123356688 0.5023472446 0.5096611448
0.5213606656 1.0000000000 0.5009489141 0.5045286543 0.5060864805 0.4878118713 0.4820260532 0.4992680147 0.5114061703 0.5214830573 0.4847298615 0.5087713399
0.4079239396 0.5163640780 0.5002514524 0.5211436541 0.5011351539 0.4889472148 0.4820260532 0.4860559286 0.5148272343 0.5150292071 0.4879577486 0.4984969146
0.5578375384 0.6925216797 0.4982140888 0.5009701279 0.4987140059 0.4899670825 0.4957484989 0.5056727371 0.5122862659 0.5193494676 0.5010731802 0.4790359036
0.4410143975 0.6925216797 0.4842122713 0.5009701279 0.4987140059 0.4899670825 0.4957484989 0.5056727371 0.5143699507 0.5145291065 0.5010731802 0.4668412200
0.2182722195 0.1050958095 0.4784900748 0.5028803671 0.4987140059 0.4955948132 0.4539732906 0.4881992459 0.5151856575 0.5162830785 0.4955325683 0.4888377443
0.0000000000 0.5188407512 0.5070516308 0.4929361804 0.4965471417 0.4845139596 0.4948139763 0.4964973547 0.5175768277 0.5151984606 0.5050024488 0.4847283151
0.2920398623 0.6701063662 0.4951179339 0.5045444791 0.5030350203 0.4960789652 0.4886446653 0.4894927816 0.5082549288 0.5188239197 0.4914644583 0.4970242662
0.1032326373 0.0682486346 0.4951179339 0.5045444791 0.4929542036 0.4801400706 0.4839100222 0.4866459781 0.5054245357 0.5158685941 0.4914644583 0.4953174453
0.2186548372 0.0000000000 0.4899940319 0.5011132383 0.5049746385 0.4921759068 0.4859925696 0.4848882824 0.5084849264 0.5085625871 0.5137352771 0.4810820702
0.1645911945 0.5414290830 0.4984875001 0.5023583388 0.4976153408 0.5027671943 0.4813989619 0.4955978622 0.5136132433 0.5133537736 0.4943363891 0.4855636184
0.0459423111 0.1466383704 0.4919323048 0.5069361161 0.4990336682 0.4948102929 0.4774606573 0.4929509112 0.5125804029 0.5145125085 0.4943363891 0.4891967989
0.0876613229 0.9054142942 0.4961540180 0.5022364980 0.5030687696 0.4901766089 0.4872321666 0.4893874414 0.5113695639 0.5149592562 0.4930069138 0.4972151221
0.5330394576 0.0000000000 0.4961540180 0.5032874392 0.5030687696 0.4935520620 0.4664008028 0.4893874414 0.5099660756 0.5149592562 0.4930069138 0.4972151221
0.2236786579 0.7752663081 0.5009672605 0.4982321311 0.4991938133 0.4956037589 0.4700529137 0.4963335684 0.5088644125 0.5143317209 0.5001077905 0.4984672552
0.0000000000 0.8706814609 0.4995682057 0.5050337195 0.4991938133 0.4936673532 0.4755207912 0.4913548308 0.5065789727 0.5150911164 0.5001077905 0.4972274538
0.4190191241 0.9771049289 0.4876037124 0.5050337195 0.4991938133 0.4906406858 0.4961469905 0.4913548308 0.5106475497 0.5150911164 0.5005189968 0.4935527182
0.2397267295 0.2977800001 0.4940562976 0.4958976114 0.4991938133 0.4930884071 0.4897700002 0.4913548308 0.5063222738 0.5102623512 0.4920571818 0.5026307809
0.1713457535 0.4169686959 0.4988508805 0.5057589126 0.5053353457 0.4884105361 0.4879547557 0.4913548308 0.5101275449 0.5102623512 0.4920571818 0.4896051260
0.5173523077 0.4721116399 0.4969615171 0.5107047165 0.5053353457 0.4884105361 0.4897700002 0.4919541292 0.5072531960 0.5174182091 0.5071537475 0.4778927646
0.3751837032 0.0524771089 0.4937402900 0.4958959217 0.4986616265 0.4944899310 0.5017698526 0.4882242653 0.5115547929 0.5088469256 0.5061791329 0.4923895524
0.1444832546 0.1191832151 0.4937402900 0.5042902509 0.4994271270 0.4971735854 0.5017698526 0.4928972520 0.5115547929 0.5088469256 0.5061791329 0.4844403488
0.9235061901 1.0000000000 0.4958598519 0.5039631330 0.5014983180 0.4818653611 0.4970139111 0.4926023828 0.5115300154 0.5110519409 0.5012489511 0.4923895524
0.1030760487 0.5611572496 0.4961885440 0.5069161786 0.4968924467 0.4959847026 0.5035886172 0.4947497743 0.5071279688 0.5189398841 0.4928011709 0.5003486477
0.1348639181 0.8426518122 0.4973445681 0.5073635100 0.5004134742 0.4971791974 0.4961234983 0.4891852257 0.5188745381 0.5164997946 0.4972012444 0.4945181588
0.4839485884 0.9088604363 0.4911667446 0.5039306212 0.5012460137 0.4956879057 0.4752356278 0.4926759374 0.5067409118 0.5164997946 0.5032328567 0.5094269943
0.6020340946 0.0000000000 0.4946648079 0.5071155881 0.5002376780 0.4979794711 0.5039815197 0.4895207947 0.5091880860 0.5164997946 0.5020967628 0.4930371003
0.0000000000 0.4463044326 0.4963464256 0.5008357954 0.5000336560 0.4974302671 0.5016804501 0.4945616467 0.5073867352 0.5078195869 0.5033215414 0.4954220824
0.4334959442 0.2226601626 0.4969433788 0.5038433791 0.4994451615 0.4999784787 0.4906210169 0.4971586144 0.5090207107 0.5143964684 0.4981529275 0.4853873782
0.6467366620 0.7561888681 0.4975753467 0.5018279441 0.4989402535 0.4977092967 0.4969540017 0.4966337348 0.5020058707 0.5134867228 0.4991478244 0.4906381695
0.1098961685 0.3710743800 0.4967824589 0.4980575370 0.4992490632 0.4982380625 0.4757185576 0.4952955098 0.5085813296 0.5088639813 0.4996600090 0.5003016969
0.7662900284 1.0000000000 0.4967824589 0.5026228374 0.4970819277 0.4992986509 0.4869735081 0.4959851046 0.5079307614 0.5088639813 0.5010846035 0.4947493861
0.1609324300 0.3140093945 0.4968172625 0.4993204917 0.4994325443 0.4937356012 0.4964909217 0.4934856545 0.5079458501 0.5044852026 0.4982028819 0.4995482588
0.2321181909 0.5158121866 0.4968172625 0.5031945285 0.4999528116 0.4995157435 0.4867280987 0.4979257835 0.5159685951 0.5044852026 0.4972456561 0.4995482588
0.2321181909 0.9063105289 0.4968172625 0.4997941785 0.4999528116 0.4995157435 0.4867280987 0.4991489173 0.5061473691 0.5121278273 0.4972456561 0.4995482588
0.2286579602 0.1761750083 0.4968172625 0.5027112236 0.4989490467 0.4995157435 0.4867280987 0.4947687800 0.5127213106 0.5033552096 0.4998221789 0.4995482588
0.1429897312 1.0000000000 0.4968172625 0.5027112236 0.5010369887 0.4995157435 0.5026841000 0.4960187527 0.5039470072 0.5083359472 0.4984916538 0.5028407471
0.8328999881 1.0000000000 0.4968172625 0.5027112236 0.5010369887 0.4995157435 0.5000020934 0.4928969232 0.5104544493 0.5083359472 0.4983362021 0.4982119916
0.7843387940 0.7233640217 0.4970479467 0.5043790804 0.4993889637 0.4989867744 0.4955093724 0.4976745767 0.5041973189 0.5048679587 0.4986752809 0.4968064299
0.3076769526 0.3957256086 0.4970457857 0.5008427640 0.5006484387 0.4999732175 0.4943029498 0.4991547871 0.5081639258 0.5048679587 0.5001097353 0.4916097291
0.4456687850 0.0000000000 0.4964447671 0.5026972310 0.5000538931 0.4981718880 0.5004803486 0.4993404541 0.5004423617 0.5065307202 0.4999010765 0.5012505000
0.0000000000 0.2427126329 0.4969528946 0.5008080723 0.4993874856 0.5039093912 0.4971855580 0.4949861815 0.5048790913 0.5077929624 0.4992476037 0.5006175250
0.5146431819 0.2427126329 0.4969528946 0.5008080723 0.5000707830 0.4979274996 0.4955600992 0.4947917266 0.5079831849 0.5048973846 0.4977578003 0.5006175250
0.3967399679 0.8848545372 0.4969528946 0.5003420123 0.5005269746 0.4984676136 0.4975849697 0.4959832957 0.5079831849 0.5082187366 0.5003308325 0.4935150820
0.4761329386 0.5503366533 0.4963069763 0.4987677085 0.5005269746 0.4972836533 0.4904224405 0.4959338120 0.5033288764 0.5047112065 0.4987890408 0.5005394636
0.0000000000 0.5901927400 0.4974367544 0.5006603003 0.5014204704 0.4968776298 0.4952015568 0.4968277541 0.5033288764 0.5021820877 0.4976506305 0.4893577261
0.3142890286 0.5901927400 0.4974367544 0.5003790397 0.4986244102 0.4968776298 0.4964739732 0.4979427497 0.5033288764 0.5021820877 0.4991200626 0.4996772973
0.3142890286 1.0000000000 0.4974367544 0.5003790397 0.4996926897 0.4977470929 0.4986262354 0.4956608159 0.5005395012 0.5021820877 0.4982062129 0.4996772973
0.1801499027 0.2375426055 0.4974367544 0.5023468309 0.4986244102 0.4951769304 0.4986262354 0.4975175219 0.5098371410 0.5086892692 0.4982498728 0.5047922506
0.2217794735 1.0000000000 0.4966487103 0.5007197719 0.5004445694 0.4985637789 0.4978767513 0.4973886387 0.5028371272 0.5038426150 0.4997233767 0.5083127648
0.0000000000 0.3272431409 0.4985583608 0.5012993438 0.5008243345 0.4982500375 0.4967659520 0.4931314945 0.4963747743 0.5123553442 0.4987406799 0.4990776987
0.2834682284 0.0000000000 0.4989786348 0.5013383881 0.4992209964 0.4980926701 0.4965372364 0.4986377194 0.5133296093 0.4988925981 0.4986387594 0.4965153732
0.0722957025 0.0000000000 0.4989786348 0.5015205457 0.4992209964 0.4980926701 0.4965372364 0.4986377194 0.5062325752 0.4988925981 0.4986387594 0.4965153732
0.1125786966 0.4539020144 0.4990088254 0.5005241242 0.4995408967 0.4996078755 0.4959103402 0.5021750437 0.4972597792 0.5040304024 0.4984605200 0.4986372513
0.3038708158 0.7462420486 0.4951260505 0.5016465149 0.4998276708 0.4985253037 0.4991819300 0.4982919040 0.4972597792 0.5085118505 0.4987022534 0.4962960433
0.4938490393 0.1460710773 0.4994486532 0.5012871703 0.5001862292 0.4976216615 0.4991819300 0.5003430258 0.4984756746 0.5027492597 0.4983032160 0.4983253754
0.7125288864 0.8261055435 0.5000357552 0.5006965321 0.5000841085 0.4986190222 0.4953926438 0.4999754329 0.5026868706 0.5029535633 0.4991575906 0.4981604265
1.0000000000 0.8261055435 0.4987722479 0.5012133471 0.5000841085 0.4996635324 0.4991755146 0.4985175296 0.5013512837 0.5025319565 0.4991575906 0.4985864441
0.0000000000 0.0000000000 0.4987722479 0.5012133471 0.5000841085 0.4996635324 0.4991755146 0.4985175296 0.5013512837 0.5025319565 0.4991575906 0.4985864441
0.6715998722 0.0000000000 0.4987722479 0.5012133471 0.4999020058 0.4977794053 0.5003588172 0.4979026979 0.5047616961 0.5025319565 0.4991575906 0.4940570820
0.0566927409 0.9719425437 0.4989966127 0.5008265251 0.5000841085 0.4996635324 0.4987243826 0.4991906462 0.5027087775 0.5040423746 0.4976039856 0.4985864441
0.0622493331 0.7204381383 0.4988938619 0.5009707898 0.4998912839 0.5000905437 0.4998963397 0.4991882543 0.5013512837 0.5028060856 0.4993670542 0.4983334068
0.2771087036 0.8344014425 0.4965381053 0.5009999337 0.4998281463 0.4993367311 0.4990552522 0.4982034182 0.4987814745 0.5052596520 0.4992477089 0.4992310430
0.6751245347 0.3100329806 0.4996511934 0.5006905992 0.5000387118 0.4999248092 0.4995674184 0.5005299973 0.4999188931 0.5017710911 0.4997324238 0.4990733167
0.4203690367 0.6008595932 0.4994119578 0.5007902570 0.4997968272 0.5000103421 0.4987274559 0.5002595771 0.4999188931 0.5010925822 0.4995103609 0.4997333501
0.3374794143 0.8103725476 0.5000734544 0.5001968296 0.4997868204 0.5000350916 0.4991925304 0.4998664848 0.5002967308 0.5026724500 0.4994154412 0.4999439169
0.3313727223 0.4978429464 0.4990497460 0.5004859774 0.4997175304 0.4997629167 0.5008556544 0.4992567027 0.5001733168 0.5005409510 0.4990118183 0.4999371489
0.3709304842 0.7137155841 0.4997883863 0.5003058712 0.4998167419 0.4999351720 0.4999150551 0.4999099950 0.5003741241 0.5006195164 0.4993168931 0.5001221335
0.3547504348 0.9426414492 0.4999898407 0.5002272780 0.4997755352 0.5001285565 0.4996707097 0.4996833208 0.4999454282 0.5001128415 0.4994331156 0.5001088100
0.3968455921 0.3387233664 0.4999236109 0.5003283191 0.4997813009 0.4999888753 0.4999164274 0.4999027002 0.5000763663 0.4999566597 0.4996440901 0.5001319458
0.4229419034 0.7749012652 0.4997609559 0.5003582585 0.4999109614 0.5000422075 0.5000436177 0.4999616701 0.5000506164 0.5001489431 0.4996016764 0.4998304571
