0.2965013320 0.5132081669 0.8415675916
0.3039574998 0.0000000000 0.9784418478
0.3872970247 0.3963929166 0.8706928794
0.7812085617 0.3974546082 0.5166927422
0.0000000000 0.6965608591 0.7262690480
0.2480408310 0.9771275461 0.0000000000
0.3816864441 0.6291963654 0.7077061629
0.5199519966 0.8463352634 0.2033051970
0.5017650306 0.7249874458 0.5048188106
0.2173175365 0.8503648602 0.4998099570
0.4386168524 0.2494620428 0.8726138262
0.4636306117 0.3462634159 0.8251963192
0.9031118722 0.4350923875 0.0000000000
0.7616406175 0.2631946601 0.6008801022
0.9991857657 0.1161233898 0.0000000000
0.8177600162 0.2922078651 0.4991385612
0.8484313875 0.1900015299 0.4997403548
0.0000000000 0.5615436416 0.8308907789
0.0707978227 0.7556186604 0.6631945670
0.5907077946 0.0000000000 0.8123796292
0.4705571657 0.7941222696 0.4080772582
0.8957434630 0.4190185723 0.1753610974
0.4925208640 0.8695117268 0.0905158608
0.8602028620 0.4348079337 0.2750499580
0.2486769615 0.6675007982 0.7028836572
0.2200928491 0.5907750824 0.7771175280
0.1485009168 0.9918820538 0.0000000000
0.7689094363 0.6363556481 0.0920202955
0.5337001577 0.8481227160 0.0000000000
0.7551259537 0.0000000000 0.6599198242
0.4791553395 0.6555230598 0.5886420364
0.5774971250 0.5698094886 0.5881442801
0.2074095926 0.7832930084 0.5874204308
0.8059877597 0.0832799928 0.5874137876
0.4225477117 0.8743614719 0.2464818508
0.4259858922 0.9074434012 0.0000000000
0.6388903371 0.7081296715 0.3065729300
0.6706771800 0.7433613933 0.0000000000
0.9310199180 0.2166073554 0.3038081777
0.6585373727 0.5338194779 0.5324487142
0.0000000000 0.4571119558 0.8896111253
0.1727828776 0.4234078906 0.8899874613
0.3630420988 0.5420740977 0.7593051886
0.8447852932 0.0000000000 0.5361070163
0.3775528232 0.8175372119 0.4365789633
0.1129077273 0.2937683251 0.9503672585
0.1180673831 0.5239492808 0.8443595579
0.3457560884 0.1262936769 0.9306835543
0.0000000000 0.2372475213 0.9724641895
0.0000000000 0.3311721839 0.9442610929
0.6436913196 0.2422136817 0.7278736650
0.4627066561 0.4840437240 0.7455705555
0.6491473865 0.3658637317 0.6687804494
0.3318157669 0.9343940930 0.1334082671
0.7404558006 0.4772361506 0.4749006382
0.4178814002 0.0000000000 0.9092656536
0.3273975106 0.2598571854 0.9094999943
0.6819244263 0.7243404953 0.1062341739
0.3820116592 0.7443617542 0.5488709602
0.9714428417 0.0000000000 0.2394334553
0.0000000000 1.0004266154 0.0000000000
0.9672417526 0.2549877407 0.0000000000
0.0000000000 0.0000000000 1.0002816039
0.6576475520 0.1357754522 0.7436352888
0.7951272550 0.4866234741 0.3665576706
0.9614287247 0.1984929762 0.1914470192
0.1257119204 0.0741971242 0.9896667993
0.8740778225 0.2904885842 0.3899746321
0.8960124671 0.1849873805 0.4046970562
0.4505721020 0.0930234298 0.8888346896
0.3088507550 0.7233360321 0.6181356241
0.0000000000 0.9926338745 0.1249571929
0.9524588767 0.2793271387 0.1249495552
0.9850697845 0.1253334924 0.1250046747
0.5971480782 0.7979125163 0.0846920723
0.8895734171 0.0803840893 0.4502599107
0.7275481719 0.1487799320 0.6699347812
0.5948796472 0.6294765508 0.5014337893
0.0000000000 0.9697587169 0.2451433013
1.0002366652 0.0000000000 0.0000000000
0.0000000000 0.8021954386 0.5973362844
0.8261319774 0.3697995635 0.4259635052
0.5619229897 0.7093701997 0.4258901255
0.6781595192 0.7056195745 0.2065999238
0.5925292422 0.4514946308 0.6672271284
0.2661908826 0.9374003872 0.2253697139
0.1524635901 0.9694049551 0.1930232699
0.8122765834 0.5653700128 0.1440216051
0.9443563676 0.1175107225 0.3073111398
0.7921866463 0.5513867856 0.2617828863
0.9013876130 0.3275406454 0.2834927579
0.6565212673 0.6357199405 0.4060828653
0.2661298122 0.8695020222 0.4162091358
0.0000000000 0.8871777505 0.4614425691
0.0871049562 0.9229973234 0.3748517350
0.1940040185 0.9186734652 0.3441579029
0.9328762383 0.0000000000 0.3602560752
0.7262112546 0.5977211263 0.3396491998
0.5458083824 0.7659879704 0.3396474778
0.3315760936 0.8801714058 0.3396474871
