0.2115254258 0.7067813324 0.3996355841 0.5999495859 0.5998873703 0.4993192352 0.4999998597 0.5999493913 0.5000000300 0.5000000634 0.4999999476 0.4999994505
0.2270000238 0.5253960173 0.3996299958 0.5999495764 0.5998872717 0.5000459060 0.4999998757 0.5999493881 0.5000000825 0.5000000924 0.5000000131 0.4999994527
0.0980558417 0.1258453456 0.3996372164 0.5999497277 0.5998874347 0.4999461358 0.4999999086 0.5999494445 0.5000000644 0.5000000296 0.5000000348 0.4999993754
0.3101922452 0.6177491606 0.3996365412 0.5999496284 0.5998873959 0.4999336234 0.4999998572 0.5999494091 0.4999999897 0.5000000604 0.4999999278 0.4999994573
0.7943567771 0.4176541046 0.3996401073 0.5999497190 0.5998874130 0.4999893115 0.4999998906 0.5999494153 0.5000000823 0.5000000387 0.5000001478 0.4999994849
0.2165485962 0.3154588116 0.3996346616 0.5999497190 0.5998874455 0.5001136445 0.4999998833 0.5999494153 0.5000000745 0.5000000752 0.5000000469 0.4999995299
0.6004648886 1.0000000000 0.3996385799 0.5999493805 0.5998874973 0.4999988628 0.4999999249 0.5999494041 0.4999999410 0.5000000836 0.4999999496 0.4999995006
0.6004648886 0.0000000000 0.3996385799 0.5999492907 0.5998874662 0.4999988628 0.4999999249 0.5999494041 0.5000000424 0.5000000836 0.4999999496 0.4999995006
0.6191449179 0.1998475208 0.3996414164 0.5999493049 0.5998875267 0.4999090223 0.4999999249 0.5999494426 0.4999999546 0.5000000341 0.4999999807 0.4999994322
0.7641901439 1.0000000000 0.3996372329 0.5999494928 0.5998875267 0.4999742974 0.4999999059 0.5999494426 0.4999999290 0.5000000341 0.4999998672 0.4999994942
0.3145452691 0.2848315867 0.3996362007 0.5999493914 0.5998874966 0.4998165370 0.4999998662 0.5999493948 0.4999999146 0.5000000838 0.4999999792 0.4999994685
0.6779441800 0.2848315867 0.3996393956 0.5999492887 0.5998874599 0.5001347200 0.4999999451 0.5999494028 0.4999998990 0.5000000842 0.5000000046 0.4999994917
0.3941872388 0.1980786089 0.3996379045 0.5999494756 0.5998875574 0.4999244378 0.4999999117 0.5999494112 0.5000000210 0.5000000586 0.4999999618 0.4999994803
0.2928828258 0.7013855402 0.3996444236 0.5999493778 0.5998874806 0.5000149308 0.4999998749 0.5999494561 0.4999999498 0.5000000260 0.4999999729 0.4999995074
0.6630168020 0.7013855402 0.3996444236 0.5999493778 0.5998874806 0.5000153678 0.4999999143 0.5999493702 0.4999999614 0.5000000260 0.4999999734 0.4999995328
0.1554104898 0.5704526323 0.3996493877 0.5999493866 0.5998875113 0.5000015518 0.4999998762 0.5999493843 0.4999999604 0.5000000703 0.4999999428 0.4999995192
0.1371464983 0.4983143585 0.3996658574 0.5999494235 0.5998876322 0.4999940655 0.4999999221 0.5999493831 0.4999999734 0.5000000369 0.4999999173 0.4999995342
0.2251055695 0.0742795546 0.3997215557 0.5999493999 0.5998878060 0.5000007124 0.4999999741 0.5999494006 0.5000000234 0.5000000464 0.4999999331 0.4999995293
0.0379602450 0.0637481758 0.3997887163 0.5999494589 0.5998877863 0.5000021866 0.4999999143 0.5999493635 0.4999999505 0.5000000432 0.4999999120 0.4999995686
0.1427976973 0.7062874191 0.3997991940 0.5999494550 0.5998877768 0.4999989981 0.4999998954 0.5999494118 0.4999999808 0.5000000631 0.5000000187 0.4999995398
0.2235960648 0.1771413389 0.3997991940 0.5999494041 0.5998877906 0.4999968720 0.4999998977 0.5999494234 0.4999999832 0.5000000986 0.4999999372 0.4999995720
0.0222632749 0.1617870079 0.3998350748 0.5999494308 0.5998877143 0.4999989981 0.4999998752 0.5999493842 0.4999999832 0.5000000589 0.4999999229 0.4999995720
0.0680961893 0.0000000000 0.3998128620 0.5999494571 0.5998878424 0.4999938322 0.4999998954 0.5999494078 0.4999999841 0.5000000522 0.4999999922 0.4999995429
0.0680961893 0.4888152476 0.3998128620 0.5999494925 0.5998877423 0.4999956472 0.4999998954 0.5999494078 0.4999999883 0.5000000724 0.4999999560 0.4999994936
0.5793743014 0.8841583947 0.3997904430 0.5999494104 0.5998876737 0.4999964152 0.4999999104 0.5999493490 0.4999999839 0.5000000757 0.4999999487 0.4999995853
0.4655128660 0.2196449388 0.3997285455 0.5999494001 0.5998878017 0.4999957451 0.4999998860 0.5999493514 0.4999999914 0.5000000009 0.4999999686 0.4999995514
0.1285776496 0.7975646318 0.3997097046 0.5999494242 0.5998877763 0.4999995569 0.4999999118 0.5999493930 0.4999999928 0.5000000613 0.4999999356 0.4999995900
0.0881625070 1.0000000000 0.4000286916 0.5999494225 0.5998878182 0.4999976336 0.4999999053 0.5999494141 0.4999999844 0.5000000517 0.4999999531 0.4999995989
0.2749519343 1.0000000000 0.4000286916 0.5999493968 0.5998875693 0.4999976336 0.4999998964 0.5999493734 0.4999999850 0.5000000517 0.4999999772 0.4999995986
0.2749519343 0.0000000000 0.4000286916 0.5999493968 0.5998881744 0.4999976336 0.4999998964 0.5999493734 0.4999999850 0.5000000517 0.4999999772 0.4999995986
0.0102729230 0.5609989737 0.3997644934 0.5999494791 0.5998877071 0.4999951197 0.4999998964 0.5999494048 0.4999999762 0.5000000084 0.4999999772 0.4999995986
0.1369764513 0.3579434053 0.3999447504 0.5999494232 0.5998877297 0.5000024744 0.4999999008 0.5999493836 0.4999999850 0.5000000661 0.4999999453 0.4999995760
0.0000000000 0.6325217654 0.4000683664 0.5999494507 0.5998879241 0.5000024744 0.4999999008 0.5999493916 0.4999999850 0.5000000661 0.4999999403 0.4999995557
0.1666645764 0.0000000000 0.3998600050 0.5999494507 0.5998877681 0.5000035030 0.4999999008 0.5999493911 0.4999999866 0.5000000661 0.4999999320 0.4999995557
0.3540302626 0.3493741571 0.4001634648 0.5999494854 0.5998875932 0.4999960420 0.4999999020 0.5999493763 0.4999999998 0.5000000850 0.4999999414 0.4999995677
0.3540302626 0.1179688921 0.3999738272 0.5999495241 0.5998879308 0.4999996012 0.4999998884 0.5999494097 0.4999999804 0.5000000049 0.4999999678 0.4999995670
0.2443142161 0.9036588270 0.3998184876 0.5999493731 0.5998878982 0.4999995388 0.4999999110 0.5999493772 0.4999999739 0.5000001104 0.4999999260 0.4999995652
0.1645069009 0.1328072104 0.3999739501 0.5999493731 0.5998878982 0.5000024790 0.4999999110 0.5999494025 0.4999999739 0.5000000491 0.4999999601 0.4999995596
0.2820895065 0.4592117332 0.3999426117 0.5999494500 0.5998879342 0.4999980593 0.4999998888 0.5999493651 0.4999999989 0.5000001104 0.4999999496 0.4999995910
0.0000000000 0.3328666676 0.4000423774 0.5999494500 0.5998879342 0.5000026541 0.4999998888 0.5999493651 0.4999999989 0.5000001104 0.4999999496 0.4999995910
0.0435564715 0.6880337165 0.3997836469 0.5999493588 0.5998878971 0.4999975457 0.4999999086 0.5999494301 0.5000000033 0.5000000194 0.4999999495 0.4999995556
0.0000000000 0.2411664428 0.3998345126 0.5999493295 0.5998877440 0.4999991933 0.4999998895 0.5999493879 0.5000000099 0.4999999510 0.4999999342 0.4999995665
0.8480680307 0.7878418114 0.4000188891 0.5999493711 0.5998878223 0.4999989103 0.4999998977 0.5999493618 0.5000000110 0.5000000872 0.4999999982 0.4999995620
0.0883750476 0.2563853192 0.4000188891 0.5999494497 0.5998878223 0.4999996597 0.4999999068 0.5999493773 0.4999999279 0.5000000772 0.4999999573 0.4999995737
0.0883750476 0.5760084660 0.3999019941 0.5999494497 0.5998878223 0.5000000526 0.4999999068 0.5999493855 0.5000000059 0.5000000772 0.4999999573 0.4999995737
0.9108878712 0.0000000000 0.4000329250 0.5999494042 0.5998880313 0.4999999887 0.4999999205 0.5999493482 0.5000000606 0.5000001188 0.4999999624 0.4999995759
0.2444969376 0.7736859581 0.4000329250 0.5999494042 0.5998881136 0.4999983135 0.4999998896 0.5999493921 0.5000000198 0.5000000203 0.4999999511 0.4999995921
0.1718649143 0.8667435951 0.4000329250 0.5999493731 0.5998879205 0.4999983135 0.4999998896 0.5999493402 0.4999999919 0.4999998609 0.4999999511 0.4999995921
0.3707393393 0.7736859581 0.4000329250 0.5999493722 0.5998881136 0.4999983135 0.4999998896 0.5999493573 0.4999999880 0.5000000203 0.4999999511 0.4999995921
0.4046874934 0.5985803575 0.4000329250 0.5999494042 0.5998879241 0.4999982423 0.4999999005 0.5999493617 0.4999999919 0.5000001228 0.4999999425 0.4999995430
0.2379381664 0.6031397833 0.4000329250 0.5999494042 0.5998881136 0.5000000346 0.4999999005 0.5999493655 0.5000000067 0.5000001228 0.4999999205 0.4999995522
0.1718649143 0.2577922668 0.4000329250 0.5999493280 0.5998878885 0.4999995840 0.4999999005 0.5999493840 0.4999999711 0.5000001228 0.4999999205 0.4999995430
0.9320480629 1.0000000000 0.4000028815 0.5999494688 0.5998881923 0.4999982423 0.4999999006 0.5999493481 0.4999999919 0.5000000368 0.4999999535 0.4999995778
0.3116650345 0.8905983807 0.3999971043 0.5999493781 0.5998877021 0.4999991137 0.4999999051 0.5999493681 0.4999999999 0.5000000178 0.4999999370 0.4999995885
0.6114634499 0.6211765632 0.4000117839 0.5999493532 0.5998878212 0.4999998798 0.4999999105 0.5999493964 0.4999999716 0.5000000828 0.4999999506 0.4999995881
0.0633386172 0.7685611978 0.3999976708 0.5999494661 0.5998880024 0.4999992403 0.4999999105 0.5999493297 0.4999999716 0.5000000828 0.4999999456 0.4999995249
0.5862826110 0.7685611978 0.4000270906 0.5999494661 0.5998880024 0.4999983143 0.4999999105 0.5999493980 0.4999999716 0.5000000828 0.4999999555 0.4999995249
0.0720557001 0.9177545095 0.3999736082 0.5999494477 0.5998879994 0.4999994250 0.4999999026 0.5999493888 0.4999999716 0.4999999865 0.4999999447 0.4999995249
0.0000000000 0.9177545095 0.4000632366 0.5999494661 0.5998881593 0.4999991883 0.4999999206 0.5999493718 0.4999999817 0.5000001126 0.4999999447 0.4999995840
0.5717194973 0.5154263097 0.3999845334 0.5999493454 0.5998879857 0.4999993689 0.4999999012 0.5999493829 0.4999999817 0.5000000416 0.4999999306 0.4999996102
0.3669046594 0.6864297417 0.3999399039 0.5999493454 0.5998882108 0.4999997248 0.4999999229 0.5999493883 0.4999999586 0.5000000556 0.4999999509 0.4999995782
0.0000000000 0.0000000000 0.4000456205 0.5999494209 0.5998882765 0.4999996429 0.4999999096 0.5999493625 0.4999999575 0.5000000370 0.4999999509 0.4999995889
0.5049279647 0.0000000000 0.4000456205 0.5999494209 0.5998882765 0.4999992010 0.4999999096 0.5999493625 0.4999999575 0.5000000370 0.4999999509 0.4999995889
0.8653315225 0.2970799565 0.4000426014 0.5999494182 0.5998880697 0.4999996306 0.4999999073 0.5999493395 0.4999999838 0.5000000182 0.4999999650 0.4999995724
0.0000000000 0.4753337560 0.4000427404 0.5999494351 0.5998882827 0.4999994770 0.4999998805 0.5999493615 0.4999999688 0.5000000502 0.4999999857 0.4999995113
0.0000000000 1.0000000000 0.4000427404 0.5999493880 0.5998883411 0.4999993640 0.4999999158 0.5999493591 0.4999999690 0.5000000554 0.4999999159 0.4999995963
0.7503233932 0.7136898295 0.4000427404 0.5999493912 0.5998881109 0.4999993640 0.4999998848 0.5999493726 0.4999999690 0.5000000554 0.4999999159 0.4999996291
0.5074249399 1.0000000000 0.4000574560 0.5999494369 0.5998881487 0.4999994988 0.4999999193 0.5999493726 0.4999999956 0.5000000544 0.4999999597 0.4999996476
0.5536006611 0.1372596387 0.4000298135 0.5999494304 0.5998881487 0.4999996795 0.4999999193 0.5999493736 0.5000000105 0.5000000627 0.4999999719 0.4999996476
0.0000000000 0.8393319200 0.4000307536 0.5999494080 0.5998878927 0.4999999353 0.4999998535 0.5999493557 0.5000000318 0.5000000581 0.4999999449 0.4999995739
0.4138421757 0.0000000000 0.4000441905 0.5999494278 0.5998884732 0.4999995298 0.4999999034 0.5999494118 0.4999999906 0.5000000547 0.4999999387 0.4999996560
0.2537766911 0.3752239522 0.4000562500 0.5999493978 0.5998883695 0.4999999182 0.4999998902 0.5999493464 0.4999999906 0.5000000770 0.4999999700 0.4999996761
0.5105769624 0.8415078421 0.4000436446 0.5999494189 0.5998878155 0.4999994145 0.4999998891 0.5999493926 0.4999999914 0.5000000136 0.4999999684 0.4999995953
0.3786997295 0.4936029856 0.4000494885 0.5999493981 0.5998884592 0.4999996977 0.4999999285 0.5999493635 0.4999999545 0.5000000589 0.4999999401 0.4999995868
0.6975521086 0.8230002432 0.4000457531 0.5999494235 0.5998882169 0.5000000343 0.4999999449 0.5999493738 0.5000000020 0.4999999877 0.4999999530 0.4999995575
0.3010693866 0.0720285665 0.4000487872 0.5999493537 0.5998885974 0.4999999352 0.4999999449 0.5999493727 0.4999999870 0.5000000543 0.4999999617 0.4999996449
0.7082046019 0.0720285665 0.4000487872 0.5999493729 0.5998885974 0.4999996559 0.4999999449 0.5999493699 0.4999999870 0.5000000229 0.4999999617 0.4999996449
0.0469501144 0.4083118974 0.4000487872 0.5999494583 0.5998878610 0.4999996559 0.4999999069 0.5999494007 0.4999999870 0.5000000229 0.4999999617 0.4999996449
0.7082046019 0.4636567809 0.4000465011 0.5999494026 0.5998885904 0.4999994972 0.4999999474 0.5999493888 0.4999999690 0.5000000532 0.4999999382 0.4999997267
0.1777318813 1.0000000000 0.4000498356 0.5999494006 0.5998886044 0.4999997775 0.4999999245 0.5999493648 0.4999999996 0.5000000394 0.4999999408 0.4999997202
0.6930141617 1.0000000000 0.4000472678 0.5999493867 0.5998885132 0.4999999272 0.4999999314 0.5999493722 0.4999999615 0.5000000609 0.4999999328 0.4999997220
1.0000000000 0.0726936786 0.4000494400 0.5999494991 0.5998891587 0.4999998409 0.4999999517 0.5999493857 0.4999999875 0.4999999930 0.4999999458 0.4999997620
0.5399776525 0.2653801796 0.4000505897 0.5999493975 0.5998903230 0.4999999232 0.4999999334 0.5999493742 0.4999999939 0.5000000363 0.4999999427 0.4999998168
0.8088879841 0.0000000000 0.4000506008 0.5999493503 0.5998912154 0.4999998756 0.4999999177 0.5999493960 0.5000000031 0.5000000617 0.4999999538 0.4999999494
0.6443599318 0.4138031725 0.4000506982 0.5999493984 0.5998897940 0.5000000118 0.4999999636 0.5999493889 0.4999999764 0.5000000736 0.4999999466 0.4999999903
0.5126843372 0.7386679147 0.4000507621 0.5999493783 0.5998978410 0.4999999647 0.4999999441 0.5999494016 0.5000000159 0.4999999944 0.4999999408 0.4999999786
0.5945161694 0.3293818629 0.4000508420 0.5999494698 0.5998987189 0.4999999634 0.4999999393 0.5999493505 0.5000000157 0.5000000115 0.4999999428 0.4999997117
0.4733365375 0.9198760222 0.4000505995 0.5999493182 0.5999218294 0.4999999836 0.4999999914 0.5999493900 0.4999999928 0.5000000147 0.4999999472 0.4999998640
0.4416111807 0.5347273440 0.4000505937 0.5999493818 0.5999315361 0.4999999287 0.4999999494 0.5999494698 0.4999999952 0.5000000196 0.4999999359 0.4999999762
0.4416111807 1.0000000000 0.4000505935 0.5999493943 0.5999323315 0.4999999760 0.4999999424 0.5999494541 0.5000000011 0.5000000196 0.4999999261 0.4999999762
0.4391773844 0.3461152623 0.4000506271 0.5999493818 0.5999303292 0.4999999760 0.4999999528 0.5999494541 0.4999999882 0.5000000116 0.4999998862 0.5000000015
0.4306907657 0.7410066820 0.4000506482 0.5999493767 0.5999187273 0.4999999779 0.4999999460 0.5999494541 0.5000000006 0.5000000120 0.4999999368 0.5000000135
0.4380006486 0.1237442112 0.4000505876 0.5999493718 0.5999502923 0.4999999823 0.4999999461 0.5999493882 0.5000000008 0.5000000047 0.4999999148 0.5000000135
0.4538991868 0.8220359676 0.4000506229 0.5999493718 0.5999344099 0.4999999823 0.4999999134 0.5999494092 0.5000000000 0.5000000046 0.4999999633 0.5000000135
0.4748232050 0.4715433105 0.4000506229 0.5999493718 0.5998979092 0.4999999701 0.4999999461 0.5999494092 0.5000000000 0.4999999970 0.4999999854 0.5000000135
0.4214333586 0.4264160195 0.4000506400 0.5999493612 0.5999274365 0.4999999823 0.4999999267 0.5999494062 0.5000000000 0.5000000075 0.4999999638 0.4999999963
0.4941267086 0.1009483663 0.4000506595 0.5999493854 0.5999449343 0.4999999554 0.4999999659 0.5999494120 0.5000000000 0.5000000187 0.4999999533 0.5000000004
0.5062918647 0.3442342756 0.4000506318 0.5999493854 0.5999449343 0.4999999563 0.4999999659 0.5999494120 0.5000000000 0.5000000187 0.4999999533 0.5000000001
0.4859535659 0.5882063647 0.4000506280 0.5999493778 0.5999475246 0.4999999663 0.4999999644 0.5999494266 0.4999999706 0.5000000156 0.4999999458 0.5000000386
0.4562896195 0.6590767953 0.4000506334 0.5999493453 0.5999469589 0.4999999920 0.4999999548 0.5999494065 0.4999999852 0.5000000165 0.4999999401 0.5000000161
