3.1376137778 4.8892207741 4.6503679198
2.5605926359 5.2753385777 4.5814453595
3.5788758011 3.1296779969 4.8538896916
4.3657914482 0.8885703214 5.1296962425
0.0000000000 5.3003064440 4.8751530949
4.4810302569 3.4872033604 4.4294576323
0.3033607799 3.3010129285 6.3930889299
0.0000000000 2.7710994175 6.6469027362
3.9422976022 1.4526769224 5.2346217628
0.4862741911 0.7479364706 6.6526216802
1.1207226477 1.7237792113 6.3895080504
5.1040228674 2.2914764390 3.7082736081
2.4334129852 4.0898557715 4.7333697134
4.3225931067 1.9908813715 4.7333697983
2.9038615287 3.7704120738 4.7333697129
4.7163595570 0.6359020744 4.7333697062
3.9972387197 2.5827315874 4.7333698018
3.8222828909 0.8946314722 5.4445409164
1.7867178160 3.9966662414 5.0879778128
2.7740708078 2.4688096683 5.5913100433
0.0000000000 3.7135535989 5.5913080783
2.2782050038 2.9326203799 5.5913080783
4.8856226487 1.6721818318 4.2880848260
2.1227768652 0.9899532371 6.2902329608
1.4321762768 0.6678928740 6.5234910323
4.6521528456 2.1695232525 4.3247982928
0.8642070694 3.1327504459 5.8730115244
1.2292015734 4.4558554465 4.8669830111
0.6430112256 2.3309155582 6.2615075866
2.8911129198 0.0000000000 6.0576046407
4.4054182866 0.0000000000 5.0641360146
0.0000000000 0.0000000000 6.7121612028
3.1688795570 1.2304707623 5.7876810354
3.3993905249 0.0000000000 5.7876810346
1.7932827963 0.0000000000 6.4681712073
4.9657009832 0.0000000000 4.5160728483
0.9423790534 0.2153494093 6.6421929320
0.0000000000 5.3125568457 3.9988630644
5.3125528049 0.0000000000 3.9988600228
5.3278041385 3.1464008096 0.0000000000
5.3515494201 2.7530432162 0.0489894581
2.8160253321 5.3103064438 0.3174735549
2.5236823699 5.4632479308 0.1437489315
0.5939216736 5.9865350145 0.0663799686
1.7998934081 5.7342066892 0.4879834283
6.0176700997 0.0000000000 0.0000000000
5.9855326985 0.5918634106 0.1714184915
0.8868849784 5.9466184009 0.4076530073
5.9081878287 1.1312073018 0.1000810598
4.0795594891 4.4223075857 0.0000000000
4.3743097760 4.1185118659 0.3673294291
1.3751193818 5.7890507879 0.8897713878
4.9188843514 3.4179716624 0.5642184886
4.9406215041 3.4330760980 0.0000000000
4.6217374869 3.8453539244 0.2257012160
2.8808607796 5.2320197570 0.7247331469
1.2233436827 5.8644996444 0.5540364281
5.5738398237 2.2019676137 0.5273906270
1.2371271880 5.8866520563 0.1056126391
5.7954269153 1.5986745288 0.2800726440
1.9765928931 5.6821374718 0.0091401287
5.8562212133 0.9746955605 0.9752239354
3.4015482108 4.9591276144 0.1834448844
5.2324058762 2.6189373508 1.3995842987
4.8680852086 3.3740403421 1.0544050183
4.2048043019 3.9611815468 1.6790289504
0.7717720182 5.8722379277 1.0543510455
5.4935458926 2.2145182190 1.0544160723
4.0316897806 4.4446971593 0.4261179126
1.7488251331 5.3525588898 2.1171177661
5.9390201883 0.8248576167 0.4882072764
2.3108176913 5.5147497125 0.6648004054
0.0000000000 5.8365365164 1.4574613085
0.5194925985 5.7623019724 1.6458237495
5.6667104192 1.8678441271 0.7539484691
2.7329948329 5.2507603709 1.0676964965
3.7491768207 4.6322789363 0.8039768210
3.4436830920 4.8854735099 0.6569016620
3.1635617140 5.0258258418 0.9544368632
5.7978626062 1.3682333220 0.7730314300
1.3744656912 5.7024542232 1.2757132373
3.3682714516 4.8333162106 1.2052221144
5.9055196841 0.0000000000 1.0767406561
0.0000000000 5.9251966916 0.9284074203
0.0000000000 5.9780458065 0.4848637786
5.2814894753 2.7758038307 0.6106607595
5.8915639707 0.5227074665 0.9941707246
4.0608027578 4.2694787052 1.1499121597
1.7897025346 5.6143847496 1.1500079387
0.3904025766 5.8629333499 1.2023549420
4.5727690984 3.6651799404 1.2751195421
5.5774374099 1.7765075170 1.3061254125
4.9336657793 3.1194311084 1.3776052374
3.0167722138 4.9970986778 1.3776052642
5.1238108453 2.9150603345 1.1039429272
4.4162872307 3.9211367696 1.0444129166
5.3667214519 2.5287993536 0.8974959315
3.6283016761 4.5673389612 1.3968015581
2.2487059817 5.4504395596 1.0980548336
5.7362962295 1.2126265544 1.2669135835
