50.4284583028 67.0980632398 -59.9787404957
49.6014150004 0.1000000000 -28.2376502288
72.2354134629 33.0515584464 -54.7126310827
100.1000000000 0.1000000000 -28.5334489434
0.1000000000 67.6108141823 -38.7730744592
24.2885686464 48.3089011321 -40.4981534256
61.3309372919 59.9366252936 -54.2771094395
83.8115528747 91.1033721142 -92.3528453909
83.1637154700 0.3177656570 -45.8323536965
82.9459498130 13.3614306843 -49.2227317234
82.9459498130 66.9681901785 -86.2026118942
47.6518409679 46.2487409630 -52.5088082180
75.4262597778 21.5474271228 -47.6658257024
53.1142273783 11.9796363076 -30.1684328304
83.8729065244 21.2542378496 -55.3387204974
52.8963901487 21.0364006200 -38.4077527379
53.2441607098 77.2252611915 -64.7545863641
48.2775046157 21.6466502660 -30.5910554551
71.9681196111 79.9984891411 -84.2732057375
35.0303060396 79.7349487775 -64.8944776476
35.2047957026 67.8557340342 -55.9483816093
42.6684021611 43.9025372316 -40.2832639709
97.3854131592 44.0830611342 -77.3342988503
97.6307734200 98.3736909072 -102.5046020438
97.5247835562 24.7200090449 -58.5729753482
0.2282892455 77.0353532302 -42.5392206152
17.0112144160 77.0284515608 -52.1065564231
62.1733835154 77.5221318805 -73.1450612075
25.7158708038 77.0797999362 -56.1203079544
94.0421072600 77.3382194056 -94.9428477518
94.3644317310 31.7382117038 -64.6043777921
94.5189190443 85.1996412359 -95.0844044574
93.7671534796 0.2562016406 -52.7030800018
60.8245856914 18.6303951745 -32.4476577707
63.1417999764 32.4489321352 -51.4607882347
42.5176145289 25.7169969877 -33.2103219308
69.2264181092 25.7793344663 -48.6768747672
69.4210533971 0.5300388537 -32.9484681269
69.1926775745 39.8858530703 -54.8619338411
8.3209455373 93.0952289019 -53.0084581703
0.2311355663 93.0254263010 -50.8143367116
37.7949352354 23.6010875259 -27.3860913377
79.6822792495 62.4362377529 -72.0442373074
27.9116409744 62.5058099155 -48.3076719870
36.5809407044 62.4267372400 -46.9958038178
93.7203783175 62.4411144754 -84.5561839302
57.8605929246 62.4687729117 -65.9340520579
61.8928510197 53.1744808747 -63.1276680548
67.6902718286 53.1245179326 -54.0822061224
87.1775318472 53.1163601718 -77.8919100865
29.0787562196 5.1284030249 -16.6237715698
20.3838485324 56.3011024882 -37.8873358956
57.6154499789 0.1447194610 -31.9082390400
57.6280131290 68.9987441234 -72.3998168169
83.0995056431 41.0090213519 -60.9282269345
49.5844233419 41.0240224825 -46.1336234257
66.3289043942 17.6321043829 -44.8819521894
66.3117895792 67.7681305149 -70.1043790576
0.1397728029 84.3968453380 -39.9162075144
43.6877098517 0.1649048211 -23.8367568404
34.3035364693 0.1211731872 -18.8925987349
34.3325803726 12.2275407982 -24.5774421745
22.9340949899 38.9820460406 -34.0836662217
10.9493390523 81.0761683832 -48.6785238114
16.8127065560 94.2714333467 -55.7970402645
93.7390411943 14.1676410269 -51.2984561645
28.2928611878 14.1714753448 -18.6938298334
0.1412008051 59.6441683802 -33.7746436325
30.9665540338 35.6222737929 -37.8589664488
43.7012744759 90.3576678383 -71.9407024034
20.2227388740 67.7149809286 -44.2760800659
9.3936639551 46.2942143427 -27.3115971446
33.7779093631 46.3182264083 -38.9119366251
31.5812310392 98.9309332400 -74.1998564641
31.6091177052 53.5459260064 -40.8554436197
31.5746351728 27.6049580052 -32.9159420197
12.3728222197 31.6640588187 -22.9081222044
0.1108465794 54.8729863508 -27.7440279346
32.1247345729 0.1107957579 -9.5976818772
8.1144100155 60.9770007950 -36.5695018104
0.1125705678 26.8486580699 -11.5901533525
0.1195869349 46.9463499288 -26.4590685541
9.0316029244 24.9476723299 -18.0273742168
19.6406157206 24.9309219055 -24.7827721854
18.9232950251 46.8884763866 -34.7980016035
12.9600600377 16.9822630953 -16.1751192823
15.5980645358 0.1215478620 -7.8390910808
0.1106196953 37.0088939077 -18.7223820579
7.0901091883 53.5955157373 -32.8088093941
8.7503152984 34.1656749363 -16.7166628033
24.2584590707 9.1324935298 -15.1832427524
2.2694796028 21.6178601280 -12.9006329089
12.2700118129 7.5321701503 -10.1081691517
6.2867676318 14.8768614789 -10.6609470500
0.8132025766 14.8750081629 -7.3459854914
6.2797452234 7.0981011194 -4.7416616053
6.2797375170 2.2906080831 -3.9130578664
0.1000270980 9.5653690237 -4.4428327896
0.1000088314 4.8922873797 -1.7259385072
0.1000102622 0.1000102622 1.0000909237
