89.5920865126 0.0000000000 0.0000000000 0.0000000000 0.0000000000 0.0000000000 0.0000000000 0.0000000000 0.0000000000 0.0000000000 0.0000000000 0.0000000000
22.1848173133 92.1761429941 0.0000000000 0.0000000000 0.2489662998 0.0000000000 0.2237234083 0.4926403738 0.3487960418 0.0000000000 0.0000000000 2.4887357661
61.5270389260 92.1761429941 0.0000000000 2.5857220549 0.2489662998 0.0000000000 0.2237234083 0.4926403738 3.1671886137 0.0000000000 0.0000000000 2.4887357661
58.2318917800 86.8125267557 0.0000000000 2.9049362307 0.2489662998 0.0434151539 0.0000000000 0.0000000000 0.0000000000 0.0000000000 0.3828528552 0.0965998520
88.1726897622 9.7679262101 0.0276767218 0.0000000000 0.0000000000 0.1696087838 1.4491616023 0.7560552875 0.0822541389 0.1089888753 0.0000000000 0.0000000000
88.1726897622 97.4324778987 0.4911169672 0.0000000000 0.0000000000 0.7181771384 1.4491616023 0.7560552875 0.9010964538 0.1089888753 1.5682602077 0.0000000000
80.8022423343 13.4954197319 0.5116348375 0.0000000000 0.2201458364 1.8263532308 0.7755114986 0.0000000000 0.0000000000 0.6744693338 0.0000000000 0.0000000000
0.0000000000 93.4749629559 0.8791403965 0.7525702749 0.0000000000 0.2248671168 0.3200996564 0.0510962715 0.2054682195 0.0000000000 0.0000000000 0.0000000000
76.8194076642 21.3960129374 0.2090930615 0.4504755427 0.0708801556 0.0348290955 0.4855025173 0.1712265563 0.1528097065 0.0000000000 0.0000000000 0.3795789806
68.8144821204 56.1990452729 0.2090930615 0.4504755427 0.0708801556 0.0348290955 0.0000000000 0.1712265563 0.1528097065 0.0000000000 0.1817295731 0.6206549645
90.0929031108 61.4705372666 0.0796227049 0.0000000000 0.1470596958 0.0818614088 0.2429474624 0.0283423526 0.3855707436 0.0000000000 0.0357872341 0.0963382736
84.2520621650 46.1721379878 0.0790259993 0.0000000000 0.3870685103 0.0000000000 0.8744264942 0.0000000000 0.0000000000 0.1425739524 0.0357872341 0.6910248270
67.5518031354 11.4626943966 0.0967063405 0.2207759551 0.0000000000 0.1105936656 0.0000000000 0.0000000000 0.0000000000 0.0446486146 0.0000000000 0.1172655926
67.5518031354 22.8852513099 0.0967063405 0.2207759551 0.0000000000 0.1105936656 0.0000000000 0.0000000000 0.0000000000 0.0446486146 0.0000000000 0.1172655926
94.8776794021 0.0000000000 0.0000000000 0.0968977217 0.0497495514 0.0467215252 0.0000000000 0.0000000000 0.1051508268 0.0000000000 0.1657896693 0.0000000000
94.8776794021 39.4860845954 0.0000000000 0.1238664163 0.0497495514 0.4130723972 0.0000000000 0.0000000000 0.1051508268 0.2201617073 0.1657896693 0.0000000000
94.8776794021 8.1202375804 0.0000000000 0.0968977217 0.0497495514 0.0467215252 0.0000000000 0.0849771454 0.2216290922 0.0000000000 0.0299073700 0.0000000000
94.8776794021 48.0549822983 0.0000000000 0.1651084711 0.0000000000 0.0467215252 0.0000000000 0.0000000000 0.1051508268 0.0000000000 0.1657896693 0.0000000000
76.1260020994 69.4387385346 0.0822824283 0.1808082528 0.2400845052 0.1622936762 0.0561877219 0.0000000000 0.0066459583 0.0000000000 0.0524179903 0.0000000000
71.4877941516 46.1140839082 0.0000000000 0.0000000000 0.0000000000 0.0030069056 0.0375911574 0.0294189177 0.0335528337 0.1519203634 0.0000000000 0.0823918528
60.8865131739 48.1407409769 0.0000000000 0.0000000000 0.0385114624 0.0000000000 0.0000000000 0.0000000000 0.0702771395 0.0000000000 0.0357426915 0.3152312724
70.0894520585 98.2304715444 0.0366554792 0.0000000000 0.1001735044 0.0143973808 0.0000000000 0.0097901804 0.0000000000 0.0439955548 0.0000000000 0.1106678574
85.5362491386 37.5223080674 0.0000000000 0.0145641302 0.0333634627 0.0339571530 0.0557836375 0.0422651097 0.0704932073 0.0433478507 0.0000000000 0.1498477826
71.5622727027 78.1732646221 0.0350035315 0.0000000000 0.0000000000 0.0235126368 0.0000000000 0.0033996702 0.0000000000 0.0000000000 0.0000000000 0.0000000000
82.1588551213 78.1732646221 0.0364135065 0.0000000000 0.0000000000 0.0131013735 0.0000000000 0.0000000000 0.0000000000 0.0000000000 0.0000000000 0.0000000000
62.2461015411 9.5781594814 0.0224539770 0.0255003045 0.0000000000 0.0236881634 0.0000000000 0.0024383480 0.0000000000 0.0024212926 0.0211598707 0.0085665153
62.2461015411 19.4112907845 0.0132637470 0.0000000000 0.0747418663 0.0127785886 0.0000000000 0.0044746974 0.0868706054 0.0000000000 0.0023810853 0.0609186043
62.2461015411 29.4805828814 0.0345658364 0.0550790835 0.0162141110 0.0440800265 0.0000000000 0.0225442851 0.0868706054 0.0046394186 0.0023810853 0.0085665153
75.5125139212 1.9670439855 0.0192303906 0.0000000000 0.0002061184 0.0063295849 0.0000000000 0.0481781285 0.0000000000 0.0000000000 0.0247838042 0.0013398847
75.5125139212 37.3774142245 0.0192303906 0.0143706103 0.0961831220 0.0063295849 0.0000000000 0.0276706848 0.0000000000 0.0299542727 0.0247838042 0.0013398847
67.5787684765 70.1672014820 0.0000000000 0.0000000000 0.0231589711 0.0128941208 0.0000000000 0.0119601457 0.0311360249 0.0178693452 0.0737133041 0.0013398847
56.8472917940 63.5190834764 0.0000000000 0.0265248175 0.0000000000 0.0000000000 0.0000000000 0.0119601457 0.0104904583 0.0163212581 0.0269147806 0.0384644511
18.8805283042 48.8570510536 0.0018815088 0.0000000000 0.0214212051 0.0000000000 0.0000000000 0.0051600675 0.0016580105 0.0113033327 0.0000000000 0.0000000000
32.1292752538 48.8570510536 0.0018815088 0.0000000000 0.0134086392 0.0000000000 0.0000000000 0.0090662474 0.0016580105 0.0113033327 0.0000000000 0.0000000000
50.8009272178 50.9100687476 0.0043531091 0.0000000000 0.0200595812 0.0043597232 0.0000000000 0.0155095069 0.0166005723 0.0057700297 0.0163130587 0.0128829093
34.6983080581 64.8775962137 0.0000000000 0.0001690811 0.0023604641 0.0000000000 0.0021590807 0.0000000000 0.0000000000 0.0310432158 0.0091562386 0.0000000000
84.9356056935 64.8775962137 0.0000000000 0.0001690811 0.0023604641 0.0075377877 0.0192180889 0.0100430880 0.0000000000 0.0310432158 0.0091562386 0.0110639151
41.4334521706 69.5178595155 0.0058344601 0.0054320763 0.0000000000 0.0000000000 0.0000000000 0.0011174375 0.0000000000 0.0000000000 0.0012510283 0.0056384663
28.8032704342 45.4289984490 0.0070461424 0.0027912501 0.0000000000 0.0000000000 0.0104881121 0.0092787171 0.0095704224 0.0023456478 0.0000000000 0.0076755455
59.5901799052 42.1554922325 0.0032828743 0.0010381428 0.0066654147 0.0000000000 0.0000000000 0.0029861246 0.0045061922 0.0000000000 0.0000000000 0.0000000000
98.8684262494 91.4953529228 0.0086359740 0.0000000000 0.0000000000 0.0004501830 0.0000000000 0.0020664868 0.0000000000 0.0063701534 0.0002711482 0.0010137487
34.8314921042 8.9818095293 0.0000000000 0.0067447113 0.0000000000 0.0000000000 0.0037169016 0.0060670564 0.0123462538 0.0030072824 0.0000000000 0.0011866443
66.1820097800 0.0000000000 0.0000000000 0.0044141489 0.0000000000 0.0021050365 0.0000000000 0.0065154155 0.0054065614 0.0018230883 0.0000000000 0.0030444511
44.8509959504 76.2187524536 0.0000000000 0.0055119658 0.0074793527 0.0038068133 0.0026231178 0.0063826771 0.0027293314 0.0000000000 0.0000000000 0.0006533686
44.8509959504 40.1136291815 0.0000000000 0.0055119658 0.0074793527 0.0038068133 0.0092060523 0.0001232294 0.0027293314 0.0000000000 0.0000000000 0.0006533686
66.9412819709 56.8872010988 0.0009036451 0.0000000000 0.0008045927 0.0112167880 0.0040359921 0.0025514201 0.0000000000 0.0061786119 0.0030930154 0.0006861831
51.5370178898 42.2056346646 0.0000000000 0.0077848657 0.0008045927 0.0000000000 0.0036612239 0.0000000000 0.0026081832 0.0019875166 0.0000000000 0.0035887294
46.8544619164 85.4801141081 0.0018398871 0.0024621120 0.0005743240 0.0000117571 0.0011883640 0.0010613664 0.0000000000 0.0031113812 0.0008306227 0.0040113631
44.1366266740 55.5069348761 0.0032382023 0.0063359684 0.0000000000 0.0000117571 0.0056456470 0.0010613664 0.0000000000 0.0012006836 0.0008306227 0.0040113631
29.5930610102 73.4987276231 0.0010574017 0.0022737925 0.0000000000 0.0000000000 0.0008071563 0.0003397937 0.0003766732 0.0006274186 0.0014012172 0.0010443707
52.2176123030 26.1026843659 0.0000000000 0.0020704003 0.0000000000 0.0000000000 0.0000000000 0.0000000000 0.0003766732 0.0006274186 0.0014664773 0.0002998401
16.0274066826 58.1783302513 0.0009099939 0.0031772822 0.0000000000 0.0015156090 0.0020238790 0.0038623776 0.0026383616 0.0012130165 0.0011476218 0.0016799275
44.8278729327 96.2537986123 0.0015912624 0.0000000000 0.0010154592 0.0033397290 0.0020913087 0.0008577771 0.0000000000 0.0000000000 0.0000000000 0.0003354790
48.0918374919 34.9416869931 0.0005707577 0.0006730193 0.0007079440 0.0000733942 0.0017110354 0.0020403509 0.0000000000 0.0000000000 0.0003215661 0.0025526382
51.5505121887 11.6185426202 0.0012961464 0.0003811172 0.0000000000 0.0000000000 0.0019620742 0.0000000000 0.0038134956 0.0000000000 0.0000000000 0.0000000000
44.8829904627 0.0000000000 0.0011041886 0.0007692270 0.0000000000 0.0004159707 0.0013563583 0.0000000000 0.0000203952 0.0000000000 0.0000000000 0.0000000000
26.7026601099 14.7784553914 0.0005011625 0.0009565707 0.0000000000 0.0028398604 0.0002586395 0.0011537723 0.0013028300 0.0005092299 0.0004549119 0.0002765463
12.8982737042 97.5362646907 0.0000000000 0.0003893257 0.0013109125 0.0000000000 0.0001593146 0.0005894947 0.0000000000 0.0000000000 0.0000000000 0.0010748000
36.8664378350 94.9063002879 0.0000000000 0.0003893257 0.0000000000 0.0000000000 0.0000000000 0.0010328333 0.0000000000 0.0000000000 0.0000000000 0.0010748000
8.0164387223 60.8775544113 0.0005929736 0.0012773380 0.0009324876 0.0006346194 0.0000718695 0.0005426684 0.0000000000 0.0000000000 0.0004910070 0.0028149354
32.1626537767 30.8003236211 0.0000000000 0.0000000000 0.0009324876 0.0015374030 0.0009933444 0.0005426684 0.0000000000 0.0000000000 0.0003664263 0.0007531190
16.1845724022 86.1173879559 0.0000000000 0.0009916016 0.0004754056 0.0000000000 0.0000000000 0.0002877820 0.0000574931 0.0001184143 0.0000549229 0.0005114488
8.8701816734 50.7590014992 0.0005103275 0.0005634994 0.0000000000 0.0000000000 0.0000000000 0.0003766161 0.0000574931 0.0003812645 0.0000009512 0.0000000000
8.8701816734 80.1578067428 0.0000000000 0.0005634994 0.0000000000 0.0007069636 0.0000000000 0.0000000000 0.0000574931 0.0003812645 0.0000009512 0.0000000000
21.3907037874 64.7984790508 0.0000000000 0.0016600160 0.0000000000 0.0000818732 0.0000022224 0.0002516122 0.0012292576 0.0003114683 0.0005188550 0.0000342859
0.0000000000 64.7984790508 0.0000000000 0.0000000000 0.0000000000 0.0000818732 0.0000022224 0.0000000000 0.0000000000 0.0004144357 0.0000000000 0.0000342859
34.9507159348 41.4443757997 0.0000000000 0.0002071842 0.0002130957 0.0001277817 0.0008363996 0.0002133083 0.0001928266 0.0000000000 0.0004625161 0.0020813564
0.0000000000 72.7767660836 0.0000000000 0.0001125826 0.0004227762 0.0000000000 0.0007151865 0.0002133083 0.0001928266 0.0006884196 0.0004625161 0.0004758746
10.2002375115 66.8160038991 0.0000734579 0.0009181351 0.0010806762 0.0003225048 0.0000775693 0.0001714037 0.0004958944 0.0005593366 0.0000000000 0.0004758746
0.0000000000 47.4799211334 0.0000000000 0.0000000000 0.0000689954 0.0002297469 0.0000000000 0.0000138942 0.0004805772 0.0002528952 0.0002426768 0.0000975984
0.0000000000 82.8224439040 0.0000000000 0.0001631853 0.0001552025 0.0000000000 0.0002937589 0.0000816592 0.0000890557 0.0000000000 0.0001467462 0.0000000000
58.0851505913 76.1934686365 0.0000392777 0.0002950377 0.0002558237 0.0000000000 0.0007955263 0.0002977586 0.0000393264 0.0001664176 0.0002265549 0.0000000000
58.0851505913 0.0000000000 0.0000000000 0.0002950377 0.0002558237 0.0000000000 0.0000216505 0.0002642087 0.0000393264 0.0001664176 0.0001077423 0.0000233865
6.1319322269 89.4709792722 0.0000000000 0.0002117173 0.0000077492 0.0003290159 0.0001061099 0.0000000000 0.0003457403 0.0004114396 0.0000458496 0.0000000000
28.1176806048 0.0000000000 0.0000000000 0.0002117173 0.0000077492 0.0000000000 0.0001061099 0.0000000000 0.0000000000 0.0000880462 0.0000000000 0.0000000000
16.8400197046 41.6027510080 0.0000000000 0.0000328305 0.0003095597 0.0006675014 0.0000000000 0.0001176466 0.0003464449 0.0000277461 0.0002525466 0.0000000000
23.4815386746 69.4572852459 0.0002402243 0.0001147433 0.0001197870 0.0001361976 0.0000546580 0.0000426583 0.0000000000 0.0001653032 0.0000941976 0.0000000000
37.5245550358 0.0000000000 0.0001256770 0.0000000000 0.0001458050 0.0000000000 0.0000000000 0.0002317719 0.0001074433 0.0000551356 0.0000133187 0.0000902918
37.5245550358 20.7704862739 0.0001256770 0.0000000000 0.0000365004 0.0000000000 0.0000000000 0.0000548689 0.0000076632 0.0000551356 0.0000133187 0.0000902918
8.7825882551 43.4296963939 0.0000000000 0.0000000000 0.0001197433 0.0001524988 0.0000847225 0.0000548689 0.0000076632 0.0000908188 0.0000814123 0.0000000000
24.8170270167 9.8379898315 0.0002880412 0.0000817328 0.0000498846 0.0000000000 0.0000380934 0.0000555062 0.0001474340 0.0001040721 0.0000998025 0.0000782097
15.5159268731 21.4213933344 0.0001254518 0.0001876648 0.0002334631 0.0001121791 0.0000000000 0.0000999690 0.0000000000 0.0000000000 0.0000000000 0.0000053122
31.4277484461 5.3565286865 0.0000000000 0.0000213842 0.0000887835 0.0001025692 0.0000000000 0.0000000000 0.0002922252 0.0000000000 0.0001015743 0.0000782097
28.2162820930 26.1915260851 0.0000000000 0.0001048505 0.0000000000 0.0000028518 0.0000939958 0.0001175005 0.0000000000 0.0000000000 0.0000399273 0.0000276226
18.8626050807 26.1915260851 0.0000000000 0.0000082621 0.0000000000 0.0000359718 0.0000000000 0.0000778762 0.0000000000 0.0000000000 0.0000000000 0.0000399788
18.9925382773 0.0000000000 0.0000000000 0.0000349884 0.0000000000 0.0000000000 0.0000000000 0.0000116831 0.0000000000 0.0000495552 0.0000386538 0.0000399788
0.0000000000 38.1924863973 0.0000268534 0.0000067719 0.0000360318 0.0000000000 0.0001476279 0.0000572609 0.0000000000 0.0000139461 0.0000011736 0.0000399788
0.0000000000 30.7792095821 0.0000000000 0.0000066126 0.0000297870 0.0000000000 0.0000000000 0.0000277795 0.0000000000 0.0000000000 0.0000000000 0.0000294251
4.8222182502 33.4601039521 0.0000478793 0.0000474987 0.0000262079 0.0000090867 0.0000369318 0.0000648737 0.0000000000 0.0000265242 0.0000000000 0.0000000000
7.4752205115 27.5555167783 0.0000082046 0.0000081174 0.0000504287 0.0000000000 0.0000053780 0.0000382262 0.0000001983 0.0000232202 0.0000003809 0.0000114737
2.9590094951 25.4158816066 0.0000353696 0.0000000000 0.0000000000 0.0000000000 0.0000054600 0.0000165874 0.0000252877 0.0000000000 0.0000237661 0.0000039993
8.4035688600 17.5034637505 0.0000158312 0.0000000000 0.0000292964 0.0000117310 0.0000004943 0.0000158543 0.0000029921 0.0000288448 0.0000118827 0.0000000000
0.0000000000 20.2200443794 0.0000020628 0.0000000000 0.0000113299 0.0000039479 0.0000000000 0.0000197343 0.0000000000 0.0000052588 0.0000070429 0.0000037314
4.2158706993 12.8034030289 0.0000000000 0.0000055421 0.0000009219 0.0000000000 0.0000067094 0.0000005492 0.0000064880 0.0000118656 0.0000120618 0.0000000000
15.4907437920 6.9383450243 0.0000000000 0.0000013332 0.0000017732 0.0000000000 0.0000010600 0.0000000000 0.0000000000 0.0000000000 0.0000000000 0.0000000000
0.8842962396 3.5660609713 0.0000000000 0.0000000046 0.0000000000 0.0000000000 0.0000000000 0.0000000000 0.0000000699 0.0000000687 0.0000000371 0.0000000463
4.8126452333 1.4133604503 0.0000000139 0.0000000204 0.0000000000 0.0000000126 0.0000000283 0.0000000235 0.0000000340 0.0000000308 0.0000000002 0.0000000523
2.7054306254 0.3729665018 0.0000000060 0.0000000000 0.0000000000 0.0000000283 0.0000000002 0.0000000000 0.0000000425 0.0000000025 0.0000000410 0.0000000032
2.2023311222 2.2321304786 0.0000000039 0.0000000038 0.0000000000 0.0000000102 0.0000000000 0.0000000013 0.0000000211 0.0000000000 0.0000000040 0.0000000024
0.0000000000 1.5037118448 0.0000000262 0.0000000162 0.0000000211 0.0000000000 0.0000000044 0.0000000072 0.0000000105 0.0000000000 0.0000000066 0.0000000000
