0.0000000000 50.3829637863 0.0000000000 0.0000000000 0.0000000000 0.0000000000 0.0000000000 0.0000000000 0.0000000000 0.0000000000 0.0000000000 0.0000000000
0.0000000000 99.5710792687 0.0000000000 0.0000000000 0.0000000000 0.0000000000 0.0000000000 0.0000000000 0.0000000000 0.0000000000 0.0000000000 0.0000000000
92.1379163999 88.8878200672 0.0000000000 0.0000000000 0.0000000000 0.0000000000 0.0000000000 0.0000000000 0.0000000000 0.0000000000 0.0000000000 0.0000000000
78.8059390634 84.8722733744 0.0000000000 0.0000000000 0.0000000000 0.0000000000 0.0000000000 0.0000000000 0.0000000000 0.0000000000 0.0000000000 0.0000000000
52.7673975371 50.7681193750 0.0000000000 0.0000000000 0.0449853287 0.3668857139 0.0000000000 0.0000000000 0.5827126731 0.0000000000 0.7354701864 0.0000000000
78.1771334970 42.2117243966 0.6473009535 0.3900991483 0.0000000000 1.0479481912 0.0745042322 0.0000000000 0.0000000000 0.0000000000 0.0000000000 0.0000000000
86.1812672921 42.2117243966 0.0000000000 0.0000000000 0.0000000000 0.1160868679 2.0560355358 0.8101028311 0.6935042050 0.2120174027 0.3363838904 0.7770243189
72.1070027086 42.2117243966 0.0000000000 0.8855789017 0.0000000000 0.0537405029 0.0000000000 0.2092481757 0.0000000000 0.0000000000 0.0000000000 0.0000000000
32.1717826115 33.4847992814 0.6430916247 0.0000000000 0.0000000000 0.0000000000 0.7927478967 0.0000000000 1.1494549978 0.0000000000 0.0000000000 0.0000000000
68.2206310034 33.4847992814 0.0000000000 0.0000000000 0.8936881997 0.6255652320 0.0000000000 0.0000000000 0.0000000000 0.0000000000 0.1709219531 0.2379558046
50.1773229932 33.4847992814 0.8091862637 0.0000000000 0.0000000000 0.6255652320 0.0000000000 0.0000000000 0.0000000000 1.3247023656 0.0000000000 0.0000000000
7.2354914222 99.5049422806 0.0000000000 0.0000000000 0.0000000000 0.0000000000 0.0000000000 0.3493187619 0.0827963170 0.0000000000 0.0000000000 0.0373094329
65.5013351423 20.1498453412 0.1564658128 0.1153955893 0.1410959029 0.0000000000 0.0000000000 0.0731282337 0.0075263189 0.0000000000 0.0000000000 0.0000000000
65.5013351423 54.2218845902 0.0000000000 0.1153955893 0.1410959029 0.0000000000 0.0000000000 0.0731282337 0.0075263189 0.0000000000 0.0000000000 0.0000000000
77.4851176591 31.3988309908 0.0924626703 0.3346558368 0.0811680862 0.0000000000 0.2388684302 0.0000000000 0.0111264859 0.4602730450 0.2390870850 0.0661196200
69.5231822530 74.1142508326 0.3970621795 0.0000000000 0.0000000000 0.1808742642 0.2388684302 0.2340817454 0.0111264859 0.0000000000 0.2390870850 0.0000000000
69.5231822530 13.3400863806 0.3970621795 0.0000000000 0.1055607578 0.1808742642 0.5436748899 0.2340817454 0.0111264859 0.4962178429 0.2390870850 0.0000000000
42.7987760895 53.5557101518 0.1532077594 0.1285900003 0.1352224545 0.2474736515 0.1207024586 0.0000000000 0.0032166967 0.0000000000 0.0000000000 0.0000000000
42.7987760895 24.8303108660 0.1003414953 0.1285900003 0.0112513640 0.1529667567 0.1207024586 0.0000000000 0.0714733134 0.0000000000 0.0000000000 0.0000000000
91.5876179007 0.0000000000 0.0000000000 0.0000000000 0.0703184527 0.0000000000 0.0000000000 0.0000000000 0.0480007929 0.0000000000 0.0000000000 0.0000000000
34.1464825013 84.8274725531 0.1565937051 0.0952933566 0.0664247266 0.0467383313 0.0000000000 0.0112450699 0.2201208723 0.0000000000 0.0063575163 0.0026766170
57.4935785939 84.8274725531 0.0000000000 0.0952933566 0.0000000000 0.0467383313 0.0000000000 0.0112450699 0.0616826260 0.0000000000 0.0000000000 0.0000000000
52.6520242127 0.0000000000 0.0000000000 0.0000000000 0.0000000000 0.0000000000 0.0000000000 0.0000000000 0.0121211993 0.0000000000 0.0000000000 0.0000000000
48.8886618383 3.6805800863 0.0077364751 0.1951014891 0.0000000000 0.0059724366 0.0073560517 0.0078340460 0.0825613748 0.0132516484 0.2492958460 0.0000000000
79.5737342630 73.3863539413 0.0077364751 0.1951014891 0.1270289738 0.0059724366 0.0073560517 0.0118623564 0.0825613748 0.0132516484 0.0102100184 0.0000000000
90.8646249907 20.9077412376 0.0778574898 0.0000000000 0.0000000000 0.0153814015 0.1852727365 0.0519216953 0.0000000000 0.0000172792 0.0000000000 0.0123791440
56.8368405905 38.7982511725 0.0000000000 0.0000000000 0.0022199375 0.0138936092 0.0000000000 0.0582240868 0.0000000000 0.0000172792 0.0606596648 0.0484118431
15.5416442102 96.1643914194 0.0589641010 0.2239778857 0.0469276526 0.0181893026 0.0000000000 0.0294850141 0.0000000000 0.0504090145 0.0000000000 0.1037592548
99.5345554277 18.1905140378 0.0000000000 0.1055297866 0.0634903763 0.0000000000 0.0000000000 0.0000000000 0.0000000000 0.1923191754 0.0787758704 0.0054782414
0.0000000000 90.8431206958 0.0000000000 0.1200113743 0.0368812485 0.0312081792 0.0345489228 0.0379786267 0.1194326248 0.1035722436 0.0000000000 0.0000000000
41.5413356900 40.2543723782 0.0448075182 0.0331212127 0.0000000000 0.0712386331 0.0727712379 0.0058017165 0.0746747824 0.0780716334 0.0000000000 0.1025070434
69.5168055643 0.0000000000 0.0000000000 0.1007031574 0.0000000000 0.0248972034 0.0727712379 0.0000000000 0.0746747824 0.0947532890 0.0767171422 0.1025070434
29.6322506160 66.7727252211 0.0000000000 0.0000000000 0.0370905914 0.0000000000 0.0076676141 0.0000836558 0.0557437711 0.1347792436 0.0708892111 0.0000000000
92.1635675543 12.6485666601 0.0045641335 0.0380438755 0.0749645736 0.0071492446 0.0166326939 0.0273980158 0.0000000000 0.0000000000 0.0228885710 0.0130487889
31.4207122049 95.5610282360 0.0114297995 0.0000000000 0.0021959316 0.0125354990 0.0657986727 0.0618333140 0.0000000000 0.0198961152 0.0311030952 0.0242994195
87.5632378456 95.5610282360 0.0005330577 0.0000000000 0.0000000000 0.0324941882 0.0331482442 0.0000000000 0.0008218332 0.0303116358 0.0000000000 0.0000000000
46.8043832548 95.5610282360 0.0236663784 0.0000000000 0.0000000000 0.0000000000 0.0000000000 0.0000000000 0.0258590680 0.0659601537 0.0056184906 0.0000000000
40.2861626632 20.8392769969 0.0242898660 0.0000000000 0.0141673900 0.0293377804 0.0357999663 0.0168135353 0.0041429136 0.0000000000 0.0007800516 0.0000000000
0.0000000000 68.1882453918 0.0129110013 0.0000000000 0.0009268604 0.0000000000 0.0131382069 0.0059756369 0.0041429136 0.0080846264 0.0000000000 0.0123076258
96.8787126377 0.0000000000 0.0042966046 0.0159466856 0.0334551135 0.0017527260 0.0000000000 0.0240112681 0.0000000000 0.0022293658 0.0000000000 0.0021665400
82.2485054561 68.7976894930 0.0466337645 0.0000000000 0.0334551135 0.0000000000 0.1008139685 0.0126466862 0.0218043990 0.0000000000 0.0000000000 0.0008946465
82.2485054561 53.5369398254 0.0000000000 0.0043941174 0.0000000000 0.0193336600 0.0000000000 0.0160336802 0.0057926356 0.0000000000 0.0000000000 0.0000000000
87.4664441729 53.5369398254 0.0087039122 0.0151351623 0.0269690916 0.0193336600 0.0000000000 0.0160336802 0.0000000000 0.0101360381 0.0119579948 0.0000000000
82.7527229104 0.0000000000 0.0014116282 0.0000000000 0.0000000000 0.0193336600 0.0000000000 0.0137652790 0.0140150879 0.0067649279 0.0042003166 0.0245815206
42.0482419345 79.5183065834 0.0000000000 0.0092187786 0.0000000000 0.0055418470 0.0000000000 0.0003114571 0.0184598665 0.0008634086 0.0081420824 0.0244405682
50.0439321211 79.5183065834 0.0000000000 0.0000000000 0.0000000000 0.0055418470 0.0000000000 0.0274867478 0.0184598665 0.0008634086 0.0081420824 0.0069394331
80.1629339855 12.9485267205 0.0047962842 0.0014702157 0.0000000000 0.0124088704 0.0080944765 0.0033515853 0.0031705356 0.0069577860 0.0000000000 0.0222563182
66.0614713671 0.0000000000 0.0093059381 0.0014702157 0.0036553054 0.0148277439 0.0000000000 0.0072054373 0.0057888160 0.0018645382 0.0000000000 0.0151628750
96.7545143815 32.2791375005 0.0047962842 0.0057088749 0.0000000000 0.0000000000 0.0442233351 0.0000000000 0.0000000000 0.0000000000 0.0019678925 0.0000000000
52.8122924276 67.5453240829 0.0000000000 0.0107873978 0.0123805607 0.0009887356 0.0093182253 0.0000000000 0.0128348556 0.0029671383 0.0027821727 0.0003148356
96.9229425031 53.5091583721 0.0068818115 0.0077745634 0.0324900197 0.0009887356 0.0093182253 0.0032700281 0.0041476438 0.0103790732 0.0027821727 0.0163378457
92.9998400761 0.0000000000 0.0000000000 0.0000000000 0.0054289408 0.0018308696 0.0065538889 0.0033130584 0.0045256421 0.0094411603 0.0021974236 0.0014658564
34.1306419176 28.0363498600 0.0001590508 0.0007647664 0.0000000000 0.0000000000 0.0000000000 0.0023259324 0.0000000000 0.0046177671 0.0038592644 0.0185688664
34.1306419176 45.5289598070 0.0001590508 0.0007647664 0.0000000000 0.0040656128 0.0000000000 0.0000000000 0.0037203462 0.0213047586 0.0120909423 0.0000000000
40.8274529483 45.5289598070 0.0001590508 0.0000000000 0.0000000000 0.0040656128 0.0169478871 0.0000000000 0.0045511348 0.0000000000 0.0120909423 0.0000000000
61.4841328141 16.3573236633 0.0089084464 0.0061527016 0.0215143463 0.0021128919 0.0135792327 0.0061231728 0.0050844835 0.0039847055 0.0149492306 0.0035074042
26.0651463911 59.5610535447 0.0050170540 0.0000000000 0.0116044120 0.0042548039 0.0186286353 0.0000000000 0.0027051301 0.0154781646 0.0028407186 0.0117286219
34.7039973542 59.5610535447 0.0000000000 0.0053644442 0.0116568286 0.0000000000 0.0000000000 0.0008965964 0.0027051301 0.0034712715 0.0011724031 0.0030158153
48.1403562098 64.2451817051 0.0050170540 0.0039778951 0.0014099014 0.0000000000 0.0000000000 0.0000000000 0.0027051301 0.0140707352 0.0000000000 0.0030158153
57.5517205107 59.5610535447 0.0050170540 0.0039778951 0.0000000000 0.0000000000 0.0000000000 0.0000000000 0.0027051301 0.0140707352 0.0000000000 0.0030158153
50.9036957594 86.7857311647 0.0088225355 0.0173553010 0.0000000000 0.0000000000 0.0000000000 0.0025830601 0.0085294082 0.0000000000 0.0000000000 0.0263101629
28.7041995471 88.1729706478 0.0068936480 0.0034969451 0.0000000000 0.0075311073 0.0000000000 0.0000000000 0.0061122894 0.0000000000 0.0030352244 0.0101782357
47.4210764342 18.8345302185 0.0039663029 0.0000000000 0.0000000000 0.0013906778 0.0054412639 0.0000000000 0.0061122894 0.0031878529 0.0013290124 0.0039804391
56.1491200720 24.7278824509 0.0000000000 0.0021015809 0.0064216333 0.0000093545 0.0000000000 0.0000000000 0.0038228668 0.0050156193 0.0010022798 0.0000000000
56.1491200720 8.1143290037 0.0000000000 0.0021015809 0.0064216333 0.0000093545 0.0078152146 0.0000000000 0.0092908742 0.0050156193 0.0010022798 0.0182846721
30.1877315139 0.0000000000 0.0016050874 0.0078591763 0.0095178179 0.0000000000 0.0014888275 0.0000000000 0.0020177258 0.0052900048 0.0070390791 0.0009289470
0.0000000000 84.9014733921 0.0000000000 0.0020370526 0.0000000000 0.0000000000 0.0000000000 0.0061941277 0.0020247017 0.0000000000 0.0014882699 0.0009289470
40.9375640288 97.5584846780 0.0006137004 0.0000000000 0.0000000000 0.0031607621 0.0082012605 0.0036421939 0.0000000000 0.0038713837 0.0015818028 0.0057262843
3.1924007234 60.8416307934 0.0000000000 0.0000000000 0.0079057511 0.0026236259 0.0004351528 0.0000000000 0.0029702129 0.0053690047 0.0005848045 0.0047925368
20.1642892634 30.1560322725 0.0000000000 0.0057737973 0.0000000000 0.0000000000 0.0008983395 0.0027576841 0.0009232620 0.0000000000 0.0028687958 0.0030035168
28.1060500183 12.7651308567 0.0026536847 0.0000000000 0.0064019200 0.0002811063 0.0001077184 0.0019426252 0.0015413968 0.0000000000 0.0018482884 0.0022532500
19.5561172158 23.4807066968 0.0027027117 0.0004512834 0.0095237248 0.0005848884 0.0000000000 0.0007081777 0.0001111760 0.0008990025 0.0009004409 0.0000000000
24.7526681273 37.5071994479 0.0000734637 0.0000000000 0.0120980269 0.0010978757 0.0013987246 0.0017602252 0.0014689528 0.0018711368 0.0000000000 0.0000000000
24.8738679759 9.2924967329 0.0012189829 0.0014860565 0.0000000000 0.0000000000 0.0011694057 0.0000000000 0.0000000000 0.0023527305 0.0000000000 0.0000000000
20.6689868934 16.9425445526 0.0003071225 0.0007161229 0.0000000000 0.0000741428 0.0000000000 0.0001010750 0.0000000000 0.0000000000 0.0000000000 0.0002023844
20.6689868934 50.8010478347 0.0003071225 0.0007161229 0.0000000000 0.0000741428 0.0000000000 0.0000994940 0.0000000000 0.0000000000 0.0000000000 0.0002023844
13.5719169974 62.2014326100 0.0001762880 0.0001318030 0.0001864602 0.0003350517 0.0002456230 0.0000429579 0.0000000000 0.0004320017 0.0000000000 0.0000983339
10.7912209471 38.1509167401 0.0003599879 0.0002233415 0.0004169180 0.0000000000 0.0000000000 0.0000142731 0.0001660620 0.0003232096 0.0000000000 0.0003422108
16.4567794243 94.1590374020 0.0001857074 0.0000963473 0.0001127460 0.0000000000 0.0000000000 0.0000000000 0.0000279146 0.0002981452 0.0000000000 0.0005462069
12.9210341537 76.1799331024 0.0000000000 0.0000000000 0.0000000000 0.0000922255 0.0000034833 0.0000582162 0.0000000000 0.0000005079 0.0000981016 0.0004280264
4.8050027290 76.1799331024 0.0000000000 0.0003006613 0.0000000000 0.0000000000 0.0000314863 0.0000582162 0.0000000000 0.0000005079 0.0001607763 0.0004280264
4.8050027290 41.5193303213 0.0000000000 0.0003006613 0.0000000000 0.0000000000 0.0000314863 0.0000582162 0.0000000000 0.0000005079 0.0001607763 0.0000000000
10.8720661170 69.5716250145 0.0000000000 0.0001416183 0.0000000000 0.0000174388 0.0001291108 0.0001151833 0.0000338614 0.0000000000 0.0000000000 0.0002529343
11.4859880742 32.1460444450 0.0000105470 0.0001489224 0.0000874445 0.0000189114 0.0000044910 0.0000903415 0.0001514444 0.0000712535 0.0001126607 0.0001692344
19.3333041049 4.1491902750 0.0003721887 0.0000918287 0.0000874445 0.0000406961 0.0000013378 0.0001151530 0.0001440412 0.0000859034 0.0000000000 0.0000696143
14.8984173397 47.3945768819 0.0000000000 0.0000908348 0.0000000000 0.0000000000 0.0001784099 0.0000169644 0.0000290296 0.0000601096 0.0000279759 0.0000000000
10.1755913178 11.4576760968 0.0000000000 0.0000000000 0.0000000000 0.0000000000 0.0000000000 0.0000169644 0.0000000000 0.0000000000 0.0000249799 0.0000000000
0.0000000000 51.4116694789 0.0001866374 0.0000163349 0.0000000000 0.0000000000 0.0000897755 0.0000169644 0.0000000000 0.0000000000 0.0000249799 0.0000352255
0.8241158362 37.5543021964 0.0000426721 0.0000000000 0.0000000000 0.0000250605 0.0000014497 0.0000086211 0.0000000014 0.0000679562 0.0000190119 0.0000947076
6.1455131509 29.5296230989 0.0000000000 0.0000037788 0.0000697026 0.0000229968 0.0000667122 0.0000114105 0.0000205893 0.0000014062 0.0000116692 0.0000000000
8.0045843581 24.1825085181 0.0000086825 0.0000037788 0.0000040864 0.0000229968 0.0000667122 0.0000074363 0.0000000000 0.0000000000 0.0000520828 0.0000393590
6.1472439344 0.0000000000 0.0000222767 0.0000195617 0.0000119624 0.0000391234 0.0000418824 0.0000088061 0.0000283307 0.0000808454 0.0000127225 0.0000101364
0.2436608572 37.3632172890 0.0000000000 0.0000000000 0.0000000000 0.0000286598 0.0000000000 0.0000023951 0.0000061476 0.0000000000 0.0000403097 0.0000000000
0.0000000000 10.0754659171 0.0000000000 0.0000000000 0.0000000000 0.0000286598 0.0000655705 0.0000023951 0.0000064351 0.0000103090 0.0000403097 0.0000000000
0.0000000000 19.4800121676 0.0000110287 0.0000088028 0.0000310231 0.0000116814 0.0000140085 0.0000043524 0.0000074819 0.0000000000 0.0000728899 0.0000000000
1.4477651277 30.0246887072 0.0000354253 0.0000000000 0.0000220465 0.0000000000 0.0000017024 0.0000069644 0.0000169489 0.0000319531 0.0000274112 0.0000570533
5.4961148615 6.6661249763 0.0000170589 0.0000171444 0.0000000000 0.0000089438 0.0000017024 0.0000005264 0.0000169489 0.0000319531 0.0000138382 0.0000000000
4.8372484967 12.7130252954 0.0000086126 0.0000066958 0.0000000000 0.0000086910 0.0000041699 0.0000128155 0.0000008151 0.0000162052 0.0000405310 0.0000000000
0.0000000000 3.6428774151 0.0000000000 0.0000146824 0.0000220058 0.0000013957 0.0000000000 0.0000302327 0.0000066550 0.0000000000 0.0000188538 0.0000000000
0.0000000000 18.6702267655 0.0000000000 0.0000000000 0.0000019295 0.0000000000 0.0000098906 0.0000069462 0.0000063092 0.0000000000 0.0000000000 0.0000000000
