66.9040250028 75.4998411964 0.0000000000 0.0000000000 0.0000000000 0.0000000000 0.0000000000 0.0000000000 0.0000000000 0.0000000000 0.0000000000 0.0000000000
30.1356062629 38.7973681388 0.0000000000 0.0000000000 0.1757658663 0.0000000000 0.0000000000 0.0000000000 0.0000000000 0.0000000000 0.0000000000 0.0000000000
59.5293667107 52.2309340877 0.0000000000 0.0000000000 0.0000000000 0.5197035131 0.0000000000 0.0000000000 0.0000000000 0.0000000000 0.0000000000 0.0000000000
59.5293667107 73.4553948799 0.0000000000 0.0000000000 0.0000000000 0.0000000000 1.6391569826 0.0000000000 0.0000000000 3.5826100216 0.0000000000 0.0000000000
28.7738569115 46.1704176658 0.0000000000 0.0000000000 0.0000000000 0.0000000000 0.0000000000 0.0000000000 0.0000000000 7.5283754398 0.0000000000 0.0000000000
22.2120337395 92.2053570369 0.0000000000 0.0000000000 0.3026127672 0.1673989142 2.5484713506 0.0000000000 0.8999997459 0.1232865704 0.0000000000 0.4640882384
86.2300907650 60.7922512467 0.2355476972 0.0000000000 0.4855882527 0.8085572705 0.0000000000 0.0000000000 2.4998781615 0.1232865704 0.0000000000 0.5921654790
53.5629598754 64.8702226484 0.0000000000 0.4133088512 1.2090948827 0.2346285093 0.8610755619 0.4289765866 0.0000000000 0.0000000000 0.1564771340 0.0000000000
12.6558324743 70.1860998852 0.0000000000 0.3283808347 0.0000000000 0.7189050334 0.6196156912 0.2849572307 0.0000000000 0.5820064243 0.3240856620 1.1710435695
49.5303863978 71.5459107871 0.3453458033 0.4676391134 0.0000000000 0.3003312093 0.3889496327 0.5176268621 0.0000000000 0.0000000000 0.7415039388 0.3282870343
49.5303863978 89.4444266866 0.3286413323 0.4676391134 0.0000000000 0.5119352472 0.3889496327 0.5176268621 0.0000000000 0.0000000000 0.2303005608 0.3282870343
65.4370214189 89.4444266866 0.6236948186 0.4676391134 0.0000000000 0.5119352472 0.3889496327 0.5176268621 0.0000000000 0.1316069884 0.2303005608 0.3282870343
79.5014158113 55.4812598918 0.3184837619 0.4643765346 0.3159520664 0.2132243070 0.3889496327 0.5539080393 0.0000000000 0.9915431179 0.0000000000 0.0000000000
70.8462436843 88.8450965445 0.0000000000 0.6017028550 0.3456469994 0.0060766946 0.3171288638 0.8084103908 1.3489359970 0.0000000000 0.8244379239 0.5605592870
93.4408244963 63.4228218701 0.1378426512 0.0000000000 0.2383190827 0.5688944455 0.0000000000 0.0721325813 0.0000000000 0.0000000000 0.3170749673 0.0000000000
93.4408244963 20.1119145849 0.1378426512 0.0000000000 0.2383190827 0.5688944455 0.0000000000 0.0721325813 0.0000000000 0.0000000000 0.3170749673 0.0000000000
93.4408244963 72.7994332332 0.3296350366 0.0000000000 0.2383190827 0.5636765317 0.0000000000 0.3760549114 0.2737221173 0.0000000000 0.3170749673 0.0000000000
93.4408244963 0.0000000000 0.1378426512 0.0019311164 0.2383190827 0.0000000000 0.0000000000 0.0000000000 0.3821812222 0.0000000000 0.3170749673 0.1782239749
70.1769992321 12.0012179882 0.1378426512 0.0000000000 0.2421018144 0.0000000000 0.7375060542 0.0000000000 0.3821812222 0.0000000000 0.1072762771 0.1782239749
0.0000000000 71.4850429033 0.0000000000 0.1695911400 0.5734019817 0.2736959331 0.2473400761 0.0000000000 0.0000000000 0.0000000000 0.6137679733 0.6115585299
74.2176845926 71.4850429033 0.1972069974 0.0000000000 0.5734019817 0.0000000000 0.6418320851 0.0000000000 0.0000000000 0.0000000000 0.0000000000 0.1481458574
21.4687247392 71.4850429033 0.0000000000 0.0000000000 0.5734019817 0.0000000000 0.2764406111 0.2043802918 0.0000000000 0.0000000000 0.0000000000 0.3522852819
49.4540868358 38.8882915306 0.0000000000 0.7521044762 0.3132070956 0.0000000000 0.4412998342 0.2601905409 0.1400448042 0.0000000000 0.0443486637 0.2288815933
28.8729492652 63.5603419219 0.0085092188 0.0231626860 0.1855287626 0.1508711809 0.4356987804 0.0000000000 0.4412289245 0.0354013780 0.0000000000 0.1157671568
46.8381917464 63.5603419219 0.1005452405 0.4545014309 0.5177347914 0.0323942135 0.0000000000 0.1297678989 0.0000000000 0.0843573110 0.1207887088 0.5942662429
78.1053736988 63.5603419219 0.1005452405 0.1543544792 0.1231771082 0.0323942135 0.0000000000 0.0000000000 0.3540640466 0.1011344104 0.1207887088 0.0935232897
90.7797006860 36.8275579865 0.1578159857 0.0000000000 0.1202544391 0.0867609276 0.0293122788 0.1529671456 0.0000000000 0.0094051196 0.0000000000 0.0000000000
83.5043168298 32.2566942623 0.0000000000 0.2056474910 0.2390201797 0.1152574618 0.0000000000 0.1648413447 0.0000000000 0.0000000000 0.0000000000 0.0263105290
7.7383508347 28.8293193093 0.2042222044 0.3781632760 0.0785738581 0.0000000000 0.1048199082 0.2094294018 0.0000000000 0.1069991455 0.0000000000 0.0752826961
92.7598598849 28.8293193093 0.0137339657 0.0079023530 0.0000000000 0.0000000000 0.0787053992 0.0141291870 0.0000000000 0.0000000000 0.0063874751 0.0122924976
0.0000000000 70.6887110585 0.0137339657 0.0079023530 0.0795052706 0.1256909502 0.0764163149 0.0141291870 0.0000000000 0.0000000000 0.0000000000 0.0122924976
24.9893733912 28.8293193093 0.2066362235 0.0578668066 0.1676302993 0.0000000000 0.0000000000 0.0141291870 0.0000000000 0.0000000000 0.2458039760 0.1480476776
0.0000000000 100.0000000000 0.0137339657 0.0079023530 0.0000000000 0.0000000000 0.0787053992 0.0141291870 0.0000000000 0.0000000000 0.1006710472 0.1475760614
76.1750766010 86.2720271100 0.0000000000 0.0000000000 0.1076832922 0.0087202506 0.0651055878 0.0000000000 0.0000000000 0.0374966385 0.0713864497 0.0000000000
76.1750766010 0.0000000000 0.0000000000 0.0000000000 0.0000000000 0.0087202506 0.0651055878 0.0000000000 0.0000000000 0.0374966385 0.0713864497 0.1216298410
18.1774701198 44.7603221980 0.0183510554 0.0000000000 0.1573737312 0.0000000000 0.2193301406 0.0277090186 0.1008871600 0.0964355158 0.0253006560 0.0000000000
98.8514663097 44.7603221980 0.0183510554 0.0000000000 0.1573737312 0.1064703260 0.2193301406 0.0784148781 0.0035773858 0.1173067246 0.0253006560 0.2260262308
98.8514663097 0.0000000000 0.0183510554 0.0000000000 0.1573737312 0.1064703260 0.2193301406 0.0784148781 0.0035773858 0.1173067246 0.0253006560 0.0000000000
98.8514663097 26.0631747975 0.2735124044 0.0000000000 0.1550445159 0.1064703260 0.1362288955 0.0784148781 0.1053428944 0.1173067246 0.0000000000 0.0000000000
98.8514663097 82.8599801922 0.0183510554 0.0000000000 0.1573737312 0.1064703260 0.3017096599 0.1173832301 0.0035773858 0.1173067246 0.0253006560 0.0722325735
40.1345421354 39.5912852060 0.1924147578 0.0000000000 0.0086893909 0.1517449196 0.0000000000 0.0365665242 0.0944917675 0.0461932700 0.1050892780 0.2559375028
40.1345421354 80.1635204399 0.1924147578 0.0151705815 0.0086893909 0.0000000000 0.0000000000 0.0365665242 0.2125082037 0.0000000000 0.0540151642 0.0914322965
40.1345421354 25.5215603612 0.0136203971 0.2118984614 0.0684653446 0.0000000000 0.0000000000 0.0050215886 0.2125082037 0.0000000000 0.0540151642 0.0914322965
40.1345421354 60.1393551714 0.0077169604 0.0151705815 0.0000000000 0.0000000000 0.0000000000 0.0102076626 0.0209652803 0.0000000000 0.0000000000 0.1643311533
30.1307203411 94.2041645742 0.1326069511 0.0151705815 0.0399418004 0.2567216529 0.0000000000 0.0096568807 0.0500901951 0.0072942061 0.0000000000 0.0000000000
7.9236355425 81.5162486630 0.0000000000 0.0151705815 0.0000000000 0.0265802641 0.0000000000 0.0518913931 0.0209652803 0.0072942061 0.0000000000 0.1643311533
15.1417954738 60.1393551714 0.0000000000 0.0151705815 0.0000000000 0.0820192727 0.0000000000 0.0518913931 0.0000000000 0.0349342183 0.0000000000 0.1643311533
24.9722762498 60.1393551714 0.0242209849 0.0151705815 0.0000000000 0.0629104751 0.0837035215 0.0000000000 0.0000000000 0.0247775625 0.1952994930 0.2133049028
9.2024614191 91.5098137717 0.0242209849 0.1094176787 0.0699301056 0.2066208592 0.0565817386 0.0000000000 0.0000000000 0.0521710534 0.1617989366 0.1029816788
54.8632652932 48.0938983971 0.0242209849 0.2472050745 0.0000000000 0.0657907781 0.0335256165 0.0000000000 0.0509893661 0.0311319363 0.0350387654 0.1029816788
54.8632652932 60.0534842757 0.0242209849 0.1258447354 0.0000000000 0.0657907781 0.0084621046 0.0000000000 0.1796766754 0.0000000000 0.4296392727 0.1029816788
54.8632652932 17.2788936656 0.0174285576 0.3562997064 0.0000000000 0.0421049562 0.0000000000 0.0535205761 0.0509893661 0.0000000000 0.0681329650 0.0160977295
0.0000000000 97.5188571940 0.0081881641 0.0000000000 0.0186883577 0.1161508392 0.1281942310 0.0000000000 0.0000000000 0.0000000000 0.1440253305 0.1448650501
92.8850126009 78.1766725776 0.0000000000 0.0000000000 0.1226484307 0.0000000000 0.0914350145 0.0196659256 0.0770560004 0.1629904690 0.0000000000 0.0775606424
14.6870124544 51.4889985708 0.2140104461 0.0373838036 0.0375842831 0.0130534588 0.1262143712 0.1141705290 0.1319087260 0.0763739729 0.0144586205 0.1663261492
86.0900173061 68.7376380260 0.2140104461 0.0000000000 0.0232450261 0.0000000000 0.0761664566 0.0238614147 0.0161937824 0.0114832507 0.0295984488 0.0059290561
0.0000000000 45.5422380754 0.2000392703 0.0280749941 0.0424656391 0.0165879747 0.0786167287 0.0945263970 0.0630825376 0.1153739371 0.0000000000 0.1452153148
0.0000000000 55.5130497386 0.0960767396 0.0280749941 0.1420448505 0.0165879747 0.0786167287 0.0729989648 0.0630825376 0.1414129118 0.1277301724 0.1452153148
92.1208216219 10.2913297010 0.0000000000 0.0280749941 0.0630914626 0.0909984460 0.0327565461 0.0000000000 0.1642389793 0.0098745208 0.0530628458 0.0184295009
47.5106541707 8.7466623006 0.0643889551 0.1310359736 0.0919607549 0.0000000000 0.0000000000 0.0784181068 0.0150041177 0.0447324358 0.0000000000 0.0000000000
47.5106541707 45.4758798773 0.0606130286 0.0000000000 0.0000000000 0.0000000000 0.0779043741 0.0000000000 0.1046638698 0.0447324358 0.0689446217 0.1108806390
61.4933799215 25.4942528465 0.0378870562 0.0135593629 0.0000000000 0.1916137184 0.0000000000 0.0899878072 0.0353433322 0.0000000000 0.0035708115 0.0459015640
76.8284307282 41.6132403429 0.1312601693 0.0261444655 0.0758215907 0.0361636174 0.0580845687 0.0000000000 0.0561737602 0.0000000000 0.0035708115 0.0255112570
0.0000000000 86.0874620641 0.1312601693 0.0261444655 0.0530746348 0.0434417902 0.1184743343 0.0000000000 0.0252888332 0.0000000000 0.0000000000 0.1516834742
63.5522025364 33.4087010346 0.0070271873 0.0238006265 0.0391539175 0.0629241892 0.1148978437 0.0000000000 0.0000000000 0.0902584495 0.0016265235 0.0098632567
97.4657542925 52.7681054591 0.0000000000 0.0238006265 0.0391539175 0.0629241892 0.1156706278 0.0531958961 0.0291148349 0.0000000000 0.0016265235 0.0290226541
13.5086653675 36.1682448069 0.0000000000 0.0238006265 0.0391539175 0.0381264134 0.0332861573 0.0167928702 0.0000000000 0.0000000000 0.0637284540 0.0809312294
28.7216390112 54.7315835185 0.0025466119 0.0000000000 0.0031953005 0.0003535585 0.0000000000 0.0225040513 0.0523356533 0.0021817100 0.0331330458 0.0000000000
76.1767965989 24.1868713314 0.0020203187 0.0262075963 0.0000000000 0.0085204548 0.0000000000 0.0000000000 0.0259067328 0.0155212509 0.0000000000 0.0429335002
80.1321052995 16.8231461645 0.0123225628 0.0145647996 0.0177474179 0.0433418753 0.0673499017 0.0000000000 0.0000000000 0.0233409926 0.0913641574 0.0322248341
74.2255128701 19.5955358160 0.0334123383 0.0000000000 0.0000000000 0.0537849999 0.0000000000 0.0000000000 0.0000000000 0.0156712236 0.0129008933 0.0178833981
82.7918524438 44.7504864959 0.0000000000 0.0887299599 0.0000000000 0.0050538788 0.0194881326 0.0399385170 0.0544746595 0.0119768232 0.0532908351 0.0132135224
82.7918524438 5.3982026275 0.0000000000 0.0422003622 0.0306872449 0.0000000000 0.0194881326 0.0399385170 0.0544746595 0.0125268370 0.0000000000 0.0132135224
35.5217442111 31.4310105378 0.0000000000 0.0287203587 0.0405159289 0.0222738909 0.0110650282 0.0051526940 0.0096561948 0.0154824632 0.0290594615 0.0350786562
57.4502843772 19.5538155923 0.0495055567 0.0287203587 0.0164278623 0.0327151505 0.0000000000 0.0000000000 0.0116833067 0.0186763472 0.0279525720 0.0057027858
37.5837974743 18.9708018069 0.0000000000 0.0087542985 0.0000000000 0.0000000000 0.0093975666 0.0122028307 0.0690722891 0.0043175796 0.0136899012 0.0000000000
65.5701873941 0.0000000000 0.0000000000 0.0087542985 0.0270128745 0.0730518047 0.0093975666 0.0260135022 0.0201708016 0.0068558067 0.0368726130 0.0014213266
44.1122733696 6.6121858429 0.0000000000 0.0000000000 0.0000000000 0.0000000000 0.0305276940 0.0190123471 0.0201708016 0.0000000000 0.0336524748 0.0014213266
77.5696480884 12.9242772584 0.0463250421 0.0060565674 0.0000000000 0.0113274207 0.0209470892 0.0000000000 0.0201708016 0.0000000000 0.0190260161 0.0238156279
45.4053929015 0.0000000000 0.0080290989 0.0087542985 0.0000000000 0.0000000000 0.0000000000 0.0055079851 0.0000000000 0.0000000000 0.0000381304 0.0173309480
73.3963965525 0.0000000000 0.0155885302 0.0000000000 0.0174022459 0.0123862800 0.0000000000 0.0078774414 0.0160231494 0.0051271324 0.0072521996 0.0000000000
0.0000000000 31.5691430625 0.0052115213 0.0132879129 0.0029288513 0.0000000000 0.0000000000 0.0255671869 0.0000000000 0.0095898287 0.0000000000 0.0000000000
17.7931396094 31.5691430625 0.0052115213 0.0130810488 0.0104658861 0.0000000000 0.0000000000 0.0255671869 0.0000000000 0.0136308982 0.0000000000 0.0000000000
50.1538972993 0.0000000000 0.0078480923 0.0000000000 0.0027051669 0.0112020466 0.0155508231 0.0146337866 0.0000000000 0.0000000000 0.0327900641 0.0000000000
13.4066827332 18.2382842397 0.0024226509 0.0000252910 0.0027051669 0.0000000000 0.0227613599 0.0302191972 0.0108965348 0.0022486641 0.0000000000 0.0032166356
63.4884516294 12.6636186707 0.0027419141 0.0091832199 0.0000000000 0.0021177047 0.0026615787 0.0000000000 0.0086885340 0.0002043724 0.0032130367 0.0000000000
5.3258883278 22.0711710266 0.0118369777 0.0010991522 0.0000000000 0.0002564114 0.0090733323 0.0000000000 0.0134572374 0.0024870981 0.0000000000 0.0021253490
24.1770333263 8.8391462668 0.0000000000 0.0121319292 0.0052259013 0.0000000000 0.0000000000 0.0065711754 0.0000000000 0.0002387046 0.0000000000 0.0035376295
34.8953108063 3.8414000445 0.0047323046 0.0000000000 0.0000000000 0.0014115995 0.0040145852 0.0023239674 0.0008110353 0.0000000000 0.0001189240 0.0004018295
29.4406107550 0.0000000000 0.0006296107 0.0004573786 0.0000000000 0.0001650889 0.0014622470 0.0007365179 0.0006284951 0.0005125370 0.0000376382 0.0007003988
10.9376082478 12.2766636860 0.0012436521 0.0000000000 0.0003930585 0.0005478863 0.0001581685 0.0002214010 0.0002118483 0.0001232842 0.0000816648 0.0000000000
16.9062566220 1.5030850371 0.0002095003 0.0000000000 0.0000000000 0.0000000000 0.0000000000 0.0001783790 0.0007175198 0.0007623265 0.0003276291 0.0002118111
22.1578410037 1.5030850371 0.0002416182 0.0000603621 0.0003310097 0.0010329127 0.0006727794 0.0000000000 0.0000672644 0.0007623265 0.0009809294 0.0008460915
18.8745278950 5.5596963461 0.0000822105 0.0000171350 0.0000396429 0.0003371055 0.0000000000 0.0000000000 0.0000000000 0.0006754364 0.0000000000 0.0002959509
12.9281382247 8.0045689221 0.0000000000 0.0000628146 0.0004397247 0.0003443431 0.0004023135 0.0004327820 0.0003707183 0.0004940659 0.0000464335 0.0001303258
8.7422177052 0.3270110760 0.0000313663 0.0000000000 0.0000374515 0.0000081414 0.0000580475 0.0000000000 0.0000394916 0.0000356800 0.0000162728 0.0000000000
5.4133425193 1.1928476178 0.0000012921 0.0000000000 0.0000010414 0.0000171583 0.0000216179 0.0000524560 0.0000067916 0.0000359786 0.0000223256 0.0000003318
2.1638882937 0.9088927082 0.0000025202 0.0000054069 0.0000037587 0.0000051257 0.0000011162 0.0000182213 0.0000148567 0.0000105582 0.0000107602 0.0000000000
2.8575585278 3.4947862170 0.0000000000 0.0000161357 0.0000061775 0.0000075103 0.0000063519 0.0000146501 0.0000093623 0.0000023832 0.0000096476 0.0000000000
0.0000000000 3.4744078485 0.0000000000 0.0000000000 0.0000000000 0.0000069844 0.0000027168 0.0000000000 0.0000233947 0.0000029005 0.0000000000 0.0000000000
