3.2798030207 0.0000600270 0.2216689395
1.9615388661 0.7305148671 0.8090930901
0.7392024388 0.2753167077 2.4869626108
2.0708194226 0.2504544815 1.1798756330
2.2049347523 0.9970175768 0.2993264477
0.5287961972 1.1601530696 1.8152478592
0.3582262311 2.6628427960 0.4807183380
1.2141448832 0.2631613279 2.0261828820
0.0000600159 1.9423747399 1.5585420014
1.1150392029 0.6203523181 1.7658062189
1.0521347475 0.8644526390 1.5843945342
1.4419349048 0.0000600166 2.0590132703
0.4052833205 0.4005181899 2.6951713480
0.4513912693 0.0000600159 3.0495225373
1.0412046749 2.1145444598 0.3452245738
0.8150111520 2.3519758893 0.3339847665
0.9888527049 1.4352637135 1.0768506699
0.5176357398 1.5725525899 1.4107802669
0.5839013405 0.7993153844 2.1177534805
2.4416625440 0.7040784409 0.3552280453
0.3014141076 2.3406489260 0.8589061742
2.0807283113 0.0000600156 1.4201719449
1.1626072684 1.8046612827 0.5336921777
0.8058443072 0.5809339732 2.1140755129
2.7543779299 0.7463909579 0.0000600130
1.6795951533 1.0101475597 0.8110996493
1.0379542673 1.6518501171 0.8111182466
1.6465792094 1.5264260641 0.3277917878
2.9141598297 0.2588448920 0.3277917308
2.2945094356 0.5527881701 0.6534067814
0.7270913218 2.1734644870 0.6001973132
0.7761790766 0.0000600047 2.7241744189
0.2631660278 2.9216939500 0.3154837676
0.0000600098 3.2154101317 0.2851978274
1.0017599049 0.0000599956 2.4981381327
0.5034790314 0.5929478414 2.4037374669
1.7103207596 1.2227503095 0.5666081558
0.0000599734 2.5576911415 0.9410979450
1.2812771425 1.1234607348 1.0944864001
0.3284297778 1.0164232666 2.1538838906
0.1437058519 0.9481951200 2.4068182386
2.3200564518 0.2581645306 0.9204986988
0.2471043524 1.7686074075 1.4830215604
0.7936537472 1.0580540289 1.6469880961
0.2602246783 0.2522247029 2.9862368758
0.4883399617 2.3881838521 0.6221599757
0.2478423519 2.1538789234 1.0969461852
1.5487569640 0.5341097077 1.4157995297
1.3469297660 2.1516734922 0.0000599697
1.3433625596 1.5639448020 0.5913557958
1.3774230569 0.4007472742 1.7204928242
1.2170566928 0.0000599697 2.2815463974
0.6935936303 1.7431678814 1.0619015451
1.1161103002 2.3824926747 0.0000599697
1.9067304505 1.3291416582 0.2627907778
1.9498410863 0.9843360128 0.5644852982
1.3692610112 1.8588357280 0.2705653884
2.5199205254 0.2955570090 0.6831833252
0.0000599696 0.2378459466 3.2607549436
2.5870061640 0.0000599696 0.9115947266
2.0798917733 0.4758797775 0.9428893088
2.9145342376 0.0000599696 0.5840666529
1.5764671841 0.1404355585 1.7817581164
0.6716133145 2.8269875747 0.0000599696
1.7926839561 1.7059169332 0.0000599696
0.9400005553 0.3162559811 2.2424043243
1.5693080038 1.9292928862 0.0000599696
0.8904698489 2.6081310402 0.0000599696
3.4985409192 0.0000599696 0.0000599696
0.0000599696 0.0000599696 3.4985409188
0.4237025665 1.9094984602 1.1654598322
0.9447044175 1.2256915823 1.3282648586
1.8291225449 0.0000599696 1.6694783440
2.6883676799 0.5536391210 0.2566540575
0.8426667169 1.8958330864 0.7601610550
2.5204324871 0.9781684018 0.0000599696
1.7636245665 0.3036503188 1.4313859728
0.0000599696 3.4985409191 0.0000599696
3.2829997693 0.2156011193 0.0000599696
1.3612125653 0.8465547892 1.2908935033
2.1570921083 1.3415087805 0.0000599696
0.2187313741 0.0147976673 3.2651318163
2.3514104531 0.0000599696 1.1471904353
1.6118133844 0.7830623108 1.1037851628
0.2437148168 0.6506503889 2.6042956540
0.3242622664 1.4818217616 1.6925768312
0.8578444045 0.8095554090 1.8312610463
0.4530354903 3.0455653998 0.0000599696
0.6270594335 1.3124721666 1.5591292591
0.0000599696 0.5569598893 2.9416410011
0.0000599696 1.6210853281 1.8775155621
0.2449606906 1.2942993354 1.9594008336
0.2322322045 3.2663686854 0.0000599696
0.0000599696 2.8119135628 0.6866873275
0.0000599696 0.8351839391 2.6634169523
3.0139556925 0.4846451988 0.0000599696
1.8306755605 0.5045381991 1.1634471023
0.0000599696 1.2635920929 2.2350087981
0.5643718525 2.0641164270 0.8701725809
0.0000599696 2.1959768546 1.3026240356
