88.0853611418 57.4570080592 0.0000000000 0.0000000000 0.0000000000 0.0000000000 0.0000000000 0.0000000000 0.0000000000 0.0000000000 0.0000000000 0.0000000000
88.0853611418 50.1858271680 0.0000000000 0.0000000000 0.0000000000 0.0602229631 0.0000000000 0.0000000000 0.0000000000 0.0000000000 0.0000000000 0.0000000000
52.8765149296 37.3984816047 4.9872977028 0.0000000000 0.0000000000 0.9693425902 1.3366644897 0.0000000000 0.0000000000 0.0000000000 0.0000000000 0.0000000000
37.5731569304 92.1736692190 0.0000000000 0.0000000000 0.0000000000 3.2913334134 0.0000000000 0.0000000000 0.0000000000 0.0000000000 0.0000000000 0.0000000000
86.8152004650 70.1987582702 0.0000000000 0.0000000000 0.0000000000 0.0000000000 0.0000000000 0.0000000000 0.0000000000 0.0000000000 0.0000000000 0.0000000000
86.8152004650 56.0759926524 0.0000000000 0.0000000000 0.0000000000 0.8467744121 0.0000000000 2.6844373232 0.0000000000 1.3615715528 7.0273634828 0.0000000000
46.8912846511 52.8893621509 0.0000000000 0.0762209538 0.0000000000 3.3596337109 3.6534927008 0.0000000000 0.0000000000 2.8776387673 0.0000000000 0.0000000000
9.6297021072 75.4924756089 0.0000000000 0.1274935525 0.0000000000 2.0268771181 0.0000000000 0.0000000000 1.0570840741 0.0000000000 1.5080084298 1.7290878058
62.1864949376 62.2192706508 1.5030790566 0.8902104739 0.0000000000 1.2849205409 0.0000000000 0.2042827328 0.0000000000 0.0000000000 0.1925092913 1.4985605278
48.8468592067 68.8523029051 1.0137776407 0.8035938310 0.0000000000 0.0000000000 0.0000000000 0.0000000000 0.0863351476 1.7872854095 1.9742890112 0.0000000000
93.4819670984 28.1492843079 0.0445105297 0.7330766777 0.0000000000 0.7201421029 0.0000000000 1.1159504098 0.0938946502 0.7279255427 0.7802311624 0.0000000000
28.8799130855 84.2335066203 1.1581048700 1.0114157052 0.0000000000 0.0000000000 0.0000000000 0.9535273704 0.0000000000 0.7279255427 0.0000000000 0.2352172757
18.1286047093 58.8330249072 0.0131571146 0.0000000000 0.0000000000 0.0044324272 0.0000000000 0.0000000000 0.0000000000 0.0189821343 0.8755003519 0.0000000000
64.1712729562 41.5323222180 0.0000000000 1.4116085803 0.2305343900 0.2812801056 0.1073521693 0.0000000000 0.0000000000 0.0000000000 0.3368288408 0.3523091336
64.1712729562 72.8390763284 0.0000000000 0.6664086555 0.0000000000 0.0000000000 0.4633427955 0.0053596698 1.1357194675 0.2139819892 0.3368288408 0.0000000000
26.7373432591 72.8390763284 0.0000000000 1.5509572471 0.0000000000 0.0000000000 0.2034065386 0.0053596698 1.1357194675 0.1699325115 0.3368288408 0.0000000000
76.1158653710 72.8390763284 0.9084011721 0.3621360703 0.0000000000 0.0000000000 0.4633427955 0.0000000000 0.1728038552 0.2139819892 1.1370296514 1.6042971460
18.1517130640 72.8390763284 0.0000000000 0.1147292228 0.0000000000 0.0000000000 0.4746371944 0.0000000000 0.1728038552 0.2139819892 0.3368288408 1.6042971460
60.9347967424 72.8390763284 0.0000000000 0.3428822490 0.0000000000 0.0000000000 0.2701884991 0.0000000000 0.1728038552 0.2139819892 0.3368288408 1.6042971460
2.7104358661 72.8390763284 0.0000000000 0.0000000000 1.2280215600 0.0000000000 0.4746371944 0.0441086899 0.1728038552 0.2139819892 0.0000000000 0.3873508728
8.7897768324 47.5945015395 0.0000000000 0.1494602866 0.1494089225 0.2484957985 0.0000000000 0.0000000000 0.3440120420 0.1043842749 0.4838381792 0.0828641137
19.2970682415 45.4686941352 0.0000000000 0.1182129773 0.5625324990 0.2440108891 0.6916650237 0.0000000000 0.0680364366 0.0401475894 0.0000000000 0.0828641137
77.4036875883 93.4510724497 0.0000000000 0.0000000000 0.0000000000 0.0772212486 0.0000000000 0.0788387658 0.1554254529 0.1865993786 0.0000000000 0.0767960241
48.9240245484 61.4921366701 0.0536302237 0.0000000000 0.0000000000 0.0000000000 0.0000000000 0.2850153613 0.0000000000 0.0570409171 0.1803094691 0.0767960241
13.1658515615 86.8301757065 0.1438428469 0.0000000000 0.2878380837 0.0000000000 0.0185479711 0.2832380224 0.4217278537 0.0000000000 0.0859141362 0.0767960241
52.2248830162 38.8867078788 0.0000000000 0.0366026927 0.0141408834 0.3606814533 0.3279639390 0.1445569531 0.0000000000 0.1497139841 0.3205236491 0.0416102995
9.5390222553 88.8051039844 0.0000000000 0.0740482903 0.0589311208 0.0000000000 0.0000000000 0.0000000000 0.0000000000 0.0000000000 0.0771871296 0.0794696364
7.2628207118 56.8082581810 0.1576247993 0.0987869108 0.3120494427 0.1104494250 0.2829718812 0.0490856051 0.1166715261 0.0000000000 0.1961812295 0.7690340672
62.7163489573 37.4228442051 0.0000000000 0.1015756292 0.3135183123 0.0092516976 0.0000000000 0.0000000000 0.0000000000 0.1592543501 0.4734934607 0.1207621135
26.7543729584 54.8307933974 0.1212627148 0.0021187364 0.0498593796 0.0000000000 0.3452104959 0.1699990244 0.0000000000 0.0364359968 0.0710452695 0.0000000000
54.8579355549 97.5135014036 0.1261770030 0.1074705325 0.1696410292 0.0000000000 0.0807607476 0.1699990244 0.0000000000 0.0401503820 0.1147934913 0.0000000000
0.0000000000 97.5135014036 0.1587295725 0.0150535187 0.1696410292 0.0000000000 0.0807607476 0.1699990244 0.0073904219 0.0401503820 0.0000000000 0.0000000000
11.4123385387 97.5135014036 0.1587295725 0.0150535187 0.1696410292 0.0217154715 0.0807607476 0.1699990244 0.0660640674 0.0000000000 0.0000000000 0.0000000000
14.8655208674 67.4695866235 0.1903375989 0.0000000000 0.0000000000 0.0000000000 0.0000000000 0.0389172946 0.0000000000 0.0258683118 0.0000000000 0.0000000000
78.1554158306 62.2502968504 0.0000000000 0.0000000000 0.0000000000 0.0000000000 0.0229856832 0.0000000000 0.0000000000 0.1580720049 0.1250355025 0.0000000000
0.0000000000 64.1198867074 0.0000000000 0.0534494950 0.0303379259 0.0000000000 0.0229856832 0.0000000000 0.0000000000 0.1580720049 0.0236760419 0.0000000000
78.1554158306 30.1434226334 0.0000000000 0.0000000000 0.0000000000 0.0000000000 0.0229856832 0.0000000000 0.0000000000 0.1580720049 0.1004470451 0.0000000000
0.0000000000 80.8630351707 0.0777479340 0.0225745469 0.0060384580 0.0000000000 0.1160697025 0.0000000000 0.0829974293 0.0550052497 0.0000000000 0.0652418554
52.7914555952 80.8630351707 0.0852706818 0.0225745469 0.0060384580 0.0000000000 0.1160697025 0.0000000000 0.0829974293 0.0550052497 0.0729084814 0.0652418554
37.4439431946 82.8916201835 0.1204407321 0.0000000000 0.0158530583 0.2067514876 0.0746464126 0.0751744924 0.0000000000 0.0881504633 0.0057879935 0.1274112216
16.9279773122 60.7415107743 0.0715021573 0.0000000000 0.1408012415 0.2067514876 0.0746464126 0.0000000000 0.0000000000 0.0607380855 0.0057879935 0.1274112216
0.0000000000 90.8578575713 0.0173991335 0.0000000000 0.0000000000 0.1536332857 0.1706468809 0.0000000000 0.0000000000 0.0242121811 0.0036747739 0.0000000000
82.7534802091 44.8688337322 0.0213152622 0.0000000000 0.0000000000 0.0000000000 0.2761804745 0.0000000000 0.0952322195 0.0242121811 0.0857339102 0.0000000000
21.5240435477 46.2403626043 0.0713264082 0.0000000000 0.0000000000 0.1610708376 0.0000000000 0.0673348400 0.0000000000 0.0194168163 0.0645244973 0.0000000000
57.5114022862 46.2403626043 0.0581178639 0.0023337607 0.0736929909 0.1610708376 0.0000000000 0.0673348400 0.0000000000 0.0194168163 0.0233737400 0.0000000000
62.9095554724 28.2103492946 0.0088618202 0.0023337607 0.0234401987 0.1010670216 0.0064363619 0.0125143914 0.0000000000 0.0000000000 0.0000000000 0.0000000000
30.8852665671 28.2103492946 0.0088618202 0.0023337607 0.0489571726 0.0541565719 0.0064363619 0.0226754295 0.0000000000 0.0056319981 0.0000000000 0.0000000000
30.8852665671 64.1992824617 0.0088618202 0.1010860621 0.0081134607 0.0541565719 0.0064363619 0.0226754295 0.0830024419 0.0056319981 0.0000000000 0.0000000000
0.0000000000 48.8375960767 0.0105175069 0.0242630585 0.0481114578 0.0000000000 0.0357222746 0.0427600890 0.0019514380 0.0236653180 0.0276225144 0.0000000000
0.0000000000 100.0000000000 0.0891814234 0.0242630585 0.0000000000 0.0370836945 0.0357222746 0.0427600890 0.0019514380 0.0236653180 0.0000000000 0.0000000000
23.5076528031 38.1544947710 0.0000000000 0.0317372571 0.0000000000 0.0000000000 0.0000000000 0.0429841567 0.0000000000 0.0095636366 0.0353947969 0.0000000000
23.5076528031 15.5045558814 0.0000000000 0.0060730821 0.0205143526 0.0457908575 0.0142158879 0.0000000000 0.0000000000 0.0000000000 0.0000000000 0.0233284124
13.3449844529 37.3968584494 0.0000000000 0.0000000000 0.0185546562 0.0000000000 0.0256267667 0.0000000000 0.0321935498 0.0229279125 0.0070183015 0.0031760681
34.0864435591 46.8462499040 0.0018357323 0.0000000000 0.0185546562 0.0000000000 0.0256267667 0.0000000000 0.0241898885 0.0229279125 0.0961622351 0.0000000000
75.5876768415 34.2441650930 0.0182020906 0.0212392530 0.0280086252 0.0229238703 0.0000000000 0.0000000000 0.0000000000 0.0214628724 0.0236186894 0.0314270205
98.2102687315 2.7286983633 0.0000000000 0.0078926947 0.0602374055 0.0395200440 0.0368588140 0.0000000000 0.0093199229 0.0132307401 0.0168317669 0.0000000000
98.2102687315 12.1573301957 0.0062316266 0.0000000000 0.0250235242 0.0013335345 0.0214162309 0.0048712427 0.0000000000 0.0155474831 0.0159862851 0.0000000000
52.9196008145 24.7936296666 0.0260610833 0.0087647592 0.0000000000 0.0000000000 0.0118008501 0.0000000000 0.0040051626 0.0048579234 0.0038785979 0.0249782965
12.1284705213 50.2127624904 0.0084136621 0.0000000000 0.0045844289 0.0000000000 0.0558511237 0.0022988753 0.0150718554 0.0076888525 0.0046310685 0.0095435345
88.1804215154 14.9574171840 0.0269355402 0.0032487909 0.0000000000 0.0063788692 0.0566764984 0.0198216234 0.0006599761 0.0137680329 0.0180533286 0.0000000000
88.1804215154 21.4202027350 0.0269355402 0.0000000000 0.0000000000 0.0217562575 0.0225658933 0.0000000000 0.0111626205 0.0040962001 0.0209246005 0.0000000000
88.1804215154 34.1272591887 0.0269355402 0.0000000000 0.0097767871 0.0127084191 0.0225658933 0.0000000000 0.0066228226 0.0137680329 0.0082623170 0.0000000000
0.0000000000 34.1272591887 0.0269355402 0.0000000000 0.0097767871 0.0127084191 0.0627161689 0.0000000000 0.0312561770 0.0000000000 0.0082623170 0.0415611376
26.3218407363 27.5020876233 0.0000000000 0.0044326225 0.0045353780 0.0022389823 0.0115607850 0.0112062481 0.0602614900 0.0146920939 0.0229364593 0.0000000000
60.1730253037 0.0000000000 0.0006214044 0.0000000000 0.0022691638 0.0044453293 0.0021023826 0.0012470891 0.0000000000 0.0020414579 0.0000000000 0.0000000000
60.1730253037 9.3040682576 0.0006214044 0.0057248065 0.0022691638 0.0391889979 0.0021023826 0.0012470891 0.0000000000 0.0000000000 0.0000000000 0.0036445280
42.1382488373 8.7607304980 0.0046786305 0.0075696878 0.0000000000 0.0000000000 0.0138564534 0.0059155204 0.0191526005 0.0094437046 0.0000000000 0.0116878383
71.5392905984 11.1352204040 0.0000000000 0.0000000000 0.0009588416 0.0023692495 0.0016927061 0.0049094766 0.0007597365 0.0000000000 0.0012718713 0.0000000000
72.8535570683 16.8848231052 0.0000000000 0.0000000000 0.0010160529 0.0028526037 0.0036106329 0.0005957141 0.0007597365 0.0000000000 0.0000000000 0.0033758697
72.8535570683 6.0951256705 0.0000000000 0.0055480902 0.0015622628 0.0028526037 0.0000000000 0.0002320635 0.0007597365 0.0000000000 0.0053267677 0.0000000000
82.2041928976 20.8949379241 0.0000000000 0.0000000000 0.0006655397 0.0039037713 0.0027372111 0.0013717135 0.0001038164 0.0000000000 0.0017280619 0.0130076336
47.5580301245 20.8949379241 0.0006729032 0.0000000000 0.0000000000 0.0039037713 0.0027372111 0.0075165609 0.0001038164 0.0000000000 0.0005529320 0.0130076336
82.2041928976 5.3197203415 0.0000000000 0.0000000000 0.0006655397 0.0039037713 0.0052364205 0.0013717135 0.0034688723 0.0000000000 0.0017280619 0.0130076336
36.1264460332 16.8068288458 0.0001560124 0.0000000000 0.0010331916 0.0022839655 0.0028720629 0.0000000000 0.0004418993 0.0008298873 0.0000000000 0.0051007384
58.1588799047 15.4607915155 0.0025005443 0.0016598441 0.0008381940 0.0000000000 0.0000000000 0.0000004795 0.0005280072 0.0000000000 0.0006975635 0.0000000000
52.7480679390 0.0000000000 0.0000000000 0.0004598503 0.0013124314 0.0016754139 0.0000000000 0.0000000000 0.0005227819 0.0000000000 0.0008359783 0.0000000000
88.2351399511 7.4617702965 0.0000000000 0.0026300365 0.0000000000 0.0007971373 0.0000000000 0.0003213603 0.0000000000 0.0000000000 0.0017520434 0.0000000000
36.8333061297 25.4010789696 0.0000000000 0.0000000000 0.0000000000 0.0022233046 0.0012993343 0.0002632674 0.0012134121 0.0017968553 0.0012321478 0.0000000000
48.1088451358 5.7937793579 0.0000000000 0.0000000000 0.0000000000 0.0000000000 0.0012836104 0.0000000000 0.0003051018 0.0007006052 0.0000000000 0.0000000000
48.1088451358 8.8823991938 0.0000000000 0.0000000000 0.0002850722 0.0000000000 0.0004362703 0.0002115641 0.0005787366 0.0000000000 0.0010723657 0.0001552545
28.8018586506 14.8719015478 0.0012253941 0.0003305347 0.0000120030 0.0007279767 0.0003237753 0.0000788101 0.0008709990 0.0001039424 0.0004580207 0.0000000000
34.1456144690 5.9948870034 0.0002775430 0.0007576340 0.0001987457 0.0001000335 0.0002615046 0.0002850641 0.0008159417 0.0000000000 0.0000000000 0.0000000000
28.9008292889 0.0000000000 0.0000000000 0.0001334343 0.0005046239 0.0000000000 0.0000545071 0.0001033049 0.0000000000 0.0001722751 0.0001273448 0.0001233425
13.5814870570 16.7004110419 0.0002761669 0.0000707928 0.0000000000 0.0000347622 0.0000664906 0.0001381640 0.0002175960 0.0003244162 0.0001482377 0.0003965860
21.4536440930 17.0004517556 0.0001721358 0.0001658775 0.0001585255 0.0001312453 0.0001887778 0.0000356206 0.0001708060 0.0002682810 0.0000000000 0.0000000000
21.4536440930 0.0000000000 0.0001079858 0.0001163395 0.0001585255 0.0002018032 0.0000599788 0.0000000000 0.0001708060 0.0002682810 0.0000000000 0.0000906413
6.0368526252 20.7561558273 0.0000000000 0.0000000000 0.0000443588 0.0000419877 0.0000000000 0.0000000000 0.0000000000 0.0000000000 0.0000282816 0.0000000000
14.2723486009 10.8474201979 0.0000000000 0.0001307154 0.0000204695 0.0000000000 0.0000580084 0.0000189534 0.0000000000 0.0000000000 0.0000000000 0.0000000000
26.1960653398 5.7073856864 0.0000000000 0.0001838294 0.0000070171 0.0001144858 0.0000541618 0.0000000000 0.0000000000 0.0000000000 0.0000000000 0.0000342388
20.1694553515 6.1519053255 0.0000658342 0.0000450342 0.0000839704 0.0001333920 0.0000000000 0.0000109507 0.0000000000 0.0000000000 0.0000000000 0.0001112281
12.2196358918 3.4008369536 0.0000000000 0.0000109597 0.0000805303 0.0000647121 0.0000000000 0.0000000000 0.0000183542 0.0000282797 0.0000285196 0.0000789345
6.1606153220 9.4622668463 0.0000771303 0.0001731698 0.0000805303 0.0000000000 0.0000000000 0.0000333650 0.0001285913 0.0000349815 0.0000190062 0.0000957685
9.5888122026 0.0000000000 0.0000325245 0.0000781641 0.0000286456 0.0000205417 0.0000000000 0.0000543244 0.0000000000 0.0000552243 0.0000358512 0.0000279679
18.7469178091 0.0000000000 0.0001391898 0.0000468257 0.0000609373 0.0000138468 0.0000028362 0.0000000000 0.0001616753 0.0000202047 0.0000000000 0.0000000000
0.0000000000 12.2904178708 0.0000000000 0.0000000403 0.0000007895 0.0000003057 0.0000004870 0.0000000000 0.0000000000 0.0000000000 0.0000000000 0.0000003489
1.4638671145 6.7616342861 0.0000000579 0.0000000000 0.0000000178 0.0000000380 0.0000000000 0.0000000219 0.0000000000 0.0000000197 0.0000000238 0.0000000410
0.4580008624 4.1602915674 0.0000000000 0.0000000000 0.0000000037 0.0000000102 0.0000000383 0.0000000021 0.0000000180 0.0000000072 0.0000001028 0.0000000000
0.0889935810 2.0114147347 0.0000000313 0.0000000048 0.0000000092 0.0000000023 0.0000000000 0.0000000009 0.0000000000 0.0000000305 0.0000000233 0.0000000014
2.2201627449 0.8243539357 0.0000000000 0.0000000024 0.0000000000 0.0000000253 0.0000000025 0.0000000022 0.0000000069 0.0000000221 0.0000000034 0.0000000017
2.1634782887 2.7052934044 0.0000000010 0.0000000000 0.0000000132 0.0000000008 0.0000000008 0.0000000022 0.0000000053 0.0000000000 0.0000000011 0.0000000000
