0.0000000000 84.1926891750 0.0000000000 0.0000000000 0.0000000000 0.0000000000 0.0000000000 0.0000000000 0.0000000000 0.0000000000 0.0000000000 0.0000000000
32.8347317497 84.1926891750 0.0000000000 0.0000000000 0.0000000000 0.0000000000 0.0000000000 0.0000000000 0.0000000000 0.0000000000 0.0000000000 0.0000000000
75.4486913563 84.1926891750 0.0000000000 0.0000000000 0.0000000000 0.0000000000 0.0000000000 0.0000000000 0.0000000000 0.0000000000 0.0000000000 0.0000000000
98.1165159420 79.4367790943 0.0000000000 0.0000000000 0.0000000000 0.0000000000 0.0000000000 0.0000000000 0.0000000000 0.0000000000 0.0000000000 0.0000000000
27.4630971367 98.8806825152 0.0000000000 0.0000000000 0.0000000000 0.0000000000 0.0000000000 0.0000000000 0.0000000000 0.0000000000 0.0000000000 0.0000000000
70.7626272708 70.8113880238 5.4365205858 0.0000000000 0.0000000000 0.0000000000 0.0000000000 0.0000000000 0.0000000000 0.0000000000 0.0000000000 0.0000000000
88.8450369845 70.8113880238 0.0000000000 0.0000000000 0.0000000000 0.0000000000 0.0000000000 0.0000000000 0.0000000000 0.0000000000 0.0000000000 0.0000000000
38.1594567321 70.8113880238 0.0000000000 0.0000000000 0.0000000000 0.0000000000 0.0000000000 0.0000000000 0.0000000000 0.0000000000 0.0000000000 12.4332505452
28.9806351264 70.8113880238 0.0000000000 0.0000000000 0.0000000000 0.0000000000 0.0000000000 0.0000000000 0.0000000000 0.0000000000 0.0000000000 0.0000000000
66.1061970961 56.1697833248 0.0000000000 0.0000000000 0.0000000000 0.0000000000 0.0000000000 0.0000000000 0.0000000000 0.0000000000 0.0000000000 0.0000000000
77.4351468835 39.4919230960 0.0000000000 0.0000000000 0.0000000000 0.0000000000 0.0000000000 0.0000000000 0.0000000000 0.0000000000 0.0000000000 0.0000000000
56.8959880405 90.1169547698 0.0000000000 2.0882086898 0.0000000000 0.0000000000 0.0000000000 0.0000000000 4.2827464827 0.0000000000 0.0000000000 0.0000000000
56.8959880405 73.4864344065 0.0000000000 0.7440606286 0.0000000000 0.0000000000 0.0000000000 0.0000000000 4.2827464827 0.0000000000 2.8234214044 0.0000000000
89.4938865497 45.4969100508 0.0000000000 0.7440606286 0.0000000000 0.0000000000 0.0000000000 0.0000000000 4.2827464827 0.0000000000 0.0000000000 0.0000000000
93.4885857117 18.3256158683 0.0000000000 0.3213613030 0.0000000000 0.0000000000 0.4718814684 0.0000000000 0.0000000000 0.0000000000 0.0000000000 0.0000000000
31.4584500597 56.8150835242 0.0000000000 0.0000000000 2.7345613531 0.0000000000 0.0000000000 0.0000000000 0.0000000000 0.9835937352 0.7338341653 0.3753227913
50.8658646768 41.4944075504 0.0000000000 0.0000000000 0.0000000000 0.0000000000 0.0000000000 0.7240983931 1.1815066912 0.0264209145 0.6532096513 0.1445295704
33.4929027607 9.9849070075 0.5429141718 0.0000000000 0.0443397229 0.0000000000 0.0044203006 0.6137060540 0.0000000000 0.0000000000 0.0000000000 0.9476850875
33.4929027607 33.4743005083 0.5429141718 0.0000000000 0.0816268913 0.0000000000 0.0044203006 0.6137060540 0.0000000000 0.3071942526 0.0000000000 0.4803486807
74.1972968864 98.8200072202 0.4302781955 0.0000000000 0.3787341622 0.1001144775 0.0000000000 0.6016771618 0.7187219977 0.0000000000 0.0000000000 0.1477959098
80.8358202759 74.2134729050 0.3632520292 0.1262046466 0.2983510189 0.1001144775 0.0000000000 0.0000000000 0.2292436213 0.1790656725 0.0000000000 0.4153770389
21.5003985900 63.4502862837 0.0000000000 0.1866030389 0.0000000000 0.0000000000 0.3714815712 0.0000000000 0.0703294899 0.0000000000 0.0000000000 0.0000000000
70.1972160210 48.1220724521 0.0000000000 0.1866030389 0.0000000000 0.0000000000 0.2144970003 0.0000000000 0.0703294899 0.0000000000 0.0000000000 0.0000000000
62.0952599770 33.5274402380 0.2977329758 0.0000000000 0.3345382576 0.8825541320 0.2972012855 0.4947224153 0.0703294899 0.0000000000 0.3501925970 0.0000000000
35.5627791619 46.8348840933 0.1897345345 0.0309848097 0.0000000000 0.3438450080 0.0000000000 0.2258314561 0.2290868058 0.4552919951 0.4938257466 0.0000000000
81.5183885337 29.5266991248 0.0000000000 0.2786496937 0.0000000000 0.1469283418 0.1153027265 0.0844434362 0.1312561457 0.0236065958 0.0774015412 0.0759290345
30.8395298010 76.2281019633 0.0000000000 0.3328027718 0.0000000000 0.3873066706 0.0000000000 0.0000000000 0.1312561457 0.0000000000 0.1702394725 0.2747343324
58.1533406779 72.8504943933 0.0000000000 0.0000000000 0.2569578003 0.1422654747 0.2172520087 0.1052810549 0.0000000000 0.0000000000 0.1703892633 0.1315510895
86.0523631668 72.8504943933 0.0000000000 0.2928844335 0.0000000000 0.1003016139 0.0358799336 0.0000000000 0.0000000000 0.0121886109 0.2711282923 0.4529868187
5.4069982129 90.1717769550 0.3023731893 0.0000000000 0.0000000000 0.4172389316 0.0000000000 0.0000000000 0.0811726557 0.1653964799 0.1410990542 0.1396773682
51.4865434485 66.9251830538 0.1842754225 0.1306990393 0.0000000000 1.0127161453 0.1338303800 0.0000000000 0.6082591700 0.0753185271 0.2684981003 0.1692506026
41.5283364374 48.8837546564 0.1129596538 0.1000476322 0.0660365028 0.0000000000 0.0000000000 0.0000000000 0.1995285660 0.0000000000 0.0090476994 0.1100532328
61.4502855275 79.4561885929 0.0872709889 0.0000000000 0.0387622222 0.0000000000 0.0484213119 0.0595981252 0.4105059646 0.0009271987 0.0000000000 0.2627184218
61.4502855275 88.2140886612 0.1131646179 0.1837471928 0.1176283601 0.0000000000 0.0484213119 0.0595981252 0.2550215755 0.0009271987 0.0000000000 0.1754815100
26.8856467667 83.5287882916 0.0000000000 0.0188525328 0.0609428872 0.0000000000 0.0000000000 0.0661314974 0.1446083959 0.0611579281 0.0000000000 0.0000000000
43.5106194866 0.0000000000 0.0831494884 0.0000000000 0.1470340113 0.0000000000 0.0357281315 0.0000000000 0.0731246067 0.0064297936 0.0404109423 0.0000000000
43.5106194866 71.5402976840 0.1444797667 0.0000000000 0.0000000000 0.0752239715 0.1123157792 0.0000000000 0.0000000000 0.0469100055 0.0707554190 0.0040440276
43.5106194866 41.5666188896 0.0533428182 0.0000000000 0.0000000000 0.0752239715 0.0357281315 0.0000000000 0.0276370495 0.0187248108 0.1608090060 0.0040440276
43.5106194866 84.0818851646 0.0533428182 0.0000000000 0.0000000000 0.0752239715 0.0357281315 0.1211513960 0.1985611638 0.0187248108 0.1334174278 0.0954596197
65.4506783837 96.8055115916 0.0733581581 0.0311937105 0.0793021255 0.0622611305 0.0228700079 0.0558058460 0.0023627909 0.0301590130 0.0242214840 0.0676629813
0.0000000000 96.8055115916 0.0012939026 0.0015957265 0.0048158009 0.0088262360 0.0228700079 0.0223452665 0.0023627909 0.0862472406 0.0242214840 0.0054383427
25.6288660258 94.8660989452 0.0235686316 0.0518019988 0.1053734086 0.0349113683 0.1139722411 0.0000000000 0.0000000000 0.0632741776 0.0000000000 0.0054383427
24.8722687317 56.9229756594 0.0060295385 0.0518019988 0.0507103320 0.0172121890 0.0081044418 0.0000000000 0.0655934722 0.0164520711 0.0000000000 0.0054383427
46.7581727220 91.4303004065 0.0042008002 0.0000000000 0.0017011836 0.0172121890 0.0000000000 0.0337904255 0.0655934722 0.0856848757 0.0245732663 0.0278575587
39.5017933528 14.0135574337 0.0438098429 0.0011893692 0.0000000000 0.0020581596 0.0000000000 0.1093049346 0.0223824163 0.0410103802 0.0550775153 0.0219987140
88.2124596235 16.6658051684 0.0010203726 0.0000000000 0.0003500136 0.0000000000 0.0187786329 0.0000000000 0.0000000000 0.0000000000 0.0000000000 0.0290275763
96.2457270117 38.8297186549 0.0333395535 0.0000000000 0.0396585368 0.0000000000 0.0000000000 0.0362805274 0.0788116353 0.0000000000 0.0000000000 0.0000000000
56.7868072090 9.4194302365 0.0000000000 0.0000000000 0.1084136453 0.0830030407 0.0236606341 0.0000000000 0.0986509005 0.0578727072 0.0095032182 0.0410510465
56.7868072090 60.8991133582 0.0000000000 0.0000000000 0.0229639245 0.0027790097 0.0236606341 0.0000000000 0.0920181866 0.0341816693 0.0095032182 0.0000000000
67.4364610684 6.6922473615 0.0717204613 0.0486020412 0.0056886525 0.0918880783 0.0582629887 0.0214282957 0.0520549144 0.0006933206 0.0379750306 0.0000000000
53.4584434632 30.2827529299 0.0127484508 0.0254407946 0.0299228227 0.0045732653 0.0000000000 0.1239578071 0.0000000000 0.0000000000 0.0146406569 0.0004241678
46.0999557018 57.5208465946 0.0127484508 0.0651011468 0.0299228227 0.0000000000 0.0068839518 0.0012766761 0.0016991683 0.0000000000 0.0527945277 0.0282454171
42.1808123384 34.2050767561 0.0127484508 0.0000000000 0.0299228227 0.0000000000 0.0068839518 0.0012766761 0.0016991683 0.0000000000 0.0000000000 0.0000000000
71.5441808417 20.1829059344 0.0260998437 0.0665257061 0.0139415832 0.0809146115 0.0034068665 0.0000000000 0.0022016289 0.0084184996 0.0000000000 0.0000000000
71.5441808417 34.1009854292 0.0000000000 0.0665257061 0.0139415832 0.0000000000 0.0034068665 0.0940220628 0.0022016289 0.0026398853 0.0163645221 0.0093317342
48.8825382779 5.5687021718 0.0000000000 0.0039297863 0.0000000000 0.0000000000 0.0000000000 0.0139309448 0.0000000000 0.0037766500 0.0004287048 0.0192915948
76.0964924646 81.5845264566 0.0374896229 0.0094938383 0.0000000000 0.0245522040 0.0136664178 0.0000000000 0.0000000000 0.0029897231 0.0180327642 0.0000000000
73.5177693935 57.4717501199 0.0072496453 0.0094938383 0.0000000000 0.0300010212 0.0136664178 0.0000000000 0.0000000000 0.0000000000 0.0000000000 0.0000000000
43.4451455260 21.5173976341 0.0392247134 0.0000000000 0.0000000000 0.0300010212 0.0074951674 0.0000000000 0.0567776192 0.0051183015 0.0048271979 0.0118988596
86.2553765166 0.0000000000 0.0053153548 0.0000000000 0.0473772368 0.0136673216 0.0054374591 0.0000000000 0.0155290977 0.0000000000 0.0048271979 0.0211268832
60.1870531626 38.8117122019 0.0148116901 0.0035777894 0.0000000000 0.0000000000 0.0034924038 0.0155354938 0.0000000000 0.0090180483 0.0012105175 0.0135031016
60.1870531626 50.7386102199 0.0148116901 0.0035777894 0.0000000000 0.0000000000 0.0034924038 0.0000000000 0.0000000000 0.0090180483 0.0012105175 0.0135031016
60.1870531626 0.0000000000 0.0013431737 0.0022395861 0.0079128593 0.0000000000 0.0072436147 0.0000000000 0.0000000000 0.0090180483 0.0050599704 0.0135031016
77.6007777101 0.0000000000 0.0000000000 0.0022395861 0.0076773746 0.0000000000 0.0064087999 0.0000000000 0.0000000000 0.0090180483 0.0050599704 0.0339343222
52.7370774917 0.0000000000 0.0000000000 0.0158220308 0.0079128593 0.0000000000 0.0079086822 0.0000000000 0.0170097178 0.0090180483 0.0074007914 0.0000000000
94.0930116424 30.8581482112 0.0188778235 0.0079650836 0.0043597902 0.0000000000 0.0013329874 0.0000000000 0.0201045732 0.0000000000 0.0081038419 0.0138615532
30.3176575191 28.2538775622 0.0000000000 0.0003755868 0.0000000000 0.0000000000 0.0011475065 0.0000000000 0.0058821964 0.0090864368 0.0021382888 0.0096060374
13.0282985162 66.8357167654 0.0134218794 0.0149185740 0.0019431323 0.0222254088 0.0049754107 0.0000000000 0.0224506371 0.0010266578 0.0133433548 0.0020604634
50.7841939132 15.6201451411 0.0416574463 0.0164475651 0.0019431323 0.0222254088 0.0049754107 0.0267469014 0.0000000000 0.0119022499 0.0133433548 0.0020604634
28.2733348807 16.8057017201 0.0037058400 0.0002019146 0.0181597116 0.0024050110 0.0000000000 0.0091887086 0.0000000000 0.0073449406 0.0039215766 0.0215318710
54.0898854138 56.7123613613 0.0000000000 0.0000000000 0.0000000000 0.0018929594 0.0072655448 0.0072019774 0.0000000000 0.0023526202 0.0000000000 0.0000000000
16.9625220771 79.4761933736 0.0000000000 0.0000000000 0.0000000000 0.0000000000 0.0029403919 0.0000000000 0.0000000000 0.0000000000 0.0024269457 0.0000000000
16.0891059641 50.1599256235 0.0000000000 0.0000000000 0.0000000000 0.0025103330 0.0000000000 0.0000000000 0.0055404232 0.0097785570 0.0067169043 0.0066188197
14.9231104909 87.4744037302 0.0104608714 0.0066216154 0.0000000000 0.0055430647 0.0145143427 0.0110587678 0.0215223397 0.0000000000 0.0000000000 0.0000000000
25.6246252618 8.8694371232 0.0000000000 0.0000000000 0.0000000000 0.0201571284 0.0000000000 0.0000000000 0.0165041479 0.0036185070 0.0000000000 0.0024921106
24.2559868448 39.4832208905 0.0000000000 0.0051704108 0.0161285071 0.0050747232 0.0000000000 0.0057673258 0.0218840806 0.0000000000 0.0046076992 0.0046937180
13.4481071046 27.6295723004 0.0000000000 0.0054798476 0.0000000000 0.0113233876 0.0027335643 0.0021652103 0.0093741833 0.0017443779 0.0000000000 0.0069992861
25.3837910629 0.0000000000 0.0013317758 0.0025866836 0.0000000000 0.0051981825 0.0044636851 0.0016485686 0.0007629382 0.0006634672 0.0036033423 0.0014458921
33.4912729566 1.6912645572 0.0000000000 0.0004602712 0.0000000000 0.0089265559 0.0033092308 0.0048617483 0.0000000000 0.0000000000 0.0050027277 0.0004658070
7.5572900794 82.8867300933 0.0000000000 0.0023725101 0.0071397040 0.0005746675 0.0000000000 0.0021584788 0.0035316382 0.0014874824 0.0051331954 0.0075867851
7.8810799429 74.1569782099 0.0046774699 0.0006710706 0.0027511400 0.0110516293 0.0000000000 0.0000000000 0.0075150889 0.0000000000 0.0014369689 0.0014785013
0.0000000000 60.8028099091 0.0010750070 0.0000000000 0.0009394338 0.0000000000 0.0000000000 0.0000000000 0.0000041771 0.0009459553 0.0012853810 0.0006201447
0.0000000000 75.5755190690 0.0008481503 0.0000000000 0.0004189209 0.0033682975 0.0000000000 0.0018733551 0.0008720629 0.0019948563 0.0000000000 0.0019860274
0.4015567387 67.4809002028 0.0003100910 0.0004456697 0.0002253964 0.0000000000 0.0000048205 0.0006806790 0.0001248549 0.0007975816 0.0001510821 0.0008922357
8.7291911590 32.9058958808 0.0000110046 0.0000000000 0.0003667135 0.0003960509 0.0002669342 0.0000000000 0.0000000000 0.0000962748 0.0000000000 0.0006851046
2.2625890216 53.5174288265 0.0000372044 0.0003574682 0.0000000000 0.0000491115 0.0008167704 0.0003063785 0.0008642213 0.0009889708 0.0000000000 0.0004874108
1.9103666770 37.5132873164 0.0002032327 0.0003998789 0.0002180208 0.0001724112 0.0001709846 0.0001573661 0.0001877734 0.0000316032 0.0000000000 0.0001972511
0.0000000000 32.7735037695 0.0001706714 0.0000634884 0.0000619037 0.0000918727 0.0001176268 0.0001298793 0.0001597899 0.0000811867 0.0000322493 0.0002765927
0.0000000000 44.1813643151 0.0000000000 0.0000000000 0.0000640056 0.0001063220 0.0000000000 0.0001804436 0.0002406612 0.0000745288 0.0001602403 0.0000000000
5.6928366292 44.1406274593 0.0000015358 0.0000933218 0.0001864974 0.0000000000 0.0000000000 0.0001086583 0.0000000000 0.0001988533 0.0000000000 0.0003647412
2.5807905763 22.1826094496 0.0000579170 0.0000309606 0.0000284491 0.0000292594 0.0001281095 0.0000292724 0.0000000000 0.0000596509 0.0000000000 0.0000000000
9.4572376829 14.8583322745 0.0000101974 0.0000186137 0.0000000000 0.0000057709 0.0000000000 0.0000002618 0.0000246454 0.0000000000 0.0000194902 0.0000000000
2.0338738611 14.8583322745 0.0000101974 0.0000186137 0.0000049255 0.0000633176 0.0000138168 0.0000002618 0.0000246454 0.0000000000 0.0000256254 0.0000000000
14.0950642958 4.2350213947 0.0000275939 0.0000418283 0.0000029717 0.0000084209 0.0000000000 0.0000132666 0.0000000000 0.0000000000 0.0000180127 0.0000022717
9.5299708948 2.1188959679 0.0000167993 0.0000045720 0.0000134436 0.0000037167 0.0000000000 0.0000333923 0.0000183776 0.0000525692 0.0000072294 0.0000000000
0.0000000000 8.1593511153 0.0000000000 0.0000016570 0.0000000000 0.0000021569 0.0000115202 0.0000098837 0.0000215288 0.0000000000 0.0000000000 0.0000123194
6.0311898093 4.8541632944 0.0000185278 0.0000107406 0.0000120664 0.0000025045 0.0000000000 0.0000158061 0.0000097673 0.0000450065 0.0000093233 0.0000108771
0.0000000000 1.3883697142 0.0000047420 0.0000039326 0.0000068602 0.0000025045 0.0000000000 0.0000010306 0.0000151772 0.0000065820 0.0000000000 0.0000000000
5.6294732312 0.2095337015 0.0000145019 0.0000067853 0.0000021267 0.0000051482 0.0000235274 0.0000210268 0.0000000000 0.0000045322 0.0000001977 0.0000315931
2.1538637232 4.1097137073 0.0000038792 0.0000025114 0.0000000000 0.0000000000 0.0000022608 0.0000000000 0.0000099166 0.0000170420 0.0000000000 0.0000000000
