1.0000000000 1.0000000000 0.6979692657 0.6977845353 0.6954921330 0.5005539334 0.4969834915 0.5006288541 0.4987739782 0.4970828114 0.4998721454 0.6008904269
0.0000000001 0.6437753310 0.5000062040 0.4999826079 0.4999999479 0.4999915994 0.5000013583 0.4999731247 0.4000503395 0.4000511829 0.4999999785 0.5000001537
0.0000000001 0.6578794897 0.5000062040 0.4999826079 0.4999999638 0.5000007088 0.5000013596 0.4999731115 0.4000506422 0.4000511960 0.4999999794 0.5000000883
0.0000000001 0.9792880685 0.5000062040 0.5000082889 0.4999999638 0.5000007689 0.5000011398 0.4999731491 0.4000506422 0.4000511880 0.4999999794 0.5000000998
0.0000000001 0.2799428481 0.5000062040 0.5000082889 0.5000000039 0.5000007689 0.5000011398 0.4999731477 0.4000506514 0.4000511922 0.4999999935 0.5000000998
0.0000000001 0.6781749282 0.5000062040 0.5000082889 0.5000000199 0.5000007689 0.5000011398 0.4999731092 0.4000506422 0.4000511922 0.4999999794 0.5000000998
0.0000000001 0.4921375554 0.5000062040 0.5000082889 0.4999999539 0.5000007689 0.5000010996 0.4999730963 0.4000506147 0.4000511931 0.4999999794 0.5000001002
0.0000000001 0.7501626403 0.5000062040 0.5000082889 0.5000000416 0.4999998387 0.5000010396 0.4999731468 0.4000505053 0.4000511977 0.4999999700 0.5000000998
0.0000000001 0.6863161712 0.5000062040 0.4999929856 0.4999999559 0.4999998387 0.5000015931 0.4999731468 0.4000498254 0.4000511852 0.4999999892 0.5000000726
0.0000000001 0.2129818678 0.5000062040 0.4999929856 0.5000000123 0.4999998387 0.5000013803 0.4999731652 0.4000505100 0.4000511923 0.4999999836 0.5000000726
0.0000000001 0.5114050145 0.5000062040 0.4999929856 0.5000000123 0.4999998387 0.5000010164 0.4999731652 0.4000505552 0.4000511809 0.4999999892 0.5000000989
0.0000000001 0.4727873865 0.5000062040 0.4999929856 0.5000000233 0.4999998387 0.5000012797 0.4999731089 0.4000505552 0.4000511985 0.4999999892 0.5000000913
0.0000000001 0.6947581983 0.5000062040 0.4999814263 0.5000000233 0.4999963076 0.5000012797 0.4999731089 0.4000506810 0.4000511985 0.4999999894 0.5000000913
0.0000000001 0.7055253641 0.5000062040 0.4999814263 0.5000000235 0.4999963076 0.5000011560 0.4999731445 0.4000502841 0.4000511732 0.4999999828 0.5000000658
0.0000000001 0.6357676935 0.5000062040 0.4999826371 0.5000000235 0.5000023605 0.5000011001 0.4999731398 0.4000506245 0.4000511923 0.4999999797 0.5000000658
0.0000000001 0.5359581697 0.5000062040 0.5000043750 0.5000000320 0.5000001720 0.5000013978 0.4999731616 0.4000509014 0.4000511963 0.4999999718 0.5000000914
0.0000000001 0.4819542133 0.5000062040 0.5000042536 0.5000000121 0.4999999679 0.5000011602 0.4999731857 0.4000504418 0.4000512099 0.4999999619 0.5000000914
0.0000000001 0.3132180456 0.5000062040 0.5000040907 0.5000000532 0.4999990166 0.5000010646 0.4999731646 0.4000504854 0.4000511752 0.4999999866 0.5000000977
0.0000000001 0.7894587972 0.5000062040 0.5000086919 0.5000000180 0.4999997489 0.5000011629 0.4999731571 0.4000503641 0.4000512119 0.4999999695 0.5000001366
0.0000000001 0.3707649450 0.5000062040 0.4999969301 0.5000000055 0.4999992035 0.5000011629 0.4999731324 0.4000505975 0.4000511957 0.5000000167 0.5000001041
0.0000000001 0.2031716300 0.5000062040 0.5000018490 0.5000000011 0.4999999351 0.5000010433 0.4999731146 0.4000504589 0.4000511819 0.4999999943 0.5000001093
0.0000000001 0.7221154517 0.5000062040 0.4999969542 0.5000000242 0.4999991887 0.5000010296 0.4999731683 0.4000506475 0.4000511923 0.4999999947 0.5000000812
0.0000000001 0.8742966421 0.4999527465 0.4999969758 0.5000000450 0.5000000946 0.5000010841 0.4999730971 0.4000506648 0.4000511851 0.4999999894 0.5000001028
0.0000000001 0.6138633993 0.4999527465 0.4999989384 0.5000000566 0.5000000785 0.5000009755 0.4999731918 0.4000505737 0.4000511842 0.4999999919 0.5000000890
0.0000000001 0.1809567645 0.4999972239 0.5000003448 0.5000000073 0.5000000622 0.5000011872 0.4999732379 0.4000504628 0.4000511845 0.4999999998 0.5000000611
0.0000000001 0.2880998003 0.4999972239 0.4999970708 0.5000000182 0.5000002293 0.5000009620 0.4999732379 0.4000504568 0.4000511887 0.4999999951 0.5000001203
0.0000000001 0.5667323803 0.4999334369 0.4999989473 0.4999999858 0.4999999351 0.5000012930 0.4999734619 0.4000505341 0.4000512108 0.5000000166 0.5000000631
0.0000000001 0.7137123142 0.4999948151 0.5000001126 0.5000000203 0.4999998455 0.5000003645 0.4999735319 0.4000505310 0.4000511396 0.5000000071 0.5000000623
0.0000000001 0.8338582031 0.5000003411 0.4999985637 0.4999999406 0.4999997508 0.5000012771 0.4999736313 0.4000505388 0.4000511236 0.4999999797 0.5000000622
0.0000000001 0.1909426311 0.5000000801 0.4999997752 0.4999998561 0.4999999660 0.5000002948 0.4999732094 0.4000505665 0.4000511894 0.4999999797 0.5000000482
0.0000000001 0.2534609910 0.4999989628 0.4999997824 0.5000000172 0.4999998395 0.4999996966 0.4999735825 0.4000505101 0.4000511261 0.4999999771 0.5000000712
0.0000000001 0.7767180035 0.5000097356 0.4999989519 0.5000000139 0.4999999314 0.4999998471 0.4999746658 0.4000505551 0.4000511589 0.5000000047 0.5000000324
0.0000000001 0.8502003025 0.5000012526 0.4999999793 0.5000000167 0.4999998970 0.5000003643 0.4999756758 0.4000505245 0.4000511282 0.5000000046 0.5000000643
0.0000000001 0.8065570601 0.4999965807 0.4999999683 0.4999999688 0.4999997660 0.5000003029 0.4999759352 0.4000505260 0.4000511403 0.4999999890 0.5000000447
0.0000000001 0.3903005096 0.5000083830 0.4999997246 0.5000000042 0.4999999254 0.5000005152 0.4999758401 0.4000505369 0.4000511046 0.4999999882 0.5000000685
0.0000000001 0.8998591387 0.5000007094 0.4999999545 0.5000000551 0.4999999398 0.5000006573 0.4999771118 0.4000505298 0.4000511387 0.5000000171 0.5000000765
0.0000000001 0.1727293564 0.4999949401 0.5000000544 0.4999999839 0.4999999908 0.5000003176 0.4999836224 0.4000505320 0.4000511373 0.5000000034 0.5000000811
0.0000000001 0.0905666979 0.4999997393 0.5000000153 0.4999999983 0.4999998907 0.5000000725 0.4999900263 0.4000505202 0.4000511414 0.4999999667 0.5000000607
0.0000000001 0.0788002332 0.4999994784 0.4999999701 0.5000000100 0.4999999095 0.5000000476 0.4999883945 0.4000505269 0.4000511038 0.5000000724 0.5000000560
0.0000000001 0.5782819452 0.4999994860 0.4999998488 0.5000000020 0.4999999363 0.5000002031 0.4999883945 0.4000505295 0.4000511474 0.5000000311 0.5000000783
0.0000000001 0.7686811540 0.4999998479 0.4999999504 0.4999999997 0.4999999857 0.5000001240 0.4999902038 0.4000505300 0.4000510530 0.4999999550 0.5000000537
0.0000000001 0.8603847895 0.4999998479 0.5000000847 0.4999999790 0.4999999483 0.5000002680 0.4999905761 0.4000505364 0.4000512475 0.4999999662 0.5000000706
0.0000000001 0.4574565950 0.5000006829 0.4999999919 0.5000000124 0.4999999505 0.5000002777 0.4999833977 0.4000505309 0.4000510985 0.4999999734 0.5000000328
0.0000000001 0.9586457678 0.5000005021 0.5000000525 0.4999999866 0.4999999172 0.5000001182 0.4999993191 0.4000505448 0.4000510692 0.4999999774 0.5000000606
0.0000000001 0.5008856868 0.5000001455 0.4999999677 0.5000000005 0.4999999442 0.4999999594 0.4999869339 0.4000505360 0.4000509607 0.4999999946 0.5000000866
0.0000000001 0.3558255930 0.4999999812 0.5000000652 0.4999999992 0.4999999646 0.5000001110 0.5000024195 0.4000505471 0.4000510964 0.4999999556 0.5000000458
0.0000000001 0.0997037241 0.4999999812 0.4999999517 0.5000000028 0.4999999646 0.5000001110 0.4999908067 0.4000505281 0.4000510607 0.4999999878 0.5000000518
0.0000000001 0.9672895883 0.5000000172 0.4999999978 0.4999999950 0.4999999812 0.5000002078 0.5000003763 0.4000505311 0.4000511766 0.4999999590 0.5000000738
0.0000000001 0.9496945684 0.4999998968 0.4999999560 0.5000000061 0.4999999467 0.4999999618 0.4999999887 0.4000505294 0.4000509458 0.4999999572 0.5000000507
0.0000000001 0.7587309898 0.4999999207 0.4999999847 0.4999999759 0.4999999620 0.5000001010 0.4999866475 0.4000505315 0.4000510881 0.4999999911 0.5000000784
0.0000000001 0.8232762635 0.5000000198 0.4999999611 0.5000000041 0.4999999523 0.5000000741 0.4999994375 0.4000505342 0.4000505826 0.4999999442 0.4999999863
0.0000000001 0.2213813061 0.5000000052 0.4999999524 0.4999999703 0.4999999585 0.5000000234 0.5000000118 0.4000505230 0.4000506692 0.5000000378 0.4999999737
0.0000000001 0.0584989596 0.5000000052 0.4999999924 0.4999999998 0.4999999585 0.5000000930 0.5000000118 0.4000505090 0.4000506620 0.5000000378 0.4999999548
0.0000000001 0.1270741137 0.4999999247 0.4999999691 0.4999999945 0.4999999585 0.5000001185 0.5000000118 0.4000505250 0.4000506620 0.5000000299 0.4999999998
0.0000000001 0.3316991428 0.5000000051 0.4999999450 0.5000000163 0.4999999539 0.5000000091 0.4999999283 0.4000505426 0.4000506176 0.5000000065 0.5000000644
0.0000000001 0.1489246941 0.4999999969 0.4999999450 0.4999999912 0.4999999721 0.5000000034 0.4999996986 0.4000505296 0.4000507655 0.5000000466 0.5000000644
0.0000000001 0.1360014229 0.4999999969 0.4999999942 0.5000000842 0.4999999722 0.5000000034 0.4999996986 0.4000505296 0.4000505552 0.5000000466 0.5000000201
0.0000000001 0.2398288749 0.4999999683 0.4999999580 0.5000000617 0.4999999537 0.5000000051 0.5000000915 0.4000505494 0.4000505656 0.5000000625 0.4999999855
0.0000000001 0.0336056285 0.4999999819 0.4999999580 0.5000000310 0.4999999567 0.4999999738 0.4999999220 0.4000505472 0.4000507339 0.5000000401 0.5000000213
0.0000000001 0.9156214211 0.4999999819 0.4999999580 0.5000000310 0.4999999567 0.4999999917 0.4999992869 0.4000505505 0.4000506850 0.5000000401 0.4999999644
0.0000000001 0.5985621596 0.4999999742 0.4999999581 0.4999999989 0.4999999619 0.5000000385 0.5000000230 0.4000505378 0.4000507430 0.5000000401 0.4999999644
0.0000000001 0.7984360839 0.4999999599 0.4999999567 0.5000000297 0.4999999588 0.5000000015 0.5000000051 0.4000505448 0.4000506336 0.5000000141 0.5000000727
0.0000000001 0.3800271869 0.4999999599 0.4999999567 0.5000000297 0.4999999563 0.5000000025 0.5000001820 0.4000505250 0.4000506104 0.5000000141 0.5000000727
0.0000000001 0.2977208791 0.4999999888 0.4999999712 0.5000000242 0.4999999588 0.5000000092 0.4999999650 0.4000505403 0.4000506191 0.5000000160 0.4999999941
0.0000000001 0.5194272738 0.5000000014 0.5000000099 0.5000000395 0.4999999418 0.5000000279 0.4999999551 0.4000505745 0.4000506162 0.5000000324 0.4999999820
0.0000000001 0.4250052320 0.5000000014 0.5000000099 0.5000000330 0.4999999702 0.5000000119 0.4999999656 0.4000505561 0.4000506333 0.5000000324 0.4999999820
0.0000000001 0.8912558676 0.5000000300 0.4999999836 0.5000000328 0.4999999527 0.4999999907 0.4999999656 0.4000505348 0.4000506092 0.5000000139 0.4999999884
0.0000000001 0.5875507255 0.5000000300 0.4999999836 0.5000000412 0.4999999540 0.4999999907 0.4999999967 0.4000505479 0.4000506209 0.5000000172 0.4999999882
0.0000000001 0.0000000000 0.5000000059 0.4999999677 0.5000000145 0.4999999747 0.4999999847 0.4999999967 0.4000506024 0.4000506209 0.5000000255 0.4999999679
0.0000000001 1.0000000000 0.5000000174 0.5000000293 0.5000000313 0.4999999602 0.4999999959 0.4999999967 0.4000506035 0.4000506174 0.5000000255 0.5000000120
0.0000000001 0.8828739375 0.4999999881 0.5000000664 0.5000000313 0.4999999479 0.5000000195 0.4999999652 0.4000505820 0.4000506164 0.5000000383 0.5000000260
0.0000000001 0.8151805469 0.4999999881 0.5000000099 0.5000000313 0.4999999571 0.4999999888 0.4999999873 0.4000505820 0.4000506164 0.5000000470 0.5000000020
0.0000000001 0.6696522169 0.4999999904 0.5000000293 0.4999999996 0.4999999571 0.4999999888 0.4999999873 0.4000505785 0.4000506164 0.5000000470 0.5000000020
0.0000000001 0.6276332446 0.4999999820 0.5000000211 0.4999999996 0.4999999626 0.4999999888 0.4999999900 0.4000505782 0.4000506164 0.5000000367 0.4999999972
0.0000000001 0.7337352353 0.4999999851 0.5000000211 0.5000000151 0.4999999161 0.4999999808 0.4999999764 0.4000505748 0.4000506342 0.5000000040 0.5000000122
0.0000000001 0.3469546185 0.4999999820 0.5000000211 0.5000000403 0.4999999434 0.4999999929 0.4999999707 0.4000505747 0.4000506342 0.5000000073 0.5000000007
0.0000000001 0.2719753628 0.4999999820 0.5000000211 0.4999999887 0.4999999759 0.5000000140 0.4999999707 0.4000505775 0.4000506342 0.5000000151 0.5000000023
0.0000000001 0.2289879187 0.4999999820 0.5000000160 0.5000000403 0.4999999778 0.5000000140 0.4999999707 0.4000505747 0.4000506342 0.5000000073 0.4999999913
0.0000000001 0.1174793329 0.4999999636 0.5000000183 0.5000000391 0.4999999759 0.5000000314 0.4999999707 0.4000505747 0.4000506350 0.5000000073 0.5000000023
0.0000000001 0.9899636487 0.4999999820 0.5000000086 0.5000000403 0.4999999777 0.4999999949 0.4999999707 0.4000505747 0.4000506342 0.5000000073 0.5000000023
0.0000000001 0.7416756639 0.4999999758 0.5000000097 0.5000000318 0.4999999859 0.5000000323 0.4999999707 0.4000505695 0.4000506080 0.4999999888 0.5000000146
0.0000000001 0.9334388365 0.4999999902 0.5000000097 0.5000000318 0.4999999859 0.5000000114 0.4999999707 0.4000505746 0.4000506302 0.4999999657 0.5000000129
0.0000000001 0.4098319021 0.4999999902 0.5000000314 0.5000000420 0.4999999859 0.5000000027 0.4999999707 0.4000505746 0.4000506302 0.4999999599 0.5000000129
0.0000000001 0.1621197246 0.4999999902 0.5000000314 0.5000000154 0.4999999912 0.5000000313 0.4999999818 0.4000505697 0.4000505971 0.4999999821 0.5000000074
0.0000000001 0.9411819410 0.4999999957 0.4999999975 0.5000000006 0.4999999929 0.5000000060 0.4999999713 0.4000505768 0.4000506330 0.4999999821 0.5000000057
0.0000000001 0.4464507843 0.5000000330 0.4999999632 0.5000000840 0.4999999852 0.5000000263 0.4999999947 0.4000505703 0.4000506153 0.4999999756 0.5000000057
0.0000000001 0.3053014125 0.5000000146 0.4999999632 0.5000000748 0.4999999928 0.4999999718 0.4999999902 0.4000505918 0.4000506028 0.4999999727 0.5000000073
0.0000000001 0.9255782752 0.5000000560 0.4999999632 0.5000000622 0.4999999964 0.4999999718 0.4999999902 0.4000505825 0.4000506216 0.4999999727 0.5000000073
0.0000000001 0.8422355344 0.5000000430 0.5000000056 0.5000000652 0.5000000095 0.5000000097 0.4999999984 0.4000505532 0.4000506298 0.4999999810 0.4999999865
0.0000000001 0.0156577918 0.5000000430 0.4999999873 0.5000000575 0.5000000095 0.5000000097 0.4999999972 0.4000506165 0.4000506248 0.5000000010 0.4999999865
0.0000000001 0.4378240510 0.5000000425 0.4999999873 0.5000000575 0.5000000199 0.5000000097 0.4999999811 0.4000505985 0.4000506361 0.5000000010 0.4999999865
0.0000000001 0.5439091574 0.5000000392 0.4999999873 0.5000000724 0.4999999999 0.5000000041 0.4999999656 0.4000506064 0.4000506326 0.4999999665 0.4999999987
0.0000000001 0.3213336361 0.5000000327 0.4999999873 0.5000000724 0.4999999999 0.5000000093 0.4999999836 0.4000506064 0.4000506247 0.4999999665 0.4999999987
0.0000000001 0.0670793322 0.5000000327 0.4999999873 0.5000000778 0.5000000083 0.5000000041 0.4999999722 0.4000506071 0.4000506247 0.4999999697 0.4999999987
0.0000000001 0.3996008472 0.5000000125 0.5000000216 0.5000000299 0.4999999958 0.4999999870 0.4999999730 0.4000505978 0.4000506247 0.4999999665 0.4999999865
0.0000000001 0.0246361063 0.4999999979 0.4999999980 0.5000000896 0.4999999958 0.4999999874 0.4999999916 0.4000506070 0.4000506247 0.4999999695 0.5000000197
0.0000000001 0.0076927210 0.5000000363 0.4999999980 0.5000000471 0.4999999787 0.4999999874 0.4999999847 0.4000506070 0.4000506247 0.4999999689 0.5000000197
0.0000000001 0.1085914046 0.5000000477 0.5000000019 0.5000000023 0.4999999769 0.4999999957 0.4999999597 0.4000506112 0.4000506173 0.4999999689 0.5000000113
0.0000000001 0.0433696648 0.5000000156 0.4999999879 0.5000000063 0.4999999854 0.4999999956 0.4999999569 0.4000506113 0.4000505989 0.4999999570 0.5000000172
0.0000000001 0.0509325673 0.4999999554 0.4999999879 0.5000000182 0.4999999854 0.4999999956 0.4999999608 0.4000506106 0.4000505871 0.4999999570 0.5000000156
