0.7174516661 0.2311945437 0.5188871107 0.4858171077 0.5191702361 0.5041308568 0.5275953858 0.5326123984 0.5083395954 0.5744938736 0.4908869171 0.4815630123
0.4727965768 0.5749438740 0.5079962955 0.4685706062 0.4666712798 0.5254032439 0.5322554400 0.5332191852 0.5151682213 0.4704869942 0.4813493361 0.4690497774
0.1346804911 0.7483240833 0.4829348502 0.4371716667 0.4861208140 0.5688995594 0.5118165079 0.5982656822 0.4948484527 0.5392613149 0.4934908667 0.4598697405
0.0169868763 0.7670076194 0.5072899539 0.4652532612 0.5094040206 0.5175069273 0.5226725750 0.4799051452 0.4616250612 0.5520751548 0.5253093826 0.4561319592
0.5710342046 0.8811937999 0.5031340405 0.4718836264 0.5015555209 0.5073753632 0.5335191690 0.4474178670 0.4965797356 0.4893265580 0.5162987912 0.4595451035
0.1842072210 0.4731813423 0.5064401902 0.4879711149 0.5637387025 0.4947685629 0.5148275934 0.4385348073 0.5348587447 0.4255659494 0.4843209670 0.4744484389
0.1305418346 0.9405576702 0.4983469815 0.4690184534 0.5071631606 0.5234606092 0.5284467513 0.4941834626 0.5234777269 0.5143974532 0.4698630494 0.4741785014
0.0000000000 0.3944882258 0.4983469815 0.4863125098 0.5028449236 0.5234606092 0.5284467513 0.4637733214 0.5691513628 0.5143974532 0.4854822574 0.4741785014
0.1356994314 0.0000000000 0.5017149444 0.4649983538 0.5028449236 0.4969231865 0.5087771213 0.5173417062 0.5045558555 0.5044457234 0.5072612615 0.4718321150
0.6896477767 0.6619772991 0.4966672688 0.4654584639 0.4813610330 0.4810238907 0.5173016121 0.5157394176 0.5091856144 0.5001244714 0.4787682990 0.4812705629
0.3556106631 0.7584685468 0.4967940609 0.4732594508 0.4808821676 0.4810238907 0.5173016121 0.5157394176 0.5091856144 0.4905303761 0.4787682990 0.4839054105
0.4828874095 0.6619772991 0.4966672688 0.4855090024 0.4808821676 0.4909493235 0.5173016121 0.5078340511 0.5049368843 0.4905303761 0.5029243703 0.4812705629
0.4129864722 0.6795756645 0.4966672688 0.4855090024 0.4808821676 0.5161041082 0.5173016121 0.5078340511 0.4975548921 0.4905303761 0.4974842594 0.4767043061
0.0788053467 0.0396541838 0.4945377298 0.4592529848 0.5048404377 0.5260583896 0.5080126012 0.4858570149 0.5091892113 0.5047295170 0.5068363468 0.4773997119
0.2687627279 0.3480628040 0.4945377298 0.4909159841 0.5048404377 0.5046719118 0.5136571414 0.4858570149 0.5017918265 0.5046945948 0.5021213581 0.4894865352
0.3476896656 0.3165504281 0.4945377298 0.4567302760 0.5048404377 0.5046719118 0.5136571414 0.4858570149 0.5017918265 0.5046945948 0.4960764848 0.4894865352
0.8152527862 0.3871855234 0.4905142021 0.4386712129 0.5100269496 0.5056878005 0.5039863688 0.5179924093 0.5018640001 0.5185011156 0.5204864745 0.4796936486
0.2651153389 0.4558892024 0.4881487258 0.4880471039 0.4963845651 0.4924139234 0.5064393057 0.5003277823 0.5213258346 0.5097470743 0.4850415410 0.4787255608
0.4358536480 0.4558892024 0.4846179908 0.4840649607 0.5009491190 0.4939822922 0.5142437939 0.4416813767 0.5163023155 0.5272136634 0.4986546916 0.4769821264
0.4460258008 0.2331967845 0.4923245062 0.4848204777 0.4915390302 0.5117443904 0.5233709795 0.5087043235 0.5252293840 0.4927697018 0.5125722457 0.4767060377
0.3157755176 0.0000000000 0.4923245062 0.4848204777 0.4915390302 0.4970773136 0.5108071877 0.4823977215 0.5046235155 0.5118131915 0.5017051403 0.4767060377
0.2199806399 0.9109174080 0.4944594039 0.4550645589 0.4794823957 0.5158181445 0.5127393461 0.5130117584 0.5266269641 0.5032562406 0.5206133242 0.4740668861
0.4431765363 0.3606136241 0.4887976116 0.4853187628 0.5051967054 0.4955872116 0.5071834901 0.4978369853 0.5095352983 0.5056748966 0.4966628799 0.4802112035
0.2217707931 0.7078223209 0.4950029205 0.4958537644 0.4957485012 0.4994435562 0.5197236970 0.5018211765 0.5088612368 0.4998760142 0.5041967916 0.4865100283
0.2217707931 0.0786810836 0.4954724964 0.4958537644 0.4891254410 0.4994435562 0.5085009154 0.5236992414 0.5088612368 0.4911758660 0.5056706527 0.4922585483
0.3105050736 0.0809308897 0.4954724964 0.4958537644 0.4885653867 0.4994435562 0.5085009154 0.5018211765 0.5088612368 0.4998760142 0.5112472006 0.4922585483
0.8828598395 0.7943822574 0.4963392858 0.4958537644 0.4957485012 0.5082744917 0.5056413161 0.4898849170 0.5174075795 0.4998760142 0.5056706527 0.4869333658
0.2734124819 0.7791567159 0.4936340669 0.4975867779 0.4951294130 0.5001978206 0.5150023232 0.4965091640 0.5052133792 0.4998760142 0.5004738809 0.4855078736
0.5492905181 1.0000000000 0.5005167449 0.4959436500 0.5065829097 0.5001978206 0.5124761289 0.4965091640 0.5111994312 0.5018460266 0.4980733144 0.4855078736
0.5433603467 0.0892260837 0.4911298479 0.4947252878 0.4814571247 0.4959634133 0.5040225255 0.4867628124 0.5089155878 0.5186732252 0.4990808113 0.4737995870
0.0788420349 1.0000000000 0.5021559356 0.4704571722 0.5015389453 0.5040938507 0.5066095036 0.4985472384 0.5139922455 0.5035513511 0.4990808113 0.5098796589
0.6155786722 1.0000000000 0.4928627276 0.4846916875 0.5016810334 0.4972000324 0.5001729267 0.4953875950 0.5113474502 0.5075937154 0.5067451629 0.4997013224
0.6091965971 0.3787693483 0.4928627276 0.4984410891 0.5015389453 0.5022870489 0.5001729267 0.5023341285 0.5086361067 0.5053820072 0.5003647413 0.5064217886
0.0000000000 0.4962539476 0.4928627276 0.4984410891 0.5015389453 0.5022870489 0.5001729267 0.4953875950 0.5130531381 0.5053820072 0.4998397452 0.5041111011
0.0865905052 0.8002057031 0.4962586174 0.4936259210 0.4971271877 0.5002679323 0.5067029220 0.5008748439 0.5161969417 0.5163173134 0.5027099124 0.4931208480
0.1700779249 1.0000000000 0.4928687204 0.4807887963 0.4986924343 0.4977640683 0.4955520961 0.5057382519 0.5064332986 0.5031956787 0.4946116605 0.4999378535
0.3316988126 0.6317761508 0.4928687204 0.4807887963 0.4986924343 0.4977640683 0.5141114887 0.5057382519 0.5055866505 0.5082437414 0.4946116605 0.5056246944
0.5539570805 0.7161312744 0.4959126205 0.4960828855 0.4992164394 0.4948661256 0.5100507107 0.5010503280 0.5049837840 0.5031956787 0.5061847946 0.4997763797
0.4201148696 1.0000000000 0.4948045882 0.4818973751 0.5002468126 0.5026073851 0.5046925026 0.5055478556 0.5137930495 0.4980082140 0.5000945199 0.5059081769
0.0668992566 0.5951806159 0.4977495438 0.4963587801 0.5002468126 0.4984588397 0.5053591102 0.4994656772 0.5039496378 0.4983396492 0.5048450749 0.4911395274
0.0668992566 0.7065350181 0.4977495438 0.4963587801 0.5012463772 0.4984588397 0.5195956310 0.4993587853 0.5147812485 0.4983396492 0.5048450749 0.5026372319
0.3384817678 1.0000000000 0.4951619943 0.4801722694 0.4977050811 0.4999560003 0.5106960673 0.4983636772 0.5037175309 0.5050216679 0.5114629245 0.4917227314
0.6231938598 0.7936115581 0.4951619943 0.4960949529 0.5027721886 0.5038832995 0.5106960673 0.5000963000 0.5099045411 0.4962176204 0.5008334550 0.5033866638
0.1367771075 0.6433715046 0.4943275743 0.4921039584 0.5025120669 0.4973045045 0.5219599039 0.5018912592 0.5130406582 0.5033273823 0.4929502352 0.4981658138
0.1087410625 0.3149852030 0.4943275743 0.5013927159 0.4982745787 0.5001554874 0.5007116339 0.4991912295 0.5073095064 0.5074800849 0.5073491152 0.5014188508
0.4268111283 0.8942408309 0.4943275743 0.5013927159 0.4982745787 0.5008122937 0.5007116339 0.4941845837 0.5110721485 0.5089370617 0.4989633158 0.5014188508
0.4984956673 0.9365283153 0.4960062429 0.5013927159 0.5005283620 0.5024895345 0.5007116339 0.4991347150 0.5013329940 0.4996943785 0.4925002532 0.4966224152
0.4477977630 0.0128401111 0.4960062429 0.5013927159 0.5001136192 0.5024895345 0.5007116339 0.4991347150 0.5013329940 0.4996943785 0.4976073674 0.5014188508
0.5519053719 0.5023916693 0.4951410263 0.4805037532 0.4995365921 0.5016480017 0.5007116339 0.4961093651 0.5041736554 0.5034143796 0.5002618487 0.5014188508
0.5098921931 0.2917888360 0.4949817068 0.5063471774 0.4989063878 0.4996143346 0.4994941707 0.4992693495 0.5080100408 0.5033289383 0.5050629791 0.5039962197
0.5898677869 0.2742177384 0.4946879001 0.4930840710 0.4989063878 0.4996143346 0.5013963148 0.4999770631 0.5066811698 0.4980046563 0.5059615711 0.5040127958
0.1608048544 0.5553555317 0.4936869082 0.5071593585 0.5012698565 0.4971839622 0.5013963148 0.4969024470 0.5022811944 0.5072270381 0.5033810748 0.4946825700
0.7677201101 0.5363147604 0.4957636812 0.5033543881 0.5014752631 0.4996281679 0.5013963148 0.4996871211 0.5022811944 0.4990681823 0.4991932402 0.4970925030
0.3333866160 0.5553555317 0.4940763009 0.5071593585 0.5014752631 0.4995069117 0.5055504275 0.4983969235 0.5021163758 0.5003529449 0.4970648001 0.4970925030
0.6849054909 0.8596375881 0.4946598627 0.4962731102 0.5008760964 0.4987052374 0.5103561758 0.4998083973 0.5026762545 0.5003529449 0.4970648001 0.4881494091
0.7644269209 1.0000000000 0.4946598627 0.4962731102 0.5001826586 0.4987052374 0.5037212977 0.4998083973 0.5038099020 0.5018670198 0.4940657602 0.5012637838
0.2339445675 0.2816271110 0.4953082822 0.4986544084 0.4978947563 0.4993711179 0.5061089151 0.4996078517 0.5110991162 0.5082739248 0.4974714590 0.5039330013
0.6236618476 0.5964727023 0.4940678296 0.4996939494 0.4978947563 0.4993711179 0.5076627647 0.4997691040 0.5034987402 0.4956998705 0.4998539863 0.4941278145
0.0000000000 0.8689726824 0.4964667348 0.4996939494 0.5014302707 0.5012368662 0.5038275313 0.4973185094 0.5012276255 0.5017591999 0.5039967273 0.4959039319
0.3273588161 0.9016903253 0.4964667348 0.4992796229 0.5019974823 0.4996827429 0.5038275313 0.4973185094 0.5012276255 0.5003452800 0.5035261329 0.4937419136
0.0000000000 0.1221862821 0.4957498701 0.4986298655 0.4995399138 0.5012368662 0.5071706538 0.4959844149 0.5012276255 0.5004448096 0.4989738654 0.4908080629
0.2171160868 0.0000000000 0.4957498701 0.4986298655 0.5016930732 0.4984558340 0.5032560632 0.4978215860 0.5012276255 0.4993306253 0.4989738654 0.5032233852
0.2171160868 0.8372722114 0.4954148261 0.4886792395 0.4996574674 0.4973032205 0.5014313869 0.4971558100 0.5020309390 0.4984813395 0.4989738654 0.4982807715
0.0202370814 0.6421311374 0.4957599299 0.5021090650 0.4985982567 0.4991189940 0.5014313869 0.4995745215 0.5107297997 0.5032780822 0.5025800519 0.4940948702
0.2582396713 0.6421311374 0.4963113822 0.5079185644 0.4985897136 0.4999402598 0.5027608311 0.4994732931 0.5029447172 0.5025693625 0.5020154275 0.5009793780
0.5462400829 0.3862020311 0.4961054777 0.4990158914 0.4985897136 0.4999402598 0.5027608311 0.4994732931 0.5029447172 0.5001031363 0.5020154275 0.5009793780
0.0619499218 0.3567441417 0.4937387168 0.5004005840 0.4981966662 0.5010996364 0.5028090183 0.4991423575 0.5077443650 0.5002769593 0.5017987870 0.4982594805
0.1510969548 0.3803125951 0.4959955368 0.5004005840 0.4981966662 0.4991668915 0.5028090183 0.4991423575 0.5032537838 0.5045856499 0.5005816618 0.4955514233
0.4302966109 0.7645392007 0.4956122393 0.4922431357 0.4989859457 0.4999906902 0.5026634777 0.4985113265 0.5091223882 0.5013348470 0.4982724480 0.4976894754
0.1869874038 0.1865543748 0.4960689709 0.5026716323 0.4995427250 0.5011933798 0.5022157786 0.4981814333 0.5021438275 0.5030729185 0.5005503966 0.4999529939
0.0000000000 1.0000000000 0.4961999016 0.5026716323 0.4984579796 0.4995760687 0.5012339626 0.4983880450 0.5015476873 0.5001479089 0.5001809509 0.5009723782
0.2173245999 0.4123693818 0.4947025159 0.5022495402 0.5007476249 0.5005694624 0.5006332339 0.4994219158 0.4990151619 0.5040979754 0.4977058628 0.4967069373
0.5244547578 0.1803003447 0.4954224673 0.4987336096 0.5003528863 0.4998190515 0.5035425448 0.4991009896 0.5038158557 0.5011780967 0.5013330372 0.5012810547
0.1412643087 0.2509265815 0.4968235441 0.5005088149 0.4997672867 0.5003796786 0.5017951265 0.5000600141 0.4993935763 0.5012501313 0.5018544885 0.4981051390
0.1412643087 0.8328672782 0.4968235441 0.5029986763 0.5015232765 0.5003796786 0.5032166474 0.5000600141 0.4990645225 0.5012501313 0.5022299300 0.4938520188
0.0885587683 0.4848676412 0.4968720141 0.5008458602 0.5006833968 0.5002934407 0.5039242626 0.4989974968 0.5033348779 0.5005013697 0.4975950489 0.4993349917
0.2650683725 1.0000000000 0.4979911827 0.5005392244 0.5001730369 0.5009786806 0.4996951210 0.4994831962 0.4982388206 0.5006006831 0.4971316980 0.4985428388
0.4574866164 0.0952813990 0.4979911827 0.5004953840 0.5001730369 0.5005844205 0.4996951210 0.4994831962 0.4982388206 0.5002480422 0.5014844423 0.4955291195
0.0821560808 0.2264143173 0.4986541757 0.5001398592 0.5003345524 0.5003229970 0.5001119337 0.4987957332 0.4989293773 0.4994745374 0.4997004343 0.4995086787
1.0000000000 0.7077223070 0.4986541757 0.4997582201 0.5001073837 0.5004251932 0.5001119337 0.4998182033 0.4989293773 0.4990790396 0.5002720095 0.4995086787
0.0000000000 0.0000000000 0.4975859047 0.4984405218 0.5005335359 0.4999790567 0.5000877902 0.4984542878 0.4996726559 0.4992369303 0.4989089842 0.4998092852
0.2487216851 0.5283180031 0.4956072096 0.4984405218 0.5004108606 0.5002751917 0.5030145089 0.4992169975 0.4993567267 0.4990519520 0.5009639696 0.4989695382
0.6867032329 0.4923332059 0.4982683535 0.5002964317 0.4998505953 0.5002765958 0.5020550467 0.4989136460 0.4989760711 0.5001094947 0.4993470621 0.4987239685
0.6867032329 1.0000000000 0.4982683535 0.5002964317 0.4998505953 0.5002765958 0.5020550467 0.4989136460 0.4989760711 0.5001094947 0.4993470621 0.4995911502
0.9182568704 0.4237168278 0.5004981493 0.5001364399 0.5002896228 0.5001684873 0.5008247051 0.4996889405 0.4995221200 0.4998587174 0.5001055686 0.4997009776
0.8302568807 0.0000000000 0.5004981493 0.5007210976 0.5002896228 0.5003116133 0.4999546235 0.4989950927 0.4995548216 0.4993958844 0.5003946110 0.4997009776
0.3833245205 0.4012872984 0.4988422914 0.4994856080 0.4997690711 0.5002558955 0.4999546235 0.4988598704 0.5003485524 0.5003230465 0.5003946110 0.4992215249
0.3833245205 0.1470766251 0.4988422914 0.5001288864 0.5003521312 0.5000970621 0.4999546235 0.4991510710 0.4995548216 0.4990662262 0.4995861896 0.4992215249
0.3833245205 0.8379190095 0.4965506490 0.4993385444 0.5000957189 0.5004805244 0.4999546235 0.4991510710 0.4999282103 0.5003243289 0.5003946110 0.4997010892
0.3939619559 0.5192504741 0.4952090718 0.5001684711 0.5004181662 0.5004805244 0.4999546235 0.5001090975 0.4998562879 0.5010905764 0.5002925598 0.4998656256
0.7672698570 0.0000000000 0.5000881487 0.4998847222 0.5002083611 0.5003879184 0.5002965700 0.4982248863 0.4998578711 0.4997220502 0.5011661960 0.5000921942
0.5066398020 0.7793352063 0.5000881487 0.4996197591 0.5001175946 0.5000932464 0.5002965700 0.5000826406 0.4998578711 0.4997220502 0.4998246274 0.4992571235
0.3805118008 0.0000000000 0.4997369050 0.4999743578 0.4999130551 0.5002467579 0.5002965700 0.5000826406 0.4998578711 0.5002074501 0.5006522544 0.4997011208
0.7452680246 0.7923461041 0.5000852298 0.4995897933 0.5000862769 0.5002237123 0.5003702112 0.5000826406 0.5003175150 0.4998614180 0.4995707771 0.4999506297
0.6432489542 0.0000000000 0.5007418459 0.4999530597 0.5000862769 0.5002099074 0.5007819707 0.5000826406 0.5003266479 0.4994486480 0.5000385903 0.4995822525
0.6432489542 0.1781011335 0.4989021870 0.4999530597 0.5000862769 0.5002099074 0.5007819707 0.5000826406 0.5003266479 0.4994486480 0.5003848158 0.4995822525
0.8078890647 0.7929545212 0.4992943750 0.4998779988 0.5001421655 0.5003441628 0.4999692574 0.4994309126 0.4993094637 0.5002926233 0.5001785068 0.5001374525
0.5235530674 0.0000000000 0.4992943750 0.4998242721 0.5001367766 0.5003441628 0.4999692574 0.4998976445 0.4993094637 0.4998319542 0.5006251752 0.4998113955
0.5483290028 0.6151577490 0.4992943750 0.5001180983 0.5001072641 0.4999442569 0.5007375472 0.4988973400 0.4996998236 0.5006669790 0.5005330385 0.4997451478
0.4018284287 0.6011479725 0.5000716277 0.5000013579 0.5001955862 0.5000784346 0.5001531227 0.4999225271 0.4998870926 0.4998973356 0.4999050674 0.4998668297
