0.1000000000 50.4829637863 -7.1707440678
0.1000000000 99.6710792687 -51.4581508457
92.2379163999 88.9878200671 -101.5474363141
78.9059390634 84.9722733744 -93.2390353813
53.0231023883 51.0238242262 -53.1181837240
78.4715202242 42.5061111239 -67.1681501998
86.7313712468 42.7618283513 -69.5019290533
72.3103737908 42.4150954789 -61.2222691907
32.5044591182 33.8174757881 -35.6074300587
68.4941628104 33.7583310884 -54.8852358176
50.5256738408 33.8331501289 -46.0402350651
7.3777396283 99.6471904867 -57.8022998978
65.6457602095 20.2942704084 -49.1217269536
65.6316782864 54.3522277343 -67.3264127271
77.7222561725 31.6359695042 -57.9690640089
69.7402812701 74.3313498497 -79.6995456443
69.8218739255 13.6387780531 -42.0070079643
42.9697332614 53.7266673237 -52.4898319725
42.9514553745 24.9829901509 -37.8121905723
91.6982666328 0.1106487321 -44.2934211419
34.3009730188 84.9819630707 -68.5713064176
57.6129249385 84.9468188976 -82.8239252507
52.7531151206 0.1010909079 -12.4011745751
49.0398816814 3.8317999294 -26.4491037726
79.7152315372 73.5278512155 -72.2429936636
90.9954796678 21.0385959147 -62.1313751410
56.9533489684 38.9147595503 -54.7125913944
15.6894983105 96.3122455197 -64.2017514615
99.6746588382 18.3306174483 -66.5008860407
0.1435269898 90.9866476856 -52.1585004724
41.6848051300 40.3978418182 -42.1742266178
69.6660377113 0.1492321470 -39.3682331557
29.7598134839 66.9002880890 -46.6061917077
92.2819896450 12.7669887508 -56.3647308169
31.5413304711 95.6816465022 -66.8077989565
87.6719956519 95.6697860423 -98.0884125627
46.9152826230 95.6719276041 -77.9417997003
40.3974424985 20.9505568322 -28.2143709072
0.1051738184 68.2934192102 -38.8158009499
96.9862598851 0.1075472473 -53.5792278859
82.3679678281 68.9171518650 -80.0357297649
82.3526053245 53.6410396938 -71.3449464775
87.5761884314 53.6466840839 -79.9703063767
82.8602894282 0.1075665178 -41.0919477795
42.1542699553 79.6243346042 -63.4388881187
50.1500011258 79.6243755881 -66.2924225787
80.2685595320 13.0541522670 -51.8926830718
66.1668066454 0.1053352783 -29.1444888137
96.8596170563 32.3842401753 -62.7699382016
52.9170060805 67.6500377359 -67.9515404127
97.0314358138 53.6176516828 -78.1056113587
93.1029681917 0.1031281156 -26.4797432059
34.2333685258 28.1390764683 -29.6219293403
34.2344314105 45.6327493000 -44.9456990002
40.9308562648 45.6323631235 -49.4616416297
61.5918653095 16.4650561587 -38.7934796424
26.1716495697 59.6675567233 -43.4235653544
34.8065427782 59.6635989687 -45.1070469818
48.2430738975 64.3478993929 -59.9616144286
57.6543113074 59.6636443414 -63.3395946466
51.0094198015 86.8914552068 -74.5554055455
28.8075518176 88.2763229182 -62.4193462500
47.5233631396 18.9368169239 -34.4154373583
56.2507736721 24.8295360510 -43.2111885479
56.2536147826 8.2188237143 -36.4066821506
30.2909487138 0.1032171999 -16.6273276704
0.1011405789 85.0026139710 -44.1431780913
41.0399757937 97.6608964429 -71.1373190140
3.2946220214 60.9438520914 -34.8902624854
20.2657495490 30.2574925581 -28.6635245387
28.2075827173 12.8666635558 -21.0572103370
19.6575465423 23.5821360233 -23.5043848739
24.8544472838 37.6089786044 -33.7209153953
24.9744284217 9.3930571787 -14.8717015777
20.7691129697 17.0426706288 -12.8193873284
20.7691128274 50.9011737687 -34.5540027254
13.6720653641 62.3015809768 -41.8922997931
10.8913870874 38.2510828804 -27.5354781149
16.5568934603 94.2591514381 -54.9416401863
13.0210954042 76.2799943528 -50.2219868795
4.9050908997 76.2800212731 -46.6085873872
4.9050523773 41.6193799696 -26.1086869611
10.9721282302 69.6716871277 -41.7970333162
11.5860659468 32.2461223176 -24.5631070044
19.4333948436 4.2492810137 -7.1416278080
14.9984536389 47.4946131811 -28.6329131761
10.2755950928 11.5576798718 -11.5017807227
0.1000332926 51.5117027715 -24.4024209849
0.9241391894 37.6543255497 -20.2467289488
6.2455318948 29.6296418428 -19.6983859438
8.1046028203 24.2825269802 -15.6703765855
6.2472687427 0.1000248083 -2.6004335595
0.3436678333 37.4632242651 -13.2273554183
0.1000138311 10.1754797483 -3.9179459891
0.1000145142 19.5800266818 -10.4043303246
1.5477830832 30.1247066626 -10.7162717731
5.5961245919 6.7661347067 -4.2038959423
4.9372573650 12.8130341637 -7.1995155446
0.1000084443 3.7428858594 -0.3149951230
0.1000022568 18.7702290223 -4.6989179230
