89.6920865126 0.1000000000 -42.5640417156
22.6270748833 92.6184005642 -63.3129231890
62.4556668125 93.1047708806 -81.7506880020
58.6628011152 87.2434360909 -78.1015370830
88.5061268491 10.1013632969 -49.5016514944
88.8120468501 98.0718349866 -98.1778608866
81.2629726607 13.9561500583 -50.4817003019
0.3189917742 93.7939547301 -51.5074680681
77.0953032697 21.6719085428 -52.4597847014
69.0847349994 56.4692981519 -70.2464161145
90.2916807996 61.6693149554 -80.7782123286
84.5509537966 46.4710296194 -66.6240289116
67.7049022506 11.6157935117 -42.6629101791
67.7049022506 23.0383504251 -48.8238485146
95.0194672386 0.1417878365 -52.2591037327
95.0746805533 39.6830857466 -74.9929697388
95.0253688186 8.2679269970 -56.7772264601
95.0211287464 48.1984316426 -73.4663144846
76.2962669474 69.6090033825 -79.4026370304
71.6182035344 46.2444932910 -66.4163323945
61.0278918048 48.2821196078 -60.3983604607
70.2178632546 98.3588827405 -87.8368291248
85.6761751486 37.6622340774 -69.6291292798
71.6678451282 78.2788370476 -83.8133976995
82.2633114606 78.2777209613 -93.5533734137
62.3556621036 9.6877200438 -35.6906034761
62.3690901686 19.5342794120 -40.2235537172
62.3708462282 29.6053275684 -47.8998354621
75.6215200333 2.0760500975 -43.7715602223
75.6323015331 37.4972018364 -58.7668132366
67.6942549382 70.2826879437 -74.9730549599
56.9590526260 63.6308443084 -69.5448062459
18.9842564754 48.9607792248 -38.0758834334
32.2326338503 48.9604096501 -45.8642180068
50.9095535819 51.0186951117 -54.5431086270
34.8023479854 64.9816361410 -48.9006632454
85.0437589626 64.9857494829 -74.9964293842
41.5351867828 69.6195941276 -61.9010125122
28.9076980596 45.5334260743 -39.5747643806
59.6918429925 42.2571553199 -53.0313113999
98.9701189419 91.5970456153 -109.8185082163
34.9344683007 9.0847857258 -22.6511487917
66.2841075632 0.1020977832 -37.8690707544
44.9536227468 76.3213792500 -67.6475630844
44.9536518607 40.2162850917 -47.5298158842
67.0439342933 56.9898534211 -60.6198612802
51.6388570499 42.3074738246 -52.6063638961
46.9558201224 85.5814723141 -76.4383529012
44.2386368790 55.6089450811 -57.2846018347
29.6937745144 73.5994411273 -56.7336440473
52.3180479759 26.2031200388 -42.1540439263
16.1290418088 58.2799653775 -39.1884925393
44.9287037241 96.3546294037 -73.2492199955
48.1926160554 35.0424655566 -39.7210144022
51.6511829437 11.7192133752 -32.6852987478
44.9833204153 0.1003299526 -24.0826891921
26.8034029271 14.8791982086 -17.6621535601
12.9985908504 97.6365818370 -61.8697477744
36.9666625613 95.0065250142 -69.9356729913
8.1171009332 60.9782166222 -36.1464567796
32.2631150671 30.9007849115 -35.7427217188
16.2847971384 86.2176126921 -56.6625921069
8.9703517870 50.8591716128 -30.5325622420
8.9703355888 80.2579606582 -51.3458254587
21.4910718506 64.8988471140 -45.8171443788
0.1000479535 64.8985270043 -36.2507461103
35.0511060370 41.5447659019 -36.7787931775
0.1002955141 72.8770615978 -39.0014636034
10.3006132483 66.9163796359 -44.0756339850
0.1001247746 47.5800459079 -26.7934778768
0.1000836647 82.9225275687 -47.7911997090
58.1853410064 76.2936590515 -72.7799297188
58.1852562147 0.1001056234 -28.4896758868
6.2320634129 89.5711104581 -54.3901002593
28.2177178308 0.1000372260 -14.7385050651
16.9401775894 41.7029088928 -28.1841670315
23.5816257739 69.5573723451 -52.1506647064
37.6246242857 0.1000692499 -20.8685270927
37.6245895468 20.8705207849 -32.0923360958
8.8826415106 43.5297496494 -26.8346035351
24.9171118666 9.9380746814 -13.5743098782
15.6159956367 21.5214620980 -19.1073895103
31.5278100732 5.4565903137 -17.4178263680
28.3163169004 26.2915608925 -30.0307507695
18.9626196687 26.2915406731 -25.1899547361
19.0925540146 0.1000157373 -5.0031511312
0.1000296680 38.2925160653 -21.2265286438
0.1000084244 30.8792180064 -16.0230135390
4.9222415604 33.5601272623 -20.9137825969
7.5752336180 27.6555298848 -18.5427102010
3.0590194374 25.5158915489 -12.9775289162
8.5035793834 17.6034742739 -10.2922681237
0.1000047797 20.3200491591 -10.2034503699
4.3158746717 12.9034070013 -8.7717753740
15.5907441669 7.0383453993 -11.3064653039
0.9842962600 3.6660609917 -1.4015174194
4.9126452527 1.5133604698 -2.5189791160
2.8054306365 0.4729665129 -0.1544221901
2.3023311264 2.3321304828 -1.4613576350
0.1000000083 1.6037118531 0.1120758567
