0.0000000000 1.0026984466 0.2402159047
0.4853891340 0.8938093821 0.2436667142
0.8757061163 0.5126125248 0.2624633338
0.4601409733 0.7696082299 0.5613425755
0.0000000000 0.0000000000 1.0232184806
0.0000000000 1.0232184806 0.0000000000
0.6326349601 0.7307730027 0.3142957277
0.2568300284 0.9931544112 0.0000000000
0.5913186725 0.5672524655 0.6382179821
0.4387906135 0.6990157885 0.6428243342
0.2221524317 0.8590571318 0.5675347291
0.0000000000 0.9621432226 0.5141186050
0.6677725833 0.8035139867 0.0693675095
0.9294365026 0.3990527529 0.3861470512
1.0353702330 0.0000000000 0.0000000000
0.9956465410 0.0000000000 0.2840413434
0.9495213194 0.2554580159 0.3869035084
0.0000000000 0.9669737773 0.3804853317
0.4774162025 0.8970998569 0.3998649471
0.9545787150 0.0000000000 0.3756081163
0.2879383724 0.9320716056 0.3838534912
0.6102348965 0.4427665789 0.6926121236
0.7044610460 0.7140360788 0.3855309169
0.1197536658 0.9407869041 0.3645166349
0.4979312987 0.9315878465 0.0294414326
0.9000509852 0.4724534671 0.1605461780
0.7324746084 0.7427170538 0.0290744384
0.3435140318 0.7902163591 0.6497435361
0.7971021068 0.1421514396 0.6191038520
0.5183714428 0.6310498649 0.6244420222
0.7834516982 0.6634171985 0.0000000000
1.0070944168 0.2388611861 0.0000000000
0.2025678394 0.3171834155 0.9412178098
0.1531592447 0.7955932553 0.6389369081
0.8522095758 0.6501269889 0.0488135204
0.0000000000 0.8045781389 0.6706667182
0.9229794134 0.4222808611 0.2843126693
0.2417150643 0.9598188546 0.2772519775
0.3032058982 0.8527001663 0.4706347549
0.3473105383 0.9767348045 0.0000000000
0.6745011725 0.5507088244 0.5636493883
0.5320901548 0.8813519933 0.3271444031
0.8210260809 0.5793176111 0.3193018252
0.5579867243 0.5076146071 0.7258662850
0.8410147265 0.3945475903 0.5134117584
0.6914284884 0.3243717802 0.6847933472
0.9393701853 0.4406893618 0.0000000000
0.1802307319 0.7179052074 0.7446362868
0.0510404655 0.2033072584 1.0180776151
0.7011300541 0.7588155723 0.2683268510
0.7185029039 0.6241626472 0.3792825044
0.9847038526 0.2085944660 0.2614214932
0.7450150631 0.6657862053 0.2595005661
0.8511378426 0.0000000000 0.5841435030
0.4876607594 0.6887163107 0.5622699903
0.7618477739 0.3879307988 0.5696274663
0.5859925710 0.8275889208 0.0000000000
0.5137837399 0.7943326412 0.3598622230
0.8137233733 0.5440684400 0.3951156135
0.8084981567 0.5405747768 0.4892245514
0.9386165199 0.0000000000 0.4843814445
0.3595352726 0.0000000000 0.9786432765
0.3403648707 0.6366972053 0.7796990100
0.5835018962 0.7704683555 0.4586191459
0.6079860826 0.8027977977 0.2584126952
0.4267770862 0.5635255720 0.7735984896
0.7444469058 0.2564157317 0.6982896987
0.6472757467 0.3461235955 0.7753964238
0.6266246825 0.6608154636 0.4577936804
0.4531020435 0.6104565784 0.6779153564
0.7769367832 0.0000000000 0.6928077763
0.8694516736 0.2344852865 0.4981838035
0.0240859870 0.2986895382 0.9694767233
0.1391497864 0.2796570425 1.0105776365
0.2199555975 0.2206935813 1.0080649034
0.1375291770 0.6583913533 0.7864181260
0.2458358927 0.0547618331 0.9886610711
0.0000000000 0.4107222185 0.9202409109
0.0000000000 0.7154545312 0.7593113539
0.5874529474 0.0000000000 0.8158713694
0.4770259928 0.3491938410 0.8210433117
0.0927811292 0.4492623046 0.9116891531
0.3912650164 0.1710689978 0.9119722850
0.6907920598 0.0000000000 0.7421468252
0.4569962692 0.1085339199 0.9129148174
0.5029952450 0.1576440428 0.8575974625
0.3223231200 0.3442605614 0.9011153218
0.1230184252 0.5331680872 0.8521086328
0.4458872163 0.2307215906 0.8720671012
0.4010603632 0.3488476244 0.8638746802
0.5295913331 0.0000000000 0.8720919560
0.2570719480 0.4678998636 0.8511727115
0.0000000000 0.5971648392 0.8065740022
0.5691194849 0.1004687397 0.8219573794
0.3878588835 0.4293132580 0.8228839605
0.5414520425 0.2816549289 0.8022893477
0.1996767508 0.5428947674 0.8227132746
0.3404922854 0.5159896135 0.7926420000
0.2593001153 0.3929491857 0.8843966501
0.0000000000 0.5205552628 0.8573530989
