71.6831098100 90.9721412773 -87.0214750513
97.7202461365 0.1000000000 -40.0455603796
90.8982870661 42.8459979846 -72.3903466410
35.9060964727 31.8803427028 -35.3091807617
98.4305746846 23.8660854548 -61.8104867322
98.5475055877 41.7350357321 -71.6967112047
98.7815331469 53.4433536576 -80.5563960296
99.4308474844 94.6857443598 -104.7882063945
45.6967588656 94.3698677108 -75.2968507682
68.4794788838 73.9242586372 -73.7186576473
89.5951899915 24.3330615795 -57.1338613956
79.9269689007 24.0473798989 -48.2888317420
37.8539280140 23.8634978190 -32.4181441075
52.9848820074 83.0396145391 -75.8816817977
73.7973168349 67.2240636984 -72.3978932853
20.4110787982 88.4967634887 -59.1130730059
37.7674364326 90.4227191793 -72.1542388897
94.3587034225 69.6522290469 -92.7577014314
51.0289884499 69.6538837897 -67.1903704749
93.8055684832 27.8459547058 -68.1453220886
93.6517508050 0.1581820912 -53.6575480722
17.7427549506 97.1032735489 -58.6472927426
82.9720647323 32.8838712302 -63.8110538067
82.9746883905 0.1408537266 -47.5651380270
10.3059267639 83.6746357314 -53.5378165065
98.3072228734 12.9339877220 -59.9820548096
78.3187551594 76.4468759532 -80.6169072327
72.9798171338 46.9479207596 -68.9232267345
41.7134007273 39.0525893087 -44.8906640741
71.1372820782 39.0406357986 -56.7146121379
79.0088223213 39.0318763938 -65.8722023805
50.9899178045 54.9124985869 -56.2494967306
74.2714397971 29.5799141289 -56.0620020787
74.2707862617 0.1484646591 -40.4681225033
0.1322669944 94.3685008703 -48.6056889145
0.5234045105 85.0128899759 -47.9012051216
82.9758298869 14.1113287847 -48.0138164328
64.2960806494 80.2029985399 -72.5788129868
64.3180310615 42.9494687402 -60.0845169412
64.2778005159 27.0577816700 -49.1765824613
64.2849432095 2.3185870504 -37.7226495114
49.7406863766 31.7222748777 -37.3123247308
90.2717669073 50.2316271873 -79.4465577253
34.7747954794 84.2943360021 -55.7089333284
54.3289436121 0.1499445416 -30.4513834307
59.6268981177 34.2735611365 -54.0500768941
59.6202547775 60.3137608685 -68.2391131497
69.0537083738 60.3122250309 -63.0977161803
59.6141960605 16.9169751890 -43.7894623859
55.5928428223 8.2072498308 -35.2520250045
51.0120370855 36.9891127693 -46.0557841391
54.9572656162 24.8426547204 -42.8879626423
58.1593448777 46.9934152370 -50.5157741722
26.2779137260 24.8397404526 -26.1785173144
30.9902624025 97.6344511005 -72.6416295945
23.6483270676 67.5808391746 -51.6375912500
34.9597147214 67.5797895592 -58.6725737813
34.9582637433 60.2883264663 -54.5886983045
34.9598341083 12.3512255986 -25.5576611853
43.6634085642 45.6347337047 -49.3328453958
43.6592352274 14.9465025704 -31.6789361701
69.0488270287 14.9469086300 -38.0845586182
22.4591875081 74.9368503479 -48.5043215242
0.1023106805 28.3530576071 -13.1809586237
43.5917707574 0.1021181088 -24.6081945681
6.4135739806 71.0008207038 -39.4954473521
14.2546255543 71.0007031369 -45.5277739587
48.9237142192 8.4376603319 -30.1408414038
28.9029800744 39.5031157447 -34.1636719922
17.5000717512 50.9296848897 -37.0234697982
30.9325380516 50.9282084545 -47.1930168567
30.9323875215 0.1011056205 -17.1995841208
7.0551573959 78.2859074055 -47.7524504512
22.9845784398 53.5736199527 -42.8151458364
4.6919951871 53.5729417175 -30.5028647740
21.6253856780 35.5402247844 -30.8130394040
0.1014794323 67.6458559956 -37.1638360945
0.1004700258 35.5399558622 -18.2722178496
0.1005848398 69.7226823746 -27.9419335533
0.1003379071 77.7474912401 -26.1225308240
2.5090506616 46.3052931682 -25.6743655744
25.5251164017 17.0270738328 -20.3541203881
19.6490180521 45.6858917521 -32.7421890007
4.5844266432 60.8968805288 -33.8257537205
7.5797010161 40.8754661980 -25.6638421317
14.8345733653 39.4908104388 -23.5085440496
23.6592434971 6.3081912670 -15.4123193998
7.5800526404 32.1925047166 -20.0861679094
10.9434154624 22.8847280737 -18.1368324055
28.3628332609 30.9775363703 -30.0010908836
19.6851994441 29.5879533550 -26.1695859192
6.6894696398 20.9843743299 -11.2890056658
0.1002368441 16.9468477398 -8.9097667002
14.8734042011 9.7821611967 -9.4905752946
1.0330623966 0.1002568811 0.5637508847
6.8067712406 13.0273717074 -7.9437162821
16.2530999325 15.6272512086 -17.5230639566
8.1967239010 5.5881332414 -6.5123102023
0.1000251011 9.6187600040 -4.5784891203
7.6726260389 0.1000180955 -2.9692138378
