0.8953567707 0.4930964169 0.5999511842 0.5000003199 0.5002464930 0.5004049399 0.4000273740 0.4999990314 0.5001180758 0.5001231011 0.3999910273 0.4999992372
0.8070521577 0.3041634061 0.5999511540 0.5000007494 0.5002530147 0.4998844447 0.4000274022 0.4999990060 0.5001181192 0.5001231047 0.3999910073 0.5000004446
0.5825826028 0.5510967146 0.5999513584 0.5000015617 0.5002483896 0.5001965999 0.4000273872 0.4999990175 0.5001180435 0.5001230795 0.3999910235 0.4999996539
0.2370983056 0.1977233879 0.5999511643 0.5000001244 0.5002372301 0.5001134817 0.4000274121 0.4999990072 0.5001180622 0.5001230498 0.3999910206 0.4999997857
0.4230616865 0.5562207811 0.5999510886 0.5000002343 0.5002360113 0.5000363822 0.4000274028 0.4999990355 0.5001180386 0.5001230138 0.3999910285 0.4999999322
0.7627567567 0.5875162075 0.5999510014 0.5000000555 0.5002310168 0.4999271455 0.4000273970 0.4999990308 0.5001180443 0.5001230672 0.3999910165 0.4999999186
0.4683783567 0.8530965256 0.5999510039 0.5000003110 0.5002414500 0.5000446475 0.4000273868 0.4999990308 0.5001180473 0.5001229940 0.3999910228 0.4999996996
0.7555159327 0.3491895965 0.5999510180 0.4999999599 0.5002263798 0.4999900802 0.4000274150 0.4999990598 0.5001180431 0.5001230443 0.3999910379 0.4999997686
0.3582076763 0.8670753841 0.5999511404 0.4999999599 0.5002263798 0.4999900802 0.4000274017 0.4999990082 0.5001180431 0.5001230250 0.3999909868 0.4999997818
0.3582076763 0.4919535811 0.5999510691 0.4999999599 0.5002263798 0.4999900802 0.4000274018 0.4999990153 0.5001180431 0.5001230250 0.3999909868 0.4999997428
0.9752778368 0.5804277538 0.5999510323 0.5000000562 0.5002302695 0.4999862196 0.4000273979 0.4999990257 0.5001180530 0.5001230079 0.3999910166 0.4999997490
0.6569312717 0.5378548988 0.5999510762 0.5000003313 0.5002271734 0.5000006956 0.4000273877 0.4999990719 0.5001180490 0.5001230236 0.3999910643 0.4999998618
0.9428157798 0.7204944851 0.5999510451 0.4999996821 0.5002320517 0.5000196167 0.4000274266 0.4999990779 0.5001180107 0.5001230249 0.3999910643 0.4999998225
0.8839335374 0.6525623272 0.5999510591 0.4999999123 0.5002043013 0.5000058189 0.4000274039 0.4999990180 0.5001180049 0.5001229308 0.3999910318 0.4999997542
0.5779909078 0.1609698912 0.5999510852 0.4999999636 0.5002283860 0.5000041824 0.4000273965 0.4999990190 0.5001179401 0.5001229420 0.3999910346 0.4999998191
0.8010796159 0.6700934005 0.5999510555 0.4999997720 0.5002294300 0.4999814264 0.4000274327 0.4999990025 0.5001180158 0.5001230001 0.3999910627 0.4999997788
0.7592440772 0.5004673257 0.5999510637 0.4999998870 0.5002095999 0.5000110855 0.4000273934 0.4999990336 0.5001179560 0.5001229752 0.3999911110 0.4999997294
0.1542940361 0.3696023676 0.5999510479 0.4999998543 0.5001804100 0.4999983070 0.4000273650 0.4999990127 0.5001181038 0.5001229764 0.3999910888 0.4999998912
0.6719054112 0.8985465220 0.5999510460 0.4999996283 0.5001914876 0.5000063294 0.4000274478 0.4999990272 0.5001178066 0.5001229482 0.3999911178 0.4999997322
0.8005611575 0.0459834231 0.5999510381 0.4999999581 0.5002329682 0.4999991328 0.4000274631 0.4999990602 0.5001177782 0.5001229502 0.3999911178 0.4999997312
0.8662725726 0.5875631051 0.5999510414 0.4999998221 0.5002045664 0.4999998086 0.4000274657 0.4999990230 0.5001178104 0.5001229699 0.3999911648 0.4999998578
0.3509267305 0.1683205429 0.5999509790 0.4999998777 0.5002215659 0.5000003172 0.4000274812 0.4999990557 0.5001176380 0.5001229228 0.3999911210 0.4999997703
0.9203310656 0.8031320070 0.5999509932 0.5000000060 0.4999807008 0.5000004602 0.4000275008 0.4999990176 0.5001174467 0.5001227980 0.3999911066 0.4999998060
0.7603994034 0.2254279365 0.5999509906 0.4999999977 0.5000017014 0.5000003085 0.4000276130 0.4999989560 0.5001171177 0.5001227272 0.3999911135 0.4999997566
0.4123955974 0.3352992659 0.5999509644 0.4999998579 0.5000029451 0.5000002420 0.4000275681 0.4999991890 0.5001175685 0.5001228739 0.3999911495 0.4999997133
0.2849135174 0.0000000000 0.5999510180 0.4999999555 0.5000036865 0.5000003287 0.4000275493 0.4999990512 0.5001149936 0.5001228994 0.3999911168 0.4999996817
0.8247990435 0.4631070970 0.5999510021 0.5000000029 0.4999985395 0.5000005058 0.4000275198 0.4999987518 0.5001141949 0.5001228361 0.3999911592 0.4999996969
0.6471508885 0.1772598834 0.5999509569 0.4999999532 0.5000003797 0.5000002972 0.4000276010 0.4999990414 0.5001163938 0.5001226043 0.3999911421 0.4999997786
0.2412305598 1.0000000000 0.5999509473 0.4999999952 0.5000010933 0.5000003653 0.4000275279 0.4999990407 0.5001145537 0.5001227548 0.3999911179 0.4999998070
0.7551181812 0.1346572393 0.5999509891 0.4999999667 0.5000036497 0.5000002744 0.4000275463 0.4999991322 0.5001147188 0.5001226758 0.3999911140 0.4999997677
0.6916633794 1.0000000000 0.5999509408 0.4999999885 0.5000013724 0.5000003648 0.4000275527 0.4999989600 0.5001108801 0.5001228373 0.3999911420 0.4999997739
0.8340486222 0.2172268689 0.5999509884 0.4999999676 0.4999997577 0.5000005809 0.4000275368 0.4999991120 0.5000950614 0.5001210143 0.3999911527 0.4999997682
0.7023806389 0.2773093901 0.5999509333 0.4999999533 0.5000009134 0.5000004787 0.4000275604 0.4999990968 0.5000958435 0.5001221326 0.3999911470 0.4999998054
1.0000000000 0.3821393579 0.5999510178 0.4999999585 0.5000009959 0.5000004735 0.4000276323 0.4999991553 0.5000898864 0.5001204640 0.3999911494 0.4999997428
0.6287980204 0.8285703467 0.5999508901 0.4999999490 0.4999999398 0.5000004410 0.4000275848 0.4999990947 0.5000854020 0.5001208519 0.3999911837 0.4999997704
0.8571351139 0.8769502316 0.5999509239 0.4999999507 0.4999996781 0.5000004298 0.4000276159 0.4999990998 0.4999577120 0.5001157470 0.3999912004 0.4999997610
0.0698508570 1.0000000000 0.5999508826 0.4999999447 0.4999999719 0.5000004120 0.4000277181 0.4999991198 0.5000252655 0.5001145917 0.3999912809 0.4999998273
1.0000000000 0.5163176135 0.5999509270 0.4999999351 0.4999998840 0.5000004378 0.4000277516 0.4999991206 0.4999841944 0.5001120277 0.3999912623 0.4999997281
0.5387364280 0.0000000000 0.5999508774 0.4999999561 0.4999999903 0.5000003798 0.4000278317 0.4999990718 0.5000073171 0.5001051901 0.3999912972 0.4999997884
0.7336877538 0.4223300948 0.5999508372 0.4999999293 0.5000000267 0.5000004119 0.4000278565 0.4999991359 0.4999968027 0.5000579620 0.3999913640 0.4999997903
0.7101754492 0.7232094353 0.5999509329 0.4999999409 0.5000000882 0.5000005715 0.4000278642 0.4999990997 0.4999993975 0.5000687325 0.3999912705 0.4999998262
0.6803593062 0.0000000000 0.5999508629 0.4999999606 0.5000000095 0.5000002419 0.4000278660 0.4999991123 0.5000002626 0.5000124016 0.3999915889 0.4999998235
0.6803593062 0.3535715544 0.5999508831 0.4999999247 0.4999999858 0.5000002088 0.4000278602 0.4999991026 0.5000002626 0.4999815646 0.3999915889 0.4999997897
0.6832898763 0.0947717604 0.5999508604 0.4999999381 0.5000000140 0.5000003447 0.4000278725 0.4999990749 0.5000005714 0.4999974019 0.3999915339 0.4999998245
1.0000000000 0.7842819255 0.5999508803 0.4999999598 0.5000000010 0.5000003325 0.4000278639 0.4999990773 0.5000006504 0.4999911776 0.3999914981 0.4999998238
0.9466103605 0.4312667037 0.5999508672 0.4999999485 0.5000000403 0.5000002171 0.4000278874 0.4999990983 0.5000004098 0.5000047548 0.3999916812 0.4999998368
0.6002699573 0.6484859006 0.5999508354 0.4999999701 0.5000000506 0.5000002466 0.4000278739 0.4999990891 0.5000004689 0.5000023586 0.3999915692 0.4999998467
0.8933191540 0.1508102979 0.5999507921 0.4999999902 0.5000000542 0.5000002115 0.4000278992 0.4999991135 0.5000002831 0.5000092984 0.3999917168 0.4999998263
0.2561438708 0.7328020144 0.5999508348 0.4999999344 0.5000000645 0.5000001543 0.4000278987 0.4999991158 0.5000001317 0.5000015384 0.3999917881 0.4999998855
0.4661939319 1.0000000000 0.5999508853 0.4999999336 0.5000000480 0.5000004069 0.4000278966 0.4999990985 0.5000000926 0.4999982808 0.3999921267 0.4999998583
0.9225833733 0.0197074741 0.5999508256 0.4999999828 0.5000000353 0.5000002611 0.4000279320 0.4999991152 0.5000003155 0.5000001097 0.3999923983 0.4999998456
0.3317154778 0.6613067843 0.5999508164 0.4999999550 0.5000000459 0.5000002332 0.4000278992 0.4999990816 0.5000000480 0.5000000430 0.3999913786 0.4999998879
0.4584674192 0.6725116990 0.5999508455 0.4999999719 0.5000000388 0.5000002307 0.4000280704 0.4999990943 0.5000000776 0.4999999599 0.3999937745 0.4999998486
1.0000000000 0.2640125379 0.5999507956 0.4999999566 0.5000000352 0.5000002721 0.4000280969 0.4999991464 0.5000001921 0.5000004054 0.3999943657 0.4999998502
0.5411045178 1.0000000000 0.5999508258 0.4999999511 0.5000000489 0.5000002220 0.4000280945 0.4999991086 0.4999999775 0.5000003023 0.3999961334 0.4999998782
0.1583126277 1.0000000000 0.5999507464 0.4999999693 0.5000000444 0.5000002541 0.4000285667 0.4999991194 0.5000001151 0.4999999856 0.4000080380 0.4999998665
0.3075293279 0.3292758760 0.5999507498 0.4999999783 0.5000000696 0.5000002486 0.4000281013 0.4999991416 0.5000001403 0.5000000476 0.4000073513 0.4999998659
0.1601812376 0.0000000000 0.5999507893 0.4999999824 0.5000000556 0.5000002224 0.4000284789 0.4999991801 0.5000000999 0.5000001289 0.4000150396 0.4999998699
0.2019983024 0.6063782593 0.5999507302 0.4999999621 0.5000000713 0.5000002045 0.4000284943 0.4999992084 0.5000000239 0.5000000552 0.4000179393 0.4999998646
1.0000000000 0.1908516022 0.5999507623 0.4999999479 0.5000000921 0.5000002108 0.4000286815 0.4999991427 0.5000001021 0.4999999523 0.4000145064 0.4999998459
0.7572862459 0.9191835758 0.5999507816 0.4999999732 0.5000000328 0.5000002036 0.4000292558 0.4999993328 0.5000001089 0.5000000308 0.4000469096 0.4999998614
0.6953997512 0.6327844227 0.5999507200 0.4999999420 0.5000000451 0.5000002378 0.4000295727 0.4999992146 0.5000001844 0.5000000001 0.4000283877 0.4999998548
0.9371582378 0.2211024892 0.5999505639 0.4999999441 0.5000000236 0.5000002067 0.4000303012 0.4999992836 0.5000001531 0.4999999985 0.4000503582 0.4999998597
0.9462006487 0.1041565303 0.5999505925 0.4999999530 0.5000000529 0.5000001849 0.4000305073 0.4999991977 0.5000001438 0.5000000305 0.4000428053 0.4999998598
1.0000000000 0.9255947100 0.5999505218 0.4999999592 0.4999999932 0.5000001869 0.4000302224 0.4999992390 0.5000000916 0.5000000100 0.4000503826 0.4999998556
0.8449262620 0.0000000000 0.5999504934 0.4999999549 0.5000000189 0.5000001954 0.4000304965 0.4999992887 0.5000000999 0.5000000161 0.4000544899 0.4999998799
0.9341713100 0.8889969973 0.5999504523 0.4999999365 0.5000000283 0.5000001825 0.4000321623 0.4999992197 0.5000001317 0.5000000324 0.4000518264 0.4999998793
0.5314837391 0.8764118498 0.5999505384 0.4999999479 0.5000000327 0.5000001572 0.4000333554 0.4999993354 0.5000001061 0.4999999717 0.4000496292 0.4999998633
0.9550788970 0.3181220962 0.5999503541 0.4999999563 0.5000000407 0.5000002000 0.4000275929 0.4999992815 0.5000000683 0.5000000365 0.4000502587 0.4999998624
0.6207787413 0.2665204453 0.5999493805 0.5000000059 0.5000000716 0.5000001318 0.4000504751 0.4999993961 0.5000000463 0.4999999420 0.4000505864 0.4999998566
0.5443059721 0.2454537117 0.5999494088 0.5000000123 0.5000000369 0.5000001234 0.4000505864 0.5000002438 0.5000000896 0.4999999117 0.4000506433 0.4999998525
1.0000000000 0.0815673422 0.5999493685 0.5000000008 0.4999999943 0.5000000626 0.4000505680 0.4999998866 0.5000000543 0.4999999373 0.4000506324 0.4999998846
0.0798463105 0.0000000000 0.5999493682 0.4999999895 0.5000000217 0.5000000104 0.4000505658 0.4999999461 0.5000000336 0.4999999363 0.4000506262 0.4999999097
1.0000000000 0.0000000000 0.5999493308 0.5000000039 0.4999999957 0.5000000398 0.4000505676 0.4999999798 0.5000000204 0.4999999193 0.4000506009 0.4999999274
0.8796694428 0.3788301531 0.5999493553 0.4999999965 0.5000000345 0.5000000611 0.4000505751 0.5000000023 0.5000000192 0.4999999235 0.4000506273 0.4999999429
1.0000000000 0.6422266459 0.5999493489 0.4999999923 0.5000000394 0.5000000611 0.4000505754 0.5000000023 0.5000000192 0.4999999235 0.4000506273 0.4999999286
0.7611254141 1.0000000000 0.5999493348 0.4999999915 0.5000000320 0.5000000805 0.4000505677 0.4999999762 0.4999999981 0.4999998783 0.4000506436 0.4999999316
0.7798121564 0.7484916498 0.5999493339 0.5000000643 0.4999999945 0.5000000448 0.4000505681 0.5000000040 0.4999999966 0.4999999086 0.4000506023 0.4999999393
0.6447201400 0.4399256826 0.5999493218 0.5000000462 0.5000000065 0.5000000431 0.4000505632 0.4999999985 0.4999999739 0.4999999473 0.4000505902 0.4999999882
0.6309334633 0.7281733435 0.5999493218 0.5000000462 0.4999999619 0.5000000431 0.4000505632 0.4999999985 0.4999999750 0.4999999473 0.4000505902 0.4999999882
0.9401981914 1.0000000000 0.5999493218 0.5000000390 0.4999999619 0.5000000571 0.4000505830 0.4999999994 0.4999999866 0.4999999346 0.4000505982 0.4999999500
1.0000000000 1.0000000000 0.5999493408 0.5000000342 0.4999999619 0.5000000431 0.4000505830 0.4999999774 0.4999999739 0.4999999477 0.4000505902 0.4999999692
0.4677157270 0.4326272502 0.5999493412 0.5000000225 0.4999999686 0.5000000514 0.4000505798 0.4999999915 0.4999999875 0.4999999388 0.4000506075 0.4999999697
0.0000000000 0.1361664785 0.5999493412 0.5000000270 0.4999999686 0.5000000514 0.4000506191 0.4999999915 0.4999999934 0.4999999404 0.4000506248 0.4999999775
0.7755376033 0.8347375182 0.5999493419 0.5000000270 0.4999999760 0.5000000606 0.4000506191 0.4999999909 0.4999999930 0.4999999323 0.4000505917 0.4999999658
1.0000000000 0.8444548370 0.5999493363 0.5000000270 0.4999999587 0.5000000546 0.4000505402 0.4999999909 0.4999999856 0.4999999323 0.4000506104 0.4999999658
0.5507902856 0.7586321836 0.5999493106 0.5000000328 0.4999999842 0.5000000696 0.4000505532 0.4999999923 0.4999999885 0.4999999176 0.4000506045 0.4999999938
0.5507902856 0.4220417544 0.5999493088 0.5000000328 0.4999999842 0.5000000696 0.4000505930 0.4999999923 0.4999999864 0.4999999389 0.4000506126 0.4999999938
0.6064998558 0.0000000000 0.5999493465 0.4999999856 0.4999999694 0.5000000423 0.4000505368 0.5000000079 0.4999999981 0.4999999597 0.4000505835 0.4999999938
0.4709683663 0.0000000000 0.5999493561 0.4999999770 0.4999999605 0.5000000173 0.4000505359 0.5000000055 0.4999999984 0.4999999469 0.4000505885 0.4999999876
0.8891032407 0.2822371391 0.5999493259 0.4999999766 0.4999999433 0.5000000173 0.4000505310 0.5000000458 0.5000000073 0.4999999440 0.4000505891 0.5000000074
0.4709683663 0.2876543315 0.5999493259 0.4999999877 0.4999999707 0.4999999846 0.4000505346 0.5000000458 0.4999999803 0.4999999440 0.4000505820 0.4999999748
0.4709683663 0.1430133660 0.5999493259 0.4999999840 0.4999999626 0.4999999922 0.4000505219 0.5000000458 0.4999999848 0.4999999440 0.4000505775 0.4999999640
0.6094817733 1.0000000000 0.5999493449 0.4999999906 0.4999999711 0.5000000082 0.4000505160 0.5000000458 0.4999999792 0.4999999440 0.4000505986 0.5000000097
0.3996911600 0.0000000000 0.5999493449 0.4999999817 0.4999999711 0.5000000632 0.4000505279 0.5000000362 0.4999999771 0.4999999552 0.4000505659 0.5000000381
0.8871543527 0.9811235985 0.5999493802 0.4999999930 0.4999999649 0.5000000621 0.4000505141 0.5000000405 0.4999999820 0.4999999551 0.4000505741 0.5000000517
0.5143705547 0.5266586525 0.5999493729 0.4999999640 0.4999999649 0.5000000676 0.4000505136 0.5000000685 0.4999999821 0.4999999635 0.4000505921 0.5000000247
0.8242933574 0.1338625989 0.5999493921 0.4999999784 0.4999999760 0.5000000264 0.4000505405 0.5000000893 0.4999999792 0.4999999700 0.4000506033 0.4999999989
0.8476268019 0.7733598684 0.5999493701 0.4999999784 0.4999999760 0.5000000264 0.4000505310 0.5000000893 0.5000000019 0.4999999700 0.4000505849 0.4999999928
0.3911564506 1.0000000000 0.5999493802 0.4999999755 0.4999999760 0.5000000367 0.4000505925 0.5000000819 0.5000000387 0.4999999989 0.4000505807 0.4999999731
