0.4904618495 0.7715032967 0.4000489543 0.6002337811 0.5000006656 0.5000017453 0.4999482663 0.5000015804 0.4999894707 0.4996138927 0.5000009865 0.3001005766
0.8907852505 0.1497360082 0.4000489968 0.6002337875 0.5000006917 0.5000000350 0.4999482663 0.5000016156 0.4999891805 0.4996138927 0.5000009822 0.3001006079
0.6673132139 0.0000000000 0.4000490076 0.6002337508 0.5000007108 0.5000013847 0.4999482663 0.5000015537 0.4999912440 0.4997646288 0.5000009673 0.3001006052
0.6323044158 0.4809583094 0.4000489861 0.6002337639 0.5000007285 0.4999998700 0.5009262189 0.5000015517 0.4999938421 0.5000200579 0.5000009495 0.3001006060
0.3521799136 0.1795050370 0.4000490002 0.6002334532 0.5000007249 0.4999999817 0.5009262189 0.5000014846 0.4999980047 0.5000026810 0.5000009324 0.3001005888
0.6774789958 0.5721969785 0.4000490113 0.6002333975 0.5000006936 0.5000000197 0.5009262189 0.5000014736 0.4999999123 0.4999887726 0.5000009072 0.3001006211
0.5529968723 0.2260068169 0.4000490230 0.6002333330 0.5000006936 0.5000000197 0.5009262189 0.5000014975 0.4999999286 0.4999887726 0.5000009117 0.3001006071
0.0000000000 0.4422125887 0.4000491725 0.6000537882 0.5000004339 0.5000000433 0.4997304792 0.5000000664 0.4999999905 0.5000000217 0.5000007375 0.3001006800
0.8134667996 0.4259548196 0.4000491570 0.6000537882 0.5000004339 0.5000000433 0.4997304792 0.5000000664 0.4999999911 0.4999999945 0.5000008614 0.3001006800
0.8412820848 1.0000000000 0.4000491239 0.5999728453 0.5000003848 0.5000000388 0.5004261046 0.5000007671 0.4999999769 0.4999999931 0.5000008242 0.3001006891
0.5203130004 0.4026046486 0.4000491239 0.5999728453 0.5000003282 0.5000000494 0.5005672409 0.5000001816 0.5000000325 0.5000000351 0.5000007991 0.3001006901
0.1381114360 1.0000000000 0.4000491747 0.6001052111 0.5000003654 0.5000000420 0.5001739346 0.5000003018 0.5000000024 0.5000000004 0.5000007433 0.3001006701
0.2029180905 0.2924757094 0.4000491796 0.6000280237 0.5000002923 0.5000000351 0.5003287031 0.5000007306 0.5000000114 0.4999999948 0.5000008218 0.3001006646
0.3540251332 0.8327716391 0.4000491796 0.6000280237 0.5000004962 0.5000000298 0.5003287031 0.5000007306 0.5000000114 0.4999999948 0.5000008306 0.3001006967
0.3288367339 0.7622721628 0.4000491897 0.5999842853 0.5000002322 0.5000000634 0.5002656129 0.5000002977 0.5000000287 0.5000000157 0.5000008020 0.3001006738
0.2667674003 0.8573967022 0.4000491897 0.6000288824 0.5000002322 0.5000000168 0.5002656129 0.5000002977 0.5000000287 0.5000000157 0.5000008020 0.3001006793
0.1822384247 0.6099286387 0.4000492225 0.6000316290 0.5000004127 0.5000000916 0.5002656129 0.5000002775 0.5000000243 0.5000000359 0.5000007315 0.3001006805
0.5610240395 0.5397225618 0.4000492060 0.5999718656 0.5000003720 0.5000000236 0.5000481070 0.5000004259 0.5000000180 0.5000000521 0.5000007232 0.3001006788
0.3978208011 0.5397225618 0.4000492060 0.5999781658 0.5000003720 0.5000000487 0.5000481070 0.5000004259 0.5000000099 0.5000000521 0.5000007232 0.3001006788
0.5888129467 0.0000000000 0.4000491706 0.6000428390 0.5000003364 0.5000000609 0.4997073519 0.5000001144 0.5000000099 0.5000000871 0.5000007882 0.3001006781
0.6869532598 0.2751834211 0.4000491706 0.6000428390 0.5000003335 0.5000000306 0.4990642099 0.5000001092 0.4999999692 0.5000000180 0.5000007882 0.3001006758
0.4915478040 0.6091517585 0.4000491583 0.6001185603 0.5000002935 0.5000000397 0.4997073519 0.5000001346 0.4999999683 0.5000000089 0.5000007492 0.3001006965
0.4424525801 0.3402295022 0.4000492380 0.5999489765 0.5000003590 0.5000000448 0.5004217542 0.5000003731 0.5000000228 0.4999999662 0.5000008542 0.3001006787
0.2417560608 0.2405779340 0.4000490752 0.5999502311 0.5000004778 0.5000000392 0.4996843834 0.5000006583 0.5000000162 0.4999999621 0.5000007822 0.3001006891
0.7764786912 0.0000000000 0.4000492482 0.5999502311 0.5000004118 0.5000000921 0.5001137111 0.5000002473 0.4999999836 0.4999999748 0.5000007460 0.3001006615
0.7764786912 0.8899282085 0.4000492482 0.5999502311 0.5000004161 0.5000000310 0.5001137111 0.5000002473 0.4999999836 0.4999999748 0.5000007738 0.3001006615
0.6312789538 0.8165296370 0.4000492327 0.5999865969 0.5000002885 0.5000000114 0.5000208620 0.5000003288 0.4999999933 0.5000000383 0.5000007683 0.3001006702
0.3535828729 0.9202920174 0.4000491762 0.5999676170 0.5000003480 0.5000000643 0.4996548893 0.5000001354 0.4999999740 0.5000000460 0.5000007980 0.3001006783
0.9274872717 0.8655252139 0.4000491031 0.5999606001 0.5000002695 0.5000000077 0.5001703128 0.4999999748 0.5000000359 0.5000000381 0.5000008104 0.3001006927
0.0000000000 0.7128538043 0.4000491823 0.5999606001 0.5000004766 0.5000000580 0.5001703128 0.5000002914 0.5000000359 0.5000000381 0.5000008246 0.3001006753
0.2972966434 0.6860979120 0.4000491823 0.5999606001 0.5000004766 0.5000000580 0.4998530536 0.5000000462 0.5000000359 0.5000000381 0.5000008104 0.3001006704
0.2770051452 0.3391399393 0.4000491823 0.6000001277 0.5000003854 0.5000000580 0.4997865753 0.5000004063 0.5000000359 0.5000000167 0.5000007455 0.3001006424
0.5947492361 0.7061267855 0.4000491766 0.5999606001 0.5000003854 0.5000000090 0.4991083471 0.5000003088 0.5000000374 0.4999999764 0.5000007455 0.3001006989
0.7414871071 0.6746422703 0.4000491626 0.5999620318 0.5000004279 0.5000000090 0.4999287514 0.5000002056 0.5000000006 0.4999999764 0.5000007455 0.3001006706
0.5986947524 0.3180987883 0.4000492356 0.6000545207 0.5000004279 0.5000000090 0.4999553606 0.5000000945 0.4999999923 0.4999999555 0.5000007426 0.3001006923
0.5015665369 0.0000000000 0.4000492652 0.5999713309 0.5000002372 0.5000000401 0.4997073991 0.5000000238 0.4999999911 0.4999998672 0.5000007382 0.3001006511
0.3457349725 0.0000000000 0.4000492415 0.5999598402 0.5000003734 0.5000000161 0.5000110349 0.4999998607 0.5000000078 0.4999999775 0.5000008650 0.3001006958
0.4154913961 0.9224722927 0.4000492130 0.5999804371 0.5000003445 0.5000000102 0.5000110349 0.5000000245 0.5000000196 0.4999999775 0.5000008650 0.3001006800
0.5856574538 0.1293423966 0.4000492238 0.5999515713 0.5000003570 0.4999999777 0.4999895066 0.4999999828 0.4999999982 0.4999998976 0.5000006871 0.3001006584
0.4214545978 0.6259790820 0.4000492180 0.5999568142 0.5000003512 0.5000000312 0.5002394999 0.4999999530 0.4999999488 0.5000000624 0.5000007102 0.3001006868
0.3038345841 1.0000000000 0.4000492180 0.5999568142 0.5000003512 0.5000000645 0.4999564313 0.5000001727 0.5000000502 0.5000000087 0.5000007102 0.3001006868
0.3038345841 0.0826042221 0.4000492043 0.5999645087 0.5000003512 0.5000000312 0.4999564313 0.5000001727 0.4999999488 0.5000001111 0.5000008426 0.3001006591
0.7141370729 0.9233367288 0.4000492776 0.5999459786 0.5000003490 0.5000000461 0.4999564313 0.5000001727 0.4999999488 0.4999999232 0.5000007102 0.3001007011
0.4903145383 0.2847579497 0.4000492245 0.5999459786 0.5000002887 0.4999999996 0.4999564313 0.5000002000 0.4999999380 0.4999999681 0.5000008138 0.3001007005
0.3741816078 0.6775545520 0.4000492483 0.5999459786 0.5000003179 0.4999999897 0.4999355512 0.5000001092 0.5000000151 0.4999999250 0.5000007054 0.3001006757
0.5570945128 0.8465704411 0.4000492551 0.5999550165 0.5000002986 0.5000000160 0.4999725528 0.5000001583 0.5000000209 0.5000000145 0.5000007476 0.3001006912
0.0647229242 1.0000000000 0.4000492614 0.5999679280 0.5000003036 0.5000000355 0.5000189716 0.5000001423 0.5000000448 0.4999999260 0.5000006687 0.3001007336
0.2362649732 0.6607210430 0.4000491720 0.5999642134 0.5000003564 0.5000000355 0.4999095673 0.5000002209 0.5000000143 0.4999999649 0.5000006879 0.3001007126
0.1764285359 0.0000000000 0.4000492307 0.5999488116 0.5000003876 0.5000000736 0.5000094570 0.5000001926 0.4999999689 0.4999999979 0.5000006879 0.3001006639
0.1331269423 0.5591536212 0.4000492313 0.5999430186 0.5000003086 0.5000000283 0.5000217986 0.5000000727 0.4999999389 0.4999999702 0.5000006696 0.3001007110
0.2906068083 0.9235441448 0.4000492358 0.5999516296 0.5000002716 0.5000000242 0.5000457808 0.5000002017 0.5000000185 0.4999999612 0.5000006971 0.3001007487
0.5200002283 0.9506338663 0.4000492146 0.5999499312 0.5000003606 0.5000000320 0.5000084898 0.5000001005 0.4999999487 0.5000000077 0.5000005421 0.3001007570
0.4277682519 0.7316647665 0.4000492091 0.5999525993 0.5000003253 0.5000000746 0.4999939721 0.5000002022 0.4999999351 0.4999999932 0.5000005873 0.3001008055
0.1929881863 0.3723834354 0.4000492445 0.5999499312 0.5000003253 0.5000000035 0.5000136151 0.5000001393 0.4999999816 0.4999999939 0.5000005873 0.3001008055
0.0667710640 0.7900202462 0.4000492261 0.5999577000 0.5000002929 0.5000000403 0.5000177388 0.5000000596 0.4999999705 0.4999999939 0.5000007847 0.3001007363
0.2120797176 1.0000000000 0.4000492402 0.5999460966 0.5000003431 0.5000000448 0.5000108538 0.5000000020 0.4999999863 0.4999999701 0.5000006136 0.3001007533
0.4696297798 0.1637186580 0.4000492086 0.5999444059 0.5000003347 0.5000000255 0.5000191434 0.5000000020 0.4999999889 0.4999999869 0.5000004619 0.3001007533
0.3183802568 0.2701591042 0.4000492423 0.5999477181 0.5000002857 0.5000000508 0.5000053898 0.5000001661 0.4999999713 0.4999999718 0.5000005303 0.3001007864
0.6780224711 0.7274283487 0.4000491931 0.5999521724 0.5000002810 0.5000000242 0.5000038887 0.5000000587 0.4999999958 0.4999999812 0.5000005547 0.3001007153
1.0000000000 0.4434913091 0.4000492392 0.5999477181 0.5000002810 0.5000000242 0.5000038887 0.5000001270 0.4999999958 0.4999999812 0.5000004935 0.3001007121
0.3412331869 0.4145163385 0.4000492146 0.5999439502 0.5000003120 0.5000000117 0.4999951172 0.5000001507 0.4999999964 0.4999999719 0.5000008124 0.3001007285
0.2008128008 0.9203171459 0.4000492524 0.5999480044 0.5000002847 0.5000000341 0.5000034231 0.5000001250 0.4999999762 0.4999999831 0.5000003120 0.3001007195
0.0726694361 0.4869462985 0.4000492219 0.5999496771 0.5000002917 0.5000000346 0.5000110784 0.5000001093 0.5000000092 0.5000000442 0.5000009142 0.3001007665
0.1401056068 0.0515740463 0.4000492237 0.5999496771 0.5000003196 0.4999999880 0.4999996984 0.5000001617 0.4999999567 0.4999999738 0.5000006965 0.3001007374
0.0871031568 0.0000000000 0.4000492256 0.5999496771 0.5000003521 0.5000000391 0.4999997775 0.5000001322 0.4999999782 0.5000000040 0.5000002491 0.3001007184
0.4257659995 1.0000000000 0.4000492406 0.5999495195 0.5000003056 0.5000000124 0.4999994999 0.5000000732 0.4999999951 0.4999999994 0.5000005222 0.3001007640
0.1629659205 0.6780361270 0.4000492297 0.5999527382 0.5000003033 0.5000000222 0.5000023053 0.5000001939 0.4999999965 0.4999999811 0.5000004451 0.3001007233
0.3210581214 0.4925480790 0.4000492109 0.5999495511 0.5000002836 0.5000000202 0.4999975870 0.5000000846 0.4999999841 0.4999999957 0.5000005643 0.3001007810
0.1298512713 0.3653366207 0.4000492109 0.5999499202 0.5000003352 0.5000000131 0.4999975870 0.5000000846 0.4999999718 0.4999999957 0.5000006811 0.3001007810
0.1616542314 0.1404696135 0.4000492356 0.5999505667 0.5000002863 0.4999999794 0.4999998264 0.5000000627 0.4999999766 0.4999999797 0.5000006403 0.3001008054
0.2669590562 0.1404696135 0.4000492317 0.5999512659 0.5000003308 0.5000000388 0.4999998264 0.5000000237 0.5000000034 0.4999999940 0.5000005067 0.3001007445
0.2488559410 0.7320262148 0.4000492255 0.5999488298 0.5000003315 0.5000000143 0.4999986394 0.5000000780 0.4999999988 0.4999999940 0.5000006993 0.3001007777
0.2299520779 0.0512580613 0.4000492287 0.5999521438 0.5000002403 0.4999999648 0.4999978263 0.5000001544 0.4999999761 0.4999999746 0.5000005555 0.3001006951
0.0852807625 0.1461079555 0.4000492280 0.5999540592 0.5000003269 0.5000000227 0.4999990347 0.5000001105 0.4999999761 0.4999999746 0.5000006237 0.3001007717
0.2140980580 0.5304989610 0.4000492373 0.5999496671 0.5000003164 0.5000000156 0.4999997544 0.5000001092 0.4999999667 0.4999999733 0.5000003439 0.3001007698
0.0474973721 0.2787687552 0.4000492514 0.5999488805 0.5000002635 0.5000000058 0.4999999891 0.5000001208 0.4999999890 0.4999999992 0.5000003439 0.3001007454
0.1104300871 0.6202785664 0.4000492440 0.5999499133 0.5000002772 0.5000000244 0.4999994540 0.5000001373 0.4999999716 0.4999999968 0.5000004172 0.3001008096
0.1104300871 0.2705914964 0.4000492721 0.5999499133 0.5000002772 0.5000000029 0.4999999363 0.5000000931 0.4999999780 0.4999999965 0.5000004172 0.3001008096
0.0183314303 0.9323620648 0.4000492417 0.5999497978 0.5000002760 0.4999999817 0.4999998133 0.5000000655 0.4999999702 0.5000000039 0.5000005920 0.3001007193
0.0146926226 0.1905412440 0.4000492713 0.5999495698 0.5000003040 0.5000000201 0.4999999350 0.5000001189 0.4999999675 0.4999999672 0.5000003643 0.3001007597
0.0708471769 0.5499511735 0.4000492671 0.5999502930 0.5000003081 0.5000000638 0.4999999140 0.5000000803 0.4999999724 0.4999999718 0.5000003297 0.3001007838
0.0584016746 0.6803879525 0.4000492805 0.5999493151 0.5000002551 0.5000000283 0.4999999810 0.5000000999 0.4999999831 0.4999999918 0.5000001778 0.3001007736
0.0325931777 0.5988754238 0.4000492805 0.5999494647 0.5000002632 0.5000000587 0.4999999237 0.5000000999 0.4999999689 0.4999999784 0.5000000246 0.3001007708
0.0000000000 0.7887954644 0.4000492580 0.5999496549 0.5000002449 0.5000000375 0.4999999978 0.5000001171 0.4999999603 0.4999999754 0.5000000539 0.3001007695
0.0695197415 0.8672050649 0.4000492897 0.5999493837 0.5000003051 0.5000000114 0.4999999381 0.5000000870 0.4999999798 0.5000000085 0.4999999866 0.3001007419
0.1434595972 0.2012811793 0.4000492681 0.5999495691 0.5000002286 0.5000000371 0.4999999212 0.5000000786 0.4999999686 0.4999999482 0.4999999372 0.3001007833
0.1098768855 0.9427769498 0.4000493104 0.5999493850 0.5000001613 0.5000000548 0.4999999306 0.5000000349 0.4999999647 0.4999999794 0.4999997836 0.3001007833
0.1615901218 0.4669677367 0.4000493421 0.5999494588 0.5000001613 0.5000000195 0.4999999327 0.5000000579 0.4999999674 0.5000000050 0.4999999628 0.3001007968
0.2052563154 0.7789029436 0.4000493574 0.5999493234 0.5000001211 0.5000000053 0.4999999685 0.5000000589 0.4999999759 0.4999999863 0.5000001586 0.3001007797
0.2569927094 0.4344101370 0.4000493574 0.5999493978 0.5000001341 0.5000000126 0.4999999763 0.5000000529 0.4999999721 0.4999999492 0.4999999694 0.3001007732
0.2569927094 0.5886828720 0.4000493948 0.5999493066 0.5000001190 0.5000000053 0.4999999719 0.5000000566 0.4999999721 0.4999999492 0.4999999421 0.3001007898
0.0000000000 0.5107010471 0.4000493948 0.5999493066 0.5000001472 0.5000000402 0.4999999523 0.5000000566 0.4999999721 0.4999999966 0.5000000019 0.3001007898
0.0000000000 0.3749119298 0.4000493670 0.5999493949 0.5000001072 0.4999999885 0.4999999605 0.5000000731 0.4999999557 0.4999999617 0.5000000019 0.3001007809
0.0000000000 0.0000000000 0.4000493972 0.5999494503 0.5000001584 0.5000000413 0.4999999442 0.5000000724 0.4999999660 0.4999999634 0.5000000028 0.3001007830
0.0000000000 0.8536443729 0.4000493822 0.5999494503 0.5000001970 0.5000000413 0.4999999524 0.5000000724 0.4999999718 0.4999999843 0.5000000374 0.3001007830
0.0000000000 1.0000000000 0.4000494647 0.5999494503 0.5000001307 0.5000000339 0.4999999541 0.5000000429 0.4999999755 0.4999999593 0.5000000374 0.3001007749
0.0596139490 0.0858837287 0.4000496811 0.5999494045 0.5000001323 0.5000000224 0.4999999470 0.5000000585 0.4999999847 0.4999999827 0.4999999896 0.3001007982
0.2050660526 0.8467078911 0.4000503377 0.5999493947 0.5000001323 0.4999999962 0.4999999470 0.5000000377 0.4999999878 0.4999999760 0.4999999896 0.3001008071
0.2064517139 0.1846103567 0.4000504152 0.5999493950 0.5000001323 0.5000000596 0.4999999378 0.5000000135 0.5000000089 0.4999999841 0.5000000065 0.3001008382
0.1281509396 0.7302756194 0.4000499553 0.5999493942 0.5000001323 0.5000000606 0.4999999657 0.5000000331 0.4999999892 0.4999999552 0.4999999985 0.3001008125
