1.6430800914 0.5647774702 0.3945135135
0.2161496905 1.0463747245 1.3372523485
0.6049806852 1.4604646542 0.5327624987
1.7726769858 0.0000424539 0.8501005185
0.8553024118 0.6863132269 0.9891388330
0.8556462680 0.5059817675 1.1724534846
1.0553492751 0.6314836074 0.8599735177
1.4391646237 0.0000409337 1.1076011680
0.4019146013 0.3308103124 1.7963994916
1.2820611707 0.3404206970 0.9066428071
2.1418951285 0.1820171252 0.2178338893
0.3670517621 1.0224349232 1.1459161822
0.4985602763 0.8618282945 1.1854797587
1.8901274783 0.0000405734 0.6386211941
0.6339683491 1.6027996782 0.2920406567
0.9787740497 0.8151983176 0.7348363153
0.4572213200 1.1559290517 0.9565442014
1.7593420070 0.7643435244 0.0072996851
0.1804906584 0.5386664753 1.8096370003
0.2367960042 1.4275035960 0.8648525816
1.4121744392 0.4769525249 0.6397852068
1.5664834904 0.3121280028 0.6501648178
0.6732926983 1.8184913210 0.0370397078
0.6708719900 0.8017152444 1.0562364928
0.1571297803 1.2023549693 1.1693526883
0.8423475664 0.2236299975 1.4627934512
1.0396934072 1.3615910559 0.1275238354
0.9796412825 0.2482239590 1.3009014537
0.4217741229 0.1068874336 2.0001107685
1.0073647950 1.5071801546 0.0000402893
1.9930410914 0.0741749501 0.4473706894
0.7300572542 1.3894776467 0.3950516263
1.3553988662 0.6596501063 0.4995400722
0.5948234748 1.1320879226 0.7876777745
1.0264559695 0.4328474517 1.0553255997
0.4539714320 1.8316125775 0.2159289897
1.1654374578 0.1867047916 1.1500737472
2.1567056638 0.3454788109 0.0000400421
1.4461734870 0.2316710151 0.8243693917
0.0000399846 2.1648792718 0.3344309422
1.4334455893 0.7963775466 0.2713622999
1.1987022281 0.6434381726 0.6590523594
0.7559783253 0.9754951706 0.7697097430
0.1387871652 0.7045771031 1.6578187649
0.5583189008 0.2855847413 1.6588790047
1.7808465623 0.1593488990 0.5678205419
0.3414386642 2.1631985389 0.0000400911
0.2502787304 1.5855939549 0.6688040998
0.6512674670 1.2247803479 0.6239464750
0.4861156275 2.0155489116 0.0000400317
0.0000399962 1.9287720067 0.5711158101
0.0000399836 0.6693163047 1.8299412867
2.3050002645 0.1942582623 0.0000399836
1.9595061790 0.3695950146 0.1702198786
0.0000399837 2.3290445670 0.1702186622
0.3035997455 0.6090048764 1.5889584847
0.3543095896 1.6875955300 0.4574028952
0.7951029722 1.0893681250 0.6148363965
1.9382050336 0.5612002631 0.0000399865
0.1717081053 0.8715996390 1.4560322591
1.5995790192 0.6952085484 0.2046291957
1.3088996898 1.0032793064 0.1872239290
1.5795883962 0.0000399835 0.9196649080
1.0988194976 0.0000399873 1.4006258789
0.7873293747 0.3855761781 1.3275518060
0.5747866996 0.9783172422 0.9470622068
0.6044753789 0.5902795971 1.3046095609
0.9049595417 0.0000399835 1.5942936601
1.2630355228 0.0000399834 1.2362169279
0.1724961767 1.9304003411 0.3964139279
0.6117384819 0.4159848904 1.4715689770
0.0000399835 1.1663829688 1.3328695266
0.7551902103 0.0000399882 1.7443008505
0.3937930811 0.6994280076 1.4060736401
0.1691364303 2.1704781765 0.1596780820
1.4986336992 1.0006172681 0.0000399834
0.5946584176 0.0000399834 1.9045934753
0.0000399834 1.3463719527 1.1528799506
0.1545016745 2.3447493440 0.0000399834
1.0997387154 0.9768674683 0.4226843609
0.8751757189 1.3714603648 0.2526558317
0.2630981243 0.0000399834 2.2361524612
1.3567311897 1.1425200890 0.0000399834
1.7620631973 0.4908872061 0.2463417622
0.1031859597 0.0285376597 2.3675677004
2.4992097948 0.0000399834 0.0000399834
0.0000399834 0.2988589204 2.2003925690
0.0000399834 1.6936105469 0.8056385306
2.3567615076 0.0000399834 0.1424881809
0.7248174766 0.1590818568 1.6153906529
0.8552191680 1.2369684893 0.4070999129
0.0000399833 1.5290795589 0.9701661218
0.0000399832 0.5172977352 1.9819417124
1.1613675700 1.1368796368 0.2010136286
0.1784257349 0.1746642654 2.1462007019
0.4205717475 1.3025530631 0.7761218628
0.1139924531 0.3529849818 2.0322697559
0.1333534300 1.7649895029 0.6008919526
0.0106327273 0.9085992481 1.5798752687
0.0000399797 2.4990272807 0.0000399797
