0.6259419389 0.7404215605 0.5079718831 0.4926682948 0.4631878146 0.4848518158 0.5527060952 0.3918757749 0.4797295654 0.5010368860 0.4837418658 0.5009988384
0.4521356289 0.7490092207 0.4589534880 0.4500945502 0.4515699555 0.3715497615 0.4778523316 0.6469232872 0.5015966868 0.5020001363 0.5129990511 0.5382443973
0.5961715118 0.3460692209 0.4278533555 0.4551729030 0.5324215062 0.4627045777 0.4761482728 0.6165213310 0.4942993012 0.5100261245 0.4690437764 0.4952038123
0.5671262480 0.1756937075 0.4636086490 0.4404505764 0.5268803744 0.5139600856 0.5271363961 0.4971241479 0.5029491475 0.5074187403 0.4956278504 0.5159615987
0.2981711490 0.1340631940 0.4912034844 0.4614465930 0.5088404931 0.5116037173 0.4875777909 0.5245532562 0.4958039046 0.4724725499 0.5319074410 0.5006155619
0.6808735351 1.0000000000 0.5050261526 0.4437082441 0.4899267176 0.5072706904 0.4698712542 0.4981465013 0.5012367599 0.4913254324 0.4989203445 0.5121522311
0.4615963515 0.0000000000 0.5050261526 0.4959286832 0.5092531325 0.5140474781 0.4795626417 0.5195586060 0.5012367599 0.4957975543 0.4944520460 0.5203121855
0.5454757366 0.2793417951 0.4516521865 0.4993696436 0.5009964375 0.5080295417 0.4679518308 0.5179161624 0.4615628373 0.4908735769 0.5114989824 0.5587534384
0.0000000000 0.2793417951 0.4516521865 0.4993696436 0.5009964375 0.5242082176 0.4963658372 0.5045495298 0.4615628373 0.4908735769 0.4804399932 0.5089795766
0.2729275218 0.2673591044 0.5327236614 0.4490893335 0.4956352041 0.5242082176 0.4401602307 0.5117685608 0.4584689586 0.4846024546 0.5100670442 0.4905420959
0.7001961300 0.7708913831 0.4466778601 0.4495166880 0.5026461284 0.4951048657 0.5334674690 0.5083592580 0.4943695264 0.4657866200 0.4841703950 0.5374501970
0.5203779110 0.4987665723 0.4466778601 0.4561812448 0.4993588977 0.5065232511 0.5280964193 0.5027093259 0.4914414362 0.4982440479 0.4765062764 0.4809055786
0.0645175054 0.2850505483 0.5021650728 0.4878728810 0.5023384332 0.5041899332 0.5128382948 0.5026295084 0.5092951634 0.4937867901 0.4905763450 0.4990605231
0.1931218713 0.2270718428 0.5021650728 0.4878728810 0.5072893344 0.4939636286 0.5128382948 0.5151103850 0.4864471760 0.5176365520 0.5022521700 0.4990605231
0.0922361487 0.4523487710 0.5141406051 0.5101269104 0.5108733249 0.4969948371 0.4936469657 0.5263671775 0.4999165693 0.4880250832 0.4975525464 0.4981414185
0.1583335587 0.8707131582 0.4616115846 0.4316906320 0.5108733249 0.4969948371 0.5094602638 0.5201394441 0.4944199810 0.4917119212 0.4722740586 0.4981414185
0.6217131144 0.8707131582 0.4616115846 0.4316906320 0.5108733249 0.4969948371 0.5094602638 0.5130772090 0.4950382825 0.4875796014 0.4887665513 0.5058794730
0.5183588161 0.7137988397 0.5408802323 0.4964098306 0.5044211142 0.4917775486 0.4750225856 0.5245137742 0.4885312169 0.4879526894 0.4768043900 0.4953814700
0.1048008907 0.1239559115 0.5259205448 0.4995156156 0.5019211922 0.4766429159 0.4857852130 0.5143310615 0.4911299870 0.5027845857 0.4867223300 0.4948628412
0.1048008907 0.8284715822 0.4988069092 0.4684567752 0.4967428602 0.4996843749 0.5115775151 0.5066156185 0.4911299870 0.4794451460 0.4919435500 0.4948628412
0.0000000000 0.8615483295 0.4943551095 0.4871327414 0.4906012176 0.5057411618 0.5108606237 0.4902548579 0.4869201795 0.4872132569 0.4996395312 0.5027449622
0.0935663128 0.9005440587 0.5060603121 0.5119157740 0.4903991788 0.4998556900 0.4896091939 0.5024968940 0.4904308147 0.4725071006 0.4982789760 0.5050074549
0.0000000000 0.3825965256 0.4927604278 0.4827520716 0.5012843772 0.4973660387 0.4896091939 0.5087285738 0.4968051190 0.4953519867 0.5020451186 0.4943488604
0.0000000000 0.4514555002 0.4993218389 0.5070391364 0.5004629173 0.4947628790 0.4965071349 0.5077551777 0.4855860554 0.5019175948 0.5095695335 0.5007420090
0.1264081480 0.3918601105 0.5588783237 0.4979050601 0.5004629173 0.4947628790 0.4965071349 0.5077551777 0.4946113662 0.5019175948 0.4968374215 0.4946894211
0.3535267478 0.5883465925 0.4921000773 0.4972917828 0.5004629173 0.4990116955 0.4965071349 0.5091287928 0.4946113662 0.5019175948 0.5046401319 0.4982365930
0.0620661580 0.7756527037 0.5108423409 0.4972917828 0.5004629173 0.4887315723 0.4963560312 0.4951501428 0.5012730237 0.4764921354 0.5046401319 0.4912273946
0.4518358663 0.6628435117 0.4991703381 0.4757739872 0.5030102736 0.4978726827 0.5087186448 0.5144628872 0.4921594012 0.4803174188 0.4991656730 0.4981913928
0.3738192785 0.7141140093 0.4823162580 0.5000494954 0.4919794028 0.4973956754 0.4965945067 0.5019351319 0.4990902484 0.4874281147 0.5070170006 0.4990965834
0.0598031523 0.0254423450 0.4939438598 0.5027182528 0.4969802176 0.4894899483 0.5073736511 0.5019351319 0.5051292498 0.5036985678 0.5018132095 0.4968115410
0.1482969122 0.9481114101 0.4939438598 0.5027182528 0.5026621409 0.4894899483 0.4946263464 0.5108304785 0.5051292498 0.4815202513 0.5018132095 0.4951700966
0.1683931455 0.1619536544 0.4981496712 0.4973717251 0.4917617820 0.4943374532 0.4979581787 0.5080497714 0.4943527519 0.4918352651 0.4999491798 0.5012598807
0.0444672410 0.9448495019 0.4921379207 0.4907933790 0.4943855323 0.4962776851 0.4789558440 0.5005513707 0.4998965149 0.4867208759 0.5017838935 0.5010351022
0.3867399699 0.3231485499 0.5210468903 0.4943778132 0.4985557040 0.4937069331 0.5029642201 0.5019105278 0.4949707718 0.4940961161 0.4946058231 0.5023130136
0.3954823493 0.8638211280 0.5098812683 0.4980124880 0.4963900267 0.4972452253 0.5186236782 0.5043364903 0.4971814929 0.4960006787 0.4956324948 0.5029067333
0.4603395254 0.4476042837 0.5090824563 0.5002519983 0.5007490220 0.4970307570 0.5186236782 0.5016294881 0.4946023691 0.4877701950 0.4959987446 0.5006891560
0.2019501273 0.3093033966 0.4978215393 0.4907714320 0.4967426632 0.4962754177 0.5063045693 0.5025498962 0.4982976336 0.4914125785 0.5003294673 0.4983500754
0.5522860813 1.0000000000 0.4978215393 0.4941944076 0.4962240232 0.4983455571 0.5063045693 0.5073486026 0.5035523333 0.4981585344 0.5003829516 0.4976055874
0.1130941300 0.2134216764 0.5029596405 0.4998279131 0.4990288466 0.4993000077 0.4866379339 0.5069183433 0.4961620869 0.4910161159 0.4968912820 0.4994551084
0.3903547415 0.4136645655 0.5021157638 0.5016334350 0.4977672049 0.4974490486 0.4980551580 0.5019707117 0.4963815846 0.4955974949 0.4971955887 0.5000857830
0.3903547415 0.0317616023 0.5049953731 0.4982782038 0.4945486824 0.4974490486 0.4885139451 0.5019707117 0.5014873466 0.4952551755 0.4971955887 0.5006027470
0.1257129866 0.3129442829 0.5053502103 0.4932592874 0.4990276772 0.4956015074 0.5013768103 0.5038433998 0.4996238215 0.4979734733 0.4991539974 0.4992904154
0.1820823769 0.4248118777 0.5009981012 0.4930313329 0.4990206282 0.4968700243 0.4978119336 0.5059260414 0.4991145810 0.4955901259 0.4991539974 0.4984154407
0.7256054013 0.1640567361 0.5005888362 0.5006700166 0.4998448721 0.4983135773 0.5011955220 0.5032722241 0.4990811032 0.4981299774 0.4987606410 0.4997125233
0.6265814893 0.4856712657 0.5005888362 0.4937214055 0.4981010251 0.4955657491 0.4928683331 0.5013423252 0.4983989180 0.4948946959 0.4978034440 0.5020243074
0.0593664779 0.1759236660 0.5049425114 0.4997708370 0.4994170324 0.4976847689 0.4969628548 0.5013848365 0.4953811489 0.4980597947 0.4953409336 0.4977011736
0.3306291446 0.8313210785 0.5001270362 0.4997708370 0.5005753748 0.4947256276 0.4969628548 0.5022738929 0.4987401653 0.4963294131 0.4987923188 0.4977011736
0.0000000000 0.7907878564 0.5001270362 0.4997708370 0.4973279108 0.4947256276 0.4969628548 0.5018372598 0.5042596297 0.4967158110 0.4987923188 0.4978295214
0.4961518338 0.1529060618 0.4986741183 0.5027756135 0.4969098159 0.5028160673 0.4991315663 0.5018994776 0.4981554550 0.4978471975 0.5004555833 0.5001060903
0.8488880640 0.0487833334 0.4989159820 0.4998824974 0.4981405472 0.4945059747 0.4991315663 0.5014508306 0.4985742817 0.4947069763 0.5004555833 0.5006361608
0.3030874350 0.0487833334 0.5047700010 0.4953012523 0.4978291208 0.4955453064 0.4977412122 0.5031370918 0.4990578067 0.4994876951 0.4999412139 0.5009260702
0.6707260511 0.0487833334 0.5029757558 0.5016064150 0.4987894155 0.4955453064 0.5028081178 0.5022424236 0.4990578067 0.4973588792 0.4999412139 0.5009260702
0.0580166767 0.5567160974 0.4979496862 0.4973453062 0.4985717103 0.4935430209 0.5007398404 0.5020110486 0.5005996745 0.4930373652 0.4998359349 0.5009260702
0.9597434406 0.0487833334 0.5030221804 0.4917863877 0.5004763034 0.4960857459 0.5019516068 0.5022424236 0.4958721871 0.4955153076 0.4991194661 0.4977765063
0.5201063197 0.0487833334 0.4988483687 0.4980200034 0.4969366036 0.4978841746 0.5018039105 0.5022627518 0.4977442772 0.4955153076 0.4991194661 0.4977765063
0.0000000000 0.0487833334 0.5000215667 0.4980200034 0.4984529895 0.4978841746 0.4990163267 0.5022424236 0.4977442772 0.4955153076 0.4988083694 0.4971367656
0.2420982661 0.3752773580 0.5018653177 0.4980200034 0.4973119834 0.4989106465 0.5001249821 0.5022424236 0.5014741860 0.4945794458 0.4988083694 0.4971367656
0.2420982661 0.4609888668 0.5046173262 0.4965728843 0.4983713107 0.4932683622 0.4969928945 0.5048323168 0.5006606990 0.4933992769 0.4994055674 0.4971367656
0.2420982661 0.0873510144 0.5007623785 0.4994183620 0.5007874577 0.4997187122 0.4990163267 0.5032455576 0.5014741860 0.4933992769 0.5002973150 0.4971367656
0.6781394056 0.6002273678 0.5007623785 0.4994183620 0.4967793001 0.4970598065 0.4990163267 0.5032455576 0.4998347027 0.4969848322 0.5002973150 0.4971367656
0.1569823001 0.6002273678 0.5007623785 0.4918955595 0.4993102554 0.4981073523 0.4990132681 0.5019308235 0.4959484883 0.4966142110 0.5002973150 0.4971367656
0.0000000000 0.5163637483 0.4983918355 0.4994183620 0.4997429373 0.4996724468 0.4965990262 0.5029474754 0.4989395787 0.4995746170 0.4994820814 0.4986602834
0.0915449186 1.0000000000 0.5035488142 0.4994183620 0.4997037899 0.5000887541 0.4997081587 0.5023397181 0.4980533372 0.4997902675 0.4989479324 0.4991980499
0.1934445474 1.0000000000 0.5000994394 0.4913988694 0.4997037899 0.5000887541 0.4976861197 0.5041497365 0.4980326946 0.4971719949 0.4993182621 0.4991980499
0.8105943011 0.2458679136 0.4985779815 0.4994170732 0.4990421455 0.4966567981 0.4984475198 0.5021967775 0.4988025381 0.5000347995 0.4993791271 0.5003908710
0.5869888095 0.0000000000 0.5001593430 0.5017641718 0.4981567882 0.4993548780 0.5039458423 0.5024516697 0.4983893209 0.4999392346 0.4975948263 0.5011046477
0.1351121516 0.0000000000 0.5000233071 0.4949539272 0.4989104077 0.5023098757 0.4951980378 0.5025318206 0.5006447553 0.4994960668 0.4985536290 0.5006544996
0.8916477128 0.3601481765 0.5011115996 0.4973898390 0.4990405260 0.4984105986 0.4990409710 0.5033219342 0.4974461559 0.4973934263 0.4982038995 0.4991694700
0.0000000000 1.0000000000 0.5018203835 0.4980026986 0.5007170519 0.5020222929 0.5003230472 0.5004064913 0.4994663794 0.4970533134 0.4988614368 0.4991903441
0.5180192096 0.8933269135 0.5018203835 0.4980026986 0.5007170519 0.5020222929 0.5003230472 0.5007694659 0.4973047192 0.5010274892 0.4997134609 0.4993707942
0.4517310462 1.0000000000 0.5018203835 0.5001267172 0.4994509798 0.4976077110 0.5003230472 0.5007694659 0.4994663794 0.4998491791 0.4981505816 0.4991903441
0.8070444695 0.8308401726 0.4982424064 0.5045822237 0.4997111762 0.4976077110 0.5003230472 0.5026428571 0.4994663794 0.4971272565 0.4990699563 0.5009432146
0.0000000000 0.6754255720 0.4982424064 0.5000738855 0.4971462315 0.4976077110 0.5003230472 0.5029486515 0.4994663794 0.4971272565 0.4990699563 0.5009432146
0.4126353471 0.5134317326 0.4992414164 0.5023345371 0.4993350066 0.4999928894 0.5002063188 0.5016181116 0.4999761357 0.5002939452 0.5017739442 0.5002138097
0.2026172949 0.6556597014 0.5011095410 0.5003448009 0.4979414869 0.4994720217 0.4993015127 0.5010170764 0.4989895274 0.4999292946 0.5002703776 0.5003982677
0.3551860213 0.9339462453 0.5003829751 0.5003448009 0.4996690124 0.4979558648 0.4994641942 0.4996238525 0.4994135943 0.5000799830 0.5002703776 0.4998005595
0.2121344736 0.9339462453 0.5003829751 0.5003234886 0.4996690124 0.4985988883 0.4987107505 0.5010010390 0.5006965047 0.4990500298 0.4964733350 0.4990257485
0.3163318377 0.3422527826 0.4998451299 0.5000004371 0.4991941043 0.5001244576 0.4998674912 0.5012343481 0.4991182689 0.4978574275 0.4991244014 0.4992794815
0.0588234985 0.6424530210 0.5008256957 0.4968619492 0.4996832124 0.4971381855 0.4997030992 0.5009978365 0.4990052890 0.4992026125 0.4987360675 0.4997807934
0.1205652868 0.5438829797 0.5002317723 0.4986535235 0.5000003898 0.4996802177 0.4998871643 0.5005967473 0.5002750609 0.4989505003 0.4994421322 0.4998089297
0.0645805230 0.3722033779 0.4999401017 0.5001849071 0.4992353629 0.5000134446 0.4993569706 0.5004575511 0.4994534664 0.4998746441 0.4999219928 0.4997321392
0.2343895629 0.1558801939 0.5003857693 0.4995116489 0.4989047504 0.5000134446 0.4996913744 0.5009070771 0.4995075857 0.4998746441 0.4999224199 0.4998814258
0.0000000000 0.1230278782 0.5003623276 0.4997239877 0.4999297728 0.4990689815 0.5000870933 0.4999906687 0.4995204765 0.4998746441 0.4999999889 0.5000356366
0.1738016222 0.0569279346 0.5003764155 0.4996926889 0.4998238841 0.4998440489 0.4999054901 0.5010516387 0.4988250257 0.5002934052 0.4992242311 0.4997772047
0.1798908731 0.5063866082 0.5003621645 0.5000199985 0.5000320054 0.4998686059 0.5001256253 0.5001164654 0.4999773853 0.4999433601 0.4989838567 0.4999108823
0.1955737262 0.8050995010 0.5001935399 0.4998354062 0.4999754062 0.5000053979 0.4999374223 0.5002158799 0.5001452723 0.4999641460 0.4995867286 0.4999760433
0.0000000000 0.6055298052 0.5002733566 0.4999545446 0.5000078595 0.4999002901 0.4998866930 0.5006688065 0.4997587059 0.5000721409 0.4999495417 0.5000645762
0.2922806251 0.7583499444 0.5002733566 0.4999545446 0.5000078595 0.5001143638 0.4998866930 0.4999651513 0.4999632764 0.5000828974 0.4999495417 0.5000869921
0.3105320554 0.2059202067 0.5002664177 0.4999678518 0.4998420158 0.4999632615 0.5000318722 0.4998397434 0.4998598276 0.4998537673 0.4996776482 0.4999149330
0.2647828140 0.8852386531 0.5003123211 0.4999678518 0.4998338025 0.4999632615 0.4998053843 0.5000595247 0.4998839938 0.5000671526 0.5000457567 0.4999703067
0.3237275591 0.4504720909 0.5003534916 0.5000653728 0.4999790563 0.4999800331 0.4998566460 0.5000507808 0.4998754368 0.4999668294 0.4998764859 0.5000438908
0.2535448086 0.0000000000 0.5002148942 0.4999992251 0.5000366325 0.4999350096 0.5000357155 0.5000705317 0.5000081172 0.4999790022 0.5000202294 0.4999935477
0.2654059487 0.6231472450 0.5001943491 0.4999673027 0.5000180954 0.4999889772 0.4999430511 0.5000097826 0.5000173188 0.4999843391 0.5000202294 0.5000463665
0.2856975661 0.5416686375 0.5001548462 0.4999673027 0.4999989757 0.5000738095 0.4999940026 0.5000487714 0.5000104666 0.5000429670 0.5000202294 0.4999706596
0.3257960434 1.0000000000 0.5001481783 0.5000059922 0.4999989114 0.5000033833 0.4999970013 0.4999877197 0.4999864544 0.5000085801 0.5000068368 0.5000013847
0.1584157547 0.7151370264 0.5001134759 0.5000059922 0.4999989114 0.5000160987 0.5000006105 0.4999877197 0.4999637641 0.5000085801 0.4999733616 0.4999975009
0.2595446944 1.0000000000 0.5000159887 0.4999812413 0.4999989114 0.4999723428 0.5000027714 0.5000095570 0.4999803256 0.4999940954 0.4999733616 0.5000045691
0.4088951652 0.2481386971 0.4999801930 0.4999722053 0.4999950725 0.5000186423 0.5000043138 0.5000073882 0.5000000862 0.5000020053 0.4999771096 0.4999952123
0.4345673407 0.1093889478 0.4999939957 0.4999924509 0.5000136210 0.4999951250 0.4999921258 0.5000176326 0.4999441566 0.4999996293 0.4999801646 0.4999962017
0.3695465066 0.1078466349 0.5000967736 0.4999887146 0.4999964709 0.4999951250 0.4999921258 0.5000171799 0.5000234138 0.4999996293 0.4999759040 0.5000026548
