1.5172342513 1.0173992041 0.9748386194
1.7534926142 0.8237798382 0.6945526425
1.5197591370 0.0000000000 1.3614529146
1.8297510182 0.3311395424 0.8313414077
0.0000000000 1.0923659198 1.7190022128
1.3353105354 0.0000000000 1.5377951936
1.6645799597 1.0334781998 0.5866627220
0.4486997895 0.0000000000 1.9937429666
0.2248145815 0.6050243479 1.9353378933
0.6453603397 0.0000000000 1.9350914528
0.5909516186 0.2619341506 1.9382096625
0.4686613747 1.5187967965 1.2771654783
0.0000000000 1.3028926609 1.5673740942
1.9768150470 0.5016270776 0.0000000000
1.5798721043 0.4009007458 1.2257164998
1.4390149791 1.1832303303 0.8230825082
0.6186381158 0.9162190649 1.7106565968
1.0682368787 1.2407760807 1.2115958712
1.3005758334 1.2131925737 0.9926101690
0.8250068092 1.5823351735 0.9959130959
0.2260899624 1.2701876496 1.5761803821
1.2461654932 0.3336779141 1.5760743449
1.1353631062 0.0000000000 1.6909262651
0.6472028506 0.5333711534 1.8586000571
0.1113438260 0.8312391200 1.8585995354
1.2021302450 1.4131461809 0.8403765947
1.9157460713 0.3168509858 0.6193409282
0.3065742984 1.8355048525 0.8278406348
1.7441971551 0.2884779962 1.0287360036
1.3833402306 0.9894719612 1.1471694248
0.0000000000 1.6889520041 1.1391851186
0.0000000000 0.6617864331 1.9260693020
1.5589938577 0.6011112376 1.1647178236
0.5010413271 1.6449983672 1.1088130763
0.2911992832 0.9560535617 1.7778154386
0.8591160460 1.1406324296 1.4521593167
1.7629940452 0.5519393263 0.8574372194
0.0000000000 1.5552449038 1.3149190866
0.3480928450 0.2049741452 1.9960899227
1.0239202294 0.5297865052 1.6793872496
0.5031147555 1.1517062348 1.6031762096
0.9798765223 0.7869496019 1.6031234140
1.3769430965 0.1991205545 1.4922861789
1.0645369631 0.2635922009 1.7162533741
1.3024244979 0.7342747286 1.3829275502
0.0021992405 0.2321765625 2.0240602499
1.3064398870 1.4333092530 0.6212607395
1.3376741919 0.5400881710 1.4373122685
0.8035613150 0.7285052065 1.7235078739
1.1164020708 1.0121252802 1.3697319558
1.2572859658 1.6020815419 0.0000000000
0.7251714492 1.8071472254 0.5956664195
1.7860468317 0.0000000000 0.9780140997
0.8524615346 1.6630515071 0.8088697073
1.1667226934 0.6605261783 1.5325200705
0.6651980121 1.6944329880 0.9127437120
0.1720516225 1.4327670813 1.4369129247
0.4983207962 1.3540062467 1.4366483682
0.0895989041 1.8810305991 0.7748366724
0.8460736126 0.3713415213 1.8144442527
0.7191959507 1.3785919337 1.3152796289
0.5761160961 0.7221851350 1.8141531077
0.2651608835 1.6845996205 1.1122064637
0.9334460452 0.0206123692 1.8091072689
0.0000000000 0.0000000000 2.0356353615
1.6143008475 0.7266557511 1.0061455612
1.8433657987 0.5907661546 0.6302592706
1.0424320563 1.5754019598 0.7577096021
1.9029613775 0.0000000000 0.7212313332
0.0000000000 1.8003742289 0.9500790543
1.1387854455 1.5898980107 0.5566943449
1.4557220181 1.3148955972 0.5245182212
1.5786630447 1.1567357071 0.4711177570
1.7712346218 0.8993283235 0.2280497995
1.3510400812 1.4668813876 0.1446532472
1.8548002002 0.7203619277 0.1969006141
1.9123886024 0.5526635930 0.1879033074
0.5960939762 1.8789700598 0.3348407906
1.8719863571 0.6036016856 0.3595927592
1.4157899424 1.3687311890 0.3465380761
0.2652975559 1.9609348716 0.2869259453
1.4962064392 1.3128164972 0.1893515163
1.9928527884 0.0771246183 0.1434030102
0.6975979064 1.8660104429 0.1712806195
1.0112030624 1.7189537804 0.1436702206
1.6759862653 1.0394646415 0.3294816585
0.8502664125 1.7851525085 0.2970730819
1.2498585137 1.5365531036 0.2735564294
0.0000000000 1.9903118279 0.1913993072
1.9816044891 0.2499338012 0.0935500186
0.7387051319 1.8580337980 0.0000000000
0.0000000000 1.9647316992 0.3712199035
1.9696854892 0.2162749310 0.2674679239
1.9258210132 0.3931982287 0.3668561552
0.4256779769 1.9189032499 0.3668561552
0.4319476841 1.9471663084 0.1412070353
1.9766495888 0.0000000000 0.3013822560
1.0297591999 1.6648059740 0.4074210658
1.2520381183 1.4908583405 0.4557596086
1.9414762298 0.0000000000 0.4781682891
