0.1693847114 0.0693084268 0.3309173002 0.1533520216 0.1027519255
-0.3619054813 -0.5521337020 -0.2682185341 -0.2940100807 -0.4479188967
-0.3619054813 -0.4514450618 -0.2682185341 -0.2267393626 -0.4479188967
-0.1837763073 -0.3951682239 -0.1956027297 -0.2267393626 -0.4479188967
-0.2664906457 -0.3951682239 -0.1956027297 -0.2267393626 -0.2428326890
-0.2664906457 -0.3951682239 -0.1956027297 -0.4041368995 -0.2428326890
-0.0124684735 -0.1484432582 -0.2692587035 -0.3554004284 -0.1732560722
-0.0551290496 -0.1484432582 -0.2692587035 -0.3554004284 -0.1732560722
-0.0551290496 -0.1776336955 -0.2692587035 -0.3554004284 -0.1732560722
-0.2260921457 -0.1484432582 -0.2692587035 -0.3554004284 -0.1732560722
-0.2260921457 -0.1484432582 -0.0575483390 -0.0295340928 -0.1732560722
-0.0362901911 -0.1484432582 -0.0575483390 -0.0295340928 -0.1732560722
-0.2260921457 -0.1484432582 -0.2649001185 -0.0295340928 -0.1732560722
-0.3221638159 -0.1484432582 -0.0575483390 -0.0295340928 -0.1732560722
-0.3221638159 -0.1484432582 -0.0575483390 -0.1942847520 -0.1732560722
-0.0833343576 -0.1484432582 -0.0575483390 -0.0295340928 -0.1732560722
0.0828326896 -0.1484432582 -0.0575483390 -0.0295340928 -0.1732560722
0.0826309842 -0.1484432582 -0.0575483390 -0.0295340928 -0.1525501093
-0.1338634336 -0.1484432582 -0.0575483390 -0.0295340928 -0.1732560722
-0.0630702945 -0.1484432582 -0.0575483390 -0.0295340928 -0.1732560722
-0.1338634336 0.0238132208 -0.0582998513 -0.0295340928 -0.1732560722
-0.1338634336 0.0238132208 -0.0369717140 -0.0295340928 -0.1732560722
-0.1155979712 -0.1775100984 -0.0575483390 0.1206551249 -0.0364948324
-0.1155979712 0.0238132208 -0.0575483390 0.1206551249 -0.0754144943
-0.1155979712 0.0238132208 -0.0813497375 0.1206551249 -0.1154120419
-0.1155979712 0.0238132208 -0.0815957180 0.2073447332 0.0216611398
-0.1155979712 0.0238132208 -0.0944552234 0.2073447332 0.0216611398
-0.1155979712 0.0238132208 -0.0815957180 0.2073447332 -0.0667908497
-0.1155979712 -0.0354199650 -0.0815957180 0.2073447332 0.0216611398
-0.1155979712 0.0238132208 -0.0815957180 0.2970059132 0.0216611398
-0.1155979712 0.0522750854 -0.0815957180 0.2970059132 -0.0125398179
-0.0035661455 0.2020758217 0.2416403900 0.2970059132 -0.0125398179
-0.0035661455 0.0742652007 0.2416403900 0.1686930215 -0.0125398179
-0.0035661455 0.2020758217 0.2416403900 0.3067440510 -0.0125398179
0.3850035599 0.3911028509 0.3510144204 0.4400011411 0.4524252388
0.4719404745 0.3911028509 0.3510144204 0.4400011411 0.4524252388
0.1680861892 0.1526071312 0.1085972734 0.3075014919 0.1376301227
0.1680861892 0.1526071312 0.1085972734 0.3075014919 0.0691789182
0.1680861892 -0.0110709406 0.1085972734 0.3075014919 0.0441691405
0.1680861892 -0.0110709406 0.1085972734 0.3000818786 0.0441691405
0.1680861892 -0.0110709406 0.1085972734 -0.0871293824 0.0441691405
0.1680861892 -0.0110709406 0.1085972734 -0.0871293824 0.2453706722
0.1680861892 0.1219566052 0.1085972734 0.3108564511 0.2453706722
0.1680861892 0.1931257892 0.1085972734 0.3108564511 0.2453706722
0.1680861892 0.3089578526 0.1085972734 0.3108564511 0.1143330488
0.1680861892 0.2900575759 0.1085972734 0.3108564511 0.2176384787
0.1680861892 0.1867371613 0.1085972734 0.3108564511 0.2794983180
0.1680861892 0.1867371613 0.1085972734 0.3108564511 0.0162148958
0.2501539274 0.1867371613 0.0993223852 0.3108564511 0.2794983180
0.2328530209 0.2059487361 0.2854706285 0.2656180090 0.1524712560
0.2328530209 0.2059487361 0.2854706285 0.2656180090 0.3060320314
0.2753682788 0.3020919040 0.2191123302 0.2332055486 0.2206433937
0.2753682788 0.3020919040 0.2191123302 0.2332055486 0.1000495922
0.2753682788 0.3020919040 0.2191123302 0.2196183941 0.2206433937
0.3231391090 0.3020919040 0.2191123302 0.2196183941 0.2206433937
0.1790283745 0.3020919040 0.2191123302 0.2526572278 0.2206433937
0.2753682788 0.3020919040 0.2191123302 0.3293232006 0.2954717076
0.2753682788 0.3020919040 0.2191123302 0.2728481111 0.2954717076
0.2753682788 0.1940920509 0.2673183111 0.2728481111 0.2954717076
0.2753682788 0.3020919040 0.2191123302 0.2728481111 0.3114081518
0.2753682788 0.2433943538 0.1329398637 0.2728481111 0.2954717076
0.2753682788 0.3020919040 0.1769116531 0.2567931885 0.2816577565
0.2753682788 0.3020919040 0.2482839772 0.2156502511 0.3102486810
0.2753682788 0.3020919040 0.3158746237 0.2728481111 0.2954717076
0.2753682788 0.2310095012 0.2193553051 0.2967502280 0.3234452075
0.3650818755 0.3907360558 0.3913333854 0.3233705850 0.3835473956
0.3650818755 0.4265176743 0.3913333854 0.3738159457 0.3835473956
0.3650818755 0.3428020640 0.4392126903 0.3652210046 0.3835473956
0.3650818755 0.3428020640 0.3913333854 0.3676406789 0.3558970535
0.3650818755 0.3355824049 0.3913333854 0.3267071308 0.3558970535
0.3650818755 0.3428020640 0.3913333854 0.3267071308 0.3617165599
0.3266040021 0.3161664999 0.2819332722 0.3267071308 0.2695747981
0.3266040021 0.2913529033 0.2819332722 0.3267071308 0.2802511474
0.3266040021 0.3066589884 0.2819332722 0.2477098150 0.2889246661
0.2969701861 0.3102748558 0.2819332722 0.3077201653 0.2889246661
0.2969701861 0.2706827898 0.3227636493 0.2724336498 0.2429405991
0.2969701861 0.3221921525 0.3227636493 0.2724336498 0.3396387966
0.2482215880 0.3019822931 0.3227636493 0.2724336498 0.2429405991
0.2969701861 0.2910250721 0.2880817180 0.2724336498 0.2429405991
0.2969701861 0.2910250721 0.2772264326 0.2724336498 0.2958041171
0.3185625513 0.2924321325 0.3343787076 0.3190381392 0.3012752950
0.2711597318 0.3052654814 0.3343787076 0.3190381392 0.2489358615
0.3332715322 0.3446128840 0.3343787076 0.3203289270 0.3232658695
0.3332715322 0.2933618396 0.3343787076 0.3203289270 0.3014466872
0.1687346252 0.2933618396 0.2506931102 0.3203289270 0.3014466872
0.3332715322 0.3103803339 0.3368499552 0.3344296584 0.3288297983
0.3332715322 0.2717841833 0.2986937295 0.3494437616 0.2902496914
0.3332715322 0.3345506496 0.3575437768 0.3697283096 0.3359112047
0.3332715322 0.3482931101 0.3588290030 0.3697283096 0.3359112047
0.3332715322 0.3482931101 0.3588290030 0.3396619433 0.3359112047
0.3846629933 0.3482931101 0.3588290030 0.3706407849 0.3359112047
0.3846629933 0.4005659002 0.3829789589 0.3910449992 0.3419124870
0.3267185586 0.3037492638 0.3350582534 0.3140114587 0.3105598387
0.2678588707 0.2854058375 0.2858073845 0.3379473490 0.3052158359
0.3267185586 0.3150812830 0.3341205376 0.3379473490 0.3052158359
0.3398511727 0.3131864934 0.3387989141 0.3084792146 0.3317071627
0.3199640709 0.2994649552 0.3355212094 0.3234749720 0.3255748344
0.3524644578 0.3232232486 0.3576827060 0.3418363125 0.3273670156
0.3476594788 0.3134744832 0.3544687497 0.3299375875 0.3296901547
0.3553770052 0.3193346704 0.3451617093 0.3412338627 0.3299950515
