0.9906484282 0.1209284284
0.9505253873 0.2466614232
0.9906237856 0.1861759818
0.9524834268 0.2384006293
0.9578723824 0.2206917005
0.9148298856 0.3246967258
0.8858894687 0.3652744208
0.8319127606 0.4689959146
0.7086042845 0.5693436001
0.7746810686 0.4948410602
0.7818291065 0.4896885187
0.6988549924 0.5890251977
0.8132028515 0.4812485613
0.7031312860 0.5774065756
0.6820895887 0.6090337088
0.8378711822 0.4684689752
0.6156476639 0.6535827814
0.5855657173 0.6833419430
0.5691300474 0.7034720344
0.6643383929 0.6179911232
0.0701938471 0.9654660833
0.3368153882 0.8466538383
0.3253244765 0.8519040874
0.3317327059 0.8487450311
0.5506023081 0.7116651684
0.5730259611 0.6967065120
0.4895720602 0.7526407937
0.5370334240 0.7181059857
0.5531611937 0.7060360410
0.5018399018 0.7445884244
0.5186419497 0.7315873962
0.5998996511 0.6803615269
0.6450877761 0.6503273308
0.5061595696 0.7419125301
0.4859496406 0.7579532253
0.5128892606 0.7372566185
0.4942511393 0.7494860968
0.5261410270 0.7286472197
0.5450886069 0.7166426179
0.6080249598 0.6765968500
0.5301222056 0.7261741008
0.4723231258 0.7665977140
0.4408983267 0.7865389043
0.4817172772 0.7604047519
0.4610384002 0.7734660791
0.4464206082 0.7834192928
0.4688071868 0.7696166632
0.4276765134 0.7929110753
0.4492842381 0.7795685856
0.4347285858 0.7909227395
0.3983997985 0.8108213308
0.3818683755 0.8209834771
0.4076413288 0.8057278473
0.3901021986 0.8157307604
0.3545311593 0.8343710357
0.3485408887 0.8379672204
0.3596446120 0.8329473783
0.4222664949 0.8035572859
0.3684095442 0.8279611007
0.3727639212 0.8256241731
0.2937182204 0.8677388015
0.2680816743 0.8779509722
0.2792660643 0.8733496413
0.2415977797 0.8897819303
0.3145148252 0.8571615916
0.2981107838 0.8651712983
0.2173845472 0.8969786428
0.2250179024 0.8939469935
0.2634043874 0.8783161871
0.2854945797 0.8692342910
0.3009705152 0.8614702990
0.3402325314 0.8436123750
0.2532479455 0.8825209699
0.2896879468 0.8691045445
0.0806179064 0.9499591348
0.0725289051 0.9553143276
0.0886783885 0.9478361416
0.1272747195 0.9320296173
0.2377806981 0.8925868477
0.1875575132 0.9091064673
0.2111729465 0.9004559279
0.2069724455 0.9018995681
0.2472462351 0.8890540441
0.1117273673 0.9376966248
0.1037560766 0.9406648710
0.0951047002 0.9457594095
0.1164849337 0.9351647293
0.1318716777 0.9292971170
0.1678958411 0.9156448356
0.1723854128 0.9138700362
0.1408288448 0.9264937260
0.1515639438 0.9217745731
0.1577614930 0.9194044318
0.1975182644 0.9043325275
0.1624192132 0.9179205603
0.1825001229 0.9101680193
0.1227157819 0.9340328577
0.1776709985 0.9121056442
0.1369061471 0.9279122984
0.1449748460 0.9243304046
