-0.3633165727 -0.1533035220 -0.2676832402 -0.4505070271 -0.6606680458
-0.3633165727 -0.1533035220 -0.1942149346 -0.4505070271 -0.6606680458
-0.3633165727 -0.4602401005 -0.2676832402 -0.4505070271 -0.6606680458
-0.4414359420 -0.1533035220 -0.2676832402 -0.4505070271 -0.6606680458
-0.3633165727 -0.1533035220 -0.2676832402 -0.1953585620 -0.3048524089
-0.3633165727 -0.1533035220 -0.2676832402 -0.1953585620 -0.1925638591
0.1190145142 0.1425270279 0.2952421475 -0.0119165079 0.4238319444
0.1714506850 0.1425270279 0.4489042594 0.2000387906 0.4238319444
0.1714506850 0.1425270279 0.4489042594 0.4376720918 0.4238319444
0.1714506850 0.1425270279 0.4489042594 0.2479581714 0.4238319444
0.1714506850 0.1425270279 0.4489042594 0.1657864876 0.4238319444
0.1714506850 0.0755788018 0.4489042594 0.0578547481 0.1514887255
0.1714506850 0.0755788018 0.4489042594 0.0578547481 0.2592206029
0.4359672652 0.0755788018 0.4489042594 0.3768934720 0.2592206029
0.1714506850 0.3706953206 0.4489042594 0.0578547481 0.2592206029
0.1714506850 0.3084943426 0.4489042594 0.0578547481 0.2592206029
0.3512049543 0.3084943426 0.4489042594 0.0578547481 0.2592206029
0.1714506850 0.2895512601 0.3207518169 0.0578547481 0.2592206029
-0.0145620784 0.3084943426 0.3207518169 0.0578547481 0.2592206029
-0.0145620784 0.2448916204 0.3207518169 0.0578547481 0.2592206029
-0.3224069092 -0.1774588278 -0.0748522164 -0.2477415577 -0.3297933310
-0.2252831695 -0.1774588278 -0.0748522164 -0.2477415577 -0.3297933310
-0.2153110836 -0.1126176808 -0.1433301401 -0.2174943717 -0.2402820690
-0.2153110836 -0.1126176808 -0.1433301401 -0.2174943717 -0.3382083602
-0.2153110836 -0.1126176808 -0.1433301401 -0.2174943717 -0.1999178798
-0.2153110836 -0.1811464313 -0.1433301401 -0.2174943717 -0.3382083602
-0.2153110836 -0.2250805549 -0.1433301401 -0.1478261564 -0.2497660707
-0.0754587561 -0.1277662778 -0.1694654227 -0.1212550349 -0.1576349633
-0.0754587561 -0.1858827887 -0.1694654227 -0.1212550349 -0.1576349633
-0.1161822183 -0.0616559472 -0.1660951280 -0.1212550349 -0.1576349633
-0.1161822183 -0.2088828310 -0.2167494253 -0.1212550349 -0.1576349633
-0.1161822183 -0.1744750429 -0.2167494253 -0.1212550349 -0.1576349633
-0.1161822183 -0.2563008000 -0.2167494253 -0.1212550349 -0.1576349633
-0.1161822183 -0.1193636983 -0.1526045130 -0.1212550349 -0.1576349633
-0.1161822183 -0.1193636983 -0.1526045130 -0.1902416455 -0.1576349633
-0.1161822183 -0.2176570167 -0.1526045130 -0.1212550349 -0.1576349633
-0.1161822183 -0.1774445516 -0.1765150733 -0.1212550349 -0.1576349633
-0.1161822183 -0.1763480561 -0.1225000712 -0.1212550349 -0.1576349633
-0.1161822183 -0.1193636983 -0.0776928513 -0.1212550349 -0.1576349633
-0.1161822183 -0.1193636983 -0.1602205334 -0.1212550349 -0.0634185073
-0.1161822183 -0.1012570172 -0.1602205334 -0.1212550349 -0.0634185073
-0.1161822183 -0.0152110287 -0.1252035966 -0.1422044134 -0.0634185073
-0.1161822183 -0.0857992122 -0.2048698464 -0.0724139171 -0.0634185073
-0.1161822183 -0.1193636983 -0.0582015297 -0.0724139171 -0.1136286892
-0.1161822183 -0.0675832704 -0.0662293511 -0.0724139171 -0.1136286892
-0.1161822183 -0.1478198204 -0.0662293511 -0.0724139171 -0.1136286892
-0.1161822183 -0.0518208890 -0.0662293511 -0.0724139171 -0.1136286892
-0.1161822183 -0.1314944669 -0.0662293511 -0.0724139171 -0.1136286892
-0.0210484350 -0.0145050585 0.0250044542 -0.0056110671 0.0639285828
-0.0210484350 -0.0145050585 0.0134301527 0.0418893001 0.0639285828
0.1968687725 0.0689061673 0.0134301527 -0.0056110671 0.0639285828
0.1968687725 -0.0135650445 0.0134301527 -0.0056110671 0.0639285828
0.1968687725 -0.0135650445 0.0135669626 -0.0295739285 0.1156129467
-0.0859841597 0.1374084927 0.1164383838 0.1415893623 0.0104097621
0.3362860119 0.0848918748 0.0499715188 0.1415893623 0.0104097621
0.3362860119 0.0848918748 0.2255696860 0.1415893623 0.0104097621
0.3362860119 0.0848918748 0.0762644636 0.1415893623 0.0104097621
0.2183675212 0.0171299962 0.0762644636 0.1415893623 0.0104097621
0.2183675212 0.0171299962 0.0762644636 0.1415893623 0.0722246283
0.2183675212 0.0171299962 0.0762644636 0.0255443177 0.0722246283
0.2183675212 0.0171299962 0.0894262268 0.0255443177 0.0722246283
-0.0278347887 0.0171299962 0.0762644636 0.0255443177 0.0722246283
-0.0278347887 0.0171299962 0.0212855981 0.0255443177 0.1464512343
-0.0278347887 -0.0777345836 -0.1392964525 -0.0236368968 -0.0945395404
-0.0687086377 -0.0307501548 -0.0553402265 -0.0236368968 -0.0945395404
-0.0442544493 -0.0105732818 -0.1157040902 -0.1612003762 -0.1220633099
-0.0277642883 -0.0211676720 -0.0230540070 0.0637099041 0.0154181675
-0.0294848381 0.0172490873 0.0498661845 0.0637099041 0.0090796095
-0.0294848381 -0.0360205385 0.0525132839 0.0637099041 0.0090796095
-0.0294848381 -0.0153420872 0.1157621610 0.1001125841 0.0351657344
0.1331612745 0.0172490873 0.0607294849 0.0059908145 0.0090796095
0.1331612745 0.0172490873 0.0607294849 0.0059908145 0.1381099704
0.0385826821 0.0172490873 0.0607294849 0.0059908145 0.0101069226
-0.0648453701 -0.0106581680 -0.0933673006 -0.0736788564 -0.1660638304
-0.0521302174 -0.0500000461 -0.0810458305 -0.1140018019 -0.0335752694
-0.0521302174 -0.0616770172 -0.0810458305 -0.1161116390 -0.0335752694
-0.0877734173 -0.0500000461 -0.0810458305 -0.1140018019 -0.0574861981
-0.0823925030 -0.0200944181 -0.0777242635 -0.1140018019 -0.0804053095
-0.0484348170 -0.0014536292 -0.0777242635 -0.0541905694 -0.0804053095
-0.0254648063 0.0195066448 0.0022079812 0.0010591118 -0.0045221855
0.0118219480 0.0195066448 0.0022079812 0.0010591118 -0.0045221855
-0.0596129793 -0.0332979153 -0.0943237318 -0.0479568665 -0.0716994152
-0.0434304059 -0.0332979153 -0.0943237318 -0.0479568665 -0.0716994152
-0.0434304059 -0.0266693177 -0.0284718185 -0.0479568665 -0.0716994152
-0.0434304059 -0.0274486191 -0.0597105819 -0.0479568665 -0.0718347820
0.0159130210 -0.0018545180 0.0033726421 -0.0479568665 -0.0004494309
-0.0181555082 -0.0174862924 -0.0139966419 -0.0391653127 -0.0390937445
-0.0835218236 -0.0525384553 -0.0139966419 -0.0391653127 -0.0451714105
-0.0264292699 -0.0124369592 0.0127526092 -0.0193370282 -0.0111442357
-0.0264292699 -0.0018947074 0.0102261237 -0.0004048666 -0.0254930340
-0.0309581602 -0.0211352736 0.0166238242 -0.0004048666 0.0163726750
-0.0309581602 -0.0211352736 -0.0189835829 -0.0004048666 -0.0224810933
-0.0488425749 -0.0041740980 -0.0505680805 -0.0304817470 -0.0612625521
-0.0347493666 -0.0130003948 -0.0266134299 -0.0289545890 -0.0384388277
-0.0347493666 -0.0070611771 -0.0255844431 -0.0013917587 -0.0137097743
-0.0335569983 -0.0135784996 -0.0358786030 -0.0403387193 -0.0838010644
-0.0234097572 -0.0092464522 -0.0227171259 -0.0316689296 -0.0285528328
-0.0314915757 -0.0113038670 -0.0371752856 -0.0299609944 -0.0711180455
-0.0415564489 -0.0084218033 -0.0281720050 -0.0283487395 -0.0573972835
-0.0415564489 -0.0089844794 -0.0261821522 -0.0283487395 -0.0475200225
