-0.0883777682 0.0316785701 0.1684790668 0.1737444676 0.1535247481
0.0383109077 -0.0197722625 0.1684790668 0.1737444676 0.1535247481
-0.0883777682 -0.0197722625 0.0591662948 -0.5347348769 -0.2620376995
-0.0883777682 -0.0197722625 -0.2059725822 -0.3204319075 -0.6759778242
-0.0883777682 -0.0992902593 -0.2059725822 -0.3190665290 0.1535247481
-0.0883777682 -0.0992902593 -0.2059725822 -0.4204335638 0.1535247481
-0.5984202812 -0.0992902593 -0.2059725822 -0.3204319075 0.1535247481
-0.0883777682 -0.0992902593 -0.2059725822 -0.2648727381 0.1535247481
-0.0210516308 -0.0992902593 -0.2059725822 -0.2648727381 0.1535247481
-0.0883777682 -0.0992902593 -0.1546947061 -0.2648727381 0.1535247481
-0.0883777682 -0.0992902593 -0.2059725822 0.1526296658 0.1535247481
-0.0883777682 -0.0992902593 -0.2059725822 0.1526296658 0.1725176048
-0.0883777682 -0.0992902593 -0.2059725822 -0.2771015543 0.1535247481
-0.0883777682 -0.0992902593 -0.2059725822 0.1526296658 -0.0073546597
-0.0883777682 -0.0992902593 -0.2059725822 0.1526296658 -0.3064588058
-0.0883777682 -0.0992902593 0.0571274270 0.1526296658 -0.0073546597
-0.0883777682 -0.0992902593 0.0571274270 0.2320328784 -0.0073546597
0.0363166229 -0.0992902593 0.0571274270 0.2320328784 -0.0073546597
0.0363166229 -0.0992902593 0.0571274270 0.1539345694 -0.0073546597
0.0363166229 -0.0992902593 0.0571274270 0.2320328784 0.1098300799
0.0363166229 -0.0992902593 0.1093851238 0.2320328784 0.1098300799
0.0363166229 -0.0992902593 0.1093851238 0.1911986294 0.1098300799
0.0363166229 -0.0992902593 -0.1919458516 -0.5856580896 -0.0567391077
0.0363166229 -0.0992902593 0.1093851238 0.1379637264 0.1098300799
0.0363166229 0.1885356785 0.1093851238 0.2320328784 0.1098300799
0.0363166229 0.1885356785 0.1093851238 0.0886459114 0.1098300799
0.0363166229 0.0767525877 0.1093851238 0.2320328784 0.1098300799
0.1549025561 0.1885356785 0.1093851238 0.2320328784 0.1098300799
0.1549025561 0.2867018921 0.1093851238 0.2320328784 0.1098300799
0.1549025561 0.1106159228 0.1093851238 0.2320328784 0.1098300799
0.2823969576 0.2628791455 0.1348364209 0.1698147469 0.1725113800
0.2121804616 0.2628791455 0.1348364209 0.1698147469 0.1725113800
0.2121804616 0.3082690064 0.1348364209 0.1698147469 0.1725113800
0.2121804616 0.3082690064 0.2232683461 0.1698147469 0.1725113800
0.2758466089 0.3082690064 0.2232683461 0.3380687475 0.1612186674
0.2121804616 0.3082690064 0.2232683461 0.3380687475 0.2990524549
0.2121804616 0.2787490426 0.2263491252 0.3252737539 0.3710222244
0.2121804616 0.3505306340 0.2372734525 0.3252737539 0.1923782186
0.3250429708 0.3505306340 0.2372734525 0.3252737539 0.1923782186
0.2121804616 0.3505306340 0.2372734525 0.3252737539 0.2120202536
0.2121804616 0.2190920971 0.2372734525 0.3252737539 0.1637376871
0.2121804616 0.3505306340 0.2372734525 0.2140029199 0.1923782186
0.2121804616 0.3505306340 0.2372734525 0.2140029199 0.1990513398
0.2923937842 0.3505306340 0.2372734525 0.2140029199 0.1923782186
0.2923937842 0.3505306340 0.2964718043 0.2140029199 0.1923782186
0.2923937842 0.3505306340 0.2284035810 0.2140029199 0.1923782186
0.2923937842 0.3505306340 0.2372734525 0.2140029199 0.3474540660
0.2923937842 0.3505306340 0.2557186167 0.2140029199 0.3629697401
0.2923937842 0.3505306340 0.2372734525 0.2992624701 0.3474540660
0.2923937842 0.3505306340 0.2372734525 0.2992624701 0.3238634010
0.2923937842 0.3505306340 0.2875679054 0.2992624701 0.3238634010
0.2217115671 0.3505306340 0.2875679054 0.2992624701 0.3238634010
0.2217115671 0.1639329160 0.2875679054 0.2992624701 0.3238634010
0.2467910095 0.3505306340 0.2875679054 0.2992624701 0.3094926393
0.2904197240 0.2846057941 0.3201671954 0.3159883744 0.3553196560
0.3195300646 0.3397805694 0.3660675268 0.3661087787 0.3437778622
0.3195300646 0.3397805694 0.3660675268 0.3268696029 0.3437778622
0.3195300646 0.3210689563 0.2835792230 0.3268696029 0.3437778622
0.3195300646 0.3433745754 0.2835792230 0.3268696029 0.3437778622
0.3195300646 0.1923066801 0.2835792230 0.3268696029 0.3437778622
0.3195300646 0.2963480462 0.2835792230 0.3080597157 0.3694945936
0.3195300646 0.3362741713 0.2835792230 0.3268696029 0.2440405650
0.3555202621 0.3362741713 0.2835792230 0.3268696029 0.3293643390
0.3348528166 0.3332813856 0.2835792230 0.3437824037 0.3293643390
0.3348528166 0.3590606861 0.2835792230 0.3437824037 0.3332723044
0.3348528166 0.3232842832 0.2835792230 0.3437824037 0.3200687660
0.3348528166 0.3768003873 0.2835792230 0.3437824037 0.3293643390
0.3348528166 0.2880185757 0.2835792230 0.2453672477 0.3733933085
0.3505177227 0.3768003873 0.2835792230 0.3437824037 0.3293643390
0.3505177227 0.3651040537 0.3737540407 0.3437824037 0.3293643390
0.3505177227 0.3522258092 0.2986445586 0.3437824037 0.3600350232
0.3505177227 0.3640147695 0.3630900082 0.3437824037 0.3600350232
0.3505177227 0.3640147695 0.3630900082 0.3385892966 0.3600350232
0.3505177227 0.3640147695 0.3630900082 0.3850637165 0.3600350232
0.4404204728 0.4092838657 0.4294018545 0.4146780038 0.4399348151
0.4404204728 0.4447559891 0.4294018545 0.4146780038 0.3919827579
0.4267078851 0.3825669714 0.3845431567 0.4127234190 0.4204674751
0.4267078851 0.3875869893 0.4211442967 0.4127234190 0.4204674751
0.4086374847 0.3964634359 0.4211442967 0.3990311839 0.4204674751
0.3935163275 0.3872784853 0.3918944344 0.3990311839 0.3865741143
0.3626922960 0.3542699912 0.3228267490 0.3794284732 0.3894539140
0.3626922960 0.3757621518 0.3775456611 0.3794284732 0.3894539140
0.3835472262 0.3971303619 0.3931468028 0.3905871949 0.3848330598
0.3664674142 0.3574743359 0.3674766783 0.3603058794 0.3802330506
0.3664674142 0.3574743359 0.3747321847 0.3603058794 0.3802330506
0.3701356443 0.3230021367 0.3438681232 0.3859870608 0.3764196171
0.3701356443 0.3376223312 0.3312930142 0.3729483602 0.3575517204
0.3635791881 0.3816853846 0.3661931395 0.3762557953 0.3796460319
0.3635791881 0.3495826356 0.3661931395 0.3457519557 0.3878370278
0.3686460826 0.3652260728 0.3661931395 0.3714856981 0.3790105988
0.3921476669 0.3827334945 0.3822052750 0.3793940672 0.3789413780
0.3921476669 0.3827334945 0.3822052750 0.3880540857 0.3859045254
0.3699100240 0.3827334945 0.3822052750 0.3759578782 0.3652976996
0.4038408307 0.4005326063 0.3967942658 0.3926027586 0.4028401494
0.4038408307 0.3994770932 0.3967942658 0.3750620003 0.4028401494
0.3589683383 0.3724486773 0.3728440666 0.3770069392 0.3765534271
0.3802134040 0.3912013342 0.3961312505 0.3881870611 0.3829966222
0.3791817312 0.3730851218 0.3815542433 0.3818476851 0.3777615573
0.3862830717 0.3805918951 0.3860018436 0.3846850980 0.3855601546
0.3786296668 0.3759956353 0.3878179086 0.3828891088 0.3778476597
