-0.5483102804 -0.6097539341 -0.1342156711 -0.5053258889 -0.2400672675
-0.1726168227 -0.2630765814 -0.5852691013 -0.5622101398 -0.2263038502
-0.1726168227 -0.5566188887 -0.5852691013 -0.1823253820 -0.2263038502
-0.1726168227 -0.2630765814 -0.3853066227 -0.1823253820 -0.2263038502
0.3166418533 0.0199735216 0.2665400866 -0.1753115152 0.0083814423
0.3166418533 0.0199735216 -0.0852378376 -0.1753115152 0.0083814423
0.3166418533 0.0199735216 -0.0852378376 -0.1883045431 0.0083814423
0.3166418533 0.0528724284 -0.0852378376 -0.1753115152 0.0083814423
0.3166418533 0.0199735216 -0.0873843378 -0.1753115152 0.0083814423
-0.4279565069 -0.0703819439 -0.0852378376 -0.1753115152 -0.1899229070
-0.4279565069 -0.0703819439 -0.0735994792 -0.1753115152 -0.1899229070
-0.4279565069 -0.0703819439 -0.0852378376 -0.1753115152 -0.1107375019
-0.4279565069 -0.0484996825 -0.0852378376 -0.1753115152 -0.1107375019
-0.4279565069 -0.0703819439 -0.0852378376 -0.4245432809 -0.1107375019
-0.1259791588 -0.0703819439 -0.0852378376 -0.1753115152 -0.1107375019
-0.1259791588 -0.0703819439 -0.0852378376 0.0744616890 -0.1107375019
-0.1072274165 -0.0703819439 -0.0852378376 0.0744616890 -0.1107375019
-0.1259791588 -0.0703819439 0.1243416612 0.0744616890 -0.1107375019
-0.1259791588 -0.0703819439 0.1243416612 0.0482601690 -0.1107375019
-0.1259791588 -0.0703819439 0.1243416612 0.1150131525 0.1762326899
0.3152348099 -0.0703819439 0.1243416612 0.1150131525 0.1762326899
0.3152348099 -0.0703819439 0.1243416612 0.0331221940 0.1762326899
0.3152348099 -0.0703819439 0.3150127730 0.0331221940 -0.1220407571
0.1093607994 0.2736022331 0.1172356560 0.2409630681 0.1762326899
0.1093607994 0.2736022331 0.1172356560 0.0469273539 0.1762326899
0.1093607994 0.2736022331 0.1172356560 0.3893598183 0.1762326899
0.1293481226 0.2736022331 0.1172356560 0.3893598183 0.1762326899
0.1293481226 0.1645985955 0.1172356560 0.3893598183 0.1762326899
0.3210495487 0.2736022331 0.1172356560 0.3893598183 0.1762326899
0.3210495487 0.2736022331 0.1447429964 0.3893598183 0.1762326899
0.4000288862 0.2736022331 0.1172356560 0.0714016417 0.1762326899
0.3210495487 0.2736022331 0.1633469765 0.3893598183 0.1762326899
0.3210495487 0.2736022331 0.1172356560 0.3893598183 0.1392152931
0.3210495487 0.2736022331 0.3323856874 0.3893598183 0.1762326899
0.3210495487 0.2736022331 0.1735794440 0.3893598183 0.1762326899
0.3210495487 0.2736022331 0.3323856874 0.2456162491 0.4468369432
0.3210495487 0.3588473828 0.3323856874 0.3893598183 0.2319982898
0.3598432987 0.3588473828 0.3323856874 0.3893598183 0.3007934543
0.2640467480 0.3588473828 0.3323856874 0.3893598183 0.3007934543
0.2640467480 0.3588473828 0.3323856874 0.3893598183 0.3867704568
0.2640467480 0.3588473828 0.3323856874 0.3893598183 0.3326026801
0.2640467480 0.3588473828 0.2118787227 0.3893598183 0.3326026801
0.2640467480 0.3734377065 0.3323856874 0.3893598183 0.3326026801
0.2640467480 0.3588473828 0.3323856874 0.1112690945 0.3326026801
0.4129066089 0.3588473828 0.3323856874 0.3893598183 0.3326026801
0.4129066089 0.3588473828 0.3323856874 0.3131209143 0.3326026801
0.4129066089 0.3588473828 0.3323856874 0.3893598183 0.2929724823
0.4207900864 0.4276385058 0.4092522364 0.4194245684 0.4502987697
0.4207900864 0.4276385058 0.4092522364 0.4130605974 0.4502987697
0.4207900864 0.4276385058 0.4357023825 0.4194245684 0.4502987697
0.4207900864 0.4276385058 0.4628252187 0.4194245684 0.4127575131
0.4207900864 0.4202349640 0.4175119130 0.4294754002 0.4127575131
0.4267057747 0.4202349640 0.4178746945 0.4107837131 0.4126873802
0.4085535978 0.4202349640 0.4231942430 0.4107837131 0.4126873802
0.4085535978 0.4202349640 0.4178746945 0.4107837131 0.4124396732
0.4085535978 0.4202349640 0.4178746945 0.4107837131 0.4229195502
0.3819077560 0.3498050293 0.3898341844 0.4016399991 0.3749880116
0.3648763469 0.3733824596 0.3894021685 0.4016399991 0.3749880116
0.3789416946 0.3733824596 0.3704049427 0.3643328803 0.4027452985
0.3789416946 0.3733824596 0.4098408810 0.3643328803 0.3885077992
0.3803093643 0.4055929306 0.3793267639 0.3877971428 0.3916332651
0.3982833797 0.4055929306 0.3898916793 0.3877971428 0.3916332651
0.3670048757 0.3755798612 0.3979321261 0.3406699027 0.3984780622
0.3670048757 0.3755798612 0.3788332211 0.3406699027 0.3984780622
0.4146453837 0.4072461657 0.4184158113 0.4080050135 0.4105113002
0.3945779532 0.3899355919 0.4088831222 0.3978629046 0.3963331900
0.3945779532 0.3899355919 0.3948030255 0.3822683047 0.4012034592
0.3945779532 0.3778156055 0.3894372383 0.3822683047 0.3804086545
0.3945779532 0.3881126665 0.3894372383 0.3631131212 0.3804086545
0.3945779532 0.3707987896 0.3991893284 0.3959695504 0.3929439900
0.3781142776 0.3854109796 0.3947535017 0.3776198154 0.3920560848
0.3781142776 0.3854109796 0.3947535017 0.3869078653 0.3920560848
0.3952738514 0.3758073673 0.3970743699 0.3974530507 0.3940789005
0.3967068257 0.3758073673 0.3970743699 0.3854684656 0.3942683334
0.3869444995 0.3758073673 0.4009999471 0.3854684656 0.3870162546
0.3891144562 0.3897197822 0.4031920668 0.3854684656 0.3870162546
0.3996838381 0.3897197822 0.4031920668 0.3979385758 0.3927355334
0.4042956537 0.3749345229 0.3971975266 0.3979385758 0.3984824016
0.3973616734 0.3897197822 0.4055780113 0.3968709795 0.4021607653
0.4104809989 0.4208265125 0.4072608091 0.4098776568 0.4150817447
0.4078344136 0.4208265125 0.4072608091 0.4047937327 0.4150817447
0.3911211554 0.3927060421 0.4011514937 0.3943237399 0.4002784671
0.3990624849 0.3900183114 0.3947968468 0.4010141286 0.3915800763
0.4031721218 0.4008279768 0.4006197511 0.3995351878 0.4071789400
0.3961321024 0.4008279768 0.4006197511 0.3995351878 0.3962037948
0.3955028264 0.4037498367 0.3971418737 0.4044699459 0.3962037948
0.4017347399 0.4007722731 0.4020330553 0.4044699459 0.3962037948
0.4059629844 0.4178704960 0.4084204440 0.4044699459 0.4145449757
0.4078391124 0.4172509201 0.4001315157 0.4047536314 0.4149063649
0.4066955114 0.4121253867 0.4062813881 0.4049366674 0.4060238082
0.4068683673 0.4121253867 0.4070434070 0.4014429052 0.4060238082
0.4038071301 0.4024360743 0.4062813881 0.4024319003 0.4032129318
0.4042008161 0.4024360743 0.3973692547 0.4013828833 0.4023484440
0.4024015140 0.3968941012 0.3973692547 0.4029244731 0.4023484440
0.4069658023 0.4047031106 0.4060113778 0.4046483059 0.4023484440
0.4069658023 0.4047031106 0.4109755895 0.4029692596 0.4049492705
0.4063126607 0.4135823807 0.4089775082 0.4037281090 0.4077237100
0.4087534785 0.4047751860 0.4045871844 0.4034364877 0.4060146437
0.4014806890 0.4048167909 0.4055608498 0.4037928417 0.4059348359
0.4014463742 0.4007926392 0.4033356903 0.4031435726 0.4058834342
