-0.8665814703 -0.0554076335 -1.1145869548
-0.8665814703 0.0047665116 -0.0150715125
-1.0251477405 0.0047665116 -0.0150715125
-0.5929875920 0.0047665116 -0.0150715125
-1.0576093293 0.0047665116 -0.0150715125
-0.8988495438 0.0047665116 -0.0150715125
-0.8231570619 0.0047665116 -0.0150715125
-1.0576093293 0.0047665116 -0.8083316924
-0.4868170796 0.0047665116 -0.0150715125
-1.0576093293 0.0047665116 -1.0353421377
-0.9756846868 -0.1029853985 -1.0353421377
-0.8542733240 -0.1029853985 -0.9377093244
-0.9756846868 -0.1029853985 -0.9552495203
-0.9614661925 -0.1029853985 -0.9377093244
-0.8473316704 -0.1029853985 -0.9377093244
-0.9756846868 -0.1029853985 -0.9004583169
-0.9756846868 -0.0793286585 -0.8530348751
-0.9756846868 0.0090235281 -0.9377093244
-0.0622468936 0.0019565606 -0.9377093244
-0.0622468936 0.0019565606 -0.0346565414
-0.0622468936 -0.1033344305 -0.6661408274
-0.0622468936 0.0019565606 -0.9152033993
-1.1057062435 0.0019565606 -0.0766937347
-1.1057062435 0.0019565606 -1.1639557801
-1.1057062435 0.0019565606 -0.5443748086
-1.1057062435 0.0019565606 -1.0194719895
-1.1057062435 0.0019565606 -0.5617220417
-1.1057062435 0.0019565606 -0.6173268263
-1.1057062435 0.0019565606 -1.0415580594
-0.9905219364 0.0019565606 -1.0415580594
-1.0227056664 0.0106856018 -1.0415580594
-1.1057062435 -0.9358761806 -1.0415580594
-1.1057062435 -0.9614179908 -1.0415580594
-1.1057062435 -0.6326859647 -1.0768630057
-1.1057062435 -0.9503677186 -1.0415580594
-1.1057062435 -0.7912524958 -1.0415580594
-1.1057062435 -0.6404361624 -1.0415580594
-1.1057062435 -0.7862390825 -1.0415580594
-1.1057062435 -0.5971360851 -1.0415580594
-1.1057062435 -0.1367440623 -1.0916070424
-1.1057062435 -0.7171811849 -1.0415580594
-1.1057062435 -0.6951549306 -1.0519078808
-1.0866430942 -0.6951549306 -1.0415580594
-1.1057062435 -0.7457803928 -1.0415580594
-1.1057062435 -1.1414079975 -1.0415580594
-1.1057062435 -1.0022645488 -1.0415580594
-1.1057062435 -0.7964508495 -1.0415580594
-1.1057062435 -0.7525038780 -1.0415580594
-1.1057062435 -0.7575294836 -1.0415580594
-1.1057062435 -0.9910346124 -1.0415580594
-1.1057062435 -1.0622071047 -1.0415580594
-1.1057062435 -1.0391351944 -1.0415580594
-1.1057062435 -1.0456626203 -1.0415580594
-1.1057062435 -0.9682524493 -1.0415580594
-1.1057062435 -0.7803527931 -1.0415580594
-1.1057062435 -0.6764934996 -1.0415580594
-1.1057062435 -0.7749574073 -1.0415580594
-1.1057062435 -0.9965701187 -1.0415580594
-1.1057062435 -0.7310974632 -1.0415580594
-1.1057062435 -1.0878914418 -1.0523139694
-1.1057062435 -0.7270673984 -1.0523139694
-1.1057062435 -0.7124689502 -1.0523139694
-1.1057062435 -0.8107886327 -1.0609680731
-1.1057062435 -0.9241659777 -1.0738177851
-1.0347220957 -0.9784289440 -1.0738177851
-1.1057062435 -1.1438586289 -1.0622941247
-1.1057062435 -1.1438586289 -1.0736337277
-1.1057062435 -1.0349574677 -1.1611110446
-1.1057062435 -1.1438586289 -1.1309182250
-1.1057062435 -0.6371413564 -1.1040035669
-1.1057062435 -0.9469958887 -1.1040035669
-1.1057062435 -1.0335638266 -1.1040035669
-1.1057062435 -0.7226829116 -1.1040035669
-1.1057062435 -0.5635946533 -1.1040035669
-1.1057062435 -0.9746056203 -1.0434058257
-1.1057062435 -0.5995083740 -1.1040035669
-1.1057062435 -0.9740712743 -1.1040035669
-1.1057062435 -0.9820676778 -1.1040035669
-1.1057062435 -1.0573017592 -1.0369396447
-1.1247063877 -0.8884392002 -1.0998991295
-1.1119476214 -0.8984085594 -1.0765709454
-1.0706241655 -0.8992721081 -1.0726295069
-1.1045046275 -0.9060443688 -1.0579909737
-1.0796828503 -0.8399090988 -1.0626920545
-1.0675932501 -0.8399090988 -1.0555230300
-1.0590144745 -0.8356168977 -1.0372313361
-1.0780697456 -0.8852445614 -1.0674268620
-1.0916977560 -0.8852445614 -1.0674268620
-1.0743685878 -0.8304873898 -1.0719867940
-1.0743685878 -0.9014312288 -1.0795249813
-1.0743685878 -0.8131322285 -1.0623391796
-1.0714058436 -0.8555158556 -1.0534220860
-1.0714058436 -0.8663575218 -1.0671743795
-1.0714058436 -0.8788179170 -1.0671743795
-1.0714058436 -0.8381849962 -1.0424735981
-1.0779750810 -0.8759489002 -1.0586470370
-1.0769147838 -0.8890023050 -1.0562401981
-1.0650255975 -0.8661362430 -1.0629008899
-1.0584391290 -0.8625449568 -1.0619851992
-1.0743613041 -0.8654474280 -1.0491317501
