-0.0402705591 -0.0365311283 -0.5614731927
-1.2230925792 -1.1710694635 -1.1687443016
-0.9524855634 -0.0234248918 -0.0295020538
-0.7586805456 -0.0234248918 -0.0295020538
-0.0110147122 -0.0234248918 -0.0295020538
-0.7803806792 -0.0234248918 -0.0295020538
-0.0110147122 -0.0234248918 -0.5069816409
-0.0110147122 0.0082210654 -1.0808158335
-0.0110147122 0.0082210654 -1.0423736815
-0.8209926381 0.0082210654 -1.0808158335
-0.8209926381 0.0082210654 -1.0345558311
-0.5765092260 0.0845369749 -1.0808158335
-0.9906367667 0.0845369749 -0.7300775012
-0.5235274374 0.0845369749 -1.0808158335
-0.8379357436 0.0845369749 -1.0808158335
-0.5433516948 0.0845369749 -1.0808158335
-1.1221406523 -0.0289325749 -1.0808158335
-0.6894814847 -0.0289325749 -1.0808158335
-1.1163457933 -1.1129713392 -1.0808158335
-1.1221406523 -1.0430227673 -1.0808158335
-1.0668072081 -0.0349902317 -1.0808158335
-0.6546168854 -0.0349902317 -1.0808158335
-1.0134159053 -0.0197211158 -1.0808158335
-1.0992461414 -0.0349902317 -1.0808158335
-0.6782770042 -0.0349902317 -1.0808158335
-0.9443475697 -0.0381841558 -1.0194379410
-0.9920317801 -0.0024539832 -1.0194379410
-1.0275542127 -0.0024539832 -1.0194379410
-0.8564237653 -0.0024539832 -1.0194379410
-1.0790828997 -0.0024539832 -1.0194379410
-1.0790828997 -0.0079661794 -1.0291619414
-1.1053151099 -0.6318586511 -1.0844903378
-1.0901300980 -0.6176751463 -1.0802759665
-1.0651533747 -0.7761724018 -1.0834198370
-1.0651533747 -0.9319439231 -1.0883954342
-1.0746576151 -0.9319439231 -1.0883954342
-1.0675018469 -0.8119674087 -1.0571300620
-1.0898988323 -0.9524066910 -1.0936745573
-1.0804389701 -1.0145847131 -1.0865967683
-1.0804389701 -0.7785323986 -1.0865967683
-1.0736085038 -0.8075125677 -1.0865967683
-1.0917811762 -1.0293226205 -1.0715876439
-1.0738646297 -0.8636017134 -1.0715876439
-1.0917811762 -0.5618586278 -1.0715876439
-1.0766778929 -0.9012001664 -1.0916196805
-1.0766778929 -0.5921476813 -1.0916196805
-1.1163002960 -0.5258375904 -1.1076934036
-1.1013987796 -0.5258375904 -1.1076934036
-1.0966229908 -0.6380823641 -1.0938278997
-1.0900139091 -0.9351130708 -1.0934501098
-1.0747865352 -1.0071537497 -1.0954680460
-1.0857697138 -0.8166474841 -1.0685191300
-1.0801270419 -0.8166474841 -1.0581799439
-1.0814605674 -1.0420116156 -1.0881180145
-1.0814605674 -1.0420116156 -1.0738367193
-1.0876774917 -1.0420116156 -1.0943686028
-1.0876774917 -0.6214407189 -1.0881180145
-1.0849477015 -1.1003403306 -1.0881180145
-1.0849477015 -1.1003403306 -1.0766462551
-1.0813592809 -0.6787776580 -1.0853488684
-1.1155396766 -0.4810046947 -1.0961372831
-1.0867380548 -0.9831364301 -1.0695360182
-1.0759646864 -0.9831364301 -1.0900327533
-1.0859140325 -0.9831364301 -1.0900327533
-1.1039094394 -0.9831364301 -1.0900327533
-1.0972251080 -0.9608467886 -1.0864217695
-1.0960422758 -0.9591878165 -1.0675725539
-1.0970706265 -0.5275597632 -1.0675725539
-1.0970706265 -0.8772667754 -1.0675725539
-1.0970706265 -0.9379155090 -1.0703953183
-1.0766674050 -0.6471437176 -1.0812494677
-1.1033381054 -0.4784358096 -1.0812494677
-1.0858305223 -0.9240148053 -1.0636091925
-1.0806752016 -0.6680278564 -1.0816060042
-1.0815507843 -0.8255390006 -1.0716233073
-1.0815507843 -0.8965160499 -1.0857507123
-1.0815507843 -0.6777496983 -1.0775289518
-1.0884769489 -0.5887223477 -1.0986181685
-1.0916288272 -0.8435283405 -1.0717059246
-1.0904700408 -0.7878767025 -1.0804537502
-1.0862614186 -0.8637507036 -1.0780914273
-1.0946210293 -0.8637507036 -1.0845301580
-1.0882126225 -0.6957522119 -1.0819781924
-1.0875855659 -0.8421489959 -1.0869349717
-1.0871107776 -0.7140232683 -1.0851806899
-1.0871289809 -0.6862349605 -1.0867572504
-1.0854195654 -0.6977719672 -1.0924074339
-1.0852018728 -0.9482015534 -1.0872606136
-1.0852018728 -0.7495845152 -1.0872606136
-1.0909957716 -0.8207321037 -1.0891387774
-1.0827283726 -0.7255485536 -1.0851546450
-1.0827283726 -0.8810551882 -1.0851546450
-1.0860933369 -0.8530117320 -1.0869626663
-1.0941201004 -0.8834823357 -1.0864297326
-1.0914434620 -0.8283425746 -1.0866730871
-1.0875400495 -0.8190777777 -1.0863081841
-1.0864519603 -0.7358886891 -1.0863081841
-1.0864519603 -0.7418004072 -1.0860669209
-1.0901001722 -0.7272480258 -1.0870293508
-1.0887615131 -0.7677405129 -1.0874482079
