-15.8556431988 -7.7370627734
-16.0296812892 -7.5277213358
-15.9293708335 -7.7285139369
-16.6834314021 -4.9059757556
-16.7822754313 -4.5240727893
-16.5586968468 -5.2173611209
-15.9972736410 -7.6424786184
-16.9162200422 -4.1017038030
-16.5898268668 -5.0912149712
-18.6505235892 -1.0411825804
-18.7793102735 -0.6138099776
-18.6179294915 -1.1645710710
-16.9593692635 -3.9995748147
-18.7353123722 -0.7489302068
-18.1936196781 -3.1287968879
-18.9582608705 -0.1772076502
-17.0402831209 -3.8624969040
-18.1106470155 -3.4777800059
-18.5538474470 -1.4242980448
-19.0561450960 -0.0095931510
-18.6039918806 -1.2191591983
-18.5052879229 -1.6352362289
-18.2097827488 -3.0543191849
-16.8378699082 -4.2217303003
-18.9341647322 -0.2258488792
-18.9828857696 -0.1305850710
-18.4480358411 -1.8975762663
-18.2785112038 -2.7243357802
-19.9840629321 0.0282247503
-18.6742953668 -0.9501868875
-18.0896171372 -3.5493335932
-18.5420537165 -1.4744619649
-18.8190122618 -0.4974992491
-17.9850460895 -3.8182562834
-18.7182930509 -0.7996420565
-18.0446884100 -3.6905537521
-18.4859977697 -1.7162808401
-16.5574281321 -5.5281887838
-18.3646749533 -2.3302491941
-18.1493629901 -3.3509413350
-16.6999118053 -4.8516824478
-16.7280013473 -4.7311975112
-16.1944315935 -7.0896021861
-16.0607126481 -7.2097655685
-16.4121398509 -6.2209600821
-16.5274600300 -5.6536896243
-16.1294798538 -7.2081294025
-16.3381319790 -6.5666012431
-15.3722687201 -8.5601696514
-15.1383734519 -9.5758668264
-15.1926525817 -9.3415341151
-16.0333649599 -7.4763674725
-15.2414141133 -9.1070339013
-15.6076574386 -7.8435565534
-15.6440360635 -7.7497845276
-15.4553233611 -8.2576470397
-15.3401646355 -8.7197018963
-15.5486927471 -8.0109259897
-15.2860039071 -8.9510146316
-15.4312193661 -8.3958983218
-16.0432609010 -7.4078492311
-15.2030320393 -9.2917286749
-15.3652802784 -8.6339389376
-15.4075756289 -8.4767825951
-14.5627129174 -11.5040587463
-15.0010146368 -10.2006752419
-15.0200651492 -10.1317104837
-15.2274460550 -9.2459622544
-15.1165322763 -9.6323151298
-15.2410154477 -9.1916330810
-15.0995332148 -9.7697813687
-15.1761493111 -9.4386959394
-15.0732092283 -9.8604896907
-15.2587563942 -9.0125199679
-14.7204461847 -11.1922393801
-14.5425475207 -11.5506904583
-14.4684964977 -11.5536032742
-14.6115367901 -11.4470613091
-14.6288808202 -11.3952978314
-14.4348668200 -11.5998377640
-14.8823237095 -10.6657829158
-14.6939442978 -11.2520984061
-14.8042049978 -10.9412196577
-14.6371634751 -11.3376815346
-15.0499023975 -9.9970703355
-15.0318518377 -10.0749878989
-14.7553224213 -11.0907986109
-14.7326965013 -11.1431848244
-14.9417847258 -10.4387612759
-14.8231755123 -10.8792990204
-14.8684531732 -10.7214481191
-14.9249774319 -10.4906492745
-14.7819785619 -11.0133561170
-14.9750409082 -10.3145333457
-14.9896129784 -10.2508706214
-14.9082990496 -10.5498234102
-14.8538022697 -10.7697665046
-14.8975808126 -10.6135059802
-14.8369997986 -10.8328288889
-14.9593342493 -10.3769667139
