-1.0357345726 -0.0191327202 -0.9807764052
-1.1137274873 -1.0700620203 -1.1289137356
-1.1137274873 -0.6586832550 -1.1289137356
-1.1137274873 -0.7293004002 -1.1289137356
-1.1137274873 -0.0099943379 -1.1289137356
0.0355703689 -0.0099943379 -0.9751469359
0.0355703689 -0.0099943379 -0.7189074626
0.0355703689 -0.0099943379 -0.7803265736
0.0355703689 -0.0099943379 -0.8064441277
0.0355703689 -0.0099943379 -0.9382094285
0.0355703689 -0.0099943379 -0.8148360943
-0.0038100684 -0.0099943379 -1.0546114780
-0.7333419193 -0.0099943379 -1.0546114780
-1.0271807205 -0.0099943379 -1.0546114780
-1.0271807205 -0.0099943379 -1.0738931709
-1.0271807205 -0.7015149537 -1.0546114780
-1.0371703022 -0.0099943379 -1.0546114780
-1.0271807205 -0.9002499853 -1.0546114780
-1.0504966826 -0.7445962557 -1.0546114780
-1.0504966826 -0.9002499853 -1.0387052320
-1.0504966826 -0.9002499853 -1.0048603292
-1.0504966826 -0.9512612956 -1.0546114780
-1.0816117554 -0.9512612956 -1.0546114780
-1.1361841867 -0.0071065545 -1.0546114780
-0.6421433059 0.0320214479 -1.0546114780
-0.8539932001 0.0320214479 -1.0546114780
-1.0821943553 0.0320214479 -0.7676624447
-1.0821943553 0.0320214479 -0.9036991561
-0.9717728977 0.0320214479 -0.9036991561
-1.0821943553 0.0320214479 -1.1118777130
-1.0821943553 0.0320214479 -0.9286012475
-0.9810244095 0.0320214479 -0.7911373409
-0.0559737767 0.0320214479 -0.9036991561
-1.0821943553 0.0320214479 -0.5407296062
-1.0821943553 0.0320214479 -1.0786257093
-0.5923512386 0.0320214479 -0.0106954009
-0.6319112399 0.0320214479 -1.0723511798
-0.6347476419 0.0320214479 -0.0106954009
-0.0225895918 0.0320214479 -0.7440994654
-1.1068728595 0.0320214479 -0.0086311074
-0.6159025206 0.0320214479 0.0037839934
-0.9537800445 0.0320214479 0.0037839934
-1.1387049367 0.0320214479 0.0037839934
-0.9882487206 0.0320214479 0.0037839934
-1.0025002897 0.0320214479 0.0037839934
-0.8768489237 0.0320214479 0.0037839934
-1.0025002897 0.0320214479 -0.7440298734
0.0176803695 0.0320214479 0.0037839934
0.0176803695 0.0320214479 -0.7883943348
-1.0789450266 0.0320214479 0.0037839934
-0.5657086708 0.0320214479 0.0037839934
-1.0789450266 0.0320214479 -0.6861686727
-1.0789450266 0.0320214479 -0.9966859982
-1.0789450266 0.0320214479 -0.7454812791
-1.0384301809 0.0320214479 -0.6861686727
-1.0789450266 0.0320214479 -1.0573958645
-1.0224101065 0.0320214479 -1.0573958645
-1.0789450266 0.0320214479 -0.5855874998
-1.0789450266 -0.9189051105 -1.0573958645
-1.0789450266 -0.9189051105 -1.1015625456
-1.0789450266 -0.8793541211 -1.0573958645
-1.0789450266 -1.0046058811 -1.0529046509
-1.0789450266 -1.0046058811 -1.1238786417
-1.0789450266 -0.7151876683 -1.1238786417
-1.0789450266 -0.6046133636 -1.1238786417
-1.0789450266 0.0164249516 -1.1238786417
-1.0884209703 -1.0200721723 -1.1238786417
-1.0884209703 -0.5213504559 -1.1238786417
-1.0884209703 -0.7946455095 -1.1105297276
-1.0884209703 -0.8123574194 -1.1105297276
-1.0884209703 -0.9946585596 -1.1105297276
-1.0884209703 -1.0851928956 -1.1105297276
-1.0884209703 -0.7279132805 -1.1105297276
-1.0577738539 -0.9965857165 -1.1105297276
-1.0884209703 -0.5787382681 -1.1105297276
-1.0713497243 -0.9595637379 -1.1105297276
-1.0884209703 -0.9045107326 -1.1105297276
-1.0884209703 -0.8213925112 -1.1105297276
-1.0884209703 -0.6202753421 -1.1105297276
-1.0884209703 -0.9431197501 -1.1105297276
-1.0825813026 -0.5626578580 -1.1105297276
-1.0884350751 -0.9307939995 -1.1105297276
-1.0884350751 -0.8739595242 -1.1105297276
-1.0884350751 -1.0655519079 -1.1105297276
-1.1119970849 -0.8415630223 -1.1105297276
-1.1119970849 -1.0893867002 -1.1105297276
-1.1119970849 -1.0306461669 -1.1105297276
-1.1119970849 -1.0295090843 -1.1307128482
-1.1119970849 -1.0295090843 -1.0651283031
-1.1126207931 -1.0011525020 -1.0587530864
-1.1524362420 -1.1498820176 -1.1608574972
-1.1204627904 -0.9814340511 -1.0956208062
-1.1204627904 -1.0570040957 -1.1110350908
-1.1204627904 -0.9407157944 -1.1158774466
-1.1417346229 -1.1283871503 -1.1375228813
-1.1561576151 -1.1364586114 -1.1459910821
-1.1233483129 -1.0888922744 -1.1266710415
-1.1373525195 -1.1137226834 -1.1365290566
-1.1354831015 -1.1054152935 -1.1237092547
-1.1215451397 -1.1007523941 -1.1227027128
