-18.0706490760 -3.4376447854
-18.5908942080 -1.0745151288
-18.0545539263 -3.5822548210
-18.8538085479 -0.3399374027
-18.1982942452 -2.8080555767
-17.9537302743 -3.7374221082
-16.4363421526 -6.1233428670
-18.2604304923 -2.5032300321
-18.5141502951 -1.3201780938
-18.6132645274 -0.9357976886
-16.5529889911 -5.2376917034
-18.1419552494 -3.0739858806
-18.7262740333 -0.5664523776
-19.9149406875 0.0904791836
-18.7037351144 -0.6341656366
-18.8590265562 -0.2263350788
-17.9870631541 -3.6598120028
-18.8985422879 -0.1437336904
-16.3160779666 -6.5510127220
-16.8065397291 -4.4379007614
-18.2325728782 -2.6406692968
-18.9865788177 0.0116983606
-18.7751982343 -0.4295633161
-17.8633496236 -3.8099516034
-15.9259488356 -7.7269705587
-16.5185108996 -5.6506494545
-16.7787234819 -4.5424978792
-16.4789357641 -5.8430820254
-16.6482289350 -5.0569054616
-16.8444239148 -4.3201722134
-16.1131329997 -7.3622254052
-16.2466563447 -6.9421636880
-16.6259804969 -5.2121461896
-16.7184888534 -4.7586815331
-16.4591410862 -5.9404220759
-16.3015054721 -6.7038914253
-18.3610395478 -2.2614486449
-16.2656170150 -6.8627309780
-16.2084592963 -7.0902287309
-16.4437788844 -6.0162564163
-16.9244649477 -4.0031353915
-16.1447894768 -7.2265505516
-16.1644483100 -7.1549456659
-16.8838714467 -4.0872566168
-16.5458865973 -5.3704625930
-16.9995900578 -3.9396397969
-17.0775194968 -3.8183346572
-14.7720865794 -11.0306255069
-16.8796593689 -4.1841710450
-16.1176337981 -7.2894166237
-15.9907234927 -7.6345728282
-16.3622146286 -6.1717779351
-16.3394381008 -6.2842056158
-16.0407725632 -7.5155865802
-14.7443510592 -11.1180013373
-14.4499723312 -11.5685171955
-14.6602702311 -11.2917269228
-15.5707440317 -7.9541599170
-15.5171227165 -8.1150787453
-15.3871930929 -8.5853035074
-15.4521022256 -8.3455775839
-16.0849771982 -7.4589854079
-14.8282534060 -10.8563465524
-15.4806446549 -8.2522484386
-15.6192703438 -7.7907881566
-14.5668216001 -11.4850715796
-15.1055038038 -9.7702136124
-15.5449670600 -8.0331580820
-15.5963346553 -7.8765154702
-15.4174329287 -8.4808656371
-15.3485074596 -8.7504538785
-15.1756267372 -9.4484481269
-15.3053915505 -8.9137554888
-14.9560826772 -10.3899300977
-15.1244080781 -9.6936521710
-15.1627771483 -9.5243752922
-15.0892703747 -9.8349402644
-15.0733922127 -9.9066036604
-15.1452365554 -9.5960657632
-15.2722670866 -9.0667792909
-15.2482808400 -9.1673566480
-15.0369233353 -10.0586109436
-15.2288678793 -9.2434502469
-14.9384845620 -10.4580324956
-15.3706717862 -8.6611290710
-15.0202446259 -10.1228775517
-14.8716052301 -10.7080310475
-15.2900966588 -8.9876563610
-15.0554936872 -9.9745635038
-15.2107435479 -9.3273643586
-14.8482623294 -10.7915064826
-15.4966259139 -8.1797541813
-15.3204114876 -8.8485238670
-14.5940295752 -11.3815155754
-14.8049469957 -10.9396634705
-15.4339868972 -8.4124872238
-14.8984192516 -10.6100839046
-14.9170120707 -10.5287736917
-14.7034661901 -11.2184500542
-14.9848443111 -10.2569083782
