-15.2811806065 -8.9453710008
-15.3918617389 -8.5075376765
-14.8281667772 -10.8421838931
-15.0884050013 -9.7555058160
-15.5396407474 -8.0193288000
-14.6271306544 -11.4093771113
-15.2259328668 -9.0160554487
-14.9432480906 -10.3848488407
-15.3006199086 -8.8558826029
-15.4335378386 -8.3595444246
-15.1906086422 -9.2526477563
-14.5424947122 -11.5026528189
-14.7260851981 -11.1793608962
-15.1184396919 -9.6238832458
-15.5741813250 -7.9209856195
-15.6294531149 -7.7774728976
-15.1733481434 -9.4030493265
-15.3192699675 -8.7720805969
-15.0647140985 -9.8684421426
-14.8998576491 -10.4500527882
-15.1467459591 -9.4954963390
-15.4585675336 -8.2235204255
-15.0295334307 -9.9199746307
-15.3386672665 -8.6928328246
-15.1883775552 -9.3199609262
-14.9635127413 -10.2285339755
-14.7333940849 -10.8719785923
-16.4756261149 -5.9211372172
-15.9856633896 -7.6580133322
-16.2406590623 -6.9366961374
-18.3873562814 -2.1992063569
-19.0210707145 -0.0697303426
-18.8015221158 -0.5572972906
-19.9770578387 0.0356829278
-18.4390021641 -1.9508063742
-18.3084516718 -2.5178529309
-18.7446098630 -0.6781402447
-18.8274239626 -0.4422036853
-18.1102072306 -3.4312857582
-16.7464022369 -4.6585820683
-14.9896113662 -9.9908914281
-18.6010811427 -1.1393484705
-18.0215566901 -3.6879653450
-18.0156021695 -3.7549883463
-18.9738484547 -0.1374303516
-18.1723585695 -3.2059823820
-18.1549053619 -3.2820311182
-16.0246906066 -7.5994754806
-18.5681043849 -1.3473744325
-18.0952848191 -3.5186870034
-17.9372699531 -3.8547672304
-18.4612466588 -1.8170210971
-18.5074827782 -1.6072476904
-18.3036715699 -2.5806394968
-18.5848085196 -1.2790947149
-18.8519696389 -0.2860024116
-18.7094739183 -0.8188921033
-18.0632803036 -3.6266800337
-16.1325016521 -7.3346081669
-18.9372891218 -0.2088561547
-16.5601632551 -5.5321015520
-16.9994151153 -3.9357955717
-16.1747568224 -7.2016917194
-16.9322857701 -4.0682000066
-16.4644029276 -5.9891348591
-16.6430060916 -5.1166363798
-18.2359467202 -2.8700712878
-16.8680073382 -4.2479587912
-16.5206878178 -5.7222546715
-16.4260168513 -6.1693696619
-16.3018959963 -6.7015228894
-16.5881726953 -5.3870440868
-16.4061520612 -6.2572585998
-16.2766289795 -6.8284917980
-16.1916048248 -7.1267233229
-16.0476780722 -7.5006487114
-16.8313754129 -4.3599355528
-16.5679121860 -5.4698260635
-16.8863268588 -4.1644371432
-16.4930592058 -5.8364063907
-16.5392161506 -5.6320319710
-16.3899306429 -6.3338968652
-16.6724337132 -4.9785892540
-16.7725233693 -4.5403942321
-16.6172398523 -5.2352954865
-16.2792024563 -6.7653477534
-16.2187056240 -7.0212190400
-16.7917113621 -4.4742726383
-16.1413904864 -7.2707619636
-16.6877911736 -4.8958775448
-16.9448625633 -3.9984834447
-16.7041593804 -4.8312330297
-16.5967410481 -5.3264359672
-16.3627454563 -6.4613963560
-16.3772968416 -6.3941036839
-16.3423826568 -6.5521357922
-16.7213304817 -4.7636488719
-16.6289363305 -5.1754996155
-16.6576890297 -5.0439633573
-16.4416527440 -6.0865717951
