-1.0863731820 -1.0473068405 -1.0113046009
-1.0863731820 -1.0473068405 -1.1235933395
-1.0863731820 -1.0473068405 -0.9856173919
-1.0863731820 -1.0473068405 -1.0746765206
-1.0863731820 -1.0473068405 -1.0031432906
-1.0863731820 -0.9767214408 -1.0113046009
-1.0863731820 -0.9094637310 -1.0113046009
-1.0863731820 -0.9497613456 -1.0113046009
-1.0863731820 -0.6579201399 -1.0392615438
-1.0863731820 -0.7994538556 -1.0113046009
-1.0863731820 -0.9854571380 -1.0113046009
-1.0863731820 -0.7772994237 -1.0113046009
-1.0900514278 -0.0799049516 -1.0113046009
-0.9625398344 0.0106952339 -0.8268577974
-0.9911608592 -0.0090948451 -0.8861672970
-0.9911608592 -0.0090948451 -1.0890202425
-0.9911608592 -0.0090948451 -1.0463098301
-1.1629922524 -1.2020292127 -1.1500006696
-1.0114858494 -0.0090948451 -1.1500006696
-1.1494962889 -0.0090948451 -1.1500006696
-1.1494962889 -0.5938077560 -1.1500006696
-1.1494962889 -0.0090948451 -1.1063651335
-1.1494962889 -0.5633021189 -1.1500006696
-1.1494962889 -0.7512323610 -1.1500006696
-1.1293080666 -0.7365187926 -1.1500006696
-1.1494962889 -0.7293448914 -1.0005530433
-1.1494962889 -0.7365187926 -1.0919163888
-1.1494962889 0.0452060683 -1.0005530433
-1.1494962889 -0.7081521532 -1.0005530433
-0.9173679290 0.0452060683 -0.9114231769
-0.9969543585 0.0172737131 -0.9114231769
-0.9380895539 0.0172737131 -0.9114231769
-0.9380895539 0.0172737131 -0.8969120336
-0.9380895539 0.0172737131 -1.0474043222
-0.9380895539 0.0172737131 -1.0116191430
-1.0570475453 0.0172737131 -0.9114231769
-0.9380895539 0.0112427138 -1.0922218258
-0.9380895539 0.0112427138 -0.9547953745
-0.9380895539 0.0112427138 -1.0791845587
-0.9380895539 0.0112427138 -0.9977037053
-1.0099002947 0.0112427138 -0.8524140654
-0.9380895539 0.0112427138 -0.7759586102
-0.9380895539 0.0112427138 -0.8079870138
-0.4977962608 0.0112427138 -1.1319315222
-0.8291439811 0.0112427138 -0.9423510878
-0.9979007240 0.0112427138 -1.0641963645
-1.1199918558 0.0002624625 0.0013405549
0.0221197156 0.0002624625 0.0013405549
-0.8938871815 -0.0055779800 -1.0264047637
-1.1506874998 0.0002624625 0.0013405549
-0.6124034797 0.0010462281 -1.0672220914
-0.4993213226 -0.0007010626 0.0013405549
-1.0338357098 0.0097700211 -0.7743561117
-1.0975684891 0.0074740821 0.0013405549
-0.9455211277 0.0074740821 -1.0918940640
-0.9589279929 -0.0007075287 0.0013405549
-0.5521921601 -0.0007075287 0.0013405549
-0.7965338142 0.0000734662 0.0013405549
-0.5163496160 0.0004751890 0.0013405549
-1.0123798374 -0.0014718110 0.0013405549
-0.5682227401 -0.0010719209 0.0013405549
-0.8434484491 0.0002166579 0.0013405549
-0.9871534100 -0.0005265004 0.0013405549
-0.5843458014 -0.0005265004 0.0013405549
-0.8323227276 -0.0000003396 -0.0011214402
-0.9180618384 0.0000698843 -0.0021857474
-0.9089138703 -0.0000017935 -0.0019021426
-0.8138972814 0.0000035010 0.0000136474
-0.9451653349 -0.0000003890 0.0000136474
-0.6651049395 0.0002171572 0.0000136474
-0.9280746184 0.0002171572 0.0000136474
-1.0615679198 0.0001641949 0.0000136474
-0.7859822286 -0.0000129584 0.0000136474
-0.8049296296 -0.0000129584 0.0000136474
-0.8918718115 -0.0000129584 -0.0005243735
-0.8803150554 -0.0000090819 -0.0006057928
-0.9974214585 -0.0000090819 -0.0006057928
-0.7657256630 -0.0000015993 0.0002614155
-0.7132096378 -0.0000015993 0.0002614155
-0.7553849284 0.0000105561 0.0002614155
-1.0278484351 0.0000406829 0.0027068229
-0.9377402038 -0.0000016792 -0.0000419903
-0.4729466405 0.0000129959 -0.0000419903
-0.9753077594 0.0000212390 0.0006139046
-0.6136835911 -0.0000057772 0.0006779263
-0.8246912975 0.0000620974 0.0003735582
-0.6009989587 0.0000007675 0.0002653258
-0.6411295046 0.0000049942 -0.0001056603
-0.8562364773 -0.0000157154 -0.0001056603
-0.6752166310 -0.0000185811 -0.0000393432
-0.7340375798 -0.0000040202 -0.0000393432
-0.8715435424 0.0000000794 -0.0000185733
-0.7441043566 0.0000028087 -0.0000185733
-0.7764166387 0.0000117448 0.0000940999
-0.6262936873 0.0000001441 -0.0000366196
-0.7009258097 0.0000001441 -0.0001657801
-0.6532962289 0.0000015371 -0.0000829313
-0.5337215159 0.0000015371 -0.0000829313
-0.7257281139 -0.0000014637 -0.0009509899
-0.6904759291 0.0000000400 -0.0000033695
