1.9434604743 8.6775800837 12.0483428750
1.7397020280 7.0972492955 16.7875578565
2.3790236142 11.4171600925 11.9403600446
2.3790236142 12.6879394209 11.1282670961
2.1244771152 3.1305349952 14.2916017413
2.1244770726 7.3376898882 14.8396628594
1.9317083438 9.3927406692 14.9720273453
2.1244770796 2.9396977243 17.1396790889
2.1244771152 5.6542299467 14.0776966343
2.1244771119 4.5539851490 15.4679893623
2.1244770980 6.4036087607 14.4687976625
3.3672055723 0.2419401191 1.0857047229
3.3479606784 0.2420302607 1.0536529844
2.9032813595 0.2450038598 1.4621484248
2.4612362316 0.2457332852 1.5957985822
3.0469334604 0.2434752213 1.3623959956
2.6812614301 0.2463489289 1.5575677053
2.5884885276 0.2463314337 1.5797694698
2.9763818770 0.2442494287 1.4157528106
2.7108285142 0.2462784397 1.5483702661
2.9299638924 0.2447399024 1.4462055365
2.8733128736 0.2452829391 1.4788574903
3.2469834349 0.2418997773 1.1323833886
3.1742549840 0.2422134907 1.2331421397
2.8380138100 0.2455759346 1.4968387470
2.9532827316 0.2444955983 1.4312193043
2.3975210440 0.2452269451 1.5975784371
2.9990507894 0.2439966819 1.3992701690
3.1530057691 0.2423801175 1.2579334981
3.0230391525 0.2437307001 1.3807977811
3.2584083976 0.2419027451 1.1138935926
2.6410544083 0.2463848349 1.5682611469
2.5290891967 0.2461286835 1.5892796491
3.0714340784 0.2431944436 1.3400125116
3.0872196656 0.2430206127 1.3255450987
2.7481331778 0.2461350105 1.5352902492
2.4197319460 0.2454204800 1.5974159750
3.1885284503 0.2421178844 1.2151830738
2.4842176062 0.2458885467 1.5940882524
2.7750932266 0.2459985554 1.5247994907
3.1310356005 0.2425786695 1.2818982801
3.2959713655 0.2420603172 1.0454624920
3.1127065707 0.2427546208 1.3007831513
2.8080628624 0.2457949667 1.5108473917
3.2752199235 0.2419414884 1.0847968448
3.2170480190 0.2419689311 1.1770756425
3.3478689943 0.2428540219 0.9194605004
3.2845509382 0.2419849267 1.0676767839
3.3150732886 0.2422547704 1.0046151534
3.3600961867 0.2432027757 0.8798369306
3.3555693373 0.2430634755 0.8952374533
3.3652051098 0.2433774162 0.8612398231
3.3286523960 0.2424547343 0.9721873539
3.2386825702 0.2419096260 1.1454516883
3.3071197677 0.2421624595 1.0222320249
3.3230935289 0.2423663214 0.9858303906
3.3429512214 0.2427374972 0.9338638171
3.3744792439 0.2437536079 0.8229720560
3.3336316367 0.2425437442 0.9593858714
3.3841265876 0.2442610402 0.7732722526
3.3714328281 0.2436199945 0.8362923469
3.3817383627 0.2441196003 0.7869352159
3.3693820355 0.2435361815 0.8447995370
3.3512825810 0.2429424113 0.9089740440
3.3793220835 0.2439871573 0.7997015498
3.3771835794 0.2438797336 0.8103767096
3.3891923960 0.2202870269 0.3894465976
3.3887867281 0.2202854970 0.3924944238
3.3892783972 0.2202873948 0.3887902152
3.3886791767 0.2202848507 0.3931763398
3.3890469915 0.2202866762 0.3904325109
3.3890608234 0.2202867319 0.3903281554
3.3887625301 0.2202852556 0.3925627180
3.3890333134 0.2202864022 0.3905247330
3.3887878545 0.2202853409 0.3923607865
3.3887146329 0.2202849957 0.3929044789
3.3888337505 0.2202854909 0.3920189980
3.3886273243 0.2202851761 0.3935468870
3.3886579446 0.2202847793 0.4808286632
3.3888010763 0.2202853680 0.3922603844
3.3890081283 0.2202862364 0.3907120935
3.3890736966 0.2202865137 0.3902178268
3.3887381205 0.2202851186 0.3927288124
3.3890234670 0.2202868437 0.3905974283
3.3891052707 0.2202866481 0.3899816168
3.3888210002 0.2202854638 0.3921083185
3.3888356057 0.2202854999 0.3917933954
3.3888369737 0.2202855050 0.3917418080
3.3888381417 0.2202855156 0.3909575957
3.3888414288 0.2202855310 0.3909273894
3.3888412536 0.2202855284 0.3909454560
3.3888299200 0.2202855431 0.3907205064
3.3888285438 0.2202855374 0.3907307736
3.3871074329 0.2202855429 0.3907208607
3.3854357287 0.2202855415 0.3907228645
3.3854357570 0.2202855416 0.3907223609
3.3854358374 0.2202855420 0.3907217651
3.3854358194 0.2202855419 0.3907218983
3.3854358030 0.2202855418 0.3907220200
3.3854357822 0.2202855417 0.3907221734
