1.3166110757 0.1097357713 1.8393532773
1.3166110708 0.1097359424 1.8393534687
1.3166110740 0.1097358204 1.8393533329
2.3147379957 0.1709132227 0.8393525578
1.3166110718 0.1097377011 1.8393534218
2.3147379907 0.1708993433 0.8394981553
2.3147382905 0.1708977410 0.8393443305
2.3147382726 0.1708980501 0.8393453591
2.3147382657 0.1708981736 0.8393444265
2.3147382747 0.1708980172 0.8393443445
2.3147382558 0.1708983473 0.8393443302
2.3147382631 0.1708982189 0.8393443061
2.3147382655 0.1708981753 0.8393443086
2.3147383446 0.1708968086 0.8393443791
2.3147383140 0.1708973342 0.8393443517
2.3147382958 0.1708976470 0.8393443353
2.3147382515 0.1708984230 0.8393442957
1.3166110785 0.1097252562 1.8393443618
2.3147383256 0.1708971336 0.8393443618
2.3147382572 0.1708983220 0.8393443008
2.3147382981 0.1708976081 0.8393443371
2.3147382468 0.1708985057 0.8393442916
2.3147382704 0.1708980906 0.8393443126
2.3147382308 0.1708987894 0.8393442773
1.3166110842 0.1097252261 1.8393443056
2.3147382385 0.1708986545 0.8393442840
2.3147382432 0.1708985716 0.8393442882
2.3147382259 0.1708988743 0.8393442730
2.3147382194 0.1708989924 0.8393442674
2.3147382224 0.1708989427 0.8393442699
2.3147382172 0.1708990355 0.8393442650
2.3147382339 0.1708987353 0.8393442800
2.3147379311 0.1708999804 0.8394794675
2.3147382069 0.1708992165 0.8393442563
2.3147382003 0.1708993351 0.8393442502
2.3147378760 0.1709003163 0.8394521830
2.3147381927 0.1708994668 0.8393442429
2.3147381898 0.1708995191 0.8393442401
2.3147378667 0.1709004549 0.8394363904
2.3147382082 0.1708991785 0.8393442568
2.3147382143 0.1708990702 0.8393442622
2.3147381965 0.1708993884 0.8393442465
2.3147381808 0.1708996722 0.8393442325
2.3147381863 0.1708995737 0.8393442373
2.3147382029 0.1708992749 0.8393442521
2.3147381752 0.1708997723 0.8393442276
2.3147381732 0.1708998074 0.8393442257
2.3147381621 0.1709000119 0.8393442159
2.3147381783 0.1708997111 0.8393442305
2.3147381700 0.1708998632 0.8393442230
2.3147381666 0.1708999275 0.8393442199
1.3166110918 0.1097251930 1.8393442414
2.3147381584 0.1709000736 0.8393442128
2.3147381510 0.1709002079 0.8393442062
2.3147381414 0.1709003832 0.8393441977
2.3147381450 0.1709003173 0.8393442008
2.3147381363 0.1709004781 0.8393441930
2.3147381332 0.1709005339 0.8393441904
2.3147381276 0.1709006352 0.8393441854
2.3147380985 0.1709010688 0.8393451940
2.3147381233 0.1709006834 0.8393441827
2.3147381284 0.1709005864 0.8393441874
2.3147381162 0.1709008139 0.8393441765
2.3147380188 0.1709012008 0.8393590745
2.3147381178 0.1709007732 0.8393441784
2.3147381117 0.1709008881 0.8393441729
2.3147381205 0.1709007238 0.8393441808
2.3147381063 0.1709009809 0.8393441685
2.3147381041 0.1709010170 0.8393441665
2.3147381011 0.1709010599 0.8393441643
2.3147380956 0.1709011614 0.8393441596
2.3147380983 0.1709011113 0.8393441619
2.3147380932 0.1709012053 0.8393441566
2.3147380891 0.1709012734 0.8393441535
2.3147380316 0.1709023495 0.8393441027
2.3147380206 0.1709025578 0.8393440932
2.3147380097 0.1709027709 0.8393440833
2.3147380291 0.1709023920 0.8393440793
2.3147380754 0.1709015151 0.8393441225
2.3147380349 0.1709022808 0.8393440846
2.3147380389 0.1709022019 0.8393440885
2.3147380270 0.1709024318 0.8393440774
2.3147380237 0.1709024984 0.8393440740
2.3147380441 0.1709021043 0.8393440933
2.3147380777 0.1709014690 0.8393441247
2.3147380809 0.1709014128 0.8393441277
2.3147380853 0.1709013282 0.8393441319
2.3147380419 0.1709021491 0.8393440912
2.3147380720 0.1709015773 0.8393441194
2.3147380457 0.1709020728 0.8393440949
2.3147380661 0.1709016869 0.8393441141
2.3147380684 0.1709016411 0.8393441163
2.3147380605 0.1709017888 0.8393441090
2.3147380620 0.1709017590 0.8393441105
2.3147380496 0.1709019974 0.8393440988
2.3147380589 0.1709018174 0.8393441078
1.3166111073 0.1097251355 1.8393441016
2.3147380536 0.1709019195 0.8393441027
2.3147380561 0.1709018728 0.8393441049
2.3147380548 0.1709018963 0.8393441037
