2.0644585202 6.1657173574 9.1040794190
1.6268956664 5.6012631410 10.6682831245
1.2165526733 7.2345890773 15.2111812545
2.0766636235 7.1087895673 8.6848300137
2.0600042844 3.1792998924 16.4051512498
2.0600042844 3.4190679166 12.9132268860
1.7675217564 4.4137056645 19.0705815775
1.7675217564 2.9374903566 22.7188515649
1.7675217564 4.8355008474 10.0668598802
1.7675217564 8.8487287388 9.0185699934
1.7498942285 5.2730587081 15.5712069863
1.4336886228 10.2398479068 9.7000555142
1.4471033703 15.7726385104 9.6492254210
1.4336886228 5.8530473733 11.5952758619
1.3631073869 9.3902736677 9.7915409243
1.3543127816 11.5072359143 13.2759095273
2.2390757016 5.5485511067 8.9484685733
1.7901139232 8.1121643270 8.6788930510
1.7690910338 11.1226775347 6.3278675881
2.1634123106 12.4929011660 4.6822517546
1.3294742325 11.6074233356 10.0284688672
1.9143804503 9.9532814097 5.1392527047
2.1281242800 6.0165054773 6.4600459267
2.2684916323 5.0756768010 3.7725978478
2.2897993946 4.6861940078 9.2201172137
2.5595741651 0.4081937411 1.2836795628
2.5595694774 0.4081938719 1.2836817178
2.5595739402 0.4081937475 1.2836796661
2.5595706670 0.4081938399 1.2836811637
2.5595736761 0.4081937546 1.2836797822
2.5595874944 0.4081933670 1.2836734373
2.5595690832 0.4081938830 1.2836818934
2.5595756271 0.4081936996 1.2836788866
2.5595762455 0.4081936821 1.2836786025
2.5595714921 0.4081938154 1.2836807864
2.5595718039 0.4081938066 1.2836806432
2.5595654705 0.4081939841 1.2836835533
2.5595675108 0.4081939261 1.2836826165
2.5595733332 0.4081937638 1.2836799396
2.5595730877 0.4081937706 1.2836800524
2.5595640698 0.4081940239 1.2836841966
2.5595743886 0.4081937341 1.2836794547
2.5595813075 0.4081935405 1.2836762762
2.5595687187 0.4081938942 1.2836820586
2.5595667852 0.4081939463 1.2836829504
2.5595709162 0.4081938320 1.2836810495
2.5595683593 0.4081939052 1.2836822224
2.5595801892 0.4081935730 1.2836767883
2.5595727570 0.4081937793 1.2836802051
2.5595760260 0.4081936869 1.2836787045
2.5595841022 0.4081934616 1.2836749940
2.5595665647 0.4081939528 1.2836830512
2.5595885038 0.4081933389 1.2836729725
2.5595837926 0.4081934726 1.2836751328
2.5595703541 0.4081938487 1.2836813065
2.5595770138 0.4081936621 1.2836782467
2.5595724480 0.4081937900 1.2836803444
2.5595661930 0.4081939656 1.2836832188
2.5595701388 0.4081938548 1.2836814054
2.5595645342 0.4081940100 1.2836839844
2.5595680193 0.4081939142 1.2836823794
2.5595642921 0.4081940178 1.2836840935
2.5595858290 0.4081934161 1.2836742253
2.5595773055 0.4081936526 1.2836781143
2.5595720371 0.4081937995 1.2836805359
2.5595746015 0.4081937270 1.2836793549
2.5595767038 0.4081936702 1.2836783860
2.5595777375 0.4081936398 1.2836779132
2.5595805528 0.4081935630 1.2836766245
2.5595749240 0.4081937178 1.2836792072
2.5595791788 0.4081936000 1.2836772507
2.5595825791 0.4081935058 1.2836756880
2.5595783016 0.4081936253 1.2836776528
2.5595818877 0.4081935316 1.2836760100
2.5595815758 0.4081935314 1.2836761527
2.5595843334 0.4081934591 1.2836748817
2.5595808972 0.4081935523 1.2836764606
2.5595828097 0.4081934977 1.2836755838
2.5595831028 0.4081934915 1.2836754614
2.5595867326 0.4081933939 1.2836739031
2.5595799789 0.4081935768 1.2836768885
2.5595821039 0.4081935158 1.2836759146
2.5595754193 0.4081937097 1.2836789708
2.5595849027 0.4081934409 1.2836746209
2.5595899947 0.4081933015 1.2836722783
2.5595834885 0.4081934774 1.2836752742
2.5595699301 0.4081938590 1.2836815062
2.5595853599 0.4081934242 1.2836744170
2.5595796670 0.4081935954 1.2836770129
2.5595789507 0.4081936697 1.2836772629
2.5595780839 0.4081937253 1.2836776138
2.5595785233 0.4081937706 1.2836773267
2.5595786131 0.4081935866 1.2836775536
2.5595781541 0.4081938451 1.2836774016
2.5595788455 0.4081934962 1.2836775705
2.5595790001 0.4081938216 1.2836770135
2.5595787336 0.4081936963 1.2836773317
2.5595787690 0.4081938163 1.2836771363
2.5595779381 0.4081938760 1.2836774642
2.5595783492 0.4081937385 1.2836774613
