2.3975778649 10.0868581888 2.2454566252
2.4315144862 2.8892551420 2.2457595472
2.4314507981 2.5477301844 2.2462831772
2.3019810015 1.7695071737 2.2892297383
3.8201192349 1.7695072936 2.2883064454
2.1636694904 1.6097521985 2.2894916852
2.8242677935 1.6044550545 2.2894873246
1.9339403647 9.1899017845 2.2559303667
1.9337939148 3.2530301092 2.2560939898
1.9589711962 3.0265471129 2.2560937565
2.8117452032 2.1618342077 2.2563588592
2.1564169521 2.1612914683 2.2564097768
1.8694576822 2.0387294194 2.2729569489
1.6757986633 2.7347280769 2.3805121708
1.6958486619 2.1341033412 2.3689154469
1.4968257347 3.5490483949 2.5378236176
1.4881458583 2.3928407145 2.5548682237
1.8418161175 2.5398656738 2.2881807922
1.5165591253 1.6942461136 2.5139259761
1.5165594561 1.4413790160 2.5139263604
1.5165594544 1.5192708435 2.5139261582
1.7979530297 1.6226215666 2.2990815764
1.6401826569 1.5375893545 2.3987097593
1.7821595237 1.5257964388 2.3360977790
1.5043928502 1.2927417314 2.5407340045
1.5058847448 1.2573537155 2.5693442281
1.7633841826 1.4851509101 2.3737598545
1.8646705098 1.5947085712 2.3357330332
1.6872834887 1.4324857976 2.3901389029
1.6476547745 1.4054528135 2.4070122160
1.6162468560 1.3782232405 2.4290687426
1.4680545224 1.2519634366 2.5851336617
1.5966302169 1.3464441318 2.4581956894
1.5537761869 1.2998499611 2.5091488107
1.5301950535 1.2505208687 2.5933584457
1.5904725906 1.3215062027 2.4837691847
1.4536268108 1.2125796251 2.6172671669
1.5255673959 1.2651174446 2.5403791059
1.3950801577 1.1779299476 2.7123726120
1.3226726030 1.0909809488 2.7981400529
1.3038715525 1.0472848534 2.8421742305
1.3430329762 1.0960079246 2.7582548463
1.4006681025 1.1667012239 2.6755942432
1.3137143275 1.0681283571 2.7986735364
1.2999297123 1.0685571004 2.7986742290
1.4341562821 1.2063259057 2.6662331920
1.1571811581 1.3041670521 2.6377030631
1.4984437765 1.6029761230 2.5581254245
0.8164517235 0.9951017828 2.9072963212
0.8898729421 1.0606992340 2.8017969977
0.8767835916 1.0491806120 2.8137242346
0.9788125371 1.1458086090 2.7312493112
0.6048851446 0.9757052025 2.9375644665
0.6203329152 0.9455702144 3.0504068313
0.6103197542 1.0114007014 2.8666677975
0.6049442482 0.9500400739 3.0123554853
0.5882479807 0.9767284062 2.9270007923
0.5971472162 0.9548977411 2.9883307837
0.6407569508 1.0775633506 2.8066871721
0.6113421234 0.9478766979 3.0285165002
0.5898148277 0.9657914197 2.9531101178
0.6809240384 1.1226080161 2.7709908250
0.5891962339 1.0094277206 2.8690582848
1.1655049727 1.5769200823 2.5643834475
0.7719596195 1.2555810488 2.6604201311
0.5960635224 1.0327530238 2.8491408323
0.6198576991 1.0801980615 2.8075787009
0.6505394635 1.0886748849 2.8002264804
0.6533986761 1.0967905904 2.7910445805
0.7042109134 1.1900495846 2.7071102849
0.7590689001 1.2640855164 2.6582776203
0.6503851402 1.0756600865 2.8262912633
1.0508290552 1.5530171749 2.5659324262
0.6886733231 1.1668346109 2.7255321662
0.6609585773 1.1079393328 2.7846666674
1.1049049491 1.5951224734 2.5588599359
1.0815805099 1.5783485873 2.5635907514
0.8652653044 1.3828261185 2.6009607739
0.8032620342 1.3138031485 2.6347643266
0.9835522308 1.4933198349 2.5727715088
0.7283221028 1.2225028943 2.6835913365
0.8081789538 1.3210575680 2.6256743855
0.7480588878 1.2506063137 2.6669847215
0.9292124279 1.4412050200 2.5862327427
0.7203255552 1.2141666392 2.6913000202
0.7862734014 1.2985243199 2.6378692244
0.6377144788 1.0659014162 2.8469859249
0.8250305401 1.3387192921 2.6206703417
1.0947385820 1.5838533719 2.5609076155
0.8447081612 1.3568119966 2.6152394728
0.6631713829 1.1263510704 2.7685845839
0.9127946894 1.4251772506 2.5884486126
0.6942880112 1.1828269803 2.7149590891
0.9747412189 1.4768638084 2.5801765610
0.6665569243 1.1449015015 2.7500516566
0.6768671619 1.1609479201 2.7338359937
0.7347341039 1.2403788165 2.6705640127
0.6488405153 1.1081563888 2.7892207312
0.8821613452 1.3940939186 2.5995059692
0.7330643708 1.2332318464 2.6804721668
