7.9817155587 1.4515739655 11.0602956049
11.2458774261 1.4374494300 10.0167606709
2.6330799993 3.0292115137 16.1555303533
2.6077127151 5.3343536695 11.7322035889
2.2703244200 6.1499523158 9.2724589260
2.4651130597 6.0409780659 12.2725632236
2.1117973836 12.5492301564 11.3379043361
2.2703244200 6.1385820252 15.7990602092
2.0289923520 5.2350955360 15.8980034814
1.8033432381 9.5890867234 17.9044013340
1.8033431783 12.6575135571 15.8325587029
1.8033432381 8.7273362941 19.5112486788
1.8057130362 7.0918214103 13.4175985199
2.5116334297 5.9921812377 13.5028584755
2.5176919252 8.4044535885 6.1908487007
2.0288485677 13.2957250382 10.3016367901
2.5993059922 8.5529448438 3.5693738737
2.6019225423 8.1197697709 4.9909089120
2.4335991672 12.7897705705 6.9052151005
3.3274239734 1.6443418503 7.0122289190
3.3274239734 1.6928282039 5.1224606674
3.3273957909 1.7001516014 5.4617479052
3.3274868974 1.6952536734 4.6998732487
2.9347538696 1.7481090540 3.6141443614
2.7859630360 2.1669480437 2.9937984497
2.9134502343 1.7562787594 3.4399085045
2.9138485670 1.7554853538 2.6236692533
2.9356473366 1.7513622127 2.9366480795
2.9237217664 1.7522153265 3.7799586715
2.9485590744 1.7490421189 3.2811517350
2.9088395649 1.7586786306 2.9120930503
2.8202674062 1.8289543005 2.9596029674
2.8167040629 1.8378945644 3.0920842600
2.7914955424 1.8881369458 2.8502180812
2.7914431041 1.8888797525 2.7266123155
2.7941130298 1.8896674305 2.5220370900
2.7941929262 1.8906372009 2.4531799746
2.7943725344 1.8880696282 2.5955645087
2.8071174766 1.8641664952 2.8739975801
2.8223763406 1.8282419998 2.6730910352
2.8094420017 1.8604849267 2.7473847446
2.8126427210 1.8591105790 2.2768506918
2.8997321186 1.7611058086 2.8230964028
2.9045614633 1.7608912873 2.3482392916
2.7932119726 1.9170709615 2.6523813460
2.8768049451 1.7717749565 2.5459551872
2.8078834517 1.8578626333 2.8331651286
2.8167282319 1.8380984959 2.5735512576
2.8159781111 1.8385315480 2.6146222580
2.8139329606 1.8497934027 2.2121751098
2.9027664841 1.7601844365 2.7198299215
2.8121979714 1.8486647547 2.5108494205
2.8263439550 1.8224677677 2.6367715899
2.8946896437 1.7639145828 2.4197134135
2.8118558398 1.8540306796 2.3672441538
2.8161385634 1.8383884117 2.1138490244
2.8680948597 1.7771010119 2.6750248641
2.8302500462 1.8168773839 2.5571116555
2.8058962314 1.8663186876 2.4681045444
2.8866843280 1.7677660777 2.4776979003
2.8229295546 1.8323679052 2.2352445944
2.8376158086 1.8060322580 2.4944519450
2.8192164728 1.8361769464 2.1611234601
2.8108850066 1.8567310040 2.5376437017
2.8110877891 1.8581974429 2.3928169605
2.8222272144 1.8297563806 2.3212612749
2.8467038128 1.7951693744 2.3475754987
2.8460744463 1.7967038712 2.2438937189
2.8299641007 1.8174929154 2.2306496802
2.8298896057 1.8186605287 2.1706175277
2.8430020607 1.7995268030 2.2899826425
2.8400097949 1.8031057154 2.1749301142
2.8250940085 1.8255280513 2.0946582494
2.8370675462 1.8062783925 2.1518504728
2.8361817188 1.8080911931 2.0945040011
2.8370825873 1.8068300353 2.1358002163
2.8322837733 1.8138127221 2.1871118826
2.8409576813 1.8021485472 2.1218624197
2.8336871382 1.8115825849 2.1194063773
2.8631023902 1.7805950802 2.1155188261
2.8949245826 1.7638937719 2.1186150518
2.8331723394 1.8130099615 2.1083420758
2.8732807002 1.7737617130 2.1105063740
2.8472380218 1.7948280387 2.1042119626
2.8438165571 1.7986919747 2.0991666733
2.8676015522 1.7773332887 2.1038534003
2.8496203538 1.7924826371 2.1074258988
2.8674829441 1.7774790311 2.0990323393
2.8462870108 1.7959216612 2.0942835142
2.8514184076 1.7908068703 2.0961252598
2.8538475361 1.7878997682 2.0913488578
2.8646976485 1.7789181329 2.0975616440
2.8624036044 1.7808722731 2.0950546990
2.8595214372 1.7826127176 2.0925337099
2.8609084581 1.7817132291 2.0927368366
2.8549857264 1.7855102816 2.0931293269
2.8583176714 1.7832699494 2.0917739645
2.8564115763 1.7843441426 2.0914779044
2.8569557599 1.7834119351 2.0925730363
2.8574624669 1.7837441628 2.0906971379
