0.2876515697 1.1488139985
0.2799266624 1.1739122963
0.1934524439 1.2527056995
2.0944916501 0.0321788710
0.0819925768 1.6290265334
0.0744851966 2.2773657466
0.0821704764 1.4691461174
0.0693596990 2.4948274947
0.1061748724 1.4319098018
0.1258723322 1.3835771327
0.1172148270 1.4285710813
0.1399821451 1.3145797890
0.6754306132 0.2769145354
0.7227985613 0.2691438802
0.7499601740 0.2596588236
0.9122934494 0.2467500484
0.7716678065 0.2467500552
0.7982231515 0.2467500529
1.0827813968 0.0928529010
1.0290462833 0.1041426895
1.0495112065 0.1031078184
1.2820481881 0.0334493159
1.1654367462 0.0338207516
1.0846209474 0.0418700427
1.0263577489 0.1928397353
1.0120885338 0.2223987160
0.3301035422 0.6298166589
0.3333240569 0.4928591452
0.3293464549 0.7890116507
0.3389895157 0.4879172419
0.9670998946 0.2387473819
0.3892875622 0.4676336048
0.3740278967 0.4676476398
0.3740279011 0.4676476349
0.3791256931 0.4676476139
0.3740279098 0.4676476242
0.3723645077 0.4676476574
0.3723644968 0.4676476768
0.3723644836 0.4676477005
0.3723645132 0.4676476484
0.3705076238 0.4676617169
0.3705076054 0.4676617482
0.3705076200 0.4676617232
0.3705076363 0.4676616984
0.3705076377 0.4676616928
0.3705076346 0.4676617003
0.3705076634 0.4676616455
0.3705076555 0.4676616613
0.3705076569 0.4676616589
0.3705076590 0.4676616545
0.3705076485 0.4676616749
0.3705076720 0.4676616376
0.3705076506 0.4676616712
0.3705076121 0.4676617343
0.3705076414 0.4676616819
0.3705076287 0.4676617029
0.3700757395 0.4678449194
0.3700727252 0.4678927006
0.3700570148 0.4707981760
0.3700725920 0.4696554368
0.3700727380 0.4678812884
0.3700727316 0.4678916725
