1.2970657507 0.0712817374
1.8237100182 0.0666840003
1.2676550514 0.1048633877
1.2131030975 0.1183692149
1.2484068923 0.1178262908
1.2929523528 0.0810097851
0.9227260555 0.2174916641
0.9228182509 0.1588775534
0.9231000092 0.1342741280
0.9899804958 0.1244628433
0.9587027197 0.1285831715
0.5743757829 0.3183096415
0.5700653604 0.3351446116
0.5642719101 0.3586331743
0.5646207809 0.3435211947
0.3480231973 0.6244290568
0.5612937284 0.3634162445
0.2284512012 0.6796008394
0.2200987642 0.7094035072
0.2604268858 0.6412346899
0.2473441082 0.6514767786
0.2375412566 0.6623370354
0.2556409614 0.6446746434
0.2858547774 0.6295061377
0.2809080768 0.6320539272
0.2666010778 0.6386687374
0.3014613935 0.6258798576
0.2265773072 0.6939868735
0.3109346305 0.6255242931
0.2176550313 0.7182070839
0.2146446548 0.7348517796
0.2467292923 0.6571346133
0.2359340073 0.6689144462
0.2238119379 0.7006607714
0.2273605113 0.6863666801
0.2162778195 0.7275834580
0.0731898611 1.0096001797
0.0782265891 0.9987382378
0.0646507552 1.0316227263
0.0545220497 1.0667128068
0.0711977496 1.0132358390
0.0434217544 1.1625108099
0.0674959713 1.0227221002
0.0629595771 1.0349459984
0.0526569131 1.0726063494
0.0831848810 0.9874943249
0.0803454827 0.9934552054
0.0741729218 1.0064472991
0.0511190679 1.0813324223
0.0501226529 1.0855314338
0.0591840632 1.0468002404
0.0851377536 0.9834760839
0.0463060479 1.1116837980
0.0662334452 1.0258858708
0.0568621344 1.0565658294
0.0451839988 1.1224907996
0.0626549480 1.0399061216
0.0759858912 1.0016455595
0.0872676240 0.7404231239
0.0872668075 0.7404246361
0.0872785758 0.7404028425
0.0872778074 0.7404042653
0.0872699488 0.7404188185
0.0872752128 0.7404090703
0.0872782587 0.7404034296
0.0872695595 0.7404195394
0.0872672604 0.7404237972
0.0872791889 0.7404016648
0.0872651360 0.7404277974
0.0872817153 0.7403971027
0.0872588491 0.7404394372
0.0872643686 0.7404292178
0.0872654397 0.7404272345
0.0872802252 0.7403998616
0.0872834777 0.7403938407
0.0872799227 0.7404004216
0.0872845688 0.7403917435
0.0872830946 0.7403944733
0.0872773845 0.7404050473
0.0872682804 0.7404218907
0.0872754823 0.7404085250
0.0872709348 0.7404169454
0.0872712475 0.7404163666
0.0872719833 0.7404150010
0.0872688249 0.7404208455
0.0872746609 0.7404100388
0.0872765554 0.7404065308
0.0872634011 0.7404310669
0.0872691277 0.7404202939
0.0872715990 0.7404157071
0.0872759042 0.7404077352
0.0872704134 0.7404179026
0.0872729933 0.7404131252
0.0872723668 0.7404142851
0.0872742344 0.7404108277
0.0872749213 0.7404095557
0.0872736447 0.7404119194
0.0872733675 0.7404124330
0.0872761658 0.7404072509
0.0872739337 0.7404113840
