0.7317667096 0.3963286724
1.1428546554 0.2813393533
1.1435214757 0.1675692395
1.2071180755 0.1048907112
1.5482990461 0.1001016367
0.9029451378 0.3658234805
0.1884462200 1.0206587716
0.1278958768 1.1080114617
0.1026179135 1.1324846974
0.1328158364 1.0969590122
0.0405069563 1.5473997227
0.0521376729 1.2969701994
0.0444200071 1.4832289147
0.0468230934 1.3804788829
0.0452485634 1.4249989070
0.1016028871 1.1485578335
0.2264438720 0.6009418850
0.2293206186 0.5973164242
0.2299100446 0.5764114793
0.2383901460 0.5586553258
0.2373272024 0.5627638625
0.2373395435 0.5604043860
0.2376212020 0.5591797179
0.2413587551 0.5527915874
0.2435644736 0.5493205760
0.2451449627 0.5469699674
0.2441658668 0.5484481950
0.2390632792 0.5565780258
0.2354639972 0.5632835119
0.2347964595 0.5645199179
0.2396752997 0.5561017897
0.2418469508 0.5519031876
0.2452670585 0.5463910863
0.2445278027 0.5475827251
0.2462435900 0.5449835012
0.2420309339 0.5513878353
0.2430012390 0.5499225576
0.2426209965 0.5504600566
0.2405541511 0.5538772062
0.2465967166 0.5445485536
0.2402359872 0.5544146497
0.2456150421 0.5458112262
0.2502955136 0.5044282848
0.2489720483 0.5054450552
0.2474261717 0.5067908424
0.2490377623 0.5053897908
0.2492155471 0.5052163613
0.2491349942 0.5052824348
0.2487840128 0.5055857664
0.2488207008 0.5055540750
0.2487409165 0.5056230033
0.2477447980 0.5064919032
0.2478321261 0.5064143828
0.2488440816 0.5055302646
0.2486922589 0.5056605529
0.2484921884 0.5058334914
0.2478809170 0.5063710032
0.2485242893 0.5058057216
0.2485522130 0.5057815116
0.2480857209 0.5061890982
0.2477845357 0.5064570389
0.2482481110 0.5060463371
0.2487197703 0.5056368751
0.2483743383 0.5059360187
0.2476149136 0.5066083523
0.2488925981 0.5054976437
0.2476838344 0.5065459991
0.2474923045 0.5067184166
0.2484482977 0.5058714985
0.2477255873 0.5065088990
0.2475795462 0.5066396072
0.2471450893 0.5070328302
0.2477651307 0.5064742714
0.2470751259 0.5071008662
0.2473396831 0.5068574563
0.2479496682 0.5063115091
0.2472430308 0.5069530042
0.2479271813 0.5063288955
0.2479078180 0.5063466581
0.2479714073 0.5062895411
0.2481615626 0.5061218456
0.2481047397 0.5061718953
0.2478503055 0.5063967570
0.2472738719 0.5069164389
0.2478034387 0.5064383387
0.2481405925 0.5061402812
0.2480654174 0.5062064555
0.2483394488 0.5059662054
0.2482052780 0.5060837062
0.2484215624 0.5058946521
0.2484669927 0.5058552272
0.2482763348 0.5060212705
0.2479929352 0.5062704762
0.2480335292 0.5062348400
0.2485966727 0.5057428466
0.2481831481 0.5061030626
0.2483192903 0.5059837546
0.2483995318 0.5059137874
0.2482274397 0.5060640788
0.2482997775 0.5060007828
