1.0122932039 0.3720852853
1.0271848305 0.3419086554
1.4731959770 0.1997325837
1.4118282767 0.2315852732
1.6822836663 0.1991556746
2.0795400924 0.1871608643
1.3718857485 0.2336151684
1.0689582093 0.2372827624
0.6325809842 0.5660983663
0.8071985602 0.5366595517
0.8392698161 0.4877683695
0.7181213782 0.5427257643
0.8701842250 0.4835516105
0.1268699130 1.1387794295
0.1199654515 1.1618980479
0.0978946832 1.3428347681
0.0959038103 1.5442562326
0.0807921660 1.6178302875
0.1379622955 0.6287347195
0.1379404506 0.6287643711
0.1379430163 0.6287608881
0.1379689066 0.6287257476
0.1379885027 0.6286991580
0.1379377936 0.6287677288
0.1379328142 0.6287744899
0.1379393493 0.6287656164
0.1379263428 0.6287832774
0.1379674785 0.6287274312
0.1379131138 0.6288012437
0.1379642235 0.6287318490
0.1379383924 0.6287669157
0.1379340884 0.6287727597
0.1379794353 0.6287112040
0.1379721776 0.6287210535
0.1379304135 0.6287777497
0.1379488092 0.6287521729
0.1379452804 0.6287575899
0.1379683987 0.6287261654
0.1379320708 0.6287755498
0.1379645197 0.6287314374
0.1379400765 0.6287646649
0.1379573554 0.6287406145
0.1379413385 0.6287623784
0.1379628325 0.6287331731
0.1379637618 0.6287319107
0.1379388131 0.6287658104
0.1379370216 0.6287682451
0.1379430608 0.6287600380
0.1379471195 0.6287545226
0.1379655481 0.6287294839
0.1379446022 0.6287579433
0.1379360655 0.6287695446
0.1379552718 0.6287433710
0.1379614824 0.6287349348
0.1379466124 0.6287551348
0.1379577600 0.6287399911
0.1379610166 0.6287355675
0.1379568845 0.6287411804
0.1379384707 0.6287661964
0.1379502043 0.6287502545
0.1379406008 0.6287633014
0.1379565867 0.6287415845
0.1379560214 0.6287423523
0.1379549338 0.6287438297
0.1379556936 0.6287427976
0.1379437877 0.6287589716
0.1379418196 0.6287616456
0.1379623825 0.6287339774
0.1379598610 0.6287373503
0.1379607830 0.6287360017
0.1379580864 0.6287396310
0.1379422687 0.6287611137
0.1379483574 0.6287528206
0.1379604944 0.6287363372
0.1379496275 0.6287510381
0.1379479705 0.6287532891
0.1379443344 0.6287588703
0.1379505490 0.6287497863
0.1379462745 0.6287555932
0.1379646268 0.6287306637
0.1379594575 0.6287376849
0.1379545021 0.6287444162
0.1379455483 0.6287565797
0.1379583049 0.6287392505
0.1379591235 0.6287381386
0.1379521326 0.6287476350
0.1379651594 0.6287299403
0.1379394404 0.6287648919
0.1379508633 0.6287493593
0.1379475743 0.6287538273
0.1379459377 0.6287563234
0.1379493517 0.6287514128
0.1379499409 0.6287506124
0.1379536553 0.6287455666
0.1379518186 0.6287480616
0.1379515009 0.6287484932
0.1379539754 0.6287451330
0.1379526974 0.6287468681
0.1379531855 0.6287462048
0.1379524339 0.6287472259
