1.7453988239 0.5020164558
0.9413145908 0.5980619980
0.9413684113 0.5594275123
1.2960777101 0.5108061582
1.3293326689 0.5088232696
1.2406414550 0.5112681778
1.0557941068 0.5148722098
1.0353229778 0.5154437066
1.0889654088 0.5146032818
0.9387331491 0.6140183119
1.1064417224 0.5130072129
1.0999881540 0.5130158636
1.1060593177 0.5130072147
1.1071425959 0.5117765049
1.1486754743 0.5114976110
1.2018461616 0.5114967559
1.1475486058 0.5115401362
0.4514536551 0.6465691736
0.4514511598 0.6465820594
0.4514563758 0.6465536414
0.4514531471 0.6465700983
0.4514501178 0.6465885618
0.4514502053 0.6465877275
0.4514518686 0.6465775509
0.4514507893 0.6465844253
0.4514503427 0.6465870814
0.4514515974 0.6465798104
0.4514397593 0.6465938207
0.4514403906 0.6465890438
0.4514397213 0.6465940599
0.4514398318 0.6465931515
0.4514402391 0.6465901201
0.4514402936 0.6465897227
0.4514402049 0.6465903725
0.4514402326 0.6465901655
0.4514402589 0.6465899734
0.4514401851 0.6465905157
0.4514398438 0.6465930845
0.4514403000 0.6465896736
0.4514398108 0.6465933123
0.4514402171 0.6465902835
0.4514402455 0.6465900741
0.4514402261 0.6465902138
0.4514398365 0.6465931138
0.4514402086 0.6465903399
0.4514401970 0.6465904279
0.4514402541 0.6465900079
0.4514401633 0.6465906752
0.4514402691 0.6465898956
0.4514401586 0.6465907117
0.4514401780 0.6465905667
0.4514403073 0.6465896178
0.4514401541 0.6465907433
0.4514397616 0.6465936828
0.4514401501 0.6465907750
0.4514401352 0.6465908842
0.4514401686 0.6465906375
0.4514401455 0.6465908083
0.4514401306 0.6465909178
0.4514401408 0.6465908422
0.4514401123 0.6465910508
0.4514401173 0.6465910165
0.4514399533 0.6465911222
0.4514399589 0.6465910830
0.4514399510 0.6465911388
0.4514399563 0.6465911036
0.4514398708 0.6465917139
0.4514398812 0.6465916372
0.4514398723 0.6465917011
0.4514398751 0.6465916819
0.4514399475 0.6465911651
0.4514399388 0.6465912266
0.4514398916 0.6465915630
0.4514398781 0.6465916592
0.4514398640 0.6465917597
0.4514399425 0.6465912004
0.4514398874 0.6465915948
0.4514398852 0.6465916107
0.4514398676 0.6465917362
0.4514399457 0.6465911787
0.4514399344 0.6465912601
0.4514399363 0.6465912469
0.4514399323 0.6465912748
0.4514398952 0.6465915391
0.4514398965 0.6465915296
0.4514398989 0.6465915103
0.4514399011 0.6465914940
0.4514399294 0.6465912938
0.4514399053 0.6465914655
0.4514399281 0.6465913025
0.4514399228 0.6465913395
0.4514399242 0.6465913295
0.4514399094 0.6465914350
0.4514399216 0.6465913478
0.4514399202 0.6465913571
0.4514399122 0.6465914149
0.4514399177 0.6465913746
0.4514399163 0.6465913842
0.4514399152 0.6465913941
0.4514399165 0.6465913847
