0.1207722202 0.6649232418
0.1207881991 0.6645478410
0.1207957587 0.6645299671
0.1213738019 0.6630079360
0.1212739277 0.6630567033
0.1212857593 0.6630514972
0.1213154863 0.6630355998
0.1212668349 0.6630595486
0.1215937829 0.6629676119
0.1213735858 0.6630217557
0.1212786151 0.6630547794
0.1212926702 0.6630482350
0.1208658023 0.6634459395
0.1212120118 0.6630656104
0.1208081296 0.6635602767
0.1211760914 0.6630857202
0.1208765206 0.6634268900
0.1208734813 0.6634330157
0.1208480199 0.6634845725
0.1208583483 0.6634591048
0.1211965497 0.6630746357
0.1208481943 0.6634796764
0.1208686824 0.6634402994
0.1208377975 0.6634963131
0.1208533356 0.6634649061
0.1208801427 0.6634210813
0.1208606916 0.6634535218
0.1209198028 0.6630947038
0.1209172447 0.6630953894
0.1208840506 0.6631371586
0.1209265573 0.6630942835
0.1208972847 0.6631192904
0.1209071986 0.6631064505
0.1208961502 0.6631207879
0.1209050231 0.6631092367
0.1208946335 0.6631228004
0.1208812997 0.6631410129
0.1209003935 0.6631152109
0.1209099585 0.6631029562
0.1209038481 0.6631107375
0.1208894756 0.6631297204
0.1209147315 0.6630969986
0.1208884046 0.6631312075
0.1208950639 0.6631222249
0.1209047163 0.6631096301
0.1208863260 0.6631340299
0.1208879418 0.6631318168
0.1209068174 0.6631069427
0.1209159617 0.6630954953
0.1209108507 0.6631018397
0.1208965887 0.6631202066
0.1209075055 0.6631060623
0.1209155283 0.6630960221
0.1208912931 0.6631272772
0.1208995274 0.6631163433
0.1209078977 0.6631055672
0.1208989994 0.6631170359
0.1208855735 0.6631350738
0.1208904994 0.6631283445
0.1208956779 0.6631214079
0.1208977573 0.6631186741
0.1208867474 0.6631334771
0.1209094030 0.6631036620
0.1209105446 0.6631022667
0.1208845455 0.6631365784
0.1208852004 0.6631356296
0.1208919162 0.6631264439
0.1209137507 0.6630982497
0.1208908451 0.6631278899
0.1208935399 0.6631242601
0.1208877159 0.6631324904
0.1208941496 0.6631234609
0.1209043486 0.6631100939
0.1209125201 0.6630997594
0.1208984997 0.6631176879
0.1208859080 0.6631345910
0.1209086400 0.6631047607
0.1208899432 0.6631291022
0.1208825406 0.6631392965
0.1209061945 0.6631077309
0.1208926824 0.6631254052
0.1208969423 0.6631197372
0.1208981253 0.6631181874
0.1209115502 0.6631009674
0.1208931122 0.6631248311
0.1209128443 0.6630993533
0.1209090333 0.6631041305
0.1209056448 0.6631084345
0.1209035190 0.6631111623
0.1208998735 0.6631158900
0.1208915800 0.6631269041
0.1209082288 0.6631051508
0.1209031897 0.6631115858
0.1209019278 0.6631132174
0.1209028154 0.6631120697
0.1209024980 0.6631124802
0.1209022130 0.6631128486
0.1209006346 0.6631136239
0.1209007860 0.6631134236
0.1209008795 0.6631133065
