1.5092277606 0.6615659882
1.8292172111 0.6089428757
1.5783872883 0.6326017498
1.5810299357 0.6209407608
0.1165353661 0.7171378236
0.1165371882 0.7171349203
0.1165392701 0.7171347705
0.1165403292 0.7171299705
0.1165399725 0.7171317546
0.1162880026 0.7171380817
0.1162802113 0.7171489680
0.1162820268 0.7171460345
0.1162850509 0.7171411950
0.1162823234 0.7171455575
0.1162812641 0.7171472645
0.1162848797 0.7171414675
0.1162842817 0.7171424204
0.1162845220 0.7171420378
0.1162819024 0.7171462346
0.1162846321 0.7171418615
0.1162847823 0.7171416223
0.1162821382 0.7171458550
0.1162843168 0.7171423580
0.1162844343 0.7171421707
0.1162856082 0.7171403030
0.1162822370 0.7171456896
0.1162849772 0.7171412983
0.1162820840 0.7171459276
0.1162839562 0.7171429261
0.1162840590 0.7171427620
0.1162845504 0.7171419784
0.1162850999 0.7171411037
0.1162840142 0.7171428336
0.1162823728 0.7171454628
0.1162851334 0.7171410503
0.1162841256 0.7171426559
0.1162836929 0.7171433470
0.1162844932 0.7171420691
0.1162822130 0.7171457203
0.1162824442 0.7171453485
0.1162841610 0.7171425992
0.1162837662 0.7171432296
0.1162846583 0.7171418059
0.1162825438 0.7171451883
0.1162839338 0.7171429617
0.1162823501 0.7171454995
0.1162830854 0.7171443194
0.1162826789 0.7171449703
0.1162822848 0.7171456133
0.1162829695 0.7171445036
0.1162839847 0.7171428792
0.1162830406 0.7171443898
0.1162836387 0.7171434323
0.1162829139 0.7171445930
0.1162837945 0.7171431870
0.1162836061 0.7171434856
0.1162827290 0.7171448904
0.1162833866 0.7171438367
0.1162835806 0.7171435255
0.1162824086 0.7171454050
0.1162830641 0.7171443521
0.1162826453 0.7171450238
0.1162821796 0.7171457732
0.1162826208 0.7171450638
0.1162840830 0.7171427255
0.1162838750 0.7171430550
0.1162835556 0.7171435658
0.1162829460 0.7171445421
0.1162828884 0.7171446343
0.1162825703 0.7171451440
0.1162827946 0.7171447844
0.1162827018 0.7171449333
0.1162824964 0.7171452631
0.1162837449 0.7171432622
0.1162837228 0.7171432978
0.1162834073 0.7171438024
0.1162832468 0.7171440594
0.1162834508 0.7171437327
0.1162827718 0.7171448206
0.1162839017 0.7171430116
0.1162829925 0.7171444666
0.1162834726 0.7171436976
0.1162836658 0.7171433887
0.1162832738 0.7171440159
0.1162833165 0.7171439475
0.1162830144 0.7171444318
0.1162838379 0.7171431137
0.1162842107 0.7171425183
0.1162833386 0.7171439122
0.1162835332 0.7171436006
0.1162828601 0.7171446789
0.1162834949 0.7171436618
0.1162831781 0.7171441689
0.1162828356 0.7171447184
0.1162832947 0.7171439824
0.1162833607 0.7171438766
0.1162832052 0.7171441256
0.1162832270 0.7171440907
0.1162831471 0.7171441951
0.1162831165 0.7171442413
