0.9815714300 0.2462820591
0.7369321987 0.6382743322
0.3996629198 0.9818258289
0.9975493754 0.2114284915
0.9960170480 0.2297413086
0.6607187660 0.7046175459
0.6712628045 0.6851468226
0.6817174227 0.6713981909
0.6912727324 0.6688689820
0.6953058796 0.6655623357
1.0326974751 0.1395778441
1.0304661991 0.1548487209
1.0085039864 0.1610605887
0.9983952348 0.1809299434
1.0076268046 0.1718679086
0.4199557564 0.9516848172
0.4387051415 0.9397597971
0.0369094101 1.0984090821
0.0442638553 1.0711051099
1.0401505345 0.0852152189
1.0382805316 0.1350989077
1.0426614553 0.0754110824
1.0492998048 0.0740544641
1.0568639308 0.0730597781
0.0667429245 1.0649641428
0.0985741618 1.0513394365
0.7463555820 0.5991451077
0.7586643912 0.5902964767
0.7441516494 0.6046696730
0.4152607786 0.9638336664
1.0686019677 0.0470941626
1.0649097550 0.0628615660
1.0679966355 0.0544595091
1.0703754221 0.0405081351
0.0738859398 1.0604906850
0.0741219752 1.0536867265
0.4468496273 0.9056420005
0.4667838956 0.8888415464
0.4656832971 0.8967602822
0.4458097683 0.9386879805
0.4783852799 0.8728132275
0.4766983579 0.8837184814
0.1581448751 1.0478135277
0.7860270926 0.4732787937
0.7797533328 0.4756153213
0.7956159691 0.4661949765
0.8075344146 0.4639163582
0.2069405703 1.0283447807
0.1789682206 1.0330466553
0.2016363415 1.0298862534
0.1883037070 1.0328238927
0.3429003625 0.9888417027
0.3057048041 0.9906186394
0.3292334456 0.9889371489
0.9425109171 0.2511523167
0.9206151094 0.2851947704
0.9307947808 0.2708818561
0.9203493941 0.2923601050
0.9316609591 0.2629611137
0.9383626926 0.2601369194
0.9296513673 0.2809265313
0.6232782016 0.7416665218
0.6284643531 0.7409677031
0.6002727496 0.7507523411
0.6375495628 0.7399990518
0.6081499117 0.7434412034
0.9024853792 0.3380547856
0.9182985829 0.3342608737
0.8886857140 0.3637880145
0.8882858470 0.3846243622
0.8930536376 0.3421588465
0.5841111450 0.7699026659
0.5606996748 0.7850531255
0.5650102242 0.7742275407
0.5897390815 0.7625300560
0.2658211726 0.9926844987
0.2484208411 0.9943171408
0.2274872737 0.9950035010
0.2269568500 1.0031180078
0.2157057977 1.0178995059
0.8544894785 0.3934735185
0.8655563963 0.3921879688
0.8455290507 0.4036115982
0.8398426584 0.4189075319
0.8367675903 0.4363786860
0.8410723187 0.4101033435
0.8365501824 0.4498695673
0.4824045819 0.8242949689
0.4819254077 0.8307563761
0.4837959600 0.8151044342
0.4846237195 0.8060568230
0.5009598343 0.7907164035
0.5313429656 0.7900242857
0.5048422104 0.7905895697
0.5400120161 0.7900242836
0.5114679421 0.7900242972
0.4980734607 0.7927907708
0.4896132894 0.7941485915
0.4887901912 0.8019136532
0.4878090933 0.8051152641
