0.6528496197 0.7579135540
0.6412881076 0.7725994981
0.9687659215 0.3109830048
0.9555441788 0.3229476467
0.9685088762 0.3189287203
0.7918683168 0.5914936940
0.7588883872 0.6351340735
0.7678239365 0.6270652438
0.7760534276 0.6013659062
0.7329096009 0.6385562483
0.0580406354 1.1073703818
0.0629941857 1.0927230876
0.0597224754 1.1023652421
0.0785235889 1.0661953083
0.0922923421 1.0512796682
0.1188779722 1.0411238355
0.0724411179 1.0737074606
0.0834078335 1.0642264694
0.7522218634 0.6373684208
1.1118452410 0.0583253412
1.1017245424 0.0661356170
1.0947157046 0.0709864811
1.1180192091 0.0578389108
1.0747460134 0.0804895277
1.0547266820 0.1287763893
1.0552341222 0.1026738662
0.7234560856 0.6597425213
0.6942594522 0.6707496215
0.7073495973 0.6691237624
0.7154990711 0.6617433001
0.4211668770 0.9426325556
0.4197217762 0.9692735861
1.0636714331 0.0860111568
0.3905121240 0.9767915704
0.6812363924 0.7246389499
0.3950232089 0.9731518392
0.3901014510 0.9803903148
0.3507682876 0.9881447229
0.3690806122 0.9856871050
1.0511356187 0.1606028570
1.0213617959 0.1919177387
0.9971894541 0.2008596832
0.9822276513 0.2133419238
0.6770218248 0.7434796118
0.9810127782 0.2222069756
0.9763327577 0.2249917266
0.6101036492 0.7926236039
0.6238482752 0.7892066018
0.6378296270 0.7816571356
0.8960172024 0.3982342853
0.8977725015 0.3781244821
0.9425297660 0.3514734088
0.9148045039 0.3660760579
0.9183288074 0.3582568581
0.5688039322 0.8302529282
0.5472919230 0.8518642135
0.5594643367 0.8359046419
0.5692698830 0.8250805650
0.5894243642 0.8203248840
0.5958437263 0.8116770035
0.6049228637 0.8116393726
0.8557051396 0.4411530987
0.8612561882 0.4335454290
0.8517840477 0.4450424356
0.8779243260 0.4310372263
0.7954449793 0.4957128152
0.8040871378 0.4939741065
0.8080430371 0.4937892547
0.8112546220 0.4742638462
0.8094368445 0.4885885006
0.5404040807 0.8521053914
0.7928541923 0.5527471376
0.5115986495 0.8530151154
0.5526246910 0.8506446968
0.4639986641 0.8877184477
0.4642038549 0.8613589051
0.4799601160 0.8591835390
0.4927967223 0.8537399202
0.8182290253 0.4602517976
0.8270880234 0.4536258766
0.8336424211 0.4468281563
0.8215084770 0.4579230374
0.8942952188 0.4116085885
0.8841451853 0.4152186403
0.1231476247 1.0147291995
0.1993576037 0.9955629947
0.2047967382 0.9955615843
0.2123602333 0.9955609169
0.1323729565 0.9985394704
0.1734096097 0.9957572106
0.1663722883 0.9959013767
0.2170772591 0.9951714742
0.1863414740 0.9957572042
0.1379056870 0.9967000964
0.1494752131 0.9967000931
0.1266409646 1.0014434238
0.1230308826 1.0325424688
0.1238377113 1.0117950872
0.1257848823 1.0040008795
0.1246479095 1.0041499540
