1.1210357553 0.0539203309
1.0808353428 0.0603148084
1.0873120414 0.0569033463
0.4342069324 0.9461511058
0.4326225396 0.9535814138
0.1221053742 1.0574725405
0.0731538502 1.0702810145
0.0957767290 1.0630404175
0.0556967007 1.0828228156
0.0514053294 1.0879380659
0.7389443547 0.6400862176
0.7447933135 0.6311903028
0.7333787375 0.6478125435
1.0440724986 0.0812074047
1.0662488290 0.0643007682
0.9565385837 0.3005879227
0.9062236613 0.3112118491
0.9214710981 0.3036386339
0.9045272741 0.3345760071
0.9597085951 0.2503373139
0.9593268114 0.2717647558
0.9633058701 0.2279190267
0.9614116003 0.2420816015
0.9843535906 0.1968241771
0.6433780330 0.7195573673
0.6531120903 0.7031926850
0.3348023264 0.9585877625
0.3507656498 0.9569384149
0.3313922904 0.9709336935
0.0463759656 1.1506239554
0.3220565989 0.9763775489
0.3118882043 0.9805656234
0.9920565447 0.1863202732
0.9688230565 0.1993990949
0.6727016486 0.6568896736
0.6634241633 0.6658476775
0.7059950345 0.6559019791
0.7136179244 0.6533301060
0.6624722845 0.7020721503
0.0675321640 1.0819950956
0.7266055930 0.6520869180
1.0203370616 0.1020102341
1.0306511243 0.0876264104
1.0019384327 0.1160370196
1.0009925211 0.1254898284
0.0490757954 1.0989929591
0.0483998033 1.1149838167
0.7624002352 0.6207475208
0.7706137439 0.5997813307
0.7631557868 0.6056614390
0.7708090038 0.5888407360
0.4734159523 0.9310465392
0.8253520900 0.4980419264
0.8066794560 0.5000619500
0.7907976995 0.5226232006
0.7896153313 0.5874906170
0.8009158756 0.5172144153
0.5123831033 0.8686313397
0.5215408261 0.8626315498
0.4874121700 0.8703470178
0.4821860051 0.8823158055
0.4813875991 0.9247603247
0.8284643712 0.4856100140
0.8442951659 0.4552598422
0.8358402730 0.4624265778
0.5276548587 0.8224671330
0.8510640277 0.3984796860
0.8593935405 0.3562207488
0.8546496623 0.3654470731
0.8971962819 0.3507751556
0.8755420643 0.3535471638
0.8539087057 0.3789114311
0.5278478903 0.8051564492
0.5723952638 0.7791835388
0.5597644752 0.7819208837
0.5412187195 0.7857345619
0.5245429841 0.8366702954
0.5333135804 0.8006147315
0.5404932618 0.7931749943
0.5793008221 0.7646424953
0.5840188769 0.7566162485
0.6031632708 0.7555188458
0.5772128362 0.7714222627
0.6429412139 0.7467518552
0.6208447931 0.7496499803
0.1753542127 1.0072172584
0.1753541627 1.0221936926
0.1747790737 1.0283201084
0.1876995140 0.9904302238
0.1807892579 1.0001564079
0.1853323727 0.9927450537
0.1921556846 0.9892101226
0.1968688943 0.9882881131
0.2093790673 0.9870861416
0.2012173805 0.9870861465
0.2140356634 0.9870861292
0.2321591032 0.9859613623
