0.8326362110 4.9416149848
0.9232255589 2.1070783935
0.9232254842 2.1407140015
0.9232255673 2.1070783888
0.9232256502 2.0375543144
0.8330322481 3.6230504797
0.8332579572 2.4786621813
0.8331603503 3.5369930345
0.8332579135 2.7017363329
0.8333007110 2.4786621796
0.8331913246 2.8862476665
0.8567150904 2.3467583799
0.8567152494 2.1498862536
0.9758637783 2.0282663564
0.9960788170 2.0152579271
0.9960988484 1.9725893632
0.9961874695 1.8168011797
0.9961874577 1.9291930669
0.9961877265 1.7475275718
2.6028733449 1.0544942435
2.5893698268 1.0551309594
1.6824862038 1.0570251814
2.7746879558 1.0533826031
1.8828946734 1.0570250344
1.4655157807 1.0570327934
1.4655158006 1.0570327261
1.4655157993 1.0570327776
1.2396555170 1.0570341919
1.1246447794 1.0570341953
1.1246447174 1.0570342486
1.1246447395 1.0570342318
1.1246447487 1.0570342211
1.2814996136 1.0570339942
1.2811621543 1.0570340129
1.1246444722 1.0596167711
1.1237463167 1.0657276246
1.1221433198 1.0664709367
1.0717783877 1.1007734697
1.0717785143 1.0977752830
1.0669963109 1.1426845285
1.0669956103 1.1492076909
1.0669947560 1.1493481548
1.0669947574 1.1493481349
1.0669947691 1.1493481089
1.0669741195 1.1716795969
1.0669742152 1.1650159962
1.0669741611 1.1716795786
1.0669739963 1.1799178499
1.0669736503 1.2216674094
1.0669734129 1.2428051252
1.0669684304 1.2435281319
1.0669684928 1.2435280787
