3.0455847963 0.9780711664
4.4854744037 0.8374537232
4.0693577047 0.8629863559
3.3435776154 0.9663500642
2.0136871480 1.1326917282
2.2939297947 1.0820592647
1.6706040629 1.1624023648
2.2254282225 1.0879212271
1.6706040604 1.2677098834
1.5958932486 1.3072443334
1.5958931058 1.3980864048
0.9554563535 2.8274874354
0.9605675980 2.1325668324
0.9528462943 3.3738997042
0.9591056322 2.1958992186
0.9605676015 2.0973296048
0.9625998228 2.0973291363
0.9577899384 2.6656485508
0.9695901995 1.7107044230
0.9797596504 1.7107043643
0.9944645476 1.6904424755
0.9944645354 1.6904424830
0.9944646015 1.6904423843
0.9944646395 1.6904423305
0.9944646407 1.6904422940
0.9954456675 1.6904418726
0.9954457819 1.6904416831
1.0103119586 1.6904021549
1.0103115257 1.6904030310
1.0103115795 1.6904027387
1.0103117135 1.6904024817
1.0103118942 1.6904021695
1.0103119968 1.6904018211
1.0103117743 1.6904022102
1.0103117566 1.6904022357
1.0103116156 1.6904025366
1.0279680063 1.6904012722
1.0279679491 1.6904012938
1.0279681747 1.6904011398
1.0279681860 1.6904010972
1.0279682077 1.6904010767
1.0279686561 1.6904007052
1.1120914800 1.6903879133
1.0371067548 1.6903886287
1.0371057866 1.6903893140
1.0371067693 1.6903885027
1.0371059504 1.6903890999
1.0371067613 1.6903885276
1.0371067601 1.6903885465
1.0371070848 1.6903883113
1.0371062206 1.6903889028
1.0371069793 1.6903883861
1.0371069178 1.6903884420
1.0371070773 1.6903883148
1.0522458058 1.6903882700
1.0522458005 1.6903882825
1.0522458322 1.6903882080
1.0522458069 1.6903882115
