1.6754728587 0.9839191566
2.7767082557 0.9822062055
2.5897051505 0.9834259720
0.7088404851 0.9839881751
0.6527289749 0.9839882772
0.5892151305 0.9872973908
3.5995298893 0.9808651613
3.4112184396 0.9812497352
0.5501207625 0.9875166503
0.5501207594 0.9875166602
0.5287877129 1.0202576056
2.4179176321 0.9838381153
0.5288809996 0.9910372771
0.5288805796 1.0165246767
0.4895845518 1.1197985713
0.4895845783 1.0418967510
0.4895753753 1.1309011186
0.4895679119 1.3465892366
0.4895683464 1.2587296885
0.4895683108 1.2649013522
0.4895663330 1.3632103420
0.4895666717 1.3584118405
0.4895662179 1.7289163121
0.4895657418 3.2758262675
0.4895659445 1.9514135488
0.4895659189 2.1747301018
0.4895654885 5.9498311928
0.4895659695 1.7505440050
0.4895657275 3.8384709930
