1.8336938990 0.8789070257
4.2543443060 0.5381853961
3.8362565115 0.5405585114
2.1038418481 0.5448856149
2.1315157439 0.5424218900
1.9594274338 0.6904217461
0.8154215923 2.0040353141
0.9589441482 1.8436346433
0.9467636975 1.9558649555
0.9502073603 1.8463583981
0.9810403471 1.6314045511
1.1377838717 1.0401511910
1.5148971247 1.0377609427
1.0495868239 1.0736783304
1.0495868292 1.0736783074
1.0973952650 1.0736781542
1.0495884986 1.0736782661
1.1340004305 1.0736781169
1.1340004596 1.0736780070
1.0495885045 1.0736782444
1.0234293250 1.0851096151
1.0234293236 1.0851096429
1.0382973011 1.0783606535
1.0275767209 1.0836321752
1.0275767140 1.0836322990
1.0275766606 1.0836326063
1.0275766482 1.0836326232
1.0275766635 1.0836325956
1.0230821815 1.1183026672
1.0230821771 1.1183026709
1.0230167581 1.1300137026
1.0230167549 1.1322129359
1.0230167233 1.1349850454
1.0230166077 1.1382638911
1.0230166478 1.1382638263
1.0230166064 1.1382638936
1.0230164428 1.1644759082
1.0230164458 1.1644759045
1.0230164092 1.1644759560
1.0230162862 1.4523882264
1.0230163456 1.1661766539
1.0230163445 1.1689489647
1.0230163333 1.1689489721
1.0230163317 1.1689489829
1.0230163185 1.2958520545
1.0230163365 1.1689489680
