0.4451448561 3.5378962412
0.4451449859 1.8651906131
5.6785430982 0.3042742485
2.1052633060 0.3042742525
5.9305522922 0.3042742387
1.7879786042 0.3042742545
0.7596001506 0.9778340836
0.7091733753 0.9785494326
0.7215134426 0.9785494315
1.4802814453 0.3423324106
1.4802181529 0.3552877337
1.4799775629 0.3557502098
1.4799302314 0.3767867714
1.4799302299 0.5094132148
1.4799302329 0.3767867702
0.4798672575 1.3317665825
0.4798672564 1.8457813099
1.4802884103 0.3218306182
1.4802884084 0.3218306218
0.4802884038 1.3218306061
0.4803173500 1.3080451117
0.4846092618 1.3062270634
1.4816378269 0.3058141043
1.4816378256 0.3143073529
1.4871824786 0.3055073177
1.4871824776 0.3055073175
1.4882892323 0.3055072828
1.4908547986 0.3053291749
0.4858462007 1.3052297279
0.4858462023 1.3052297264
0.4914171240 1.3052297248
0.5169733334 1.3052277092
0.5097821170 1.3052277107
1.4915570617 0.3052277106
1.4907079024 0.3053762699
1.5083126337 0.3052277063
0.5227990614 1.3052277016
1.5097082662 0.3052276997
1.5307247218 0.3052276917
0.5307247174 1.3052276842
0.7800020864 0.9630079657
1.0305973109 0.9617797398
1.0358426442 0.9617797334
1.2277027110 0.9617797301
1.3146522906 0.9617797246
0.8314826132 0.9618066776
0.8171878568 0.9620109202
0.7923368819 0.9620109231
0.7923368775 0.9620109245
0.7900896517 0.9620115369
