4.1062555373 0.3543727718
3.9037353347 0.3560499837
7.5708085754 0.3515000047
3.5605596249 0.3560988399
3.0548721660 0.3689145570
0.3823530789 2.7211804493
0.3823530832 1.9001861790
0.3830179404 1.5565398577
0.3830179493 1.5357908649
1.4620338959 0.4312201931
1.6201566108 0.4016302057
2.2954972030 0.4016301404
1.4984103023 0.4016302141
0.3919543478 1.4889431501
0.3919543458 1.5043551456
0.3921331110 1.4840423916
0.4005699195 1.4766300080
0.4439182371 1.4616619735
0.4061655182 1.4620582508
0.4062027239 1.4620582470
0.4077157261 1.4620582412
1.3676507839 0.4407362421
1.3349356140 0.8826967399
1.3403589894 0.4411749092
1.3394892923 0.6333852275
1.3199922723 0.9139965285
1.3403589414 0.4532265659
1.3403588914 0.4746320838
0.5653690609 1.1772762364
0.5653690532 1.2064068205
0.5686258990 1.1232531437
0.5686259336 1.1143334543
0.5686259308 1.1143334554
0.7376569203 1.0742815569
1.0419967391 1.0742495045
0.7124593167 1.0743574530
0.6599638752 1.0743575977
0.6587608680 1.0743576429
0.6308333040 1.0809740620
0.6308333115 1.0809740601
0.5557687268 1.4142074124
0.5690233131 1.0809740799
0.5690232354 1.0818207312
