1.7387751993 0.0699064054
1.3562377726 0.0790355949
1.9373866285 0.0598345979
0.1913879065 1.0874547281
1.2061067703 0.1560875203
1.1204083914 0.2909429770
1.1370368213 0.2184323908
0.0376478756 2.0784357721
0.0528742802 1.4812720827
1.0475350410 0.4121083199
1.0130514545 0.4326352564
0.8877250748 0.4738083155
0.8494643990 0.6196060741
0.8681052032 0.6134610951
0.8492978232 0.6245198106
1.0100699960 0.4619699291
0.0388854586 1.7973019940
0.0352900812 2.1055425566
0.0453076192 1.5587510847
0.0554630114 1.3434159746
0.0457870179 1.4898496302
0.1304352489 1.2864771807
1.1315150544 0.2439437602
0.1509289362 1.1780626233
0.1255169140 1.3200048343
0.1505385352 1.2273544011
0.3729245421 0.7077456283
0.3728946057 0.7077483673
0.8276087510 0.7077317691
0.3754171144 0.7077407700
0.3767506816 0.7077327392
0.3768434557 0.7077327374
0.3897483223 0.7077327260
0.3710105779 0.7079640021
0.3710280307 0.7078611465
0.3710280342 0.7078611399
0.3710357301 0.7078611379
0.3709792986 0.9238511893
0.3709808459 0.7080234248
0.3709794564 0.8380506682
0.3709808271 0.7083128855
0.3709808245 0.7083128889
0.3709808324 0.7083128805
