1.8654372564 0.1827558406
1.9589778054 0.1588764715
1.3754651974 0.2229610746
1.3913843486 0.2222887308
1.4293923683 0.1873479725
1.3114647683 0.2657137318
1.2790009967 0.2714610498
1.1958214053 0.2834923650
1.0583903144 0.3344144203
1.0783806744 0.3325901276
1.0265281500 0.3374833027
0.6754622409 0.8004612771
0.6666617043 1.5460814604
0.6680989446 1.0176763010
0.6782570608 0.5125225685
0.6809787981 0.4046050740
0.6941175933 0.4022368103
0.6987075565 0.3797068908
0.7133083830 0.3792270344
0.7272427096 0.3652601928
0.7272427060 0.3652601988
0.7272374101 0.3653206501
0.7272373898 0.3655894428
0.7272373876 0.3655894458
0.7272373764 0.3655894641
0.7272373782 0.3655894599
0.7272321894 0.3656438692
0.7272322057 0.3656186542
0.7272321996 0.3656186641
0.7272322029 0.3656186596
0.7272321910 0.3656186787
0.7272321953 0.3656186664
0.7272321841 0.3657072867
0.7272321874 0.3657072816
0.7272321558 0.3683724633
0.7272321642 0.3670401670
0.7272321627 0.3670401700
0.7272321645 0.3670401669
0.7272587283 0.3652451780
0.7272321601 0.3670401746
0.7272321661 0.3670401628
0.7272321677 0.3670401617
0.7272305870 0.3707012302
0.7272321720 0.3670401500
0.7273970537 0.3650136154
0.7273970583 0.3650039132
0.7273970594 0.3650039111
0.7273970619 0.3649470006
0.7274738710 0.3647308170
0.7274738606 0.3647728693
0.7274738690 0.3647308196
0.7274738751 0.3647308137
0.7277141955 0.3647224664
0.7277142062 0.3647224502
0.7277142081 0.3647224475
0.7277142102 0.3647224444
0.7277142013 0.3647224566
0.7277142054 0.3647224508
0.7279615072 0.3646963283
0.7521591407 0.3646943415
0.7286562058 0.3646944945
