0.8272224782 0.1470025467 2.5170935959
0.0798516597 1.1357535420 2.6119163952
0.0798516597 0.2685764780 2.9932546511
0.0935716995 2.6416166806 2.3762412772
0.0889002996 3.6119929487 1.8143322109
0.0457517774 3.5209067854 2.1438939421
0.0604269698 3.3827474703 1.9603924151
0.1672910192 0.2354938528 1.0174053596
1.1619218159 0.2147749237 0.1098648145
0.2831401926 0.1725299297 1.0103788628
0.5090359689 0.1715315928 0.9575595202
0.8756012672 0.1731241456 0.7243704656
0.6548659680 0.1712251367 0.8922564763
0.2641751464 0.1727495605 1.0105692866
0.6234887302 0.1712147689 0.9076389784
0.3949988762 0.1720695023 0.9895350746
0.8878903898 0.1729522501 0.7109868947
0.5749912544 0.1714084317 0.9304786309
0.7663118142 0.1716390266 0.8191769233
1.1518152536 0.1793917246 0.1813249277
0.4450126478 0.1718284395 0.9772091122
1.1645101803 0.1793065310 0.0790178346
1.1612958383 0.1795518031 0.1136281718
0.3266862598 0.1724335003 1.0026062701
0.6422579639 0.1712893019 0.8979313330
0.6111317788 0.1712852965 0.9137873165
0.3590905713 0.1722458815 0.9970095066
0.5243588363 0.1715527013 0.9509647225
0.5978392734 0.1712491276 0.9201751789
1.1235758022 0.1788308291 0.2999762090
0.7166918772 0.1713352763 0.8539904712
1.1672728835 0.1790026176 0.0150704244
1.1626379366 0.1793942346 0.1005480644
0.1672938380 0.1726935015 1.0150705856
0.5389951289 0.1714697728 0.9453698521
1.1190953698 0.1787288755 0.3146269424
1.0870954259 0.1777987898 0.4025931000
0.4202951413 0.1719293441 0.9834568284
0.8436932924 0.1723071530 0.7547028626
0.4734492984 0.1716745532 0.9684120210
0.2444891141 0.1726129739 1.0121246419
0.4919235177 0.1716131431 0.9624330767
1.1022904127 0.1782339972 0.3637987259
0.7400623980 0.1714072698 0.8381326811
0.3047623579 0.1724433485 1.0058118992
1.1127533247 0.1785369144 0.3341090505
1.0928519362 0.1779714211 0.3884068051
0.6770187071 0.1712197613 0.8784793554
0.7016889918 0.1712590057 0.8635111523
1.1084233194 0.1784251291 0.3467481149
0.8176480540 0.1720062282 0.7779551929
1.0972275460 0.1780987863 0.3772294787
0.7782143405 0.1716506098 0.8101350121
0.4625656247 0.1717804751 0.9717496692
0.7913151285 0.1717561876 0.7998259045
0.3442221737 0.1723268743 0.9997136088
0.2202578613 0.1726734241 1.0136782926
0.6642256789 0.1711988536 0.8858520534
1.1669578348 0.1790994714 0.0309353542
0.5598864474 0.1713684541 0.9369219859
1.1536041075 0.1794106230 0.1698251112
0.8352962201 0.1721971185 0.7623847820
1.1660254114 0.1792138699 0.0545960668
1.1464331475 0.1792869693 0.2087604980
1.1278626112 0.1789226249 0.2852115600
1.1320289671 0.1790121546 0.2700441515
1.1389054884 0.1791663965 0.2428260127
1.1583904896 0.1794054449 0.1376464868
0.8660120323 0.1725789499 0.7333267662
0.8981550530 0.1730799146 0.6999927661
1.1598883461 0.1793919661 0.1258615165
1.1490979979 0.1793378378 0.1952201319
1.1560423964 0.1793510018 0.1543032959
0.8044612678 0.1717932235 0.7891191784
0.9209934508 0.0092912527 0.4252807771
0.9196810164 0.0092860668 0.4277550035
0.9163374309 0.0092754487 0.4328232022
0.9171667753 0.0092675694 0.4366111000
0.9130376362 0.0092778343 0.4316757851
0.9119750414 0.0092731804 0.4339096554
0.9135835526 0.0092677863 0.4365061237
0.9084049999 0.0092732204 0.4338908095
0.9050014031 0.0092683093 0.4362539258
0.9049253432 0.0092752505 0.4329154980
0.9024882645 0.0092707984 0.4350550056
0.9083194915 0.0092666851 0.4370369223
0.8988520508 0.0092607059 0.4399242380
0.8995387582 0.0025199836 0.4382923583
0.8995530836 0.0042770792 0.4382629766
0.8990461524 0.0041002417 0.4393013297
0.8993374782 0.0020398929 0.4387049728
0.8995000299 0.0036776761 0.4383717872
0.8996985924 0.0031355994 0.4379643628
0.8992418856 0.0011570978 0.4389007653
0.8996748569 0.0011631028 0.4380130885
0.8993990334 0.0030734427 0.4385788405
0.8992909673 0.0057423962 0.4388002462
0.8997413110 0.0018303259 0.4378766461
0.8993410418 0.0047245279 0.4386976760
0.8992599580 0.0081127550 0.4388637584
