1.8138870217 0.3654585671 0.8420059329
1.9879773422 0.0639362975 0.8516891690
3.5465416534 0.6196439582 0.6229644489
0.7480447093 0.6708240463 0.0158803370
0.7476469622 0.6713854872 0.0153648748
0.7479686386 0.6709667347 0.0153592508
0.7480650282 0.6708438765 0.0153576958
0.7477243718 0.6712786680 0.0153605501
0.7484965030 0.6702149225 0.0162403887
0.7482048094 0.6706652135 0.0153517537
0.7481325048 0.6707576496 0.0153450024
0.7482856309 0.6705624694 0.0153365608
0.7492807874 0.6693048565 0.0153323440
0.7487114265 0.6700225691 0.0153346965
0.7479070324 0.6710449985 0.0153337710
0.7472484516 0.6718896556 0.0153420372
0.7486069194 0.6701543782 0.0153236875
0.7488670465 0.6698255707 0.0153153345
0.7485108604 0.6702759380 0.0153053481
0.7478167641 0.6711601241 0.0153181950
0.7487850530 0.6699287145 0.0153053074
0.7484009039 0.6704153940 0.0152917233
0.7491859338 0.6691921111 0.0199936823
0.7486017886 0.6699296557 0.0199995425
0.7490253558 0.6693986764 0.0199719482
0.7489726343 0.6696914892 0.0153007814
0.7492094586 0.6693931034 0.0152953680
0.7490749580 0.6695623089 0.0152965751
0.7492940304 0.6692843379 0.0151960010
0.7495033589 0.6635404047 0.0000115198
0.7497156244 0.6632646780 0.0036168738
0.0004901149 0.0016841291 1.0000097096
0.7495090807 0.6634653587 0.0000120174
0.0001476548 0.0013140784 1.0000114627
0.7494713347 0.6634923852 0.0000118345
0.0003336261 0.0015484964 1.0000097942
0.0000590343 0.0013140748 1.0000115441
0.0001663859 0.0014284079 1.0000104210
0.7494180471 0.6634288248 0.0011173494
0.7494218377 0.6634235828 0.0011756298
0.7494462200 0.6633938229 0.0016031236
0.7494330254 0.6634090308 0.0013487651
0.7494451144 0.6633954527 0.0016656455
0.7493758114 0.6634968022 0.0004969046
0.7495724913 0.6633035584 0.0030481011
0.7495543566 0.6633133550 0.0028794393
0.7494742856 0.6633640009 0.0018082049
0.7493927176 0.6634758142 0.0005368076
0.7494145006 0.6634341093 0.0010513250
0.7496531899 0.6632804623 0.0038656142
0.7495923059 0.6632971822 0.0032723005
0.7495477478 0.6633143796 0.0027675594
0.7494946353 0.6633482532 0.0021472244
0.7496263637 0.6632913538 0.0036622143
0.7496109497 0.6632948894 0.0035051515
0.7494174940 0.6634485933 0.0005193743
0.7494082772 0.6634455808 0.0008744276
0.7493916257 0.6634686395 0.0007440728
0.7493852917 0.6635041428 0.0001723742
0.7494399398 0.6634024185 0.0012259228
0.7494157392 0.6634481917 0.0005721749
0.7494638410 0.6633745548 0.0016986614
0.7495332733 0.6633221744 0.0026023494
0.7494128743 0.6634475759 0.0006647588
0.7495053013 0.6633390926 0.0022409945
0.7494541954 0.6633846114 0.0015443134
0.7493579802 0.6635459727 0.0000114848
0.7494276498 0.6634227001 0.0009086172
0.7495137670 0.6633316889 0.0023040916
0.7494320417 0.6634104586 0.0013087121
0.7494878576 0.6633525825 0.0020193292
0.7494680402 0.6633705965 0.0017728187
0.7494371321 0.6634096443 0.0010003427
0.7493977953 0.6634731963 0.0004706709
0.7493918655 0.6634745657 0.0005866114
0.7493824148 0.6635183067 0.0000116635
0.7494763288 0.6633638100 0.0019350355
0.7494732445 0.6633664537 0.0018895372
0.7494902269 0.6633520593 0.0021051495
0.7494090332 0.6634535853 0.0006235258
0.7493989123 0.6634737385 0.0004344133
0.7494330570 0.6634125850 0.0010780603
0.7494114339 0.6634449563 0.0007809373
0.7494155360 0.6634415699 0.0007447724
0.7494020738 0.6634722559 0.0003939078
0.7494414208 0.6633992176 0.0014052427
0.7494471238 0.6633925613 0.0015022200
0.7494024065 0.6634580087 0.0007012957
0.7493888949 0.6634888887 0.0003616829
0.7494305491 0.6634125026 0.0012718973
0.7494134885 0.6634377817 0.0009433902
0.7493986816 0.6634809115 0.0003061181
0.7494018908 0.6634838054 0.0001970333
0.7493815131 0.6635028689 0.0002625628
0.7494036522 0.6634928764 0.0000312900
0.7493641334 0.6635046890 0.0000338021
0.7493666742 0.6635046254 0.0000336945
0.7493577582 0.6635052803 0.0000335962
0.7493568398 0.6635058632 0.0000334655
0.7493572086 0.6635053701 0.0000347330
