5.1680920295 0.1170525816 4.7731712287
0.7576431251 0.1482542248 4.9508491684
1.3682689271 0.1241691959 3.0846814313
0.7179123728 1.9791680788 0.8128663449
0.7901458445 1.2727728582 0.7564129164
1.0961702439 0.6594981415 0.0102626912
1.0961735328 0.8822695705 0.0102244121
1.0960555334 1.1299130423 0.0097842414
1.0929696539 1.3052681170 0.1038231362
0.4708884480 0.7440017563 0.9410588838
0.3236098750 1.0940504239 0.9827297288
0.4126406006 0.9495343613 0.9600688632
0.7030837095 1.1878098128 0.8242755272
0.7971841185 0.9918653136 0.7500422812
0.4635478174 1.1884867689 0.9435477086
0.7975597933 1.1125706819 0.7494899517
0.4168438757 0.8354591234 0.9587900231
0.4314050104 0.4981657732 0.9542942638
0.4613464828 0.4148490302 0.9443637910
0.5049811819 0.6031876258 0.9281925742
0.8043493042 0.5536012838 0.7425618233
0.7349551696 0.5799029879 0.8014481395
0.5739582538 0.3939834690 0.8984077788
0.7096636415 0.3160237098 0.8194466081
0.7095046803 0.3848253158 0.8195930518
0.5128359663 0.2898486686 0.9253265121
0.8253622111 0.3252531220 0.7223095491
0.6305471338 0.3194407489 0.8689685563
0.6014958977 0.2618079557 0.8847772212
0.6451312044 0.2618289105 0.8608819234
0.7875158595 0.2288462895 0.7583384515
0.3940378250 0.2463704153 0.9655043049
0.7539362678 0.2342325475 0.7870071676
0.7403292217 0.2650020435 0.7976251262
0.4293745694 0.2238856373 0.9549928667
0.0999717067 0.1597880681 1.0095552575
1.0964541752 0.2196171599 0.0097030561
0.6664604272 0.1870174353 0.8482983085
0.1280722906 0.1649485428 1.0083994944
0.4049104736 0.1918690471 0.9631298694
0.2618456776 0.1815727721 0.9955629172
0.5317317849 0.1940284533 0.9195418614
1.0385409668 0.1788253121 0.3725293714
0.4339049800 0.1946304813 0.9553015509
0.5120185861 0.1949482416 0.9288190375
0.3459779305 0.1912307563 0.9791523385
0.4661884578 0.1953236863 0.9441287462
0.5686902626 0.1928681887 0.9029041486
0.1820787075 0.1741071330 1.0045260081
0.1498115399 0.1694245781 1.0071636739
1.0974234134 0.2186486651 0.0344697099
0.9607256650 0.1687012934 0.5419857478
0.3695821972 0.1923475001 0.9729109498
0.2881968552 0.1867311505 0.9903181334
1.0450422511 0.1809119240 0.3507620471
0.7106804008 0.1842692218 0.8206614762
0.3164454029 0.1892529957 0.9850975668
0.2396673808 0.1813367228 0.9979741430
1.0722720909 0.1919840736 0.2494765364
0.6871074006 0.1854430402 0.8359654823
1.0956203632 0.2141462731 0.0686161453
0.8210044518 0.1740651026 0.7272137796
0.2136721475 0.1787185491 1.0010554605
0.7421681909 0.1800668571 0.7969413654
0.4886108554 0.1950258385 0.9351171503
1.0540514625 0.1837845876 0.3216233503
0.7953353071 0.1752983353 0.7556852406
0.7606599976 0.1791289219 0.7835530131
0.6439948925 0.1893683346 0.8654556705
1.0777423382 0.1953023756 0.2224378342
1.0296797363 0.1770083195 0.3951724743
0.9880083270 0.1705953339 0.4924214684
1.0608656988 0.1866780430 0.2962637764
1.0909702669 0.2065080495 0.1337119466
1.0088480624 0.1730025713 0.4471163762
0.9726741916 0.1695839817 0.5223018415
0.5905537679 0.1906425470 0.8916191198
1.0932175505 0.2089272187 0.1117756705
1.0210782131 0.1752246609 0.4177347661
0.9996040597 0.1714981268 0.4680471891
1.0853790009 0.2011894350 0.1778760365
1.0820982832 0.1981961611 0.1995761103
0.6213864011 0.1884447764 0.8768866154
0.8372703771 0.1722279429 0.7117147285
0.8439132869 0.1289981593 0.5477632586
0.8383401096 0.1289974316 0.5478478729
0.8383297138 0.1289974316 0.5478651144
0.8382225034 0.1289974317 0.5480286135
0.8383504447 0.1289974318 0.5478319857
0.8383809500 0.1289974318 0.5477850882
0.8383181776 0.1289974318 0.5478815851
0.8382980935 0.1289974320 0.5479124543
0.8382432538 0.1289974320 0.5479967301
0.8382648814 0.1289974321 0.5479634958
0.8383091478 0.1289974321 0.5478954642
0.8381863018 0.1289974321 0.5480937885
0.8382821492 0.1289974321 0.5479369589
0.8382316580 0.1289974321 0.5480145477
0.8382135474 0.1289974321 0.5480427764
0.8382560862 0.1289974318 0.5479771296
