0.3845051329 0.0006253653 0.9309469048
0.9929840587 0.0016066868 0.1608025517
0.1827139501 0.0002962962 0.9887538636
0.9951526955 0.0016108781 0.1447505242
0.9380509393 0.0015173909 0.3641330515
0.9998200395 0.0016189415 0.1069645195
0.1991035197 0.0003230132 0.9840040129
0.9875658681 0.0015982502 0.1901637214
1.0047275209 0.0016282983 0.0308109848
0.9967531190 0.0016137766 0.1319739382
0.1246686438 0.0002013659 0.9956543156
0.9904832321 0.0016031490 0.1738407306
1.0038600600 0.0016265118 0.0526656494
0.8567537522 0.0013877725 0.5264804791
0.8357725255 0.0013545632 0.5586870338
0.9440201278 0.0015272205 0.3467072155
0.0050969027 0.0000050653 1.0020741237
0.1677856481 0.0002720297 0.9890350544
1.0018983771 0.0016226927 0.0818779280
0.1064808324 0.0001715010 0.9968894752
0.7654348414 0.0012417853 0.6508504771
1.0006728350 0.0016207479 0.0959442244
0.0750638906 0.0001201658 0.9999838821
0.3359020215 0.0005461440 0.9455259496
0.8686698761 0.0014067723 0.5059598468
0.9793562829 0.0015851016 0.2277049308
0.9268114718 0.0014996335 0.3894276538
0.9501703686 0.0015368541 0.3290404554
0.9980862499 0.0016164258 0.1203551095
0.9766713245 0.0015797884 0.2386656394
0.9326136231 0.0015086248 0.3751994102
0.8996981396 0.0014560644 0.4484947096
0.9189983510 0.0014867428 0.4075952594
0.8635005464 0.0013987237 0.5155869210
0.9842576540 0.0015932545 0.2040263901
0.8822101498 0.0014283471 0.4810569374
0.8261972724 0.0013394065 0.5717255393
0.8934923373 0.0014461556 0.4597739762
0.9820845808 0.0015890236 0.2148251268
1.0031227579 0.0016246401 0.0639446878
0.7423388288 0.0012048354 0.6760934416
0.4769605923 0.0007761983 0.8826731705
1.0050956932 0.0016288988 0.0003760588
0.7945422729 0.0012888947 0.6145929569
0.5551021203 0.0009027558 0.8354363367
0.4886482317 0.0007952088 0.8756162050
0.0201368448 0.0000299992 1.0002878787
0.3698019709 0.0006022050 0.9315603071
0.5451930525 0.0008884270 0.8420652441
0.8875413971 0.0014367366 0.4707840825
0.9625404268 0.0015567340 0.2894960032
0.7720228992 0.0012542016 0.6420995269
0.2485189697 0.0004038715 0.9703590047
0.9682311010 0.0015658485 0.2694009570
0.7495367127 0.0012163147 0.6680024725
0.7876627718 0.0012785943 0.6230502309
0.9721131515 0.0015726942 0.2551192889
0.3535431929 0.0005749266 0.9376672472
0.5815247491 0.0009450033 0.8176330210
0.8760893492 0.0014186437 0.4915609897
0.6695288886 0.0010899318 0.7475781922
0.8494269734 0.0013763787 0.5360356583
1.0049538468 0.0016288407 0.0179095593
0.7164041235 0.0011632837 0.7034835058
0.7800000338 0.0012665833 0.6322823342
0.6799989735 0.0011045584 0.7381421762
0.4647088566 0.0007575650 0.8884265916
0.1472844593 0.0002385866 0.9902788013
0.4198025496 0.0006832208 0.9103499878
0.9097828919 0.0014723758 0.4263576414
0.8432001812 0.0013661732 0.5457350246
0.2118769340 0.0003441666 0.9787540342
0.8182921649 0.0013267325 0.5821928707
0.2989249222 0.0004857607 0.9562427905
0.4476121485 0.0007279722 0.8976923600
0.0313324735 0.0000494356 1.0000372673
0.7247794280 0.0011763520 0.6945149898
0.5671175833 0.0009216490 0.8273921307
0.7566683273 0.0012276773 0.6598570840
0.5168665137 0.0008401157 0.8593958732
0.4324633221 0.0007029600 0.9050948465
0.7049424711 0.0011451369 0.7145061525
0.2712670316 0.0004407514 0.9644126976
0.5266464123 0.0008561280 0.8534997780
0.6960052158 0.0011297877 0.7232740269
0.5358948719 0.0008719736 0.8478254805
0.9591249749 0.0015512720 0.3001733306
0.8101921874 0.0013137748 0.5934496173
0.7352545213 0.0011932542 0.6835922151
0.2240151408 0.0003636804 0.9761720326
0.6563850088 0.0010658823 0.7590682819
0.6103415739 0.0009912484 0.7963009408
0.3988123426 0.0006482138 0.9195473827
0.6481301464 0.0010525169 0.7660620601
0.5056589977 0.0008212298 0.8660480912
0.3219201688 0.0005232202 0.9488899864
0.6349901136 0.0010317403 0.7769216353
0.6185965734 0.0010039633 0.7899273886
0.6267109797 0.0010171060 0.7835530325
0.5978036214 0.0009704367 0.8056597248
