1.8512616461 3.1833228708 0.9182495526
2.8213045908 2.9778882581 0.6612379369
2.4486233670 2.5704561016 0.7029342662
2.5792320662 3.2922107936 0.5439656462
5.6842803802 1.6286727790 0.9630274966
1.9017605152 1.6486169183 0.7178090428
1.7110014916 3.7901769647 0.4832462462
4.1464354777 8.0178536214 0.3256205652
4.5415371485 1.8565443246 0.4832462462
4.1984691495 2.5430412718 0.4295546601
3.9868036129 3.9261069053 0.3929134727
3.0645422514 7.5592632328 0.4515263256
6.0206569298 1.7390837638 0.5417444140
5.3341884810 1.9974395982 0.4309888583
5.1312920968 1.8279252147 0.5416170238
3.1508858179 2.0211911067 0.6354122134
4.3659987298 1.9441996511 0.7091811916
3.8722815689 2.0285265738 0.5944200352
0.0014658068 0.0004765616 1.1965903602
0.0014858757 0.0004538946 1.2007713540
0.0014908523 0.0004481383 1.1892077638
0.0015628893 0.0003613571 1.2166128984
0.0015820815 0.0003371868 1.2255102733
0.0015861813 0.0003320385 1.2035662048
0.0015505924 0.0003766581 1.1593290459
0.0015359722 0.0003945671 1.1514144080
0.0015559536 0.0003699865 1.1192092011
0.0015908296 0.0003261004 1.1404611308
0.0015607391 0.0003640393 1.1066606577
0.0015479842 0.0003798634 1.1117151708
0.0015224605 0.0004109838 1.0804526958
0.0015969071 0.0003182702 1.1043560076
0.0015276983 0.0004046318 1.0762755453
0.0015246895 0.0004082666 1.0837205951
0.0015849727 0.0003335170 1.0745080931
0.0015106928 0.0004249766 1.0292409273
0.0014514488 0.0004922294 1.0046972392
0.0015390994 0.0003907759 1.0039708021
0.0016182188 0.0002906496 1.0027752498
0.0007690499 0.0010846166 1.0022620167
0.0006687712 0.0011826757 1.0028824377
0.0006688592 0.0011826595 1.0026122857
0.0005571952 0.0013051843 1.0020033718
0.0006279731 0.0012255183 1.0015602811
0.0006289211 0.0012243903 1.0022239892
0.0014608830 0.0004828885 1.0028831167
0.0005571043 0.0013054143 1.0010623887
0.0016256559 0.0002810762 1.0020096016
0.0006587196 0.0011929492 1.0018677821
0.0015652146 0.0003586858 1.0029776337
0.0015235579 0.0004099063 1.0012277253
0.0007629999 0.0010903673 1.0009042906
0.0015642779 0.0003596544 1.0015871038
0.0015642457 0.0003596544 1.0018574702
0.0014750882 0.0004675469 1.0037578634
0.0007556385 0.0010968567 1.0020933131
0.0006645135 0.0011871033 1.0005949737
0.0004571572 0.0014276601 1.0015329433
0.0007089939 0.0011424741 1.0014153720
0.0016788817 0.0002121826 1.0008779524
0.0004791878 0.0013997908 0.9993452764
0.0007056785 0.0011457262 1.0039242059
0.0015001192 0.0004379531 0.9991849576
0.0005558925 0.0013066733 0.9994963323
0.0015611934 0.0003638959 0.9996223759
0.0016889334 0.0001992839 1.0002424905
0.0016743284 0.0002180463 0.9990770806
0.0014889868 0.0004505484 0.9988135580
0.0004554902 0.0014297064 0.9988110396
0.0007147178 0.0011369725 0.9988333950
0.0007735183 0.0010812315 0.9988380114
0.0006103561 0.0012451078 0.9988241526
0.0007343528 0.0011179836 0.9988350026
0.0007557152 0.0010977592 0.9988366788
0.0005424070 0.0013226573 0.9988181592
0.0015573726 0.0003687923 0.9988115264
0.0016415236 0.0002605215 0.9988100616
0.0006652536 0.0011866428 0.9988291163
0.0016244070 0.0002827542 0.9988099145
0.0005076856 0.0013644635 0.9988154083
0.0016097892 0.0003017121 0.9988099655
0.0004715027 0.0014094241 0.9988129651
0.0015922666 0.0003243379 0.9988102474
0.0015386844 0.0003921208 0.9988125877
0.0006288986 0.0012249496 0.9988258383
0.0015743766 0.0003472535 0.9988107851
0.0005245908 0.0013439336 0.9988167076
0.0004908157 0.0013852626 0.9988142049
0.0006492653 0.0012032943 0.9988276829
0.0005784238 0.0012808311 0.9988212754
0.0015213769 0.0004133453 0.9988137842
0.0006817983 0.0011697254 0.9988305776
0.0005600044 0.0013020201 0.9988196571
0.0006980359 0.0011534225 0.9988319841
0.0005939002 0.0012633572 0.9988226621
0.0015061705 0.0004316540 0.9988149881
0.0014520174 0.0004939686 0.9988201625
0.0016861850 0.0002027968 0.9988114106
0.0014737527 0.0004695203 0.9988179495
0.0016586216 0.0002383400 0.9988104210
