0.0001795110 0.0003048746 1.0117235868
0.0001798625 0.0003044795 1.0096155447
0.0001802756 0.0003040152 1.0108654932
0.0001799787 0.0003043488 1.0094559069
0.0001798282 0.0003045162 1.0094560422
0.0001793844 0.0003050143 1.0097792901
0.0001796253 0.0003047438 1.0094562250
0.0001786389 0.0003056864 1.0009355328
0.0001785325 0.0003058069 1.0009967679
0.0001782602 0.0003061155 1.0009352797
0.0001782538 0.0003061228 1.0009352796
0.0001784000 0.0003059572 1.0009352981
0.0001782452 0.0003061325 1.0009352778
0.0001785899 0.0003057422 1.0009353236
0.0001782142 0.0003061677 1.0009352739
0.0001782746 0.0003060994 1.0009352819
0.0001785010 0.0003058431 1.0009353115
0.0001783407 0.0003060244 1.0009352905
0.0001785223 0.0003058189 1.0009353145
0.0001786191 0.0003057093 1.0009353275
0.0001784175 0.0003059375 1.0009353006
0.0001787704 0.0003055382 1.0009353483
0.0001782849 0.0003060878 1.0009352829
0.0001783720 0.0003059891 1.0009352944
0.0001786729 0.0003056483 1.0009353347
0.0001785971 0.0003057341 1.0009353249
0.0001785643 0.0003057713 1.0009353206
0.0001782799 0.0003060935 1.0009352823
0.0001787045 0.0003056127 1.0009353393
0.0001787531 0.0003055577 1.0009353458
0.0001784961 0.0003058484 1.0009353112
0.0001785845 0.0003057484 1.0009353230
0.0001788729 0.0003054222 1.0009353624
0.0001785145 0.0003058277 1.0009353134
0.0001787799 0.0003055275 1.0009353494
0.0001790245 0.0003052511 1.0009353831
0.0001785072 0.0003058360 1.0009353124
0.0001787935 0.0003055120 1.0009353512
0.0001786853 0.0003056345 1.0009353361
0.0001788286 0.0003054724 1.0009353560
0.0001784821 0.0003058644 1.0009353094
0.0001785777 0.0003057562 1.0009353221
0.0001786242 0.0003057036 1.0009353286
0.0001786662 0.0003056560 1.0009353340
0.0001784600 0.0003058894 1.0009353063
0.0001785595 0.0003057767 1.0009353192
0.0001787217 0.0003055932 1.0009353415
0.0001786978 0.0003056203 1.0009353383
0.0001786437 0.0003056814 1.0009353309
0.0001784294 0.0003059240 1.0009353023
0.0001783650 0.0003059970 1.0009352937
0.0001786486 0.0003056759 1.0009353313
0.0001787138 0.0003056022 1.0009353403
0.0001783085 0.0003060610 1.0009352860
0.0001785712 0.0003057635 1.0009353210
0.0001788857 0.0003054078 1.0009353637
0.0001784242 0.0003059299 1.0009353013
0.0001784080 0.0003059483 1.0009352992
0.0001784880 0.0003058577 1.0009353099
0.0001782685 0.0003061063 1.0009352808
0.0001783587 0.0003060041 1.0009352927
0.0001783526 0.0003060110 1.0009352919
0.0001785416 0.0003057970 1.0009353170
0.0001782920 0.0003060796 1.0009352839
0.0001785317 0.0003058082 1.0009353157
0.0001784443 0.0003059071 1.0009353043
0.0001784771 0.0003058700 1.0009353084
0.0001783916 0.0003059669 1.0009352970
0.0001785511 0.0003057863 1.0009353183
0.0001783793 0.0003059808 1.0009352954
0.0001784353 0.0003059174 1.0009353027
0.0001786324 0.0003056942 1.0009353291
0.0001783857 0.0003059735 1.0009352963
0.0001782975 0.0003060735 1.0009352847
0.0001783135 0.0003060554 1.0009352868
0.0001784672 0.0003058812 1.0009353071
0.0001786914 0.0003056275 1.0009353372
0.0001782390 0.0003061398 1.0009352770
0.0001783355 0.0003060304 1.0009352897
0.0001782092 0.0003061736 1.0009352733
0.0001783024 0.0003060679 1.0009352853
0.0001784552 0.0003058948 1.0009353056
0.0001786040 0.0003057264 1.0009353255
0.0001783211 0.0003060467 1.0009352881
0.0001781565 0.0003062333 1.0009352664
0.0001782044 0.0003061790 1.0009352727
0.0001781504 0.0003062402 1.0009352657
0.0001781694 0.0003062187 1.0009352682
0.0001781938 0.0003061911 1.0009352713
0.0001781387 0.0003062535 1.0009352641
0.0001782294 0.0003061507 1.0009352760
0.0001781448 0.0003062466 1.0009352648
0.0001781333 0.0003062597 1.0009352633
0.0001782244 0.0003061563 1.0009352752
0.0001782196 0.0003061618 1.0009352746
0.0001781993 0.0003061848 1.0009352719
0.0001781633 0.0003062256 1.0009352673
0.0001781881 0.0003061975 1.0009352704
0.0001781831 0.0003062031 1.0009352698
0.0001781749 0.0003062125 1.0009352688
