6.8278480474 1.0124171207 0.2226786390
8.4438884607 1.1538436520 0.2083591301
13.3759351679 1.0693437843 0.1528377424
4.3122409567 1.6239552200 0.2226786390
3.1813634598 1.6371886994 0.2226786390
3.0235877826 2.1622375784 0.2226786390
5.3450274797 1.5256579017 0.2226786390
0.7623855056 3.4046359332 0.3054524399
2.4334181860 2.2359856957 0.3054524399
3.4855280011 1.4459929016 0.3587713119
0.6344129029 2.8663695326 0.3332834611
5.6325293812 2.0783359349 0.2017987227
2.5624810762 3.6611219335 0.1420128816
4.3643236822 4.6590639316 0.1088844504
2.4775325298 2.9842203068 0.1446769416
3.6082631004 8.1047447875 0.1111016504
4.7232931333 4.3784892094 0.1325534073
0.4537738030 4.6416446171 0.1672194132
0.8328986575 2.4686872481 0.1861340325
3.8411930452 0.9770266118 0.3841397529
2.1979513391 1.3808448974 0.3824637732
1.9328834862 0.8522469600 0.4174811205
6.2074323338 0.1048985716 0.9419980394
6.3900542575 0.0995579120 1.2794986100
0.0032305842 10.8058857309 0.6862283804
0.0029356509 8.2013592958 0.8864627331
0.0024355354 3.0524077192 1.3393964317
0.0024323671 2.5316336555 1.3878901783
0.0022841856 3.6702360069 4.8462421876
6.0607031939 0.1853922754 0.5707242508
5.1009918116 0.1972920030 0.5707159726
0.0801246004 7.6899420140 0.5519361037
0.6000239109 1.8322931004 0.5530237869
0.7083748318 2.1758655028 0.5360278137
0.1039499260 3.5205938234 0.5360277805
2.3810754806 0.2356353214 0.5360277831
1.6644426122 0.2040489069 0.5503412254
2.8850089855 0.3440187039 0.4271227463
1.3073928781 2.0756860771 0.4255786746
4.1896832366 0.4699580944 0.4255786685
2.4071111826 0.0621927109 3.2031781531
0.2914287090 0.5341125792 4.1575982763
2.0047452844 0.0752133243 2.3622572441
4.5639800525 0.0752133244 2.1496873539
3.5197148410 0.0752126957 2.4753142845
1.5634974417 0.0804873825 3.2708345687
2.0888681960 0.0735267140 3.3232649752
4.1961817062 0.1009639516 1.3306711424
1.4051426316 0.1127208724 3.5793594432
0.6647820540 0.1406427135 4.2632659562
0.6481300087 0.1406427135 5.0499352819
0.3022467002 0.5338679281 3.0288294972
1.4926563837 0.9744917991 0.5401049667
1.0127764817 1.0886004303 0.5637994962
1.0309697897 0.4574480406 0.5970389436
0.0324615823 1.3388359490 5.3296636399
0.0126403229 1.4743771569 0.5561172169
1.3197885411 0.3429208057 0.7036714488
0.6106761156 0.6770095829 2.9197546218
2.6849941852 0.1809352959 1.1294333143
5.1940548375 0.1809352726 1.1294333413
1.9402325379 0.1913510377 1.1294333385
2.6734925654 0.1860723027 1.8664148182
0.4935405986 0.6993296016 2.4306370824
0.0603981572 1.1168518406 5.3000518570
0.1334934518 0.9413537065 3.1048699951
0.1334934346 0.9413537070 4.3498629425
0.2097248150 0.8645341367 2.6497805119
0.7686482957 1.0123460908 1.0717743917
0.4997583702 0.8222551427 1.8912943096
0.4684464701 0.8231922834 1.4936092479
0.3032429467 0.8953815896 1.3042863389
0.6032027020 0.8953815879 1.3042864924
1.3258826751 0.2283989696 1.1865777061
0.1812468523 0.9293417940 2.4104532113
0.8199774607 0.5150009062 2.3047469381
0.8199774854 0.3550184725 2.0669341941
0.8199775148 0.3550184698 3.0570352374
0.8265612073 0.3192857707 3.6116369593
0.1204961343 1.0007042586 2.9238334594
0.8850727644 0.8666365754 1.1380410724
0.8433973347 0.2162402314 1.9664907413
0.8418828276 0.2133244548 2.4740881891
1.0634902617 0.2133244082 2.8883363782
0.9092936086 0.2593500641 1.6680856150
0.9058661669 0.2593500868 1.2855686329
0.1288202503 1.0877243827 2.0095470801
0.0929165639 1.1845413530 1.0390853809
0.0929165571 1.1969744902 1.7865740959
0.9879220908 0.3745801644 0.9953323023
0.0897753093 1.2332829667 1.2693471520
1.2538292292 0.3404863898 1.0215808861
0.9018577544 1.1692075732 1.0517362513
0.1038451295 0.9935106171 3.5018415511
1.1416798036 0.2570277684 1.2909496790
0.5653582633 1.4715137480 1.0012046009
0.8463086712 1.4676037246 1.0026606423
0.4094494256 1.2050860498 1.0215610928
0.3195611705 1.2050860543 1.0113219061
0.2125374505 1.0678723066 1.6512021186
