0.0601434055 0.7577871705
0.2099306865 0.5430146910
0.4201764205 0.3528145018
0.0280821968 0.8333760368
0.2538543988 0.4968813605
0.6718894675 0.1805623706
0.2429629122 0.5073950081
0.0144242398 0.8804756490
0.3576070926 0.4021405376
0.1443323558 0.6204338761
0.1707439713 0.5870657246
0.0468424367 0.7838280970
0.5196392225 0.2794164142
0.2275891290 0.5231423723
0.4401591038 0.3368182391
0.0225908885 0.8498837665
0.1626445667 0.5968744342
0.7987564775 0.1063910861
0.9239380109 0.0388749587
0.7416688188 0.1388974883
0.7104780705 0.1572066037
0.0037191656 0.9392003518
0.3129538120 0.4406911801
0.2199180934 0.5311675956
0.9735015773 0.0134025289
0.4052335731 0.3634953068
0.6625141864 0.1861209935
0.0877130792 0.7039830067
0.0733638995 0.7292137243
0.2670524547 0.4832768282
0.6984034654 0.1643295925
0.4944264971 0.2968914438
0.7201798681 0.1513988388
0.8956366511 0.0536442895
0.5428469924 0.2632564522
0.3905681481 0.3750665831
0.5772152956 0.2402724711
0.1243162351 0.6474393884
0.8559457483 0.0748450133
0.8462967928 0.0800726791
0.4782030089 0.3085031578
0.8739239681 0.0651748062
0.1785548730 0.5774675541
0.5068462615 0.2880884014
0.9364903895 0.0322842235
0.1154930482 0.6601696667
0.7524195808 0.1325902822
0.5654131085 0.2480691109
0.0527671025 0.7703063898
0.1078731017 0.6715731860
0.9059501786 0.0481930532
0.0065071027 0.9193436889
0.3778798522 0.3852884835
0.7307890668 0.1451438423
0.5535324152 0.2560086661
0.3395691189 0.4172784246
0.4312119208 0.3433366065
0.3479586188 0.4101229366
0.0169710814 0.8697309180
0.5310351471 0.2712806482
0.0970488374 0.6884769277
0.2783167738 0.4724444763
0.0413542083 0.7966455853
0.6111944238 0.2182121295
0.4688457454 0.3152784537
0.5889360782 0.2325796948
0.6309120017 0.2057018553
0.3680203724 0.3933557233
0.2351587966 0.5150698278
0.6530756529 0.1918700862
0.1866604350 0.5679591550
0.3045891735 0.4481044185
0.3307366039 0.4249032794
0.8080875860 0.1010633574
0.7816041637 0.1159164048
0.6830296086 0.1735441394
0.6436181307 0.1977419363
0.2906421927 0.4608876649
0.1959088710 0.5573841988
0.0325083019 0.8196995698
0.0092704949 0.9037166783
0.0681746659 0.7388972707
0.8240621316 0.0922213729
0.0801023594 0.7169764764
0.4598660995 0.3218657459
0.1554490109 0.6057298151
0.9861999403 0.0069240133
0.1351276886 0.6324028308
0.6206732391 0.2121718284
0.5979361059 0.2267367223
0.0007318879 0.9729465815
0.8848986598 0.0593094808
0.7702483551 0.1223620643
0.3218033200 0.4327228929
0.4499648724 0.3292057921
0.9558501768 0.0223240960
0.0000000000 1.0000000038
1.0000000000 0.0000000011
0.8368522866 0.0852036923
0.9462092544 0.0272671219
