0.0156500519 0.8766581667
0.0014075065 0.9643086830
0.0489401837 0.7806989264
0.5057143359 0.2895519282
0.2292573171 0.5220399174
0.3876336721 0.3778282146
0.3515873981 0.4074274381
0.1794061165 0.5768658773
0.7156332739 0.1543180472
0.0121939576 0.8901406124
0.3640079437 0.3970823623
0.3758295858 0.3872651833
0.6128404088 0.2174425534
0.2557427410 0.4945308030
0.1384254126 0.6282163960
0.2205083550 0.5306706027
0.0669440287 0.7415729949
0.4448832560 0.3332035680
0.1994782235 0.5536238000
0.0091591719 0.9046097151
0.6363968938 0.2023986458
0.9246064166 0.0385886821
0.0849075428 0.7087637842
0.8625666757 0.0713785838
0.4295672935 0.3447111043
0.8154714605 0.0970806050
0.6026159577 0.2238365305
0.8801461137 0.0618885406
0.0036284426 0.9398599320
0.2896747402 0.4618672536
0.4166812687 0.3545461287
0.0205841809 0.8565939232
0.4552688148 0.3253088618
0.3088006070 0.4443494157
0.0618460634 0.7513694374
0.1309475884 0.6381660359
0.7852337423 0.1138915346
0.5144913209 0.2827426475
0.5935018369 0.2296270155
0.5395463578 0.2654875312
0.1711169804 0.5863544342
0.0318225901 0.8216485799
0.4018823987 0.3660790974
0.9798635652 0.0101306122
0.5250528100 0.2754077996
0.8038370442 0.1034386819
0.2773539247 0.4733665722
0.7534153563 0.1320104416
0.7353318876 0.1424899678
0.8520724956 0.0769246548
0.9372445585 0.0318906815
0.9895530104 0.0052399164
0.5693471210 0.2454523473
0.9120496582 0.0449902886
0.1905039441 0.5635358207
0.9644823408 0.0179205914
0.0428192122 0.7930748955
0.1588436565 0.6014510146
0.5817053391 0.2373058089
0.8909538484 0.0560979480
0.0247141615 0.8427958480
0.6938421229 0.1670297875
0.7744347251 0.1199814220
0.5598839707 0.2517471163
0.0718586723 0.7319371863
0.0056114376 0.9250919188
0.0004772431 0.9781550436
0.2369079439 0.5132684188
0.9476875264 0.0265078757
0.6756625881 0.1780133876
0.4774380264 0.3090315252
0.0386485245 0.8034083538
0.7645655570 0.1256061003
0.8279106807 0.0901043386
0.0771958147 0.7221590134
0.2461684826 0.5038464650
0.1242378350 0.6475262796
0.1493840471 0.6134977875
0.3005330683 0.4517911011
0.3192516787 0.4349764662
0.1074130799 0.6722607216
0.2667904471 0.4834824456
0.0999469210 0.6838562253
0.4662883960 0.3171469075
0.6557745489 0.1902009550
0.0921152221 0.6964951562
0.1158648764 0.6596107256
0.2109068627 0.5407540497
0.0546412649 0.7662453128
0.3417177885 0.4154337008
0.8380730896 0.0845366947
0.0000000000 1.0000000158
1.0000000000 0.0000000047
0.5487450301 0.2592267473
0.6239218653 0.2101127578
0.4865861148 0.3024427611
0.6462757205 0.1960872516
0.6658807604 0.1839848310
0.7045047357 0.1606522003
0.7252149046 0.1484044972
