0.0257614588 0.8516487026
0.0560073277 0.7814785850
0.0452379126 0.7971762919
0.0824221078 0.7216343884
0.0398923637 0.8069389670
0.0064153889 0.9279077741
0.9449981520 0.0309637666
0.0964340806 0.6929136269
0.0077191536 0.9155187750
0.7682193970 0.1265311890
0.9155838255 0.0453474207
0.0027748239 0.9525616940
0.3133835796 0.4426559152
0.7138873182 0.1569136018
0.1045708693 0.6813025570
0.6735279841 0.1805374454
0.3919314883 0.3768243403
0.9832040601 0.0098153775
0.1424159241 0.6244230464
0.3469975824 0.4122757599
0.9648138275 0.0185188003
0.0728162018 0.7322859537
0.3320687473 0.4247414182
0.3788667627 0.3855977585
0.8462161924 0.0811290316
0.2024058675 0.5516279894
0.0908180410 0.7004451835
0.3202335339 0.4356413666
0.0574239698 0.7619381204
0.6336003660 0.2053623285
0.2649511211 0.4864678348
0.1836176351 0.5726566985
0.1527000043 0.6110268341
0.8728206068 0.0667979089
0.9273294188 0.0378572094
0.8169850033 0.0973005043
0.6479064241 0.1965284785
0.1913437437 0.5637368604
0.2886629248 0.4639115550
0.9001082479 0.0520051940
0.6076798359 0.2211113830
0.4208439874 0.3521245458
0.7779763701 0.1186821026
0.1203596164 0.6541633221
0.1730447291 0.5851198546
0.2957202421 0.4568607717
0.8367473296 0.0855551224
0.3701296185 0.3919906307
0.1363330433 0.6317541758
0.7915532798 0.1110203100
0.4332108879 0.3423487132
0.8559970096 0.0753290588
0.8063562196 0.1025189324
0.1089520421 0.6706051386
0.6952356164 0.1667032293
0.2766291477 0.4749091261
0.8247362565 0.0924418589
0.2315554797 0.5198427525
0.0272298281 0.8358093898
0.7233118993 0.1502988898
0.3586427695 0.4017441814
0.0672124834 0.7413745083
0.6252779949 0.2096388154
0.0000000000 1.0005016553
0.8812645757 0.0616442898
0.7403733867 0.1399680773
0.1270554421 0.6441089436
0.0096722427 0.9022550464
0.0154181540 0.8765714852
0.4649508781 0.3185469373
0.2393874301 0.5112406872
0.0336271381 0.8171473596
0.4783595406 0.3088031261
0.7558069918 0.1309459806
0.4092507331 0.3608249577
0.1666839867 0.5920720813
0.5935696553 0.2299706937
0.0303517804 0.8264649595
0.4003033161 0.3678080444
0.7309474208 0.1452901571
0.6857415641 0.1722243511
0.2137246992 0.5379899225
0.2528497535 0.4973509747
0.5664723527 0.2475951051
1.0000000000 0.0001926352
0.2458140331 0.5045829942
0.3390865300 0.4182071428
0.3042441585 0.4486473271
0.4427789858 0.3347845891
0.5579261217 0.2534004435
0.6606085949 0.1874956630
0.4517311209 0.3281335016
0.5076612893 0.2877794863
0.4909727450 0.2995182841
0.5837089205 0.2360736818
0.5501189049 0.2584624213
0.4996136729 0.2933128106
0.5165806858 0.2813716374
0.5424606991 0.2635575047
0.5279056033 0.2734892779
