0.0052503818 0.9281544985
0.0189054936 0.8627373404
0.0526184272 0.7707481817
0.3670600501 0.3942350178
0.0004547034 0.9788541068
0.1507174579 0.6118560664
0.2582632784 0.4918444865
0.4667423624 0.3168694605
0.0577534171 0.7597510157
0.4262718674 0.3471314616
0.8828099992 0.0604476142
0.0298912763 0.8271480994
0.3301917505 0.4254068095
0.4772800835 0.3091727099
0.2798773190 0.4709890824
0.0144931496 0.8796381837
0.5318226044 0.2707510438
0.0875403222 0.7041477605
0.0032277220 0.9431975331
0.3438028837 0.4136608777
0.4105642500 0.3592526478
0.6219498837 0.2113681565
0.6368202359 0.2019959944
0.6709264115 0.1809057511
0.8419060753 0.0824512539
0.9436269581 0.0286002766
0.3882749124 0.3768850013
0.2007860566 0.5519119575
0.6814573857 0.1744992199
0.2670878937 0.4831978108
0.2338638353 0.5164073385
0.2421959629 0.5078687899
0.7255109427 0.1482328369
0.5222355617 0.2773422741
0.9866211216 0.0067126344
0.6610867664 0.1869288746
0.5904014282 0.2316247190
0.0750240022 0.7260959461
0.7394330089 0.1400975516
0.7755584956 0.1193423251
0.6048153691 0.2223015340
0.4450303754 0.3328942899
0.8952082129 0.0538456160
0.4570493832 0.3239458135
0.8718058442 0.0662946100
0.7111667380 0.1566929900
0.8536627605 0.0760613064
0.4353898292 0.3401592622
0.0343183227 0.8147479752
0.0104876641 0.8975907173
0.7939058117 0.1089860836
0.0388281440 0.8029514263
0.0691479999 0.7370399331
1.0000000000 0.0000000020
0.9722704215 0.0139622635
0.2503124325 0.4996876679
0.0000000000 1.0000000021
0.8115656920 0.0991305931
0.1410998759 0.6243673689
0.0219313027 0.8519077924
0.1614227095 0.5982255515
0.5071757313 0.2878372879
0.2092224212 0.5425916278
0.1887725756 0.5655203416
0.1180087672 0.6564759608
0.0626836451 0.7496329819
0.3790107841 0.3843614846
0.6914241502 0.1684808197
0.0254205666 0.8405617183
0.3544141748 0.4046730543
0.1107422565 0.6672204110
0.0810620610 0.7152860040
0.5603216158 0.2514536668
0.0010761421 0.9671953980
0.7606960184 0.1278211104
0.4891412957 0.3006136311
0.0939980522 0.6934089847
0.1758351098 0.5806730300
0.2884995594 0.4628784523
0.7010905790 0.1626884832
0.1342572781 0.6335886515
0.7507950231 0.1335157127
0.2971048471 0.4549267529
0.9295926175 0.0358461666
0.6495721266 0.1940396264
0.1002915943 0.6833115210
0.5803254304 0.2382090657
0.0080040172 0.9105348298
0.1265100549 0.6443174826
0.9140910778 0.0439188974
0.3186596301 0.4355005512
0.2222302800 0.5285869351
0.5442761282 0.2622492796
0.3972093315 0.3697545487
0.0444951114 0.7890613591
0.9582813147 0.0210815602
0.8214828922 0.0936430674
0.5700977788 0.2449518056
0.3058469060 0.4469657302
0.1686139933 0.5893736597
