0.3225657238 0.8965691229
0.9883908432 0.0238314725
0.7772696729 0.3968250567
0.8701263918 0.2437227156
0.3594882640 0.8712384717
0.6992855714 0.5117587366
0.4057516631 0.8357532797
0.8408424272 0.2933582832
0.8157495722 0.3349859933
0.4273348791 0.8176706158
0.8887488535 0.2106619096
0.8785926549 0.2285014018
0.0607891812 0.9964853685
0.7653575535 0.4145604309
0.9942564581 0.0117867250
0.5268828399 0.7226323006
0.2932469822 0.9142182001
0.5685702481 0.6769246723
0.6030826824 0.6365201876
0.9030089476 0.1848644350
0.9334893034 0.1287894404
0.7944213008 0.3690582527
0.9277048966 0.1394857017
0.3914115096 0.8468447891
0.7430474308 0.4480218147
0.8333063153 0.3056966894
0.3785998893 0.8567198869
0.8081460470 0.3469775655
0.7176271897 0.4850706597
0.3327934560 0.8892959406
0.1776463811 0.9684737354
0.3122522134 0.9025290398
0.4441016466 0.8028002579
0.1924853057 0.9629868599
0.6924972786 0.5204850932
0.2177378003 0.9526082542
0.2723906838 0.9258252054
0.2452401767 0.9398754970
0.4798639840 0.7697505440
0.5614259608 0.6848207075
0.5044632707 0.7455355396
0.9431169540 0.1105621656
0.6304759862 0.6025227851
0.3454156790 0.8807061611
0.6222380890 0.6128417204
0.5527010722 0.6945429907
0.1584652711 0.9748996207
0.6133502882 0.6238104119
0.1456090786 0.9788084573
0.6736665410 0.5461866845
0.0842909701 0.9929047441
0.4359098146 0.8099927504
0.7240737175 0.4757309283
0.7489624604 0.4390677700
0.5953399579 0.6455761669
0.4583828914 0.7898913481
0.2034271458 0.9586223441
0.8014024133 0.3577658221
0.1229246819 0.9848935335
0.6417481395 0.5881650770
0.6499888647 0.5775204533
0.4137951203 0.8287775274
0.8941939048 0.2004244147
0.7710138990 0.4055420534
0.9097693365 0.1723255381
0.9788361643 0.0418851921
0.8218469038 0.3245703746
0.9608474816 0.0767772409
0.3693372071 0.8635918090
0.0489249961 0.9976075896
0.7093096768 0.4968816281
0.0986430209 0.9902709272
0.8562676356 0.2668089371
0.5877179994 0.6545895389
0.2623038861 0.9311990558
0.2316598482 0.9463346979
0.8642263835 0.2531146892
0.5362440769 0.7124434196
0.9690098824 0.0610220191
0.5799031443 0.6637135135
0.0347683850 0.9987918070
0.7555094847 0.4292065462
0.8492491334 0.2787766669
0.1122509409 0.9874003865
0.7849343659 0.3838792284
0.9222384108 0.1494771397
0.6812877980 0.5358475616
0.9169388937 0.1592235526
0.6569677667 0.5683937536
0.0229928922 0.9994717184
0.2830305310 0.9198941013
1.0000000000 0.0000001537
0.9526233345 0.0925090553
0.5189449964 0.7306962291
0.5440208425 0.7040414362
0.7319455537 0.4642558292
0.0000000000 1.0000000870
0.6648526617 0.5579709947
0.4721650924 0.7770601634
0.4925331731 0.7574110838
