0.9898156279 0.0203131251
0.6129210841 0.6243456785
0.2429257527 0.9410039185
0.1065900723 0.9886539622
0.5439419574 0.7041358367
0.8715235221 0.2404676560
0.7747685301 0.3997538277
0.9559649003 0.0861450369
0.8502301363 0.2771309151
0.1878919770 0.9647038393
0.8654532752 0.2510057148
0.6947901721 0.5172746409
0.7380324377 0.4553141465
0.5679155841 0.6774769015
0.8778461003 0.2293929629
0.5147700786 0.7350136168
0.2748912233 0.9244370410
0.2134839118 0.9544259192
0.7907422140 0.3747298816
0.7670715171 0.4116037897
0.6643663373 0.5586200658
0.4625704363 0.7860303388
0.3391657039 0.8849678587
0.7516809974 0.4349769096
0.8958555961 0.1974438604
0.8197253821 0.3280509633
0.3044091839 0.9073355331
0.6759814174 0.5430496984
0.6430651926 0.5864676809
0.4864927607 0.7633254021
0.1628591224 0.9734775508
0.5972161042 0.6433334006
0.8270864454 0.3159283196
0.1210648321 0.9853434716
0.4969955765 0.7529955480
0.0488615551 0.9976126444
0.2869778642 0.9176437561
0.0365543514 0.9986638436
0.9175586295 0.1580862174
0.6220658975 0.6130340659
0.7225094594 0.4779801143
0.9117691917 0.1686769866
0.3591804240 0.8709894326
0.0169096144 0.9997140755
0.1516705812 0.9769960437
0.5854003484 0.6573064358
0.0000000000 1.0000000020
1.0000000000 0.0000000035
0.4128802924 0.8295298657
0.8441711467 0.2873750786
0.2021710732 0.9591268593
0.3146439176 0.9009992073
0.6858097192 0.5296650318
0.5773512099 0.6666655829
0.7979675165 0.3632478458
0.0939690567 0.9911698183
0.7824327860 0.3877989384
0.6050889626 0.6338673499
0.6352528096 0.5964538706
0.6505308454 0.5768096218
0.3488999630 0.8782688179
0.2638243079 0.9303967366
0.4479023694 0.7993834697
0.2322400129 0.9460645784
0.9038465536 0.1830614109
0.8124056747 0.3399970229
0.9411986659 0.1141450748
0.8589279896 0.2622427120
0.3275312580 0.8927232771
0.4219759727 0.8219362806
0.4349550572 0.8108141004
0.0819206498 0.9932890090
0.1330986814 0.9822847429
0.5600197936 0.6863778332
0.9302378841 0.1346574824
0.8058292278 0.3506392588
0.7016097618 0.5077437449
0.7448002503 0.4452725901
0.1762081714 0.9689506823
0.9692677001 0.0605201291
0.9809862293 0.0376660216
0.3889785521 0.8486956881
0.8348079731 0.3030956513
0.9753973060 0.0486000991
0.5521086049 0.6951760908
0.9475997791 0.1020546621
0.7604064656 0.4217820100
0.9237973666 0.1465984290
0.7084166059 0.4981459153
0.5238953204 0.7255336956
0.4026165474 0.8378999179
0.5328249047 0.7160976233
0.7302195714 0.4667793804
0.5052944225 0.7446775489
0.9622484633 0.0740778985
0.8859094375 0.2151644719
0.7151812061 0.4885158453
0.4719314955 0.7772806658
0.0682019516 0.9953484957
0.3772219373 0.8577036121
