0.8557238654 -0.7194409883
0.8331237066 -0.5866873948
0.8426529453 -0.6846971279
0.6380325297 -0.3684595467
0.4272729048 0.0503227132
0.8312937114 -0.5781063962
0.4525642254 -0.1114290463
0.4127122613 0.2108823285
0.6209418091 -0.1570897945
0.4365714598 -0.0407896907
0.4480014665 -0.0970575907
0.8293590929 -0.5640769844
0.6279648996 -0.2682958940
0.8347922994 -0.6383733097
0.8262923082 -0.5044810417
0.4109553721 0.2301064068
0.6483394499 -0.4271709106
0.6208797832 -0.1458734717
0.4225201042 0.0897538544
0.2365048601 0.3082886930
0.4326028384 -0.0044599333
0.6292582799 -0.2850693964
0.4368708846 -0.0483306361
0.6400995160 -0.4004277682
0.4170222015 0.1509398014
0.4404119514 -0.0779995617
0.6240157490 -0.2102477850
0.1882807995 0.6408969447
0.4135214334 0.1907521995
0.2286590637 0.3484900075
0.4333172937 -0.0208875971
0.1837054748 0.6692486113
0.2257158361 0.3655733573
0.4232647852 0.0715285535
0.2416582613 0.2809811305
0.4190190258 0.1227648324
0.2090039802 0.4908688264
0.1952495597 0.5924129599
0.2207483737 0.4002208722
0.1865982113 0.6491111401
0.1919935456 0.6163985896
0.2018376449 0.5432771773
0.2578198068 0.2462386046
0.2294020924 0.3407678851
0.4545723003 -0.1216080925
0.2306667030 0.3322470373
0.2223606566 0.3908009110
0.2454140855 0.2662248851
0.2512432254 0.2524010922
0.1902209787 0.6262578120
0.2475138805 0.2590675582
0.2186343060 0.4147745964
0.2121234542 0.4681938441
0.1852076038 0.6559420304
0.2099515429 0.4810634850
0.2389589779 0.2891355103
0.2037104978 0.5272073507
0.2133691828 0.4531700624
0.2160865267 0.4331651639
0.1934815629 0.6017749376
0.2053047773 0.5153045814
0.0058333951 0.9239756924
0.0068316897 0.9170968958
0.0098047844 0.8984277136
0.0113796843 0.8896838754
0.0017306198 0.9589582694
0.0359846496 0.7781091045
0.0011709675 0.9661285815
0.0533877505 0.7162007634
0.0243842449 0.8272943487
0.0190394000 0.8515389873
0.0342259339 0.7850767457
0.0378554976 0.7705010403
0.0450332997 0.7434463067
0.0326969314 0.7913363052
0.0810196856 0.6700451897
0.0206071679 0.8441684217
0.0024981304 0.9499581577
0.0003427479 0.9816231776
0.0042853884 0.9340531275
0.0167400754 0.8622904348
0.0228834274 0.8337206476
0.0259264591 0.8201775229
0.0137844871 0.8768608192
0.0501661711 0.7259002498
0.0000000000 1.0000400663
0.0294290435 0.8050210049
0.0279720093 0.8112708549
0.0475354181 0.7346333306
0.0401206699 0.7615333119
0.0615223534 0.6944577993
0.0083736861 0.9063614839
0.0308833148 0.7988005586
0.0558939367 0.7086695251
0.0006939876 0.9736669518
0.0428659656 0.7511779331
0.0642385570 0.6886350176
0.0590132133 0.7004159651
0.0744584305 0.6735970192
0.0674270849 0.6827650945
