0.8351096859 -0.6364140340
0.4136414498 0.2290907530
0.6226453971 -0.1662909528
0.6337719562 -0.3179010033
0.8274021341 -0.4950488805
0.6393074389 -0.3683868966
0.6413456083 -0.4061419691
0.4357749020 -0.0416058621
0.2160181643 0.4423650084
0.8472980740 -0.7592843310
0.6210865661 -0.1604258144
0.4327515364 -0.0169559518
0.4346976366 -0.0330832187
0.4393674729 -0.0678275276
0.6346412067 -0.3513547181
0.1963599139 0.5862299321
0.2015685270 0.5472207749
0.1953053280 0.5939319733
0.8488827060 -0.7662330331
0.6268087088 -0.2553373282
0.6464721830 -0.4437254881
0.2021649948 0.5408107825
0.2216025993 0.3939326402
0.6532226691 -0.4540250365
0.8244356164 -0.4775209756
0.4241407707 0.0607429646
0.4457272922 -0.1061569250
0.4536203412 -0.1218110573
0.2238633548 0.3773908618
0.2113877833 0.4689631711
0.2189818937 0.4125870945
0.6437601398 -0.4316277858
0.4280508543 0.0173614885
0.4302497655 -0.0036254563
0.2458756492 0.2617212786
0.4210444200 0.0948170616
0.4433373886 -0.0974975254
0.2354958071 0.3045341717
0.2373098634 0.2959773200
0.2278548889 0.3498976028
0.2570791478 0.2434803160
0.2488052615 0.2539612452
0.1825110106 0.6698291792
0.4265811542 0.0322211127
0.2083709031 0.4914516063
0.1975603610 0.5724295990
0.2438271143 0.2693387333
0.1893261996 0.6298470159
0.1867366356 0.6445843711
0.4094485175 0.2416242155
0.2122557288 0.4609617744
0.1849557890 0.6554977710
0.2319370716 0.3237384100
0.2397597010 0.2842282180
0.0715441110 0.6785374441
0.0394464273 0.7654402256
0.1908641991 0.6181991863
0.0612159590 0.6963692721
0.2066237899 0.5035166901
0.2089916772 0.4853428162
0.2099291381 0.4781457095
0.0660095746 0.6857041412
0.0513258178 0.7230971415
0.0747378128 0.6737170482
0.0468942909 0.7374490036
0.0132747560 0.8797740222
0.0012689313 0.9646622426
0.0307459729 0.7996934774
0.0533808449 0.7161194664
0.0055965408 0.9246171099
0.0030395916 0.9449329880
0.0802689459 0.6702434419
0.0067080479 0.9168898508
0.0352370485 0.7809056592
0.0040199732 0.9362694139
0.0193353682 0.8500559425
0.0489919997 0.7298511334
0.0292235542 0.8059100072
0.0079363095 0.9090630247
0.0322496067 0.7931838547
0.0585991182 0.7014937146
0.0410395196 0.7580699242
0.0152376837 0.8696309654
0.0631972481 0.6908165470
0.0552560228 0.7104861385
0.0368739359 0.7742396467
0.0170583272 0.8607390185
0.0018615299 0.9567880440
0.0437839747 0.7478503346
0.0111724976 0.8904825777
0.0006589634 0.9743437594
0.0002881006 0.9830464664
0.0092963991 0.9009251402
0.0337530002 0.7868449550
0.0001066466 0.9897005945
0.0000000000 1.0000094851
0.0242085426 0.8277333048
0.0266386366 0.8170089135
0.0217954817 0.8385855860
0.0205263584 0.8443941140
