0.6310944754 -0.2582772174
0.6247363664 -0.1790802784
0.8467431701 -0.7392624443
0.8396435658 -0.6614152833
0.8294567709 -0.5107565654
0.8433118874 -0.7068606573
0.8344789405 -0.6169316220
0.6484642730 -0.4346246779
0.4353496226 -0.0168116226
0.8524204718 -0.7525737279
0.6380404157 -0.3788173048
0.8316232709 -0.5969258897
0.6320477913 -0.3169516197
0.2160196447 0.4490136354
0.6259255031 -0.2347255594
0.6194023393 -0.1263791929
0.4303808804 0.0109700668
0.1937258757 0.6111237065
0.2170284708 0.4337707374
0.2326650474 0.3280440031
0.4246624609 0.0587139752
0.1989564665 0.5674295717
0.4178608564 0.1360596649
0.2051727094 0.5210249554
0.4170607712 0.1477924980
0.4515808292 -0.1184699315
0.4218523111 0.0878619158
0.4371724823 -0.0604516896
0.2001739363 0.5557302272
0.2254074519 0.3705587114
0.2434973612 0.2714775583
0.4431784987 -0.0966548633
0.2195105292 0.4087434983
0.4468699399 -0.1104261409
0.2073174328 0.5003633906
0.4185127919 0.1248618419
0.1872846444 0.6422365224
0.4095867313 0.2408300702
0.4383508424 -0.0693224388
0.1965099587 0.5806398151
0.2355687784 0.3045870321
0.2413275087 0.2800425685
0.2370982585 0.2965730208
0.2345209939 0.3114013873
0.2119161732 0.4647273714
0.0013503856 0.9644895247
0.2094517471 0.4834233847
0.1891745018 0.6305103470
0.2033377953 0.5295362304
0.1836206007 0.6641204850
0.2389452468 0.2886028608
0.2288587216 0.3424228594
0.4263689082 0.0340736618
0.2234126516 0.3789106798
0.2456854383 0.2625463175
0.2206913929 0.3982209043
0.2175003203 0.4213489545
0.2275654678 0.3510419577
0.1951382204 0.5894526081
0.2608011284 0.2445964223
0.2261204079 0.3603045436
0.2060700120 0.5083646775
0.0295686790 0.8054754350
0.0008546267 0.9719564153
0.1903695414 0.6210908104
0.0076150053 0.9116813545
0.0436935746 0.7486223350
0.0595243628 0.6997632264
0.0003342687 0.9824352957
0.0570237444 0.7060804049
0.0625257203 0.6924898370
0.0411462400 0.7579602263
0.0124050093 0.8842080359
0.0545321271 0.7128210150
0.0058116810 0.9230663004
0.0310948978 0.7982585575
0.0462881255 0.7390924569
0.0793002942 0.6706119269
0.0033720294 0.9418882941
0.0655310847 0.6863654237
0.0140293196 0.8757622358
0.0023062333 0.9521486935
0.0381699759 0.7691881394
0.0489155917 0.7300257779
0.0733602374 0.6747588052
0.0233318842 0.8317591985
0.0159624252 0.8661367020
0.0000810333 0.9911719130
0.0109901540 0.8915162477
0.0326674810 0.7913860433
0.0187617783 0.8526592440
0.0870339511 0.6705863750
0.0044880421 0.9324373340
0.0277530486 0.8122272873
0.0093301152 0.9007842719
0.0363224033 0.7764119083
0.0000000000 1.0000148033
0.0252643918 0.8230614454
0.0173875964 0.8591195695
0.0210326870 0.8420716473
