0.0000041415 0.0000015329 0.5735862462
0.3922076172 0.0000064762 0.4002593438
0.3055664950 0.2827992234 0.0000022297
0.1843020400 0.1846816911 0.1766317054
0.8194799108 0.0004570513 0.0005071859
0.0000626470 0.0000087817 0.5692398867
0.0006510016 0.0005430354 0.5442134232
0.0025313233 0.6431100499 0.0005556021
0.0025313233 0.6431100499 0.0005556021
0.6553730784 0.0032008903 0.0005535062
0.2844402838 0.2957764805 0.0145485729
0.0371572243 0.2579477062 0.2752313888
0.0800372027 0.0856507168 0.3726670253
0.1059211912 0.3987317641 0.0498038450
0.0955043551 0.2203179663 0.2579480585
0.2781092165 0.0272645839 0.2920841466
0.3978230506 0.0964781474 0.0704547292
0.2431051807 0.2456873658 0.0940730048
0.2352920038 0.0988962215 0.2366794707
0.8266956746 0.0052146865 0.0003848277
0.0405567539 0.3406858129 0.1576134492
0.0001849589 1.5031717950 0.0000973537
0.9057861491 0.0001658171 0.0001284152
0.7042893329 0.0000980775 0.0073708347
0.1234798847 0.1639874063 0.2686147756
0.2609576808 0.1204834825 0.1815624537
0.1272684610 0.3700664891 0.0466773561
0.0025313233 0.6431100499 0.0005556021
0.9057861491 0.0001658171 0.0001284152
0.1821057750 0.0544757992 0.3592875098
0.0025313233 0.6431100499 0.0005556021
0.3608911753 0.1284122951 0.0725981416
0.1175336215 0.2751662588 0.1781200786
0.2777357199 0.1595300966 0.1343078126
0.1611658751 0.1293947424 0.2808802739
0.1139864112 0.0785194570 0.4007820984
0.0006510016 0.0005430354 0.5442134232
0.0025313233 0.6431100499 0.0005556021
0.0005174511 0.0000726985 0.5511857935
0.0006510016 0.0005430354 0.5442134232
0.0578069771 0.1619159040 0.3509787412
0.1659707028 0.2602469646 0.1375731186
0.3659793102 0.0505062292 0.1684042608
0.0795013954 0.3945540471 0.1175701453
0.1751575155 0.3483609319 0.0512935330
0.0768090817 0.1203187791 0.3751506665
0.9057861491 0.0001658171 0.0001284152
0.3457634513 0.1769157005 0.0612899971
0.0025313233 0.6431100499 0.0005556021
0.3939976184 0.0761873250 0.1018769492
0.0005174511 0.0000726985 0.5511857935
0.6407122368 0.0046824567 0.0024243289
0.0025313233 0.6431100499 0.0005556021
0.0017853370 0.0002600377 0.5617309299
0.0006510016 0.0005430354 0.5442134232
0.0533604255 0.5346936614 0.0228999242
0.0533604255 0.5346936614 0.0228999242
0.2122349013 0.1584537735 0.2012243900
0.3475518572 0.2302405396 0.0000025059
0.3420110687 0.0421302190 0.1988784495
0.5689791131 0.0123360794 0.0084347584
0.4781940144 0.0145966433 0.1167928487
0.1234165265 0.1322626128 0.3173777451
0.1450231053 0.1780980215 0.2386278037
0.5079375612 0.0093795024 0.0849459470
0.0204296366 0.0297535259 0.4836475677
0.1117705962 0.4349316695 0.0081423779
0.1081592123 0.0148185453 0.4480739497
0.0435835881 0.4237824615 0.0724944388
0.3055787241 0.1881033031 0.0810609660
0.0433687557 0.2588080240 0.2751209956
0.0494076250 0.4508154121 0.0409554583
0.0557513978 0.0705905938 0.4524213623
0.1264950705 0.3645707277 0.1049701243
0.1636984725 0.2214886027 0.2025559568
0.3409736662 0.1319438974 0.0974431603
0.0011700668 0.5201500786 0.0515710005
0.1104682610 0.3023924658 0.1491724260
0.1676404442 0.3095150572 0.0985109407
0.3055787241 0.1881033031 0.0810609660
0.0204296366 0.0297535259 0.4836475677
0.1105973858 0.0786032296 0.3497109865
0.1775080161 0.1043790534 0.2984781174
0.2509524370 0.1759979225 0.1652886580
0.1451344629 0.2513525490 0.1742359161
0.4665462122 0.0542751566 0.0536291004
0.0204296366 0.0297535259 0.4836475677
0.0874305158 0.4487772982 0.0322991593
0.0328590839 0.4925572923 0.0488810297
0.1677950749 0.3895602305 0.0066291697
0.3229504170 0.1288715407 0.1259273096
0.0671749799 0.2493029435 0.2723662389
0.4086262441 0.0286825478 0.1601316483
0.0759896263 0.0298249134 0.4278450011
0.1278331595 0.2162540526 0.2340597603
0.2352920038 0.0988962215 0.2366794707
0.0514361240 0.0209580805 0.4886937953
0.1395585985 0.2990437013 0.1238474215
0.1830076576 0.0652517712 0.3177811143
0.2705004912 0.0253217569 0.3001045854
0.0759896263 0.0298249134 0.4278450011
0.1053814703 0.1794431059 0.2887663957
0.0949440864 0.1247368239 0.3490934106
0.0829775494 0.3193451396 0.1973567240
0.0435835881 0.4237824615 0.0724944388
0.2263971121 0.2311702509 0.1165684401
0.4665462122 0.0542751566 0.0536291004
0.0187026828 0.3626504276 0.1509818227
0.2628849331 0.2378060853 0.0796486045
0.4502416505 0.0944061322 0.0358008683
0.0095240321 0.3169306318 0.2190352823
0.0857792661 0.3469610143 0.1207512312
0.4547723095 0.1231638511 0.0172147834
0.0204296366 0.0297535259 0.4836475677
0.5689791131 0.0123360794 0.0084347584
0.2926051174 0.1041200744 0.1745406602
0.1528588030 0.0396578936 0.4023145097
0.3426631647 0.0885511314 0.1376214233
0.0844943072 0.1429718041 0.3387993499
0.1624252179 0.3181542120 0.0763505550
0.2525337078 0.0702090448 0.2448359861
0.0119017918 0.5726889706 0.0123251734
0.4963320313 0.0341674486 0.0491855392
0.2102370931 0.2067173651 0.1531512425
0.3055664950 0.2827992234 0.0000022297
0.0264902860 0.1051557858 0.4283690525
0.5434416802 0.0829506653 0.0139387252
0.0331077821 0.1371380910 0.3957523156
0.0087397793 0.4530951510 0.1458819268
0.3155830422 0.0024682721 0.2939678697
0.4121932918 0.0544598211 0.1016874665
0.2551026913 0.2819672857 0.0555892234
0.2781092165 0.0272645839 0.2920841466
0.3894080348 0.1687109007 0.0447266782
0.0201672583 0.2748658346 0.2779823762
0.0067674556 0.1227177644 0.4364768694
0.0025313233 0.6431100499 0.0005556021
0.8194799108 0.0004570513 0.0005071859
0.8625952990 0.0004934648 0.0003584725
0.4907736675 0.0193169920 0.0876314658
0.0012085856 1.3910484177 0.0004433954
0.2695597874 0.0850515473 0.2012233817
0.0013471727 1.4662923630 0.0006172175
0.3896472698 0.1409277000 0.0569731572
0.0012085856 1.3910484177 0.0004433954
0.1313918344 0.3679331651 0.0600807110
0.0558074540 0.3635427001 0.1389031018
0.0602614618 0.2895968971 0.2021842521
0.0025313233 0.6431100499 0.0005556021
0.4502416505 0.0944061322 0.0358008683
0.1513170305 0.1501793956 0.2600205722
0.3659793102 0.0505062292 0.1684042608
0.8194799108 0.0004570513 0.0005071859
0.1059211912 0.3987317641 0.0498038450
0.2129197763 0.2539655462 0.0887811978
0.2066600301 0.1185638566 0.2462944277
0.2695597874 0.0850515473 0.2012233817
0.0204296366 0.0297535259 0.4836475677
0.0469588552 0.3376435536 0.2028463742
0.0025313233 0.6431100499 0.0005556021
0.1276373005 0.2752152497 0.1434493246
0.2999423068 0.1657543115 0.1189235438
0.0494076250 0.4508154121 0.0409554583
0.1771942780 0.3646785692 0.0216742530
2.2042031371 0.0000448690 0.0000389165
0.2060865270 0.1492998895 0.2255852311
0.0006510016 0.0005430354 0.5442134232
0.1164016323 0.1549549434 0.3038382487
0.4665462122 0.0542751566 0.0536291004
0.2348951771 0.1489742014 0.1938335315
0.0469451304 0.2037252523 0.3082170623
0.0800372027 0.0856507168 0.3726670253
0.0799875429 0.5206979276 0.0233257240
0.1355658307 0.0417347505 0.4047005616
0.2835264502 0.2091454414 0.0756110790
0.0006510016 0.0005430354 0.5442134232
0.2777357199 0.1595300966 0.1343078126
0.1276373005 0.2752152497 0.1434493246
0.1855645258 0.0003376679 0.3862609400
0.0955043551 0.2203179663 0.2579480585
0.0204296366 0.0297535259 0.4836475677
0.5622201816 0.0129195906 0.0459960566
0.1172581463 0.1120892759 0.3405654935
0.1788180277 0.1591308450 0.2337354337
0.1843020400 0.1846816911 0.1766317054
0.0642726529 0.1400284727 0.3660331881
0.0759896263 0.0298249134 0.4278450011
0.5689791131 0.0123360794 0.0084347584
0.0204296366 0.0297535259 0.4836475677
0.1636984725 0.2214886027 0.2025559568
0.0874305158 0.4487772982 0.0322991593
0.0405567539 0.3406858129 0.1576134492
0.0603037933 0.3475055535 0.1500747388
0.2102563383 0.3536738385 0.0109808462
0.0204296366 0.0297535259 0.4836475677
0.1419737525 0.0876547216 0.3430754885
0.1104682610 0.3023924658 0.1491724260
0.2122349013 0.1584537735 0.2012243900
0.1676404442 0.3095150572 0.0985109407
0.0759896263 0.0298249134 0.4278450011
0.0005174511 0.0000726985 0.5511857935
0.0800372027 0.0856507168 0.3726670253
0.0857792661 0.3469610143 0.1207512312
0.4963320313 0.0341674486 0.0491855392
0.2439423698 0.1863484231 0.1486846108
0.0435835881 0.4237824615 0.0724944388
0.1431238445 0.1154373159 0.3148638810
0.3467467947 0.0700927151 0.1461899662
0.1821567675 0.1946666676 0.2045912368
0.1319398801 0.2400240732 0.2109643590
0.3978230506 0.0964781474 0.0704547292
0.1476151560 0.1832968117 0.2358194281
0.0289091082 0.1890311677 0.3427949786
0.2075723166 0.0935230717 0.2704057002
0.6553730784 0.0032008903 0.0005535062
0.2609576808 0.1204834825 0.1815624537
0.1519467732 0.3534001970 0.0990403116
0.1200535314 0.2665662825 0.1888632897
0.1624252179 0.3181542120 0.0763505550
0.1340466638 0.2039459244 0.2367356762
0.1899360419 0.1197626818 0.2642463570
0.2108647538 0.0848926466 0.2755808331
0.0689616203 0.0637460250 0.4355472834
0.4745403897 0.0896766083 0.0049635725
0.1855645258 0.0003376679 0.3862609400
0.3176833392 0.1622242427 0.0910735485
0.5689791131 0.0123360794 0.0084347584
0.0435835881 0.4237824615 0.0724944388
0.0000638496 2.0006628326 0.0000302374
0.2352429404 0.1467175657 0.2002534803
0.4907736675 0.0193169920 0.0876314658
0.0952015650 0.1969655951 0.2859099580
0.8194799108 0.0004570513 0.0005071859
0.6407122368 0.0046824567 0.0024243289
0.4524724239 0.0693764313 0.0738364656
0.1234798847 0.1639874063 0.2686147756
0.3339830928 0.1262271346 0.1153899956
0.3409736662 0.1319438974 0.0974431603
0.0002153093 1.5007981522 0.0002192596
0.3939976184 0.0761873250 0.1018769492
0.1106452623 0.1504996544 0.3063204531
0.0514361240 0.0209580805 0.4886937953
0.3939976184 0.0761873250 0.1018769492
0.0006510016 0.0005430354 0.5442134232
0.0469451304 0.2037252523 0.3082170623
0.1599137896 0.0412042713 0.3635351207
0.0119017918 0.5726889706 0.0123251734
0.5198087448 0.0198207832 0.0610769830
0.0857792661 0.3469610143 0.1207512312
0.0850930618 0.0199132148 0.4678503577
0.1059211912 0.3987317641 0.0498038450
0.0006510016 0.0005430354 0.5442134232
0.1022524384 0.0810764411 0.3993847379
0.0800372027 0.0856507168 0.3726670253
0.0333543667 0.4070394197 0.1203983657
0.2409034794 0.3501103175 0.0150503430
0.2628849331 0.2378060853 0.0796486045
0.1276373005 0.2752152497 0.1434493246
0.3426631647 0.0885511314 0.1376214233
0.2777357199 0.1595300966 0.1343078126
0.8194799108 0.0004570513 0.0005071859
0.0602614618 0.2895968971 0.2021842521
0.4216504926 0.1907619490 0.0019680747
0.1081592123 0.0148185453 0.4480739497
0.3229504170 0.1288715407 0.1259273096
0.0328590839 0.4925572923 0.0488810297
0.0025313233 0.6431100499 0.0005556021
0.1605544020 0.2317110120 0.1851288526
0.0204296366 0.0297535259 0.4836475677
0.0874305158 0.4487772982 0.0322991593
0.2106825150 0.1088346785 0.2609293898
0.3079354266 0.2480911167 0.0645912089
0.1117705962 0.4349316695 0.0081423779
0.1419737525 0.0876547216 0.3430754885
0.2820497022 0.1408273883 0.1534675789
0.0602614618 0.2895968971 0.2021842521
0.0011700668 0.5201500786 0.0515710005
0.1620393813 0.2552960287 0.1641283957
0.1843020400 0.1846816911 0.1766317054
0.3978230506 0.0964781474 0.0704547292
0.3420110687 0.0421302190 0.1988784495
0.4290978288 0.1188702844 0.0430608140
0.0328590839 0.4925572923 0.0488810297
0.0838260707 0.2085338712 0.2772163287
0.3909814956 0.2076264637 0.0337996024
0.0533604255 0.5346936614 0.0228999242
0.0187026828 0.3626504276 0.1509818227
0.2926051174 0.1041200744 0.1745406602
0.2129197763 0.2539655462 0.0887811978
0.0345116692 0.4127874343 0.1132693678
0.2714618852 0.2013730755 0.1147502827
0.0247257541 0.0285285826 0.5086103138
0.2075242267 0.2747764832 0.1095784387
0.0794097153 0.2752566434 0.2288709083
0.0006510016 0.0005430354 0.5442134232
0.0844943072 0.1429718041 0.3387993499
0.0289091082 0.1890311677 0.3427949786
0.0949440864 0.1247368239 0.3490934106
0.1624252179 0.3181542120 0.0763505550
0.0557513978 0.0705905938 0.4524213623
