0.0011469819 1.2922431231
1.1457081337 0.0014568419
0.5279326054 0.5601085197
0.7964687756 0.2652519644
0.2492982667 0.7573736432
0.7943445393 0.4579987066
0.1245247910 0.8822192148
0.3776859002 0.6302405161
0.9198751763 0.1318289227
1.0004810558 0.0508346868
0.0632812672 0.9489025491
0.5279326054 0.5601085197
0.7954261635 0.3527596670
0.3146992446 0.6915993765
0.4517985199 0.5804393121
0.8300935952 0.1987835745
0.1892263098 0.8185566617
0.1585362202 0.8480440563
0.7948344052 0.3667306472
0.9198652971 0.1363728107
0.3458483286 0.6612997303
0.5279326054 0.5601085197
0.4923756295 0.5632478416
0.9238790489 0.0929003111
0.7942971013 0.4951562570
1.0013279848 0.0269115374
0.2833618082 0.7253245665
0.0246269291 0.9843158846
0.4127510857 0.6033077114
0.0941051966 0.9160073988
0.7954730545 0.2916911021
0.8020414683 0.2250095364
0.2206963663 0.7859852516
0.8037003589 0.2060182007
1.0007396263 0.0433882204
0.0439954396 0.9656065028
0.3304170518 0.6752513952
0.1417045323 0.8655936168
0.1114029448 0.9011878575
0.7944050781 0.4281992527
0.4717041790 0.5707513834
0.7942971013 0.4951562570
0.3952231521 0.6156113720
0.2980345622 0.7078853228
0.1698666907 0.8371975037
0.7963243602 0.2770323442
0.5279326054 0.5601085197
0.9424776874 0.0832180005
0.5279326054 0.5601085197
0.2676625546 0.7392209537
0.5181396157 0.5604236596
0.3621179061 0.6446969273
0.0128013913 0.9947045702
0.7948344052 0.3667306472
0.0785087346 0.9306968128
0.5279326054 0.5601085197
0.7954730545 0.2916911021
1.0026386266 0.0171135581
0.2340421495 0.7734202689
0.9225045538 0.1077008960
0.9198652971 0.1363728107
0.4320591727 0.5903114050
0.9198652971 0.1363728107
0.8020414683 0.2250095364
0.2051676255 0.8030875999
0.8300935952 0.1987835745
0.1029227094 0.9085945998
0.7954730545 0.2916911021
0.5279326054 0.5601085197
0.5279326054 0.5601085197
0.8035648373 0.2120314673
0.2439203164 0.7645959668
0.7948344052 0.3667306472
0.3712851904 0.6375398786
0.5279326054 0.5601085197
0.1653792970 0.8429186508
0.1327330519 0.8748806865
0.8116113591 0.1991572903
0.7943445393 0.4579987066
1.0004810558 0.0508346868
0.7944050781 0.4281992527
0.3385701860 0.6696197585
0.4858131384 0.5683094756
0.7942971013 0.4951562570
0.4571576764 0.5748471457
0.7943445393 0.4579987066
0.1821062162 0.8244288640
0.0551793816 0.9560976189
0.4044584954 0.6080179532
0.5295095824 0.5602545784
0.2759838670 0.7326429815
0.7963243602 0.2770323442
1.0007586096 0.0367170123
0.0392042526 0.9698457851
0.9198652971 0.1363728107
0.3075653506 0.6998163514
0.5079613524 0.5623398874
0.7948344052 0.3667306472
0.3219793892 0.6836285295
0.5279326054 0.5601085197
