0.0000000000 1.0024701795
1.0000000000 0.0017391057
0.6183018611 0.6200298576
0.8477970808 0.2841715858
0.3022974510 0.9112721332
0.7440553838 0.4484944266
0.1395504558 0.9830599934
0.4686094124 0.7833733600
0.9316413713 0.1344787905
0.9681282315 0.0662263619
0.0656171825 0.9984179022
0.6840622749 0.5343080875
0.7985983012 0.3642230562
0.3867822367 0.8529713024
0.5458005328 0.7040918927
0.8920275653 0.2069750295
0.2194277203 0.9543200637
0.1785947106 0.9704443755
0.7723413406 0.4063676069
0.9120978006 0.1703088602
0.4281725544 0.8191028399
0.6521662306 0.5770216280
0.5831074420 0.6624629365
0.9500056896 0.1000516240
0.7152327424 0.4908192674
0.9840622485 0.0333707357
0.3441458866 0.8837218641
0.0295239631 1.0015945804
0.5080988467 0.7443520789
0.1013954731 0.9920728928
0.8239152814 0.3235057832
0.8702479003 0.2453883531
0.2607934826 0.9343727107
0.8811756826 0.2258662887
0.9763667039 0.0493385468
0.0470873665 1.0004324741
0.4076002494 0.8363964403
0.1595494164 0.9773166992
0.1200489276 0.9881112005
0.7581115063 0.4273386810
0.5647868407 0.6833606474
0.7302998905 0.4687401500
0.4881815832 0.7642096088
0.3658933657 0.8683743485
0.1994712979 0.9628399814
0.8356153545 0.3040493868
0.7001016206 0.5126345593
0.9592969878 0.0826956659
0.6683210499 0.5556313903
0.3238468713 0.8979624108
0.6009959732 0.6415582477
0.4486194208 0.8010822703
0.0148497633 1.0023307268
0.7853619755 0.3852845985
0.0831145516 0.9958689194
0.6355457296 0.5982214975
0.8114935203 0.3441102124
0.9927426319 0.0169416518
0.2817789076 0.9228001770
0.9409734357 0.1169180839
0.9219622913 0.1526283135
0.5271994531 0.7241288582
0.9024449420 0.1879813803
0.8592257697 0.2647699320
0.2393099530 0.9451004213
0.8972404594 0.1976502923
0.1117559609 0.9906124321
0.8298137410 0.3140158810
0.6435993606 0.5880943310
0.6768709048 0.5439051595
0.8757969916 0.2359698421
0.2917896427 0.9170350343
0.7790941482 0.3958267299
0.4589299312 0.7921131147
0.6092785421 0.6310770299
0.1883169725 0.9671590380
0.1497574746 0.9804307228
0.8867569660 0.2165521539
0.7513957745 0.4377624159
0.9723063228 0.0573000897
0.7655802601 0.4167153225
0.4177831262 0.8280549262
0.5742002472 0.6730829404
0.7227576445 0.4797439173
0.5555140541 0.6941050514
0.7370967818 0.4592102740
0.2098275923 0.9589582322
0.0575131547 0.9992968042
0.4981262029 0.7543025805
0.7076913476 0.5016072899
0.3346184095 0.8907203923
0.8421085621 0.2932003926
0.9802921091 0.0415458495
0.0405523678 1.0011492288
0.9269136334 0.1435697708
0.3763378012 0.8607807018
0.5920500908 0.6520297383
0.7925560395 0.3749070169
0.3974981153 0.8443148581
0.6603151950 0.5662138248
