0.6848953108 0.0964358574
0.5286991479 0.2537062072
0.6879071990 0.0329503337
0.1855270728 0.8445033675
0.8512840491 -0.2577959894
0.3703833582 0.4980283176
0.5197059470 0.3783640487
0.6871123220 0.0491674373
0.5223705078 0.3369842112
0.1875592242 0.8319013584
0.1987741946 0.7744826764
0.8567970918 -0.3969521090
0.7004824316 -0.1607004511
0.8545271384 -0.3426138426
0.6886235703 0.0186848966
0.3606761504 0.5605569832
0.8683477359 -0.5952119145
0.3571180690 0.5934687305
0.2124179443 0.7449741010
0.5173190538 0.4181082303
0.8763337395 -0.6431870407
0.6954025771 -0.0979847131
0.8656118068 -0.5612441824
0.8592727257 -0.4509628364
0.0000000000 1.0000000000
0.5368959711 0.1835066837
0.1814129860 0.8713526790
0.2022187038 0.7622378586
0.3675331202 0.5118519165
0.5342811996 0.2008379134
0.8646133592 -0.5467288673
0.5252315399 0.2965320110
0.1709748731 0.9431205380
0.6988595229 -0.1431629890
0.5189112399 0.3913329606
0.5306185032 0.2331890858
0.6857713153 0.0774129237
0.3467939268 0.7112086741
0.5236514377 0.3183350431
0.5209990733 0.3578633269
0.3767922810 0.4820950638
0.8695939975 -0.6077908252
0.8715280626 -0.6236344042
0.1784513140 0.8914568383
0.8499475951 -0.2206381229
0.5264499684 0.2806732819
0.8558316439 -0.3743805444
0.8615000598 -0.4944989562
0.5147682443 0.4629948987
0.6927641961 -0.0567438784
0.7107215025 -0.2129680416
0.3492005501 0.6814103832
0.3526236853 0.6412314996
0.6905436508 -0.0178325163
0.5160777871 0.4396637391
0.3478835615 0.6975786994
0.1957430090 0.7875799869
0.6894935696 0.0018219202
0.7022328744 -0.1768744612
0.8624468731 -0.5114746622
0.8523269850 -0.2859331746
0.0262214418 0.9774118738
0.5441868934 0.1621280609
0.6938793210 -0.0748583915
0.8537594078 -0.3232646342
0.6968269658 -0.1178571503
0.3446283992 0.7388783063
0.1897845866 0.8187374952
0.5139126345 0.4785391764
0.8635600487 -0.5302224731
0.1756700726 0.9106523220
0.6820512171 0.1614539313
0.3637017669 0.5365147396
0.3503303207 0.6678363167
0.3538339492 0.6277610273
0.8671873326 -0.5818588188
0.5275859064 0.2666703710
0.6920128870 -0.0439932300
0.0428190149 0.9553879158
0.5180909644 0.4049993684
0.8606447141 -0.4783684386
0.8505556816 -0.2376933985
0.8518304601 -0.2726347783
0.8579503650 -0.4228224411
0.5325954616 0.2145872299
0.8599233164 -0.4641903057
0.6829157528 0.1409651802
0.1932498001 0.7998152075
0.6834646873 0.1284124014
0.8553038820 -0.3617008538
0.1834621536 0.8577857567
0.3584148370 0.5809291691
0.8586212156 -0.4373058285
0.0161908257 0.9904576211
0.1735928714 0.9250516833
0.7044639727 -0.1932517801
0.3514531529 0.6546429830
0.3558794121 0.6059923320
0.3457039261 0.7250470680
0.3654884760 0.5241756751
