0.5420920873 0.9978085545
0.9181146999 0.5744315642
0.7478183559 0.9453032891
0.8988795366 0.6556382263
0.3559138519 0.9999673826
0.7162888899 0.9644465172
0.8463612994 0.8113929308
0.7289621184 0.9576308646
0.9019629524 0.6436416042
0.8679400366 0.7573964112
0.8623636974 0.7725401968
0.8009561804 0.8913355293
0.9654199935 0.2966639359
0.2786144316 0.9999971814
0.9092645431 0.6137196998
0.8792134138 0.7239784102
0.7836801184 0.9126247783
0.9217368603 0.5573407408
0.8080603725 0.8813034507
0.9064940803 0.6253293070
0.4277467065 0.9997949467
0.9480145474 0.4136593329
0.8396798311 0.8257642711
0.8735915765 0.7411284182
0.2423883768 0.9999993000
0.3779440206 0.9999405332
0.6574408594 0.9849142497
0.8838019813 0.7092299250
0.9571484304 0.3546535655
0.9501210098 0.4004999598
0.6796490371 0.9789696229
0.7935881489 0.9009278161
0.9672914726 0.2829101230
0.9593521585 0.3396402864
0.8883663750 0.6938592654
0.9527488025 0.3837114263
0.3317806400 0.9999838374
0.6160293674 0.9921292854
0.5065474187 0.9988877535
0.5929498674 0.9946274587
0.8958224471 0.6671723445
1.0000000000 0.0000000000
0.9123485420 0.6004162451
0.8188392414 0.8644852798
0.8313739081 0.8422519844
0.9957181875 0.0420024492
0.9941053223 0.0574074791
0.5548514521 0.9972345407
0.4104891997 0.9998641632
0.9856880142 0.1342455024
0.4484947040 0.9996707141
0.2275078047 0.9999996285
0.3003377529 0.9999940283
0.6288253010 0.9903328140
0.5810509996 0.9956132536
0.5673205350 0.9965462966
0.4874938226 0.9992419617
0.7661888081 0.9302798940
0.9631522838 0.3130113097
0.9915313039 0.0815314289
0.8526538637 0.7968917130
0.9689305593 0.2706658750
0.9750702587 0.2231107730
0.2629935363 0.9999984171
0.9610794145 0.3276541145
0.9877493839 0.1159686337
0.6914089773 0.9750339324
0.9969388230 0.0301935076
0.9428877563 0.4446075606
0.3170305224 0.9999897432
0.9928267158 0.0694610639
0.9821241810 0.1650431347
0.6437157769 0.9877836481
0.9247090511 0.5428580407
0.9553208246 0.3668706474
0.9312707941 0.5093635252
0.8916145933 0.6824795650
0.8575434413 0.7849391802
0.9404556258 0.4587684722
0.9801768594 0.1814514334
0.9364578839 0.4813403023
0.9275581278 0.5285763640
0.9735723236 0.2349634323
0.9152141212 0.5876869088
0.9837397099 0.1512065375
0.4737710824 0.9994302485
0.9987222944 0.0127038419
0.5264083424 0.9983660919
0.9705023117 0.2587482328
0.9897553093 0.0978507325
0.9780281315 0.1992195386
0.9720276506 0.2470152307
0.9337875742 0.4959415434
0.2140247276 0.9999997983
0.9454090688 0.4295761972
0.7043431722 0.9699500959
0.4605180909 0.9995709905
0.1796101565 0.9999999651
0.3919417527 0.9999144509
0.8252531506 0.8534884340
