0.9687988705 0.2716565181
0.4654637058 0.9995226266
0.9707164040 0.2571114104
0.9984621572 0.0152724404
0.9452911641 0.4302871904
0.6907348714 0.9752762800
0.7371827418 0.9526029192
0.8907513338 0.6855404320
0.9860851352 0.1307511587
0.7500504290 0.9436486094
0.3810608455 0.9999354430
0.9350757987 0.4889443798
0.9511842262 0.3937574756
0.9826261966 0.1607653984
0.9426950302 0.4457417386
0.9067618318 0.6242211687
0.6642410968 0.9832791858
0.9842727798 0.1465958545
0.3693787582 0.9999527155
0.9758050587 0.2172363456
0.6095248888 0.9929219367
0.9099957234 0.6106021824
0.9887184217 0.1072573986
0.8636026032 0.7692512124
0.9902152474 0.0936496778
0.5169803201 0.9986362332
0.8585282570 0.7824565869
0.8489908326 0.8054505499
0.4519684951 0.9996443018
0.8708164061 0.7492355172
0.9953479676 0.0455584445
0.9803988700 0.1795955259
0.9389962726 0.4671086349
0.4865632772 0.9992563077
0.9783183079 0.1968404856
0.9270587005 0.5311085201
0.9666888249 0.2873652744
0.7942828816 0.9000570815
0.8271383529 0.8501069187
0.8162294822 0.8687429092
0.7091393620 0.9678400087
0.8855343159 0.7034800250
0.9569169666 0.3562124870
0.9587161876 0.3440048880
1.0000000000 0.0000000000
0.9533399424 0.3798769252
0.9969113442 0.0304607837
0.9136128007 0.5948444813
0.9727178319 0.2416516004
0.7196881930 0.9627227575
0.5643652563 0.9967220472
0.3276549962 0.9999857384
0.3121899060 0.9999912060
0.9650518863 0.2993411057
0.6449601010 0.9875454372
0.9929624145 0.0681884283
0.1977676114 0.9999999085
0.4244579396 0.9998101780
0.9741777168 0.2301928979
0.8998240570 0.6520025996
0.7807708378 0.9158147825
0.2447641238 0.9999992282
0.9491826880 0.4063942682
0.5453595957 0.9976728221
0.5933100221 0.9945947368
0.8749221164 0.7371584931
0.9209603444 0.5610558119
0.9874060713 0.1190364649
0.8538661953 0.7939853043
0.8940677227 0.6736345596
0.2726302801 0.9999977315
0.9322689670 0.5040792522
0.5300251790 0.9982502943
0.6335500940 0.9895813944
0.3548504390 0.9999683442
0.8788989443 0.7249640729
0.8041423847 0.8869346490
0.9038518689 0.6361079199
0.2571021695 0.9999987380
0.9550840578 0.3684380469
0.5816341782 0.9955690261
0.4035990933 0.9998853163
0.7698227962 0.9269016332
0.9245179564 0.5438018642
0.6219413350 0.9913404721
0.2204751916 0.9999997286
0.9293927358 0.5191686931
0.8385837627 0.8280253280
0.9610814546 0.3276398424
0.8327148759 0.8396890340
0.9185240735 0.5725302064
0.1796221268 0.9999999650
0.6768131643 0.9798308340
0.2962191479 0.9999947985
0.7599974702 0.9357132507
0.5014872012 0.9989939988
0.9631626146 0.3129376194
0.2324534018 0.9999995394
0.9916770033 0.0801809039
0.8441314007 0.8163036370
