0.8764154554 0.7326376335
0.7407536596 0.9502563032
0.9330222728 0.5000574371
0.7552402422 0.9396258223
0.5900616964 0.9948834852
0.8654085627 0.7643801475
0.6029518045 0.9936492357
0.9996670183 0.0033248320
0.6765219203 0.9799174559
0.9945334190 0.0533404690
0.9634678234 0.3107573356
0.9416066330 0.4521078330
0.4119362289 0.9998592981
0.8110104158 0.8768982239
0.9978428848 0.0213629599
0.9781534942 0.1981925139
0.8701770724 0.7510705027
0.9964724795 0.0347204872
0.3980543045 0.9999001327
0.6207375146 0.9915066322
0.6559793666 0.9852462714
0.7100487675 0.9674251984
0.8590425346 0.7811499349
0.3040238160 0.9999932535
0.9485355613 0.4104289151
0.9608610293 0.3291803188
0.9658427241 0.2935781475
0.9733244852 0.2369087264
0.7949501166 0.8992143331
0.3801106868 0.9999370348
0.9586470444 0.3444778421
0.3384790768 0.9999802613
0.9379996415 0.4727376951
0.9859352396 0.1320716069
0.6394604535 0.9885676131
0.9223834181 0.5542258614
0.9179789926 0.5750601820
0.3576138995 0.9999657907
0.9836009213 0.1524032776
0.7213120664 0.9618730580
0.8805997350 0.7195951610
0.8261823910 0.8518303199
0.2299385716 0.9999995868
0.9820774735 0.1654401352
0.8025995523 0.8890852942
0.5771856004 0.9958964958
0.4258675422 0.9998037790
0.9750106927 0.2235852359
0.4869873181 0.9992498009
0.5625689282 0.9968248999
0.8929774729 0.6775925780
0.9282181380 0.5252111563
0.9440467482 0.4377428246
0.7789082262 0.9178016868
0.9764827476 0.2117830925
0.8370512876 0.8311423706
0.9873371772 0.1196509448
0.9059260680 0.6276703977
0.9922463954 0.0748859031
0.5084086645 0.9988462029
0.9257413489 0.5377290286
0.9122547940 0.6008266462
0.8963013563 0.6653887518
0.5199598431 0.9985555649
0.9521423856 0.3876228370
0.9466074203 0.4223044196
0.9017853852 0.6443425368
0.4505224852 0.9996555194
0.9569148856 0.3562264867
0.8843052858 0.7075698079
0.8539515831 0.7937791941
0.4728438769 0.9994413013
0.9899820260 0.0957821070
0.2119594642 0.9999998170
0.2914061628 0.9999955844
0.9673810801 0.2822455521
0.5455011711 0.9976667736
0.7653574591 0.9310327052
0.2424654901 0.9999992977
0.9356169619 0.4859789955
0.9149410364 0.5889155325
0.8894245554 0.6901930517
0.8427403394 0.8193084565
0.9886858349 0.1075522595
0.9551905507 0.3677334953
0.3189277679 0.9999891126
0.9803420669 0.1800707346
0.9094084884 0.6131077449
0.5330660686 0.9981472774
0.9306915013 0.5124069783
0.6880705765 0.9762135370
0.9717598937 0.2490868497
0.9503530406 0.3990342997
0.8172220945 0.8671379352
0.1796130725 0.9999999651
0.6987753391 0.9722427973
0.2550950888 0.9999988331
0.1937763231 0.9999999254
0.8479663853 0.8077854033
0.9699579914 0.2628951733
