4.6246698314 0.5125688150 2.8176869055
4.8106209014 0.5331784419 2.4826003765
1.1817412363 4.6935956748 2.4826003765
5.4230330629 0.4280707000 0.0000000000
4.1062354322 0.0000000000 3.5631490324
5.2943300098 1.2755512767 0.0000000000
4.4632875408 0.6938656559 3.0235206439
2.6430006958 3.8583152241 2.7699520592
3.8420274234 0.0000000000 3.8449343006
3.2228853651 4.3767807659 0.0000000000
5.3920802875 0.1157405899 0.6744699723
5.0226644835 0.1078111080 2.0745266132
5.2812441084 0.1133614998 1.2798080301
3.6130163248 2.7495266378 2.9878702638
4.4151474783 0.0000000000 3.1697616795
4.6329320466 1.3463915464 2.5029021692
5.4301125876 0.0000000000 0.2337594101
4.0525526909 2.5915400928 2.5303079122
4.8102976177 0.0000000000 2.5302914988
1.7873401832 4.4658688825 2.5302699911
2.7373713313 3.9554152097 2.5302667915
0.9537770272 4.3348679477 3.1367716197
4.7458833013 1.4240620709 2.2336644064
4.5939538248 0.2463095699 2.8941066489
4.9391926864 0.2648199074 2.2528115317
3.0246142425 1.7878771242 3.1369786152
1.7348082289 3.0553605122 3.1369775381
2.9894905942 1.8460030104 3.1369767347
0.2447570643 3.5049774010 3.1369756515
0.0000000000 3.5135067222 3.1369701734
1.9082300012 2.9501579799 3.1369758093
2.6973409261 2.2514738884 3.1369769399
3.6159941507 3.0182748989 0.0000000000
0.0000000000 4.7101257421 0.0000000000
0.0000000000 3.0395597630 3.5981045955
0.0000000000 2.5094440294 3.9859782027
3.5986143967 0.0214613597 3.0388911511
3.2433532185 0.0193426587 3.4154905584
2.9287305993 1.3936603950 3.4154967243
0.0000000000 3.2434244088 3.4155047885
2.9793963139 1.2817733781 3.4154956152
0.2638736352 3.2326711051 3.4155031446
4.1582294751 1.7889220768 0.0000000000
0.0000000000 0.0000000000 4.5267062708
0.1425826004 0.0000000000 3.8992517034
0.1209695002 0.0754730279 3.8992517034
0.0987376836 0.1028616478 3.8992373972
7.7207390598 0.0000000000 0.0000000000
