0.5740854696 1.0000000000 0.4000506642 0.5003683296 0.5012186846 0.5008951190 0.4999283427 0.5990072184 0.5002497932 0.5001088223 0.5000967051 0.5003287542
0.2430441556 0.5083502788 0.4000506767 0.5003683296 0.5012186846 0.5008951190 0.4999283427 0.5990072184 0.5002497932 0.5001088223 0.5000220110 0.5003427143
0.5289349296 1.0000000000 0.4000506865 0.5003683296 0.5012186846 0.5008951190 0.4999283427 0.5990072184 0.5002497932 0.5001088223 0.5000260799 0.5003261804
0.2097255139 0.6050525466 0.4000506896 0.5003683296 0.5012186846 0.5002362494 0.4999283427 0.5990072184 0.5002497932 0.5001088223 0.5000012142 0.5003068721
0.5517104012 0.6050525466 0.4000506981 0.5003683296 0.5012186846 0.5008841660 0.4999283427 0.5990072184 0.5002497932 0.5001088223 0.5000002208 0.5002945175
0.2913331343 0.6050525466 0.4000506981 0.5003683296 0.5012186846 0.4997708687 0.4999283427 0.5990072184 0.5002497932 0.5001088223 0.5000002208 0.5002934259
0.4796087090 0.6050525466 0.4000506981 0.5003683296 0.5012186846 0.4999955468 0.4999283427 0.5990072184 0.5002497932 0.5001088223 0.5000002208 0.5002935924
0.0579976819 0.6546417209 0.4000506928 0.5003683296 0.5012186846 0.4999955468 0.4999283427 0.5990072184 0.5002497932 0.5001088223 0.4999936819 0.5002925059
0.4059100877 0.3258279350 0.4000506899 0.5003683296 0.5012186846 0.4999955468 0.4999283427 0.5990072184 0.5002497932 0.5001088223 0.4999936819 0.5002963795
0.2488076914 0.6546417209 0.4000506963 0.5003683296 0.5012186846 0.4999955468 0.4999283427 0.5990072184 0.5002497932 0.5001088223 0.4999936819 0.5002963795
0.7291653413 0.7114254817 0.4000506899 0.5003683296 0.5012186846 0.4999955468 0.4999283427 0.5990072184 0.5002497932 0.5001088223 0.5000310775 0.5002963795
0.0000000000 0.6546417209 0.4000506916 0.5003683296 0.5012186846 0.5000792091 0.4999283427 0.5990072184 0.5002497932 0.5001088223 0.4999941924 0.5002952026
0.0000000000 0.6071246082 0.4000507067 0.5003683296 0.5012186846 0.4999253039 0.4999283427 0.5990072184 0.5002497932 0.5001088223 0.5000002557 0.5002961167
0.4255183399 0.7779480308 0.4000506921 0.5003683296 0.5012186846 0.5000271349 0.4999283427 0.5990072184 0.5002497932 0.5001088223 0.4999946196 0.5002961314
0.6400753348 0.0000000000 0.4000506756 0.5003683296 0.5012186846 0.4999900902 0.4999283427 0.5990072184 0.5002497932 0.5001088223 0.5000007431 0.5002953869
0.3341692228 0.6863456488 0.4000506756 0.5003683296 0.5012186846 0.4999437517 0.4999283427 0.5990072184 0.5002497932 0.5001088223 0.5000003680 0.5002957026
0.3341692228 0.7702837964 0.4000506756 0.5003683296 0.5012186846 0.4999900902 0.4999283427 0.5990072184 0.5002497932 0.5001088223 0.5000007431 0.5002953869
0.3341692228 0.1710702073 0.4000506893 0.5003683296 0.5012186846 0.5000096475 0.4999283427 0.5990072184 0.5002497932 0.5001088223 0.5000007431 0.5002953869
0.0000000000 0.7843709953 0.4000506756 0.5003683296 0.5012186846 0.4999900902 0.4999283427 0.4007558378 0.5002497932 0.5001088223 0.5000007431 0.5002951071
0.3341692228 0.2785447325 0.4000506809 0.5003683296 0.5012186846 0.5000019500 0.4999283427 0.4007558378 0.5002497932 0.5001088223 0.5000007431 0.5002953869
0.3341692228 0.9084389779 0.4000506756 0.5003683296 0.5012186846 0.4999881418 0.4999283427 0.4007558378 0.5002497932 0.5001088223 0.5000007431 0.5002953869
0.3341692228 0.8446100416 0.4000506756 0.5003683296 0.5012186846 0.4999900902 0.4999283427 0.4007558378 0.5002497932 0.5001088223 0.5000007431 0.5002953869
0.5068864849 0.3002818734 0.4000506756 0.5003683296 0.5012186846 0.4999900902 0.4999283427 0.4007558378 0.5002497932 0.5001088223 0.5000007431 0.5002953869
0.8751134313 0.0000000000 0.4000506828 0.5003683296 0.5012186846 0.5000017512 0.4999283427 0.4007558378 0.5002497932 0.5001088223 0.5000012256 0.5002949132
0.9502804774 0.0000000000 0.4000506834 0.5003683296 0.5012186846 0.5000017512 0.4999283427 0.4007558378 0.5002497932 0.5001088223 0.5000006094 0.5002949132
0.0000000000 0.0000000000 0.4000506783 0.5003683296 0.5012186846 0.5000007533 0.4999283427 0.4007558378 0.5002497932 0.5001088223 0.5000012256 0.5002940376
1.0000000000 1.0000000000 0.4000506783 0.5003683296 0.5012186846 0.5000007533 0.4999283427 0.4007558378 0.5002497932 0.5001088223 0.5000004955 0.5002940376
0.2950339521 0.0631490517 0.4000506783 0.5003683296 0.5012186846 0.4999836312 0.4999283427 0.4007558378 0.5002497932 0.5001088223 0.5000014291 0.5002954581
0.2950339521 0.0000000000 0.4000506783 0.5003683296 0.5012186846 0.4999836312 0.4999283427 0.4007558378 0.5002497932 0.5001088223 0.5000004178 0.5002954581
0.2950339521 1.0000000000 0.4000506783 0.5003683296 0.5012186846 0.4999996703 0.4999283427 0.4007558378 0.5002497932 0.5001088223 0.5000004178 0.5002954581
0.3387339953 1.0000000000 0.4000506783 0.5003683296 0.5012186846 0.4999996703 0.4999283427 0.4007558378 0.5002497932 0.5001088223 0.5000014829 0.5002954581
0.3387339953 0.0000000000 0.4000506783 0.5003683296 0.5012186846 0.4999895975 0.4999283427 0.4007558378 0.5002497932 0.5001088223 0.5000008665 0.5002954581
0.6431956500 1.0000000000 0.4000506783 0.5003683296 0.5012186846 0.5000018807 0.4999283427 0.4007558378 0.5002497932 0.5001088223 0.5000022210 0.5002954581
0.2515793681 0.4202837129 0.4000506939 0.5003683296 0.5012186846 0.4999996703 0.4999283427 0.4007558378 0.5002497932 0.5001088223 0.5000011328 0.5002954581
0.3387339953 0.6370871971 0.4000506783 0.5003683296 0.5012186846 0.4999922762 0.4999283427 0.4007558378 0.5002497932 0.5001088223 0.5000016641 0.5002954581
0.4340989876 0.4202837129 0.4000506822 0.5003683296 0.5012186846 0.4999996703 0.4999283427 0.4007558378 0.5002497932 0.5001088223 0.5000014829 0.5002959898
0.0000000000 0.4202837129 0.4000506770 0.5003683296 0.5012186846 0.4999996703 0.4999283427 0.4007558378 0.5002497932 0.5001088223 0.5000014829 0.5002949441
0.3387339953 0.4202837129 0.4000506783 0.5003683296 0.5012186846 0.4999996703 0.4999283427 0.4007558378 0.5002497932 0.5001088223 0.5000014829 0.5002942774
0.5277714560 0.4621103624 0.4000506783 0.5003683296 0.5012186846 0.4999996703 0.4999283427 0.4007558378 0.5002497932 0.5001088223 0.5000014829 0.5002962596
0.1828145679 0.4202837129 0.4000506836 0.5003683296 0.5012186846 0.4999996703 0.4999283427 0.4007558378 0.5002497932 0.5001088223 0.5000014829 0.5002942774
0.5337435901 0.5248693081 0.4000506792 0.5003683296 0.5012186846 0.4999996703 0.4999283427 0.4007558378 0.5002497932 0.5001088223 0.5000014829 0.5002962903
0.3525054007 0.5248693081 0.4000506792 0.5003683296 0.5012186846 0.4999996703 0.4999283427 0.4007558378 0.5002497932 0.5001088223 0.5000014829 0.5002962903
0.5337435901 0.4048851593 0.4000506792 0.5003683296 0.5012186846 0.4999996703 0.4999283427 0.4007558378 0.5002497932 0.5001088223 0.5000014829 0.5002962903
0.0000000000 0.8666357501 0.4000506400 0.5003683296 0.5012186846 0.4999996703 0.4999283427 0.4007558378 0.5002497932 0.5001088223 0.5000012041 0.5002952752
0.0000000000 0.0849310433 0.4000506792 0.5003683296 0.5012186846 0.5000002944 0.4999283427 0.4007558378 0.5002497932 0.5001088223 0.5000001986 0.5002943473
0.4287847645 1.0000000000 0.4000506792 0.5003683296 0.5012186846 0.4999996032 0.4999283427 0.4007558378 0.5002497932 0.5001088223 0.5000001986 0.5002950924
0.4287847645 0.8384039225 0.4000506792 0.5003683296 0.5012186846 0.4999996032 0.4999283427 0.4007558378 0.5002497932 0.5001088223 0.4999999296 0.5002943473
0.4287847645 0.8967499347 0.4000506806 0.5003683296 0.5012186846 0.4999996032 0.4999283427 0.4007558378 0.5002497932 0.5001088223 0.4999998992 0.5002955371
0.4287847645 0.2779095949 0.4000506792 0.5003683296 0.5012186846 0.4999982098 0.4999283427 0.4007558378 0.5002497932 0.5001088223 0.4999999296 0.5002943473
0.4287847645 0.0000000000 0.4000506792 0.5003683296 0.5012186846 0.4999996032 0.4999283427 0.4007558378 0.5002497932 0.5001088223 0.4999999296 0.5002943473
0.4287847645 0.6747648273 0.4000506792 0.5003683296 0.5012186846 0.4999996032 0.4999283427 0.4007558378 0.5002497932 0.5001088223 0.4999999296 0.5002947275
0.4287847645 0.3627729691 0.4000506792 0.5003683296 0.5012186846 0.4999996032 0.4999283427 0.4007558378 0.5002497932 0.5001088223 0.5000000767 0.5002943219
0.0251102385 0.3627729691 0.4000506846 0.5003683296 0.5012186846 0.5000005783 0.4999283427 0.4007558378 0.5002497932 0.5001088223 0.4999995089 0.5002943219
0.2076815413 0.3627729691 0.4000506755 0.5003683296 0.5012186846 0.4999987496 0.4999283427 0.4007558378 0.5002497932 0.5001088223 0.5000000767 0.5002948776
0.0000000000 0.4572140293 0.4000506961 0.5003683296 0.5012186846 0.4999998497 0.4999283427 0.4007558378 0.5002497932 0.5001088223 0.5000004049 0.5002947712
0.6119047694 0.0786865064 0.4000506961 0.5003683296 0.5012186846 0.4999990745 0.4999283427 0.4007558378 0.5002497932 0.5001088223 0.5000004357 0.5002943438
0.7752876650 0.0000000000 0.4000506961 0.5003683296 0.5012186846 0.4999998497 0.4999283427 0.4007558378 0.5002497932 0.5001088223 0.5000000985 0.5002943219
0.6880351469 0.2730452207 0.4000507074 0.5003683296 0.5012186846 0.4999998497 0.4999283427 0.4007558378 0.5002497932 0.5001088223 0.5000006201 0.5002943219
0.6880351469 0.8321380636 0.4000506738 0.5003683296 0.5012186846 0.4999998497 0.4999283427 0.4007558378 0.5002497932 0.5001088223 0.5000006201 0.5002943219
0.3755084338 0.7118253919 0.4000506961 0.5003683296 0.5012186846 0.4999998497 0.4999283427 0.4007558378 0.5002497932 0.5001088223 0.5000006201 0.5002943219
0.6880351469 0.9193817857 0.4000506961 0.5003683296 0.5012186846 0.4999999806 0.4999283427 0.4007558378 0.5002497932 0.5001088223 0.5000006201 0.5002943219
0.7869580273 1.0000000000 0.4000506961 0.5003683296 0.5012186846 0.4999998497 0.4999283427 0.4007558378 0.5002497932 0.5001088223 0.5000006201 0.5002942830
0.0471012702 0.7118253919 0.4000506905 0.5003683296 0.5012186846 0.4999991739 0.4999283427 0.4007558378 0.5002497932 0.5001088223 0.5000007235 0.5002942830
0.7869580273 0.7118253919 0.4000506961 0.5003683296 0.5012186846 0.4999998497 0.4999283427 0.4007558378 0.5002497932 0.5001088223 0.4999999514 0.5002942830
0.5285347065 0.7118253919 0.4000506921 0.5003683296 0.5012186846 0.5000007546 0.4999283427 0.4007558378 0.5002497932 0.5001088223 0.5000004200 0.5002944061
0.0000000000 0.7118253919 0.4000506961 0.5003683296 0.5012186846 0.4999998497 0.4999283427 0.4007558378 0.5002497932 0.5001088223 0.4999999514 0.5002942830
0.0000000000 0.9660791370 0.4000506961 0.5003683296 0.5012186846 0.4999998497 0.4999283427 0.4007558378 0.5002497932 0.5001088223 0.4999999514 0.5002942830
0.5421344741 0.8698175410 0.4000506961 0.5003683296 0.5012186846 0.4999996933 0.4999283427 0.4007558378 0.5002497932 0.5001088223 0.4999999514 0.5002942830
0.0000000000 0.2055683248 0.4000506961 0.5003683296 0.5012186846 0.4999998497 0.4999283427 0.4007558378 0.5002497932 0.5001088223 0.4999999514 0.5002941823
0.2140918006 0.6458572167 0.4000506961 0.5003683296 0.5012186846 0.4999998497 0.4999283427 0.4007558378 0.5002497932 0.5001088223 0.4999999514 0.5002941206
0.4315589454 0.1561536221 0.4000506961 0.5003683296 0.5012186846 0.4999998497 0.4999283427 0.4007558378 0.5002497932 0.5001088223 0.5000004112 0.5002939873
0.4829817269 0.0770152315 0.4000506961 0.5003683296 0.5012186846 0.4999998497 0.4999283427 0.4007558378 0.5002497932 0.5001088223 0.5000004112 0.5002941840
0.4315589454 0.0684210039 0.4000506961 0.5003683296 0.5012186846 0.4999996762 0.4999283427 0.4007558378 0.5002497932 0.5001088223 0.5000005343 0.5002941840
0.7018325732 0.6456403668 0.4000507018 0.5003683296 0.5012186846 0.4999996762 0.4999283427 0.4007558378 0.5002497932 0.5001088223 0.5000003233 0.5002939980
0.5035850908 0.9545979220 0.4000507073 0.5003683296 0.5012186846 0.5000001270 0.4999283427 0.4007558378 0.5002497932 0.5001088223 0.5000003396 0.5002947278
0.7018325732 0.1304813076 0.4000506871 0.5003683296 0.5012186846 0.5000002021 0.4999283427 0.4007558378 0.5002497932 0.5001088223 0.5000003985 0.5002947278
0.7018325732 1.0000000000 0.4000507006 0.5003683296 0.5012186846 0.4999995347 0.4999283427 0.4007558378 0.5002497932 0.5001088223 0.5000002948 0.5002943960
0.1342150909 0.7445124315 0.4000507006 0.5003683296 0.5012186846 0.5000001248 0.4999283427 0.4007558378 0.5002497932 0.5001088223 0.5000002458 0.5002942806
0.4837168600 0.0000000000 0.4000507006 0.5003683296 0.5012186846 0.5000001248 0.4999283427 0.4007558378 0.5002497932 0.5001088223 0.5000001071 0.5002942806
0.8171998218 0.4160607370 0.4000506899 0.5003683296 0.5012186846 0.4999996171 0.4999283427 0.4007558378 0.5002497932 0.5001088223 0.5000003534 0.5002949668
0.4140059654 0.5582926931 0.4000506899 0.5003683296 0.5012186846 0.4999996171 0.4999283427 0.4010962697 0.5002497932 0.5001088223 0.5000001734 0.5002949668
0.8666016777 0.7941159793 0.4000506899 0.5003683296 0.5012186846 0.4999997651 0.4999283427 0.4007558378 0.5002497932 0.5001088223 0.5000001734 0.5002940045
0.6078608723 0.7297881700 0.4000506990 0.5003683296 0.5012186846 0.4999998937 0.4999283427 0.4007558378 0.5002497932 0.5001088223 0.5000001734 0.5002941894
0.3006497469 0.7297881700 0.4000507307 0.5003683296 0.5012186846 0.4999998937 0.4999283427 0.4007558378 0.5002497932 0.5001088223 0.5000000763 0.5002941894
0.0000000000 0.4980966234 0.4000507060 0.5003683296 0.5012186846 0.4999998937 0.4999283427 0.4007558378 0.5002497932 0.5001088223 0.4999999368 0.5002941894
0.0000000000 0.8244001315 0.4000506981 0.5003683296 0.5012186846 0.4999997877 0.4999283427 0.4007558378 0.5002497932 0.5001088223 0.4999999368 0.5002941894
0.2482130649 0.8592937160 0.4000506981 0.5003683296 0.5012186846 0.4999999953 0.4999283427 0.4007558378 0.5002497932 0.5001088223 0.5000001697 0.5002940853
0.7069657131 0.0283960766 0.4000506974 0.5003683296 0.5012186846 0.4999998595 0.4999283427 0.4007558378 0.5002497932 0.5001088223 0.4999997810 0.5002941894
0.5609917728 0.0396090913 0.4000506945 0.5003683296 0.5012186846 0.5000000449 0.4999283427 0.4007558378 0.5002497932 0.5001088223 0.4999997810 0.5002941894
0.1887826820 0.2959428722 0.4000506945 0.5003683296 0.5012186846 0.5000001935 0.4999283427 0.4007558378 0.5002497932 0.5001088223 0.4999997810 0.5002947095
0.1614903166 0.0000000000 0.4000506945 0.5003683296 0.5012186846 0.5000000449 0.4999283427 0.4007558378 0.5002497932 0.5001088223 0.5000001292 0.5002941894
0.1614903166 1.0000000000 0.4000506945 0.5003683296 0.5012186846 0.5000000449 0.4999283427 0.4007558378 0.5002497932 0.5001088223 0.5000001292 0.5002941894
0.1614903166 0.5365791731 0.4000507002 0.5003683296 0.5012186846 0.4999999532 0.4999283427 0.4007558378 0.5002497932 0.5001088223 0.5000002727 0.5002941894
0.1614903166 0.4918982853 0.4000506762 0.5003683296 0.5012186846 0.4999997272 0.4999283427 0.4007558378 0.5002497932 0.5001088223 0.5000000316 0.5002941894
0.9441566722 0.6984773738 0.4000507120 0.5003683296 0.5012186846 0.5000000449 0.4999283427 0.4007558378 0.5002497932 0.5001088223 0.4999999126 0.5002941313
0.1282282770 0.8230175716 0.4000507176 0.5003683296 0.5012186846 0.5000000449 0.4999283427 0.4007558378 0.5002497932 0.5001088223 0.5000000343 0.5002942715
0.0313785176 1.0000000000 0.4000506641 0.5000034320 0.5025568263 0.4999999770 0.4999283427 0.5981083781 0.5002497932 0.5001088223 0.5000000044 0.5002938414
0.0614623908 1.0000000000 0.4000506613 0.4999993540 0.5025568263 0.4999999751 0.4999283427 0.5981083781 0.5002497932 0.5001088223 0.4999999862 0.5002937108
0.1091443112 1.0000000000 0.4000506694 0.5000005375 0.5025568263 0.4999999794 0.5000649785 0.5014559076 0.5002497932 0.5001088223 0.4999999831 0.5002936914
0.0000000000 1.0000000000 0.4000506626 0.4999999553 0.5025568263 0.5000000689 0.4999961080 0.5981083781 0.5002497932 0.5001088223 0.4999999681 0.5002935054
