0.1000000000 79.6174954160 -45.6499855444
86.9613311821 79.6174954160 -96.0683450947
62.2006260663 92.1919567206 -82.4473895935
48.9477147769 50.8248499322 -50.5106835490
72.9122184191 15.7232612543 -48.0329579009
63.6025005833 60.9263818608 -72.3934654897
63.6025005833 53.5652597606 -67.2451769396
63.6025005833 78.9420325647 -82.9950746565
78.2400526500 34.2776870977 -64.5660320180
97.6039385719 34.2776870977 -76.7060172518
72.3906131880 94.3052883737 -92.7515101533
18.3179503906 79.6739341351 -55.3068215089
90.9316652842 86.2701332945 -99.3726097629
57.5889860426 98.3159414619 -86.9742123799
82.9656323922 48.3802002239 -71.6381985411
82.9692869496 94.3090700412 -103.0729949983
23.5205681233 74.2836271344 -50.1313266489
99.0252227814 44.9131118991 -77.9724967108
8.4150557405 81.6047041260 -49.2116397686
15.6747950202 67.6474303666 -46.7742137195
94.3287200889 91.5978147025 -105.5327597798
15.3754451819 91.5961848122 -54.2310544314
0.1051445936 91.5875361614 -52.6190292182
55.0148021969 79.6308021187 -75.5463259084
41.6012198061 70.9306041781 -65.0869255543
41.6033187310 81.5630479135 -69.0253120800
41.6310373764 99.0422249707 -75.4564774001
32.3355317036 83.5949972949 -65.5486453873
75.6203910049 62.2466216888 -79.4653451053
54.9577131828 62.2435670620 -67.1682722592
54.9582897969 73.5241165406 -68.4514724075
94.9400946662 50.3170926363 -83.4891298476
80.9661351779 23.6973269360 -57.0744934590
26.9089932346 95.5605017181 -68.8065145268
32.2152463952 53.0142861579 -43.9118639569
57.5931084623 48.3290026750 -59.0778692391
98.2874164712 62.1854400420 -87.7443269652
33.6320035279 62.1849603323 -49.5818142167
0.1011757573 99.6351934793 -56.2833314409
51.5795311442 54.2885001210 -60.7911730736
40.9962868225 55.6259417804 -53.4586032191
0.1003133593 71.6027689347 -41.2258510220
15.6046528639 57.5540242306 -40.4543644784
75.6575508851 42.8215791124 -59.2832963340
55.6318413032 38.9558925469 -53.7726346543
82.3263727282 81.0224948625 -83.7180781594
0.1002366018 55.6320685180 -31.0662894233
25.5662117998 45.6793537337 -36.9965025494
16.3728800762 46.9555800407 -33.7761361312
25.6027661073 78.2495606831 -59.9189166073
8.5667560034 57.6191051704 -32.8246279390
8.5667777702 46.9401773432 -26.7606283802
7.6403735017 68.2920201218 -43.0047296447
34.1706650572 40.8473234190 -35.5932264551
88.2590160832 24.9206662721 -65.6109041177
42.3474400788 21.5818893391 -33.1139813769
98.3460788814 21.5818420908 -61.8848969921
0.1000562474 45.5225308026 -22.4048005127
63.6484655465 36.1386829565 -49.0492484827
0.1000445362 36.2815377168 -20.2667350572
36.3294624093 65.6126482141 -57.1415800594
0.1000161638 61.1367380632 -10.9111036606
0.1000294833 24.9525360105 -13.5598336470
58.2684391987 28.7974900603 -44.2572685419
0.1000193674 54.4007646245 -19.8851311193
42.8739175156 49.7113174086 -44.2900593430
42.8739241469 35.6092731608 -43.2685153792
64.2967434761 21.6312153113 -48.6086785622
85.6132002051 37.5101544430 -67.6803099658
73.6501683668 25.5230425033 -53.1879027376
9.5186870211 30.3294899692 -20.1223787245
35.0024043769 30.3294914781 -33.8478308558
21.5799839874 36.2257046843 -32.1277792409
21.5799855336 26.9143463165 -27.2867334555
23.6409215185 15.0266190543 -19.6142139269
91.5582944807 2.9372735201 -52.6370284977
95.6789282758 0.1000000005 -47.9990274684
98.2956725584 0.1000000002 -55.9242141800
80.8989267093 3.7247749556 -46.9640323714
62.9063357492 0.1000000001 -35.5005328800
75.5781778327 0.2910940748 -43.2242034193
60.2140844407 6.8933857077 -36.2437747910
97.6443505858 6.5558241379 -54.2990552664
81.6853430421 0.1000000001 -39.8069300316
60.1782003911 0.1000000001 -28.6680841236
41.6234360403 4.9456857282 -26.0811795403
55.6454917400 4.0569219896 -31.0312517182
68.2295066216 1.3914228348 -38.2551870359
20.2927934099 4.8707091157 -13.3269113990
35.5811811454 2.8900601682 -21.3736614667
42.8830796766 0.1000000000 -22.8797249176
26.3385336568 0.1000000000 -12.7876531728
35.4611963835 2.9035303224 -13.7779428398
17.5075867450 2.8302020116 -8.7131350697
10.3196438526 5.5555883561 -7.7513112396
13.6717140525 0.3304134295 -6.2593747493
0.1000000000 0.1000000000 1.0000000003
8.2418198212 1.6951833543 -4.5085266210
0.1000000000 6.2512536980 -2.6142210457
4.8532850650 0.1000000000 -1.4267044799
