42.1743676028 63.5544309683 -54.3699783774
96.3296949116 83.7601271708 -98.6796945538
96.4438203615 21.2252923438 -62.9604433538
89.1000850654 81.1914496799 -91.4398614455
35.0271909555 51.7081752943 -47.8451294165
83.7412564866 58.9430850778 -74.2026825093
63.0313201693 80.3158596017 -81.7498997755
60.9775031232 47.6543446526 -57.7950252619
86.9324121187 39.6529164979 -72.4321270526
68.2222086536 92.2154329202 -88.0460194489
96.2794897868 62.2598057028 -92.2934884667
96.2817429314 31.4770274091 -68.2718989220
96.2787190680 35.5679491336 -76.0920455400
96.2789393540 90.2621837146 -108.8610554496
78.2967594711 75.5795622407 -88.4492615016
86.1874015172 90.9285419331 -96.5455933542
34.2232015158 90.9285659993 -71.8922437443
23.5815493770 81.6237764161 -60.3185600286
21.6737341665 22.2655083099 -23.3612603954
45.5429095643 88.9111054166 -75.8195498154
23.6046751428 30.9643456857 -30.7213907665
18.8570466079 42.2157609923 -32.1777787533
18.8705133476 98.2883082081 -66.5396291025
77.5607424632 68.3300790366 -80.0144490582
25.5420181550 49.5360783615 -39.5621548016
60.2939931690 37.5982050118 -56.1163808055
59.6038404970 81.5083068175 -73.7861905449
24.1564967575 64.1964439826 -43.5720604385
6.1209314509 98.2165873472 -55.9107317471
64.9587626580 60.2765818136 -72.2298811329
61.7064755107 88.9010570310 -78.2196730421
32.2792037538 24.3723985557 -29.0041647330
73.6221014688 54.2579176682 -73.8929535732
48.9302640488 76.9135207451 -72.8133848313
16.1129510518 97.0227679879 -51.9740172054
13.7863770076 77.5792684750 -47.6246521198
34.8849661860 77.5792677311 -63.8263490486
14.7499081018 68.9577856423 -42.7805853568
83.6254201957 68.2542878300 -87.7511560746
0.1000012746 68.2542864947 -39.1197214645
27.5453142564 68.2542862290 -54.2778310366
43.6040781577 87.5014159366 -65.9490739400
0.1000008293 84.3462437464 -42.0860288470
78.2305257036 84.3462439457 -86.9095347755
65.5274103425 9.4460895241 -36.3886662168
92.9195893584 9.4460894358 -56.6872014739
92.9195892917 72.9711980826 -95.2828346672
82.2430115948 12.0685422332 -49.4208387918
82.2430107598 27.5266107974 -61.2573217144
99.6262588239 75.5717531637 -100.6851286365
45.5152095788 54.3232497318 -51.5700631438
92.2272037146 54.3232500474 -81.3606792885
15.4988660386 54.3232499227 -35.9858202184
56.9138956927 16.9253422377 -42.2015412784
56.9138957136 66.8754181495 -68.8539366576
64.3223602436 58.3837502732 -59.3482422635
41.5474279751 26.8259581261 -34.0873888156
86.9166199730 0.1000002307 -49.9624355194
60.8497308064 0.1000000835 -29.5958019924
52.2788054572 41.5009328471 -49.2203894148
97.6397626184 0.1000001155 -54.6144618141
23.0337228129 73.6851940093 -46.5615790998
78.3450951122 98.1867249814 -89.2826066199
41.6103833413 98.1867250535 -73.5565584736
0.1000001646 98.1867250403 -49.0963167277
0.1000001772 57.6431605083 -31.6022249109
73.5024597917 0.1000000381 -33.8235686219
11.5331636771 39.6677156416 -26.1764514746
46.2636116945 6.7474179724 -27.8707662413
67.6169512255 23.3817434112 -42.2890906881
0.1000001120 33.0373147318 -14.1459704171
76.2685993253 15.5869580461 -53.0998531411
76.2685992860 0.1000000305 -43.9866970954
76.2685992980 22.8858833995 -56.7838305656
76.2685992953 35.4837363428 -59.2162806778
34.8483577872 12.9353150024 -23.9865685938
50.2386805767 25.6049365064 -43.1600726010
5.1392742396 36.9934011575 -20.0417515036
10.1799695927 48.1944658460 -29.2585068639
43.6774489287 0.1000000346 -21.4607876534
43.6774490140 46.9059811416 -48.6508454525
64.1428598514 35.6082295597 -46.2902835291
32.2390608986 35.6082295775 -38.6061726621
0.1000000193 44.2300721436 -24.2987538736
42.3381441296 18.9785146834 -31.8767185230
11.5613254536 26.2201686626 -20.2468698211
28.1585843664 13.6658853552 -18.8981731870
24.9814494264 0.1000000437 -12.9539773458
14.9232525666 6.3469407012 -10.9224635110
17.5308046986 14.3695282710 -14.8379186030
5.2126709741 18.3153670202 -9.3938009562
30.9618042727 5.7305029233 -19.1216814284
37.4637463703 4.1765150642 -15.1534621409
0.1000000100 13.6435931641 -6.6669068222
20.7946964776 0.1000000207 -6.7077401098
8.2663033343 6.2462356342 -7.4204099851
2.3880841585 7.6161918596 -4.3690606805
2.3628281071 0.1000000016 -0.0804013081
4.2614344933 4.2415561527 -3.8687313714
0.1000000016 4.2539373770 -1.4447838569
