0.3606423259 0.9827107898 0.3999097756 0.4010046756 0.5005304240 0.4977822016 0.5020929515 0.5004795441 0.5017027965 0.4999879463 0.4000525380 0.4979924418
0.3009512765 0.7700132714 0.3999097756 0.4010046756 0.5007380950 0.4977822016 0.5020929515 0.5004795441 0.5017027965 0.4999879463 0.4000525272 0.4979924418
0.6421810824 0.0066503539 0.3999097756 0.4010046756 0.5008255039 0.4977822016 0.5020929515 0.5004795441 0.5017027965 0.4999879463 0.4000525245 0.4979924418
0.6741758781 0.1929962121 0.3999097756 0.4010046756 0.5008143781 0.4977822016 0.4969714922 0.5004795441 0.5017027965 0.4999879463 0.4000525407 0.4979924418
0.3961033641 1.0000000000 0.3999097756 0.4010046756 0.5008136588 0.4977822016 0.6011701737 0.5004795441 0.5017027965 0.4999879463 0.4000525275 0.4979924418
0.8691803352 0.9212531315 0.3999097756 0.4010046756 0.5008118488 0.4977822016 0.4989012082 0.5004795441 0.5017027965 0.4999879463 0.4000525333 0.4979924418
0.3182102896 0.5526285873 0.3999097756 0.4010046756 0.5008118692 0.4977822016 0.4989012082 0.5004795441 0.5017027965 0.4999879463 0.4000525246 0.4979924418
0.2727825746 0.5526285873 0.3999097756 0.4010046756 0.5008118553 0.4977822016 0.4989012082 0.5004795441 0.5017027965 0.4999879463 0.4000525246 0.4979924418
0.2727825746 0.4822756028 0.3999097756 0.4010046756 0.5008107347 0.4977822016 0.4989012082 0.5004795441 0.5017027965 0.4999879463 0.4000525246 0.4979924418
0.5201840754 0.4822756028 0.3999097756 0.4010046756 0.5008124635 0.4984372161 0.4989012082 0.5004795441 0.5017027965 0.4999879463 0.4000525514 0.4979924418
0.8449914947 0.4822756028 0.3999097756 0.4010046756 0.5008111529 0.4999630670 0.4989012082 0.5004795441 0.5017027965 0.4999879463 0.4000525514 0.4979924418
0.8449914947 1.0000000000 0.3999097756 0.4010046756 0.5008121125 0.4999630670 0.4989012082 0.5004795441 0.5017027965 0.4999879463 0.4000525514 0.4979924418
0.8449914947 0.6094496266 0.3999097756 0.4010046756 0.5008121125 0.4999630670 0.4989012082 0.5004795441 0.5017027965 0.4999879463 0.4000525514 0.4979924418
0.8449914947 0.3134788859 0.3999097756 0.4010046756 0.5008121125 0.4999630670 0.4989012082 0.5004795441 0.5017027965 0.4999879463 0.4000525514 0.4979924418
0.6584916182 0.3134788859 0.3999097756 0.4010046756 0.5008121125 0.5007960304 0.4989012082 0.5004795441 0.5017027965 0.4999879463 0.4000525514 0.4979924418
0.6584916182 1.0000000000 0.3999097756 0.4010046756 0.5008111929 0.5007960304 0.4989012082 0.5004795441 0.5017027965 0.4999879463 0.4000525110 0.4979924418
0.6584916182 0.4099713759 0.3999097756 0.4010046756 0.5008111929 0.5007960304 0.4989012082 0.5004795441 0.5017027965 0.4999879463 0.4000525110 0.4979924418
0.7068299258 0.4099713759 0.3999097756 0.4010046756 0.5008120841 0.5007960304 0.4989012082 0.5004795441 0.5017027965 0.4999879463 0.4000525110 0.4979924418
0.6584916182 0.5956133722 0.3999097756 0.4010046756 0.5008111929 0.5007960304 0.4989012082 0.5004795441 0.5017027965 0.4999879463 0.4000525110 0.4979924418
0.5219491996 0.5506161957 0.3999097756 0.4010046756 0.5008111929 0.5007960304 0.4989012082 0.5004795441 0.5017027965 0.4999879463 0.4000525462 0.4979924418
0.5219491996 1.0000000000 0.3999097756 0.4010046756 0.5008116213 0.5007960304 0.4989012082 0.5004795441 0.5017027965 0.4999879463 0.4000525282 0.4979924418
0.9386447371 1.0000000000 0.3999097756 0.4010046756 0.5008116213 0.5007960304 0.4989012082 0.5004795441 0.5017027965 0.4999879463 0.4000525282 0.4979924418
0.9386447371 0.8063638347 0.3999097756 0.4010046756 0.5008114321 0.5007960304 0.4989012082 0.5004795441 0.5017027965 0.4999879463 0.4000525420 0.4979924418
0.6221265483 1.0000000000 0.3999097756 0.4010046756 0.5008122035 0.5007960304 0.4989012082 0.5004795441 0.5017027965 0.4999879463 0.4000525282 0.4979924418
0.9452053452 1.0000000000 0.3999097756 0.4010046756 0.5008113637 0.5007960304 0.4986145018 0.5004795441 0.5017027965 0.4999879463 0.4000525230 0.4979924418
1.0000000000 1.0000000000 0.3999097756 0.4010046756 0.5008116948 0.5006376874 0.4989012082 0.5004795441 0.5017027965 0.4999879463 0.4000525282 0.4979924418
1.0000000000 0.3607251104 0.3999097756 0.4010046756 0.5008116948 0.4991725663 0.4989012082 0.5004795441 0.5017027965 0.4999879463 0.4000525505 0.4979924418
0.4782830510 0.3607251104 0.3999097756 0.4010046756 0.5008115746 0.4991725663 0.4989012082 0.5004795441 0.5017027965 0.4999879463 0.4000525505 0.4979924418
1.0000000000 0.5607495112 0.3999097756 0.4010046756 0.5008116948 0.4991725663 0.4989012082 0.5004795441 0.5017027965 0.4999879463 0.4000525505 0.4979924418
0.4621935388 0.0000000000 0.3999097756 0.4010046756 0.5008116948 0.5005577596 0.4989012082 0.5004795441 0.5017027965 0.4999879463 0.4000525505 0.4979924418
0.4621935388 0.6402489665 0.3999097756 0.4010046756 0.5008113828 0.4992068786 0.4989012082 0.5004795441 0.5017027965 0.4999879463 0.4000525505 0.4979924418
1.0000000000 0.6402489665 0.3999097756 0.4010046756 0.5008113828 0.5013972675 0.4989012082 0.5004795441 0.5017027965 0.4999879463 0.4000525505 0.4979924418
1.0000000000 0.0000000000 0.3999097756 0.4010046756 0.5008121198 0.5000554525 0.4989012082 0.5004795441 0.5017027965 0.4999879463 0.4000525505 0.4979924418
0.0705729613 0.2117394479 0.3999097756 0.4010046756 0.5008121198 0.4995846467 0.4989012082 0.5004795441 0.5017027965 0.4999879463 0.4000525874 0.4979924418
0.3868509465 0.5964705896 0.3999097756 0.4010046756 0.5008121198 0.4988997222 0.4989012082 0.5004795441 0.5017027965 0.4999879463 0.4000525627 0.4979924418
1.0000000000 0.5964705896 0.3999097756 0.4010046756 0.5008121198 0.4995846467 0.4989012082 0.5004795441 0.5017027965 0.4999879463 0.4000525558 0.4979924418
0.0705729613 0.5964705896 0.3999097756 0.4010046756 0.5008118225 0.4995846467 0.4989012082 0.5004795441 0.5017027965 0.4999879463 0.4000525384 0.4979924418
0.7345731972 0.5964705896 0.3999097756 0.4010046756 0.5008118225 0.4995846467 0.4989012082 0.5004795441 0.5017027965 0.4999879463 0.4000525501 0.4979924418
0.8561193681 0.5964705896 0.3999097756 0.4010046756 0.5008118225 0.4995846467 0.5002198339 0.5004795441 0.5017027965 0.4999879463 0.4000525510 0.4979924418
0.2895685862 0.0000000000 0.3999097756 0.4010046756 0.5008118225 0.4995846467 0.5002198339 0.5004795441 0.5017027965 0.4999879463 0.4000525510 0.4979924418
0.4965329799 0.0000000000 0.3999097756 0.4010046756 0.5008118528 0.4995846467 0.5002198339 0.5004795441 0.5017027965 0.4999879463 0.4000525510 0.4979924418
0.1097716886 0.0000000000 0.3999097756 0.4010046756 0.5008118528 0.4995846467 0.5002198339 0.5004795441 0.5017027965 0.4999879463 0.4000525380 0.4979924418
0.8473262324 0.0000000000 0.3999097756 0.4010046756 0.5008118528 0.4996248080 0.5002198339 0.5004795441 0.5017027965 0.4999879463 0.4000525380 0.4979924418
0.4263436683 0.7030033929 0.3999097756 0.4010046756 0.5008116268 0.5000810988 0.5002198339 0.5004795441 0.5017027965 0.4999879463 0.4000525380 0.4979924418
0.0000000000 0.7030033929 0.3999097756 0.4010046756 0.5008116268 0.5000810988 0.5002198339 0.5004795441 0.5017027965 0.4999879463 0.4000525380 0.4979924418
0.5534250075 0.7030033929 0.3999097756 0.4010046756 0.5008118879 0.5000810988 0.5002198339 0.5004795441 0.5017027965 0.4999879463 0.4000525337 0.4979924418
