1.0000000000 0.0000000000 0.4434003752 0.5433170743 0.5047212274 0.4230323412 0.4616650352 0.4840820191 0.5294299171 0.5083454751 0.4851627175 0.4933906654
0.1907224437 0.8781247691 0.4434003752 0.4978745603 0.5047212274 0.6042028063 0.4777475388 0.4840820191 0.3738675675 0.4337237914 0.4851627175 0.4686386076
0.8949093479 0.9579337916 0.5052379157 0.4916783424 0.5165189908 0.4736208585 0.6156840184 0.4886877102 0.4853121019 0.4989449247 0.4409284310 0.5078238726
0.7781020967 0.6087277995 0.4936051659 0.5329690456 0.6476245102 0.4827675191 0.5113188962 0.4608788790 0.5088594516 0.5311570601 0.4000081566 0.5094616637
0.1925364403 0.3435311126 0.4936051659 0.5329690456 0.4238780123 0.4827675191 0.5113188962 0.4608788790 0.5088594516 0.5311570601 0.4000081566 0.4899095298
0.0000000000 0.7876558147 0.5101393947 0.5081144684 0.4725806580 0.4337982293 0.4016368273 0.4667019777 0.4480707177 0.5953810793 0.5931372928 0.4001241636
0.1461578956 0.7445330198 0.5911773921 0.4890458100 0.5250102149 0.6242300338 0.5438179627 0.5713528359 0.4267041246 0.5587213675 0.6567386815 0.4827024229
0.7979111794 1.0000000000 0.5234678479 0.4285969253 0.5163275774 0.4976812233 0.5402232665 0.4320476417 0.5000365907 0.5044668299 0.5169931355 0.4497730904
0.1258376267 0.5693060576 0.5234678479 0.4285969253 0.5163275774 0.4976812233 0.5402232665 0.3619652592 0.5000365907 0.5044668299 0.4428126046 0.5186839466
0.2581051096 0.0000000000 0.5234678479 0.5914353077 0.4822557318 0.4668220175 0.5402232665 0.3619652592 0.4702737933 0.5044668299 0.4726669187 0.5186839466
0.2056870007 0.2626992794 0.5234678479 0.5783131462 0.5648842494 0.6367782018 0.5402232665 0.4484820415 0.5044278548 0.4929048662 0.2981208009 0.4915697850
0.0000000000 0.5856251177 0.5234678479 0.5783131462 0.5648842494 0.5308195732 0.5402232665 0.4484820415 0.5050822958 0.4929048662 0.3763889181 0.5483162413
0.2385317364 0.6235977985 0.5044815253 0.4525212375 0.6114013227 0.4807066188 0.4529969118 0.5366361054 0.4070246295 0.4478441380 0.4926830157 0.5843877598
0.2492639838 0.1750115214 0.5732519820 0.5502109941 0.3994078375 0.6558551680 0.5281837335 0.5470638371 0.4049459003 0.4136435348 0.4299159493 0.5043150819
0.2828727716 0.5508603025 0.5304791688 0.4946392144 0.4802706206 0.5482678294 0.5091221425 0.6537365296 0.4049459003 0.3697092352 0.5613801057 0.5490254635
0.6401547988 0.0000000000 0.5488425777 0.4946392144 0.5153050915 0.4902024670 0.4213804210 0.5305204132 0.5069956720 0.5666583173 0.5230730531 0.5490254635
0.0000000000 0.2756617137 0.4959133758 0.4946392144 0.5875200518 0.4902024670 0.4296934807 0.5305204132 0.5533947778 0.5304524126 0.4322030820 0.5285121844
0.7965805449 0.0000000000 0.5904093419 0.5716340056 0.5102043499 0.5873504174 0.5252724258 0.4951067006 0.5533947778 0.5484685083 0.5213142587 0.4753591612
0.1882192694 0.0000000000 0.4689458454 0.5716340056 0.5102043499 0.5873504174 0.5577495699 0.4951067006 0.5533947778 0.5484685083 0.5213142587 0.4753591612
0.2958129088 0.8732714941 0.4172011269 0.5372687194 0.4053462827 0.5491755008 0.3509695312 0.4716145813 0.4416848593 0.5397126595 0.4830062793 0.5035168919
0.7245087162 0.0000000000 0.5038415042 0.5372687194 0.4053462827 0.5491755008 0.5567003945 0.4716145813 0.4416848593 0.5397126595 0.4830062793 0.5035168919
0.2181959104 0.1174256849 0.5038415042 0.4224612300 0.5111633157 0.5003646763 0.3636924814 0.4716145813 0.4284666345 0.5397126595 0.4494007699 0.5365284718
0.6934764309 0.1062735169 0.5038415042 0.5905076640 0.5111633157 0.5674350312 0.6333454685 0.4716145813 0.4284666345 0.5758381499 0.4494007699 0.5365284718
0.8564489451 0.2247626754 0.5907387954 0.5254183505 0.4839582712 0.5038802212 0.5596747891 0.4581995725 0.4986909051 0.4990941203 0.4741945253 0.5604991905
0.3282082061 0.3081677798 0.5033238344 0.4693248943 0.4839582712 0.5058509027 0.5101154349 0.5673604522 0.4986909051 0.6593665867 0.4977798745 0.5604991905
0.1318818069 1.0000000000 0.5033238344 0.5518686415 0.4839582712 0.4632958989 0.5101154349 0.5241905977 0.4986909051 0.6223954992 0.4977798745 0.5170481543
0.1488602154 0.4741901531 0.5033238344 0.5100770972 0.4839582712 0.4086719205 0.5101154349 0.5241905977 0.5196473187 0.3861170960 0.4977798745 0.5170481543
0.1488602154 0.1865694189 0.4151931609 0.3171497189 0.4839582712 0.4086719205 0.5101154349 0.5241905977 0.5196473187 0.3861170960 0.4977798745 0.5170481543
0.1488602154 0.2758197246 0.5033238344 0.5100770972 0.4839582712 0.4086719205 0.5101154349 0.5241905977 0.5196473187 0.3861170960 0.4977798745 0.5170481543
0.6319234181 1.0000000000 0.4761418278 0.5205551370 0.4656798010 0.5078918443 0.4947478716 0.5212814657 0.4138235437 0.5748660783 0.4351545703 0.5141984322
0.1348227942 0.0377916782 0.4761418278 0.4761736031 0.4656798010 0.5078918443 0.5708111690 0.4421423288 0.4138235437 0.5748660783 0.4351545703 0.5141984322
0.1772679266 0.6896254908 0.6159659978 0.5205551370 0.4656798010 0.3488082625 0.5708111690 0.5212814657 0.4094928959 0.4675148976 0.4351545703 0.5141984322
0.2717624747 0.0813708112 0.5416662350 0.5205551370 0.4656798010 0.5114638952 0.5204075398 0.5212814657 0.4779789929 0.5997785297 0.4351545703 0.5141984322
0.0000000000 0.0606868032 0.5416662350 0.5205551370 0.4656798010 0.5114638952 0.5204075398 0.5212814657 0.5296638615 0.5720542445 0.4351545703 0.5141984322
0.8035956999 0.3947504009 0.5416662350 0.5205551370 0.4656798010 0.5114638952 0.5204075398 0.5212814657 0.4779789929 0.5997785297 0.5406775850 0.5141984322
0.2157581777 0.5391218905 0.5659380027 0.3491817286 0.5327993303 0.6698828493 0.4963845378 0.5126419924 0.6064756301 0.3543942770 0.5510516607 0.5195111562
0.1864654002 0.8089634674 0.4921642008 0.4733393326 0.5327993303 0.4592988221 0.4529777254 0.5126419924 0.5077528547 0.5482659997 0.3921018288 0.5883674598
0.7357317014 1.0000000000 0.5080462426 0.5553023141 0.5396753448 0.5076954653 0.4177022299 0.4435984493 0.5522113512 0.5410406310 0.5156044139 0.4665148753
0.7150048510 0.7722129925 0.5601451169 0.5735722621 0.4940085695 0.5865785099 0.5547681670 0.4745814908 0.5061512954 0.5195220831 0.4880847810 0.5087757548
0.7562073246 0.2257902774 0.5601451169 0.5735722621 0.4940085695 0.5865785099 0.5547681670 0.4113054127 0.5061512954 0.5195220831 0.4880847810 0.5087757548
0.0000000000 1.0000000000 0.5601451169 0.5127868448 0.4831575904 0.5223321084 0.4873845377 0.5171660335 0.5061512954 0.5195220831 0.4545496760 0.5087757548
0.2230990640 1.0000000000 0.5601451169 0.5127868448 0.4831575904 0.5223321084 0.4873845377 0.5171660335 0.5061512954 0.5195220831 0.4545496760 0.5087757548
0.0000000000 0.2111463941 0.5601451169 0.5127868448 0.4602392695 0.5091366974 0.5519011663 0.4907407538 0.5118600418 0.5131904312 0.5435650467 0.5087757548
0.0000000000 0.8811592562 0.5601451169 0.5127868448 0.4602392695 0.5091366974 0.4185475610 0.4907407538 0.5118600418 0.5131904312 0.5435650467 0.5087757548
0.5770625087 0.8811592562 0.5601451169 0.5127868448 0.4602392695 0.5091366974 0.4185475610 0.4907407538 0.5118600418 0.5131904312 0.5435650467 0.5087757548
0.6591735190 0.8023992100 0.5322644840 0.4931813023 0.5364232291 0.3917198959 0.4525822315 0.5330189385 0.4281519938 0.3732568999 0.5933839151 0.4874439554
0.0000000000 0.5224713288 0.5140131996 0.4931813023 0.5364232291 0.3917198959 0.4525822315 0.4131432062 0.4281519938 0.3732568999 0.6116479771 0.4704039288
0.5617933753 0.0000000000 0.5140131996 0.4931813023 0.5364232291 0.3917198959 0.4525822315 0.6024261386 0.5738355064 0.3732568999 0.4811434262 0.4704039288
0.5617933753 0.5224713288 0.5140131996 0.5013856840 0.5364232291 0.3917198959 0.4525822315 0.4369702726 0.5275917727 0.3732568999 0.4811434262 0.4704039288
0.1039534187 0.7024924629 0.4914509085 0.3883807375 0.3835041705 0.4604174921 0.5498647382 0.4369702726 0.4823601943 0.6328245917 0.4811434262 0.4958023439
0.0000000000 0.7024924629 0.4914509085 0.4203024577 0.3835041705 0.4604174921 0.5498647382 0.4369702726 0.4098427962 0.5636767938 0.5953798715 0.4958023439
0.2599223467 0.4689779553 0.5035789181 0.4237802812 0.3450058300 0.4604174921 0.4913116451 0.5396795845 0.5713551626 0.4457401651 0.5953798715 0.4958023439
0.2678019726 0.3698215864 0.3172896827 0.4994466675 0.3845896648 0.5297602604 0.4268892364 0.5247512649 0.3854938111 0.4923449823 0.5728345321 0.5734020863
0.2678019726 0.2992071109 0.6739987743 0.4994466675 0.5302094474 0.5297602604 0.4268892364 0.5247512649 0.3854938111 0.4923449823 0.5728345321 0.5734020863
0.5706695557 0.2992071109 0.6739987743 0.4994466675 0.5302094474 0.5297602604 0.3842897723 0.5247512649 0.3854938111 0.4923449823 0.5728345321 0.5734020863
0.6484472596 0.4631513532 0.4613875332 0.4994466675 0.4930944730 0.3497064580 0.4268892364 0.5659046778 0.3854938111 0.4923449823 0.4717561014 0.5734020863
0.0000000000 0.4461041331 0.4894926347 0.4987910485 0.4930944730 0.6587266788 0.4528573490 0.5247512649 0.4010223547 0.4923449823 0.5185464208 0.4854234245
0.6422536247 0.2572302192 0.4894926347 0.4576351696 0.4930944730 0.6587266788 0.4528573490 0.5247512649 0.4010223547 0.4923449823 0.5185464208 0.4854234245
0.0000000000 0.6393014161 0.4894926347 0.4987910485 0.4930944730 0.6587266788 0.4528573490 0.7351886269 0.4010223547 0.4923449823 0.5185464208 0.4854234245
0.0000000000 0.3407233023 0.6024903153 0.4987910485 0.4930944730 0.4467129226 0.4528573490 0.6476803710 0.4010223547 0.5954281855 0.5185464208 0.4854234245
0.7080661579 0.6113919250 0.6024903153 0.4987910485 0.4089583684 0.4467129226 0.4528573490 0.5677681103 0.4010223547 0.4923449823 0.4966223218 0.4953848282
0.5161307104 0.1254681046 0.5165311123 0.5204229836 0.4930944730 0.5052886177 0.4964002571 0.3875523644 0.4010223547 0.4923449823 0.4966223218 0.4854234245
0.6482022453 0.6540326844 0.4474818366 0.5003718158 0.4167128862 0.5052886177 0.5506226164 0.4520632612 0.5532312810 0.5145257376 0.4807747903 0.5247816473
0.0000000000 0.0000000000 0.4474818366 0.5203000321 0.5035037399 0.5052886177 0.4605082772 0.4520632612 0.5033252184 0.5145257376 0.4807747903 0.4165930065
0.2913283968 0.4219280546 0.4474818366 0.4164942369 0.6426571346 0.3996126603 0.4605082772 0.4520632612 0.2891490252 0.5145257376 0.4807747903 0.4006404013
0.0972062903 0.4219280546 0.4474818366 0.4438010539 0.6426571346 0.5388075841 0.4605082772 0.4520632612 0.5033252184 0.5356086484 0.4807747903 0.4006404013
0.5912636033 0.6856222146 0.5071176685 0.5362694565 0.6342057077 0.3996126603 0.3759047521 0.4520632612 0.5033252184 0.4906371606 0.4807747903 0.3962258161
0.2841438217 0.7454144981 0.5071176685 0.5257746529 0.5979976320 0.5156282683 0.4465818082 0.4770498780 0.4046493972 0.4906371606 0.3831140793 0.5468929542
0.3246568596 0.0000000000 0.5071176685 0.5257746529 0.5683650881 0.5156282683 0.4465818082 0.5072063190 0.5982677528 0.5436398016 0.3831140793 0.5468929542
0.5170495754 0.6829889915 0.6335971698 0.5257746529 0.5274115937 0.5177684116 0.5840289249 0.4860949772 0.4319583412 0.6202729242 0.5752643661 0.4783120837
0.4905312965 0.3093882698 0.6283126653 0.5024530137 0.4997476866 0.4999465723 0.4967313170 0.4998410138 0.4911233563 0.5000054230 0.5026045497 0.4996790060
0.4072232567 0.3935830008 0.4818179092 0.5024706112 0.4999181030 0.5001414400 0.4969076853 0.4998270753 0.4928297156 0.4997258435 0.5026224104 0.4982577708
0.4933126088 0.0454893066 0.4901557839 0.5024422920 0.4999181030 0.5005851520 0.4964273645 0.4996850716 0.4928297156 0.4999169171 0.5026016600 0.4990249199
0.4911045333 0.8859661041 0.5190273885 0.5024152508 0.4996956181 0.4998103877 0.4965386162 0.4997894619 0.4929977547 0.4999979432 0.5026119388 0.4997406186
0.4705016077 0.6118991625 0.4961145293 0.5023901672 0.4998805138 0.4998456170 0.4971057914 0.4997200524 0.4935024709 0.4998150807 0.5026150197 0.4992946776
0.4542604370 0.0995475915 0.5073197381 0.5025685249 0.5000083380 0.4996420281 0.4970457510 0.4997883194 0.4908282182 0.4999846676 0.5026152210 0.4998457736
0.3472217459 0.8341430151 0.5066279341 0.5024416143 0.4997807159 0.5001494566 0.4974818034 0.4997558815 0.4928650972 0.5001400702 0.5026058296 0.5002515807
0.3472217459 0.0944644033 0.5066279341 0.5024416143 0.4997299184 0.5001494566 0.4968161178 0.4997454905 0.4928650972 0.5001400702 0.5026058296 0.5002515807
0.3472217459 0.9711142142 0.4837051607 0.5024416143 0.4998957730 0.5001494566 0.4974818034 0.4997558815 0.4928650972 0.5001400702 0.5026058296 0.4992802317
0.3472217459 0.1804457229 0.4837051607 0.5024416143 0.4998957730 0.5001494566 0.4966168640 0.4997323503 0.4928650972 0.4998582976 0.5026089285 0.4992802317
0.5411951866 0.2385613328 0.5059206836 0.5025082351 0.4998957730 0.5000906393 0.4971447722 0.4997598956 0.4939096344 0.4998582976 0.5026133260 0.4998132806
0.5010047512 0.4559962454 0.5294803339 0.5024010940 0.4999462583 0.4998597810 0.4971266196 0.4997852108 0.4906206114 0.4999435975 0.5026059340 0.5008795837
0.4302247856 0.3236087103 0.4838872999 0.5024729873 0.5000194366 0.5000679891 0.4972291302 0.4997477529 0.4931043082 0.4998951073 0.5026119009 0.4993121073
0.4311226110 0.4933399336 0.4988965558 0.5024423463 0.4998622435 0.4998976766 0.4973382547 0.4997435316 0.4898768996 0.4997837676 0.5026042249 0.4991638787
0.4527320226 0.0000000000 0.5004916963 0.5024746813 0.4998800618 0.4998394231 0.4978016511 0.4997603800 0.4927587380 0.4997802546 0.5026117889 0.5002008145
0.4476572811 0.9435680467 0.5279196324 0.5023575540 0.4998735058 0.5000363715 0.4971375681 0.4997865529 0.4959693606 0.4999115969 0.5026164298 0.5001673870
0.4188976063 1.0000000000 0.5098359059 0.5023971599 0.4998724464 0.5000370546 0.4974778005 0.4997507255 0.4925849487 0.4999338002 0.5026111320 0.4998104742
0.3935034435 0.0213848689 0.5033376959 0.5024884742 0.4999335646 0.4999971491 0.4971726603 0.4997048230 0.4928135283 0.4998267048 0.5026132097 0.5002542697
0.4019520504 0.0890556262 0.5010017121 0.5024251013 0.4999410365 0.4999650399 0.4975492034 0.4997559998 0.4936660021 0.4998619863 0.5026157133 0.4993934739
0.3935034435 0.5567716793 0.4951028782 0.5023963229 0.4999332721 0.4999002041 0.4975293023 0.4997430536 0.4942408636 0.4999117715 0.5026096125 0.4993605877
0.3902859125 0.7382797148 0.4996952199 0.5023321492 0.4998416968 0.4998765166 0.4979617910 0.4997536245 0.4978533365 0.4999233026 0.5026065367 0.5004643839
0.3905027210 0.9259743743 0.5055318696 0.5023085908 0.4998800297 0.4998954551 0.4984616775 0.4997536946 0.4998713173 0.4999671480 0.5026073618 0.4989235305
0.3905027210 0.2468875055 0.5092790746 0.5024352571 0.4999200822 0.4998954551 0.4969443124 0.4997615233 0.4976751371 0.5000196746 0.5026018188 0.4989599924
0.3587402687 0.4608215852 0.4973327250 0.5023377154 0.4999592185 0.4999790166 0.4994719124 0.4997663732 0.4976476095 0.5000256693 0.5025904766 0.4999693562
0.3662821542 0.6371968267 0.5007885748 0.5023220745 0.4998854729 0.4998646854 0.4994719124 0.4997504637 0.5059748327 0.4999718438 0.5025971435 0.5002204697
0.3771536910 0.3206495601 0.5007885748 0.5022496173 0.4999948705 0.4999591914 0.4985027627 0.4997562290 0.4988631055 0.4999570953 0.5025932136 0.4999056784
0.4237376774 0.6864895590 0.4984663496 0.5023273387 0.4997947181 0.4999043328 0.4990880464 0.4997602052 0.4955822790 0.4999109527 0.5025981243 0.4995326098
0.4161984473 0.7965552606 0.5015303056 0.5023326506 0.4998563033 0.4999110765 0.4993401907 0.4997646841 0.4993853612 0.4999361706 0.5026038192 0.4999461472
0.4009671448 0.1547039889 0.4995367112 0.5023524025 0.4999523879 0.4999212838 0.4997864021 0.4997703298 0.4998091097 0.4999731997 0.5026071933 0.4996415498
0.4143359915 0.8686308730 0.4986869742 0.5021716495 0.5000019016 0.4998263621 0.4984079610 0.4997588825 0.5002518126 0.4999346607 0.5025962481 0.4997951758
