42.2328713864 90.9574478489 -76.2373456935
62.2716944457 90.9574478489 -88.6789173146
64.9739745468 98.2691445560 -94.1748843176
86.2662714223 43.6067010500 -75.1496539380
67.6533065280 77.6025051434 -82.9470137866
95.6807498851 66.3027989562 -86.8365780433
95.6804708967 53.5954544831 -80.0919724756
94.2445448691 25.6590687329 -67.9162442065
76.2340461361 11.4364040465 -46.2477950941
64.1991178966 76.8545234197 -72.4463747394
75.6144029113 97.5872910532 -100.7745898622
75.6144807902 68.3014011361 -82.6215407219
98.2705334141 68.3015262565 -96.1895223474
42.9051667346 14.1812586682 -30.8779109639
42.9051682969 75.0369952067 -58.3635349990
54.2744646839 30.2673286303 -48.7749022628
86.8976925402 36.8605850056 -68.0911517611
84.9248032828 72.2296679145 -90.3301163937
62.9673622889 36.3396458443 -54.1666180661
52.2161866110 39.5419065038 -49.6601593316
67.6497615447 60.9513254260 -72.4381845655
8.4771346742 87.6074837386 -52.1055653166
46.1857059249 26.9846247446 -37.4150447836
56.9546257367 20.3769438991 -41.2703807043
25.6386451038 70.9711272321 -54.1387986586
46.3055547264 97.6019889509 -82.9725339999
44.3804678731 38.9010909391 -40.7208986154
77.5122863097 90.3235679895 -86.8991720611
57.5063810172 90.3235666438 -76.2775025714
86.9016266755 94.8832336540 -102.0571298499
76.9624812876 45.7120016696 -63.6573010218
76.9624824291 19.5023838058 -52.7506533841
37.5636245279 79.6232400329 -66.8955282830
48.2722040505 74.9000713704 -70.5398259912
86.9242183894 54.9163805437 -82.3618899341
85.6729932102 11.7668013397 -47.2384275740
99.5188618200 33.5975282476 -69.3318637467
72.9272772289 0.1000003689 -41.9817798232
70.8556660480 29.0285766554 -49.3104376335
48.2095028714 63.5516700379 -60.9723930378
49.5476709260 0.1000001595 -26.4668400273
49.5476708933 17.6148516381 -36.7617297362
88.9320310286 4.8173945622 -53.5025570112
88.9320311273 17.6148518585 -61.7632343689
88.9320311707 82.9927312674 -96.6936368865
82.9726539179 0.1000001184 -46.2888099498
73.0362518400 0.1000002162 -32.7177936948
95.5183577400 0.1000002714 -47.4218272917
16.8287536802 79.6646292125 -49.4397257574
27.5498996162 79.6646292562 -57.0970380460
38.9924427750 99.6566602546 -74.9472259079
7.7147494350 99.6566602898 -57.0173504350
97.5446199005 99.6566601207 -107.4370714748
28.2443428804 44.9275729008 -41.8994407510
7.6472230572 44.9275730482 -29.6995191343
99.6145335242 40.9830269601 -80.3529877598
62.1746155813 0.1366242875 -29.2028369120
79.5500871595 54.3290176773 -72.7247297131
60.1996842191 47.4935865723 -52.6031271874
67.6026921136 40.2762915666 -62.5474334810
67.6026920713 18.0532734705 -41.9072668362
67.6026920975 52.2976907679 -69.0425840664
60.9407870218 12.1765154267 -40.8138843646
34.9631598706 51.5398563194 -47.1963678767
0.1000000165 65.6821181577 -32.2203272214
29.5686205540 36.8768371648 -36.2476214070
42.2115420601 54.9328593346 -54.6208151939
24.8608322687 92.2256310145 -64.3898197928
16.1724108888 85.5896586487 -57.1167733302
16.9575524756 60.9342335087 -44.7603439456
0.1000000127 86.9546851354 -49.7847348386
17.6159282303 39.5502327519 -31.3316565356
35.0347010919 30.1857731228 -30.5848183185
35.0347010867 66.3295309733 -51.0596429256
31.6143104541 16.4510955540 -21.5544086833
31.6143104537 0.1000000076 -17.5300010958
22.3359148183 52.2908221486 -41.2141786828
0.1000000100 76.9245619518 -44.3004007285
7.6416414191 76.9245619504 -48.5856735666
39.6505021554 0.1000000103 -21.0629294830
0.1000000117 54.3102119316 -29.6908011154
12.7904749852 54.3102119313 -34.2726881486
37.4369518988 0.1000000059 -10.4028790459
7.6655113983 64.9118940276 -40.9491303233
17.5543680783 22.1877883299 -20.1658273626
22.2302505748 30.2594550039 -29.4841585526
4.8781418639 34.2731407634 -21.8018882132
16.7556244270 34.2269064212 -22.8662743970
7.2950316741 74.8572803358 -37.7993060039
0.1000000067 42.3107940616 -22.8699387402
19.0011607028 0.1000000068 -9.0620680522
0.1000000021 34.3742537445 -14.4718639720
11.1022896477 18.2728875452 -12.9041807011
0.1000000010 25.6725645044 -12.4064612139
6.3264169666 0.1000000005 -2.3938042764
0.1000000003 2.3297985979 -0.2039007486
2.9469692160 19.6870538387 -10.4039231758
0.1000000004 8.8609301777 -3.5954164515
12.9199832814 3.6184412621 -8.6050151256
24.8937426998 0.8887322712 -13.5866369124
