0.1261653004 1.0000000000 0.4453055645 0.4233011575 0.5019616875 0.4701697599 0.5032002768 0.5312039082 0.4611292898 0.3911603172 0.5441889272 0.5235754307
0.3151868816 0.4490029877 0.5677942736 0.4960550643 0.4955098103 0.4267292335 0.4519425433 0.5049908036 0.5323581772 0.5300699725 0.4709009773 0.5246792140
0.2167484195 1.0000000000 0.5569541150 0.4518810618 0.5161774756 0.5121812066 0.4519425433 0.5002631377 0.5323581772 0.4732776089 0.4869035585 0.5885119934
0.2167484195 0.8412056265 0.5569541150 0.4518810618 0.5161774756 0.5121812066 0.4519425433 0.5002631377 0.5323581772 0.4732776089 0.5003074523 0.4424545847
0.1157945895 0.6955125349 0.4780235536 0.4185374935 0.4495994957 0.4689098574 0.5385640443 0.5716927378 0.5024866335 0.5477254221 0.6157267586 0.4161273159
0.0000000000 0.2286258160 0.5269623069 0.4712898736 0.4495994957 0.4953706225 0.5385640443 0.5716927378 0.5095226762 0.5043635034 0.4912394921 0.4443761509
0.2621493848 0.3227774055 0.5230544593 0.4479813290 0.4495994957 0.6917211771 0.4562574667 0.5577306447 0.5095226762 0.5043635034 0.4912394921 0.6190899955
0.0000000000 0.1150894512 0.4688183276 0.4896847609 0.4739221684 0.5704898229 0.5044000152 0.4957271748 0.5043172117 0.4839890077 0.4944712206 0.4443761509
0.4949968186 0.1150894512 0.4688183276 0.4896847609 0.4739221684 0.5704898229 0.4844069755 0.4957271748 0.5043172117 0.4839890077 0.4944712206 0.4443761509
0.3488646629 0.5104300097 0.4688183276 0.5632720060 0.3791155191 0.5704898229 0.4844069755 0.5012289118 0.4522514158 0.4839890077 0.5018278877 0.4443761509
0.1551463616 0.8323961144 0.4688183276 0.4439006710 0.3791155191 0.5704898229 0.4844069755 0.5012289118 0.5226225620 0.4839890077 0.5097045447 0.4443761509
0.1551463616 0.1417710514 0.4688183276 0.4439006710 0.3791155191 0.5704898229 0.4844069755 0.5012289118 0.5226225620 0.4839890077 0.5097045447 0.4443761509
0.1791054187 0.5791195396 0.4688183276 0.5190561277 0.3791155191 0.5704898229 0.4844069755 0.5012289118 0.5226225620 0.5893029454 0.5097045447 0.4443761509
0.1791054187 0.0695432941 0.4688183276 0.5190561277 0.3791155191 0.5704898229 0.4844069755 0.5012289118 0.5226225620 0.4839890077 0.5097045447 0.4443761509
0.0000000000 0.0000000000 0.4688183276 0.5800134373 0.4720426905 0.5114325327 0.4844069755 0.5012289118 0.5226225620 0.4839890077 0.5097045447 0.4443761509
1.0000000000 0.4292855987 0.5002468381 0.5241655820 0.4720426905 0.5114325327 0.4844069755 0.4772365697 0.5188120630 0.4839890077 0.4459285406 0.4612079381
0.1091900249 0.0000000000 0.5002468381 0.5241655820 0.4720426905 0.5114325327 0.4844069755 0.4772365697 0.5188120630 0.4839890077 0.4459285406 0.4612079381
0.1091900249 0.3401644190 0.5002468381 0.4782404403 0.4720426905 0.4788905231 0.4844069755 0.4772365697 0.5188120630 0.4839890077 0.4459285406 0.4612079381
0.0000000000 0.8822965953 0.5002468381 0.4869981368 0.4720426905 0.4928566104 0.4844069755 0.4779660708 0.5188120630 0.4839890077 0.4826874674 0.6065811059
0.2646246067 0.2637270409 0.4960073159 0.4365509994 0.5470179880 0.5305537436 0.4622908399 0.4011120647 0.5080924483 0.4476328545 0.5569178786 0.5572019530
0.7215405800 0.8359470567 0.5182750252 0.5876666517 0.5470179880 0.4488365530 0.4622908399 0.4505478116 0.5080924483 0.4920190420 0.5569178786 0.5572019530
0.1335688525 0.5364296238 0.5024886900 0.4787071021 0.3718881446 0.5015903282 0.4927926821 0.3845769742 0.5211792550 0.5530714342 0.5312764661 0.5731548918
0.0761768932 0.7594206607 0.5024886900 0.4656885608 0.3718881446 0.5015903282 0.4927926821 0.3845769742 0.5211792550 0.5530714342 0.5312764661 0.5571506369
0.8638003541 0.0000000000 0.5024886900 0.5274678650 0.5195451357 0.4321911353 0.4927926821 0.5004828159 0.4319845317 0.5530714342 0.5063843005 0.4796693257
0.5676220583 0.0939388533 0.4760677620 0.5275085723 0.4056036273 0.4321911353 0.4927926821 0.5004828159 0.4319845317 0.5057246776 0.5063843005 0.4796693257
0.1062300139 0.4841036350 0.5064024630 0.5275085723 0.4056036273 0.5577034013 0.4049732722 0.4213489398 0.4319845317 0.5057246776 0.5063843005 0.4796693257
0.7909153935 0.2725108152 0.4832748312 0.5216399548 0.5949262552 0.5158697710 0.5052908175 0.5417713842 0.4862302640 0.4711552185 0.4454216105 0.4092558591
0.3207584349 0.3225033382 0.4832748312 0.5967746084 0.5390979079 0.5113542316 0.5052908175 0.4486343009 0.5105790703 0.5342031895 0.4153917343 0.3682538241
0.2600034771 0.9093211206 0.5283486972 0.5061182546 0.5390979079 0.4952097230 0.4629157858 0.4486343009 0.4950175413 0.5083923230 0.6510348466 0.5072507879
0.7970316620 0.4858294192 0.5283486972 0.5061182546 0.5650906390 0.4952097230 0.4629157858 0.4038418344 0.4950175413 0.5271167346 0.5842288597 0.4369391943
0.6487504866 1.0000000000 0.5283486972 0.5061182546 0.5464035488 0.4952097230 0.4629157858 0.4038418344 0.4950175413 0.5589336105 0.5420550127 0.4369391943
0.1993630966 0.5210946431 0.4993470427 0.4891121176 0.5316189691 0.5026485441 0.5094258488 0.4972512237 0.4847620640 0.4637681035 0.5076888489 0.5541023782
0.0000000000 1.0000000000 0.4993470427 0.5699460876 0.5316189691 0.5026485441 0.4505420288 0.4819984492 0.4847620640 0.5213383942 0.5196241984 0.5396723420
0.5390191261 0.0000000000 0.5361135178 0.4594639100 0.5146394686 0.4479974014 0.5764916854 0.4819984492 0.4449951373 0.4954162002 0.5196241984 0.4513812071
0.5310064556 0.8134780144 0.5361135178 0.4594639100 0.5146394686 0.4345357367 0.5764916854 0.4819984492 0.3546343000 0.4954162002 0.5196241984 0.4513812071
0.1637341447 0.2876171381 0.4493277771 0.5052011914 0.4929093882 0.5456884216 0.5377959017 0.5713032343 0.5097829150 0.5728874174 0.4970589783 0.4929243617
0.5814507137 0.6586039936 0.4493277771 0.5513345229 0.4929093882 0.5456884216 0.4687623444 0.5024448784 0.4811147521 0.5728874174 0.5422371121 0.5380487642
0.5814507137 1.0000000000 0.4493277771 0.5513345229 0.4929093882 0.5456884216 0.4687623444 0.5024448784 0.4811147521 0.5728874174 0.5422371121 0.5380487642
0.7265007834 1.0000000000 0.4493277771 0.5513345229 0.4929093882 0.5456884216 0.4687623444 0.3986411476 0.4811147521 0.5728874174 0.5422371121 0.5380487642
0.3670770120 0.9207427608 0.4493277771 0.5513345229 0.4498473164 0.5456884216 0.4687623444 0.3986411476 0.4811147521 0.5728874174 0.5422371121 0.5380487642
0.2934607050 1.0000000000 0.4493277771 0.4286125612 0.4892505768 0.5456884216 0.4687623444 0.5002009281 0.4811147521 0.5728874174 0.7221846399 0.4666327151
0.2934607050 0.5672799672 0.4493277771 0.5513345229 0.4892505768 0.5456884216 0.4687623444 0.5002009281 0.4811147521 0.7895775815 0.5422371121 0.4666327151
0.2108469389 0.2112976755 0.4838672301 0.4714463926 0.4892505768 0.4793656335 0.4687623444 0.6283123100 0.4811147521 0.4726754983 0.5422371121 0.4666327151
0.4838681564 0.2112976755 0.4838672301 0.4714463926 0.4892505768 0.4793656335 0.4687623444 0.4379772364 0.4811147521 0.4726754983 0.5422371121 0.4666327151
0.7190760561 0.5581017660 0.4893133372 0.4714463926 0.5447613012 0.4930445349 0.4541526991 0.6255735873 0.4338941617 0.4892588611 0.5422371121 0.6158035485
0.0000000000 0.6977070329 0.4893133372 0.4714463926 0.5447613012 0.4930445349 0.4541526991 0.4322820961 0.4338941617 0.4892588611 0.5422371121 0.6158035485
0.6560938860 0.7939071501 0.5423388872 0.4714463926 0.5584326558 0.5746053024 0.4541526991 0.5213458827 0.3811996492 0.4530622505 0.4881861538 0.4869523315
0.2575459145 0.7298675038 0.5423388872 0.3356075589 0.4611192398 0.4801545330 0.5069457578 0.4851937409 0.5374412628 0.4530622505 0.4881861538 0.4869523315
0.2575459145 0.3836241198 0.5423388872 0.4714463926 0.4611192398 0.4801545330 0.5069457578 0.4043139835 0.3811996492 0.4530622505 0.4248725750 0.4869523315
0.5683136120 0.4443881926 0.5209226778 0.4481538969 0.5039928240 0.4801545330 0.5593030673 0.5097687796 0.4258775962 0.5172367717 0.4647975970 0.5056194760
0.5683136120 0.2567105436 0.4950749196 0.4481538969 0.6049833099 0.4801545330 0.5593030673 0.5097687796 0.4258775962 0.5172367717 0.4647975970 0.4997000242
0.1039056631 0.9330374916 0.4950749196 0.4481538969 0.5039928240 0.4801545330 0.5593030673 0.5097687796 0.4258775962 0.5172367717 0.4647975970 0.4997000242
0.8036312638 0.0000000000 0.4950749196 0.4481538969 0.5039928240 0.5593643178 0.5593030673 0.5097687796 0.4803622322 0.5172367717 0.4647975970 0.4997000242
0.6382774768 0.2604480048 0.4081360679 0.5375136066 0.4792695079 0.5593643178 0.5593030673 0.5840554286 0.4258775962 0.5637980330 0.5129643180 0.5359102807
0.6382774768 0.6740648236 0.4081360679 0.5375136066 0.4792695079 0.5593643178 0.5593030673 0.5840554286 0.4258775962 0.5637980330 0.5129643180 0.5359102807
0.6382774768 0.4265409850 0.4081360679 0.4766298152 0.4792695079 0.4616949074 0.4828259560 0.5840554286 0.5582197102 0.5637980330 0.5129643180 0.5359102807
0.0000000000 0.7581293607 0.4081360679 0.4766298152 0.4792695079 0.4616949074 0.4828259560 0.5840554286 0.5582197102 0.4917713287 0.4414878408 0.4563461010
0.5262206610 0.7216351091 0.4081360679 0.4766298152 0.4792695079 0.4728293967 0.4828259560 0.5840554286 0.4732495031 0.4917713287 0.4414878408 0.4563461010
0.5155520275 0.3663874675 0.6927450298 0.4766298152 0.4792695079 0.4728293967 0.4828259560 0.5840554286 0.4732495031 0.4392778015 0.4414878408 0.4563461010
0.2401632803 0.0000000000 0.6927450298 0.4766298152 0.4792695079 0.4728293967 0.4828259560 0.5840554286 0.4732495031 0.4392778015 0.4414878408 0.4563461010
0.0000000000 0.3877798644 0.5052740567 0.5062220486 0.5090335519 0.5163830001 0.4768638797 0.5743178903 0.5141300620 0.5724804509 0.5330096067 0.4862272936
0.7202867685 0.3877798644 0.5052740567 0.5062220486 0.5090335519 0.4645317306 0.4768638797 0.5743178903 0.5141300620 0.5724804509 0.5330096067 0.4862272936
0.0000000000 0.4860283474 0.5052740567 0.5062220486 0.5090335519 0.2725699534 0.4768638797 0.5743178903 0.5141300620 0.5724804509 0.5330096067 0.4043880751
0.1642388249 0.3877798644 0.5052740567 0.5062220486 0.5076371531 0.4716174407 0.5163004774 0.3608313276 0.5141300620 0.5724804509 0.5330096067 0.4862272936
0.8267354259 0.7558350283 0.5052740567 0.5062220486 0.5076371531 0.4716174407 0.5163004774 0.3608313276 0.5141300620 0.5609780059 0.5330096067 0.4862272936
0.3562781424 0.3877798644 0.5052740567 0.5009459505 0.5076371531 0.4716174407 0.5163004774 0.3608313276 0.5141300620 0.5724804509 0.5330096067 0.4862272936
0.2755297029 0.5137661899 0.3287331848 0.5009459505 0.5076371531 0.4691716670 0.5163004774 0.3608313276 0.5141300620 0.5481145963 0.5330096067 0.4862272936
0.3068310171 0.8421023325 0.5052740567 0.5009459505 0.5076371531 0.4691716670 0.5163004774 0.3608313276 0.5141300620 0.5481145963 0.5330096067 0.4862272936
0.3068310171 0.1296348334 0.5052740567 0.5009459505 0.5076371531 0.4701069257 0.5163004774 0.3608313276 0.5141300620 0.5481145963 0.5330096067 0.4862272936
0.0000000000 0.5644230381 0.5052740567 0.4447240355 0.5076371531 0.4691716670 0.5163004774 0.3608313276 0.5141300620 0.5481145963 0.4029302188 0.4862272936
0.0000000000 0.3167825877 0.5052740567 0.4447240355 0.5076371531 0.4691716670 0.5163004774 0.3608313276 0.5141300620 0.5481145963 0.4029302188 0.5490182566
0.2041892967 0.3251420548 0.5052740567 0.4447240355 0.5144461392 0.4691716670 0.5011605469 0.7097564233 0.5141300620 0.5346783525 0.5258327614 0.5449750763
0.7769259886 0.6608099587 0.5052740567 0.4447240355 0.3044833332 0.4691716670 0.5011605469 0.4716894333 0.5141300620 0.5346783525 0.5258327614 0.4919439210
0.6563948786 0.0000000000 0.5052740567 0.4447240355 0.4790021447 0.4691716670 0.5011605469 0.4889531280 0.5141300620 0.5346783525 0.5258327614 0.4919439210
0.2314562794 0.1225348491 0.5270504705 0.5296433363 0.4790021447 0.4492679324 0.5011605469 0.5953172853 0.5141300620 0.5154442832 0.5700388463 0.4697825940
0.2314562794 0.4370644081 0.5270504705 0.5296433363 0.4790021447 0.4492679324 0.6105257293 0.5953172853 0.3040654198 0.3650012955 0.5891527876 0.4697825940
0.7807934805 0.8874977903 0.4889736365 0.5974189064 0.4790021447 0.4817512330 0.4788586156 0.4418348812 0.5041975793 0.3995496864 0.6715882776 0.4244602603
0.6893774513 0.2138418349 0.4889736365 0.5309033120 0.4790021447 0.4817512330 0.4729014700 0.4418348812 0.6597035447 0.6363718680 0.5434667873 0.4244602603
0.7085598956 0.0953100179 0.5806012133 0.5309033120 0.4790021447 0.4817512330 0.4729014700 0.4418348812 0.3767589113 0.5922212861 0.3490011932 0.5066825816
0.3211468920 0.7087959714 0.6109158047 0.4842987714 0.4790021447 0.5023230274 0.4729014700 0.5218789417 0.4196197777 0.5063690459 0.5022129337 0.5066825816
0.2160378663 0.6837147830 0.6109158047 0.4842987714 0.4992479171 0.5023230274 0.4729014700 0.5249225570 0.4196197777 0.5434474836 0.5022129337 0.5066825816
0.4306580539 0.8800599143 0.5041774721 0.5018947023 0.5004047290 0.4992083445 0.5009710806 0.5006666639 0.4313238058 0.6077716103 0.5176658719 0.4985804764
0.4254684950 0.4371859071 0.6032555449 0.5025510509 0.5008471794 0.4989295091 0.5005286316 0.4936102272 0.4312782652 0.4951332117 0.5176812663 0.4990746410
0.4474213578 0.0323315832 0.4979090703 0.5025510509 0.4997927058 0.5004432726 0.5006969161 0.5524554204 0.4312941881 0.4951332117 0.5177309555 0.4990746410
0.4278868968 0.6564552152 0.4979090703 0.5059177409 0.4993779428 0.4998958617 0.5005405811 0.6199490310 0.4313028738 0.4951332117 0.5176812663 0.4989355859
0.3949912054 0.2534833424 0.5153737632 0.5007663888 0.5003734337 0.4989663377 0.4993797284 0.4437739947 0.4313323256 0.4364640783 0.5176857684 0.4987187013
0.3949912054 0.7774255958 0.5078286334 0.5007663888 0.5002435913 0.4987189783 0.5002291546 0.5358642717 0.4313323256 0.4364640783 0.5176066446 0.4987187013
0.3955655907 1.0000000000 0.4823967394 0.5022181412 0.4997636888 0.4993122693 0.5002291546 0.5358642717 0.4312984147 0.4364640783 0.5176815061 0.4990226967
0.3795703426 0.0503843096 0.5078286334 0.5004421494 0.5000519605 0.4997453368 0.5001049741 0.5259211694 0.4313238221 0.5022288765 0.5177101361 0.4992152220
0.4196288713 0.5780975933 0.4802701887 0.5037618499 0.5000519605 0.4984944078 0.5007312438 0.5042801706 0.4312881111 0.5022288765 0.5176358210 0.4992152220
0.4644072700 0.7093213332 0.5125033856 0.5015082778 0.5002572033 0.4994317387 0.5002614965 0.4954832808 0.4312876269 0.4586879397 0.5177677639 0.4992152220
0.4830026645 0.5899011338 0.5125033856 0.5038493053 0.5000803864 0.5001957392 0.5006727670 0.4490035866 0.4313004906 0.4825107019 0.5177166312 0.4990732208
0.3760361409 0.4541844244 0.5034187367 0.5034848351 0.4997974317 0.4990045918 0.5004062081 0.5676049769 0.4313040773 0.6030713711 0.5176062870 0.4989338293
0.3198326521 0.0000000000 0.4932539958 0.4987527309 0.4997974317 0.4990045918 0.5003571598 0.4994997141 0.4313096665 0.4837513109 0.5175678042 0.4992525603
0.3760361409 0.6940352909 0.5034187367 0.5034848351 0.4997974317 0.4986908121 0.5003571598 0.5831768735 0.4313040773 0.4837513109 0.5176055690 0.4992525603
0.4379958595 0.9555073235 0.4673470709 0.5031829079 0.4998512369 0.4985204396 0.5006583876 0.4775334578 0.4312888188 0.5434547937 0.5177158985 0.4989825932
0.4014857444 0.3376845511 0.4758590083 0.5007351273 0.4998472617 0.4986622131 0.5000037961 0.5058060007 0.4312856501 0.5173270682 0.5175655005 0.4992024177
0.4464347030 0.4994118124 0.5118074277 0.5040320699 0.4996886782 0.4986622131 0.5005165667 0.5185612002 0.4313070471 0.5158524678 0.5176040156 0.4991312186
0.3855911163 0.8465711693 0.5013784796 0.5014092673 0.4999168986 0.5003898047 0.4996901972 0.4670141053 0.4313096726 0.5007558962 0.5176506091 0.4989227366
0.4058377214 0.1297565964 0.5000170665 0.5000485031 0.5000147176 0.4998828524 0.5000111773 0.5000325302 0.4665407849 0.5002125462 0.5174246757 0.4995714540
