0.7084268880 0.7431672640 0.5012029138 0.4001142400 0.4977353235 0.6005427269 0.3991883706 0.4023169710 0.5990029642 0.3985362809 0.6005968390 0.5007112403
0.7084268880 0.7644835616 0.5012029138 0.4001142400 0.4977353235 0.6005427269 0.3991883706 0.4023169710 0.5990029642 0.3985362809 0.6005968390 0.5007112403
0.7084268880 0.5421298476 0.5012029138 0.4001142400 0.4977353235 0.6005427269 0.3991883706 0.4023169710 0.5990029642 0.3985362809 0.6005968390 0.5007112403
1.0000000000 0.0185608721 0.5012029138 0.4001142400 0.4977353235 0.6005427269 0.3991883706 0.4023169710 0.6000539668 0.3985362809 0.6005968390 0.5007112403
0.8548582659 0.1847608020 0.5012029138 0.4001142400 0.4977353235 0.6005427269 0.3991883706 0.4023169710 0.6000539668 0.3985362809 0.6005968390 0.5007112403
0.6393994286 0.0185608721 0.5012029138 0.4001142400 0.4977353235 0.6005427269 0.3991883706 0.5020121966 0.6000539668 0.3985362809 0.6005968390 0.5007112403
0.5691338932 0.9645460118 0.5012029138 0.4001142400 0.4977353235 0.6005427269 0.3991883706 0.5020121966 0.6000539668 0.3985362809 0.6005968390 0.5007112403
0.6092030639 0.1674424426 0.5012029138 0.4001142400 0.4977353235 0.6005427269 0.3991883706 0.5020121966 0.6000539668 0.3985362809 0.6005968390 0.5007112403
0.5968202653 0.1674424426 0.5012029138 0.4001142400 0.4977353235 0.6005427269 0.3991883706 0.5020121966 0.6000539668 0.3985362809 0.6005968390 0.5007112403
0.6358153323 0.0000000000 0.5012029138 0.4001142400 0.4977353235 0.6005427269 0.3991883706 0.5020121966 0.6000539668 0.3985362809 0.6005968390 0.5007112403
0.6696341114 0.0000000000 0.5012029138 0.4001142400 0.4977353235 0.6005427269 0.3991883706 0.5020121966 0.6000539668 0.3985362809 0.6005968390 0.5007112403
0.6836860597 0.0000000000 0.5012029138 0.3986266961 0.4977353235 0.6005427269 0.3991883706 0.5020121966 0.6000539668 0.3985362809 0.6005968390 0.5007112403
0.6358153323 0.4483998296 0.5012029138 0.4001142400 0.4977353235 0.6005427269 0.3991883706 0.5020121966 0.6000539668 0.3985362809 0.6005968390 0.5007112403
0.6947978193 0.4529200867 0.5012029138 0.4001142400 0.4977353235 0.6005427269 0.3991883706 0.5020121966 0.6000539668 0.3985362809 0.6005968390 0.5007112403
0.0000000000 0.5489465151 0.5000000180 0.3000873622 0.4999999378 0.4998439193 0.4999999855 0.5998497262 0.4983163291 0.4999999736 0.4990997323 0.4998799652
0.0000000000 0.4305135478 0.5000000180 0.3000873602 0.4999998806 0.4998439193 0.4999999855 0.5998497262 0.4983163291 0.5000000133 0.4990997323 0.4999162775
0.0000000000 0.2358543543 0.5000000285 0.3000873626 0.4999998806 0.4998439193 0.4999999855 0.5998497262 0.4983163291 0.5000000054 0.4990997323 0.4999162775
0.0000000000 0.1981420576 0.5000000144 0.3000873626 0.4999999648 0.5001690252 0.4999999855 0.5998497262 0.4983163291 0.4999999994 0.4990997323 0.5000229873
0.0000000000 0.0826187312 0.5000000255 0.3000873735 0.4999999349 0.5001690252 0.5000000031 0.5998497262 0.4983163291 0.4999999597 0.4990997323 0.5000229873
0.0000000000 0.3483527846 0.5000000255 0.3000873735 0.4999999771 0.5001690252 0.5000000031 0.5998497262 0.4983163291 0.4999999888 0.4990997323 0.5000229873
0.0000000000 0.6097500766 0.5000000255 0.3000873735 0.4999999771 0.5001690252 0.4999999842 0.5998497262 0.4983163291 0.4999999888 0.4990997323 0.5000229873
0.0000000000 0.7901261523 0.5000000255 0.3000873735 0.4999999091 0.5001690252 0.4999999842 0.5998497262 0.4983163291 0.4999999888 0.4990997323 0.5000229873
0.0000000000 0.8527851114 0.5000000255 0.3000873739 0.4999999091 0.5001690252 0.5000000170 0.5998497262 0.4983163291 0.4999999888 0.4990997323 0.5000229873
0.0000000000 0.1237925270 0.5000000249 0.3000873739 0.4999999091 0.5001690252 0.4999999727 0.5998497262 0.4983163291 0.4999999888 0.4990997323 0.5000229873
0.0000000000 0.7822935313 0.5000000255 0.3000873739 0.4999999091 0.5001690252 0.4999999842 0.5998497262 0.4983163291 0.4999999888 0.4990997323 0.5000229873
0.0000000000 0.7351895508 0.5000000255 0.3000873739 0.4999999091 0.5001690252 0.4999999838 0.5998497262 0.4983163291 0.4999999888 0.4990997323 0.5000229873
0.0000000000 0.5509086212 0.5000000228 0.3000873739 0.4999999091 0.5001690252 0.4999999743 0.5998497262 0.4983163291 0.4999999888 0.4990997323 0.5000229873
0.0000000000 0.6623468747 0.5000000255 0.3000873739 0.4999999771 0.5001690252 0.4999999838 0.5998497262 0.4983163291 0.4999999888 0.4990997323 0.4999932130
0.0000000000 0.0745111414 0.5000000255 0.3000873739 0.4999999986 0.5000055822 0.4999999914 0.5998497262 0.4983163291 0.4999999888 0.4990997323 0.5000040121
0.0000000000 0.7162566749 0.5000000255 0.3000873739 0.4999999986 0.5000055822 0.4999999914 0.5998497262 0.4983163291 0.4999999888 0.4990997323 0.4999932130
0.0000000000 0.3473341153 0.5000000255 0.3000873739 0.4999999986 0.5000055822 0.4999999914 0.5998497262 0.4983163291 0.4999999888 0.4990997323 0.4999932130
0.0000000000 0.1390044122 0.5000000255 0.3000873651 0.4999999986 0.5000055822 0.4999999685 0.5998497262 0.4983163291 0.4999999888 0.4990997323 0.4999201271
0.0000000000 0.9774903911 0.5000000255 0.3000873739 0.4999999986 0.5000055822 0.4999999914 0.5998497262 0.4983163291 0.4999999925 0.4990997323 0.4999932130
0.0000000000 0.4762899126 0.5000000233 0.3000873672 0.4999999986 0.5000055822 0.4999999914 0.5998497262 0.4983163291 0.4999999938 0.4990997323 0.4999932130
0.0000000000 0.2737035246 0.5000000233 0.3000873672 0.5000000356 0.5000055822 0.4999999914 0.5998497262 0.4983163291 0.4999999938 0.4990997323 0.4999932130
0.0000000000 1.0000000000 0.5000000233 0.3000873769 0.5000000356 0.5000055822 0.4999999914 0.5998497262 0.4983163291 0.4999999938 0.4990997323 0.4999932130
0.0000000000 0.4363597122 0.5000000233 0.3000873769 0.5000000350 0.5000055822 0.4999999914 0.5998497262 0.4983163291 0.4999999938 0.4990997323 0.4999932130
0.0000000000 0.0000000000 0.5000000168 0.3000873886 0.5000000356 0.5000055822 0.4999999988 0.5998497262 0.4983163291 0.4999999938 0.4990997323 0.4999932130
0.0000000000 0.4941983550 0.4999999977 0.3000873886 0.5000000356 0.5000055822 0.4999999988 0.5998497262 0.4983163291 0.4999999889 0.4990997323 0.4999579718
0.0000000000 0.6400559344 0.4999999977 0.3000873886 0.5000000356 0.5000055822 0.4999999988 0.5998497262 0.4983163291 0.4999999889 0.4990997323 0.4999579718
0.0000000000 0.8591625144 0.4999999977 0.3000873886 0.5000000356 0.5000055822 0.4999999988 0.5998497262 0.4983163291 0.4999999890 0.4990997323 0.4999579718
0.0000000000 0.0445760149 0.4999999977 0.3000873886 0.4999999542 0.5000055822 0.4999999988 0.5998497262 0.4983163291 0.4999999889 0.4990997323 0.4999579718
0.0000000000 0.1839802074 0.4999999977 0.3000873676 0.5000000356 0.5000055822 0.4999999988 0.5998497262 0.4983163291 0.4999999889 0.4990997323 0.4999579718
0.0000000000 0.5928800445 0.4999999977 0.3000873848 0.4999999728 0.5000055822 0.4999999988 0.5998497262 0.4983163291 0.4999999915 0.4990997323 0.4999713792
0.0000000000 0.3424919479 0.4999999977 0.3000873848 0.4999999728 0.5000055822 0.4999999988 0.5998497262 0.4983163291 0.4999999915 0.4990997323 0.4999713792
0.0000000000 0.3578109971 0.4999999977 0.3000873848 0.4999999728 0.5000055822 0.4999999988 0.5998497262 0.4983163291 0.4999999915 0.4990997323 0.4999713792
0.0000000000 0.2811867722 0.4999999977 0.3000873714 0.4999999728 0.5000055822 0.4999999988 0.5998497262 0.4983163291 0.4999999915 0.4990997323 0.4999713792
0.0000000000 0.7059765612 0.4999999977 0.3000873848 0.4999999730 0.5000055822 0.5000000144 0.5998497262 0.4983163291 0.4999999959 0.4990997323 0.4999713792
0.0000000000 0.7938981285 0.4999999977 0.3000873848 0.4999999728 0.5000055822 0.4999999988 0.5998497262 0.4983163291 0.4999999915 0.4990997323 0.5002108919
0.0000000000 0.3044600600 0.4999999977 0.3000873867 0.4999999703 0.5000055822 0.5000000012 0.5998497262 0.4983163291 0.4999999961 0.4990997323 0.4999713792
0.0000000000 0.0535194624 0.4999999977 0.3000873191 0.4999999728 0.5000055822 0.4999999988 0.5998497262 0.4983163291 0.4999999943 0.4990997323 0.4999713792
0.0000000000 0.7276403134 0.5000000168 0.3000873729 0.5000000346 0.5000055822 0.4999999988 0.5998497262 0.4983163291 0.4999999915 0.4990997323 0.4999713792
0.0000000000 0.4410021339 0.4999999852 0.3000873729 0.5000000346 0.5000055822 0.4999999988 0.5998497262 0.4983163291 0.4999999915 0.4990997323 0.5002475923
0.0000000000 0.2246055272 0.4999999977 0.3000873729 0.5000000346 0.5000055822 0.4999999988 0.5998497262 0.4983163291 0.4999999915 0.4990997323 0.4999713792
0.0000000000 0.6442257614 0.4999999977 0.3000873756 0.5000000317 0.5000055822 0.4999999988 0.5998497262 0.4983163291 0.4999999909 0.4990997323 0.4999713792
0.0000000000 0.1054601589 0.5000000140 0.3000873756 0.5000000567 0.5000055822 0.4999999764 0.5998497262 0.4983163291 0.4999999942 0.4990997323 0.5003274561
0.0000000000 0.9557830486 0.5000000317 0.3000873436 0.5000000317 0.5000055822 0.5000000228 0.5998497262 0.4983163291 0.5000000087 0.4990997323 0.4999713792
0.0000000000 0.9671003817 0.5000000317 0.3000873926 0.4999999915 0.5000055822 0.4999999988 0.5998497262 0.4983163291 0.4999999909 0.4990997323 0.4999001261
0.0000000000 0.3542785117 0.5000000317 0.3000873926 0.5000000317 0.5000055822 0.5000000050 0.5998497262 0.4983163291 0.4999999909 0.4990997323 0.4999713792
0.0000000000 0.1325617151 0.5000000426 0.3000873926 0.5000000317 0.5000055822 0.4999999988 0.5998497262 0.4983163291 0.4999999935 0.4990997323 0.5002764375
0.0000000000 0.5992933005 0.5000000317 0.3000874004 0.4999999579 0.5000055822 0.5000000047 0.5998497262 0.4983163291 0.4999999828 0.4990997323 0.4999334119
0.0000000000 0.4222751863 0.5000000317 0.3000874004 0.4999999579 0.5000055822 0.5000000103 0.5998497262 0.4983163291 0.4999999909 0.4990997323 0.4999713792
0.0000000000 0.1926052090 0.5000000317 0.3000874004 0.4999999579 0.5000055822 0.4999999988 0.5998497262 0.4983163291 0.4999999822 0.4990997323 0.4999713792
0.0000000000 0.3891200598 0.4999999668 0.3000874024 0.4999999579 0.5000055822 0.4999999988 0.5998497262 0.4983163291 0.4999999909 0.4990997323 0.5000081066
0.0000000000 0.5164617259 0.4999999668 0.3000874024 0.4999999579 0.5000055822 0.4999999988 0.5998497262 0.4983163291 0.4999999919 0.4990997323 0.5000081066
0.0000000000 0.4173067311 0.4999999668 0.3000873828 0.4999999579 0.5000055822 0.4999999988 0.5998497262 0.4983163291 0.4999999909 0.4990997323 0.5000081066
0.0000000000 0.4568711941 0.4999999668 0.3000874024 0.5000000499 0.5000055822 0.4999999988 0.5998497262 0.4983163291 0.4999999909 0.4990997323 0.5000740781
0.0000000000 0.2012958926 0.4999999668 0.3000874024 0.4999999717 0.5000055822 0.4999999800 0.5998497262 0.4983163291 0.4999999909 0.4990997323 0.4997966656
0.0000000000 0.5932496223 0.4999999912 0.3000873819 0.4999999717 0.5000055822 0.4999999988 0.5998497262 0.4983163291 0.4999999909 0.4990997323 0.5000677738
0.0000000000 0.5618236619 0.5000000283 0.3000873959 0.5000000016 0.5000055822 0.4999999988 0.5998497262 0.4983163291 0.5000000074 0.4990997323 0.4999541974
0.0000000000 0.8512499682 0.5000000283 0.3000873931 0.4999999717 0.5000055822 0.4999999891 0.5998497262 0.4983163291 0.4999999909 0.4990997323 0.5000494870
0.0000000000 0.5404751805 0.5000000283 0.3000873919 0.4999999717 0.5000055822 0.4999999988 0.5998497262 0.4983163291 0.4999999823 0.4990997323 0.4999541974
0.0000000000 0.7695295384 0.5000000087 0.3000873919 0.4999999253 0.5000055822 0.5000000027 0.5998497262 0.4983163291 0.4999999909 0.4990997323 0.4999541974
0.0000000000 0.5263874146 0.5000000283 0.3000873919 0.4999999901 0.5000055822 0.4999999988 0.5998497262 0.4983163291 0.4999999969 0.4990997323 0.5000452993
0.0000000000 0.3871224156 0.5000000173 0.3000873919 0.5000000502 0.5000055822 0.4999999988 0.5998497262 0.4983163291 0.4999999909 0.4990997323 0.4999610086
0.0000000000 0.8513537874 0.5000000283 0.3000873919 0.4999999441 0.5000055822 0.4999999834 0.5998497262 0.4983163291 0.4999999605 0.4990997323 0.4999610086
0.0000000000 0.3014054645 0.5000000283 0.3000873919 0.5000000502 0.4998352631 0.4999999988 0.5998497262 0.4983163291 0.5000000065 0.4990997323 0.4999610086
0.0000000000 0.3758764897 0.5000000283 0.3000873919 0.4999999634 0.4997688349 0.4999999988 0.5998497262 0.4983163291 0.4999999909 0.4990997323 0.5000855421
0.0000000000 0.5985864874 0.5000000283 0.3000873612 0.5000000502 0.5000055822 0.5000000169 0.5998497262 0.4983163291 0.5000000040 0.4990997323 0.5001741997
0.0000000000 0.5900094423 0.5000000283 0.3000873919 0.5000000502 0.4999809606 0.4999999988 0.5998497262 0.4983163291 0.4999999909 0.4990997323 0.4999880923
0.0000000000 0.2217632487 0.5000000283 0.3000873997 0.4999999437 0.5000867628 0.4999999988 0.5998497262 0.4983163291 0.4999999909 0.4990997323 0.4999610086
0.0000000000 0.2910956957 0.5000000283 0.3000873997 0.4999999796 0.5000055822 0.4999999826 0.5998497262 0.4983163291 0.4999999914 0.4990997323 0.5000177189
0.0000000000 0.9266686816 0.4999999881 0.3000873997 0.4999999796 0.4999840847 0.4999999826 0.5998497262 0.4983163291 0.5000000026 0.4990997323 0.5000103424
0.0000000000 0.3330772091 0.4999999623 0.3000874046 0.4999999796 0.4999840847 0.4999999826 0.5998497262 0.4983163291 0.5000000026 0.4990997323 0.5000103424
0.0000000000 0.5431687630 0.4999999623 0.3000874046 0.4999999796 0.4999840847 0.4999999904 0.5998497262 0.4983163291 0.5000000026 0.4990997323 0.5000103424
0.0000000000 0.5782487670 0.4999999623 0.3000874046 0.4999999796 0.4999840847 0.4999999826 0.5998497262 0.4983163291 0.4999999747 0.4990997323 0.5000103424
0.0000000000 0.6761343763 0.4999999623 0.3000874046 0.4999999796 0.4999840847 0.4999999826 0.5998497262 0.4983163291 0.4999999799 0.4990997323 0.5000103424
