-16.6586662100 -5.0309592831
-16.6241524203 -5.2015714516
-16.2239919749 -7.0097982486
-16.2577881762 -6.8825128882
-19.9467108156 0.0651210632
-18.1145302438 -3.4106749542
-18.5504347145 -1.3828570498
-18.3513737390 -2.3016780013
-18.2680937564 -2.7125663163
-18.2986017220 -2.5622679634
-15.4054453808 -8.5145313331
-15.3569986580 -8.7040414172
-14.9791042083 -10.2337446601
-15.2874822417 -8.9948402306
-15.4997098306 -8.1847936754
-15.5952906867 -7.8771464648
-15.4683213649 -8.2945347188
-16.7786468605 -4.5059135618
-14.9579564137 -10.3807836695
-15.3174507841 -8.8699809104
-15.6398658585 -7.7257259325
-15.1645618857 -9.5130331548
-15.4261134668 -8.4418849206
-16.0851491488 -7.4479934055
-15.0218246237 -10.1176394030
-15.5599687318 -7.9888436670
-15.5301223838 -8.0836434379
-14.6631095964 -11.2923295275
-14.6992694972 -11.2017860289
-16.4616099778 -5.9595780142
-16.6363721201 -5.1156937091
-16.9482350579 -4.0512785907
-14.4139763098 -11.6087566756
-15.9231661054 -7.6930957038
-14.5184908804 -11.5485386051
-14.5712130955 -11.4755175126
-14.6224916811 -11.4241415959
-15.0808537145 -9.8512697526
-14.9152499908 -10.5151649765
-15.2244271933 -9.2384664290
-15.1172435530 -9.6964413134
-16.1825178872 -7.1674368038
-15.2495879375 -9.1572797973
-16.7345103048 -4.6989792782
-16.7627198359 -4.5738044523
-16.5400030302 -5.6244184421
-16.4106251824 -6.2207012457
-16.5169708770 -5.7365182375
-16.3833229372 -6.3301199588
-16.7003735349 -4.8399990961
-16.5890240896 -5.3827932559
-16.3232983196 -6.6229490535
-16.8836686404 -4.1237672697
-16.0275049053 -7.5893129942
-16.2981593064 -6.7032500640
-18.0081382191 -3.7674259891
-18.3960297379 -2.1224043424
-18.1719605071 -3.2036595709
-18.3779159714 -2.2105270802
-18.4126750619 -2.0421365450
-18.1982551318 -3.0847613280
-18.0495380834 -3.6642743568
-18.2284561166 -2.9430951723
-18.4727352426 -1.7599130696
-16.6813315218 -4.9314513534
-16.3468232244 -6.5238250764
-16.4385633542 -6.0941191919
-16.6072475715 -5.2690097682
-16.4826190991 -5.8775584816
-16.2849744196 -6.7785627484
-16.5661929818 -5.4663255694
-18.6128992418 -1.1822936214
-18.9378589631 -0.2184309362
-17.9268280341 -3.8615193200
-18.7478935118 -0.7081691395
-19.0119816357 -0.0800802990
-18.8758435622 -0.3561979255
-18.1021228607 -3.5078807799
-18.7081940948 -0.8366088857
-18.9745595978 -0.1464556395
-18.2604628870 -2.8095804252
-18.1474742816 -3.3288686262
-16.8271491803 -4.3366809007
-18.8083754783 -0.5301339759
-18.6584805959 -1.0104199028
-18.3292026979 -2.4712248452
-16.9849153630 -3.9695460721
-17.0364006468 -3.8809803273
-16.1014675403 -7.3640698230
-15.0818717317 -9.7675938363
-15.1794447447 -9.3550703520
-15.0308177740 -9.9777125392
-14.8469190265 -10.7863852498
-14.9172579157 -10.4424928289
-14.8295503443 -10.8552337715
-14.8684411765 -10.6818465116
-14.8065477182 -10.9332389561
-14.8768663008 -10.6167085886
-14.7044654582 -11.1247796741
-14.7755001535 -11.0224024080
