-1.1392148789 -0.8709256628 -1.0735741335
-0.9473876467 -0.0117224252 0.0050311717
-0.6068389607 -0.0117224252 0.0050311717
-0.5233768023 -0.0117224252 0.0050311717
-0.6670397605 -0.0117224252 0.0050311717
-1.0902872953 -0.7314378074 -1.0964816018
-1.0902872953 -0.6060917179 -1.0964816018
-1.0902872953 -0.6952930778 -1.0964816018
-1.0281324796 -0.8543332725 -1.0964816018
-1.0692901142 -0.8543332725 -1.0964816018
-1.0902872953 -0.9619857898 -1.0964816018
-1.1077712391 -1.0426952330 -1.0964816018
-1.0902872953 -0.9179780970 -1.0964816018
-1.0866106415 -1.0426952330 -1.0964816018
-1.0902872953 -1.1618778686 -1.0964816018
-1.0902872953 -0.9457538712 -1.0964816018
-1.0902872953 -1.0426952330 -1.0749770813
-1.0902872953 -0.5839500575 -1.0964816018
-1.0902872953 -1.0130177348 -1.0964816018
-1.0902872953 -0.6493257695 -1.0964816018
-1.0902872953 -0.6791610885 -1.0964816018
-1.0902872953 -0.7734172991 -1.0964816018
-1.0551327513 -0.7734172991 -1.0964816018
-1.0902872953 -0.8966043972 -1.0964816018
-1.0902872953 -0.9293755726 -1.0964816018
-1.0915186586 -1.0838396961 -1.0964816018
-1.1602748158 -1.0745359098 -1.0964816018
-1.1602748158 -0.9589341012 -1.0964816018
-0.8233246699 -0.0032499930 0.0110520728
-0.6362897419 -0.0032499930 -1.0654530791
-0.9070489104 -0.0032499930 0.0106312230
-0.6445585276 -0.0032499930 0.0106312230
-0.7994301538 -0.0032499930 0.0106312230
-1.1110692990 -1.0128343045 -1.0523481640
-1.1110692990 -0.0032499930 -0.5099933452
-1.1110692990 -0.0032499930 -0.5694050420
-1.0736941882 -0.0032499930 -1.0251393599
-1.0736941882 -0.0032499930 -0.6589740902
-1.0729488418 -0.9122015883 -1.0295100887
-0.6790393368 -0.0032499930 -1.0690215247
-0.6892719287 -0.0032499930 -0.0109814433
-1.0903620911 -0.0032499930 -0.5593053631
0.0249687925 -0.0032499930 -0.7027748334
-1.0338267825 -0.0032499930 -0.6837473693
-0.9584835051 -0.0032499930 0.0105271231
-0.5500236399 -0.0032499930 -0.0036884326
-0.8497346631 -0.0032499930 -0.0036884326
-0.7527025604 -0.0032499930 -0.0036884326
-1.0894609946 -0.0032499930 -0.0036884326
-0.9294757684 -0.0032499930 -0.0036884326
-0.8789632282 -0.0032499930 -0.0012002880
-1.0961173763 -0.0032499930 -1.0714893371
-0.0093399896 -0.0032499930 -1.0714893371
-1.1461605770 -0.0032499930 -1.1644366002
-1.0173727107 -0.0032499930 -0.0022868725
-0.4755123845 -0.0032499930 -0.0022868725
-0.5812177001 -0.0032499930 -0.0022868725
0.0062230810 -0.0032499930 -0.0022868725
-1.0546296435 -0.0032499930 -0.0022868725
0.0062230810 -0.0032499930 -0.9922815267
-1.0389892146 -0.8711720210 -1.0276057860
-1.0248695685 -0.8692637440 -1.0926056398
-1.0248695685 -0.6997545754 -1.0926056398
-0.9268982503 -0.0028803802 -0.9267136897
-0.9535874688 0.0003659727 -0.9110648996
-1.0343559455 0.0003659727 -0.0015710663
-1.1421628029 0.0003659727 -0.0015710663
-0.7759708725 0.0003659727 -0.0015710663
-0.7646157067 0.0003659727 -0.0015710663
-1.1226883908 0.0003659727 -1.1231995089
-1.0954025991 0.0000170807 -1.0889378616
-1.0690386258 0.0000019680 -1.0761599336
-1.0410757782 -0.0003522160 -1.0738263471
-1.0593125718 -0.0001600038 -1.0001365191
-1.0031550323 0.0000098839 -1.0424869762
-1.0265865306 0.0000098839 -1.0424869762
-0.9788651388 0.0000098839 -0.9312881722
-1.1075341258 -0.0000026532 -1.0324095426
-1.1075341258 -0.0000026532 -1.1011675305
-0.9185264453 -0.0000288083 -0.9793091067
-0.9589924877 0.0000921133 -0.9597609513
-0.9962555111 -0.0000489359 -0.9936037544
-0.9316995586 -0.0000491139 -1.0078242839
-0.9316995586 -0.0000179427 -0.9552965741
-0.9745826805 -0.0000572859 -1.0050891482
-0.9405510293 -0.0000083087 -0.9373048898
-0.7981968408 -0.0000241104 -1.0043056374
-0.9409489436 -0.0000014167 -1.0076377191
-0.7767745666 0.0000007932 -0.9862246980
-1.0061923355 -0.0000001391 -0.9972512987
-1.0061923355 -0.0000031695 -1.0132122459
-1.0368690175 0.0000004421 -0.9960852529
-0.9788254447 0.0000004421 -0.9889729433
-1.0989331681 0.0000004421 -0.9960852529
-0.7997932467 -0.0000030388 -0.9909009536
-0.8528709574 -0.0000000045 -0.9813440865
-0.8400239626 0.0000014999 -0.9846216311
-0.7963564403 -0.0000000435 -0.9830136621
-0.8679259123 0.0000000595 -0.9759046227
-0.8319917159 -0.0000000425 -0.9796286764
