2.2598452206 1.4384076742 17.7212501790
4.5929381720 4.7282261213 3.4121654149
1.8558217773 2.6877826594 11.3357852676
1.4080884883 4.4307895837 13.7247615833
1.3092642110 9.0641616550 12.3651105281
1.0722527409 13.5687236864 10.2162411424
1.0722527409 12.9500432648 11.5228084874
0.8884083330 15.1505418450 9.5291582618
1.3530118430 16.8916606974 8.8913615288
1.3530118430 10.8266029926 10.3687779010
14.3314761946 1.7777996099 3.2960381028
8.5633786513 1.2733378104 8.1596693015
12.2222334527 0.7571023610 10.9945970522
9.7760225006 0.5927812160 12.5223507539
18.0593173100 0.7571023610 8.2407647887
18.3502083511 0.7492649785 11.3371483554
14.4536327091 0.7571023610 10.0749234585
13.3380839848 0.6852953216 12.4833435596
10.4154118938 1.6826244981 4.5551582547
7.9122266044 12.4171167974 2.0705141437
6.3809552693 5.1681697911 2.8213284591
7.9361326338 5.8601607205 2.5501984365
8.1098178326 4.2115562035 2.0628259948
7.3622037961 16.6174401696 2.0289148285
10.0001560138 10.7716172169 1.6341944023
20.3400307487 4.0898412417 1.9951701031
17.7894618278 7.5526710379 1.6340987976
12.5988856919 4.2505434757 1.6341944023
15.1076007815 9.2542893895 1.5925953723
5.4272022503 4.0436527409 3.9596695004
1.8084380893 4.0465348563 12.5465585199
1.7871897665 11.0613032916 4.6606837453
1.8084380895 6.9184262829 5.8562321511
1.7607397140 7.3863059270 8.0408879393
1.7256029296 9.3020170559 8.6489974363
3.6561057970 16.9731510173 3.0026988827
2.8089784886 15.0283203297 3.5363936819
3.5106890531 14.1042627522 3.4103233260
2.7736142100 12.2717617255 3.5577141002
3.8134007863 10.5881540730 3.5001775970
5.7399052804 9.5190624118 2.6948486177
11.2154337162 11.4370034082 1.5564926308
5.0946615329 11.4157698056 2.7968094306
5.1060246723 7.8293903180 2.7968094306
4.5642931148 9.3418228444 2.9663142311
8.9778420918 3.3369564983 2.2194455903
3.8862513232 5.7228807755 3.6828276206
11.3967523791 1.5778258127 6.8617780510
12.2012248971 1.9296382700 3.8371795703
3.7907143407 1.4177407206 12.2219212159
2.7660916893 2.4490883187 15.3472433580
4.3486349420 1.4177407206 10.4303879319
10.5300141940 1.2591850376 9.6405195343
4.5531754172 1.0727971711 13.6419717520
10.2462308966 1.0727971708 11.1669077548
7.2728869050 1.0727971696 13.3671915848
3.6130483024 1.0727971686 19.2509138967
6.6021096483 1.1428043437 12.2470106607
7.5443429658 0.9732553787 15.9091530323
7.4113819988 1.3061596598 10.8637526658
5.0611407568 1.3175770364 9.2556048504
8.5074579433 1.3175770366 9.2556048479
6.0641802196 2.6081633438 3.8636834888
7.5041413540 2.6081633436 2.9396551821
4.7608592653 6.0313776907 2.9099850973
4.5273884448 2.1449216339 5.3489265839
3.8529260459 2.0167187900 7.3670383542
3.2798922769 2.4819476570 6.1972268780
13.7821606830 1.8254318333 3.8782812933
8.1355918040 1.9825526815 5.7296803861
9.2687427548 2.1371371238 4.2849002859
4.3663351071 2.3833195725 6.8220157837
5.6955706561 1.5978041452 5.8458300382
2.9493639409 3.2157254365 4.9009995156
2.3914727122 4.0401767033 4.1978748790
5.9044954022 2.7489384845 5.0891609906
2.3598758225 4.0703009784 5.4652489142
3.1537553140 4.1726059510 3.9867830395
3.3496829522 6.6370481413 3.7345797692
1.9728838227 5.6290984242 4.0211455641
1.6364450654 10.6293707004 8.0610132796
1.9148146547 4.1378408791 8.0026363083
3.7268295077 9.5352333229 3.5726799744
1.9728838227 2.8556193258 8.3560094690
3.6058532406 2.3995434175 10.9982626619
3.0921094145 2.8556193257 7.2820158832
1.9850685931 2.7562131729 9.7778956244
1.3144862134 12.3448911254 9.4991612247
1.4088815223 8.9215966254 10.9766119712
1.1933859775 7.9096130740 14.3852781466
1.6372643808 11.4329961276 7.3949647741
1.5455624014 4.8009604495 8.8760227338
1.7827316201 8.3814349574 7.9373492188
1.3564877687 4.8009604475 12.1608571198
1.2595998043 11.5879203065 9.5324651433
1.0639675254 4.8849588728 14.7640026843
1.0639675254 8.2782413302 13.9367852957
1.1607498445 4.8038946827 18.4637630611
1.0627613994 10.2168905876 12.2243688298
0.9167669916 14.1728181206 21.7527748860
