0.0611535433 1.2837393197
0.7445984750 0.4289970502
0.5571427919 0.5176016263
0.5949423467 0.5040250640
0.6978131339 0.4969402090
0.4676239484 0.5386286538
0.0918736725 1.1393937407
0.0895137061 1.2703541662
0.0524104426 1.5655880962
0.1585720466 1.0879674849
0.3232572095 0.8272777412
0.3664114912 0.6942328475
0.4544934265 0.6437734631
0.3255282445 0.7812940876
0.3860036197 0.6608299560
0.3400700630 0.7418108469
0.2616505126 0.9265978901
0.2679023372 0.9241851020
0.2715768189 0.8523805355
0.1772138808 1.0022125126
0.1837503230 0.9451682269
0.1355033180 1.1052474855
0.8741239692 0.1828184056
0.8129685201 0.3205345461
0.8130880263 0.3059417792
0.8299481744 0.2443687932
0.8111811922 0.3704514807
0.8348278530 0.1909252028
0.8323142614 0.2233812240
0.7426689906 0.4527500694
0.8177035213 0.2963079415
0.8879512364 0.1689448145
0.9279393538 0.1613681320
1.0865359579 0.1502812244
1.7533023464 0.1494085356
1.0776397708 0.1521692181
