1.7253159124 0.0454797834
1.2216264877 0.0794327938
1.1969299416 0.0844424711
1.1384279163 0.1028623805
1.3129129979 0.0589483671
0.5359674476 0.5518849666
0.5672823726 0.5324536836
0.4526159594 0.5811228947
0.6938376433 0.3825867305
1.0528606887 0.2327584169
0.9547633599 0.2331331792
0.7927825600 0.2366625602
0.9207567694 0.2365390568
0.7207260434 0.2742863666
0.7705158622 0.2652919678
0.7167299409 0.2978467907
0.7517038798 0.2714765836
0.7077168484 0.3149528323
0.6959195980 0.3435684721
0.6707233977 0.4756195237
0.3119186576 0.7142653760
0.4127716134 0.6514792541
0.3015139390 0.7188422886
0.3462763062 0.6969802525
0.4478288219 0.6385895738
0.2805701984 0.7802318812
0.0380590184 1.1596507338
0.0136985204 1.6977385885
0.0196917354 1.2738205088
0.0169883363 1.3314243472
0.2048578557 0.8542976086
0.1942304083 0.8670562056
0.2255857997 0.7929936303
0.0972689437 0.9474414749
0.0988641416 0.9293168237
0.1701422628 0.8833965472
0.1601689280 0.9285278430
0.0940919262 0.9534376641
0.0874050100 0.9983386836
0.0861937731 1.0309675733
0.0850621921 1.0848241644
0.0836569385 1.0941647437
