0.8503223280 1.4481582808
1.6527483669 0.3611524828
1.5395521907 0.3619766739
1.2770364528 0.3750052606
0.9724266723 0.3969626365
1.0308198932 0.3969626338
0.9698571044 0.4247693659
0.9559907584 0.5225558117
0.9646215629 0.4915837737
0.9617900996 0.5094602326
0.9646215615 0.5085428735
0.9093054572 0.5524439178
0.9093054585 0.5253530661
0.8940394052 0.5567922107
0.8845434990 0.5682134313
0.8794754932 0.6241585170
0.8794754909 0.6241585188
0.8837248516 0.5994644248
0.8667515952 0.6646777535
0.8605818581 0.7720263814
0.8610007390 0.7592518029
0.8601308949 0.7742151477
