0.9764420469 0.6611987098
1.0366363755 0.6421727314
1.0429136452 0.5579254449
1.0586284699 0.5517470079
1.0151133245 0.6516193214
1.1749236508 0.5377653213
1.2729676998 0.5154283296
1.2427152953 0.5261352981
1.6571467956 0.4929433461
1.4938503220 0.5039428545
1.1637411027 0.5394615198
1.5279386820 0.4989037396
1.5000627294 0.5037952648
1.5191610638 0.5001619644
0.2789893267 3.8151650127
0.2913051646 2.9943109020
0.2940485119 2.6325537022
0.6090761710 0.8861726210
0.6260149152 0.8772498443
0.7334891747 0.7197641326
0.7744962358 0.6780246092
0.7613889663 0.6780898208
0.7604237067 0.6905776083
0.7571567062 0.6957344050
0.7197601895 0.7246878693
0.6568826135 0.8669919549
0.7179507675 0.8112263164
0.6763521095 0.8141599688
0.6897006703 0.8131794777
0.6763518448 0.8195347545
0.6953584001 0.8120506645
0.4931448442 0.9218776424
0.4830638201 0.9235474319
0.6071053973 0.9217548114
0.4830638157 0.9239339522
0.3478298616 1.7694589208
0.3442292704 1.9645425216
0.3600280514 1.6816537459
0.3635476184 1.5657154658
0.3635594322 1.1991649697
0.3636646128 1.1882993271
0.3560121642 1.7573855771
0.3641945986 1.1826186258
0.3635705025 1.1991568714
0.4000020132 1.0949832077
0.3603750992 1.5849248623
0.3980839337 1.0982863917
0.4024241688 1.0803045767
0.3905884876 1.1275637572
0.3842715523 1.1352287496
0.3841996724 1.1400178543
0.3841740208 1.1419466335
0.3860165430 1.1327374349
0.3906835511 1.1248270855
0.4332505213 1.0106240712
0.4076973721 1.0635604114
0.4115567662 1.0491685253
0.4115568001 1.0491683365
0.4115567571 1.0491685414
0.4292700842 1.0203212008
0.4064326656 1.0746015709
0.4261660346 1.0210248047
0.4202714704 1.0331201126
0.4208882447 1.0263764652
0.4177219106 1.0447421014
0.4385926166 1.0068069342
0.4433318423 0.9997349841
0.4475215877 0.9611636493
0.4471347982 0.9613401300
0.4481835056 0.9469055573
0.4481527139 0.9505102557
0.4481527191 0.9505101977
0.4481527212 0.9505089647
0.4481554464 0.9472499306
0.4481554445 0.9472499334
0.4481636484 0.9472499006
0.4481854960 0.9468843967
0.4482058102 0.9468840478
