1.1181091395 0.3315099798
1.2504958209 0.3142775525
2.4657074124 0.1063405943
1.4076021070 0.1063705324
1.3082661930 0.1542131697
1.2740657234 0.2149032821
0.6463013341 1.2685409752
0.6440364730 1.7692700324
0.6484261059 0.8732482388
0.6528030043 0.8443649286
0.6532094958 0.7156891158
0.6603158301 0.6238346795
0.6683891046 0.6088760687
1.2523399453 0.2382721845
0.6907695636 0.5747873905
0.6982051150 0.4381437546
0.6920044011 0.5002338592
0.7111070277 0.4240089389
0.9602583902 0.3789019395
0.7590933524 0.4108814845
0.7625685133 0.3882613109
0.7540371374 0.4178611238
0.7631982454 0.3800802136
1.0973321048 0.3772955110
