1.4015201431 0.0482662943
1.3513296299 0.0849856249
1.2678562826 0.0860780128
1.2080455717 0.1381769931
1.1247876618 0.1960429576
0.0679590837 1.3689679922
0.0697802201 1.2920052765
0.0425794591 1.4291638096
0.0361256113 1.4393790777
0.0322259511 1.4539551183
0.0304784820 1.4818153111
1.0701387323 0.3227729969
1.1231256761 0.2838442546
1.0720928560 0.3014592383
0.9014370037 0.4939433934
0.9028118383 0.4790213307
1.0952755868 0.2862620025
0.8685911349 0.5227924715
0.8826434578 0.5016285753
0.8778091250 0.5107991703
0.9045862488 0.4338260582
0.9628933745 0.3232230216
0.9417549865 0.3567941304
0.9087625902 0.3607130239
0.1011399452 1.2175236131
0.1399966877 1.1652922164
0.1139333858 1.1800988067
0.2411607578 1.0970730569
0.1781091383 1.0983914829
0.1646614883 1.1121247699
0.1542037384 1.1558334613
0.3267474927 0.9361799914
0.3183614335 0.9710340509
0.3344632084 0.8417020006
0.3686695403 0.8006102811
0.3944791296 0.7555938671
0.4225855802 0.7049691171
0.6922105488 0.6936405209
0.5652682388 0.6936737575
0.5087880304 0.6940383992
0.6962813500 0.6934598692
