4.6086241891 0.6945872094 0.1964573820
2.1497216418 0.5725119516 0.6650974947
0.5553313825 0.5133112868 1.7270050712
2.9881539568 0.8185274474 0.4309228425
2.8531142300 0.5361799021 1.0877409716
3.1692801887 0.3613280877 0.8683372631
4.3575597095 0.3219975819 1.2410318435
3.8363182603 0.4610077232 0.7587796981
1.0278702840 3.7827760012 0.4913187230
1.0047107519 4.4062882390 0.6324357095
2.9348892080 1.1748097714 0.1258407957
2.4007894048 1.2041594952 0.2978980583
4.3226115514 1.0393199813 0.2777993062
3.6152069663 1.1116694317 0.2619737236
2.1641134439 0.1333090190 2.1508610266
2.6576807004 0.0707993291 2.6275976135
3.1873285858 0.0643978794 2.9816518099
2.5487197880 0.0707993291 5.2442515575
1.5422973677 0.0745788577 5.1717850706
1.6645921079 0.0743303702 3.4034404717
2.7600755922 0.0372572989 3.2292695138
2.8767832927 0.0367853599 4.6426796716
1.4549085445 0.0825975467 2.7723895351
2.4740605093 0.2614341977 1.3244932211
4.0064403031 1.0784276565 0.1092986567
1.2398858069 0.0966501226 3.7103717384
4.2394257553 0.1032661210 2.0204300313
2.6363370973 0.1032661236 2.0670100395
1.4545287711 0.1032661236 3.1495908950
1.9409505431 0.1822652899 1.9196106296
0.8393729504 0.2023333732 1.3585665817
0.7538999293 0.1042170919 2.4158870616
1.2596690485 0.2001583003 1.8678546655
0.7362823898 0.1042170974 5.4713393213
0.7202108772 0.1377524890 2.9822746647
0.3033291982 0.1540074178 3.5326509822
1.7585833321 0.1761613976 2.3191352287
0.1835858701 0.1869516105 5.3244926862
0.2342020384 0.1793872089 5.0461593901
0.1520219850 0.2866288340 3.7873173009
0.0415500716 3.2964012658 4.8924652838
0.0970353225 4.1776687944 1.9015573332
0.0639631396 5.0906623714 2.1027247577
0.1630406405 1.1726950114 2.3956990714
0.1965686135 0.3032069482 2.7474976248
0.0429645419 4.3740619299 2.5722314324
0.0932738251 0.4389442128 3.1198111819
0.0415941801 2.5210888537 2.7074133547
0.0673799013 4.5705819856 2.2350444934
0.0429645443 2.1912161004 2.5931582029
0.0541307764 0.4187029531 4.3374359356
0.0874321464 1.9543669666 2.0401137836
0.0873358839 3.3010996052 2.2024207534
0.0602050878 3.7538233699 2.3038513959
0.2183457092 1.0237972272 1.9266693930
0.4157663706 0.6265158861 1.9362866050
0.6767482971 0.7822570929 1.4335747823
2.0434530341 1.3767833839 0.1236471814
1.4618883787 2.2633511190 0.2284512951
0.3704881002 1.7347010716 1.3089229480
0.2724430233 2.0623289543 1.6465882897
0.3704881009 0.9121570049 1.4227314773
0.2323748451 0.7931158043 2.3771280913
0.3945079376 3.0829113515 1.1591316316
0.8583099184 2.7399060291 1.1470574903
0.4169204398 0.9655716895 1.1526485201
2.1233999263 1.0004564655 0.3747784688
1.6592461706 0.9005845492 0.4091844572
0.7306216317 0.3953314635 2.6220029365
2.4810321336 0.9005845634 0.3476482356
1.6379106161 0.9373573419 0.8107404491
0.4345303414 0.6212149344 2.3781939046
1.2933628059 0.9758201334 0.9194408655
1.4450641867 0.6816163698 0.8268258146
1.2433480051 0.6791781286 1.1595675407
1.3459883108 1.3291408840 0.5665838034
1.1634131192 1.6600997708 0.7303054495
1.5595904484 1.8787490500 0.2147178970
1.3954530189 1.5373986762 0.2406677026
1.4287134261 1.1687502372 0.3570744135
1.0967822634 1.7253316334 1.0711945883
1.1943530273 2.5523538286 0.0991173428
1.8024278997 2.3322754583 0.0991173428
2.2801417992 1.5309826517 0.0606637260
1.1937315836 1.7917174706 0.2531110346
1.2821324257 3.6194765917 0.0868087955
1.1346851425 2.1313566855 0.2531110346
1.1346851425 1.4608152381 0.9667356479
1.7548379494 2.9391041767 0.0681479808
1.1263527763 3.5136021295 0.3131435863
0.2830542415 2.2806197705 1.3131435933
1.1003535279 4.0050863303 0.3131435969
1.0655201937 1.9940683058 1.0445203627
1.2047140344 1.2229873828 1.1350958663
1.0870147635 2.4545087023 0.8820615184
1.0087456235 3.0842004772 0.6605461478
0.2590397028 2.6049164887 1.9039394020
1.0087456056 4.1141125937 0.6669863372
1.0087456235 2.6675377116 0.7064488722
1.0841852002 2.9251615152 0.4451722162
