1.6171379361 0.7686907956 3.6697540631
0.5986602612 0.9328710558 5.3029766909
2.4096449604 0.4215147549 4.6124263322
0.8879659831 0.5483070341 4.2906769198
2.9702877089 0.4287387798 3.2148522749
2.4866242964 0.4287387798 4.2474241658
3.7939861398 0.5024165113 2.7753965759
2.2462539477 0.6857552367 1.0749443066
3.0991482400 0.6660179267 1.7040267829
2.5353841902 0.5680222043 1.9553330288
3.3729662060 0.3510392843 4.2305731512
4.2493514923 0.5680222043 1.6576384716
3.5019928771 0.2915633382 2.9179251707
3.2414170148 0.5491368639 2.7557518469
1.9564174213 0.5680222043 2.0162066830
4.4946343804 0.5030506141 2.0162066830
2.7464768902 1.0597528649 0.9128665326
1.4777315762 1.1412656589 1.2619449607
1.6817929645 0.9792068393 1.5625449928
1.6127678765 1.0092581601 4.1406554024
0.5241010376 1.0693582983 3.8465891687
0.0566807230 1.5781022755 2.5525155813
2.2141830781 1.1498302101 0.6583531964
4.7757515593 1.0899945988 0.6583531964
3.9930322837 1.4736461707 0.4144757950
3.3760949369 1.2093500106 0.5482170052
1.4419836371 1.2997078594 0.6040003697
0.6745602632 1.1475902099 0.7723341505
0.7868311861 1.0460991456 1.4683870998
0.5483623847 1.0437550368 2.3905655874
1.5320869047 1.0437550368 2.0010993270
0.4517736931 1.1090484127 1.8308319563
0.3756347918 1.0756862427 4.6138175706
0.7779147081 1.0305852233 4.4368238470
0.9348892491 1.0333106329 3.8482433101
0.3443707566 1.0889849213 8.9420397974
0.1578568182 1.1930358609 3.9628212135
0.0968633234 1.2148204584 3.2173892493
0.0535925259 1.9380702276 3.4763167000
0.0535921210 1.9380705558 8.3405151682
0.1908781540 5.1214577369 0.5318408530
0.7305691748 9.6414636642 0.5183362175
0.0666488983 4.6680620247 0.5564496319
0.0572765389 2.4047332222 2.4792654825
0.0704708784 2.4320225153 1.1429860584
0.0637814971 2.7717207283 0.9932031477
0.0518207795 3.6534599260 1.1757827350
0.0411976727 3.2305975859 3.3731721893
0.0411976727 1.9496008355 7.5980095939
0.0411976333 3.2305976712 1.4162784013
0.0411976333 2.8509017652 3.8567019587
0.0540689457 1.6646728867 4.8471762896
0.0304054052 5.1930723292 4.3772870416
0.0319924969 3.3241254369 4.3750493928
0.0319924902 3.9127613730 1.5355756394
0.1214160573 1.7690116068 1.4679347716
0.2835729205 2.4592251417 0.7856779327
0.1660034144 1.7013633967 1.9632394389
0.5410881393 1.6546816010 1.4141186270
0.5519636604 2.9295335662 0.6219552734
0.9278295535 6.0826042815 0.4534397505
6.2481405203 1.7336457381 0.3988481303
3.2592178885 9.8296113289 0.3851318830
1.9102111905 11.0617434455 0.3887652140
3.7514785107 4.7069942876 0.3888391704
5.3215502572 3.7631400317 0.3888391704
3.5215962993 7.6153467590 0.3834778152
5.5960268085 4.7539963183 0.3771228571
2.9698116851 2.3539684243 0.3921063320
5.7126204133 2.1076762145 0.3905092165
1.8030671065 6.4065258522 0.3921063320
5.0631303435 6.8610921380 0.3790494503
4.4697372964 9.8908537405 0.3738294024
4.1195176043 6.3773234904 0.3832927793
8.5936190604 3.7857724853 0.3865378702
1.9397631786 5.1657326531 0.3865378702
3.8580397433 4.2023293386 0.3864299231
5.2737418492 4.9863752032 0.3845771625
0.8646096915 5.0906649915 0.4779342006
0.9814532230 3.1586425630 0.3928788989
1.5402138879 5.5657042512 0.3928788726
4.4749341830 2.7000185472 0.3902029015
2.6530869014 2.3775090822 0.4122768911
2.0271825112 1.8422616960 0.4561006898
2.1018441665 2.3832950758 0.4540678947
2.4002488755 1.9693099795 0.4197960711
0.9621002646 5.4954488974 0.4551546553
1.5692648700 2.5194584550 0.4235966341
0.8693016047 2.5194584550 0.4589552128
0.7255212121 3.1612541992 0.5568336982
1.0848784722 1.6600529859 0.6616400370
1.2999252572 2.1311538294 0.6067807212
1.2081801806 2.4949874010 0.5341306175
1.7739991662 1.4627338882 0.5341306168
1.4588906395 1.6262934339 0.5341306162
2.3394793661 0.9848321173 1.0573865008
0.7805377044 1.6521885658 0.7076911552
0.3260847898 1.8980437688 1.2345314845
0.4587744620 2.2047095583 0.7984366933
0.4587744620 1.7593350682 0.8953453667
