1.0981115379 8.3215330259 0.6522263497
1.4667327350 3.6558271151 0.0967291718
0.4952904064 0.8832741059 1.6509815616
1.4700953410 0.6044804273 1.1652552355
0.3841390393 0.4514363760 2.2693699546
1.3812187831 0.2954528588 1.2669535857
0.2146644697 5.2535907918 1.3152429107
0.1532604524 3.1277511463 1.7316859387
0.0644840205 1.6480143919 4.0837262499
0.0644840140 2.4771476088 3.2397514498
0.0673831316 2.0916382094 3.9946122670
0.0891132934 1.4532995084 3.2016005972
1.1954595280 0.9976551007 0.9605737335
1.2946325328 0.4705359190 1.4916064163
0.1621666117 2.5390204547 1.9562832228
1.3170833694 1.4448081047 0.8021685117
1.2263216423 2.2647682341 0.3837165993
1.2154127396 2.8241824756 0.3837165993
0.4458622206 1.6979088572 1.7927013694
0.1183730863 1.9531270413 3.0918412596
0.7303372785 2.8712689192 1.1196622801
1.4569128540 1.0483575314 0.2752459677
5.3135241874 0.2689315088 0.4945227755
2.9207618207 0.1972170081 0.7404711853
3.8188560404 0.1075500896 1.2342680826
1.1026672663 0.0417965424 2.9374123316
3.4542651310 0.1541094892 1.9533886247
3.2281053491 0.0371615391 2.4014806271
2.7908117369 0.0334604504 2.5265326627
1.9264298238 0.0229618210 2.8943306351
3.1556281474 0.0224900884 4.5848295833
2.7788426207 0.1028210994 2.0884211800
2.5651165481 0.0571462111 2.3121108774
1.8983248822 0.1394108527 2.3379649367
0.8778742524 0.0403997284 4.4066236207
0.8325906458 0.0482278230 4.8170456504
0.2969233634 0.1024191769 3.8806327233
0.6743899537 0.2487753431 2.8916466436
0.2176288038 0.2849031708 2.8781777203
0.2743550823 1.0810253530 2.3705404034
0.2176288038 0.6966377767 2.8082666696
0.2176288079 0.1489477019 3.3159325730
0.2285754607 0.1343212581 4.7550880935
0.8650849632 0.0880347756 2.5937368479
0.5743904022 0.8365401120 2.2084876524
3.7697315215 0.0880347756 1.8953509808
0.8957208845 0.3937163234 1.7870928070
0.8352025819 0.2329633236 2.1793898142
1.8031735209 0.2401461758 1.0996385629
2.2908240843 0.2025494231 0.8507598736
1.3603710631 0.2434735904 1.7834797959
1.5534512593 0.1766555449 1.4822412295
1.9484052944 0.1673739105 1.5909841451
1.5283784106 0.1735909960 2.3580151629
2.3932472098 0.1836080921 1.4199514169
3.1452086825 0.1658229417 1.6291919366
1.9433826528 1.5252336757 0.2424783078
3.3908467169 0.3557071297 0.7081850690
0.7555639065 3.7004786929 1.0844986294
3.0375138495 5.5672966716 0.0465370370
2.4615916409 0.5221088968 0.1557236279
3.0369152782 0.4251897294 0.0818311887
2.5588654074 0.4251897323 0.4295249633
2.9883729636 0.4429023307 0.4235431067
2.8912532392 3.0029438334 0.0481542074
2.6298302516 0.7668806897 0.0541304465
2.5392074514 1.2370696530 0.0575170418
4.2681403627 2.2843415137 0.0489517891
4.6519041851 1.6596648186 0.0427868006
1.9892767796 3.0286503878 0.0601002455
2.1240042484 3.6258436325 0.0534511193
1.1271066270 2.1853699910 1.0535560372
1.7830089346 2.0703570983 0.1240340441
2.3201480251 2.4538824034 0.0496276225
2.5024912377 2.2090869721 0.0496276225
3.6998214722 1.6282528978 0.0496276212
2.1698045501 0.6435845477 0.2745799390
1.7415027940 0.6609880137 0.4038062172
2.0071738666 0.5201732801 0.5054633053
0.9008810745 0.6452854215 1.6119465258
1.1066599700 0.7369504750 1.3289909402
0.8681726287 0.9500812808 1.3640547337
0.8681726287 1.3839232557 1.2135242726
1.2237086451 1.7537574711 0.8683020720
1.1696906144 2.7374697533 0.7440207390
0.8113361832 1.5414959016 1.5083398583
1.0470726132 3.4072127076 1.0839763154
0.5467890983 3.1602273278 1.2178680803
0.6094714908 2.6168741184 1.2000059801
0.2426301215 2.7188020569 1.2899206618
0.2426301215 1.2290903160 1.9333950683
0.2468329984 1.7037283872 1.3070787929
0.3769142304 2.0074662634 1.2407318699
0.2299482294 2.2312792091 1.9166960508
1.4029767537 1.6103799432 0.1991191714
1.1450126389 1.5476730260 1.0938247079
2.2276013226 1.4551262191 0.2215142312
2.0997074612 1.7104133072 0.1121844979
1.7781763507 0.5958254877 0.8885914472
1.6917895606 0.9872005486 0.8409024915
