0.6523028948 7.7915018542 0.6485323343
0.8409190971 6.3035885591 0.3724120525
0.2583637487 5.0175654355 0.8173737826
2.0893569054 0.1818772597 1.1481237428
1.0734206456 2.2991734905 0.7303073832
0.0734206456 3.4142349061 1.7303073832
3.6329868272 0.2042530115 0.5474155135
3.4218111271 0.1338244895 0.8597985944
2.8925915436 1.4049835244 0.1925170317
4.9224977969 0.7386525394 0.2315767107
4.0548933873 2.1107046477 0.1291933474
4.8082199586 1.2841752879 0.1582438149
5.5845261823 0.2990214255 0.2776366284
4.2616455143 0.2621238066 0.2902720508
1.1596295586 0.2322783702 1.4619174685
3.0282437555 0.1607317140 0.8219378072
2.4575005101 0.5741356151 1.0255604983
1.3920808356 6.0701321116 0.2696567701
1.7029038606 4.6298216341 0.1982421237
3.6572243252 2.7044742371 0.1365747185
4.1623628568 4.2323211736 0.0962925057
2.1993202044 4.5106985769 0.1126349702
2.5399832146 4.2741290038 0.1126349702
0.8920600526 4.5281828998 1.0640697154
1.9140591275 3.4442709561 0.1418303030
3.9841812790 3.4924598892 0.1272597295
2.3250036564 3.9309119598 0.1390207412
1.7749691824 4.0394717715 0.1422842625
3.0193463814 4.1449566627 0.1358240182
3.3100715621 1.6799685919 0.1418303030
2.6160292889 1.6799685924 0.1566330227
2.3099120941 1.3719102365 0.2859450596
3.5227834481 3.8726084130 0.1371768095
4.1574340721 1.4047184585 0.1733540958
1.4605399509 1.4098122822 0.3250315729
1.0742878392 1.3438799534 0.5893912391
1.7680965007 0.6320228720 0.6167930021
2.2447991858 0.7367876678 0.4973890911
3.1337992396 0.7367876678 0.4321738945
2.7908772610 0.5139591900 0.5695120468
2.0116055446 2.8153019928 0.2693675845
0.2361448074 1.1165213232 1.4829767129
0.4700584763 1.6688314248 1.4414809364
2.1473048890 2.3191431104 0.1655251790
1.0672517711 2.9434281297 0.8984198510
1.4232983749 1.8870663934 0.4331521487
0.3438699209 2.4771261058 1.3957555634
1.4267047658 2.4890487813 0.3648584263
1.3088780961 3.1037835905 0.2848539850
1.0944503915 3.9822084772 0.4599237745
0.4489617339 4.3134404910 1.2848539850
0.8629510019 2.4191918259 1.2608435095
0.7562191536 3.4514822053 1.0661516510
0.0604672071 1.7131557404 5.4183537241
0.0366985311 2.2609542473 4.6656384348
0.0236659477 1.8678167474 4.8552357071
0.0665736027 4.0130700357 2.8195989215
0.0545449139 3.0726735677 2.8223688094
0.0435744352 3.8595918319 4.3804517985
0.0523254987 2.3428495287 3.1659281565
0.0667584665 1.2688605052 4.1862644793
0.0983670596 2.6943507474 2.2665840105
0.0987819579 1.8714677619 1.8245561309
0.0987819579 2.7541163621 1.8056734200
0.1286742698 0.6924231983 3.5151733085
0.1376409365 0.9915363670 2.7806882918
0.1708049857 0.6157214888 4.1366555318
0.0960267516 1.6772298118 3.6499739047
0.2092783033 0.3856814964 3.0265320877
0.2673191896 0.2433739983 2.2676340544
1.5579157500 0.0686306514 1.2382754076
2.5292895823 0.0363286937 1.6425129258
0.7627584423 0.0317354310 1.7011819244
0.9080708215 1.0114061551 1.5025415204
2.9577673671 0.0349239487 1.5670145787
1.7059150131 0.0302544053 2.2343057201
1.2092874287 0.0302544053 3.0428796581
5.0175199474 0.0359900881 1.1388980377
0.9145116618 0.0264244084 3.4942102520
1.8954316007 0.0258861591 3.1629561801
4.9745536586 0.0189514352 2.5144499366
2.7281296621 0.0213395607 3.5314819261
4.1540535438 0.0246773187 3.4682623841
3.0559878041 0.0123538384 4.7293087920
3.3549466863 0.0191390090 4.1914091715
2.9351441540 0.0088533999 6.3575073719
2.5756292251 0.0255869355 2.1637956767
2.3499531505 0.0193153813 3.8826582769
0.4385299746 0.0193153813 4.3000095856
3.0929677425 0.0254947038 2.8393441773
1.5128681154 0.0208646439 3.9969252283
0.2664918553 0.0496160470 3.6930896656
0.3783877294 0.0428156284 2.7165913787
0.6981247195 0.1537856351 2.2470496075
0.5204556203 0.4962503056 1.9461533484
0.4567068766 0.7971043822 2.1712749644
1.2955953376 0.9227152824 0.8720301593
1.5210530309 0.3897621385 1.4560884165
1.3086248063 0.4772613584 1.0750028237
3.7575138296 1.0755739567 0.4222729179
