7.2532948185 2.0755116444 0.5665151459
8.8261157221 2.1065601235 0.4719506550
5.9690802930 1.6367309424 0.6333111986
4.8462044245 2.1508382045 0.4385002951
3.6433636475 2.8713085977 0.5681628727
2.4712715734 3.2590106128 0.3323995447
3.0630992944 3.4998254337 0.2302450076
4.6060555789 2.6970034963 0.2969622834
4.2017364254 3.5536248030 0.2151432490
5.4766596636 3.0221667107 0.1571202122
4.4486887747 3.3382819325 0.1571202122
3.1011932664 6.5438525343 0.1134242147
6.0935553048 6.5438525343 0.0872147975
4.0721962297 9.4387279848 0.0868964276
4.6791017422 5.8836134394 0.1259857269
2.6576490946 4.1767494890 0.1327391589
1.7157882993 4.4853525224 0.2105349164
0.9824169996 0.2726866596 5.0172864235
3.6919478714 0.0771977171 2.4517465956
1.2556441994 0.4061768280 2.9322134607
1.8182172588 0.1561240402 3.3100322685
0.9885319708 0.1561240402 4.0881278038
1.6214985595 0.1950297343 2.4295017892
2.5826005622 0.1264261094 4.4591744185
1.8966658650 0.1408758295 2.6627536096
0.1392464037 0.8952623480 3.3537836726
0.2054376081 0.6125524615 2.3915623528
0.1850851249 0.6125524615 3.8928631056
2.4064909488 0.1517755365 1.9193410160
1.4896537211 0.1517755365 3.3763301004
2.2129325901 0.1496948167 2.4892828014
2.9076846015 0.1490624889 2.0796004058
3.2953508300 0.1517755365 1.7992626763
1.3358745822 0.3149775141 2.5049010046
1.9633378132 0.2000394039 2.2202539904
2.0956420648 0.1793254484 1.5556339569
3.1297378068 0.1793254484 1.1628665388
2.0888507553 0.2695007069 1.1781975182
1.4256370723 0.4134598630 1.7545773326
1.0563438274 0.4723289055 2.1077627187
0.9501124594 0.4012720938 3.1643325912
0.8444770094 0.3966667698 3.8954098116
0.8990929903 0.3014637712 5.4765536659
0.6784666063 0.4379612997 5.8304952677
0.8058748903 0.3966667698 4.6064453097
0.8587718620 0.3952568679 4.2218337607
1.2823322307 0.3809130343 3.2754897720
0.5922946147 0.4554755136 2.6646243279
1.6505607432 0.4537003483 0.9446492730
2.4726695062 0.4390601256 1.0948463624
4.4186183883 1.0685974710 0.7650179145
2.1283453815 0.5699751484 0.9439785109
2.6876330884 0.6264198568 0.8552233166
2.9718686593 0.7845617327 0.8435999648
0.6604254918 5.4813648939 0.8494246355
0.5884204192 1.3723235103 0.9153510343
0.4271381786 2.7713043641 0.9153510343
0.4004305048 5.2698071856 0.8987998243
0.0944466278 1.1684483236 2.7883759655
0.0792124651 3.3414043091 2.8122830294
0.0805539996 4.4819722539 2.2920469594
0.0958311715 1.9463423198 2.2594530647
0.0804492755 5.2265435872 2.4739636640
0.8548873662 5.2755999548 0.6863088608
0.5792483380 3.0375996450 0.9135508770
0.5296230556 0.8259274207 1.0341796042
1.4136516434 0.7125952138 1.0222308902
1.6713458814 0.7902275272 0.7761448471
1.7076945554 1.5392753035 0.7112188131
3.2508810959 2.7549973268 0.6446206103
4.3937606797 1.4830779073 0.6685168262
0.9974692401 2.9484629845 0.6604872010
1.9926407108 1.2175461833 0.6783888419
1.2524300553 1.3521921823 0.7235688375
1.0653991676 1.4952014961 0.7235688375
1.4835339659 0.9299838920 0.8312421093
0.7046355100 2.0106316611 0.7976530769
0.5854179793 2.3998464966 0.9269355749
0.9056574634 1.2934088261 0.7746409484
0.7549181695 0.5987594826 1.3781559572
0.4115945934 0.5271371987 1.6676107962
0.4525703483 0.6297955505 1.3245656444
1.0282120718 0.5135464597 1.6385805405
0.3146654909 1.0161454277 1.3584904449
0.1744548541 1.1264395213 1.1938577565
0.2155263026 1.4921689140 0.9723728870
0.7603225104 1.0872606782 0.9773383405
0.2878092638 2.1540184631 0.9270603079
0.1744756736 1.7144972332 1.0328298625
0.1744546662 1.0829356365 1.7094958665
0.1327003037 4.3165965275 1.1965137799
0.1646223213 1.6676358233 1.2815624616
0.1503321365 1.7737214068 1.7534380963
0.1641225193 1.4965269086 1.6410777109
0.1570283218 0.9027566785 2.3063040520
0.3311959155 0.7857667332 1.8520477924
0.2369877105 0.5258160652 2.0565435974
0.2021977626 0.8417012665 2.6611911794
0.2369876945 0.4706050898 2.6385787745
0.4089354432 0.4516366196 3.6920250971
