0.7950571345 0.1962583248 4.0168729811
0.4499649887 0.1962583248 5.9596419833
0.2529157396 0.3287225358 3.4105968577
0.1402240595 0.3934336850 2.2957219952
0.0705846344 2.5830820907 2.5015730700
0.0999007310 1.6166742755 2.6929093339
0.0513489701 3.3457992869 3.5967366243
1.4073903927 0.0833127777 4.9050662938
4.4292366097 1.6674358964 0.6546055284
4.5271424163 2.7580429747 0.6507559845
3.5118900314 1.4307026835 0.6860116681
3.2054273691 3.2775550834 0.6546055284
2.6858114077 3.4500683173 0.6546055284
0.3980293901 3.0235161369 0.7709848120
5.4746459551 0.1907728395 0.8441139641
3.6621309886 1.9308009507 0.6769660713
3.8942987203 0.0988689436 0.8461848082
2.4661653640 0.0988689436 1.2043983645
2.1669387031 0.1119634344 1.9568719989
3.1484756915 0.0509232586 3.2927429169
2.1843115333 0.1096695235 2.3193305443
1.8512704417 0.1571971534 1.5392562864
2.0703790299 0.0789494939 2.8292803367
1.7051449218 0.0990856617 2.3593643145
0.8103953385 0.2268756979 3.5697906479
1.2931237366 0.0946626527 4.1437221173
1.1992512895 0.1100260083 3.7418842753
2.4705764331 0.2442903783 0.9337261692
5.8543479864 0.5022302497 0.8101719477
0.6525432493 1.1635643096 0.9447739101
1.9850743763 1.8981743129 0.6961843678
1.6318312016 1.8377980664 0.6961843712
1.5001000619 2.7678866026 0.6961843629
2.9452325773 2.7205595622 0.6820926126
1.2735172733 4.3790100275 0.6781527191
1.6797435260 3.2654298316 0.6953701278
3.2967458281 1.9058090080 0.6952496048
3.7269435061 0.5238313385 0.7887612068
3.4672124471 0.3111631259 0.8627503375
2.1604349097 0.5080109480 0.8915349556
0.9755734676 0.3074376561 1.5633764108
1.0367599937 0.2966338975 1.1247018746
1.7839309809 0.3011522876 0.9582382208
2.0058487373 0.2606930096 1.3279571237
1.9276901841 0.0871515380 4.4046275214
1.2247366499 0.1609700910 1.3663333002
0.8243610719 0.1609700910 1.8446491364
0.5451930993 0.2459157790 1.8446491364
0.5451931119 0.5319002487 1.6836165385
0.7623287406 0.4690103226 1.7803808136
0.4430428317 0.2720555311 4.0246572530
0.5577423995 1.3906022160 1.5388503162
0.4731110208 0.7602560205 1.5581707423
0.1634358264 1.2050863065 1.5689219503
0.7455855507 1.0044610225 1.3654325628
0.3773028606 1.5292219051 1.2676952977
0.0793561894 2.2952846573 4.0079393038
0.0514297529 1.8210156803 5.0459221070
0.6778879486 1.7479355103 0.7882345978
1.2547375406 1.6986931919 0.7318143604
0.6812446923 4.2628977650 0.7249675418
1.2549640669 1.4502694992 0.7573562260
0.9054540915 0.9826907408 0.8460761636
0.9051755268 0.9421211704 1.1161773399
0.9153270233 1.8593089482 0.7811382925
0.9208294563 0.5779937606 0.7915417687
0.9360765647 1.2507415100 0.7585920738
0.6391342115 2.0281441553 0.8371067042
1.2583063885 0.7780376589 0.7257600066
1.0135660693 0.5699905476 1.2052180572
6.0408369410 1.2567291780 0.6992400007
1.8363951078 0.6258574862 0.7625209440
1.2898514747 0.3860919991 0.9163232583
2.8641068216 0.3860919997 0.8425725890
1.1999367516 0.1593488382 2.5707745743
2.4016434868 0.1019191265 2.1620429157
1.6657984222 0.1593488206 2.6783813232
1.1195404412 0.1376392077 2.8280252940
1.4146033423 0.1369697569 3.1757838854
1.0506079550 0.1560175917 3.3767940664
1.0383580470 0.1376392053 4.2387214938
1.5531771944 0.1280745852 3.4423873856
0.1565763131 0.4961160096 1.9441996174
0.3319734745 0.4858537117 1.8180295114
0.1258244801 1.6215291403 2.0354057567
0.1094469532 2.0133306939 1.1743530056
0.1095674205 1.8234270551 2.3200015846
0.1064342678 2.0967353500 1.6310256684
0.1064342678 2.2291063123 1.4970342052
0.0973950154 2.3648018777 1.2830973022
0.1012483843 3.2845811265 0.9771369605
0.2808549224 2.2392320492 0.8318027895
0.4076117390 2.1943837126 0.8318027895
0.1521950160 1.6064679124 0.8650172009
0.4690618752 1.8689034916 0.8586911488
0.0828652272 2.9072286239 1.3084011853
0.0740294384 2.3816492265 1.6778515956
0.0828652272 2.5788610783 1.3535887191
