0.0000001471 1.0000763591
0.3561978316 0.6027465546
0.3599949203 0.5668494134
0.8516689472 -0.2682665175
0.3445629248 0.7397281648
0.8686177813 -0.5980840164
0.8549185198 -0.3522907484
0.8554068011 -0.3641890076
0.8770168534 -0.6436415391
0.8769558183 -0.6436235335
0.8769553414 -0.6436233828
0.8769553452 -0.6436233840
0.8769554644 -0.6436234217
0.8770774294 -0.6436537712
0.8751244050 -0.6409479992
0.8753690225 -0.6415457326
0.8752469522 -0.6412567425
0.8762230527 -0.6430501913
0.8762840730 -0.6431228565
0.8762850267 -0.6431236919
0.8760399324 -0.6428124345
0.5257439320 0.2897667791
0.5417724564 0.1647177946
0.0000001369 1.0000763591
0.0000001360 1.0000763591
0.0000001434 1.0000763591
0.8760473233 -0.6428231682
0.8760473159 -0.6428147296
0.8750707534 -0.6408077317
0.8750707683 -0.6408077714
0.8750860271 -0.6408485106
0.8752081197 -0.6411704016
0.8771611814 -0.6436628853
0.8771612410 -0.6436631525
0.8771611851 -0.6436631492
0.8752081235 -0.6411704108
0.8771612485 -0.6436631530
0.8771002133 -0.6436571882
0.8751470883 -0.6410160271
0.8751471032 -0.6410160653
0.8751469840 -0.6410157593
0.8751469803 -0.6410157497
0.8751472187 -0.6410163618
0.8751476955 -0.6410175858
0.8751476993 -0.6410175954
0.8751476695 -0.6410175189
0.8751324107 -0.6409782109
0.8751247813 -0.6409584484
0.8770779063 -0.6436538494
0.8771076490 -0.6436578996
0.8771229078 -0.6436596848
0.8771229003 -0.6436596840
0.8771076415 -0.6436578987
0.8771078800 -0.6436579288
0.8751547550 -0.6410354103
0.8761322711 -0.6429416689
0.8761294381 -0.6429378622
0.8761313473 -0.6429404287
0.8761313454 -0.6429404262
0.8761294399 -0.6429378647
0.8760989223 -0.6428962257
0.8761141811 -0.6429171902
0.8761146580 -0.6429178407
0.8761146589 -0.6429178419
0.8761147185 -0.6429179232
0.8763588573 -0.6432140012
0.8763435798 -0.6431976665
0.8763435500 -0.6431976344
0.0535828146 0.9488624647
0.1939879350 0.7960644183
0.8753335819 -0.6414732458
0.1784823306 0.8913154224
0.8762229335 -0.6430500449
0.8762839687 -0.6431227362
0.8760396939 -0.6428120871
0.8752080974 -0.6411619250
0.8771611796 -0.6436628852
0.3771611847 0.4818394082
0.8771079470 -0.6436582009
0.8771077086 -0.6436579072
0.8763588535 -0.6432139972
0.7039016948 -0.1895747918
0.6882766948 0.0255538671
0.1939879332 0.7960644276
0.6960891948 -0.1077758608
0.2123311425 0.7449922418
0.0494978140 0.9501936336
0.0526757371 0.9490216729
0.5219376148 0.3434753425
0.5303216274 0.2363537390
0.0527062547 0.9490150124
0.3565678302 0.5989733855
0.0542771007 0.9487961448
0.0154021019 0.9913149319
0.3498511448 0.6735587100
0.0519391289 0.9492094836
0.3498530522 0.6735358290
0.0499073798 0.9499912718
0.8678584871 -0.5897566338
0.8678584852 -0.5897566126
