0.3764432225 0.0000019260
0.0000000633 0.0000000000
0.5422955999 0.0000000149
0.6945130161 0.0000000298
0.6833288294 0.0000000298
0.5422651121 0.0000000149
0.5422655889 0.0000000447
0.5422503301 0.0000000447
0.5391617460 0.0000000000
0.5427386114 0.0000000447
0.5391617534 0.0000000000
0.5391616938 0.0000000000
0.5427386710 0.0000000447
0.5441429071 0.0000023879
0.5437242804 0.0000002384
0.5437242729 0.0000002384
0.5397062977 0.0000000084
0.5329581756 0.0000014333
0.5336660180 0.0000012033
0.6971753507 0.0000042915
0.6967787451 0.0000002459
0.6893340467 0.0000009667
0.6868642556 0.0000040531
0.1897940004 0.0000610761
0.5328721139 0.0000000605
0.5399761950 0.0000002421
0.0413255357 0.0000042915
0.0547041912 0.0000000000
0.0549483300 0.0000000000
0.0475714682 0.0000001788
0.0475562094 0.0000001788
0.0475566863 0.0000001788
0.0475566853 0.0000001788
0.0475564469 0.0000001788
0.0475565065 0.0000001788
0.0468790075 0.0000000233
0.0509188790 0.0000000019
0.5242763334 0.0000019073
0.5401062821 0.0000019819
0.5339520579 0.0000000037
0.5378583079 0.0000000037
0.5378580694 0.0000000037
0.5378599768 0.0000000037
0.5378580732 0.0000000037
0.5378580136 0.0000000037
0.5378584904 0.0000000037
0.5379805607 0.0000000037
0.5379805570 0.0000000186
0.5379652982 0.0000000186
0.5379653578 0.0000000186
0.5412531230 0.0000042915
0.5412696493 0.0000009546
0.5410310706 0.0000076555
0.5410310110 0.0000076555
0.5410348257 0.0000076555
0.5410424550 0.0000076555
0.5410424560 0.0000076555
0.5141847911 0.0000000596
0.5403848836 0.0000009984
0.5403995742 0.0000000149
0.5404033889 0.0000000149
0.5423565158 0.0000000149
0.5236848113 0.0000007171
0.5427348563 0.0000009984
0.5427347967 0.0000009984
0.5359225725 0.0000009574
0.5235634563 0.0000076750
0.5235710857 0.0000076750
0.5240321928 0.0000019073
0.5391011485 0.0000052899
0.6991284757 0.0000042915
0.2026281815 0.0000000000
0.1948121322 0.0000011995
0.5402455987 0.0000009835
0.8750668698 0.0000000000
0.3750000003 0.0000000000
0.3750005265 0.0000000149
0.5427347371 0.0000009984
0.5217465689 0.0000305176
0.5172892087 0.0000114590
0.5394740082 0.0000000261
0.6991122381 0.0000064522
0.7103319706 0.0000000019
0.7074004670 0.0000005402
0.0510419095 0.0000000000
0.5401072358 0.0000020117
0.0510419086 0.0000000000
0.0468866369 0.0000000233
0.6868642482 0.0000040531
0.0473848647 0.0000005383
0.5236848411 0.0000007171
0.1723848723 0.0000005383
0.5247712205 0.0000039190
0.0509193559 0.0000000000
0.5412531379 0.0000042915
0.5334406379 0.0000042915
0.0100175645 0.0000011930
0.5324782334 0.0000050720
0.5326003037 0.0000203308
0.5404897393 0.0000009835
