0.9998900359 0.1848130656 0.5996093728 0.3998276427 0.5001364653 0.6998961919 0.5996071897 0.5997700296 0.5000199028 0.4001528485 0.4004060509 0.5000171852
0.0073985970 0.0008372711 0.5984980302 0.3984336838 0.5001554801 0.6996829470 0.6000546064 0.5995768826 0.5001393012 0.3964385347 0.4001695164 0.5003130934
0.0000008978 0.0127519546 0.6992124735 0.7031364559 0.4007799517 0.6999822051 0.5997277336 0.5994832251 0.3983434536 0.3991315173 0.3981627546 0.5000025933
0.0000009695 0.9995073434 0.6004105328 0.3984178271 0.5001084139 0.6985306197 0.6001538444 0.5997184120 0.5005008201 0.3979468117 0.3997884788 0.5002483460
0.0583438762 0.0002229586 0.5996016782 0.3998760808 0.5001369161 0.6979515885 0.5993633248 0.5999829393 0.5000172514 0.4001465369 0.4004215322 0.5010553165
0.9999942686 0.6849392771 0.7034926263 0.6999923724 0.4046881165 0.7003807358 0.5981784115 0.6015932910 0.3984135877 0.1991473680 0.4002155954 0.5000107163
0.2910808924 0.9999896334 0.6001058273 0.3984297397 0.5001006401 0.6985462808 0.6001461498 0.5998405978 0.5001365650 0.3979410971 0.3998533286 0.5002502534
0.1948027976 0.4288233318 0.5993402969 0.4000461217 0.5002786056 0.6997712671 0.6001366057 0.5999626262 0.5000199168 0.4000073917 0.4004697971 0.5001373631
0.0017099092 0.9960333062 0.5995936725 0.3999262922 0.5005272641 0.6992082267 0.5998732397 0.6001007982 0.5001264908 0.4004287872 0.3994434806 0.5001419452
0.0017261216 0.9999471856 0.5995936725 0.3999262922 0.5005272641 0.6992082267 0.5998732397 0.5996129937 0.5001264908 0.4004287872 0.4013966056 0.5001419452
0.1321342235 0.0013460005 0.5996028172 0.3997598732 0.5000630547 0.6999784882 0.6002361612 0.5999757728 0.5000199652 0.4003025390 0.4004674083 0.5002127406
0.9998900359 0.4348130659 0.5996093728 0.3998276427 0.5001364653 0.6998959535 0.5996090971 0.5997700296 0.5000199028 0.4001528485 0.4004060509 0.5000171852
0.0000012079 0.6557573431 0.6004106445 0.3984330878 0.5001083859 0.6985306346 0.6001538444 0.5998404823 0.5005027275 0.3979410896 0.3997922935 0.5002483460
0.0021287706 0.0147380307 0.5997844540 0.3984219780 0.5000000023 0.6998988285 0.5999321012 0.6004156467 0.5000070077 0.3981912503 0.3998240218 0.5001260764
0.9999871226 0.0976756002 0.5997386441 0.3984320084 0.5000002678 0.6999692439 0.5995708765 0.6006186256 0.5001279232 0.3983151777 0.4000082802 0.5010376652
0.0051605646 0.8618675041 0.6001900291 0.3998523274 0.5000004428 0.7004396047 0.5999493772 0.6000994654 0.5000043749 0.4001470715 0.3998832604 0.5001297393
0.0005580606 0.4943382475 0.5996578202 0.3996404581 0.5000183727 0.7004652039 0.6006804626 0.6001017295 0.5000149165 0.3998652775 0.4007034361 0.5001196605
0.0020146249 0.1099048407 0.5982460832 0.3998564998 0.5002598339 0.7002297963 0.5999630248 0.6002817374 0.5000138837 0.4001465593 0.3998832678 0.5001299777
0.0003270237 0.0909955186 0.6000213470 0.3984183216 0.5004893090 0.6998366562 0.5999802608 0.5995454337 0.5000581560 0.3984219613 0.4002033262 0.5002570250
0.0000008978 0.0283769546 0.6992124735 0.7031364559 0.4007799517 0.6999822051 0.5997277336 0.5994832242 0.3983434536 0.3991315173 0.3981627546 0.5000025933
0.8067058332 0.9999896334 0.6001058273 0.3984373756 0.5001006401 0.6985462808 0.6001461498 0.5998405978 0.5001365650 0.3979410971 0.3998533286 0.5002502571
0.0137351807 0.0000238772 0.6999629053 0.7031899902 0.4000122458 0.7008335075 0.6009753371 0.6002249211 0.3983838702 0.4002139134 0.3999995137 0.5002001156
0.5732535120 0.0156470034 0.6001359724 0.4002116345 0.5000413074 0.6998273402 0.5999368081 0.5999725159 0.5000353525 0.3999945628 0.4003985863 0.5000087093
0.0002119681 0.0011241427 0.7026000774 0.6993596719 0.9000114602 0.7013897986 0.0995964288 0.6000160180 0.3985574044 0.3973968443 0.4004679177 0.5004889187
0.0547759636 0.0000026198 0.6995502270 0.7000844494 0.8999047083 0.7013893357 0.5996041182 0.5999092363 0.3990450896 0.3971374560 0.4004075857 0.5024449057
0.0547759636 0.0000026049 0.6995502270 0.7000844494 0.8999047083 0.7013893357 0.5996041182 0.5999092363 0.3990450896 0.3971374560 0.4004075857 0.5024449057
0.0483014342 0.2823883102 0.5996732522 0.4001086637 0.5001793108 0.6996114065 0.6000236958 0.5999717699 0.5000625416 0.4002829626 0.3998634940 0.5000032713
0.0057129487 0.0025906274 0.5994918874 0.3979334742 0.5000932557 0.7013244058 0.5994472258 0.5990384953 0.5002824147 0.3984182360 0.4000050709 0.5000211983
0.3612211899 0.8733543473 0.6000992261 0.4000078304 0.5000334731 0.6997619641 0.5996186916 0.6000986412 0.5000462006 0.4000239329 0.4004580541 0.5000181939
0.3657400081 0.0832999470 0.5998213148 0.4001942588 0.5001382879 0.6998184442 0.5999816485 0.5996088494 0.5000214805 0.3999363290 0.4003918873 0.5000346624
0.3338774399 0.9983543474 0.6000982724 0.4000002606 0.5000335942 0.6997619641 0.6005876247 0.6000986412 0.5000461410 0.4000239329 0.4004580578 0.5000477578
0.9994019931 0.4348130659 0.5996093728 0.3998886928 0.5001364653 0.6998959535 0.5996090971 0.5997700296 0.5000199028 0.4001528485 0.4004060509 0.5001392555
0.9882799638 0.7262124286 0.5995996246 0.3999091195 0.5000313665 0.6998870314 0.6002747776 0.5999755939 0.5000008107 0.3999359313 0.4004063647 0.5000162185
0.6289624224 0.5135530247 0.5996073471 0.3994890297 0.5000610617 0.7000109253 0.6002437906 0.5999760112 0.5000199596 0.4000622410 0.4004368898 0.5002413471
0.0014097905 0.9757634718 0.5995157627 0.3999476893 0.5002136338 0.6991573402 0.6010805719 0.5997426627 0.5003825664 0.4004226107 0.4000291521 0.5000052429
0.4212767812 0.9892421216 0.6001126185 0.3999934359 0.5004287721 0.7000333785 0.6001620717 0.5997473966 0.5000777417 0.4003749046 0.3998927906 0.5001288126
0.4055361062 0.2168733852 0.6001554137 0.4000491047 0.5002552089 0.7002531464 0.5999061862 0.6001386201 0.5002444540 0.4000166565 0.3999041677 0.5000066250
0.0342303701 0.0080289375 0.5997845685 0.3984219855 0.5000305348 0.6999369158 0.5999320909 0.6004161235 0.5000677225 0.3981759915 0.3998259142 0.5000038785
0.4953198307 0.0124119055 0.5996087693 0.4001355659 0.5001933933 0.6999371151 0.6013020851 0.5998796342 0.5000219778 0.4001102265 0.4000463778 0.5002479791
0.6048752401 0.9895525370 0.5998380916 0.4001319468 0.5000918615 0.6999603591 0.6001077160 0.6000539135 0.5001479224 0.3997642392 0.4005170412 0.5000330075
0.0500981557 0.7379466339 0.6000976717 0.4002104685 0.5000350731 0.6997627138 0.5999213835 0.6001816779 0.5000043572 0.4002139004 0.4004223090 0.5000010584
0.0005618753 0.3603355767 0.6001465783 0.3998845996 0.5000507976 0.7004632966 0.6011677902 0.6001017295 0.5000063372 0.3998657543 0.4007034361 0.5000891429
0.0004970254 0.1193524926 0.5996578202 0.3996404581 0.5000032331 0.7004633115 0.6006804626 0.6001017891 0.5000149612 0.3998652775 0.4007053435 0.5001196605
0.5990196723 0.2238990378 0.5998376446 0.4003150672 0.5000957358 0.6997153253 0.6001000941 0.5999709588 0.5000563827 0.3997642392 0.4005131967 0.5000325306
0.5562390411 0.3049595107 0.5993693179 0.3999929115 0.5002803518 0.6996243509 0.5996067204 0.6005932247 0.5000059749 0.4003995717 0.3995615238 0.5000669160
0.2091585567 0.5133756413 0.5996071087 0.3994198846 0.5000000265 0.7000104484 0.6002785997 0.5999761155 0.5000460665 0.4000623006 0.4004368898 0.5002070204
0.3780037606 0.1700305661 0.5993507817 0.4000435587 0.5002789930 0.6999086567 0.6001366057 0.5998481937 0.5000653355 0.3999465950 0.4004697952 0.5003739935
0.7507386019 0.9839438433 0.6001129966 0.4004254829 0.5000044103 0.6992177756 0.6003140515 0.5990225073 0.5003776751 0.4003987372 0.4002862372 0.5000482067
0.0000009704 0.9992632028 0.6004105328 0.3984183040 0.5001084660 0.6985306197 0.6001538407 0.5997184120 0.5004931907 0.3979468117 0.3997922944 0.5002483460
0.0000009695 0.9992632028 0.6004105328 0.3984183040 0.5001084139 0.6985306197 0.6001538444 0.5997184120 0.5005008201 0.3979468117 0.3997922935 0.5002483460
0.0000009695 0.7495073432 0.6004105328 0.3984330878 0.5001083841 0.6985306197 0.6001538444 0.5997184120 0.5005027275 0.3979391823 0.3997922935 0.5002483460
0.0000012079 0.7182573431 0.6004106520 0.3984330878 0.5001083859 0.6985306346 0.6001538444 0.5998404823 0.5005027275 0.3979410896 0.3997922935 0.5002483460
0.0000012070 0.6562456243 0.6004106455 0.3984330878 0.5001083859 0.6985306346 0.6001538444 0.5998404823 0.5005027275 0.3979410896 0.3997922935 0.5002483460
0.0000012070 0.6406244092 0.6004105262 0.3984330878 0.5001083869 0.6985306346 0.6001538575 0.5998405978 0.5000144388 0.3979410896 0.3997922935 0.5002483460
0.3067058924 0.9999896334 0.6001058273 0.3984297248 0.5005889214 0.6985462808 0.6001461498 0.5998415515 0.5001365650 0.3979410971 0.3998533286 0.5002501342
0.6477780404 0.8976605040 0.5993366005 0.4000289518 0.5000041933 0.6999247807 0.6001363635 0.6000394696 0.5000791210 0.4000225760 0.4003934892 0.5000159484
0.5435969388 0.9157903389 0.6004225058 0.4000967558 0.5000962815 0.6992175250 0.5999929389 0.6001744704 0.5002755937 0.4003910780 0.3997132158 0.5001696651
0.4953648797 0.9990551295 0.6000979409 0.4003480118 0.5000355425 0.6998285620 0.5999216815 0.6001741081 0.5000348748 0.4001490505 0.4004212137 0.5000048443
0.9921862138 0.7262124286 0.5995993862 0.3999091195 0.5000313665 0.6998870314 0.6002747776 0.5999760708 0.5000008107 0.3999359313 0.4004058879 0.5000162781
0.0003270833 0.0909955186 0.6000213470 0.3984183216 0.5004893090 0.6998366562 0.5999802608 0.5995454337 0.5000581560 0.3984219613 0.4002033262 0.5002570250
0.0025718594 0.0164505011 0.5998759191 0.4003965961 0.5000129356 0.7000407732 0.5996015403 0.5990403943 0.5007937481 0.4003997067 0.4000012832 0.5009824601
0.0386483586 0.0008372860 0.5984980898 0.3984336838 0.5001554801 0.6996829470 0.6000526981 0.5995768826 0.5001393012 0.3964385347 0.4001695164 0.5002520583
0.4333438766 0.0002229586 0.5996016782 0.3998760808 0.5001370353 0.6979515885 0.5993633248 0.5999829393 0.5000172514 0.4001465369 0.4004215322 0.5010552560
0.4081144523 0.3280253078 0.5997040473 0.4000962315 0.5002575372 0.7000544292 0.5999927377 0.5995594027 0.5003374335 0.4001633072 0.4003936363 0.5000802116
0.0019845134 0.4087329865 0.6001056792 0.3997628041 0.5000346103 0.6992187497 0.6000788236 0.5997228311 0.5003977972 0.4009045599 0.3999023348 0.5009959503
0.9999852153 0.0976756002 0.5997386441 0.3984320084 0.5000002678 0.6999692439 0.5995708765 0.6006186256 0.5001279232 0.3983151777 0.4000082802 0.5010376652
0.9999852171 0.0351756001 0.5997386441 0.3984320084 0.5000002678 0.6999692439 0.5995708765 0.6006186256 0.5001279232 0.3983151777 0.4000082802 0.5010376652
0.9999852153 0.2851756004 0.5997388825 0.3984322468 0.5000002678 0.6999692439 0.5995708765 0.6006183872 0.5001279232 0.3983151777 0.4000083994 0.5010376652
0.9999852153 0.2812693504 0.5997388825 0.3984322468 0.5000002678 0.6999692439 0.5995708765 0.6006183872 0.5001279232 0.3983151777 0.4000084292 0.5010376652
0.5529577709 0.0968815927 0.5998156849 0.4004302438 0.5000194185 0.6992024926 0.6000991972 0.5995482026 0.5001356429 0.4004022324 0.4000979051 0.5000172746
0.0342303701 0.0080441926 0.5997845732 0.3984219855 0.5000305348 0.6999216571 0.5999397203 0.6004161235 0.5000677225 0.3981759915 0.3998259142 0.5000038794
0.1948027976 0.3975733317 0.5993402969 0.4000461217 0.5002788440 0.6997712671 0.6001366057 0.5999626262 0.5000809520 0.4000073954 0.4004697971 0.5001373631
0.9921862138 0.6637124286 0.5995993862 0.3999091120 0.5000313665 0.6999499739 0.6002747850 0.5999760708 0.5000008107 0.3999359313 0.4004058879 0.5000162781
0.4921862134 0.6636971698 0.5995993862 0.3994208308 0.5000313628 0.6999499739 0.6002747850 0.5999761006 0.5000008107 0.3999359313 0.4004058879 0.5000153244
0.4916979247 0.6636971698 0.5995993862 0.3994208308 0.5000313628 0.6999499739 0.6002747850 0.5999761006 0.5000008107 0.3999359313 0.4004058879 0.5000229538
0.4907213622 0.6636970506 0.5995993862 0.3994189234 0.5000008591 0.7001330812 0.6002747850 0.5999761006 0.5000158460 0.3999359388 0.4004058953 0.5001450242
0.4750963622 0.6636970506 0.5995993862 0.3994189234 0.5000008591 0.7001330812 0.6002747850 0.5999761006 0.5000158460 0.3999359388 0.4004058953 0.5001450242
0.6289605150 0.5096467747 0.5996071087 0.3994891489 0.5000610617 0.7000109215 0.6002437906 0.5999760112 0.5000199596 0.4000622112 0.4004368898 0.5002413471
0.1321342235 0.0012239302 0.5996028172 0.3997598732 0.5001851250 0.6999784882 0.6002361612 0.5999757728 0.5000209189 0.4003025390 0.4004674083 0.5007010219
0.1633842216 0.0012239320 0.5996028172 0.3997636879 0.5001851250 0.6999784864 0.6001140909 0.5999757728 0.5000207997 0.4003025427 0.4004674083 0.5007010219
0.1498638151 0.0636344879 0.5996731926 0.4001086395 0.5001490316 0.6996116449 0.5999021191 0.5999755809 0.5000663563 0.4003439587 0.3998024588 0.5000185301
0.0019845134 0.4087331057 0.6001056792 0.3997628041 0.5000346103 0.6992187497 0.6000788236 0.5997228311 0.5003977972 0.4009045599 0.3999023348 0.5009959503
0.0061064260 0.1225082307 0.6001466071 0.3997625703 0.5000205128 0.6995541069 0.5994628403 0.6001131093 0.5000446108 0.3998696361 0.4004650148 0.5000042622
0.0644920981 0.1406622027 0.6001283430 0.4001658581 0.5000413074 0.6998272209 0.5999358544 0.5999703702 0.5000429801 0.3999945628 0.4003986757 0.5000077556
0.0014097905 0.9757329542 0.5995157627 0.3999476893 0.5002136338 0.6991573402 0.6010805719 0.5997426627 0.5003825515 0.4004221339 0.4000291521 0.5000052429
0.0017251680 0.9960409356 0.5995937917 0.3999262922 0.5005272641 0.6992082267 0.5998732397 0.6001012750 0.5001264908 0.4004287872 0.3994434806 0.5001419452
0.2445255707 0.5055765505 0.6000883706 0.4001470007 0.5000136872 0.7000049965 0.5999771828 0.6003838895 0.5000026417 0.4003653856 0.4004222168 0.5000338093
0.9373900359 0.1848130656 0.5996093728 0.3998276427 0.5001364653 0.6998961919 0.5996071897 0.5997700296 0.5000199028 0.4001528485 0.4004060509 0.5000171852
0.9217650359 0.1847520305 0.5996093728 0.3998276427 0.5001364653 0.6997741216 0.5996071897 0.5997852884 0.5000199028 0.4001528485 0.4003907921 0.5000176621
0.9217650359 0.1867051555 0.5996093728 0.3998276427 0.5001364653 0.6997741216 0.5996071897 0.5997852735 0.5000199028 0.4001527293 0.4003907921 0.5000176621
0.9217650359 0.6867051559 0.5996093728 0.3998276576 0.5001364355 0.6997741216 0.5996071897 0.5997862272 0.5000199028 0.4001527293 0.4003907772 0.5000176695
0.9178587859 0.6867052751 0.5996093728 0.3998314723 0.5001364355 0.6997741216 0.5996071897 0.6000303678 0.5000160881 0.4001527293 0.4003907772 0.5000787009
0.0582218059 0.0002229586 0.5996016782 0.3998770345 0.5001369161 0.6979515885 0.5993633248 0.5999829449 0.5000172514 0.4001465369 0.4004215322 0.5010553165
0.0577335246 0.0002248660 0.5996016782 0.3998770345 0.5006251973 0.6979515885 0.5993633248 0.5999829449 0.5000172514 0.4001465369 0.4004215322 0.5010553165
0.4953198382 0.0126405787 0.5996087693 0.4001203071 0.5001933933 0.6999371151 0.6013020851 0.5998796342 0.5000219778 0.4001102265 0.4000430400 0.5002484485
0.3657438228 0.0676749470 0.5998213148 0.4001637412 0.5001382879 0.6998184442 0.5999815889 0.5996088494 0.5000062217 0.3999358512 0.4003918873 0.5000346624
0.1733014343 0.2823883028 0.5996732522 0.4001086637 0.5001490316 0.6996116449 0.6000237107 0.5999717625 0.5000625416 0.4002829608 0.3998634940 0.5000185301
0.1733014343 0.2823806734 0.5996732522 0.4001086488 0.5001490316 0.6996116449 0.6000237107 0.5999755735 0.5000625416 0.4002829533 0.3998634940 0.5000185301
0.1503520963 0.1886344880 0.5996731926 0.4001086768 0.5001490316 0.6996115853 0.5999021191 0.5999755511 0.5003104969 0.4003439587 0.3998024588 0.5000190069
0.0005580606 0.3695823880 0.5996578202 0.3996404590 0.5000164653 0.7004652039 0.6011677902 0.6001017295 0.5000139629 0.3998652775 0.4007034361 0.5001196605
