0.0000135303 0.4157549668 0.2997993755 0.4999973061 0.4003930980 0.3002959195 0.5000066911 0.4999186960 0.4999974635 0.5998897875 0.5002454077 0.5003701239
0.9841222502 0.0014676005 0.3008177609 0.4991283999 0.4014934212 0.4988385825 0.5002525714 0.4997805557 0.4999994473 0.6016398916 0.5005227351 0.5000593248
0.0000120997 0.9628872219 0.2997917387 0.4999996885 0.4003914580 0.3002959055 0.5000066911 0.4999174741 0.4999974896 0.5998937512 0.5002454226 0.5001260950
0.9994126353 0.4813269623 0.3000448582 0.4997519231 0.3984340386 0.4999971385 0.5005512652 0.4994957517 0.4999223021 0.6015933367 0.5996819312 0.5005040350
0.9999236502 0.2416490719 0.3011527316 0.4995029275 0.3995890519 0.4999770341 0.5010166396 0.4997805967 0.4999775863 0.6015653634 0.5001795911 0.5000239643
0.9906570408 0.9785116957 0.3004546764 0.4999981211 0.3981644990 0.4996185047 0.5001923949 0.4988968321 0.4988819673 0.6015669690 0.5999140726 0.5000752662
0.8575206770 0.9998745397 0.3005776520 0.4999909089 0.4004287798 0.3001085988 0.5000633686 0.4999327599 0.4999436331 0.5996099213 0.5000527804 0.5002489318
0.9890805669 0.9999977136 0.3007863660 0.4999654065 0.4002108913 0.3000873805 0.5009956886 0.4999389281 0.4993781834 0.5991210598 0.5000394159 0.5010478529
0.9992020251 0.0067553194 0.3000312236 0.4990194929 0.3974522989 0.4989619120 0.5001602727 0.4999981378 0.4999234774 0.6055180064 0.6000444550 0.5000850060
0.4969094130 0.0001454223 0.2968667543 0.4999935669 0.3994130161 0.4998838850 0.5000229352 0.4994950560 0.4998091101 0.6015988790 0.5997406166 0.5000044438
0.0170803219 0.0956962100 0.3010266240 0.4998700009 0.4004008057 0.4999201582 0.5009973147 0.4999343934 0.4992377334 0.6017151555 0.5001537926 0.5000956128
0.9972279072 0.6781607174 0.2968742096 0.4992059940 0.3991072051 0.4999827663 0.5002790424 0.4999817475 0.4999518492 0.6015629802 0.6000532383 0.5000520763
0.9293625354 0.1367702476 0.2997110973 0.4992519119 0.3984370189 0.4999351469 0.5000768672 0.4999997825 0.4998091231 0.6015793128 0.5000577359 0.5000618943
0.9978240859 0.9593880539 0.3000975282 0.4998424328 0.3984354375 0.4999381113 0.5000962368 0.4994295626 0.4993612706 0.6016850626 0.5995707490 0.5000047130
0.0004615784 0.3476455206 0.3010257001 0.4998700009 0.4003934594 0.4999201563 0.5009973166 0.4999382379 0.4992379718 0.6017151555 0.5000355286 0.5002176831
0.6877122016 0.0002507595 0.3000294532 0.4999316572 0.4000340480 0.3000706605 0.5001394288 0.4999809223 0.4995066547 0.6000994105 0.5002895785 0.5000090296
0.2928027579 0.0698224707 0.3008499763 0.4999865578 0.3994206827 0.4997944669 0.5005060262 0.4994409555 0.4992216364 0.6015867606 0.5000309157 0.5000078208
0.0028081676 0.0000540838 0.2963540035 0.4998622048 0.4000891060 0.4999769642 0.5002552564 0.4999030153 0.4998368989 0.6017475283 0.6000500625 0.5000805738
0.9997121543 0.8427089060 0.3007812624 0.4999997816 0.4000400439 0.3007279078 0.5004955377 0.4998739869 0.4999121879 0.5994987018 0.5000705882 0.5001222906
0.5344113759 0.9976713462 0.3007891302 0.4999322281 0.3995574316 0.4999813563 0.5004998422 0.4999388927 0.4997193930 0.6015789393 0.5000321972 0.5017205556
0.9974931302 0.0048162611 0.3000331291 0.4990166207 0.3974522952 0.4990076995 0.5000079232 0.4999981388 0.4999387939 0.6017012695 0.5999909887 0.5000849986
0.6515271567 0.9999839142 0.3003374527 0.4999905373 0.4004287910 0.3001087553 0.5022586673 0.4999928134 0.4999896348 0.6001105687 0.5000069444 0.5000354634
0.2658424380 0.9726493358 0.3010276075 0.4998699711 0.4004239760 0.4999202755 0.5000054953 0.4999372843 0.4992379718 0.6017151555 0.5002796692 0.5002176822
0.1966351571 0.9775001807 0.3007818100 0.4994454631 0.4002466504 0.4998387150 0.5010033851 0.4998949873 0.4992651553 0.6018153304 0.5002771937 0.5001286860
0.2658424380 0.3476417059 0.3010276075 0.4998699711 0.4003934594 0.4999202755 0.5009973166 0.4999372843 0.4992379718 0.6017151555 0.5000355286 0.5002176831
0.0190334469 0.1894311897 0.3010267432 0.4998700009 0.4004160346 0.4999201880 0.5009992220 0.4999344009 0.4992224746 0.6015969008 0.5001537926 0.5000343393
0.9986431431 0.8026068795 0.3024008165 0.4995096442 0.3999385148 0.4999806159 0.5019906922 0.4996905341 0.4990229257 0.6016244959 0.5001233234 0.5001235246
0.9841222502 0.0329616219 0.3008158536 0.4991283999 0.3995364815 0.4988385527 0.5002525714 0.4997805557 0.4999994473 0.6016403684 0.5005227351 0.5000593248
0.8812858955 0.4616337348 0.3013020123 0.4992611972 0.3998202108 0.4999727481 0.5000377907 0.4996934286 0.4990042080 0.6016933383 0.5000003153 0.5001330306
0.7070217884 0.9433097839 0.3007826026 0.4998547430 0.4004008057 0.4999201815 0.5009989836 0.4999327152 0.4992224746 0.6015969008 0.5001535541 0.5000345777
0.8990828040 0.9936771346 0.2968749556 0.4999939031 0.4000623193 0.4999693860 0.5000490467 0.4999642181 0.4999677553 0.6015631562 0.5996374866 0.5000705789
0.5145701883 0.7888999049 0.3000999962 0.4995112377 0.3998982416 0.4999983911 0.5000062441 0.4999830374 0.4999976107 0.6015630240 0.5001603789 0.5000170399
0.3939918805 0.7342826526 0.3014155108 0.4995098519 0.4000597386 0.4999269438 0.5000116113 0.4999292004 0.4995097895 0.6015797412 0.5002762103 0.5000018696
0.0806146265 0.8476492463 0.3007899060 0.4993816898 0.4001804594 0.4999211398 0.5004937765 0.4999377686 0.4993600496 0.6015930852 0.5000346075 0.5000575245
0.7614550877 0.9999388633 0.3008905428 0.4998632655 0.3998679932 0.2990832276 0.5001873109 0.4999233126 0.4996294663 0.6001590431 0.5009920658 0.5002596728
0.7591351594 0.4808571138 0.3008042204 0.4995102980 0.4000741554 0.4998964076 0.5000268226 0.4999249238 0.4995096703 0.6018219763 0.5002762103 0.5006183679
0.1363713296 0.0552206059 0.2997106251 0.4994950355 0.3983068265 0.4999346058 0.5005037482 0.4999995814 0.4996765773 0.6015813021 0.5002617980 0.5000659698
0.8990828040 0.9936768962 0.2968749556 0.4999939031 0.4000623193 0.4999693860 0.5000490467 0.4999642181 0.4999677553 0.6015630370 0.5996374866 0.5000705789
0.0014533997 0.3457000249 0.3010256405 0.4998700009 0.4003932359 0.4999201582 0.5009973128 0.4999343934 0.4992377334 0.6017151555 0.5001576063 0.5000956128
0.4639162714 0.5589743504 0.3009731512 0.4999170094 0.3984050754 0.4990081475 0.5000611725 0.4999919073 0.4999879445 0.6017927086 0.5009769029 0.5000489387
0.8211650446 0.0079267360 0.2991662270 0.4997518449 0.3998527549 0.4994321917 0.5002666968 0.4999682331 0.4999832450 0.6020508256 0.5006771763 0.5002650884
0.5348996572 0.9898588462 0.3007891265 0.4999322281 0.3995574316 0.4999966151 0.5004998422 0.4999388927 0.4995973227 0.6015789375 0.5000321972 0.5017205556
0.9993960662 0.5875268798 0.2998687115 0.4998755050 0.3984368643 0.4999323324 0.5009805108 0.4997220146 0.4994650637 0.6020572340 0.5994861960 0.5000005099
0.2769336116 0.6170639206 0.3008515297 0.4999865512 0.3994202059 0.4997963109 0.5000788090 0.4994429224 0.4992168681 0.6015865212 0.5000343709 0.5000230749
0.9906570408 0.9804648217 0.3004546764 0.4999981509 0.3981645064 0.4996185047 0.5001923949 0.4988968321 0.4988819673 0.6015664931 0.5999140726 0.5000752662
0.9907180760 0.9804686364 0.3004546764 0.4999983893 0.3981645064 0.4996185047 0.5001923949 0.4988968172 0.4988819673 0.6015664931 0.5999140726 0.5000752662
0.7336395669 0.7959611461 0.3002182481 0.4994991380 0.3999001490 0.4999664440 0.5000133975 0.4999777623 0.4999079206 0.6016860368 0.5006180494 0.5006192815
0.8211650446 0.0723798611 0.2991814858 0.4997518151 0.3998527549 0.4994321321 0.5002657431 0.4999691867 0.4999985029 0.6015625443 0.5006772955 0.5002650884
0.8824577014 0.3828712622 0.2997106279 0.4992509284 0.3984370217 0.4999961820 0.5000158916 0.4999997825 0.4998701434 0.6015812201 0.5000577061 0.5000778683
0.9994126353 0.4813422211 0.3000448582 0.4997519231 0.3984340386 0.4999971385 0.5005512652 0.4994957517 0.4999223319 0.6015933367 0.5996819312 0.5005040350
0.6646474438 0.0034457231 0.3013615723 0.4996794830 0.4001780659 0.4999987301 0.5002597240 0.4999921913 0.4997293935 0.6015783340 0.5006123395 0.5000054562
0.6802724439 0.0034457231 0.3013005371 0.4996794830 0.4001780659 0.4999987301 0.5002597240 0.4999921615 0.4997293935 0.6015783340 0.5006142450 0.5000054562
0.5572731100 0.3797745783 0.3013400746 0.4999322784 0.3984057181 0.4995116075 0.5003167572 0.4994960814 0.4999917573 0.6016865881 0.5000022161 0.5010874677
0.7529882833 0.0028128233 0.3000797213 0.4999796734 0.3984207692 0.4990207762 0.5000544204 0.4999952796 0.4995600372 0.6025392838 0.6000217363 0.5000143913
0.7848700954 0.9752103491 0.3007891200 0.4999322281 0.3994200867 0.4999165083 0.5004998441 0.4994124644 0.4996603248 0.6015865240 0.5000318694 0.5009843190
0.9993960699 0.5875268798 0.2998687115 0.4998755050 0.3984368643 0.4999323324 0.5009805108 0.4997220146 0.4994650637 0.6020572340 0.5994861960 0.5000005099
0.9992020251 0.0145678194 0.3000331310 0.4990194929 0.3974522989 0.4989619120 0.5001605111 0.4999981378 0.4999234774 0.6055180064 0.6000444550 0.5000850060
0.9992020251 0.0140795382 0.3000331310 0.4990194780 0.3974522989 0.4989619195 0.5001605111 0.4999981378 0.4999235370 0.6055180064 0.6000597138 0.5000850060
0.9974931004 0.0062811049 0.3000331254 0.4990194817 0.3974522952 0.4990076995 0.5000084001 0.4999981378 0.4999387939 0.6017032960 0.5999909896 0.5000849986
0.1363713296 0.3052206061 0.2997096715 0.4994950355 0.3983068265 0.4999346058 0.5004884894 0.4999995814 0.4996765773 0.6015813021 0.5002617980 0.5000659698
0.9137375354 0.1367397300 0.2997110973 0.4992519119 0.3984370189 0.4999351469 0.5000768821 0.4995115013 0.4998091194 0.6015793128 0.5000577359 0.5000618943
0.0170803219 0.1894462101 0.3010267432 0.4998700009 0.4004007759 0.4999201880 0.5009992220 0.4999343934 0.4992224746 0.6015930852 0.5001537926 0.5000956128
0.0170803219 0.2206962101 0.3010267432 0.4998700009 0.4004008057 0.4999201582 0.5009992220 0.4999343934 0.4992377334 0.6015930852 0.5001537926 0.5000956128
0.0170803070 0.3456962103 0.3010266240 0.4998700009 0.4004008653 0.4999201582 0.5009973128 0.4999343934 0.4992377334 0.6017151555 0.5001537926 0.5000956128
0.0014381409 0.3457000249 0.3010257001 0.4998700009 0.4003932210 0.4999201582 0.5009973128 0.4999343934 0.4992379718 0.6017151555 0.5001576063 0.5000956128
0.0158424378 0.3476417059 0.3010257001 0.4998700009 0.4003934594 0.4999202755 0.5009973166 0.4999382379 0.4992379718 0.6017151555 0.5000355286 0.5002176831
0.2658424380 0.3476493353 0.3010276075 0.4998699711 0.4003934585 0.4999202755 0.5009973166 0.4999372843 0.4992379718 0.6017151555 0.5000355286 0.5002176822
0.2658424380 0.8476493357 0.3010276075 0.4998699711 0.4004239760 0.4999202755 0.5000207541 0.4999372843 0.4992379718 0.6017151555 0.5000355286 0.5002176822
0.0157952905 0.9726492464 0.3007901425 0.4998699711 0.4011573199 0.4999212292 0.5004937765 0.4999372917 0.4994821199 0.6015930852 0.5000346056 0.5000575245
0.0142955594 0.9138999050 0.3000999962 0.4995111185 0.3998982416 0.4999983921 0.5000062441 0.4999830374 0.4999976107 0.6015625471 0.5001603789 0.5000170325
0.0884271265 0.8476492463 0.3008051648 0.4993816898 0.4001804594 0.4999211398 0.5004937765 0.4999377686 0.4993600496 0.6015930852 0.5000346075 0.5000575245
0.2928046652 0.0698224707 0.3008502147 0.4999865578 0.3994206827 0.4997944669 0.5005055494 0.4994409555 0.4992216364 0.6015867606 0.5000309157 0.5000078208
0.7848395778 0.9752103491 0.3007891200 0.4999322281 0.3994200867 0.4999165083 0.5004998441 0.4994124644 0.4996603248 0.6015865240 0.5000318694 0.5009843190
0.7848996593 0.9891273184 0.3007891274 0.4999322281 0.3995574307 0.4999966170 0.5004998441 0.4994429820 0.4995973823 0.6015865669 0.5000318396 0.5014764150
0.7848996593 0.9901038809 0.3007891274 0.4999322281 0.3995574307 0.4999966151 0.5004998441 0.4994429820 0.4995973227 0.6015865669 0.5000323164 0.5017205556
0.6966351575 0.9775001807 0.3009038803 0.4994454631 0.4002466504 0.4998387150 0.5010033851 0.4998949873 0.4992651553 0.6018153304 0.5002771937 0.5001286860
0.9831512840 0.7962052867 0.3002182481 0.4994991380 0.3999001490 0.4999664440 0.5000134571 0.4999777623 0.4999079206 0.6016860368 0.5006180494 0.5006192815
0.9999846853 0.2416490719 0.3011527316 0.4995029275 0.3995852372 0.4980239090 0.5010166396 0.4997805967 0.4999775863 0.6015653634 0.5001795911 0.5000230107
0.9841222502 0.0017116219 0.3008177609 0.4991283999 0.3995364815 0.4988385527 0.5002525714 0.4997805557 0.4999994473 0.6016403684 0.5005227351 0.5000593248
0.5143260476 0.7888999049 0.3000999962 0.4995111185 0.3998982416 0.4999983911 0.5000062441 0.4999830374 0.4999976107 0.6015630240 0.5001603789 0.5000170325
0.0142974667 0.9138999050 0.3000999962 0.4995111185 0.3998982454 0.4999983921 0.5000043367 0.4999830374 0.4999976107 0.6015625471 0.5001527495 0.5000170325
0.0002523437 0.6578351731 0.2997927035 0.4999992191 0.4003906468 0.3002941481 0.5000066911 0.4999492154 0.4999993858 0.5999508562 0.5000089039 0.5000152676
0.0002542511 0.6578351731 0.2997927035 0.4999992191 0.4003906468 0.3002941481 0.5000066911 0.4999492154 0.4999993858 0.5999508562 0.5000089039 0.5000152676
0.0002542511 0.6265851712 0.2997927035 0.4999992191 0.4003906468 0.3002960554 0.5000066911 0.4999492136 0.4999993858 0.5999508860 0.5000089039 0.5000000088
0.0000144839 0.4157549668 0.2997993755 0.4999973061 0.4003930971 0.3002959195 0.5000066911 0.4999186662 0.4999936488 0.5998974169 0.5002454077 0.5003701239
0.0000153063 0.8048314953 0.2998036615 0.4999985439 0.4003925364 0.3003006748 0.5002489933 0.4999755840 0.4999921634 0.5999519449 0.5000839536 0.5000138651
0.0001164395 0.8984289029 0.2998036689 0.4999984060 0.4003931325 0.3003025225 0.5002451618 0.4999756138 0.4999597459 0.5999523025 0.5000076597 0.5000040974
0.0001145322 0.8984289029 0.2998036689 0.4999984060 0.4003931325 0.3003025225 0.5002451618 0.4999756138 0.4999597459 0.5999523025 0.5000076597 0.5000045742
0.0001145322 0.9062414029 0.2998036689 0.4999984060 0.4003931325 0.3003025225 0.5002451618 0.4999756138 0.4999597459 0.5999523025 0.5000077193 0.5000045742
0.0001145322 0.7812414028 0.2998036689 0.4999984060 0.4003931325 0.3003025225 0.5002451618 0.4999756138 0.4999597459 0.5999523025 0.5000077193 0.5000043358
0.0001145322 0.7812414065 0.2998036689 0.4999984060 0.4003931325 0.3003025225 0.5002451618 0.4999756138 0.4999597459 0.5999523025 0.5000077193 0.5000043358
0.6515271567 0.9999839738 0.3003374602 0.4999905373 0.4004287910 0.3001087851 0.5022586673 0.4999932903 0.4999896348 0.6001105687 0.5000069444 0.5000354634
0.8575206752 0.9996323064 0.3005776529 0.4999909089 0.4004287798 0.3001085988 0.5000633090 0.4999327599 0.4999436331 0.5998540619 0.5000528996 0.5002479781
0.8575206752 0.9840073064 0.3005776529 0.4999909089 0.4004287798 0.3001085988 0.5000633090 0.4999937951 0.4999436331 0.5998540917 0.5000519468 0.5002479781
0.5036425875 0.9999388633 0.3008905428 0.4998632655 0.3998677548 0.2990831680 0.5001873099 0.4999233126 0.4996294589 0.6000980079 0.5009959997 0.5002901903
0.5661425875 0.9999388633 0.3008905466 0.4999853359 0.3998525109 0.2990831680 0.5001877868 0.4999223589 0.4996292056 0.6000980079 0.5009979070 0.5002901903
0.9900571294 0.9980446044 0.3007863362 0.4999959352 0.4002147060 0.3000797511 0.5009956905 0.4999389281 0.4995002528 0.5991191450 0.5000393563 0.5010473761
0.9890805744 0.9980446044 0.3007863362 0.4999959427 0.4002147060 0.3000797511 0.5009956905 0.4999389281 0.4995002528 0.5991190854 0.5000393563 0.5010473761
0.9890805744 0.9978004638 0.3007863362 0.4999959427 0.4002147060 0.3000797511 0.5009956905 0.4999389281 0.4995040675 0.5991190854 0.5000393563 0.5010473761
0.9890805744 0.9968239013 0.3007939656 0.4999959427 0.4002147060 0.3000797511 0.5009956905 0.4999389281 0.4995040675 0.5991190854 0.5000393563 0.5010473761
