44.1528440864 11.3415121206 0.0528548845 0.1026338899 0.4357892093 0.0202286057 0.1954945737 0.2208027059 0.0008875504 0.0015378930 0.0446990133 0.1098768787
0.0993510709 0.0318468549 0.0153160654 0.0015457161 0.0191021711 0.0992329792 0.0122566708 0.0273346901 0.9890673691 0.0245310366 0.0187697821 0.0356888399
1.6752292418 0.8875369103 0.0976576471 0.0112640672 0.0054012053 0.0630759635 0.4890988585 0.0253848732 0.0248349272 0.3907028589 0.0039882027 0.0488399528
1.6101481408 17.5037400029 0.0108207576 0.0128757209 0.0993763098 0.0015538186 0.0122370198 0.0014317222 0.0489236787 0.0518873334 1.5644336134 0.1022445039
12.8558926404 18.8034551393 0.0245829113 0.4272730094 0.0244425610 0.0315444544 0.0245730393 0.0375391916 0.0008116476 0.0556993299 0.0055604614 0.0368343667
6.7659056808 0.8728821770 0.0611373224 0.0130268745 0.0016257167 0.0069534406 0.0033622608 0.0030645169 0.0757242554 0.4199507650 0.0862331130 0.0023849309
14.2679239756 9.5227476298 0.0278786756 0.0156202354 0.0167918392 0.0327453949 0.1039788128 0.0005458482 0.0565532595 0.0126648694 0.6123245699 0.2200462857
14.2238783783 9.3934706500 0.0100955367 0.0312838704 0.0062604435 0.0254568644 0.7812644362 0.0006276183 0.1099006274 0.0488452614 0.0138284639 0.0496868045
14.2679239756 59.5227476764 0.0278786756 0.0163831748 0.0167918392 0.0327453949 0.1037888230 0.0005428679 0.0565532595 0.7939148702 0.6123245699 0.2200462857
14.2618204600 59.5227476764 0.0279263594 0.0163835474 0.0167948194 0.0327453949 0.1037888230 0.0005428679 0.0565532595 0.7939148702 0.6123245699 0.2200462857
12.6993204585 59.5227476764 0.0279263594 0.0163835474 0.0167948194 0.0357971527 0.1037888230 0.0005309470 0.8378033534 0.0614929945 0.2216995696 0.2200462857
52.1557887571 53.5286159753 0.0083601102 0.1039929689 0.0034345314 0.2295210960 0.1226127149 0.0000388362 0.0046056695 0.0774606132 0.0310666859 0.0160300173
56.8402933486 0.0706968830 0.4396545705 0.0566869975 0.0195044093 0.0638069586 0.0031021424 0.0000191852 0.0050937757 0.0015398487 0.0062675215 0.0488491729
44.1530596876 55.4852351132 0.0002593733 0.1024848782 0.4051762637 0.0032519922 0.1961383039 0.0254875049 0.0010900199 0.1007215121 0.0326856971 0.1167317853
52.1802028196 53.5286159753 0.0083601102 0.1039929689 0.0003827736 0.2295210960 0.1226127149 0.0000388362 0.0046056695 0.0774606132 0.0310666859 0.0160300173
64.8636653692 56.8359407194 0.7813476965 0.0009601004 0.4917527554 0.4394789230 0.7901972167 0.1742398368 0.0076830387 0.1138539055 0.0522113406 0.0437084586
52.1739987211 66.1628933308 0.0082647428 0.0979728998 0.0061049126 0.0345304609 0.0249446370 0.0062379055 0.0045818277 0.0797493384 0.0246208161 1.5789235957
64.1749518590 17.4973839126 0.0035528094 0.0644041226 0.0020116568 0.0250888989 0.0490280800 0.2094312573 0.0001290813 0.0488296152 0.0267321244 0.0042156316
69.5071411035 0.4097878937 0.0124033541 0.0036718324 0.0000311062 0.0063973479 0.1954205336 0.3949897367 0.0429191627 0.2210888082 0.0012079254 0.0005270354
19.4642137917 1.5866100803 0.0124018639 0.7847564302 0.0000325963 0.0306147151 0.2198703589 0.4003301267 0.0427284278 0.2209934408 0.0012079254 0.0489260070
2.8459327322 12.8248165481 0.0153160654 0.0015456229 0.0435400755 0.8789541208 0.0122687779 0.0273346901 0.9769081147 0.0245281495 0.0061364844 0.0357842073
2.8321998220 62.8248158496 0.0033183955 0.0015456229 0.0435400755 0.8789541208 0.0122687779 0.0273346901 0.9769081147 0.0245296397 0.0061362982 0.0357842073
52.1771458464 16.1628932843 0.0082647428 0.0979669393 0.0061045401 0.0345304609 0.0249453821 0.0062379055 0.0167888589 0.0797493384 0.0246208161 1.5789235957
15.5105710174 51.4861514340 0.1426507720 0.1288668254 0.0004615635 0.9340349594 0.0064442866 1.5779370457 0.3732079644 0.0010490417 0.2015382053 0.0610403717
37.5006922870 50.1376659145 0.0112480484 0.0774385408 0.0014242716 0.0307149254 0.0012518838 0.0035171397 0.0488433056 0.0155582093 0.0018649735 0.0006170012
0.2657610926 53.5279393695 0.0005254522 0.0538983383 0.0564936549 0.1012002119 0.0000491738 0.0016531907 0.0999728219 0.0492400490 0.0000298955 0.0564613380
7.5785663049 46.1599216295 0.0000483356 0.0122100115 0.0248012133 0.0976577402 0.0020908192 0.0187092461 0.0031256117 0.0002507120 0.0305596739 0.0085395761
6.9222968136 50.1544009430 0.0618465245 0.0202200376 0.0191146508 0.0003688037 0.0015374273 0.0030632131 0.2170327122 0.1040421427 0.1138884575 0.7816631354
70.1259228123 46.1981079971 0.2039800400 0.0297852792 0.6859359338 0.0557781198 0.0290662051 0.0099275261 0.0140751712 0.0114663504 0.0114214607 0.0038628466
94.1414000412 0.3918050792 0.0772689470 0.1026338899 0.4357892093 0.0204193406 0.1962634737 0.2206834967 0.0008860603 0.0015378930 0.0202849508 0.0122206286
94.1659460721 25.5317347362 0.1984985547 0.0134471804 0.0276682899 0.0033916906 0.1368206927 0.5922910763 0.2917379144 0.0763063320 0.4191749733 3.1741394691
87.5085864100 24.1758247131 0.0133190304 0.0192135573 0.0133759342 0.1987511294 0.0004843809 0.0183234923 0.0490228646 0.0341127627 0.0052999705 0.2444727349
91.5111885327 5.4757331549 0.1183085145 0.0078144483 0.2570190469 0.0659477898 0.0080373138 0.1115003602 0.4791830671 0.4089403901 0.0742346049 0.2585046927
94.1414000412 11.3293050894 0.0772689470 0.1026338899 0.4357892093 0.0202286057 0.1954945737 0.2207788641 0.0008860603 0.0015378930 0.0446990133 0.0000135973
94.1536070725 11.3293050894 0.0528548845 0.1026338899 0.4357892093 0.0202286057 0.1954945737 0.2207788641 0.0008875504 0.0015378930 0.0446990133 0.1098768787
94.1528441330 11.3293050894 0.0528548845 0.1026338899 0.4357892093 0.0202286057 0.1954945737 0.2208027059 0.0008875504 0.0015378930 0.0446990133 0.1098768787
44.1542704070 3.6867926863 0.0137475319 0.7855482407 0.0015672296 0.1015055926 0.0253420323 0.1224176028 0.0016719103 0.0612449833 0.0039358623 0.0000701286
26.6622325654 0.0101030804 0.0153160654 0.0015457161 0.0191021711 0.0015737489 0.0122568570 0.1242283733 0.7937548689 0.0245302916 0.0187638216 0.0052189454
26.8055957992 4.1642992796 0.0067413785 0.1971378924 0.0127021223 0.2461851577 0.0491591171 0.0023249537 0.0003386289 0.0265870244 0.0020292588 0.0001575798
44.1531550550 55.4852351132 0.0002593733 0.1024371945 0.4051762637 0.0032519922 0.1965205187 0.0254875049 0.0010900199 0.1007215121 0.0326856971 0.1167317853
39.5592957172 36.1446990968 1.5810454279 0.0131193549 0.0015580095 0.0624358655 0.0015269034 0.2075538041 0.4159092907 0.0992016868 0.0494086184 0.0011503696
37.5024828478 24.1788526291 0.0133191235 0.0192135573 0.0011688098 0.1987494530 0.0004873611 0.0183234923 0.0494043343 0.0463197940 0.0035833567 0.2444727349
6.8710343045 36.7632215254 0.0097309239 0.0397345052 0.0004198402 0.0124875456 0.8314329207 0.6107651634 0.0025261194 0.0001969747 0.0008678995 0.0008640811
2.1699862575 28.1990903692 0.0008168630 0.0061830506 0.0130520202 0.0122226775 0.0153433532 0.0995647163 0.2137883568 0.0016421080 0.0164403580 0.8313728504
15.4885460767 1.5009152717 0.0067685731 0.2934799532 0.0985756517 0.0005980954 0.0145981088 0.0124404207 0.0636607409 0.1968777740 0.2018767411 0.1076572576
14.8631190088 16.8462081038 0.0244155526 0.0015288591 0.0008055009 0.0123160891 0.0125887804 0.0343327411 0.0732488000 0.1201692038 0.0513341278 0.0553033315
69.4583324431 14.1815873926 0.0003155321 0.0079767779 0.0001383945 0.0063962303 0.0004895031 0.3937507052 0.0371971168 0.2199518496 0.0988492743 0.0279436820
19.4642137917 14.0866100919 0.0124018639 0.7847564302 0.0008909032 0.0306147151 0.2198703589 0.3942266110 0.0431098976 0.2209994013 0.0004442409 0.0489260070
26.8773881969 9.4490888617 0.0008172356 0.0061353669 0.0130523928 0.0122226775 1.7700675891 0.0995671378 0.2078994179 0.0001162291 0.0126007013 0.0525450334
37.5070724054 11.5293462868 0.0132713467 0.0192620792 0.4524483350 0.1956993716 0.0006780960 0.0190864317 0.0490243547 0.0280092471 0.0052753836 0.1956446098
33.5319567784 64.1614323148 0.0145275146 0.7820450708 0.0123799779 0.0019784085 0.0269179233 0.2081737856 0.0000525266 0.0249313191 0.0067491084 0.0040085986
20.1913085954 53.5158367395 0.6003393797 0.1284070314 0.7818285383 0.0063613057 0.8792878137 0.0368515961 0.0030857511 0.0896674582 0.0248696655 0.0206300058
70.1913086420 53.5158367395 0.6003513006 0.1284070314 0.0005794689 0.2020552756 0.9037078367 0.0366608613 0.0030797906 0.0896674582 0.0248696655 0.0206300058
1.3380034839 6.8495572608 0.0094053336 0.0675370917 0.0080755912 0.2077830957 0.0246640295 0.0011690892 0.0122325495 0.0000344589 0.2452928575 0.0061278231
6.8463966314 0.0218449161 0.6357300101 0.0688940287 0.0195029192 0.0638069586 0.0031013973 0.0002129003 0.0050937757 0.0015398487 0.0062675215 0.0488491729
0.8806010716 0.0318468549 0.0153160654 0.0015457161 0.0191021711 0.0977041201 0.0122562982 0.0273346901 0.9890673691 0.0245310366 0.0065657310 0.0356888399
0.6604400470 3.5156580652 0.6003392866 0.1323111357 0.7818315185 0.0061706640 0.8800511257 0.0254075043 0.0032764860 0.0774604269 0.0370766968 0.0076600351
0.2545350234 6.8367004458 0.2198704520 0.0461970456 0.4963574004 0.0005973503 0.4411784936 0.1007386484 0.0185733661 0.0002272427 0.0555071049 0.0101395883
0.1210674645 10.9413634156 0.0137706287 0.0366262161 0.0156748109 0.0561492518 0.0276304782 0.0131013803 0.0008146279 0.0501248055 0.0059394166 1.5757270172
2.0639549029 11.5494012940 0.3978793513 0.0569129363 0.0034695491 0.1743471252 0.0747825020 0.1974143090 0.0635170378 0.0977758319 0.0154580921 0.0489294529
2.8337257009 12.8248165481 0.0155306421 0.0015456229 0.0435400755 0.8789541208 0.0122687779 0.0273346901 0.9769081147 0.0245281495 0.0061362982 0.0357842073
37.5084238476 0.1575159842 0.0015580095 0.0037195161 0.0000737607 0.0862183981 0.0020148233 0.0126252882 1.5640412472 0.0047366135 0.0146974810 0.1473040321
52.1980345735 3.5240865345 0.0116527081 0.0000724569 0.0035288744 0.0073752366 0.1104139724 0.8337530315 0.4430782054 0.4675207664 0.0376906246 0.1141278074
52.1740940885 16.1628932843 0.0082647428 0.0979728998 0.0061049126 0.0345304609 0.0249446370 0.0062379055 0.0167888589 0.0797493384 0.0246208161 1.5789235957
52.1496852414 53.5286159753 0.0083608553 0.1039929689 0.0003887340 0.2295210960 0.1226127149 0.0000397675 0.0046056695 0.0774604269 0.0309713185 0.0160300173
14.1039393042 50.8713205819 0.4883854655 0.0215745531 0.0067967922 0.3995558251 0.1999269241 0.0030547380 0.0794527122 0.4188065421 0.0513583422 0.0057305209
20.1916900651 53.5158248185 0.6003393797 0.1284010710 0.7818285383 0.0063642860 0.8792878137 0.0368515961 0.0030857511 0.0896674582 0.0248696655 0.0206300058
68.8306154393 12.8025947258 0.0111795962 0.1954833047 0.0268095173 0.0062093139 0.1495908016 0.4908604552 0.0001065433 0.0507421792 0.0244726427 0.4090713341
62.6060575830 0.0253683888 0.0009808689 0.0246057287 0.0003005378 0.0000062399 0.0030605122 0.4400784154 0.0000076368 0.0137446448 0.0249013305 0.0122469850
19.4642376336 14.0866100919 0.0124018639 0.7847564302 0.0008909032 0.0306147151 0.2198703589 0.3942266110 0.0431098976 0.2209994013 0.0006349757 0.0489260070
37.5272859237 1.5871090829 0.0011713244 0.0003188848 0.3940234896 0.0008887611 0.0282397494 0.0509905629 0.0000298023 0.0138400123 0.0001057982 0.0123425387
37.5314894482 2.8423766632 0.4037053328 0.0488679857 0.3922010776 0.0256231055 0.0006698072 0.0063131563 0.0038231723 0.0037866645 0.0037497841 0.1100344584
88.1836337859 1.4591617523 0.2264558340 0.0076362863 0.4890767862 0.0003868714 0.2218307929 0.3943920139 0.4461325709 0.0074180774 0.1002076083 0.0001017004
88.8672185027 4.7115575566 0.2260309646 0.0003883615 0.4894613293 0.3912026998 0.2199232580 0.4002109174 0.0837363303 0.0013142824 0.0986578875 0.0001200475
88.8672185027 4.7085057988 0.2260309646 0.0003883615 0.4894613293 0.3912026998 0.2199232580 0.4002109174 0.0837363303 0.0013142824 0.0986578875 0.0001200475
88.8672185958 4.7085057988 0.2260309646 0.0003883615 0.4894613293 0.3912026066 0.2199232580 0.4002109174 0.0837363303 0.0013142824 0.0986578875 0.0001200475
88.8672185958 4.7085564627 0.2260309646 0.0003883615 0.4894613293 0.0003868714 0.2199234443 0.4002109174 0.4743628208 0.0013142824 0.0986578875 0.0001200475
88.1672017166 26.2056531629 0.0000793487 1.5631273403 0.1967005433 0.0000265427 0.0980919228 0.0021120533 0.0070594251 0.0989236870 0.0806247816 0.0002401881
38.1672016700 26.1812391003 0.0979263336 1.5631273403 0.1967005433 0.0000265427 0.0980919228 0.0997921453 0.0070596114 0.1050272026 0.0836765394 0.0002408400
38.1656757911 26.1812391003 0.0979263336 1.5631273403 0.1967005433 0.0001219101 0.0980919228 0.0996014104 0.0070596114 0.1050272026 0.0836765394 0.0002408400
37.5092243194 23.4870401430 0.0049829483 0.0978953206 0.0000236556 0.0072251074 0.0284700655 0.0009286217 1.5633407995 0.1801172273 0.0274906867 0.0007933937
32.7767880007 50.1877942590 0.0641928986 0.0139367767 0.2083055677 0.1018040814 0.0122342259 0.0381695107 0.6027976988 0.0097179785 0.1032073052 0.0005086884
15.4861569549 51.4861514340 0.1304437408 0.1288668254 0.0004615635 0.9340349594 0.0064442866 1.5779474765 0.3243798393 0.0008583069 0.2991946417 0.0640921295
3.3907610955 53.5279393695 0.0005254522 0.0508465805 0.0564951450 0.1012002119 0.0000491738 0.0016531907 0.0999728219 0.0492400490 0.0007927418 0.0564732589
0.1987709666 47.5120278518 0.0071896240 0.0016218051 0.0048660673 0.0026584603 0.0031648204 0.0034097582 0.0870438293 0.2464644613 0.0000187196 0.0306234695
6.7659295227 0.8728821770 0.0611373224 0.0130268745 0.0016257167 0.0069534406 0.0031715259 0.0030645169 0.0757242554 0.4199507650 0.0862331130 0.0023849309
6.9253485714 50.1544009430 0.0618465245 0.0202200376 0.0191146508 0.0003688037 0.0015370548 0.0030632131 0.2170327122 0.1040421427 0.1138884575 0.7816631354
12.8558926404 18.8019292604 0.0245829113 0.4272730094 0.0244425610 0.0315444544 0.0245730393 0.0375391916 0.0008146279 0.0587510877 0.0055604614 0.0368343667
64.1749399381 17.4973839126 0.0035528094 0.0644041226 0.0020235777 0.0250888989 0.0490250998 0.2094327474 0.0001290813 0.0488296152 0.0267440453 0.0042156316
33.5319567784 64.1675354579 0.0145275146 0.7820927545 0.0123799779 0.0141854398 0.0269179233 0.2081737856 0.0000521541 0.0249313191 0.0067491084 0.0040085986
6.8463968177 0.0706730411 0.4396545705 0.0566869975 0.0195029192 0.0638069586 0.0031013973 0.0000191852 0.0050937757 0.0015398487 0.0062675215 0.0488491729
9.9713966343 0.0096378848 0.6418335257 0.0566869975 0.0072482042 0.0638009981 0.0038643368 0.0002125278 0.0539219939 0.0015398487 0.0062675215 0.0496122055
10.7525989513 0.0096378848 0.6418335257 0.0505834818 0.0072482042 0.0638009981 0.0038643368 0.0002125278 0.8321201437 0.0000139698 0.0062675215 0.0496122055
87.5070605311 24.0781684630 0.0132713467 0.0192143023 0.0618225895 0.1987511294 0.0004873611 0.0183234923 0.0490213745 0.0280092471 0.0052761287 0.2444727349
87.5272797304 1.5871090829 0.0011712313 0.0002205372 0.3939772960 0.0008649193 0.0282367692 0.0509965234 0.0000298023 0.0137446448 0.0249013305 0.0123483129
87.5024901587 0.0246053562 0.0011712313 0.0001910143 0.3909259107 0.0007695518 0.1258937643 0.4400956449 0.0003879890 0.0137446448 0.0249013305 0.0122529455
25.0006922754 50.1376659145 0.0112480484 0.0774385408 0.0014242716 1.5932149269 0.0012518838 0.0035171397 0.0488447957 0.2108707095 0.0140720047 0.0006170012
37.5580524444 23.4870401430 0.0019341707 0.0978953206 0.0000204891 0.0072251074 0.0284700655 0.0009286217 1.5633407995 0.1801172273 0.0274906867 0.0007933937
10.7034709404 46.1599216295 0.0000483356 0.0122100115 0.0248012133 0.0976577402 0.0020908192 0.0187092461 0.0031256117 0.0002507120 0.0305596739 0.0070136972
25.4201208478 14.1210072805 0.0057414174 0.0019518659 0.0130512752 0.0185207464 0.0259469263 0.0066062436 0.0002390705 0.0646775589 0.0031176955 0.9779926399
