0.6904542812 0.7940229668 0.0000031910
0.9463723978 0.4716604215 0.0000032067
0.4892635064 0.8819059718 0.0545383443
0.6734228700 0.7569311319 0.0002027648
0.0092763411 0.7807673135 0.6381201844
0.1925505025 0.8348485859 0.5215985545
0.3093830621 0.7529764276 0.5849147037
0.9931572899 0.0304055652 0.1403009980
0.8712028125 0.1860157845 0.4597181442
0.0047219897 0.2030834823 0.9851125822
0.6996318596 0.6960692510 0.1924734774
0.0732274940 0.3363819177 0.9421355352
0.0596822036 0.9006883543 0.4410773593
0.0001054579 0.6201433912 0.8035015463
0.4359989864 0.3989948544 0.8123125317
0.8372057440 0.5512405862 0.0894183187
0.3545768943 0.2825774425 0.8932913152
0.8559809772 0.4082644536 0.3361164480
0.9949348270 0.0828518007 0.0946091957
0.3158438498 0.5161719057 0.8003531469
0.1032343326 0.4983361593 0.8624350347
0.5279538105 0.1153190116 0.8458305910
0.0854101533 0.4696786804 0.8814861168
0.4808388418 0.0279479497 0.8829162706
0.6481381976 0.4461555921 0.6235082666
0.7415505365 0.0649574632 0.6849858857
0.7695907374 0.0674136976 0.6438296311
0.9384845859 0.1669098547 0.3141101399
0.9957925224 0.1786849291 0.0002541818
0.9176592277 0.1993516499 0.3471226294
0.4374881756 0.8198868530 0.3871575839
0.3125442015 0.6543831958 0.7002536618
0.3842187002 0.1114337783 0.9211020626
0.1364071618 0.1468354790 0.9824309823
0.5026783230 0.2410365885 0.8341609958
0.5783939908 0.2599047979 0.7742249790
0.3789922671 0.4039143390 0.8349155303
0.7145201163 0.7071570618 0.0004424138
0.9962640083 0.0010077997 0.1027938649
1.0215263069 0.0002527390 0.0560449773
0.4615696555 0.1942940930 0.8727354306
0.0022888255 0.0018772043 1.0004018759
0.0662499922 0.9998055178 0.0658799754
0.0255135536 0.8363520614 0.5545087816
0.0000015803 0.9508977161 0.4165581724
0.5476755090 0.7260627542 0.4352401485
0.9729417422 0.2525980261 0.0034069459
0.3786681879 0.0070237326 0.9499047267
0.0299157170 0.5980637062 0.8016688350
0.0317460838 0.5978876388 0.8017199138
0.6534749936 0.0163404486 0.7693975359
0.4194373873 0.2037009896 0.8898499124
0.3786680945 0.0070238727 0.9499047577
0.1735052446 0.0348471373 0.9879709274
0.2234650120 0.1535866608 0.9679772428
0.7670479113 0.1639398439 0.6254303790
0.2153099740 0.0283356222 0.9774374484
0.5616873141 0.1897373535 0.8086158615
0.9681004985 0.1239681079 0.2211490191
0.1653339189 0.9861819282 0.0319445239
0.5081928974 0.8624511735 0.0289544581
0.4570531255 0.8945094404 0.0119006468
0.8969344445 0.2797056907 0.3716617370
0.9284719792 0.0773368132 0.3703094588
0.7510897164 0.0505622927 0.6607717386
0.3023582836 0.9531365484 0.0319452690
0.2118231377 0.3861287353 0.9031193669
0.3903861806 0.0154406607 0.9235068550
0.3546179421 0.1635936764 0.9231346655
0.7512079417 0.5834528954 0.3244503430
0.0012400154 0.2481097869 0.9693548135
0.6196499829 0.3250035854 0.7353588877
0.5857383866 0.8175428879 0.0015911358
0.9194456402 0.4012878915 0.0069505501
0.7978218244 0.6033582316 0.0000994756
0.7724207697 0.5591581975 0.3151638835
0.2503890070 0.3188847381 0.9176412264
0.6414732545 0.6492315625 0.4202538891
0.7470209921 0.5279079398 0.4208390403
0.3087697561 0.8844281121 0.3750043561
0.3103312317 0.9302558909 0.2179104153
0.6934510195 0.0110950273 0.7219364587
0.0000782589 0.7061771934 0.7706072491
0.0000001886 0.0000000289 1.0109765022
0.0000000000 0.0000000000 1.1592374508
0.0000000000 0.0000000000 1.1429127958
0.0000000000 0.0000000000 1.1429127957
0.0000000000 0.0000000000 1.1468859038
0.0000000000 0.0000000000 1.0893023634
0.4729717106 0.0134261996 0.8840394975
0.6765379238 0.0086880379 0.7383584871
0.4863781531 0.0000698247 0.8935128292
0.0722158939 0.3317346758 0.9425195165
0.4254840690 0.1901850012 0.8868725504
0.1249571352 0.9924446947 0.0000994756
0.1067598551 0.9195127586 0.3999932229
0.4434824823 0.0478076023 0.8967020488
0.6095272917 0.0657073042 0.7932795058
0.0015484717 0.9938822824 0.1223281860
0.1493217978 0.6301598256 0.7640279627
