0.3145990896 0.8369266063 0.2065436916 0.0162263401 0.0008164905 0.0006143935 0.1977273265 0.0814783388 0.0991874375 0.0611091033 0.1105104574 0.0020436943
48.8327217743 1.3815096592 0.0202798285 0.0126658008 0.1687050799 0.0549359248 0.0004484318 0.0152996741 0.0095956028 0.2244954000 0.0186451711 0.0061213970
50.2003370320 0.3690291200 0.0002091751 0.0002735294 0.0001926906 0.0001067296 0.3909639086 0.0008342788 0.0492261723 0.0011835247 0.4034168091 0.3950134855
0.6768647588 14.7912113134 0.0082921237 0.0249323435 0.0000022352 0.0567012467 0.0309884548 0.0087858178 0.0310890377 1.2216665793 0.0183701515 0.0494171866
15.4516077744 22.1336480436 0.0370580703 0.0270377845 0.7943011828 0.7905826911 0.0061571598 0.0257637352 0.3918224949 0.0318229199 0.1129629091 0.0644423999
0.9531002501 13.4135857349 0.0038486905 0.7934663452 0.0167223625 0.0065959990 0.0038307160 0.1226300375 0.1485680231 0.0107119791 0.0017906539 0.0099519268
0.1109174454 49.4967737696 0.3314675766 0.0448285602 0.0894472935 0.0046969391 0.0311625190 0.1022777521 0.0611322001 0.0078880228 0.0185484067 0.3174790184
3.3970532970 50.1717614477 0.0063245185 0.0032970682 0.0002701767 0.0254685059 0.0006218441 0.3930326555 0.0278885477 0.0005156733 0.4049613144 0.3944457512
60.1565420257 48.1014523172 0.0732488000 0.0009774230 0.1053378918 0.0274840743 0.4059124742 0.0519125723 0.0986575150 0.0496699475 0.0011836179 0.0983481296
62.8008370873 0.2672229896 0.0158559531 0.0004907139 0.0977125951 0.0245666132 1.7827723192 0.2200870777 0.1011346468 0.0099215657 0.4318395634 0.0611610711
0.1240039245 25.4837932302 0.3933462318 0.1468694770 0.0739858486 0.0068247318 0.0216558576 0.0406394713 0.0267170370 0.0034654513 0.0019198284 0.0978888013
48.8311957091 54.1891982352 0.0141762197 0.0157175586 0.0714302064 0.0564778224 0.0004423782 0.0152996741 0.0095866621 0.2554272304 0.4000254910 0.0061213970
50.1517876518 10.7370615105 0.0047758222 0.0034363009 0.4427540120 0.1100680792 0.0050083734 1.1999588471 0.5990874959 0.0247051940 0.0262488611 0.0001212582
31.4866584088 1.6152183540 0.0124090351 0.2504497769 0.0049964525 0.0152639114 0.1961922275 0.5928167147 0.0123084523 0.0224736519 0.0019381754 0.1466040501
59.5248714644 12.8178835966 0.0001085922 0.3907024864 0.7950874984 0.3944466826 0.0012556091 0.0024415553 0.0024899840 0.0030666590 0.0025712885 0.0997001306
18.8979874541 48.1592347363 0.0306609087 0.1955971124 0.5112560471 0.0094725750 0.7915207192 0.0011530705 0.0267473981 0.4291309979 0.0004057772 0.1713051462
31.4977914388 59.4909758861 0.0514063985 0.0248458237 0.0488396734 0.0200705603 0.8851941683 0.0021378510 0.0370321796 0.0187992118 0.0036530197 0.2446304078
44.8048111469 0.0525853597 0.0998125412 0.1041303390 0.0496793539 0.0072979368 0.0199722126 0.1749099234 0.3906339411 0.8854451598 0.0193035230 0.0077265315
0.9183820346 0.1280279831 0.0000294298 0.0276637264 0.1038610936 0.0030611642 0.0747954474 0.0312856399 0.0276983716 0.0336968340 0.0147764571 0.0873954967
3.5404638420 0.0600716100 0.0025066547 0.1983802767 0.0145575032 0.0489838422 0.0612347387 0.0732899644 0.0070113689 0.2048863100 0.0671754592 0.3923472952
2.0050191339 50.8276512388 0.0065522268 0.0527423807 0.0336409547 0.2710580828 0.0519404188 0.0008677132 0.4318386320 0.0009342097 0.4396163863 0.0063636340
12.8161249802 0.8368789226 0.2034919338 0.0162501820 0.0008164905 0.0006143935 0.1977276990 0.0814543106 0.0991874375 0.0611091033 0.1105104574 0.0019483268
18.1720038114 7.5196252275 0.0001574866 0.0065357424 0.0265714713 0.7824886598 0.0733505004 0.2110659147 0.5986742681 0.0030653551 0.0106826425 0.0823991374
19.4682182925 0.0415808522 0.1968623141 0.0663866290 0.2007293517 0.0003850088 1.5630331836 0.4035624679 0.0031291507 0.0000002794 0.0979252161 0.0105627813
31.4977914388 9.3933195895 0.0514034182 0.0248454511 0.0488396734 0.0200705603 0.8851941683 0.0021378510 0.0400839374 0.0187992118 0.1013092698 0.2446304078
22.8194061879 56.7963377170 0.0024368055 0.0122767873 0.0003653578 0.0046994537 0.0036819838 0.0246061012 0.0031504780 0.0978529454 0.0001378357 0.0000996515
21.4610707215 75.4773518774 0.1009840519 0.0991915354 0.1352986322 0.0124252401 0.0251058489 0.0568213873 0.0125035644 0.0052482821 0.2152372154 0.0799498522
34.8436436009 76.8322618462 1.1719006125 1.5991512701 0.0017588958 0.0313021243 0.0144731254 0.0252216123 0.6129717460 0.2136837693 0.0522108749 1.8316892924
62.8296857354 62.8097535696 0.4064809535 0.0002998859 1.6876891271 0.0739678741 0.0245753676 0.0764190220 0.1477667132 0.0223739073 0.4302996215 0.0709852204
84.8254767105 0.2474577168 0.3937782723 0.0259701163 0.0000378117 0.8264256649 0.0495798886 0.0374242664 0.6152191205 0.8516084411 0.0002808869 0.0266683288
82.8253699307 1.3780504478 0.0127046369 0.8078728810 0.0493573025 0.0295168720 0.2030251550 0.0156608410 0.0976724551 0.0006690621 0.0497835689 0.0511201099
50.2003370320 3.4940293091 0.0002091751 0.0002735294 0.0001926906 0.0001067296 0.0003359281 0.0008342788 0.0492261723 0.0012788922 0.4034168091 0.5903259857
42.1879034882 13.4903213135 0.0000054017 0.2197296361 0.0993513503 0.0309248455 0.1014921815 0.0368411653 0.0160258263 0.0097610056 0.0034981407 0.0001997687
0.1528296621 64.8757278592 0.2046125012 0.7944122896 0.0252286904 0.0013788231 0.0023196451 0.0112819485 0.0980430284 0.0488663093 0.1105119475 0.0073872507
62.8052716728 62.8036506128 0.4064802084 0.0002998859 1.6876891271 0.0739680604 0.0245753676 0.0735639595 0.0989385881 0.0227562152 0.4302996215 0.0709852204
81.4978628247 64.1682927163 0.0983892941 0.0000511296 0.0038884580 1.7586613090 0.6416344090 0.0033386052 0.0122656115 0.1220841893 0.0610962511 0.0023219734
88.1477278547 64.7791566931 0.0309551135 0.0006914139 0.0061117113 0.0072347000 0.0259697438 0.0256900676 0.1232739539 0.0374503434 0.0184549019 0.0492787920
88.0989056901 58.1385316869 0.0309551135 0.0251054764 0.0068746507 0.0064717606 0.0305473805 0.0256899745 0.1232739539 0.0374503434 0.2076638864 0.0615811907
60.1812683606 40.8299396195 0.0086339191 0.0493112952 0.0046049245 0.7840203129 0.0005850568 0.1007188112 1.5778129935 0.0031194650 0.0250376761 0.0000273809
31.4973314586 54.1215192099 0.2471647228 0.1317464748 0.0013750978 0.0073630363 0.0009509735 0.0015338883 0.0002650544 0.8103701294 0.7954591893 0.8160090082
82.8372243632 60.1905912721 0.0017818064 0.0030913390 0.0062093139 0.0510449522 0.0032541342 0.0063444488 0.8083524190 0.0035028905 0.0133995898 0.7906034596
12.8581336819 49.4913378260 0.3322305161 0.0188886188 0.0406251289 0.0046984293 0.0311624259 0.1007526183 0.0619309024 0.0109397806 0.0185476616 0.3173836510
60.1565420257 48.1258663797 0.0732488000 0.0009773299 0.1053349116 0.0274840743 0.4059124742 0.0519125723 0.0986575150 0.0496699475 0.0011836179 0.0983481296
12.8496185996 62.2100812962 1.6117587701 0.0023902394 0.0126177445 0.0258497894 0.0247993507 0.0084679574 0.1489471646 0.0124224462 0.0526140444 0.1386400313
0.1032455825 60.8316840239 0.0049308874 0.0274659135 0.0522371382 0.0978122466 0.0110641122 0.0296059996 0.3057372759 0.0750718639 0.0005890615 0.0245334581
8.1182747224 0.2041418107 0.0340712257 0.0061653554 0.0007331371 0.4195896913 0.0002861954 0.2180025915 0.0065496191 0.1184029506 0.0261963345 0.0137406401
62.7947335716 0.2672231759 0.0158559531 0.0004907139 0.0977118500 0.0245666132 1.7827723192 0.2200870777 0.1011346468 0.0099217519 0.4318395634 0.0611610711
62.7945428368 0.2672231759 0.0158559531 0.0004906207 0.0977118500 0.0249480829 1.7827723192 0.2200870777 0.1011346468 0.0099217519 0.4318395634 0.0611610711
62.8296857354 62.8097595301 0.4064809535 0.0002998859 1.6876891271 0.0739678741 0.0245753676 0.0766097569 0.1477666201 0.0223739073 0.4302996215 0.0709852204
0.0508127735 6.7673460643 0.0006768852 0.0000026077 0.0172437169 0.0615453348 0.0063190237 1.5660298071 0.0035449863 0.0025812537 0.0549862162 0.2262400465
47.5099571492 28.1761785300 0.0005759299 0.0141682103 0.1038257034 0.0000018626 0.0050597824 0.1957205126 0.0007900409 0.0002718531 0.1953221859 0.0069255941
0.1138833352 78.2277347317 0.0289542601 0.1472610982 0.0131850131 0.0622794033 0.0246595592 0.0493092463 0.2538111063 0.1109188424 0.5127267917 0.0134574250
8.1707936788 14.1683860814 0.0638504513 0.0008201227 0.0057294965 0.0009529293 0.3970208582 0.0587478281 0.0122372061 0.0267041847 0.2448723654 0.0137395226
37.5017467304 3.4638327579 0.0009536743 0.0187997706 0.0123081729 0.0002047978 0.0026132911 0.0003165565 0.0529550948 0.0432107598 0.0029885210 0.0305261463
72.1545354204 50.7946389269 0.0732694753 0.0367368572 0.0117033720 0.5905419594 0.0124931336 0.0007831492 0.1954468900 0.2548729072 0.0071372837 0.0019153580
87.5000465545 39.4904113742 0.0310897827 0.0038268045 0.0263996423 0.0521352515 0.8340840236 0.0206022524 0.5264473153 0.0634421595 0.3052165735 1.5632772833
88.1507796125 64.7792520605 0.0309551135 0.0006914139 0.0061117113 0.0072347000 0.0259697438 0.0256900676 0.1232739539 0.0374503434 0.0184549019 0.0492787920
88.1507796125 64.7790613256 0.0324809924 0.0006914139 0.0061117113 0.0064717606 0.0259697438 0.0256900676 0.1232739539 0.0374504365 0.0192178413 0.0492787920
88.1507796125 64.7782983862 0.0324809924 0.0006917864 0.0061057508 0.0064717606 0.0259698369 0.0256662257 0.1232739539 0.0374504365 0.0192178413 0.0488973223
88.1507319288 64.7782983862 0.0325763598 0.0006917864 0.0061057508 0.0064717606 0.0259698369 0.0256662257 0.1232739539 0.0374504365 0.0192178413 0.0488973223
88.1507319288 64.7784891210 0.0324809924 0.0006917864 0.0061057508 0.0064717606 0.0259698369 0.0256662257 0.1232739539 0.0375458040 0.0192178413 0.0488973223
88.1507319288 64.8273172461 0.0324809924 0.0006917864 0.0061057508 0.0064717606 0.0259698369 0.0256662257 0.1232855023 0.0863739290 0.0184549019 0.0488973223
88.1507319288 64.8395242773 0.0324809924 0.0006917864 0.0061057508 0.0064717606 0.0320733525 0.0256662257 0.1233808697 0.0863739290 0.0184549019 0.0488973223
88.1514948682 64.8395265125 0.0324929133 0.0006917864 0.0061057508 0.0063763931 0.0320733525 0.0249271281 0.1234047116 0.0863739290 0.0184547156 0.0488973223
88.1530207471 64.7906983875 0.0324929133 0.0005017966 0.0061057508 0.0063763931 0.0321210362 0.0249271281 0.1234047116 0.0863739290 0.0184547156 0.0488973223
88.1530207471 64.7906924270 0.0324929133 0.0005017966 0.0061057508 0.0063704327 0.0321210362 0.0249271281 0.1234047116 0.0863739290 0.0184547156 0.0488973223
88.1408137159 64.7906924270 0.0324929133 0.0005017966 0.0061057508 0.0063704327 0.0321210362 0.0249271281 0.1226417721 0.0863739290 0.0192176551 0.0488973223
31.5028565298 0.4889971581 0.0003920868 0.3908284012 0.0817231835 0.0071328133 0.0578937121 0.2319936643 0.1007576474 0.0123397447 0.0002432615 0.0006262213
81.4965615808 0.8809692235 0.0003920868 0.0011570752 0.0268623233 0.0002674758 0.0578932465 0.2094275320 0.1984617675 0.7936380811 0.0315209851 0.0005815178
0.1005111263 0.9092779839 0.0000294298 0.0276868232 0.1038610936 0.0030611642 0.0747954474 0.0793508255 0.0276745297 0.0306450762 0.0025575049 0.1606376843
0.9531002501 13.4257927662 0.0038486905 0.7934663452 0.0167223625 0.0065959990 0.0038187951 0.1714581625 0.1485680231 0.0046084635 0.0017905608 0.0099519268
60.1611196624 48.1258663797 0.0732488000 0.0086065382 0.0992313960 0.0274840743 0.4059109841 0.0519125723 0.1001714730 0.0496699475 0.0011836179 0.0983481296
55.5189436819 35.4290921571 0.4030347805 0.0028240494 0.0490280800 0.5990393465 0.0210326165 0.0012707897 0.1473667101 0.1007351094 0.0772082248 0.0298390165
13.5460682339 8.9739450337 0.0008426607 1.1867590260 0.0488537364 0.0044772401 0.0771027990 0.0009566545 0.0076345168 0.0023394823 0.0022294000 0.4036393020
0.1650366934 14.9237929982 0.2050178127 0.0131622888 0.0252290629 0.0006158836 0.1976321453 0.0570583158 0.0980430284 0.0488543883 0.1105104574 0.0066183508
0.3161249685 0.8368789226 0.2034919338 0.0162263401 0.0008164905 0.0006143935 0.1977273265 0.0814544969 0.0991874375 0.0611091033 0.1105104574 0.0019483268
26.1648651456 0.1014607028 0.0998125412 0.0001798384 0.1473117621 0.0072495081 0.0077655539 0.1741479153 0.4219263796 0.8852544249 0.0193057582 0.0077332370
26.1765016487 4.7388093590 0.0004381873 0.0641079620 0.0072260387 0.0795565546 0.0017830171 0.0050738454 0.0010692514 0.0000428408 0.2205402592 0.0012661330
26.0969473292 11.4792440194 0.0040124171 0.0877993182 0.4163041715 0.0275048428 0.1026748681 0.0109937973 0.0617573970 0.2965118739 0.0306013041 0.4999103029
27.5460235100 14.8212731023 0.0977673569 0.0013193116 0.0153901987 0.7967264399 0.0005012378 0.0031714328 0.1985077748 0.0002231449 0.8934978404 0.1468080097
77.5186753622 14.8463030484 0.0299516134 0.4044069912 0.2689856107 0.0122446567 0.8819809192 0.1130125486 0.4279221412 0.4170315344 1.6062526979 0.0011393800
77.4698472372 14.8463984158 0.0299516134 0.4044069912 0.2705114896 0.0122446567 0.8819809192 0.1130125486 0.4279221412 0.7099526010 1.6062526979 0.0011393800
77.4690850428 14.8464043763 0.0299516134 0.4044068981 0.2705114896 0.0124353916 0.8819809192 0.1008055174 0.4279221412 0.7130043588 1.6062646188 0.0011393800
9.5036287881 50.1740579961 0.0026741996 0.2386027018 0.3929750998 0.0001551583 0.0978551806 0.4654415887 0.2052802594 0.0035654753 0.0236514025 0.0001963228
0.2003369855 3.4940293091 0.0002091751 0.0002735294 0.0017185695 0.0001065433 0.3909609284 0.0008342788 0.0522749499 0.0012785196 0.4034168091 0.5899445159
0.2003369855 3.4936478394 0.0002091751 0.0002735294 0.0017185695 0.0001050532 0.3909609284 0.0008342788 0.0522987918 0.0012787059 0.4034168091 0.5899445159
0.9815869862 3.4936478394 0.0002091751 0.0002735294 0.0017185695 0.0001050532 0.3970644440 0.0008342788 0.0524895266 0.0012787059 0.4034168091 0.5899445159
4.1065840089 3.4936478394 0.0002091751 0.0002735294 0.0017185695 0.0001050532 0.3970644440 0.0984666870 0.0524895266 0.0008972362 0.4034168091 0.5899445159
4.2127017902 0.8600699723 0.0064913184 0.4029968757 0.0244167634 0.0051753596 0.0370646827 0.0000015832 0.0493087806 0.1125380398 0.0046783127 0.0251854770
20.8040425748 0.1913920978 0.7949508734 0.2079762520 0.2543462443 0.0564777293 0.0244153664 0.1968759114 0.0065336004 0.2529475840 0.4505400550 0.0000181608
0.1093490982 60.8316840239 0.0049308874 0.0274659135 0.0522371382 0.0978122466 0.0110641122 0.0296059996 0.3057372759 0.0750718639 0.0005890615 0.0245332718
19.4682659763 0.0415927731 0.1968623141 0.0663866290 0.2007293517 0.0003850088 1.5630331836 0.4035624679 0.0031291507 0.0000002794 0.0979252161 0.0105627813
0.1129155048 0.1281573438 0.0033179298 0.0246075914 0.0068862923 0.0156654976 0.0527552329 1.6628266328 0.0122227706 0.0064224005 1.1818145413 0.0001279637
47.5099571492 28.1273504050 0.0005759299 0.0141682103 0.1038257034 0.0000018626 0.0050597824 0.1957205126 0.0007900409 0.0002718531 0.1953221859 0.0069255941
47.5099571492 28.9329727450 0.0003851950 0.0141682103 0.1038199292 0.0000018626 0.0050582923 0.1957205126 0.0007915311 0.0002718531 0.1953221859 0.0069255941
40.8210873053 27.5134070101 0.1590902919 0.0155680813 0.2210738139 0.0244251453 0.0309172087 2.3438158467 0.0037299469 3.3382019990 1.5666987762 0.1467130148
0.1109174454 49.4975367091 0.3314675766 0.0448285602 0.0894472935 0.0046969391 0.0311625190 0.1022777521 0.0611322001 0.0078880228 0.0185484067 0.3174790184
0.1597455704 49.4975367091 0.3314675766 0.0448285602 0.0894472935 0.0046969391 0.0311625190 0.1022777521 0.0611322001 0.0078880228 0.0185484067 0.3174790184
0.1627973282 49.4975367091 0.3314675766 0.0204144977 0.0894472935 0.0046969391 0.0311625190 0.1022777521 0.0611322001 0.0078880228 0.0185484067 0.3174790184
0.1627973282 49.4914331934 0.3314675766 0.0188886188 0.0894532540 0.0046969391 0.0311624259 0.1022784972 0.0618951396 0.0078880228 0.0185476616 0.3174790184
