1.3218857360 0.0287207775 0.0275274739 0.0998932869 0.0166435726 0.0534253195 0.0062868930 0.0001635402 0.0156436116 0.0489043072 0.0041782856 0.0014102086
19.4907163451 1.8840633350 0.1179357060 0.2243624071 0.0127037987 0.0107769854 0.4889909183 0.1046187245 0.0336361118 0.1176865773 0.0303380192 0.0022952445
44.8250308119 0.0558320433 0.1042583027 0.2261903139 0.8323297844 0.2198491248 0.0241648406 0.0257495791 0.0640882180 0.4181220200 0.0248018652 0.1955389978
0.3941553649 50.2184458545 0.0523693860 0.0526884571 0.0109432265 0.0985175372 0.0140910037 0.0506730751 0.0046654604 0.0000892207 0.1010307112 0.0096639618
13.4702331512 0.0462603756 0.0558509492 0.1964121127 0.0020120293 0.7843166597 0.0058299862 0.4172135148 0.0374566764 0.0297554769 0.0003908761 0.0010499731
39.4533043163 32.8617864594 0.0034367666 0.0007681549 0.1068389044 0.3914099190 0.0184951350 0.0055353157 0.1350454987 0.0123309903 0.2198838631 0.2041642556
58.1630935503 50.8364798043 0.8008267738 0.0264674425 0.0079268590 0.0035407022 0.0123445876 0.1037842595 0.0254506245 0.0519375317 0.7907152183 0.1358092764
72.1814670341 55.4846652369 0.0005245209 0.0129766762 0.0184160657 0.7943187848 0.0009096228 0.4092587162 0.0038244762 0.0159746967 0.0024939887 0.0035034493
22.1263506656 55.4800756792 0.0585086644 0.0145442784 0.1160721296 1.1851345200 0.0741518103 0.4090679813 0.1014770010 0.0003966503 0.0028754585 0.0092254952
11.4894520598 50.8201838013 0.0190112740 0.0007947907 0.0398720615 0.1232452692 0.1504934394 0.0025167130 0.0869676472 0.2199353652 0.2625090073 0.0001270324
4.1937413664 48.8251284220 0.2017055640 0.0001938082 0.1972026193 0.0065770000 0.0002904795 0.0069556758 0.2456428485 0.0012920238 0.0002914108 0.1709171572
0.5687266594 50.8038839798 0.1166879201 0.0042265281 0.0336729922 0.0990012662 0.1011013054 1.5648135930 0.0857102685 0.1955254937 0.0162188895 0.0065196306
0.2123546789 3.2414210059 0.0155511312 0.0069698319 0.0511563384 0.0282386318 0.0049776398 0.0092438422 0.1988081263 0.0673301519 0.3971020695 0.7925146267
50.8385054309 50.2441824882 0.0015351921 0.0516314991 0.0053470954 0.0275461003 0.0106812455 0.3933759410 0.0503638760 0.0013832003 0.1103487798 0.1011854039
54.1765970683 0.4764412534 0.0292243436 0.2022078263 0.0541689806 0.2205463128 0.0017299317 0.0066312961 0.2258026975 0.8194044240 0.4098455425 0.0067829154
63.5260081510 3.5693064365 0.0195506960 0.0362962485 0.0432031230 0.3936887722 0.2112806777 0.1313454473 0.0741552562 0.0185640529 0.0060133636 0.2945960502
62.1834067276 4.0042529851 0.0055471435 0.0187013298 0.0980424696 0.0170146115 0.0571525656 0.0411197544 0.0018667430 0.0869791024 0.0133393332 0.0188386068
62.1834126880 0.8792529822 0.0055471435 0.0187013298 0.0980424696 0.0170146115 0.0571525656 0.0411201269 0.0018667430 0.0869791024 0.0133393332 0.0188386068
44.1742099302 37.5099636964 1.5637040153 0.0198468566 0.1109162347 0.7815976634 0.0039103441 0.2448654736 2.4418684677 0.0004959293 0.0001509674 0.0226057135
32.1136234627 50.8267056670 0.1158885659 0.0061813742 0.0132371672 0.0131485053 0.1141584479 0.0013626181 0.0759981573 0.0249224715 0.0127312727 0.0123639591
44.1507745014 8.8211628691 0.0220458023 0.2443622800 0.1221200452 0.2541724595 0.0247152522 0.0095641241 0.0000093132 0.0248700381 0.0817691908 0.0978609548
40.2345543171 32.8617864594 0.0034367666 0.0007681549 0.1068389044 0.3914099190 0.0184951350 0.0055323355 0.1350454987 0.0123429112 0.2198838631 0.1980607400
0.8167469882 36.8237856187 0.0122982077 0.0004270114 0.2253230663 0.0652134419 0.0063687563 0.7812617354 0.0614881516 0.0320584514 0.0000079162 0.5388498311
4.7363653823 39.5021681110 0.0320643187 0.0019595958 0.0020514242 0.0488787890 0.2153414304 0.0261817128 0.2203624698 0.0065638684 0.0553800725 0.2755225639
1.3541456325 50.8252271924 0.0000792556 0.0065186061 0.1963276418 0.0010075979 0.0063690357 0.0004052185 0.8426684894 0.0244260766 0.0000079162 0.1482263209
48.1450745353 4.1530153753 1.8620118516 0.2945157702 0.0489917584 0.0642919914 0.1130224207 0.0000349246 0.0268048607 0.3988522109 0.0093497336 0.0282354653
28.1576377602 50.7910793189 0.0070923008 0.0205993653 0.0514045358 0.0032137148 0.3912478689 0.0044231303 0.0034612604 0.5434799944 0.0277195126 0.4037046809
61.4955182760 8.9746167967 0.1102460549 0.0249625184 0.3095226365 0.0489533879 0.0442918390 0.0984318555 0.0495976769 0.2053771170 0.0065932050 0.0077161938
63.5504237037 11.3802805649 0.0195514411 0.0301450491 0.0432031230 0.0031595118 0.2108995805 0.0465638005 0.0756826252 0.0186117366 0.0174567104 0.1266540029
63.5511866431 11.4779368150 0.0195514411 0.0362485648 0.0432031230 0.0031595118 0.2108995805 0.0343567692 0.0741567463 0.0186117366 0.0174567104 0.1266540029
63.5267725806 11.4779368150 0.0195514411 0.0362485648 0.0432031230 0.3937845122 0.2108995805 0.0343567692 0.0741567463 0.0186594203 0.0174567104 0.0991881826
13.5260081045 3.5693064365 0.0195506960 0.0362962485 0.0432031230 0.3952146511 0.2112806777 0.1313454473 0.0741552562 0.0185640529 0.0060133636 0.2945975403
13.5260081045 3.6730662022 0.0211242587 0.0362962485 0.0432150439 0.0045896508 0.2110899428 0.1282936895 0.0741493889 0.0185640529 0.0547461212 0.2945975403
13.5260081045 5.2363291432 0.0211243518 0.0362962485 0.0188009814 0.0106931664 0.2110899428 0.1282936895 0.0741493889 0.0185521320 0.0059179962 0.2945979129
13.5275339834 5.2363291432 0.0211243518 0.0359147787 0.0188010745 0.0106931664 0.2110899428 0.1282936895 0.0741493889 0.0185521320 0.0059239566 0.2945979129
13.5275339834 11.4863291490 0.0211243518 0.0359147787 0.0188010745 0.0106935389 0.2110899428 0.1282936895 0.0741493889 0.0185521320 0.0059239566 0.2945979129
20.1681589896 11.4863291490 0.0211258419 0.0359147787 0.0126974657 0.0092630275 0.2080381850 0.1282966697 0.0733864494 0.1162083821 0.0059239566 0.2945979129
20.2658152396 11.4863291490 0.0211258419 0.0351518393 0.0126974657 0.0092630275 0.2080381850 0.1282966697 0.0733864494 0.1162083821 0.0055424869 0.2945979129
4.1462225878 11.4383492725 0.0281935558 0.0051554292 0.0535090454 0.0497916714 0.0076930039 0.0173130073 0.0001085922 0.1176128165 0.0976574608 0.0087528490
6.8869089772 8.3125010210 0.0211258419 0.0351518393 0.2080099659 0.1069192776 0.5986631853 0.1282728278 0.0768196770 0.1162083821 0.0177495182 0.2945964227
6.8409237143 8.1988765003 0.0062501989 0.0985430554 0.0031115487 0.0076418743 0.2010628583 0.0000179745 0.0017883256 0.2080872657 1.5844491325 0.0573292375
5.6765062787 4.7852762088 0.0014971010 0.2458151432 0.0130763278 0.0010708347 0.0015774742 0.0124492683 0.3968877722 0.1126552933 0.0366345980 0.0472808257
4.0731929281 2.9500185539 0.0598078594 0.0067259185 0.0020765699 0.1238261351 0.0004357658 0.0010570511 0.1019829885 0.0981837512 0.0597476960 0.0519776717
19.4907163451 2.2746883354 0.1179357060 0.2243624071 0.0127037987 0.0107769854 0.4889909183 0.1046187245 0.0336361118 0.1115830616 0.0303380192 0.0022952445
19.4906686614 8.1111751572 0.0211288221 0.2243624071 0.0126974657 0.0107769854 0.6965101703 0.1038557851 0.0275325962 0.1161606983 0.0425450504 0.0015323050
19.4906686614 8.1340633408 0.1179357060 0.2243624071 0.0127037987 0.0107769854 0.4889909183 0.1046187245 0.0336361118 0.1176865773 0.0303380192 0.0015323050
19.4907163451 2.2716365776 0.1179357060 0.2243611032 0.0127037987 0.0115399249 0.4889909183 0.1046187245 0.0351619907 0.1115830616 0.0303380192 0.0022952445
18.1769827550 1.6602762059 0.0137041323 0.2442892643 0.0619044528 0.0010708347 0.0137845054 0.0124492683 0.0062627718 0.3079677935 0.0366345980 0.0472808257
19.4907639357 2.1739803275 0.1179357992 0.1999708826 0.0371179544 0.0605587848 0.4897480835 0.1046187245 0.0106942840 0.1115841792 0.0057809055 0.0176136382
19.4907639357 2.1739804206 0.1179357992 0.1999708826 0.0371179544 0.0605587848 0.4897480835 0.1046187245 0.0106942840 0.1115841792 0.0057809055 0.0176136382
10.0795306359 50.8026442032 0.0189838000 0.0011747703 0.0399674289 0.0988105313 0.1014745795 0.0026955269 0.0865863637 0.2199390905 0.0246119686 0.0009018928
0.3930645999 55.4803027357 0.0026859343 0.0007729977 0.0295692124 0.0003348105 0.0348407775 0.1998938622 0.0012007542 0.0185542740 0.0286307186 0.0030772761
1.8532983976 54.8233733092 0.0035322271 0.8514135153 0.4215271216 0.0267766416 0.0488978811 0.0244366937 0.0388512388 0.0005166046 0.0336191617 0.0015405007
53.4928436889 50.8093365941 0.0245651230 0.0999602490 0.0000081025 0.1473540442 0.0002156943 0.0144405291 0.0015893951 0.0097292475 0.7875130519 0.0278057531
0.3941552717 0.2184458079 0.0523753465 0.0526882709 0.0109432265 0.0252753496 0.0140969642 0.0491471962 0.0046654604 0.0000892207 0.1071342268 0.0111898407
2.2114706246 38.8340675634 0.1796394588 0.0012153760 0.0402694568 0.0088884495 0.7843106992 0.0160446391 0.1685232857 0.3935392018 0.8427040659 0.1254023985
39.5021324414 27.3930357093 0.3940617669 0.0007681549 0.1068389044 0.3914099190 0.0184951350 0.0055353157 0.1350454987 0.0123309903 0.2198719422 0.2041642556
22.1263506656 55.4796942095 0.0585086644 0.0145442784 0.1160721296 1.1851345200 0.0741518103 0.4090679813 0.1014770010 0.0003966503 0.0028754585 0.0092254952
6.3001711912 0.1527979971 0.0015286729 0.1954110341 0.0042271800 0.0252632424 0.0076894648 0.0580124558 0.0267304480 0.0004826114 0.0612164848 0.1251472161
28.1572561973 50.7908885840 0.0070923008 0.0206053257 0.0514045358 0.0032137148 0.3912478689 0.0044112094 0.0034611672 0.5434799944 0.0284824521 0.4037046809
62.1589986255 1.0759006264 0.0055948272 0.0187014230 0.0982332044 0.0139628537 0.0556266867 0.0411441550 0.0018667430 0.0854531304 0.0132410787 0.0188393519
62.1612874439 1.0758052590 0.0055948272 0.0194643624 0.0982332044 0.0139627606 0.0556266867 0.0411441550 0.0018663704 0.0854531304 0.0132410787 0.0188393519
50.8369795520 0.0488699414 0.0015353784 0.0516314991 0.0053471886 0.0283090398 0.0106931664 0.4422040660 0.0505546108 0.0006224960 0.1103487798 0.1011854039
54.1765959507 6.7264427494 0.0250281766 0.2021824943 0.0534060412 0.2207377928 0.0017299317 0.0065374188 0.2258026975 0.0381767750 0.4098693844 0.0069855712
61.5753499433 12.7949382298 0.0055948272 0.0194645487 0.0982332044 0.0139629468 0.0571525656 0.0289371237 0.0018667430 0.0854523853 0.0376551412 0.0196229667
61.5509358808 12.7949382298 0.7868448280 0.0194645487 0.0982332044 0.0139630400 0.0571525656 0.0045230612 0.0018905848 0.0854523853 0.0376551412 0.0196229667
61.5570393964 12.7949382298 0.7868448280 0.0194645487 0.0005769543 0.0139630400 0.0571540557 0.0045230612 0.0019025058 0.0854523853 0.0376074575 0.0196229667
61.5570393964 12.8071452610 0.7868448280 0.0195122324 0.0005769543 0.0139630400 0.0571540557 0.0045230612 0.0019021332 0.0854523853 0.0376074575 0.0188600272
10.1039446984 50.8026442032 0.0189838000 0.0011747703 0.0399674289 0.0988105313 0.1014745795 0.0026955269 0.0865923242 0.2199390905 0.0001979060 0.0009018928
10.1039446984 50.8030256730 0.0189839862 0.0011747703 0.0399674289 0.0990012662 0.1007176005 0.0026951544 0.0857340173 0.2199390905 0.0032489188 0.0001419336
0.1405826771 38.1837427972 0.0001199543 0.0488316641 0.2454834061 0.0132090412 0.0020225532 0.0978248195 0.0002283603 0.0152655877 0.1011014917 0.0000374392
0.2794667150 25.5028139106 0.0530544669 0.0274037943 0.0145236030 0.0019431114 0.0245717354 0.1113891603 0.0817969442 0.0767028891 0.0038818456 0.1003379934
7.4835643242 25.5166175082 0.0000027940 0.0979558566 0.0166587532 0.0045916066 0.0062878244 0.0004038215 0.0156437047 0.0000731088 0.0040549785 0.0029370189
14.1481662301 26.1362012719 0.0000216067 0.0062645413 0.0001408160 0.2934145744 0.0632311218 0.3915105019 0.0367927365 0.2082127148 0.0014106743 0.0519394875
20.8774616205 32.1657955015 0.0280433335 0.1957082191 0.0032229349 0.6121769553 0.0651363284 0.0127474778 1.6552021742 0.0431537629 0.3479650247 0.0046808273
46.1426910443 87.5263022143 0.1232755372 0.0491761603 3.1463625870 0.1957300121 0.6462708122 0.0484021381 2.0023763198 0.0267347321 0.0011667609 0.1101270319
0.3281275745 1.5548749841 0.0335867517 0.0094710849 0.4305453044 0.1987030732 0.0765059144 0.0412502326 0.2029374244 0.1984895209 0.0000049360 0.0053442083
0.0982706436 12.9131472790 0.0223174691 0.0153931789 0.0047903508 0.2095273698 0.0122229569 0.0503997319 0.1983906144 0.0049628317 0.1478246415 0.0247227028
18.1769589131 0.0977762044 0.0014985912 0.2442892643 0.0619044528 0.0010708347 0.0015775673 0.0124492683 0.0062627718 0.3079677935 0.0366345980 0.0472808257
13.4763366668 0.4368852828 0.0588550233 0.1963643359 0.0020239502 0.8095413454 0.0058299862 0.0296402723 0.0252317637 0.0267037191 0.0003975816 0.0010530464
13.4702331512 3.5618853788 0.0557078980 0.1964121127 0.0020120293 0.8087784059 0.0058299862 0.4202652727 0.0252496451 0.0297554769 0.0003908761 0.0010530464
0.2123546789 3.2292139747 0.0155511312 0.0069638714 0.0511563384 0.0282378868 0.0045961700 0.0092438422 0.1988081263 0.0673301519 0.3971020695 0.7925146267
0.0723690727 7.4934777874 0.0668188558 1.5627217494 0.1222964377 0.0145107508 0.0068927184 0.0017207116 0.0132332556 0.0311266631 0.0062596053 0.0977550634
54.1781225746 44.1531766617 0.0250162557 0.1956982540 0.0503542833 0.0498393551 0.0017776154 0.0233210623 0.0304423273 0.0259645283 0.0191967003 0.3968352456
54.1765959507 6.6776146243 0.0250281766 0.1953167843 0.0534060412 0.2207377928 0.0017299317 0.0217952766 0.0304425136 0.0381767750 0.0192443840 0.3976104785
54.1796484535 6.6776146243 0.0250281766 0.1953167843 0.0503542833 0.2207377928 0.0017299317 0.0217952766 0.0304425136 0.0381775201 0.0192443840 0.3976104785
54.1796484535 44.1531766617 0.0250162557 0.1956982540 0.0503542833 0.0498393551 0.0017299317 0.0233210623 0.0304423273 0.0259645283 0.0191967003 0.3968352456
18.1769589131 6.3477762103 0.0152315013 0.0489767641 0.0634303317 0.0010708347 0.0015298836 0.0155002810 0.0062150881 0.3079677935 0.0244752504 0.0472808257
18.1769589131 6.2501199602 0.0152315013 0.0489886851 0.0634303317 0.0010708347 0.0015298836 0.0155002810 0.0062150881 0.6985927938 0.0244275667 0.0472808257
0.3281274813 1.5533483602 0.0335867517 0.0094710849 0.4305453044 0.1987030732 0.0765059144 0.0412502326 0.2025559546 0.1983941535 0.0122119673 0.0053442083
48.1450745353 4.1528246404 1.8620118516 0.2945157702 0.0489902683 0.0642919914 0.1130224207 0.0000349246 0.0260419213 0.3988522109 0.0101126731 0.0282354653
1.3297315699 50.8252271924 0.0000792556 0.0004150905 0.1963276418 0.0010075979 0.0063690357 0.0004052185 0.8426684894 0.0244260766 0.0000079162 0.1482263209
0.0354962424 36.8237856187 0.0122982077 0.0004270114 0.2253230663 0.0652134419 0.0063687563 0.7812617354 0.8427381523 0.0320554711 0.0007708557 0.5388498311
12.8958360412 20.1034240612 0.0504978002 0.0872823411 0.0125149265 0.1956148075 0.1975102352 0.0000860542 0.0000041910 0.1754790546 0.0030636787 0.2445275898
0.1104556956 0.2174590716 0.0214627013 0.0030608848 0.0035163015 0.0000960194 0.0139399432 1.5710326858 0.2747086811 0.0540299342 0.0980588608 0.0490412117
53.4928376353 0.7849463269 0.0253289007 0.0984343701 0.0000078231 0.0496981666 0.0124227256 0.0127507374 0.0015901402 0.0095630065 0.0062629581 0.0277996063
53.4928376353 7.0349463327 0.0253289007 0.0984343701 0.0000078231 0.0496981666 0.0124227256 0.0127507374 0.0015901402 0.0095630065 0.0062629581 0.0277996063
1.9562738966 50.2060475295 0.0523723662 0.0043371692 0.0032654032 0.0985175372 0.0125170685 0.0505777076 0.0046710484 0.0008042902 0.1010307112 0.0035608187
2.7375238973 50.2060475295 0.0523723662 0.0043371692 0.0033130869 0.0985175372 0.0125174411 0.0505777076 0.0046710484 0.0008519739 0.1010307112 0.0035608187
2.0051020216 50.2060475295 0.0523723662 0.0043371692 0.0032654032 0.0985175372 0.0125170685 0.0505777076 0.0050525181 0.0023301691 0.1010366716 0.0035608187
