-1.0406827610 -0.0001532352 -1.0597138256
-1.1434642842 -1.1368688719 -1.1441402846
-0.0000007497 0.0000023888 -1.1474622657
-0.9757763296 0.0009491434 -0.9751992821
-1.0276205428 -0.0000268267 -0.9954564981
-1.0454317332 -0.0000006007 -1.0193450526
-0.0000907155 -0.0003826665 -0.0012977840
-0.0000222819 0.0000000792 -0.7445747273
-0.0000000233 -0.0000783568 -1.0311683975
-0.9757763296 0.0009489944 -0.9751897454
-0.9757775217 0.0009489944 -0.9751897454
-0.9757775217 0.0009489944 -0.9751897640
-0.9757727533 0.0009489944 -0.9751897640
-0.9757727533 0.0009489944 -0.9752660580
-0.9757721573 0.0009489944 -0.9752660580
-0.9757721573 0.0009489944 -0.9752663560
-0.9756958633 0.0009489944 -0.9752663560
-0.9756958633 0.0009489944 -0.9557351060
-0.9756863266 0.0009489944 -0.9557351060
-0.9757054001 0.0009489944 -0.9752685912
-0.9757054001 0.0009489944 -0.9752736576
-0.9757053908 0.0009490130 -0.9752736576
-0.9757053908 0.0009490130 -0.9751973636
-0.9732639845 0.0009490130 -0.9751949794
-0.9757053908 0.0009490130 -0.9751949794
-0.9757059868 0.0009490130 -0.9751961715
-1.0370202698 -0.0000401167 -1.0579725039
-1.0447903406 0.0024592923 -1.0406568610
-1.0192654617 -0.0000108825 -1.0255452674
-1.0087939780 -0.0000000605 -1.0236641541
-0.6869680487 -0.0001565041 -1.0565718320
-0.6589505409 -0.0000391295 -1.0827486274
-1.0744479076 -0.0001072930 -0.6277450413
-1.0091038663 -0.0000216113 -0.7711151389
-1.0454126597 -0.0000003120 -0.7272173238
-1.0447903406 0.0024592923 -1.0406568423
-1.0447998774 0.0024592923 -1.0406568330
-1.0575971529 -0.0003136741 -1.0657158830
-1.0854760148 -0.0000000978 -1.0462623425
-1.0793678053 -0.0003111502 -1.0638940577
-0.8210754542 -0.0000143470 -0.9937399961
-0.8183751216 -0.0000121864 -0.9923915062
-0.9808355626 0.0000029849 -0.9915602449
-0.9260245840 0.0024502026 -0.9229773152
-0.9558259658 -0.0000480702 -0.8935446626
-0.0000222819 0.0000006007 -0.9203535653
-0.0000013830 0.0000956887 -0.5915916018
-1.0289824717 -0.0000244891 -1.0171566401
-1.0198980626 0.0000029849 -0.9915602449
-1.0247808751 0.0000029849 -0.9915554766
-1.0247810241 0.0000029849 -0.9915554766
-1.0247857925 0.0000029849 -0.9915554766
-1.0247857925 0.0000029849 -0.9915650133
-1.0247857925 0.0000029849 -0.9915649947
-1.0247857925 0.0000029849 -0.7570375556
-1.0247869846 0.0000023982 -0.7570375556
-1.0247869846 0.0000023982 -0.7570423239
-1.0248060581 0.0000023982 -0.7570423239
-0.9737865869 0.0006134110 -0.9172383472
-1.0693368652 -0.7482270205 -1.0702478290
-1.1108757147 -0.0006160373 -1.1253232193
-1.0842711628 -0.9106495193 -1.0784642455
-1.0221256837 -0.0012258487 -1.0152940508
-0.6250956893 -0.0014117779 -1.0747135767
-1.0289830677 -0.0000244891 -1.0171566401
-1.0588178561 -0.0003136741 -1.0657254197
-1.0052793529 -0.0003111595 -0.9987510797
-1.0003965404 -0.0003111595 -0.9987510797
-1.0132394508 -0.0003820891 -0.9677446130
-1.0303210616 -0.0000007218 -1.0429979638
-1.0087939873 -0.0000000605 -1.0236641541
-0.8183751216 -0.0000121864 -0.9923152123
-0.8210754542 -0.0000143470 -0.9937400706
-0.7598189318 -0.0000194507 -1.0136460010
-0.7598570788 -0.0000194507 -1.0136458520
-0.6486611307 -0.0007665204 -0.0000108546
-0.7267861308 -0.0007665204 -0.0000107801
-0.6485133857 -0.0007665204 -0.0000346964
-0.7241921366 -0.0007665204 -0.0000107801
-0.7242684306 -0.0007641362 -0.0000107801
-0.7242682816 -0.0007641362 -0.0000107801
-0.7267096878 -0.0007641362 -0.0000107801
-0.7266333939 -0.0007641362 -0.0000107801
-0.7266334032 -0.0007641362 -0.0000107801
-0.0000910135 -0.0003826665 -0.6262977846
-0.0000910135 -0.0003826665 -0.6262980826
-0.0000907155 -0.0000762986 -0.6653821242
-0.0000205776 -0.0000003027 -0.6717210968
-0.0000015320 -0.0000004610 -0.6331136410
-0.0025272789 -0.0000773417 -0.9436309020
-0.0025296630 -0.0000773417 -0.9436690490
-0.0025296630 -0.0000773417 -0.9437453430
-0.0000882568 -0.0000773417 -0.9632777851
-0.0000015413 -0.0000004610 -0.6331231777
-0.0000015413 -0.0000004610 -0.6331994716
-0.0000015413 -0.0000004610 -0.6331947033
-1.0453935862 -0.0000003120 -0.7271410299
-0.9558641128 -0.0000480702 -0.8934683687
-1.0406827610 -0.0001535332 -1.0603241772
-1.0192654617 -0.0000108825 -1.0646077674
