0.5398430597 0.2964753616
0.5516720629 0.2947465729
0.5355873363 0.4344133572
0.5355648718 0.4864943295
0.5351175425 0.6923950070
0.5350484853 0.7123624870
0.5329922408 0.7553257851
0.5350471552 0.7131927871
0.5350943566 0.7121440920
0.5355873193 0.4853560763
0.5392408806 0.3685887620
0.5392905784 0.3685887013
0.8621058527 0.0727742319
0.8609495279 0.0730016991
0.8661410311 0.0725129624
0.9397041519 0.0710016985
0.9496250639 0.0701325076
1.0819672427 0.0700553428
1.2376230272 0.0700523312
1.2210958310 0.0700545843
1.2210810263 0.0700546109
1.2210896844 0.0700545979
1.0802213658 0.0700822779
0.9496161992 0.0708006826
0.8630069045 0.0725190690
0.8598727515 0.0735565627
0.8625732777 0.0725736579
0.8613905804 0.0728247053
0.8612991113 0.0728370394
0.8622844700 0.0726333413
0.8623701318 0.0725911888
0.8673086720 0.0724864226
0.8685378013 0.0724801996
0.8816713802 0.0724772356
0.8845578769 0.0724772110
0.8790692128 0.0724801681
0.8685375924 0.0724802212
0.8678612840 0.0724804442
0.8678503002 0.0724804937
0.8678502991 0.0724804974
0.8678502507 0.0724805542
0.8674189960 0.0724864113
0.8674184289 0.0724864224
0.8625732777 0.0725575469
0.8628958645 0.0725388409
0.8630069016 0.0725288583
0.8628492165 0.0725407925
0.8628492157 0.0725411565
0.8628492157 0.0725411566
0.8628492156 0.0725411718
0.8625732602 0.0725809007
0.8625978339 0.0725536481
0.8625978337 0.0725537692
0.8622906847 0.0726179915
0.8622906440 0.0726180014
0.8623530705 0.0726106771
0.8623467141 0.0726112181
0.8623467299 0.0726112091
0.8623638657 0.0725911975
0.8623638655 0.0725916225
0.8623637441 0.0725928535
0.8623631966 0.0725960234
0.8623531799 0.0726104700
0.8621095384 0.0727742241
0.8621427421 0.0727741258
0.8621436135 0.0727741258
0.8621614263 0.0727735723
0.8622101357 0.0727485541
0.8595248488 0.0738949364
0.8595135192 0.0760122854
0.8597113974 0.0737402609
0.8600832448 0.0733715192
0.8600275544 0.0733758277
0.8598298082 0.0735981808
0.8597115948 0.0736981049
0.8595444131 0.0738004746
0.8595437469 0.0738435238
0.8595180915 0.0745280431
0.8595107705 0.0764332018
0.8595161597 0.0747277599
0.8595163944 0.0747276312
0.8595179587 0.0745534242
0.8595247421 0.0738950536
0.8595238979 0.0742838851
0.8595247538 0.0738950521
0.8595315314 0.0738625502
0.8595443729 0.0738433205
0.8595756846 0.0738004575
0.8597788746 0.0736725206
0.8596938488 0.0737432046
0.8597115427 0.0737399960
0.8598419180 0.0735849798
0.8598298241 0.0735980772
0.8598761849 0.0735564876
0.8599493313 0.0735562778
0.8599492289 0.0735563316
0.8614373105 0.0728214380
0.8614373304 0.0728206727
0.8614304520 0.0728216337
0.8614281011 0.0728220474
