0.3288065079 0.4793967506
0.7539580123 0.1598468966
0.7736867712 0.1567042644
0.8174739569 0.1523400064
0.8118189573 0.1527773634
0.7825624137 0.1564031947
0.0032790817 1.2491838525
0.7540169463 0.1597211946
0.7537661820 0.1599443895
0.7532466583 0.1602096837
0.7532275465 0.1602108007
0.7532183469 0.1608969946
0.7544177615 0.1596792383
0.7638700109 0.1596302506
0.7640340269 0.1596168149
0.7677017200 0.1596144096
0.7736813431 0.1567757367
0.7825704029 0.1563927855
0.7833095410 0.1563920739
0.7742276125 0.1564403378
0.7744715882 0.1564258382
0.8191607777 0.1519941198
0.8191607961 0.1511911359
0.8191712437 0.1511389947
0.8246145642 0.1511302123
0.8109827169 0.1540403108
0.8174273812 0.1523443161
0.8174246368 0.1525812390
0.8118748429 0.1526494642
0.8118428309 0.1527600826
0.8118419465 0.1527600834
0.8109629939 0.1551846988
0.5052950369 0.3163320346
0.5128720514 0.3162700985
0.5263362056 0.3011893841
0.5249944855 0.3016461576
0.5263409659 0.3011172674
0.5242659174 0.3020174008
0.5246826500 0.3016938239
0.5242469663 0.3020590002
0.5242469657 0.3020679495
0.5253056688 0.3013511665
0.5254520869 0.3013507634
0.5254515106 0.3013507672
0.5231802123 0.3024432406
0.5215746474 0.3030991796
0.5214083833 0.3031073420
0.5220637907 0.3030902461
0.5180422142 0.3034262526
0.5193860035 0.3034260567
0.5193860265 0.3034001524
0.5131692681 0.3066920957
0.5140188305 0.3062105037
0.5162023832 0.3053763434
0.5162066607 0.3050515099
0.2524526909 0.5559608257
0.0044897870 1.1195210418
0.0031422675 1.2493552813
0.0031864340 1.2493472509
0.0032790817 1.2491618198
0.0620020379 0.8123169049
0.0639050895 0.8041258367
0.0372851002 0.8537336282
0.0074494855 0.9709939191
0.0226184905 0.9298712601
0.2264970510 0.5869383571
0.2355857484 0.5679695788
0.2354673165 0.5756295913
0.1494634951 0.6718385243
0.4789878548 0.4043173760
0.4179005112 0.4105083375
0.4177136045 0.4105675630
0.3876395737 0.4117771775
0.3648203793 0.4249668012
0.3691477606 0.4247623792
0.3704898549 0.4171881818
0.3429467493 0.4489803071
0.2846109094 0.5070609867
0.2977232467 0.4945048842
0.2922713437 0.5024538315
0.0186347687 0.9621134297
0.1150079765 0.7077055357
0.1287815566 0.6903703419
0.0074557404 0.9709926772
0.0076935095 0.9709271581
0.0055522654 0.9950324178
0.0231108157 0.9090734460
0.0671918536 0.8002194214
0.2110060566 0.6027085580
0.2423076029 0.5613443714
0.0315249978 0.8949254997
0.0326813287 0.8806873770
0.0337906217 0.8713894094
0.0350272094 0.8590565176
0.0339315285 0.8597522046
0.0974713228 0.7345332798
0.2760682733 0.5172703454
0.2368906544 0.5673693373
0.2395934868 0.5670722253
0.0872803407 0.7451851153
