0.7897660079 0.6269470805
0.6691667538 0.6571755760
0.7663727716 0.6467126354
0.6667690846 0.6606384688
0.6630288806 0.7771841665
1.1769271063 0.6269039502
1.4809330017 0.6269032319
1.9902255101 0.6269022244
2.1218438740 0.6269018374
2.4380162583 0.6269018168
1.9262003998 0.6269030772
1.9261989374 0.6269030775
1.8191890331 0.6269030998
1.6752967672 0.6269032212
1.1744181348 0.6269400148
1.1744171899 0.6269401028
1.1632442357 0.6269411104
1.0890751639 0.6269465241
0.7897659259 0.6269473819
0.7863417986 0.6270265830
0.7845241586 0.6273131283
0.7845224289 0.6273140199
0.7844860112 0.6280858435
0.7842127195 0.6282626723
0.7830830329 0.6283344521
0.7789070064 0.6417515142
0.7736929156 0.6417641534
0.7736921066 0.6452489122
0.7736918397 0.6457996367
0.7736918392 0.6458066941
0.7724479976 0.6467123088
0.7663061021 0.6473430204
0.7662920591 0.6473495811
0.6626973437 1.0319187880
0.6624581805 1.2553345563
0.6623285647 1.7090676407
0.6625852489 1.2541245305
0.6625852638 1.2541203985
0.6624345538 1.3174081080
0.6624005690 1.3898524184
0.6623833534 1.5549083812
0.6623347766 1.7029537288
0.6623593509 1.6611831053
0.6623593548 1.6584790943
0.6623487941 1.6657242522
0.6623826498 1.6553574433
0.6623833643 1.5526167079
0.6624005692 1.3186783485
0.6624009174 1.3186546717
0.6624009175 1.3180158086
0.6624460850 1.2978744819
0.6624461050 1.2923728214
0.6624574338 1.2876043938
0.6624574851 1.2812691678
0.6624581795 1.2812687006
0.6624581798 1.2707258600
0.6626747012 1.1915580363
0.6626291497 1.1971523004
0.6626719400 1.1916118076
0.6625969431 1.2206481671
0.6626216517 1.2206231452
0.6626853180 1.1377631323
0.6628405215 0.8974178638
0.6628100373 1.0088437916
0.6628278329 1.0071509758
0.6634300045 0.7411439343
0.6633587620 0.7690050010
0.6630036822 0.7982202651
0.6629759046 0.8755313052
0.6630142522 0.7958795764
0.6630161659 0.7950175458
0.6630163788 0.7944322751
0.6630171953 0.7944311475
0.6629941789 0.8034569596
0.6629939955 0.8035152303
0.6629939916 0.8042855756
0.6735830411 0.6557120998
0.6686474143 0.6589331034
0.6791882122 0.6548178287
0.6661460968 0.6631271139
0.6659927792 0.6696733432
0.6658347857 0.6729824636
0.6658348242 0.6723250747
0.6659551604 0.6700288817
0.6659557606 0.6699576204
0.6657300091 0.6809840115
0.6657682782 0.6809100879
0.6657683722 0.6809100588
0.6657679374 0.6809116919
0.6657834105 0.6809010739
0.6686594091 0.6589264909
0.6691667596 0.6571669920
0.6779180271 0.6550133284
0.6779180397 0.6550133283
0.6791806148 0.6550133281
0.7438348608 0.6546063352
0.7537497821 0.6542495126
0.7493765662 0.6543229164
0.7459616462 0.6546063193
0.7461145624 0.6546020616
