0.3181804666 1.0656062581
0.2331667637 1.0850724497
0.4353658376 0.9792897240
0.3694544764 0.9948351727
0.2257566057 1.1234737521
0.2756170405 1.0843597827
0.3154732561 1.0806858465
0.3175937415 1.0801871845
0.3175112018 1.0804777587
0.3174104177 1.0805536662
0.3174656264 1.0805535981
0.3180190616 1.0658188814
0.4456685587 0.9762443801
0.4661756104 0.9696920109
1.2819237569 0.9686875352
1.1272088860 0.9689211818
1.3578311807 0.9682790865
1.2146219975 0.9686916075
1.2803432045 0.9686894975
1.2887721022 0.9686874294
1.2147641362 0.9686899999
0.7843584846 0.9691623970
0.4416643890 0.9770641576
0.4415853302 0.9770641916
0.4538950565 0.9709528761
1.0638760745 0.9689767320
1.0577421514 0.9691276721
0.7843363638 0.9691722380
0.7647110833 0.9692869345
0.3919112447 0.9861956848
0.3519487599 0.9969205548
0.3854364813 0.9948351702
0.3638488847 0.9955848782
0.3512430755 0.9969210612
0.3512421751 1.0358093410
0.3512418736 1.0364000809
0.3512418719 1.0381242736
0.3512379530 1.0403520862
0.3512400955 1.0403520857
0.3492032317 1.0407074258
0.2255057308 1.1749214707
0.2267381353 1.1119559046
0.2330859841 1.0852724937
0.2331667380 1.0851000853
0.2331667422 1.0851000812
0.2330636475 1.0858345114
0.2287367486 1.1027085629
0.2287367307 1.1117970688
0.2256136049 1.1268361922
0.2254975958 1.4943524180
0.2254931914 1.5031902732
0.2255017845 1.4168203879
0.2259290656 1.1190655378
0.2259986918 1.1176001381
0.2260041651 1.1173477893
0.2261200949 1.1158392342
0.2261041547 1.1158403959
0.2260992159 1.1158410758
0.2258451421 1.1230940630
0.2258450508 1.1231645685
0.2255248638 1.1731668585
0.2255644691 1.1513483044
0.2259452927 1.1190647983
0.2259548031 1.1176610903
0.2259724755 1.1176454201
0.2259712007 1.1176454251
0.2259781227 1.1176422458
0.2259815835 1.1176422361
0.2259547943 1.1176642131
0.2256133810 1.1304850344
0.2255644698 1.1473178225
0.2255642265 1.1521027489
0.2255640363 1.1527672137
0.2255640447 1.1527501539
0.2255241493 1.1743591150
0.2255241446 1.1747772155
0.2255241443 1.1748698108
0.2255056118 1.2411140612
0.2255055993 1.2513303490
0.2255055786 1.3079686896
0.2255055599 1.3813188274
0.2255017579 1.4447267518
0.2255017572 1.4448662896
0.2254995109 1.4898264374
0.2254992557 1.4943521940
0.2254975957 1.4990361287
0.2254933558 1.5031885543
0.2254914873 1.5394200394
0.2254918724 1.5301574795
0.2254914997 1.5394199162
0.2254915031 1.5393428517
0.2254915031 1.5393324797
0.2254890025 1.5706381023
0.2254801284 1.5742196317
0.2254891652 1.5706380988
0.2254802686 1.5742183946
0.2254798296 1.6797350520
0.2254798280 1.6799297307
0.2254789819 1.7414942369
0.2254789412 2.0008062855
