0.5641659086 0.6003848493
0.4621451248 0.6248153792
0.4574627177 0.8147913825
0.6494761247 0.5948062042
0.4597516387 0.6429063947
0.7365715929 0.5870549464
0.7465263507 0.5817402633
0.6564147899 0.5911713980
0.9776283064 0.5810134160
1.8545576795 0.5805099746
1.0179871193 0.5808169827
1.1173775188 0.5808099199
1.1733740048 0.5807674566
1.4884223788 0.5807137389
2.0224626773 0.5805099737
1.4886853863 0.5807095630
1.5095677270 0.5806899404
1.5095544818 0.5806929336
1.2922151486 0.5807674363
1.1586605992 0.5808050966
1.1590163527 0.5808048770
1.1590172833 0.5808048767
1.1173558876 0.5808151129
1.0185876925 0.5808151726
0.9421774295 0.5813242362
0.7587463752 0.5817025390
0.9421425597 0.5813619001
0.7587312128 0.5817366093
0.7466215795 0.5817377889
0.7460656916 0.5829539195
0.7460406020 0.5829806825
0.7460356274 0.5863514345
0.7448623581 0.5864145773
0.7448622187 0.5864145870
0.7365866760 0.5868644123
0.7367760050 0.5868634939
0.7367481271 0.5868635383
0.7379793712 0.5867484565
0.7432502846 0.5867484433
0.7432514764 0.5867484336
0.6849580960 0.5907581057
0.6849458747 0.5908751121
0.6564069040 0.5917942268
0.6563826652 0.5942528944
0.6563826355 0.5948028094
0.5638500805 0.6012260602
0.4577176424 0.7356123563
0.4586873442 0.7252328104
0.4638522912 0.6243145844
0.4863269503 0.6222567838
0.4883998606 0.6221229452
0.5051129754 0.6214371309
0.5044453831 0.6221218442
0.4863007766 0.6223066960
0.4638523145 0.6243144418
0.4638533144 0.6242971812
0.4637629147 0.6247811243
0.4637629017 0.6247813950
0.4637207357 0.6247987607
0.4613947319 0.6302603661
0.4614179810 0.6302322246
0.4606551990 0.6412266817
0.4568246076 0.8851836371
0.4587910096 0.7211847151
0.4587952452 0.7211846835
0.4586873574 0.7252135365
0.4577145615 0.7356309185
0.4577138428 0.7356678451
0.4569598519 0.8555910055
0.4574633692 0.8056319146
0.4567051554 0.8997836143
0.4569950266 0.8520355334
0.4568101726 0.8866048832
0.4572714101 0.8517157368
0.4569598480 0.8595362521
0.4569397631 0.8627815719
0.4569327780 0.8705950455
0.4569397324 0.8690605099
0.4569398431 0.8627593300
0.4568257931 0.8851835463
0.4568244453 0.8852656857
0.4568502585 0.8851440238
0.4568578047 0.8823032571
0.4568579062 0.8799019426
0.4568095558 0.8917815195
0.4567039148 1.1132312468
0.4567050251 0.9947511823
0.4567051206 0.9293737230
0.4567051539 0.9287435511
0.4567051204 0.9746150349
0.4567050647 0.9756485707
0.4567050234 1.0415055925
0.4567048083 1.0673304734
0.4567048952 1.0669860849
0.4566989979 1.1784373403
0.4567037327 1.1604294151
0.4567039275 1.1122829903
0.4567040241 1.1059392941
0.4567040793 1.1059391465
0.4566989979 1.1784388868
