0.5535892466 1.8065834223 0.1725586161
0.1855209324 0.7005169318 0.8321439880
0.3388846424 0.8804305548 0.6695665383
0.7017412921 0.7940557914 0.5299413291
0.1740535667 0.7875507668 0.7801291529
1.2099428646 0.4169254880 1.5605253452
0.4604312085 0.1053217535 1.6804479546
0.8970229807 0.4594704677 1.5443407999
0.0702644419 1.1424947069 1.7299976029
0.2751537772 0.0803513037 2.7297598631
0.2869233768 0.2189956533 2.6718359200
0.1092112607 1.0206105674 0.9825987528
0.1055132910 0.7753949424 2.0667335826
0.1997912965 0.7970529614 0.7042172736
0.9426215611 0.5364350896 1.4795340334
0.9382118875 0.5362740832 1.4823555272
0.9381808257 0.5378399187 1.4823555291
1.1191920799 0.5958190214 0.8227375025
0.7938683696 0.5779928473 1.0561032823
1.4980370452 0.4916390686 1.3936025715
2.2240334566 0.4477150562 1.5193134909
2.2240333775 0.4478268017 1.5090646252
2.2476007586 0.4478583113 1.4779798470
1.4650719813 0.5179268916 1.3747125563
0.8970223240 0.4600493343 1.5443408763
0.8971117652 0.4553018859 1.5611581842
0.8929599606 0.4550616884 1.6804479545
1.3051083511 0.1048646515 1.6647349114
1.3051083430 0.1053560910 1.6723766020
1.2817951352 0.0762647397 2.1586777523
1.1731901540 0.0762512253 2.1586989859
1.1732321345 0.0757932864 2.1752089929
1.1724212923 0.0633633571 2.3821590840
1.1702959994 0.0759107479 2.3559059592
1.1708836989 0.0955391545 2.3558826877
1.1719768050 0.0956031051 2.3552111231
1.1721809312 0.0957384185 2.3551920464
1.1723615847 0.0957384186 2.3550586441
1.1674848452 0.0662692316 2.3713952415
0.2869233074 0.2189954708 2.7292584961
0.2868554996 0.2190267932 2.6721920362
0.2873969487 0.2208404102 2.6718302009
0.2874608422 0.0820546119 2.6716841407
0.4116246982 0.1468640776 2.6433621813
0.3899345592 0.5747479808 1.9196780484
0.3899345978 0.5766028930 1.9196720564
0.3896553098 0.5763394985 1.9239405273
0.3948243713 0.5670403099 1.9237657946
0.3948246753 0.5630383049 1.8043250347
0.3948908625 0.5630386458 1.7824293426
0.3948635964 0.5631084546 1.7824293426
0.3948637342 0.4421638367 2.1851934314
0.0537905142 1.6894295577 1.5481817989
0.0482050926 1.8836934683 2.4342793494
0.0873639179 0.6758272744 2.4530047428
0.7205435475 0.8417627971 0.4934697715
0.9931207339 0.6349799169 0.5750548319
0.3233724976 1.2598679534 0.3427172955
0.0772745278 0.8862979897 1.3592519572
0.0701704144 1.2353603097 1.6656032560
1.0806408595 2.8162043829 0.1180938518
0.7618648621 0.7298835587 0.6473207297
0.6658731275 0.8546237967 0.4986815078
0.1354658578 1.4945067107 0.3860150511
0.1644222631 0.7497393176 0.8323246306
0.2477168270 1.2183923004 0.5485265079
0.5418463253 1.0117245571 0.3591042085
0.2753841134 0.9576900193 0.5520750727
0.3779612945 1.1751521693 0.4049135608
0.2730225974 0.6539366961 0.8538694912
0.0492322240 1.8746162481 2.3337730788
0.0481878362 2.2009402732 2.4342819635
0.0365029654 1.6923479209 2.8514636523
0.0533246030 1.8750180022 2.3335014815
0.0528935635 2.1757702094 2.0891311049
0.2222402702 0.6975494450 0.8278946766
0.2407547849 0.6799006060 0.8278948309
0.2407547843 0.6826273673 0.8278982670
0.2704402815 0.6539909942 0.8543358290
0.2957034328 0.6540156961 0.8525870828
0.2963122776 0.6533829752 0.8526336366
0.2989488378 0.6446066026 0.8407530053
0.2989488333 0.6175083319 0.8410387619
0.2989844875 0.6168125110 0.8420372698
0.2989835381 0.6168126031 0.8420220714
0.2981821585 0.6146037683 0.9447856687
0.2981323581 0.6146612600 1.8154161463
0.3004219926 0.5995923273 1.7779117022
0.2149409075 0.5821054867 2.0818580123
0.3003289061 0.6000562039 1.7784772310
0.3003288814 0.6001585855 1.8560624783
0.3002556835 0.6008818237 1.8302219215
0.0871547495 1.3290739191 0.5993755249
0.0862115732 0.6748967447 2.4530081619
0.0772063914 0.8879400586 1.3545224997
0.1751323139 0.8088194497 0.7460216252
0.0427213836 1.4380456583 2.7245037767
0.0388008084 1.2848490079 2.7780398714
0.0393048190 1.3752473331 2.7296013475
0.5013503088 1.8065951801 0.1792989290
