0.2812059999 0.7717210081 0.9073385682
0.4215429625 0.4756306745 0.8136411403
0.4012580975 0.3841878450 0.8393483879
0.3034826292 0.1933901446 1.4559819847
0.3766426165 0.3620862547 1.0332551568
0.1466828829 1.1488826106 1.0052173579
0.9987492633 0.3642084562 0.8443125506
0.1877209952 0.6837391296 1.2665380718
0.1896684139 0.4908220994 1.5005078078
0.1786271799 0.1546032888 1.8236026149
0.2357863504 0.4663020533 1.0315890897
0.4172059348 0.4735626047 0.8172902954
0.5153912924 0.9273161093 0.7515907136
0.2325909603 1.3570984294 0.7800743289
0.3952737727 0.4377169407 0.8655541420
0.6758544845 0.8908462714 0.7333807097
1.0076102630 0.5081553699 0.7453716840
0.5845224834 0.9287675717 0.6444050794
0.4016285153 1.8927701875 0.6355230948
0.5808724576 0.8927283748 0.7517565387
0.3614390900 1.8672114847 0.7117748839
0.1045505447 0.7598201259 1.6286448139
0.9236091031 0.3806783524 0.8473593875
1.1845015838 0.2167498160 1.1291087618
0.7550701445 0.2232327295 1.1696043380
1.1844783147 0.2183575995 1.1466088714
0.3034822583 0.1933901446 1.4563166571
0.7328902556 0.1700084892 1.4050671252
0.5350313267 0.1828377585 1.3075453873
0.1877209985 0.6832771632 1.2633831012
0.1587589505 0.8469945917 1.2343555576
0.1467245867 1.1597686117 1.0051261680
0.1467246928 1.1587596773 1.0051257243
0.1465216001 1.1587596773 1.0072248718
0.1455319108 1.1554148127 1.0079174540
0.1457852689 1.1693970807 1.0079171936
0.1303778591 1.2358976033 1.0500198237
0.1229778515 1.7258008739 1.1607113205
0.1205965501 2.0940329076 1.4740237537
0.1206129721 2.0941162146 1.4733554164
0.1221227080 2.4821872504 1.4726023729
0.1221227080 2.4853024583 1.4556559570
0.1224499612 3.0775853490 1.4547525473
0.0961428610 3.1461889146 1.4548064085
0.0964456790 3.1461885574 1.4556847668
0.0662551372 2.4516576837 1.7688008549
0.0541546276 1.7175456252 1.9432377690
0.0541546138 1.7197546024 1.9337760459
0.5350313777 0.1788753077 1.3075453661
0.5101746073 0.4464073245 0.7901258155
0.3503209838 0.8930992824 0.9045757838
0.3614386357 1.8673125498 0.7114199403
1.0009501202 0.6775239497 0.6817402200
1.2321075153 0.8072074461 0.6413192769
0.7778675424 0.8706062905 0.6832765140
0.8982320269 0.8379725099 0.7050777677
1.2347587228 0.8072451973 0.6411970741
0.6100558316 0.8927416639 0.7476669158
0.6062304568 0.8990595345 0.7477457940
0.5933198194 0.9079418385 0.7485352446
0.5153223428 0.9373963716 0.7516771816
0.2172874920 0.7710206067 0.9952303812
0.3888377444 0.4735701874 0.8172902954
0.2874822792 0.7715097727 0.9747320368
0.2874758002 0.7713988805 0.9747322414
0.2879056950 0.7701000485 0.9343827212
0.5916331889 0.3167578891 0.8998196421
0.9795214913 0.8518762749 0.6812600033
0.5866723312 0.9163596876 0.6448656362
0.5759443132 0.9784821314 0.6448631381
0.3992792477 0.9913437045 0.6438682428
0.3696850523 1.0887104156 0.6413955983
0.3696850537 1.0867266157 0.6413951502
0.3696850805 1.0812468267 0.6403988436
0.3696823709 1.8066758261 0.6420868475
0.3693265306 1.8078074017 0.6415124901
0.4490338612 1.7899453228 0.6371264208
0.4556453102 1.8921987267 0.6371263993
0.4003310318 1.8927701862 0.6355708671
1.0114791192 0.5127297227 0.7453691983
0.4218573526 0.4752669151 0.8140662893
0.4219198101 0.4736420962 0.8170365271
0.4219198101 0.4735625664 0.8171521369
0.3884273697 0.4839325182 0.8175011038
0.3859284984 0.4482149772 0.8313126757
0.3859285002 0.4518250105 0.8290062996
0.3859278722 0.4576324928 0.8237641183
0.3974939343 0.4484452466 0.8226969830
0.3918339655 0.4456420562 0.8977745670
0.3918337181 0.4456525197 0.8975981665
0.3927624496 0.4457777399 0.8975910174
0.3816597739 0.4476646539 0.8967371273
0.3816680753 0.4575150327 0.8367789301
0.3816680753 0.4542763667 0.8424472817
0.3952720659 0.4364852364 0.8670784200
0.5082487715 0.4314116675 0.7920266890
0.4002790651 0.3842175341 0.8395615195
0.4006268680 0.3933662919 0.8380052734
0.5659112462 0.3167881134 0.8494211637
0.5617931229 0.3276503641 0.8492231498
