0.9939618884 0.0477281966
0.7993165262 0.4181065707
0.4592295005 0.8062601194
0.4184570912 0.8433205986
0.3442730916 0.8996381424
0.0029626060 1.0113022758
0.4362961207 0.8362340233
0.4145508412 0.8476477786
0.9980471292 0.0410359210
0.4980471288 0.7694301589
0.5586550390 0.7110690852
0.4902346288 0.7779575000
0.3977055795 0.8588302528
0.5029626661 0.7620430511
0.7306523926 0.4840447279
0.0000076313 1.0198474414
0.0000000000 1.0244690509
0.5627070158 0.7094365217
0.4815679197 0.7863446411
0.4731783909 0.8023224929
0.4063797187 0.8547920340
0.2905316365 0.9304599289
0.5919761663 0.6710086991
0.5861167913 0.6786860926
0.5786141367 0.6878399921
0.1297002585 1.0039620065
0.9687505373 0.0958508496
0.4396982206 0.8279391561
0.4863283788 0.7848409134
0.9719715146 0.0798188959
0.9941635812 0.0426837942
0.2969208530 0.9263749625
0.1250006707 1.0085839736
0.4284836216 0.8405877389
0.9592914590 0.1104468836
0.1296392233 1.0041225044
0.4289555796 0.8390511942
0.1254889519 1.0061544302
0.4483032650 0.8187681556
0.5117517286 0.7504527065
0.1877473669 0.9829502661
0.5777590504 0.6949307715
0.5859451299 0.6871856927
0.5880699163 0.6739517162
0.0675203801 1.0093574208
0.5729448819 0.6970082640
0.7441940911 0.4697710955
0.5585940038 0.7125060824
0.5585940076 0.7118660338
0.5195642295 0.7446622819
0.3655244190 0.8809021216
0.3816533837 0.8736164845
0.3164219859 0.9197801267
0.3165440562 0.9192181619
0.4863436376 0.7843390249
0.5273768488 0.7350384110
0.4145527486 0.8439458180
0.5717773461 0.7046476454
0.4815984373 0.7862982800
0.1335464270 1.0028290929
0.9806523928 0.0665295191
0.7316289551 0.4804376037
0.5078454786 0.7582984799
0.0032067467 1.0112460676
0.2532067469 0.9530028961
0.9719567327 0.0873956994
0.9592895517 0.1193704800
0.3418092731 0.9099670486
0.7441635735 0.4742959996
0.8261109598 0.3483188033
0.8875323021 0.2546708149
0.8657914436 0.2940322626
0.3593750339 0.8984934605
0.3593750041 0.8985596894
0.3593750190 0.8985583948
0.6172571374 0.6472392045
0.8096177586 0.3799571265
0.8945353039 0.2541214454
0.2226563694 0.9721895520
0.6645547167 0.5855892424
0.6761532060 0.5706063847
0.6915025736 0.5498247464
0.8177672343 0.3670242979
0.6719523116 0.5845856407
0.8054853238 0.3880424088
0.7778997429 0.4238556179
0.3797002587 0.8782949191
0.6566164537 0.6000342403
0.6604006334 0.5929343222
0.8439066614 0.3197945339
0.8439219164 0.3196205831
0.9561331281 0.1256151970
0.7061331279 0.5320385000
0.7192546508 0.5122128551
0.1875013376 0.9854879431
0.1875010991 0.9856779605
0.1603784749 0.9914628848
0.8246499308 0.3509042414
0.8797198021 0.2661885642
0.6513773004 0.6319526706
