0.6298828531 -0.2325428625
0.4359136060 -0.0077014177
0.2509803942 0.2987516508
0.4414062821 -0.0538856813
0.0689697583 0.7144062556
0.0454549920 0.7726404651
0.0353308376 0.8373555737
0.0363146719 0.8204087329
0.2587928793 0.2727981903
0.2286530158 0.3863434580
0.0353384670 0.8277312950
0.1888758114 0.6614190904
0.1905529575 0.6513923767
0.4346314207 0.0128461938
0.0538422764 0.7632240830
0.4405847960 -0.0513805914
0.4453129791 -0.0746484858
0.2252515277 0.4008827155
0.0362994131 0.8204676226
0.0363150305 0.8194741660
0.0000000000 1.1789439943
0.0321169775 0.8388570950
0.0078125019 0.9499566590
0.0040369714 0.9802071124
0.2450152191 0.3009995008
0.0254823044 0.8613157521
0.6360015912 -0.3216904308
0.8259899792 -0.4708418895
0.8293458240 -0.5078852730
0.8352070058 -0.6156384062
0.8430195356 -0.6942002390
0.8273945356 -0.4877862808
0.8259897407 -0.4597250823
0.8344727204 -0.6043439456
0.8392640369 -0.6637587086
0.8369144265 -0.6161601431
0.8427907627 -0.6822206057
0.8320313141 -0.5625946723
0.8369179385 -0.6372302548
0.8247070944 -0.4417687734
0.8484044083 -0.6980417586
0.8484044232 -0.7125515450
0.8484044847 -0.7371687654
0.0621506870 0.7353886234
0.2305911809 0.3743085696
0.0000004768 1.1701335867
0.2289009841 0.3763293871
0.4492240273 -0.0858795423
0.4492240282 -0.0895482579
0.4454350494 -0.0750919012
0.0000007153 1.1117990301
0.6484451449 -0.4153156295
0.0127077159 0.9165042539
0.4375000321 -0.0298474886
0.2094736185 0.5179696333
0.0000022138 1.0541820182
0.0030632187 0.9891970398
0.0538575352 0.7588121152
0.0582444380 0.7449154605
0.6407489783 -0.3555015734
0.0000019232 1.0822994651
0.4511720356 -0.0908542218
0.2310813695 0.3681221326
0.0000007162 1.0998960363
0.2366413011 0.3271288202
0.2289019378 0.3761494913
0.2293902191 0.3746387780
0.2450151595 0.3033853932
0.2448897439 0.3063886535
0.4248051750 0.1080118170
0.4357307390 0.0068383254
0.4309292030 0.0354124819
0.4165833056 0.1970903410
0.1953740140 0.6324470819
0.2403872630 0.3083125411
0.2325755081 0.3504449087
0.0415487420 0.7867311218
0.0222177850 0.8711238470
0.0318728369 0.8398938470
0.0314283986 0.8430451738
0.0411806237 0.7948854452
0.0414247653 0.7901604480
0.0000021616 1.0746261144
0.2527704362 0.2834487412
0.2527704288 0.2837918478
0.0283327122 0.8449081338
0.0362989363 0.8211148372
0.0441113767 0.7820793854
0.0117311534 0.9214513689
0.0127077121 0.9185668696
0.0244264622 0.8644690463
0.0087938327 0.9411281163
0.0007334091 1.0050502297
0.0202646591 0.8758810393
0.0222179042 0.8711234199
0.0382690598 0.7977075436
0.6407642370 -0.3616196749
0.6330576098 -0.2947542258
0.6400163198 -0.3545305160
0.6485061801 -0.4187467661
