0.0208876645 0.9849556858
0.8518851230 -0.2741067760
0.5315726190 0.2238843228
0.5340691223 0.2024583581
0.5436596158 0.1623147019
0.5240774662 0.3131013284
0.5204201280 0.3669595972
0.8529071844 -0.3012340755
0.8748481924 -0.6401679719
0.3650782158 0.5269251791
0.5140320002 0.4763647447
0.5185920303 0.3968117474
0.3652002861 0.5261119378
0.3650782307 0.5269250794
0.3650782754 0.5269247804
0.3650780370 0.5269270508
0.3650742298 0.5269518486
0.3651963001 0.5261383863
0.3769923489 0.4819476578
0.3773118410 0.4817669292
0.5195694952 0.3806689853
0.5215245239 0.3498042693
0.3730087964 0.4889495539
0.3730088001 0.4889495435
0.3730088113 0.4889495122
0.3730097649 0.4889468443
0.5239913888 0.3135373777
0.5239914037 0.3135371684
0.5239875890 0.3135907471
0.5239875741 0.3135909564
0.5242355294 0.3102218983
0.8529081380 -0.3012590312
0.3753168316 0.4838529964
0.3654918842 0.5241970951
0.3773123178 0.4817666848
0.8529386556 -0.3020572484
0.8526346300 -0.2939172593
0.8545877550 -0.3439562091
0.8529081977 -0.3012605909
0.5166389072 0.4300424178
0.3729491470 0.4891227976
0.3729486702 0.4891241466
0.3729486720 0.4891241413
0.5205482184 0.3649845622
0.5205483395 0.3649826535
0.5225014645 0.3350997356
0.5225052792 0.3349950212
0.5225062329 0.3349808891
0.5166541659 0.4297771238
0.5235100282 0.3222149493
0.3728265999 0.4897775040
0.8726845084 -0.6309357910
0.8745155631 -0.6391429906
0.5232474902 0.3241730184
0.7076692150 -0.2082283886
0.1944950523 0.7935500266
0.1983671227 0.7764377957
0.6920284198 -0.0442464410
0.0528715402 0.9490186330
0.5230028727 0.3277203051
0.5230029919 0.3277185688
0.5226252307 0.3332085782
0.5331871766 0.2095388966
0.5169492210 0.4245682261
0.5174375023 0.4161789992
0.5164609398 0.4330470079
0.0000000037 1.0000000000
0.5163999046 0.4341130085
0.5231249430 0.3259462401
0.5326013011 0.2145851800
0.1799410481 0.8813067658
0.5226366618 0.3330884776
0.0507891216 0.9496053488
0.6838459416 0.1197845481
0.5402802318 0.1685548610
0.5324786962 0.2156614706
0.5404748661 0.1680067764
0.5346729462 0.1979283938
0.5346719926 0.1979353444
0.5424806779 0.1634894494
0.5425417130 0.1634019574
0.6920293734 -0.0442628330
0.7008378866 -0.1642174383
0.7026924842 -0.1802832479
0.7026924246 -0.1802827726
0.7017158621 -0.1720410100
0.7040763783 -0.1902356123
0.6933343473 -0.0661273861
0.7024858377 -0.1789702358
0.0511839865 0.9494603488
0.0526792277 0.9490271076
0.0525723994 0.9490454192
0.5416840394 0.1649191481
0.5154185291 0.4513369613
0.5149302478 0.4600776375
0.0221868009 0.9830398770
0.8741088853 -0.6347130127
0.3525474680 0.6420989708
0.5351403016 0.1946003124
0.5429528016 0.1628875442
