0.8658113506 0.0009860992
0.1877387717 0.0000006128
0.1916803524 0.0000020266
0.1918549064 0.0000019073
0.1942313679 0.0000024438
0.7082407146 0.0000235960
0.0000042738 0.0000002570
0.6923898847 0.0000001527
0.0457144836 0.0000000000
0.0499043148 0.0000000196
0.0461937581 0.0000001211
0.0535175307 0.0000001267
0.0535180076 0.0000001267
0.0535180374 0.0000001267
0.0535790725 0.0000001267
0.0461940542 0.0000001211
0.0461935774 0.0000001211
0.0466818586 0.0000001211
0.0466513411 0.0000001211
0.0466818605 0.0000001211
0.0466818307 0.0000001211
0.0466818316 0.0000001211
0.5350482469 0.0000000112
0.6834273158 0.0000610817
0.5399141475 0.0000000009
0.5399784916 0.0000012703
0.0543499645 0.0000000000
0.0455782460 0.0000000000
0.1940605130 0.0000000009
0.7020788954 0.0000000047
0.7020790146 0.0000000047
0.7021400497 0.0000000047
0.7021476791 0.0000000047
0.7030021713 0.0000000009
0.7030021704 0.0000000009
0.0532178320 0.0000000075
0.2116745731 0.0000000075
0.1901027115 0.0000000037
0.6901027120 0.0000001229
0.6901028312 0.0000001304
0.6900952018 0.0000001304
0.6903393424 0.0000001313
0.6942455924 0.0000000121
0.0495641409 0.0000022650
0.5404195614 0.0000000037
0.8770790779 0.0000001192
0.3781475587 0.0000002393
0.0493317005 0.0000000298
0.5441173283 0.0000000065
0.5413295790 0.0000000596
0.5413298174 0.0000000596
0.5413288637 0.0000000596
0.5413326784 0.0000000596
0.5336455866 0.0000157431
0.5413326822 0.0000000596
0.5393795572 0.0000000596
0.5391968280 0.0000038594
0.5393843218 0.0000000596
0.6942455933 0.0000000121
0.0547926473 0.0000000000
0.5393840834 0.0000000596
0.5335228215 0.0000000633
0.0466910461 0.0000000000
0.5334620248 0.0000000633
0.0532102027 0.0000000000
0.5438531465 0.0000000037
0.5394439507 0.0000000633
0.0451244684 0.0000002384
0.5433944292 0.0000000037
0.5438827104 0.0000000037
0.5357695851 0.0000152588
0.5408907100 0.0000000084
0.0163373435 0.0000000019
0.0182904685 0.0000000019
0.0182904704 0.0000000019
0.0182904629 0.0000000019
0.0163373677 0.0000000019
0.0163383214 0.0000000019
0.0163383195 0.0000000019
0.1782102028 0.0000000000
0.5424279557 0.0000000447
0.5424277173 0.0000000447
0.0158500383 0.0000009555
0.0158481309 0.0000009555
0.0470981310 0.0000009853
0.0495705111 0.0000000382
0.0488380893 0.0000000307
0.0498737973 0.0000000792
0.0528985924 0.0000000373
0.5224612258 0.0000305325
0.0528683132 0.0000000075
0.0528683095 0.0000000075
0.5392163261 0.0000001937
0.0538448720 0.0000000075
0.0470980118 0.0000009853
0.5146568692 0.0000021467
0.5400557616 0.0000000000
0.5312666991 0.0000000000
0.0392012690 0.0000000000
0.5335845515 0.0000157431
