0.0000047032 0.0000000075
0.0000039730 0.0000000075
0.0000039712 0.0000000075
0.2077570839 0.0000019073
0.0000040308 0.0000000075
0.5140531114 0.0000039488
0.5442561391 0.0000000075
0.5244891686 0.0000001341
0.1802140560 0.0000000047
0.5235126061 0.0000001341
0.5230492181 0.0000019381
0.0467081173 0.0000023842
0.5255801720 0.0000039488
0.0466273157 0.0000002384
0.5154078896 0.0000000009
0.5364436391 0.0000000075
0.0484334287 0.0000001267
0.0450338796 0.0000000298
0.0455221609 0.0000000298
0.0508561852 0.0000000000
0.0483338610 0.0000002421
0.6821737137 0.0000000000
0.7028552189 0.0000019167
0.7054705803 0.0000038175
0.7055316155 0.0000038175
0.1905005110 0.0000000000
0.6946547941 0.0000006305
0.7024308012 0.0000078380
0.0528054955 0.0000000000
0.0000039861 0.0000000075
0.6900432330 0.0000000596
0.6978557331 0.0000000596
0.6978557312 0.0000000596
0.7017619812 0.0000000596
0.7017620408 0.0000000596
0.8755238223 0.0000000903
0.3750366227 0.0000000000
0.0448388225 0.0000004768
0.5404786957 0.0000014342
0.0537820580 0.0000000000
0.0531695020 0.0000003651
0.0531084948 0.0000002459
0.0448998576 0.0000004768
0.0448998725 0.0000004768
0.0447778022 0.0000023842
0.0457053120 0.0000001565
0.0457052524 0.0000001565
0.5248763995 0.0000000000
0.5147811123 0.0000000000
0.0508542695 0.0000000000
0.5356881027 0.0000047833
0.0536218631 0.0000000298
0.5150455595 0.0000000149
0.5150221787 0.0000081379
0.3750005126 0.0000000596
0.0450033769 0.0000000298
0.0450033779 0.0000000298
0.0450052852 0.0000000298
0.0534573449 0.0000019139
0.5231681145 0.0000004843
0.5166179729 0.0000021476
0.5166027141 0.0000326652
0.5166046214 0.0000326652
0.0503679011 0.0000000000
0.0543642343 0.0000000745
0.5187898060 0.0000085905
0.5243581026 0.0000007190
0.0543661565 0.0000000745
0.0543642492 0.0000000745
0.0000044629 0.0000000075
0.7013413028 0.0000002421
0.6935288028 0.0000002421
0.6934067325 0.0000002421
0.6994654813 0.0000000000
0.6994731107 0.0000000000
0.6994733342 0.0000000000
0.7024503506 0.0000001192
0.7024465359 0.0000001490
0.6985399283 0.0000001490
0.7024329470 0.0000078380
0.7024329544 0.0000078380
0.6946204544 0.0000078380
0.2024309199 0.0000078380
0.0000047013 0.0000000075
0.5197450132 0.0000098059
0.5403489960 0.0000014938
0.1734565135 0.0000000037
0.0484334436 0.0000001267
0.0484334417 0.0000001267
0.0485555120 0.0000001267
0.5242973357 0.0000003017
0.5327348286 0.0000005364
0.5227294476 0.0000076611
0.5197678390 0.0000000596
0.5205829782 0.0000001341
0.5196075463 0.0000305697
0.5442580465 0.0000000075
0.5442570928 0.0000000075
0.5442876104 0.0000000075
0.0197373210 0.0000000596
