0.1857717132 0.0001258869
0.0000038194 0.0000000019
0.0000038482 0.0000000019
0.0000038147 0.0019531269
0.0000038166 0.0019531269
0.0000038175 0.0019531269
0.0000038445 0.0000000019
0.0157950595 0.0000038184
0.0513364785 0.0000079907
0.1893801104 0.0000000075
0.1731423309 0.0000000000
0.1888918292 0.0000000075
0.1876258852 0.0000000158
0.1879146268 0.0000000019
0.1918208769 0.0000000019
0.1918056181 0.0000000019
0.1888994586 0.0000000373
0.1928057086 0.0000000373
0.1924402697 0.0000000149
0.1926844103 0.0000000149
0.1926846487 0.0000000149
0.1926846450 0.0000000149
0.1947588336 0.0000038520
0.1947626483 0.0000038520
0.1959646355 0.0000000633
0.1893281883 0.0000004796
0.1893042933 0.0000000121
0.1954763543 0.0000000633
0.1959641587 0.0000000121
0.1959565293 0.0000000121
0.1960175645 0.0000000121
0.1958954941 0.0000000121
0.1958960902 0.0000000121
0.1880835902 0.0000000121
0.1890601527 0.0000000121
0.1912852229 0.0000007264
0.1964805873 0.0000000605
0.1964805948 0.0000000000
0.1964807140 0.0000000000
0.1964730846 0.0000000000
0.1969003307 0.0000000000
0.1969003344 0.0000000000
0.1969041491 0.0000000000
0.1969041454 0.0000000000
0.1969041752 0.0000000000
0.1912852248 0.0000007264
0.1962549819 0.0000009546
0.1915229179 0.0000001192
0.1892497104 0.0000011399
0.1915321352 0.0000000158
0.1915321948 0.0000000158
0.1875000598 0.0000000158
0.1875610949 0.0000000158
0.1915229253 0.0000001192
0.1915229235 0.0000001192
0.1941037403 0.0000610370
0.1940961109 0.0000610352
0.1940961035 0.0000610352
0.0000038184 0.0000000019
0.1940961054 0.0000610352
0.1921429804 0.0000610352
0.1921430437 0.0000610352
0.5376598570 0.0000002980
0.5222512908 0.0000000037
0.8752486965 0.0000000000
0.0292614065 0.0000019073
0.3751442669 0.0000076294
0.1915152941 0.0000001192
0.1876090441 0.0000001192
0.7009384201 0.0000152625
0.1875480089 0.0000001192
0.6900753022 0.0001221299
0.7022752256 0.0000312328
0.7022752182 0.0000312328
0.7021531479 0.0000312328
0.6983076946 0.0000312328
0.1985257763 0.0000079870
0.1965745289 0.0000077784
0.1965726215 0.0000077486
0.1963274769 0.0000003576
0.1963199910 0.0000003576
0.1885083515 0.0000077486
0.1885102589 0.0000077486
0.1924165089 0.0000077486
0.1924169857 0.0000077486
0.1932105433 0.0000000112
0.7051392446 0.0000004768
0.1957667006 0.0000009546
0.1944138512 0.0000343341
0.1944138493 0.0000343341
0.6927617953 0.0000000596
0.0415062942 0.0000000075
0.5300637908 0.0000000037
0.0141625442 0.0000000000
0.0360611417 0.0000229031
0.5141606373 0.0000000000
0.0530673787 0.0000004768
0.0531889415 0.0000000149
0.0448098537 0.0000019083
0.0358317374 0.0000000000
