0.0078194784 0.1074619322 0.3989033069 0.4000222575 0.5988288229 0.5998727825 0.4994865614 0.3013840796 0.5010892195 0.4007617854 0.2967795853 0.6002820466
0.0000230409 0.0150700677 0.4006356200 0.3984069027 0.5998490589 0.7021658818 0.4990166756 0.3001050719 0.5000621895 0.4003935898 0.2968596325 0.6025838913
0.0178963887 0.0020580664 0.3990468945 0.4033717498 0.6007697597 0.6000406105 0.4994847714 0.3019951017 0.5010910877 0.4005484715 0.2967519698 0.6005861718
0.9996476108 0.0003439784 0.3999740709 0.4027127842 0.6016248284 0.6936240938 0.4999630540 0.3010282771 0.6990155091 0.4004103452 0.4062617173 0.6028005999
0.0565280999 0.9476459920 0.3999945041 0.3998535754 0.5995177791 0.5997912144 0.4999972587 0.3000377671 0.5000170651 0.4003944820 0.2968379718 0.5999890786
0.9857477769 0.9972373461 0.3984371837 0.4002214888 0.5959816664 0.6001654599 0.4999756855 0.3007845071 0.5009790896 0.4009133963 0.2967520359 0.6006861428
0.9998369841 0.9347815271 0.3997526173 0.4002470369 0.6002871353 0.5987083675 0.4998406353 0.3004344090 0.5000203499 0.3985426411 0.2967357489 0.6009038385
0.9290534220 0.9999693902 0.4000324862 0.2997572248 0.5935876375 0.7031461137 0.4999753130 0.3008430771 0.6982453481 0.7965101737 0.3005133078 0.8125001256
0.9920305833 0.9995879149 0.3980099348 0.4002209924 0.5961037721 0.5975103402 0.4999149260 0.2974886077 0.5000026166 0.4008827781 0.2967525137 0.6006785208
0.0565281893 0.4476459915 0.3999983188 0.3996094422 0.5995177791 0.5997606969 0.4999972587 0.3000377671 0.5000208798 0.4003944820 0.2968379718 0.5999852639
0.9998368369 0.0459861802 0.3988451999 0.3982922988 0.6004447849 0.6957558232 0.4999723784 0.3006576396 0.5000522933 0.4006024240 0.2948944162 0.5997161787
0.9995918898 0.9972777115 0.4002389912 0.4002470369 0.6002947647 0.5987086060 0.4998763981 0.3004344090 0.5156453480 0.3986656623 0.2968578192 0.6009038385
0.9656600831 0.0000000745 0.4000734597 0.3984138280 0.6003263831 0.5991165122 0.4999462771 0.2991255655 0.5005224482 0.3932153847 0.2968585149 0.6001167238
0.0165081108 0.4476459915 0.3999945041 0.3998535754 0.6015319392 0.5997854924 0.4995089783 0.3000377671 0.5000170651 0.4003944820 0.2968379718 0.5999900322
0.9939683471 0.0684845737 0.3999903094 0.4003642643 0.5994304406 0.5965636359 0.4999788790 0.3003903863 0.5004612929 0.4003927730 0.2963543025 0.6001708858
0.9930820409 0.4625399219 0.3999547254 0.3993876915 0.6012004480 0.6009867495 0.4996180474 0.2979280504 0.5002321093 0.4006545641 0.2968617727 0.5997161023
0.9862932786 0.9995879149 0.3980709737 0.4002209924 0.5961037721 0.5975103402 0.4999149260 0.2973665374 0.5000025867 0.4008827781 0.2967220110 0.6006785208
0.9994869716 0.9999312302 0.4000343340 0.4882321185 0.5935685640 0.7031461072 0.4999755002 0.3086555175 0.6982758061 0.6679245519 0.3005094633 0.8129884049
0.9994869716 0.9996947190 0.4000343340 0.4882321185 0.5935685640 0.7031461072 0.4999831296 0.3086555175 0.6982758061 0.6679245519 0.3005094633 0.8129884049
0.5688885400 0.0005851565 0.3998266993 0.3984286686 0.5997853201 0.6004357092 0.4998788130 0.2992323882 0.5029350841 0.4006356200 0.2968680731 0.5995125478
0.9941141726 0.0040134750 0.4003963511 0.3981911451 0.6000115588 0.7002605272 0.4999297499 0.3000887486 0.5001394846 0.4004271779 0.2968748308 0.5995205758
0.9646654753 0.1686679471 0.3997569386 0.4002469176 0.6002871353 0.6006694796 0.4998367042 0.3003123387 0.5000204691 0.4009840474 0.2967356334 0.6006596224
0.1144194632 0.1305046325 0.3997792792 0.4003108511 0.6006992698 0.6007407313 0.4978630501 0.3003732621 0.5001103892 0.4006998654 0.2968408366 0.5998320026
0.4646045076 0.7307092396 0.3997637372 0.4002497396 0.6002947647 0.6006612541 0.4998338441 0.3003120928 0.5000928310 0.4009764105 0.2968596111 0.5998318834
0.4646654823 0.1686679471 0.3997569386 0.4002469176 0.6002871353 0.6006694796 0.4998367042 0.3003123387 0.5000204691 0.4009840474 0.2967356334 0.6006596224
0.1755357759 0.8839567265 0.3999983858 0.3996208845 0.5998157296 0.5998466915 0.4995090081 0.3000077263 0.5000245734 0.4003950929 0.2968384487 0.6000052948
0.6542492943 0.3622239375 0.4000002336 0.4000970036 0.5992401537 0.6004858004 0.4999774774 0.2999776679 0.5002487949 0.4004023451 0.2963527900 0.6006552499
0.4489756929 0.2311984647 0.3997559886 0.4002497396 0.6002947647 0.6006612541 0.4998376588 0.3003120928 0.5000966438 0.4009764105 0.2967356334 0.5998318238
0.8707070890 0.9942483241 0.4006525552 0.4002334572 0.5999937156 0.5989051681 0.4999686894 0.3008667187 0.5002034600 0.4001793148 0.2968564539 0.5999393404
0.9772753510 0.0039088866 0.3999297213 0.3993877018 0.6010788592 0.6003783239 0.4999826062 0.2986509430 0.5002166755 0.4005134128 0.2963773685 0.6001890056
0.2444111912 0.1165187909 0.4002899410 0.3984182769 0.5998758866 0.6000009064 0.4999980689 0.2986977057 0.5001225877 0.4005205309 0.2968673681 0.5997870849
0.0078160176 0.3584543200 0.3998827826 0.4000072204 0.6002822245 0.5999947336 0.4999897270 0.3008065850 0.5011302740 0.4007617928 0.2967734014 0.5998388413
0.9646654753 0.4342931858 0.3997569386 0.4002469176 0.6002871353 0.6006694200 0.4998443308 0.2998240574 0.5000204691 0.4009840474 0.2967355142 0.6006596969
0.9147753510 0.0039088866 0.3999297213 0.3993877018 0.5991257342 0.6003783314 0.4999826658 0.2986509430 0.5002166755 0.4005129360 0.2963468510 0.6001890056
0.9996628696 0.0008322597 0.4000045884 0.4027127245 0.6016248284 0.6936240938 0.4999630558 0.3010282771 0.6990136017 0.4004103452 0.4062617322 0.6032869738
0.9998927051 0.0008355565 0.4003688920 0.4027123818 0.6016267357 0.7014432696 0.4999669897 0.3010358981 0.6990183691 0.4004121305 0.4140749177 0.6027986627
0.9773727739 0.5670679440 0.3997622527 0.4004027717 0.6005862556 0.5992116645 0.4997490006 0.3007893109 0.5005061696 0.3999954727 0.2967528759 0.6001551492
0.7037322910 0.9801929444 0.3998066908 0.4000128260 0.5997543471 0.5998557430 0.4982603886 0.3007837257 0.5007026684 0.4004015917 0.2968592321 0.5990733994
0.9616232123 0.7527979591 0.3983839242 0.4012333680 0.5999346279 0.6001124592 0.4996030903 0.3002093530 0.5009769346 0.3999016140 0.2968626854 0.5998934671
0.9998360304 0.9972777115 0.3997507099 0.4002470369 0.6002947647 0.5987086060 0.4998763981 0.3004344090 0.5156453480 0.3986647086 0.2968578192 0.6009038385
0.9998369841 0.9972815262 0.3997526173 0.4002470369 0.6002871353 0.5987083675 0.4998725834 0.3004344090 0.5156453480 0.3985426411 0.2967357489 0.6009038385
0.9978838591 0.9347815271 0.3997526173 0.4002470369 0.6002871353 0.5987083824 0.4998405161 0.3004344090 0.5000204691 0.4004957661 0.2967357489 0.6009038376
0.9666338591 0.9347815271 0.3997530941 0.4002470369 0.6002871353 0.5987083228 0.4998405161 0.3004344090 0.5000204691 0.4004957661 0.2967357489 0.6009038376
0.9685869841 0.9347815271 0.3997530941 0.4002470369 0.6002871353 0.5987083228 0.4998405161 0.3004344090 0.5000204691 0.4004957661 0.2967357489 0.6009038376
0.9685869841 0.9352698083 0.3997569088 0.4002469176 0.6002871353 0.5987082036 0.4998443308 0.3004344090 0.5000204691 0.4009840474 0.2967357527 0.6009038376
0.9646807341 0.9352698083 0.3997569088 0.4002488250 0.6002871353 0.5987086805 0.4998443308 0.3004344090 0.5000204691 0.4009840474 0.2967355142 0.6009038376
0.9646654753 0.4186681858 0.3997569386 0.4002469176 0.6002871353 0.6006694200 0.4998443346 0.3003123387 0.5000204691 0.4009840474 0.2967345606 0.6006596373
0.9646654827 0.1686679471 0.3997569386 0.4002469176 0.6002871353 0.6006694796 0.4998367042 0.3003123387 0.5000204691 0.4009840474 0.2967356334 0.6006596224
0.4646616676 0.1686679471 0.3997569386 0.4002468878 0.6002871353 0.6006694796 0.4998367042 0.3003123387 0.5000203499 0.4009840399 0.2967356334 0.6006596224
0.4489757525 0.1061984646 0.3997559886 0.4002497396 0.6002946455 0.6006619694 0.4998376588 0.3003120909 0.5000966438 0.4009840399 0.2967356334 0.5998318238
0.4489756929 0.2311984722 0.3997559886 0.4002497396 0.6002947647 0.6006612541 0.4998376588 0.3003120928 0.5000966475 0.4009764105 0.2967356334 0.5998318238
0.4646045076 0.2311975185 0.3997559886 0.4002497396 0.6002947647 0.6006612541 0.4998376588 0.3003120928 0.5000966457 0.4009764105 0.2967356334 0.5998318238
0.4646045076 0.2307092373 0.3997559886 0.4002497396 0.6002947647 0.6006612541 0.4998376588 0.3003120928 0.5000966457 0.4009764105 0.2967356334 0.5998318238
0.4643679964 0.7307092396 0.3997646611 0.4002497396 0.6002947647 0.6006517174 0.4998338441 0.3003120928 0.5000928310 0.4009764114 0.2968596111 0.5998318834
0.4643679964 0.7307111469 0.3997646611 0.4002497396 0.6002946455 0.6006517174 0.4998338441 0.3003120928 0.5000928310 0.4009764114 0.2968596111 0.5998318834
0.4565545427 0.7307111469 0.3997646611 0.4002497246 0.6002946455 0.6006517174 0.4998357515 0.3003120928 0.5000928310 0.4009764114 0.2968596111 0.5998318834
0.4878045409 0.6056501117 0.3997646611 0.4002497246 0.6002946455 0.6006517174 0.4998357515 0.3003120928 0.5000928310 0.4004881293 0.2968596111 0.5998318834
0.4666825323 0.8861192091 0.4000002354 0.4000971014 0.5993938033 0.6005503112 0.4999364619 0.3000377513 0.5000199131 0.4004287807 0.2968420249 0.6006552201
0.4666825314 0.7611191941 0.4000002354 0.4000969812 0.5993938070 0.6004930945 0.4999364694 0.3000387031 0.5000199131 0.4004345028 0.2968420249 0.6006552201
0.0836286574 0.1305046325 0.3997792792 0.4003108511 0.6006992698 0.6007407313 0.4978630501 0.3003732621 0.5001089587 0.4007015344 0.2968408366 0.5998320026
0.2709074237 0.1261046334 0.3997802328 0.4003108511 0.6008175552 0.6008003360 0.4999326053 0.3003121673 0.5002310290 0.4006406110 0.2968277235 0.5998339100
0.1105132132 0.1305046623 0.3997792792 0.4003032180 0.6011875547 0.6007407313 0.4978635269 0.3003732621 0.5001103892 0.4006999251 0.2968408366 0.5998320026
0.1095366507 0.1305046623 0.3997792792 0.4003029795 0.6011875547 0.6007407313 0.4978635269 0.3003732621 0.5001095547 0.4006999251 0.2968408366 0.5998320324
0.1095366507 0.1305199211 0.3997792792 0.4003029795 0.6011875547 0.6007407313 0.4978635269 0.3003732621 0.5001095547 0.4006999251 0.2968408328 0.5998320324
0.1095967322 0.1461906658 0.3997792792 0.4001503916 0.6010788657 0.6007445460 0.4998164135 0.3003732565 0.5001095547 0.4007151838 0.2968732578 0.5998491995
0.9188036713 0.0664088866 0.3999907564 0.4003642643 0.5991252573 0.6003478138 0.4999826639 0.3004057038 0.5004612929 0.4005148433 0.2963543025 0.6001718394
0.9187731537 0.0664086482 0.3999907564 0.4003642643 0.5991252573 0.6003482906 0.4999826639 0.3004057038 0.5004612929 0.4005148433 0.2963543025 0.6001718394
0.9187731537 0.0664069793 0.3999907564 0.4003642643 0.5991252573 0.6003482906 0.4999826639 0.3004057038 0.5004612929 0.4005148433 0.2963543025 0.6001718394
0.9197497162 0.0683601043 0.3999907564 0.4003642643 0.5993693979 0.6003482906 0.4999826639 0.3004056442 0.5004612929 0.4003927730 0.2963543025 0.6001718394
0.9353747162 0.0683601043 0.3999903094 0.4003642643 0.5993693979 0.5964415638 0.4999826639 0.3004056442 0.5004612929 0.4003908657 0.2963543025 0.6001718394
0.4666825323 0.3858755449 0.4000002354 0.4000973398 0.5993938033 0.6005541259 0.4999364619 0.3000377513 0.5000199131 0.4004211513 0.2968417865 0.6005941849
0.3416825322 0.3858745912 0.3999982163 0.4000973398 0.5993938033 0.6003099853 0.4999362254 0.3000376320 0.5000199131 0.4004211811 0.2968417865 0.5996176224
0.3377762822 0.3839214662 0.3999982145 0.4000973398 0.5993937436 0.6003099853 0.4999362254 0.3000376320 0.5000199131 0.4004211849 0.2968417865 0.5996176224
0.3377765206 0.3839214662 0.3999982145 0.4000973398 0.5993937436 0.6003099835 0.4999362254 0.3000376320 0.5000199149 0.4004211849 0.2968417865 0.5996176224
0.3378375558 0.4464214663 0.3999982145 0.4000972206 0.5993937436 0.6003099835 0.4999362254 0.3000376320 0.5000199298 0.4004211849 0.2968417865 0.5996176224
0.3378375558 0.3206928590 0.3999981996 0.4000976974 0.5993956510 0.5998217320 0.4999362254 0.3000376320 0.5000199298 0.4004249996 0.2968379718 0.5996176224
0.3378394631 0.3226459840 0.3999981996 0.4000976974 0.5993956510 0.5998217320 0.4999362235 0.3000376320 0.5000199298 0.4004249996 0.2968379718 0.5996176224
0.3690284280 0.4476459841 0.3999981996 0.4000976974 0.5993956491 0.5998217320 0.4999362235 0.3000377522 0.5000199261 0.4004249996 0.2968303424 0.5996195298
0.3065281895 0.4481342728 0.3999983188 0.4000977235 0.5995177791 0.5998217320 0.4999362235 0.3000377671 0.5000208798 0.4003944820 0.2968379718 0.5999857407
0.0555667962 0.9476459920 0.3999945041 0.3998535754 0.5995177791 0.5997912144 0.4999972587 0.3000377671 0.5000170651 0.4003944820 0.2968379718 0.5999900322
0.0477581108 0.9476459920 0.3999945041 0.3998535754 0.5995788142 0.5997854924 0.4999972587 0.3000377671 0.5000170651 0.4003944820 0.2968379718 0.5999900322
0.0477581108 0.4476459915 0.3999945041 0.3998535754 0.5995788142 0.5997854924 0.4999972587 0.3000377671 0.5000170651 0.4003944820 0.2968379718 0.5999900322
0.2662639704 0.4474017913 0.3999983709 0.3998497607 0.5998224780 0.6000296330 0.4995090081 0.2999157266 0.5000170651 0.4003944969 0.2968379718 0.5999900285
0.2663250652 0.4474017913 0.3999983709 0.3998650195 0.5998186633 0.6000296330 0.4995090081 0.2999157266 0.5000170651 0.4003944969 0.2968379718 0.5999900285
0.2663255420 0.4474017913 0.3999983709 0.3998650195 0.5998186633 0.6000296330 0.4995090081 0.2999157266 0.5000170632 0.4003944969 0.2968379718 0.5999900285
0.1755357768 0.8839567265 0.3999983858 0.3996208845 0.5998157296 0.5998466915 0.4995090081 0.3000077263 0.5000245734 0.4003950929 0.2968384487 0.6000052948
0.0178954350 0.0020580664 0.3990468945 0.4033718094 0.6007697597 0.6000406105 0.4994847714 0.3019951017 0.5010910877 0.4005484715 0.2967519698 0.6005861718
0.0078194747 0.1074619322 0.3989033069 0.4000222575 0.5988288229 0.5998727825 0.4994865614 0.3013840796 0.5010892344 0.4007617854 0.2967795853 0.6002820466
0.5078194751 0.1074619918 0.3989033069 0.4000222575 0.5988211935 0.5998727825 0.4998527723 0.3013840796 0.5010892344 0.4007617854 0.2967795853 0.5997935269
0.5078162565 0.3574777575 0.3998827826 0.4000072204 0.6002822245 0.5999952104 0.4998681336 0.3012943895 0.5011302740 0.4007617928 0.2967734014 0.5998388413
0.0117222676 0.3584543200 0.3998827826 0.4000072204 0.6002812745 0.5999956872 0.4999896972 0.3008065888 0.5011302740 0.4007617928 0.2967734014 0.5998388413
0.0273472676 0.3584543274 0.3998827826 0.4000072204 0.6002812447 0.5999956872 0.4999896972 0.3008065888 0.5011302740 0.4007617928 0.2967734014 0.5998388413
0.9858040437 0.9991601920 0.3984371837 0.4002209933 0.5961046942 0.5974799130 0.4999146503 0.3007845062 0.5000025271 0.4008827632 0.2967515591 0.6006861353
0.0000154125 0.5148306885 0.4006353816 0.3964537777 0.5997880200 0.7002108504 0.4990165676 0.3001050719 0.5003056186 0.4003935227 0.2968596307 0.6030397486
0.0000154115 0.0150710214 0.4006356200 0.3964537777 0.5998490551 0.7002127568 0.4990165676 0.3001050719 0.5003056224 0.4003935823 0.2968596325 0.6030702662
0.0000154125 0.0150710214 0.4006356200 0.3964537777 0.5998490551 0.7002127568 0.4990165676 0.3001050719 0.5003056224 0.4003935227 0.2968596325 0.6030702662
0.0000154125 0.5304557034 0.4003912410 0.3964537777 0.5998185376 0.7002108485 0.4990098919 0.3001050719 0.5003056186 0.4005146394 0.2968747851 0.6030387940
0.0002595494 0.5304557034 0.4003912373 0.3982838787 0.5996964673 0.7001956419 0.4990098919 0.3001050719 0.5003056112 0.4005146468 0.2968747851 0.6025505127
0.0007869406 0.5909397487 0.4004522733 0.3982832575 0.5997255506 0.7001993774 0.4999940838 0.3000974574 0.5007327949 0.4004079545 0.2968700466 0.6015739558
0.0007869108 0.5743307952 0.4004522733 0.3984053278 0.5999697061 0.7001993737 0.4995058025 0.3000974537 0.5004886393 0.4004079470 0.2968547878 0.6015739558
