0.8696357647 17.8154621358 -7.5650496953
0.7428665543 30.6123780263 -11.0052463850
0.4300516897 61.1883081929 -32.5276290840
25.7932862454 38.4128372490 -34.0311331982
14.3660238131 63.0154649367 -43.7118524713
32.4438277862 18.4006677109 -26.9775204237
49.0323691138 7.6682889890 -31.2073989490
25.7725488768 1.2341458495 -12.2284263326
70.4837425638 1.8102106025 -38.6963578609
76.9936010756 0.2526685396 -41.8688906121
74.3772002502 18.2838336607 -50.5801026864
48.5901377833 1.2060561446 -25.0620543538
75.0362756544 4.9249083895 -44.0942443760
66.9795977494 54.2886667378 -69.6972975434
47.9299493881 23.2810170907 -37.2240909693
10.4618617452 3.7299065907 -5.0506838103
6.6101674418 0.5050572006 0.3961779420
0.4401054631 4.0028853773 1.9948597293
69.9430349322 5.3402535055 -39.5340748851
49.3376432542 0.5274967391 -24.2787991485
70.4487408090 51.7935194411 -68.4845261023
38.4926773950 0.4323644552 -19.6431837039
0.7505569840 30.5222214710 -14.6304644070
48.4840701658 45.1803644481 -50.1198397650
50.3116270086 87.7065155562 -76.9381198613
43.1098772124 96.4959616249 -77.9951377486
53.7200660873 90.9819350422 -80.6771232064
53.8624920847 83.1511887027 -76.6150255550
37.7979504495 73.0992792122 -61.8265750824
58.6476221652 91.2871551044 -82.9394722651
57.0619418112 33.0733792459 -50.7105349309
47.9570647033 23.2829531688 -37.4142311305
58.8364623162 41.4792283883 -52.1935546957
57.7642131122 33.0666161369 -50.0969642291
8.6083894157 39.3011621978 -23.1010594877
0.3012758592 37.7086140476 -20.2863433985
0.7932948220 38.4128458488 -20.2948822929
45.6782975625 32.9637225059 -44.0753424555
33.6516927890 91.0218040955 -71.2244410053
0.4845977601 91.1507524303 -50.8173946799
45.7564844331 83.0144437890 -71.6729874168
43.7769400087 68.4870582435 -62.5115786617
32.4957745846 0.5416911494 -14.0345885342
0.3343372938 0.2609329629 2.3787927951
0.8208076731 17.7178059193 -6.5046933131
0.3625971430 22.5193668528 -9.9274090165
0.4311425749 72.3563968080 -38.6269722981
0.2771932665 32.2561532590 -10.8766856008
0.6075127813 51.2666832028 -26.1871541400
43.0967364641 52.3742532625 -46.3087333395
78.2912339704 75.6323616616 -89.3234923982
74.9990580876 31.7118804772 -58.4347192712
3.6005363482 36.2590975115 -21.0838982137
19.0415088556 0.4364030731 -8.9559698264
30.3916315182 68.3715451496 -55.8791251795
39.6890031621 54.3431337575 -53.2575736985
0.4743482338 64.6171802673 -33.8145927092
1.2682015948 64.6160397277 -34.2980293786
0.4401652391 91.1551480344 -50.7459677657
0.3421514087 11.1004197862 -4.1122008669
1.8726244058 11.6826775065 -5.2104447285
28.4179551226 0.3366733339 -13.6453647811
57.1516257165 0.4676484361 -30.5939361777
32.3716710868 50.4114841825 -44.4053200060
6.6093542566 50.4304173763 -28.7361582065
6.6093542566 50.4304143961 -28.7360789914
57.1821500477 83.1935757943 -79.1678500381
63.6658152518 32.3749337938 -53.5412006793
49.3376432542 0.5763248642 -24.3052787466
49.3376433213 0.5755619918 -24.3047911073
49.3749954195 5.3004141875 -26.4249523975
49.2404809813 57.9687523397 -56.2470684967
49.2338453154 57.9682201895 -56.2331878641
49.2425142150 57.8792328389 -58.0743035195
99.1022385512 7.7380749332 -60.1097870463
99.1022385512 7.7380753057 -60.1097897678
99.1022397414 7.7380705355 -60.1097356755
99.1022397414 7.7258635042 -60.0070943444
99.1022398252 7.7197600724 -59.9459553687
1.2262300435 4.0077599569 1.5754618150
1.1795324175 51.8894011529 -27.2965733450
11.7584196190 46.4499381033 -30.5591694169
55.9085918862 50.6427892707 -56.5284151777
0.3689401249 50.5260608092 -25.1220729202
2.0357501221 64.6160821541 -34.6023425925
39.6843349961 54.3324037060 -53.1212623267
10.1640363768 53.7065813337 -30.4874938895
75.0707968421 13.7519338811 -49.1397868723
53.8560381198 83.1691488935 -76.7569128140
74.3761102005 18.3071576735 -51.4491456381
0.3478045973 87.7426991519 -49.4790138855
0.2327839579 85.6490053767 -49.0297952415
27.0513013269 32.9767669870 -32.3725779440
26.9458759802 32.9813002891 -32.8555807413
26.9580830450 32.9813003226 -33.2052581890
26.9581781442 32.9813000544 -33.2076088134
0.4433436457 72.3563968080 -38.6316968438
7.2003782666 33.2118157479 -19.9852952959
7.1354090548 83.1525686285 -49.9952236697
0.3665826373 11.1004369523 -4.1292216414
