0.0000647072 0.0000193200 1.0139049896
1.0500938976 0.4969195686 0.0000082138
1.0499032541 0.4973222380 0.0000082138
0.9239015411 0.5622433923 0.0000076467
0.6655028341 0.0000189283 0.8330118427
0.6579379544 0.0000187131 0.8663140675
0.6522342851 0.0000185509 0.8698337750
0.6495626031 0.0000184749 0.8718307080
0.6492277408 0.0000184654 0.8720789440
0.0000000070 0.0000318819 1.0103098221
0.3954220037 0.5470469505 0.7931003171
0.8433653173 0.3725826489 0.3892310940
0.9990123834 0.1184688299 0.0052500661
1.1173997038 0.0811065979 0.0034949201
0.6251182498 0.3366034467 0.7159698556
0.2765136364 0.9501698207 0.1638863209
0.0207719217 0.6017545472 0.8262304043
0.6786837209 0.6899896008 0.2608535639
0.4072801482 0.9220758633 0.0011247295
0.2728513734 0.9682918456 0.0021639193
0.0016551327 1.0230150740 0.1548401115
0.1547788366 0.9931101009 0.0535849117
0.0642166443 0.9990417818 0.0223281551
0.8665399167 0.4986919549 0.0833442238
0.9990236744 0.1184701689 0.0021636394
0.5761077897 0.8365409226 0.0014372679
0.9976420548 0.0044539162 0.0768541950
0.5784500200 0.7468161783 0.3958089117
0.8445471375 0.7016737784 0.0004076704
0.2368274051 0.8682787985 0.4374460342
0.6439066817 0.4671112303 0.6164549265
0.7670112883 0.2498787846 0.6320165688
0.2359063927 0.2795380226 0.9358391770
0.0012068538 0.3891054204 0.9407315248
0.2619451356 0.3631661517 0.8973683436
0.3263144267 0.4956530178 0.8100371127
0.3325511194 0.9442019619 0.0579623015
0.9033687448 0.4295076714 0.1157946550
0.8922722012 0.4514045080 0.1157699784
0.1724531072 0.0318829131 0.9880221311
0.4900229249 0.5060007651 0.7268152609
0.7172574717 0.7763074909 0.0132317405
0.2383691142 0.6708051886 0.7217013023
0.1589973584 0.6849063793 0.7209565899
0.7939709270 0.5250437520 0.3268914052
0.6731770094 0.6061596975 0.4393532661
0.0277318858 0.7681876525 0.6550734333
0.8081333234 0.3094504541 0.5430287070
0.0000649367 0.0000185237 1.0138632960
0.0000651423 0.0000177206 1.0136000540
0.7652276278 0.0149992419 0.6462682053
0.1816052474 0.0035596481 0.9850431269
0.7557058318 0.1129383882 0.6546313324
0.7789433097 0.0008464673 0.6673498983
0.7640319773 0.0096208493 0.6546263089
0.9423670667 0.0096698847 0.3583032052
0.9852888391 0.0043987660 0.1742682263
0.0031729933 0.9181127367 0.4078939698
0.7783599971 0.6646644234 0.0093996881
0.5751237649 0.0009946160 0.8279550370
0.8776481449 0.4917660024 0.0021636571
0.2762610610 0.9627739118 0.0004002823
0.2286878001 0.9751721885 0.0004002833
0.2287255529 0.9753331744 0.0003973480
0.2276169274 0.9706057655 0.0985890785
0.8310974955 0.0858052022 0.5586792912
0.5168937623 0.6966198228 0.5051267178
0.8323399963 0.1172443125 0.5465097312
0.1724545687 0.0318831833 0.9880219036
0.2325859688 0.4883567844 0.8423726830
1.0154625174 0.0377216892 0.0275471890
1.0158733375 0.0252581678 0.0275478501
1.0158328593 0.0283766333 0.0275489841
0.9660120498 0.5219477028 0.0004075809
0.5443431031 1.2323859886 0.0001733245
1.2085460766 0.4692786930 0.0000580231
1.0344653064 0.4934153728 0.0000355739
1.0485644415 0.5001388791 0.0000082138
0.9228089443 0.5615784888 0.0000594217
0.9189751437 0.5592454165 0.0000720670
0.2608376104 0.9665640104 0.0684976077
0.4402554835 0.8990753315 0.0227117610
0.4402592816 0.8990830878 0.0223278500
0.9852644998 0.0043990263 0.1742638265
0.9852043757 0.0043987578 0.1746428630
0.9656930989 0.1965745235 0.1746930271
0.8929934209 0.0954284457 0.4435527549
0.8926370890 0.0953903668 0.4442392822
0.7368405829 0.4811909919 0.4779644790
0.0351343079 0.0006886683 1.0011133932
0.0000021847 0.0000196531 1.0103080019
0.0000022265 0.0000200286 1.0102839516
0.0179371053 0.1811618063 0.9849681092
0.3350402100 0.0218503416 0.9446900338
0.4471935115 0.0690465879 0.8989195757
0.7940275967 0.0200138287 0.6217811332
0.2131072568 0.0029839607 0.9788289861
0.2124212403 0.0029743550 0.9792905559
1.1273293224 0.3713035913 0.0002232067
0.5269796455 0.6483691804 0.5586811163
