20.5126015803 0.7095237412 -8.8551950305
0.5453993714 1.0355938378 1.2248271076
41.7197380616 21.7883050657 -33.7311663280
1.7060990967 21.6525804027 -12.1459776461
0.3279225925 7.0857733575 -1.7319570820
0.4250821012 0.3892148199 1.9149032521
37.7736245599 0.2778035557 -19.6610836764
87.7859190480 0.4854104973 -49.1165580310
78.3222790459 37.6735156607 -66.6858080105
73.1262282817 25.1294625825 -53.7951685447
30.3060129467 21.7808555915 -24.7031008182
6.9528678649 28.3089522688 -18.2625895662
0.3035708644 78.3124108907 -44.8634622911
0.9187446071 59.6120910430 -33.7950384488
0.3007799597 19.7827577983 -8.9665799298
0.3082903797 41.0572052145 -22.0752742064
50.2717181282 42.3889693904 -48.8945641708
59.8635754224 50.4774677155 -60.0886497352
58.9975633605 30.3244021401 -49.3958466169
59.8859153112 57.2063364419 -64.8562492478
63.0832595549 2.3375705049 -35.0085488556
6.9017013425 50.3106122200 -31.8316174244
4.9681106557 57.7048374806 -34.6465753961
0.9486460893 0.3603311085 0.6630957424
0.3503315557 13.7189440029 -6.1404373284
14.2850377416 8.3343214119 -11.7923463149
17.8109392068 0.2979239762 -7.5640815076
18.1369454548 50.7238479583 -33.5717375351
13.0791412633 49.1079784300 -33.3018807722
2.5171620350 45.2142982721 -24.2333887284
37.0896544814 53.7664490482 -50.7281006801
76.4133698397 15.0233138803 -50.9459761738
87.0512754753 17.5928319254 -56.9367198531
89.6187082612 12.9277251626 -58.6053956338
91.0369486914 65.0733064985 -88.9614901393
41.0280638806 65.0735742137 -59.3708971338
37.8393012529 63.1701543661 -56.1746347567
41.0402710460 65.0735773280 -59.4242099641
72.3329312910 50.3102748260 -69.6202153342
91.2944732258 50.5939156393 -77.8764699494
91.3046932375 51.2999736859 -79.4038697241
87.7859231532 50.4823630776 -77.5586051968
91.2944732258 50.5931526999 -77.8359775158
91.0142244839 63.0418799625 -88.5393876049
91.0142237389 63.0419276462 -88.5375324210
79.0112880294 60.3045293191 -72.5667131276
90.9714378866 69.0545832984 -87.5360075116
90.9612502495 18.9500381092 -63.1941990022
91.0153530792 18.9492092982 -60.9776711827
90.9581823901 18.9500249878 -63.1091987049
90.9616818403 6.4412688732 -54.6271349144
90.9617054055 6.4412685966 -54.6271940040
69.0966012146 1.2215581280 -38.6098164315
23.7624252244 6.5288034136 -13.6931619240
28.2834020598 0.5225946091 -15.4060758617
29.0418571283 32.4435081787 -32.8562139347
20.9436069552 76.9708221678 -56.2549059992
65.6721502486 7.0120679543 -40.2595048548
69.0371938332 22.3158785921 -51.2639118324
67.6647569947 75.0073917241 -82.2188965119
59.4456640144 84.7723590518 -78.2930044595
52.9762951995 78.3657448009 -74.3214528496
59.2892168440 97.3019479547 -87.4901116105
59.2892168607 97.3019478783 -87.4901109871
59.2272418267 83.9908024243 -75.6153128394
63.0726661890 2.3391843565 -34.3791813306
63.2133254544 2.1380467466 -32.4405026829
56.9491813362 42.3730883083 -53.9933033188
52.5056018604 45.2088403558 -53.5961688161
71.2062961166 45.8638740211 -64.7769948060
22.4443086532 50.4397616160 -39.3507877084
72.3314059401 50.3102753541 -69.5825993569
72.4020881892 50.4296907333 -69.6379729873
51.7071795370 21.6536848247 -38.8932549050
13.0029807978 16.3410856599 -15.4343979175
50.9420126697 0.9754724356 -29.3132637022
45.6747698486 1.0155704276 -25.7490878601
28.9737632994 32.2777582859 -32.7013216345
6.9560226195 28.3090552656 -18.2917699597
59.8874499157 57.2063451675 -64.8676474266
56.9376338583 50.2618628801 -57.9561590848
33.1017162850 58.3985900010 -51.1197064393
1.8123011367 6.4993570864 -1.6718460755
0.5677447187 18.4300180224 -7.0739522713
79.0114002464 60.3107450517 -72.9001184547
28.3261329118 9.5575904482 -19.8777621489
73.7798637786 7.6692887973 -43.6458865846
37.7847525087 0.4842440046 -19.6764578077
78.4653621239 49.7909515343 -69.8464824847
37.7316896478 68.9919738996 -56.2433532230
13.0029807978 66.3410857065 -44.9643320759
0.2225903613 68.9828732510 -34.1752816269
0.2231406500 68.9849494186 -34.3506186760
52.5160655014 45.2132002949 -53.6849473368
73.1101553425 13.7063519945 -46.0791215562
0.5454123130 1.0233997482 1.2307603163
20.9970037456 27.0289025328 -26.3114205273
19.8413777818 28.4777806874 -24.9396414660
37.0948729873 53.7228395222 -48.7464347713
87.0225055519 53.6252417666 -76.6112579381
