0.0633118745 1.0324730375 0.0000269179
0.0000002788 0.0000002818 1.0264323558
0.0000002791 0.0000002813 1.0259395615
0.1648366555 1.0252115233 0.0000270089
0.0125760388 1.0366302689 0.0000269654
0.8224876112 0.5871930326 0.0000226772
0.8224881711 0.5871934324 0.0000226654
0.8226414357 0.5873028370 0.0000225750
0.8226414369 0.5873028343 0.0000225750
0.9187409197 0.4143241463 0.0000225096
0.0000001652 0.2971044818 1.0238943574
0.0000001513 0.2971815814 1.0241586282
0.2060989333 0.7683267112 0.6241724670
0.7360990338 0.4013373405 0.5505822634
0.7536486689 0.6270158723 0.2415082608
0.0025094571 0.3434654582 0.9469969211
0.6039043296 0.6235313168 0.5206399711
0.7701905775 0.4270428990 0.5075734136
0.2068164978 0.5795075991 0.7899766090
0.0659494030 0.1010614639 0.9961708398
0.7233614596 0.6972433459 0.0159194766
0.6551290678 0.7291744542 0.2102903744
0.4552312939 0.1518296139 0.8810100281
0.9324149297 0.3524163107 0.1197489909
0.5045925055 0.2637270130 0.8481555329
0.0402064154 1.0037651033 0.0212180765
0.1310529441 0.9940495507 0.0355968852
0.4008998964 0.8138745126 0.4438885749
0.4682046616 0.8945456343 0.0643929023
0.7503114644 0.6825152163 0.0201083586
0.0075779944 0.7048403707 0.7202147457
0.0839505936 0.6661221377 0.7552295629
0.3904334346 0.2932965962 0.8750715207
0.9225198941 0.3985984187 0.0418051560
1.0148467897 0.0222856090 0.0055553009
0.0763950421 0.2842354804 0.9568676411
0.1130211296 0.0375899400 0.9961407432
0.9700850756 0.2745593529 0.0172519573
0.2468247906 0.3912579141 0.8998358904
0.1087205254 0.1611772965 0.9864002454
0.5408135768 0.3154236303 0.7808530782
0.0114385502 0.4332617320 0.9013820210
0.2627590568 0.9468543298 0.1888007978
0.2506716505 0.0002539632 0.9807052101
0.0121643702 0.8464952874 0.5495247477
0.4617818241 0.4001741543 0.8017420380
0.6842289745 0.3779452124 0.6308539151
0.6788894771 0.3028401099 0.6865702128
0.5473525769 0.2370442067 0.8108867823
0.1321039305 0.1337451047 0.9856795547
1.0098453867 0.0221757803 0.0057216230
0.9072507054 0.0172363285 0.4258398391
0.0197679290 0.1752765362 0.9861803076
0.0397594680 0.0473420154 0.9985641124
0.6788894761 0.3028401094 0.6865702138
0.9968968475 0.0666647644 0.1178506017
0.9179872486 0.0840497782 0.4028833263
0.0000741702 1.0313291547 0.1871401900
0.2472384604 0.8909464629 0.3825525000
0.8473266344 0.0272820088 0.5501267270
0.3089514517 0.0310662828 0.9543181550
0.2952763261 0.0982065870 0.9539094602
0.1130166726 0.0375884577 0.9963040303
0.2782816473 0.5139744443 0.8186657653
0.6037956676 0.3361788072 0.7474158206
0.1012253339 0.0041993246 0.9966425199
0.0768385247 0.6907358119 0.7303960890
0.0025938160 0.8521869143 0.5301061268
0.2424021419 0.2652652782 0.9364815442
1.2670686407 0.1574400888 0.0000925232
1.2630344297 0.1569388164 0.0000941352
0.9075151631 0.4915195437 0.0001221399
0.7730654805 0.6295558336 0.1328173608
0.7949559485 0.6597608952 0.0017069751
0.4943117402 0.4490350852 0.7577601015
0.7272030239 0.6606272794 0.2050708364
0.0623908900 0.0054867342 0.9983850900
0.3945075242 0.2453973496 0.8894680433
0.3504823256 0.7013280261 0.6468105123
0.7697093195 0.0289381021 0.6612514804
0.6782979323 0.1160428935 0.7299417453
0.6354344355 0.6405817675 0.4316014325
0.0633092705 1.0324812074 0.0000269181
0.1143333006 1.0320642500 0.0000270089
0.7409614011 0.7276508610 0.0000270123
0.0025043191 0.2043943199 0.9801456046
0.0029635045 0.0018881246 1.0045546941
0.9407040720 0.0007491323 0.3598666188
0.0780005518 0.4416097712 0.8977621350
0.0562378322 0.4449051386 0.8977621350
0.0002850799 0.0877122013 1.0034984109
0.5388497032 0.8352418452 0.1508918939
0.6692145299 0.0064809171 0.7567316074
0.6009412827 0.1180568457 0.7927587639
0.5170031553 0.8228123907 0.2378259951
0.6200412270 0.7385803031 0.2665075326
0.9911771432 0.1352977609 0.0015543819
0.2000052800 0.0095401859 0.9809102362
0.3570159687 0.4313148971 0.8287473516
0.6303892367 0.0432715191 0.7873345750
