0.9955729311 0.9798742486 0.4977819179 0.6010734268 0.4997440274 0.5993365549 0.4030094970 0.5000353507 0.3002603206 0.4993891553 0.7001031253 0.5937431078
0.0000080019 0.4741317271 0.5000158953 0.5011294573 0.4960125475 0.6991553378 0.3986749001 0.5000313479 0.6015932640 0.5992354523 0.6997218967 0.3010682457
0.8688701306 0.6404771578 0.5000306400 0.5000481666 0.4999993588 0.6997671050 0.4010175172 0.5000039325 0.5997319041 0.6002803991 0.6997847396 0.3001113546
0.4320377171 0.9977273438 0.5001245276 0.5000024824 0.4998492463 0.6986635911 0.3996520000 0.5000192537 0.6017373843 0.5995902946 0.7004425514 0.3010398655
0.9831826202 0.0228088191 0.5000158814 0.5001246599 0.4997525946 0.6987244391 0.3981902687 0.5011040461 0.6018486662 0.5976290382 0.6990198248 0.3000293619
0.0000905246 0.3293677879 0.5000168546 0.5013737171 0.4999187603 0.6991572638 0.3991326638 0.5000313330 0.6017305931 0.5993518583 0.6998431065 0.3008164757
0.9999598367 0.0546220318 0.5001094504 0.5009775390 0.4999269233 0.6999552219 0.3992194900 0.5000584102 0.5998401042 0.6001790768 0.7003404300 0.3007970446
0.4923450597 0.0943408973 0.5000048061 0.5001912932 0.4999378803 0.6994576265 0.4005742254 0.5001558452 0.6016850598 0.6005737759 0.7001577846 0.2996192782
0.9973898251 0.6618314745 0.5000039362 0.5001238608 0.4997055181 0.6991471692 0.4001419306 0.5002907407 0.6018372044 0.6003655629 0.6992153998 0.3020134664
0.9310430930 0.9992893077 0.4957095929 0.5996028610 0.4998689550 0.5991528533 0.4001407851 0.5000316999 0.3002603802 0.4993842687 0.6996378514 0.5937469803
0.8804367109 0.9996861191 0.4998768861 0.6000078587 0.4999193517 0.6003952311 0.3998693148 0.5001247083 0.3005632631 0.4999291147 0.6985815612 0.5936272290
0.7190782583 0.9922753237 0.5002709744 0.5009865859 0.4999522637 0.6982171076 0.3997748721 0.5004008212 0.6016266957 0.6004451761 0.6988290713 0.2998576959
0.4727221536 0.7411003734 0.5002292800 0.5000926522 0.4999565608 0.7009767589 0.4004160263 0.5005379249 0.6001546789 0.5998974327 0.6999525956 0.3004239651
0.0003074408 0.0133354301 0.5000016089 0.5001543541 0.4998806505 0.6991479543 0.3986667640 0.5001000124 0.6015667409 0.5985576693 0.6994305492 0.2969185629
0.4033515140 0.0679737060 0.5000067600 0.5002061944 0.4999388349 0.6996750009 0.4005127730 0.5001544147 0.6016889341 0.5999023911 0.7000970474 0.2997405131
0.2817139200 0.1303605429 0.5006412375 0.5000487319 0.4999907720 0.6998280806 0.3991598267 0.5001681880 0.5998191457 0.5990585076 0.6997637737 0.3001108778
0.8677191919 0.0057775201 0.5002912995 0.5000549252 0.4999845182 0.7023709619 0.4010048307 0.5000020401 0.6020854307 0.5998265078 0.6999609645 0.3004154333
0.3570274025 0.0012321640 0.5001233383 0.5000320752 0.4999903892 0.6992033447 0.4005249370 0.5000133929 0.6016887283 0.5996053597 0.6998185634 0.3001304793
0.4816047191 0.0085620126 0.5010006013 0.5000917432 0.4998451988 0.6990655099 0.4001789572 0.5003090850 0.6017582534 0.6003335571 0.6998077712 0.2998009522
0.9543698066 0.1186553967 0.5003742133 0.5000992143 0.4999939897 0.6987146406 0.3988629304 0.5000685523 0.6017001659 0.6000115076 0.6997316281 0.2999876517
0.9986626701 0.2521607226 0.5000370932 0.5002022418 0.4999951725 0.6999271146 0.3981625739 0.5000006626 0.5015335311 0.6009874797 0.6989734170 0.6994567678
0.9843346318 0.0498537496 0.5001166048 0.5003139027 0.4999269205 0.6999571069 0.3992194900 0.5000507715 0.5998398658 0.6001809841 0.7010728518 0.3007895344
0.9951390400 0.0040287124 0.3007886571 0.5000360017 0.4960633176 0.6015682627 0.4001974244 0.5000060606 0.2968593233 0.4998395029 0.2031564947 0.7000936304
0.1472768422 0.4508246448 0.5002482277 0.5001479420 0.4994604536 0.7007323100 0.3983227661 0.5005363715 0.5004969365 0.6007462662 0.6986941879 0.7004110689
0.0013145208 0.4228143919 0.5000015642 0.5001562615 0.4998816629 0.6991784709 0.4008049317 0.5000694380 0.6015628666 0.6000214998 0.6997967639 0.3008209833
0.2486976024 0.4508360703 0.5000459445 0.5004072296 0.4997197376 0.7021976315 0.3983532837 0.5005444461 0.5002680509 0.6005020939 0.6986940091 0.7003576110
0.2124739478 0.1200582368 0.5000783778 0.5000165780 0.4988543144 0.6991420050 0.4006381923 0.5000047297 0.6015645802 0.5999400398 0.7002208658 0.2998582817
0.2183904883 0.0086287810 0.5009853351 0.5000926978 0.4999672691 0.6990655397 0.4002399923 0.5003096811 0.6017542003 0.6003335478 0.6998072944 0.2998009522
0.0102717429 0.8352022179 0.5000633248 0.5000662808 0.4999994221 0.6999645528 0.4000330506 0.5001305048 0.5991869817 0.5997957341 0.6999129510 0.2995235560
0.8378642712 0.6404769194 0.5000306400 0.5000481647 0.4999993588 0.6997671050 0.4010175172 0.5000048862 0.5997319041 0.6002803991 0.6997847396 0.3001113546
0.9310430930 0.9992890693 0.4957095929 0.5996028610 0.4999910253 0.5991528533 0.4001407851 0.5000316999 0.3002603802 0.4993842687 0.6996378514 0.5937469803
0.9310736106 0.9992890693 0.4957095929 0.5996028610 0.4999910253 0.5991528533 0.4001407851 0.5000355146 0.3002603802 0.4993842687 0.6996378514 0.5937469803
0.8998236106 0.9992893673 0.4959537261 0.5996028610 0.4999910253 0.5992749237 0.4000492919 0.5000355146 0.3002603802 0.4993842687 0.6996149595 0.5937164627
0.9877604311 0.9798742486 0.4977819179 0.6010734268 0.4997440274 0.5993365549 0.4030094970 0.5000353497 0.3002603206 0.4993891553 0.7001031253 0.5937431078
0.8552759363 0.9943141332 0.5005502659 0.5002179625 0.4990129429 0.6996154112 0.4003923986 0.5000856291 0.6020284003 0.5998527106 0.6999838182 0.3006111256
0.9960532552 0.5186037501 0.5001167241 0.5003139027 0.4999351311 0.6999647438 0.3992190132 0.5000584009 0.5997163277 0.6001657253 0.7001003425 0.3010336154
0.9219924695 0.0176181449 0.5000507808 0.5009770249 0.4999586525 0.6998746811 0.3996757673 0.5000625630 0.6017125562 0.6001136327 0.6998890365 0.3007866110
0.0000862032 0.1383353706 0.5000168527 0.5001528948 0.4999111672 0.6991477084 0.3986672409 0.5000389772 0.6015666403 0.5994167101 0.6958156467 0.3010680073
0.9316049655 0.0010166448 0.5000615106 0.5002990770 0.4970621769 0.6995654644 0.3998992773 0.5000177841 0.5993384305 0.5999700256 0.6997031967 0.2990479314
0.2487128612 0.4508360703 0.5000306857 0.5004072296 0.4997197376 0.7021976306 0.3983532837 0.5005444461 0.5002680509 0.6005020939 0.6986940091 0.7003576110
0.1472768422 0.4820746449 0.5002487046 0.5001479420 0.4994604536 0.7007323100 0.3983227661 0.5005361331 0.5004969365 0.6007462662 0.6986941879 0.7003805513
0.1472768422 0.4742621449 0.5002487046 0.5001479420 0.4994604238 0.7007313563 0.3983227661 0.5005361331 0.5004969365 0.6007462662 0.6986941879 0.7003805513
0.1472730275 0.4742621449 0.5002448899 0.5001479420 0.4994604238 0.7007313563 0.3983227661 0.5005361331 0.5004969365 0.6007462662 0.6986932342 0.7003805513
0.1472730275 0.4430121448 0.5002448899 0.5001479420 0.4994604238 0.7007313563 0.3983227661 0.5005361331 0.5004969365 0.6007462662 0.6986931746 0.7003805513
0.1472730275 0.4391058948 0.5002448899 0.5001479420 0.4994604238 0.7007313563 0.3983227661 0.5005361331 0.5005580015 0.6007462662 0.6986931746 0.7003805513
0.6211806663 0.7234139468 0.5006159623 0.5000656578 0.4999757842 0.6994625737 0.4000078220 0.5010176343 0.6003881084 0.6006553039 0.7000758440 0.2996083370
0.6212837776 0.6612801539 0.5000028708 0.5002924106 0.4998967140 0.6999510366 0.4009968633 0.5000025057 0.5998527721 0.5995062521 0.7001442711 0.3001099995
0.6459210596 0.6177908654 0.5001272694 0.5001646313 0.4999539736 0.6991560214 0.4006686568 0.5006130203 0.6015636070 0.5998932678 0.6992104200 0.2993127855
0.3477221535 0.7401314552 0.5001987549 0.5000926522 0.4999565608 0.7009767589 0.4004160244 0.5005378961 0.6001470495 0.5998955235 0.6999601952 0.3004239651
0.8710116044 0.7674307597 0.5002781912 0.5000215382 0.4999994100 0.6998207445 0.4010165188 0.5009823968 0.5999795800 0.5990600238 0.6999713263 0.2999208768
0.9960835343 0.7686037503 0.5001167241 0.5003139027 0.4999351311 0.6999652206 0.3992171058 0.5000582817 0.6002044898 0.6001733547 0.7001022200 0.3010336154
0.9361626701 0.2521607226 0.5009811115 0.5002023610 0.4999951725 0.6998965970 0.3981625739 0.5000006626 0.5015335311 0.6009569621 0.6989734170 0.6994567678
0.3649810658 0.0761129903 0.5000005583 0.5000220579 0.4994036541 0.6982254365 0.3998470776 0.5000620899 0.6015930964 0.6001758693 0.6992134887 0.3002954491
0.8906976300 0.0072676549 0.5000788323 0.5002138033 0.4998196070 0.6991572638 0.3998875566 0.5000336911 0.6015790781 0.5995979063 0.6999310848 0.3010601264
0.4298445829 0.0640674597 0.5000066985 0.5001908164 0.4999378785 0.6994308603 0.4005737485 0.5001539378 0.6016850598 0.6000854947 0.7001577846 0.2997405141
0.7190792120 0.9922753237 0.5002709669 0.5009865859 0.4999522637 0.6982171076 0.3997748721 0.5004008212 0.6016266957 0.6004451761 0.6988290713 0.2998576959
0.9543698066 0.6186553972 0.5003742133 0.5000992143 0.4999939897 0.6987146416 0.3988629304 0.5000685523 0.6017001659 0.6009575507 0.6997926633 0.3002317923
0.7746823065 0.6186553935 0.5003742133 0.5000686967 0.4999939897 0.6987070122 0.3988629006 0.5000685523 0.6017001659 0.6009575507 0.6997964780 0.3002928275
0.7751705877 0.7436553936 0.5003746753 0.5000686967 0.4999977970 0.6991952934 0.3988629304 0.5000685486 0.6017001063 0.6009575432 0.6997955224 0.3002899664
0.7751705877 0.2436553931 0.5003741984 0.5000686948 0.4999977970 0.6991952934 0.3988629285 0.5000685486 0.6017001063 0.6009575432 0.6997955150 0.3002899664
0.7751705877 0.7280303936 0.5003741984 0.5000686948 0.4999977374 0.6991952934 0.3988629285 0.5000685486 0.6017000765 0.6009575432 0.6997955150 0.3002899664
0.2496404883 0.0086287810 0.5009853351 0.5000926978 0.4999672691 0.6990655397 0.4002399923 0.5003096811 0.6017542003 0.6003335478 0.6998072944 0.2998009522
0.4816047191 0.0007495126 0.5010006013 0.5000917395 0.4998454372 0.6990655099 0.4001789572 0.5003090850 0.6017582534 0.6003335571 0.6998077712 0.2998009522
0.4816049575 0.0008715829 0.5002681795 0.5000917395 0.4998449604 0.6990655136 0.3992023947 0.5003090850 0.6017582534 0.6003335590 0.6998077712 0.2998009522
0.4978185561 0.5222217269 0.5001337281 0.5002366644 0.4999850341 0.6992185979 0.4002186036 0.5000798521 0.6016864792 0.6006427944 0.6991616606 0.2998587920
0.4923441061 0.0943408973 0.5000048061 0.5001912932 0.4999378803 0.6994576265 0.4005742254 0.5001558452 0.6016850598 0.6005737759 0.7001577846 0.2996192782
0.3994452640 0.5679737065 0.5000067647 0.5000841240 0.4999388200 0.6996750009 0.4005127730 0.5001544147 0.6016889341 0.5998861786 0.7000970484 0.2997405131
0.8474624826 0.9943141332 0.5004892307 0.5002179625 0.4990129429 0.6996154112 0.4003923986 0.5000894438 0.6020284003 0.5998527106 0.6999838182 0.3006111256
0.2523644718 0.9230433152 0.5000031232 0.5000041923 0.4994995915 0.7000451085 0.4001593379 0.5000762497 0.6017366299 0.6003529388 0.7002454267 0.3016546120
0.2679894718 0.9230433152 0.5000031157 0.5000041923 0.4992554509 0.7000449893 0.4001593379 0.5000762497 0.6017366299 0.6003524620 0.7002454267 0.3016546120
0.3326122838 0.9524691728 0.5002110158 0.5000928915 0.4999880320 0.6999532196 0.4004017724 0.5006504296 0.6001318950 0.6008665279 0.7000842026 0.3000271295
0.0013145208 0.4306268920 0.5000015940 0.5001562615 0.4998816629 0.6991784709 0.4008049317 0.5000694380 0.6015628666 0.6000214998 0.6997967639 0.3008209833
0.0000900477 0.4426313950 0.5000168397 0.5001527756 0.4999721651 0.6991572619 0.3993768044 0.5000322568 0.6017303584 0.5995807402 0.6998431065 0.3008159989
0.0003074408 0.0133353705 0.5000016089 0.5001543541 0.4998806505 0.6991479543 0.3986667640 0.5001000124 0.6015667409 0.5985576693 0.6994305492 0.2969185629
0.0003074557 0.0132133002 0.5000016089 0.5001543541 0.4998806505 0.6991479543 0.3986667640 0.5001000124 0.6015667409 0.5985581461 0.6994305492 0.2969176092
0.0000842959 0.1383353706 0.5000168527 0.5001528948 0.4999111672 0.6989111972 0.3986672409 0.5000389772 0.6015666403 0.5994167101 0.6958156467 0.3010680073
0.0000080019 0.4820701121 0.5000158953 0.5011294573 0.4960125475 0.6991553378 0.3986747809 0.5000313479 0.6015932640 0.5992354523 0.6997218967 0.3010682457
0.0000080019 0.4702254771 0.5000158953 0.5011294573 0.4960125475 0.6991553378 0.3986748982 0.5000313479 0.6015932640 0.5992354523 0.6997218967 0.3010682457
0.0000080019 0.4687873362 0.5000158953 0.5011294573 0.4960125475 0.6991553378 0.3986748982 0.5000466066 0.6015932640 0.5992355119 0.6998440006 0.3010606163
0.0000118166 0.4687873362 0.5000158953 0.5011294573 0.4960125177 0.6991553378 0.3986443806 0.5000313479 0.6015932640 0.5992355101 0.6998440006 0.3008164757
0.0000900477 0.3137265773 0.5000168546 0.5013737171 0.4999187603 0.6991572638 0.3991326638 0.5000313330 0.6017305968 0.5995959990 0.6998431065 0.3008317345
0.0000900477 0.3176328273 0.5000168546 0.5013734787 0.4999721660 0.6991573234 0.3991326638 0.5000313330 0.6017305968 0.5995959990 0.6998431065 0.3008317345
0.0000728816 0.4426313950 0.5000168397 0.5001527905 0.4999721651 0.6991572619 0.3993768640 0.5000322568 0.6017007945 0.5995807402 0.6998736241 0.3010601395
0.0156978816 0.4426313950 0.5000168397 0.5001527905 0.4999721651 0.6991572619 0.3993768640 0.5000322568 0.6017007945 0.5995807402 0.6998736241 0.3010601395
0.0156978816 0.4758345200 0.5000168397 0.5001527774 0.4999416475 0.6991572619 0.4003534265 0.5000318098 0.6017007945 0.5995807402 0.6999341824 0.3010601320
0.5074315094 0.4433309012 0.5001550061 0.5000246908 0.4996762336 0.6992033587 0.3997978767 0.5000185086 0.6006578650 0.5993439179 0.6999414030 0.3005281541
0.6325230623 0.4433004432 0.5001247269 0.5001391317 0.4996762336 0.6992033587 0.3997978693 0.5000185086 0.6006578352 0.5993439179 0.6999414030 0.3005281541
0.7656976299 0.0072676549 0.5000788323 0.5002138033 0.4998196070 0.6991572638 0.3998875566 0.5000336836 0.6015790781 0.5995979063 0.6999308464 0.3010601264
0.4320377171 0.9821023438 0.5001316802 0.5000024824 0.4998492463 0.6986635893 0.3995909648 0.5000192537 0.6017373843 0.5995902946 0.7004425514 0.3010398655
0.9960837727 0.7686037503 0.5001167241 0.5003139027 0.4999351311 0.6999652206 0.3992171058 0.5000584009 0.6002044898 0.6001733547 0.7001022200 0.3010336154
0.9804282551 0.5186037501 0.5001167241 0.5003139027 0.4999351311 0.6999647438 0.3992190132 0.5000507715 0.5997163575 0.6001657253 0.7001003425 0.3007894748
0.9999598293 0.0546220318 0.5001094504 0.5009775390 0.4999269233 0.6999552219 0.3992233047 0.5000584102 0.5998401042 0.6001790768 0.7003404300 0.3007970446
0.9999598293 0.1796830671 0.5001094504 0.5009775390 0.4999269233 0.7000772326 0.3992233047 0.5000584102 0.5998400893 0.6001789873 0.7003404300 0.3007970446
0.4727221536 0.7391472633 0.5001987549 0.5000926522 0.4999565608 0.7009767589 0.4004160244 0.5005379249 0.6001546789 0.5998974178 0.6999602250 0.3004239651
0.3477223919 0.9901314555 0.5001987531 0.5000926522 0.4999565906 0.7009767589 0.4004160244 0.5005340814 0.6001470495 0.5998650059 0.6999525658 0.3004239651
0.3633473919 0.9901276408 0.5001987531 0.5000926522 0.4999565906 0.7009767589 0.4004160244 0.5005340814 0.6001470495 0.5998649910 0.6999525658 0.3004237267
0.0141779967 0.8352022179 0.5000633248 0.5000662808 0.4999994221 0.6999645528 0.4000330506 0.5001305048 0.5991869817 0.5997957341 0.6999129510 0.2995235560
0.0766775199 0.8352022179 0.5000633248 0.5000662883 0.4999994221 0.6999645528 0.4000330506 0.5001305048 0.5991869817 0.5997957341 0.6999129510 0.2995226023
0.9003549655 0.0010166448 0.5000615106 0.5002990770 0.4970621769 0.6995654644 0.3998992773 0.5000177841 0.5993384305 0.5999700256 0.6997031967 0.2990479314
0.5386204743 0.4433309012 0.5001550061 0.5000246908 0.4996757568 0.6992186175 0.3997978767 0.5000185086 0.6006578576 0.5993439179 0.6999414030 0.3005281392
