0.9686938133 0.9999448359 0.5176016777 0.4999517868 0.4764990485 0.4364949907 0.4997528554 0.4974808390 0.5260621612 0.4951851093 0.5391389537 0.5024435683
0.0000379272 0.5416949024 0.5705908887 0.5312516108 0.4994855006 0.4993510148 0.4985885988 0.4986969843 0.4354227329 0.5041675824 0.4951069006 0.5024830638
0.9998944215 0.0009762729 0.7572650237 0.5119568412 0.4999930984 0.2419240943 0.5256222836 0.4999070656 0.6251398685 0.4921271182 0.4996516048 0.4989926242
0.9998944215 0.0009761574 0.7572650237 0.5119568412 0.4999930984 0.2419240943 0.5256222836 0.4999070656 0.6251398685 0.4921271182 0.4996516048 0.4989926242
0.9998945408 0.0009151222 0.7572650237 0.5119568412 0.4999930984 0.2409475318 0.5881222837 0.4999070656 0.6251398685 0.4921271182 0.4996516048 0.4989926242
0.3948728967 0.4148191553 0.4994692164 0.5195529000 0.4921838469 0.4959456953 0.4940180103 0.4978567031 0.5007404876 0.4757696357 0.5206762911 0.5630095774
0.0146579873 0.4823918822 0.5163979991 0.5000971560 0.4277264582 0.4872350055 0.5093262973 0.4960719286 0.5058976184 0.4970473382 0.4989593406 0.5021737772
0.3144288019 0.3806434100 0.5354424729 0.4353891420 0.4370040357 0.4899268090 0.5316281836 0.4675737838 0.5234379075 0.5020840853 0.4979393776 0.5003753672
0.4769329591 0.8606458389 0.5786321709 0.4965641177 0.5757371835 0.4977879352 0.5063749044 0.4999184725 0.5266302466 0.5635380201 0.4974131430 0.5080088447
0.4993665670 0.4923432167 0.5006925804 0.4686968787 0.4975999291 0.5198046318 0.4999237661 0.4891039696 0.4999003340 0.4886646583 0.4765515267 0.5156454011
0.9993742565 0.3691743308 0.5046273214 0.4680875693 0.4971116460 0.5202938705 0.4998989706 0.4812743035 0.4998850008 0.4903736417 0.4724014564 0.5156520768
0.5763085574 0.0718387468 0.5007507582 0.4919702853 0.4804648231 0.4833853668 0.4364593089 0.4674202571 0.5088170650 0.4991852879 0.5079773176 0.5098410514
0.9998944215 0.0009151222 0.7572650237 0.5119568412 0.4999930984 0.2409475318 0.5881222837 0.4999070656 0.6251398685 0.4921271182 0.4996516048 0.4989926242
0.6288474031 0.3597854817 0.4608743260 0.4972185227 0.4667048533 0.5017108941 0.5011643623 0.4938108041 0.4997200812 0.5704757046 0.4931628671 0.5078906515
0.7615946250 0.9851328637 0.5098629692 0.4866253058 0.5238302569 0.5625024974 0.5010392950 0.4605234037 0.5021625613 0.5312895277 0.4927929300 0.4902109918
0.0097999433 0.5065632728 0.5068494021 0.5626947680 0.4957146752 0.5004933742 0.5065053790 0.4826042638 0.5157204257 0.5041630673 0.5002682800 0.5003073676
0.3310930695 0.9817325473 0.5020829313 0.5081909276 0.4958672696 0.4214449370 0.5629471248 0.4988532984 0.4999428685 0.4502929444 0.4949318678 0.5119144716
0.2979519696 0.8416456225 0.5120973704 0.5096487221 0.4985312051 0.4990229164 0.4994867747 0.4999570693 0.4947689702 0.4978540619 0.4991262737 0.5391629222
0.4833319564 0.0585598127 0.5002852785 0.4661390171 0.4892457384 0.4371449383 0.5010057404 0.4901987887 0.5029840902 0.5001892890 0.4530631755 0.5122332429
0.5112699685 0.0493607922 0.5024627955 0.4902265160 0.4999859282 0.4973978265 0.5313690356 0.4683776130 0.5362575990 0.5023816661 0.4968985883 0.5074321688
0.4775223783 0.4101861533 0.4948105956 0.5071144509 0.4906407078 0.5029835715 0.5633571265 0.4979348700 0.4806556436 0.4915428660 0.4944510455 0.5118768220
0.4289782573 0.2568266953 0.5000069714 0.4950545602 0.4980326644 0.4997423762 0.5098994183 0.4447774286 0.5334983426 0.5025687641 0.4293352546 0.5032960069
0.0343025234 0.2428891195 0.4452510005 0.5500242557 0.4999487191 0.4599358723 0.5157690938 0.4916047216 0.4895682582 0.4894959344 0.4667338724 0.5078308634
0.7464956425 0.4783030092 0.5598344454 0.4684803388 0.4801596091 0.5045601619 0.4996818104 0.4765536231 0.4978409107 0.4988803775 0.4989501839 0.5339688217
0.4633105998 0.6179028187 0.4981455463 0.5000387966 0.4367269682 0.4992189123 0.3437236392 0.4955370738 0.5949884007 0.4915357963 0.4803704615 0.4999797852
0.2031436741 0.1143517262 0.4994946267 0.5042216512 0.4996028342 0.5000465265 0.5176015259 0.4257724177 0.4992640861 0.4843222932 0.4975013616 0.5117235198
0.5531105339 0.1067571650 0.5313802162 0.5019750153 0.4960921635 0.4997371710 0.5011691297 0.4995365632 0.5040626195 0.5180664719 0.4997018906 0.5041628792
0.0197225046 0.2997595987 0.5005317586 0.4682291890 0.5181582733 0.5079823895 0.5003538602 0.4569073706 0.5068773781 0.5322625698 0.4994184780 0.4996659034
0.1394232457 0.0735078231 0.5625852454 0.4990828023 0.4871740597 0.4997670422 0.5265064664 0.4902036148 0.5031969170 0.5000050473 0.4833251214 0.5141638708
0.9101143907 0.0961136027 0.4608743251 0.4970963928 0.4686580305 0.5017108941 0.5036017080 0.4957334115 0.4996895636 0.5079757008 0.4931020667 0.5000171163
0.6352195140 0.0832666057 0.5120243379 0.4995097839 0.4759272556 0.4985645213 0.5053749806 0.4871506835 0.4955962631 0.5220670966 0.4763444294 0.5013516401
0.4377630515 0.3695586411 0.4959704806 0.5264751031 0.4842671552 0.4994458458 0.4958153195 0.4821893121 0.5176358451 0.4666499612 0.5169038498 0.5362109146
0.2863988898 0.1067811336 0.5010921475 0.4973415886 0.4782821028 0.5480053914 0.4706730260 0.4726325799 0.4920555386 0.4989998671 0.4990814547 0.5158452722
0.6326569939 0.4910583119 0.4789803880 0.4598767063 0.4978246647 0.5007690680 0.5010576290 0.4989580815 0.4975564000 0.5089333155 0.4957001065 0.5683766823
0.5701569939 0.4578550676 0.4789346116 0.4598919642 0.4978246647 0.5007776511 0.5010271412 0.4989618962 0.4975564000 0.5089333304 0.4958832120 0.5058767120
0.4886555490 0.9979698546 0.5322458088 0.4995047268 0.4828623398 0.4992558048 0.5391890263 0.4683058704 0.5118182697 0.5117971120 0.4984763241 0.5000040741
0.5073101972 0.3589020319 0.5156764784 0.4345471528 0.4938729308 0.4993475596 0.5005207337 0.4973216611 0.4908001046 0.5434619883 0.4999547587 0.4525713357
0.5506232870 0.3872140147 0.4440609249 0.5627756823 0.4910774180 0.4912145487 0.5321267848 0.4841719516 0.4919204316 0.4997672657 0.4966367544 0.5276004034
0.4769291444 0.3607068885 0.5786321709 0.4964420474 0.5127489097 0.4977878160 0.5063596456 0.4999184725 0.5266302466 0.5625614576 0.4974131430 0.5080088447
0.4755199482 0.0585598127 0.5041915285 0.4660779820 0.4892457384 0.4371449383 0.5166307404 0.4901987887 0.5029840902 0.5001892890 0.4530631792 0.5122332429
0.3246328675 0.2809345464 0.5003396650 0.5558363409 0.4817551072 0.4988932977 0.5196635504 0.4882792956 0.5000997414 0.4959637714 0.4994794722 0.5083346623
0.1520569540 0.4228972648 0.5069663911 0.5118002934 0.4685002840 0.4943456151 0.5004425165 0.4686479321 0.5000052485 0.4363558678 0.4657860812 0.4909362406
0.3976965643 0.4665595921 0.4831348392 0.4983652555 0.4681069809 0.4672193103 0.5044041271 0.4792733569 0.5082261772 0.4995012819 0.4680644138 0.5004287218
0.3280454691 0.2389490057 0.5000516712 0.5352160172 0.4842285788 0.4852209682 0.5011391710 0.4960916159 0.5010779076 0.4958970142 0.4754096768 0.5082710157
0.0097999433 0.0065632723 0.5068494021 0.5626947680 0.4957146752 0.5004933742 0.5065053790 0.4826042638 0.5157204257 0.5041630673 0.5002682800 0.5003073676
0.1872127440 0.5596362963 0.5084462562 0.5000255783 0.4646589984 0.4994894429 0.5015870980 0.4918747139 0.5000108569 0.5183144403 0.4991190168 0.5041594817
0.2363513934 0.2996539718 0.5007698652 0.4686794174 0.5015089107 0.5012683743 0.5058716401 0.4679523208 0.5113378181 0.5009118444 0.4993559304 0.4821161232
0.3981847860 0.3415728280 0.4361989269 0.4983804547 0.4678628402 0.4672193140 0.5043964977 0.4792733569 0.5433824244 0.4995015203 0.4680739506 0.5003676866
0.5245869463 0.0000660773 0.4470134745 0.4993189708 0.4213694263 0.4495799164 0.5637627836 0.4482093467 0.6254236890 0.4871197226 0.4999744841 0.9415302891
0.5630377387 0.0041373558 0.4999657241 0.5166045460 0.4999608793 0.4916329360 0.4960605917 0.4946347545 0.5805783436 0.4354910696 0.5322767222 0.5039264741
0.6591900249 0.0572188469 0.5572630126 0.5703737788 0.4842639533 0.4562874301 0.5237548691 0.4997079042 0.4994330672 0.4817259158 0.4926128290 0.5460293103
0.5661343490 0.0009815712 0.4782324792 0.4951676247 0.4218718562 0.3741099447 0.5791369654 0.4638363807 0.5023125005 0.3381915645 0.4286808357 0.5626243209
0.0050710626 0.0313363485 0.4941231231 0.7732666459 0.4833546658 0.4989066268 0.5011175568 0.4916570014 0.4941825620 0.4965721439 0.4998766347 0.5102547831
0.0006231517 0.8347127119 0.4998156200 0.4294639373 0.4843279072 0.4957555900 0.5000072704 0.4975511772 0.4957102737 0.4990057028 0.4742428190 0.5430006343
0.0482300260 0.0000327323 0.3511954018 0.5628063824 0.4910773798 0.4914672724 0.5398761300 0.4987021633 0.4921331187 0.4803561750 0.4968808000 0.5080750822
0.5679582270 0.6399126916 0.4680143627 0.5048828810 0.4754351782 0.4902358479 0.5399207478 0.4841706413 0.4901807210 0.4841422657 0.4908566321 0.5236932575
0.4680834613 0.9843198210 0.5176016768 0.4999517850 0.4762548930 0.4364492711 0.4997528554 0.4975418742 0.5261307066 0.4990904056 0.5000840831 0.5336935683
0.5032409192 0.1636576933 0.4686314859 0.5014951159 0.4913795604 0.4723832528 0.5011713090 0.4755725465 0.4714268376 0.4530236288 0.4919468244 0.5178684485
0.5260921638 0.0089310482 0.5002728836 0.5082760020 0.4988360587 0.4980372093 0.5004949314 0.4916185043 0.4977329480 0.4832399092 0.5627333304 0.5165873659
0.0005552303 0.0349287559 0.5190448421 0.5003646719 0.4996602065 0.4876319575 0.4939486957 0.4373696069 0.4569829576 0.4998469870 0.5007867045 0.5079670069
0.3692329259 0.5757226111 0.5473793983 0.4979645130 0.4994331547 0.5005151150 0.4987287098 0.4920915659 0.4823959912 0.4904135424 0.5354318680 0.5101148044
0.4950780193 0.2924126743 0.5628552582 0.4366220547 0.4991311426 0.5080809356 0.4270438714 0.4997245665 0.4364664791 0.4831380774 0.4674645639 0.5012704791
0.9915618775 0.4980787034 0.5046273214 0.4680875693 0.4993089135 0.5202938705 0.4998989725 0.4812743035 0.4998850008 0.4903737609 0.4880264564 0.5156520768
0.9993666271 0.3691743308 0.5045968038 0.4686396573 0.4971121247 0.5202929094 0.4999256735 0.4812895623 0.4999003191 0.4906177823 0.4726457163 0.5156454011
0.9993666271 0.3672212058 0.5006924612 0.4686396573 0.4971273835 0.5198046281 0.4999237661 0.4812914696 0.4999003191 0.4886646573 0.4765514894 0.5156454011
0.4993665670 0.3672212058 0.5006924612 0.4686396573 0.4976156647 0.5198046318 0.4999237661 0.4969164696 0.4999003191 0.4886646573 0.4765514969 0.5156454011
0.4847492990 0.9979698546 0.5327340751 0.4994894681 0.4828623398 0.4992558048 0.5391890263 0.4683058704 0.5118182697 0.5117971120 0.4984763241 0.5000040741
0.1610341921 0.0514007370 0.5014649476 0.4943782785 0.4951014216 0.5001431252 0.4997536833 0.4833335294 0.4950428535 0.4677600083 0.4977454315 0.5007992066
0.1265995969 0.6539708196 0.5023392360 0.4992733081 0.4039589739 0.5075738761 0.4915554332 0.4911911008 0.4999215999 0.4812606717 0.4997042385 0.5054103532
0.4505100701 0.5749110678 0.5162210786 0.4447869718 0.4856352401 0.4996861112 0.5041084443 0.4960066271 0.5371706873 0.4979417887 0.4974851361 0.5067865453
0.1958497858 0.5191412331 0.5002083653 0.4667927571 0.5024879775 0.4817912238 0.4681964232 0.4946575812 0.5156947072 0.4920283672 0.4676479078 0.5628486244
0.9934618324 0.0019726567 0.5083707734 0.4833329017 0.5939152423 0.4686420704 0.4367625717 0.4296559239 0.5097814924 0.4979131496 0.4901382760 0.5039413241
0.7434618322 0.0019726567 0.5083707734 0.4833333785 0.5939152423 0.4686420704 0.4367625717 0.4296559239 0.5097814924 0.4979131496 0.4901382760 0.5039413241
0.4374434570 0.9685708871 0.5097738816 0.4838382373 0.4862646744 0.4989643195 0.4645963073 0.4672530540 0.5260622357 0.4840843393 0.5079510096 0.5026925369
0.2186928589 0.9998230040 0.5254141777 0.4838384460 0.4882177994 0.4970418657 0.4997527967 0.4975418742 0.5260622208 0.4951927387 0.5078899222 0.5024445220
0.0007054573 0.7075723081 0.5163610508 0.5122425617 0.4986506770 0.3906175582 0.5166211496 0.4989748546 0.5097735352 0.4831963866 0.4948351788 0.5322199487
0.3246180847 0.3043420066 0.5003396799 0.5558382483 0.4817551072 0.4988932977 0.5040385504 0.4882792360 0.5000997414 0.4959637714 0.4989911909 0.5083346623
0.3260828073 0.3658644607 0.5159646799 0.5400988111 0.4817570145 0.4988895426 0.5040394380 0.4873026726 0.5000992683 0.4949833942 0.4988619662 0.5085769142
0.1138581365 0.5648543747 0.5109394477 0.4840382351 0.4974757363 0.4369840570 0.5315528452 0.4996665097 0.5041676643 0.5003399267 0.4821030558 0.5112915984
0.4059227793 0.8714408082 0.5626681750 0.4901100979 0.4959386545 0.5039928979 0.5782733695 0.4185591875 0.5063164686 0.4825766007 0.4987460342 0.5020318707
0.2090165608 0.6252270067 0.5098972605 0.4716548384 0.4354969425 0.4999894719 0.5160002387 0.4842082071 0.5010175924 0.5043382137 0.4993630922 0.5073379600
0.4442633320 0.0091826096 0.5665086616 0.4973280416 0.4892456788 0.4999501440 0.5010552784 0.4901987868 0.5033197836 0.5000041570 0.4843016756 0.5122102951
0.1317623780 0.0090548173 0.5626024115 0.4970839010 0.4892494935 0.4999501477 0.5011239466 0.4901997396 0.5033198134 0.5000051069 0.4843016830 0.5122102951
0.7672657787 0.5543621588 0.5078285276 0.4998057052 0.4948115111 0.4979239949 0.5000611073 0.4983802964 0.5030554389 0.5061828685 0.4978902810 0.5035058600
0.5112699685 0.0494828625 0.5024475367 0.4902265160 0.4999859282 0.4973825528 0.5313690356 0.4683778514 0.5362575990 0.5023816065 0.4968976346 0.5074321688
0.0001599975 0.5573199024 0.5705908887 0.5322281733 0.4994855006 0.4993510148 0.4985886565 0.4986969843 0.4315164829 0.5041675824 0.4960224279 0.5024830638
0.0000436362 0.9548366703 0.5090955119 0.7502901449 0.5249812478 0.4959510197 0.5245431219 0.4998273733 0.5529834950 0.5012569982 0.4954467104 0.5023923130
0.1077424717 0.9997467995 0.5023368388 0.4986845520 0.5039175651 0.4910845417 0.6253173972 0.4918940342 0.5200365070 0.5000233823 0.4604134387 0.5000016862
0.4018989153 0.6783084941 0.5041841459 0.4999939897 0.4994164989 0.4876014138 0.5003606076 0.4958320227 0.5019896063 0.5076711685 0.4911014880 0.5105244001
0.7211608251 0.0830225861 0.5082477876 0.4995097839 0.4759272556 0.4675586526 0.5211220510 0.4872727538 0.4960845145 0.5215864447 0.4763482441 0.5013440182
0.7710572786 0.7702785859 0.5000919881 0.4374613654 0.4998881728 0.4838817366 0.5030059968 0.4965953664 0.4965737411 0.5030712816 0.4993503760 0.5022202465
0.4665365782 0.0767721264 0.5001325258 0.4876510282 0.4914243021 0.4686266402 0.5707660816 0.4991142624 0.4999338775 0.5240791938 0.4684321559 0.5217147158
0.1330805264 0.7608818596 0.5079156929 0.4671336370 0.5046838229 0.5025898698 0.5113185062 0.4670203537 0.5474944986 0.5541999429 0.4278155746 0.4979663030
0.4627781133 0.0896021985 0.5234733005 0.4450600077 0.5061870501 0.5030178311 0.5478706365 0.4740399089 0.5050707464 0.5039381064 0.4906600579 0.4972374211
0.0805113344 0.9952369565 0.5289956895 0.5031669061 0.4994329265 0.4947820627 0.5083467434 0.4362001265 0.5002874476 0.5024435534 0.5039225142 0.5107547562
0.4385382174 0.4731404562 0.5002563004 0.5011606929 0.4995922004 0.4928192892 0.5131348255 0.4980828431 0.5635433528 0.4880951005 0.4340764717 0.4828370879
0.9998943917 0.0319821360 0.7572650237 0.5118347709 0.4980399883 0.2399548760 0.5255612484 0.4999070666 0.6251474979 0.4921271182 0.4996515973 0.4989926242
0.9998029023 0.8890990856 0.7532967392 0.5039908108 0.4938939339 0.4914502981 0.5092022992 0.4920926294 0.6251465414 0.4994664607 0.4678255184 0.4906310621
0.9998944215 0.0009761537 0.7572650237 0.5119568412 0.4999930984 0.2419240943 0.5256222836 0.4999070656 0.6251398685 0.4921271182 0.4996516048 0.4989926242
0.3127935988 0.4945586449 0.4959704815 0.5264445856 0.4842671552 0.4994458458 0.4958153344 0.4978166963 0.5176358451 0.4666499612 0.5012788498 0.5362109146
