0.5306619448 0.7538958590
0.4758419465 0.8276015698
0.4599700685 0.8612705223
0.9198223767 0.3393801977
0.8521462203 0.3975770574
0.8797841214 0.3700286743
0.9250225677 0.3386038372
0.8928809925 0.3574027263
0.8839829588 0.3651668308
0.9047795179 0.3484020380
0.9034016389 0.3489934096
0.8696430514 0.3822806136
0.9254901977 0.3381335012
0.4880759867 0.8031964099
0.9053470777 0.3477439843
0.9047792406 0.3484023640
0.9047816377 0.3484009816
0.8753109861 0.3762589193
0.8617799657 0.3881803156
0.8503324400 0.3995043992
0.8741808633 0.3777634382
0.8600379865 0.3896911528
0.8534607534 0.3956698409
0.9034017847 0.3489932821
0.9034017528 0.3489933095
0.8973687147 0.3534768601
0.8892140491 0.3646264601
0.8891421485 0.3650465584
0.8891423354 0.3650454622
0.8891483035 0.3650102858
0.8891481333 0.3650103938
0.8891477928 0.3650106098
0.8892169176 0.3620787425
0.8991001549 0.3523701440
0.8973687242 0.3534767997
0.8973661823 0.3534789862
0.9015793539 0.3501107845
0.8811291253 0.3675143532
0.9210664090 0.3393223647
0.9210664128 0.3393223616
0.8990987439 0.3523790583
0.4594237533 0.8820597582
0.4559504683 0.8953419012
0.4563903165 0.8916881198
0.4563890007 0.8916937704
0.4563891171 0.8916937474
0.4565080144 0.8916701813
0.4565506121 0.8914892770
0.4594483947 0.8820136171
0.5267618847 0.7573465079
0.5382088609 0.7484680133
0.5163179549 0.7693472342
0.5250213474 0.7629473241
0.4993031449 0.7962580300
0.4834177473 0.8115416365
0.4599756776 0.8612416664
0.4672840223 0.8401407238
0.4880829978 0.8031937333
0.4880970518 0.8031883924
0.4873484032 0.8042730325
0.5066086241 0.7816630473
0.8760235784 0.3755087417
0.8695315007 0.3828311116
0.8760235718 0.3755087751
0.9015843320 0.3501081781
0.9015793446 0.3501107927
0.9040188020 0.3485386527
0.8991000040 0.3523702802
0.8990999990 0.3523702827
0.9003933312 0.3518155192
0.9003933325 0.3518155186
0.9003933219 0.3518155879
0.8811291221 0.3675143702
0.8839771640 0.3651698135
0.8839772627 0.3651692705
0.8838765800 0.3657273718
0.8838738023 0.3657295126
0.8895335339 0.3619531655
0.8895335288 0.3619531703
0.8895225377 0.3619593532
0.8896183251 0.3613979365
0.8837552448 0.3663280485
0.8896186364 0.3613975756
0.8896125100 0.3614318563
0.8896128338 0.3614315506
0.8895660731 0.3618287778
0.5101402347 0.7753448748
0.5066086110 0.7816630532
0.5066061343 0.7816679168
0.4998332650 0.7885729577
0.4691509391 0.8395839206
0.4691508634 0.8395841714
0.4691531710 0.8395804900
0.4691604716 0.8395783174
0.5231022280 0.7661873082
0.4998882102 0.7885500153
0.7902381696 0.6621916076
0.5167412888 0.7691461759
0.5167412928 0.7691461717
0.5174459896 0.7678663781
