0.6093748628 0.6550381531
0.2060871079 0.9426787089
0.2072464449 0.9403112312
0.2088387148 0.9400132053
0.2141562889 0.9398081473
0.7749125854 0.5708748773
0.1897418144 0.9553980622
0.2137620518 0.9399364684
0.2137620642 0.9399364630
0.2137616591 0.9399366434
0.2136999592 0.9399909778
0.2141129821 0.9398121690
0.2141129242 0.9398122159
0.2141560591 0.9398089512
0.6531634224 0.6179516802
0.6602268933 0.6116798078
0.5887332718 0.6743376717
0.6033545660 0.6606883911
0.6197500052 0.6451226707
0.6167572013 0.6483569222
0.6446095486 0.6220667691
0.5812468222 0.6812252723
0.6077992127 0.6569584419
0.6020744596 0.6619625392
0.5911544345 0.6723203696
0.5812466451 0.6812254433
0.5812465630 0.6812255168
0.5812465835 0.6812254985
0.6181728605 0.6473004331
0.6058279225 0.6587813843
0.6321990193 0.6351742193
0.6329744592 0.6325178980
0.5843500513 0.6792959096
0.5829871125 0.6799836189
0.8162774269 0.5685691237
0.8162749935 0.5685752145
0.8162749556 0.5685753094
0.2086341243 0.9402069666
0.1890044795 0.9565881251
0.1865866790 0.9593968187
0.1857876271 0.9599213961
0.1834142843 0.9702630808
0.1998663864 0.9490306953
0.2003315668 0.9488820297
0.2003314814 0.9488820351
0.1996086909 0.9491921058
0.1865811188 0.9593970953
0.1865812334 0.9593969625
0.1857876241 0.9599214131
0.1897418133 0.9553980639
0.1890044683 0.9565884208
0.5856057173 0.6780272664
0.1890037753 0.9565884578
0.5843500308 0.6792959279
0.7749414958 0.5708128663
0.7504693506 0.5732105076
0.7478733310 0.5791814750
0.6880653159 0.5918424239
0.7085096257 0.5909765678
0.7085635591 0.5859887993
0.6744435825 0.6036262546
0.5952155468 0.6689454777
0.6083744737 0.6568048098
0.6063719346 0.6585004504
0.7085127548 0.5909752891
0.5887279910 0.6743423794
0.5886363112 0.6744120710
0.5887279559 0.6743424123
0.6027133965 0.6613252510
0.7470911631 0.5793469887
0.7478732802 0.5791815696
0.7504710399 0.5732075722
0.7504560471 0.5732343177
0.7488094849 0.5763845609
0.7488095111 0.5763845147
0.7488061604 0.5763904269
0.6531634178 0.6179516853
0.6474281560 0.6187997343
0.6602268122 0.6116799013
0.6626910488 0.6087298829
0.6627733113 0.6086330544
0.6390520368 0.6268022018
0.6362472452 0.6292034007
0.6358551380 0.6296133828
0.6336620180 0.6319225464
0.6349283228 0.6306227590
0.6445903970 0.6220875860
0.6425833532 0.6242139077
0.6425471638 0.6242528085
0.6790931321 0.6009350041
0.6749922557 0.6009458309
0.6790931157 0.6009350263
0.6790920292 0.6009363983
0.7085640521 0.5859880870
0.6961030434 0.5917574490
0.6690055757 0.6047972835
0.6689997320 0.6048011358
0.6684245351 0.6054951315
0.6167551491 0.6483598384
0.6129764206 0.6518823357
