-1.1077865270 -1.1397061647 1.6444323926
-1.0485533029 -0.0003126310 0.0003099488
-0.0000144960 -0.0000289967 0.0247961330
-1.1083828342 -1.0328430180 0.0000007683
-1.1293079109 -1.1144115553 0.0001527043
-1.0911452827 -0.7263196034 0.0000000419
-1.1169310809 -0.6403370813 0.0006565405
-1.1096487624 -0.8813488352 0.0000143098
-1.0940219053 -0.0000000047 0.0000012806
-1.1203164944 -1.0341417287 0.0001627812
-1.1026010347 -0.8081447946 0.0000095414
-1.0843099804 -0.9681014307 0.0000113482
-1.0477999002 -0.0000074552 0.0003123330
-1.0479524881 -0.0000071572 0.0003123330
-0.7354524878 -0.0000071572 0.0003123330
-0.7330110816 -0.0000071572 0.0003123330
-0.8892610817 -0.0000071572 0.0003123330
-0.8902538995 -0.0000191526 0.0003433274
-0.8715046624 -0.0000190781 0.0003433274
-1.1002627165 -0.7253852074 0.0000396511
-1.1096721386 -0.6491647061 0.0009158487
-1.0920211730 -0.8214496689 0.0000001257
-1.1183031799 -0.6586471905 0.0007702736
-1.1220076272 -0.6605497987 0.0001543807
-1.1332545393 -0.5468908470 0.0001002522
-1.1278929898 -0.5069338302 0.0004920596
-1.1125056875 -0.6113442365 0.0000071572
-1.1131160391 -0.6064614240 0.0000071572
-1.1189135314 -0.6549074460 0.0006183935
-1.0911192243 -0.8353666550 0.0000024354
-1.1052016133 -0.8506179190 0.0002302369
-1.0963429474 -0.8599245044 0.0000003213
-1.0928322245 -0.8742056376 0.0001549860
-1.0832349174 -0.8694243579 0.0000049407
-1.0840242599 -0.8938539362 0.0000336999
-1.0757541527 -0.8930117692 0.0012210989
-1.0757493843 -0.8930117692 0.0012210989
-1.0757684578 -0.8930117692 0.0012211362
-1.0757683088 -0.8930117692 0.0012211362
-1.1047586110 -0.6411298231 0.0000381703
-1.1058929992 -0.6325407751 0.0003078626
-1.0879675262 -0.7230428287 0.0000025565
-1.1198529937 -1.0849844535 0.0000016531
-1.1215777473 -0.5252184025 0.0000191526
-1.1138690134 -0.5377695109 0.0000015041
-1.1452852154 -0.0000025751 0.0000012713
-1.1244888754 -0.5430911347 0.0003076298
-1.1198461951 -1.0053771976 0.0000389433
-1.1124624369 -1.0227778238 0.0001337426
-1.1116944962 -0.7089960815 0.0004579267
-1.0899476484 -0.7596547676 0.0000955211
-1.1165064723 -0.8085191118 0.0000003027
-1.0930399281 -0.8311012255 0.0000464963
-1.1049343609 -0.8409953451 0.0001563272
-1.0891187434 -0.7984069137 0.0016106712
-1.0852433984 -0.9135295319 0.0006139791
-1.0911293571 -0.8353666364 0.0000024354
-1.0912819450 -0.8353666364 0.0000024354
-1.0843796898 -0.8522634821 0.0000465428
-1.0871383604 -0.8214496689 0.0000001257
-1.1047819221 -0.6896376942 0.0001563272
-1.1161205323 -0.7214357012 0.0001347484
-1.0840239619 -0.8938539362 0.0000336999
-1.1186232475 -1.0053771976 0.0000389433
-1.1127703694 -0.6533279975 0.0003457302
-1.1201679857 -0.6522691116 0.0000003213
-1.1036734154 -0.7529896831 0.0002326211
-1.1054474452 -0.8404480907 0.0000100629
-1.1204278619 -0.6692049705 0.0000454532
-1.1465059185 -0.0000037672 0.0000012713
-1.1464296245 -0.0000037672 0.0000012713
-1.1036734247 -0.7041615580 0.0002707681
-1.0832322352 -0.8694243579 0.0000047917
-1.0832370036 -0.8694243579 0.0000049407
-1.1385484283 -1.1090770514 0.0003051991
-1.1328410414 -0.5577449645 0.0001001870
-1.1236185358 -0.5112181096 0.0000003027
-1.1244888754 -0.5431292816 0.0003076298
-1.1236346384 -0.5426523234 0.0000003120
-1.1236185358 -0.5112182587 0.0000003027
-1.1279025265 -0.5069338302 0.0004944438
-1.1203164944 -1.0341411326 0.0001627812
-1.0963429474 -0.8596193286 0.0000003213
-1.0969532245 -0.8596193286 0.0000003213
-1.1096721386 -0.6882272062 0.0009921426
-1.1047586110 -0.6409772352 0.0000381703
-1.0971039684 -0.6850959786 0.0000775186
-1.1116944590 -0.7089960815 0.0004579267
-1.1116944590 -0.7089961187 0.0004579267
-1.0930399281 -0.8311822878 0.0000464963
-1.0739799645 -0.8525297473 1.6403747319
-1.0727592614 -0.8525321315 1.6403747319
-1.1223094688 -0.6607409526 0.0002699299
-1.0971039684 -0.6850578316 0.0000775093
-1.1201667936 -0.6519639358 0.0000003213
-1.1201667936 -0.6470811233 0.0000098580
-1.1006355436 -0.6470811233 0.0000098580
-1.1006355436 -0.6470805273 0.0000098580
-1.1006355436 -0.9595805090 0.0000098580
-1.1127703694 -0.6533279229 0.0003457302
