2.8285546551 2.2247226748 3.6428519837
2.8442675318 2.5318114656 3.5095863453
2.2759372528 3.1338370807 3.9290767225
1.6286550072 4.0104443028 4.3395747471
4.7028040699 2.2098848920 3.0009405133
4.5612208351 2.6733819523 2.6380320797
3.9518473508 3.4235148171 2.1919263658
2.7241636141 4.2733289927 2.6912278677
2.1380526615 3.9937911441 3.4384767773
1.6976883910 5.8468500239 2.8598173113
0.9900135580 4.8490691683 5.3036281104
1.5547659350 4.9352124151 3.5452641156
1.7436753269 3.2907477585 5.2596975412
1.9093871344 5.6643315526 3.1320596298
2.1184959456 5.6528830293 3.0144758360
8.2800743781 2.0016610074 2.5753232631
5.0883855699 5.0242055658 2.0550132816
6.2967523803 4.1058653075 1.9297504102
2.4617996311 6.8063375831 2.0401943157
1.9051428390 2.8773562406 5.4972640771
2.2524185086 2.6146158222 4.7949989354
8.2801251641 2.0016554482 2.7550471634
8.2642477778 2.0016559351 2.7550471634
4.7537630420 2.0018518884 2.4807691859
5.4870696399 1.2119377779 4.6234311382
5.5085950574 0.4877494926 5.3949032117
4.5802482713 1.2126818790 5.3371367975
1.9824349776 3.1104672953 4.7059861569
3.0778251628 1.7592610127 3.6466300803
2.9527399942 2.1575689412 4.5850010563
6.0673449277 1.2119902743 4.3479555231
3.1574365947 3.3434617779 2.7262436822
1.7626646513 2.9706877556 5.5796576892
1.5547659623 4.9352119328 3.5469979654
1.5523450594 4.9399121147 3.5706559445
1.5240281477 5.0773056503 3.9736433617
3.3025767097 3.2818319103 3.2725187967
2.9560306469 2.1606156211 4.5776929762
2.7157074330 2.1686725414 4.9663713047
4.5255610804 1.6557616833 3.4760565386
4.5214495803 1.8403575346 3.4047074324
4.7001955913 2.2099405847 3.0009187127
4.7001969546 2.2099405603 3.0005741707
4.7002055926 2.3620951274 2.9868111276
4.1229082008 3.0174739203 2.5149963376
5.1643888082 2.9486286997 2.1624749361
3.1540987803 4.6222103523 2.6455288711
3.1511723736 6.1923178349 2.6080205544
2.3275440659 3.9929806373 3.1927897774
4.1346904091 3.7449949267 2.1524625854
7.2685971122 5.2095892641 1.7726344248
7.3288727836 4.3376986229 1.9047019905
6.4080586770 4.1058882900 1.9225472526
7.8971507689 2.9709597554 2.1543297137
7.8971507689 2.9612688748 2.1543297243
7.2698427207 6.6448493776 1.6759493106
10.2260484831 2.7555865318 2.0050802672
11.4567398146 3.1735825899 1.8451240778
10.2255096813 2.8960093857 2.1764160665
10.2255201588 2.8789998030 2.1835062479
5.8674109069 3.8585385195 2.0068266524
6.0401589041 4.4527513031 1.9281739987
5.7215632602 9.5353139957 1.6890600339
5.5570958352 10.6314014248 1.6909629305
5.5570365516 10.5462388033 1.6990654173
7.2662868915 6.6675103648 1.7778973973
7.2687531943 6.6675937921 1.7712036868
7.3105100882 4.7537084771 1.7687705597
7.3105101409 4.4924471462 1.7683329123
7.3263223616 4.4638845297 1.8516752775
4.9496526652 5.4506718299 2.0550132816
4.3144349322 3.4227554866 2.1919263658
4.3144349288 3.4339704131 2.1917760281
4.1512480166 3.5981212699 2.1917782078
4.1512480393 3.5981212594 2.1917795264
4.1493883007 3.5980455360 2.1917810325
4.1489549756 3.6195141206 2.1917565592
4.5048167095 3.7449947949 2.1524631250
5.8395424982 3.7449781163 2.1524623775
6.8837418425 3.4266969578 2.0231761005
7.0167230952 3.4266956478 2.0231671757
6.7008831463 3.4267150006 2.0175540322
5.2972802305 5.1001630626 1.9281739987
2.1184792548 5.7839523959 3.0144766782
1.8930412314 7.4689249802 2.3370490531
4.3460413760 1.2946143570 4.0360610841
0.9900098069 4.8491450674 5.2807301438
2.8285553097 2.2247225503 3.6379319430
3.1579524992 5.0098771940 2.5656290441
3.4352598267 6.2967424155 2.3427253557
2.7241011840 5.7872537281 2.6904759880
2.8498261535 6.8638261778 2.0047032691
2.4617768555 8.0752302108 1.9986646311
2.3902554596 8.0707354828 2.0130905840
2.3648924485 8.5702671991 2.0505852957
2.3254951603 8.6101242812 2.2453692995
2.3255366514 8.5930886358 2.2453734271
1.9196508261 7.4740902174 2.3299552237
2.0224582415 2.7214987271 5.5798597914
1.7543031678 3.5375642970 4.2269757916
