2.0375995497 3.6597203930 4.2426819795
3.7384086214 1.2446663429 7.8313060336
5.7493116476 3.5048404611 2.5009590130
2.7791464924 4.8820899955 2.6554298158
2.9826091502 2.3298152540 3.2266163219
3.0677997394 1.8045763915 4.6869465998
4.0326290497 2.6944680843 2.9326838318
2.6379037872 3.3338708370 3.3478181799
4.3731222281 4.1191236337 2.5304249521
2.2714052538 2.8747126616 4.6406115819
1.9881326765 4.6276108941 4.5791685361
4.1037247644 1.4823821902 4.8876142897
5.6109065693 2.6736309926 2.7576521240
7.0785184395 3.5095215753 1.8097707041
2.3780778345 3.9873874455 3.7930275693
2.7351469193 2.4277131825 3.3583146321
4.5498173262 1.5327315039 4.4529397515
6.8719646066 1.4393513514 3.5655345132
4.6644881628 1.5242264865 3.9587838982
9.2847404261 2.0757251396 3.4394758372
8.9101929400 2.1601053243 3.4498660951
8.9586441930 2.1111334563 3.4408688410
12.0036127751 2.1399053795 3.4392454369
9.4888457094 2.6641634091 2.3299803691
14.0179827090 2.6820049648 2.3299537157
3.4858035589 6.7365907514 2.3299252383
4.3145176135 2.2294033684 3.4531537340
4.2517013869 3.2045642903 2.7957727377
5.5932120870 3.0439113244 2.7186682540
6.8286463888 5.3239510857 1.7679657516
6.4341891171 5.3243806377 2.1734166644
7.1781854237 3.4504617089 1.8962511083
7.1165189876 3.4430102050 2.0846524986
5.7370322994 3.6094794899 2.5589563181
4.3731222459 4.1191236337 2.5170263064
4.3727421218 4.1191348606 2.5493356897
4.3341982213 8.2731465523 2.2763646573
3.5210004069 6.7246744724 2.3299252576
3.4632353652 6.5057138103 2.4558932452
9.9730316596 2.6641134859 2.4692828182
10.0421603700 2.6635839661 2.3912628754
2.8895730003 2.9134003114 2.9524050142
7.3711318591 3.4377157928 2.5997568601
7.1185861490 3.7874768316 1.7726038474
7.1185861490 4.0614140435 1.7698926041
7.1137522516 6.8470177211 1.7673520888
7.5809400571 5.4143127409 1.7668244194
7.5811923255 5.4136996725 1.7570445592
6.8286489434 5.3239436525 1.7679698584
4.2874147270 4.8805295091 2.6580406585
2.7754247251 4.8801568265 2.6719394688
1.2252606845 4.6929051019 10.4683912745
2.3491887647 4.8192469037 3.9679121913
1.7911763743 5.5498093519 3.4903802658
1.6618592370 7.0549281702 4.3685171619
3.7053234772 1.2454861389 7.7779035451
1.9881127316 5.2923082195 4.5791685361
1.9474385191 5.2941503161 4.5838049238
1.5658652324 3.9697979733 5.1408702213
1.7620463374 5.6289492519 3.4041427860
1.7677025638 5.6115145133 3.1856891337
1.5662437375 3.9697762624 5.1408715875
1.7799472828 3.6596273287 4.9531265149
1.7799214700 3.6596248240 7.4112744546
1.8374901793 3.6506858157 7.4437805850
2.0306369141 2.8860461268 5.6657963689
2.0759851978 2.8807783043 5.6645560898
2.0306369231 2.8870904944 5.6645539312
2.4248079709 2.4423314102 4.4959252539
2.2475535390 3.0905586286 4.5341143100
2.4251534120 2.9596710991 4.4096972307
2.3849974815 4.0560423864 3.7744337415
2.4752771464 4.0356241940 3.7744337415
2.3821185027 4.0359721670 3.7744337953
2.3647136955 3.9090095074 3.9551397305
2.4010537625 3.4742125775 3.9950274405
3.5140259411 3.9496804825 2.9188925288
2.9827544627 2.3510149020 3.2261899070
2.8056327616 3.2321959388 3.1417541402
2.6179282183 2.8818410806 3.5947235250
2.5965170786 3.2933800247 3.6387615296
2.5983958702 2.9477256354 3.5949363606
2.5983958702 2.9549628522 3.4406264721
2.7033135732 2.4277131839 3.3582767175
2.6746129051 2.5642746694 3.6219169869
2.5872693672 1.9672665344 5.1785928769
3.0287027280 1.4369625066 6.0672664854
2.1145497563 2.0132960918 7.8391372938
3.2086070689 1.7838332891 5.9932982505
2.5839125705 2.0118245262 5.5949541658
2.9044497384 1.3912502401 7.2971470602
3.0610765324 1.3789641575 7.5316650363
3.4349339382 1.3732897421 7.9311126769
3.0610316463 1.3852331537 7.7291044382
2.8939692555 1.3914542350 7.7236270892
2.9044843839 1.3910925174 7.3924106577
4.5302232161 1.5242262833 4.5853992243
4.6630300656 1.6229733288 3.9763557975
3.9960999475 3.4492718104 2.7374803018
2.5872698309 1.9728576422 5.1783416333
