2.6627964211 2.0545715502 6.6211002685
2.5444353150 5.2582991607 3.7503985879
3.3821164209 3.4453399130 5.6471387463
3.9400709811 2.6352923277 4.7887212786
4.5133719840 4.1963906939 2.8961608947
4.2108278463 2.7091745373 3.7349457011
2.8722083969 5.6980561520 1.9047549198
1.9144250457 4.5169430643 5.6591257213
1.4230898729 7.6108707750 7.1495379000
1.2934772983 7.8043258585 6.0700477624
3.3751271771 3.4453399375 5.7212172501
3.1344092957 3.4453398207 5.7621432727
3.1449320361 3.4448880932 5.7418771324
3.6610261152 3.3607490711 3.8651639443
4.5840596395 1.8922487893 4.5757716345
4.6117445614 1.8021824432 3.7672164577
3.6827384574 3.1862219262 4.0852989189
2.8165951954 3.5165642340 3.3526249604
4.5551518363 3.4270207992 2.6868712496
6.6733142546 3.1359429980 2.7390221737
5.3774111043 3.4695692624 2.3108519446
2.9090190448 4.7710732445 1.8613089873
4.5840596395 1.9781843071 4.3335526940
3.3457866183 2.5050524603 6.0000042944
4.1249985328 2.4650958260 5.5930646993
4.3664935953 2.0424001331 5.9996968936
4.6185657380 1.7905509786 4.6608101804
3.0164128515 1.9790095622 6.4934997392
5.3788728696 1.6249013334 3.2932144142
5.8959414887 1.8196841049 2.9131169387
2.3184930370 3.8048104675 6.3464962799
1.4662496197 7.1204203032 5.8859504446
1.3473519189 7.6108710998 9.0922679688
1.2934382013 7.7868749822 6.2243828755
1.0945670758 8.1702108863 5.9032963218
1.0945471548 8.1701563445 6.1533501697
1.0945616442 8.1698324047 5.9128284048
1.8143344957 5.0886856177 5.0522402177
1.6833078419 6.7901021945 5.0619707538
2.0797926037 5.3845972721 4.5687237255
4.3402834987 2.2669974514 5.3770146811
4.1095934527 1.6137249533 10.0134299728
4.1095934527 1.6175616123 9.7934430245
3.0164128515 1.9900323657 6.4932610383
2.6791104767 2.0327719476 6.6210904038
2.6827294449 1.9922204307 8.1105055031
2.5550679628 1.9922204307 8.2313809617
2.2623554670 3.6988757282 7.0882713333
2.0683274666 5.5905996126 4.0562241459
2.0683274687 5.5905149310 4.0593053433
2.3849470210 5.0600903837 4.0688845156
2.0628478825 5.3847094237 4.5680873932
1.6833078419 6.7900999228 5.0620092940
1.6813303665 6.8079744873 4.9738479431
1.8535338848 6.8079739223 4.9704534125
1.9236866395 4.5169425207 5.6595333535
1.8547843507 4.6403126757 5.9053122302
1.8398815168 4.5297468264 7.2309458492
2.1764198090 3.6705448276 7.1264939161
2.3076862351 3.6811466196 7.0227184539
3.4130803223 2.5051731037 5.9999983056
4.4724970793 2.2412663048 5.2426312054
2.7928356279 4.4715719307 3.0628687045
4.3750426252 4.0069615241 2.8963389588
4.0268065619 3.3687973411 3.3226084597
3.9709770944 4.2570245255 2.1780521669
3.9525827536 3.1359128190 4.2418236015
3.9525837711 2.9732409062 4.2467949754
4.2013530870 2.9710667684 4.0334635241
4.1966150700 2.9765946954 3.8893949989
5.0336388257 2.7062822372 3.7349463030
4.6166624712 1.7905509112 5.0381026248
5.4966960398 1.5387599768 3.5448088373
5.4910378182 1.5387599768 3.5592226846
6.3399384809 1.5387597436 3.2289182652
5.9472009673 1.8196840867 2.9131168065
5.9477356220 1.8228532449 2.9130589318
6.9799607637 1.6586756203 2.7698947425
6.4598592003 1.6585854871 2.8548591901
6.4598663882 1.7408997434 2.8548591836
6.4612434460 3.0555979900 2.8507203413
6.5426057381 3.0552335891 2.8507203319
6.5453033349 3.0559145004 2.8352511285
4.4174531708 2.9415495646 3.3018181387
4.1490044037 3.9274106066 3.2481395774
3.3348136907 4.7432005891 1.8641960936
3.3548341655 4.7432005467 1.8687368928
4.1486813378 4.2298492337 2.5435116179
4.1469665140 4.1609091900 3.2526331500
4.1469666070 4.1467023713 3.2526331143
3.1374012235 3.9553259984 3.3405170497
4.0100867354 4.2298745774 2.8961608947
3.7147353069 3.3566829605 4.0832582354
3.7158724059 3.4625882752 3.8651568811
2.7924097630 4.4715925331 2.5259516492
2.6694285449 4.6294120929 3.0021630218
2.7950902212 4.4716416708 2.5256722009
2.7950902298 4.7524093737 2.4760315505
2.5444353339 5.2582277486 3.7354536300
2.5429945932 5.8613194584 3.4422198424
