0.5305447365 0.2897301243
0.5037371181 0.2931226959
0.5117589862 0.2917048351
0.8910519488 0.0828840247
0.5123545931 0.2899479459
0.5113933635 0.2917053017
0.5119933621 0.2909756013
0.5155532048 0.2899272682
0.5245430031 0.2899126645
0.5245424538 0.2899130569
0.5244322578 0.2899132110
0.5232406454 0.2899132128
0.5212294755 0.2899190240
0.5212286873 0.2899235547
0.5212294748 0.2899228311
0.5212677320 0.2899188737
0.5154117322 0.2899278475
0.5125437486 0.2899368027
0.5124866117 0.2899478250
0.5141340338 0.2899348202
0.5141340353 0.2899344730
0.5152700398 0.2899332056
0.5152699883 0.2899341503
0.5125516073 0.2899365706
0.5125623421 0.2899364698
0.5119548092 0.2909763781
0.5119878263 0.2909763775
0.5117804903 0.2916995826
0.5117804940 0.2916995807
0.5118300264 0.2916995804
0.5027515467 0.2941727828
0.5003766087 0.2976652276
0.5039671093 0.2928403095
0.5006886400 0.2956585911
0.5031782171 0.2937757259
0.5034905234 0.2937260623
0.5037311417 0.2933158220
0.5036649192 0.2934256656
0.5037355290 0.2931231669
0.5037311355 0.2933191511
0.5037308895 0.2933192492
0.5037204173 0.2933651290
0.5031968148 0.2937404533
0.5034934754 0.2936814470
0.5034932197 0.2936974733
0.5036279723 0.2935999390
0.5036284546 0.2935435308
0.5036281764 0.2935435762
0.5030595920 0.2937904848
0.5027515135 0.2947425826
0.5027515135 0.2947425593
0.5003767282 0.2968706347
0.5001086455 0.3017248396
0.5000966822 0.3278012752
0.5000815074 0.4428271705
0.5000813349 0.4984117124
0.5000812991 0.5297816623
0.5000766989 0.5410620554
0.5000770096 0.5409067090
0.5000773687 0.5380443388
0.5000773687 0.5376882600
0.5000813413 0.4966196316
0.5000815897 0.4314591984
0.5000815896 0.4330820731
0.5000927002 0.4312960881
0.5000966825 0.3273182680
0.5000967121 0.3273136499
0.5000998387 0.3270204048
0.5001085864 0.3167356572
0.5001059654 0.3171407564
0.5001053536 0.3173619641
0.5001059649 0.3173538045
0.5001059657 0.3170338107
0.5001074100 0.3170260229
0.5003764794 0.2976752551
0.5004476191 0.2968697653
0.5006227475 0.2968621123
0.5006225374 0.2968646384
0.5008131308 0.2956028969
0.5008672584 0.2954776523
0.5013152374 0.2950798097
0.5006567407 0.2957638903
0.5006563799 0.2957638905
0.5006563799 0.2957641069
0.5008503137 0.2955577403
0.5008672585 0.2953541097
0.5009583200 0.2953540560
0.5014548447 0.2950268221
0.5014943349 0.2949784219
0.5014736946 0.2949962879
0.5014741784 0.2949961866
0.5010510013 0.2951577681
0.5013125212 0.2950843006
0.5012996921 0.2950871381
1.0508983174 0.0811107471
1.0357038187 0.0814099374
1.0364503359 0.0814099371
1.0365558141 0.0811492287
0.8668821407 0.0842269824
0.8794662227 0.0829465862
