1.1162222785 0.0410056664
1.0995837017 0.0413273957
0.0736769514 1.0375437100
0.7916132847 0.4845453986
0.5903981927 0.8872731317
0.9917690693 0.3641404202
0.0730459113 1.0376734238
0.0686766549 1.0502582507
0.0676923455 1.0626888888
0.0674355045 1.0674005919
0.0675718069 1.0672373939
0.0676724931 1.0671302830
0.0685964572 1.0505727940
0.0699191048 1.0502120456
0.0699187825 1.0502124085
0.0686723164 1.0505575171
0.0686703678 1.0505578851
0.0736484509 1.0376725894
0.0736770660 1.0374781397
0.0771862334 1.0373847903
0.0772186616 1.0373687771
0.0791176980 1.0368998981
0.0809115894 1.0368677683
0.0824220146 1.0365866316
0.0928776014 1.0359354746
0.1063164092 1.0359034844
0.1134580577 1.0338297867
0.1350878782 1.0338235841
0.1444367292 1.0338214648
0.1535862336 1.0337869661
0.1535857680 1.0338144227
0.1134577686 1.0340657431
0.1134397536 1.0341146079
0.1130756896 1.0341147410
0.1130305408 1.0345736978
0.1083589699 1.0347255259
0.1083582176 1.0348540708
0.3615037445 0.9952033578
0.3540170310 1.0114759177
0.3689853096 0.9342242486
0.3669223252 0.9440134280
0.9772338977 0.3796077130
0.3659900909 0.9504627773
0.3654439955 0.9675146898
0.3614954441 1.0100527058
0.3614782037 1.0113268387
0.3614842639 1.0108165417
0.3648931453 0.9951930176
0.3650860575 0.9922687170
0.3659251120 0.9675086270
0.3668383349 0.9495889483
0.3689178386 0.9361774907
0.3689845573 0.9361774864
0.3690937901 0.9338780219
0.3706037935 0.9319137139
0.3706036602 0.9319138478
1.0024449879 0.3169965443
1.0024456370 0.3162534502
0.3919520869 0.9242926176
0.9869543925 0.3642438414
0.9869598246 0.3642418248
0.9863860474 0.3647936535
0.9863889723 0.3647872283
0.6895740430 0.6168889638
0.6959967486 0.6134227718
0.7243040318 0.6098956134
0.7243040316 0.6104209086
0.6895737048 0.6169127424
0.6895736722 0.6171716158
0.6877331264 0.6204955000
0.6865649199 0.6219230354
0.6618860747 0.6841680475
0.6618865667 0.6832616387
0.6618817490 0.6907319506
0.6624875217 0.6676377972
0.6624499923 0.6678761379
0.6652242912 0.6447453931
0.6652242796 0.6449753180
1.0324023191 0.1375887692
1.0562575899 0.0894304239
1.0762480501 0.0531388331
1.0912461526 0.0432276668
1.0964221713 0.0413323286
1.0964221714 0.0413319791
1.0921658921 0.0432276582
1.0883743061 0.0454035089
1.0873876362 0.0480836291
1.0849067839 0.0480933328
1.0844847409 0.0514980540
1.0563419918 0.0856422969
1.0492732939 0.0941365409
1.0454535018 0.1001227024
0.7757726844 0.4927413954
0.7781104723 0.4926093642
0.7701576354 0.5079698937
0.7692995132 0.5224487607
0.7849842869 0.4851561716
0.7834772950 0.4858564623
0.7916166848 0.4814847517
0.7834777412 0.4855542406
