0.4531037778 0.9067027933
0.8954507968 0.3940264080
1.0317645586 0.1385040968
1.0434121307 0.0934424791
0.8798577426 0.4491106245
0.2801104680 1.0832808096
0.2286322811 1.1039413531
0.1114935623 1.1253262900
0.1104979462 1.1295907841
0.1104764364 1.1296256111
0.1064926607 1.1314925587
0.0849144270 1.1375895317
0.0838008489 1.1445388974
0.0834672325 1.1471264246
0.0849676882 1.1375838183
0.9215247407 0.3658651877
0.3394612652 0.9717320206
0.9075061108 0.3774877287
0.8953326570 0.4384083887
0.8959867713 0.3933662109
0.8996967205 0.3862518536
0.8980229360 0.3863190580
0.8975714687 0.3863190580
0.9151662565 0.3749095818
0.9152143657 0.3748962055
0.9179406881 0.3748868928
0.9179045430 0.3748869585
0.9596612436 0.3341031378
0.9594728197 0.3351672934
0.9655588872 0.3272417253
0.9698230213 0.3227945059
1.0520675664 0.0859631721
1.0400055271 0.1089698329
1.0691955569 0.0859335434
1.0519823012 0.0859633336
1.0399250653 0.1214685295
1.0391410480 0.1310866580
1.0392229587 0.1305594485
1.0385326133 0.1330573238
1.0317423483 0.1428320662
1.0308032812 0.1483847621
1.0300498517 0.1522966696
0.7677301930 0.4909857559
0.7544490667 0.5764704973
0.7381174227 0.6082973310
0.7642337189 0.4983332434
0.7635840699 0.5121896239
0.7656013836 0.4948229860
0.7635233591 0.5159715332
0.7633274820 0.5175420977
0.7640294457 0.5117960814
0.7636189935 0.5121567911
0.7636203932 0.5121486341
0.7641344055 0.4983629063
0.7652881555 0.4979906204
0.7653010577 0.4979905786
0.7653522242 0.4967374532
0.7687872960 0.4876984979
0.7687941860 0.4858405678
0.7687941942 0.4853858757
0.7766055069 0.4853820086
0.7846010442 0.4852257261
0.7844964877 0.4852512593
0.7901354944 0.4748593394
0.7913530282 0.4693326085
0.7982712031 0.4693325953
0.7913530211 0.4738510934
0.7912569389 0.4744063020
0.7904964206 0.4744901924
0.6419044879 0.7439721131
0.6581237374 0.6868456157
0.6544297515 0.6903345245
0.6500113056 0.6952906088
0.6470155858 0.7027039733
0.3138595960 0.9929850309
0.3111629825 0.9939800270
0.2955120422 1.0066817153
0.2901057966 1.0191504170
0.2946363883 1.0141945884
0.2961103482 1.0063113974
0.2960516892 1.0063288444
0.2953737796 1.0066828888
0.2965242246 1.0059842787
0.3024336685 0.9986564872
0.3020600921 1.0001061097
0.3090966426 0.9983492826
0.3138753832 0.9928785584
0.3138753825 0.9928788405
0.3138751733 0.9928863994
0.3191834054 0.9819145504
0.3301340441 0.9815873411
0.3184922041 0.9833424363
0.5508073223 0.8170044200
0.5374801461 0.8184171041
0.5492415314 0.8179925785
0.5483016033 0.8183819692
0.5483336467 0.8180027907
0.5372487308 0.8190565429
0.5372544041 0.8189938080
0.5339234634 0.8199045545
