0.0849335403 1.0952102017
1.0404621081 0.0178572612
0.0911075940 1.0793371387
0.3928866365 0.9389642066
0.7347295936 0.6649543029
0.7565956025 0.5747758020
0.7555868027 0.5787819466
0.7630153227 0.5669858310
0.7634627703 0.5669443892
0.7708383479 0.5609127381
0.7720751383 0.5609058714
0.7728584187 0.5393073772
0.7725220025 0.5409092525
0.7761366153 0.5347177073
0.7901099435 0.5252764153
0.7898851576 0.5252817278
0.8586072333 0.4044228459
0.8586065014 0.4063701857
1.0532201969 0.0167337724
1.0661255856 0.0165085271
1.0765571141 0.0160429394
1.0760107162 0.0160988314
1.0404586616 0.0180895704
1.0492670332 0.0167338348
1.0404605405 0.0180895703
1.0403904772 0.0185769328
1.0403966858 0.0185769327
0.5246986647 0.9059739084
0.4966606593 0.9230287221
0.3105271627 0.9785090669
1.0193572649 0.0668573352
0.5251728166 0.9027252390
0.5630446021 0.8918885146
0.5736248916 0.8807621890
0.5720958771 0.8843762569
0.5721142116 0.8826516911
0.5249107355 0.9027399981
0.5272619274 0.8995037392
0.5202835598 0.9129467027
0.8567761573 0.4215544338
0.8513368639 0.4302661821
0.8699871520 0.3992904682
0.8354197110 0.4424566685
0.8506089216 0.4320387655
0.8592311076 0.4043457371
0.8646801647 0.4040400866
0.8646801942 0.4039642334
0.8649556826 0.4027882145
0.8670974891 0.4021312754
0.8672759002 0.4005546389
0.8691178327 0.4005511463
0.8694817431 0.4005013279
0.8699048641 0.4004913588
0.6748210382 0.6688267083
0.6486948102 0.6845058098
0.6304142040 0.7108982115
0.6369749961 0.6966718822
0.0908290882 1.0945814563
0.0908290762 1.0945844491
0.0911625342 1.0793364250
0.0924657033 1.0790873608
0.0924859011 1.0790871837
0.0922795805 1.0791790284
0.3114891501 0.9675378251
0.3114903271 0.9662203689
0.3100943267 0.9897193499
0.3108215725 0.9743908061
0.3105443365 0.9773704444
0.3106757573 0.9754812889
0.3108812132 0.9729500427
0.3100943267 0.9897625445
0.3099096383 0.9967152677
0.3101740204 0.9856063538
0.3105271625 0.9789217722
0.3105936047 0.9773629090
0.3108558157 0.9741463700
0.3108559331 0.9739317901
0.3118778083 0.9660253021
0.3118778057 0.9660933471
0.3118823079 0.9660253014
0.3119550138 0.9660033956
0.3127531286 0.9660033335
0.3145253922 0.9637792635
0.3133985229 0.9641607115
0.3153606800 0.9611132593
0.3153606467 0.9614933514
0.3155328971 0.9610968787
0.3156881148 0.9554990699
0.3203041483 0.9433689670
0.3200257372 0.9461243663
0.3186716388 0.9544366006
0.3190070892 0.9495510444
0.3200769914 0.9443116049
0.3294988213 0.9429763521
0.3352602651 0.9421329440
0.3317359125 0.9428836776
0.3214610155 0.9432239030
0.3352506201 0.9421530105
0.3352510014 0.9421529903
0.3415921591 0.9401293908
