0.5662862196 0.8363752970
0.8498408666 0.4266758358
0.9688703251 0.2661082972
0.1382826282 1.0678663040
0.4564161154 0.9769597492
0.4559371378 0.9769704559
0.1306866430 1.0679124906
0.0876915205 1.0801797340
0.0894415417 1.0797416038
0.0894382054 1.0801089085
0.0903929708 1.0797313037
0.0997877461 1.0796397516
0.0998618943 1.0780410063
0.1005825395 1.0759960251
0.1439034409 1.0678648190
0.1297504772 1.0680297696
0.1044764927 1.0717879710
0.1016197823 1.0739761047
0.1011502084 1.0740993370
0.1012038586 1.0740308672
0.1042441645 1.0730201952
1.0250897325 0.2085356768
1.1043973630 0.1131595550
1.1037491447 0.1555353000
1.0991462199 0.1633790407
1.0990194743 0.1634345106
1.1114626602 0.1011951847
0.9885996393 0.2374145631
0.9692601453 0.2656256769
0.9795354073 0.2656193379
0.9793355045 0.2656193630
0.9796473986 0.2656190687
0.9801817747 0.2655810762
0.9878409944 0.2376379774
0.9878292399 0.2377067964
0.9876266210 0.2437411410
1.0250897357 0.2085345291
1.0139549817 0.2235767472
1.0115271468 0.2337785993
1.0114727343 0.2364755654
1.0112743455 0.2368498283
0.6000081541 0.7666889714
0.8480313956 0.4477845049
0.8418794245 0.4497555686
0.8366113497 0.4840238778
0.8366061919 0.4852461911
0.8494924839 0.4477785775
0.8494941710 0.4477784856
0.8497548854 0.4476209000
0.8503059908 0.4264450998
0.8498364962 0.4271650411
0.8497847809 0.4271778395
0.8465366060 0.4496401510
0.8465365089 0.4496402484
0.6196994403 0.7199754765
0.6161000793 0.7217942454
0.6195202984 0.7214876326
0.8891322818 0.3540616211
0.8900883373 0.3505871422
0.8901208518 0.3376483283
0.6178499833 0.7217871445
0.6085213297 0.7289371994
0.6120264765 0.7240050675
0.6288780279 0.7144119109
0.7193156955 0.5837702154
0.6504020160 0.7116951292
0.6195219289 0.7214870684
0.6200601582 0.7197234227
0.6202508592 0.7196039519
0.6120121524 0.7243941055
0.6070003834 0.7364848203
0.6068168386 0.7369089828
0.6068856437 0.7369065574
0.6068871718 0.7369064139
0.6069073970 0.7367593814
0.6050865255 0.7409781030
0.6037711070 0.7416168649
0.6036075832 0.7579565427
0.7408311710 0.5495385348
0.7593569032 0.5478065603
0.7349615332 0.5519228276
0.7591132724 0.5478151145
0.7460532905 0.5494656352
0.7400507994 0.5495385577
0.7400504941 0.5512691011
0.7297750808 0.5611843626
0.7319882644 0.5559638956
0.7319882633 0.5569767220
0.7319841544 0.5570468665
0.7317942077 0.5571621100
0.7315184501 0.5572327964
0.7131202919 0.5866990679
0.7191277677 0.5839259644
0.7130518789 0.5962151715
0.7122880461 0.6025418320
0.7121326591 0.6049504501
0.7118607489 0.6092433162
0.2034295369 1.0254572037
0.5122821651 0.8648828779
0.4858575582 0.9121014243
