0.7772731771 0.3878092145
0.7481643882 0.4139123313
0.7467437971 0.5606044662
0.7485821750 0.4044505865
0.8251132323 0.3537266870
1.0061282296 0.3511610993
1.2096094016 0.3510070400
1.0191081625 0.3511287748
1.0238027771 0.3510435999
0.9031373690 0.3534982595
1.2246078170 0.3509896975
1.3208534314 0.3509507422
1.5676850294 0.3507029710
1.7830613760 0.3506791949
2.8640595611 0.3506769890
2.7095174180 0.3506771604
2.7828614984 0.3506770491
2.9351187888 0.3506758154
2.8741257986 0.3506769857
2.9256171559 0.3506766097
2.7095178046 0.3506771505
2.4476532640 0.3506778931
1.3527417503 0.3508871752
1.5028718484 0.3507071663
1.6587074258 0.3507027977
2.0745460380 0.3506779047
2.6573945090 0.3506778719
1.6878443947 0.3507012492
1.5378463074 0.3507067861
1.5536429631 0.3507066012
1.5536299450 0.3507066398
1.5378360367 0.3507071258
1.4866284144 0.3508628850
1.4418718452 0.3508659614
1.3758861176 0.3508673463
1.3527388668 0.3508872286
1.3536627821 0.3508762320
1.3506736181 0.3509260568
1.3265455780 0.3509504385
1.2189050633 0.3509970263
1.0060939265 0.3512205912
1.0060434890 0.3513829094
0.9411884085 0.3534887070
0.9510789373 0.3534883591
0.9031308830 0.3535166076
0.8250853809 0.3538902456
0.8249552046 0.3668055682
0.8176968886 0.3778045275
0.8176968280 0.3778587781
0.8032608211 0.3783364332
0.7482430414 0.4044514411
0.7466864976 0.6991746719
0.7465847122 1.1167009828
0.7465666299 1.2512057618
0.7466443296 0.8242478380
0.7465642851 3.6672930710
0.7465642512 3.7305163127
0.7466286831 1.1167007096
0.7466333304 1.0538656634
0.7466369291 0.9876162112
0.7466369296 0.9876161764
0.7466449773 0.8181610736
0.7466863570 0.8180929798
0.7466864999 0.6991745970
0.7467355883 0.5918239675
0.7471306331 0.4449018689
0.7512948273 0.3995327508
0.7513510305 0.3994417425
0.7537911332 0.3984160570
0.7578863476 0.3970843951
0.7764179169 0.3969709685
0.7578860105 0.3982116840
0.7578859534 0.3982138632
0.7578859483 0.3982138632
0.7554234831 0.3983662080
0.7549786770 0.3983706425
0.7537850047 0.3984168903
0.7532140455 0.3986191702
0.7531097866 0.3994233500
0.7512948279 0.3995314191
0.7512980943 0.3995167816
0.7507135930 0.3997922877
0.7505128289 0.4010892291
0.7505124335 0.4010980858
0.7505123368 0.4011064713
0.7506097464 0.4001553829
0.7481187999 0.4180070901
0.7480395707 0.4180072731
0.7477958402 0.4180213490
0.7477958376 0.4226618951
0.7469273333 0.4514761770
0.7469251713 0.4590079232
0.7468240267 0.5006367633
0.7469251415 0.4592777406
0.7469246426 0.4598552993
0.7469337904 0.4514761713
0.7470407684 0.4511133799
0.7467371600 0.5692829856
0.7467437325 0.5691886187
0.7467369352 0.5719061721
