0.4325354120 0.9641856249
0.4325601955 0.9456668930
0.5106070825 0.8082732959
0.5914048253 0.8005707349
0.3971715137 0.9922670158
0.3956948177 1.0149515844
0.3940654399 1.0414435591
0.3940402580 1.0627989250
0.3939777114 1.6823865158
0.3938768397 2.5428543112
0.3939783215 1.4089532612
0.3938985329 2.5195234485
0.3938985560 2.5110053733
0.3938986185 2.4656773513
0.3939650379 1.8779055887
0.3940111232 1.3395964936
0.3940311191 1.3382914313
0.3940402581 1.0624139844
0.3940607793 1.0617590549
0.3940612740 1.0603498354
0.3940621961 1.0601768659
0.3940650249 1.0594800647
0.3940653713 1.0594656391
0.3945153477 1.0414169637
0.3954129791 1.0260117170
0.3955089004 1.0260116700
0.3956947767 1.0190124794
0.3968485986 1.0149066731
0.3971670838 0.9926166793
0.4072055772 0.9746306091
0.4072669422 0.9745942789
0.4079951768 0.9742486427
0.4079916930 0.9743448387
0.4322508833 0.9740901751
0.4322364874 0.9740901834
0.4323074686 0.9738462050
0.4323112172 0.9732358057
0.4323132219 0.9732350086
0.4323336158 0.9727086083
0.4332054322 0.9456667162
0.6436708793 0.7919208551
0.6349337182 0.7935427755
0.8040302137 0.7676621426
0.7122754995 0.7915139832
0.6146635308 0.7982496735
0.4819179198 0.8265017145
0.4657868864 0.8278651818
0.4535085548 0.8556583661
0.4660891272 0.8278651243
0.4493921690 0.9439881874
0.4512314709 0.9372303699
0.4494335020 0.9417545623
0.4507985048 0.9417544220
0.4509822488 0.9407934743
0.4524070428 0.9371632808
0.4532313160 0.8676949403
0.4532315443 0.8593327896
0.4556159145 0.8359708160
0.4556149580 0.8477062418
0.4588356560 0.8290685923
0.5100810159 0.8249116668
0.5163565394 0.8082728672
0.5228192248 0.8080354871
0.5229629012 0.8078941511
0.5268684624 0.8073941757
0.5269664696 0.8068889328
0.5424938140 0.8066598525
0.5718427270 0.8061594944
0.5745488836 0.8060414639
0.5728898395 0.8060465358
0.5677975960 0.8066093034
0.5683585282 0.8064116966
0.5848540008 0.8023781406
0.5889692570 0.8023774424
0.5887743126 0.8023778934
0.5848509934 0.8023781738
0.6132500737 0.7986090240
0.6144271078 0.7984802897
0.6144095120 0.7986082080
0.6146636282 0.7982443607
0.6374349169 0.7935426664
0.6431662493 0.7919275709
0.6807552332 0.7918859020
0.6818628434 0.7915894147
0.6817894539 0.7917260303
0.6817828817 0.7917262914
0.7775457868 0.7714460180
0.8040554437 0.7676585292
0.7774526518 0.7842717690
0.7864418493 0.7714445510
0.7942204918 0.7714445501
0.7942205299 0.7714432114
0.7943165161 0.7682069338
0.8095050963 0.7671300458
0.8094910966 0.7671300708
0.8442508174 0.7669797466
0.8254843009 0.7671225077
0.8391603270 0.7671224293
0.8565448757 0.7661044290
0.8543995494 0.7661044714
