0.7928521475 0.0855221664 1.5100897814
0.2337126992 0.3630763489 1.4449551808
0.1904989889 0.7749048593 1.3067258422
1.3680220934 0.0952823642 0.6893502367
0.2469892233 0.2856924454 1.6969743544
1.2530835463 0.6737616953 0.2794913189
1.5892645828 0.6541278661 0.1682556460
1.6476126987 0.1128141924 0.6228326938
1.1082918356 0.5765432830 0.5897707084
1.3102202947 0.2163837476 0.6559686525
0.3160622043 0.2885952077 1.3334624069
0.7138868248 0.1119146873 1.8500274057
0.7745645223 0.0949361269 1.7707871601
0.2786490137 0.4255848134 1.4207527430
0.5204094588 0.5737655302 1.1628569070
1.2910249209 0.2223888289 0.5968370874
0.1953242359 0.4712152100 1.4789941006
0.1761205660 0.2968605321 2.6122021578
0.7729425908 0.1211483547 1.3458743425
1.5686580146 0.8279240812 0.1731654375
1.6127708686 0.3889170955 0.3189594986
1.2537666542 0.8618351992 0.1695204889
0.8986666189 1.6625823720 0.4695226022
1.0352098036 1.2488567249 0.7153850247
1.2670230406 0.5588468884 0.3489948017
0.9823196366 0.1005572357 1.2366641098
0.5193773444 0.0637993114 2.6901226808
0.5999149177 0.1161190457 2.1808723114
1.1668759985 0.1184184027 1.0997437503
0.6005754374 0.7077395401 1.0862243133
1.1524127673 0.3230384625 0.6486016556
1.8495542700 0.0765412495 0.4578513552
1.5483091031 0.0906578479 1.0393068098
0.5478299934 0.1233631287 1.4056294875
0.1603782961 0.3328462021 1.8133666040
0.1496017459 0.5964577231 2.7971719767
0.2512662763 0.8218186457 1.0552628459
0.2513146594 1.2516708237 1.0512382504
0.2513829399 1.2508710605 1.0520083857
0.3720273403 0.6981336625 1.1873384333
0.6013531257 0.7770967313 1.0669924137
0.5674056841 0.6722432367 1.1512006046
0.6005683495 0.7999153827 1.0857435631
0.1847040280 1.5930240831 1.3052810777
0.3417676172 0.1584942872 1.9806447399
0.3192968666 0.1587154819 1.8598350291
0.2354360274 0.3578945009 1.6901352849
0.2354360274 0.3585805466 1.6887639328
0.5999182516 0.1161186832 2.1821669012
0.7743208919 0.1016281875 1.3453144198
0.7928520969 0.0861196398 1.5100899396
0.7928517248 0.0860883975 1.5158105215
0.7920057567 0.0916959873 1.5193569990
0.7915422696 0.0809044925 1.5193577176
0.8710587225 0.0809007918 1.5193577150
0.9874220547 0.0756431083 1.3831681680
1.4067647721 0.0849662578 1.2465780123
1.3662779278 0.0849662578 1.2471092836
1.3662785299 0.0849663709 1.2236005344
1.3680340003 0.0852989651 1.2219808809
0.5476829016 0.1210801904 1.4302608191
0.1847040383 1.5635890769 1.3052801521
0.1873764275 1.6123645684 1.3052801478
0.1533973618 0.6967002481 1.4591578378
0.1300364985 1.6387770471 2.2735332673
0.1296229516 1.6387783036 2.2766455577
0.1343303370 1.0863562648 2.1039908118
0.0640817921 0.9883511345 2.4288946067
0.1343142710 1.0863415320 2.1047955032
0.1533973590 1.0847027407 1.5824815641
0.1738606349 0.6966995602 1.4520520261
0.2138523901 0.6178546867 1.4132690649
0.2140079893 0.6173663697 1.4135244488
0.2010434743 0.5995308447 1.4168069358
0.1761205656 0.2968879819 2.6144044161
0.2470336161 0.2856977562 1.6662842792
0.2470335339 0.2857427749 1.6925311704
0.2189079449 0.3724846767 1.7613339033
0.2265622084 0.3723871054 1.7613201267
0.2121572988 0.4712393079 1.4784598581
0.1953521712 0.4599072065 1.5070125333
0.2171252976 0.4662123334 1.4784647210
0.7457662931 0.3826243237 1.2053427478
1.2288792329 0.8236580901 0.3862679964
1.4103034457 0.0755329837 1.4034699584
1.0686063741 0.5710163524 0.6492531819
1.1076173024 0.5558839589 0.9300516305
1.8555610344 0.0765556766 0.4578360197
1.5599524714 0.1128188499 0.4921855123
1.3680220925 0.1962433628 0.6893596667
1.3998499159 0.2009671816 0.6893266994
1.3998499180 0.2009671816 0.6892923367
1.2640156482 0.1167858623 1.0996871607
1.1519612426 0.3230265903 0.6486028738
0.9823096412 0.1005572215 1.2408167789
0.9824342485 0.0996972596 1.2408167842
0.7311449881 0.2885184204 1.3334624069
0.7331401799 0.2886771125 1.3334597111
0.6098483487 0.3630573871 1.2643709423
1.2922339435 0.6635434191 0.3378733483
