0.4079897594 0.3919309955
0.0018318333 1.0213389526
0.0604112764 0.7987005025
0.3786928844 0.4095971128
0.5521240398 0.2765657218
0.5429687617 0.2952809357
0.3129887733 0.4739467699
0.0200521955 0.9048532571
0.0000000000 1.5637288569
0.0000000186 1.0954676826
0.5802274063 0.2690166106
0.4579263818 0.3489615939
0.0865480919 0.7384615827
0.7652288431 0.1449352724
0.1428260954 0.6529303649
0.1196905124 0.7028827833
0.6624839405 0.2111571445
0.7043648294 0.1875150034
0.1819043469 0.6072055009
0.6016278273 0.2451985601
0.9780429629 0.0351553623
0.0005799532 1.0323551152
0.1643109621 0.6390580333
0.7264774933 0.1683111225
0.3242836644 0.4603198763
0.9259189087 0.0581045061
0.6789631952 0.1985264416
0.8985596671 0.0758655612
0.0259508388 0.8755322131
0.0054969788 0.9733496354
0.3402099734 0.4456907929
0.8134765810 0.1190065585
0.4692389001 0.3459093647
0.4951324486 0.3274025234
0.8423477168 0.0974140164
0.9483643546 0.0484253869
0.0472579748 0.8297543544
0.0141691184 0.9222801263
0.0000000037 1.1146110491
0.6605308155 0.2182345946
0.6289062804 0.2396231564
0.4795076274 0.3351633768
0.7808538431 0.1356383165
0.0717787920 0.7672002344
0.8009034133 0.1274467893
0.9219971634 0.0621957770
0.8735977168 0.0830959072
0.0004884005 1.0373894265
0.0916612764 0.7351420705
0.9730231864 0.0390609642
0.3555336644 0.4336982489
0.2033692731 0.5805500896
0.9414081880 0.0526518962
0.4376316084 0.3698963805
0.1470360161 0.6505673551
0.3635720055 0.4298973484
0.1134054969 0.7130794242
0.0001378506 1.0525270822
0.2536929438 0.5219790559
0.0020754347 1.0073720189
0.0601671357 0.7996848899
0.4338467833 0.3748982425
0.5202636724 0.2986464508
0.2710273417 0.5085831290
0.2031879725 0.5848269550
0.2247468943 0.5562223458
0.4070743512 0.4075576527
0.4099428844 0.3844028314
0.3786929440 0.4083777941
0.4533692714 0.3564894491
0.4483643244 0.3597391587
0.5007324223 0.3189540126
0.8212890847 0.1149993928
0.9462890848 0.0517243156
0.8907471671 0.0795796363
0.2696689081 0.5152705284
0.3321689082 0.4575943247
0.0429687836 0.8403755817
0.9799960879 0.0331862181
0.1338810922 0.6687651311
0.0424881261 0.8418308821
0.7168064152 0.1762074060
0.2110004734 0.5764983682
0.7651983255 0.1451466106
0.3735977163 0.4169614918
0.3696914663 0.4223458922
0.1191406437 0.7032456787
0.1191406288 0.7044635707
0.0549545736 0.8201532685
0.0996745239 0.7198231133
0.5510254070 0.2902123763
0.5046386723 0.3129966220
0.1819038402 0.6130491063
0.7148532902 0.1801347846
0.1953754436 0.5952741403
0.4376297010 0.3702053771
0.4395828260 0.3675332066
0.0865480901 0.7475840930
0.0236314843 0.8860084281
0.0236315029 0.8829966344
