0.9547501886 0.1374070135
0.4536515628 0.8119498234
0.2753915789 0.9435074189
0.1779787281 0.9913304990
0.0000001229 1.0377450312
0.1669932009 0.9959828046
0.9698486952 0.1056847974
0.7391361825 0.4824811925
0.4895021072 0.7949829035
0.7124046280 0.5357125862
0.9072275170 0.2156992337
0.0625306378 1.0189894625
0.8916044244 0.2456105235
0.6604235439 0.5943365124
0.9638681719 0.1186140001
0.9275056281 0.1825647022
0.2910213771 0.9372069155
0.9116214671 0.2041173438
0.6749739663 0.5807001957
0.7289047546 0.4960618465
0.9595571039 0.1257191293
0.7269516296 0.4979446627
0.7681283995 0.4353974248
0.7190192013 0.5065017884
0.8933725403 0.2305891678
0.9111331859 0.2049968951
0.6878281838 0.5653108439
0.8692629345 0.2900138933
0.9698496489 0.0962838669
0.9815683970 0.0695426005
0.6515202836 0.6103583329
0.9113792339 0.2046171814
0.8813972519 0.2604172091
0.0166322002 1.0222751699
0.1416341077 0.9997804482
0.3750619976 0.8862029555
0.3449730150 0.9143657373
0.8750639054 0.2734714669
0.4404908432 0.8335306104
0.9814463267 0.0697422004
0.7149278249 0.5243606475
0.4145549633 0.8556853338
0.4923746684 0.7875430737
0.9619169542 0.1218997774
0.9541044542 0.1405144501
0.8115619140 0.3816124559
0.6875345713 0.5665640133
0.7187500025 0.5189812812
0.3466797046 0.8970885114
0.3457031421 0.9109233955
0.4072265629 0.8608416482
0.4072275166 0.8597756298
0.8916044542 0.2455938038
0.9619150469 0.1219298014
0.9980850266 0.0490277588
0.6465543561 0.6109292458
0.8291399952 0.3566687578
0.7469486825 0.4785436337
0.6766361824 0.5730489845
0.3088456619 0.9233343655
0.5278340620 0.7579097215
0.7716067143 0.4336811696
0.8056793220 0.3954308651
0.9113773265 0.2047478444
0.7890625324 0.4141923254
0.5960693663 0.6728825063
0.6039047545 0.6588888226
0.9438972519 0.1493616152
0.8364470031 0.3444051111
0.4257965688 0.8464758755
0.8518220343 0.3174169737
0.4547502030 0.8096576556
0.4265137915 0.8445485396
0.6604254513 0.5939350759
0.8440116279 0.3251264049
0.8464530342 0.3210845532
0.6448364878 0.6189746806
0.5574954753 0.7134789868
0.8382995146 0.3386962559
0.8673098095 0.2962992437
0.1726096870 0.9934726840
0.0010072002 1.0225272514
0.1416951429 0.9994542638
0.6899027868 0.5481568681
0.7929687824 0.4025524316
0.7124055817 0.5298212759
0.7891846027 0.4090389177
0.7188720728 0.5187815347
0.9688720731 0.1075341979
0.9698496470 0.1020509198
0.9737558970 0.0848679580
0.3076182020 0.9309221477
0.5278340769 0.7554962095
0.2520151178 0.9554432423
0.3770151179 0.8804028799
0.7520151183 0.4618217051
0.7676401183 0.4461420453
0.6309217267 0.6390730051
0.7114280655 0.5383826299
0.3911515627 0.8650440485
