0.4316573147 0.0476084960
0.0019733021 1.0218926984
0.0357094044 0.8337983469
0.0800820739 0.7163883620
0.4293327950 0.1564331507
0.4384871427 -0.0244445088
0.0000000000 1.0878375824
0.0073251743 0.9569369804
0.0175896157 0.9414936324
0.0488427151 0.7854617408
0.0634870977 0.7222748296
0.0855255277 0.7125931500
0.0175898541 0.9393661489
0.0175917614 0.9348702482
0.4378714882 -0.0028744090
0.4464159016 -0.0486526801
0.4376573567 0.0082785011
0.4357920004 0.0167789091
0.4376268391 0.0134894858
0.4454393391 -0.0456742280
0.4473929409 -0.0505648183
0.4473929428 -0.0505777256
0.4473930024 -0.0505876083
0.0176431388 0.9137318335
0.2422021667 0.2944901986
0.0175927151 0.9347067074
0.0568993446 0.7482153700
0.2519531848 0.2940876342
0.0566552003 0.7646640319
0.6437762721 -0.4152858300
0.6398932940 -0.3884837901
0.8750000017 -0.5084256051
0.6362314286 -0.3576825254
0.6447143570 -0.4203155175
0.8750009619 -0.5284690418
0.0002183914 1.0776502596
0.6474766793 -0.4259425677
0.0006752163 1.0341633523
0.6445922858 -0.4155144308
0.6447143561 -0.4169487951
0.6371510184 -0.3617431796
0.6394201532 -0.3774508731
0.6398925787 -0.3845689445
0.6388264193 -0.3706341717
0.6392994417 -0.3741890330
0.0319252173 0.8592187244
0.1973394167 0.6341257772
0.4542327229 -0.1020694859
0.2187576352 0.4986248046
0.2187576315 0.5126635215
0.2285257003 0.3687184780
0.2081390994 0.5340556241
0.2257777464 0.4116830892
0.2257777538 0.4103762257
0.0045814961 0.9786566426
0.0045778910 1.0135673769
0.0045778900 1.0144297834
0.0045814663 0.9809185784
0.0352211232 0.8345377331
0.0352211828 0.8339095683
0.0351600880 0.8361247823
0.0351600731 0.8441134396
0.0470933915 0.8095687163
0.0314683914 0.8806838515
0.0002145767 1.0786177440
0.0002136230 1.0805989232
0.2060654612 0.5604345610
0.2539062502 0.2717809267
0.0039062500 1.0145482398
0.0191192776 0.9030194915
0.0542755276 0.7727706870
0.0230255276 0.8957854410
0.0855264814 0.7116841389
0.0845499188 0.7133305421
0.1927572863 0.6518938529
0.0176431090 0.9308384297
0.0175821055 0.9415674336
0.0175897349 0.9414935990
0.0488427002 0.7855970220
0.1799463389 0.7034630571
0.2422021630 0.3277622490
0.2421951306 0.3294505785
0.2129603636 0.5220066014
0.2021876650 0.5940609415
0.2129606020 0.5195507951
0.4541107122 -0.1003327152
0.4541102354 -0.0819639517
0.4384852354 -0.0094505693
0.1875095984 0.6669917069
0.0654402227 0.7204283017
0.1904404612 0.6581820348
0.2373154613 0.3359505528
0.2285867354 0.3683395183
0.2265725753 0.3887717825
0.2187600753 0.4379570890
0.2187595984 0.4407430436
0.2207127234 0.4358809653
0.2285252234 0.3863411554
0.4189703487 0.2089939009
0.4160251640 0.2276047248
