0.8206330322 3.9351257927
0.8342058817 2.3107482156
0.8140459753 5.9025796465
0.8139089694 6.1959693532
0.8314521923 2.8619990902
0.8295023760 3.1533185933
0.8532808514 1.9175064261
0.8706326959 1.2032745193
1.9836927253 0.4801260282
2.2603779313 0.4426277537
2.0511380732 0.4475647611
2.0211649044 0.4611925583
1.2860909556 0.5506645506
1.2908385210 0.4921755770
1.1729606725 0.7231050602
1.1655776310 0.8273490198
1.1641180434 0.8353611622
1.1670144891 0.7536505470
1.2187692251 0.6520599445
1.2103720039 0.6524329999
1.2647475380 0.6349833305
0.9002753611 0.9970616480
0.9360412250 0.9203465040
0.8864464280 1.1870849241
0.9290175869 0.9348700075
0.9288261203 0.9967732544
