0.6820395560 0.0000000000
0.5257486052 0.0000000000
0.1829745065 0.0000000000
0.5159022398 0.0008279554
0.6939012688 0.0000000000
0.8504402459 0.0000000000
0.6828398863 0.0000000000
0.5217746258 0.0000000000
0.1782326274 0.0000000000
0.1759972721 0.0000000000
0.6837668445 0.0000000000
0.5179642234 0.0000000000
0.5226339611 0.0000000000
0.5168663843 0.0000000000
0.8532523123 0.0000000000
0.3579550588 0.0000000000
0.8757220274 0.0000000000
0.6891561483 0.0000000000
0.8622207878 0.0000000000
0.3754037724 0.0000000000
0.1907457062 0.0000000000
0.6901689025 0.0000000000
0.3596380975 0.0000000000
0.6856964031 0.0000000000
0.1702999205 0.0000000000
0.5376311393 0.0000000000
0.0299264116 0.0000000000
0.5234503994 0.0000000000
0.1996877099 0.0000000000
0.3443099222 0.0000000000
0.5329984636 0.0000000000
0.8713871703 0.0000000000
0.5312682382 0.0000000000
0.6864159995 0.0000000000
0.8564433259 0.0000000000
0.1804555188 0.0000000000
0.8549336898 0.0000000000
0.8642245115 0.0000000000
0.3682742603 0.0000000000
0.6945741717 0.0000000000
0.8651706388 0.0000000000
0.1942861518 0.0000000000
0.8523161052 0.0000000000
0.0191989615 0.0000000000
0.3560722645 0.0000000000
0.3525764427 0.0000000000
0.8582147876 0.0000000000
0.3543397038 0.0000000000
0.5187496454 0.0000000000
0.5249322763 0.0000000000
0.8538802475 0.0000000000
0.2047591012 0.0000000000
0.3704679115 0.0000000000
0.6847771980 0.0000000000
0.7008127412 0.0000000000
0.6959774642 0.0000000000
0.7029257432 0.0000000000
0.3647632562 0.0000000000
0.8629224029 0.0000000000
0.0372089908 0.0000000000
0.8517184370 0.0000000000
0.3453700769 0.0000000000
0.2120890260 0.0000000000
0.5284230059 0.0000000000
0.6993722802 0.0000000000
0.7045296540 0.0000000000
0.0444231001 0.0000000000
0.7064887682 0.0000000000
0.3468038152 0.0000000000
0.5347054628 0.0000000000
0.5147172468 0.0000000000
0.6883842718 0.0000000000
0.6968166241 0.0000000000
0.5443654339 0.0000000000
0.0000000000 0.0000000000
0.8700241353 0.0000000000
0.5275128710 0.0000000000
0.8571317647 0.0000000000
0.3505331371 0.0000000000
0.6983659719 0.0000000000
0.1733219323 0.0000000000
0.8635570383 0.0000000000
0.8559446045 0.0000000000
0.0096154455 0.0000000000
0.1883105645 0.0000000000
0.8528153235 0.0000000000
0.6872267883 0.0000000000
0.3619595970 0.0000000000
0.8612146530 0.0000000000
0.0543727048 0.0000000000
0.8600391805 0.0000000000
0.3494506400 0.0000000000
0.1845490416 0.0000000000
0.6916656136 0.0005629440
0.3477734579 0.0000000000
0.8677355301 0.0000000000
0.6924928444 0.0000000000
0.5160482028 0.0000123750
0.5295268294 0.0000199748
0.5197850457 0.0000000000
