0.6861039407 0.0703060814
0.1857405901 0.8431558577
0.8668209970 -0.5773188917
0.8537711555 -0.3235642566
0.1936871547 0.7975800690
0.6978279862 -0.1307765055
0.5273954251 0.2689645788
0.7063818303 -0.2034463243
0.6851278039 0.0913446019
0.3715804369 0.4934309059
0.3553351835 0.6116558109
0.3487495539 0.6869071877
0.5189248430 0.3911086865
0.5434499826 0.1624398128
0.6872471968 0.0463875305
0.5206246539 0.3637202546
0.8763304920 -0.6431834911
0.5196716805 0.3789175726
0.1906150390 0.8140170148
0.6840080927 0.1161380135
0.6887485137 0.0162316417
0.8658983324 -0.5652032992
0.5378089916 0.1786298516
0.8573815431 -0.4102139715
0.0236207166 0.9810799355
0.5231278061 0.3258561369
0.5303255779 0.2361665774
0.8632221034 -0.5246710455
0.1886793807 0.8251855148
0.7036586926 -0.1878957543
0.7008689215 -0.1645189785
0.0164998807 0.9901134909
0.1711984834 0.9415846721
0.6878224798 0.0346595593
0.8641014460 -0.5388582235
0.5217854854 0.3457785112
0.3465930154 0.7137447756
0.5318658851 0.2211457726
0.3577494509 0.5872883327
0.3618803181 0.5505306033
0.1811503150 0.8731149024
0.8508194841 -0.2450159865
0.8613933579 -0.4925275388
0.6907683249 -0.0219357004
0.1969162821 0.7822677144
0.1840124183 0.8542043179
0.7021020090 -0.1757653333
0.6957090074 -0.1024051252
0.5137514016 0.4814933326
0.0000000000 1.0000000000
0.3447759784 0.7369709108
0.6896153952 -0.0004980121
0.6834327798 0.1291378760
0.8522245894 -0.2832054249
0.8679700784 -0.5910385141
0.8516136586 -0.2667724358
0.6925298184 -0.0528127249
0.5173408564 0.4177347715
0.3683984365 0.5072342861
0.3778080799 0.4815680061
0.5158191019 0.4442262411
0.6967658465 -0.1170400634
0.8716367793 -0.6243906997
0.5344075457 0.1998876414
0.8605367115 -0.4762789082
0.1781275482 0.8936802044
0.3596555795 0.5695083959
0.5255986626 0.2916642158
0.8503640877 -0.2323459483
0.8549144970 -0.3521949907
0.6820986652 0.1599242228
0.0301017897 0.9718079866
0.5292353476 0.2477372764
0.0367829372 0.9624857408
0.6947856138 -0.0888472409
0.3647649442 0.5289998665
0.8594821010 -0.4552648721
0.3564759286 0.5998964814
0.0514660557 0.9493574013
0.8586874727 -0.4387132602
0.6917663564 -0.0397156015
0.3532328122 0.6343996090
0.5180006478 0.4065209495
0.8699894477 -0.6113962631
0.2131069757 0.7449200163
0.5242956214 0.3092819799
0.6993066999 -0.1482354405
0.3499750668 0.6720734972
0.8529759836 -0.3030408899
0.6936365362 -0.0709983460
0.6866703181 0.0583567939
0.6828293772 0.1429540769
0.1737968260 0.9236385067
0.5144277069 0.4691543920
0.8567666920 -0.3962539086
0.3477871520 0.6987758385
0.8556727498 -0.3704593664
0.2053686763 0.7537363671
0.8578835506 -0.4213569036
0.3518858122 0.6496461217
