0.1732826399 0.9272003210
0.3452261350 0.7311711689
0.5316850942 0.2228268100
0.6983047396 -0.1366193554
0.5228558925 0.3298180134
0.5164480298 0.4331749766
0.5171046004 0.4217913320
0.1956628714 0.7879535806
0.6845046346 0.1050587188
0.3576431105 0.5883194023
0.8595097869 -0.4558305408
0.8548131389 -0.3496998784
0.1873864250 0.8329526602
0.3547263411 0.6181037373
0.3504463632 0.6664586484
0.6910897333 -0.0277417478
0.3529136679 0.6379661391
0.5275918318 0.2665993493
0.8516053360 -0.2665467229
0.0133922292 0.9933428515
0.5189384996 0.3908836105
0.5238431275 0.3156178972
0.1711668451 0.9418020885
0.6897655126 -0.0033425131
0.0408687000 0.9574795403
0.3565651670 0.5989947945
0.1778024863 0.8959162187
0.5264234508 0.2810092995
0.0230048197 0.9819282214
0.6882371332 0.0263382959
0.8671768654 -0.5817312488
0.3464881313 0.7150714291
0.6862662281 0.0668624585
0.3608589816 0.5589968343
0.3477490133 0.6992499034
0.8587385157 -0.4397946663
0.6940399847 -0.0773868110
0.1837108164 0.8561637813
0.6839441088 0.1175752548
0.1921959945 0.8053476438
0.1892969934 0.8215595381
0.5252844919 0.2958252060
0.7024372645 -0.1785740900
0.5339099242 0.2036955979
0.0000000000 1.0000000000
0.3661100697 0.5202224454
0.5291721702 0.2484311240
0.1796076662 0.8835517315
0.8654336661 -0.5587360671
0.6963390913 -0.1112452233
0.8709771206 -0.6195810178
0.3714367097 0.4939443718
0.3588015377 0.5773077843
0.6868493500 0.0546201501
0.6927204353 -0.0560131171
0.3641366162 0.5333805071
0.1996738064 0.7710024052
0.0539711381 0.9488191749
0.1760783279 0.9078244527
0.7012134410 -0.1678052562
0.8621539540 -0.5063228314
0.5375442474 0.1799804647
0.8572542299 -0.4073513812
0.6955719211 -0.1004373276
0.3514850270 0.6542730336
0.0324799879 0.9683935636
0.5205405822 0.3650443346
0.8524736984 -0.2898280559
0.8633480269 -0.5267539695
0.3623118108 0.5470830363
0.5217927224 0.3456686896
0.8534759298 -0.3160017495
0.3782484280 0.4815124799
0.8579402226 -0.4226002383
0.6854031182 0.0853551093
0.8539260059 -0.3275034700
0.5443552315 0.1621158766
0.8662744341 -0.5702590803
0.8606407843 -0.4782926145
0.5148807809 0.4609675080
0.6891975682 0.0075013784
0.6831255589 0.1361495540
0.8762080773 -0.6430401114
0.2128468661 0.7449232091
0.5301911344 0.2375519243
0.8553104881 -0.3618610299
0.8696145344 -0.6079826660
0.8499274696 -0.2200695284
0.3496401782 0.6773948676
0.8506674477 -0.2408015089
0.8567203960 -0.3951890314
0.5155930744 0.4482317940
0.6821336545 0.1602315551
0.8643657725 -0.5429582101
0.6947827323 -0.0888038259
0.7092952080 -0.2119286181
0.2029520444 0.7600204830
0.7051711961 -0.1974329599
0.8520344130 -0.2781189114
0.5139726009 0.4774424275
