0.6820395560 0.1613080712
0.5257486052 0.2896980878
0.1829745065 0.8609828544
0.5159022398 0.4532224653
0.6939012688 -0.0752050149
0.8504402459 -0.2344744726
0.6828398863 0.1427118959
0.5217746258 0.3459433542
0.1782326274 0.8929581784
0.1759972721 0.9083857371
0.6837668445 0.1215683136
0.5179642234 0.4071355262
0.5226339611 0.3330797548
0.5168663843 0.4259029906
0.8532523123 -0.3102283548
0.3579550588 0.5853062376
0.8757220274 -0.6422866981
0.6891561483 0.0083009077
0.8622207878 -0.5075062332
0.3754037724 0.4837117258
0.1907457062 0.8132844277
0.6901689025 -0.0109078388
0.3596380975 0.5696652637
0.6856964031 0.0790224489
0.1702999205 0.9477447498
0.5376311393 0.1795314447
0.0299264116 0.9720616364
0.5234503994 0.3212056101
0.1996877099 0.7709501445
0.3443099222 0.7430041719
0.5329984636 0.2111206050
0.8713871703 -0.6226328937
0.5312682382 0.2267865364
0.6864159995 0.0636984153
0.8564433259 -0.3887762692
0.1804555188 0.8777980616
0.8549336898 -0.3526664974
0.8642245115 -0.5407766328
0.3682742603 0.5078746687
0.6945741717 -0.0856433996
0.8651706388 -0.5549677203
0.1942861518 0.7945788411
0.8523161052 -0.2856437119
0.0191989615 0.9869173748
0.3560722645 0.6040086215
0.3525764427 0.6417656766
0.8582147876 -0.4285816391
0.3543397038 0.6222582461
0.5187496454 0.3940031339
0.5249322763 0.3005561154
0.8538802475 -0.3263414052
0.2047591012 0.7551706340
0.3704679115 0.4976797630
0.6847771980 0.0990339160
0.7008127412 -0.1639725622
0.6959774642 -0.1062127706
0.7029257432 -0.1824742573
0.3647632562 0.5290113982
0.8629224029 -0.5196452654
0.0372089908 0.9619306734
0.8517184370 -0.2696098459
0.3453700769 0.7293226679
0.2120890260 0.7450515099
0.5284230059 0.2568505722
0.6993722802 -0.1489640763
0.7045296540 -0.1936607431
0.0444231001 0.9538431204
0.7064887682 -0.2039076879
0.3468038152 0.7110840305
0.5347054628 0.1976917936
0.5147172468 0.4639149770
0.6883842718 0.0234125600
0.6968166241 -0.1177191220
0.5443654339 0.1621158443
0.0000000000 1.0000000000
0.8700241353 -0.6117035922
0.5275128710 0.2675474305
0.8571317647 -0.4045839227
0.3505331371 0.6654305472
0.6983659719 -0.1373551279
0.1733219323 0.9269282546
0.8635570383 -0.5301735650
0.8559446045 -0.3770634984
0.0096154455 0.9964978386
0.1883105645 0.8273773378
0.8528153235 -0.2988352943
0.6872267883 0.0468074379
0.3619595970 0.5498913530
0.8612146530 -0.4891996082
0.0543727048 0.9487903710
0.8600391805 -0.4665023772
0.3494506400 0.6783810115
0.1845490416 0.8507400088
0.6916656136 -0.0296469200
0.3477734579 0.6989460246
0.8677355301 -0.5883626120
0.6924928444 -0.0521886980
0.5160482028 0.4403410358
0.5295268294 0.2448247055
0.5197850457 0.3770883126
