0.5273326915 0.2697249576
0.8520134848 -0.2775575503
0.1986790202 0.7748621299
0.8648208480 -0.5498366902
0.7093515918 -0.2120086881
0.6943541608 -0.0822709056
0.0000000000 1.0000000000
0.6864415562 0.0631598581
0.6928355388 -0.0579320401
0.3481566359 0.6941975830
0.1772180511 0.8999446960
0.6916928900 -0.0384320136
0.1732840582 0.9271905007
0.8535667389 -0.3183351858
0.3566401960 0.5982387719
0.8586531573 -0.4379848537
0.5239220860 0.3145043778
0.5208427191 0.3603011514
0.0202837002 0.9855460786
0.8593785892 -0.4531433378
0.3750185732 0.4843425885
0.2045925325 0.7555804632
0.6856234987 0.0805919683
0.8551282789 -0.3574296372
0.7035634752 -0.1872207859
0.3498337354 0.6737672614
0.3631238729 0.5408078585
0.7053563812 -0.1984466051
0.3695944263 0.5014533554
0.3470785483 0.7076277932
0.5229698814 0.3281525142
0.1751890539 0.9139862950
0.8663664188 -0.5714711155
0.0538046399 0.9488358717
0.5151566998 0.4560141346
0.1960865987 0.7859936177
0.5304014043 0.2353904384
0.8748886458 -0.6403110793
0.3516286327 0.6526094874
0.3528285761 0.6389218979
0.3668655605 0.5156595499
0.8722942732 -0.6286575199
0.3587162444 0.5781017821
0.8640509739 -0.5380666455
0.3456870976 0.7252621917
0.5324480611 0.2158830358
0.0113414752 0.9951685725
0.8704132354 -0.6150520312
0.6891793182 0.0078535147
0.7006167637 -0.1620434199
0.6986912113 -0.1412069727
0.1886531311 0.8253408669
0.3443212118 0.7428576938
0.1911193983 0.8112049643
0.8570602467 -0.4029614979
0.6956803495 -0.1019950632
0.8526789390 -0.2952498775
0.6968897194 -0.1186927252
0.5193891823 0.3835005604
0.6833526845 0.1309612748
0.8545784276 -0.3438895337
0.1817558643 0.8690596545
0.5138963231 0.4788376868
0.3599892070 0.5665373411
0.8624041026 -0.5107280460
0.3544115290 0.6214830088
0.6874674915 0.0418716389
0.8602740814 -0.4711489726
0.5218994131 0.3440526297
0.8505982617 -0.2388784988
0.5160277522 0.4405443857
0.8675603321 -0.5863219989
0.5288561281 0.2519399682
0.0437000116 0.9545186259
0.2129131709 0.7449204090
0.6822477322 0.1564415816
0.8501707809 -0.2269260886
0.5180371738 0.4059051927
0.6846844727 0.1010789532
0.6883396595 0.0242981338
0.5418944220 0.1644759882
0.1702069596 0.9483801487
0.3614436048 0.5540985300
0.8611417229 -0.4878320741
0.6900645189 -0.0089611997
0.6827699346 0.1443249424
0.8514566847 -0.2625070041
0.6840546380 0.1150938479
0.8561960600 -0.3829962084
0.5247675683 0.3027921718
0.1933278977 0.7994134121
0.1797458309 0.8826114501
0.5258454718 0.2884347547
0.1853544379 0.8455966372
0.5359168967 0.1894171060
0.0354627748 0.9642451180
0.3657616900 0.5278490669
0.6907997194 -0.0225061403
0.8496596368 -0.2124778741
0.5338656990 0.2040424663
