0.0414694137 0.0000000000
0.5397301761 0.0000000000
0.7402332014 0.0000000000
0.1368679639 0.0000000000
0.2856876435 0.0000000000
0.9581930704 0.0000000000
0.6598268189 0.0000000000
0.4275701619 0.0000000000
0.3311711099 0.0000000000
0.1822902473 0.0000000000
0.0383588471 0.0000000000
0.3378762253 0.0000000000
0.8563435350 0.0000000000
0.0352306253 0.0000000000
0.1083850856 0.0000000000
0.2602706538 0.0000000000
0.0825264953 0.0000000000
0.5682726142 0.0000000000
0.0403674183 0.0000000000
0.1398407102 0.0000000000
0.7618383337 0.0000000000
0.3213073982 0.0000000000
0.1841186679 0.0000000000
0.3433456823 0.0000000000
0.3411059683 0.0000000000
0.5670383681 0.0000000000
0.1591274373 0.0000000000
0.2847647437 0.0000000000
0.6546383339 0.0000000000
0.0434758248 0.0000000000
0.1650187135 0.0000000000
0.2448893291 0.0000000000
0.7634717792 0.0000000000
0.1408441822 0.0000000000
0.9328859647 0.0000000000
0.9758816937 0.0000000000
0.4649544421 0.0000000000
0.3590441012 0.0000000000
0.5554229417 0.0000000000
0.0586468033 0.0000000000
0.2239779577 0.0000000000
0.9732696468 0.0000000000
0.5271988037 0.0000000000
0.0524511114 0.0000000000
0.0266948984 0.0000000000
0.2273011585 0.0000000000
0.1780978192 0.0000000000
0.2426395920 0.0000000000
0.2721996145 0.0000000000
0.6454127311 0.0000000000
0.1541940857 0.0000000000
0.8313417227 0.0000000000
0.4514390522 0.0000000000
0.8392709884 0.0000000000
0.1233020898 0.0000000000
0.0728566038 0.0000000000
0.6802839660 0.0000000000
0.0612993667 0.0000000000
0.9159309640 0.0000000000
0.3622868648 0.0000000000
0.0570774199 0.0000000000
0.0622751061 0.0000000000
0.0000000000 0.0000000000
0.3248922558 0.0000000000
0.7564788741 0.0000000000
0.1730236898 0.0000000000
0.2579489766 0.0000000000
0.5379722546 0.0000000000
0.2480041657 0.0000000000
0.4682378236 0.0000000000
0.2161095599 0.0000000000
0.4563976740 0.0000000000
0.0170404101 0.0000000000
0.5540646727 0.0000000000
0.1417096598 0.0000000000
0.0388918472 0.0000000000
0.2620863594 0.0000000000
0.2591412625 0.0000000000
0.1267041613 0.0000000000
0.0375565456 0.0000000000
0.0553640801 0.0000000000
0.1361510169 0.0000000000
0.3298444345 0.0000000000
0.2233844329 0.0000000000
0.8646061513 0.0000000000
0.0371661188 0.0000000000
0.2199836911 0.0000000000
0.7758396232 0.0000000000
0.5518545583 0.0000000000
0.0311859043 0.0000000000
0.4552831455 0.0000000000
0.0582125723 0.0000000000
0.0682286037 0.0000000000
0.1466725685 0.0000000000
0.4153080493 0.0007544946
0.3580688393 0.0000000000
0.5203567160 0.0000000000
0.0490222225 0.0000000000
0.4397980361 0.0000000000
0.9529837086 0.0000000000
