0.0396188619 0.0000000000
0.1543022887 0.0000000000
0.5499991145 0.0000000000
0.4554612511 0.0000000000
0.3183869582 0.0000000000
0.2730137014 0.0000000000
0.6318358169 0.0000000000
0.1736118307 0.0000000000
0.2659147432 0.0000000000
0.4660171628 0.0000000000
0.1495263408 0.0000000000
0.5164924839 0.0000000000
0.4622512628 0.0000000000
0.2609658697 0.0000000000
0.3430949805 0.0000000000
0.1595522071 0.0000000000
0.2201868605 0.0000000000
0.6464430518 0.0000000000
0.1357545775 0.0000000000
0.4404172910 0.0000000000
0.6229300839 0.0000000000
0.4363925456 0.0000000000
0.1667487220 0.0000000000
0.8449633499 0.0000000000
0.4701491067 0.0000000000
0.0604600517 0.0000000000
0.4592242809 0.0000000000
0.1782726100 0.0000000000
0.2624257820 0.0000000000
0.5714188777 0.0000000000
0.0561154985 0.0000000000
0.2396270955 0.0000000000
0.1614182520 0.0000000000
0.5596378635 0.0000000000
0.6287616824 0.0000000000
0.0451512554 0.0000000000
0.3269128024 0.0000000000
0.1588958112 0.0000000000
0.0754156236 0.0000000000
0.7278688341 0.0000000000
0.5260423572 0.0000000000
0.1746169666 0.0000000000
0.8247465892 0.0000000000
0.0404158568 0.0000000000
0.0440126592 0.0000000000
0.4370099928 0.0000000000
0.1183761547 0.0000000000
0.2686349386 0.0000000000
0.3564072807 0.0000000000
0.7228875706 0.0000000000
0.0750217953 0.0000000000
0.0368226046 0.0000000000
0.6424900601 0.0000000000
0.1378512932 0.0000000000
0.5577941540 0.0000000000
0.3527994978 0.0000000000
0.9660259761 0.0000000000
0.7653224664 0.0000000000
0.3236205450 0.0000000000
0.9643954180 0.0000000000
0.3283665055 0.0063354257
0.1650616516 0.0000000000
0.0485948127 0.0000000000
0.5677935420 0.0000000000
0.0486024327 1.0000000000
0.5422116879 0.0000000000
0.5887521593 0.0000000000
0.1400661562 0.0000000000
0.8766393501 0.0000000000
0.2316793537 0.0000000000
0.0000000000 0.0000000000
0.2558406290 0.0000000000
0.1676992958 0.0000000000
0.0388057532 0.0000000000
0.0410896533 0.0000000000
0.6161825738 0.0000000000
0.0364419734 0.0000000000
0.6538764418 0.0000000000
0.6675987680 0.0000000000
0.7580468038 0.0000000000
0.0597244564 0.0000000000
0.1554561780 0.0000000000
0.9435150936 0.0000000000
0.1565801448 0.0000000000
0.3716870148 0.0000000000
0.6708023417 0.0000000000
0.3405117274 0.0000000000
0.0625825096 0.0000000000
0.2434971175 0.0000000000
0.7683012943 0.0000000000
0.7539389949 0.0003238005
0.0345230097 0.0000181624
0.4800711650 0.0000000000
0.0432274613 0.0000000000
0.2501417554 0.0000000000
0.3342528812 0.0000000000
0.6392554705 0.0000000000
0.8167730960 0.0000000000
0.2792817930 0.0000000000
0.7512870765 0.0000052880
