0.8214073587 0.8601746574
0.5828548761 0.9954751484
0.9510935091 0.3943354184
0.9704783906 0.2589309173
0.8528806899 0.7963507492
0.9575120542 0.3521976779
0.7025992768 0.9706858717
0.9985089499 0.0148108527
0.4258827778 0.9998037088
0.9387432638 0.4685427496
0.7403184636 0.9505477782
0.9430809847 0.4434683308
0.9225607072 0.5533683080
0.8986735192 0.6564266676
0.9195483452 0.5677393801
0.9917835782 0.0791919015
0.8592725396 0.7805632667
0.9083232564 0.6176999641
0.3819580033 0.9999339069
0.8783262481 0.7267509786
0.9999979633 0.0000203665
0.9551937456 0.3677123471
0.9305206142 0.5133015233
0.9342615251 0.4933773055
0.9860767730 0.1308248697
0.8457306798 0.8127935303
0.4622515498 0.9995545656
0.5496902312 0.9974812783
0.2523940635 0.9999989510
0.5258808958 0.9983823896
0.2289023038 0.9999996051
0.8922898863 0.6800665089
0.9409395539 0.4559770113
0.5634360537 0.9967756191
0.6103077532 0.9928305000
0.4504659510 0.9996559515
0.8836444052 0.7097479333
0.7304277019 0.9567712819
0.3458062728 0.9999755472
0.6881800231 0.9761756744
0.6760334038 0.9800620016
0.3157748066 0.9999901423
0.9529867216 0.3821707087
0.4933637566 0.9991455780
0.8092895188 0.8794855402
0.8731952220 0.7423005412
0.8283300918 0.8479332066
0.1915215763 0.9999999336
0.7150111937 0.9650756439
0.4045505244 0.9998825839
0.6230547497 0.9911841923
0.5111542796 0.9987823569
0.2742070444 0.9999975968
0.9765806290 0.2109926374
0.8347322453 0.8357626593
0.2920132829 0.9999954916
0.7749144544 0.9219203931
0.8889821066 0.6917307570
0.9130969400 0.5971263404
0.9491842864 0.4063842716
0.6385740229 0.9887251058
0.9022897447 0.6423483666
0.5964457080 0.9943021741
0.9938383640 0.0599356720
0.9365075597 0.4810651060
0.4779514110 0.9993779325
0.9971134720 0.0284932100
0.9054781489 0.6295072250
0.9902496384 0.0933348457
0.9721409032 0.2461374550
0.1796657659 0.9999999650
0.9163099655 0.5827233355
0.9250588961 0.5411255888
0.7547905710 0.9399843295
0.6514478362 0.9862343584
0.8399607264 0.8251805279
0.9783493219 0.1965858370
0.8010678073 0.8911839919
0.8687193917 0.7552091613
0.9452848452 0.4303252721
0.2166458778 0.9999997722
0.3340920659 0.9999826755
0.9592850804 0.3401018663
0.6639499750 0.9833523250
0.9276051572 0.5283372864
0.9876499246 0.1168583868
0.9635488251 0.3101776491
0.8636106468 0.7692297195
0.9736934535 0.2340110565
0.9615556781 0.3243148600
0.9800597345 0.1824290216
0.3636678621 0.9999595378
0.9956216267 0.0429310714
0.7901205092 0.9051727078
0.9832002983 0.1558492389
0.9472838769 0.4181628394
0.2032601328 0.9999998796
0.9669671758 0.2853106346
0.9814503845 0.1707541153
0.9687867780 0.2717474243
