0.9851825273 0.1386750885
0.3384288462 0.9999802906
0.8780063065 0.7277446933
0.7260107602 0.9593153509
0.8122979990 0.8749298029
0.9680527287 0.2772466147
0.2774749759 0.9999972946
0.1798877118 0.9999999645
0.9725379223 0.2430530418
0.9023221385 0.6422199429
0.8720005684 0.7458046040
0.6270227885 0.9906063743
0.9764231190 0.2122642828
0.9474289407 0.4172712196
0.9664021624 0.2894757082
0.8386306483 0.8279291519
0.7529798135 0.9414086730
0.9323647450 0.5035695250
0.6104341817 0.9928156341
0.9138751031 0.5936797576
0.9592748933 0.3401719407
0.7666281338 0.9298790922
0.9516608527 0.3907128113
0.7421973026 0.9492783099
0.8899983827 0.6881884669
0.8848806040 0.7056617132
0.9246353219 0.5434152787
0.9952534821 0.0464640814
0.3773025968 0.9999415347
0.9646234812 0.3024452596
0.9300040830 0.5159964442
0.5494718165 0.9974912683
0.9883052014 0.1109814753
0.8334454872 0.8382769238
0.9746213316 0.2266802071
0.7794779322 0.9171984925
0.8610508555 0.7759793641
0.3939513117 0.9999099621
0.9898053488 0.0973945244
0.8219801008 0.8591966334
0.9402187635 0.4601300691
0.6774351950 0.9796446976
0.9869093643 0.1234580651
0.9824752973 0.1620532988
0.9421920739 0.4486917839
0.9277126294 0.5277905339
0.9538703373 0.3764181925
0.2176456883 0.9999997615
0.6470696859 0.9871320151
0.2363392751 0.9999994563
0.9357697675 0.4851388757
0.4458983406 0.9996892876
0.1980717608 0.9999999071
0.7930566131 0.9015893933
0.4310105802 0.9997787520
0.9557441197 0.3640597014
0.9793993888 0.1879209878
0.4647576522 0.9995298185
0.8994676740 0.6533784195
0.8814551577 0.7168593444
0.9494900915 0.4044690049
0.9102551949 0.6094904476
0.3224631351 0.9999878437
0.7069148612 0.9688347139
0.9381477351 0.4719046489
0.5959616154 0.9943482507
0.9811359223 0.1734069140
0.8491665410 0.8050475323
0.9450449208 0.4317695236
0.6639754900 0.9833459263
0.5637240226 0.9967591015
0.5266192769 0.9983595329
0.9913574001 0.0831410523
0.9218590958 0.5567533608
0.9983737822 0.0161436864
0.9778289347 0.2008490091
0.9575559710 0.3519004985
0.6918813990 0.9748628203
0.4107872398 0.9998631737
0.9051168104 0.6309830545
0.8029071219 0.8886595167
0.1796522363 1.9999999999
0.8941317803 0.6734006518
0.9966677556 0.0328271854
0.5136747043 0.9987209669
0.3632369638 0.9999600147
0.9926767100 0.0708660553
0.4776417587 0.9993819510
0.9839008140 0.1498154690
0.9940381947 0.0580437774
0.9189561643 0.5705150468
0.8434747677 0.8177359367
0.9999993659 0.0000063408
0.9625229845 0.3174868696
0.2522957014 0.9999989570
0.9163457628 0.5825602898
0.5757808972 0.9959952767
0.8548751000 0.7915381079
0.9696350927 0.2653453206
0.8277350471 0.8490220791
