9.2070272357 1.8048046104 1.5210244865
4.1791405098 7.7535501422 0.0002286447
4.4100287304 7.5226619217 0.0002286447
7.8686348753 0.0002286447 4.0640557768
5.1314362513 1.4748632158 5.3266198297
2.4160117783 1.3287346430 8.1881728754
2.6617170537 1.5599189319 7.6621217229
9.8078941643 0.0002276615 2.0756358827
4.0426053234 0.0001930597 6.1107641899
5.3077876279 0.0001930597 4.8455818854
1.3525701621 0.0001930597 8.8007993512
0.0001899631 0.0001899631 9.9983463254
8.5611544005 2.8690186149 0.0002185947
2.7755866740 0.0002185947 8.6545863413
0.9716665815 0.9025104809 9.5562145476
5.5539743647 4.5211177107 1.3552995347
0.0002185947 6.3584452214 5.0717277939
3.7890290323 0.2678444330 7.3735181448
0.0002130734 6.9460996215 4.2079985933
0.0002130734 5.0261129702 6.1279852446
1.7169079709 9.4371902439 0.0002130734
0.7381418694 1.2976590410 9.1185103778
3.5142537235 0.5465975314 7.0934600333
0.0001629310 1.5780262239 7.0688496749
0.0001815403 8.4435638301 1.1338167179
4.8658860916 5.2723394845 1.3613510993
1.8645895459 8.2736360302 1.3613510993
2.4460696877 3.0456482162 6.0078587716
5.1219097631 6.3774469340 0.0002199783
2.0138085434 2.5074220570 6.9783460750
2.1208528827 2.6407073740 6.7380164187
8.0679618379 3.4313948592 0.0002199783
7.8824381572 3.6169185399 0.0002199783
4.1269637262 5.1386019988 1.5475687210
7.9272691413 2.2109564348 1.3613510993
4.1266783083 6.0115472678 1.3613510993
4.4271756815 5.5124060118 1.3346772480
2.8485746767 6.6970905618 1.7285937027
8.8222528044 2.4517906646 0.0002154723
10.2911767985 0.0001958196 0.0001958196
0.0001958196 10.2911767985 0.0001958196
0.0001958196 7.9497748210 2.3415977971
10.2911767985 0.0001958196 0.0001958196
6.5267813075 4.8318104346 0.0002171631
3.8059038566 2.8175540979 4.7353509508
7.2100503165 4.1485414257 0.0002171631
4.5217524872 6.8368392550 0.0002171631
3.1426602095 8.2159315326 0.0002171631
4.7899664303 4.3820028916 2.1868395834
3.3265287582 8.0320629839 0.0002171631
6.9341228491 4.4244688930 0.0002171631
1.0970204683 2.8677510501 7.0071974632
1.6515608630 4.3175486037 5.3896994385
4.5292752630 6.8293164791 0.0002171631
7.1924856081 4.1661061340 0.0002171631
2.8331762382 0.5062704129 8.0193622542
3.2039982906 0.5725105878 7.5823000269
9.3905565961 1.6776145928 0.0002113550
2.9458462825 0.5263919626 7.5961442988
5.1744193687 0.9244833655 4.9694798097
5.3782650921 0.9608964544 4.7292209973
5.9974117293 1.0714950051 3.9994758096
8.1495395040 0.0002083403 2.7678931010
