100.3103515921 48.9471105138 -72.8992457896
66.8958672746 92.9524623171 -91.6377377114
38.5897814915 30.0798030849 -29.4081742222
97.5857012021 0.1000000000 -56.3207383973
7.0348923144 66.4423882183 -39.7351907286
66.9390136988 74.9623826886 -81.8468659325
62.6925972535 83.3914035973 -77.0258071293
45.6499864399 28.1840804329 -38.6397428835
65.5798834705 19.5903844215 -48.8191516175
15.8782858372 11.6472769478 -9.1732600785
80.6733080859 52.0063010625 -72.3903317391
80.4312813107 44.5017465499 -68.9424194980
72.1460825042 44.8586718492 -60.9962158821
71.8446209750 12.3897428382 -44.3001605212
92.4095567584 12.2950384524 -57.3763740437
82.3289743261 14.9719984524 -49.0013524683
81.9454931062 23.9440248115 -57.9660117836
81.7622932900 35.7660534642 -66.6352289783
81.7161596374 82.4033434088 -93.8560737691
81.7788806173 74.4420585387 -89.3653595623
99.1061752218 15.6939089649 -60.9850478904
14.4155827208 99.0317636107 -64.3872487776
41.0634034668 55.7757003789 -53.2231948034
41.7423756804 47.7449557197 -43.9821274401
41.7168943419 87.0068260430 -69.9297473553
83.7021425596 91.6903046936 -100.3672305418
0.1439294919 91.6622394263 -52.2663612304
11.7714485304 77.6012448731 -47.7837759204
16.2500759465 82.3278474235 -55.3204302245
23.0527854966 92.2579723086 -59.7189298081
30.3970474359 41.0517341501 -34.8103694293
45.5889101970 19.7080127356 -34.6249798331
88.9153835255 19.7321619255 -54.9833587550
44.9947091791 91.6523175638 -77.1821983491
9.1213016603 18.4517140728 -7.2658483205
13.0066308741 38.9974170792 -27.5840020939
79.5566945002 62.9427210487 -79.4430322205
0.1383207139 62.9662044674 -35.7464904707
27.4764890953 22.9826550629 -21.7257988545
16.9288333298 0.1121390371 -8.7646030122
61.5915224091 52.2795984939 -65.2883102708
94.2353622817 52.2681772331 -83.4116499152
8.3767028280 0.1146749448 -2.8291801855
8.3694900648 22.2776976964 -15.9846523938
95.6674583537 78.9123025390 -96.7301030387
95.6660809861 39.7083369817 -69.4606979623
22.9101760524 74.9489872744 -55.9129177728
22.9114432316 57.6991206099 -41.3621080022
20.3171795735 13.5358066337 -17.4668084549
7.5199554250 93.6363160079 -57.2371918460
45.6184096404 0.1073773912 -25.7440004790
45.6230970589 64.3047729946 -63.0509605152
45.6191223697 47.6597993560 -52.1900117909
45.6187120184 38.1100607622 -37.2165711604
45.6213475354 16.0323664811 -27.2681992893
50.9783473124 6.5550018975 -28.1667429762
24.2224822379 34.9823026345 -32.1788229965
66.2947756946 34.9850510064 -57.3371687169
71.6500510738 0.1129740905 -39.8629233599
56.9840249591 34.9840764760 -50.7614018963
36.8430487828 9.4464660088 -19.0571565511
35.1423013481 71.6443249436 -46.9594353731
29.6784817941 52.2339691338 -44.1491573449
29.6742843702 13.3008252501 -14.8424156119
75.0030259599 60.3631896097 -68.7187720916
78.9125243041 7.1949121078 -45.1877682621
38.4337194933 17.6622909343 -20.3864598735
17.5552827450 32.7790050870 -18.6329852827
34.3214773610 72.9464832244 -61.1215611446
24.1901778208 0.1044144283 -11.2180168564
16.2880994287 44.9601046246 -34.6884099255
87.6802131855 70.3171563363 -84.2553728637
87.6761437902 0.1018365435 -44.6236127054
59.5610130301 72.3283155100 -72.3207149068
59.5595161299 8.7522244649 -34.5378465558
59.5631245679 47.6541759176 -59.2530640606
59.5591745150 94.3496896993 -80.9366462647
59.5606836392 24.8764968872 -45.8125183891
59.5580319471 0.1038624978 -32.4708026999
96.8973708469 24.9966976787 -67.6844197291
59.5575662853 64.2109272935 -67.4759523130
0.1038026274 24.9960663800 -12.5643593318
0.1026565426 70.2041964263 -36.6041114562
54.8372246384 24.8115852673 -34.7193990990
0.1006464353 100.1006464353 -28.5277215045
29.6780377935 90.9953792148 -63.7373244160
0.1029441908 78.9523054306 -45.2825990716
0.1019766047 56.1353054798 -20.6441912597
0.1056566619 99.5071128053 -45.8862890742
16.1420483789 56.3718419558 -31.4952685345
0.1023658591 34.9139490311 -19.3259053979
2.1218256328 58.1840698449 -28.6721260743
2.1204919941 46.2950977291 -26.5429897745
2.1195744283 0.1009294105 0.3078344201
84.1666820731 0.1018442715 -38.0556345526
0.1005690294 0.1005690294 1.0050416199
49.0777104740 0.1005181326 -16.5454541791
