0.3903385130 0.3747032292 3.8016352853
1.5105539575 0.0000800519 2.9922019892
4.3552416528 0.1475142940 0.0000800519
2.6231845630 0.2770459943 1.6026054414
2.6924567847 1.8102991621 0.0000800519
2.0693661958 1.3913642940 1.0421055088
0.8247924668 0.5545753258 3.1234682061
1.3362848323 0.0249721659 3.1415790005
0.0000800519 3.2653818557 1.2373740910
2.6924567847 1.8102991621 0.0000800519
1.2967432177 0.8718913455 2.3342014355
0.0000800519 2.1685545112 2.3342014355
0.0000800519 1.7225803475 2.7801755993
0.5052142839 1.6634202793 2.3342014355
0.0000800519 3.2541782987 1.2485776480
1.0821444013 1.0864901619 2.3342014355
2.1685545112 0.0000800519 2.3342014355
0.9418478563 3.5609080905 0.0000800519
0.0504295515 4.4523263952 0.0000800519
1.8898718309 2.1811047595 0.4318594083
0.0000800519 1.1960141861 3.3067417607
2.1534411461 2.3493148006 0.0000800519
0.0000800519 2.7522315025 1.7505244442
2.0305125219 2.4722434249 0.0000800519
1.7040943411 2.7986616056 0.0000800519
0.0000800519 1.2811721973 3.2215837495
1.3590360786 0.6112454846 2.5325544355
0.0000800519 0.7715668998 3.7311890470
1.1243480603 3.3784078865 0.0000800519
0.0000800519 0.4489803120 4.0537756348
0.0000800519 3.3745229298 1.1282330169
0.6271344648 3.8756214820 0.0000800519
0.0000800519 3.3704481234 1.1323078234
1.1298152446 3.3729407021 0.0000800519
2.2547167096 2.2480392371 0.0000800519
2.7462988921 1.0916556240 0.6297174778
1.6212637882 2.2166907280 0.6297174778
1.8828377933 0.7484442983 1.8363899023
2.2363763965 0.8889699721 1.3423256254
0.5477252369 3.2902292792 0.6297174778
0.0000793487 0.0000793487 4.4675132966
1.2171878050 0.4838595761 2.7666246128
0.3439276214 0.6099341576 3.5138102149
1.9987934433 0.7945347272 1.6743438235
2.3493997493 0.9338948619 1.1843773827
0.7399334781 3.7276591672 0.0000793487
3.1968503590 1.2707422863 0.0000793487
1.4423165669 3.0252760784 0.0000793487
2.4732611269 0.9831276851 1.0112831820
1.9191496975 0.7628776721 1.7856446243
1.9505534555 2.5170391898 0.0000793487
2.9947163340 1.4728763113 0.0000793487
1.5029024217 0.5974263512 2.3673432210
3.8507510778 0.6168415675 0.0000793487
1.5514539191 2.9161387262 0.0000793487
4.4675132966 0.0000793487 0.0000793487
1.8711581888 2.5964344565 0.0000793487
2.6355153599 1.8320772854 0.0000793487
0.0000793487 4.4675132966 0.0000793487
0.0000793487 2.3139704725 2.1536221728
0.0000793487 4.0669413121 0.4006513332
1.8959927746 1.3080217964 1.2636574230
4.4675132966 0.0000793487 0.0000793487
0.0000793487 2.6947078392 1.7728848061
0.6118962996 1.8003004135 2.0554752809
0.0000793487 1.4188158599 3.0487767854
0.1469534438 2.4558939587 1.8648245914
0.0000793487 1.7661790917 2.7014135536
2.8175162349 1.6500764103 0.0000793487
0.0000793487 0.0000793487 4.4675132966
0.0000793487 0.6220940925 3.8454985527
4.1681477746 0.2994448707 0.0000793487
0.0000793487 1.4199934036 3.0475992417
0.0000793487 3.7934044977 0.6741881476
0.0000793487 3.4369553464 1.0306372989
4.4675132966 0.0000793487 0.0000793487
4.4675132966 0.0000793487 0.0000793487
3.5133506802 0.9542419651 0.0000793487
1.0033412080 1.6410840065 1.8232467794
0.9951451450 3.4724475003 0.0000793487
3.5524647810 0.9151278642 0.0000793487
0.0000793487 1.5982487277 2.8693439176
0.0000793487 1.0794732019 3.3881194434
1.6234005705 2.8441920747 0.0000793487
