0.5722984660 0.0608396548 0.5319484540 0.4276878408 0.5635608355 0.5729298444 0.5276550664 0.6059239787 0.7021960920 0.4146948240 0.5322900589 0.4511855823
0.3636738261 0.3053965634 0.5319484540 0.4314232989 0.5635608355 0.4841830655 0.4858978843 0.4515399867 0.5768671750 0.4146948240 0.5119603623 0.4511855823
0.2456852989 0.1331695772 0.5319484540 0.4989481548 0.5908421896 0.6149233481 0.5084208076 0.7239603768 0.5152291349 0.4811727032 0.5159071748 0.5314589185
0.8893256538 0.0000000000 0.5319484540 0.4989481548 0.5908421896 0.6149233481 0.5084208076 0.4855554477 0.5152291349 0.4811727032 0.5159071748 0.5314589185
0.1610264293 0.2061982225 0.4557289295 0.4764077836 0.5908421896 0.5600475941 0.4857786135 0.4683028660 0.3720238290 0.4119695274 0.5561356557 0.5567851902
0.7277562077 0.6480086214 0.4557289295 0.4538856147 0.5908421896 0.5164165730 0.4857786135 0.4683028660 0.5362224244 0.4119695274 0.5561356557 0.5567851902
0.5163788386 0.4441394983 0.4557289295 0.5480132560 0.5908421896 0.5164165730 0.4857786135 0.5429643274 0.3720238290 0.4858228529 0.5561356557 0.4538963515
0.5163788386 0.7401679478 0.4856826865 0.5480132560 0.5908421896 0.5164165730 0.4857786135 0.5429643274 0.3720238290 0.4858228529 0.5561356557 0.4927505937
0.2940684978 0.2791669285 0.4981690056 0.4499682224 0.5080483143 0.4856151856 0.3642879142 0.4894392891 0.5943285762 0.5391228579 0.5491956711 0.4085906656
0.1491496081 0.2741564438 0.4981690056 0.6345635172 0.5080483143 0.4856151856 0.3642879142 0.4894392891 0.5943285762 0.5391228579 0.4719006849 0.4271208533
0.6084781731 0.0000000000 0.4981690056 0.5290761479 0.5080483143 0.5743210881 0.4840727895 0.4894392891 0.5943285762 0.4946387651 0.6379629047 0.5430806549
0.1139424844 0.5126168387 0.4981690056 0.4897364640 0.5080483143 0.5743210881 0.4840727895 0.4894392891 0.4949037319 0.4946387651 0.4465573645 0.5430806549
0.0000000000 1.0000000000 0.4981690056 0.4681776788 0.5080483143 0.5743210881 0.4840727895 0.4894392891 0.5943285762 0.4946387651 0.4465573645 0.5430806549
0.5191841200 0.3342106786 0.4981690056 0.5184216559 0.4315842174 0.5743210881 0.4840727895 0.4894392891 0.5943285762 0.4946387651 0.4465573645 0.4990961374
0.1534281783 0.7724682071 0.4981690056 0.5184216559 0.4956556938 0.5241691143 0.4943490974 0.4894392891 0.6706885446 0.4946387651 0.5282818860 0.5412479098
0.0967735368 0.4607306137 0.3750673295 0.4641824163 0.4956556938 0.4631843888 0.4943490974 0.5421191495 0.6466022572 0.4946387651 0.5282818860 0.5412479098
0.0000000000 0.8293355403 0.5008141952 0.3935938576 0.5641544622 0.4466286230 0.4608528789 0.5421191495 0.6352570129 0.4946387651 0.4670666619 0.5412479098
0.4841542837 0.8088595069 0.5008141952 0.4641824163 0.5641544622 0.5954393017 0.4608528789 0.5421191495 0.3580825758 0.4946387651 0.5651307466 0.4864488566
0.7212257557 0.8088595069 0.5008141952 0.4641824163 0.5641544622 0.5721629669 0.4481171448 0.5421191495 0.4383012996 0.4946387651 0.5651307466 0.5412479098
0.6598938428 0.7217542595 0.5008141952 0.4641824163 0.5641544622 0.4647171955 0.4481171448 0.5384664771 0.4383012996 0.4946387651 0.5651307466 0.5412479098
0.1976001437 0.5970282959 0.5008141952 0.4641824163 0.5641544622 0.4647171955 0.4481171448 0.4637898747 0.4383012996 0.4946387651 0.5651307466 0.5412479098
0.6207463663 0.0993510152 0.4660595795 0.5360297974 0.5641544622 0.5585607194 0.4684296896 0.4637898747 0.5464224341 0.4946387651 0.4891640921 0.5412479098
0.0000000000 0.0993510152 0.4660595795 0.5360297974 0.5641544622 0.5585607194 0.4684296896 0.4637898747 0.5464224341 0.4946387651 0.4891640921 0.5412479098
0.0000000000 0.0000000000 0.4660595795 0.5360297974 0.4246191730 0.5585607194 0.4684296896 0.4637898747 0.5464224341 0.4946387651 0.4891640921 0.5412479098
0.0000000000 0.5855004589 0.4660595795 0.5360297974 0.5385420019 0.4976476707 0.4684296896 0.4932758263 0.5251065859 0.4946387651 0.4852419175 0.5412479098
0.7102455193 0.1460211002 0.4660595795 0.5360297974 0.5385420019 0.4976476707 0.4684296896 0.4932758263 0.5251065859 0.4946387651 0.4272508839 0.5412479098
1.0000000000 0.1460211002 0.4660595795 0.5360297974 0.5385420019 0.4976476707 0.4684296896 0.4932758263 0.5251065859 0.4946387651 0.4272508839 0.5412479098
0.3770498621 0.1460211002 0.3546849299 0.5360297974 0.5385420019 0.4839066265 0.4660635592 0.4932758263 0.4803360654 0.4946387651 0.4272508839 0.5412479098
0.6399884936 0.5667474677 0.4422238091 0.6812130866 0.4570455990 0.4876993647 0.4935296441 0.4461794531 0.4748484804 0.3970073983 0.3704272882 0.5565566715
0.7420558848 0.0000000000 0.5853773462 0.4767844564 0.5028833475 0.4876993647 0.4935296441 0.4812466600 0.4591883246 0.5613319703 0.5179661358 0.4867261927
0.4366999470 0.0000000000 0.5853773462 0.4767844564 0.5028833475 0.4876993647 0.4935296441 0.4812466600 0.4591883246 0.5613319703 0.5179661358 0.4867261927
0.3471719985 0.9124402319 0.5853773462 0.4767844564 0.5028833475 0.4876993647 0.4935296441 0.4812466600 0.4591883246 0.5613319703 0.4171650863 0.4867261927
0.2158086348 0.6393527157 0.5853773462 0.4767844564 0.3211610319 0.4876993647 0.4935296441 0.4261669039 0.4591883246 0.5613319703 0.3564143170 0.4867261927
0.1034836769 1.0000000000 0.4971103466 0.4767844564 0.5028833475 0.4876993647 0.4935296441 0.4812466600 0.4591883246 0.5613319703 0.4171650863 0.4867261927
0.0672067792 0.4031406644 0.4971103466 0.4767844564 0.5028833475 0.4876993647 0.4935296441 0.4812466600 0.4591883246 0.5613319703 0.4171650863 0.4867261927
0.1902425146 1.0000000000 0.4601322700 0.4767844564 0.5028833475 0.4876993647 0.4935296441 0.4812466600 0.4591883246 0.5613319703 0.4171650863 0.4867261927
0.3941644933 0.2488682869 0.4601322700 0.4767844564 0.5028833475 0.4876993647 0.4935296441 0.4812466600 0.4591883246 0.5613319703 0.4171650863 0.4867261927
0.1902425146 0.1499292167 0.4601322700 0.4767844564 0.5028833475 0.3477921660 0.4935296441 0.4812466600 0.4591883246 0.5613319703 0.4171650863 0.4867261927
0.1902425146 0.0000000000 0.4601322700 0.4767844564 0.5028833475 0.4016781142 0.4935296441 0.4812466600 0.4591883246 0.5613319703 0.4171650863 0.4867261927
0.4243525606 0.6001354428 0.4601322700 0.5952369628 0.5028833475 0.4016781142 0.5529602928 0.4812466600 0.4591883246 0.5613319703 0.4171650863 0.4867261927
0.6624369185 0.0091488060 0.4601322700 0.5952369628 0.5028833475 0.4467611763 0.5529602928 0.4966048823 0.4591883246 0.5613319703 0.4171650863 0.4867261927
0.6354225390 0.8672101785 0.4601322700 0.5952369628 0.5028833475 0.4467611763 0.5529602928 0.4966048823 0.4591883246 0.5613319703 0.6737701552 0.5978147479
0.2013243295 0.8208183535 0.4533678786 0.5019310985 0.5565621054 0.5699603023 0.4810375431 0.4966048823 0.4591883246 0.3980889349 0.5349384187 0.4126166083
0.3718740685 0.7563641922 0.4533678786 0.5019310985 0.5556445684 0.4360046970 0.4647685225 0.4966048823 0.4764173905 0.3980889349 0.6346900444 0.7090705230
0.6098829334 0.6579825808 0.4558779486 0.5019310985 0.5556445684 0.5699603023 0.4810375431 0.4966048823 0.4591883246 0.3980889349 0.5349384187 0.7090705230
0.3423720272 0.2321973740 0.4558779486 0.3736780276 0.3648774728 0.5699603023 0.5410600528 0.5947102394 0.4591883246 0.3980889349 0.5349384187 0.6020158647
0.3423720272 0.4082715944 0.4558779486 0.4882731005 0.5172677893 0.5699603023 0.4810375431 0.5947102394 0.4591883246 0.3980889349 0.5349384187 0.6020158647
0.0000000000 0.7564114591 0.4558779486 0.3101056199 0.5172677893 0.5184316887 0.4810375431 0.5247461463 0.4591883246 0.3980889349 0.5349384187 0.6020158647
0.3469808896 0.6109709423 0.5346885825 0.4882731005 0.5172677893 0.5699603023 0.4151070252 0.5669911043 0.4591883246 0.3980889349 0.5437081802 0.2595564965
0.1691706380 0.9480705567 0.5346885825 0.4882731005 0.5172677893 0.5699603023 0.5122254933 0.5669911043 0.4591883246 0.3980889349 0.5437081802 0.6020158647
0.3630148308 0.0000000000 0.5346885825 0.4882731005 0.4901341943 0.5699603023 0.4151070252 0.5669911043 0.4591883246 0.4559318218 0.5437081802 0.5673527752
0.2983901168 0.3431412591 0.6051273557 0.4882731005 0.4901341943 0.4521605331 0.6004769083 0.5534000219 0.5333407206 0.4143781646 0.4698030239 0.5673527752
0.2380909006 0.2296986074 0.6051273557 0.4882731005 0.4901341943 0.4521605331 0.3459027555 0.5097107150 0.7313400750 0.5767345102 0.4780078366 0.5422021298
0.4598950891 0.1106291426 0.6051273557 0.4882731005 0.4901341943 0.3776081026 0.4701405581 0.5097107150 0.4347612334 0.5767345102 0.4780078366 0.5417796300
0.3552454932 0.8186099072 0.6051273557 0.4882731005 0.4901341943 0.3776081026 0.4701405581 0.5097107150 0.4347612334 0.5767345102 0.4780078366 0.5417796300
0.3552454932 1.0000000000 0.6051273557 0.4882731005 0.4901341943 0.3776081026 0.4701405581 0.5097107150 0.4347612334 0.3999064360 0.4780078366 0.5417796300
0.1869154640 0.7054715409 0.5685793625 0.3841510253 0.4901341943 0.5980403024 0.4701405581 0.5097107150 0.3069528673 0.4114099518 0.4376648934 0.5417796300
0.0000000000 0.6292088468 0.5812853159 0.4882731005 0.4901341943 0.5980403024 0.2904080659 0.5097107150 0.5347598875 0.5767345102 0.4780078366 0.5417796300
0.0000000000 0.6832126129 0.5812853159 0.4882731005 0.4901341943 0.5980403024 0.4701405581 0.5097107150 0.5347598875 0.5164025075 0.4780078366 0.5417796300
0.4402671189 0.1888883214 0.5812853159 0.4882731005 0.4901341943 0.6399789616 0.4701405581 0.4395182122 0.5347598875 0.5164025075 0.4780078366 0.5417796300
0.5815598627 0.8806777079 0.5812853159 0.4882731005 0.4901341943 0.4039116056 0.4794821478 0.5097107150 0.5347598875 0.5164025075 0.5041960488 0.5121983707
0.5815598627 0.4316373690 0.5812853159 0.4882731005 0.4901341943 0.4039116056 0.4794821478 0.5097107150 0.5347598875 0.5164025075 0.5041960488 0.5121983707
0.5815598627 0.5326717781 0.5812853159 0.4882731005 0.4901341943 0.4039116056 0.4794821478 0.5097107150 0.5347598875 0.5164025075 0.5041960488 0.5121983707
0.3943968929 0.5326717781 0.5812853159 0.4882731005 0.4541109814 0.3528742790 0.4794821478 0.5097107150 0.5347598875 0.5164025075 0.5041960488 0.5121983707
0.0000000000 0.3424618203 0.4650774280 0.4882731005 0.4901341943 0.4039116056 0.5249977012 0.5097107150 0.5347598875 0.5614510824 0.5041960488 0.5121983707
0.2646611513 1.0000000000 0.4507983114 0.4882731005 0.5191563396 0.4039116056 0.5249977012 0.5097107150 0.5347598875 0.5614510824 0.5041960488 0.5121983707
0.6888804996 0.4448791873 0.4650774280 0.6056948224 0.4901341943 0.5399708277 0.4739805034 0.5097107150 0.5339901417 0.4959892590 0.5041960488 0.5121983707
0.8143030952 1.0000000000 0.4650774280 0.4496526500 0.4901341943 0.5399708277 0.5093845458 0.5097107150 0.5339901417 0.4959892590 0.5041960488 0.5224375366
0.5049765453 1.0000000000 0.4650774280 0.4496526500 0.4901341943 0.5399708277 0.5093845458 0.5097107150 0.5339901417 0.4959892590 0.5041960488 0.6627662400
0.8143030952 0.0000000000 0.4650774280 0.4496526500 0.4901341943 0.5017712399 0.5093845458 0.5097107150 0.5339901417 0.4959892590 0.5041960488 0.5921633260
0.0829089422 0.0000000000 0.4650774280 0.4496526500 0.4901341943 0.5017712399 0.5093845458 0.5097107150 0.5339901417 0.4959892590 0.5041960488 0.5921633260
0.8143030952 0.4217893583 0.4650774280 0.4496526500 0.4901341943 0.5017712399 0.5093845458 0.5097107150 0.5339901417 0.4959892590 0.5041960488 0.5921633260
0.8143030952 0.7121602388 0.4650774280 0.4496526500 0.4057760107 0.5017712399 0.5093845458 0.5097107150 0.5339901417 0.4959892590 0.5041960488 0.5921633260
0.1913144753 0.5005708623 0.4650774280 0.4496526500 0.4901341943 0.5017712399 0.5093845458 0.5097107150 0.5339901417 0.4959892590 0.5041960488 0.5921633260
0.4240745035 0.8135447705 0.4193893077 0.4496526500 0.4901341943 0.4996186584 0.5093845458 0.3565701844 0.5339901417 0.4959892590 0.3561111933 0.5921633260
0.4240745035 0.3469979347 0.4650774280 0.3814774158 0.5532872561 0.4996186584 0.5093845458 0.5097107150 0.4304279944 0.4959892590 0.3561111933 0.5921633260
0.4240745035 1.0000000000 0.4650774280 0.5235551452 0.4901341943 0.4996186584 0.5093845458 0.5097107150 0.5339901417 0.4959892590 0.3561111933 0.5921633260
0.4240745035 0.7413774783 0.4650774280 0.5235551452 0.4901341943 0.4996186584 0.5093845458 0.5097107150 0.5339901417 0.7182211124 0.5837240675 0.5921633260
0.0000000000 0.2250616837 0.4650774280 0.5235551452 0.4901341943 0.3886367408 0.5093845458 0.5097107150 0.5339901417 0.4959892590 0.3561111933 0.5921633260
0.5308084464 0.9281833657 0.5624158041 0.5235551452 0.4901341943 0.6217655625 0.5093845458 0.5097107150 0.5339901417 0.4964712387 0.3561111933 0.5647312563
0.6626527268 0.2250616837 0.5624158041 0.5235551452 0.5441704278 0.6217655625 0.5634712072 0.5097107150 0.5339901417 0.4964712387 0.3561111933 0.5647312563
0.5308084464 0.0000000000 0.5624158041 0.5477391648 0.4901341943 0.5123751466 0.5025358768 0.5097107150 0.5339901417 0.4964712387 0.5447711192 0.6042783091
0.7081622222 0.9308817855 0.5319181683 0.3310155680 0.4418656985 0.5123751466 0.5025358768 0.5115898054 0.5574943491 0.5668777304 0.3719429370 0.4916603048
0.8940905098 1.0000000000 0.5319181683 0.5341165188 0.5226051263 0.5123751466 0.5025358768 0.5115898054 0.5574943491 0.5668777304 0.4354610000 0.4916603048
0.2760096190 0.6500678459 0.4282734145 0.3310155680 0.4786631644 0.5123751466 0.6890506982 0.5115898054 0.5574943491 0.5866325473 0.5101727133 0.4916603048
0.2760096190 0.4132529971 0.4702656217 0.3310155680 0.4786631644 0.5123751466 0.4682216573 0.5115898054 0.5574943491 0.5668777304 0.5101727133 0.4916603048
0.2760096190 0.8225537714 0.4282734145 0.5995642065 0.6107539773 0.5449987657 0.4682216573 0.5115898054 0.5574943491 0.4932596193 0.5101727133 0.3726569007
0.2760096190 0.5751833192 0.4282734145 0.5995642065 0.6107539773 0.5449987657 0.4682216573 0.3513956315 0.5574943491 0.5832955783 0.5101727133 0.3726569007
0.2760096190 0.4881290216 0.4282734145 0.5075491235 0.5642684126 0.5449987657 0.4682216573 0.3990228373 0.3028043519 0.4932596193 0.5010113919 0.4695850534
0.2760096190 0.7384561868 0.4282734145 0.5075491235 0.5642684126 0.5449987657 0.4051228118 0.3990228373 0.5976308188 0.4932596193 0.4715053305 0.3870907295
0.0732093521 0.7384561868 0.5211792496 0.5075491235 0.5642684126 0.5449987657 0.5351516383 0.3990228373 0.5976308188 0.4932596193 0.5057893735 0.3870907295
0.1622831672 0.5561513993 0.5661640202 0.5183453608 0.5642684126 0.5449987657 0.3847007195 0.5731179840 0.5672837884 0.4932596193 0.6313093551 0.5393685333
0.6530015492 1.0000000000 0.5661640202 0.6349748109 0.5642684126 0.4718748959 0.5351516383 0.4404713603 0.5672837884 0.5309630803 0.5804687999 0.5017280288
0.6452391151 0.3385469258 0.5661640202 0.6349748109 0.5642684126 0.4718748959 0.5351516383 0.4404713603 0.5672837884 0.5309630803 0.5804687999 0.5017280288
0.5721230226 0.7089096632 0.4215530017 0.4559512610 0.4290068033 0.4718748959 0.5351516383 0.4404713603 0.4820700947 0.5309630803 0.5470323032 0.5017280288
0.3161664264 0.0463463586 0.4215530017 0.4559512610 0.4290068033 0.4718748959 0.5351516383 0.4404713603 0.4820700947 0.5309630803 0.5470323032 0.5017280288
0.3286866165 0.7089096632 0.4215530017 0.4559512610 0.5967925931 0.4718748959 0.3420872679 0.5447191080 0.4820700947 0.3624269279 0.5470323032 0.5017280288
0.0000000000 0.4115620354 0.4215530017 0.4559512610 0.5967925931 0.5991089188 0.4304467561 0.4133653974 0.4344085574 0.3624269279 0.5470323032 0.5017280288
0.0585044074 0.4948662465 0.4215530017 0.4559512610 0.4409625901 0.5991089188 0.4304467561 0.4783921708 0.7216476565 0.4968289472 0.5470323032 0.5017280288
0.4830481684 0.4948662465 0.4215530017 0.4559512610 0.4842422113 0.5991089188 0.4304467561 0.4783921708 0.4344085574 0.4968289472 0.5470323032 0.5017280288
