57.4396827975 51.4677420573 0.0000000000 0.0000000000 0.0000000000 0.0000000000 0.0000000000 0.0000000000 0.0000000000 0.0000000000 0.0000000000 0.0000000000
57.4396827975 94.1353301494 0.0000000000 0.0000000000 0.0000000000 0.0000000000 0.0000000000 0.0000000000 0.0000000000 0.0000000000 0.0000000000 0.0000000000
75.5267616434 96.8045738098 7.6510519166 0.0000000000 0.0000000000 0.0000000000 0.0000000000 0.0000000000 0.0000000000 0.0000000000 0.0000000000 0.0000000000
75.5267616434 6.3730727187 0.0000000000 0.0000000000 0.0000000000 0.0000000000 0.0000000000 0.0000000000 0.0000000000 0.0000000000 0.0000000000 0.0000000000
37.4299056377 79.4950689562 0.0000000000 0.0000000000 0.0000000000 0.0000000000 0.0000000000 0.0000000000 0.0000000000 0.0000000000 0.0000000000 0.0000000000
56.8482103073 79.4950689562 0.0000000000 0.0000000000 0.0000000000 0.0000000000 0.0000000000 0.0000000000 0.0000000000 0.0000000000 0.0000000000 0.0000000000
60.1889597117 0.0000000000 0.0000000000 0.0000000000 0.0000000000 0.0000000000 0.0000000000 0.0000000000 0.0000000000 0.0000000000 0.0000000000 0.0000000000
60.1889597117 73.4515026226 0.0000000000 0.0000000000 0.0000000000 0.0000000000 0.0000000000 0.0000000000 0.0000000000 3.9799751168 0.0000000000 0.0000000000
80.2006614462 22.2768864787 0.0000000000 0.0000000000 0.0000000000 0.0000000000 0.0000000000 0.0000000000 0.0000000000 0.0000000000 0.0000000000 0.0000000000
25.5412719015 60.7131422178 0.0000000000 0.0000000000 0.0000000000 0.0000000000 0.0000000000 0.0000000000 0.0000000000 0.0000000000 0.0000000000 0.0000000000
25.5412719015 89.4357415876 0.0000000000 0.0000000000 0.0000000000 0.0000000000 0.0000000000 0.0000000000 0.0000000000 0.0000000000 0.0000000000 0.0000000000
25.5412719015 22.1691180832 0.0000000000 0.0000000000 0.0000000000 0.0000000000 0.0000000000 0.0000000000 0.0000000000 0.0000000000 0.0000000000 0.0000000000
13.4503039030 46.1973534698 0.0000000000 0.0000000000 0.0000000000 0.0000000000 0.0000000000 0.0000000000 0.0000000000 0.0000000000 1.9617648769 0.0000000000
8.8541752167 60.2207152093 0.0000000000 0.0000000000 0.0000000000 4.9209512266 0.0000000000 0.0000000000 0.0000000000 0.0000000000 0.0000000000 0.0000000000
80.8840686233 10.8946199132 0.0000000000 0.0000000000 0.0000000000 3.8127774191 0.0000000000 0.3374976373 0.0000000000 0.0000000000 0.0000000000 0.0000000000
94.8148925314 61.5096679858 0.0000000000 0.0000000000 0.0000000000 0.4877941011 0.0000000000 0.6924021602 2.0086105072 0.0000000000 0.9378620805 0.8227803492
74.2147627039 61.5096679858 0.0000000000 0.0000000000 0.0000000000 0.4877941011 0.0000000000 0.0000000000 0.0000000000 0.0000000000 0.0000000000 0.8227803492
51.5075915485 46.8085430597 0.0000000000 0.0000000000 0.0000000000 0.0000000000 0.1079923932 0.0000000000 0.0000000000 0.0000000000 0.0000000000 0.3632420573
17.5134403985 53.4760752351 1.1707416354 0.0000000000 0.0000000000 0.6496247580 0.1079923932 0.0000000000 0.0000000000 0.0000000000 0.0000000000 0.3632420573
36.8947325083 90.2404231452 1.6335142506 0.0000000000 0.9004492650 0.0000000000 0.0000000000 0.0000000000 1.0366680419 0.1635852058 0.1447645555 0.1819975919
68.2015832371 86.9176182130 0.0000000000 0.8241886070 0.0000000000 0.0000000000 0.0000000000 0.0402592096 0.0000000000 0.2828255943 0.1502260636 0.0000000000
68.2015832371 92.1675981688 0.0000000000 2.8547254999 0.0000000000 0.2777634192 0.0000000000 0.0000000000 0.0000000000 0.2828255943 0.1502260636 0.0495768341
68.2015832371 54.1098508155 0.1952456305 0.5366775788 0.0000000000 0.0000000000 1.6717074844 0.0000000000 0.0000000000 0.0000000000 0.1200605890 0.1488817821
95.4391225113 13.0188065211 0.7646736461 0.0000000000 0.0000000000 0.0000000000 0.0000000000 0.2281983199 0.0000000000 0.0921132496 0.0698961218 0.1945584184
68.2015832371 63.4276939584 0.0000000000 0.0000000000 0.0000000000 0.0312308470 0.0000000000 0.2281983199 0.6604653684 0.5268809408 0.0011825136 0.0000000000
39.4953756890 67.5642168072 0.6075268801 0.4192367441 0.0000000000 0.3540226845 0.0000000000 0.6228196152 0.0000000000 0.5268809408 0.0674592792 0.0000000000
50.1132470877 67.5642168072 0.0000000000 0.0000000000 0.0000000000 0.0000000000 0.2442783813 0.4824488511 0.0000000000 0.1176833105 0.0208930382 0.0000000000
50.1132470877 14.8757904585 0.0000000000 0.0000000000 0.0000000000 0.1042035990 0.2442783813 0.4824488511 0.0000000000 0.1176833105 0.0208930382 0.0000000000
22.8278778308 44.0490265911 0.0260311331 0.0000000000 0.0000000000 0.0000000000 0.2442783813 0.0000000000 0.4093219565 0.3443097159 0.1565865862 0.3078340884
48.1721273099 24.7925507181 0.1542399396 0.2575335278 0.2410548277 0.2579007480 0.2226295531 0.4316314235 0.1618709745 0.1738432141 0.2426021746 0.1543925076
59.4846078771 24.0656954007 0.0000000000 0.5315191091 0.1353068635 0.1462207534 0.0000000000 0.0016462356 0.0000000000 0.0000000000 0.0753582944 0.1138364073
92.8308395724 76.7121896606 0.4455362381 0.0000000000 0.0000000000 0.2152960407 0.0000000000 0.0253105370 0.0288730810 0.4318130145 0.0498743162 0.0000000000
48.8083769626 90.7704982366 0.0000000000 0.0410660672 0.0000000000 0.1536918551 0.0794932172 0.3140671725 0.0973458348 0.1908314632 0.0459895163 0.0000000000
41.4749580900 36.8509032179 0.0000000000 0.0358709746 0.0000000000 0.0000000000 0.0794932172 0.0383297179 0.0000000000 0.0000000000 0.0048847780 0.1642204596
41.4749580900 88.1894494366 0.2063096041 0.1169354878 0.0000000000 0.0000000000 0.0794932172 0.0383297179 0.0000000000 0.0000000000 0.0048847780 0.1642204596
15.3963639574 73.5690881403 0.0000000000 0.2765068802 0.0000000000 0.0000000000 0.0794932172 0.0535655382 0.0000000000 0.0000000000 0.0048847780 0.1642204596
38.1814579566 44.8665002642 0.0000000000 0.0000000000 0.1679739817 0.0713342174 0.0000000000 0.0000000000 0.0180856881 0.2584101391 0.0000000000 0.0000000000
0.0000000000 44.8665002642 0.0000000000 0.0417610339 0.1183238859 0.0336228178 0.1965047869 0.0000000000 0.1936465182 0.0000000000 0.0356150983 0.1566366820
34.0999898181 30.2494957706 0.0000000000 0.0000000000 0.0000000000 0.1013050790 0.1086925344 0.0581226023 0.0400549175 0.0000000000 0.0056883549 0.1360521489
90.1812164001 46.2836077954 0.0000000000 0.3513616254 0.0467488751 0.2170502823 0.0018694207 0.0000000000 0.1650950198 0.0000000000 0.0056883549 0.0000000000
86.8496424986 13.3887181180 0.0801669740 0.0000000000 0.0785686416 0.0290897706 0.1384410202 0.0000000000 0.2341626183 0.0745396824 0.0000000000 0.0486074506
74.1360206086 50.1513911678 0.0000000000 0.0781834452 0.0000000000 0.0781076200 0.0000000000 0.0000000000 0.0000000000 0.0223591968 0.0331672723 0.0000000000
28.3185986878 50.1513911678 0.0704635498 0.0781834452 0.0000000000 0.0263944602 0.0192312664 0.0442627161 0.0000000000 0.0000000000 0.0427574842 0.0322719641
97.4202488231 98.7927894412 0.0000000000 0.0000000000 0.0317960749 0.0000000000 0.0453969337 0.0234341442 0.0287063627 0.0418016778 0.0000000000 0.0431653625
97.4202488231 51.5632380338 0.0000000000 0.0000000000 0.0101179647 0.0678004077 0.0023170831 0.0277431376 0.0000000000 0.0000000000 0.0078057604 0.0368938534
97.4202488231 84.1244458949 0.0563668743 0.1475951522 0.0101179647 0.0000000000 0.0203044165 0.0095184823 0.0871299276 0.0312000781 0.0000000000 0.0275566611
84.8310280355 58.9271794829 0.0000000000 0.0000000000 0.0000000000 0.0000000000 0.0123768945 0.0024893916 0.0107985080 0.0242726686 0.0000000000 0.0000000000
84.8310280355 33.5164291397 0.0000000000 0.0360522530 0.0000000000 0.0170525381 0.0123768945 0.0001937622 0.0107985080 0.0089956280 0.0000000000 0.0000000000
72.1729470529 45.6128465936 0.0727454167 0.0000000000 0.0000000000 0.0170525381 0.0123768945 0.0382239974 0.0227843422 0.0396533615 0.0044437870 0.0244687225
0.0000000000 82.8023967294 0.0268760386 0.0448563616 0.0000000000 0.0203986919 0.0159547167 0.0463043533 0.0377822023 0.0126095779 0.0042189823 0.0000000000
0.0000000000 92.7597961623 0.0268760386 0.0448563616 0.0000000000 0.0093343923 0.0159547167 0.0463043533 0.0595038427 0.0126095779 0.0042189823 0.0000000000
50.1883983150 82.8023967294 0.0099848578 0.1083598406 0.0000000000 0.0057386238 0.0276788397 0.0000000000 0.0028052132 0.0126095779 0.0154733214 0.0347593488
19.5147207569 6.6932121625 0.0000000000 0.0173694284 0.0180953283 0.0000000000 0.0455650807 0.0000000000 0.0126120221 0.0000000000 0.0113543606 0.0263945397
0.0000000000 96.8044589567 0.0000000000 0.0646152340 0.0694129828 0.0037639199 0.0014769862 0.0358539522 0.0000000000 0.0027768453 0.0086533283 0.0142122410
35.4607649620 44.9479736844 0.0000000000 0.0419804743 0.0258939833 0.0037639199 0.0434523291 0.0400552438 0.0000000000 0.0202136363 0.0080587641 0.0071026682
97.4979249049 15.4884922105 0.1011698112 0.0246424731 0.0154833155 0.0264503949 0.0102499872 0.0000000000 0.0697878937 0.0202136363 0.0080587641 0.0138198145
41.5326872610 21.5944064143 0.0000000000 0.0000000000 0.0215840821 0.0022978228 0.0000000000 0.0000000000 0.0000000000 0.0000000000 0.0002051098 0.0241532559
70.8092838109 21.5944064143 0.0000000000 0.0366942238 0.0215840821 0.0022978228 0.0000000000 0.0000000000 0.0000000000 0.0011247134 0.0002051098 0.0241532559
4.9210394792 65.4732929858 0.0000000000 0.0443332470 0.0000000000 0.0120483370 0.0236869063 0.0000000000 0.0000000000 0.0000000000 0.0000000000 0.0000000000
29.4499173233 65.4732929858 0.0000000000 0.0443332470 0.0000000000 0.0000000000 0.0236869063 0.0000000000 0.0000000000 0.0207862140 0.0000000000 0.0000000000
16.4208730109 34.7886724069 0.0000000000 0.0401658172 0.0000000000 0.0108043407 0.0236869063 0.0000000000 0.0000000000 0.0000000000 0.0125816071 0.0000000000
29.4499173233 99.4502918901 0.0000000000 0.0401658172 0.0000000000 0.0108043407 0.0236869063 0.0000000000 0.0000000000 0.0000000000 0.0000000000 0.0000000000
16.7820078237 34.7886724069 0.0000000000 0.0362012823 0.0000000000 0.0108043407 0.0236869063 0.0000000000 0.0000000000 0.0000000000 0.0000000000 0.0000000000
58.8825135672 14.8975425630 0.0000000000 0.0000000000 0.0000000000 0.0022698378 0.0218954503 0.0000000000 0.0097838063 0.0000000000 0.0064899410 0.0062546570
58.8825135672 36.6937008062 0.0156067522 0.0000000000 0.0047935380 0.0158869882 0.0139682745 0.0025353397 0.0320389394 0.0192839311 0.0016374691 0.0064326370
7.2523847363 38.8519587219 0.0141247865 0.0000000000 0.0384461827 0.0158869882 0.0139682745 0.0182581891 0.0320389394 0.0000000000 0.0000000000 0.0135037257
58.8825135672 38.8519587219 0.0156067522 0.0000000000 0.0010665666 0.0158869882 0.0139682745 0.0025353397 0.0000000000 0.0000000000 0.0000000000 0.0130805597
0.0000000000 65.6004642629 0.0156067522 0.0000000000 0.0000000000 0.0000000000 0.0000000000 0.0025353397 0.0000000000 0.0061781471 0.0000000000 0.0000000000
65.5407305796 32.1961183153 0.0000000000 0.0000000000 0.0408067063 0.0000000000 0.0228413180 0.0020788450 0.0243901762 0.0000000000 0.0000000000 0.0000000000
98.2401477668 32.1961183153 0.0000000000 0.0000000000 0.0408067063 0.0000000000 0.0228413180 0.0020788450 0.0243901762 0.0000000000 0.0000000000 0.0000000000
58.2319192475 64.2384486987 0.0075231831 0.0323701031 0.0194290677 0.0000000000 0.0000000000 0.0063236511 0.0033418022 0.0000000000 0.0000000000 0.0000000000
38.8980956809 10.8730012802 0.0092304914 0.0223642700 0.0000000000 0.0001283125 0.0000000000 0.0000000000 0.0074323654 0.0000000000 0.0014929459 0.0131891290
11.8932759324 31.3973648916 0.0231443795 0.0020240023 0.0053040190 0.0074095361 0.0053509604 0.0029440620 0.0000000000 0.0000000000 0.0053804786 0.0133179466
0.7573719711 56.2754759926 0.0231443795 0.0020240023 0.0013562354 0.0004036194 0.0108451443 0.0000000000 0.0047173219 0.0007635795 0.0000000000 0.0038683343
56.2184137234 87.4622859961 0.0137601023 0.0020240023 0.0185392343 0.0000000000 0.0000000000 0.0000000000 0.0219122660 0.0007635795 0.0000000000 0.0006933168
54.8657753595 7.4694643270 0.0142871465 0.0000000000 0.0031407774 0.0101443807 0.0042601313 0.0000000000 0.0126012647 0.0000000000 0.0017296909 0.0031627609
4.5115153508 26.7817290154 0.0009157078 0.0000000000 0.0000000000 0.0025964062 0.0001986648 0.0000000000 0.0021778710 0.0000000000 0.0003086900 0.0000000000
46.2146498448 61.4209673672 0.0016744198 0.0047758532 0.0000000000 0.0025091650 0.0001610298 0.0034919951 0.0000000000 0.0000000000 0.0015163294 0.0113863774
46.2146498448 0.0000000000 0.0016744198 0.0022776325 0.0000000000 0.0025091650 0.0001610298 0.0037495560 0.0000000000 0.0000000000 0.0020983549 0.0015321066
84.8523812958 0.0000000000 0.0016744198 0.0022776325 0.0093487540 0.0004713626 0.0001610298 0.0037495560 0.0000000000 0.0082531093 0.0020983549 0.0015321066
84.8523812958 66.0752303581 0.0016744198 0.0042053957 0.0093487540 0.0000000000 0.0001610298 0.0037495560 0.0000000000 0.0047195633 0.0019896554 0.0015321066
84.8523812958 93.4788841499 0.0057656649 0.0022776325 0.0034915694 0.0058295263 0.0001610298 0.0077969126 0.0078484201 0.0032200144 0.0020983549 0.0015321066
15.5081672134 0.0000000000 0.0108806314 0.0022776325 0.0041020721 0.0007479974 0.0001610298 0.0037495560 0.0000000000 0.0049318523 0.0026656124 0.0017315650
67.5176831040 15.5938101328 0.0057856278 0.0032387109 0.0007414148 0.0000000000 0.0044447229 0.0000000000 0.0062133206 0.0039579766 0.0010040187 0.0000000000
18.6644560816 92.9066033427 0.0057856278 0.0000000000 0.0007414148 0.0000000000 0.0044447229 0.0000000000 0.0130964869 0.0039579766 0.0019827016 0.0000000000
0.0000000000 15.5938101328 0.0057856278 0.0021188770 0.0007414148 0.0000000000 0.0044447229 0.0000000000 0.0008700069 0.0005143585 0.0010040187 0.0001689416
8.1129585206 15.5938101328 0.0057856278 0.0021188770 0.0007414148 0.0000000000 0.0044447229 0.0000000000 0.0186518746 0.0005143585 0.0010040187 0.0001689416
8.1129585206 0.0000000000 0.0010405264 0.0021188770 0.0025789706 0.0000000000 0.0010818563 0.0025377090 0.0022822903 0.0005143585 0.0007720232 0.0007278712
98.1267563745 0.0000000000 0.0010405264 0.0071849476 0.0025789706 0.0000000000 0.0010818563 0.0025377090 0.0000000000 0.0005143585 0.0050084381 0.0007278712
42.0451284394 0.0000000000 0.0087889981 0.0034743467 0.0039042654 0.0031932073 0.0047882180 0.0019685740 0.0000000000 0.0005143585 0.0007069889 0.0006055191
74.2173514605 0.0000000000 0.0022629222 0.0034743467 0.0039042654 0.0000000000 0.0004958848 0.0000000000 0.0000000000 0.0005143585 0.0004677559 0.0007278712
22.6709552087 0.0000000000 0.0115832994 0.0034743467 0.0039042654 0.0000000000 0.0004958848 0.0000000000 0.0030972506 0.0005143585 0.0004677559 0.0047235593
28.7607131278 9.3997896867 0.0000000000 0.0034743467 0.0000000000 0.0047048695 0.0041441562 0.0016173230 0.0000000000 0.0005143585 0.0013135911 0.0000000000
28.7607131278 71.6116893279 0.0022629222 0.0034743467 0.0000000000 0.0000000000 0.0090780174 0.0000000000 0.0000000000 0.0005143585 0.0000000000 0.0000000000
28.7607131278 0.0000000000 0.0022629222 0.0034743467 0.0000000000 0.0000000000 0.0012854526 0.0016173230 0.0000000000 0.0005143585 0.0000000000 0.0000000000
28.7607131278 75.4347814237 0.0022629222 0.0034743467 0.0000000000 0.0000000000 0.0000000000 0.0016173230 0.0022657586 0.0005143585 0.0000000000 0.0000000000
0.0000000000 31.7528072015 0.0022629222 0.0031726484 0.0000000000 0.0028295417 0.0012854526 0.0005911427 0.0000000000 0.0005143585 0.0000000000 0.0000000000
0.0000000000 0.0000000000 0.0069385440 0.0053367507 0.0000000000 0.0000000000 0.0012854526 0.0016173230 0.0000000000 0.0005143585 0.0000000000 0.0000000000
31.4099393652 83.5321505221 0.0022629222 0.0053367507 0.0000000000 0.0053827170 0.0028365260 0.0017421516 0.0100183513 0.0005143585 0.0005235498 0.0015316081
0.0000000000 8.5141400204 0.0072472988 0.0000000000 0.0000000000 0.0035550122 0.0000000000 0.0017421516 0.0100183513 0.0047144332 0.0005235498 0.0049283498
