0.2360967319 0.9182804317
0.9718932774 0.0187758265
0.9690224737 0.0242005596
0.9373954971 0.1163839986
0.9342831810 0.1233426676
0.9441801304 0.0931612210
0.9670246292 0.0277783344
0.9610861414 0.0416339498
0.9634531199 0.0354136415
0.9569009145 0.0505258272
0.9535713773 0.0701055597
0.9592718291 0.0452855702
0.9548153779 0.0637749210
0.9564960098 0.0593511892
0.9517959974 0.0742063823
0.9468044612 0.0822465796
0.9321106489 0.1481560881
0.9411058682 0.1015757600
0.9000649390 0.2360927115
0.9209754038 0.1817598929
0.9246887743 0.1686850219
0.9102579779 0.1973367297
0.9147395115 0.1888712177
0.9134653254 0.1921515589
0.8735118073 0.2851781609
0.3313908074 0.8591987707
0.3581194823 0.8415378138
0.3456776938 0.8497319953
0.3152118320 0.8655939588
0.6272228773 0.6681641262
0.6313350094 0.6656015289
0.4034323981 0.8109830564
0.3116200739 0.8818888206
0.3982961555 0.8145723220
0.3745648903 0.8346424231
0.3073917045 0.9088804859
0.3142261841 0.8771768547
0.3785488732 0.8328308650
0.3451451574 0.8564033240
0.2724779800 0.9114874539
0.4310794738 0.7942681409
0.3898214478 0.8164994796
0.4434411270 0.7868326356
0.4746567322 0.7632615603
0.5405371120 0.7318473163
0.4373358736 0.7882331405
0.4495730994 0.7791940761
0.5697160831 0.7071765302
0.5098271999 0.7419640444
0.4270119118 0.8084356391
0.5923325864 0.6845797723
0.6908200282 0.6065331630
0.7389232927 0.5546454871
0.7411331829 0.5490909023
0.7202924474 0.5688916706
0.5735577361 0.7009990942
0.6855613265 0.6174370915
0.6812475516 0.6199142819
0.6064093494 0.6798569149
0.7201513727 0.5742405761
0.7295598294 0.5618926794
0.8379241575 0.3503142122
0.7529525236 0.5339576845
0.7842690512 0.4988401136
0.8706150072 0.2989226965
0.8590954797 0.3197515458
0.8398121352 0.3470421325
0.8897397080 0.2462991636
0.8791321862 0.2773501214
0.8523136543 0.3289969975
0.9018980428 0.2167520253
0.9099562898 0.2086991221
0.9006864658 0.2317168373
0.8763723189 0.2829351111
0.8838296146 0.2701273220
0.8941965262 0.2370150180
0.8873214506 0.2643794525
0.8492454080 0.3365967162
0.8657690599 0.3034731067
0.8534938122 0.3224461692
0.8342087103 0.3628849780
0.8635125802 0.3109905091
0.8192816781 0.4012328603
0.8039688115 0.4290970349
0.8207705009 0.3964781270
0.7952369672 0.4306799166
0.8069586204 0.4149998124
0.8260951829 0.3918406470
0.7562283605 0.4991812727
0.7017194948 0.5845839267
0.6573358781 0.6279341727
0.6492271212 0.6378633482
0.7424246092 0.5418166919
0.6525738769 0.6349006771
0.5525078846 0.7140268538
0.6088436436 0.6699920364
0.5796930592 0.7000476714
0.5592335231 0.7077043471
0.5878677938 0.6926217473
0.6402982018 0.6573457992
