0.4768630938 0.7744164160
0.4620941562 0.7820750911
0.4803550454 0.7703697298
0.4941126440 0.7649560267
0.6071246027 0.6844348525
0.5868448906 0.6902252357
0.4842189210 0.7676551986
0.5656313827 0.7221958191
0.5418841572 0.7373385171
0.7925606212 0.4375316171
0.9637457522 0.0496289807
0.9799975518 0.0062077942
0.9803511743 0.0054637719
0.9648920532 0.0442603811
0.9717574729 0.0265295284
0.9764105345 0.0129010808
0.9762120416 0.0131948656
0.9816037195 0.0034303713
0.9829455631 0.0019522607
0.9782668146 0.0109299640
0.9729762752 0.0162551798
0.9680429349 0.0293101380
0.9687964847 0.0271339111
0.9652213088 0.0396799396
0.9590233430 0.0513116259
0.8658263542 0.3202849351
0.9115754581 0.2035403697
0.9395344167 0.1350078085
0.9469913705 0.1211505619
0.9437834838 0.1257288253
0.9404026196 0.1283258738
0.9442993025 0.1230756735
0.9319143011 0.1491593178
0.9169648602 0.1747216949
0.9552280949 0.1183064758
0.9283145480 0.1529176112
0.8884395860 0.2670429257
0.9210950479 0.1656940938
0.8791375013 0.2916851076
0.9132427427 0.1975775835
0.8484004905 0.3540431304
0.8961811318 0.2330394729
0.8910416951 0.2427381013
0.8715823432 0.2944741357
0.8494906134 0.3516336151
0.8405053465 0.3569421171
0.8801731383 0.2839161921
0.8852941962 0.2676474782
0.8908764338 0.2580770028
0.8756036979 0.2936095347
0.8535967113 0.3244706398
0.8125908426 0.4114332324
0.8251366725 0.3848284185
0.8519305232 0.3307559696
0.8352235697 0.3615798372
0.8391569538 0.3573030435
0.6493516839 0.6477605253
0.5620318568 0.7368127437
0.6957117885 0.5867893159
0.6715434390 0.6150939612
0.6568618389 0.6276174760
0.6983864823 0.5748668508
0.7472631895 0.5289072867
0.7142360785 0.5575391357
0.7179802117 0.5462467249
0.7055734236 0.5639649594
0.7148479641 0.5504517291
0.7237815759 0.5361561902
0.8119913640 0.4118127889
0.7516140184 0.5018893503
0.7847820478 0.4475013059
0.7722021117 0.4656798507
0.7639624187 0.4755652110
0.7269627993 0.5338098001
0.8015027432 0.4204905962
0.7444526184 0.5327681265
0.7723151625 0.4610422434
0.8188635693 0.3950555435
0.8258702056 0.3803138120
0.8313166978 0.3733108301
0.8213027539 0.3891437220
0.8337379065 0.3655547505
0.8030133545 0.4180196415
0.8143979100 0.3973704323
0.8247744065 0.3878391875
0.7536162357 0.4974742557
0.8061037815 0.4145439425
0.7085538574 0.5624830130
0.6677995050 0.6238172389
0.6764652896 0.6105507463
0.6517642164 0.6337293705
0.6154087708 0.6664613458
0.6315698346 0.6534375855
0.5934093508 0.6870775711
0.6211449496 0.6616546219
0.6804247850 0.5884078337
0.6782259655 0.5912950479
