0.5651537907 0.0630196898 0.3111368156 0.2167404826 0.2868810043
0.2912614911 0.0630196898 0.0212179640 0.2167404826 0.2868810043
0.2912614911 0.0630196898 0.0212179640 0.2167404826 0.2721504282
0.2912614911 0.0630196898 0.0212179640 0.2167404826 0.3779637206
-0.0284444492 0.0630196898 0.0212179640 0.2167404826 0.2868810043
-0.0284444492 0.0630196898 0.0212179640 0.1294390301 0.2868810043
-0.0284444492 0.1433477334 0.0212179640 0.2167404826 0.2868810043
-0.0284444492 0.0630196898 0.0212179640 0.2167404826 -0.0077631915
-0.0284444492 0.0630196898 0.0212179640 0.0971440612 -0.0077631915
-0.0284444492 0.0630196898 0.0212179640 -0.1703655936 -0.0077631915
-0.0284444492 0.0630196898 0.0212179640 -0.1029523361 -0.0077631915
-0.0284444492 0.0630196898 0.0212179640 -0.1703655936 -0.0175727714
-0.0284444492 -0.2482734412 0.0212179640 -0.1703655936 -0.0077631915
0.1185255655 -0.2482734412 0.0212179640 -0.1703655936 -0.0077631915
-0.3558775317 -0.2250477783 -0.2814576367 -0.4133606461 -0.2402463257
-0.3558775317 -0.3529629656 -0.2814576367 -0.4133606461 -0.2659561602
-0.3558775317 -0.3529629656 -0.2814576367 -0.2175477934 -0.2659561602
-0.2417794795 -0.3529629656 -0.2814576367 -0.1171818287 -0.2659561602
-0.3558775317 -0.3529629656 -0.2814576367 -0.3456811960 -0.2659561602
-0.3558775317 -0.4105479332 -0.2814576367 -0.3456811960 -0.2659561602
-0.3558775317 -0.3529629656 -0.2814576367 -0.3456811960 -0.3884288562
-0.3558775317 -0.3529629656 -0.4113086930 -0.4081011552 -0.2867530076
-0.3732684161 -0.4482428840 -0.4096477987 -0.4081011552 -0.4259118583
-0.4800071566 -0.4482428840 -0.4096477987 -0.4081011552 -0.4259118583
-0.3732684161 -0.2810232125 -0.4096477987 -0.4081011552 -0.4259118583
-0.3732684161 -0.2810232125 -0.4096477987 -0.4081011552 -0.4045429591
-0.3732684161 -0.4041512149 -0.4096477987 -0.4081011552 -0.4259118583
-0.3732684161 -0.4041512149 -0.4034017672 -0.4081011552 -0.4259118583
-0.4868400809 -0.4041512149 -0.4096477987 -0.4081011552 -0.4259118583
-0.3732684161 -0.4041512149 -0.3687235311 -0.4081011552 -0.4259118583
-0.3732684161 -0.4044291560 -0.3687235311 -0.4081011552 -0.4259118583
-0.3732684161 -0.4041512149 -0.3468107880 -0.4081011552 -0.4259118583
-0.3732684161 -0.4041512149 -0.3687235311 -0.4152169396 -0.4259118583
-0.3732684161 -0.4041512149 -0.3936293489 -0.4081011552 -0.4259118583
-0.3732684161 -0.4041512149 -0.4510797851 -0.4081011552 -0.4259118583
-0.4314800211 -0.4041512149 -0.3687235311 -0.4081011552 -0.4259118583
-0.3732684161 -0.4041512149 -0.3871530080 -0.4081011552 -0.4259118583
-0.3732684161 -0.4041512149 -0.3687235311 -0.4081011552 -0.3694184830
-0.3732684161 -0.4041512149 -0.2934602238 -0.4081011552 -0.3694184830
-0.3732684161 -0.4357470156 -0.2934602238 -0.4081011552 -0.3694184830
-0.3732684161 -0.4041512149 -0.2934602238 -0.3382734147 -0.3694184830
-0.3732684161 -0.4041512149 -0.2934602238 -0.3382734147 -0.3894811642
-0.3732684161 -0.4041512149 -0.2934602238 -0.3227899324 -0.3694184830
-0.3732684161 -0.3183885565 -0.2934602238 -0.3382734147 -0.3694184830
-0.2130379672 -0.3183885565 -0.2934602238 -0.3382734147 -0.3694184830
-0.2873466940 -0.3183885565 -0.2934602238 -0.3382734147 -0.3694184830
-0.3058359159 -0.3183885565 -0.1536675688 -0.2757743506 -0.2518727904
-0.3058359159 -0.3183885565 -0.1536675688 -0.2929004302 -0.2518727904
-0.3058359159 -0.2836386794 -0.1536675688 -0.2757743506 -0.2518727904
-0.3058359159 -0.2836386794 -0.2286092197 -0.2757743506 -0.2518727904
-0.3058359159 -0.2836386794 -0.2286092197 -0.2757743506 -0.3231831626
-0.3058359159 -0.2836386794 -0.2286092197 -0.1184767533 -0.2518727904
-0.2906946685 -0.2836386794 -0.2286092197 -0.1184767533 -0.2518727904
-0.2906946685 -0.2836386794 -0.2286092197 -0.0793664966 -0.2518727904
-0.2022812624 -0.2836386794 -0.2286092197 -0.0793664966 -0.1688750330
-0.2022812624 -0.3541122067 -0.2086229521 -0.1489859737 -0.1688750330
-0.2022812624 -0.0147821128 -0.2012694212 -0.1489859737 -0.1688750330
-0.2022812624 -0.0147821128 -0.2012694212 -0.1489859737 -0.0067655810
-0.2022812624 -0.1837445538 -0.2012694212 -0.1489859737 -0.0067655810
-0.2022812624 -0.0147821128 -0.2012694212 0.0574475558 -0.0067655810
-0.2022812624 -0.0147821128 -0.1768636145 -0.1489859737 -0.0067655810
-0.2022812624 -0.2809981343 -0.1768636145 -0.1489859737 -0.0067655810
-0.2022812624 -0.2550418591 -0.1768636145 -0.1489859737 -0.0067655810
-0.1595449794 -0.1342923115 -0.1768636145 -0.1489859737 -0.0067655810
-0.1595449794 0.0224279253 -0.1768636145 -0.1489859737 -0.0067655810
-0.1595449794 -0.1342923115 -0.1768636145 -0.1489859737 -0.0152451698
-0.1595449794 -0.1342923115 -0.0198371007 -0.1489859737 -0.1834940496
-0.1595449794 -0.1342923115 -0.1768636145 -0.1489859737 -0.0122928707
-0.1595449794 -0.1342923115 0.0523293662 -0.1489859737 -0.0067655810
-0.1595449794 -0.1342923115 -0.1768636145 -0.1489859737 0.0552876227
-0.1595449794 -0.0536136602 -0.1768636145 -0.1489859737 -0.3114052114
-0.1595449794 -0.0536136602 -0.1768636145 -0.1489859737 -0.3163090787
-0.2013473111 -0.0536136602 -0.1768636145 -0.1489859737 -0.3114052114
-0.1595449794 -0.1976596787 -0.1768636145 -0.1489859737 -0.3114052114
-0.1595449794 -0.1976596787 -0.1768636145 -0.2467725328 -0.3114052114
-0.1595449794 -0.0530449795 -0.1768636145 -0.2467725328 -0.3114052114
-0.1595449794 -0.1976596787 -0.1768636145 -0.0498642268 -0.3114052114
-0.1595449794 -0.1976596787 -0.3093486841 -0.2467725328 -0.3114052114
