0.2950810416 0.3005919927 0.1805545199 0.2080980272 0.4275722286
0.2950810416 0.3776536387 0.1805545199 0.2080980272 0.4275722286
0.2950810416 0.3776536387 0.3462560219 0.2080980272 0.4275722286
0.2950810416 0.1191724785 0.3462560219 0.2080980272 0.4275722286
0.2950810416 0.2541979623 0.3462560219 0.2080980272 0.4275722286
0.2950810416 0.1680232487 0.3462560219 0.2080980272 0.4275722286
0.1205615363 0.2553923720 0.3462560219 0.2080980272 0.4275722286
0.1205615363 0.2553923720 0.2289479677 0.2080980272 0.3066075741
-0.2459947457 -0.3486557327 -0.2855348413 -0.3834209945 -0.4463932843
-0.2459947457 -0.3486557327 -0.2698616020 -0.3834209945 -0.4463932843
-0.5843335273 -0.3486557327 -0.2855348413 -0.3834209945 -0.4463932843
-0.2459947457 -0.3486557327 -0.2855348413 -0.3834209945 -0.2845594999
-0.2459947457 -0.3486557327 -0.2855348413 -0.3420178778 -0.2845594999
-0.2459947457 -0.3486557327 -0.2855348413 -0.2348474372 -0.2845594999
-0.2459947457 -0.2644845168 -0.2855348413 -0.3420178778 -0.2845594999
-0.2459947457 -0.2644845168 -0.2855348413 -0.3543853339 -0.2845594999
-0.2459947457 -0.2644845168 -0.2855348413 -0.3420178778 -0.3664133429
-0.4868142121 -0.2644845168 -0.2855348413 -0.3420178778 -0.2845594999
-0.2459947457 -0.2644845168 -0.2855348413 -0.3420178778 -0.3208452869
-0.2459947457 -0.2644845168 -0.2855348413 -0.1205671302 -0.2845594999
-0.2459947457 -0.1481036995 -0.2855348413 -0.1205671302 -0.2845594999
-0.1246275722 -0.1481036995 -0.2855348413 -0.1205671302 -0.2845594999
-0.1246275722 -0.1481036995 -0.2788122555 -0.1205671302 -0.2845594999
-0.1246275722 -0.1481036995 -0.2855348413 -0.1205671302 -0.3083630597
-0.2272827671 -0.1481036995 -0.2855348413 -0.1205671302 -0.2845594999
-0.1246275722 -0.1481036995 -0.2855348413 -0.1205671302 -0.1289830782
-0.0932691920 -0.1481036995 -0.2855348413 -0.1205671302 -0.2845594999
-0.1246275722 -0.2039700782 -0.2855348413 -0.1205671302 -0.2845594999
-0.2755351748 -0.1481036995 -0.2855348413 -0.1205671302 -0.2845594999
-0.2530692096 -0.3138127354 -0.2855348413 -0.2255023662 -0.2845594999
-0.3305885177 -0.3138127354 -0.2855348413 -0.2255023662 -0.2845594999
-0.2530692096 -0.2119441382 -0.2855348413 -0.2255023662 -0.2845594999
-0.1125569602 -0.2119441382 -0.2855348413 -0.2255023662 -0.2845594999
-0.1125569602 -0.2119441382 -0.3115809221 -0.2255023662 -0.2845594999
-0.1125569602 -0.2119441382 -0.1094704949 -0.2255023662 -0.2845594999
-0.1156057372 -0.2119441382 -0.3115809221 -0.2255023662 -0.2845594999
-0.1125569602 -0.2119441382 -0.3115809221 -0.2255023662 -0.1675332565
-0.1125569602 -0.2119441382 -0.3115809221 -0.2255023662 -0.1781862874
-0.1125569602 -0.2432648679 -0.3115809221 -0.2255023662 -0.1781862874
-0.1125569602 -0.2119441382 -0.3115809221 -0.1021910013 -0.1781862874
-0.1125569602 -0.2119441382 -0.3318961112 -0.2255023662 -0.1781862874
-0.1125569602 -0.2119441382 -0.1150348813 -0.2255023662 -0.1781862874
-0.1125569602 -0.2119441382 -0.1111875698 -0.2255023662 -0.1781862874
-0.1125569602 -0.2119441382 -0.1150348813 -0.0959004300 -0.1781862874
-0.1125569602 -0.2119441382 -0.2315749739 -0.0959004300 -0.1781862874
-0.1772300370 -0.2119441382 -0.0653521135 -0.0959004300 -0.1781862874
-0.1125569602 -0.2119441382 -0.0653521135 -0.0959004300 -0.2182905171
-0.1125569602 -0.2096939989 -0.0653521135 -0.0959004300 -0.1781862874
-0.1125569602 -0.2119441382 -0.0653521135 -0.0959004300 -0.0617146385
-0.1125569602 -0.2119441382 -0.0653521135 -0.0959004300 -0.2718828733
-0.1125569602 -0.0463711343 -0.0653521135 -0.0959004300 -0.0617146385
-0.1125569602 -0.2471578752 -0.0653521135 -0.0959004300 -0.0617146385
-0.1125569602 -0.0463711343 -0.0653521135 0.0640213294 -0.0617146385
-0.1125569602 -0.0463711343 -0.0653521135 -0.1934593183 -0.0617146385
0.0704535379 -0.0463711343 -0.0653521135 -0.1934593183 -0.0617146385
-0.0441439500 -0.0463711343 -0.0653521135 -0.1934593183 -0.0617146385
0.0704535379 -0.0122913939 -0.0653521135 -0.1934593183 -0.0617146385
0.0704535379 -0.0463711343 -0.0653521135 0.0315015767 -0.0618137085
0.0704535379 -0.0251056035 -0.0653521135 0.0315015767 -0.0617146385
0.0704535379 -0.1333745698 -0.0653521135 0.0315015767 -0.0617146385
0.0704535379 -0.0704140922 -0.0653521135 0.0315015767 -0.0617146385
0.1589078756 -0.0704140922 -0.0653521135 0.1515631584 0.1714829169
0.0888579438 -0.0044349691 0.2452089297 0.1515631584 0.1714829169
0.0888579438 -0.0992544510 0.1372903233 0.1515631584 0.1120330005
0.0888579438 -0.0992544510 -0.0176451754 -0.0302484999 0.1120330005
0.0888579438 -0.0990397367 0.1372903233 -0.0302484999 0.1120330005
0.0888579438 -0.0992544510 0.1372903233 -0.0302484999 0.2172559687
0.0888579438 -0.0992544510 -0.0076385394 -0.0302484999 0.2172559687
0.0888579438 -0.1042675535 0.1372903233 -0.0302484999 0.2172559687
0.0888579438 0.0264031357 0.1372903233 -0.0302484999 0.2172559687
0.0888579438 0.2067200843 0.1372903233 -0.0302484999 0.2172559687
0.0888579438 0.3049074129 0.1372903233 0.0766429489 0.2172559687
0.0888579438 0.1937981840 0.1372903233 -0.0007263176 0.2172559687
0.2087235875 0.2045178965 0.1277100624 0.0375989660 0.2103189982
0.2087235875 0.0000933058 0.0223364960 0.0375989660 0.2103189982
0.1302565445 0.0000933058 0.0223364960 0.0375989660 0.2103189982
0.2087235875 0.0000933058 0.0223364960 0.0375989660 0.2531485302
0.2087235875 0.2331224273 0.2048155916 0.2955808468 0.2531485302
0.2087235875 0.2331224273 0.2048155916 0.2955808468 0.2706172058
0.2000800489 0.0718786204 0.2048155916 0.1508354043 0.2531485302
0.2359116086 0.0718786204 0.2048155916 0.1508354043 0.2531485302
0.2359116086 0.0718786204 0.2048155916 0.0957698071 0.2531485302
0.0195261657 0.0718786204 0.2048155916 0.1508354043 0.2531485302
0.0195261657 0.0718786204 0.2048155916 0.1508354043 0.1408523358
0.0195261657 0.0718786204 0.2048155916 -0.1064058002 0.1408523358
0.0195261657 0.0718786204 0.2048155916 0.2400841037 0.1408523358
0.0195261657 0.0718786204 0.1078702447 0.2400841037 0.1408523358
0.0195261657 0.1592308463 0.2048155916 0.2400841037 0.1408523358
0.0195261657 0.1592308463 0.2048155916 0.2400841037 0.2131211238
0.0195261657 0.1592308463 0.2048155916 0.2400841037 0.1816188521
0.0195261657 0.0984046150 0.2048155916 0.2400841037 0.2131211238
0.1705935080 0.1592308463 0.2048155916 0.3350945622 0.2131211238
0.1705935080 0.1592308463 0.2048155916 0.0025945873 0.2131211238
0.1705935080 0.1592308463 0.2048155916 0.2906864764 0.2131211238
0.1705935080 0.1592308463 0.1582359853 0.2906864764 0.2131211238
