-1.0865857501 -0.5554420941 -1.0902039083
-1.1227495652 -0.7638648892 -1.0902039083
-0.6726796831 -0.0313893548 -1.0498812471
-0.8848906532 -0.0313893548 -0.9892942303
-1.0034863644 -0.0313893548 -0.9892942303
-0.7905362494 -0.0313893548 -0.9892942303
-1.0034863644 -0.7939836037 -0.9892942303
-1.0034863644 -0.7939836037 -1.0835212044
-1.0034863644 -0.9643232079 -1.1258628550
-1.0034863644 -0.6590312179 -1.1258628550
-1.1750089774 -0.9643232079 -1.1258628550
-1.1750089774 0.0120291868 -1.1258628550
-1.0932372876 -0.9643232079 -1.1258628550
-1.1554520487 -1.1066342172 -1.1258628550
-1.1554520487 -1.1066342172 -1.0538980129
-1.1554520487 -1.1066342172 -1.0390772125
-1.1554520487 -1.0478197844 -1.0538980129
-0.6957742382 0.0049560000 -1.0538980129
-0.9729596545 0.0049560000 -1.0538980129
-1.0243687248 0.0049560000 -1.0538980129
-0.8195917725 0.0049560000 -1.0538980129
-1.0243687248 -0.9096998517 -1.0538980129
-1.0243687248 -0.9096998517 -1.0256209960
-1.0243687248 -0.9096998517 -1.1426785208
-1.0243687248 -0.7644695407 -1.0256209960
-0.9492991247 -0.9096998517 -1.0256209960
-1.0243687248 -1.0285840729 -1.0256209960
-1.0243687248 -0.0086393694 -1.0256209960
-1.0243687248 -0.9890063116 -1.0256209960
-0.9413338610 -0.0086393694 -0.8944864486
-1.0243687248 -0.0086393694 -0.8781392938
-1.0243687248 0.0073072956 -0.8944864486
0.0003173940 0.0073072956 -0.7059783849
-0.6241369960 0.0073072956 -0.0090855574
-0.7764489157 0.0073072956 -0.0090855574
-1.0040210009 0.0073072956 -0.0090855574
-1.0122453379 0.0073072956 -0.8212534017
-1.0122453379 0.0055438672 -0.0090855574
-1.0565525576 0.0079599953 -0.0090855574
-0.8929544050 0.0079599953 -0.0090855574
-1.0975044237 0.0079599953 -0.6386309270
-0.8553455121 0.0079599953 -0.0090855574
-0.5047474572 0.0079599953 -0.0090855574
-0.8184447541 0.0079599953 -0.0090855574
-0.8553455121 0.0079599953 -0.9135672626
-1.0369259127 0.0079599953 -0.8956259783
-1.0959289019 0.0079599953 -0.0090855574
-0.8713798668 0.0079599953 -0.0090855574
-0.8553455121 0.0079599953 -0.9386558924
-0.8553455121 0.0079599953 -0.9540229999
-0.7294439050 0.0079599953 -1.0286705763
-0.8675559842 0.0079599953 -1.0286705763
-0.8675559842 0.0079599953 -1.0965213314
-0.7919417815 0.0079599953 -1.0286705763
-0.9829913992 0.0079599953 -1.0286705763
-0.7540784189 0.0079599953 -1.0286705763
-1.1024596228 0.0079599953 -1.0286705763
-1.1435875657 0.0079599953 -1.0286705763
-0.7978484315 0.0079599953 -1.0286705763
-1.1435875657 0.0079599953 -0.5863601571
-1.1435875657 0.0079599953 -0.5032607668
0.0206210767 0.0079599953 -1.0432654151
-1.0194358586 0.0079599953 -0.8590297538
-1.0601657877 0.0079599953 -0.9796785870
-1.0601657877 0.0033824038 -1.1229492684
-1.0001914401 0.0033824038 -1.1229492684
-0.5444892898 0.0033824038 -1.1229492684
-1.0001914401 -0.7091581078 -1.1229492684
-0.5297653993 0.0033824038 -1.1229492684
-1.0001914401 -0.9006920477 -1.1229492684
-0.5810524314 0.0033824038 -1.1229492684
-0.5810524314 0.0033824038 0.0186805876
-0.9970442395 -0.9620358953 -1.1229492684
-0.0056797322 0.0033824038 -1.1425147722
-0.0056797322 0.0033824038 -1.0226519998
-0.0056797322 0.0033824038 -0.5548335162
-0.0056797322 0.0033824038 -0.7587509776
-0.0056797322 0.0033824038 -0.7140099227
-0.0056797322 0.0033824038 -0.8370666129
-0.0056797322 0.0033824038 -0.7989987039
-0.0056797322 0.0033824038 -0.5692538946
-0.0056797322 0.0033824038 -0.5270446979
-0.0056797322 0.0033824038 -0.8785907181
-0.0056797322 0.0033824038 -0.6747022312
-0.0056797322 0.0033824038 -1.1124175848
-0.0056797322 0.0033824038 -0.9034945487
-0.0056797322 0.0033824038 -0.0039843980
-0.9399741183 0.0033824038 -0.0039843980
-0.7376582702 0.0033824038 -0.0039843980
-0.9567582691 0.0033824038 -0.0039843980
-0.8314137636 0.0033824038 -0.0039843980
-0.6536817272 0.0033824038 -0.0039843980
-0.9094486906 0.0033824038 -0.0039843980
-0.9567582691 0.0033824038 -1.0187414840
-0.9567582691 -0.8983898134 -1.0187414840
-0.9567582691 0.0033824038 -0.7877085941
-0.9567582691 0.0033824038 -0.9238885324
-1.0775352768 0.0033824038 -1.0187414840
-1.0258941166 -0.7876065780 -1.0187414840
-1.0258941166 -0.7876065780 -0.9679206072
