-16.2916526223 -6.7145723868
-16.8247119182 -4.1956446481
-16.7736712637 -4.4712438261
-18.7255260326 -0.6436742308
-19.0432306544 0.0575205842
-18.6873501569 -0.7666243302
-18.5317693982 -1.3526905858
-18.1790517483 -3.0202878557
-18.3676207540 -2.1011716662
-18.4123301262 -1.8869704607
-18.8819732993 -0.2319771632
-18.7770292775 -0.5437004970
-18.5034695757 -1.5380530893
-18.6630416471 -0.9061382531
-19.0014002775 -0.0433757711
-18.5207850241 -1.4629215737
-18.4788377273 -1.6473880232
-18.1507523394 -3.2145008454
-19.0279665539 -0.0013056209
-18.0271726480 -3.6690739500
-16.2311776456 -6.9252178475
-18.4550106979 -1.7784428137
-19.9444013651 0.0652456941
-18.8250045088 -0.4282150026
-18.6154191883 -1.0332919037
-18.2657703217 -2.6965572240
-16.5199443263 -5.7049331837
-16.8676306601 -4.1152864757
-16.7321164180 -4.6821189838
-16.4770592815 -5.9131782295
-16.4208093484 -6.1124233956
-16.5944999542 -5.2479243305
-16.4895030644 -5.7767089609
-16.3713894272 -6.3182194651
-16.3084541382 -6.6095194624
-14.8876445850 -10.5040305458
-14.9577093511 -10.3242875914
-15.2270295474 -9.2311251942
-15.1996875672 -9.3192349855
-15.2611036618 -9.0596062357
-16.1472221668 -7.1933685971
-16.5551916591 -5.4716465365
-16.6449279366 -5.0836505010
-18.0519639828 -3.3547921197
-18.3837407712 -1.9770744912
-16.3537417554 -6.4544997569
-16.2817377337 -6.7760650047
-16.6939190285 -4.8829314052
-16.2709730661 -6.8492464961
-16.7630640912 -4.5748215832
-18.1418780060 -3.3345262451
-18.4538210710 -1.8483912304
-17.9546002945 -3.8592365906
-16.9838165140 -3.9590971106
-17.0423837827 -3.8792667094
-15.9273838006 -7.7351833715
-16.1011280067 -7.3937389529
-14.9292599688 -10.4567388104
-14.8341998633 -10.7723196208
-14.8582144150 -10.6774928706
-14.7960672883 -10.9163144602
-15.3672177391 -8.5376488695
-14.5493470551 -11.5289800688
-15.9747788631 -7.6446260524
-14.4606390817 -11.5439616382
-15.3799476940 -8.4914792745
-15.1752869608 -9.4197174358
-15.1296268917 -9.6262971558
-15.4781832227 -8.2369424042
-14.6747877844 -11.2705933806
-16.0606170271 -7.5008322478
-14.7330024210 -11.1396152476
-15.0328173231 -10.0450400018
-14.9610184470 -10.0922410189
-14.7664566406 -11.0478006349
-15.1037395464 -9.7386711996
-15.4648301794 -8.2827275350
-15.0804833055 -9.8395545612
-15.1587576242 -9.5294448681
-15.0677790884 -9.8847579250
-15.3603687314 -8.6670501344
-15.2416263287 -9.1163823358
-16.8052610692 -4.3606679491
-16.1774152652 -7.0170042200
-15.5443190304 -8.0204982175
-15.3149486587 -8.8285510418
-15.5779351706 -7.9169010236
-15.4330398648 -8.3962250689
-15.6273209913 -7.7765559329
-15.0930673214 -9.7894838894
-16.1530444663 -7.0982182295
-15.2854641752 -8.9305295055
-14.6404110035 -11.3814500892
-14.9446705857 -10.3772290326
-15.5963377379 -7.8673130071
-14.7202018078 -11.1979413245
-14.5966324501 -11.4477941174
-15.5262465673 -8.0675761504
-15.5990411204 -7.8304097250
-15.3315101373 -8.7745688844
