-1.0698111480 -0.8575685498 -1.1001398174
-1.0698111480 -0.8575685498 -1.0518945980
-1.1235669391 0.0670422452 -1.1327958170
-1.1235669391 -0.6227009165 -1.0353339117
-1.1235669391 -0.9259354744 -1.0353339117
-1.0951288439 -0.9259354744 -1.0353339117
-1.1235669391 -0.6995220642 -1.0353339117
-1.1235669391 -1.1025243934 -1.0353339117
-0.0069107055 0.0193496921 -0.8610617984
-0.0069107055 0.0193496921 -0.7779004140
-0.0069107055 0.0193496921 -0.9914051525
-0.0069107055 0.0193496921 -0.7478603974
-0.0069107055 0.0193496921 -0.0196238248
-0.0069107055 0.0193496921 -0.9342154984
-1.1074131374 -0.0026717048 -1.1590279719
-0.0069107055 -0.0026717048 -1.1494275446
-0.0069107055 -0.0026717048 -0.5161276937
-0.0069107055 -0.0026717048 -0.5313864163
-0.0069107055 -0.0026717048 -0.7291974307
-0.0069107055 -0.0026717048 -0.5636222408
-0.0069107055 -0.0026717048 -0.6406050361
-0.0069107055 -0.0026717048 -0.7230080759
-1.0513904981 -0.0026717048 -0.6406050361
-1.0855261767 -0.0026717048 -0.6406050361
-1.0178225534 -0.0026717048 -0.7564572379
-0.9486157131 -0.0026717048 -0.8460283955
-1.1639952587 -0.0026717048 -0.4978940046
-1.1639952587 -0.0026717048 -1.1599928172
-1.1388956816 -0.0026717048 -0.4978940046
-1.1388956816 -0.0026717048 -1.0663107566
-1.1388956816 -0.7089424980 -1.0663107566
-0.0320422640 -0.0026717048 -1.0663107566
-1.0989952770 -0.8042285929 -1.0663107566
-1.0989952770 -1.0664973423 -1.0663107566
-1.0989952770 -1.0474999272 -1.0331456343
-1.0923138654 -1.0474999272 -1.0663107566
-1.0310106910 -0.0660628189 -1.0663107566
-1.0310106910 -1.0508992681 -1.0663107566
-1.0310106910 -0.9386109253 -1.0663107566
-1.0310106910 -0.8357227844 -1.0189623780
-1.0310106910 -0.0254566793 -1.0020965367
-1.0310106910 -0.8887202149 -1.0189623780
-1.0310106910 -0.0254566793 -0.7938816612
-0.9630000189 0.0207811645 -1.0189623780
-0.9630000189 0.0207811645 0.0027841144
-0.9630000189 0.0207811645 -1.0001146886
-0.9630000189 0.0207811645 -0.9569621910
-0.8749664878 0.0207811645 -1.0060367955
-0.9054055691 0.0207811645 -0.9569621910
-0.9578553638 0.0207811645 -0.9569621910
-0.9054055691 0.0207811645 -0.9853263963
-0.9054055691 0.0207811645 -0.0130793150
-1.0084463233 0.0207811645 -1.0472363089
-0.9054055691 0.0207811645 -0.9283402062
-0.9551539690 0.0207811645 -0.9853263963
-0.0039303956 0.0207811645 -0.9853263963
-0.7700560876 0.0207811645 -0.9853263963
-0.9006985673 0.0207811645 -0.9853263963
-0.9054055691 0.0207811645 -0.9444474991
-0.7622064311 0.0207811645 -0.9853263963
-0.7622064311 0.0207811645 -1.0302826479
-0.7622064311 0.0207811645 -1.0219913213
-0.8851815305 0.0207811645 -0.9853263963
-1.0436325914 0.0207811645 -0.9853263963
-1.0373488227 0.0207811645 -0.9853263963
-1.0065376652 0.0207811645 -0.9853263963
-0.8188536726 0.0207811645 -0.9853263963
-0.8681536215 0.0207811645 -0.9588578582
-0.9431395171 0.0207811645 -0.9853263963
-0.9156236270 0.0207811645 -0.9853263963
-0.6512929099 0.0207811645 0.0150284622
-0.8681536215 0.0207811645 -0.0054191545
-0.6142421294 0.0207811645 -0.0054191545
-0.6578000415 0.0207811645 -0.0054191545
-0.8021449421 0.0207811645 -0.0054191545
-0.5846116182 0.0207811645 -0.0054191545
-0.6239304403 0.0207811645 -0.0054191545
-0.7649566024 0.0207811645 -0.0054191545
-0.6061958318 0.0207811645 -0.0054191545
-0.7266981948 0.0207811645 -0.9836984089
-1.1078029123 0.0207811645 -0.9836984089
-1.0922891752 0.0207811645 -0.9836984089
-0.0016105266 0.0207811645 -0.4728061508
-1.1127587723 0.0207811645 -1.0364427803
-0.0016105266 0.0042443401 -1.0364427803
-0.0016105266 0.0042443401 -1.1236849144
-1.0325652263 0.0042443401 -1.0806262996
-1.0325652263 -0.9693645439 -1.0806262996
-1.0765218988 0.0042443401 -1.0806262996
-1.0765218988 -1.1285801187 -1.0806262996
-1.0765218988 0.0061806559 -0.0247035158
-1.0765218988 -0.6511262560 -1.0806262996
-1.0765218988 -0.8303048681 -1.0806262996
-1.0765218988 -0.9854035618 -1.0806262996
-1.0765218988 -0.9854035618 -1.1460890713
-1.0765218988 -0.7986646674 -1.0806262996
-1.0765218988 -0.6662508516 -1.0806262996
-1.0765218988 -0.9655224719 -1.0806262996
-0.9611611724 -0.9655224719 -1.0806262996
-1.0765218988 -0.9655224719 -1.1096798197
