-0.9515584214 -0.0580503824 -0.9453594696
0.0160423401 0.0161708700 -0.4762137355
-1.1217424632 0.0081401203 -1.1039436340
-0.6586079696 0.0081401203 -1.1039436340
-1.1217424632 0.0081401203 -0.5598588563
-0.7080823919 0.0081401203 -1.1039436340
-0.0136129031 0.0081401203 -0.5051611519
-0.0136129031 0.0081401203 -0.7953851698
-0.0136129031 0.0081401203 -0.8802215008
-0.0136129031 0.0081401203 -1.1305789535
-0.0136129031 0.0081401203 -0.5441373248
-0.0136129031 0.0081401203 -0.6144551418
-0.0136129031 0.0081401203 -0.7237656656
-0.5699481374 0.0081401203 -1.1305789535
-1.1342883902 -1.1563264214 -1.1305789535
-1.1342883902 -0.0066420851 -1.1305789535
-1.1342883902 -0.9973851318 -1.1305789535
-1.0614804361 -0.9611220099 -1.1305789535
-0.9491727941 -0.0926749523 -0.9629683438
-0.9491727941 -0.0026025158 -1.0101269815
-0.7637638750 -0.0026025158 -1.0101269815
-0.0236109531 -0.0026025158 -0.9363736296
-0.0236109531 -0.0026025158 -0.0271220507
-1.0366618850 -0.0026025158 -0.0271220507
-0.7634885370 -0.0026025158 -0.0271220507
-0.9540257769 -0.0026025158 0.0218802126
-0.8474519865 -0.0026025158 -0.0218919991
-0.9540257769 -0.0026025158 -0.8847699110
-0.0251778462 -0.0026025158 -0.8847699110
-0.9540257769 -0.0026025158 -0.9058195939
-0.9540257769 -0.0026025158 -0.9742093131
0.0179978624 -0.0026025158 -0.9058195939
-0.8053179557 -0.0026025158 -0.0196597701
-1.0075377313 -0.0026025158 -0.0196597701
-1.0075377313 -0.0026025158 -0.7029378938
-1.0075377313 -0.0026025158 -0.7371861565
-1.1580399925 -0.0026025158 -0.0196597701
-0.6593843454 -0.0026025158 -0.0196597701
-1.0664215516 -0.0026025158 -0.0196597701
-0.8579741924 -0.0026025158 -0.0196597701
-1.0198886224 -0.0026025158 -0.0196597701
-0.7453170324 -0.0026025158 -0.0196597701
-1.0198886224 -0.0026025158 -0.8360322479
-1.1060782599 -0.0026025158 -0.0196597701
-1.0198886224 -0.0026025158 -0.7622818515
-1.0198886224 -0.0026025158 -1.0207213342
-1.1199911618 -0.7129448741 -1.0207213342
-1.1199911618 -0.7064706952 -1.0207213342
-1.1199911618 -0.8029071910 -1.0726347890
-1.1199911618 -0.9232024761 -1.0726347890
-1.1199911618 -0.5893050022 -1.0726347890
-1.1199911618 -0.9448560262 -1.0726347890
-1.1199911618 -0.0366421776 -1.0726347890
-1.1199911618 -1.0684350348 -1.0726347890
-0.9338615942 -0.0366421776 -1.0726347890
-1.1199911618 -1.1120214785 -1.0726347890
-1.1199911618 -0.8485362523 -1.0726347890
-1.0637218302 -0.6093657952 -1.0726347890
-1.0933763091 -0.7405254487 -1.1355780408
-1.0895659577 -0.7405254487 -1.0756471465
-1.0895659577 -0.7405254487 -1.0256278603
-1.0895659577 -0.6646932581 -1.0756471465
-1.0895659577 -0.6232032134 -1.0756471465
-1.0895659577 -0.9887108322 -1.0756471465
-1.0895659577 0.0248744832 -1.0756471465
-1.0895659577 -1.1143329972 -1.0756471465
-1.0895659577 0.0248744832 -0.5670708362
-1.0895659577 0.0248744832 -0.9100785568
-1.0895659577 -0.8381048756 -1.0756471465
-1.0895659577 -0.8270548573 -1.0756471465
-1.0895659577 0.0248744832 -0.6447701696
-1.0895659577 -0.8755706660 -1.0756471465
-1.0895659577 -0.8755706660 -1.1030669018
-1.0895659577 -0.6982132327 -1.1030669018
-1.0895659577 -1.0784058304 -1.1030669018
-1.0895659577 -1.1528956169 -1.1030669018
-1.0895659577 -1.1182332298 -1.1030669018
-1.0895659577 -0.7101291814 -1.1030669018
-1.0895659577 -0.6868717224 -1.1030669018
-1.0895659577 -0.9942769128 -1.1030669018
-1.0895659577 -0.5611813670 -1.1030669018
-1.0895659577 -0.6311068751 -1.1030669018
-1.0895659577 -0.7891788804 -1.1030669018
-0.9875535764 -0.0448763792 -1.1030669018
-1.1028014833 -0.0448763792 -1.1030669018
-1.0895659577 -0.0448763792 -0.5412377795
-1.0895659577 -0.9030426775 -1.0412278331
-1.1338252901 -0.9316666306 -1.0412278331
-1.0850336146 -0.9885764723 -1.0412278331
-1.0850336146 -0.9316666306 -1.0383249665
-1.0850336146 -0.8765828160 -1.0412278331
-1.0850336146 -1.0488285227 -1.1222876747
-1.1256038272 -1.0488285227 -1.0412278331
-1.0850336146 0.0066577596 -1.0412278331
-1.0850336146 -0.6756412506 -1.0412278331
-0.7670006299 0.0066577596 -1.0412278331
-1.0850336146 -1.0622885093 -1.0412278331
-1.0850336146 0.0066577596 -0.6858185972
-0.6254429603 0.0066577596 -1.0412278331
-1.0850336146 0.0066577596 0.0101533766
