2.4379513940 11.8978035643 9.5891113793
3.2773028418 27.4025115891 5.3229658311
9.1551714129 5.2585152121 3.9018412250
13.4158550001 2.3981433951 9.8953972713
5.8314443083 3.2161864929 15.3486122668
2.9524750461 3.0845529768 22.9268014305
3.1918713474 3.0845529768 17.6353586756
3.5714729590 3.6124220743 17.1735996753
2.9331572180 3.8690118965 17.0920979944
3.5104055367 2.7153931370 18.1294612080
4.6734786572 2.9956094506 16.8387248629
2.5217832118 7.3330677430 22.3753296744
2.3055849681 8.6451279259 12.6674656237
2.0304524181 18.4768982977 27.4637602927
2.3055849681 17.0895621823 11.5996221140
2.2949961782 8.9086542228 33.0159487589
2.3055849681 6.8632575246 25.4283754613
2.0445999973 16.2175136396 21.0715638719
2.3575129637 7.8090223320 10.0737473867
6.6017902020 3.9258319379 4.5014874038
7.4516435551 5.1043005761 4.0161542328
10.9903292238 5.1043005761 3.8503186481
5.7582262872 7.6395796463 3.4183462867
4.9589208387 10.3048574950 3.3951182455
4.5642125692 19.9433866494 3.4689459161
4.4097581292 16.7277992983 4.1792523773
4.9672746233 16.2688428701 3.3612971177
5.2341190171 9.9333869557 3.9816658551
3.9857246597 10.3048574950 4.8807851019
3.9667007167 13.1344180184 4.8394619646
13.6770677037 6.8825071238 2.4348694550
11.5241023056 3.7026636113 3.7232651126
14.4899733085 3.0430353084 3.7232651126
5.0870802731 7.4939796750 4.8653838050
6.2291461334 5.7844469957 3.9234419846
10.4285390000 3.5157423844 4.3115441147
9.0024887472 3.5157423844 4.5554411272
7.0600154528 6.3658948222 3.7177719326
5.6494993324 6.0929582325 3.7751096386
3.6610319826 6.0078094152 7.0760287770
3.7922153842 6.8347333993 4.9710103438
3.2364843330 6.7340652195 6.3051808873
3.0314839074 8.4652869722 6.9925198757
4.5940778683 6.0841722267 5.6763812885
4.8121218014 5.1165882275 5.4441381184
4.6048535073 8.1816186296 4.1540697779
4.3295608329 4.4884775572 7.1145486110
3.6624181206 7.8931795898 6.1066010785
8.4247205371 2.7376346495 7.2876369164
8.9119596387 2.3888583531 10.4568706711
6.3005557720 2.5670964430 7.7533969511
6.0443363472 3.4871947900 8.7589434725
6.5411095771 3.4769784166 7.5921339385
6.1035574173 3.1097464955 8.2245509490
6.1256300391 3.9037435131 6.3112865954
8.8591757346 2.5384970543 20.6613378059
5.1996235396 3.2163833310 10.2894363195
4.0128616741 3.5512181093 9.4284146010
5.2290113234 3.5512181093 7.0838857661
2.8795212159 5.2034349811 7.4804037662
2.6842403451 11.9461762464 5.3694389942
2.6842403451 3.9934774471 8.0834981524
4.6936253452 3.9934774471 5.8775436385
3.7556255601 16.0995809851 4.3854893544
4.2522115242 21.8099475450 3.2001536362
3.7556255601 11.1433788840 4.9234114772
3.5089193481 17.9096449821 4.7844582262
3.6163070486 18.5434194973 4.7431457555
4.4630703634 16.0995809851 4.2489810708
3.2101664387 10.5787727023 6.2210470479
3.2156450119 10.2917387608 5.4186007497
5.1060620535 7.0019582861 4.2264776892
11.6453308995 5.1341523138 3.1867154262
6.1699840764 6.5706455642 3.1531735986
5.9829850305 12.5832018842 2.4823444662
8.0632173583 18.6334985798 2.4201583174
5.8027307093 9.5635349438 2.6516271620
5.2781621720 16.2481968492 2.6005846871
5.9475958510 8.5177331850 3.2291758432
5.5291958133 5.2437225993 4.7772606544
7.1915454610 6.9471195493 2.6516271620
19.9843013932 6.0549779043 2.4750107229
11.2907204925 5.7002287278 2.5445702419
10.8713802229 5.3362617880 2.7384284720
8.6584759758 7.0615532643 2.2503202644
9.3953474777 7.1082463966 2.0788881208
19.2997151140 20.4281397711 1.5458412072
7.0808595188 6.1209015807 3.0359211471
