2.5503604320 6.7191185127 16.5522901323
2.1443251121 8.9363867632 11.6256604197
6.8398780971 9.9258619048 2.3014159351
6.7934246501 12.8778099646 2.0036558586
2.5517933724 13.0798697890 5.5370296560
2.5517933724 12.6183223276 6.0194447703
3.4876818048 9.0248383839 4.1006246012
8.2778827668 8.6792300578 2.2600842392
10.6181614787 7.8357761183 2.0509318097
8.6155773168 3.1755167076 6.0453054052
6.1680390004 4.0727637713 7.6103883710
16.5746699402 2.3002073740 9.9889402374
9.9570721307 2.3111452847 9.2430211317
8.9505741937 2.3111452847 10.3768829082
9.8282818796 1.9674350853 10.0000946198
14.3769560790 2.3489661928 8.9521694885
9.9860052268 2.4077178303 6.5043311299
6.7692813331 2.5733599926 8.9626826983
8.3222800958 2.4328044343 11.8831641883
8.3851914839 2.3607267631 11.2757344571
2.5145531636 7.5343604783 13.0088185491
1.9338725642 8.2836698052 12.0709007462
2.9569748949 7.5833192319 6.2837220088
10.8456492569 3.5900759692 5.7919245866
5.6389497514 7.2768844024 2.7689513380
6.5990002846 5.5436892092 2.3694694753
13.2689062518 5.5401813658 3.0459686229
7.6209467559 4.7991855675 3.9400201847
9.2480691227 4.5504150799 5.5186194590
8.5758118670 2.9696993032 7.6003158933
3.7487949115 2.5109046032 14.4334663591
5.5601217449 2.7516744995 13.0777992369
11.5015036732 2.9696993032 5.9080221602
10.6188737656 2.9696993032 6.3168697656
5.2404140944 2.6508454030 14.1152871950
4.1196643577 2.9557517790 7.9907794001
4.1196643577 2.8901487490 9.7408847782
3.2120130650 2.8901487490 9.8917587775
3.2012233328 3.8413763994 14.0318442836
6.6416534726 2.7190407853 9.7720701412
9.0630754250 3.8074070181 5.6983114914
12.6252219217 3.0175839702 5.1629505775
16.4057289029 2.9997139346 4.7945018856
12.0633471787 2.6693575111 5.2166114916
7.0654244368 4.5981345234 4.0363415776
6.6805999979 3.2251317193 6.1174522821
8.0246515982 3.8016862719 5.7654247142
4.5802250771 3.8845420484 7.6491863560
4.3366947521 4.1859694579 5.8064752885
2.7001795810 4.1242453852 9.3537704639
2.8814005559 4.1242453852 7.4896987225
2.2268264362 7.9764424673 11.5140196275
1.2721694082 8.8893375310 15.6228570105
2.2268264362 7.4075327125 17.6292964317
1.8505069399 13.8928121517 12.8853227223
1.6000276614 15.3517993891 9.7235984503
1.5283045017 17.7691824824 14.6241509532
1.9135403298 10.6216061401 9.2783496167
2.2416458248 11.0548021258 9.0097071430
1.8267028386 14.2873875775 9.3245093724
1.8708253999 11.4214857728 10.4849025117
1.9135403298 12.1937803128 7.4426349733
2.1383185240 14.9759966668 5.7550307941
2.7948444722 9.1564535563 6.9203961952
2.6298706341 7.6001491922 10.1156207957
2.3501264852 13.1290851894 7.0039159792
2.3756372122 9.9888016594 6.6477666015
2.5828155358 10.6741650743 6.0879767315
2.3756372122 13.8609504985 6.1059152165
2.3362847475 15.8248326010 5.4000290829
1.7729294018 19.3929539371 8.0968132773
2.4458437065 14.6724416930 5.0108347862
2.6788769294 8.4603973471 8.3889638032
3.0328977195 10.6073430178 5.8317438905
2.5029186103 8.3881966029 11.0091636431
2.5760493780 11.2667487317 4.4489501911
2.5760493780 8.7222321391 7.7819562483
2.5657280723 12.0769300896 4.2811912360
2.7527824133 8.3241989040 7.0711189268
3.3432793764 8.7397695456 6.0187283348
2.8950585596 12.5579808645 3.2368524473
2.0921131130 12.1415105892 9.0630918544
3.4974186189 13.9135399345 3.0096972590
3.8321555887 10.5121181396 3.1932311772
8.1501214598 5.2704535347 3.4643579930
3.6867533164 5.1970740664 5.0130944991
4.2385584361 7.9504439129 2.4905920121
8.8343106588 12.4695695652 2.2224096876
3.2840695982 11.0249977963 5.5339832429
4.2365684879 5.8214271181 4.2868317610
4.2365684879 5.1026473009 6.8066803998
5.0529534851 4.7148259192 3.9682724422
4.3409598920 5.6961701813 4.9803131013
4.2026022283 8.3317887776 4.2781189956
3.6503608133 7.4827825270 4.9944799445
4.2365684879 8.4114927492 3.1324936981
11.6348794858 4.6869652588 3.4405403380
5.0885718989 7.7529288963 3.1816667262
6.5939342308 6.5252241067 3.8800925093
4.4519500526 6.5310925953 3.2303306946
