0.0997619706 1.8669149732
0.0778478511 2.2568075644
0.0674556625 2.6552469916
0.1468545678 1.5333733007
0.1360632234 1.6554940902
2.3440002575 0.1445498188
1.6272137547 0.1594879193
1.3372839187 0.2272657268
0.8521516587 0.2950488619
0.8321424762 0.3861363285
0.8315865752 0.4252871586
0.1493714214 1.1492655262
0.3905358652 0.9622919506
0.4462031141 0.9571993189
0.4889993008 0.4574011737
0.4593759207 0.5012491779
0.4757493196 0.4945860404
0.5022429989 0.4560018788
1.1709727117 0.2741040779
0.6552212941 0.4388095959
0.6359483562 0.4398916410
0.6941937837 0.4384354820
0.2315167887 1.0157701571
0.1692976577 1.1448095644
0.1937659248 1.0188108301
0.2459689414 0.9990609064
0.3512933201 0.9662842213
