1.9752737371 0.0667535085
2.6030912790 0.0642689659
1.1771406025 0.1211749679
1.2931876985 0.0790461564
1.4114202640 0.0782428898
1.0040029133 0.2517495892
1.0407387309 0.1356784163
1.0137772837 0.1891450404
0.3966982745 0.6295443414
0.4008520120 0.6270342765
0.4102478331 0.5836764168
0.4097932623 0.5939447431
0.4120485246 0.5530735149
0.4354190024 0.5373885571
0.5417682557 0.5239747255
0.9658261902 0.4447362060
0.3835930173 0.6797671691
0.3733375856 0.7449609557
0.2981630170 0.7965338565
0.2692695052 1.2066840145
0.2718830813 1.1223352257
0.2972520261 0.8293016724
0.2817173195 0.8942836530
0.2890262806 0.8817551990
0.2838029584 0.8817707273
