0.8240211074 0.5658824462
0.4915377021 0.9142620308
0.4881840637 0.9235114956
0.5309946210 0.8745194751
0.5358625680 0.8594403130
0.8580993743 0.4543844346
0.8583595145 0.4480451529
0.5412524575 0.8589060205
0.2083141847 1.0292465296
0.2061260646 1.0345305602
0.2240366459 1.0246029564
0.2731191371 1.0227162542
0.8843450393 0.3711333306
0.8630812098 0.3942446548
0.8828482073 0.3834816194
0.8477023093 0.5614769916
0.8606162742 0.4028895917
0.8670065633 0.3881322810
0.8955851755 0.3686884742
0.8839892085 0.3781357221
0.8530886804 0.5363017034
0.5513696345 0.8375210949
0.5434138189 0.8515888024
0.5537560674 0.8248528072
0.5640218060 0.8039357556
0.5562574168 0.8103610478
0.6101547518 0.7997006214
0.2933361500 1.0031050266
0.2923660428 1.0163333980
0.9447013379 0.3037890930
0.9385974347 0.3164280018
0.9202136876 0.3492536414
0.9294304526 0.3283412555
0.9216708089 0.3284770220
0.8991620425 0.3591106687
0.9146913708 0.3574641834
1.0652424533 0.0649802253
0.7754270643 0.5880019606
0.7846390911 0.5674435272
0.4270455818 0.9523584937
0.4695930297 0.9244521276
0.4382069288 0.9374310868
0.1554064177 1.0432089362
1.0965445373 0.0522400185
1.0960932617 0.0606204053
1.0782382033 0.0608725190
1.1284247264 0.0515415929
1.1351373912 0.0508350561
0.1107378680 1.0468867535
0.0990670158 1.0560995803
0.0431443253 1.1321031352
1.0503692122 0.0811802046
1.0490715449 0.1080841006
1.0466783323 0.1186431821
0.7523017486 0.6136360576
0.7223481651 0.6275773756
0.7358700454 0.6218066127
0.7206567582 0.6485067308
0.0432297890 1.0879383221
0.0448052456 1.0684763234
0.0701734364 1.0563177323
0.0645676558 1.0582978529
1.0529752005 0.0767147326
0.4084095333 0.9590318036
0.4026372055 0.9623148446
0.9679291160 0.2556383840
0.3165312939 0.9817846437
0.3146006697 0.9868827518
0.3863001486 0.9624630491
0.3482785255 0.9629157617
0.3405047700 0.9669864804
0.3257486961 0.9805959160
0.3074440434 1.0026781188
0.3264942493 0.9720659064
0.3077474449 0.9966640877
0.6127991821 0.7749638989
0.6181499109 0.7509962188
0.6254365002 0.7173015911
0.6353620105 0.7126679986
0.9682067560 0.2470227730
0.9708020252 0.2276997769
0.9759638122 0.1996880629
0.9831763542 0.1952641225
0.9753645249 0.2105577294
0.6552027187 0.7097508744
0.6602655361 0.6955622217
1.0243906398 0.1364398774
1.0169934128 0.1439354483
1.0052066821 0.1495742550
0.9981860065 0.1550086468
0.9969170927 0.1827907540
0.7113213560 0.6683678903
0.7200120244 0.6671359548
0.6840332576 0.6722730373
0.6984395413 0.6713287051
0.7055893363 0.6694538559
0.6739970319 0.6879358840
0.6893143910 0.6720810756
0.6784254853 0.6733424959
