5.9407687318 0.3349478556
0.9434952619 2.1280139651
1.0458979896 1.8764580716
1.3191345072 1.8271032270
0.3839596982 3.3499534108
0.3850582547 3.2825630661
0.3983725201 2.1705344848
0.5390761462 2.1679184083
1.3654669737 1.1705344848
0.3670345353 3.9462945153
1.3597114716 1.5262103475
1.4304509185 1.0996469695
1.9588368216 0.7697117132
1.6983956799 0.8552363985
1.9219500690 0.7999935811
1.6432393740 0.9591076325
1.9864277950 0.7613539061
1.6699263029 0.8841416146
2.4247069390 0.6209656497
2.4850918426 0.4818678257
3.4462061160 0.4151852916
2.3952237346 0.7319257714
4.1108940003 0.3612752277
4.0373835194 0.3694820032
