1.0359073114 0.2662153098
1.0342470079 0.2799389945
0.9531989837 0.2931993281
1.0607927909 0.1856655568
1.0987986591 0.1842510738
1.2503904317 0.1506507814
1.1388223984 0.1551009530
0.7275396213 0.7548534617
0.7351072454 0.7018460997
0.6660347613 0.9255997258
0.6934726194 0.7757009508
0.9043448743 0.3533271883
0.8762939452 0.6760933538
0.8833747895 0.5626085246
0.8856533446 0.5196684656
0.0823982385 1.3599136083
0.0827386309 1.1869326476
0.0432787861 1.3926292894
0.0409584723 1.9240057937
0.2513285236 1.0910308838
0.2835890405 1.0909616002
0.1960558481 1.1549994300
0.3690988208 1.0871732656
1.5561875679 0.0714023686
1.5511288559 0.0801815104
1.5628268965 0.0429657791
3.3491293200 0.0338720490
1.9821745367 0.0374162971
1.4335988785 0.0826096241
1.3386350029 0.0977432315
