3.5838934924 0.1244374215 1.7959179132
1.5094901514 0.2261435088 2.3730691386
1.7630421647 0.2318862037 1.0368166098
3.3930540423 0.2318862037 0.8604239812
2.8125496753 0.1142677579 2.7530784731
2.8757296476 0.1570274331 1.3213963159
3.9248810728 0.2083631324 1.2432545438
4.7670540004 0.1518148754 1.3090385140
4.3006408438 0.2083631324 1.2298052903
5.3281170480 0.1179597833 1.3415725697
4.6572149969 0.1602035558 0.6421977413
5.2613578913 0.1602035558 0.5717321560
3.1930901292 0.6432092094 0.3004584670
3.6748313534 0.2127921319 0.8626479194
4.1164610073 0.3409656889 0.2789228945
4.8806786939 0.1547842578 1.0437115134
4.3071640831 0.2533910703 0.7565555465
3.7483254396 0.4986372432 0.4478720915
3.2689413210 0.3825857950 0.6256534839
2.5788149548 0.3795059211 0.6453303713
2.4663023968 0.6681484840 0.3085603056
2.3228381885 0.5710640173 0.5018132263
0.5689888575 1.8443817741 1.6374114920
0.6246364179 0.2597091750 2.4233737409
1.7531678167 0.2473442067 1.8999196031
1.0273935489 0.1571941374 2.3897062760
0.9562482814 0.5658844455 2.1496787137
0.9562482814 0.6237708732 1.7696484665
0.2821173814 0.6237708732 2.9456932319
0.2770706917 0.8084332357 3.2843523294
0.6442316807 1.3918018540 1.7541434774
1.2453585887 1.4197656874 1.0839899490
0.5917286609 0.5887659379 3.1936737468
1.1471274779 2.2193739647 1.0855100756
0.0606222017 1.7529659080 3.5971227126
0.0606222017 2.1680609210 2.9193984265
0.0606222017 4.5178913782 2.1420641268
0.0499760338 2.6632643330 2.6550218580
0.1045503548 1.6263449501 3.1564330733
0.0664059438 1.2388465756 5.3552982084
0.0664059438 1.8348581107 2.7873853167
0.0664059438 1.2944257888 3.6276693035
0.0803432407 1.6462357220 2.3544154220
0.0491866849 3.4579746961 2.9880223078
0.0803432407 2.4132712635 1.7602220512
0.2073806611 1.6148584650 1.7602220512
0.2073326364 2.0322223608 1.7548674254
0.1764118804 1.2125238535 1.9267979167
0.2402016014 1.9291079477 1.4863580427
0.9241575535 3.1956732069 1.1607458375
0.3807558179 2.4964175300 1.4481015482
1.1261967575 2.4593083041 0.5569832394
1.2827561594 1.9087952469 0.6605286509
1.8753357787 0.8498424974 0.8592908998
1.8812825922 0.7740424370 0.6605286509
0.6655980681 2.0678547042 1.4391391994
0.4420121630 2.8806383910 1.1933280964
0.9666703235 1.3127130049 1.1580162300
0.7087175309 1.0313032996 1.1976374424
0.7087175309 2.2300566220 1.1863448064
0.6482984999 1.1327017020 1.4747059073
0.7859546131 0.6724648989 1.1797722814
2.2539698386 0.6212616389 0.8385149905
0.7373046395 0.7488760475 2.2312718377
1.7273394412 0.8721968083 0.1797722814
1.2824178654 1.0900345535 0.6927136085
0.5772363869 0.6786304162 2.7574668845
1.3241569394 1.0920625321 0.3654014069
1.7213118243 3.6443071693 0.1018847768
0.6756848996 2.2838680276 1.3556836028
0.5989412512 2.6850183310 1.2942613657
1.3207527849 1.8238086489 0.2706110931
2.1787421280 0.7802262547 0.3523392191
1.6195044586 1.6397846350 0.2883319573
1.5015022678 2.0971409758 0.2500556156
1.3175134090 2.1995361894 0.2008004575
2.1437916723 2.2230315008 0.1624050052
2.5222161597 2.7671747984 0.1621613322
1.4581265715 0.7663071921 0.9506178618
1.4438224089 0.5138321520 1.1244796806
1.7050431129 0.5103850075 1.0078969414
1.3709620441 0.8841965661 0.7400662257
1.2886341928 0.4546290154 1.1633275402
1.2691432603 0.3613506896 1.2365170777
0.1337577860 0.8875586057 2.8051927791
0.6732107847 0.5130841324 2.3126055908
0.5095142502 0.8756315268 2.4963928044
0.5061884084 0.8445429874 2.7400480980
1.0143520386 0.2514049539 3.2369190637
0.5061197464 0.9274834247 2.3085263542
0.8711238402 0.2928722699 2.2454476151
0.2870574201 2.2866709410 1.4798320895
0.5083959383 0.9274270867 2.3037201746
0.7166928600 0.8979026928 1.7211845998
1.5060667886 0.2939518023 2.0498046284
0.6335926463 0.7668523821 2.1847913880
0.2249051766 0.8488115271 2.5096225900
0.5221701243 0.9274834247 1.8616943676
