0.3695715964 3.1627550090 2.0607332461
3.1752415060 0.6258218026 0.4655805976
2.8334152504 0.1791937791 1.9575190344
3.2920922588 0.1269101722 0.7220481702
3.1339645911 0.1269101722 1.0344652243
3.0452199910 0.1974301246 1.7084793527
2.8730045400 0.0353974985 3.3969665605
2.4157807894 0.0353974985 4.2976909670
0.2866000914 0.5791352846 3.9413564267
0.3341981700 0.3756365047 5.9054963619
0.6016745051 2.6594362137 1.4623487484
0.3990867077 3.7601182722 1.7340129946
0.4023921938 3.1032172050 1.7388987282
0.2275475112 3.8791686874 2.0474387745
0.0972262878 4.7410841066 3.8756281719
0.1103136152 2.2032874356 3.8766675062
0.1071029668 1.6620419853 4.5085467769
0.1071709759 2.5340210474 2.7012557194
0.1117756771 2.0590864179 3.2356018572
0.1932882967 1.5331266499 2.6922104216
0.0859710060 1.0379808314 4.7520566089
0.2921780194 0.8275908499 3.2929959461
0.3066319614 0.6725822983 3.5717936589
0.4168318530 0.8823317654 2.2922177636
0.5131841551 0.8257466442 2.5370399723
0.4855515494 0.7884002737 3.4894310924
1.2970660133 0.2566703387 6.3495470411
0.8954527924 0.3561260998 5.9248617392
0.4742560523 0.4099276571 4.5944462789
0.5074324688 0.3878639293 4.0584721289
0.5175351802 0.3878639293 3.3164839482
0.8640221800 0.3652278018 3.7490161143
0.6492995235 0.6424340577 3.2596135337
1.9138624411 0.1271114120 3.8744507882
2.5242437366 0.1278656555 3.0679618544
1.5783661357 0.1833649764 3.6442839890
2.5543286332 0.2147888523 2.1124384109
1.7625125048 0.2062247634 2.4711157240
1.5425596920 0.2064130643 2.9510213446
1.7440584397 0.9656893372 0.8917564282
3.2346696259 1.0423078203 0.4074202191
2.0576215818 1.2646510826 0.3063300277
2.4777915846 0.5813851485 0.8795765632
1.6933853893 0.6542626941 1.3124425179
2.2001494677 1.1749522845 0.5625332508
2.6115244712 0.4347555747 1.3804294466
1.1127423483 1.2810593046 1.5358101604
0.6860805133 3.2215895261 1.3157965424
0.5186622942 5.0495153693 1.6954756925
1.3521062656 1.9836938052 0.6475027440
0.3291615926 1.2535791012 3.0025299754
0.4221255467 1.6553568585 1.9566096727
0.3856318258 0.8307854259 2.8009648186
0.5234365811 1.9484434693 1.8467708750
0.2516374586 1.5021497449 3.1289026341
0.4121836406 1.1366075638 2.6164303977
0.3361178063 1.1477925676 2.2184887178
0.3361178063 2.0038398094 2.2152598762
1.1249183883 3.3266236827 0.7246637969
1.1738172922 2.2209063469 0.8361926567
1.0057807832 3.4706027093 0.9565849898
1.1167493474 1.7960674142 0.9254161783
0.5319382457 1.1907672462 1.8399672811
1.0292162389 2.6156334004 0.9796748727
1.3478870588 1.6789262315 1.1158439432
1.6059611874 1.2028410425 1.3202943473
0.7341516694 0.5601286520 2.0290538085
0.9617525011 0.4378180588 1.6519483761
2.2894867953 0.1609025620 2.9021515015
1.0003504996 0.3606978855 2.7693695225
1.0447601329 2.1931859074 1.4623613261
0.6257485113 1.6396901034 1.7584753015
1.1960267023 0.2580586851 1.5329499589
0.8479913699 1.5361394355 1.6745958208
2.9435725911 2.0137990404 0.2791542791
2.7458565725 0.2314657319 1.5779385983
1.1994879751 0.5674722384 1.5130235157
2.5159621912 1.1169067412 0.5966117875
2.6012216857 0.9130086251 0.7429898575
2.7038496016 2.0209273981 0.2488153197
2.7726823602 0.4729805266 0.6112156168
2.1043455524 0.4780618500 1.4325366823
2.4725368120 1.2526551304 0.2863990199
3.2808459260 1.2763403403 0.2676100574
1.2873930520 1.7809981415 1.4744318140
3.8481938983 0.5648748741 0.5591617118
2.1000074659 1.2526551304 0.8022687082
1.7681755359 1.7111764937 0.5273476842
0.8621620894 2.0551985359 1.6349467273
1.7307043698 1.9801254673 0.4123236871
1.7307043698 1.5156525806 1.0589713668
2.1369264404 2.6784352837 0.0856882425
2.9941517813 3.5221595673 0.0810396135
4.1931742278 2.0695561260 0.1553191657
3.6939436633 3.6297431214 0.0427573483
1.8955863172 2.2440154886 0.2571550066
2.7166941440 2.6781652339 0.2400958107
2.6455073994 0.8558741596 0.5030256053
2.0927406149 0.8112606201 0.8506239944
1.9196158580 0.8112606201 1.2332201851
