0.9705773534 0.9722816717 1.4934670729
1.8590070273 0.2191351471 3.0248492739
2.1812911174 0.2191351471 2.9593266053
1.8042397767 0.2813908996 2.3249705122
3.2879562572 0.3370682198 1.4344885738
1.3955817859 0.7249767170 1.5060771203
1.5644713853 0.3802182904 2.0509476250
1.4441330712 0.2246156510 2.5340669416
1.2142347394 0.2844739877 2.2613067734
1.9311845082 0.2369780193 2.0843896287
0.2167597056 0.1681319066 4.4665439877
0.1656270741 1.4903295952 2.7422171967
0.1646994922 3.0844816630 2.7422171967
0.1656270741 2.4967281849 2.5865001886
0.1470156023 1.9588672410 3.9565178929
0.1386817049 3.8526990967 3.6292698874
0.1626037873 3.1657545899 3.2669199387
0.1470156023 3.3679095128 3.5180362889
0.1527044375 1.7564920959 4.1774977733
1.4248841302 0.2806495077 3.5957531296
0.1284286124 2.0220714789 5.9798484773
0.1438715691 2.4251802948 4.2391238407
0.1578608963 1.0976815788 4.4017807344
1.0886049672 0.3244028042 2.8532028960
2.0433061995 0.1655346444 4.4046701752
1.1033883592 0.2990332371 3.2949282332
0.6170189154 0.1655981988 4.1252054231
0.6858463301 0.4872442714 3.5046958541
2.5221030578 0.1248270732 5.8866869918
2.0382831723 0.1655981988 3.3175909194
2.5222150627 0.1655981988 1.7374423409
2.8320197155 0.1007919044 1.4603791120
1.0140402744 0.4189621307 1.5371548775
0.8244643436 0.6783412064 2.4420082893
0.4752045460 0.5311813272 3.6664560648
0.6287830931 0.7588665453 2.7872996514
0.3207502992 0.8147915229 3.1334756721
0.4964850900 0.5933439383 3.1440058303
0.9418480663 0.6099644667 3.0845647516
0.2743172533 0.6042763761 3.3253291705
0.2023629431 1.4334267376 3.8612491855
0.2928050470 1.6247883465 2.1009761359
0.1996494466 2.0535652035 2.1804681690
0.5212854872 2.3738036030 1.6683387467
0.2878548661 2.5504969994 1.4197140683
0.2585369532 2.4425227193 2.0465780464
0.4767911850 1.6882437064 1.6776662365
0.9647906110 1.2883004609 1.2729775733
0.9647906110 1.0026153018 1.8925214939
2.0686196357 2.2375429533 0.7289387123
3.0865285003 1.9693036740 0.6912980642
1.5236657344 2.0565516664 0.8154836610
0.9033369236 2.0804812999 0.8162604220
0.6800651517 2.0415729647 0.9386519279
1.1199684951 2.3488105601 0.7271684327
0.4444914308 4.9639053047 1.2738492362
0.3899203345 5.5170362981 0.9344633629
1.2499700951 2.7576067587 0.5196966518
0.7275201216 2.7332937597 0.5793028852
3.2393061571 2.3680032804 0.5305647679
1.6426287746 2.3371272542 0.7949631290
1.9850388001 1.8212203395 0.8652021732
2.9153920941 1.5029163972 0.7982788286
2.3385286759 2.2094706277 0.7354994814
3.6052935294 1.5078615139 0.6464436319
4.7910064305 1.0275602272 0.8288306981
4.2026972104 1.4626295383 0.7392389791
4.4934418129 2.2687556638 0.6286124527
7.0494812640 1.1486392534 0.7944323252
0.2873479133 2.0866446766 1.8893060219
0.2388630863 2.9317369354 1.7353967847
0.3395362062 1.0270368181 2.1525198309
0.3407730966 1.2716868066 1.7279814763
0.2507357966 1.1210133040 2.3743582164
0.5138494190 0.8641448345 2.0483371325
0.7291819137 1.2958794191 0.8951128546
0.4732759102 2.8006484843 0.8951128546
0.4743830902 2.5226060033 0.9182003166
0.4653489727 4.0206765518 1.3635582889
0.5552651118 4.8421711315 0.7923962128
0.6147554186 1.5069747210 0.9797547215
1.0059295846 1.0403115124 0.9529333238
3.5629581647 0.6820559047 0.9264916723
1.8118319617 0.7878575088 0.9642263784
3.2229750773 1.0270462386 0.8666388559
1.2574058987 0.9252812576 1.2950484993
4.0895635236 0.2161665388 1.4341944094
5.0666907009 0.5118527908 1.0065299615
6.2870951099 0.3257345714 1.0970929510
5.4699050318 0.4292315589 0.8963979337
6.7966356681 0.3010137408 1.2042643303
4.5265632776 0.3929856384 1.0895185956
2.4063521191 0.4662173686 1.2969610170
2.6575841186 0.4816841116 1.2645624742
1.8968802208 0.4195035050 1.4224707494
4.2536641767 0.5175073970 1.1100458491
1.4874349625 0.7537032180 1.1735645310
1.7809315905 0.6365253682 1.3198111650
2.0867151935 0.6299978288 1.1728361681
3.6656481850 0.4643237655 1.2832967502
