0.7484322921 0.4762520080
0.5889674893 0.6843268994
0.7294824675 0.5030898452
0.8305645052 0.3400988706
0.9467742789 0.1457481917
0.4767857130 0.7940239702
0.4623319653 0.8085029690
0.7751696134 0.4264978969
0.6289554532 0.6286054080
0.6558192703 0.5861084887
0.6392824042 0.6082648969
0.8170624739 0.3542566489
0.3897201318 0.8608409963
0.4994634296 0.7662943901
0.5659771155 0.6955250277
0.8165313909 0.3564760583
0.4644236009 0.8061422265
0.6728011565 0.5671185764
0.5452108269 0.7219809630
0.4716947359 0.7959699101
0.3219182805 0.9104542842
0.5313014885 0.7343527838
0.7362290340 0.4785149927
0.4395817102 0.8188923113
0.9739413803 0.0746703847
0.5334075563 0.7296078468
0.6288059207 0.6454232090
0.1475332783 0.9911245226
0.8722757565 0.2605085725
0.2279230173 0.9606323278
0.4941966243 0.7847064598
0.7217960017 0.5138739656
0.2941288402 0.9253315346
0.7568585104 0.4442001930
0.2739364947 0.9389779324
0.4672676307 0.7996750784
0.6178841776 0.6593823665
0.6638381872 0.5785883560
0.7983822067 0.3819175877
0.4820011812 0.7871176778
0.8122250961 0.3719519208
0.8363770573 0.3194680299
0.2357204271 0.9604612247
0.5743642861 0.6862402644
0.5105898200 0.7606292475
0.8534960362 0.2913156279
0.8590014675 0.2795242018
0.4236942582 0.8321419908
0.9172508352 0.1777143707
0.2233108438 0.9622942594
0.7568730395 0.4435488854
0.6349456749 0.6123965465
0.5636572637 0.7012203896
0.7513766751 0.4711483618
0.5144666328 0.7509743741
0.3793231309 0.8674567047
0.3321228682 0.9025808484
0.2592284234 0.9415327511
0.7858457957 0.3990656074
0.3125522761 0.9218081138
0.7830604057 0.4045929740
0.2823195975 0.9295861178
1.0000000000 0.0144806193
0.1969090588 0.9706745923
0.1631905349 0.9841492259
0.0000000000 1.0090383335
0.7604788302 0.4363002165
0.8803606293 0.2514619349
0.4175907341 0.8516578932
0.6458290201 0.6018007208
0.7128697653 0.5168174544
0.2558924030 0.9456514706
0.9107459502 0.1982051640
0.1520173194 0.9878657408
0.8509677741 0.3090968958
0.8387530457 0.3141881268
0.6725096263 0.5785451449
0.8978940785 0.2109521597
0.9556204677 0.1031457565
0.3344847619 0.8997906691
0.0987408467 0.9991594181
0.5500263605 0.7101979472
0.5075241420 0.7626684851
0.8522818781 0.2930148895
0.6853219551 0.5491074050
0.5932343943 0.6597301931
0.4214496437 0.8345324862
0.1980735501 0.9704653300
0.9957508160 0.0365316269
0.9297838632 0.1660694029
0.4790494461 0.7937465488
0.6893875278 0.5439522269
0.6330316409 0.6206106425
0.0729144820 1.0076856347
0.2767671899 0.9381619233
0.7706334862 0.4303036593
0.3947635220 0.8603326346
0.7916592628 0.3913933221
0.9971568121 0.0249187842
0.4315850585 0.8248227451
