0.6233165493 -0.1236167219
0.2249749002 0.4440941422
0.4212986150 0.1556502730
0.2601078958 0.3561154961
0.6452935283 -0.3824291941
0.0194749682 0.9300978425
0.8374395973 -0.6254088098
0.8558254596 -0.7135169870
0.4422741232 -0.0631225510
0.6359600717 -0.3391591578
0.4539890184 -0.0818184681
0.6522293591 -0.4314355310
0.0195419856 0.8896416619
0.6435425737 -0.3532389614
0.2274692846 0.3932724265
0.0413258696 0.8178450313
0.2171031265 0.4598044389
0.2619395945 0.2783028026
0.6381948369 -0.3491457824
0.0000000000 1.0327202172
0.4338009127 -0.0085060302
0.8303930709 -0.5116598084
0.8408607080 -0.7004718694
0.4604954097 -0.0852735401
0.0708197242 0.7198870218
0.1939338633 0.6585019930
0.4253322248 0.1091339021
0.2108541666 0.5054911819
0.2291687085 0.3629503388
0.0025830815 1.0168058206
0.6319258820 -0.2885085624
0.4533206114 -0.0769992908
0.8257514355 -0.4830477260
0.0049926969 0.9733702425
0.0829376627 0.6979415534
0.2016056337 0.5719901952
