0.0303076001 1.0423203488
0.0457217916 0.8749732486
0.0400218064 0.9725597495
0.4381470005 -0.0126713210
0.4363188704 0.1478293719
0.4551337737 -0.0622619291
0.4229382155 0.1802049598
0.8516291569 -0.7117698590
0.6425055862 -0.1803695543
0.0411401700 0.9326595108
0.8455268548 -0.6881538265
0.6297173606 -0.1735804352
0.8285879253 -0.4457159565
0.4220466261 0.2480337215
0.4304522061 0.1569005928
0.0912132939 0.7260778247
0.6442808406 -0.1937508118
0.6600391364 -0.4125504272
0.0549556000 0.7584620478
0.0993626553 0.7226448652
0.1971334057 0.6069943136
0.6571047004 -0.3960870778
0.6237134221 -0.1724725731
0.2302711580 0.3914280117
0.0000000000 1.0574129547
0.6444350137 -0.3704417844
0.2034681668 0.5586855731
0.2618574770 0.2749091305
0.0497908709 0.7666713381
0.8429257350 -0.6609733572
0.2259977076 0.4246958856
0.2133695461 0.4880207844
0.8274804169 -0.4346050270
