0.4245810020 0.1337838631
0.4134928394 0.2861873013
0.2170150948 0.4698200714
0.0465271009 0.7750235099
0.0604403283 0.7319354319
0.6482593140 -0.4271777945
0.8454410270 -0.7457299212
0.8251648496 -0.4501959339
0.6377167927 -0.3622716891
0.6333522618 -0.3118403131
0.4268188708 0.1188254262
0.2491272816 0.2872539048
0.6447851773 -0.3638123800
0.0409773499 0.7828761586
0.2377318051 0.3020074577
0.6539498794 -0.4472775826
0.0000000000 1.0145062596
0.8275663194 -0.5307661816
0.4288631548 0.0207993889
0.6477043807 -0.4124638815
0.2114052330 0.4856533798
0.8487292728 -0.7547632664
0.1904815309 0.6595617356
0.6251988839 -0.1997478558
0.0322232166 0.8290295948
0.8425366394 -0.6820649220
0.8330510725 -0.6178429871
0.1977727081 0.5933037288
0.4339345290 -0.0205749980
0.4183981510 0.1357646214
0.8520726241 -0.7648538457
0.6499028799 -0.4406324886
0.2283353434 0.3605115576
0.1997134442 0.5765039129
0.8332136151 -0.6204511907
0.0034632216 0.9622267924
0.4513866557 -0.1102868017
0.0394307873 0.7969130728
0.0758039795 0.6921250005
0.6200254923 -0.1261505927
0.0339311680 0.8245269593
0.2065033508 0.5174403514
0.4436562406 -0.0764630458
0.4427428580 -0.0707453569
0.8388000862 -0.6788921183
