0.8772061681 -0.6436646091
0.0000000144 1.0000000000
0.3441638508 0.7449008270
0.5443630300 0.1621158446
0.7107290966 -0.2129680761
0.8496773721 -0.2129819914
0.6820054166 0.1621080758
0.3782621765 0.4815124335
0.5137520963 0.4814805868
0.2130165193 0.7449187540
0.1701507616 0.9487640829
0.0548760453 0.9487773617
0.3501061547 0.6705065808
0.8645437217 -0.5456751448
0.1815537881 0.8704100339
0.8661450904 -0.5685384872
0.3543653740 0.6219809973
0.5244023173 0.3078041313
0.5348903504 0.1963608230
0.3642732566 0.5324128931
0.0067045662 0.9982784143
0.2054670166 0.7535146839
0.3595763439 0.5702203260
0.8594897390 -0.4554210039
0.1719483732 0.9364219346
0.1792782602 0.8857973861
0.6961377341 -0.1084568470
0.6950275321 -0.0924677452
0.6903952046 -0.0151015124
0.3473558799 0.7041524043
0.6874092608 0.0430623476
0.6881152468 0.0287726855
0.5207222490 0.3621872979
0.1863826147 0.8391360623
0.7005532758 -0.1614107976
0.6822235101 0.1570067679
0.5290117371 0.2502044461
0.5260610011 0.2856431737
0.5382769776 0.1763699290
0.8625566539 -0.5133821971
0.0207693458 0.9849179587
0.1956624748 0.7879554330
0.5183100850 0.4013215194
0.8534130861 -0.3143831564
0.1915779005 0.8086858255
0.3486880839 0.6876596916
0.3558742787 0.6060453021
0.7016770762 -0.1720517469
0.8683451009 -0.5951833751
0.3749345826 0.4844906163
0.5161886943 0.4377148665
0.1867285788 0.8369905713
0.0207693458 0.9849179587
0.5158881549 0.4430060431
0.8521523402 -0.2812761326
0.0319386203 0.9691651676
0.3688579472 0.5049299945
0.5181663969 0.4037310646
0.1758372060 0.9094943942
0.6857777643 0.0772745169
0.6836529150 0.1241433563
0.6933159670 -0.0658297197
0.5140574822 0.4758918479
0.8511631632 -0.2544847868
0.5298021450 0.2416262758
0.8712728220 -0.6218023390
0.8689411642 -0.6014309290
0.7077733503 -0.2085587555
0.8556901371 -0.3710040970
0.8500948994 -0.2247918595
0.1956624748 0.7879554330
0.6914404795 -0.0339911871
0.6931027760 -0.0623474330
0.0446456577 0.9536423581
0.6982273768 -0.1356849734
0.5224980947 0.3350889565
0.8608748668 -0.4827819608
0.1758372060 0.9094943942
0.6982273768 -0.1356849734
0.8623644481 -0.5100341014
0.8608748668 -0.4827819608
0.8512130756 -0.2558531744
0.5320558350 0.2194033647
0.6861007108 0.0703747782
0.5320558350 0.2194033647
0.8521523402 -0.2812761326
0.8565031840 -0.3901674309
0.6846503703 0.1018322651
0.8535545654 -0.3180227466
0.3455140757 0.7274764509
0.5407639565 0.1671234953
0.3603939000 0.5629916550
0.8771415958 -0.6436617722
0.3684725815 0.5068554955
0.8576261616 -0.4156726329
0.5260610011 0.2856431737
0.6841596676 0.1127419176
0.0548760453 0.9487773617
0.6903952046 -0.0151015124
0.8543837951 -0.3390371711
