0.0000000000 0.0000000000
0.8772081899 0.0000000000
0.8496769303 0.0000000000
0.6820061493 0.0000000000
0.3782608984 0.0000000000
0.2130159869 0.0000000000
0.7107289137 0.0000000000
0.5443646563 0.0000000000
0.5137518744 0.0000000000
0.3441627682 0.0000000000
0.0548765462 0.0000000000
0.1701496899 0.0000000000
0.8566176262 0.0000000000
0.8549445688 0.0000000000
0.6924305301 0.0000000000
0.3546644595 0.0000000000
0.5253962874 0.0000000000
0.8518605317 0.0000000000
0.3496090197 0.0000000000
0.6836987933 0.0000000000
0.6861011870 0.0000000000
0.6843993050 0.0000000000
0.6983301300 0.0000000000
0.6882480924 0.0000000000
0.3520129933 0.0000000000
0.6959132643 0.0000000000
0.1929346081 0.0000000000
0.8679810549 0.0000000000
0.8689060532 0.0000000000
0.6823384529 0.0000000000
0.3618950959 0.0000000000
0.5228460487 0.0000000000
0.5237190042 0.0000000000
0.1818117045 0.0000000000
0.6857376791 0.0000000000
0.8635860699 0.0000000000
0.3577794546 0.0000000000
0.8576856850 0.0000000000
0.6908583521 0.0000000000
0.8589361189 0.0000000000
0.5291052616 0.0000000000
0.0325920512 0.0000000000
0.5386982160 0.0000000000
0.7013313766 0.0000000000
0.3531154986 0.0000000000
0.8539000326 0.0000000000
0.1945292613 0.0000000000
0.8510230559 0.0000000000
0.1772073196 0.0000000000
0.1733879743 0.0000000000
0.0279858470 0.0000000000
0.5182125692 0.0000000000
0.5154574455 0.0000000000
0.3690003110 0.0000000000
0.6939560512 0.0000000000
0.0127004307 0.0000000000
0.8604811077 0.0000000000
0.5186579060 0.0000000000
0.8610329722 0.0000000000
0.1772282600 0.0000000000
0.3482711113 0.0000000000
0.3461049118 0.0000000000
0.3707984012 0.0000000000
0.2000570111 0.0000000000
0.1885274005 0.0000000000
0.2072840402 0.0000000000
0.8657597543 0.0000000000
0.5336241875 0.0000000000
0.0000872668 0.0000000000
0.5137518744 0.0000000000
0.0206803538 0.0000000000
0.8620005152 0.0000000000
0.3749219577 0.0000000000
0.8528676956 0.0000000000
0.8528676956 0.0000000000
0.7068606420 0.0000000000
0.1701706304 0.0000000000
0.5169151802 0.0000000000
0.1733879743 0.0000000000
0.6942952992 0.0000000000
0.8541123033 0.0000000000
0.5199618911 0.0000000000
0.8645469427 0.0000000000
0.5152348634 0.0000000000
0.3455257973 0.0000000000
0.6904591759 0.0000000000
0.5212469737 0.0000000000
0.8719454038 0.0000000000
0.1885274005 0.0000000000
0.7048373118 0.0000000000
0.6891918153 0.0000000000
0.8581860501 0.0000000000
0.5273036121 0.0000000000
0.8506979863 0.0000000000
0.3645693507 0.0000000000
0.5336241875 0.0000000000
0.5308835800 0.0000000000
0.5279968213 0.0000000000
0.5364607185 0.0000000000
0.8727640792 0.0000000000
