0.1796087505 0.9999999651
1.0000000000 0.0000000000
0.4207138781 0.9998262726
0.9285224959 0.5236520492
0.8739338676 0.7401123158
0.8254823123 0.8530810824
0.9651491546 0.2986345860
0.7484073881 0.9448709307
0.9882473994 0.1115012897
0.3579296824 0.9999654874
0.9143877908 0.5913945209
0.2281065879 0.9999996186
0.3318195949 0.9999838184
0.2140351941 0.9999997982
0.9440178446 0.4379149457
0.8258282561 0.8524642109
0.8434970396 0.8176794480
0.4879929402 0.9992341647
0.3846464284 0.9999291048
0.4512526647 0.9996498954
0.9586774823 0.3442696780
0.9227720571 0.5523440618
0.8833729145 0.7106384714
0.1954181586 0.9999999188
0.9513366347 0.3927853908
0.9001606920 0.6506985056
0.5515879078 0.9973929620
0.9413526246 0.4535840375
0.8616013649 0.7745429694
0.6723165447 0.9811314734
0.7784073043 0.9183287833
0.8653352209 0.7645797550
0.8887562093 0.6925131981
0.9676476014 0.2802656268
0.7720064637 0.9248014675
0.9548236030 0.3701582265
0.9311430327 0.5100362163
0.6975490885 0.9727260679
0.5215933725 0.9985095389
0.7957125395 0.8982435327
0.8951084397 0.6698156234
0.9623532583 0.3186892983
0.9955388228 0.0437267491
0.9077502096 0.6201049991
0.7147969045 0.9651801712
0.6383057176 0.9887723893
0.5065850042 0.9988869279
0.9365731988 0.4807012737
0.9794106240 0.1878278254
0.9022694123 0.6424289527
0.3998766645 0.9998954653
0.6175377094 0.9919344344
0.6951272436 0.9736583425
0.9722890451 0.2449878767
0.9852683674 0.1379243120
0.9500911903 0.4006880859
0.5718821848 0.9962583283
0.7302429009 0.9568805278
0.5919357642 0.9947186396
0.8094737480 0.8792109161
0.4669343674 0.9995073274
0.9192875964 0.5689635436
0.9825360102 0.1615353380
0.7627277766 0.9333660397
0.5730342834 0.9961822626
0.2674665100 0.9999981263
0.9840199452 0.1487855001
0.9120588762 0.6016830913
0.8951084397 0.6698156234
0.9899735869 0.0958591841
0.8377600369 0.8297071568
0.5324351740 0.9981690884
0.8878593132 0.6956021744
0.8505882637 0.8017588261
0.7412448482 0.9499254702
0.3079974203 0.9999923181
0.9931709052 0.0662300690
0.2475525287 0.9999991357
0.9794106240 0.1878278254
0.9476860071 0.4156881666
0.2475525287 0.9999991357
0.9623532583 0.3186892983
0.8089450678 0.8799974943
0.4978819333 0.9990640262
0.7627277766 0.9333660397
0.9922900981 0.0744783626
0.3662866040 0.9999565279
0.3031395919 0.9999934472
0.9192875964 0.5689635436
0.9985898962 0.0140118961
0.8768514333 0.7313046428
0.6531949840 0.9858606837
0.8560376818 0.7886857316
0.3247345366 0.9999869598
0.9225896467 0.5532281862
0.9468668150 0.4207194321
0.7878870617 0.9078193667
0.9769397317 0.2080865391
0.2864195813 0.9999962844
0.7354942006 0.9536774428
