0.1796087501 0.9999999651
1.0000000000 0.0000000000
0.8162917434 0.8686427532
0.9323846081 0.5034637556
0.8536631050 0.7944747818
0.6603996426 0.9842214062
0.2986596192 0.9999943537
0.7982546051 0.8949455808
0.6349701033 0.9893455073
0.6077478608 0.9931256065
0.9247640247 0.5425861987
0.9542948170 0.3736376416
0.1962657886 0.9999999152
0.2694504970 0.9999979826
0.8953537381 0.6689096588
0.7944181873 0.8998866987
0.9388888624 0.4677178868
0.9759532675 0.2160466429
0.8419606221 0.8209733013
0.8880915113 0.6948051582
0.9809100032 0.1753082793
0.9850052576 0.1402236669
0.2287533459 0.9999996076
0.8580647507 0.7836282213
0.9133505721 0.5960058732
0.9064950491 0.6253253026
0.9388888624 0.4677178868
0.9435470935 0.4407116002
0.8909135384 0.6849673362
0.9959410050 0.0398565230
0.3147415429 0.9999904602
0.5064062124 0.9988908501
0.9610238259 0.3280428968
0.8995861387 0.6529216297
0.8637730676 0.7687953383
0.7095395171 0.9676580739
0.8793354355 0.7235950938
0.9122767755 0.6007304516
0.3430246003 0.9999774445
0.9475267933 0.4166690842
0.9516587132 0.3907265093
0.9187257274 0.5715908059
0.6876635079 0.9763538858
0.3988298812 0.9998981697
0.4239293405 0.9998125287
0.9580461956 0.3485748730
0.2628614256 0.9999984250
0.9572927023 0.3536801689
0.4501298036 0.9996585102
0.5843192122 0.9953601744
0.4864874324 0.9992574662
0.9670715957 0.2845384879
0.4307481497 0.9997800955
0.8242604370 0.8552413414
0.9292117471 0.5201042376
0.7775699313 0.9192031220
0.8821925762 0.7144816744
0.8724609048 0.7444594930
0.9439550265 0.4382888637
0.3930072048 0.9999120967
0.4652121824 0.9995251999
0.7659907942 0.9304598693
0.5260278312 0.9983778641
0.9732106057 0.2378010769
0.9475267933 0.4166690842
0.9220511291 0.5558291635
0.5468682209 0.9976076382
0.9789037514 0.1920212700
0.7706215126 0.9261396628
0.9901032759 0.0946740389
0.9736344879 0.2344748027
0.9644204016 0.3039124121
0.8678310099 0.7577009866
0.8419606221 0.8209733013
0.3772610933 0.9999415990
0.5218792396 0.9985013500
0.7208858368 0.9620977553
0.8295659896 0.8456490218
0.6741004029 0.9806248146
0.3269142390 0.9999860576
0.9661347418 0.2914394083
0.9694885522 0.2664548459
0.7560872863 0.9389452645
0.9707375734 0.2569493853
0.2448246659 0.9999992263
0.9976256526 0.0234913847
0.8344562460 0.8363048933
0.8748810716 0.7372817726
0.5621696038 0.9968473657
0.9921271658 0.0759969312
0.9292117471 0.5201042376
0.9921271658 0.0759969312
0.9516587132 0.3907265093
0.9878896330 0.1147126077
0.9205230377 0.5631356362
0.6216818370 0.9913765353
0.9049090711 0.6318291354
0.2448246659 0.9999992263
0.2287533459 0.9999996076
0.5506157561 0.9974385473
