1.0000000000 0.0000000000
0.1796087506 0.9999999651
0.8845547736 0.7067437306
0.7837602712 0.9125364584
0.3190140028 0.9999890831
0.5228596465 0.9984729571
0.9914543007 0.0918324310
0.9459858074 0.4260868084
0.8937088005 0.6749423845
0.9812913989 0.1720961117
0.3565120313 0.9999668303
0.5736743477 0.9961394045
0.6990172600 0.9721465501
0.9778527536 0.2006543227
0.9587036178 0.3512670426
0.5519194373 0.9973772500
0.3023793703 0.9999936097
0.2715198962 0.9999978222
0.8109529788 0.8769853787
0.9501496564 0.4003191834
0.9938708639 0.0596283625
0.4561661327 0.9996098511
0.7522404699 0.9419814402
0.9328805768 0.5008161702
0.9158964427 0.5846026492
0.5060765252 0.9988980499
0.7643469843 0.9319378656
0.9554661794 0.3659066633
0.9380970029 0.4721901576
0.8702171127 0.7509559366
0.9149359869 0.5889382193
0.9234341223 0.5491218562
0.8267438723 0.8508202598
0.6059186807 0.9933297299
0.9501496564 0.4003191834
0.8207625828 0.8612683683
0.9745533874 0.2272191462
0.9691346402 0.2692218874
0.8393469453 0.8264537867
0.6759898579 0.9800748407
0.9429424481 0.4442853234
0.8440035828 0.8165815993
0.9677416494 0.2795657940
0.9643796125 0.3042067589
0.7131146814 0.9659910067
0.1956625965 0.9999999178
0.4403334084 0.9997259585
0.9062038230 0.6265272666
0.6344149882 0.9894382874
0.8782669442 0.7269354184
0.9219223779 0.5564489950
0.7954049062 0.8986362534
0.9712197756 0.2532501099
0.9286762317 0.5228627704
0.2684613107 0.9999980555
0.9962398004 0.0369825411
0.9840644701 0.1484002645
0.4008493976 0.9998928944
0.4229130393 0.9998169749
0.3565120313 0.9999668303
0.3784979228 0.9999396559
0.2466304683 0.9999991673
0.9418533894 0.4506703382
0.9100697122 0.6102854600
0.9941711872 0.0567827734
0.8347581580 0.8357116678
0.9608691373 0.3291237110
0.9882638792 0.1113531151
0.9003910571 0.6498035589
0.9722311003 0.2454377150
0.2130191798 0.9999998076
0.5922033456 0.9946947169
0.4948443934 0.9991195868
0.3823713130 0.9999331882
0.7954049062 0.8986362534
0.8781766492 0.7272160273
0.9369871588 0.4784014321
0.8545143551 0.7924161182
0.4711510118 0.9994609845
0.7036149076 0.9702593591
0.7314376264 0.9561698483
0.4008493976 0.9998928944
0.7688745536 0.9277970605
0.9100697122 0.6102854600
0.2386847458 0.9999993999
0.6418475161 0.9881336091
0.9861527083 0.1301553077
0.5572326384 0.9971135405
0.4328404235 0.9997691805
0.9554661794 0.3659066633
0.6569496071 0.9850265950
0.8954745814 0.6684625244
0.9316116700 0.5075646728
0.7688745536 0.9277970605
0.6169805095 0.9920069147
0.9862471975 0.1293214978
0.8478615034 0.8080230143
0.3062354029 0.9999927464
0.6498949045 0.9865590081
0.7205906486 0.9622526717
