0.0000011922 0.0000000063
0.0489859860 0.0000000021
0.0823235384 0.0000000022
0.1257700788 0.0000001728
0.0273330049 0.0000000159
0.2882390064 0.0000000056
0.0860811176 0.0000000004
0.0879651919 0.0000000149
0.0414374962 0.0000000004
0.0636572771 0.0000000327
0.0625825343 0.0000000149
0.1244908666 0.0000000022
0.0819452049 0.0000000018
0.0240072222 0.0000000002
0.0556807778 0.0000000342
0.2129974937 0.0000000036
0.0614741195 0.0000000004
0.2272086837 0.0000000036
0.1202486559 0.0000000065
0.1267906342 0.0000000068
0.1137486770 0.0000000500
0.0527575084 0.0000000022
0.0699810019 0.0000000020
0.1391721844 0.0000000015
0.0809891526 0.0000000429
0.1806662796 0.0000000023
0.1917652757 0.0000000036
0.0547802122 0.0000000013
0.1173130486 0.0000000056
0.0620064065 0.0000000149
0.0871986061 0.0000000147
0.1230581968 0.0000000015
0.1105866064 0.0000000013
0.0784979600 0.0000000018
0.1214932594 0.0000000006
0.0246861961 0.0000000016
0.1272397099 0.0000000010
0.1233777698 0.0000000040
0.0648286585 0.0000000026
0.1163389407 0.0000000004
0.0312684386 0.0000000063
0.1253479293 0.0000000036
0.0790653887 0.0000000039
0.0246861961 0.0000000016
0.1367728662 0.0000000006
0.0788173353 0.0000000071
0.0608856834 0.0000000014
0.0600691661 0.0000000037
0.0586792524 0.0000000361
0.0807675315 0.0000000014
0.0580876904 0.0000000002
0.0803246632 0.0000000014
0.0724870463 0.0000000016
0.0827755769 0.0000000028
0.0816145788 0.0000000016
0.1248746113 0.0000000018
0.0813988245 0.0000000067
0.0575386145 0.0000002267
0.1267906342 0.0000000068
0.1248746113 0.0000000019
0.1440587122 0.0000000049
0.1253479293 0.0000000036
0.1257700788 0.0000001728
0.0811963623 0.0000000007
0.0302270074 0.0000000015
0.0845356383 0.0000000147
0.0699258822 0.0000000026
0.1289431514 0.0000000065
0.0382807679 0.0000000065
0.1245130603 0.0000000020
0.0683146392 0.0000000021
0.0654036590 0.0000000016
0.0883716885 0.0000000260
0.1208485995 0.0000000171
0.0686187235 0.0000000026
0.0505061061 0.0000000063
0.0838924057 0.0000000005
0.1147470594 0.0000000208
0.0387150848 0.0000000063
0.1338522816 0.0000000098
0.2263764230 0.0000000020
0.1176307251 0.0000000029
0.0452649078 0.0000000025
0.2151723474 0.0000000065
0.0857195119 0.0000000020
0.0624129341 0.0000000259
0.0838924057 0.0000000002
0.2049346660 0.0000000063
0.0608856834 0.0000000014
0.2272086837 0.0000000015
0.0836028917 0.0000001728
0.1171287390 0.0000000021
0.0849790663 0.0000000083
0.0643059298 0.0000000013
0.0871986061 0.0000000147
0.0796606767 0.0000000029
0.0853378875 0.0000000005
0.1176307251 0.0000000069
0.0547802122 0.0000000029
0.3462193506 0.0000001426
