0.1796087500 0.9999999651
1.0000000000 0.0000000000
0.9107682794 0.6072836667
0.7069125204 0.9688357459
0.9188936941 0.5708069192
0.9477224808 0.4154632427
0.9292384383 0.5199663718
0.2091323781 0.9999998400
0.7398724425 0.9508449075
0.5161024896 0.9986592138
0.9706453677 0.2576548719
0.8670528040 0.7598649961
0.9862165428 0.1295920857
0.8933056623 0.6764056964
0.9652657746 0.2977866578
0.3184068378 0.9999892892
0.7812105388 0.9153394794
0.9811014754 0.1736970790
0.9557189244 0.3642273277
0.7534627308 0.9410318161
0.9012644833 0.6463916034
0.5420953414 0.9978084229
0.8749985940 0.7369286509
0.2764814016 0.9999973899
0.9874587546 0.1185663111
0.9618318231 0.3223718795
0.6911160291 0.9751395116
0.7913707290 0.9036615118
0.9442616035 0.4364618742
0.9608371417 0.3293470701
0.1796087500 0.9999999651
0.4394290438 0.9997315351
0.9748521228 0.2248470267
0.8548869898 0.7915091127
0.2615456076 0.9999985021
0.4863202351 0.9992600142
0.8864127361 0.7005254822
0.9829034471 0.1583944680
0.9239084636 0.5468004652
0.8921968228 0.6804000346
0.4621816798 0.9995552384
0.8817171580 0.7160166215
0.7725883433 0.9242327521
0.9652657746 0.2977866578
0.9427380132 0.4454889676
0.2937018158 0.9999952240
0.9199380008 0.5659041933
0.5811627356 0.9956048106
0.5485237430 0.9975342201
0.8378716839 0.8294800740
0.2478640267 0.9999991247
0.9995713850 0.0042778920
0.8299619672 0.8449106721
0.6609573225 0.9840876551
0.9037332443 0.6365852222
0.9328084300 0.5012020932
0.3607565828 0.9999626627
0.6840143057 0.9775791616
0.7285359703 0.9578779022
0.9958467368 0.0407649351
0.4595936765 0.9995795247
0.8158010353 0.8694302654
0.4254377149 0.9998057505
0.9784619889 0.1956601432
0.8368143139 0.8316198069
0.9362596316 0.4824372826
0.9974554213 0.0251563859
0.6012091350 0.9938304185
0.6194567059 0.9916802632
0.6012091350 0.9938304185
0.3858031680 0.9999269437
0.3446085937 0.9999763810
0.9511175466 0.3941823281
0.8006449444 0.8917570407
0.5655354971 0.9966534394
0.8464703534 0.8111497688
0.8705044535 0.7501323840
0.2184818688 0.9999997522
0.9066697845 0.6246024555
0.9898939059 0.0965866459
0.7605412286 0.9352518119
0.9538302544 0.3766801801
0.8548869898 0.7915091127
0.9253148107 0.5398545457
0.9935891048 0.0622907372
0.2929088954 0.9999953514
0.7285359703 0.9578779022
0.9529197924 0.3826044787
0.8274395966 0.8495601126
0.9727796360 0.2411696266
0.9918879749 0.0782221845
0.8211394074 0.8606301127
0.8499312351 0.8032848088
0.9334507739 0.4977566433
0.9399971289 0.4614013368
0.9399971289 0.4614013368
0.4096779554 0.9998668240
0.9706453677 0.2576548719
0.6194567059 0.9916802632
0.3760727202 0.9999434128
