0.0000000000 0.7029357858 0.5000177450 0.5000151374 0.5000195222 0.4999983949 0.5000243885 0.5000123739 0.4999902191 0.5000193469 0.5000134238 0.4999881941
1.0000000000 0.9999999753 0.4999804140 0.4999677558 0.4999953451 0.5000097260 0.5000360519 0.4999939770 0.4999861273 0.5000194310 0.4999710958 0.4999855830
1.0000000000 0.0000006828 0.4999622532 0.4997652815 0.5000940251 0.5000174548 0.5000301406 0.4999857368 0.5000395778 0.5000317413 0.5000136339 0.5000200329
0.3118662279 0.2779293941 0.4999680857 0.4999812092 0.4980162461 0.5000765545 0.4996123267 0.4999769684 0.4996501987 0.5004218364 0.4999631207 0.5000317031
0.0394448300 0.7170475362 0.5000471619 0.4999980158 0.4884681273 0.5009057888 0.5002832267 0.5000718097 0.4998803925 0.5000361941 0.5000125870 0.5000140019
0.2585028523 0.2779293941 0.4999821803 0.4999329232 0.4999237263 0.5000043746 0.5000356890 0.4999769684 0.4996446972 0.5004218364 0.4999631207 0.4999855015
0.0481578443 0.4585232120 0.5001448595 0.5003233153 0.5007143758 0.5000135739 0.5001667808 0.5000353019 0.5000398500 0.5001676399 0.5000153622 0.4999777773
0.0972843408 0.1103189008 0.4999190095 0.4998706512 0.5053030732 0.4999880620 0.5000626271 0.5000323134 0.5000204857 0.5003193147 0.4999488173 0.5000631570
0.2484426408 0.6366530095 0.4999679030 0.5019977121 0.5007856457 0.4999222997 0.5000426083 0.4999982915 0.5000044429 0.5006704347 0.4999929242 0.4999864347
0.3947657341 0.7368823254 0.4999210173 0.6429751698 0.4977046353 0.5006022407 0.5009434969 0.5000158546 0.5000481563 0.5001637913 0.5017557282 0.4999155496
0.8111012083 0.4613998245 0.5000162108 0.4967390071 0.5002391293 0.5000040966 0.5001573165 0.5000204622 0.4999131204 0.5000942362 0.4938600223 0.4999025174
0.0103424645 0.6728422896 0.4999294521 0.4999982557 0.4998727796 0.5000911831 0.5003761058 0.5000802244 0.4999104720 0.5002440140 0.5000708093 0.4999262309
0.1665866309 0.0915981105 0.4999843227 0.4998508469 0.4981337995 0.5000482794 0.4999224740 0.4995876669 0.5001173107 0.5003905029 0.4999408472 0.5000198551
0.5791358846 0.0692406500 0.5000382413 0.4949957767 0.4999285080 0.5000175326 0.5013531107 0.4999690097 0.4999758556 0.4999951955 0.5000227258 0.5000094919
0.3907187875 0.8417470134 0.4999606131 0.5500752567 0.4987344068 0.5000825418 0.5009286155 0.5000204622 0.4999070524 0.5000992219 0.5017748310 0.4999175126
0.0910247210 0.2757442924 0.5000239061 0.4997737927 0.4986543177 0.5000002916 0.4999898587 0.4999969737 0.4999923701 0.5006409917 0.5004604506 0.4999553182
0.7248776186 0.8762317631 0.5000502545 0.5539300112 0.5003742371 0.5188781605 0.5040435837 0.5000784245 0.4996577154 0.5004483262 0.4999444071 0.4999603633
0.1388014454 0.4533858493 0.4999858810 0.4999555844 0.5000937996 0.5000056979 0.4998609661 0.5000853038 0.4998802252 0.5000282192 0.5000189195 0.5000073175
0.0591564840 0.8284104907 0.4999565533 0.4998755330 0.5002282042 0.5000136960 0.5001922652 0.5000192357 0.4999000330 0.5001518585 0.5000174984 0.5000350550
0.8766343234 0.6509254207 0.4998454877 0.5042301737 0.5000054262 0.4999841459 0.5000889651 0.5002498031 0.5000453123 0.4999743864 0.5000117236 0.4995441495
0.3753207375 0.8510977761 0.5001104557 0.4921139996 0.5009207668 0.5002502241 0.5000990050 0.5001110575 0.4999807435 0.4999641438 0.5000127087 0.5001114071
0.0760633141 0.8510977761 0.5001104557 0.4921139996 0.5009207668 0.5000047163 0.5000990050 0.5000377835 0.4999847896 0.4999641438 0.5000127087 0.4999883209
0.6081648314 0.8350935450 0.4999606131 0.5581379781 0.4146683161 0.5000825418 0.5000235636 0.5005497506 0.4999117106 0.5000992219 0.5000091951 0.4999175126
0.2192400199 0.2487910738 0.4999799721 0.4999526754 0.5006027698 0.5000219858 0.5038847196 0.4999898156 0.4999841118 0.5000191002 0.4999648994 0.5001656357
0.5158954114 0.3678010842 0.4999451173 0.4998960613 0.5011104616 0.5001639876 0.5000315090 0.5001297316 0.4999227463 0.4999415530 0.5000088175 0.5001129433
0.3275008941 0.4635608552 0.4999664306 0.5042425398 0.4923770454 0.5000278635 0.5009005825 0.4987487409 0.5001515873 0.5000684373 0.4999080708 0.5000288599
0.5335557503 0.3614484999 0.5000693271 0.5019088072 0.4974961173 0.4999212689 0.5000222161 0.5000013446 0.5000100172 0.5000363726 0.5000134928 0.4999965380
0.4958929954 0.4536760865 0.5000639766 0.5003753305 0.5008995261 0.5000570828 0.5006007844 0.4999939978 0.5001907312 0.5001598920 0.5000127158 0.4999867015
0.0820201856 0.8222556227 0.4999769236 0.4967223769 0.5001812641 0.5000076267 0.4996167421 0.5000207062 0.4999066148 0.5001708221 0.4990304758 0.4999335401
0.8911010222 0.3797314833 0.4998454877 0.5042301737 0.5000039968 0.4999947877 0.5006075683 0.5003113481 0.5000917989 0.5004384686 0.5000162833 0.5000189254
0.1577828667 0.1209073273 0.5001732157 0.4982016318 0.5007747132 0.4999735740 0.5002112178 0.4997837696 0.5000647418 0.4948415050 0.5000187029 0.4999781632
0.5884786674 0.9260959653 0.4999782237 0.5003399539 0.4999255263 0.4999676987 0.5025660319 0.5024478611 0.4999904932 0.4999450102 0.5000134570 0.4998845757
0.1944026765 0.0745299976 0.5001165965 0.4982016318 0.5012305389 0.5005979426 0.5002102302 0.4997847871 0.5000647418 0.5001769378 0.5000127873 0.4999407380
0.4052033880 0.3616785467 0.5000785439 0.4998071439 0.4975051803 0.4934257716 0.5000297695 0.5000074708 0.5000089884 0.4999494158 0.5000198358 0.5000740416
0.3205668896 0.9126347680 0.5000706104 0.5000288566 0.5000334987 0.4998515468 0.5025941406 0.5001362788 0.4999843548 0.4999543736 0.5000258517 0.4999862507
0.7931900922 0.0733116232 0.4999677086 0.4997073924 0.4980822741 0.5000780580 0.5012845443 0.5000268339 0.4999772297 0.5000313586 0.4999452534 0.4999869071
0.4821619742 0.5495146957 0.4999159166 0.5021875913 0.5017166035 0.5001070345 0.5002795914 0.4999698524 0.5001061427 0.5000375298 0.4999992925 0.5018565356
0.0910080886 0.2180510222 0.5000021104 0.4992347084 0.5001745891 0.4999361110 0.4999147755 0.4999988625 0.4999580694 0.5001586142 0.5000131298 0.5000250370
0.1509177403 0.7661560726 0.5001669087 0.4996826794 0.5006827726 0.5000037228 0.5001667808 0.5000369053 0.5000464318 0.4007306189 0.5000809113 0.4999777773
0.0565015690 0.5038335139 0.5001152055 0.4999002341 0.5000454916 0.5000232099 0.5001449534 0.5000208328 0.4859772946 0.5001030705 0.5000199954 0.5001519811
0.6025845185 0.3981182685 0.5000012434 0.4997073924 0.5002448842 0.4999969792 0.5000358818 0.5000273257 0.5000031294 0.5000241831 0.5000103159 0.5000254703
0.6647748305 0.3231960941 0.5000354181 0.4996548455 0.5007567041 0.5000191296 0.5004081336 0.4996252362 0.5000804859 0.5000700145 0.5000088475 0.5000403833
0.0070003729 0.2056290879 0.4999403305 0.4997656167 0.5000039521 0.4999983949 0.5000243885 0.5000123739 0.4999905070 0.5000193469 0.5000134238 0.5000512362
0.5158954114 0.4442530489 0.5000666715 0.4997410886 0.5011104616 0.5001735711 0.5000317193 0.5001290681 0.4999227463 0.4999415530 0.5000088175 0.5000441581
0.3798433935 0.9747299898 0.5000449084 0.5539300112 0.5009038031 0.5011534053 0.4999884982 0.5000368122 0.5000872445 0.4999178390 0.4999427512 0.4998101722
0.0199314656 0.5038335139 0.5001387510 0.4999002341 0.5000988991 0.4999630925 0.5001449534 0.5000208328 0.6663413695 0.5001030705 0.5000199954 0.5001519811
0.5562274775 0.0000006828 0.4999857987 0.4997652815 0.5000991553 0.4999573373 0.5000426932 0.4999672844 0.5055252257 0.5000552922 0.5000136339 0.5000200329
0.5066452450 0.5540760781 0.4999397817 0.4998554020 0.5000456710 0.4994235320 0.5000456934 0.4999627491 0.4997948875 0.5001778031 0.4999725129 0.5000569371
0.2862254953 0.3264616718 0.4999619412 0.4992640319 0.4999261366 0.5002207301 0.5004535299 0.4998164603 0.4998593827 0.5001416252 0.5000110803 0.4998584891
0.5874245736 0.2411313492 0.4999173665 0.4998552563 0.5000778896 0.5000863803 0.5006921710 0.4997561329 0.4999657116 0.5002695374 0.5000164371 0.5000452239
0.4525174414 0.0138266647 0.4999622532 0.5000292932 0.4997659929 0.5000147816 0.5000081365 0.4998145372 0.4998032887 0.5000157700 0.5000136339 0.5000200329
0.4549423505 0.9337271447 0.4999769841 0.5000075574 0.4997840954 0.5000019900 0.5000360338 0.5000135578 0.4999790557 0.5000194310 0.4999718087 0.4999855830
0.3450798794 0.9229051482 0.4999728566 0.5505280044 0.4995700342 0.5000036076 0.5000960682 0.5003281023 0.5001216589 0.5000169304 0.5000122501 0.4999812174
0.2190671214 0.9669457020 0.4999786715 0.4999526754 0.5007429762 0.5000219858 0.5034404616 0.4999898156 0.5000921644 0.5000191002 0.4999648994 0.5001656357
0.6894703056 0.0733116232 0.4999677086 0.4997073924 0.4981304157 0.5000780580 0.5009475095 0.5000144205 0.4999772297 0.5000245948 0.4999514508 0.4999905237
0.0481578443 0.7723109996 0.5001448595 0.4996826794 0.5007297127 0.5000135739 0.5001667808 0.5000353019 0.5000398500 0.5001676399 0.5000153202 0.4999777773
0.1138629187 0.2320776668 0.4999560778 0.4986091327 0.4998605176 0.5000092841 0.5000873129 0.5000724686 0.4999654184 0.5000063534 0.5000127087 0.4999860992
0.1851405200 0.7271362573 0.4999850598 0.4996826794 0.4999808426 0.5000037228 0.5001667808 0.5000379229 0.3789269428 0.4060660564 0.5000809113 0.4999367150
0.2306491488 0.7895503947 0.5000369407 0.4947421119 0.5000687144 0.5000148594 0.5005035192 0.4998138548 0.5000839082 0.4999951955 0.5000227258 0.5000094919
0.9800654593 0.5459166835 0.4999804140 0.4999677558 0.4999198071 0.5000861807 0.5009927791 0.4999956374 0.4999076781 0.5000751104 0.4999978626 0.4999855830
0.2077405064 0.6192473644 0.4999082442 0.4999648577 0.5000652393 0.4999712413 0.5002795914 0.4999696069 0.4999860562 0.4999508681 0.4999719700 0.4997697956
0.4657705624 0.6257786320 0.5002490985 0.4995570736 0.5000915243 0.4999719647 0.5004218791 0.4996216418 0.5000735175 0.5000303011 0.5000039967 0.5000345894
0.2726689706 0.8721642346 0.5000502545 0.5539300112 0.5009025681 0.5188781605 0.4999901161 0.5000109198 0.4996577154 0.4999899754 0.5000214991 0.4998101722
0.6998334500 0.9999999753 0.4999804140 0.4999677558 0.4999193278 0.5000097260 0.5000360519 0.4999927430 0.4999861273 0.5003521079 0.4949280714 0.4999870698
0.5715960143 0.3139416145 0.5000016925 0.4996548455 0.5007567041 0.5000191296 0.4999224740 0.4998125582 0.5000804859 0.5001580154 0.5000085399 0.5000250798
0.4688784855 0.5103237283 0.4999106245 0.4999608784 0.4991635061 0.4999288852 0.5004862029 0.4989052103 0.4999948123 0.4999926430 0.5000170492 0.4999885161
0.3864334271 0.3614484999 0.4999565884 0.4997604676 0.5046163570 0.5000017203 0.5034404616 0.5000051042 0.5000100172 0.5000674138 0.5000134928 0.5000631570
0.8911010222 0.6509254207 0.4998454877 0.5042301737 0.5000054262 0.4999841459 0.4996728098 0.5003316070 0.4999472957 0.4999743864 0.5000117236 0.4999353078
0.3483390991 0.4635608552 0.4999080729 0.5485159651 0.4912094057 0.5000278635 0.5008878452 0.4987487409 0.5001514887 0.5000992219 0.5017748310 0.4998847737
0.4263091810 0.7383495889 0.5002436405 0.4997737927 0.5000411773 0.5000002916 0.4999898587 0.4999969737 0.4999825773 0.5006066218 0.5004604506 0.4999500558
0.5404806478 0.5534693120 0.4999546848 0.4998554020 0.5055386398 0.4998062685 0.5032887357 0.4999676714 0.4997948875 0.5000227675 0.5000138930 0.5000629250
0.2257898765 0.5206106212 0.4999294521 0.4999982557 0.4999099177 0.5000251072 0.5001185311 0.5003499034 0.4998878830 0.4988167706 0.5000099965 0.5000378404
0.5777616414 0.7041019449 0.5000731431 0.5000282181 0.5007030581 0.5000239952 0.5003072099 0.5001563723 0.5000854367 0.4999905539 0.5000135790 0.5001795174
0.4351617008 0.4431108237 0.5000469586 0.4997483118 0.4999241294 0.5000149794 0.5000348091 0.5004418379 0.4999839081 0.4999773450 0.4999618028 0.5000417038
0.2317369737 0.7085912854 0.4999267556 0.4999982887 0.5007856776 0.5166695282 0.5033349437 0.4999402631 0.4997980501 0.4999335158 0.4999708196 0.4999567848
0.0199314656 0.5038335139 0.5001387510 0.4999002341 0.5000988991 0.4999630925 0.5001449534 0.5000208328 0.6663413695 0.5001030705 0.5000199954 0.5001519811
0.1132291530 0.0795011494 0.5000478960 0.5000065316 0.5002485083 0.5006770385 0.4993504700 0.5000751299 0.4999061401 0.4999373297 0.4989309448 0.4999260705
0.1138629187 0.0836576561 0.4999560778 0.4921139996 0.5009530421 0.5000047163 0.5000990050 0.5000724686 0.4999637501 0.5000021920 0.5000127087 0.4999860992
0.5065190945 0.5901805657 0.5000672165 0.4999917857 0.4917482905 0.4948826944 0.5002925092 0.4999912040 0.5001149010 0.5001657893 0.5000036992 0.4999703125
0.1791763953 0.3567296539 0.4999886989 0.4998509777 0.5000778896 0.4999952321 0.5006921710 0.4997881389 0.5000964320 0.5003965528 0.4999434062 0.5000203847
0.5404806478 0.7873688802 0.5001357640 0.4998653606 0.5055386398 0.4999721074 0.5032887357 0.4999727536 0.5000280650 0.4669942941 0.6729880909 0.5000629250
0.6510588582 0.1274404489 0.4998994547 0.4997658833 0.4998997872 0.5000105340 0.4999838182 0.4998906118 0.4999840117 0.5001814627 0.4999973798 0.5000417038
0.3255785269 0.2286494085 0.4999451173 0.4998580176 0.4979398178 0.5001552714 0.5001721860 0.4999325226 0.4998828252 0.4999415530 0.4999315562 0.5001219271
0.7682059084 0.3898776967 0.4999676488 0.4994779370 0.4940589492 0.5002447743 0.4998844401 0.4997964992 0.4999590798 0.5000137124 0.5000041616 0.5001379180
0.7947678015 0.4487285212 0.5001070869 0.5005741503 0.5001587530 0.5000131827 0.5012643959 0.5001517840 0.4997960641 0.5002385592 0.4999454965 0.4999865037
0.2077405064 0.6871110895 0.4999082442 0.4999648577 0.5000591188 0.4999712413 0.5002703806 0.5000170770 0.4999846873 0.5000279120 0.4999719700 0.4997697956
0.3831029220 0.2288363474 0.4999451173 0.4998960613 0.4998219333 0.5000818317 0.5000315090 0.4999608113 0.5001137379 0.4999415530 0.4999330430 0.4999806999
0.9585016565 0.4820548113 0.4999769236 0.4967090118 0.5000327941 0.5000037959 0.5003229223 0.4999932557 0.4999126828 0.5001704448 0.5000243900 0.4999276305
0.4508843082 0.2408582403 0.5000663333 0.4998071439 0.4977406255 0.5000753102 0.5000275051 0.4999543686 0.4999805673 0.4999494158 0.5000199129 0.5015563908
0.4351617008 0.3666588616 0.4999254044 0.4999032844 0.4999241294 0.5000053958 0.5000345987 0.5004425014 0.4999839081 0.6314637577 0.4999618028 0.5001104890
0.2304234164 0.9337271447 0.4999769841 0.4994898810 0.5000638504 0.5000019900 0.4996652570 0.5000111501 0.4999790557 0.5000589532 0.4999718087 0.4999855830
0.6156912407 0.7041019449 0.4999570619 0.4997435096 0.5007429762 0.5000239952 0.5003072099 0.5000054189 0.5000883518 0.4999905539 0.5000136358 0.5001795174
0.2278061962 0.3839763691 0.5000693271 0.5021565911 0.4974961173 0.5149467268 0.5000222161 0.5000013446 0.5001048705 0.5000363726 0.5000134928 0.4999965380
0.6063633774 0.2637951624 0.4999792403 0.4996932646 0.4980162461 0.5000000294 0.5001699152 0.4999769684 0.4999924476 0.5000169137 0.4999620002 0.5000196520
0.2941872745 0.4613998245 0.5000162108 0.4968092631 0.4999232206 0.5000040906 0.4997633284 0.5000204622 0.4999131204 0.5000944766 0.4938600223 0.4999025174
0.1412392679 0.3258561318 0.5000102922 0.4967390071 0.5002391293 0.5000040966 0.5004691817 0.5000251859 0.4999131204 0.5000942362 0.5018916934 0.4999018620
0.3496751868 0.4839011481 0.4999427490 0.4999634506 0.4991635061 0.4999288852 0.5004862029 0.4989052103 0.4999948123 0.4999926430 0.4999356326 0.4999885161
0.6981150507 0.3999191503 0.5000625673 0.4995448686 0.4999224090 0.5000817460 0.5030385427 0.5000085271 0.5001864145 0.5003421826 0.4949502977 0.5000045896
0.2821284319 0.9126347680 0.5000706104 0.5000290203 0.5000334987 0.4998515468 0.5025941406 0.5001357113 0.4999843548 0.4999543736 0.5000258517 0.4999862507
0.3894049435 0.7101535625 0.5001448767 0.4940412049 0.5009240729 0.4997419578 0.5003205447 0.5000392060 0.4999126828 0.5001698869 0.5000710107 0.4999278621
