0.0000000674 0.0000000034 0.4999999999 0.5000000003 0.5000000002 0.4999999997 0.5000000002 0.5000000003 0.4999999998 0.5000000001 0.5000000005 0.5000000004
1.0000000000 0.8882998773 0.4999999998 0.5000000000 0.5000000001 0.5000000000 0.5000000003 0.5000000002 0.4999999998 0.5000000001 0.5000000005 0.5000000004
0.0000000747 0.9999999983 0.4999999998 0.4999999998 0.5000000002 0.5000000002 0.5000000005 0.5000000000 0.4999999998 0.5000000001 0.5000000005 0.5000000004
1.0000000000 0.8882998773 0.4999999998 0.4999999999 0.5000000001 0.5000000002 0.5000000003 0.4999999999 0.4999999998 0.5000000001 0.5000000005 0.5000000004
0.9583428252 0.9999999983 0.4999999998 0.4999999999 0.5000000002 0.5000000002 0.5000000005 0.5000000004 0.4999999998 0.5000000001 0.5000000005 0.5000000004
0.1231760432 0.5979225412 0.4999999999 0.4999999998 0.5000000002 0.5000000001 0.5000000002 0.5000000002 0.4999999998 0.5000000001 0.5000000005 0.5000000004
0.0878878278 0.2513174880 0.4999999998 0.5000000000 0.5000000002 0.4999999999 0.5000000005 0.5000000002 0.4999999998 0.5000000001 0.5000000005 0.5000000004
0.1814572493 0.3110566556 0.4999999998 0.5000000000 0.5000000002 0.5000000000 0.5000000004 0.5000000002 0.4999999997 0.5000000001 0.5000000005 0.5000000004
0.4814629758 0.2206127977 0.4999999999 0.5000000000 0.5000000002 0.4999999997 0.5000000002 0.5000000003 0.4999999997 0.5000000001 0.5000000005 0.5000000004
0.9777719272 0.5676175581 0.4999999998 0.5000000000 0.5000000002 0.4999999997 0.5000000002 0.4999999999 0.4999999998 0.5000000001 0.5000000005 0.5000000004
0.8517829360 0.9153262214 0.4999999998 0.4999999998 0.5000000001 0.5000000001 0.5000000004 0.5000000000 0.4999999998 0.5000000001 0.5000000005 0.5000000004
0.7640756327 0.0649412246 0.4999999998 0.5000000000 0.5000000001 0.4999999994 0.5000000003 0.5000000004 0.4999999998 0.5000000001 0.5000000005 0.5000000004
0.2143616263 0.1764978962 0.4999999998 0.4999999998 0.5000000002 0.5000000002 0.5000000005 0.5000000000 0.4999999998 0.5000000001 0.5000000005 0.5000000004
0.7780091383 0.6552044799 0.4999999999 0.4999999999 0.5000379205 0.4999999999 0.5000000002 0.5000000000 0.4999999998 0.5000000001 0.5000000005 0.5000000004
0.9469199601 0.5289274914 0.4999999998 0.5000000000 0.5000000002 0.5000000000 0.5000000004 0.5000000000 0.4999999998 0.5000000001 0.5000000005 0.5000000004
0.9319033899 0.4052806096 0.4999999998 0.5000000000 0.5000000001 0.5000000001 0.5000000002 0.5000000002 0.4999999998 0.5000000001 0.5000000005 0.5000000004
0.8540349654 0.1390906547 0.4999999998 0.5000000000 0.5000000003 0.4999999998 0.5000000001 0.5000000002 0.4999999998 0.5000000001 0.5000000005 0.5000000004
0.2934629829 0.8581203176 0.4999999999 0.5000000000 0.5000000002 0.5000000000 0.5000000005 0.5000000002 0.4999999998 0.5000000001 0.5000000005 0.5000000004
0.8760620793 0.0623867393 0.4999999999 0.5000000000 0.5000000002 0.4999999997 0.5000000003 0.5000000003 0.4999999998 0.5000000001 0.5000000005 0.5000000004
0.4017398613 0.6559813811 0.4999999999 0.4999999998 0.5000352581 0.5000000001 0.5000000002 0.4999999996 0.4999999998 0.5000000001 0.5000000005 0.5000000004
0.8951237940 0.0183378681 0.4999999998 0.5000000000 0.5000000002 0.5000000000 0.5000000003 0.4999999996 0.4999999998 0.5000000001 0.5000000005 0.5000000004
0.5339982989 0.5749099443 0.4999999998 0.5000000000 0.5000000002 0.5000000000 0.5000000005 0.5000000002 0.4999999998 0.5000000001 0.5000000005 0.5000000004
0.1309904281 0.9670352643 0.4999999999 0.5000000000 0.5000000002 0.5000000000 0.5000000003 0.4999999999 0.4999999998 0.5000000001 0.5000000005 0.5000000004
0.9051637148 0.3731994003 0.4999999998 0.4999999998 0.5000000001 0.4999999998 0.5000000003 0.4999999999 0.4999999998 0.5000000001 0.5000000005 0.5000000004
0.7967436669 0.0356173711 0.4999999999 0.5000000000 0.5000000002 0.4999999997 0.5000000002 0.5000000003 0.4999999997 0.5000000001 0.5000000005 0.5000000004
0.5035576212 0.9536022239 0.4999999999 0.4999999997 0.5000000001 0.5000000000 0.5000000002 0.4999999999 0.4999999997 0.5000000001 0.5000000005 0.5000000004
0.0713274548 0.9879050477 0.4999999998 0.5000000000 0.5000000001 0.5000000001 0.5000000003 0.5000000000 0.4999999998 0.5000000001 0.5000000005 0.5000000004
0.5103139433 0.8455031499 0.4999999998 0.5000000000 0.5000327900 0.5000000000 0.5000000002 0.4999999996 0.4999999998 0.5000000001 0.5000000005 0.5000000004
0.7013144012 0.8917530366 0.4999999999 0.5000000000 0.5000000002 0.4999999997 0.5000000002 0.5000000000 0.4999999998 0.5000000001 0.5000000005 0.5000000004
0.8365375436 0.5633544237 0.4999999998 0.5000000000 0.5000000002 0.5000000001 0.5000000003 0.5000000005 0.4999999997 0.5000000001 0.5000000005 0.5000000004
0.7445322455 0.8626723560 0.4999999998 0.5000000000 0.5000000002 0.4999999999 0.5000000003 0.5000000002 0.4999999998 0.5000000001 0.5000000005 0.5000000004
0.8359790644 0.2520043015 0.4999999998 0.5000000000 0.5000000002 0.4999999998 0.5000000003 0.5000000003 0.4999999998 0.5000000001 0.5000000005 0.5000000004
0.5571916790 0.1237932219 0.4999999998 0.5000000000 0.5000000002 0.4999999997 0.5000000003 0.4999999996 0.4999999998 0.5000000001 0.5000000005 0.5000000004
0.9338305770 0.8647337665 0.4999999998 0.5000000000 0.5000062924 0.4999999998 0.5000000003 0.4999999996 0.4999999998 0.5000000001 0.5000000005 0.5000000004
0.9158641520 0.0969577717 0.4999999998 0.5000000000 0.5000000002 0.4999999994 0.5000000003 0.4999999996 0.4999999998 0.5000000001 0.5000000005 0.5000000004
0.8773832416 0.3885956075 0.4999999998 0.4999999998 0.5000000001 0.4999999998 0.5000000003 0.5000000003 0.4999999998 0.5000000001 0.5000000005 0.5000000004
0.8806688704 0.1070827158 0.4999999998 0.5000000000 0.5000000001 0.4999999998 0.5000000003 0.5000000004 0.4999999998 0.5000000001 0.5000000005 0.5000000004
0.6911947153 0.7956094243 0.4999999998 0.5000000000 0.5000000001 0.5000000002 0.5000000005 0.5000000004 0.4999999998 0.5000000001 0.5000000005 0.5000000004
0.9172127186 0.9116966036 0.4999999998 0.4999999998 0.5000000001 0.5000000001 0.5000000004 0.5000000002 0.4999999998 0.5000000001 0.5000000005 0.5000000004
0.5107502143 0.5705126571 0.4999999998 0.5000000000 0.5000000002 0.4999999997 0.5000000003 0.5000000000 0.4999999998 0.5000000001 0.5000000005 0.5000000004
0.5716677014 0.7025808044 0.4999999998 0.4999999999 0.5000000002 0.5000000002 0.5000000005 0.5000000000 0.4999999998 0.5000000001 0.5000000005 0.5000000004
0.8483581989 0.2910150448 0.4999999998 0.5000000000 0.5000000002 0.5000000000 0.5000000003 0.5000000002 0.4999999998 0.5000000001 0.5000000005 0.5000000004
0.9092818149 0.2791014717 0.4999999998 0.4999999998 0.5000000001 0.5000000002 0.5000000004 0.5000000003 0.4999999998 0.5000000001 0.5000000005 0.5000000004
0.6358030268 0.2512140809 0.4999999998 0.4999999998 0.5000000001 0.4999999999 0.5000000002 0.5000000004 0.4999999998 0.5000000001 0.5000000005 0.5000000004
0.1573467871 0.9877875737 0.4999999998 0.5000000000 0.5000000001 0.5000000001 0.5000000004 0.5000000002 0.4999999998 0.5000000001 0.5000000005 0.5000000004
0.9391844537 0.3444161499 0.4999999998 0.4999999998 0.5000000002 0.4999999997 0.5000000003 0.5000000002 0.4999999998 0.5000000001 0.5000000005 0.5000000004
0.8700437300 0.9224494522 0.5000000000 0.4999999998 0.5000000002 0.5000000002 0.5000000003 0.4999999999 0.4999999997 0.5000000001 0.5000000005 0.5000000004
0.9255562873 0.7772690589 0.4999999998 0.5000000000 0.5000000003 0.4999999998 0.5000000003 0.5000000000 0.4999999997 0.5000000001 0.5000000005 0.5000000004
0.3410331319 0.5390774167 0.4999999998 0.5000000000 0.5000000151 0.5000000000 0.5000000002 0.5000000002 0.4999999998 0.5000000001 0.5000000005 0.5000000004
0.5965349705 0.8218497194 0.4999999998 0.5000000000 0.5000000001 0.5000000000 0.5000000002 0.4999999999 0.4999999998 0.5000000001 0.5000000005 0.5000000004
0.3682765657 0.8997843780 0.4999999998 0.5000000000 0.5000000001 0.4999999998 0.5000000003 0.5000000000 0.4999999998 0.5000000001 0.5000000005 0.5000000004
0.4302100119 0.4885235005 0.4999999998 0.5000000000 0.5000000002 0.4999999998 0.5000000002 0.5000000001 0.4999999999 0.5000000001 0.5000000005 0.5000000004
0.9678699290 0.6404162686 0.4999999998 0.5000000000 0.5000000002 0.4999999997 0.5000000004 0.5000000002 0.4999999998 0.5000000001 0.5000000005 0.5000000004
0.7887342616 0.1250504092 0.4999999998 0.4999999999 0.5000000002 0.5000000000 0.5000000003 0.4999999999 0.4999999998 0.5000000001 0.5000000005 0.5000000004
0.8062983671 0.5705126571 0.4999999998 0.5000000000 0.5000000002 0.4999999999 0.5000000002 0.5000000000 0.4999999998 0.5000000001 0.5000000005 0.5000000004
0.6964080367 0.5713055110 0.4999999998 0.5000000000 0.5000000001 0.5000000002 0.5000000005 0.5000000002 0.4999999998 0.5000000001 0.5000000005 0.5000000004
0.6964080367 0.2737014580 0.4999999998 0.4999999998 0.5000000002 0.5000000001 0.5000000004 0.5000000003 0.4999999998 0.5000000001 0.5000000005 0.5000000004
0.0419416558 0.4044673026 0.4999999998 0.5000000000 0.5000000002 0.5000000000 0.5000000005 0.5000000000 0.4999999998 0.5000000001 0.5000000005 0.5000000004
0.4330848145 0.1521180209 0.4999999998 0.5000000000 0.5000000001 0.4999999998 0.5000000002 0.5000000002 0.4999999998 0.5000000001 0.5000000005 0.5000000004
0.9158641520 0.0649412246 0.4999999998 0.5000000000 0.5000000002 0.4999999994 0.5000000003 0.5000000004 0.4999999998 0.5000000001 0.5000000005 0.5000000004
0.3371226731 0.2619293923 0.4999999998 0.5000000000 0.5000000002 0.4999999998 0.5000000005 0.4999999999 0.4999999998 0.5000000001 0.5000000005 0.5000000004
0.8806688704 0.1070827158 0.4999999998 0.5000000000 0.5000000001 0.5000000001 0.5000000004 0.5000000004 0.4999999998 0.5000000001 0.5000000005 0.5000000004
0.6325056054 0.2513174880 0.4999999998 0.5000000000 0.5000000002 0.4999999999 0.5000000004 0.5000000002 0.4999999998 0.5000000001 0.5000000005 0.5000000004
0.3129127420 0.0673380208 0.4999999999 0.5000000000 0.5000000001 0.5000000002 0.5000000005 0.4999999999 0.4999999998 0.5000000001 0.5000000005 0.5000000004
0.7167667379 0.7492833990 0.4999999999 0.5000000000 0.5000000002 0.5000000000 0.5000000003 0.5000000002 0.4999999998 0.5000000001 0.5000000005 0.5000000004
0.7898728518 0.0649412246 0.4999999998 0.5000000000 0.5000000002 0.4999999994 0.5000000003 0.5000000004 0.4999999998 0.5000000001 0.5000000005 0.5000000004
0.3129127420 0.2619293923 0.4999999999 0.5000000000 0.5000000001 0.5000000001 0.5000000005 0.4999999999 0.4999999998 0.5000000001 0.5000000005 0.5000000004
0.7148384107 0.7382251353 0.4999999998 0.5000000000 0.5000000002 0.4999999994 0.5000000003 0.5000000000 0.4999999998 0.5000000001 0.5000000005 0.5000000004
0.6060873061 0.6464073265 0.4999999999 0.4999999998 0.5000000002 0.4999999998 0.5000000002 0.5000000002 0.4999999998 0.5000000001 0.5000000005 0.5000000004
0.7620573215 0.9938144865 0.4999999999 0.5000000000 0.5000000002 0.5000000000 0.5000000005 0.5000000002 0.4999999998 0.5000000001 0.5000000005 0.5000000004
0.8989664769 0.6464073265 0.4999999999 0.4999999998 0.5000000001 0.4999999998 0.5000000002 0.5000000002 0.4999999998 0.5000000001 0.5000000005 0.5000000004
0.6964080367 0.0784632533 0.4999999998 0.4999999998 0.5000000002 0.5000000002 0.5000000004 0.5000000003 0.4999999998 0.5000000001 0.5000000005 0.5000000004
0.5492508262 0.5424924886 0.4999999998 0.5000000000 0.5000000001 0.5000000001 0.5000000005 0.5000000003 0.4999999998 0.5000000001 0.5000000005 0.5000000004
0.7898728518 0.0390343066 0.4999999998 0.4999999998 0.5000000001 0.4999999994 0.5000000003 0.5000000004 0.4999999998 0.5000000001 0.5000000005 0.5000000004
0.9993230726 0.6729773872 0.4999999998 0.5000000000 0.5000000002 0.5000000000 0.5000000002 0.5000000002 0.4999999998 0.5000000001 0.5000000005 0.5000000004
0.9847448341 0.6628034192 0.4999999999 0.5000000000 0.5000000002 0.5000000000 0.5000000002 0.5000000002 0.4999999998 0.5000000001 0.5000000005 0.5000000004
0.8483581989 0.5289274914 0.4999999998 0.5000000000 0.5000000002 0.5000000000 0.5000000003 0.5000000000 0.4999999998 0.5000000001 0.5000000005 0.5000000004
0.6158781709 0.9670352643 0.4999999999 0.5000000000 0.5000000002 0.5000000000 0.5000000003 0.4999999999 0.4999999998 0.5000000001 0.5000000005 0.5000000004
0.9261461212 0.2791014717 0.4999999998 0.4999999998 0.5000000002 0.5000000002 0.5000000003 0.5000000003 0.4999999998 0.5000000001 0.5000000005 0.5000000004
0.8989664769 0.6464073265 0.4999999999 0.4999999998 0.5000000003 0.5000000000 0.5000000002 0.5000000002 0.4999999998 0.5000000001 0.5000000005 0.5000000004
0.6323120487 0.0655214647 0.4999999999 0.5000000000 0.5000000000 0.4999999997 0.5000000002 0.5000000004 0.4999999998 0.5000000001 0.5000000005 0.5000000004
0.9158641520 0.0649412246 0.4999999998 0.4999999998 0.5000000002 0.4999999994 0.5000000002 0.5000000004 0.4999999998 0.5000000001 0.5000000005 0.5000000004
0.8123362016 0.6558765467 0.4999999998 0.4999999999 0.5000000002 0.5000000000 0.5000000002 0.5000000002 0.4999999997 0.5000000001 0.5000000005 0.5000000004
0.6490866200 0.5676175581 0.4999999998 0.5000000000 0.5000000002 0.4999999997 0.5000000005 0.4999999999 0.4999999998 0.5000000001 0.5000000005 0.5000000004
0.0161190776 0.0000000034 0.4999999999 0.5000000003 0.5000000002 0.4999999997 0.5000000002 0.5000000003 0.4999999998 0.5000000001 0.5000000005 0.5000000004
0.2669793696 0.9938144865 0.4999999999 0.5000000000 0.5000000002 0.5000000000 0.5000000005 0.4999999999 0.4999999998 0.5000000001 0.5000000005 0.5000000004
0.8988473081 0.9620024403 0.4999999998 0.4999999999 0.5000000002 0.4999999987 0.5000000003 0.5000000004 0.4999999998 0.5000000001 0.5000000005 0.5000000004
0.7796263839 0.7796946746 0.4999999998 0.5000000000 0.5000000002 0.5000000001 0.5000000003 0.5000000003 0.4999999998 0.5000000001 0.5000000005 0.5000000004
0.2288105159 0.6287757426 0.4999999999 0.5000000000 0.5000000002 0.5000000000 0.5000000003 0.4999999999 0.4999999998 0.5000000001 0.5000000005 0.5000000004
0.7367961806 0.9443425099 0.4999999998 0.5000000000 0.5000000003 0.4999999998 0.5000000002 0.5000000002 0.4999999998 0.5000000001 0.5000000005 0.5000000004
0.8988473081 0.9607533965 0.4999999998 0.4999999999 0.5000000002 0.4999999987 0.5000000003 0.5000000004 0.4999999998 0.5000000001 0.5000000005 0.5000000004
0.2715805458 0.2688113520 0.4999999998 0.5000000000 0.5000024683 0.4999999998 0.5000000003 0.5000000002 0.4999999998 0.5000000001 0.5000000005 0.5000000004
0.9853994028 0.2839137424 0.4999999997 0.5000000000 0.5000000002 0.5000000002 0.5000000004 0.4999999996 0.4999999997 0.5000000001 0.5000000005 0.5000000004
0.9356844766 0.8875192316 0.4999999998 0.4999999999 0.5000000001 0.5000000002 0.5000000002 0.4999999999 0.4999999998 0.5000000001 0.5000000005 0.5000000004
0.4035281413 0.6559813811 0.4999999998 0.5000000000 0.5000352581 0.5000000000 0.5000000002 0.4999999996 0.4999999998 0.5000000001 0.5000000005 0.5000000004
0.5641507908 0.7305544744 0.4999999998 0.5000000000 0.5000000002 0.4999999998 0.5000000005 0.5000000002 0.4999999998 0.5000000001 0.5000000005 0.5000000004
0.7367961806 0.9443425099 0.4999999998 0.5000000000 0.5000000002 0.4999999999 0.5000000002 0.5000000002 0.4999999998 0.5000000001 0.5000000005 0.5000000004
0.9678699290 0.7684691063 0.4999999998 0.5000000000 0.5000000002 0.4999999997 0.5000000004 0.5000000002 0.4999999998 0.5000000001 0.5000000005 0.5000000004
0.6248846937 0.5676175581 0.4999999999 0.5000000000 0.5000000001 0.5000000000 0.5000000005 0.4999999999 0.4999999998 0.5000000001 0.5000000005 0.5000000004
0.7521770969 0.7904898359 0.4999999998 0.4999999998 0.5000000002 0.5000000000 0.5000000003 0.5000000000 0.4999999997 0.5000000001 0.5000000005 0.5000000004
