0.4581396590 0.0418603410 0.0000000000
0.0000000000 0.0000000000 0.5000000000
0.0000000000 0.0000000000 0.5000000000
0.1826910505 0.2746728865 0.0426360630
0.1682819776 0.1056790040 0.2260390185
0.0116311436 0.4071381878 0.0812306686
0.1743782787 0.3209675901 0.0046541312
0.2380378210 0.2294407818 0.0325213972
0.0298796321 0.0377252616 0.4323951063
0.0069420055 0.2206099989 0.2724479957
0.0195884572 0.0288761693 0.4515353735
0.1891436163 0.2156907825 0.0951656012
0.0061731906 0.1964657506 0.2973610588
0.3883191147 0.0719536354 0.0397272499
0.2445134113 0.1945243632 0.0609622254
0.0949012230 0.1463194698 0.2587793072
0.2604406639 0.0412466967 0.1983126394
0.0332429987 0.3168545392 0.1499024622
0.2810835833 0.0705839610 0.1483324557
0.1521731718 0.2243248781 0.1235019502
0.3740876605 0.0725756174 0.0533367221
0.4024869780 0.0054291736 0.0920838483
0.2108583341 0.2662243557 0.0229173102
0.1272164677 0.0239779266 0.3488056057
0.1244963830 0.0126962533 0.3628073637
0.0590899808 0.1154164488 0.3254935704
0.0035187738 0.0307739437 0.4657072825
0.1263934374 0.2020907826 0.1715157800
0.1023116899 0.3651669128 0.0325213972
0.4485421701 0.0282477183 0.0232101116
0.4247212820 0.0752787180 0.0000000000
0.0344139354 0.3280152842 0.1375707804
0.0432702508 0.2985285319 0.1582012173
0.2858889263 0.0199455369 0.1941655367
0.2308814116 0.0487007719 0.2204178165
0.0192412837 0.1833976575 0.2973610588
0.1125295409 0.0122270787 0.3752433805
0.1566809129 0.1786717911 0.1646472960
0.1435810170 0.0156010268 0.3408179562
0.0845028229 0.0350312698 0.3804659073
0.3460410052 0.1344429880 0.0195160068
0.0389621253 0.0224101657 0.4386277090
0.3124849635 0.0513136442 0.1362013923
0.4617647343 0.0290804321 0.0091548336
0.3734642626 0.0056678048 0.1208679325
0.2226047985 0.1404289449 0.1369662566
0.0765737484 0.4228711046 0.0005551471
0.1592222819 0.0807412196 0.2600364985
0.2014668186 0.1265186744 0.1720145070
0.3295586369 0.0904169271 0.0800244360
0.0069420055 0.2206099989 0.2724479957
0.0770471323 0.2824594193 0.1404934484
0.2917309498 0.0222820913 0.1859869589
0.2351852800 0.2377049926 0.0271097274
0.2707580404 0.1578095805 0.0714323791
0.3253555553 0.0834271625 0.0912172822
0.0667389763 0.2537842347 0.1794767890
0.0895700196 0.1033173672 0.3071126132
0.1071705441 0.0673358855 0.3254935704
0.1418300312 0.2591990965 0.0989708723
0.0443456489 0.0470553247 0.4085990263
0.4368976601 0.0453526599 0.0177496800
0.0669022856 0.3476638570 0.0854338575
0.1880361965 0.1634307294 0.1485330741
0.2523554260 0.0399662156 0.2076783584
0.1369448568 0.2435079836 0.1195471596
0.4176236757 0.0787142578 0.0036620665
0.0513914053 0.2828437028 0.1657648918
0.3010703375 0.0627610698 0.1361685926
0.1530902093 0.3056590889 0.0412507018
0.0111831934 0.3914580733 0.0973587333
0.1358319786 0.1994251371 0.1647428843
0.0483711902 0.2671252101 0.1845035998
0.0359424997 0.3871718766 0.0768856238
0.0381025766 0.0647121337 0.3971852897
0.0741319790 0.2645889823 0.1612790387
0.0528734711 0.1955407054 0.2515858235
0.0370502859 0.3531435714 0.1098061427
0.2200905489 0.0855090310 0.1944004201
0.0057977176 0.1842456731 0.3099566093
0.2688492808 0.0675117591 0.1636389601
0.3583519120 0.0250010428 0.1166470451
0.0727752412 0.3775481307 0.0496766281
0.3172157825 0.0813399747 0.1014442427
0.0680734244 0.3632225767 0.0687039988
0.0114130752 0.0018305540 0.4867563708
0.3381647532 0.0416644247 0.1201708222
0.0553983833 0.1077966942 0.3368049225
0.0242439930 0.3712144747 0.1045415323
0.0701492457 0.2503739653 0.1794767890
0.1050903374 0.0115195493 0.3833901133
0.0490348156 0.0971213348 0.3538438496
0.0496157220 0.0940900864 0.3562941915
0.3443801931 0.1427653545 0.0128544524
0.0623877443 0.0179409081 0.4196713476
0.0552613605 0.3032272213 0.1415114182
0.0353223196 0.3366735181 0.1280041623
0.0694806813 0.3604563986 0.0700629201
0.0642786971 0.0185037238 0.4172175791
0.0858764610 0.0280358011 0.3860877380
