-14.4353904992 -11.6272867871
-19.9999997623 0.0000028845
-19.0815926174 -0.0001666141
-17.0479023294 -3.8757630275
-19.9999997623 0.0000028845
-17.9409809511 -3.8757622790
-16.5479580747 -5.5988986286
-18.4391115011 -1.9914215424
-15.1257461271 -9.6867992613
-16.6911866306 -4.8467280875
-15.6436587603 -7.7515453949
-16.6225829425 -5.2073962716
-18.0644788274 -3.6758496556
-18.3972262543 -2.1930067902
-15.4513482163 -8.2730163528
-18.5962831448 -1.2962250686
-18.5223557808 -1.4733302782
-15.0689488325 -9.8413730436
-15.8819638305 -7.7515245581
-18.8739154506 -0.3954881661
-15.5990019324 -7.8567759559
-15.3673639965 -8.6768698775
-16.4052585611 -6.2574130003
-18.3131500590 -2.5642964968
-16.6009260403 -5.3086529607
-15.5049987263 -8.1504269297
-15.9713877329 -7.6750477834
-18.7373785342 -0.7826965405
-18.9996001717 -0.1302553489
-14.5111794465 -11.5727104189
-14.8946453389 -10.5764516799
-16.1440569494 -7.3036289615
-15.3172679232 -8.8428070857
-14.9491222215 -10.3873654889
-15.1738563033 -9.4393899454
-15.4048106113 -8.4937521926
-18.6625827208 -1.0406908167
-15.1815986566 -9.4026960480
-14.7906443180 -10.9852305083
-18.7825432998 -0.6427220344
-16.5006057649 -5.8251663482
-16.2456227506 -6.9185673652
-14.6008189513 -11.4262808622
-18.3588572695 -2.3810925846
-15.2197921368 -9.1468847234
-14.5690040373 -11.4787154239
-15.0451559364 -10.0170754494
-17.9997165924 -3.8263983227
-18.2477167369 -2.9265647039
-18.1155160079 -3.5039322252
-14.7420934380 -11.1316743053
-16.3651079096 -6.4425933495
-18.2060211825 -3.1223254317
-18.8254503461 -0.5207019831
-18.5016104618 -1.7016317461
-16.2876996017 -6.7360416549
-14.9943764301 -10.2211431661
-18.9331445544 -0.2580338920
-18.1690649151 -3.2874163461
-16.1618720641 -7.1313730226
-18.1613398940 -3.3204689275
-16.8164816457 -4.3886562994
-16.7808268247 -4.5342661774
-16.0872125407 -7.3877308084
-18.2169379979 -3.0716594632
-16.7392640448 -4.6929577729
-17.0084568979 -3.9154344082
-16.3245953759 -6.5918527785
-18.3478899228 -2.4352137250
-16.9470668470 -4.0597960074
-18.5122498027 -1.6539017913
-16.8915183019 -4.1701344177
-15.5442893587 -8.0129606224
-16.2777408997 -6.8021907804
-16.8543358051 -4.2399844452
-16.0175121407 -7.4995549625
-15.8836022327 -7.7514832297
-15.3978036446 -8.5531815567
-16.0857523508 -7.4652978890
-14.7661898911 -11.0615379924
-16.4423268111 -6.0952527264
-16.7699031855 -4.5748852605
-18.2580199416 -2.8375838804
-18.2828441992 -2.7561071430
-15.2754271592 -9.0478720551
-18.1224533112 -3.4777073518
-18.9662161947 -0.1870079126
-16.4765488219 -5.9396684364
-16.8274335976 -4.3453789932
-16.9470668470 -4.0597960074
-16.4324856405 -6.1255658934
-15.5442893587 -8.0129606224
-15.2491436010 -9.0908236916
-14.8609482437 -10.7159587170
-18.8072787804 -0.5710851215
-14.8661263587 -10.6280879719
-18.6989339082 -0.9112337377
-18.6142491902 -1.1260530190
-16.1942920127 -6.9818526899
-18.6989339082 -0.9112337377
