0.0000008319 -0.0000000000 -0.0000000000
-1.1527393907 -1.1527419089 -1.1527399917
-0.4816079012 -0.0000000000 -0.0000000000
0.0000008319 -0.0000000000 -0.0000000000
-1.1527394829 -0.0000000000 -0.0000000000
-0.4986528529 0.0000000000 -1.1175204439
-1.0889403583 -0.7612706378 -1.0557245055
-1.0287290107 -0.7083229988 -1.0983059519
-0.8517598320 -0.0044251706 -1.0040634238
-1.1037339126 -0.0000000043 -1.1121971152
-0.5134766720 -0.0000000000 0.0000000000
-1.0776155781 -0.8954466240 -1.0981337583
-0.8863602480 0.0000000006 -0.0000000000
-0.9530976671 -0.0000000000 -0.9869449573
-0.8338286093 -0.0000000000 -0.9797433857
-0.8522650744 -0.0000000000 -0.0000000000
-0.7536114577 -0.0000000000 -0.0000000000
-1.1527417753 -0.0000000000 -1.1527399924
-0.6842539213 0.0000000000 -0.0000000000
-1.0916543233 -0.5583277679 -1.0969454884
-1.0606022394 -0.8073943145 -1.0543899673
-1.1443769558 -0.5583277679 -1.0969454884
-0.9881798405 -0.0000000000 -0.0000000000
-1.0916543233 -0.6315932347 -1.0969454884
-1.0459984125 -0.8954466240 -1.0019748076
-0.5744935082 -0.0000000000 -0.0000000000
-1.1286054110 -0.0000000000 -1.1424230971
-0.9309928311 -0.0000000000 0.0000000000
-0.8299828480 -0.0000000000 -0.0000000000
-0.9584594425 0.0000000001 -1.0220505350
-1.1078027354 -0.9795234901 -1.0518183945
-0.7158497078 -0.0000000000 -0.9899425923
-0.6176167132 -0.0000000000 0.0000000000
-0.6189900199 -0.0000000177 -1.1007764856
-1.0819006492 -1.1267407001 -1.1212957529
-0.7194702067 0.0022935122 -0.0000000000
-1.0895504419 -0.8073943145 -1.1214466149
-1.1527393907 -1.1083503206 -1.1527399917
-1.0710727432 -1.0327814745 -1.0479435597
-1.1094860319 -0.0137317442 -1.0633027942
-0.8787630140 -0.0316874811 -1.0497311824
-0.8997695322 -0.0003532031 0.0003700803
-0.9176726519 -0.0000000000 -0.0000000000
-0.7987891524 0.0022935122 -0.0000000000
-0.9788203406 0.0000000001 -1.0220505350
-0.5744935082 -0.0000000000 -0.0000000000
-1.0699734643 -1.0327814745 -1.0960180978
-0.7158497078 -0.0000000000 -0.0000000000
-1.0710727432 -1.0010939263 -1.0693703168
-0.5402276292 -0.0000000008 -1.0995716743
-1.0699734643 -1.0327814745 -1.0734400343
-1.0672243177 -1.0465783725 -1.1087616786
-1.0767236220 -0.9507486604 -1.0599997860
-1.0091922789 -0.0000000001 -0.0000000000
-1.0929917070 -1.0872650394 -1.1226097595
-0.7919671760 -0.0000821325 -0.0000000000
-1.1023649235 -0.0740755889 -1.0518183945
-1.0772506286 -0.9706909531 -1.0575460610
-1.0230265503 -0.0000000000 -1.0743714083
-1.0912645711 -0.0000000000 -0.9797433857
-0.6230294052 -0.0000000000 0.0000000000
-0.7152453932 0.0022935122 -1.0813441670
-0.6504372826 -0.0000000006 -1.0986158924
-0.5654496938 0.0000001083 -1.1055754704
-0.6633821328 0.0000000000 -0.0000000000
-1.0916543233 -0.5692295742 -1.0969454884
-1.0343186721 -0.0001116146 -1.0097496226
-0.9530976671 -0.0000000000 -0.0000000000
-1.0895504419 -0.8073943145 -1.0543899673
-0.8782787422 0.0184662115 -1.0197207748
-1.1076243213 -0.0000000000 0.0065938041
-1.0284616958 -0.0041474785 -1.1034164884
-0.7681355183 -0.0000000007 -0.0000000000
-1.0248689131 -0.0000000000 -0.0000000000
-1.0098729634 -0.0041474785 -1.0692346942
-1.0450723317 -0.0000000000 -0.9236107305
-0.9530976671 -0.0000000000 -0.0000000000
-0.6728032763 0.0000001029 -1.1058034101
-1.0702313428 0.0000000000 -0.0000000000
-1.1527393907 -1.1188790046 -1.1527399917
-0.8926941263 -0.0029296600 -0.9797697266
-1.0767236220 -0.9507486604 -1.0599997860
-1.0302498494 -0.0001116146 -1.0034133455
-1.0929917070 -1.0872650394 -1.0771778702
-1.0996889035 -1.0872109592 -1.0498394137
-1.0680012133 -0.9706909531 -1.0575460610
-0.9934343157 -0.0000000001 -0.0000000000
-0.9919322698 -0.0044416403 -1.0220080834
-1.0973452167 -0.8733114177 -1.0649181006
-1.0916543233 -0.8954466240 -1.0633027942
-0.6966577640 0.0000000000 -1.1182925197
-0.6553990311 -0.0000000177 -1.0986999330
-1.0390297425 0.0011238764 -0.9843986656
-1.1505452987 -1.0627278626 -1.1527399917
-1.1516165264 -0.0000000000 -0.0000000000
-1.0742765415 -0.8733114177 -1.0496638388
-1.0871038114 -0.8073943145 -1.0543899673
-1.0515906980 -0.0000000000 -0.0000000000
-0.8278732279 -0.0000000000 -0.9797433857
-1.0996889035 0.0111219785 -1.0670747809
