-1.1527401853 -1.1527766853 -1.1527413994
-0.0000000000 -0.0000000000 0.0000001189
0.0000000000 0.0000000000 -0.4816775868
-1.1164151394 -0.0000000000 -0.4996442119
-0.0000000000 -0.0000000000 0.0000001189
-0.0000000000 0.0000000000 -1.1527413994
-0.9458268579 -0.0000000000 -0.9488691900
-0.0000000000 -0.0000000000 -0.8485403115
-1.0626682820 -0.8980938821 -1.0765853665
-1.0627699875 0.0079561518 -0.7505454932
-1.0987608697 -0.5501873207 -1.0976873859
-1.0155928358 -0.0000527915 -0.8357255313
-1.0755798778 -0.0000000000 0.0000001189
0.0000000000 0.0000000001 -0.8734182474
-1.1128061577 -0.7210921742 -1.0266701200
0.0000000000 0.0000000000 -0.7562758781
0.0052707712 -0.0096479486 -0.7865330577
-1.1122957263 -0.9277154020 -1.0253861704
-1.1527401853 0.0000000000 -1.1527413994
0.0000000000 -0.0000000002 -0.5973448391
-1.1178409142 -0.5645841040 -1.0960830355
-1.0634917018 -0.7776746533 -1.0633341193
-1.0228723604 -0.0001417785 -0.9586373859
-0.0032749360 0.0000000000 -0.9197958128
-1.0155928358 -0.0002293733 -0.8485403115
-1.0573173018 -0.7041681854 -1.0633341193
-1.1413349028 -0.0000000000 -1.1080546644
-0.0000000000 0.0000000001 -0.6748744359
0.0000000000 0.0000000000 -0.5270247101
-1.1521179865 -1.1323058490 -1.1201678054
-1.0660471000 -1.0207843835 -1.0596504985
-1.0635492074 -0.0000000001 -1.0782644431
-1.0288783496 -0.8141804149 -1.0838107270
-1.0660471000 -0.9942504153 -1.0596504985
-1.0632073622 -0.9025510805 -1.0266701200
-1.1122114298 -0.7210921742 -1.0637137143
0.0000000000 -0.0000000038 -0.7178608917
-1.0564903336 -0.9025510805 -1.0266701200
-1.0959454031 -1.0369408341 -1.0957577436
0.0000000000 -0.0000000000 -0.6490952881
-0.9438592602 -0.0000000569 -0.9795562565
-1.0719781644 -0.0000000000 -1.0073185798
-1.1285063186 -1.1143398212 -1.0925964134
0.0000000000 0.0000000034 -0.8963168234
-1.0597461769 -0.9048096920 -0.9857404217
-1.1521179865 -1.0869830946 -1.1527413994
-1.0707191057 -0.9456186996 -1.0570078130
-0.0000000000 -0.0000000000 -1.1158948895
0.0000000000 -0.0000013191 -0.9632418512
0.0000000000 -0.0000000000 -1.0440365356
-1.0964135247 -1.0519862917 -1.1120406896
-1.0291343870 0.0000000172 -0.9768102202
0.0000005316 0.0000167272 -0.9885641937
0.0000000000 0.0000000022 -0.6247273012
-0.0000000000 -0.0000000000 -0.8116474068
-1.0688751029 0.0000000002 -0.9846999286
-1.0696595298 -0.9459498981 -1.1024623484
-0.0002132040 0.0000000017 -0.5638444762
-1.0111530752 0.0000000033 0.0000001189
-1.0707191057 -0.0570408182 -1.0570078130
-1.0158835283 -0.0000000000 0.0000001189
-1.0159432220 -0.0000000035 -0.7221014825
-1.0416924642 -0.0000000000 -0.7184828427
-1.0963519559 -0.0367689321 -1.0794955156
-0.0000000000 0.0000301446 -0.9819006122
-1.0271438804 0.0000000000 -0.7562758781
-1.1172536929 -0.0096479486 -0.5206165477
-1.0560735234 0.0000000035 -0.9748501770
0.0000000000 0.0000000034 -0.9028814456
-1.0897447500 0.0000010785 -0.5796352188
-0.0000000000 0.0000000001 -0.8053940684
-1.1225243105 -0.0000000000 -0.5813201740
-1.0573173018 -0.6810279871 -1.0633341193
-1.0586504570 0.0000000035 -1.0008534466
-1.0061691346 0.0000000004 -0.7094749133
-1.1478278563 -0.0163626640 -1.0727092217
-1.1527401853 0.0000000000 -1.1517098939
-1.0573173018 -0.7650887421 -1.0633341193
-1.0997420263 -0.0000000001 -1.0782644431
-1.1062508217 -1.0348736238 -1.1120406896
-1.0053144483 0.0000000022 -0.9535531171
-1.0447332747 -0.0000000035 -0.7219402944
-0.0030617320 0.0000000006 -0.9532961755
0.0000000000 0.0000001821 -0.9419931864
-1.0607706067 -0.8154887470 -1.0844837439
0.0000000000 -0.0000000000 -1.0397642627
-0.0006879326 -0.0000000008 -0.5448395361
-0.9868915332 0.0000000000 -0.9511143386
-1.0129024115 -0.0000000000 -0.7186440308
-1.0897447500 0.0000010785 -0.5796352188
-1.0230560316 0.0000002089 -0.9419931864
-1.0573173018 -0.6810279871 -1.0633341193
-1.0509250254 -0.8126871949 -1.1199508527
-1.0972404907 -1.0207843835 -1.0596504985
-0.0000000000 0.0000000000 -0.6350328963
-1.1172518030 -1.0207843835 -1.0344367912
-0.0000000000 0.0000000001 -0.6969230705
-0.0095520391 0.0000110260 -0.7347710738
-1.1199164016 0.0000000002 -0.9916406917
-0.0000000000 0.0000000001 -0.6969230705
