0.2460584312 0.5067101607
0.9630153851 0.0352445393
0.2708199303 0.4854046046
0.9129657955 0.0475219079
0.6014769584 0.2267525079
0.5791609650 0.2435069251
0.5791609650 0.2435069251
0.9589400757 0.0352449723
0.9328288024 0.0352465724
0.5880957086 0.2333947985
0.2562845175 0.4942361386
0.5822383616 0.2377951655
0.2642738579 0.4868943592
0.2477785183 0.5037803326
0.5973230466 0.2282120971
0.2652488441 0.4865354159
0.5796364453 0.2402708605
0.9129691327 0.0465919889
0.5958941603 0.2293707263
0.2632940044 0.4881347261
0.2600825799 0.4906550193
0.2612910965 0.4891653955
0.2593673962 0.4915044446
0.9195274335 0.0416180129
0.5793297062 0.2416441560
0.2519557806 0.4987390434
0.5806764528 0.2392514684
0.2686797319 0.4854791632
0.2547426098 0.4956090976
0.9157436628 0.0439873811
0.2626568434 0.4884653966
0.5939355892 0.2302144374
0.2607831432 0.4898273469
0.9149209308 0.0443643756
0.2502297085 0.5008037847
0.5990913597 0.2271293084
0.9236724607 0.0390573231
0.5872999430 0.2337747879
0.9181678207 0.0421239035
0.9291474133 0.0369017729
0.9137418270 0.0453636434
0.5850267059 0.2363903181
0.2468761803 0.5044059047
0.5942013206 0.2293944367
0.5969478153 0.2285510514
0.2536825668 0.4969742664
0.2547426098 0.4956090976
0.5841364847 0.2373266305
0.9170993136 0.0434255526
0.9176831472 0.0432327990
0.2583229427 0.4920733192
0.2572456574 0.4933331549
0.9208650155 0.0405510306
0.6011037294 0.2267622574
0.2466166377 0.5057419920
0.2532471242 0.4982969622
0.5927263466 0.2307170163
0.2671823200 0.4859841309
0.5917471030 0.2318313432
0.9138182134 0.0449744136
0.5926252588 0.2311887692
0.5813611976 0.2384884823
0.9252872096 0.0384005382
0.5868027362 0.2347753711
0.5990913597 0.2271293084
0.9311570247 0.0357105820
0.2483464022 0.5024947201
0.5865339249 0.2349781086
0.2536705148 0.4980127667
0.5796237332 0.2413238852
0.2492331759 0.5015997167
0.9328288024 0.0352465724
0.9267258470 0.0380383346
0.2518098776 0.4997995339
0.2570117184 0.4939379680
0.2505755322 0.5002310969
0.5841900837 0.2370416509
0.9236359240 0.0395790643
0.2466510479 0.5051852419
0.9223541671 0.0402305505
0.2677215436 0.4857767759
0.2490722108 0.5016095419
0.5852049365 0.2353540525
0.9190360247 0.0419141258
0.9300515906 0.0362229870
0.5900223374 0.2320199045
0.5899758345 0.2320477726
0.2483464022 0.5024947201
0.9276668914 0.0371065099
0.9252872096 0.0384005382
0.9276138820 0.0372155272
0.9208678325 0.0405317298
0.9223541671 0.0402305505
0.9297486755 0.0362755498
0.2583229427 0.4920733192
0.2510729162 0.4998307382
0.9310105249 0.0357121129
0.5899758345 0.2320477726
0.5810273550 0.2387425413
0.9267627902 0.0378134526
