0.0759152042 0.7312309770
0.9322484157 0.0361306550
0.5985410164 0.2281769524
0.8943517857 0.0672645655
0.0932866243 0.7113704722
0.2691101946 0.4871857392
0.4097144156 0.3644548395
0.5613198682 0.2558120043
0.4173607443 0.3560867549
0.2279166913 0.5282029602
0.2279166913 0.5282029602
0.9137070347 0.0449029790
0.8944006986 0.0586774410
0.4118152355 0.3603289176
0.5700258931 0.2457521736
0.2539208270 0.4981820263
0.2371388221 0.5137901335
0.8943972061 0.0670846883
0.2513006040 0.5033521330
0.9205051473 0.0429465958
0.5625260607 0.2512016588
0.2592953939 0.4933213740
0.9237932390 0.0396267882
0.2450336050 0.5065004871
0.5680288403 0.2489404410
0.5796431129 0.2406316382
0.8983099200 0.0536784700
0.5870178855 0.2375440660
0.2359903019 0.5172431673
0.2636221565 0.4885380717
0.2481961076 0.5037545438
0.9087696549 0.0482156289
0.2350672862 0.5186717579
0.2320945346 0.5205167416
0.9227058890 0.0407505772
0.5767792089 0.2416145060
0.4098569485 0.3641503466
0.9282777920 0.0380898244
0.5823409470 0.2387854720
0.5929033331 0.2320155923
0.0774576294 0.7230622015
0.5624428791 0.2556270325
0.5736834766 0.2445054720
0.2294304476 0.5231675343
0.9051467907 0.0504700423
0.0823956761 0.7176707929
0.0788466518 0.7217034170
0.5897376819 0.2326343065
0.8946653767 0.0561730514
0.5896848088 0.2348846750
0.0871612917 0.7115638985
0.2463678972 0.5058040594
0.5937843203 0.2302821052
0.2421992660 0.5094290485
0.0867796715 0.7117271906
0.9060365404 0.0493265336
0.0932237506 0.7115572607
0.2406267403 0.5123502842
0.0767283439 0.7255856186
0.0844661965 0.7145872980
0.0764935410 0.7273267928
0.5875352558 0.2362842687
0.2317919857 0.5224348125
0.9316416616 0.0362374941
0.8989005095 0.0527733488
0.2566914707 0.4944786341
0.2544296168 0.4971366408
0.9283219361 0.0376216377
0.5649766346 0.2504424278
0.2610975644 0.4908341322
0.2558146379 0.4951257515
0.0839999325 0.7173400844
0.0762850644 0.7300857440
0.2613224683 0.4904304692
0.4171480572 0.3565064581
0.4158820580 0.3592114187
0.5736004198 0.2446232355
0.9107601189 0.0463293379
0.9019040401 0.0515101021
0.2416193624 0.5123003165
0.0800151176 0.7196325573
0.9205051473 0.0429465958
0.5657358301 0.2492437118
0.4153567674 0.3596491555
0.9018882236 0.0519493743
0.9105054411 0.0465095102
0.2281423664 0.5250462756
0.5823409470 0.2387854720
0.2421371004 0.5095245729
0.2279177972 0.5253710219
0.5958606324 0.2291428543
0.5768602331 0.2412156559
0.0841687927 0.7146425350
0.2658102930 0.4875838049
0.0800151176 0.7196325573
0.2686734190 0.4872581080
0.8946653767 0.0561730514
0.5958606324 0.2291428543
0.2660744938 0.4875435304
0.2513006040 0.5033521330
