0.8558980960 0.0771468265
0.0542634661 0.7714272736
0.7202283852 0.1615804891
0.4362118010 0.3514031392
0.3869180250 0.3862836615
0.1890004866 0.5691865049
0.0975533084 0.7018095151
0.1755671985 0.5860076605
0.1890004866 0.5691865049
0.7577593940 0.1315462669
0.8424336112 0.1313420941
0.8424365936 0.1312956259
0.8424366263 0.0843671486
0.1794088417 0.5788705544
0.3940732761 0.3761994665
0.7318952272 0.1479423343
0.0811030244 0.7213079377
0.0787371796 0.7224442482
0.4282760142 0.3514119932
0.7542075034 0.1341513440
0.0727427084 0.7344399785
0.1847638107 0.5749405605
0.3984660299 0.3708453319
0.4102976702 0.3599296485
0.8528475970 0.0773423410
0.7423961161 0.1399117989
0.4020941008 0.3674209399
0.0762354364 0.7267982963
0.0640783388 0.7514616800
0.3911898211 0.3763154012
0.0579580957 0.7634357780
0.0920569420 0.7036174487
0.4075606790 0.3651648440
0.7342136291 0.1438393050
0.0669416020 0.7425686148
0.3984660299 0.3708453319
0.0613896554 0.7569605846
0.7401101823 0.1419238082
0.7205563644 0.1568600550
0.0661085340 0.7461474196
0.0640783388 0.7514616800
0.4074448540 0.3661539402
0.7518841287 0.1357611058
0.4362118010 0.3514031392
0.0839471053 0.7129690550
0.0874859770 0.7064887867
0.0718019406 0.7384866790
0.0835472403 0.7168525006
0.0865444626 0.7094333371
0.8432325074 0.0830939058
0.0756637460 0.7277539759
0.0698197108 0.7420672574
0.7283325737 0.1491694475
0.4184981391 0.3564396585
0.4110338314 0.3598394234
0.7338674748 0.1441277741
0.0862802723 0.7121707552
0.0613896554 0.7569605846
0.3884800036 0.3793885784
0.0961470195 0.7021949471
0.8501217293 0.0803999969
0.4147072270 0.3575150528
0.7224854446 0.1526830776
0.3872378331 0.3837639354
0.3886052152 0.3792701266
0.1755683509 0.5855689296
0.0543852182 0.7709125103
0.0710691856 0.7397928193
0.0553526301 0.7669729130
0.1766842301 0.5815215290
0.1766734913 0.5815597068
0.7446587800 0.1376319533
0.0925127924 0.7030865980
0.0737558539 0.7311986789
0.7483698560 0.1359813424
0.4238715139 0.3514744676
0.7239943775 0.1516405799
0.1857551922 0.5710182443
0.1857060216 0.5711104141
0.8472885625 0.0819034267
0.1848438154 0.5749361716
0.0594311417 0.7603192140
0.4020941008 0.3674209399
0.0581739429 0.7612299483
0.4147072270 0.3575150528
0.0737558539 0.7311986789
0.7283576184 0.1491189277
0.0661085340 0.7461474196
0.7445330021 0.1376589231
0.0837385673 0.7168169565
0.4207071531 0.3525910777
0.8472885625 0.0819034267
0.7401101823 0.1419238082
0.4253815120 0.3514730723
0.8501217293 0.0803999969
0.4209796446 0.3525160755
0.7239943775 0.1516405799
0.7203792327 0.1603466083
0.0874859770 0.7064887867
0.7204846798 0.1580354978
