0.0000018232 1.0032864375
0.9966691854 0.0094300619
0.9832656248 0.0099068159
0.7378842528 0.1485464342
0.6339456283 0.2667461316
0.5401370193 0.2770891140
0.4598804890 0.3380607874
0.6960781510 0.1732620795
0.0063384811 0.9216228208
0.5027913713 0.3115493786
0.6341268972 0.2437863719
0.4803236715 0.3201687952
0.6586827607 0.1937966306
0.0277768035 0.8382665810
0.0474415604 0.7853193160
0.4016040786 0.3855753058
0.7261276752 0.1629145248
0.0380903784 0.8162355065
0.1164823838 0.6678049932
0.7187396004 0.1705887820
0.4109090486 0.3768526349
0.2491259855 0.5242119987
0.4720333948 0.3310811188
0.1969590167 0.5740830370
0.3850115350 0.3994462044
0.0966013202 0.6959859768
0.1082623823 0.6807348597
0.1904353039 0.5816737528
0.2460508367 0.5384782820
0.1613240868 0.6128637098
0.3120227357 0.4550609615
0.4361070937 0.3484895085
0.1700106896 0.6050829320
0.0036336237 0.9503689227
0.2725744700 0.4954261169
0.0441031131 0.7986051625
0.0957368785 0.7050665515
0.2623233216 0.5086983043
0.2343005021 0.5456056092
0.6865466087 0.1937729855
0.3876968522 0.3949434472
0.1548795760 0.6261198868
0.1478994807 0.6298401820
0.4221237305 0.3639503741
0.6879997852 0.1925471595
0.1284156173 0.6504308138
0.2967572637 0.4688722712
0.2730273294 0.4864365839
0.6485551831 0.2165304565
0.4358696098 0.3507774159
0.3630591327 0.4092694760
0.0173226840 0.8698180414
0.3069691936 0.4663105226
0.0662496565 0.7505304461
0.0011092329 0.9711028350
0.2207214725 0.5530083007
0.2616519047 0.5156241330
0.3454680025 0.4397487788
0.6465951616 0.2282785564
0.3462267496 0.4203137182
0.3228691680 0.4465709316
0.0580383596 0.7685189968
0.1796191115 0.5930588134
0.7378842528 0.1485464342
0.0000052809 1.0000305469
0.5094183212 0.2978400817
0.5224340316 0.2851952377
0.5401370193 0.2770891140
0.5224340316 0.2851952377
0.2144888461 0.5677485681
0.0739291321 0.7329555342
0.0855790335 0.7160852264
0.0816298796 0.7195908684
0.2889955895 0.4820527096
0.0241357216 0.8469070251
0.4192953873 0.3644163840
0.0033895857 0.9519073588
0.6340166275 0.2665933804
0.0005491526 0.9778285126
0.0634283813 0.7519183400
0.0134192303 0.8872476554
0.0580383596 0.7685189968
0.1793377984 0.5973961217
0.0098715031 0.9045136594
0.3432144747 0.4457576278
0.0135034122 0.8859099460
0.1124542707 0.6751861443
0.3302289582 0.4459978307
0.0739291321 0.7329555342
0.2149403833 0.5667356211
0.3642330477 0.4090427518
0.2275982621 0.5506798342
0.2902353374 0.4794212956
0.0093738908 0.9047673074
0.0241272994 0.8587646853
0.6553512028 0.2074188806
0.5093045466 0.2978859637
0.1289646767 0.6503229723
0.3462267496 0.4203137182
0.1409194085 0.6426509764
