1.0443718303 0.0281824337
0.0261491347 1.0415411226
0.0372985760 1.0280833686
0.1128298401 1.0271337422
0.4770621578 0.8417643730
0.9470990028 0.2020865996
0.1947200229 1.0135261761
0.7895476103 0.4571704683
0.6288172323 0.6914520834
0.4345247842 0.8817263633
0.5851811964 0.7367872333
0.5045513004 0.8198721407
0.2348637628 0.9922772137
1.0054083474 0.0860640529
0.7159168150 0.5657507032
0.8692266403 0.3319855862
0.3959826174 0.9078925724
0.8085290297 0.4364350708
0.7611260661 0.5226805837
0.8382799155 0.3997111478
0.7346255716 0.5610207393
1.0284239600 0.0431074948
0.3005558568 0.9745392880
0.5479477671 0.7691155371
0.7432768363 0.5472499040
0.9375530741 0.2297824879
1.0209038997 0.0708413641
0.3411996557 0.9467025891
0.4464380381 0.8626209571
0.5184297532 0.7968220100
0.7777079479 0.4996285039
0.6871776718 0.6072776404
0.6582570096 0.6466784924
0.3108847139 0.9637497344
0.8758925886 0.3207857214
0.9766238473 0.1548946710
0.1459288995 1.0210627866
0.9686420707 0.1635612629
0.6475586462 0.6642094311
0.5686094600 0.7606705705
0.8358968652 0.4162085417
0.7684365314 0.4997893091
0.1130222356 1.0263953415
0.6898513832 0.5940967037
0.4018092191 0.8991270105
0.4652959242 0.8464034800
0.2775435845 0.9757566255
0.2185520329 1.0018062270
0.8287976945 0.4304676527
0.5988610681 0.7348234917
0.8456744752 0.3690402294
0.3691502162 0.9168650083
0.5055786235 0.8142047095
0.6202386243 0.7072931136
0.5997010375 0.7140319468
0.9576806273 0.1880075234
0.9101312518 0.2707417305
0.9954337352 0.1101882182
0.9675552291 0.1866078663
0.3485232961 0.9270367709
0.9864406165 0.1405011647
0.4539709039 0.8568729944
0.9131483621 0.2681174468
0.7821823064 0.4702265610
0.8536075512 0.3506020629
0.2604874059 0.9854112197
0.8966741528 0.2874476231
0.9196942085 0.2456374924
0.8919558112 0.3137888139
0.7097204930 0.5910467536
0.5395192131 0.7766492920
1.0299858539 0.0346266794
1.0115618761 0.0708435196
0.9301743218 0.2301163369
0.3691502162 0.9168650083
0.5686094600 0.7606705705
0.6754475193 0.6229710899
0.4194369466 0.8929395038
0.9941321654 0.1103100248
0.5331679406 0.7852083326
0.8921645740 0.3051707006
0.8455686796 0.3795202764
0.6086481642 0.7080537412
0.1710868392 1.0163092981
0.1468709614 1.0193322209
0.3482771646 0.9314049160
0.9878071103 0.1309587406
0.8536075512 0.3506020629
0.1710868392 1.0163092981
0.5242944023 0.7894772118
0.8171674121 0.4349869690
0.3254827545 0.9530017815
0.9212985414 0.2432399471
0.2188519614 0.9998841763
0.3239462730 0.9555787348
0.2714794353 0.9834582356
0.7583156737 0.5396692163
0.0320964630 1.0400727502
0.6654274680 0.6338072426
0.7097204930 0.5910467536
