0.0261728721 1.0871460458
1.0360686619 0.0250242140
0.1290886945 1.0214086056
0.0585059453 1.0221177210
0.2575573301 0.9909424196
0.2887453102 0.9780593444
0.6826316116 0.6064508682
0.8162311261 0.4310286135
0.5660244130 0.7526240965
0.3011158131 0.9731717637
0.5390434667 0.7788125476
0.3812490548 0.9180385164
0.7105343533 0.5961465356
0.6476955071 0.6724356879
0.4261732985 0.8867956669
0.5920764832 0.7411869369
0.7657779152 0.5053475407
0.3567675814 0.9288849781
0.7959158885 0.4477189666
0.4077982198 0.8991544787
0.6772117968 0.6323495587
0.9969201434 0.1269222480
0.9353646172 0.2423529163
0.8420876797 0.3746308302
0.8395039220 0.4032842868
0.8728577875 0.3367737159
0.9195569480 0.2595095365
0.0267354018 1.0316214360
0.1763986983 1.0151814309
0.7819324398 0.4793153625
0.6328992104 0.6865636735
0.9841827269 0.1462788464
0.9088130328 0.2744217986
0.4934370334 0.8294295641
0.2077225386 1.0074181750
0.1440110010 1.0183826898
0.0262075138 1.0458004888
0.5113923437 0.8089688107
0.9564101288 0.1891727178
0.6559679006 0.6544776515
0.7631276577 0.5144787420
0.7269118891 0.5519375674
0.9668828917 0.1776779579
0.3290070047 0.9603638600
0.9398367937 0.2286949816
0.5627379712 0.7706942301
0.0554988475 1.0270156881
1.0203753093 0.0635610565
0.4571127774 0.8523852543
0.8937861122 0.2973500281
1.0287282944 0.0408908748
0.0261792791 1.0774834960
0.2297115256 0.9969962350
0.7908735021 0.4582715167
0.7348252947 0.5454490435
1.0028521831 0.0983952025
0.4459858556 0.8771499537
0.4748267719 0.8354305507
0.1680782981 1.0152054154
0.3705570139 0.9183424457
0.4508780369 0.8739736787
0.7480707209 0.5310829371
0.4630538442 0.8449062085
0.2413751292 0.9939083064
0.8662964006 0.3531133015
0.8547658467 0.3680052372
1.0026643387 0.1130974613
0.5995982533 0.7226111603
0.9444596486 0.2087465502
0.6224491572 0.6947776044
0.2093762894 1.0015915786
0.9745330842 0.1639996176
0.5289271414 0.7942670615
0.8244939004 0.4168703712
0.8797235411 0.3163879719
0.9530810667 0.2081630659
0.7151230347 0.5835516890
0.4080925834 0.8929518570
0.6810171738 0.6276710961
0.6186791707 0.7184955241
1.0207817521 0.0504202016
0.8911732892 0.3019496765
0.3410131550 0.9415025830
0.7869607702 0.4785205395
0.3409953287 0.9431064679
0.3290986789 0.9592857857
0.7182138598 0.5723326975
0.8299759903 0.4128295054
1.0104159942 0.0820076845
0.7450422954 0.5311813861
0.9821168564 0.1602212218
0.6202970457 0.7070313256
0.8548558338 0.3531236946
0.6559679006 0.6544776515
0.5284601876 0.8007300744
0.5963116224 0.7295121923
0.9174165769 0.2736613280
0.5115968464 0.8026938143
0.4849582960 0.8294536026
1.0104159942 0.0820076845
