0.0251145757 1.0507605294
1.0343731016 0.0271328614
0.0413672665 1.0261049583
0.1495064234 1.0242355316
0.2802112488 0.9799203717
0.8278849754 0.4046407124
0.4783386309 0.8471338003
0.5798999279 0.7361389250
0.9016618819 0.2988049493
0.3369029024 0.9466611499
0.6124953798 0.7003223514
0.9901445268 0.1225644960
0.3687511866 0.9165349504
0.4864410491 0.8245926663
0.9218492653 0.2560285343
0.1771717602 1.0172383871
0.5551146304 0.7739681242
0.4483994311 0.8721068987
0.7471694649 0.5489317988
0.2980252862 0.9661361073
0.7015354924 0.5833278219
0.7902700349 0.4636195698
0.3513510232 0.9318564933
0.8531698340 0.3543843571
0.7279198729 0.5634323946
0.6932522544 0.5910237746
0.7195433990 0.5684652336
0.2230955661 0.9929438752
0.9121033075 0.2831261378
0.6487553852 0.6554209949
0.8440914725 0.3860027494
0.5337129427 0.7801633962
0.6802238015 0.6088163892
0.5068140869 0.8220068094
0.2153746183 0.9973254537
0.9707850840 0.1642842885
0.4295484030 0.8792632633
0.8587226435 0.3441165460
0.8043918648 0.4468180215
1.0158823854 0.0676162538
0.0298721087 1.0326758150
0.3170746157 0.9518192738
0.8491815035 0.3819981678
0.5279256321 0.7903549749
0.1925330651 1.0052680410
0.9542622739 0.1994966217
0.5640824486 0.7568550184
0.2524344536 0.9845655726
0.7631435116 0.5080251553
0.2495625827 0.9871329592
0.9147617129 0.2673255769
1.0173522131 0.0547514102
0.5970874882 0.7304933187
0.1495759707 1.0229968286
0.8132792726 0.4448828093
0.6590079566 0.6469172138
0.9424514331 0.2092262573
0.9325146571 0.2323062362
0.6296046964 0.6908655574
0.3086975820 0.9591288587
0.9643571602 0.1910475406
0.9325146571 0.2323062362
0.3630525924 0.9256095936
0.5999545242 0.7203744142
0.9845591849 0.1418008665
0.7747286585 0.4966373482
0.3964431842 0.9053370933
0.8822049345 0.3120336334
0.6378005365 0.6700554856
0.8681916879 0.3274402105
0.6753325979 0.6331125814
0.4556257665 0.8548747743
0.7627391432 0.5227197325
0.6689076435 0.6409505085
0.7891598519 0.4791117484
0.8701168474 0.3243779379
1.0278341944 0.0428729594
0.6802091377 0.6212509314
1.0108027925 0.0894398963
1.0024441920 0.1057010664
0.1923882517 1.0138740035
0.8155584144 0.4231960814
0.5125489094 0.8077301351
0.9778816318 0.1422927704
0.4250479995 0.8908010009
0.6258664420 0.6921769458
0.5635902391 0.7579481880
0.7471916093 0.5326869079
0.5164790426 0.8034077456
0.8822049345 0.3120336334
0.4015745286 0.9012661343
1.0024441920 0.1057010664
1.0104645163 0.0904920169
0.4556257665 0.8548747743
0.7747286585 0.4966373482
0.4141322754 0.8981376692
0.6378005365 0.6700554856
0.0251145757 1.0507605294
1.0280179799 0.0360887470
0.9745327452 0.1589412083
