0.0008404838 0.9999166966
0.9975752500 0.0034138509
0.7935039328 0.2151004693
0.5960745128 0.4056961555
0.8105811362 0.1954443741
0.9170034380 0.0888220899
0.5146985368 0.5134255618
0.5960745128 0.4056961555
0.9344678315 0.0768562295
0.9963412268 0.0061865699
0.5960745128 0.4056961555
0.4834718942 0.5236560525
0.2161482326 0.7844973733
0.4702303216 0.5391592197
0.0508854581 0.9513318563
0.3933422621 0.6133648922
0.2061092109 0.8000161225
0.3141040851 0.6964681722
0.0737022437 0.9273907542
0.1334298436 0.8676351162
0.2234090700 0.7771858804
0.4115298905 0.5933543296
0.8026485154 0.1996508748
0.1239230773 0.8773684334
0.4603463196 0.5596672949
0.4437292929 0.5693606190
0.3034233059 0.6994687402
0.1192439562 0.8825985781
0.0137166517 0.9867587486
0.1924844847 0.8081537796
0.4563054089 0.5680032878
0.1102680017 0.8906889080
0.2669421508 0.7342410239
0.0629460274 0.9385013858
0.0452244773 0.9566195965
0.2627305887 0.7387743827
0.5056669402 0.5162784849
0.4335924378 0.5740182576
0.0096266686 0.9911691492
0.2542204139 0.7469080314
0.3798425217 0.6371518424
0.7938011995 0.2079930404
0.3296431676 0.6792781777
0.1392725278 0.8619817602
0.1868009648 0.8152417230
0.0258904281 0.9748267390
0.2501095183 0.7510275756
0.2317280252 0.7689525049
0.2440912698 0.7597971903
0.0891440352 0.9115050053
0.4310899239 0.5816166456
0.0630103649 0.9377119827
0.1996535009 0.8015154175
0.2850670477 0.7166007499
0.3887848493 0.6245708151
0.1825916201 0.8225340360
0.4207441121 0.5832547430
0.3772417863 0.6436414147
0.3686692853 0.6471705624
0.1716462374 0.8291177022
0.3384501347 0.6717879175
0.9170417264 0.0839108489
0.3576557528 0.6573694132
0.0372641795 0.9632005348
0.2756113432 0.7258446117
0.3215578399 0.6842267679
0.4639136283 0.5466728214
0.4027283937 0.6042295217
0.1650937168 0.8359738816
0.2956420334 0.7064153619
0.4170264773 0.5889799015
0.0827536010 0.9179414539
0.0228931370 0.9777643581
0.2776674547 0.7248126877
0.4027283937 0.6042295217
0.0795489885 0.9211015422
0.3621074855 0.6496602095
0.1468799079 0.8541613444
0.0017123464 0.9996399612
0.1755042337 0.8254908731
0.0999495733 0.9039563983
0.3463085789 0.6634133167
0.4939513172 0.5180293430
0.0344684740 0.9662191501
0.2314308346 0.7694126520
0.3369014656 0.6746519607
0.4921193964 0.5201161279
0.2889357647 0.7144438495
0.3885710425 0.6301650983
0.1543694033 0.8461888511
0.9275267971 0.0788550368
0.1468738962 0.8566227074
0.1080621244 0.8972763491
0.1029429337 0.8984230957
0.2441046024 0.7590798885
0.2931700551 0.7086081627
0.1610829103 0.8394707167
0.4651230138 0.5444174171
0.1543825786 0.8460351743
0.3217516874 0.6840412134
