0.9999993322 0.0000003339
0.0000000001 0.9999887127
0.7034818330 0.1612976103
0.0186337024 0.8634954312
0.1247735250 0.6467670674
0.9661648968 0.0170936252
0.9427420055 0.0290510021
0.8874089989 0.0589804772
0.1387725880 0.6274818302
0.3695664427 0.3920836297
0.3536892787 0.4056865404
0.6811379705 0.1746894726
0.4913831887 0.2990132487
0.1564430807 0.6044713214
0.0124527074 0.8884093985
0.7248158610 0.1486391535
0.2129949887 0.5385218896
0.6020422312 0.2241324867
0.4041606951 0.3642636618
0.5279935398 0.2737540534
0.1472549485 0.6162622613
0.3189807559 0.4352161903
0.4194804320 0.3524794355
0.2921438656 0.4594973917
0.2410413333 0.5090403967
0.0055412966 0.9255671580
0.1905169853 0.5635174988
0.7915853309 0.1102957798
0.6597514563 0.1877615872
0.2512617970 0.4987560250
0.0007537330 0.9725458102
0.4543444629 0.3259498095
0.5466660052 0.2606852236
0.5682153425 0.2461995039
0.0266506014 0.8367543199
0.8657523717 0.0695420895
0.0036556075 0.9395392499
0.7528451987 0.1323490278
0.0776726631 0.7214020659
0.6721778949 0.1801354573
0.7651746479 0.1252577647
0.2227122004 0.5281000392
0.0342133615 0.8150319135
0.5087990469 0.2867015605
0.7429041292 0.1380879383
0.9815110058 0.0092876921
0.1143133335 0.6618974951
0.0670940760 0.7409750843
0.5341148602 0.2695711839
0.6203674428 0.2123665361
0.2006708509 0.5520370032
0.0740651156 0.7278515611
0.0872655717 0.7065003897
0.8007825824 0.1051356166
0.0270795829 0.8354426748
0.2600247678 0.4900737856
0.5035854836 0.2903629857
0.3044840721 0.4482000573
0.4756196948 0.3103484089
0.7324509601 0.1441693028
0.9012695543 0.0506492452
0.0976656749 0.6874849590
0.8460380395 0.0802001232
0.1683382504 0.5897132473
0.0087818860 0.9063641810
0.9166664593 0.0425815483
0.7763554733 0.1189508651
0.1070206115 0.6728749065
0.1689537332 0.5889644325
0.2828481478 0.4681655134
0.0000058631 0.9976634204
0.0006879175 0.9737727218
0.1806705390 0.5749464597
0.3413555089 0.4157436521
0.0530876296 0.7695932655
0.3286395508 0.4271394859
0.4626497426 0.3198172656
0.8166716805 0.0963052751
0.0885845478 0.7024022103
0.6324621762 0.2047860183
0.8109554343 0.0997857756
0.6362424586 0.2024001820
0.4333977208 0.3436152253
0.3921809294 0.3737565845
0.3395241790 0.4173131421
0.5794092865 0.2388780632
0.0960415454 0.6901098277
0.2320403911 0.5182942938
0.2668050980 0.4834683850
0.4413903492 0.3356418479
0.3036958106 0.4489147469
0.9054668609 0.0484414057
0.8272607018 0.0908047267
0.4276174769 0.3475323707
0.8351573547 0.0861540964
0.3820215439 0.3819364814
0.0450945574 0.7876488621
0.2783852106 0.4728290094
0.5934617569 0.2296990816
0.1985431495 0.5544461296
