0.9999999999 0.0000000001
0.0000000006 0.9999748747
0.6397831304 0.2001355550
0.2297023790 0.5207272397
0.6085707283 0.2198905719
0.2521199705 0.4978845050
0.4222042200 0.3502275635
0.6800850625 0.1753272999
0.0024156365 0.9508508749
0.9643747362 0.0179741673
0.0005644786 0.9762412425
0.9860905100 0.0069790991
0.0744028889 0.7272310706
0.5007622888 0.2923544047
0.3482339964 0.4098864552
0.3830068160 0.3811245554
0.2608554831 0.4892598678
0.3704264911 0.3913732744
0.7736342162 0.1204352125
0.8469735114 0.0796883622
0.4424328996 0.3348437030
0.7592897293 0.1286276748
0.6558357107 0.1901631582
0.3590435858 0.4007975419
0.2892789600 0.4621534051
0.0399199632 0.8002001998
0.2104130060 0.5412920254
0.3258615358 0.4291571707
0.2189280054 0.5321025698
0.7320477708 0.1444020975
0.5199683664 0.2789116793
0.2742450306 0.4763159057
0.0618747083 0.7512537272
0.1850778620 0.5700265824
0.0689955213 0.7373300145
0.0170129543 0.8695662840
0.0105479727 0.8972966763
0.0452361329 0.7873121237
0.0856158687 0.7073981055
0.1135155665 0.6630792876
0.0054415273 0.9262332917
0.7980374938 0.1066705623
0.6911118152 0.1686686491
0.5582399966 0.2528453998
0.0230391606 0.8482134380
0.0571619845 0.7637098081
0.0105479727 0.8972966763
0.5139029155 0.2831297780
0.1068093419 0.6731830158
0.9513186788 0.0246443321
0.1983179029 0.5568203196
0.0337405264 0.8163140552
0.4741629740 0.3114050728
0.1324378604 0.6360798712
0.1457144545 0.6182743729
0.8139103028 0.0978302267
0.0249775818 0.8419570261
0.6008192864 0.2248746641
0.5867887575 0.2339786182
0.4077966340 0.3614104372
0.8289518739 0.0895320578
0.1207915354 0.6524492334
0.1249955037 0.6464529682
0.0901969451 0.6996719379
0.4883477098 0.3033551296
0.0053978261 0.9265301007
0.1996467605 0.5531815129
0.7152533185 0.1542734967
0.0174882087 0.8677587276
0.5500626923 0.2583378855
0.1506424577 0.6118731423
0.4546550756 0.3257188568
0.7211672011 0.1507843613
0.6546258890 0.1909104569
0.5733838453 0.2427788667
0.5371299073 0.2671085297
0.0302160155 0.8261724552
0.0975774589 0.6876260932
0.3346561356 0.4215052854
0.5371299073 0.2671085297
0.8097996008 0.1001113411
0.1592395171 0.6009517359
0.8876212110 0.0578634861
0.3018197295 0.4506187817
0.7461272403 0.1362134290
0.8732668551 0.0655125174
0.3133443907 0.4402282737
0.1778758264 0.5782467233
0.3951888080 0.3713595559
0.5910659239 0.2311918810
0.5738420282 0.2424763853
0.7865801854 0.1131064409
0.7039386130 0.1609895047
0.4645571791 0.3184156846
0.3098752150 0.4433356353
0.1685413253 0.5894621513
0.4460744562 0.3321119440
0.4061735583 0.3626825295
0.8637055186 0.0706424163
0.9964533305 0.0017749123
