0.0000000026 0.9999493565
0.9999999999 0.0000000001
0.1134925681 0.6631134223
0.1359457414 0.6312917939
0.3377763926 0.4188146659
0.0337369116 0.8163238949
0.0620856957 0.7508299866
0.0020421094 0.9548102956
0.1065159376 0.6736322051
0.6691385610 0.1819911001
0.0548585460 0.7657809875
0.3150545470 0.4387027999
0.9850312292 0.0075126050
0.3980710538 0.3690712768
0.3611627138 0.3990318530
0.0004132401 0.9796716911
0.6441221171 0.1974278123
0.2603902312 0.4897155394
0.3013141126 0.4510791383
0.0424064009 0.7940718550
0.0278215254 0.8332056738
0.2394468454 0.5106669384
0.2282217461 0.5222744034
0.3269905046 0.4281691733
0.6137094684 0.2166038881
0.5997502787 0.2255645446
0.2171349572 0.5340225788
0.7880456723 0.1122806357
0.8887026057 0.0572897552
0.4540249146 0.3261862910
0.4326658801 0.3422265750
0.0464481804 0.7844816023
0.7159046571 0.1544543501
0.0939549914 0.6934792220
0.0227349741 0.8493967280
0.2080616897 0.5438622032
0.0136018246 0.8833731401
0.4144866057 0.3561936638
0.0094273791 0.9029053087
0.5294945826 0.2723362160
0.3824162190 0.3816018932
0.7436360318 0.1377414088
0.0726876850 0.7303934674
0.6930354296 0.1675125050
0.9391802304 0.0308868847
0.0870329969 0.7049864500
0.8370601767 0.0850900719
0.4305134594 0.3438647554
0.9228806816 0.0393332099
0.5387326593 0.2660159004
0.1673281434 0.5909423780
0.1770274923 0.5792536486
0.8043409849 0.1031494087
0.4089790062 0.3604853355
0.9596253676 0.0203953025
0.5604752307 0.2513510631
0.8217360285 0.0935034318
0.8632693019 0.0708771362
0.1537860755 0.6078443228
0.9073005958 0.0474767220
0.3774141364 0.3856595928
0.6253701830 0.2091964956
0.4693363920 0.3149186970
0.8073485397 0.1014742410
0.0044880391 0.9330071723
0.8803072950 0.0617530736
0.4562129613 0.3245646137
0.1874182081 0.5670817540
0.4898402786 0.3001143361
0.8713592396 0.0665337502
0.7778860659 0.1180215053
0.5671124538 0.2469313087
0.5166374094 0.2812250635
0.9283199256 0.0365063957
0.2916349301 0.4599676586
0.6303725137 0.2060399801
0.7585346873 0.1290610313
0.4990410586 0.2935716183
0.8260054948 0.0911515557
0.9073005958 0.0474767220
0.6782467545 0.1764426224
0.6930354296 0.1675125050
0.2383998177 0.5117379624
0.0188173405 0.8628237051
0.2732717251 0.4772460200
0.0787849740 0.7193133952
0.1814361437 0.5740467919
0.7236186141 0.1493424502
0.9917256635 0.0041457620
0.3672882490 0.3939568927
0.6403892499 0.1997567563
0.2834992133 0.4675535584
0.1937626302 0.5598152318
0.1988331437 0.5540928979
0.2655195086 0.4847141491
0.1485355706 0.6145968727
0.8479473388 0.0791594391
0.0047936876 0.9307635386
0.5882420907 0.2330305889
0.7656794948 0.1249688619
