0.0000357733 0.6134801597 1.0670325384
0.0000003175 0.0000027912 1.3919012136
1.1468221764 0.8493034821 0.0000286091
0.5980716770 0.5716990849 0.6265217341
1.6014344493 0.0002576036 0.0006818167
0.0000917369 0.0002334070 1.3022885193
0.0017797044 0.0006567095 1.1241429978
0.0001192231 2.0640756143 0.0000485484
0.0007052738 2.0449332275 0.0090953617
1.1041383423 0.0042945031 0.0055586546
0.7798459351 0.7650016895 0.0192577586
0.0468076244 0.7387207257 0.8621647191
0.1624351976 0.1866883706 1.0162327095
0.0301098263 1.0673140502 0.1386556341
0.2139627040 0.6973962957 0.7191665536
0.7580392425 0.0880359872 0.7259881907
1.0072503062 0.1504797760 0.2455335705
0.7490174479 0.6435795846 0.2619066057
0.7276534334 0.2542642103 0.7263731035
1.6014344493 0.0002576036 0.0006818167
0.0092175005 0.9737967548 0.4949461669
0.0001192231 2.0640756143 0.0000485484
2.0792328535 0.0003854003 0.0000082125
1.1331006131 0.0009563370 0.0167771571
0.3751284426 0.4658524275 0.8468915657
0.8386541823 0.3451796781 0.5296928943
0.3263183079 0.9762032603 0.1913031906
0.0010949996 2.0460238529 0.0071556185
1.6014344493 0.0002576036 0.0006818167
0.4155927117 0.0244769532 0.9822848123
0.0001192231 2.0640756143 0.0000485484
1.0068176529 0.3336455252 0.1443937248
0.4265465458 0.8653408957 0.4307151354
0.8834235934 0.5768416656 0.1416663814
0.4762363929 0.3986429443 0.8557516911
0.2770530146 0.1406978769 0.9986980602
0.0023744629 0.0026241011 1.0897448374
0.0020581586 2.0325331937 0.0141692447
0.0017797044 0.0006567095 1.1241429978
0.0023744629 0.0026241011 1.0897448374
0.0964971500 0.4824201293 1.0065337889
0.4265465458 0.8653408957 0.4307151354
0.9490238471 0.0861939040 0.4244049661
0.1662286310 0.9919761575 0.3411349278
0.4616662006 0.9688939992 0.0879344057
0.1624351976 0.1866883706 1.0162327095
2.0792328535 0.0003854003 0.0000082125
0.9919395086 0.4517822654 0.0486928619
0.0020581586 2.0325331937 0.0141692447
1.0072503062 0.1504797760 0.2455335705
0.0002270384 0.0002058792 1.1485369159
1.1041383423 0.0042945031 0.0055586546
0.0035980171 1.3412585588 0.0843736905
0.0002270384 0.0002058792 1.1485369159
0.0017797044 0.0006567095 1.1241429978
0.0754163755 1.1033073925 0.0071114410
0.0788213527 1.0789294458 0.0341279249
0.6934233390 0.4711565018 0.6612544449
0.8442077022 0.6847694840 0.0022829836
0.9300291641 0.2324459100 0.3670966052
1.0798978237 0.0487231213 0.0591101732
1.0253788909 0.0028099655 0.2414260050
0.2954075544 0.3929081913 0.9196757705
0.5444634904 0.4502452216 0.7694617966
1.0766191096 0.0468382072 0.0784659077
0.0637819616 0.0654945710 1.0484285425
0.2143178092 1.0855968757 0.0433803960
0.0023744629 0.0026241011 1.0897448374
0.0108610894 1.0455726822 0.2776826072
0.8988385968 0.4519016799 0.2833520125
0.0468076244 0.7387207257 0.8621647191
0.0301098263 1.0673140502 0.1386556341
0.1312391777 0.1729324390 1.0435055426
0.3263183079 0.9762032603 0.1913031906
0.4366934636 0.6541987011 0.7031881176
0.9936205882 0.2827825019 0.2566300929
0.0301098263 1.0673140502 0.1386556341
0.0158452911 0.8796183949 0.5915835497
0.5012602760 0.8831542933 0.3141259828
0.9342245752 0.4667211006 0.1903337002
0.0637819616 0.0654945710 1.0484285425
0.3917122887 0.1189825656 0.9842599260
0.4990051268 0.2641465355 0.8563691469
0.6779985516 0.5424835758 0.5557828133
0.5117540452 0.7816842127 0.4777953238
1.0603867986 0.0063208545 0.0320173577
0.0637819616 0.0654945710 1.0484285425
0.0572309822 1.0833918285 0.0825587707
0.0572309822 1.0833918285 0.0825587707
0.0572309822 1.0833918285 0.0825587707
0.9300291641 0.2324459100 0.3670966052
0.2139627040 0.6973962957 0.7191665536
0.9490238471 0.0861939040 0.4244049661
0.0637819616 0.0654945710 1.0484285425
0.2139627040 0.6973962957 0.7191665536
0.7276534334 0.2542642103 0.7263731035
0.0302306615 0.0450179767 1.0860233534
0.4265465458 0.8653408957 0.4307151354
0.4567889935 0.1864833780 0.9411666845
0.6933695220 0.0237124514 0.7801244316
0.2426049793 0.1149541491 1.0261663241
0.2793782259 0.5287120053 0.8663540086
0.2888386701 0.3264651106 0.9597818854
0.0092175005 0.9737967548 0.4949461669
0.0301098263 1.0673140502 0.1386556341
0.7490174479 0.6435795846 0.2619066057
1.0174879350 0.1876250122 0.0191942175
0.0108610894 1.0455726822 0.2776826072
0.7798459351 0.7650016895 0.0192577586
1.0282833003 0.2124251965 0.0098571556
0.0244869211 0.8230885483 0.9449096324
0.1662286310 0.9919761575 0.3411349278
1.0282833003 0.2124251965 0.0098571556
0.0299954099 0.0308009503 1.0633129567
1.0603867986 0.0063208545 0.0320173577
0.9300291641 0.2324459100 0.3670966052
0.2914588288 0.0682138049 1.0130009870
0.9300291641 0.2324459100 0.3670966052
0.1605562494 0.5038731522 0.9170097798
0.4763111065 0.9132871768 0.2016345725
0.6993072006 0.0762669934 0.7658829370
0.0788213527 1.0789294458 0.0341279249
1.0603867986 0.0063208545 0.0320173577
0.6014268718 0.7112966723 0.4212263000
0.7798459351 0.7650016895 0.0192577586
0.0637819616 0.0654945710 1.0484285425
1.0798978237 0.0487231213 0.0591101732
0.0299954099 0.0308009503 1.0633129567
0.0108610894 1.0455726822 0.2776826072
0.6933695220 0.0237124514 0.7801244316
1.0253788909 0.0028099655 0.2414260050
0.7483250031 0.7867516887 0.1045305300
0.6993072006 0.0762669934 0.7658829370
0.9959527787 0.4351845919 0.0957506188
0.0468076244 0.7387207257 0.8621647191
0.0299954099 0.0308009503 1.0633129567
0.0001192231 2.0640756143 0.0000485484
1.5280703570 0.0004093812 0.0020648012
2.0792328535 0.0003854003 0.0000082125
1.0603867986 0.0063208545 0.0320173577
0.0001192231 2.0640756143 0.0000485484
0.7772512947 0.1747419041 0.6649897999
0.0007052738 2.0449332275 0.0090953617
0.9954892000 0.3906043623 0.1227405493
0.0001192231 2.0640756143 0.0000485484
0.0301098263 1.0673140502 0.1386556341
0.1662286310 0.9919761575 0.3411349278
0.0158452911 0.8796183949 0.5915835497
0.0001192231 2.0640756143 0.0000485484
1.0174879350 0.1876250122 0.0191942175
0.4798632463 0.4282711461 0.8145697701
0.9490238471 0.0861939040 0.4244049661
1.5280703570 0.0004093812 0.0020648012
0.2707566139 1.0641972385 0.2395017516
0.7024097434 0.7887096298 0.2305110843
0.5444634904 0.4502452216 0.7694617966
0.8244063497 0.1891057442 0.5894327813
0.0299954099 0.0308009503 1.0633129567
0.0683579438 0.9462442028 0.5848063314
0.0001192231 2.0640756143 0.0000485484
0.4941371072 0.8580678123 0.4728812371
0.8988385968 0.4519016799 0.2833520125
0.0301098263 1.0673140502 0.1386556341
0.4616662006 0.9688939992 0.0879344057
2.1060068875 0.0000170188 0.0000082013
0.6027728335 0.5564645734 0.7139111767
0.0002270384 0.0002058792 1.1485369159
0.1605562494 0.5038731522 0.9170097798
1.0501651001 0.1640423625 0.0718570224
0.7654441678 0.4503765458 0.5821451788
0.0714292533 0.6775902004 0.8695884856
0.2664140888 0.1392556171 0.9987459570
0.0788213527 1.0789294458 0.0341279249
0.2914588288 0.0682138049 1.0130009870
0.8834235934 0.5768416656 0.1416663814
0.0017797044 0.0006567095 1.1241429978
0.8087342574 0.4580068991 0.4518368128
0.4265465458 0.8653408957 0.4307151354
0.4155927117 0.0244769532 0.9822848123
0.2785442056 0.6263746050 0.7781244347
0.0299954099 0.0308009503 1.0633129567
1.0603867986 0.0063208545 0.0320173577
0.2903340308 0.3101161324 0.9827451062
0.5444634904 0.4502452216 0.7694617966
0.6779985516 0.5424835758 0.5557828133
0.1624351976 0.1866883706 1.0162327095
0.2914588288 0.0682138049 1.0130009870
1.0603867986 0.0063208545 0.0320173577
0.0299954099 0.0308009503 1.0633129567
0.5131471510 0.6624843632 0.5932097216
0.0301098263 1.0673140502 0.1386556341
0.0468977166 0.9691165351 0.4549190624
0.1662286310 0.9919761575 0.3411349278
0.0788213527 1.0789294458 0.0341279249
0.0637819616 0.0654945710 1.0484285425
0.4567889935 0.1864833780 0.9411666845
0.2783473477 0.9282446489 0.5185982176
0.6779985516 0.5424835758 0.5557828133
0.5012602760 0.8831542933 0.3141259828
0.0637819616 0.0654945710 1.0484285425
0.0002270384 0.0002058792 1.1485369159
0.1624351976 0.1866883706 1.0162327095
0.3263183079 0.9762032603 0.1913031906
1.0603867986 0.0063208545 0.0320173577
0.7493547861 0.5950622195 0.3860137337
0.0301098263 1.0673140502 0.1386556341
0.4289383608 0.3755029549 0.9226737957
1.0072503062 0.1504797760 0.2455335705
0.5638346024 0.6010098590 0.7045703802
0.4513864834 0.7298777806 0.6151655468
1.0174879350 0.1876250122 0.0191942175
0.4585607376 0.5702536926 0.7778037838
0.0321592451 0.5320749014 0.9788623200
0.4990051268 0.2641465355 0.8563691469
1.1041383423 0.0042945031 0.0055586546
0.8187844649 0.3206415829 0.6010345000
0.3263183079 0.9762032603 0.1913031906
0.1815562985 0.7899503059 0.6218350820
0.4763111065 0.9132871768 0.2016345725
0.4366934636 0.6541987011 0.7031881176
0.5103794631 0.3860745685 0.8560592694
0.6599804149 0.1694150316 0.8029320543
0.0637819616 0.0654945710 1.0484285425
1.0282833003 0.2124251965 0.0098571556
0.4155927117 0.0244769532 0.9822848123
0.9342245752 0.4667211006 0.1903337002
1.0603867986 0.0063208545 0.0320173577
0.0301098263 1.0673140502 0.1386556341
0.0001192231 2.0640756143 0.0000485484
0.7727413975 0.3975255677 0.5871683827
1.0603867986 0.0063208545 0.0320173577
0.2765952129 0.5776831247 0.8485031183
1.5280703570 0.0004093812 0.0020648012
1.2912261367 0.0042870513 0.0003784773
1.0603867986 0.0063208545 0.0320173577
0.4570911256 0.4759546164 0.8239340573
0.9936205882 0.2827825019 0.2566300929
0.9936205882 0.2827825019 0.2566300929
0.0001192231 2.0640756143 0.0000485484
1.0072503062 0.1504797760 0.2455335705
0.2954075544 0.3929081913 0.9196757705
0.0299954099 0.0308009503 1.0633129567
1.0072503062 0.1504797760 0.2455335705
0.0023744629 0.0026241011 1.0897448374
0.0714292533 0.6775902004 0.8695884856
0.4155927117 0.0244769532 0.9822848123
0.0788213527 1.0789294458 0.0341279249
1.0603867986 0.0063208545 0.0320173577
0.0501491100 1.0131169769 0.3150108465
0.0023744629 0.0026241011 1.0897448374
0.0301098263 1.0673140502 0.1386556341
0.0002270384 0.0002058792 1.1485369159
0.2770530146 0.1406978769 0.9986980602
0.1624351976 0.1866883706 1.0162327095
0.0108610894 1.0455726822 0.2776826072
0.6507641409 0.8890233584 0.0272991306
0.8092031820 0.6364893761 0.2479756092
0.3836011759 0.9449658249 0.4176110996
0.9300291641 0.2324459100 0.3670966052
0.8988385968 0.4519016799 0.2833520125
1.2912261367 0.0042870513 0.0003784773
0.1815562985 0.7899503059 0.6218350820
1.0131084730 0.4249973819 0.0304428014
0.2819382793 0.0298860674 1.0363799349
0.9217422214 0.3388674228 0.4507766921
0.0063593876 1.1090417628 0.1041924105
0.0001192231 2.0640756143 0.0000485484
0.4534550344 0.7516518577 0.5879376385
0.0637819616 0.0654945710 1.0484285425
0.0572309822 1.0833918285 0.0825587707
0.6599804149 0.1694150316 0.8029320543
0.8442077022 0.6847694840 0.0022829836
0.0788213527 1.0789294458 0.0341279249
0.4155927117 0.0244769532 0.9822848123
0.8087342574 0.4580068991 0.4518368128
0.1815562985 0.7899503059 0.6218350820
0.0301098263 1.0673140502 0.1386556341
0.6014268718 0.7112966723 0.4212263000
0.6014268718 0.7112966723 0.4212263000
1.0174879350 0.1876250122 0.0191942175
0.9490238471 0.0861939040 0.4244049661
1.0282833003 0.2124251965 0.0098571556
0.0788213527 1.0789294458 0.0341279249
0.2331235499 0.6020066472 0.8171215523
0.9919395086 0.4517822654 0.0486928619
0.0788213527 1.0789294458 0.0341279249
0.0108610894 1.0455726822 0.2776826072
0.9217422214 0.3388674228 0.4507766921
0.6366222528 0.8648555347 0.2432780401
0.0108610894 1.0455726822 0.2776826072
0.7799343412 0.6149288748 0.2989133139
0.0299954099 0.0308009503 1.0633129567
0.5859013652 0.7832528628 0.3716976435
0.1939308349 0.7741873998 0.6390532829
0.0023744629 0.0026241011 1.0897448374
0.2331144298 0.4302644861 0.9715426123
0.0321592451 0.5320749014 0.9788623200
0.2888386701 0.3264651106 0.9597818854
0.4763111065 0.9132871768 0.2016345725
0.1263463033 0.1668342864 1.0501312880
