0.0000000045 1.0000000000
2.0970799491 0.0227593245
0.3971453397 0.4248572629
0.6940420826 0.2518615324
0.1893089434 0.5913609667
0.6035714192 0.3812841029
0.0954787694 0.7009715334
0.2827500947 0.4943723828
1.1093018703 0.1728754053
1.1545369923 0.1001264986
0.0497712098 0.7818045615
0.4972995194 0.4073508176
0.6403453798 0.3118832083
0.2347157634 0.5441760298
0.3313834040 0.4526466884
0.7998293195 0.2118942000
0.1414098748 0.6416573983
0.1193756800 0.6694281449
0.6117819848 0.3477270192
0.9160217840 0.1975128997
0.2596446331 0.5206234878
0.4453567917 0.4153208481
0.3609574663 0.4360660724
1.1331140709 0.1397006398
0.5086084051 0.4043828192
1.2223217962 0.0630517056
0.2112960913 0.5679125831
0.0251176982 0.8434903844
0.3064982974 0.4686166218
0.0727597402 0.7357953357
0.6735384083 0.2727815920
0.7380664034 0.2288900455
0.1646681675 0.6140790902
0.7679228681 0.2190690586
1.1830743129 0.0747445618
0.0381444331 0.8069974053
0.2492465960 0.5320761703
0.1076900865 0.6850610970
0.0847648322 0.7184714997
0.6117819848 0.3477270192
0.3489479779 0.4433393212
0.5086084051 0.4043828192
0.2939158990 0.4814328123
0.2256714184 0.5545044246
0.1303851962 0.6532536680
0.6759390775 0.2649211347
0.5086084051 0.4043828192
1.1487396044 0.1201242708
0.4654856093 0.4124237669
0.2019507294 0.5794162352
0.3825951990 0.4309657856
0.2706330144 0.5047235990
0.0134919362 0.8845504240
0.6291782174 0.3325784591
0.0618269150 0.7565095634
0.4193520763 0.4233708516
0.6512427710 0.2986415647
1.3671926388 0.0459072329
0.1760351997 0.6008721196
1.1331140709 0.1397006398
0.9672952669 0.1933268668
0.3147255313 0.4606731513
0.8532968984 0.2062517956
0.7117446924 0.2384293667
0.1531139073 0.6265101685
0.8189423829 0.2092383854
0.0791506951 0.7285132918
0.6735384083 0.2727815920
0.4293325697 0.4159851664
0.4769593093 0.4108521739
0.7439138767 0.2190841264
0.1831343079 0.5949011075
0.6247486250 0.3372421137
0.2760411747 0.5003592644
0.3881631943 0.4297287770
0.1245480670 0.6632430778
0.1027542975 0.6927887361
0.7833347813 0.2138899999
0.6087764532 0.3738821424
1.1830743129 0.0747445618
0.6117819848 0.3477270192
0.2531566538 0.5236083532
0.3541398556 0.4414257837
0.5086084051 0.4043828192
0.3368448399 0.4486245965
0.6035714192 0.3812841029
0.1363995703 0.6469479824
0.0436096293 0.7937011695
0.3010988418 0.4765661785
0.5086084051 0.4043828192
0.2073547325 0.5728092154
0.6845958050 0.2580442493
1.1939717465 0.0637912854
0.0321352566 0.8230449355
1.0986439785 0.1920776556
0.2321080894 0.5483761082
0.3703004414 0.4327788344
0.6371370838 0.3177658963
0.2405721853 0.5381249254
0.4453567917 0.4153208481
