0.1003426162 1.1795834017
1.1304297642 0.1053529619
0.7473828833 0.7070368794
0.9826263721 0.3985881891
0.3894195615 1.0670453444
0.8839469532 0.5861687978
0.1774058631 1.0742291545
0.5169761649 0.9490933476
1.0589017106 0.1395518226
1.0589017106 0.1395518226
0.1624940799 1.1160119970
0.7787603034 0.6569157385
0.9793118820 0.4821661836
0.4654613410 0.9849264070
0.6607900855 0.8534003112
1.0997012093 0.1334885740
0.1774058631 1.0750266363
0.1774058631 1.0742291545
0.9463124608 0.5565303683
1.0589017106 0.1395518226
0.5169761649 0.9490933476
0.7501595886 0.6745808633
0.7223746177 0.8218066266
1.0589017106 0.1395518226
0.8520071380 0.6110940029
1.0997012093 0.1334885740
0.4489278694 1.0211775253
0.1245355487 1.1436237307
0.6492713200 0.8705356842
0.1774058631 1.0742291545
0.9924429383 0.4537957932
1.0086895456 0.3644055477
0.1774058631 1.0742291545
1.0320129197 0.3421353925
1.0589017106 0.1395518226
0.1416641532 1.1168402200
0.5131393297 0.9626673781
0.1774058631 1.0742291545
0.1774058631 1.0742291545
0.9313604000 0.5751832239
0.6799844045 0.8311641735
0.8660558240 0.6066009992
0.5169761649 0.9490933476
0.4654613410 0.9849264070
0.1774058631 1.0742291545
0.9801109746 0.4198718958
0.8249134084 0.6479467091
1.0589017106 0.1395518226
0.7630453922 0.6697541696
0.4386319729 1.0580851212
0.7408341909 0.7996456641
0.5169761649 0.9490933476
0.1163782055 1.1475846006
0.9539786992 0.5289410118
0.1774058631 1.0750266363
0.7473828833 0.7070368794
0.9924429383 0.4537957932
1.1304297642 0.1053529619
0.3894195615 1.0670453444
1.0589017106 0.1395518226
1.0589017106 0.1395518226
0.6492713200 0.8705356842
1.0589017106 0.1395518226
0.9984401227 0.3896418977
0.1774058631 1.0750266363
1.0589017106 0.1395518226
0.1774058631 1.0742291545
0.9774023861 0.4387298170
0.7473828833 0.7058869095
0.7722307451 0.6599488504
1.0086895456 0.3644055477
0.3894195615 1.0670453444
0.9469665614 0.5470109878
0.5169761649 0.9490933476
0.7473828833 0.7070368794
0.1774058631 1.0742291545
0.1774058631 1.0750266363
1.0320129197 0.3421353925
0.8839469532 0.5844958848
1.0589017106 0.1395518226
0.9386436280 0.5702875570
0.5169761649 0.9490933476
0.7040714787 0.8282347451
0.8567778021 0.6106840343
0.6798639096 0.8312168645
0.8716377719 0.5929325652
0.1774058631 1.0742291545
0.1568012222 1.1161515350
0.6411885600 0.9206083913
0.8377209895 0.6225106358
0.4489278694 1.0211775253
0.9801109746 0.4198718958
1.0589017106 0.1395518226
0.1416641532 1.1168402200
1.0589017106 0.1395518226
0.4654613410 0.9849264070
0.7306128445 0.8104939252
0.9634083300 0.5175884676
0.5074819562 0.9770095051
0.7501595886 0.6745808633
