0.8771721002 -0.6436632610
0.0000176745 1.0000000604
0.6820109489 0.1619788626
0.8497488324 -0.2150109162
0.7107295034 -0.2129673270
0.5445090528 0.1621240333
0.3441759817 0.7447432942
0.5137767005 0.4810299287
0.3785454197 0.4815342741
0.2130525663 0.7449190264
0.0548319222 0.9487778138
0.1703706475 0.9472612102
0.3660960125 0.5203102296
0.3463700985 0.7165666596
0.6884001625 0.0230975871
0.8665501744 -0.5738631148
0.3740698967 0.4862321059
0.1766775171 0.9036801140
0.6830796027 0.1372030610
0.8532813749 -0.3109794982
0.3488731677 0.6853983872
0.6849697810 0.0948027596
0.6960648433 -0.1074382544
0.3557607463 0.6072191087
0.1874270594 0.8327051026
0.3533532682 0.6330612601
0.8519797460 -0.2766512965
0.5285470230 0.2554332580
0.8509451071 -0.2484860915
0.1817463600 0.8691242197
0.0105099984 0.9958337443
0.5256089514 0.2915295668
0.0326334379 0.9681757081
0.7006123888 -0.1619992284
0.8555181716 -0.3668767469
0.5346896922 0.1978065297
0.5264638572 0.2804992131
0.6868536226 0.0545320546
0.8545283120 -0.3426400937
0.8571030055 -0.4039316875
0.7019869509 -0.1747765748
0.8564079958 -0.3879522358
0.2086369551 0.7478476851
0.1753076548 0.9131647044
0.8583282572 -0.4310324422
0.6985049191 -0.1390120588
0.7046754880 -0.1945280060
0.5203919103 0.3673943608
0.6913100033 -0.0316763897
0.8693851627 -0.6058114154
0.1950553975 0.7908309875
0.2017889850 0.7636038552
0.6976198078 -0.1281605926
0.8504665752 -0.2352044368
0.0461895985 0.9523469858
0.8632522723 -0.5251704867
0.5236326280 0.3186033234
0.5393125817 0.1719530318
0.6865584944 0.0607011821
0.3604014785 0.5629258909
0.3581013536 0.5839064792
0.5211798916 0.3550597646
0.5190437864 0.3891520390
0.8598023605 -0.4617605329
0.1965055341 0.7840968379
0.5324223828 0.2161122761
0.5160150060 0.4407695255
0.6898671889 -0.0052596130
0.5149110498 0.4604232953
0.6917316259 -0.0391082437
0.1721618970 0.9349488813
0.2002966432 0.7687076454
0.6929319031 -0.0595282315
0.7067310140 -0.2049101260
0.8580692465 -0.4254192399
0.6898671889 -0.0052596130
0.8693851627 -0.6058114154
0.1911879390 0.8108263552
0.6842036086 0.1117606802
0.5302111011 0.2373466058
0.3636469745 0.5369160445
0.8605296776 -0.4761422802
0.8650279019 -0.5528898118
0.8630286005 -0.5214363568
0.0405879915 0.9577982439
0.5165054716 0.4321754471
0.1911879390 0.8108263552
0.6933482141 -0.0663532774
0.5186135335 0.3962614261
0.8611137182 -0.4873054367
0.0182458008 0.9880835871
0.1848151246 0.8490332654
0.8547752489 -0.3487645807
0.6944415547 -0.0836151555
0.1842237507 0.8528398243
0.0368316408 0.9624219984
0.3514939679 0.6541696572
0.3518744720 0.6497745170
0.8650279019 -0.5528898118
0.0010742118 0.9999554221
