0.0000028112 0.0000000070
0.8772503632 0.0000000028
0.8497046698 0.0000000094
0.2133496109 0.0000000171
0.3782429388 0.0000000151
0.5443398324 0.0000000021
0.3443987453 0.0000000112
0.7106648870 0.0000000092
0.6820343241 0.0000000090
0.5137769597 0.0000000063
0.1701794169 0.0000000103
0.0550719490 0.0000000019
0.2055942226 0.0000000086
0.6837251482 0.0000000107
0.3526513262 0.0000000149
0.1946054708 0.0000000026
0.5294024855 0.0000000108
0.8619427583 0.0000000040
0.6952054515 0.0000000703
0.6965834252 0.0000000097
0.5153787247 0.0000000025
0.6880958208 0.0000000107
0.3469686427 0.0000000113
0.0290476824 0.0000000253
0.8657806120 0.0000000704
0.8595361058 0.0000000002
0.8535753294 0.0000000069
0.3493995988 0.0000000104
0.8504383330 0.0000000190
0.5201151420 0.0000000118
0.8682205123 0.0000000069
0.6871980269 0.0000000100
0.6860049704 0.0000001132
0.3504984660 0.0000000103
0.3675404285 0.0000000064
0.0094970643 0.0000000068
0.3610186940 0.0000000192
0.1850458915 0.0000000170
0.5181417631 0.0000000281
0.6820343241 0.0000000090
0.7012836767 0.0000000064
0.0240877867 0.0000000225
0.3632636471 0.0000000077
0.3458031561 0.0000000115
0.6913873915 0.0000000568
0.6933632969 0.0000000685
0.8640787917 0.0000000002
0.5264656980 0.0000000281
0.3574636986 0.0000000077
0.0398735514 0.0000000020
0.5186640373 0.0000000094
0.8542177301 0.0000000020
0.5251230618 0.0000000113
0.6845766641 0.0000000113
0.1893533155 0.0000000104
0.3552101672 0.0000000149
0.1738375098 0.0000000020
0.5322971017 0.0000000274
0.5352206672 0.0000000731
0.3729212857 0.0000000031
0.7035541699 0.0000000097
0.6851783270 0.0000000209
0.1747494625 0.0000000094
0.8561120768 0.0000000028
0.8712905498 0.0000000209
0.6901271957 0.0000000276
0.8524188233 0.0000000117
0.1809634160 0.0000000170
0.5138346886 0.0000000049
0.6933632969 0.0000000685
0.6895872662 0.0000000104
0.1915585419 0.0000000172
0.5229158738 0.0000000207
0.6999388777 0.0000000217
0.5165965225 0.0000000021
0.8524188233 0.0000000117
0.1778923349 0.0000000021
0.8513742121 0.0000000470
0.8611840422 0.0000000041
0.8582406779 0.0000000206
0.5322971017 0.0000000274
0.8647644429 0.0000000648
0.3574636986 0.0000000077
0.8513742121 0.0000000470
0.6987700534 0.0000000104
0.7088510003 0.0000000206
0.3553364087 0.0000000121
0.8571370862 0.0000000024
0.8582406779 0.0000000206
0.1809634160 0.0000000170
0.8548969390 0.0000000119
0.0450199146 0.0000000023
0.8571222390 0.0000000174
0.6911686495 0.0000000133
0.1781554647 0.0000000023
0.5226042409 0.0000000203
0.5358475184 0.0000000106
0.5213411697 0.0000000109
0.5165209913 0.0000000117
0.0546225601 0.0000000019
