0.1796123407 0.9999999651
1.0000000000 0.0000000001
0.2560861674 0.9999987870
0.3040926921 0.9999932382
0.7845576233 0.9116414733
0.6997498355 0.9718532634
0.9377453947 0.4741651085
0.9828013373 0.1592683695
0.7381228489 0.9519949982
0.8527096596 0.7967587640
0.9847432093 0.1425082597
0.8401410666 0.8248048263
0.8453247029 0.8136902405
0.8316033974 0.8418160016
0.8990685031 0.6549142702
0.5555677155 0.9971986330
0.8581080974 0.7835188924
0.9023827264 0.6419796329
0.5726840106 0.9962055348
0.6805149042 0.9787001566
0.8941264412 0.6734201536
0.8690825960 0.7541837837
0.7622039411 0.9338222649
0.3497897274 0.9999725798
0.9232145419 0.5501928382
0.9683898842 0.2747254442
0.4059363320 0.9998784992
0.8831769807 0.7112796406
0.9068713063 0.6237672401
0.9265739997 0.5335542993
0.4500798237 0.9996588893
0.9906876817 0.0893161605
0.4190708608 0.9998329392
0.9325230338 0.5027260848
0.9873234867 0.1197730069
0.9112688511 0.6051198947
0.9698563364 0.2636673209
0.9938130766 0.0601748361
0.4985113640 0.9990521260
0.4691975203 0.9994829209
0.8731209843 0.7425195496
0.9721255490 0.2462565150
0.9793847621 0.1880422586
0.3735536478 0.9999470910
0.8863131688 0.7008617005
0.6019418103 0.9937548180
0.9581924891 0.3475794640
0.9618562263 0.3221999347
0.7226937806 0.9611363870
0.2317417406 0.9999995534
0.9480845833 0.4132260215
0.6130052301 0.9925072404
0.9739061446 0.2323362047
0.7965948192 0.8971096189
0.5216610881 0.9985076028
0.1981263709 0.9999999068
0.9881622997 0.1122660950
0.8783106835 0.7267993966
0.6744875180 0.9805132610
0.8071355804 0.8826549098
0.9963278420 0.0361206711
0.9526278997 0.3844930431
0.9766383411 0.2105262407
0.9768099941 0.2091375720
0.3071731258 0.9999925214
0.9162166554 0.5831480637
0.9197942687 0.5665819528
0.9520062338 0.3884979435
0.7729068245 0.9239198396
0.9793847621 0.1880422586
0.3435588589 0.9999770907
0.7729068245 0.9239198396
0.9090791260 0.6145066793
0.9554624227 0.3659315947
0.2185583535 0.9999997513
0.7138974649 0.9656158417
0.9656806359 0.2947627729
0.9325230338 0.5027260848
0.9151583734 0.5879379899
0.8169874516 0.8675189196
0.5867974295 0.9951595914
0.4811003937 0.9993357109
0.8896813069 0.6892975649
0.6621468744 0.9837989436
0.3894788064 0.9999196773
0.9469535693 0.4201884616
0.3298465003 0.9999847555
0.8768800531 0.7312169297
0.3252454853 0.9999867533
0.9289278787 0.5215682758
0.9557109777 0.3642801893
0.8637004456 0.7689896509
0.9977615059 0.0221607931
0.4951915592 0.9991133907
0.4348167220 0.9997584194
0.9900325542 0.0953204924
0.8911873337 0.6839978385
0.8637004456 0.7689896509
0.9404198974 0.4589740533
0.7481065030 0.9450921676
