0.0001786860 0.0000000113
0.0489852943 0.0000000052
0.0161891611 0.0000001195
0.6720366001 0.0000000807
0.0157250130 0.0000000168
0.0258414455 0.0000000229
0.0112075217 0.0000004170
0.2494968579 0.0000000339
0.0381054192 0.0000000088
0.0535189754 0.0000000132
0.0797219734 0.0000000639
0.2669716682 0.0000043352
0.0095262692 0.0000009429
0.0184491887 0.0000009581
0.0165200876 0.0000019604
0.2153982779 0.0000007757
0.2585750619 0.0000000245
0.2758698485 0.0000000150
0.2217696638 0.0000000245
0.1817013753 0.0000017842
0.0609592737 0.0000000985
0.0154612576 0.0000021208
0.0474792354 0.0000001787
0.1554704759 0.0000017730
0.0432097629 0.0000004171
0.0194221413 0.0000023395
0.0343056612 0.0000000131
0.0251066404 0.0000011855
0.1833005247 0.0000004983
0.0223666700 0.0000004212
0.0103360908 0.0000006750
0.0574011536 0.0000000918
0.1768452355 0.0000029881
0.0197463061 0.0000002627
0.0418422559 0.0000004212
0.1665282442 0.0000094609
0.2167103255 0.0000000651
0.2665331766 0.0000000651
0.1618847956 0.0000106808
0.0396022941 0.0000023281
0.1755320186 0.0000001140
0.0118473570 0.0000000113
0.0741275129 0.0000028564
0.0579534041 0.0000000526
0.2377784116 0.0000000142
0.2540628709 0.0000000150
0.0213100197 0.0000002967
0.0200879163 0.0000003330
0.2098609680 0.0000027528
0.0351605943 0.0000023421
0.1136641187 0.0000000263
0.1749055527 0.0000001787
0.0219928504 0.0000002967
0.2086136956 0.0000000098
0.0357610213 0.0000123452
0.0190179936 0.0000030467
0.0663082303 0.0000003316
0.0204873702 0.0000004212
0.2221745237 0.0000001189
0.0227384272 0.0000001196
0.0754098260 0.0000005207
0.1524939762 0.0000001152
0.0592954364 0.0000002967
0.0364600003 0.0000126403
0.1795150815 0.0000006427
0.1828535430 0.0000000685
0.0413177438 0.0000012452
0.0175089650 0.0000012140
0.0210928909 0.0000009250
0.0266513007 0.0028091469
0.0214684299 0.0000004352
0.0105621603 0.0000029135
0.0251371816 0.0000006849
0.0754098260 0.0000005207
0.0286132573 0.0000005775
0.1828535430 0.0000000685
0.0087202142 0.0000004983
0.1379950290 0.0000029437
0.0804280156 0.0000009620
0.0357233594 0.0000023421
0.2801421144 0.0000000150
0.0149480213 0.0000024007
0.0657311537 0.0000001189
0.0179822242 0.0000109407
0.0118619676 0.0000024007
0.2169165345 0.0000007522
0.2699305768 0.0000000163
0.1566472449 0.0000017690
0.0289756303 0.0000000113
0.0196641211 0.0000002331
0.2171488197 0.0000304634
0.0228500911 0.0000001074
0.0589842552 0.0000001075
0.1374802029 0.0000000708
0.0284483892 0.0000001189
0.1575784008 0.0000017690
0.7616038832 0.0000000886
0.0610863377 0.0000027578
0.2653307326 0.0000000126
0.0262226824 0.0000001195
