0.0489884202 0.0000004899
0.1999403023 0.0000003866
0.0412979196 0.0000007606
0.0440595032 0.0000005750
0.2188014381 0.0000016285
0.0813822012 0.0001404090
0.4322010133 0.0000008876
0.2131235607 0.0000058866
0.0845598141 0.0000382483
0.0879091073 0.0000006354
0.0611064927 0.0000004585
0.0726916701 0.0000044882
0.1891249443 0.0000008947
0.1200084371 0.0000002389
0.2198417242 0.0000008438
0.1797924625 0.0000023198
0.2342421153 0.0000101240
0.1747532383 0.0000010142
0.1451105071 0.0000005325
0.1652187320 0.0000020410
0.0767026200 0.0000077909
0.1216525937 0.0000013467
0.0800727995 0.0000026771
0.0665681760 0.0000056344
0.4763641618 0.0000057149
0.0872495521 0.0000009817
0.5208070786 0.0000007138
0.1274275603 0.0000055849
0.0826354447 0.0000014658
0.1815235120 0.0000001843
0.0786178795 0.0000005672
0.1841859824 0.0000008761
0.1803902195 0.0000044898
0.4200104486 0.0000009760
0.0360905822 0.0000002043
0.1430807733 0.0000005325
0.0687712479 0.0000005891
0.2294121072 0.0000117161
0.1153758057 0.0000005750
0.0764065501 0.0000014848
0.1623152897 0.0000044635
0.1280214502 0.0000004899
0.1394417543 0.0000019584
0.1696139509 0.0000021977
0.0674067270 0.0000047300
0.1763411692 0.0000092648
0.0735805239 0.0000009547
0.3899437699 0.0000003457
0.0865542071 0.0000005891
0.1816344251 0.0000185658
0.2199981344 0.0000009547
0.0290478210 0.0000165736
0.1108034325 0.0000150496
0.2215196676 0.0000164431
0.1715708629 0.0000005672
0.0808524023 0.0000005026
0.0695267511 0.0001222034
0.0578921909 0.0000004429
0.1301827076 0.0000117161
0.1239592324 0.0000013359
0.0805517584 0.0000005458
0.1794052695 0.0000007268
0.2097243735 0.0002019219
0.2265164846 0.0000007057
0.1229622042 0.0001521007
0.1240566780 0.0000008957
0.0379891081 0.0000023002
0.1259118882 0.0000013095
0.0680351747 0.0000001222
0.0231971133 0.0000009050
0.1837353818 0.0000177026
0.0448174909 0.0000009050
0.0822041808 0.0000009699
0.2312249685 0.0000007057
0.4401107091 0.0000047173
0.1262228245 0.0000013095
0.0648316719 0.0000009054
0.0358196887 0.0000004899
0.0512997270 0.0000004552
0.0643577703 0.0000010301
0.0585926599 0.0002221759
0.1607360189 0.0000187702
0.1843607738 0.0000044898
0.0387724352 0.0000002314
0.4554748338 0.0000058013
0.1206288010 0.0000004961
0.1763610650 0.0000001843
0.0585840369 0.0000005618
0.0746275141 0.0000005722
0.5218829176 0.0000056612
0.1233710467 0.0000003398
0.4401107091 0.0000047173
0.0653271675 0.0000058866
0.0577014868 0.0000008453
0.0374091130 0.0000006240
0.0739264585 0.0000012145
0.1108034325 0.0000150496
0.1319975073 0.0000007057
0.2601361406 0.0000058866
0.0805470948 0.0000005458
