0.0489400663 0.0000000250
0.3000706143 0.0000000810
0.0419948249 0.0000006673
0.0399509540 0.0000006459
0.1281987112 0.0000077945
0.1320226994 0.0000077051
0.2214213000 0.0000011252
0.0119440247 0.0000116926
0.0262531036 0.0000131753
0.2283998903 0.0000007858
0.1128717240 0.0000133068
0.1729242728 0.0000003861
0.1732102630 0.0000000810
0.0757178076 0.0000047333
0.0791149107 0.0004015320
0.1593130902 0.0000003678
0.2280210635 0.0000008600
0.5409804506 0.0000004167
0.0314136560 0.0000004549
0.1652826923 0.0000091350
0.1222988607 0.0000104361
0.0210569367 0.0000058950
0.0729494452 0.0000081154
0.0382834249 0.0000007721
0.0806699239 0.0000002169
0.1156963450 0.0000002931
0.0364302609 0.0000001399
0.1229929553 0.0000077419
0.2242972469 0.0000084104
0.0809100434 0.0000003157
0.1489226059 0.0000057424
0.0889724962 0.0000001210
0.0620720026 0.0000000810
0.1194744815 0.0000116860
0.3152107474 0.0000017830
0.5595767930 0.0000153600
0.0850122216 0.0000004547
0.5155619921 0.0000003315
0.0645298060 0.0000077530
0.1532190391 0.0000098592
0.0208591891 0.0000079803
0.1151603933 0.0000133644
0.6250376051 0.0000008740
0.0374792561 0.0000012114
0.3299249795 0.0000023415
0.0676655641 0.0000058950
0.2190317694 0.0000008600
0.0840390846 0.0000004549
0.0715476396 0.0000003825
0.0432495528 0.0000105915
0.6357471714 0.0000081490
0.1359043007 0.0000005361
0.0855749399 0.0000063488
0.1706659251 0.0000003678
0.0329206847 0.0000063488
0.0523869071 0.0000000250
0.1120283402 0.0000003678
0.0779550569 0.0000000656
0.1650108786 0.0000091350
0.1271162632 0.0000116860
0.1088504199 0.0000001223
0.0157161839 0.0000000251
0.0129620977 0.0000002152
0.5228712274 0.0000017848
0.0398320329 0.0000130123
0.0184623573 0.0000002358
0.5616968922 0.0000000216
0.2787725733 0.0000000810
0.1287423941 0.0000064704
0.6250376051 0.0000008740
0.0385003129 0.0000010940
0.1287423941 0.0000064704
0.4320939427 0.0000011927
0.1172785166 0.0000104361
0.0539468136 0.0000000724
0.2378231993 0.0000000251
0.0143834467 0.0000002152
0.1194744815 0.0000116860
0.0185293520 0.0000066279
0.3612101174 0.0000022377
0.1371495828 0.0000006271
0.1435887981 0.0000052567
0.1225851072 0.0000011110
0.1336815548 0.0000000072
0.0611148903 0.0000003678
0.5303613443 0.0000003315
0.0590537619 0.0000133367
0.4611380590 0.0000004680
0.0588843020 0.0000133449
0.0810825643 0.0000105915
0.0833833055 0.0000002147
0.3660101706 0.0000011252
0.5872026107 0.0000001567
0.0644290124 0.0000081154
0.0355280519 0.0000135254
0.2127833352 0.0000011252
0.5521815313 0.0000008740
0.3660101706 0.0000011252
0.5317958952 0.0000013316
0.0259103498 0.0000000810
