0.8002270242 0.0000015703
0.0490025656 0.0000017886
0.0777011269 0.0000100858
0.1244478575 0.0000091038
0.4545934823 0.0000023016
0.0664335066 0.0000093136
0.1260047257 0.0000022632
0.1350818419 0.0000100858
0.1174278846 0.0000017054
0.1610311480 0.0000073119
0.1246528604 0.0000016621
0.1267460265 0.0000023426
0.4523406035 0.0000064932
0.2163873997 0.0000081923
0.1284712684 0.0000029794
0.2610787756 0.0000027237
0.0342768966 0.0000079368
0.2328103741 0.0000016603
0.0884315702 0.0000064581
0.0522468505 0.0000016946
0.0592692528 0.0000057652
0.1264492494 0.0000056087
0.3874481155 0.0000005432
0.1640971035 0.0000022517
0.1653111392 0.0000141869
0.0150186727 0.0000030134
0.0850381173 0.0000152078
0.0933319254 0.0000017398
0.0402321693 0.0000091397
0.1706984225 0.0000049129
0.1678321879 0.0000146917
0.0810071883 0.0000064223
0.0788181980 0.0000057028
0.0892883359 0.0000083509
0.0432878296 0.0000132381
0.8440388924 0.0000022954
0.0599713826 0.0000150748
0.0797677957 0.0000027892
0.2179457136 0.0000056844
0.1706984225 0.0000049129
0.0730656227 0.0000058445
0.1616293739 0.0000146917
0.1640971035 0.0000022517
0.4309579736 0.0000011810
0.0826157146 0.0000153873
0.1859287299 0.0000000994
0.1185466373 0.0000093245
0.1587773621 0.0000151917
0.0842969561 0.0000152212
0.0412683811 0.0000024385
0.0612544530 0.0000053254
0.0620547585 0.0000022954
0.0399860462 0.0000045724
0.2246593490 0.0000010297
0.1481684362 0.0000059890
0.2773135588 0.0000059922
0.1202972549 0.0000094448
0.0805671607 0.0000050408
0.0606326123 0.0000057356
0.0561318846 0.0000024731
0.0725035541 0.0000017447
0.1469962529 0.0000091397
0.0802851358 0.0000137107
0.0880893700 0.0000092580
0.1315535954 0.0000084533
0.1182411430 0.0000093245
0.0643157073 0.0000015845
0.0798857214 0.0000030585
0.0624140136 0.0000036074
0.0818550802 0.0000027892
0.0789664449 0.0000141463
0.0835629079 0.0000016792
0.0171640464 0.0000089097
0.2244470919 0.0000074777
0.1837341952 0.0000010000
0.0785323587 0.0000057028
0.1232671656 0.0000014415
0.4785968902 0.0000010297
0.0171640464 0.0000089097
0.1198237621 0.0000010297
0.0112673155 0.0000013054
0.0174231923 0.0000031530
0.0822986406 0.0000035738
0.1178200942 0.0000016021
0.1357736176 0.0000016538
0.0723435294 0.0000048797
0.0612544530 0.0000053254
0.0587536633 0.0000013456
0.1837341952 0.0000010000
0.0554026564 0.0000022950
0.0778921912 0.0000022954
0.0651697584 0.0000064223
0.1654979793 0.0000030270
0.7463749280 0.0000172500
0.1892554659 0.0000092580
0.3856544122 0.0000008864
0.0652126613 0.0000022475
0.0707411525 0.0000089097
0.1861782637 0.0000006018
0.0443541093 0.0000017886
