0.9979967440 0.0000073223 0.4993679284 0.4946757177 0.5037451192 0.5119444147 0.5002871543 0.4900946372 0.5047308628 0.5301958423 0.4870258383 0.4885835556
0.9979588916 0.9998455137 0.5085079480 0.4957312038 0.4948410570 0.5026715551 0.5072829838 0.4935200101 0.5299724175 0.5206197243 0.5060658627 0.4897611556
0.0000578666 0.5797901742 0.4947317504 0.5021936750 0.4992172893 0.5104986618 0.4999467712 0.4939017177 0.5020255413 0.4939731471 0.5097984757 0.4953698861
0.0485233834 0.6187259333 0.4860152398 0.5015780130 0.5076901497 0.4980679069 0.5087374802 0.5155636442 0.5283641101 0.4995340454 0.4915958782 0.5103517895
0.9496044835 0.7440096907 0.5024169101 0.5017313667 0.4934981471 0.5015854866 0.4809599393 0.4885467590 0.4924726136 0.4873746710 0.4765594557 0.5008291595
0.5945646792 0.5265364468 0.5108490402 0.4766941014 0.4993047707 0.5045716669 0.5678162633 0.5192894811 0.5017074530 0.5709841597 0.4715658985 0.4905187605
0.6053920046 0.7241051017 0.4985757530 0.4802044965 0.4933127600 0.5329925567 0.4997035876 0.4750202744 0.5027802882 0.5236629322 0.4916271425 0.5174719090
0.3390918438 0.3597283870 0.4897915136 0.4954318644 0.4925739121 0.5110064073 0.5008605986 0.4973807294 0.5193240337 0.4714026194 0.4721862140 0.4967796594
0.7979355447 0.7790360606 0.4686905473 0.4986734975 0.4922458512 0.5081597403 0.4814262397 0.4783464540 0.5091062887 0.5188818362 0.4905029516 0.4911041705
0.7237574088 0.8878249922 0.4261744579 0.4805347922 0.5196275643 0.4719092305 0.5118121233 0.4888111965 0.4914414467 0.4919939167 0.5092630204 0.4972705735
0.3757183674 0.8307797191 0.4460123007 0.5014618929 0.5089258875 0.5088375788 0.4801914476 0.5172138831 0.5149980181 0.5068089291 0.4834103075 0.4913724212
0.4877862355 0.1893699714 0.4819510148 0.4982117441 0.5050603125 0.5309274314 0.4947363091 0.4896426263 0.5080693215 0.5080020285 0.4875856104 0.4939983635
0.0227745128 0.0998349360 0.4950344425 0.5001916404 0.5080692706 0.5031157103 0.4789909817 0.5204930700 0.5377593192 0.5063046158 0.4953104667 0.4987893195
0.4693334536 0.9194622350 0.4936524809 0.4986691101 0.5045670370 0.5064137415 0.4784471750 0.5060613919 0.5675477586 0.4948006806 0.4928620145 0.4904010155
0.1292651458 0.8453191534 0.4390226612 0.5032183341 0.4923918958 0.5091027445 0.4756905389 0.4823917929 0.5158451899 0.5080556694 0.4855424932 0.4916465096
0.0681504684 0.3913570801 0.5101382003 0.4922749723 0.4936033152 0.5145308537 0.5049773106 0.5312369813 0.3664792758 0.5086383864 0.4929870739 0.5103505125
0.6266489093 0.1531827998 0.5020166408 0.4943082641 0.5074931556 0.5086102327 0.5012807306 0.4878345825 0.4835377780 0.5335643986 0.5042460012 0.4890286411
0.1499180629 0.3869175212 0.4387265724 0.5017780724 0.4935279083 0.5060691065 0.4787110280 0.5293287319 0.5492750653 0.4842268798 0.4778800764 0.4970500228
0.9247898331 0.9409372911 0.4470384304 0.4946140301 0.5039747704 0.4822995145 0.4999517161 0.5559852075 0.5037717969 0.5293474210 0.4866648472 0.4900382725
0.0932223487 0.5966778432 0.4399552688 0.4827454512 0.5176870031 0.5060863614 0.4760211652 0.4877915585 0.5043577780 0.5081772781 0.4855424932 0.5102218284
0.2311021806 0.5265364468 0.5000362529 0.4826381300 0.4900351797 0.5115799797 0.4985579621 0.4886984776 0.4902466046 0.5133468243 0.4949642727 0.5009306973
0.4391871995 0.1921475618 0.4819510148 0.4982117441 0.5203598098 0.5125826531 0.4947363091 0.4885876874 0.4888567389 0.5292511180 0.4875856104 0.4939983635
0.4292444554 0.0234203981 0.4252817203 0.4928993836 0.5205752751 0.5119504488 0.4776335263 0.4886236577 0.4884794916 0.5275228901 0.4884684415 0.5022708535
0.3338712886 0.3298606565 0.5015660144 0.4822599406 0.5034700016 0.5085913143 0.5138546457 0.5139257207 0.5046438748 0.5070025340 0.4747272474 0.5127688014
0.4169040321 0.5502840430 0.5026875936 0.4975433667 0.4942700158 0.5112905746 0.4491676368 0.5092943274 0.4486078214 0.4974137956 0.4744223672 0.4967600780
0.0787679438 0.7566697173 0.4280905064 0.4970444487 0.5204527097 0.5041776548 0.4844703343 0.5176758241 0.5224481497 0.5105511606 0.4819338264 0.5015751573
0.2253914261 0.6075199263 0.4633949902 0.4932293684 0.4956370767 0.5617192343 0.4713429769 0.4906572547 0.4941630588 0.5003920965 0.5350474749 0.4886228448
0.6865673311 0.5701317430 0.4997138060 0.4954388606 0.4927891555 0.4829254805 0.5079987292 0.5248698290 0.4971171632 0.5056483289 0.4914464726 0.5047737155
0.1691054531 0.8970131276 0.4555324420 0.4803149621 0.5059688617 0.4834701437 0.5127404106 0.5385615765 0.4132274865 0.4862931760 0.4868610376 0.5107540049
0.4581749534 0.4616346857 0.4212454811 0.4912664349 0.5024235232 0.5012278126 0.4484047472 0.5057238266 0.4970892123 0.5070410756 0.4951092965 0.4965950629
0.2541282638 0.3738774867 0.4540313659 0.5020819892 0.4900430206 0.5112451976 0.5078296462 0.4902023016 0.4874933757 0.5078933580 0.4876775543 0.5004631900
0.6665351969 0.9409372911 0.4363955530 0.4946757177 0.5044210142 0.4995890197 0.5002871543 0.4731382647 0.3542172053 0.5293474210 0.4796090689 0.4895369614
0.4058965728 0.5652873049 0.5079831422 0.4984546835 0.4953042435 0.5119562603 0.5164448656 0.4885467590 0.4979795399 0.4988004718 0.4953121012 0.5009604833
0.2741755815 0.0843157450 0.4525486833 0.4968980811 0.5091415657 0.5031157103 0.4791430315 0.5214457023 0.5377593192 0.5063046158 0.4953199118 0.4987893195
0.4877862355 0.1543971206 0.4995004925 0.4982117441 0.5050603125 0.5309274314 0.4943702806 0.4896426263 0.5085436578 0.5054788414 0.4912009774 0.5045064361
0.0327600601 0.6817168297 0.4950344425 0.5001071826 0.5080692706 0.5068526429 0.4789909817 0.5204930700 0.5377593192 0.5063046158 0.4953104667 0.4987893195
0.8689960427 0.1246791135 0.4961104950 0.4774647379 0.5101708666 0.5057394653 0.4790370859 0.4879815925 0.5047343720 0.5066726420 0.4939105543 0.4913994374
0.1079437057 0.1615718066 0.5070461985 0.5021023563 0.4992172893 0.5090062635 0.4813364708 0.5114484581 0.4941195564 0.4943599632 0.5149855094 0.4954899577
0.1787564312 0.2098543818 0.4656403874 0.4905493917 0.5061112487 0.4838627822 0.5114304319 0.5176434478 0.4293923668 0.4855355431 0.5064140022 0.4895227585
0.3504711164 0.0136902836 0.5064331285 0.5012860478 0.5037451192 0.5119444147 0.5002871543 0.4900946372 0.5047308628 0.5301958423 0.4870258383 0.4885835556
0.5627877792 0.5834161184 0.4631043312 0.4899463214 0.4945532837 0.5042368848 0.5077114432 0.5159554499 0.4446159389 0.5050546278 0.4879853679 0.4958325129
0.0596192009 0.1596196932 0.4881185384 0.5000788807 0.5181799566 0.5012923095 0.4723377099 0.5055124859 0.5050376236 0.5086963695 0.4878801456 0.4971194649
0.3914765729 0.1549650769 0.5079831422 0.4989342611 0.4961693278 0.4991513427 0.5163394145 0.4911012795 0.4979795399 0.4988004718 0.4858705436 0.4972458050
0.4751137199 0.7130657602 0.4635686064 0.4909935924 0.4949133150 0.5047851223 0.5021179277 0.5093831935 0.4746671131 0.4974137956 0.4889750046 0.4902471083
0.2773299702 0.7605136379 0.4524608051 0.4849867030 0.5091207863 0.5042206251 0.4791402940 0.5215119269 0.4293923668 0.4909002175 0.4868610376 0.4898376564
0.8105547227 0.3107950043 0.4592176454 0.4986734975 0.4897936416 0.5104079911 0.4934277370 0.4834108606 0.5056273945 0.4852413579 0.4753327698 0.4906395283
0.8389886340 0.3869175212 0.4383018889 0.4976362822 0.4909127921 0.5125058045 0.4756372891 0.5303686269 0.5049136369 0.4852833523 0.4780945489 0.4968348734
0.3401074332 0.0451384800 0.4973758926 0.4817220361 0.5073692255 0.5075043051 0.4531203371 0.5064126831 0.4822277810 0.4873014284 0.4865717688 0.4907168261
0.3914765729 0.2072550195 0.5079831422 0.4989342611 0.4953042435 0.5119562603 0.5163394145 0.5053908750 0.4979795399 0.4988004718 0.4858705436 0.4972458050
0.2570281661 0.6893169690 0.4655627036 0.4785925438 0.4900351797 0.5044885211 0.5143594100 0.4898680300 0.4897162648 0.5133468243 0.5086598446 0.5012403810
0.6602456265 0.1596196932 0.4880830027 0.4960182502 0.5189212313 0.5012923095 0.5080471595 0.4904363854 0.5050376236 0.5323462524 0.5076129229 0.4892428790
0.0278680728 0.4307299891 0.4985094970 0.5051073827 0.4902690336 0.5040911132 0.4954619451 0.5074499342 0.5072071420 0.5067198989 0.4938201024 0.4907741192
0.5395891850 0.8825603409 0.4999657274 0.4825733284 0.4708383613 0.5008530544 0.5168796923 0.4858664851 0.5045630252 0.5082697431 0.5065169355 0.4998708769
0.1948972066 0.5598594102 0.5072367537 0.4906648458 0.4992172893 0.5090062635 0.4541374149 0.4939017177 0.4941195564 0.4939798719 0.5111413980 0.4954899577
0.3435392270 0.3170583755 0.4984943775 0.4841940740 0.5072657749 0.5085913143 0.5142683068 0.5125897886 0.5208188500 0.4575194713 0.4728622216 0.4920244884
0.5477388626 0.5328673253 0.4635179440 0.5004422218 0.4935132648 0.5351027264 0.5007263085 0.5202444054 0.4813253250 0.5223478777 0.5117131099 0.4908834599
0.3079453797 0.3298606565 0.5002398052 0.4835679193 0.5058543729 0.5085913143 0.4968474664 0.5127561684 0.5051842988 0.4575194713 0.4959291981 0.5127688014
0.0356217072 0.8717284540 0.4762133557 0.5045747592 0.4902690336 0.4999969797 0.4954619451 0.5074499342 0.5074673402 0.5153307863 0.4938201024 0.4907741192
0.2425751060 0.4162380190 0.4812036611 0.5152710343 0.4957901510 0.5002412660 0.4808109807 0.4435036327 0.5097168509 0.5110687049 0.5215296650 0.4890869149
0.5101594801 0.5684044753 0.4970473696 0.5031867162 0.4913726155 0.5047396740 0.5012871770 0.4881163020 0.5012633927 0.4943373674 0.4863101508 0.4897847077
0.0330291325 0.7241051017 0.4984524951 0.5021589722 0.4933127600 0.5329925567 0.4997035876 0.4885891430 0.5027802882 0.5225090688 0.4916271425 0.5174719090
0.7750016360 0.8878249922 0.4649690242 0.5015083736 0.4904972238 0.4990568152 0.5118121233 0.4888111965 0.4914414467 0.4919939167 0.5092630204 0.4972705735
0.6602792662 0.1246791135 0.4962545144 0.4777105538 0.5127512149 0.5040261646 0.4988167593 0.5114677981 0.5195609943 0.5066726420 0.4939842382 0.4956460058
0.2788569839 0.5001001146 0.4485004614 0.4725391747 0.4934100175 0.5106754558 0.5017372481 0.5345540775 0.4991752639 0.4940192995 0.4762580693 0.4897102055
0.2857529578 0.5032358955 0.5620886770 0.4928993836 0.4929422041 0.5089086434 0.4916184878 0.4861698083 0.5058820465 0.4940263446 0.4760057843 0.4954220225
0.0051094069 0.5376655625 0.4664127861 0.3497416807 0.4866294919 0.5038206689 0.4751437117 0.4854574446 0.4435782496 0.4972655168 0.4842257218 0.4906407326
0.0430581188 0.8825603409 0.4782196799 0.4814052135 0.5046840747 0.5046180694 0.5087951771 0.4858664851 0.5051270626 0.5082697431 0.4721544459 0.4999277047
0.4952402497 0.7400438285 0.4461243697 0.4874059965 0.4913726155 0.5047396740 0.5012871770 0.4881272191 0.5012502203 0.4970157536 0.4870102869 0.4896567704
0.2006937710 0.2490323000 0.4926855104 0.5001835467 0.4991935830 0.5704603308 0.4676443838 0.5204930700 0.5512289361 0.5060951370 0.5107437109 0.4967368211
0.8438688754 0.5676031953 0.4701879535 0.5006284192 0.4989069541 0.5055500591 0.4811764952 0.4919319677 0.4992935804 0.5063046158 0.4877549886 0.4917023872
0.0113166032 0.2490323000 0.4927405796 0.5001835467 0.4991935830 0.5042823331 0.5009561685 0.5204930700 0.5512289361 0.5064082590 0.5107437109 0.4966237925
0.5792782844 0.3493280180 0.4927964285 0.4973498317 0.4730571703 0.5083466873 0.4772336782 0.4952580844 0.5193240337 0.5059857740 0.5073182263 0.5027809051
0.5739573978 0.3493280180 0.4899231878 0.4973498317 0.4936948662 0.5110064073 0.4994185139 0.4952580844 0.5193240337 0.5059857740 0.5091381361 0.5027809051
0.5252715851 0.7400438285 0.4628746885 0.4913720386 0.4913726155 0.5047396740 0.5012871770 0.4881272191 0.5012633927 0.4973665117 0.4870102869 0.4894702753
0.4794657541 0.5741281235 0.4997138060 0.4929887891 0.4927891555 0.4754422516 0.4936250018 0.5402113943 0.5202280443 0.5056400888 0.4914464726 0.5053270450
0.0452683370 0.1531827998 0.4964386884 0.4943082641 0.5069936744 0.5086102327 0.4655712810 0.5029106830 0.4833642502 0.4339066945 0.4845132239 0.4928672874
0.5172679045 0.7130657602 0.4524410137 0.4909935924 0.4949133150 0.5002254966 0.5021179277 0.5093831935 0.4746766626 0.4974137956 0.4866096723 0.4902474175
0.6602792662 0.1246791135 0.4962545144 0.4777105538 0.5127512149 0.5040261646 0.4988167593 0.5114677981 0.5195609943 0.5066726420 0.4939842382 0.4956460058
0.2570281661 0.5265364468 0.5013624620 0.4785925438 0.4900351797 0.5115799797 0.5143594100 0.4898680300 0.4897162648 0.5133468243 0.4718972962 0.5009306973
0.4999373154 0.0190815288 0.4994100479 0.4777105538 0.5127512149 0.5040261646 0.4989589882 0.5114677981 0.5195609943 0.5066726420 0.4875361914 0.4956366189
0.7979355447 0.7133662811 0.4665988064 0.4975871736 0.4922458512 0.5093221541 0.4814262397 0.4784441626 0.5091062887 0.5188818362 0.4905029516 0.4911041705
0.2773299702 0.7770971260 0.4524608051 0.4972467321 0.5088211230 0.5042206251 0.4790511866 0.5212689633 0.4293923668 0.4909002175 0.4846300507 0.4898376564
0.0098721841 0.5429427251 0.4947317504 0.5020111158 0.4960101000 0.5062478743 0.5079682340 0.5186579638 0.5430863976 0.5063046158 0.4854683290 0.4969699103
0.2178784720 0.0488781928 0.4633949902 0.4933138262 0.4956370767 0.5579823016 0.4713429769 0.4906572547 0.4941630588 0.5003920965 0.5350474749 0.4886228448
0.1728613134 0.2732460116 0.4635883978 0.4849867030 0.5073802637 0.5051548095 0.4789515253 0.4996466539 0.4913613258 0.5021111320 0.4892263700 0.4900093827
0.1217893357 0.2209243572 0.4484475223 0.4864385836 0.4956182375 0.5085459894 0.4753075573 0.4908571942 0.5045514853 0.5081640140 0.4864583061 0.4939117041
0.2146205699 0.1870175567 0.4524608051 0.4805021474 0.5008048842 0.5005951838 0.4789515253 0.5016560726 0.4914346867 0.5021111320 0.4868610376 0.4973105343
0.4917809965 0.0190815288 0.4916389408 0.4777105538 0.4731862071 0.5081480509 0.4732617574 0.5114677981 0.5050728891 0.5066726420 0.4875792041 0.4956366189
0.4780421118 0.5609022052 0.4632516464 0.4917220192 0.4945283784 0.5044063559 0.4524168074 0.5086859508 0.4486078214 0.4937452858 0.5111849157 0.5021904865
0.1499180629 0.8435415272 0.4851650917 0.5017780724 0.4900059221 0.5014411244 0.4787110280 0.5293287319 0.5492750653 0.4842268798 0.4778800764 0.4914400314
0.8105547227 0.7790360606 0.4577318416 0.4986734975 0.4922458512 0.5075907191 0.4784448260 0.4782441357 0.5675477586 0.5053732780 0.4905029516 0.4904010155
0.1346281928 0.2764087969 0.4232266374 0.4987048914 0.4953185741 0.5085459894 0.4778440987 0.4908177921 0.5045514853 0.5081640140 0.4842181724 0.4939117041
0.2909983883 0.9600988631 0.4933126276 0.4957312038 0.4944952894 0.5025602256 0.5072829838 0.4973383628 0.5283294223 0.5206197243 0.5060658627 0.4898151695
0.5916101744 0.5834161184 0.4628240261 0.5005619929 0.4993126117 0.5042368848 0.5078296462 0.5184092992 0.4994845640 0.5063046158 0.5090093724 0.4909390749
0.3053985845 0.2615504059 0.5005701120 0.4814855187 0.5105795076 0.5042632446 0.5019088097 0.5172462810 0.5196151678 0.5075015917 0.4745823303 0.5131188893
0.4169040321 0.7130657602 0.4668878351 0.4975433667 0.4942700158 0.5041991159 0.4491676368 0.5092943274 0.4486078214 0.4974137956 0.5111849157 0.4970697617
0.1217893357 0.2374860815 0.4931701017 0.4946601900 0.4947053141 0.5085459894 0.4752184500 0.4906142307 0.5045514853 0.5076533032 0.4842273192 0.4940555314
0.1871601227 0.1625855431 0.5129991261 0.5152710343 0.5128501355 0.5002412660 0.4808109807 0.5134616662 0.5097168509 0.4872270612 0.5215296650 0.4892413306
0.0851574083 0.5285358719 0.4994569751 0.5015733154 0.4953042435 0.5119562603 0.5164448656 0.4885467590 0.5848403042 0.4988004718 0.4974338486 0.5009604833
0.2037745081 0.5305843472 0.4993526582 0.4946757177 0.5037451192 0.5119444147 0.5002871543 0.4900946372 0.5191257758 0.4919365438 0.4870466105 0.4969863132
