34.4584954352 0.0745378163 0.2343153168 0.0092697472 0.1641976935 0.3243704217 0.1608950694 1.0243871928 0.1228790171 0.0034949867 0.0931205240 0.0635618889
0.0497738055 44.1303329925 0.1208728151 0.1136175010 0.0015387808 0.5685891370 0.3072460138 1.0194878862 0.0499438506 0.6152925019 0.1662852470 0.2144189835
87.5118194646 94.8405407094 0.1799710890 0.1191102114 0.1451170821 0.0316554167 0.8761125975 0.3886324079 0.0508705372 0.2352627625 0.0663049354 0.2052410991
52.2037000267 89.5129655996 0.0744721448 0.1075370679 0.1467989212 0.3215946221 0.1488063562 0.9875988583 0.1285247248 0.4457949496 0.3873211098 0.4141298349
88.8277737748 46.7946326026 0.4197399449 0.1178279672 0.1475744005 0.5846600033 0.9885819315 0.7584703156 0.8945824422 0.0268515099 0.3776946269 0.2178528051
32.8736459346 72.8463119712 0.0652092300 0.1101847824 0.1327204089 0.3305765617 0.7354673787 0.8658767329 0.3346549348 0.4450917353 1.6934332615 0.4104078672
50.7908915100 8.1533147424 0.0905864188 0.0730824124 0.1666299149 0.4280540181 0.1458825101 1.0195090848 0.1196657306 0.3205850717 0.6824961669 0.4040032981
15.3424848913 81.5516743408 0.1902414330 0.2858006758 0.2787380425 0.0946382815 0.0803672325 1.0154691401 0.0331519942 0.7632028817 0.4124366617 0.3485503909
65.4863356286 94.8405407094 0.1343829014 0.6175168401 0.1451684434 0.0316554167 0.0751826286 0.3004717831 0.3210127016 0.1116955197 0.0714410907 0.2094843621
56.2019093952 82.2003196525 0.5063642860 0.0995318324 0.5149404502 0.3340972313 0.4579657530 0.8720289882 0.3853548378 0.9154506135 0.1290622657 0.1248436631
73.4141552391 61.5708769644 0.2696533411 0.2274195847 0.1421941037 0.3094686959 0.5982540462 0.4215373354 0.2907005461 0.3905253784 0.2000933349 0.4309410537
46.8531365161 32.0118742316 0.0313606070 0.1653739740 0.0677245957 0.0016195218 0.7064859573 1.0509647128 0.1909646368 0.2658678914 0.1692457882 0.1674856385
72.1272853968 40.1989002517 0.2068441941 0.7154282180 0.1564973000 0.5404497872 0.0329717091 1.0994650105 0.3235275807 1.4928750658 0.6945254829 0.4222213740
9.4695105241 5.1208237854 0.0508184263 0.0691179838 0.2916911746 0.1491550058 0.4735113562 1.0043271934 0.6179060463 0.2377687431 0.3555881011 0.1296309092
48.1595298005 86.2229475127 0.4047871206 0.0787927455 0.1545370565 0.0336509122 0.1124168471 1.0162763051 0.3033197203 0.6429388353 0.1639140051 0.4183631053
20.8882200368 83.5710043797 0.1953094916 0.0868653910 0.1476842332 0.3173626105 0.0742150887 0.1866013710 0.5530893978 0.4992106294 0.1874594863 1.7172190043
86.1842437091 94.8405407094 0.2467797125 0.1218435301 0.2748889764 0.3034933012 0.5379871361 1.1677078007 0.6310023088 0.4695235283 0.3796036865 0.0264417616
44.2759017145 7.5111473817 0.5063642860 0.0995318324 0.2794872348 0.0703179589 0.4579657530 0.8720289882 0.4489743580 0.9154506135 0.1290622657 0.1248436631
19.6306629606 69.4318646761 0.0599280174 0.0856977107 0.1473983937 0.3288805339 0.4796062468 0.8536670803 0.1069812026 1.8500950904 0.1531825210 0.2063179949
68.9359061782 70.2099413017 0.2162095670 0.9688452171 0.2384206811 0.3571957749 0.8546063001 0.9911353165 0.1830216687 0.5090186259 0.0955101021 0.2118352332
11.5355260194 16.7328104837 0.3477212640 0.0305624874 0.2104974374 0.0778570550 0.0421136709 1.0409806454 0.6184033164 0.9184749974 0.4112135146 0.2681214708
5.0898973963 11.4743987807 0.3581696458 1.7603746575 0.0051625858 0.5544605935 0.3568309462 1.0161898722 0.1551675826 0.6575749734 0.3200193521 1.8068941604
25.4850379000 50.0920229928 0.0860335997 0.3927591753 0.0752190272 0.1118791825 0.3914522662 1.0051048023 0.0763495388 2.1383659514 0.2603029701 0.0859583617
64.8194309604 55.5970703148 0.2395292955 0.0832379561 0.0423688523 0.0785093809 0.3863640306 1.0171840858 0.1637689594 0.0194683615 1.4016144257 0.4993973260
60.8199386914 30.0308639010 0.4753950006 0.6203320228 0.1436247127 0.0371812331 0.8151891798 0.3004717831 0.0508705372 0.2437605690 0.0714410907 0.3288001073
52.8170490746 66.8153817514 0.4715639414 0.1950278814 0.1173376812 0.0628658655 0.3128140325 1.0773907708 0.4197347662 0.2314399533 0.3926473855 0.1185603886
69.4153580261 70.2099413017 0.1513028950 0.9603699734 1.2834132885 0.3571957749 0.8187341313 0.9893438979 0.0328952916 0.4938875684 0.0955101021 0.2118352332
80.1522124085 58.1410728181 0.2057521923 0.3426770790 0.1439638535 0.0348328752 0.1831994227 1.2650575092 0.3087674782 0.6526649437 0.5939328375 2.0699867457
0.4870520765 18.3626902541 0.2686316573 0.0285379495 0.1343444113 0.3805403583 0.3760719915 1.0091337487 0.5846710469 0.8557590910 0.4107323205 0.2592960750
32.8736459346 11.3383636399 0.0652092300 0.1101847824 0.1327204089 0.3305765617 0.4197125327 1.0093924788 0.6271309351 0.4256017890 1.8836123666 0.4104078672
74.1014391430 33.5014845010 0.3110546108 0.0872065137 0.1260118202 0.0518178620 0.6200287803 1.0357641056 0.3073228356 0.6760338657 0.3679746830 0.1208557629
6.7327591821 64.0961980577 0.2651375198 0.1063203496 0.1593784273 0.2737474980 2.3245950423 0.8597684922 0.0013326731 1.4512119252 0.3744436476 0.4999795178
8.6210719699 12.1198823693 0.1315400262 0.1599418610 0.0352803493 0.2358219304 0.1708277458 1.0930002123 0.1047848051 1.4928750658 0.2355313765 0.0974528565
12.8603786931 34.7586718943 0.0124939241 0.1649969112 0.0677245957 0.0352005035 0.1104945150 1.0418376919 0.5249569653 0.4842269991 0.3538645968 0.0275234488
73.4141552391 54.9116173871 0.0121063437 0.0123034344 0.1438760943 0.3147867364 0.5637095808 1.0239093593 0.5098091652 0.5438520086 0.3870912525 0.2251673180
35.4548735187 23.5698437471 0.4348849760 0.1396333010 0.2264006260 0.1517715209 0.2959663092 0.8260635911 0.4601008487 0.2025515091 0.0887620810 0.5425392417
16.2802071295 61.5708769644 0.1902729073 0.2375889603 0.1421941037 0.3079616278 0.6531584078 0.3975101369 0.2807077415 0.3905253784 0.2000933349 0.4309410537
2.3046319049 77.5236727670 0.0041679492 0.0600684334 0.2678232664 0.1197810192 0.4783242947 1.0028644671 0.6665813654 0.4560386049 0.1117517602 0.0796971591
83.5412988106 38.9138998932 1.1113030635 1.4900510536 0.0677245957 0.0350602999 0.3220394977 1.0370604782 0.1936192099 0.2289484957 0.3538645968 0.1009665288
78.9031899405 3.9487276740 0.2260972536 0.7409213635 0.1147308683 0.0543773456 0.8533146800 1.0023459098 0.8064401358 0.1069972800 0.6595507853 0.1030315977
30.7663961705 1.5466326905 0.0599280174 0.1310526268 0.1324832194 0.3146443711 0.4910916693 1.0584990413 0.1614791758 1.6243801239 0.1570913159 0.2063179949
42.2764259992 37.6285765649 0.1823418546 0.1252344556 0.1462389952 0.0410574534 0.0469588800 0.3076416790 0.0813985398 0.8587186576 0.3858036756 0.2602360864
77.5053398163 76.8604691824 0.3678701459 1.5809504391 0.1438760943 0.0908833344 0.5884911954 0.4421624945 0.1918611514 0.3115454215 0.1264857118 0.0453907388
39.3160576163 0.0931650482 0.2517203227 0.0316860249 0.1725958853 0.3322207986 0.1980538338 0.9751265947 0.0194267028 0.9094800486 0.1459454907 0.2096822463
22.9152541514 41.4828819236 0.3180941141 0.0271585333 0.0520057533 0.5359122274 0.1162593626 0.4137017887 0.1598322628 0.4927388367 0.1901610934 0.3454945010
59.4758815509 46.6973469759 0.1253884343 0.0995318324 0.1056937169 0.5356911631 0.4579657530 1.0328720675 0.4172825604 0.9154506135 0.1290622657 0.1248436631
22.1499106446 19.5954119325 0.1894126414 0.1537983028 0.1446262080 0.3443230130 0.5599849132 1.0027814968 0.2307616357 0.0439634937 0.4557200166 0.4896732522
18.2496527385 79.5531729389 0.0599280174 0.1149677539 0.1459869133 0.3288805339 0.0469409335 0.8536670803 0.6212198281 1.8500950904 0.4878237285 0.3845335105
1.4370876775 52.0905979014 0.0451977011 1.6412601039 0.1438760943 0.3370642126 0.5884911954 0.3510538394 0.1916220627 0.5303787511 0.2030817877 0.4321491676
73.5289648517 78.8149538154 0.0900564626 0.7162333249 0.1874941807 0.3932190884 0.0423351586 1.0185543929 0.4563673139 0.3968367476 0.6756770816 0.7267733517
12.0873307162 14.9663347678 0.3463877066 0.2536759836 0.2108435570 0.4691469847 0.1128314417 1.0058277438 0.5469011627 0.4872376185 0.4101231297 0.1983689472
20.1043587371 20.7783511285 0.2036831831 0.7121704582 0.0046941309 0.5125961924 0.3868566295 1.0437902546 0.1518757614 0.7651058749 0.6881215373 0.3117800272
86.8720054691 92.8480950931 1.1620545842 0.6115462878 0.1453925424 0.0892697765 0.1933933002 1.3154139277 0.1533965279 0.1867437072 0.5152214029 0.4129432700
49.5487236398 66.1380664195 0.2143260460 0.2375185788 0.1545950475 0.0336509122 0.1572442699 1.0199426252 0.3033197203 0.6356671114 0.1647059573 0.4212536575
54.2228129479 66.1380664195 0.3919211647 0.2365008796 0.0567792413 0.0232720330 2.0992592060 1.0084423383 0.1558789881 0.6356671114 0.1647059573 0.4212536575
83.5406701646 87.5293381150 0.3905989970 0.3845135830 1.3848303045 0.0858676554 0.1480116854 1.1597799302 0.6054045523 0.1301689919 0.7393210848 0.0307206033
28.7784731296 2.4769283360 0.2064202947 0.4030629794 0.1367239464 0.1039930991 0.1352307904 1.3044299865 0.0145090449 0.4121915153 0.1466409549 0.4327109418
84.2015653161 87.5293381150 0.3950421311 0.3827054717 1.3848303045 0.1046538700 0.1480116854 0.9744080922 0.2866754556 0.1301689919 0.7393210848 0.0307206033
75.5480460068 92.7969338812 1.0613645515 0.2482457673 0.1539738355 0.1233628875 0.1325190350 0.8465442248 0.1519159212 0.3723014355 0.3713740347 2.1959615856
63.4626567617 94.8405407094 0.3770878623 0.6175168401 0.1451684434 0.3904091148 0.8761125975 1.0398813264 0.0394887743 0.2437605690 0.0714410907 0.2424042639
82.7593589029 3.1249963963 0.2036831831 0.6897973351 0.1575868304 0.5125961924 0.7226957089 1.2276329461 0.0095479354 0.0438351088 0.6881215373 0.1968916036
75.5316620713 74.8184324628 0.3833371045 0.1481404509 0.1452943574 0.1656167111 0.5618318781 1.0266467686 0.2830620851 0.3845511487 0.1786933995 0.2489116715
86.8825305468 74.2456107805 0.6691710637 0.1496676113 0.2795205573 0.1481464036 0.5394598687 1.3018915180 0.1478414385 0.2475383687 0.4888657960 0.4993973260
42.1724208239 33.4168781754 0.4910990539 2.2894000138 0.2457785291 0.0363646512 0.3273304291 1.0046598043 0.0813985398 2.1383659514 0.3822113519 0.1926322806
60.8356252080 28.3458790526 0.2343234291 0.3960504116 1.3356619241 0.0949836832 0.0405444696 0.9990614768 0.0409524382 0.4377767059 0.1949826434 0.1887429441
62.1249154795 1.8028557952 0.4442831920 0.1026844944 0.1326697471 0.0407908836 0.0834870078 1.0609347859 0.8585131470 0.1283203485 1.4537722298 0.4967866550
7.4894519262 59.4654496773 0.1504346933 0.0621135351 0.1472846841 0.2510092614 0.2864847011 0.7969392028 0.1274636947 1.5370318242 0.3237542079 0.3372692886
47.5058958881 13.9869923908 0.1520630708 0.0653921978 0.1746494565 0.0780639312 1.6565319770 1.0802029299 0.1525030924 0.4634779344 0.4136410288 0.4461803285
84.1335667075 41.4828819236 0.2058918927 0.5114209899 0.0786429690 0.5359122274 0.3920071071 1.0326315532 0.1598322628 0.5702265293 0.2604958817 0.4261650412
10.1811094425 13.9869923908 0.1520630708 0.0250255135 0.1596526571 0.0780639312 1.6145480511 1.0802029299 0.1525030924 0.4634779344 0.4128221110 0.4461803285
22.8207965194 59.4654496773 0.1504346933 0.0621135351 0.1472846841 0.2510092614 0.2864847011 0.7969392028 0.1274636947 1.5370318242 0.3237542079 0.4891687685
75.5480460068 84.8533134023 1.0466321639 0.0001250195 0.1541455517 0.1233628875 0.1933933002 0.9924483834 0.1536135617 0.3723014355 0.0607444221 2.1959615856
38.0798107771 44.8800493553 0.3173372485 0.0857853865 0.0490956095 0.5468154283 0.9751651924 0.9775602957 0.1834342597 0.6399583010 0.5938482210 0.3722131895
77.5053398163 64.7858693002 0.2380207194 1.5807916420 0.1439460610 0.3053513151 0.5805555336 0.4215289917 0.1421006592 0.1620980076 0.2030817877 0.3953577763
6.7327591821 43.5737685989 0.2546328317 0.0245393775 0.1593784273 0.2737474980 2.3245950423 0.8597684922 0.0433909914 1.4252906422 0.4262878096 0.4999795178
16.1651041322 22.7332988434 0.2050003571 0.7152329320 0.0056576616 0.5544605935 0.3354897894 0.7754250266 0.3502047470 0.9363514531 0.3568198834 0.2149864936
70.3131241458 0.1520304030 0.0348832690 1.4871762468 0.2168081419 0.0357499898 0.2640096173 1.2417556882 0.1855596386 0.2846800728 0.3225976842 0.1173227913
88.8277737748 24.3774147816 0.4205735489 0.2930050679 0.2199320461 0.5846600033 0.4785842637 0.7462505977 0.8945824422 0.0271563607 0.0420179023 0.2178528051
70.7722533685 52.0905979014 0.9640369311 1.6497577237 0.1438760943 0.3353452478 0.5884911954 0.3956665152 0.1921007048 0.3115454215 0.2174049092 0.2083642094
82.1594540064 75.4882420407 0.3559364714 0.0752750565 0.2028534978 0.0743822158 0.2853159167 0.4002218886 0.2145543338 0.5260734055 0.4379929251 0.0601261941
79.3825991448 1.3475587312 0.1611907206 0.7324462162 1.1743053795 0.0543773456 0.8174425112 0.6534287583 0.6711918481 0.0944074850 0.6595507853 0.1030315977
26.8551480365 27.6001475546 0.1695049157 0.1191102114 0.1451170821 0.0316554167 0.8761125975 0.3886324079 0.1375932231 0.2760903502 0.0663049354 0.2052410991
64.9040974463 92.2263349181 0.1838747755 0.5805695056 0.8253718607 0.0435749187 0.6324030828 0.2968959054 0.0508705372 0.2352627625 0.0568265724 0.2383139938
40.1374139964 87.5293381150 0.0111299894 0.0980364066 0.1464420002 0.0398350103 0.5384241425 1.0299044444 0.1956892336 2.2826404128 0.1078668883 0.4464009432
86.8695597018 77.5236727670 0.0018664937 0.0600684334 0.2689685248 0.1321359646 0.4783242947 1.0029573484 0.6513013356 0.4560386049 0.1117517602 0.0905523011
36.9053030278 44.8800493553 0.1216538594 0.1150554421 0.0477694372 0.5468154283 0.9139519483 0.2004171569 0.7055101896 0.6399583010 0.5938482210 1.7233456146
69.4153580261 81.4409884886 0.1513028950 0.9603699734 1.7881387662 0.1104032116 0.8187341313 1.0044958788 0.0328952916 0.4938875684 0.1860979259 0.0353662751
77.5053398163 12.6439465920 0.3678712143 1.5807916420 0.1438760943 0.4729096346 0.5884911954 0.3912483379 0.1974593942 0.3115454215 0.2035391935 2.0122018141
48.1317694506 22.0859514303 0.0222254759 0.4252833356 0.1290266383 0.3928031514 0.6229169902 1.0825245493 0.0358198899 0.1991534096 0.4736790969 0.5020827925
0.7483431445 14.9663347678 0.3463877066 1.7721651912 0.2108435570 0.4691469847 0.3245197775 1.0058277438 0.2154777175 0.4506944855 0.4101231297 0.1983689472
87.5118194646 50.9070305164 0.2905664479 0.1191102114 0.1261827661 0.0316554167 0.8761125975 0.3886324079 0.0234609564 0.2426159216 0.0663049354 0.2059111900
84.8701925195 92.7969338812 0.4674112975 0.1069846016 0.1376249016 0.1429027033 0.1933933002 1.3025714987 0.3010906178 0.4097249640 0.4658249187 0.5850569861
11.2859283479 25.5175079579 0.6211807354 0.0249054185 0.0168530290 0.1804441976 0.9018685436 0.2704555791 0.2098840705 0.5576357954 0.4206639628 0.3371513241
26.2208503972 25.5175079579 0.5992869962 0.1811538596 0.2485190367 0.0005588326 0.9127788725 1.0823194096 0.2962342017 0.5194018303 0.3768134220 0.5212403168
58.7379637842 30.2508152013 0.3650556315 0.9306627562 0.1606332914 0.0412304323 0.5850437312 1.2541986538 0.1955675600 2.3992418457 0.0960224502 0.4396206895
28.6692997102 80.1370266223 0.2064202947 0.4030629794 0.1367239464 0.0125586197 0.4849408482 1.3044299865 0.6148537923 0.6224031713 0.0882641474 0.4327109418
6.8415943448 19.5954119325 0.1894126414 0.1537983028 0.1446262080 0.3443230130 0.5599849132 1.0027814968 0.2307616357 0.0439634937 0.4557200166 0.3377740194
27.0283127962 75.4882420407 0.2349811159 0.1173359367 0.1964289022 0.3186153512 0.3336708166 0.4218555154 0.3506798014 0.8598668327 0.1412986354 0.2927158606
83.5412988106 34.7586718943 1.1113030635 1.5826032547 0.0677245957 0.0352005035 0.3220394977 1.0418376919 0.1936192099 0.2289484957 0.3538645968 0.0407789652
1.0492561595 34.7586718943 0.0124939241 1.6430717166 0.0677245957 0.0352005035 0.3220394977 1.0418376919 0.1933801212 0.4476838660 0.3538645968 0.0275234488
