0.9999890702 0.9127170218 0.5993847351 0.5021761057 0.3983934342 0.4996676993 0.4999519172 0.3990390419 0.6998995998 0.1001265242 0.3005767583 0.5041383229
0.0134170678 0.9999416486 0.5993621237 0.5025786661 0.8011774611 0.8031200685 0.5998156335 0.4016880802 0.0995306184 0.1015857493 0.3033316780 0.5030140204
0.0013163621 0.0024087923 0.5998342764 0.5034720712 0.4029321679 0.6014151248 0.5006573289 0.2977125773 0.7001187107 0.1004629944 0.3014798153 0.5041504468
0.9999875753 0.0002297307 0.8014887055 0.5066230499 0.4002248764 0.3024615337 0.5073062316 0.2976825733 0.6972050948 0.0952892132 0.3007430962 0.5035255933
0.3620216597 0.9999274947 0.7024958351 0.4984695118 0.4008797623 0.8084525464 0.5005397367 0.3000458639 0.3003776260 0.0994511718 0.3049828920 0.5034346731
0.1689761198 0.9999632434 0.5989213665 0.4986375183 0.4006850770 0.7986331733 0.5970099707 0.3997645463 0.0995555456 0.1004945151 0.1987319631 0.5028170099
0.5298827965 0.9311790963 0.5999085741 0.5036018901 0.3966352817 0.5003667057 0.5004153794 0.4026794881 0.7004401265 0.0991535359 0.3005367412 0.5042273905
0.5384157473 0.9999632434 0.5989213665 0.4987930065 0.4006850770 0.7986331733 0.5970099707 0.3025430627 0.1071387233 0.0956514182 0.2002778648 0.5028117298
0.9774296718 0.9638814249 0.5984644799 0.5031310405 0.3983948206 0.6014152258 0.5034373103 0.4031830141 0.7004394160 0.1002198861 0.3005308314 0.5028206847
0.6800216174 0.9995618485 0.6979308979 0.4972621025 0.4042398953 0.6012702728 0.5005397367 0.3000458639 0.3003776260 0.1007350262 0.3031893320 0.5034346731
0.9679815147 0.9311790963 0.5996635121 0.4982311520 0.4025503287 0.5978858623 0.4976752390 0.2977193788 0.7004015777 0.0993333539 0.3005035249 0.5028300656
0.3620216597 0.9995618485 0.6979308979 0.4978567043 0.4042398953 0.6012759436 0.5005397367 0.3000458639 0.3003776260 0.0994511718 0.3031893320 0.5034346731
0.1440138612 0.9417362977 0.4983696735 0.4020767805 0.3970210445 0.2942542159 0.5018113602 0.3997202097 0.7009489728 0.0993411372 0.3016158961 0.5031678763
0.9945034296 0.9998916237 0.4983733325 0.4022748212 0.3982219546 0.2942542159 0.5018113602 0.3990390419 0.6996790796 0.0993411372 0.2998340651 0.5031378489
0.9999890702 0.9993032257 0.5987067406 0.5061686439 0.3974841690 0.4996676993 0.5041804057 0.3990422620 0.6998995998 0.1001861053 0.1986648740 0.5029059584
0.0050175176 0.9973045624 0.6046104182 0.4978470036 0.4042635401 0.5046756101 0.4978216002 0.2999606862 0.6974957523 0.1006977904 0.3005035249 0.5035310305
0.9999856584 0.0008507115 0.6977645941 0.5070355936 0.3024493474 0.2011960214 0.5003098543 0.4024551108 0.7006020623 0.1026145218 0.2940083259 0.5028050206
0.8580970930 0.9316691571 0.5990757360 0.4994576479 0.3960552246 0.5991825152 0.4983745775 0.3990091222 0.7003988870 0.1002349347 0.3012292348 0.5028294081
0.8895933526 0.0000701952 0.7971673439 0.4994025923 0.4041846261 0.3016569591 0.4991106684 0.3928905900 0.7003074178 0.1008245975 0.3006937756 0.5027766341
0.3993918723 0.9966780966 0.5984644799 0.4984494000 0.3983948206 0.6014164773 0.5035953301 0.3990091222 0.7004348741 0.1002198861 0.3005308314 0.5028300384
0.0012830049 0.9990541142 0.5989653452 0.5033404566 0.3990834974 0.5917216502 0.6027583604 0.2942959621 0.0996460980 0.1005044749 0.2977143025 0.5024985995
0.5158126105 0.0760580437 0.5993870147 0.5020357244 0.3958711047 0.6014163296 0.5003729261 0.4011757157 0.7004758886 0.1001597208 0.3005712761 0.5028301497
0.9587544906 0.5936197913 0.5990144514 0.4979921875 0.4006800336 0.6008590774 0.4997756101 0.3997645463 0.0996863943 0.1004237880 0.1987319631 0.5028377534
0.6969848929 0.0099066482 0.5973737443 0.5010867422 0.4013970499 0.5017542594 0.4997681972 0.3017281713 0.7005222361 0.0955925253 0.3021790071 0.5027502571
0.9999875753 0.0002297307 0.8014887055 0.5066230499 0.4002248764 0.3024615337 0.5073062316 0.2976825733 0.6972050948 0.0952892132 0.3007430962 0.5035255933
0.3759656779 0.0760580437 0.5993870147 0.5020357244 0.3958711047 0.6014163296 0.5002184090 0.4011757157 0.6993972389 0.1001597208 0.3005712761 0.5028631775
0.2161800631 0.9191952333 0.5947400990 0.4995187720 0.4029067639 0.6009675668 0.4976599028 0.2977193788 0.7009544536 0.1000519730 0.3005035249 0.5028226091
0.1459061619 0.1752552446 0.6979956815 0.4992412921 0.4007530451 0.6014151248 0.5006774133 0.3013306672 0.6976334221 0.1001027922 0.3035179304 0.5034316345
0.9186736024 0.0000022536 0.7971673439 0.4982655628 0.4007457139 0.2815770459 0.4993127330 0.3003757111 0.7005651454 0.0953528005 0.3007279523 0.5028281699
0.9186736024 0.0004109024 0.3970456053 0.5037102656 0.4030969888 0.2958190354 0.4957403221 0.2973853760 0.7005651454 0.0995124460 0.3007279529 0.5027766341
0.9880024223 0.0019594824 0.5991575939 0.4010199454 0.4004641050 0.3016918419 0.5003379382 0.2997798360 0.6975211311 0.0952510140 0.3007709451 0.5033843259
0.3244257651 0.0760580437 0.5994619788 0.5024199063 0.3959373059 0.6014206478 0.5003175274 0.4011757157 0.6976334221 0.0994741394 0.3015148552 0.5028300656
0.9960515099 0.0862154030 0.5963967206 0.4984510735 0.4007931715 0.6014151248 0.5006880267 0.2973740131 0.6976493975 0.1001272806 0.3008546697 0.5028271723
0.6940584467 0.0458276973 0.5994619788 0.5020357244 0.3959373059 0.6014163296 0.5002672353 0.4011757157 0.6976334221 0.1008311565 0.3012633660 0.5028301579
0.2161800631 0.9243457236 0.5947400990 0.4995187720 0.4028973189 0.6009675668 0.4976680284 0.2977193788 0.6976334221 0.1000519730 0.3005035249 0.5028300559
0.2161800631 0.0411414392 0.5992150365 0.5019261923 0.4022906358 0.6014151248 0.5007420545 0.2977193788 0.6994580691 0.1000444265 0.3006828173 0.5028320605
0.2014706418 0.5950155863 0.5998342764 0.5035367325 0.4029321679 0.6014151248 0.4996027427 0.2977125773 0.7001187107 0.1004629944 0.3014501903 0.5041706163
0.2161800631 0.6054156828 0.5950369361 0.4984107611 0.4028973189 0.6009675668 0.4995567701 0.4025015549 0.7010003920 0.1000304534 0.3005035249 0.5028300559
0.9214741672 0.0021485177 0.6996240429 0.5048988796 0.4006435556 0.5991664121 0.4956028417 0.2998828508 0.6976334221 0.0994471492 0.3004647671 0.5024125991
0.3682571726 0.9316691571 0.5997068306 0.4994576479 0.3962185194 0.5992066080 0.4983745775 0.3990091222 0.7003988870 0.1002349347 0.3007148813 0.5028294081
0.3239029952 0.9931518236 0.5987205594 0.4984544770 0.3986344212 0.6014151248 0.5018327890 0.3048502959 0.6999188119 0.1002217716 0.3008256603 0.5028300840
0.6649068053 0.0993465989 0.5992205107 0.5009590869 0.3958711047 0.5031812247 0.5003729261 0.4011757157 0.7009539725 0.1001597208 0.3005712761 0.5028301497
0.9960515099 0.0700347591 0.5964415443 0.4984534362 0.4022200870 0.6014151248 0.4985334333 0.2977193788 0.6977327124 0.0957339847 0.3008261177 0.5028271723
0.4466369333 0.0030342626 0.7033022438 0.5038351544 0.4006159450 0.6014151248 0.5011178238 0.2977193788 0.6976334221 0.0993801283 0.3004637976 0.5029129829
0.9970271908 0.0005783837 0.5990144666 0.5064691451 0.4007613725 0.2965691750 0.5060754851 0.2969614575 0.7010314821 0.0951641633 0.3006381655 0.5027440291
0.0337023313 0.9499655219 0.6046104182 0.4977502775 0.4026979714 0.5022463061 0.4976752390 0.2977193788 0.6998991483 0.1004839914 0.3005035249 0.5025479927
0.2111427203 0.0760580437 0.5994619788 0.4024856155 0.3958744209 0.6014163296 0.5002672353 0.3992200487 0.6976334221 0.1002618904 0.3012575604 0.5027892254
0.0251990664 0.0424473863 0.5950369361 0.4983460999 0.4028973189 0.6009675668 0.5006113563 0.4025015549 0.7010003920 0.1000304534 0.3005331499 0.5028098864
0.5404690856 0.0005944692 0.7971673439 0.5064728674 0.4006425673 0.2958327315 0.5009121151 0.3002954484 0.7005651454 0.0963088512 0.3007444664 0.5026909890
0.9411746452 0.9999883908 0.5990144514 0.4982870286 0.4008874523 0.6008715554 0.5970099707 0.3997645463 0.0995559561 0.1005927452 0.2016147221 0.5028348664
0.7099529487 0.0760580437 0.5993967741 0.5020357244 0.3959373059 0.6014163296 0.4997686530 0.4011757157 0.6976334221 0.1008311565 0.3005545061 0.5028300656
0.9850196114 0.0008464219 0.5989451300 0.5032227163 0.4007613725 0.3014037027 0.5060754851 0.2969796484 0.7001341313 0.0951641633 0.3006381655 0.5027440291
0.9945050418 0.9417362977 0.4983326005 0.4022768313 0.3970127587 0.2942542159 0.5018113602 0.3990390419 0.7009489728 0.0993411372 0.3016003224 0.5028272135
0.6295516456 0.0021485177 0.6002709634 0.5069774608 0.4007281251 0.5991664121 0.4956028417 0.3002080842 0.6976334221 0.1008023228 0.3004647671 0.5025623708
0.2988129929 0.9782968759 0.5962237215 0.4984229082 0.4004496943 0.6014151248 0.5036456222 0.3990091222 0.6968689820 0.1001406370 0.3007109334 0.5028294081
0.2417641874 0.9932128451 0.5958816210 0.4978663449 0.4028973189 0.6009675668 0.5998991155 0.2977193788 0.6976334221 0.0999604059 0.3012768765 0.5028300559
0.2008182579 0.0458276973 0.5951534192 0.5020357244 0.3968622167 0.6014423917 0.5002672353 0.4011757157 0.6976334221 0.1008311565 0.3007490124 0.5028301579
0.3477708815 0.0067051858 0.5965033590 0.4986791660 0.4022758649 0.6014151248 0.5002672353 0.2977193788 0.6978664674 0.1006913208 0.3006896703 0.5027600717
0.9998544092 0.0107584508 0.7971673439 0.5014226848 0.4038469298 0.2965691750 0.4981315267 0.2976721765 0.7005297092 0.0972651016 0.3015476262 0.5041930033
0.3477708815 0.9966780966 0.5962237215 0.4984229082 0.3971443108 0.6014151248 0.5036456222 0.3990091222 0.7003988870 0.1002259365 0.3007148813 0.5028294081
0.1469933166 0.0030296111 0.5961374582 0.4992566324 0.3958115420 0.6016000850 0.5004319946 0.3995977611 0.7005085045 0.1008480994 0.3035268310 0.5026051709
0.7187653423 0.0000701952 0.7971673439 0.4979169301 0.4043737156 0.3016569591 0.4991106684 0.2997415048 0.7003074178 0.0993402643 0.3006692953 0.5027766341
0.9991158218 0.0004793931 0.5946685969 0.5020978541 0.4004641050 0.3016918419 0.5078380615 0.3023502271 0.6975211311 0.0952510140 0.3007709451 0.5033843259
0.6305847170 0.0458276973 0.5994619788 0.5020357244 0.4006492272 0.6014163296 0.4997531907 0.4011757157 0.6976334221 0.1008311565 0.3041926314 0.5028301579
0.9732996874 0.0848351315 0.5991392180 0.4984534362 0.3992064055 0.6014151248 0.5011504843 0.2977507018 0.6973455242 0.1001611330 0.3008545578 0.5040471996
0.9937508605 0.0006611703 0.5961374582 0.5054873265 0.4024104804 0.6014151248 0.5085337661 0.2976506345 0.7002634772 0.1001326580 0.3005035249 0.5027770490
0.9968786192 0.0099066482 0.5973737443 0.5064526111 0.4023105633 0.5017542594 0.5001553565 0.3017281713 0.7009580952 0.0955925253 0.3023301563 0.5027527639
0.9902389838 0.0000701952 0.7971673439 0.4979169301 0.3995123177 0.3016569591 0.4991106684 0.3061454853 0.7003074178 0.1008245975 0.3006965571 0.5027766341
0.9394869409 0.0029987552 0.6990333509 0.5038351544 0.4006159450 0.6014151248 0.5009289684 0.2999261236 0.6976334221 0.0993801283 0.3004637976 0.5027597241
0.1689761198 0.9999632434 0.5989213665 0.4986375183 0.4006850770 0.7986331733 0.5970099707 0.3997645463 0.0995555456 0.1004945151 0.1987319631 0.5028170099
0.6424285389 0.0760580437 0.5994619788 0.5018253045 0.3959373059 0.6014149770 0.5003175274 0.4011757157 0.6976334221 0.1007579937 0.3015148552 0.5028300656
0.8580970930 0.9316691571 0.5990757360 0.4994576479 0.3960552246 0.5991825152 0.4983745775 0.3990091222 0.7003988870 0.1002349347 0.3012292348 0.5028294081
0.7449777641 0.9803098913 0.6046104182 0.4986182103 0.4042342443 0.4980812946 0.4991881355 0.2978308670 0.7005196685 0.1003198820 0.3004990283 0.5021367900
0.1689761198 0.9999632434 0.5989213665 0.4986375183 0.4006850770 0.7986331733 0.5970099707 0.3997645463 0.0995555456 0.1004945151 0.1987319631 0.5028170099
0.6295516456 0.0021485177 0.6002709634 0.5069774608 0.4007281251 0.5991664121 0.4956028417 0.3002080842 0.6976334221 0.1008023228 0.3004647671 0.5025623708
0.6702716867 0.0458276973 0.5994619788 0.5018984706 0.3959373059 0.6009276806 0.5001875344 0.3986301773 0.6976334221 0.1008311565 0.3012633660 0.5028300725
0.9886189008 0.0030543144 0.5988186966 0.4984536575 0.4025503287 0.6014151248 0.5011181373 0.2977193788 0.6971841064 0.1002626659 0.3007675561 0.5028300656
0.6940584467 0.0760580437 0.5994619788 0.5020357244 0.3959373059 0.6014163296 0.5002672353 0.4011757157 0.6976334221 0.1008311565 0.3013334508 0.5028300656
0.2998943780 0.0006713052 0.6979956815 0.5037904329 0.4007467793 0.6014151248 0.5006858510 0.3009743762 0.6976266288 0.0952284585 0.3006707409 0.5033784532
0.9962853720 0.0022160058 0.6996240429 0.5039569543 0.4006341602 0.6012505098 0.5070592426 0.2998826446 0.6976334221 0.0993795711 0.3004647671 0.5065286314
0.3502928313 0.0030342626 0.7033022438 0.5038351544 0.4006159450 0.6014151248 0.5009289684 0.2977193788 0.6976334221 0.0993801283 0.3004637976 0.5027597241
0.3583912835 0.7760520321 0.5986688344 0.5057167071 0.3959866331 0.6009166738 0.4999402220 0.3989627155 0.6999188119 0.1002217716 0.3007492858 0.5028300656
0.9607183981 0.0764514520 0.5994619788 0.4024856155 0.3958744209 0.4974436295 0.5002672249 0.4011757157 0.6976334221 0.1002618904 0.3013276452 0.5028161762
0.9902389838 0.0000701952 0.7971673439 0.4979169301 0.3995123177 0.3016569591 0.4991106684 0.3061454853 0.7003074178 0.1008245975 0.3006965571 0.5027766341
0.4466369333 0.0030342626 0.7033022438 0.5038351544 0.4006159450 0.6014151248 0.5011178238 0.2977193788 0.6976334221 0.0993801283 0.3004637976 0.5029129829
0.9924848468 0.9994490674 0.5944264998 0.4993851441 0.4031415206 0.3010804024 0.4984573429 0.3997665577 0.7005496776 0.0992474173 0.3002532033 0.5027766341
0.7187653423 0.0025383402 0.6034280294 0.4979169301 0.4038345026 0.5991827080 0.4979054525 0.3061454853 0.7003133323 0.1007065359 0.3007339639 0.5027542637
0.3583912835 0.7760520321 0.5986688344 0.5057167071 0.3959866331 0.6009166738 0.4999402220 0.3989627155 0.6999188119 0.1002217716 0.3007492858 0.5028300656
0.9555342552 0.0474653807 0.5963454453 0.4983656311 0.3971443108 0.6014151248 0.4984300143 0.3990091222 0.7003988870 0.1002259365 0.3007278294 0.5028294081
0.0011250329 0.9499655219 0.6046104182 0.4986381594 0.4029439075 0.5016689509 0.4976752390 0.2977193788 0.6974957523 0.1006977904 0.3005035249 0.5021367900
0.9991158218 0.0004793931 0.5946685969 0.5020978541 0.4004641050 0.3016918419 0.5078380615 0.3023502271 0.6975211311 0.0952510140 0.3007709451 0.5033843259
0.9922240936 0.0024087923 0.5998342764 0.4989267516 0.4037210756 0.3052956091 0.4977247312 0.2977488720 0.7005420322 0.1008353322 0.3014798153 0.5041044449
0.3711088969 0.0103670028 0.5961374582 0.4997372118 0.4027915807 0.5987971243 0.4981665256 0.2992054911 0.7005085045 0.1008718848 0.3006831361 0.5032088090
0.9937508605 0.0006611703 0.5961374582 0.5054873265 0.4024104804 0.6014151248 0.5085337661 0.2976506345 0.7002634772 0.1001326580 0.3005035249 0.5027770490
0.3769290336 0.0026295406 0.5961374582 0.5047390181 0.4027264465 0.6014151248 0.5011181373 0.2980578748 0.6976334221 0.1000923949 0.3005035249 0.5028169222
0.9607183981 0.0764514520 0.5994619788 0.4024856155 0.3958744209 0.4974436295 0.5002672249 0.4011757157 0.6976334221 0.1002618904 0.3013276452 0.5028161762
0.2417641874 0.9932128451 0.5958816210 0.4978663449 0.4028973189 0.6009675668 0.5998991155 0.2977193788 0.6976334221 0.0999604059 0.3012768765 0.5028300559
0.9394869409 0.0029987552 0.6990333509 0.5038351544 0.4006159450 0.6014151248 0.5009289684 0.2999261236 0.6976334221 0.0993801283 0.3004637976 0.5027597241
0.3993918723 0.9966780966 0.5984644799 0.4984494000 0.3983948206 0.6014164773 0.5035953301 0.3990091222 0.7004348741 0.1002198861 0.3005308314 0.5028300384
0.3477708815 0.0040334000 0.7014309476 0.4994923054 0.4007467793 0.5991119612 0.4978093275 0.3009714582 0.6976334221 0.1001265776 0.3038078238 0.5034118469
