98.5694448307 97.2303606104 -110.9547690060
0.3861110654 89.3940807873 1.5131470516
51.6238430326 0.2814936819 -23.1971081052
73.8599144232 79.9433411132 -81.9396753109
3.2386442300 50.3963773612 -21.3688030863
62.3985654294 68.4426105530 -73.2094829572
40.0705885621 83.3245026478 -63.8462917435
88.1022024030 62.0863065457 -78.9529080309
61.8519026192 18.6614252617 -38.5646682874
43.6406507264 0.4276138598 -3.3764840201
76.0644080079 92.6391128137 -89.5491401510
0.4163783432 13.5169544288 1.7955113733
72.2195923470 26.2921708381 -45.1501968994
86.5167561071 35.0514988324 -63.1398999430
56.5808590843 65.9129211206 -66.9174341471
54.5734799482 8.9479601754 -27.5643075111
93.8854633431 91.1774102372 -104.4922902902
0.4912644959 6.5251987901 -0.4312796548
35.2035092895 71.1599961827 -58.7197017010
77.1977472678 60.5750523723 -76.3071145868
91.1588304898 98.5086736125 -105.9478953193
8.0769366194 31.4195658303 -16.9052789329
91.8257521306 68.5342319027 -83.6938322464
38.1910539079 3.9619851924 -11.1067133992
78.7519738258 94.6831657298 -93.7501749761
84.5694729346 74.5393746883 -86.5396991688
33.7681306216 22.4710453783 -24.1983263710
90.5680691067 48.0266234863 -66.8382990400
55.7355515370 32.4923433366 -41.8412937377
35.1600056890 21.6248696730 -23.4472362195
77.1614967789 76.5140414820 -86.1572365856
95.3749178397 75.4126505684 -94.3920688633
87.8671702609 73.2654311734 -88.8159451512
26.6599068330 16.4856109693 -16.0471363583
6.0566751781 55.1046860716 -25.7492067440
22.5679024547 11.5490433955 -8.9545903013
14.7007828909 62.0746744770 -35.5922882935
57.8236778596 39.9116556840 -50.4743427497
59.9855298633 64.5249885354 -61.5078267612
11.8397096697 79.0352593924 -31.9364771359
65.1927632005 43.2463442227 -54.8343508955
92.4688342601 24.2410196607 -46.9344975826
56.7268171103 76.1165980887 -70.7648417613
12.1176800923 38.0372811150 -22.0830424257
16.2443571755 59.2766227335 -30.8330961115
30.2326557490 14.9834146512 -14.2743072983
30.2364391198 1.5865468367 -10.2675709455
19.4513364876 60.1241476487 -38.8571371651
66.4827627552 39.0806128562 -52.9883513889
9.2503000573 83.0807253844 -43.8593761005
50.7642185748 40.8239363176 -46.4334584580
2.4123089349 31.3431793798 -13.5374181402
68.7213349746 4.2477710576 -32.6948592524
46.6796015499 29.7958774038 -30.1268282531
25.0852067469 47.2547884006 -33.0013181586
83.3047904345 91.2951921692 -97.4518796565
47.9934960027 29.7473136875 -29.2118011580
49.3580481948 47.3215432952 -47.9894742738
37.0851188453 93.1904468534 -69.2159028183
52.5430889899 39.8929597247 -44.0449661432
20.6944665614 7.7215636199 -7.1599481058
21.4601830332 33.9665930026 -18.7448862385
68.6790090332 88.1069862707 -82.1594563603
44.1864257036 94.1564068686 -74.5574665641
45.1569010100 53.1317858198 -54.6457626819
4.8259511856 89.4135956624 -41.4751638745
73.3269913885 10.6626714830 -37.3478410685
94.0342057958 75.3440116953 -91.8793977152
38.0451802016 23.9851883896 -26.3003876596
60.6341929029 64.5399488656 -65.6466383496
1.8487596745 15.7818813697 -6.9182076408
84.4719945451 93.1796610867 -100.3303500163
18.7634948730 27.3330753546 -13.7653709380
26.0186528749 76.5091101640 -49.2391242168
5.1144365708 45.2308086397 -23.0597418151
37.1533620460 44.4921713101 -35.6793639251
35.4961305359 9.3766935183 -14.5249959461
87.8609854487 87.8965637968 -98.4309101127
81.9826065744 2.6337722637 -43.6753157948
15.9999027060 4.9830489779 -4.7203382113
81.0914171565 94.4592105757 -96.8654558652
20.3519849789 53.2221887134 -30.4793576178
33.2412946289 85.9284603386 -65.1003942024
16.8299866280 87.2084204078 -45.5948554904
32.6537144763 90.5328885475 -63.9874368191
35.1803507701 85.7793433874 -66.1849107804
79.8663443399 87.8186767067 -93.2438268656
15.1475308174 98.4898749153 -62.7625184466
16.9568483609 91.1827144185 -51.2031435361
82.2272749800 43.5711304497 -64.1245778659
23.1537429143 16.6256906745 -15.1878232681
10.6290202377 27.3598710000 -15.1135341920
72.6184667752 33.9716097165 -56.7559428117
95.1698976404 10.6210066115 -56.7716072424
5.9002716451 93.2035757392 -54.5425034742
86.5631217842 26.4153976648 -57.5363115025
79.8130796276 39.1168897078 -60.7884873990
3.7215787839 55.2784050183 -28.9134490400
26.6462964787 63.1702532603 -43.3264746449
0.4814893304 56.5616151007 -29.0110301918
