0.5248207103 0.0000041066 0.2971294105 0.5989201438 0.5990495258 0.6015558349 0.4985207809 0.1983525165 0.4942914659 0.4012051372 0.6029361184 0.5017293400
0.9996873884 0.9611342379 0.3021297455 0.5969088562 0.6027526357 0.5941245357 0.6009258738 0.3002750729 0.4012114529 0.6050297524 0.5970771763 0.5048989461
0.8949484632 0.9121860708 0.2987215182 0.5959514720 0.5980989999 0.5963919132 0.4986148913 0.4016014154 0.3953024874 0.4007743385 0.5969527444 0.5008447435
0.0002875113 0.0416506903 0.3954566975 0.5968970838 0.6053740861 0.6001782539 0.6017674102 0.3033838506 0.3986835041 0.3980425733 0.5970699898 0.5028469070
0.5860484743 0.0000041066 0.3029210534 0.5997150936 0.5990495258 0.5928398659 0.4985207809 0.3975670636 0.5056631220 0.4038496169 0.5978181472 0.5017293400
0.0866502164 0.9873042419 0.2979874064 0.6004161333 0.5983919622 0.6027981529 0.8002098272 0.4032206138 0.4979316987 0.4019783268 0.6010994343 0.7001063366
0.8614934513 0.9989018152 0.2979874064 0.6004161333 0.5983937654 0.6027981529 0.8002098272 0.3038446669 0.4979316987 0.4019783268 0.5969042649 0.4987520705
0.7715330403 0.0000659897 0.2983381510 0.5967567985 0.2004750855 0.5964967152 0.4985638912 0.3038636427 0.5039703233 0.4009824742 0.5960915458 0.5012858740
0.9901090573 0.2463001252 0.3029313383 0.5963797482 0.6021107790 0.5989229665 0.6031539252 0.3002754338 0.3982697997 0.3977421879 0.5953831530 0.5023634082
0.9999710516 0.6167945216 0.3017596132 0.6005136987 0.6015514313 0.6009319429 0.5013823535 0.3000487399 0.4038156508 0.4016214710 0.5956550308 0.5041780575
0.9664506462 0.0638293114 0.3018579728 0.5964984065 0.5984670756 0.6015558349 0.5007645302 0.3999037634 0.4968704564 0.3973937138 0.6026454609 0.5011483141
0.0098517374 0.0000041066 0.3024954362 0.5964070072 0.5995628906 0.6015558349 0.6031526031 0.1983525165 0.5023169674 0.4012051372 0.5954337133 0.5011777987
0.0415418630 0.0000041066 0.3024157421 0.5964070072 0.5995628906 0.6015558349 0.6031526031 0.1983525165 0.5023169674 0.4012051372 0.5954337133 0.5015637752
0.9840216749 0.0000659897 0.3026150037 0.5979254637 0.5982108705 0.5973099706 0.4985638912 0.3061345599 0.5032051023 0.4009824742 0.5961170720 0.5009108481
0.8614934513 0.9989018152 0.2979874064 0.6004161333 0.5983937654 0.6027981529 0.8002098272 0.3038446669 0.4979316987 0.4019783268 0.5969042649 0.4987520705
0.9450822137 0.3651698557 0.3029235480 0.6006789611 0.5989606038 0.5986643158 0.5009110441 0.3002394325 0.4988977683 0.5971124244 0.6037635227 0.5012014462
0.0001717992 0.7228761993 0.3960110347 0.5985326289 0.5987722327 0.9080717661 0.8010119451 0.4041277762 0.4007698948 0.6056478825 0.6031448354 0.5028801371
0.4673391643 0.9933354283 0.3016395091 0.5987194328 0.5984903528 0.6024574793 0.5955779508 0.4962304199 0.3989437979 0.4010121682 0.5982193857 0.5030132793
0.9999981274 0.4324841589 0.2965840152 0.5989705613 0.2004750855 0.6012803146 0.4985520893 0.3004447068 0.5032051023 0.3939407272 0.6036096664 0.5048824050
0.9994737315 0.9997776863 0.3006415392 0.5970190699 0.6958099164 0.5957761967 0.4964970516 0.2995113437 0.4976828332 0.2999004870 0.5968342240 0.5029063941
0.6069745487 0.9991241371 0.3007821967 0.5970192003 0.6070037654 0.5957761967 0.4997144644 0.2993190515 0.4984923671 0.2935290965 0.5968729440 0.5029316513
0.9996927842 0.9981947649 0.7024317793 0.5969860006 0.5993144084 0.9052230812 0.6001986155 0.3991842219 0.5055010675 0.4041278902 0.5974630139 0.5026060334
0.9999981274 0.0000659897 0.2965840152 0.5975268896 0.2004750855 0.6012803146 0.4985520893 0.3004447068 0.5032051023 0.4009824742 0.6036096664 0.5011024452
0.4811164411 0.0638293114 0.3018579728 0.5964984065 0.5984670756 0.6015558349 0.5007645302 0.3999037634 0.4050934467 0.3973937138 0.6026454609 0.5011166166
0.0066164259 0.9873042419 0.2979874064 0.6004161333 0.5983919622 0.6027981529 0.8002098272 0.3038446669 0.4979316987 0.4019783268 0.6010994343 0.7001063366
0.4811164411 0.0638293114 0.3018579728 0.5964984065 0.5984670756 0.6015558349 0.5007645302 0.3999037634 0.4050934467 0.3973937138 0.6026454609 0.5011166166
0.0001911050 0.9872305519 0.3028482277 0.6002665995 0.5978359209 0.9078425954 0.7999569829 0.2979030334 0.5004710462 0.4040639722 0.6010268074 0.4982323439
0.9450822137 0.3651698557 0.3029235480 0.6006789611 0.5989606038 0.5986643158 0.5009110441 0.3002394325 0.4988977683 0.5971124244 0.6037635227 0.5012014462
0.9999969829 0.9519406557 0.2976781521 0.6004653775 0.6006971799 0.8992237883 0.4984582594 0.2985767542 0.6994243740 0.4012734211 0.6023875337 0.5011755495
0.9458336035 0.0000041066 0.2971294105 0.6008320079 0.5990495258 0.6015558349 0.4985207809 0.1983525165 0.5044139192 0.4012051372 0.6036188257 0.5017293400
0.9999862405 0.3040574909 0.3017596132 0.6005136987 0.6015514313 0.6001668514 0.4976789145 0.3000609144 0.4037942795 0.4016214710 0.5956550308 0.4956715738
0.1637911131 0.0099686475 0.3020340495 0.6005166552 0.5994907087 0.6016224393 0.6010307104 0.2990112280 0.5014314903 0.3975653786 0.5974053682 0.5015378189
0.0418316128 0.9867648121 0.2977908095 0.5994340151 0.5983937654 0.6027981529 0.8001785168 0.3027166316 0.4979316987 0.4019783268 0.5966053055 0.4986994325
0.9996873884 0.9611342379 0.3021297455 0.5969088562 0.6027526357 0.5941245357 0.6009258738 0.3002750729 0.4012114529 0.6050297524 0.5970771763 0.5048989461
0.9999862405 0.0000041066 0.2976782408 0.6005131769 0.5994684650 0.8983930344 0.4985207809 0.2025985323 0.5032051023 0.4009395111 0.5985282268 0.5010975203
0.0415418630 0.0000041066 0.3024157421 0.5964070072 0.5995628906 0.6015558349 0.6031526031 0.1983525165 0.5023169674 0.4012051372 0.5954337133 0.5015637752
0.5765784322 0.1895494973 0.3027695235 0.5971907847 0.5983114366 0.6024574793 0.5995466532 0.3990573842 0.5003152298 0.4047036136 0.5964727837 0.5028706443
0.3004126564 0.9093563553 0.3029247549 0.5969300000 0.5982264614 0.5970596166 0.5985927024 0.4020331403 0.3988919764 0.5976375185 0.5957279552 0.4954552729
0.9999862405 0.0000041066 0.2976782408 0.6005131769 0.5994684650 0.8983930344 0.4985207809 0.2025985323 0.5032051023 0.4009395111 0.5985282268 0.5010975203
0.9996927842 0.9981947649 0.7024317793 0.5969860006 0.5993144084 0.9052230812 0.6001986155 0.3991842219 0.5055010675 0.4041278902 0.5974630139 0.5026060334
0.9999774084 0.9977288677 0.3006262613 0.6045231586 0.5942347705 0.6034184973 0.5067038146 0.2993251601 0.6994243740 0.3043771685 0.6001273743 0.4956822216
0.9970675625 0.9997776863 0.3006415392 0.5970190699 0.6002653116 0.5957761967 0.4943349241 0.2995113437 0.4003172065 0.3000646827 0.5968342240 0.5030263175
0.9998424560 0.9981947649 0.7024317793 0.5995843658 0.5993144084 0.9052230812 0.5943911911 0.3991842219 0.5055010675 0.4041278902 0.5978967517 0.5025223895
0.9417920780 0.9173531756 0.2972287160 0.6005137556 0.5984400934 0.9050850530 0.4985207809 0.3995290625 0.4024881008 0.3993310732 0.6000996624 0.5011216654
0.9450822137 0.6677982244 0.3029235480 0.6006789611 0.5989606038 0.5986643158 0.5009110441 0.3002394325 0.4988977683 0.5971124244 0.6037635227 0.5012014462
0.9450822137 0.6677982244 0.3029235480 0.6006789611 0.5989606038 0.5986643158 0.5009110441 0.3002394325 0.4988977683 0.5971124244 0.6037635227 0.5012014462
0.9450822137 0.6677982244 0.3029235480 0.6006789611 0.5989606038 0.5986643158 0.5009110441 0.3002394325 0.4988977683 0.5971124244 0.6037635227 0.5012014462
0.0001717992 0.7228761993 0.3960110347 0.5985326289 0.5987722327 0.9080717661 0.8010119451 0.4041277762 0.4007698948 0.6056478825 0.6031448354 0.5028801371
0.9999993826 0.9994413347 0.2978985114 0.6045375937 0.6955937177 0.9063098339 0.5088339447 0.4071727529 0.7013169349 0.2922261251 0.6024260480 0.5026174700
0.9996873884 0.2393163851 0.3028838602 0.5969088562 0.6021576524 0.5986643158 0.6009258738 0.3002764649 0.4028943098 0.6055193533 0.5963692906 0.5015136845
0.9996873884 0.9611342379 0.3021297455 0.5969088562 0.6027526357 0.5941245357 0.6009258738 0.3002750729 0.4012114529 0.6050297524 0.5970771763 0.5048989461
0.8614934513 0.9989018152 0.2979874064 0.6004161333 0.5983937654 0.6027981529 0.8002098272 0.3038446669 0.4979316987 0.4019783268 0.5969042649 0.4987520705
0.9970675625 0.9997776863 0.3006415392 0.5970190699 0.6002653116 0.5957761967 0.4943349241 0.2995113437 0.4003172065 0.3000646827 0.5968342240 0.5030263175
0.9999969829 0.9872602467 0.2976762450 0.6045231586 0.6006971799 0.9043637392 0.4984543154 0.2984060935 0.6994243740 0.2897174231 0.6022715002 0.5036754007
0.9999993554 0.6894562314 0.3976205889 0.5983983275 0.2004750855 0.9052251896 0.4982635046 0.3005847961 0.3981977410 0.4009637280 0.6036093756 0.5013400118
0.9970675625 0.9997776863 0.3006415392 0.5970190699 0.6002653116 0.5957761967 0.4943349241 0.2995113437 0.4003172065 0.3000646827 0.5968342240 0.5030263175
0.9999969829 0.9872602467 0.2976762450 0.6045231586 0.6006971799 0.9043637392 0.4984543154 0.2984060935 0.6994243740 0.2897174231 0.6022715002 0.5036754007
0.0104341697 0.9989018152 0.2979956171 0.3974462875 0.5983937654 0.6027761285 0.8002129099 0.3038446669 0.4979316987 0.4019783268 0.5969163294 0.4987520705
0.0415418630 0.0000041066 0.3024157421 0.5964070072 0.5995628906 0.6015558349 0.6031526031 0.1983525165 0.5023169674 0.4012051372 0.5954337133 0.5015637752
0.0002875113 0.0416506903 0.3954566975 0.5968970838 0.6053740861 0.6001782539 0.6017674102 0.3033838506 0.3986835041 0.3980425733 0.5970699898 0.5028469070
0.9999981274 0.0000659897 0.2965840152 0.5975268896 0.2004750855 0.6012803146 0.4985520893 0.3004447068 0.5032051023 0.4009824742 0.6036096664 0.5011024452
0.9996873884 0.8617295624 0.3028838602 0.5990404040 0.6021576524 0.5986643158 0.5973387433 0.3002764649 0.4028943098 0.6055193533 0.5963692906 0.5015534694
0.9998424560 0.9992199293 0.3011223164 0.5996850734 0.5985069671 0.9058396331 0.5842670525 0.3978976424 0.5055010675 0.4038899004 0.5979295557 0.5025223895
0.4673956332 0.2463001252 0.3029255363 0.5963797482 0.6021107790 0.5989229665 0.6031539252 0.3002754338 0.3986287113 0.3977421879 0.5953775491 0.5023634082
0.9999969829 0.9872602467 0.2976762450 0.6045231586 0.6006971799 0.9043637392 0.4984543154 0.2984060935 0.6994243740 0.2897174231 0.6022715002 0.5036754007
0.4973441932 0.9990595457 0.2941511839 0.5970256207 0.5999311421 0.9044896276 0.4987882992 0.2963179072 0.5028383832 0.4012721214 0.6020574955 0.4999200155
0.0153115607 0.9992422179 0.2979956171 0.3974462875 0.5983641098 0.6027761285 0.8002129099 0.3038446669 0.4979316987 0.4019886995 0.5969163294 0.4987520705
0.9999862405 0.0000041066 0.2976782408 0.6005131769 0.5994684650 0.8983930344 0.4985207809 0.2025985323 0.5032051023 0.4009395111 0.5985282268 0.5010975203
0.9642710493 0.9137691301 0.2979417498 0.5957710708 0.5990495258 0.6015558349 0.4985207809 0.4077025598 0.5054855667 0.4012051372 0.6036188257 0.5017293400
0.9979244924 0.1259279184 0.3023960889 0.6005338979 0.5978606127 0.6044244707 0.5985739128 0.2959752165 0.4034425588 0.4032915884 0.5971208683 0.5031659037
0.0066164259 0.9873042419 0.2979874064 0.6004161333 0.5983919622 0.6027981529 0.8002098272 0.3038446669 0.4979316987 0.4019783268 0.6010994343 0.7001063366
0.4811164411 0.0638293114 0.3018579728 0.5964984065 0.5984670756 0.6015558349 0.5007645302 0.3999037634 0.4050934467 0.3973937138 0.6026454609 0.5011166166
0.5171968259 0.0097905277 0.2988473320 0.5997748009 0.5993372341 0.6019805959 0.5984883587 0.3987120318 0.4023243522 0.4047036136 0.5960386524 0.5028605242
0.5872294297 0.1177423849 0.2988473320 0.5971020915 0.5983114366 0.6024574793 0.5984759146 0.3990573842 0.4991566471 0.4032500407 0.5962766726 0.5028420638
0.9999969829 0.9872602467 0.2976762450 0.6045231586 0.6006971799 0.9043637392 0.4984543154 0.2984060935 0.6994243740 0.2897174231 0.6022715002 0.5036754007
0.9996873884 0.8617295624 0.3028838602 0.5990404040 0.6021576524 0.5986643158 0.5973387433 0.3002764649 0.4028943098 0.6055193533 0.5963692906 0.5015534694
0.9998424560 0.9992199293 0.3011223164 0.5996850734 0.5985069671 0.9058396331 0.5842670525 0.3978976424 0.5055010675 0.4038899004 0.5979295557 0.5025223895
0.8614934513 0.9989018152 0.2979874064 0.6004161333 0.5983937654 0.6027981529 0.8002098272 0.3038446669 0.4979316987 0.4019783268 0.5969042649 0.4987520705
0.3004126564 0.9093563553 0.3029247549 0.5969300000 0.5982264614 0.5970596166 0.5985927024 0.4020331403 0.3988919764 0.5976375185 0.5957279552 0.4954552729
0.0002875113 0.0416506903 0.3954566975 0.5968970838 0.6053740861 0.6001782539 0.6017674102 0.3033838506 0.3986835041 0.3980425733 0.5970699898 0.5028469070
0.9999969829 0.9872602467 0.2976762450 0.6045231586 0.6006971799 0.9043637392 0.4984543154 0.2984060935 0.6994243740 0.2897174231 0.6022715002 0.5036754007
0.4496072700 0.9969395611 0.3009926670 0.5987575029 0.5984903528 0.6024574793 0.5969536396 0.3969384010 0.3989437979 0.4034651699 0.5954762134 0.5027371295
0.4876994482 0.0000041066 0.3029210534 0.5999674537 0.5990495258 0.5928398659 0.4985207809 0.3003216525 0.5008379306 0.4011427074 0.5955964829 0.5017293400
0.5248207103 0.0000041066 0.2971294105 0.5989201438 0.5990495258 0.6015558349 0.4985207809 0.1983525165 0.4942914659 0.4012051372 0.6029361184 0.5017293400
0.9450822137 0.3651698557 0.3029235480 0.6006789611 0.5989606038 0.5986643158 0.5009110441 0.3002394325 0.4988977683 0.5971124244 0.6037635227 0.5012014462
0.9999862405 0.0000041066 0.2976782408 0.6005131769 0.5994684650 0.8983930344 0.4985207809 0.2025985323 0.5032051023 0.4009395111 0.5985282268 0.5010975203
0.0418316128 0.9867648121 0.2977908095 0.5994340151 0.5983937654 0.6027981529 0.8001785168 0.3027166316 0.4979316987 0.4019783268 0.5966053055 0.4986994325
0.4811164411 0.0638293114 0.3018579728 0.5964984065 0.5984670756 0.6015558349 0.5007645302 0.3999037634 0.4050934467 0.3973937138 0.6026454609 0.5011166166
0.8949484632 0.9121860708 0.2987215182 0.5959514720 0.5980989999 0.5963919132 0.4986148913 0.4016014154 0.3953024874 0.4007743385 0.5969527444 0.5008447435
0.0104341697 0.9989018152 0.2978247134 0.3964641466 0.5983937654 0.6027846368 0.8002129099 0.3038446669 0.4979316987 0.4019145309 0.6022360320 0.4987520705
0.9999981274 0.0000597755 0.2974626409 0.5984988831 0.2004750855 0.8988784101 0.4982635046 0.3004447068 0.5031825046 0.4009584333 0.5988589023 0.5010975203
0.5248207103 0.0000041066 0.2971294105 0.5986931555 0.5990495258 0.6015558349 0.4985207809 0.1983525165 0.4942914659 0.4012051372 0.6029361184 0.5017293400
0.0038266870 0.6189571936 0.3027505812 0.6005133848 0.5980063676 0.9050102090 0.5035786893 0.3001768295 0.3989437979 0.6056478825 0.5954762134 0.5011305489
0.0001911050 0.8441996031 0.3028289263 0.6002665995 0.5978359209 0.5835899508 0.5996757061 0.2953422621 0.5004710462 0.4040639722 0.6008161720 0.4976438985
0.9999969829 0.9190249561 0.2976762450 0.6047053580 0.6006971799 0.9043809555 0.4984543154 0.2984060935 0.6994243740 0.2897174231 0.6022715002 0.5036754007
0.9996927842 0.9785241048 0.7024317793 0.5969199442 0.5993144084 0.9048579353 0.6001986155 0.3031016556 0.5055010675 0.4042758928 0.5974066759 0.5026060334
0.8257055834 0.6189571936 0.3027505812 0.6005133848 0.5980063676 0.9050102090 0.5035786893 0.2995062808 0.3989437979 0.5960027717 0.5965859994 0.5011305489
0.9252764974 0.8224928784 0.3023006758 0.5987575029 0.5983844509 0.6024948308 0.6060504668 0.4058162959 0.4049692819 0.4034777688 0.5954774058 0.5012849721
0.2021083467 0.0000041066 0.3024157421 0.5962610680 0.5995628906 0.6015558349 0.6049437955 0.1901075873 0.5014778195 0.4012051372 0.5954043623 0.5015637752
0.9998424560 0.9981947649 0.7024317793 0.5995843658 0.5993144084 0.9052230812 0.5918424492 0.3991842219 0.5063106014 0.4042921317 0.5978967517 0.5025476467
