0.2879695735 59.8274657462 -30.0909558252
98.4549036313 84.4633678291 -103.3979099791
87.5569621872 0.2631402943 -18.2895393207
26.5433874031 11.1078751314 -16.7848027765
92.4947670221 89.7772407542 -102.8778855846
89.2484388393 89.8590307220 -99.8016125164
67.7777862179 14.9131105582 -39.7790865372
20.5003766655 62.4899121636 -45.3680681994
2.3165257223 46.1227707734 -21.5185481698
59.3380636473 83.2608846033 -72.2644853929
85.4575020972 7.9734549880 -47.0187167021
36.5188030049 5.7943489979 -13.7927429749
63.6630666842 76.9678238654 -71.0649281396
46.6473056562 1.9383945166 -7.5547698646
77.9798666568 24.6224506439 -46.5649987378
57.9374456116 55.8694017170 -55.6587644243
78.6114887309 48.0181402800 -67.5876116702
93.1269558667 79.0820799947 -89.9100012018
9.9987896873 28.6889283444 -17.5415307645
89.8941678877 69.9996558578 -84.3191686214
65.1680854506 87.0757177542 -82.2946485814
93.8893491758 83.1405721782 -95.8915060295
9.6831347510 39.9550019748 -19.5554942577
43.2877674141 29.2676103646 -38.1387960880
96.1015154514 13.3382711430 -48.6653280267
30.8855712361 52.0372576413 -35.2234636924
18.5028535171 16.5902394394 -15.8427392944
75.4431737703 41.4733800312 -61.6885891066
68.0552326478 19.5187694070 -42.6286385459
29.4062468152 83.3626234438 -60.4158872971
49.4901216539 2.7000093199 -18.0601641023
74.8117377625 87.5621154317 -82.5456980864
34.9827062308 83.1196155775 -57.2031412320
77.2060476160 33.8768847686 -59.9932963711
16.3240282148 57.8004949221 -36.3850470977
71.8268042253 69.8528791644 -76.4334777505
5.0727018724 74.5451209164 -42.1686942618
0.6857729082 30.6466536506 -2.9421266172
73.2186231987 64.5892218431 -74.8668882057
51.9456565711 58.1069379143 -49.6489960991
93.1047367982 77.9078612557 -86.8399076711
81.2609031654 37.1355563342 -60.4801600520
71.9324435172 66.6232739729 -73.4671555331
50.5961312072 71.9361998819 -66.9176026165
62.5283755129 62.6194171580 -60.7480507625
6.6931113189 22.7700926507 -9.5011770917
34.4313629486 74.9593205725 -53.4905047991
36.1100487170 15.4285920072 -23.4607449221
57.6777784987 72.9596170510 -67.7554059788
47.3752608523 62.6725298017 -59.2118102094
11.2378444727 9.1348163808 -6.9881228315
53.8152840638 1.3133091821 -27.4763737411
36.5168399212 35.2806372685 -29.2328764048
55.3405677301 0.3388465340 -10.3099810728
13.2031223673 5.1570794965 -6.4088331583
18.0502857700 42.6475007725 -29.8011564204
2.3928798192 15.9488431844 -4.7085209060
41.2413117150 74.5557725257 -63.5258525158
43.2564870793 21.1639344909 -32.3156223833
21.7773557042 85.1823107141 -53.6960512725
81.2841919010 69.3665674236 -79.5538822595
40.0428086979 79.3638517492 -64.3367792679
37.8272513394 13.8387628162 -25.1263573457
89.8608142091 53.7849103109 -68.8525235976
32.8291850379 79.3643233408 -55.4547319969
13.3004651291 48.6706207095 -31.3596718295
1.1039814880 33.2404585889 -15.8853777830
75.3444973182 44.6851401552 -64.2392258781
56.7086958302 81.2595487282 -70.1896200317
89.2374664112 54.5581184619 -78.8933263495
37.8529149241 31.2792013795 -34.7235010093
95.3363603068 13.3392043379 -58.9770749886
10.5920924808 71.8922573768 -44.1116584210
83.5176811656 90.2014265325 -93.7041572411
81.7899445665 23.7298449045 -54.5395456930
6.8237627635 5.1630594562 0.6662106776
16.1950245354 46.0113078914 -25.3435318233
24.7784217011 79.2336502871 -47.5910301225
91.0991618028 24.4938012801 -63.9585618202
93.1892262523 77.1779032158 -92.5050333524
40.3695750934 37.6325842209 -35.1832634063
23.2829789849 1.9826639233 -9.6123406612
36.5145545086 4.2963186268 -11.7506452938
9.3272930396 50.0134478825 -28.0967486250
20.7137206597 9.9303280889 -10.8695238394
94.0647801569 82.1165405129 -93.2144914064
68.5779738964 79.2147863236 -81.1341669912
82.0654223162 74.8015528262 -83.2532293351
89.2103130192 81.2645194775 -86.7486808740
69.8237632400 0.3348121913 -38.0970876323
50.5940315768 59.4459422453 -43.6558029027
78.0046606117 65.9046240244 -75.4605896319
33.4412159055 52.7113021435 -42.6185096425
7.8441591247 50.5022454207 -30.8936066944
0.2879695735 59.8274657462 -30.0909558252
6.0511250533 50.5313839977 -27.3656981017
21.8012908975 31.1755689008 -27.2803553058
14.4073431493 62.6606129506 -32.7263703379
86.7810180550 0.2640815255 0.9238434564
65.1126120072 80.4226850675 -75.7048068247
