0.9988581490 0.9962188718 0.8002890510 0.7033215991 0.4974428720 0.6940705030 0.6074569634 0.2975907054 0.3028605947 0.2983224941 0.4032001579 0.6985850850
0.9999973240 0.8622244100 0.8019401043 0.8078884176 0.9991054584 0.6953323682 0.3073414782 0.1919479011 0.3028605947 0.4919830441 0.5979424421 0.6895492062
0.9991871079 0.9582752317 0.7985874680 0.6959366201 0.5028346643 0.7991583404 0.1002098213 0.2974978982 0.3004040937 0.3053557183 0.4071293291 0.6963842421
0.0038291599 0.9999999587 0.8024319326 0.4045394216 0.4958591666 0.8053035167 0.0965986497 0.2040208979 0.5934509979 0.2987529564 0.4970709556 0.6938575091
0.9999710885 0.9999905226 0.3047831131 0.6958555131 0.6040090135 0.7998004063 0.3033585342 0.2921737710 0.1968754026 0.6927994829 0.4037873929 0.7053629317
0.9999710885 0.9999980530 0.7949858300 0.9020918107 0.4939596215 0.8018608678 0.2009126266 0.2963451003 0.2379942966 0.4946401083 0.5881994325 0.6995285697
0.8858220796 0.0000206322 0.8018062341 0.6002406666 0.4978109738 0.8003172965 0.1069679045 0.1945504844 0.5967588834 0.2977843799 0.5932615875 0.7010372280
0.9999651932 0.9999760752 0.8014028501 0.6968896771 0.5016311369 0.7943994245 0.1002098213 0.2977530558 0.3027671144 0.3053557183 0.4071598354 0.6957491145
0.0001030557 0.9999999587 0.7980846408 0.4045394216 0.4958775409 0.8053035167 0.0965987234 0.2085423509 0.5934509979 0.2987529564 0.4948512870 0.6938575091
0.0000034985 0.0063156975 0.8012596406 0.1955309083 0.5053600556 0.6923007704 0.2971194818 0.2951419907 0.2946541792 0.7956915054 0.3997996834 0.7053900811
0.0001362387 0.8413375799 0.8005733919 0.1956762927 0.4980713785 0.8023592279 0.2958359009 0.3970056057 0.5976424157 0.5027735907 0.6039395059 0.4006881287
0.0202091442 0.0002222136 0.8019348583 0.7033215991 0.9990950730 0.8004182662 0.3029327148 0.3000365710 0.3045908900 0.2983130512 0.3944227355 0.3939651918
0.9991871079 0.9999760752 0.8014028501 0.6968896771 0.5016311369 0.7943994245 0.1002098213 0.2977471894 0.3012540503 0.3053557183 0.4071293291 0.6957357677
0.0000008385 0.6920553189 0.8022354866 0.8061378933 0.4973285102 0.7986191952 0.2956468252 0.4041289340 0.5957699126 0.8012788729 0.5991393245 0.7054610500
0.9999973240 0.9805659299 0.3257915851 0.5620949772 0.9991054584 0.7010599802 0.3025250207 0.1919479011 0.3028605947 0.4633012031 0.5979424421 0.6895492062
0.9999734613 0.0043254145 0.8022716180 0.7033215991 0.9990950730 0.7941564365 0.1001765334 0.1919479011 0.3028605947 0.2983130512 0.4034602476 0.6986294317
0.9478756318 0.0000206322 0.8018062341 0.7953607678 0.5007223526 0.8003172965 0.1069679045 0.1945504844 0.5906263448 0.2982177070 0.5932615875 0.7010968011
0.0011420734 0.9972779750 0.8018039180 0.7969540677 0.5004775408 0.8026025892 0.2949367516 0.0961785729 0.5995513601 0.5027015882 0.5990737539 0.4941093227
0.0001697443 0.0004902999 0.8022658128 0.7033215991 0.6008222598 0.7988547586 0.0957258607 0.1954512037 0.5961533211 0.2993177614 0.4034602476 0.6986294317
0.0000004982 0.0344471895 0.8023046335 0.4045377421 0.4989807442 0.7990531148 0.2956949594 0.4907501408 0.5973927302 0.2955572618 0.6085874537 0.4977008052
0.0000008385 0.8330921967 0.8022354866 0.8054965716 0.4972028462 0.7986191952 0.2970430337 0.4041289340 0.5957699126 0.6011713149 0.4067084458 0.7053984478
0.0000000189 0.9999755226 0.8066542458 0.8946203436 0.5006973897 0.7952040921 0.1014023340 0.3334857510 0.5846593964 0.4007132655 0.6046370585 0.3973240887
0.0948486366 0.0955209579 0.8016568968 0.7015133044 0.4970033062 0.8029197628 0.2955903656 0.4013210556 0.5969941781 0.5027015882 0.5990737539 0.4006881287
0.0000276075 0.9999966153 0.7988632661 0.1940025130 0.4942510687 0.8023405787 0.0259625099 0.5124173931 0.6006920840 0.2917337074 0.6116171958 0.5151771211
0.0037030820 0.2736100570 0.8014016127 0.5927577488 0.4968122789 0.7988307806 0.1973326253 0.3997122393 0.5965540173 0.2977461526 0.4034602476 0.7005569424
0.0253594641 0.7674704265 0.8016886348 0.1995989802 0.6035613119 0.7990065134 0.2994847281 0.5002626971 0.6013812415 0.7018668276 0.5942808081 0.4022042651
0.9991871079 0.9999760752 0.8014028501 0.6968896771 0.5016311369 0.7943994245 0.1002098213 0.2977471894 0.3012540503 0.3053557183 0.4071293291 0.6957357677
0.9148861607 0.0000217355 0.8001654591 0.6073247007 0.9978577481 0.8003688181 0.1977774184 0.2990929601 0.3028775242 0.2982181629 0.4032352115 0.7004618233
0.0038291599 0.9999999587 0.8024319326 0.4045394216 0.4958591666 0.8053035167 0.0965986497 0.2040208979 0.5934509979 0.2987529564 0.4970709556 0.6938575091
0.0037030820 0.2736100570 0.8014016127 0.5927577488 0.4968122789 0.7988307806 0.1973326253 0.3997122393 0.5965540173 0.2977461526 0.4034602476 0.7005569424
0.0132758880 0.0000217355 0.8001641772 0.4000864527 0.9978577481 0.8004364499 0.2919470870 0.2983882014 0.2982908960 0.2982181629 0.6085745027 0.7030385972
0.0202091442 0.0002222136 0.8019348583 0.7033215991 0.9990950730 0.8004182662 0.3029327148 0.3000365710 0.3045908900 0.2983130512 0.3944227355 0.3939651918
0.0000014518 0.9999410885 0.7989684523 0.1904303647 0.4995162404 0.8019413415 0.7021823899 0.3043948913 0.5975144614 0.8031031536 0.4970788711 0.4987289600
0.9999973240 0.8622244100 0.8019401043 0.8078884176 0.9991054584 0.6953323682 0.3073414782 0.1919479011 0.3028605947 0.4919830441 0.5979424421 0.6895492062
0.9603216138 0.0042511281 0.8001832027 0.7036140847 0.5993885986 0.7989019870 0.6033057286 0.1993793406 0.3046007403 0.5059768856 0.4032020302 0.7005044246
0.0000014518 0.9999410885 0.7989684523 0.1904303647 0.4995162404 0.8019413415 0.7021823899 0.3043948913 0.5975144614 0.8031031536 0.4970788711 0.4987289600
0.0003264564 0.0955209579 0.8004611876 0.7969540677 0.4984403742 0.8026025892 0.2958354889 0.0961785729 0.5993388938 0.5027015882 0.5990737539 0.4006881287
0.0253594641 0.7674704265 0.8016886348 0.1995989802 0.6035613119 0.7990065134 0.2994847281 0.5002626971 0.6013812415 0.7018668276 0.5942808081 0.4022042651
0.0011413755 0.0955209579 0.8004611876 0.7969540677 0.4984403742 0.8026025892 0.2958354889 0.0961785729 0.5993388938 0.5027015882 0.5990737539 0.4006881287
0.0253594641 0.7674704265 0.8016886348 0.1995989802 0.6035613119 0.7990065134 0.2994847281 0.5002626971 0.6013812415 0.7018668276 0.5942808081 0.4022042651
0.0000034985 0.0063156975 0.8012596406 0.1955309083 0.5053600556 0.6923007704 0.2971194818 0.2951419907 0.2946541792 0.7956915054 0.3997996834 0.7053900811
0.0000014518 0.9999410885 0.7989684523 0.1904303647 0.4995162404 0.8019413415 0.7021823899 0.3043948913 0.5975144614 0.8031031536 0.4970788711 0.4987289600
0.0802908268 0.0056971129 0.8014016127 0.5927577488 0.6059461227 0.7988251820 0.1973326253 0.2998858801 0.3028605947 0.2977461526 0.4034602476 0.7005569424
0.9478756318 0.0000206322 0.8018062341 0.7953607678 0.5007223526 0.8003172965 0.1069679045 0.1945504844 0.5906263448 0.2982177070 0.5932615875 0.7010968011
0.0802908268 0.0056971129 0.8014016127 0.5927577488 0.6059461227 0.7988251820 0.1973326253 0.2998858801 0.3028605947 0.2977461526 0.4034602476 0.7005569424
0.0802908268 0.0391266596 0.8014016127 0.5927577488 0.6059461227 0.7988251820 0.1973326253 0.2998858801 0.3028605947 0.2977461526 0.4034602476 0.7005569424
0.0011413755 0.0955209579 0.8004611876 0.7969540677 0.4984403742 0.8026025892 0.2958354889 0.0961785729 0.5993388938 0.5027015882 0.5990737539 0.4006881287
0.9991871079 0.9503603969 0.7985939564 0.6959366201 0.5028346643 0.7991524958 0.1002098213 0.2977471894 0.3012540503 0.3053557183 0.4071293291 0.6963842421
0.9991871079 0.9999760752 0.8014028501 0.6968896771 0.5016311369 0.7943994245 0.1002098213 0.2977471894 0.3012540503 0.3053557183 0.4071293291 0.6957357677
0.9999734613 0.0043254145 0.8022716180 0.7033215991 0.9990950730 0.7941564365 0.1001765334 0.1919479011 0.3028605947 0.2983130512 0.4034602476 0.6986294317
0.9999734613 0.0043254145 0.8022716180 0.7033215991 0.9990950730 0.7941564365 0.1001765334 0.1919479011 0.3028605947 0.2983130512 0.4034602476 0.6986294317
0.9991871079 0.9999760752 0.8014028501 0.6968896771 0.5016311369 0.7943994245 0.1002098213 0.2977471894 0.3012540503 0.3053557183 0.4071293291 0.6957357677
0.0802908268 0.0056971129 0.8014016127 0.5927577488 0.6059461227 0.7988251820 0.1973326253 0.2998858801 0.3028605947 0.2977461526 0.4034602476 0.7005569424
0.9991871079 0.9503603969 0.7985939564 0.6959366201 0.5028346643 0.7991524958 0.1002098213 0.2977471894 0.3012540503 0.3053557183 0.4071293291 0.6963842421
0.9991871079 0.9999760752 0.8014028501 0.6968896771 0.5016311369 0.7943994245 0.1002098213 0.2977471894 0.3012540503 0.3053557183 0.4071293291 0.6957357677
0.0802908268 0.0056971129 0.8014016127 0.5927577488 0.6059461227 0.7988251820 0.1973326253 0.2998858801 0.3028605947 0.2977461526 0.4034602476 0.7005569424
0.9991871079 0.9999760752 0.8014028501 0.6968896771 0.5016311369 0.7943994245 0.1002098213 0.2977471894 0.3012540503 0.3053557183 0.4071293291 0.6957357677
0.9999734613 0.0043254145 0.8022716180 0.7033215991 0.9990950730 0.7941564365 0.1001765334 0.1919479011 0.3028605947 0.2983130512 0.4034602476 0.6986294317
0.0000014095 0.9999826477 0.8066542458 0.8946203436 0.5006973897 0.7952040921 0.1014023340 0.1944972576 0.5846593964 0.4007132655 0.6143048856 0.3973240887
0.9999734613 0.0043254145 0.8022716180 0.7033215991 0.9990950730 0.7941564365 0.1001765334 0.1919479011 0.3028605947 0.2983130512 0.4034602476 0.6986294317
0.0011413755 0.0955209579 0.8004611876 0.7969540677 0.4984403742 0.8026025892 0.2958354889 0.0961785729 0.5993388938 0.5027015882 0.5990737539 0.4006881287
0.0011413755 0.0955209579 0.8004611876 0.7969540677 0.4984403742 0.8026025892 0.2958354889 0.0961785729 0.5993388938 0.5027015882 0.5990737539 0.4006881287
0.9999734613 0.0043254145 0.8022716180 0.7033215991 0.9990950730 0.7941564365 0.1001765334 0.1919479011 0.3028605947 0.2983130512 0.4034602476 0.6986294317
0.0000004982 0.0000046070 0.8022781890 0.4000682341 0.4103842262 0.7947704166 0.2956949594 0.4907501408 0.5973972790 0.2907059058 0.5997960493 0.4083095270
0.0047718022 0.0305700792 0.8014016127 0.6037563644 0.6009088137 0.7986130199 0.1973326253 0.2998858801 0.3028605947 0.2980350819 0.4103920079 0.7005569424
0.0802908268 0.0006444198 0.8014016127 0.5927577488 0.5918006522 0.7988251820 0.1973326253 0.3000509259 0.3026584977 0.2977461526 0.4034602476 0.7005569424
0.9721653054 0.1441227422 0.8020153316 0.6987158116 0.6037610468 0.7989259825 0.3013561716 0.5997215995 0.2012775393 0.6976174152 0.4034602476 0.7012290158
0.9603216138 0.0002282607 0.7984462307 0.7036140847 0.5993885986 0.7988554161 0.1043869482 0.2035464524 0.1989708357 0.5059768856 0.4034602476 0.7005044246
0.0802908268 0.0056971129 0.8014016127 0.5927577488 0.6059461227 0.7988251820 0.1973326253 0.2998858801 0.3028605947 0.2977461526 0.4034602476 0.7005569424
0.0802908268 0.0056971129 0.8014016127 0.5927577488 0.6059461227 0.7988251820 0.1973326253 0.2998858801 0.3028605947 0.2977461526 0.4034602476 0.7005569424
0.0000014518 0.9999410885 0.7989684523 0.1904303647 0.4995162404 0.8019413415 0.7021823899 0.3043948913 0.5975144614 0.8031031536 0.4970788711 0.4987289600
0.0000014095 0.9999826477 0.8066542458 0.8946203436 0.5006973897 0.7952040921 0.1014023340 0.1944972576 0.5846593964 0.4007132655 0.6143048856 0.3973240887
0.9999734613 0.0000023321 0.7982895108 0.7033215991 0.9990950730 0.7993531222 0.0955285560 0.1948701206 0.3102032519 0.2987877242 0.4037921390 0.6986294317
0.9603216138 0.0042511281 0.8001832027 0.7036140847 0.5993885986 0.7989019870 0.6033057286 0.1993793406 0.3046007403 0.5059768856 0.4032020302 0.7005044246
0.0253594641 0.7674704265 0.8016886348 0.1995989802 0.6035613119 0.7990065134 0.2994847281 0.5002626971 0.6013812415 0.7018668276 0.5942808081 0.4022042651
0.0011413755 0.9771110098 0.8004510286 0.7969540677 0.4984403742 0.8025990402 0.2958354889 0.1993201388 0.5993388938 0.5028516952 0.5990737539 0.4006881287
0.9988581490 0.9962188718 0.8002890510 0.7033215991 0.4974428720 0.6940705030 0.6074569634 0.2975907054 0.3028605947 0.2983224941 0.4032001579 0.6985850850
0.0994917600 0.9893312845 0.8004474524 0.7015133044 0.4958579852 0.8026025892 0.2955903656 0.4014271425 0.5956139746 0.5027015882 0.5092089553 0.4006881287
0.0000034985 0.0063156975 0.8012596406 0.1955309083 0.5053600556 0.6923007704 0.2971194818 0.2951419907 0.2946541792 0.7956915054 0.3997996834 0.7053900811
0.9999734613 0.0690651077 0.8022504801 0.7033215991 0.5048041278 0.7942043161 0.1001765334 0.1892078916 0.3054149525 0.2983130512 0.6020792638 0.6011386158
0.9999741048 0.2222998511 0.7980448203 0.7989285532 0.1935334260 0.8016010103 0.7059625234 0.0958433854 0.5979105305 0.5033834010 0.1973093932 0.3981989474
0.9999734613 0.0000468511 0.8019431766 0.7033215991 0.9991054584 0.6974789860 0.3054966664 0.1919479011 0.3028605947 0.2987702333 0.4034602476 0.6896602572
0.0011413755 0.6914077839 0.8005733919 0.7969540677 0.4982110821 0.8023592279 0.2958359009 0.4008742412 0.5993388938 0.5027735907 0.5990737539 0.4006881287
0.0136182061 0.0000217355 0.8002992298 0.4000864527 0.9978577481 0.8004364499 0.2919470870 0.2983882014 0.2982908960 0.2987760531 0.6085745027 0.7030385972
0.0000274337 0.0792225233 0.7994099042 0.1946980298 0.5045985205 0.7991133593 0.2943335404 0.2943235265 0.5989854358 0.4982936156 0.4973684430 0.4012679571
0.9988581490 0.9962188718 0.8002890510 0.7033215991 0.4974428720 0.6940705030 0.6074569634 0.2975907054 0.3028605947 0.2983224941 0.4032001579 0.6985850850
0.0000149771 0.9999747603 0.7982949579 0.4043370526 0.4964514312 0.7993208731 0.0965774208 0.3113000049 0.2915333077 0.2987262044 0.5137853202 0.5098634022
0.0000000189 0.9999823737 0.8066542458 0.8946203436 0.5006973897 0.7952040921 0.1014023340 0.3334857510 0.5846593964 0.4007132655 0.6046370585 0.3973240887
0.9721653054 0.1441227422 0.8020153316 0.6987158116 0.6037610468 0.7989259825 0.3013561716 0.5997215995 0.2012775393 0.6976174152 0.4034602476 0.7012290158
0.0038291599 0.9999999587 0.8024319326 0.4045394216 0.4958591666 0.8053035167 0.0965986497 0.2040208979 0.5934509979 0.2987529564 0.4970709556 0.6938575091
0.0000014095 0.9999826477 0.8066542458 0.8946203436 0.5006973897 0.7952040921 0.1014023340 0.1944972576 0.5846593964 0.4007132655 0.6143048856 0.3973240887
0.9991871079 0.9503603969 0.7985939564 0.6959366201 0.5028346643 0.7991524958 0.1002098213 0.2977471894 0.3012540503 0.3053557183 0.4071293291 0.6963842421
0.9999734613 0.8246226091 0.8023262074 0.7033215991 0.9991033649 0.7922092246 0.3054966664 0.2970024010 0.3028605947 0.2983137049 0.4031676614 0.6980534788
0.0994917600 0.9893312845 0.8004474524 0.7015133044 0.4958579852 0.8026025892 0.2955903656 0.4014271425 0.5956139746 0.5027015882 0.5092089553 0.4006881287
0.9999734613 0.0000023321 0.8019842685 0.7033215991 0.9990950730 0.7993531222 0.0955497848 0.2012044403 0.2111953272 0.2987893739 0.3984824946 0.6986294317
0.0000000189 0.8186945168 0.8066542458 0.8322273144 0.5006973897 0.7955876696 0.1004373480 0.3291462703 0.6016597071 0.4007132655 0.6046370585 0.3973240887
0.9999710885 0.9999978545 0.7949858300 0.9098723704 0.4939596215 0.8018608678 0.2009126266 0.2963451003 0.2335098212 0.4946401083 0.5881994325 0.7063824581
0.0202091442 0.0000444925 0.8019348583 0.6917366896 0.9990950730 0.8004357519 0.3029327148 0.3000365710 0.3045908900 0.2983206851 0.3944227355 0.3712192257
0.9999973240 0.8633262567 0.8019401043 0.9069294559 0.9974053170 0.8016854354 0.3081743866 0.4720220885 0.3028605947 0.6981926756 0.5979424421 0.7028727293
0.0000276075 0.9999966153 0.7988632661 0.1940025130 0.4942510687 0.8023405787 0.0934705141 0.5542419152 0.5929276237 0.2917337074 0.6116171958 0.5151771211
