0.0000526249 0.9812999520 0.4907756187 0.4840601329 0.5069218810 0.5051278918 0.5014107124 0.5084371104 0.5192504276 0.5018737114 0.5059668977 0.5112507695
0.9994602607 0.0016868242 0.5044430820 0.4826423354 0.4942246974 0.5050249377 0.4952463097 0.5011268144 0.5144066394 0.5057492813 0.5203664546 0.4944135435
0.9832783063 0.9999904579 0.4910984585 0.4647545057 0.5164001035 0.5050715443 0.4945492162 0.4956400973 0.4848155240 0.4660122440 0.5119440179 0.4894194037
0.4147177909 0.3957307266 0.5101487918 0.5498753716 0.5005342634 0.5025265708 0.4943023054 0.5036993511 0.4664623651 0.4944284765 0.5320205960 0.5129836878
0.6868116076 0.5384859378 0.5156722294 0.5166156745 0.4669928889 0.4898057961 0.5009928003 0.5061245151 0.5243991355 0.5045311553 0.5143208265 0.5103416547
0.4975636275 0.0814809113 0.4956450630 0.4834885474 0.4914516872 0.5031601233 0.4952287892 0.5088367732 0.4524771975 0.4956215125 0.5183290433 0.4798200891
0.2906192696 0.4034998958 0.4921339505 0.5502968956 0.4726112199 0.4896240368 0.4907918143 0.5013249495 0.5035566946 0.4955909100 0.5144298571 0.5070559108
0.2492449002 0.1443840498 0.4965106712 0.5263659335 0.5029798661 0.5168179228 0.5098404245 0.5051783573 0.5228898522 0.5151382055 0.5186705685 0.5103472733
0.7097004017 0.9139245923 0.5140430081 0.5407727242 0.5085173368 0.5002535033 0.5080419061 0.4622432494 0.5163805927 0.4950269916 0.5066616264 0.4882691104
0.2315463504 0.2733563982 0.5093686666 0.5178281783 0.5052993320 0.5044864630 0.5108207797 0.5087349434 0.5171769454 0.5027422223 0.4695421229 0.4668312271
0.8980471720 0.6656461831 0.4907809232 0.5434476900 0.5032973282 0.5051864758 0.5077920129 0.5026107952 0.5029822912 0.5172130440 0.5261332553 0.5059058616
0.6821876790 0.5860109337 0.4966251070 0.4776954041 0.4702591243 0.5065659493 0.4881613616 0.4898977137 0.5464914840 0.4869258556 0.4772297309 0.4504062916
0.3329169636 0.0420834830 0.4907809232 0.5428216015 0.5032973282 0.5051864758 0.5074027910 0.5026107952 0.5165436342 0.5200087891 0.5261332553 0.4961768405
0.1996229680 0.4400784763 0.5032008557 0.5225047074 0.5166460643 0.4996559249 0.5089651498 0.5068965891 0.5195732622 0.4973443894 0.5104672849 0.5484826637
0.6276007142 0.5384859378 0.5156722294 0.5166156745 0.4669928889 0.4906375244 0.5009467878 0.5061245151 0.5243991355 0.4891896555 0.5143208265 0.5478874719
0.6718867200 0.3160925708 0.5042850553 0.4945011500 0.4683121178 0.4848122309 0.4964979077 0.5351473982 0.5114963837 0.4988654353 0.5238242441 0.4867267474
0.2735752632 0.8444812155 0.3841152691 0.5221929605 0.4963879027 0.4981647403 0.4950950340 0.5345905799 0.4562260551 0.4971451491 0.4657919830 0.4824151054
0.5875251917 0.0783456621 0.5117683127 0.4810622101 0.5549097744 0.5017884250 0.4992496560 0.4979111994 0.5109253608 0.4948317024 0.5145491704 0.4850618785
0.4706760668 0.6212861406 0.4882156698 0.4824661568 0.5004147540 0.5071173060 0.5087638794 0.5418744547 0.5054918504 0.5074088473 0.5045261698 0.4827267229
0.2735752632 0.8736513637 0.3841152691 0.5221929605 0.4963879027 0.4985139277 0.4950950340 0.5345905799 0.4562260551 0.4974330996 0.4668081524 0.4824151054
0.0547123052 0.5097685882 0.5060430330 0.4774960707 0.5070948101 0.4842091901 0.5094049678 0.5058840315 0.5119478477 0.4971382931 0.5239311638 0.4809202257
0.3644038188 0.3957307266 0.4975316584 0.5509788156 0.5002584537 0.4953463773 0.4938417931 0.5040141121 0.4705959424 0.4944284765 0.5141514733 0.4643314555
0.4275523417 0.6383383945 0.4946469036 0.4786264076 0.4987350129 0.4820757045 0.5038942115 0.5070842999 0.5099168545 0.4919812098 0.5083995380 0.5030325396
0.8293124115 0.3998031160 0.4959811057 0.5159192005 0.5334421784 0.4981932896 0.5067987368 0.5363111083 0.4799991181 0.4861366258 0.4568576511 0.4529621457
0.0416933320 0.5860109337 0.4974097003 0.4790843737 0.5410743514 0.5065659493 0.4881613616 0.4922266735 0.5464914840 0.4858625515 0.4772297309 0.4514278720
0.2145121761 0.3998031160 0.5199395698 0.5143771933 0.5036432687 0.4995492650 0.4965325423 0.5359287150 0.4861953615 0.5231980917 0.5182072149 0.5043222194
0.0946807909 0.7867553557 0.5127336789 0.5260415054 0.4897293524 0.5062431686 0.5045209459 0.5017684379 0.5035883199 0.4910075710 0.5100870941 0.4898272960
0.1408851239 0.5948405780 0.5055486382 0.4653332245 0.4930066875 0.4937570818 0.4905488292 0.5175751687 0.5033356346 0.5201919981 0.4706599386 0.4904200684
0.1688988705 0.4109294527 0.4906412575 0.5537548542 0.4729037206 0.5052105859 0.5017863330 0.5044183380 0.5228568582 0.4956241739 0.5101048154 0.4693906754
0.0091697854 0.6135202243 0.4970641984 0.5561116118 0.4973578730 0.5024556603 0.5095506450 0.5015832599 0.5242372245 0.5242081160 0.3617633886 0.5081594045
0.6783496237 0.9139245923 0.5140606093 0.5171706049 0.4681103670 0.4992256140 0.5233240733 0.4622432494 0.5243728673 0.4950269916 0.5155500754 0.5126989785
0.7397169142 0.0538219177 0.5140430081 0.5124049300 0.4681103670 0.4992256140 0.5243418869 0.4622432494 0.5248465459 0.4950269916 0.5090478370 0.4882691104
0.5728022172 0.0954713733 0.5047537852 0.4877050591 0.5029257203 0.5082236747 0.4946284882 0.5239504729 0.4791886002 0.4929781298 0.5209838894 0.4880954482
0.5349643899 0.9439319971 0.4902615926 0.4716227748 0.5151118674 0.4967247690 0.4942694397 0.5042057042 0.4620158947 0.4944284765 0.5141514733 0.4643314555
0.3897460157 0.2153260720 0.5137554522 0.5283498534 0.3403752538 0.4843951594 0.5045209459 0.4930417185 0.4673323292 0.4903717811 0.5100870941 0.4624022124
0.7728077743 0.0538219177 0.5140430081 0.4860285121 0.4681103670 0.4997793282 0.5233657180 0.4603626001 0.5248335303 0.4950269916 0.5090944122 0.4882691104
0.1843359494 0.0672704772 0.4963160675 0.5217730712 0.5300850337 0.5079848935 0.5045209459 0.5017684379 0.5035883199 0.4956897953 0.4758332080 0.4898169897
0.1361701985 0.6845381018 0.5055801711 0.5339228527 0.5132998172 0.5084940254 0.4898600122 0.5140014982 0.5207003576 0.5037239484 0.5083687710 0.4962734823
0.0240724026 0.3102833179 0.5028057806 0.5083639310 0.5058387781 0.4784428837 0.5014448631 0.5064369340 0.5150923739 0.4937666978 0.5212903919 0.4806859517
0.0547123052 0.3766900670 0.5060430330 0.4749936749 0.4803888860 0.4831593672 0.5094049678 0.5043286054 0.4867162107 0.4971382931 0.5232460706 0.4809202257
0.5144821783 0.4280345058 0.4923371796 0.5178281783 0.5001072272 0.5079760148 0.5108207797 0.5458084393 0.5022847343 0.5007387554 0.4686719025 0.4668312271
0.1187879947 0.0716463476 0.4961838335 0.5159192005 0.5370038308 0.4995492650 0.5045209459 0.5386817937 0.5195805653 0.5509408434 0.4542574635 0.5043222194
0.1144113135 0.1180794188 0.5053534193 0.5203473508 0.5026299584 0.4969543553 0.5049115370 0.5049977272 0.5122480720 0.5030521252 0.5212386297 0.4973344550
0.2693808775 0.3787603398 0.5072218829 0.5223984279 0.4726112199 0.4896240368 0.4907999440 0.5124270990 0.5035566946 0.4955909100 0.5084922095 0.5070665950
0.5085249520 0.9141761793 0.5088183480 0.4784586400 0.4992301541 0.4967251535 0.5067150737 0.5077807127 0.5104839337 0.4992242356 0.4724253944 0.5070342162
0.0850048011 0.5641143004 0.4980618545 0.4790544640 0.5076784043 0.5042182176 0.4951011921 0.4950444647 0.5470650203 0.4911873221 0.4772297309 0.4429284185
0.7427495224 0.4355373142 0.4909900891 0.5104664014 0.4949769224 0.5056312439 0.4968438066 0.5074121394 0.5099697576 0.4994486760 0.5156037563 0.5070342162
0.1925627866 0.0794074184 0.4956450630 0.4683782320 0.4913739130 0.5031601233 0.5015964670 0.5088367732 0.4511271393 0.4956215125 0.5197845287 0.4798200891
0.8027083731 0.4218152700 0.4983685242 0.5441105463 0.5015466898 0.5036931525 0.4945492162 0.4954485052 0.4892619945 0.4660122440 0.5119440179 0.4894194037
0.1750148443 0.3819253838 0.4947596717 0.5223502530 0.5182295759 0.5150119413 0.4980904327 0.5147687793 0.5184016430 0.5093600625 0.4586427065 0.4845005318
0.7430274874 0.6402894996 0.4924951983 0.4810622101 0.5566819927 0.5017884250 0.5000659433 0.5054738964 0.5116177600 0.4948317024 0.5145491704 0.5057907530
0.8021462516 0.7137333218 0.5071091828 0.4846921295 0.5509516798 0.5037201950 0.4966238674 0.5144829828 0.5281450340 0.5008801090 0.5148139130 0.4879772218
0.7602418028 0.6319129157 0.5134072677 0.4811069881 0.5570754317 0.5030662104 0.5030242326 0.5071573931 0.5119493642 0.4948317024 0.5145491704 0.4863053417
0.2617441712 0.0606173531 0.5201642323 0.5126429174 0.5011989837 0.5042277721 0.5025040141 0.5030355072 0.5259427595 0.4914775417 0.5062206699 0.5479497505
0.1539871679 0.5133294131 0.4946469036 0.5137303669 0.4987350129 0.5078494692 0.5039244822 0.5309308857 0.5112762337 0.4919812098 0.5083654386 0.5030325396
0.0641315311 0.8018551090 0.5032762456 0.4856642323 0.4896235333 0.4822043748 0.5103235218 0.5095694742 0.5042399583 0.4971382931 0.5239311638 0.4827267229
0.0063379757 0.4719798144 0.5032699887 0.5221935368 0.4965507734 0.5620595843 0.4982067696 0.5353184760 0.5120335773 0.4971171172 0.5238242441 0.4843496256
0.0295635690 0.2599732903 0.5094001994 0.5388080807 0.5132998172 0.5084940254 0.5102488992 0.5140014982 0.5194111491 0.5037239484 0.5061721521 0.5588800295
0.6149509523 0.2991732449 0.5138938133 0.5221935368 0.4978377249 0.4859151883 0.4964979077 0.5075186618 0.5243793468 0.4970834245 0.5238242441 0.4928939668
0.3210028946 0.0606173531 0.5201642323 0.5126429174 0.5011989837 0.5033960438 0.5025500266 0.5030355072 0.5259427595 0.5068190414 0.5062206699 0.5104039332
0.0672282560 0.7499216913 0.5061854032 0.5172001838 0.5257068265 0.5031236238 0.4912407083 0.5101471994 0.4532226085 0.4953562389 0.5182021574 0.4950962565
0.5745104903 0.9143863769 0.5226186809 0.5169978774 0.4686170126 0.5028733971 0.5098262059 0.5048467401 0.4996758846 0.5242081160 0.5177734697 0.4693817618
0.2207724074 0.1072205810 0.5072567006 0.4795797630 0.5535647317 0.4896681073 0.4962897547 0.5043774856 0.5148019245 0.5025475485 0.4723092907 0.4978443332
0.7007467068 0.3957307266 0.5094111014 0.4991952306 0.4700217200 0.4991794242 0.4877334702 0.4561107724 0.4664623651 0.4949803438 0.5320205960 0.5129836878
0.3938845723 0.0136454911 0.5045211528 0.5428216015 0.5032973282 0.4847867450 0.5716012421 0.5342771157 0.5165436342 0.5071812820 0.5252186467 0.4961768405
0.2358378485 0.4021792679 0.4920134611 0.4545245305 0.5015459904 0.5133973248 0.5047774154 0.5066897940 0.5035566946 0.4956241739 0.5071075586 0.5005344482
0.3022897788 0.9648577510 0.4886596363 0.5263659335 0.5052022134 0.5073960557 0.5011429261 0.5051783573 0.5296697033 0.5018945992 0.5065100708 0.5210007202
0.1943400940 0.8058722813 0.5052412528 0.5221935368 0.4960973911 0.5620595843 0.4982067696 0.5350154814 0.5120335773 0.5086374081 0.5238242441 0.4844331280
0.0964656259 0.8914044261 0.4943284609 0.5182157558 0.5300850337 0.5079848935 0.5045209459 0.5018574684 0.5001175994 0.5284864629 0.4680139987 0.4898169897
0.3701584396 0.9072095350 0.5205490319 0.4787619297 0.5019354361 0.5047928492 0.5114250582 0.5023509813 0.5291481643 0.4956775595 0.5107237538 0.5081683181
0.7845069629 0.7137333218 0.5071091828 0.4846921295 0.5530372667 0.5001751947 0.5044059135 0.5148408696 0.5236914368 0.5007845233 0.5148139130 0.5074626748
0.1686988202 0.1465429349 0.4965106712 0.5263439055 0.4947618790 0.5168179228 0.5108246747 0.5078549922 0.5129644324 0.5040072325 0.5186705685 0.5103472733
0.3473515321 0.6563185006 0.4682267250 0.5659948496 0.5087734078 0.4990820679 0.5308788965 0.5045740964 0.5185504311 0.5565088749 0.5061532957 0.5021310100
0.5249114774 0.6674445685 0.5044583789 0.4877349688 0.5388190094 0.5079294682 0.4946284882 0.5038844335 0.4892726081 0.4929585051 0.5209838894 0.5017529061
0.3111313167 0.3819253838 0.4939961415 0.4654676732 0.5182295759 0.5150119413 0.4945356416 0.5149211443 0.4668394817 0.5025870877 0.4586427065 0.4822176832
0.8566314485 0.6675822920 0.4969601812 0.5563712508 0.4686170126 0.5028733971 0.5098262059 0.5049205341 0.5031167795 0.5242081160 0.5271022282 0.4542586829
0.4649121743 0.8677038297 0.5088183480 0.4784571711 0.4987180271 0.4822033675 0.5012432469 0.5077807127 0.5209362820 0.4992242356 0.4724253944 0.5070342162
0.1256483995 0.7010558200 0.4966771133 0.4609402722 0.4894319235 0.5024623779 0.4943023054 0.3968693431 0.5027183558 0.4950642664 0.5228576003 0.4897411125
0.5978399825 0.8197998008 0.4953681553 0.4819962946 0.4696894348 0.5088525405 0.4966147358 0.5080650103 0.5104076938 0.5012814418 0.5156037563 0.5066568292
0.0601718957 0.5384859378 0.5164568227 0.5180046441 0.5378081159 0.4898057961 0.5009928003 0.5084534749 0.5243991355 0.5034678512 0.5143208265 0.5113632351
0.0946807909 0.2153260720 0.5135882240 0.5260415054 0.3403752538 0.5061965439 0.5045209459 0.4930417185 0.4673323292 0.4903717811 0.5100870941 0.4624022124
0.1669854066 0.6307955393 0.5047711968 0.4786649045 0.4983415739 0.4808811116 0.4995030347 0.5054008033 0.5043709462 0.4969587321 0.5083995380 0.4810602019
0.2626504931 0.4969736803 0.5100725560 0.4908972820 0.4965585548 0.5547341512 0.4795825271 0.5040981775 0.5210788104 0.5023515223 0.4600198595 0.4833704495
0.4469045309 0.6244757827 0.5127336789 0.4827693844 0.5010605076 0.4824742193 0.5035721212 0.5036779030 0.5099368301 0.4910075710 0.5101211935 0.4898272960
0.4454111991 0.6307955393 0.5122810628 0.4785816296 0.4983415739 0.4807979192 0.4993033477 0.5054008033 0.5096175185 0.4919812098 0.5083995380 0.4810602019
0.7605197678 0.6323297801 0.5117683127 0.4810622101 0.5566819927 0.5017884250 0.4992496560 0.5054738964 0.5116338941 0.4948317024 0.5145491704 0.4850618785
0.2882971589 0.6306296143 0.4960125407 0.4874894364 0.5457423128 0.4812078831 0.5082241136 0.5064614514 0.5046103238 0.4974389290 0.5186841297 0.5476495300
0.3192304222 0.8021207033 0.5116536541 0.4823784967 0.4994061548 0.4851362736 0.4873590621 0.5050316889 0.5116516454 0.5000347061 0.4563002068 0.4833704495
0.3755039007 0.7010558200 0.4966771133 0.4631518987 0.4894319235 0.5027449004 0.4943023054 0.4000856480 0.5028226083 0.4950642664 0.5228576003 0.4941084836
0.0455653980 0.6668614619 0.4961473944 0.5505755121 0.5667661573 0.4994348326 0.5041155873 0.5024062086 0.5236947612 0.4951913664 0.5144227092 0.5073163713
0.5998879035 0.3160925708 0.5135527660 0.5221935368 0.5084541143 0.4859151883 0.4964979077 0.5351473982 0.5148651940 0.4937010470 0.5209966167 0.4877359625
0.0155338415 0.6140743830 0.4970093163 0.5598527618 0.4971903839 0.5072034094 0.5099832208 0.5016412208 0.5235429233 0.5254167491 0.5247334557 0.4926900400
0.3453025219 0.3102833179 0.5115577167 0.5191508910 0.5024232930 0.4812665115 0.4935435155 0.5047768141 0.5122914678 0.4940263325 0.4743045456 0.4564800508
0.1601868445 0.0032899623 0.5106479688 0.4675320199 0.5024023984 0.5050249377 0.5016139875 0.5011268144 0.5130878693 0.5057492813 0.4726302482 0.4944135435
0.5598958615 0.0757797538 0.4928394297 0.4885017404 0.5037152639 0.5082236747 0.5066682563 0.4963217364 0.4885640748 0.4930033749 0.5206067499 0.4934739062
0.0763143106 0.8317233830 0.5053573917 0.5168930929 0.5021367667 0.5070880219 0.5099832208 0.5023025266 0.5233298777 0.5101336489 0.5109561390 0.4930733347
0.3922991278 0.9139245923 0.5147982998 0.5185550114 0.4986229104 0.5025727607 0.5298929086 0.5098318282 0.5243728673 0.4944751243 0.5155500754 0.5126989785
0.0917158693 0.4994668668 0.5127336789 0.5178733438 0.5010605076 0.5082479840 0.5036023919 0.5275244887 0.5112962094 0.4910075710 0.5100870941 0.4898272960
0.0832334672 0.3402735596 0.5120336044 0.5170198866 0.5034315262 0.5073811412 0.5062743376 0.5020073221 0.5241633597 0.4934131873 0.5111787596 0.4929799292
0.3701584396 0.1095163504 0.5205490319 0.4801327339 0.5019354361 0.5047928492 0.5015107721 0.5011548578 0.5228568582 0.4956241739 0.5111942746 0.5081683181
