80.5774594409 0.4991913680 -42.6601417394
98.0255985134 88.6751432911 -104.1414617775
0.4018398993 16.6799654943 -2.4558021241
67.3248559890 83.3451746905 -83.0959068177
93.8650730146 65.1157734161 -78.9561098469
89.2348777384 84.6095964972 -95.5015261693
74.8284054885 86.1326657008 -87.6163239329
80.5523317761 9.0972385295 -47.1797962551
36.2393883592 17.0029822176 -19.6645089827
61.5156999473 58.1161430470 -60.7265726988
71.6764406927 73.0362908897 -75.6305687708
91.0095216024 11.0751314025 -51.1266347328
26.2529371768 15.1291383023 -10.6363740976
59.5223579843 75.5276589033 -69.8824395982
18.2408537266 41.6331755500 -21.6284929386
14.3071521115 75.8245856830 -38.2759402524
28.9199963433 64.7970039270 -44.7139965159
47.0148239818 25.6657976503 -30.7572828699
50.1674495590 67.4985983433 -61.6431935284
2.1519167546 37.1438342612 -12.3497998733
82.0825270488 83.3435070545 -88.1787769113
22.5004282154 36.2926521453 -17.5363641266
54.2357509417 49.5581791146 -53.4847254459
21.0047528622 18.5471391111 -8.4889806537
25.0842309411 52.4907772190 -32.0782574504
2.7092230348 45.4438910857 -21.9864081677
32.1631443535 25.6153662530 -24.3681176264
16.9367313289 4.3125168010 -3.8406639433
76.8791142967 42.9993265420 -56.8396013603
93.8236232227 60.5638589401 -78.1213564461
14.8830668115 0.6910207655 0.1647646314
58.8405970601 55.4891013261 -57.4748868286
48.8523452374 62.3153881453 -51.8605502879
73.3935259499 44.1680719375 -58.8872141359
13.2539606945 33.4824647760 -16.2278459974
75.2261033372 35.8960287847 -54.8862068465
41.6561136836 6.8957088826 -19.7056623009
82.5246649714 67.1032631686 -73.4444223971
84.1554918582 84.1078489325 -91.6635698486
1.6483638182 79.0070619045 -36.4210046541
73.5216592310 59.6288152665 -65.3841426864
3.9012838224 78.8048520750 -37.9163739808
40.3393717044 6.8397663155 -14.5130166123
63.0279313536 65.7702530316 -64.3186557905
69.4133041349 72.7988272428 -71.6243580844
20.8020549192 71.4415698157 -44.3671966518
78.4676186468 5.6246555740 -41.7341980683
6.3807904699 16.1969462448 -1.1160550920
86.1629014432 49.4423550339 -72.2756731782
33.1180820802 0.5510953789 -8.0578677631
11.4902537747 82.2134179696 -40.5498936504
91.6663592171 28.9827562252 -55.9491596055
75.0431628925 21.7279477539 -48.1393112382
24.1930336149 28.0194437802 -11.9255035683
88.3945695029 20.4927641071 -49.9447519015
15.4730802292 42.8058392084 -27.4577754108
79.2125158602 40.5837170463 -55.6031441970
0.8604448766 69.0018333632 -31.9506704571
10.0685048851 13.3340904377 -4.6272014254
41.8378653082 45.0827658557 -35.7567536631
35.4640594341 84.7513580819 -62.5370379653
70.1885336263 72.7052177249 -65.3065756640
12.3350670033 61.1770711068 -25.3532567916
44.9968024933 61.1536410479 -44.0982434456
64.1194730451 24.1707802391 -40.6441121134
66.2295835892 25.0030430443 -43.5722269881
3.2632923715 27.7632770339 -2.5956066374
84.0780853650 4.2392972461 -44.1918666389
90.2885258339 28.9908229961 -60.8678813579
65.6761246674 50.3593839026 -59.6199426137
52.8452676132 31.5416152769 -41.7491866892
58.5514904457 14.6997567451 -26.5046192980
58.3211686520 84.9349304896 -72.2270498205
58.8441599126 6.0191380359 -28.7521154136
35.9321868778 54.6992281946 -35.3857524399
64.5478255050 16.3735577390 -33.1348957871
84.1039759497 83.3871685938 -91.6283625138
59.2316798532 23.2263253588 -35.0849755197
7.7436216468 84.5238207892 -49.4723386331
0.5272912932 82.0851002579 -35.4448308333
86.2584452547 50.9001196986 -72.6007133075
59.9571084057 0.7265990901 -15.6869017706
62.1895447976 84.8137405817 -76.4747291220
25.3687233249 1.9697906632 -6.7916997023
74.6103956226 72.7093239755 -67.4076445975
45.1621331851 6.8086333515 -15.5778302194
55.4612829830 84.9271186628 -66.9782286685
48.9973416756 70.9029848235 -59.3971713564
21.0502488957 36.3565185256 -22.8305770584
86.0755566125 34.0037155236 -63.5842850911
89.2348777384 84.6095964972 -95.5015261693
3.2046468687 34.5428794269 -11.2320292402
84.8753419417 41.4399794861 -64.0332853995
56.2202811529 31.0288735221 -36.6815164557
13.5658245669 13.4410906751 -6.0980997202
56.1645568851 31.4850574055 -45.0090013589
46.9473146042 62.2828676535 -49.6024585284
88.3989077688 20.3781002421 -51.7450693479
40.5218963144 45.0275962741 -27.9460827165
3.2181184864 64.4148184394 -22.4344508889
