0.4277228942 0.3647744870 0.3980842154 0.4819231166 0.4091440663
-0.3452296410 -0.4146007747 -0.3659127760 -0.4283338346 -0.3609877250
-0.0482569358 -0.1288662820 -0.0199220288 -0.0803250467 -0.1709217251
-0.2735877896 -0.1696646700 -0.1924070465 -0.1378692897 -0.2029874199
-0.3581369195 -0.2739897436 -0.3616492442 -0.4199121826 -0.3608802781
-0.0960578872 -0.1980012391 -0.2311484764 -0.1720674001 -0.2289163835
0.2743846842 0.1613626230 0.1966131140 0.3031697893 0.2303702270
-0.0356806386 -0.1331542535 -0.1452973673 -0.0792762016 -0.1240067241
-0.2932636866 -0.2035491306 -0.2426706646 -0.2034334392 -0.2332986835
0.0384973211 -0.0699957694 0.0008331563 0.0316783026 -0.0395002095
-0.0133828159 -0.0263715762 0.0489223410 -0.0661824878 -0.0340692293
0.1576211739 0.1856054633 0.2238518225 0.0911720135 0.1296941446
-0.2932636866 -0.2035491306 -0.2426706646 -0.2767041469 -0.2298284572
-0.0943902373 -0.1229635955 -0.2311484764 -0.1720674001 -0.1299461736
-0.2915960367 -0.1285114870 -0.2426706646 -0.2767041469 -0.1308582473
0.2968446752 0.3540625209 0.3431444007 0.3034198082 0.2940497241
0.2335471984 0.1784998478 0.1757439718 0.1516226709 0.2299105529
-0.0373883917 -0.1242720690 -0.0420655978 -0.0794937474 -0.1199199220
-0.1841903245 -0.1131190864 -0.1214574913 -0.0801854713 -0.1316210930
0.2053369020 0.1782546539 0.2049146663 0.1516226709 0.2850531746
-0.0613463021 -0.1018006201 -0.0323351167 -0.0729813232 -0.0276718716
0.1665542648 0.1856054633 0.1413446347 0.1787425640 0.1609672294
0.1071585013 0.1731030557 0.1316589414 0.1430642961 0.1114055944
0.0143478530 -0.0247194820 0.1280772156 0.0026636419 -0.0329512336
0.2241244546 0.2549927805 0.2759754480 0.2948163318 0.3131811213
0.3489300058 0.3617253742 0.3563143484 0.3014247394 0.3881965881
-0.0374819861 0.0014868115 -0.0575611030 -0.0852261829 0.0379814340
-0.2906960980 -0.2658164139 -0.3620374152 -0.3837289604 -0.3374304119
0.2335471984 0.1818267683 0.1758357697 0.2726716504 0.2132035254
0.1665542648 0.1856054633 0.1434823903 0.2867963442 0.1609672294
-0.1064579016 -0.1901347823 -0.2311484764 -0.1720674001 -0.1299461736
0.2256636401 0.2237668398 0.2112239108 0.2827458591 0.2533124698
0.2838229354 0.2237668398 0.2112239108 0.2826877531 0.2533124698
-0.2918210858 -0.1821637884 -0.2426706646 -0.1720674001 -0.2487857631
-0.2932636866 -0.3015061603 -0.3253452118 -0.2767041469 -0.2192201952
-0.3473819978 -0.2658164139 -0.2063816165 -0.3837289604 -0.3374304119
-0.3255085509 -0.4011265974 -0.3258857402 -0.1971111222 -0.3587879725
0.1233034352 0.0522038905 0.1542930280 0.0252246270 0.0954788565
-0.0142661463 -0.0321992277 0.1061622626 0.0026636419 0.0554308478
-0.3460356543 -0.1695500695 -0.3258857402 -0.1714900405 -0.3273006949
-0.0133828159 -0.0263715762 -0.0392086470 -0.0661824878 -0.0331078359
-0.3452296410 -0.3838253904 -0.3659127760 -0.4283338346 -0.3609877250
-0.1616277905 -0.1285217586 -0.1267009172 -0.1704895506 -0.1988205125
0.0109343767 -0.0321992277 0.1051032763 0.0026636419 -0.0331121868
0.0117479151 0.1746219067 0.0795794250 0.0307322172 0.0687466341
-0.3473819978 -0.2259874169 -0.2063816165 -0.3837289604 -0.3374304119
0.1576211739 0.1856054633 0.2238518225 0.1644427210 0.1262239182
0.0907947824 0.0524174710 0.1322550669 0.1449574312 0.1669565413
0.4315411814 0.3648821441 0.3630638694 0.4489277007 0.3436184501
-0.0782000060 -0.0081048172 -0.0131101481 -0.0668193620 -0.0276555577
-0.0665284953 -0.1285217586 -0.1267009172 -0.1665943766 -0.0497243421
0.1188575539 0.1731030557 0.1477615563 0.1430642961 0.1114055944
-0.0613463021 -0.0436563098 -0.0224909161 -0.0729813232 -0.0276718716
0.2241244546 0.3023222263 0.2453588019 0.2948163318 0.2546346212
0.1761160447 0.0783768436 0.1316296066 0.1387092966 0.1014902190
0.2822837499 0.3131370905 0.2730761373 0.2947582257 0.3131811213
0.1344842704 0.0615785591 0.1249165440 0.0905967555 0.1224711097
-0.0665284953 -0.1301801315 -0.1184269984 -0.0029559899 -0.0589653094
-0.0963154059 -0.2130184758 -0.2311484764 -0.1920328843 -0.1299461736
-0.1902090112 -0.1288662820 -0.0199220288 -0.0803240959 -0.1709217251
-0.2953977591 -0.2191788488 -0.2744203751 -0.3730716092 -0.2207689018
0.1234780719 0.0523173602 0.1246612688 0.0870248211 0.0954788565
0.1234780719 0.0458857517 0.0444718222 0.0927429306 0.0948648365
0.1576211739 0.1991815017 0.2238518225 0.1644427210 0.3226840512
-0.0482569358 -0.1328990159 -0.1377162338 -0.0803250467 -0.1709217251
0.1059697871 0.1848817056 0.1386629520 0.1787425640 0.1131331615
0.3846392030 0.3617253742 0.3176251498 0.2487374808 0.4130721932
0.0501963737 -0.0699957694 0.0169357713 0.0316783026 -0.0395002095
0.0540169272 0.0417925246 0.0887962574 -0.0596060606 0.0766115879
0.0540169272 0.0417925246 0.0908765890 0.0722513628 0.0687466341
-0.0665284953 -0.1285217586 -0.1267009172 -0.1704895506 -0.1989771148
0.0540169272 0.0419129512 0.0908765890 0.0707479415 0.1719638169
0.2621024768 0.2237668398 0.2112239108 0.2826877531 0.2533124698
0.1343096337 0.0614650894 0.1545483032 0.0287965614 0.1224711097
0.2822837499 0.2549927805 0.2759754480 0.2947582257 0.3131811213
-0.0128685281 -0.0178225580 0.0173619887 0.0419307488 -0.0258677837
-0.0111915140 0.0614650894 -0.0286676006 0.0287965614 0.1224711097
-0.0484025269 -0.1946143494 -0.1889913247 -0.1707979383 -0.1709217251
-0.2717165103 -0.1821637884 -0.2426706646 -0.1720674001 -0.2330327558
-0.0313182350 0.0043636451 0.1226828362 0.1322538497 0.0389235448
0.1091881788 0.0614650894 0.1156443226 0.1469100847 0.1224711097
-0.0658107878 0.0417925246 0.0408902265 0.0285901454 0.0964671223
-0.0613463021 -0.0436563098 -0.0352344273 -0.0729813232 -0.0276718716
0.1586979741 0.1856054633 0.2238518225 0.1644427210 0.1621170947
-0.0133828159 -0.0263715762 -0.0392086470 -0.0700776618 -0.1823606085
0.0474571126 0.0417925246 0.0408902265 0.0307322172 0.0687466341
-0.1841903245 -0.1247157811 -0.1214574913 -0.0904760009 -0.1316210930
-0.2906960980 -0.2658164139 -0.3620374152 -0.3657676912 -0.3374304119
-0.0613463021 -0.0436563098 -0.0352344273 -0.0729813232 -0.0276718716
-0.0373883917 -0.1792343282 -0.0443816859 -0.0706442542 -0.0264207097
-0.0142661463 -0.0321992277 0.1051032763 0.0026636419 -0.0331078359
0.1023558166 0.0418764131 0.0117757549 0.0694531886 0.0815763988
-0.0963154059 -0.2130184758 -0.2311484764 -0.1920328843 -0.1299461736
-0.0665284953 -0.1285217586 -0.1267009172 -0.1704895506 -0.1989771148
0.0117479151 0.1746219067 0.0668359138 0.0307322172 0.0687466341
0.0117479151 0.0417925246 0.0795794250 0.0307322172 0.0687466341
0.3573488110 0.3503561924 0.3630638694 0.4489277007 0.3436184501
-0.2953977591 -0.2191788488 -0.2744203751 -0.3730716092 -0.2207689018
-0.0618400132 -0.1155786651 -0.1267009172 -0.1668727050 -0.1989771148
0.1586979741 0.1856054633 0.2238518225 0.1644427210 0.1632627134
