-14.4318229106 -11.6270134569
-19.9964836955 0.0062699515
-19.9964836955 0.0062699515
-19.0705947905 -0.0079869153
-17.0424627025 -3.8752781776
-17.9426107270 -3.8714207436
-18.8488937315 -0.4410201004
-18.9373667545 -0.2269133342
-16.4697319460 -5.9182254433
-18.3896579936 -2.2167184843
-15.3887250209 -8.5897288742
-18.6494721007 -1.0826854462
-15.2324104942 -9.1111192222
-15.6376573597 -7.7481072537
-15.8844422087 -7.7460778981
-15.2816025480 -8.8083081748
-16.2116944107 -7.0081613748
-18.2120347247 -3.0800945220
-18.3132687915 -2.5830142441
-16.2452974825 -6.8321849742
-15.9945478279 -7.6487545529
-18.1909289341 -3.1687805140
-18.4606533635 -1.8794332808
-16.9233343012 -3.9965448917
-18.5639563409 -1.4223771202
-16.8940420582 -4.1360221810
-14.6257354523 -11.3335409845
-15.4248169198 -8.4302198108
-16.5811439925 -5.4206175412
-16.6671108282 -4.9169204510
-14.8928012473 -10.6138475614
-18.7514887220 -0.6986346196
-16.6487049830 -5.0907719003
-16.7355957182 -4.6616527438
-14.9208464547 -10.3994611127
-14.5260037658 -11.5139312097
-18.7897974793 -0.5940060150
-16.8032102065 -4.4429732544
-15.1891557396 -9.3994235103
-16.4187604938 -6.1598735416
-15.5097966181 -8.1281254678
-16.7780021220 -4.5041058432
-16.3170237794 -6.6607617873
-18.2661315727 -2.8216424154
-16.3585651298 -6.4797534433
-14.7531018289 -11.0949296286
-18.2661315727 -2.8216424154
-15.0700331381 -9.9084507123
-15.1472183816 -9.5790982597
-18.1398540501 -3.4005948403
-16.0495653563 -7.5552907396
-16.3693032951 -6.2312383172
-14.8357276166 -10.8267671172
-16.1627958997 -7.1747238034
-18.6980786502 -0.9051134661
-18.1347546152 -3.4210624485
-15.1073911881 -9.7486033828
-15.0011370428 -10.1933445220
-18.3370125566 -2.4721631907
-15.5874948581 -7.8877784991
-14.4952572697 -11.5250639429
-15.2937369992 -8.7222769492
-18.0536827721 -3.6986959842
-15.4586503703 -8.2951688454
-14.6350558222 -11.2983820845
-17.9995297240 -3.8216761322
-18.6980786502 -0.9051134661
-17.0088055787 -3.9227879660
-15.4723047140 -8.2455684860
-14.8979809763 -10.5251095533
-18.4832964512 -1.7448275304
-16.3691613411 -6.4129757103
-18.6009381019 -1.2660086595
-14.6987245850 -11.2048630488
-18.6009381019 -1.2660086595
-18.4201502153 -2.0728518847
-16.5445237120 -5.6057134229
-15.1357462760 -9.6267835958
-14.9776266211 -10.2984730966
-16.8526356662 -4.2966444765
-16.5121447232 -5.7643651008
-16.8526356662 -4.2966444765
-18.5294985469 -1.5696948993
-18.0846823427 -3.6032814289
-16.6067849676 -5.2961217548
-16.7355957182 -4.6616527438
-19.0259343310 -0.0764996772
-18.5294985469 -1.5696948993
-15.0296268268 -10.0652882583
-15.0895146204 -9.8405426873
-18.0269626839 -3.7668274341
-16.5445237120 -5.6057134229
-15.5409060007 -8.0273544519
-15.1957830823 -9.3176328770
-16.3021142378 -6.7204165512
-14.4360849283 -11.6263984205
-15.6200209924 -7.7881284546
-18.4201502153 -2.0728518847
-14.8094180419 -10.9234822087
-16.6170173575 -5.2488583595
