-0.0003505421 -0.0000217959 0.0015298682
-1.1528056956 -1.1634545179 -1.1527631105
-0.0005335048 0.0001314557 -0.4826920147
-0.0003765288 0.0000058608 0.0015298682
0.0000893451 0.0000044809 -1.1524950161
-1.1151227449 0.0000409791 -0.5016898140
-1.1517176538 -0.0000105922 -1.1527558501
0.0000933951 -0.0000626628 -0.9282621388
-1.0678092601 -0.6173559988 -1.0697592118
0.0008909877 0.0000426784 -0.8011962791
-1.0588938163 -0.9355388611 -1.1170814913
-1.0262989544 0.0000532442 -0.8833302275
-0.0003679727 -0.0000203412 -0.9986045556
-1.0116633753 -0.0061038290 -1.0902930082
-1.0465344411 -0.7357313170 -1.0526696117
-1.0018466211 0.0005273543 -0.9443364402
-1.0600299404 0.0000080425 -0.9918280720
-0.8755461831 0.0000825662 -0.9703074770
-1.0465344411 -0.7887741296 -1.0601567114
-1.0273736718 0.0007968134 -0.8993902598
-1.0678092601 -0.6603270105 -1.0697592118
-1.0102064585 0.0006132554 -1.0605735747
-1.0583592147 -0.0000121815 -1.0937238117
-0.9526157041 -0.0000500792 -0.9267117355
-1.1515001992 -1.0508618995 -1.1052396164
-1.1225036755 -0.0594098320 -1.1508700078
0.0001003264 -0.0013718271 -0.6370604816
-0.0003679707 -0.0000206636 -0.5563077103
-1.0504400551 -0.7828815613 -1.1052688080
0.0007127573 0.0001240177 -0.7165395708
-0.0003090985 0.0001551290 -0.8332569858
-0.9409180151 0.0000507448 -0.9267117355
-0.0005943758 0.0003234896 -0.7724702472
0.0001709766 0.0001686514 -1.1062252033
-0.0004670222 0.0000865069 -1.0265166963
-1.1515001992 -1.0306930025 -1.1090055824
-1.0584403412 -0.7380586231 -1.0726259806
-1.0115364560 -0.0000121751 -0.9540527409
-1.0099926497 0.0005246963 -0.7475704250
-1.0585440331 -1.0504925532 -1.0764205306
0.0008909877 0.0005282328 -1.0446507246
-0.0003765288 0.0000058608 -0.5248308857
-1.0615232618 -0.0053779585 -0.9280672126
-1.0292895295 0.0053210378 -1.0983798946
0.0002539591 0.0000123017 -0.8393195919
0.0000981495 0.0005368826 -0.6193235571
-1.0590043453 -1.0303236563 -1.0655933264
-0.0003090985 0.0001551290 -0.8943906393
-0.9843519785 -0.0000202498 -1.0389313227
0.0008909877 0.0005282328 -0.7386219814
0.0008909877 0.0000528223 -0.8789171641
-1.0691802018 -0.6173559988 -1.0697592118
-1.1507882364 -1.1149623011 -1.1519649887
0.0000981495 -0.0000136293 -0.9614800982
0.0000981495 0.0003332741 -0.7869577138
-0.0005943758 0.0005270982 -0.5821464561
-0.0005092979 0.0001305063 -1.0677926034
-1.0825767451 -0.9219066088 -1.0834168728
-1.1528056956 -1.1048244555 -1.1527631105
-1.1179713679 0.0000434385 -1.0745769749
0.0001709766 -0.0000147509 -1.0052859860
-1.1183502401 -0.7977981591 -1.0775262791
-1.0298728034 0.0003755424 -0.6480290154
-0.0000283435 -0.0015149311 -0.6671974222
-1.1082870103 -1.0295849717 -1.1014932500
-1.1160003377 -0.9656365838 -1.0784534016
-1.1030807117 -0.6859385304 -1.0697592118
-0.0007272804 -0.0002539822 -0.6974568360
-1.0603075082 0.0002592520 -0.6421154829
-1.0980640510 -0.9424769906 -1.1083365268
-1.0115622975 -0.0000121751 -0.9854107877
-0.9991069694 0.0001847018 -0.8035675014
-0.0000283435 -0.0015149311 -0.6671974222
-0.0002926661 -0.0000172220 -0.8663187286
-0.0005568301 -0.0000159304 -0.9484365336
-1.1395357951 -0.0015267795 -0.5154299274
-1.0602524669 -0.8404116048 -1.0823522360
-1.0262989544 0.0000431003 -0.8056093426
-1.1073134710 -0.0000979290 -1.1108149932
-1.1184779857 -0.8740472898 -1.0776239497
-0.0005943758 0.0003234896 -0.7497806127
-1.0505506486 -0.0018478468 -0.7360649306
-1.0505506486 -0.0018478468 -0.7360649306
-1.0590043453 -1.0504925532 -1.0618273604
-1.0600299404 0.0003294586 -0.6367881548
-1.0898453778 -0.8708865642 -1.0801785930
-0.0003765288 0.0000058608 -1.1235880731
-1.1514910052 -1.0737231141 -1.1090055824
-1.1129487953 -1.0306930025 -1.0983798946
-1.1170864780 -1.1194373680 -1.0983798946
-1.0123524000 0.0003755424 -0.6563963142
0.0000981495 -0.0000136293 -0.9614800982
-1.1268204339 -0.0000598450 -0.5016898140
-1.0733673806 -0.9284682965 -1.0574207415
-1.0290827010 -0.0000121751 -0.9770434889
-1.1512566857 -1.1640422626 -1.1517288621
-1.1170864780 -1.1194373680 -1.0983798946
-1.0870174628 -0.6426940668 -1.0660340020
-1.0602524669 -0.9110763016 -1.0266166968
-0.0002926661 -0.0000172220 -0.8663187286
