-0.0002706244 0.0000018752 0.0000162984
-1.1529995787 -1.1470088797 -1.1590905851
-0.4908167342 0.0002276566 0.0005082541
-0.0013835704 0.0000016043 -1.1530465162
-0.5285682590 -0.0000001096 -1.0917072977
-1.0740025431 -0.5664690666 -1.1115981787
-0.8635778871 0.0008434004 0.0000602490
-1.0630235453 -0.9266245894 -1.0918066781
-0.0013835704 -0.0000026460 -0.7036883681
-1.0600534201 -0.6878814898 -1.0909773698
-1.1511481796 -0.0000033964 -1.1540345683
-1.1149241259 -0.6913365374 -1.0561434076
-0.7415007797 -0.0001756570 -1.0589977601
-1.1006762431 -0.0000011722 -0.7400162934
-1.1169218380 -0.9945370835 -1.0358528422
-1.0839287722 -1.0838820286 -1.0889885896
-1.0894508122 -1.0485763480 -1.0889885896
-0.5688205256 0.0009630359 0.0005082541
-0.0013835704 -0.0000023014 -0.8381857455
-0.9553578363 0.0000549413 -0.9809614880
-0.5966125993 0.0000265236 0.0004502234
-1.0636777751 -0.7573275944 -1.0678941251
-0.9385166348 0.0000549413 -1.0255697152
-0.5352509779 0.0011010168 -0.0007716332
-0.9545271670 -0.0000034999 -0.0010008564
-1.0562942524 -0.0000750593 0.0005106242
-1.0577283321 -0.6515507649 -1.0803273109
-0.9445623525 0.0002877695 -0.8301374274
-1.0753712147 -1.0070037053 -1.0905613678
-1.0811599184 -0.9685095731 -1.0786033974
-0.7614365878 0.0000252354 0.0002093469
-1.0222160375 -0.0054284946 -1.0918303008
-0.0013835704 0.0000549413 -1.0196837908
-1.0770922108 0.0000252354 -1.1401931152
-0.8926207664 0.0000910151 0.0002093469
-0.9976749810 -0.0000944611 0.0000132936
-0.5298952812 0.0011143819 -1.1005471635
-1.0139147971 0.0000890594 -0.9803530186
-0.9986794511 0.0011062728 -0.8952796066
0.0055545000 -0.0000010218 -0.6681739057
-1.0404838594 -0.0001768863 -0.6841768496
-1.0809169450 -0.9437252870 -1.0930037949
-1.0327779396 -0.8908088218 -1.0905613678
-0.7377780734 0.0000008755 0.0000996929
-1.0704512016 -0.0000001096 -1.0924688577
-0.7279844034 -0.0000750593 -0.0008534227
-0.9844267458 0.0000220626 0.0002207746
-0.5331925079 0.0001030419 -1.1509899262
-1.0577283321 -0.6515507649 -1.0803273109
-1.0600174696 -0.8901044927 -1.0909773698
-0.8233695641 -0.0000790595 0.0000313523
-0.8946116684 -0.0000540022 0.0002093469
-0.8947512111 0.0000549413 -0.9571070822
-1.0081291348 -0.0249003226 -1.0918303008
-0.6621591617 -0.0000012166 -1.0927980786
-1.0919185834 0.0008244387 -0.9803530186
0.0010528665 0.0000549413 -0.9187496011
-0.9385166348 0.0013427189 -1.0174612309
-1.1233159109 -1.0618476284 -1.1552134945
-1.0733690389 -0.0001756570 -1.0589977601
-1.1330473764 0.0000003250 -1.1222683388
-0.7614365878 0.0000252354 -0.9469727787
-1.0586530460 -0.8089958646 -1.0941633206
-1.1128169115 -0.8786404250 -1.0895227838
-1.0592865335 -0.8089958646 -1.0657811884
-0.9933820165 0.0000549413 -0.9204867154
-0.5082858483 0.0000945559 0.0000294851
-1.0636777751 -0.8467184943 -1.0411947517
-1.0944705671 -1.1522057616 -1.1495140173
-1.0176429639 0.0002730026 -1.0248662046
-1.1345574653 -1.0073534239 -1.0905613678
-1.0853888115 -0.0000466226 -1.0895227838
-1.1108671111 -1.1371413973 -1.0895227838
-1.1406346116 -1.1042493170 -1.0917072977
-0.9933820165 0.0000549413 -0.9204867154
-1.1127200668 0.0000220626 -1.0842252673
-0.6404278304 -0.0001076957 0.0001585944
-1.0630442876 -0.8467184943 -1.0914359482
-1.0183820294 -0.0000557215 0.0002093469
-0.7919134588 0.0000017728 -0.0000908632
-1.1127200668 0.0000220626 0.0002207746
-1.0294419371 -0.0001768863 -0.6841768496
-0.7951891180 0.0000017728 -0.0000090736
-1.1185484809 -0.7484257729 -1.0561434076
-1.0698106287 -0.0001756570 -1.0589977601
-0.0013835704 0.0000549413 -0.9376290230
0.0010528665 0.0000549413 -0.9187496011
-0.9388230788 0.0002621168 -0.8201366385
-1.1330473764 0.0000003250 -1.1222683388
-0.9516658409 0.0068685269 -0.8899292081
-0.5585537992 -0.0001027772 -1.1299805964
-1.0809169450 -0.9437252870 -1.0930037949
-1.0664329909 -1.0637297683 -1.0652125238
-0.9976749810 0.0002730026 -1.0254258365
-1.1128169115 -0.8786404250 -1.0895227838
-0.9912273043 0.0011062728 -0.8927079775
-0.6247335368 0.0012799338 0.0013095720
-1.0636777751 -0.8467184943 -1.0630538160
-0.9468920645 0.0015515822 -0.0009929928
-0.7739880595 0.0011637586 0.0000162984
