2.6539932641 2.6607910624 0.7155978105
1.2202435075 0.4593426812 3.7360359973
0.6539900343 2.0541041630 3.3964943262
2.5958676917 3.7174799301 0.8763735714
1.2500460769 0.7074210059 3.0038030391
4.2983552205 1.9284267960 0.7406629364
3.7469287821 1.7765644524 0.8137533724
1.4615602700 0.8205865500 2.6482117651
2.7274136060 2.6205401783 0.7526920124
2.5958840482 2.2766710365 0.8248056685
0.6660077151 1.8769319058 3.5121782351
0.9828861998 1.2063048015 2.0726374151
0.7413918515 0.9657654904 2.7989499474
1.6599502684 2.0359819000 1.4278502718
1.7053315556 1.9488264582 1.6205164018
1.1296677896 0.4770773505 3.2687831310
3.1324357203 1.7492793826 0.9124434145
3.0489225170 1.3603556972 0.9477381524
0.8509594038 0.5818876399 3.1106631085
3.2812266820 1.2901062572 0.9760317866
1.8605143868 1.6392084665 1.4395265134
2.3126672096 1.4660456780 1.0147886011
2.8060627328 0.9007425228 1.1162801867
0.8134448004 1.0219938275 2.3948994953
2.4551009817 0.8475580399 1.7284808624
3.3161874017 0.9582533094 0.9993307582
0.6757549854 1.7799118103 3.1408225263
1.0097483436 1.0573479160 2.1785996035
2.1342427546 1.1408694295 1.4769124335
2.0174147258 1.5470097317 1.3976151474
0.7371170896 1.3188847156 3.0686939062
1.2055090414 1.0819980074 1.9677752080
3.4909456540 1.8469083373 0.7982970794
0.8556988771 0.9723448776 2.6741247239
1.0711940095 0.4718647056 3.7143719857
3.6175327222 0.7877058084 0.9338082738
2.6103583572 0.7249346889 1.6267434644
2.5576290376 1.0783042981 1.2542727229
1.1296677896 0.4770773505 3.2687831310
2.9818832291 0.6895843774 1.8819442939
1.2055115045 0.9852630016 2.1054575166
0.7026293881 1.5194266721 2.4626226936
2.3239957093 0.8124515419 1.8004048665
2.7515321285 0.9515611357 1.2185575048
2.1189110080 1.2534256548 1.8053475250
0.6609636110 1.7935084547 3.6369062617
0.6539900343 2.0541041630 3.3964943262
2.7095908589 2.2375594436 0.8295580720
0.8040653717 1.1900809643 2.4185239892
2.2806853299 0.7784423644 2.1938365007
2.1097085964 0.8382916821 2.4871624537
3.7469287821 1.7765644524 0.8137533724
2.1244498654 0.8126595576 2.5072261485
2.1729869381 0.7193675139 2.2683963149
0.7716332055 1.0219996653 2.6130573910
2.1764469659 0.8826416055 1.7256233732
1.9257673143 2.0900332133 1.3056656812
1.7855313180 1.5869269289 1.8905311324
2.5149809233 0.7461216087 1.3458249168
2.1844918670 1.5541870117 1.0815055002
1.7635008151 1.6878175346 1.9076839024
3.0572809884 2.0189522018 0.7665419067
0.7714490390 1.2270846706 1.9641798604
2.1729869381 0.7193675139 2.2683963149
1.7912199389 1.6565792955 1.5232109460
2.2441776310 1.4991656606 1.3803555928
1.9361774141 1.5443713694 1.7275572548
0.7540377086 1.3003093229 2.7459978390
1.0881310797 0.8791459924 2.4082485967
3.5831960339 0.9171245396 1.1090859789
2.2658813168 0.8493684449 1.3351593547
1.9256027981 1.7400650118 1.3394153259
2.2280947459 1.5506235930 1.3690579191
0.6609636110 1.7935084547 3.6369062617
2.8645421733 0.5465172751 2.4975026795
2.1862803313 1.8181191648 1.0003989266
2.7337975949 2.1657611920 0.8081837388
2.8645421733 0.5465172751 2.4975026795
2.7515321285 0.9515611357 1.2185575048
3.2958133859 1.7135909562 0.9318049966
2.9133960448 1.1028679812 1.0955326205
2.9818832291 0.6895843774 1.8819442939
3.4909456540 1.8469083373 0.7982970794
2.7337975949 2.1657611920 0.8081837388
2.5045529112 1.1112053522 1.0970054058
0.9987613184 1.7873569015 1.7867849998
0.7540377086 1.3003093229 2.7459978390
4.3043080173 1.9128312408 0.7404633686
2.8409708124 1.8614736073 0.8017112565
3.5831960339 0.9171245396 1.1090859789
2.8481054083 2.2362731371 0.7416234404
0.7716332055 1.0219996653 2.6130573910
2.3093365619 1.7223735262 1.0011292661
2.4827257263 0.7805520872 2.1911211099
1.9257673143 2.0900332133 1.3056656812
1.7912199389 1.6565792955 1.5232109460
2.9133960448 1.1028679812 1.0955326205
1.7635008151 1.6878175346 1.9076839024
1.7912199389 1.6565792955 1.5232109460
2.9818832291 0.6895843774 1.8819442939
