0.9106095919 0.1654528755
0.0053525761 1.0008629587
0.5387915405 0.3258500805
0.8196704797 0.1659980700
0.6872082765 0.2958431535
0.6132728174 0.3175267130
0.7328718329 0.2594422179
0.5184422294 0.3613303224
0.6299380150 0.3060144485
0.4647873873 0.3672266114
0.7540356411 0.2324385045
0.7157193385 0.2716125959
0.8076502050 0.1837472847
0.7028731677 0.2905525539
0.2316075466 0.5641525912
0.3876797600 0.4309049624
0.8026120928 0.2014415155
0.1544669591 0.6293201733
0.3607071921 0.4610773018
0.4089036750 0.4151440586
0.3300503183 0.4613746644
0.0133998754 0.9184492832
0.5296575973 0.3383781244
0.0101500578 0.9656635583
0.1050834143 0.6998548919
0.4530273107 0.3884813677
0.5228447600 0.3477649408
0.1688448942 0.6145036350
0.4590318831 0.3744734086
0.0113228540 0.9414744015
0.1404731087 0.6478113049
0.2665882811 0.5359856012
0.3271200326 0.4721875608
0.2195755946 0.5679740352
0.7763138763 0.2321210561
0.2945299995 0.4975088053
0.1136969389 0.6853007854
0.2563312255 0.5534835968
0.0213081711 0.9065582399
0.1938418510 0.5915668265
0.0406475377 0.8437165416
0.0054552270 0.9808385915
0.8196704797 0.1659980700
0.3620505750 0.4469275186
0.0407959790 0.8260539376
0.1643369350 0.6250884386
0.3185934804 0.4815734862
0.1822249244 0.5998043837
0.0448765726 0.8047402284
0.3096094276 0.4924166150
0.1757299253 0.6024929337
0.2586191715 0.5470462621
0.6291135239 0.3129146303
0.3697738151 0.4407164907
0.3826144835 0.4390747062
0.0952730334 0.7161109635
0.0346690335 0.8494027708
0.1008848843 0.7079254975
0.0432210704 0.8178622168
0.0124219558 0.9359238722
0.2734903549 0.5296669652
0.0315376071 0.8611733253
0.2901198821 0.5108303960
0.0830756483 0.7384383395
0.4256873154 0.3987673261
0.2019032042 0.5888870809
0.7850922077 0.2092532457
0.0576073434 0.8036693008
0.0594078139 0.7944505152
0.0708432249 0.7587847760
0.1249849754 0.6668386631
0.7830780127 0.2197137381
0.1228730919 0.6762779814
0.2850110995 0.5236091841
0.1394837503 0.6590754462
0.2170276886 0.5804109127
0.0915616824 0.7253677790
0.4395192823 0.3956978386
0.0894993355 0.7327191366
0.4146590033 0.4133182504
0.0295117531 0.8694398782
0.0707960031 0.7738805756
0.4411548844 0.3915687028
0.0079955775 0.9744182201
0.6132728174 0.3175267130
0.3149433819 0.4889660142
0.7824871201 0.2291235687
0.0677682996 0.7758372542
0.0217550187 0.8905047440
0.1171355471 0.6817021713
0.0753363866 0.7551649869
0.2827721399 0.5260816792
0.0215886621 0.8968093524
0.4203090630 0.4051670979
0.0224632033 0.8798930932
0.2133262244 0.5854418546
0.0779590476 0.7462578890
0.0604044040 0.7825980660
0.2563312255 0.5534835968
0.0604044040 0.7825980660
