0.0459915746 1.1155336973
1.0802481180 0.0466497370
0.1218559450 1.0357829123
0.2858566309 1.0270239070
0.6249569189 0.7286826596
0.5594021649 0.8575222982
0.4869037522 0.9170232459
0.6695027031 0.6837667219
0.4482731782 0.9216824748
0.9786612211 0.2524094019
0.9275201094 0.3177900303
0.4989712084 0.8780135079
0.7525074162 0.5989471233
0.5698560854 0.8250763084
0.6938136172 0.6772366207
0.3394913887 0.9909124538
0.7990560959 0.5555952585
0.9060889312 0.3646990293
0.8435798371 0.4649415853
0.3096493399 1.0015125310
0.8423021235 0.4964585550
0.0468986396 1.0715573032
0.8942923591 0.4011164321
0.8854661902 0.4363300630
0.7644919498 0.5600668327
1.0114202392 0.1637654957
0.9596899957 0.2631317565
0.2899795568 1.0086881841
0.8802359400 0.4416611372
0.7202353376 0.6022709272
0.6166466811 0.7877738994
0.6461475931 0.7022944966
0.4036729328 0.9514970214
0.3570638593 0.9670850178
0.8262354719 0.5003951389
0.8915447366 0.4016798577
0.6461475931 0.7022944966
0.5861246121 0.7951040269
1.0083591462 0.1905884814
0.7644919498 0.5600668327
0.4220398924 0.9498399356
1.0495024406 0.0682282962
0.9544582241 0.2822127170
0.7133822923 0.6213917916
0.6235524231 0.7664132773
0.5979667186 0.7890630421
1.0266405174 0.1322014144
0.0991939244 1.0370682944
1.0171683739 0.1489249208
0.9186440393 0.3426787624
0.0561174603 1.0574186511
1.0479295264 0.0898804357
1.0031041989 0.1956407678
0.9821843862 0.2156444618
1.0559899099 0.0497724055
0.9832146241 0.2024770585
0.4899901178 0.8902136687
0.4377036139 0.9376919974
0.5281542436 0.8609981106
0.3829537217 0.9574994196
0.9123130522 0.3643257867
0.0892577708 1.0407572392
0.8165065479 0.5147116366
0.8112082215 0.5277074134
0.3818365287 0.9641256128
0.8584789623 0.4583333734
0.7056340376 0.6396366674
1.0333997359 0.1092629231
0.6977262081 0.6538340377
0.5281542436 0.8609981106
0.0737600531 1.0535336887
0.8584789623 0.4583333734
0.0743351579 1.0463595058
0.3578975662 0.9644288755
0.6235524231 0.7664132773
0.4336156150 0.9425259639
0.9544582241 0.2822127170
0.9247161211 0.3387660353
0.5860092869 0.8192648820
0.3329963960 0.9991195748
1.0239395312 0.1383237958
0.7091241844 0.6300819972
1.0519957601 0.0542894502
0.9583951839 0.2821096712
0.8045730839 0.5448966925
0.9265270720 0.3233319606
0.0504038009 1.0677563624
0.7413176026 0.6010109837
0.5857574243 0.8220322788
0.6978002309 0.6504092923
0.8159435738 0.5236852598
1.0341027452 0.1086449771
1.0454959096 0.1035141208
0.5281542436 0.8609981106
0.8045730839 0.5448966925
1.0458065232 0.1027200212
0.4899901178 0.8902136687
0.3329963960 0.9991195748
0.9825118983 0.2109373939
0.7413176026 0.6010109837
