0.9836997539 0.5539896278
0.7034368829 1.0018800909
0.4133532778 1.4111190992
0.9955925306 0.5526507971
0.4200649133 1.2716566162
1.0065401172 0.4452927358
0.9768905390 0.5886175621
0.4136019600 1.3789797706
0.7090670395 0.9430259658
0.4917680831 1.2360035358
0.7231634768 0.8555417013
0.7026314967 1.0176238151
0.4115061544 1.5529769449
0.7127833328 0.8619456310
0.4155639445 1.3256814427
0.7075133711 0.9527173570
0.7123370819 0.9099452472
0.4121422247 1.5324356531
0.7122880127 0.9106825362
0.7100638056 0.9305227140
0.7226105827 0.8582676316
0.7100638056 0.9305227140
0.4112658455 1.7191743561
0.7164564671 0.8586761331
0.4112658455 1.7191743561
0.9768905390 0.5886175621
0.4137477060 1.3326657884
1.0001989391 0.5046530454
0.4133409011 1.5250707146
0.9955925306 0.5526507971
0.4112658455 1.7191743561
0.4100885107 2.1903330172
0.7039531610 0.9992176868
0.9955925306 0.5526507971
0.7130500570 0.8933942969
0.5232215035 1.2552902203
0.4122846669 1.5352296329
1.0888800193 0.4575236353
1.0925866426 0.4500173435
0.4155723043 1.3262723976
0.6989403617 1.2516026988
0.7186262864 0.8872874871
0.7054360803 1.0378047234
0.4101746120 2.2278386862
0.9993994400 0.5651064739
0.4120445355 1.6572671495
0.4145201949 1.3675600874
0.9792364855 0.6952010008
0.7214338088 0.8619843932
0.4112718790 2.1820710300
0.7115507586 0.9369351638
0.4122846669 1.5352296329
0.7086338434 1.0228042941
0.7086338434 1.0228042941
0.7096963392 0.9617488853
0.7094310945 0.9714026220
0.4155723043 1.3262723976
0.4145201949 1.3675600874
0.7127326150 0.9139026472
0.7086338434 1.0228042941
1.0037582886 0.5244306358
0.4120445355 1.6572671495
0.7046653101 1.1586112740
0.4940234805 1.2723193194
0.4934630630 1.2745197304
0.4122846669 1.5352296329
0.7214338088 0.8619843932
0.9809415780 0.5918978897
0.7130500570 0.8933942969
0.7214338088 0.8619843932
0.7846185629 0.8580668736
0.9796162945 0.6878160101
0.4155723043 1.3262723976
0.4154440001 1.3400348490
0.9768905390 0.7367172066
1.0932053458 0.4500143147
0.4793285880 1.3113784455
0.4899658472 1.2746684471
0.4135073288 1.4320191587
0.9948080807 0.5662390585
0.9875786563 0.5700210975
0.4126340706 1.6940124777
1.1886454094 0.5102936258
0.7739085672 0.8622269772
0.9797256261 0.7463145976
0.7065997170 1.0982634120
0.5549303709 1.2573273718
0.7143864690 0.9309389354
0.4131433063 1.5561591056
0.7098232232 1.0379494804
0.9815613820 0.6508829149
0.4209120000 1.3313181524
1.0122048788 0.5244499163
0.4126340706 1.6940124777
1.1002604776 0.5161773137
0.4157941423 1.3647746635
0.4141436500 1.4479554714
0.4139768556 1.4855650091
0.4848244265 1.3126966952
0.5289002829 1.2724165204
