0.8133246954 0.5103746110
1.2157290140 0.2880018754
1.2001044747 0.4095528444
1.2949289351 0.2733709775
1.2437571728 0.2751753261
0.7493619191 0.7933476783
0.7576246516 0.5657413032
1.1967822345 0.4457168254
0.7592840807 0.5158870546
1.2620917441 0.2741205308
1.2150398905 0.3026100626
0.7500353252 0.7045984969
1.2393418416 0.2765946083
0.7563396638 0.5819053005
1.2149082168 0.3308895130
0.7558498867 0.5831417258
0.7861438083 0.5121509191
1.2012698082 0.3386202604
1.1988977615 0.4170752462
1.2296995801 0.2875718582
1.2104482569 0.3313902326
1.2620917441 0.2741205308
1.1901317849 0.4745828927
1.1946478761 0.4820287400
1.2712052263 0.2758008314
1.2492337288 0.2806831799
0.7894757048 0.5237401767
0.7964964908 0.5158400988
1.2137107993 0.3399135665
1.1946478761 0.4820287400
1.1995916299 0.4270926473
1.2076835420 0.3538496229
1.2036615349 0.3915752701
0.7883347886 0.5247289716
0.8000439488 0.5152088985
0.7589952530 0.5819053005
1.2633445903 0.2786309379
1.2657121060 0.2771174690
1.2413885652 0.2871785382
1.2413885652 0.2871785382
1.2157000373 0.3158801100
1.2165448957 0.3036272855
1.2908492688 0.2746061479
1.1946478761 0.4820287400
0.7577569427 0.7219015111
0.7599130625 0.5693417697
0.7604532798 0.5266552161
0.7594229896 0.5788727744
1.2178073502 0.2898832630
1.2198507483 0.2880140873
1.2178073502 0.2898832630
0.8269130412 0.5108723624
1.2106986884 0.3706489921
0.7682158728 0.5610339112
1.2138200526 0.3436631940
1.1999376881 0.4353749443
0.7807241720 0.5323489240
1.2190475749 0.3029465716
0.8010641274 0.5194082450
1.2037720439 0.4055843982
0.7607974102 0.5622885713
1.2092295745 0.3835836369
0.8041399737 0.5162284088
1.2057871916 0.4012164233
1.1999376881 0.4353749443
1.1999376881 0.4353749443
1.1999376881 0.4353749443
1.2107793309 0.3700876295
1.2093643688 0.3824478569
1.2107793309 0.3700876295
0.8027940788 0.5184371468
0.8081327202 0.5161915386
1.1985603232 0.4923852041
1.2157559456 0.3272235322
0.7593668392 0.7354850573
1.2157559456 0.3272235322
1.2645440579 0.2801680028
1.2635627653 0.2804476313
1.2635627653 0.2804476313
1.2161834391 0.3184557495
1.2635627653 0.2804476313
1.2195222339 0.2928337968
1.2215448421 0.2883092515
0.8286170410 0.5128427844
0.7716358990 0.5532665927
0.7599130625 0.5754108252
1.2138200526 0.3436631940
0.7995340161 0.5232393071
0.7950590773 0.5241361220
1.2509714283 0.2845590133
1.2890075938 0.2758398636
1.2780111422 0.2761470656
1.2756737683 0.2763875142
1.2780111422 0.2761470656
0.7594296434 0.7601246563
1.4161868076 0.2759893111
1.2019134066 0.4696786515
1.0152368982 0.5135464668
0.9772217198 0.5144650857
0.7862451802 0.5412578723
