0.2803571970 0.9025038578
0.2876177544 0.8171590618
0.2876671907 0.8151847467
0.2843785609 0.8187746831
0.2807401032 0.8475770651
0.2807874152 0.8286400000
0.2813374296 0.8208339825
0.2813344461 0.8271199074
0.2802279303 0.9215277214
0.2798861368 0.9614135221
0.2802646767 0.9185623327
0.2803673144 0.8503385711
0.2802978862 0.9111701389
0.2824626160 0.8261456534
0.2799002443 0.9916985287
0.2913216719 0.8163316279
0.2803847851 0.8510571638
0.2803837239 0.9093130790
0.2799522387 0.9879387130
0.2844550158 0.8217020940
0.2812066572 0.8332967234
0.2846084099 0.8215325443
0.2803662995 0.9139601828
0.2803078609 0.9484477657
0.2820804328 0.8289771681
0.2799550141 0.9775012755
0.2838000211 0.8217227601
0.2838000211 0.8217227601
0.2811251605 0.8388850230
0.2810140006 0.8430577425
0.2808001246 0.8488723544
0.2856726704 0.8201842568
0.2882653984 0.8167298591
0.2800223270 1.0147827653
0.2820976363 0.8290800690
0.2848536946 0.8218306619
0.2887396674 0.8194297536
0.2810887331 0.8433631559
0.2859827905 0.8206567356
0.2800822022 0.9775012755
0.2840744893 0.8253258464
0.2809354622 0.8510225312
0.2809354622 0.8510225312
0.2812928511 0.8418966497
0.2840744893 0.8253258464
0.2883017752 0.8203152222
0.2849183493 0.8218101293
0.2920886994 0.8189747946
0.2920886994 0.8189747946
0.2925843911 0.8183806783
0.2803882964 0.9607866296
0.2803882964 0.9607866296
0.2803457105 0.9657419293
0.2814586056 0.8375255756
0.2814430410 0.8377095095
0.2805528956 0.8923689897
0.2807740606 0.8649124456
0.2804709529 0.9062715342
0.2804484982 0.9078997983
0.2804709529 0.9062715342
0.2929903125 0.8164426878
0.2827875558 0.8265328511
0.2827875558 0.8265328511
0.2827875558 0.8265328511
0.2908614060 0.8198615527
0.2884834149 0.8212220729
0.2857466437 0.8231379077
0.2803320644 0.9839601443
0.2804620362 0.9562141585
0.2804661813 0.9090859581
0.2803177026 0.9913790634
0.2808072068 0.9010585199
0.2849797143 0.8240998277
0.2804017852 0.9732037817
0.2814222883 0.8427478238
0.2810079174 0.8627968377
0.2813837713 0.8431237188
0.2817520393 0.8405048094
0.2841427858 0.8259120929
0.2806060490 0.9071554652
0.2934848331 0.8164769065
0.2834935400 0.8268656041
0.2923666550 0.8195768981
0.2807145707 0.9061683579
0.2919005261 0.8198192523
0.2824792409 0.8316363574
0.2821149113 0.8373096169
0.2821149113 0.8373096169
0.2800418409 1.0180208157
0.2937024460 0.8185280008
0.2803249763 1.1370876765
0.2803384896 1.0184763639
0.2893003613 0.8231119174
0.2871173913 0.8233412081
0.2922265731 0.8227586140
0.2805618312 0.9094373190
0.2810261270 0.8641604887
0.2805496415 0.9634324632
0.2817928904 0.8420753334
0.2909984790 0.8230708428
