0.4858856834 0.8704017447
0.5296413175 0.7834180250
0.6110921474 0.7316642989
1.1129674894 0.4470992546
0.5711918422 0.7441518585
0.8992828914 0.4651913792
0.5307566435 0.7736263506
0.5317299668 0.7735715013
0.6482868684 0.7241208455
0.8584514143 0.4655109116
0.8513210855 0.4659988489
0.5604646096 0.7577636766
0.8423371518 0.5141508755
0.5166525073 0.7968682946
0.5879932358 0.7423097906
0.4872840463 0.8398942325
1.0756379995 0.4631569954
0.5235687952 0.7905133703
0.6318566026 0.7249834246
0.6456483483 0.7245317242
1.0823705200 0.4529029881
0.5934230964 0.7337358033
0.4868970179 0.8702104802
0.8446484251 0.5054875570
0.6274295211 0.7263468441
0.8686912201 0.4694591663
0.4896737750 0.8716708673
0.4941423350 0.8694900456
1.0827983891 0.4642427794
0.8446484251 0.5093338872
0.8640323407 0.5084161420
0.4876475545 0.8739775969
0.4894162584 0.8720169008
0.6257866726 0.7400008976
0.6389374071 0.7324604057
0.6370006635 0.7340712834
0.5254107764 0.7960253182
0.5235912601 0.8159627961
0.6677630457 0.7296458341
0.5312644691 0.7908106693
0.6319794583 0.7376924387
0.4959595955 0.8675512563
0.5006331521 0.8632905054
0.5066336445 0.8525364404
0.5232361239 0.8330008967
0.5232361239 0.8330008967
0.5188626371 0.8333431382
0.5234875728 0.8233539627
0.5760705884 0.7725850224
0.5639962957 0.7800394178
0.8981376587 0.4665493947
0.8661469389 0.5017543313
0.8675997283 0.4886557354
1.0606211883 0.4655976050
0.5385260141 0.7850502186
0.5361102250 0.7855361062
0.5821932674 0.7521610942
0.4930241690 0.8736923322
1.0876435584 0.4642522766
0.6724701070 0.7313693435
0.8471509242 0.5391853099
0.9066460982 0.4676126638
0.8471509242 0.5391853099
0.6724701070 0.7313693435
1.0745223529 0.4666539312
0.5826100068 0.7526506192
0.6385150259 0.7348890081
0.5196574651 0.8343559157
0.5316984529 0.7938809389
0.5801946755 0.7764728738
0.5691380472 0.7815720200
0.6443832424 0.7347961728
0.5295233623 0.8116522265
0.8816980890 0.4864825268
0.5160452125 0.8586559464
0.5244310481 0.8236685825
0.5472991303 0.7853150052
0.8538932759 0.5255084473
0.5447468820 0.7872335417
0.9011299183 0.4801862416
0.8640168934 0.5101442741
0.8708000796 0.5039392931
0.8890350536 0.4830337064
0.8597672143 0.5141206768
0.5292594847 0.8174052188
0.8551230254 0.5195559801
0.5026680241 0.8668435048
0.8744259203 0.4978003857
0.5768266465 0.7776043666
0.5111469808 0.8645538458
1.0876435584 0.4642522766
1.0745223529 0.4666539312
0.8476267578 0.5355556593
0.5154019900 0.8641236196
0.4982863440 0.8699121795
0.8982614395 0.4817893161
0.8717755132 0.4978711603
0.5160452125 0.8586559464
0.4956981467 0.8711787758
0.8476267578 0.5355556593
