0.7260071162 1.2778807635
1.1799731222 0.4270979895
1.1889086048 0.3095550902
1.1953115947 0.2959046233
0.7272481787 1.2724705146
1.1892805804 0.2963956983
1.1873720939 0.4159305817
0.7716961295 1.2480147396
0.6830468805 1.3039207184
0.6375648109 1.3048121355
1.1892805804 0.2963956983
1.1892805804 0.2963956983
1.1878430673 0.3968825188
0.7329155919 1.2689567708
0.7083789207 1.2867911867
0.7314445428 1.2710445568
1.2305579311 0.2727364306
0.7484142906 1.2599007747
1.1881961373 0.3888739236
1.1873807555 0.4092022190
0.7260071162 1.2778807635
0.7317202435 1.2696210479
1.1876745214 0.4086203516
0.6375648109 1.3048121355
1.1892805804 0.2963956983
1.1873807555 0.4092022190
0.6740101213 1.4943957773
0.6626035754 1.5012234902
0.7361020523 1.2752756933
0.7261501422 1.2781511009
0.7245588165 1.2887841788
1.1876833331 0.4086203516
1.2175392176 0.2963956983
0.7504657692 1.2636229768
0.6596533377 1.5121756916
0.6803241293 1.3157480487
0.6642906476 1.5002789735
0.6712406558 1.4965152721
0.6596533377 1.5121756916
0.6596533377 1.5121756916
0.6596533377 1.5121756916
0.7067157546 1.3130563095
0.7353573538 1.2771814851
0.7726244347 1.2610516080
0.7437793837 1.2729805896
0.7315543928 1.2778989133
0.7497438081 1.2700061691
0.7666491398 1.2635207194
0.7488359078 1.2723471195
0.7493737610 1.2709238999
1.2494819143 0.2959957531
0.7095854903 1.2891869256
1.1905202936 0.2972466155
0.6617958804 1.5038287705
0.7680735192 1.2612053510
0.7401119234 1.2737775105
0.7666491398 1.2635207194
0.7798991728 1.2537361878
0.7796943521 1.2551918898
0.7798991728 1.2537361878
0.7762690944 1.2569150504
0.7762690944 1.2569150504
0.7798991728 1.2537361878
1.1890434541 0.3569056402
1.1890434541 0.3569056402
1.1827325966 0.4574699990
1.1831208494 0.4413401238
1.2293772046 0.2988525894
0.6596533377 1.5283215358
1.1878711162 0.4342881971
0.7879037092 1.2557090362
0.7879037092 1.2557090362
0.6780413533 1.4956532893
0.6916710430 1.3727566630
1.1912466441 0.3151261256
1.1903483888 0.3898895784
0.6621939201 1.5040175891
0.7600763143 1.2642584868
1.1943257490 0.3076997720
0.6954494788 1.3525327967
1.2112239498 0.3003376712
0.7751007494 1.2622834567
0.7185133411 1.2904495595
1.2112239498 0.3003376712
0.7027637785 1.3239613468
0.7018232021 1.3462788554
0.7762690944 1.2576573052
0.7087085021 1.3152820839
0.7287670112 1.2863616052
0.7123852671 1.2989203534
0.7453689681 1.2752232134
0.7529413746 1.2681982807
1.1879017777 0.4113529120
0.7143109515 1.2967076210
0.7061593415 1.3182113231
0.7382171550 1.2769616588
0.7361020523 1.2814336471
1.1891494499 0.4061772119
0.7315054981 1.2817736400
0.7497224693 1.2730640124
