1.0125280240 0.0046182885
0.0527903669 0.9709825547
0.5443226070 0.5584323375
0.8056687689 0.2059579512
0.9255980947 0.0869584935
0.8117542024 0.1992437221
1.0039561766 0.0196325537
0.9373017206 0.0815624719
0.4983023530 0.5626462377
0.5258915671 0.5607853977
0.3762745134 0.6381292489
0.4533993256 0.5801867780
0.1111648061 0.8973426930
0.4391550139 0.5893699870
0.4583550100 0.5770962373
0.1610739853 0.8518731697
0.3568256195 0.6550265680
0.3832476428 0.6300821939
0.2262503742 0.7912774585
0.3676190699 0.6471601016
0.0662398026 0.9512274299
0.2305221069 0.7824369565
0.1292943418 0.8862617627
0.2482628623 0.7616740745
0.0720671636 0.9432271669
0.4336315220 0.5955876488
0.2613262312 0.7531247764
0.0789626066 0.9339933379
0.1938994172 0.8162909116
0.3380143489 0.6734707518
0.1854219728 0.8297379026
0.3047618384 0.7041239693
0.3131033850 0.6982954999
0.5299056911 0.5594717522
0.4756411776 0.5736273068
0.4114396360 0.6106641325
0.2960013759 0.7155226737
0.3328827245 0.6826446658
0.4938535632 0.5723285106
0.4227170741 0.6075741117
0.3031289761 0.7093941255
0.2735768391 0.7359526974
0.1726703824 0.8443245585
0.0903919372 0.9231487811
0.1784609090 0.8335748141
1.0053397981 0.0080432091
0.2102176323 0.7990388632
0.1058818907 0.9088791688
0.2878387862 0.7252954117
0.3651071207 0.6504750067
0.1400585347 0.8718988382
0.2461046413 0.7682028994
0.4070210197 0.6125836907
0.4756411776 0.5736273068
0.2909109772 0.7175978428
0.2822028384 0.7276498953
0.1343698108 0.8789226678
0.2684143627 0.7444511252
0.2393937200 0.7713090588
0.0995077420 0.9209389411
0.3479688451 0.6696956852
0.9355975680 0.0831695925
0.4242823459 0.6033394796
0.0893181439 0.9298829241
0.4045795968 0.6222050816
0.2763374548 0.7315700215
0.2011470600 0.8112171078
0.1740710006 0.8374307114
0.1565628482 0.8548623817
0.1000415443 0.9155982663
0.0751518086 0.9377299192
0.1266265707 0.8940008420
0.2558931459 0.7551875586
0.0550234963 0.9703688534
0.4942842903 0.5721396659
0.2085306455 0.8055506593
0.3447095726 0.6728430211
0.2694293003 0.7438420747
0.2201326030 0.7981582049
0.1544355170 0.8634623490
0.2222052758 0.7976666328
0.3927462322 0.6295208646
0.4024788935 0.6250370894
0.1390291335 0.8782099119
0.1887615881 0.8223909291
0.1039602444 0.9089900151
0.2353138454 0.7771001210
0.1224787090 0.8949860627
0.3517656362 0.6626990210
0.4369055820 0.5936171428
0.1459064067 0.8664539595
0.1461968507 0.8664088990
0.3517656362 0.6626990210
0.3951372137 0.6255263652
0.0591455868 0.9537238557
0.3227379898 0.6889680419
0.1905209219 0.8222522648
0.1549868430 0.8621799425
1.0080976531 0.0047245430
0.3209237839 0.6909790088
