1.0538778955 0.0969441014 0.0099750161
0.0065953462 0.6924692428 1.3943869046
0.0809097753 0.0070050125 1.0262252105
0.9781073974 0.5561771142 0.0449216677
0.0065953462 0.6924692428 1.3943869046
0.7741381493 1.4163135289 0.2382736270
0.2902940678 0.0076635601 1.0251102297
0.7322697721 1.4931345490 0.4725644241
0.6222855464 0.2451481008 0.8373490655
0.7614253981 0.8993239656 0.3518638194
0.9306440396 0.5367773556 0.2644529620
0.7412168200 1.2875826024 0.3037512676
0.5393622224 0.4313247522 0.9101032206
0.3937457203 0.0552225283 0.9520784382
0.7206497014 1.7649308011 0.5353953288
0.0190257390 0.3923980292 1.0924288302
0.2230247070 0.0350101483 1.0145104474
0.7558622812 1.1715532042 0.2787303523
0.9962345811 0.0842673550 0.4084769815
0.0191056358 0.1610367753 1.0880079320
0.7561344141 1.0930429438 0.3260631474
0.7146190768 1.5647219601 0.6164080878
0.1674316186 0.0083465300 1.0224241707
1.0634977446 0.0759615447 0.0181877316
1.0244706506 0.2015816693 0.1135177310
0.8716182110 0.9764896962 0.1068423385
0.6626916711 0.0715072671 0.8545071184
0.7209272834 1.6465721578 0.5464392025
0.7666788017 1.0445905956 0.2508519265
0.0167507936 0.3054342310 1.2840888331
0.0143191573 0.8774972917 1.1622915352
0.8360780486 0.7746852348 0.1781456296
0.8133460789 0.0506556510 0.7857570381
0.7547722992 1.4714555142 0.2201777053
0.0122453830 0.3742209922 1.3263317213
0.8254040336 0.7900805866 0.2025726787
0.8440057619 0.7540627045 0.2272858747
0.8198136466 0.9452896126 0.1468727263
0.0405678814 0.1423137143 1.1929480169
0.9950218074 0.0416869760 0.4157910412
0.0525071589 0.1228966828 1.2019965569
0.5620544164 0.0295875998 0.9286446436
0.5041505311 0.0836013643 0.9212059130
0.8193878422 0.0277063004 0.7233643584
0.0157943015 0.3654644460 1.3415492983
0.0541609758 0.0786068343 1.0308034726
0.1330340820 0.0200629038 1.0160290103
0.4348070519 0.0525010557 0.9519304426
0.9055323372 0.0593968206 0.6596322452
0.8879466873 0.0687509493 0.6324964136
0.5992816789 0.0810286736 0.8724170306
0.3649842651 0.0312801167 0.9779800502
0.8268775229 1.2332644521 0.1381134451
0.9717973901 0.1036337174 0.5481461142
0.7556305737 0.0582997089 0.7673698102
0.3356967015 0.0922743979 0.9900609985
0.7205095729 1.6577554064 0.6044636818
0.7385198857 1.5392722395 0.3370834093
0.7546479974 1.2068914873 0.2526751301
0.8171958677 0.0477612556 0.6973746979
0.5928306114 0.3261283580 0.8964597571
0.2020433770 0.3385955138 1.0045837171
0.6256747676 0.0651825384 0.8575909356
0.0167507936 0.3054342310 1.2840888331
0.7473105428 1.2547104840 0.3368522777
0.1131106562 0.0321559365 1.0167157202
1.0340914881 0.1853263099 0.0891223982
0.7114777758 1.7904591699 0.4614806930
0.9476137548 0.7019674915 0.1608518391
0.4854070197 0.0229155612 0.9427472257
0.6847056504 0.0698529210 0.8116730687
0.6174209947 0.1285208561 0.8590164243
0.0449081057 0.1373674422 1.2429675794
0.8243589955 0.8263756389 0.1649101865
0.5297165612 0.0162640371 0.9472075203
0.5904855349 0.0476866929 0.8975708933
0.0449081057 0.1373674422 1.2429675794
0.4710356839 0.0390556733 0.9351031038
1.0452573462 0.0901709976 0.0241383710
0.7264240829 0.9760632977 0.6445400776
0.7741381493 1.4163135289 0.2382736270
0.7127981854 1.7422495360 0.6619810088
0.8453314489 0.1662592782 0.6463087812
0.7414615516 1.2869054397 0.2989953386
0.0608852568 0.1078359843 1.0247441600
0.7483318371 1.0892269363 0.3401470365
0.3628014878 0.0525471968 0.9816447992
0.9619296019 0.5555630481 0.1638260167
0.9294505364 0.0689026598 0.6171059279
0.0892451332 0.0212941517 1.0192884933
1.0345152800 0.1666532313 0.0957200165
0.8191183685 0.8726771904 0.1551085014
0.3356967015 0.0922743979 0.9900609985
0.5409907977 0.3891726133 0.9095825010
0.8216165472 0.8349536985 0.1585812371
0.7380096014 1.6896054115 0.2650770502
0.4539399384 0.0443800463 0.9372082029
0.7539852826 1.6748930838 0.2855990022
0.2020433770 0.3385955138 1.0045837171
0.5358784103 1.2337344753 0.9088970201
