2.6407428854 0.8948604184 0.2700930521
0.0116877580 0.1066263776 1.2214401883
0.1204001047 0.0169601413 1.1813019635
0.5642980202 1.9244374525 0.6100177516
1.1034888560 0.9786599298 0.2959306649
2.0328424585 0.3572646670 0.8071231692
0.0253388536 0.0703214780 1.3382222304
0.0169321995 0.2217257926 1.1995481082
2.2747306591 0.6963717218 0.3281484814
0.0633447794 0.0569650111 1.4792952806
2.4918774824 0.8032973758 0.3023691173
2.0488596801 0.4629011744 0.5358360883
1.7987384274 0.6126903169 0.3571922707
0.6455064400 0.4337595720 0.7221760822
0.0377161316 0.1225301490 1.0616912315
0.0319004353 0.0806108832 1.3128333768
1.6455323481 0.9720225831 0.3155318861
0.0802366166 0.0219642783 1.2456773640
1.6475091534 0.6767911310 0.3801065305
0.0321651477 0.4725536395 1.1310721508
1.9448921123 0.6684252612 0.3385274918
0.3803685672 0.5018214742 0.9158252143
0.2421702325 0.8179016570 0.8839700506
0.0563231811 0.0793624155 1.0697805295
0.1570376902 0.8680356021 1.0245286089
0.1744935845 0.8311016544 0.9719554542
0.9004059325 0.3622853345 0.6613507151
1.3658191528 0.9783147987 0.2906242050
1.2678967257 0.6450603098 0.4093299220
0.1622990956 0.9100617916 0.9672632213
0.5311427855 0.5555643450 0.8276080849
1.5288404890 0.6835961848 0.3839203846
0.8533840151 0.4520137380 0.5778981261
0.4852170580 0.5777507569 0.8374947172
1.1851504480 0.7271253658 0.3912863562
1.3026485247 0.7895163058 0.3171051451
0.2958436857 0.0759783713 1.0334168372
0.7623689771 0.4617314195 0.5527074604
1.0974719980 0.7538914593 0.3626748766
0.5457042051 0.5724891694 0.6271934876
1.8622492976 0.9721174707 0.3137372541
1.4883058646 0.5978404387 0.4171156173
0.0925236988 0.0269446987 1.1527596196
1.4104976217 0.5170605102 0.4849996097
0.1821260815 0.5786140019 1.0082974908
0.9350605048 0.7957928032 0.3509108235
0.7924373557 0.3831105433 0.6791603188
1.2005577542 0.4030083411 0.5405667866
2.4094112966 0.6654317450 0.3326420515
1.1546940667 0.6545252319 0.4198049833
0.6769653453 0.4791473417 0.5116462782
0.9852258248 0.6028931135 0.4666540125
0.2335750019 0.0827550109 0.9512343760
1.0938227667 0.7220774495 0.4333849449
0.0891709449 0.0549166752 1.2336616259
0.0211334176 0.0906186918 1.1718706113
0.4341680780 0.4877993809 0.8434316008
2.3170757318 0.6820427883 0.3304486077
1.2304001788 0.6639995171 0.4140040259
1.1344672994 0.5286487929 0.4844813596
0.6003273854 0.3949645852 0.8554792438
1.0266619813 0.7882771728 0.3880849298
0.8143681353 0.3830619267 0.6918585289
0.6954247040 0.4194113223 0.6269527127
0.7304061141 0.4481989537 0.5845142858
1.1128202738 0.5597962535 0.4888212494
0.2005867701 0.0777101041 0.9560117194
2.4094112966 0.6654317450 0.3326420515
1.4359305712 0.4918159909 0.4543526484
0.9674059387 0.6201014895 0.4490502386
0.2840507408 0.5358605980 0.8642638086
0.6158141775 1.9293415740 0.6032552145
0.4025824885 0.6036540392 0.6939470928
0.7012210018 0.3779903621 0.8726387453
0.1093810178 0.0290218446 1.0627037049
0.8703790013 0.3815151084 0.6619851955
0.6646230640 0.4959015132 0.6725766515
0.6872979799 0.4789984455 0.5221557653
0.3282935728 0.5730513150 0.8444367615
0.6497004808 0.3993174748 0.7073332584
0.4149229117 0.4904490304 0.9279794026
0.6400355526 0.4585409290 0.7159866304
1.9006840059 0.6795920014 0.3510105193
0.0143588274 0.1152693740 1.2069202331
0.7075910884 0.4736158782 0.5897817667
1.1063908445 0.5897091374 0.4385128454
0.7499183541 0.6214258587 0.4540356909
2.6407428854 0.8948604184 0.2700930521
1.5266669247 0.5791851664 0.3854385725
1.0011423545 0.9752004585 0.2972910934
0.1204001047 0.0169601413 1.1813019635
1.0260864555 0.6172140187 0.4555212253
0.1165315886 0.0209046083 1.1910101193
0.3413034138 0.4749580359 0.9337682884
1.8906833805 0.5587212270 0.4534161387
0.3413034138 0.4749580359 0.9337682884
1.0938227667 0.7220774495 0.4333849449
2.3170757318 0.6820427883 0.3304486077
0.1745977449 0.7777501774 1.0121073374
0.5791865510 0.3959865351 0.8443893517
