0.0000250271 1.0402087373
0.9925425854 0.0210710658
0.4259703528 0.3778247231
0.3966577630 0.3980483779
0.4664768259 0.3410631331
0.4896310482 0.3265642784
0.2664853929 0.5107707503
0.0304540041 0.8658217381
0.0576334005 0.7958678191
0.6656832912 0.2027491709
0.1321705016 0.6743711416
0.8352583568 0.1071434221
0.4502530786 0.3524319325
0.9521820336 0.0432074480
0.5411582838 0.2919101101
0.0095732129 0.9393068620
0.0379374031 0.8432067373
0.3090038689 0.4731088235
0.0008766333 1.0250670362
0.0206761500 0.8855831520
0.1731661334 0.6108428875
0.6207587530 0.2382329364
0.7815986633 0.1344110867
0.0432172964 0.8294679181
0.5244395329 0.3024915089
0.0679793006 0.7679099739
0.8169051696 0.1198431780
0.1472123698 0.6543633238
0.6482770662 0.2152118936
0.5021537162 0.3151735064
0.9036795549 0.0707423128
0.2847467019 0.4947379150
0.5613858579 0.2732517987
0.0054772462 0.9631330970
0.9287587152 0.0569932878
0.9177112747 0.0664555281
0.5524305593 0.2807827272
0.0018579165 0.9937466534
0.1582572668 0.6334949156
0.7402564886 0.1656160234
0.7688752585 0.1481363065
0.8905642642 0.0808022386
0.1217314697 0.6814898891
0.1677790322 0.6269190016
0.9423252995 0.0521429331
0.6355824783 0.2263801511
0.0193527415 0.9024801354
0.3866614339 0.4092451697
0.0764236457 0.7582548330
0.7960257527 0.1289995192
0.5128377484 0.3080654850
0.5895282292 0.2522969982
0.3556473825 0.4373372576
0.2500261942 0.5201561195
0.3501457626 0.4451504043
0.9734356005 0.0328509601
0.7211446791 0.1735985913
0.5794733566 0.2668657787
0.7017193823 0.1858562629
0.1484522756 0.6461701529
0.1002846762 0.7180611612
0.2328875201 0.5519273748
0.8083654236 0.1245672148
0.8482869370 0.1000032239
0.9917187899 0.0252951838
0.6864363596 0.1983544449
0.2934882892 0.4871439733
0.8538797980 0.0957672657
0.1158114283 0.6956415152
0.3216341199 0.4675994298
0.1993654266 0.5897886673
0.6927450582 0.1895432173
0.6081482819 0.2458276756
0.8775260035 0.0819704896
0.2227713338 0.5584271611
0.0859536743 0.7423952482
0.7608669575 0.1518608224
0.1061267867 0.7064134528
0.2353620813 0.5400945655
0.0144399660 0.9227655529
0.0043684855 0.9742501729
0.2425300161 0.5343108692
0.7123002519 0.1773378629
0.4388733567 0.3666030134
0.2042353988 0.5799194781
0.3337761109 0.4485112938
0.9744702460 0.0328480690
0.1880404478 0.5997936093
0.4402044353 0.3656262766
0.3617177175 0.4227101507
0.6050103547 0.2501462564
0.0149160133 0.9173248848
0.5819503148 0.2615317520
0.8692262406 0.0919027389
0.0519870874 0.8108937386
0.6430889510 0.2235026249
0.0519870874 0.8108937386
0.0872632344 0.7416425495
0.7499807148 0.1564072093
0.3664372154 0.4225888718
