0.0000000009 1.0561454457
0.9965329161 0.0716797343
0.5948732837 0.6913757993
0.7757567093 0.4619625126
0.9735303476 0.1186473419
0.0001418276 1.0346560019
0.6206207745 0.6679564182
0.7903080776 0.4209210447
0.6425399506 0.6284120497
0.0766605223 1.0215830515
0.9624156660 0.1338850772
0.0448182579 1.0333022264
0.9329137975 0.1841435206
0.8859299197 0.2666151929
0.6681023954 0.6099000306
0.1684777003 1.0009994030
0.8998612587 0.2475544222
0.4089611651 0.8623637796
0.2001049005 0.9934434842
0.4329624569 0.8516588750
0.9125117831 0.2308233901
0.9512570130 0.1536364346
0.9852092470 0.0887695337
0.3921364676 0.8867117746
0.3216354905 0.9350873481
0.3719912722 0.9050410032
0.5842126716 0.7103033063
0.1011741437 1.0213362447
0.0497126480 1.0281598581
0.8726426609 0.2962911253
0.1304404252 1.0118478660
0.8635043742 0.3105327325
0.5757588316 0.7160756608
0.2364855053 0.9847798204
0.4999445657 0.7950981698
0.7525355380 0.4917858171
0.5488243308 0.7616589210
0.7368848007 0.5045124125
0.5101174420 0.7817316861
0.8224642210 0.3794238117
0.2869821083 0.9557928223
0.8360211467 0.3687677072
0.5293283767 0.7651774190
0.3524081510 0.9112222076
0.3321401658 0.9250145856
0.5605324508 0.7295780045
0.9251343098 0.2062379710
0.1196394144 1.0207901072
0.3827621637 0.8975320259
0.6363719437 0.6395102725
0.5213062261 0.7747587853
0.7270707198 0.5248481401
0.7526053581 0.4776551107
0.8476853585 0.3347205277
0.8042327609 0.4045836599
0.2170012170 0.9896940911
0.3477830871 0.9210925153
0.6763310761 0.6085889853
0.4687890645 0.8185774062
0.8940561761 0.2631015874
0.2635216907 0.9588892077
0.5510922437 0.7445456264
0.9428409507 0.1683072460
0.7195696474 0.5364544633
0.2969515072 0.9507441955
0.6817196198 0.5898954387
0.7932500768 0.4134247516
0.7355230478 0.5170448587
0.6861130319 0.5722934487
0.4409036909 0.8383963674
0.4607173881 0.8361596420
0.8140480767 0.3883656816
0.8399210749 0.3466051010
0.9873365329 0.0850621251
0.2509415806 0.9729429412
0.4800172662 0.8152598022
0.4067118535 0.8752555204
0.9168666292 0.2165419906
0.3034956255 0.9415424492
0.4884902346 0.8028299310
0.2602225741 0.9619889229
0.6295191914 0.6530697899
0.2448251614 0.9746083486
0.8376433018 0.3532759512
0.8120050995 0.3976259381
0.4614335194 0.8299352555
0.1563739104 1.0014021700
0.6988974784 0.5710811063
0.5569046213 0.7371939520
0.1491344483 1.0072102932
0.6262961263 0.6557469990
0.8726426609 0.2962911253
0.7148214710 0.5437316367
0.9442589585 0.1632610323
0.7044487532 0.5654132370
0.6839127735 0.5859641068
0.0000000009 1.0561454457
0.4386501354 0.8431506406
0.7686215424 0.4725364893
0.7045533296 0.5544318168
