0.0000013983 1.0615680246
0.8510976026 -0.7326828556
0.6519753294 -0.4252893291
0.8247914007 -0.4468513681
0.6192657504 -0.0933579764
0.4517695586 -0.0758167667
0.2550607624 0.2890761927
0.4099763152 0.2761678362
0.0729705632 0.7233252809
0.1823437302 0.7193454919
0.2336464713 0.3562460579
0.0037885408 1.0032613262
0.2218627719 0.4367924478
0.4163431673 0.1998343452
0.0221772910 0.8934822586
0.2279976512 0.3879119949
0.8335370170 -0.5895724198
0.0075742143 0.9694289150
0.8319990507 -0.5698856829
0.2269991924 0.4084072949
0.4219231332 0.1197710614
0.4348117525 0.0020656799
0.8357945513 -0.6267780503
0.4206380650 0.1554069520
0.0674525857 0.7471545565
0.0012595878 1.0350366788
0.2437173477 0.3271762682
0.0197863461 0.9210659979
0.0290830758 0.8700265848
0.0622171194 0.7593918720
0.4135678303 0.2394773859
0.8283489254 -0.5129889953
0.4192799612 0.1734002021
0.6321599231 -0.2793502020
0.8266552465 -0.4844784622
0.2008968258 0.5959841265
0.4327190330 0.0307751090
0.4454439202 -0.0519089024
0.2044497286 0.5682514484
0.1981498396 0.6173011911
0.0162685091 0.9381428461
0.4291836308 0.0511259930
0.8450046617 -0.7152976876
0.2177120251 0.4676249830
0.0394531185 0.8284648285
0.0345382670 0.8407782383
0.6484302008 -0.4093194847
0.1895652287 0.6798592804
0.6264262889 -0.2008223417
0.6287079654 -0.2433951896
0.4244441073 0.1016676809
0.2144099370 0.4993197487
0.6207484343 -0.1272875770
0.6357916267 -0.3304648113
0.0431532555 0.8118217400
0.6377403160 -0.3522314573
0.6300046414 -0.2591919499
0.8296529038 -0.5354963812
0.2088671038 0.5381521967
0.4380543910 -0.0192394047
0.8252858370 -0.4668510329
0.0310888142 0.8578094252
0.6334804518 -0.3046615281
0.1931238034 0.6597796925
0.1976821703 0.6391165488
0.8416522370 -0.6856071679
0.6396222142 -0.3656439985
0.0536828596 0.7723890987
0.4266844467 0.0845613740
0.8398288367 -0.6648916671
0.6198722507 -0.1070688204
0.8419539629 -0.6998596799
0.4102264225 0.2663569842
0.2033179788 0.5766361164
0.1866312745 0.7075924134
0.4423209902 -0.0341969932
0.6236067457 -0.1736239456
0.4126209640 0.2460104623
0.6215990502 -0.1477381711
0.6249966824 -0.1857506404
0.8381954752 -0.6405480444
0.6448486970 -0.3934189391
0.2173749292 0.4796402950
0.6341122377 -0.3159339869
0.0438590156 0.7941329784
0.1948505989 0.6505376062
0.8493115041 -0.7325335091
0.6225074250 -0.1569647359
0.6427946320 -0.3805691543
0.0011266725 1.0561704265
0.0117473285 0.9531033992
0.4469555773 -0.0750197542
0.2480301949 0.3024124077
0.4293969733 0.0418927950
0.8386899115 -0.6536258867
0.2478188314 0.3150696777
0.2131011208 0.5156082568
0.8291786854 -0.5327113355
0.0117208075 0.9576629135
0.4395139254 -0.0301851101
