0.8769582654 0.0000064432
0.0001227587 0.0000329476
0.7107586972 0.0000086798
0.8498162666 0.0000102789
0.6820452652 0.0000036523
0.5441761279 0.0000109506
0.5137788298 0.0000003887
0.3780174764 0.0000078020
0.3443940276 0.0000161103
0.2127592931 0.0000074753
0.0547238110 0.0000094117
0.1715983594 0.0000070496
0.8593282631 0.0000058418
0.8674558885 0.0000080897
0.8716225346 0.0000081117
0.6958840602 0.0000066240
0.8555651989 0.0000040178
0.1783440694 0.0000308572
0.8504589839 0.0000113667
0.5241379320 0.0000167258
0.5206580884 0.0000070861
0.8540803020 0.0000047050
0.3476532696 0.0000092270
0.5317011246 0.0000059233
0.6871975118 0.0000113726
0.1819030254 0.0000074753
0.5355234451 0.0000075004
0.0189620757 0.0000124064
0.6850063446 0.0001019594
0.2007348947 0.0000200307
0.3451991111 0.0000078020
0.3672577729 0.0000159829
0.5254909011 0.0000078020
0.2124512945 0.0000086568
0.6981552669 0.0000218866
0.3603143550 0.0000078020
0.3486861082 0.0000164487
0.6900007740 0.0000034364
0.0098978450 0.0000089953
0.8528341171 0.0000220116
0.1947516669 0.0000064498
0.3556809494 0.0000112877
0.5190202641 0.0000109121
0.1851231051 0.0000124064
0.3507430677 0.0000008423
0.8611092824 0.0000041269
0.1890579071 0.0000060670
0.6836926174 0.0000245369
0.6926868007 0.0000039784
0.6944528886 0.0000113667
0.1757334317 0.0000308459
0.8566562697 0.0000041269
0.8578938644 0.0000081117
0.1741331411 0.0000124064
0.3639689370 0.0000059191
0.8522198078 0.0000150825
0.8616761432 0.0000074687
0.8536827177 0.0000219204
0.6863391301 0.0000002799
0.1907018919 0.0000216814
0.6824685153 0.0000008441
0.1965507373 0.0000061021
0.0419117907 0.0000167301
0.3763073310 0.0000073553
0.5171517847 0.0000078020
0.5282707843 0.0000033432
0.8515741205 0.0000097280
0.7007840601 0.0000073669
0.5401681064 0.0000378683
0.5369770095 0.0000405262
0.8644897404 0.0000086798
0.3567462916 0.0000008423
0.6885981484 0.0000308789
0.5222787931 0.0000407475
0.8577565552 0.0000113396
0.7028965643 0.0000028404
0.5156701725 0.0000047747
0.6885641687 0.0000254205
0.0258643459 0.0000086568
0.5193319408 0.0000109121
0.3699990562 0.0000154736
0.5147168128 0.0000078020
0.5168401081 0.0000078020
0.8631987916 0.0000113749
0.5222787931 0.0000407475
0.8562648693 0.0000040977
0.3639689370 0.0000059191
0.0493206071 0.0000168548
0.3534861860 0.0000073349
0.1840780021 0.0000244226
0.7037166477 0.0000112071
0.3534861860 0.0000073349
0.3516044260 0.0000070888
0.2001039596 0.0000244226
0.0323254884 0.0000013329
0.7000281806 0.0000003887
0.5306872501 0.0000058434
0.3582946502 0.0000042076
0.6906101844 0.0000178827
0.8629193021 0.0000030750
