0.8769582654 -0.6435114099
0.0001227587 1.0003288927
0.7107586972 -0.2128370117
0.8498162666 -0.2167460606
0.6820452652 0.1612278512
0.5441761279 0.1622715170
0.5137788298 0.4809951551
0.3780174764 0.4816177041
0.3443940276 0.7420935322
0.2127592931 0.7450071249
0.0547238110 0.9488729688
0.1715983594 0.9389064149
0.8593282631 -0.4520065591
0.8674558885 -0.5849467555
0.8716225346 -0.6241496857
0.6958840602 -0.1047965752
0.8555651989 -0.3679391566
0.1783440694 0.8925112581
0.8504589839 -0.2348017146
0.5241379320 0.3116906556
0.5206580884 0.3632846588
0.8540803020 -0.3313282632
0.3476532696 0.7005446311
0.5317011246 0.2227528433
0.6871975118 0.0475776901
0.1819030254 0.8681553590
0.5355234451 0.1920852391
0.0189620757 0.9873347804
0.6850063446 0.0954981337
0.2007348947 0.7673585849
0.3451991111 0.7316058574
0.3672577729 0.5135781369
0.5254909011 0.2931847114
0.2124512945 0.7450585858
0.6981552669 -0.1344837101
0.3603143550 0.5637716506
0.3486861082 0.6878683740
0.6900007740 -0.0077179105
0.0098978450 0.9963838226
0.8528341171 -0.2989480877
0.1947516669 0.7923623704
0.3556809494 0.6081736498
0.5190202641 0.3896762052
0.1851231051 0.8471951317
0.3507430677 0.6629601961
0.8611092824 -0.4871501575
0.1890579071 0.8230193326
0.6836926174 0.1236052688
0.6926868007 -0.0553915722
0.6944528886 -0.0836206841
0.1757334317 0.9105313064
0.8566562697 -0.3936393332
0.8578938644 -0.4214425871
0.1741331411 0.9214352611
0.3639689370 0.5346462454
0.8522198078 -0.2828175096
0.8616761432 -0.4975964546
0.8536827177 -0.3209270846
0.6863391301 0.0653247762
0.1907018919 0.8137544564
0.6824685153 0.1513151385
0.1965507373 0.7839542086
0.0419117907 0.9565009957
0.3763073310 0.4826263682
0.5171517847 0.4210783492
0.5282707843 0.2586469220
0.8515741205 -0.2655318942
0.7007840601 -0.1635826252
0.5401681064 0.1694012196
0.5369770095 0.1835710052
0.8644897404 -0.5447029830
0.3567462916 0.5971824736
0.6885981484 0.0196404933
0.5222787931 0.3388702320
0.8577565552 -0.4183631144
0.7028965643 -0.1822052728
0.5156701725 0.4469239650
0.6885641687 0.0202296012
0.0258643459 0.9780087813
0.5193319408 0.3845719860
0.3699990562 0.4998337262
0.5147168128 0.4640214998
0.5168401081 0.4264566871
0.8631987916 -0.5240850762
0.5222787931 0.3388702320
0.8562648693 -0.3845390457
0.3639689370 0.5346462454
0.0493206071 0.9504548198
0.3534861860 0.6316712502
0.1840780021 0.8540318901
0.7037166477 -0.1881347140
0.3534861860 0.6316712502
0.3516044260 0.6529691815
0.2001039596 0.7696613505
0.0323254884 0.9686266718
0.7000281806 -0.1560294645
0.5306872501 0.2325733407
0.3582946502 0.5821133906
0.6906101844 -0.0187873083
0.8629193021 -0.5195391192
