0.0000129309 1.0000694976
0.8771112788 -0.6434219856
0.6824257311 0.1524891534
0.2126637688 0.7449815247
0.7108258830 -0.2128652574
0.3444010155 0.7421119064
0.5449423175 0.1631126979
0.8498118683 -0.2160197457
0.3778100834 0.4816223350
0.0541308046 0.9488720810
0.5140641829 0.4757800479
0.1705291176 0.9462229247
0.8521567511 -0.2813583002
0.5156802273 0.4467489550
0.8500068488 -0.2220852947
0.8558945313 -0.3758267554
0.1764268091 0.9055394233
0.8618289483 -0.5003202129
0.8698582203 -0.6102027288
0.7022589194 -0.1762515511
0.3489979212 0.6839692442
0.5181328840 0.4055699074
0.3668181522 0.5159851708
0.8637719540 -0.5334514035
0.8680921941 -0.5921836181
0.0301047447 0.9718748052
0.7078479453 -0.2086774748
0.8571044715 -0.4037870683
0.1807244242 0.8760537403
0.5289229181 0.2515170750
0.0399740780 0.9595168326
0.0198328753 0.9861834052
0.5259723673 0.2868528048
0.8579588991 -0.4227469601
0.8748852583 -0.6402833700
0.5186716685 0.3963723737
0.3600377973 0.5661950821
0.1916566930 0.8083228256
0.6894671913 0.0025510338
0.8597102240 -0.4596663995
0.5273376628 0.2696784212
0.5395625030 0.1711021753
0.3477700064 0.6990751063
0.5334461970 0.2074606325
0.3520524094 0.6479016986
0.6926500172 -0.0546135740
0.6908113069 -0.0226538178
0.6938821060 -0.0748042089
0.1861602585 0.8407873126
0.8626938563 -0.5156275250
0.6854505779 0.0844244074
0.1959317873 0.7873413803
0.8590781540 -0.4469087461
0.3712503276 0.4947660283
0.8658521728 -0.5645256903
0.5205327655 0.3652617879
0.6966222511 -0.1149941158
0.8542375802 -0.3345895627
0.5223785307 0.3381646995
0.0148820722 0.9918904148
0.6879387713 0.0323770665
0.1836456911 0.8585843869
0.8530438508 -0.3033457886
0.6827762490 0.1442011325
0.6841714163 0.1133680854
0.2046279068 0.7560550776
0.3638062817 0.5358490164
0.5363005710 0.1872121612
0.6865826489 0.0602681339
0.6886473386 0.0184109069
0.5143236622 0.4712296197
0.8658521728 -0.5645256903
0.8546149623 -0.3446778102
0.6841714163 0.1133680854
0.0359752767 0.9636247892
0.6971826126 -0.1216476864
0.6871037700 0.0493597165
0.1993166808 0.7726250916
0.3625733170 0.5450860943
0.7006654291 -0.1623115105
0.1861602585 0.8407873126
0.5312252630 0.2280617295
0.1935854508 0.7983618862
0.3584200032 0.5809754954
0.3461377951 0.7195990268
0.6949592435 -0.0912361996
0.5241154969 0.3118372557
0.6856822464 0.0794505392
0.3539975325 0.6260474078
0.3520524094 0.6479016986
0.3538111897 0.6281232454
0.3724234758 0.4907298108
0.5312252630 0.2280617295
0.1722443309 0.9343952436
0.8530438508 -0.3033457886
0.3462194061 0.7186021563
0.6906904933 -0.0203931142
0.1821048245 0.8668547251
0.3558751274 0.6060977908
0.6928252017 -0.0576582420
