0.1796087819 1.0000001367
1.0000000000 0.0000000022
0.6916878695 0.9749330945
0.1921989506 0.9999999317
0.2322748101 0.9999998946
0.9839718223 0.1492032115
0.9026811590 0.6407938490
0.5621416670 0.9968489818
0.7242093921 0.9603160296
0.5273107815 0.9983379238
0.3422926162 0.9999782417
0.4559019243 0.9996121588
0.2599637058 0.9999987803
0.9507338712 0.3966219960
0.3609037374 0.9999626391
0.8732664824 0.7420913323
0.8630799326 0.7706439607
0.4270615486 0.9997985200
0.3010172639 0.9999940305
0.8232275587 0.8570456585
0.8171525569 0.8672516289
0.8079889360 0.8814086219
0.8881728730 0.6945266849
0.7543053163 0.9403693278
0.8689095148 0.7546800340
0.8959898005 0.6665773605
0.9798410058 0.1842534958
0.7415340702 0.9497299605
0.9637508238 0.3087306642
0.7242093921 0.9603160296
0.9478015091 0.4149768439
0.9378347108 0.4736652169
0.9764142445 0.2123363929
0.4756255984 0.9994075496
0.8799398333 0.7216906049
0.8996567148 0.6526494880
0.9721286007 0.2462350358
0.2428981494 0.9999993139
0.6113380684 0.9927086868
0.9099567845 0.6107697955
0.5858827898 0.9952552375
0.9969836751 0.0297573241
0.9424559687 0.4473724204
0.9128727372 0.5981161414
0.9677053114 0.2798366554
0.8824394007 0.7136819585
0.5178314555 0.9986138179
0.9894662193 0.1004833567
0.9695024802 0.2663509662
0.9226110034 0.5531255164
0.9205108615 0.5631952644
0.2835463596 0.9999967016
0.7909431694 0.9041810729
0.9459607748 0.4262386600
0.3198011561 0.9999889384
0.7989411578 0.8940434565
0.9592481141 0.3403561173
0.9267150669 0.5328444147
0.6308984907 0.9900094955
0.6113380684 0.9927086868
0.9541633066 0.3745007811
0.4954102185 0.9991097559
0.4970342572 0.9990803183
0.7661647908 0.9303019654
0.9854844523 0.1360349365
0.9774557334 0.2038969768
0.9565026693 0.3589943427
0.9305754699 0.5130257057
0.6844347430 0.9774411974
0.3993828402 0.9998968192
0.4195845209 0.9998308855
0.9300017019 0.5160096547
0.3808896495 0.9999358606
0.4675106629 0.9995012159
0.9338460653 0.4956260345
0.8017382918 0.8902747813
0.9606951556 0.3303398616
0.8458671535 0.8124921113
0.3198011561 0.9999889384
0.9155976802 0.5859559626
0.8365253702 0.8322007740
0.3813374195 0.9999351082
0.9798410058 0.1842534958
0.8569414103 0.7864444401
0.6642523971 0.9832765125
0.3993828402 0.9998968192
0.7744064584 0.9224309625
0.8914580475 0.6830481307
0.9573539164 0.3532669812
0.9865638345 0.1265250280
0.9099567845 0.6107697955
0.9176655825 0.5765174503
0.2835463596 0.9999967016
0.6583887648 0.9846954800
0.9356348505 0.4860942036
0.9951505035 0.0474529787
0.8569414103 0.7864444401
0.9914661133 0.0822110725
0.9658433767 0.2935753883
0.9932730272 0.0652731527
