0.9999999998 0.0000000018
0.1796098609 0.9999999660
0.8353366964 0.8345694969
0.8132884963 0.8733963323
0.9643530377 0.3044010465
0.9580267433 0.3487071667
0.8846127437 0.7065514903
0.8132884963 0.8733963323
0.5643581417 0.9967224611
0.9614083109 0.3253497028
0.9059347767 0.6276346041
0.7370553607 0.9526847723
0.8916729371 0.6822719081
0.3665347083 0.9999562326
0.9784897394 0.1954319979
0.9740078734 0.2315339691
0.9318405571 0.5063534728
0.9765070695 0.2115912125
0.6959252066 0.9733543908
0.9459262692 0.4264479417
0.9884166374 0.1099785611
0.4761686018 0.9994007605
0.5951980886 0.9944202567
0.8601393949 0.7783394580
0.9353800679 0.4872790450
0.9913449235 0.0832564418
0.9688977162 0.2709130892
0.2970236509 0.9999946555
0.4090256853 0.9998689584
0.8789193305 0.7249002758
0.8727763390 0.7435340936
0.7563011354 0.9387724078
0.7909223509 0.9042059617
0.6122719497 0.9925963890
0.9204588217 0.5634403047
0.9412678943 0.4540756701
0.9861904942 0.1298220020
0.9810762152 0.1739098059
0.3035040345 0.9999933680
0.1932493025 0.9999999398
0.8483970919 0.8068068553
0.7909223509 0.9042059617
0.6795400788 0.9790033431
0.2345068506 0.9999994980
0.2075680391 0.9999998515
0.4625194188 0.9995519776
0.7778534331 0.9189080545
0.9535957591 0.3782108936
0.2721896764 0.9999977970
0.6503584371 0.9864628575
0.9978451722 0.0213405390
0.9014412238 0.6456977997
0.9144519550 0.5911077046
0.9837993291 0.1506962953
0.5512388231 0.9974094185
0.7056359238 0.9693939988
0.8531981693 0.7955914081
0.6316277146 0.9898932483
0.4500763681 0.9996589238
0.4950858706 0.9991152817
0.9002874535 0.6502063042
0.4394009836 0.9997317064
0.9527169985 0.3839172267
0.7134932917 0.9658100126
0.3259484730 0.9999864641
0.8380873761 0.8290406009
0.9245129383 0.5438266251
0.3873256645 0.9999240093
0.9713030119 0.2526098807
0.6332407593 0.9896321573
0.8759979250 0.7339086398
0.6745836305 0.9804854757
0.2531521464 0.9999989353
0.8564135545 0.7877560484
0.5381519931 0.9979627269
0.9289753040 0.5213239617
0.9106559561 0.6077677466
0.7673523890 0.9292138180
0.3873256645 0.9999240093
0.6544970198 0.9855762984
0.8668092243 0.7605387512
0.8668092243 0.7605387512
0.5209110024 0.9985289286
0.3306043622 0.9999844060
0.5184825821 0.9985960822
0.4987367330 0.9990478327
0.9718797676 0.2481600280
0.3498077775 0.9999725657
0.9470205573 0.4197781704
0.3469128429 0.9999747580
0.8959163063 0.6668234670
0.7563693092 0.9387171458
0.2345068506 0.9999994980
0.9874067762 0.1190343951
0.9233321870 0.5496193262
0.9491467594 0.4066189225
0.9129876198 0.5976084196
0.9822073692 0.1643356397
0.9688977162 0.2709130892
0.9408024157 0.4567693837
