0.0000037358 0.0003029848 1.0237332342
0.7913375171 0.6215695705 0.0000105292
0.7320296097 0.0000017941 0.6908605320
0.6608343610 0.0927062383 0.7618276991
0.2737323770 0.9589305551 0.2349748745
0.1336039995 1.0127317319 0.1247939171
0.4980084810 0.8374993404 0.3197962516
0.5767754418 0.5680313710 0.5939991604
0.1993168268 0.7692751991 0.6210638951
0.3076989629 0.5097439039 0.8209792472
0.9232019874 0.4650491331 0.0458978832
0.0022912901 0.1719617794 1.0001243956
0.0588721577 0.2271815296 0.9834906645
0.4400918168 0.8717817411 0.3011263627
0.5374817874 0.7362781296 0.4714734676
0.1910930740 0.3797941164 0.9212009212
0.2314900179 0.7141190224 0.6785529470
0.9055367630 0.2437441099 0.3865766014
0.6470984033 0.7904694588 0.0237010556
0.5338528133 0.7313069206 0.4829500932
0.1643778082 0.3392633985 0.9463839590
0.4060343238 0.3933963057 0.8431321909
0.5226561446 0.4733036746 0.7348572328
0.6878531013 0.5986644140 0.5012493731
0.7818560544 0.2104528671 0.6025741285
0.6948331645 0.3314253743 0.6673222776
0.7618988817 0.1055435041 0.6674088891
0.0229856335 0.9800788859 0.3217549009
0.8259810889 0.1940798249 0.5501809983
0.0608532103 1.0218098719 0.0960728468
0.6118827632 0.1348816970 0.8129244552
0.8593698611 0.2647566136 0.4573568754
0.6783477502 0.2944008089 0.7312175459
0.6385426577 0.0035463385 0.7778712583
0.4651531771 0.6526163751 0.6326534795
0.8683983406 0.0600965262 0.5221932367
0.5503314455 0.0772041545 0.8472696535
0.8223380613 0.1263409033 0.5737034399
0.0845354924 0.9311720859 0.4077367536
0.5134666185 0.4780070268 0.7311178068
0.8986392216 0.1528139642 0.4714486171
0.8083018463 0.0855379012 0.6058860784
0.3495983052 0.6724199390 0.7018876374
0.7453914711 0.6786213246 0.0000105478
0.2439594458 0.5035138963 0.8645905153
0.3758748353 0.9451073892 0.0580415574
0.9914756568 0.1882695238 0.1404556655
0.5953798092 0.1685297052 0.8005667445
0.6313265470 0.6053034281 0.5134313772
0.7083832991 0.2249503629 0.7144626324
0.2078076622 0.4892041624 0.8754221190
0.3194121233 0.5315057242 0.8043991092
0.8388545085 0.2374482655 0.5496184960
0.9413343564 0.0471728847 0.3900314886
0.7155287001 0.0348096305 0.7108918654
0.5641509251 0.5408967682 0.6464237850
0.2711734454 0.9781178577 0.0799470322
0.7269717020 0.6970061142 0.1588294683
0.3108846505 0.2796290911 0.9381620104
0.2292768439 0.4397479798 0.8857160098
0.2591718240 0.9225208671 0.3531136396
0.9621895123 0.0310724647 0.3206385538
0.3767312107 0.8003748221 0.4972351318
0.7507622200 0.6360982408 0.2427785254
0.9868278349 0.2212275744 0.2066061550
0.0583826692 0.9769953937 0.2762294158
0.3400233289 0.5564881389 0.7830761925
0.1808550279 0.3732711372 0.9351469150
0.0182096192 1.0365456968 0.0166093181
0.5602916275 0.5462356247 0.6471982253
0.1126446988 0.4063852370 0.9274502520
0.4153187735 0.8823550586 0.3007086383
0.3695814204 0.9292830976 0.2153192176
0.3339602411 0.6196622024 0.7334739586
0.3892961596 0.9142972903 0.3057110338
0.8169320037 0.1919535718 0.5786640338
0.4831494012 0.4604284286 0.7795053510
0.9773919692 0.1855951977 0.2099189052
0.4263166269 0.8060702612 0.4342730672
0.8748673226 0.3534195421 0.3604513100
0.5876641666 0.6863406810 0.5054374257
0.3421113545 0.9156597732 0.3327757863
0.6283750513 0.5266013603 0.6111345352
0.4573728608 0.4887124509 0.7657377206
0.4211559402 0.8947562643 0.2514235112
0.1654648988 0.6386216608 0.7683273491
0.8542456919 0.3413020682 0.4465692828
0.0492408846 0.9651763169 0.3290134250
0.2372627148 0.9395184288 0.3083292078
0.2191512225 0.8945598510 0.4277643123
0.3606526937 0.6595216872 0.6961646117
0.4330289368 0.9199807408 0.0681296498
0.7863919549 0.3884670258 0.5311174543
0.2516913681 0.3186502948 0.9446521693
0.0366236397 0.9342873656 0.4269305236
0.8452833369 0.4239511090 0.3989780150
0.8561695677 0.1186025318 0.5352554911
0.4608513308 0.8196147385 0.3751651374
0.3579554633 0.9000505529 0.3297581761
0.9645516413 0.3142752643 0.1928355283
