0.0150399633 138.3171354780 0.2008984288
53.4917440895 3.2830162459 5.4942041043
0.0015549263 0.0890382806 77.0204978565
0.4155558381 82.8858872077 3.0551613791
0.3737982701 30.0249337335 35.7396401138
0.3227236827 62.9443869037 15.6563206793
54.8229571178 2.9525085368 5.5910444487
1.4366540712 46.4751936778 0.5009330042
0.2581227651 29.4715383131 37.6436703240
0.0015549263 0.0890382806 77.0204978565
50.9834085421 0.0018581296 25.2624212045
187.8080424896 0.0170713597 0.0131400645
0.0150399633 138.3171354780 0.2008984288
0.0277527020 0.0028944970 62.7263050796
0.0021327071 0.0685464154 47.6636669340
0.0283034687 0.0027403274 63.5374998122
0.9548803214 24.1504584411 22.9685296887
30.9025136848 24.7206308444 12.9031421341
0.4155558381 82.8858872077 3.0551613791
0.0114666308 111.0195801014 0.4969751054
0.3308061473 65.9695667977 5.6393311004
0.0693072349 33.3658343370 43.2995630226
24.6954338101 0.4412137269 28.5283477362
34.2615019346 0.0599670752 38.9524770419
0.0114900556 108.9733327416 12.2370266955
151.6951627807 0.3705680847 0.0053035642
0.2078816142 98.3870919801 7.6627361422
0.2629305378 95.1862619342 0.1830290435
141.8386336562 0.0372210464 0.0099230524
0.0021327071 0.0685464154 47.6636669340
1.4547987849 46.9350973627 0.0214561473
0.0165028780 104.2697141000 0.0022923580
0.2078816142 98.3870919801 7.6627361422
50.7959321928 39.6782403311 0.9387347496
33.2601023703 26.6065463593 1.3160998640
27.0076873177 0.7843900563 28.0216394456
0.9948440439 47.3906867832 0.0456313015
54.8229571178 2.9525085368 5.5910444487
141.8386336562 0.0372210464 0.0099230524
53.4917440895 3.2830162459 5.4942041043
46.4524464398 42.8493251204 0.9346515519
48.7720320591 0.2670785685 36.4687204684
41.9300666217 0.6151340183 12.5784821354
0.0892567587 42.0437216455 24.7450574891
0.3737982701 30.0249337335 35.7396401138
0.0097869731 271.2329310165 6.1013622268
0.3737982701 30.0249337335 35.7396401138
0.0730532226 35.2512414076 37.1821463455
41.9300666217 0.6151340183 12.5784821354
0.6601701097 24.8504764596 23.3393401015
1.4366540712 46.4751936778 0.5009330042
0.0730532226 35.2512414076 37.1821463455
46.9617716169 0.4391360271 37.6511369254
27.0076873177 0.7843900563 28.0216394456
46.9617716169 0.4391360271 37.6511369254
0.0114900556 108.9733327416 12.2370266955
46.4524464398 42.8493251204 0.9346515519
0.0892567587 42.0437216455 24.7450574891
0.0283034687 0.0027403274 63.5374998122
119.6181986262 2.3680360857 0.0026831265
0.6601701097 24.8504764596 23.3393401015
0.2631049168 95.2498720212 0.1161558429
0.9805107277 46.8911429299 0.5609682172
0.9548803214 24.1504584411 22.9685296887
27.0076873177 0.7843900563 28.0216394456
53.4917440895 3.2830162459 5.4942041043
0.0730532226 35.2512414076 37.1821463455
119.9280391315 2.0916777812 0.0052245534
0.6601701097 24.8504764596 23.3393401015
0.9948440439 47.3906867832 0.0456313015
1.4366540712 46.4751936778 0.5009330042
119.9280391315 2.0916777812 0.0052245534
0.0058518145 148.7706029892 27.7578590040
7.6940630420 52.7031376990 0.0022184145
62.3001834434 0.0012669557 0.0160087606
60.7458496634 0.8398430457 0.0273099064
18.4916457432 54.0299048350 0.0015910801
58.2654150154 3.1125741298 0.9389874390
0.0114666308 111.0195801014 0.4969751054
0.2078816142 98.3870919801 7.6627361422
181.2348650700 0.0142069885 0.0142177101
100.7761843098 11.1200499846 0.0024603665
24.6954338101 0.4412137269 28.5283477362
34.2615019346 0.0599670752 38.9524770419
0.0021460486 0.1226746456 106.1135909204
114.7245552498 0.0024844868 0.0294559188
18.9662536666 55.4166398057 0.0016321735
184.4211772456 6.0155092324 0.0066443430
37.4999261731 29.9982666222 15.6578497397
0.3088979712 146.2230557072 8.3382340382
0.7696945707 109.0304764420 0.0040411854
0.0148388387 0.0911772983 90.1298662956
0.0701015609 33.7481830951 43.7957452203
0.0211955373 196.6022578406 2.8195220000
60.1251812555 48.0973707888 2.3791568653
132.5273990291 0.0037529427 0.0224200363
221.0746630776 1.5517733744 0.0155765842
18.6213360027 16.9729247231 58.0861818964
0.0283035769 0.0027403379 63.5377426000
9.4743809539 164.3450667422 0.0038274636
