0.0017900699 0.0030935233 61.4013692488
42.3613986906 3.2678028261 0.5252136587
0.0022246760 0.0021553409 55.0957327163
71.0104563555 0.3198529815 0.0028493098
153.8130099992 0.1938337232 0.0061634376
2.3277450304 18.9998575361 11.5298667307
0.0311101599 71.5472802427 0.0052970155
0.8709021890 12.7468524323 19.9366195309
0.0059775489 3.7189131729 35.5275371171
0.0229730008 14.0369286859 25.5437001109
0.0012220771 61.3778461436 0.1046070632
0.4869156088 21.8138218761 24.6132933226
111.5419667732 0.0999129619 0.1365265119
0.7470791009 36.6483606021 0.2201517901
108.0248126069 0.0100655084 5.6359787523
0.2070460614 56.0960205253 0.0178767238
16.0714190387 34.2794266131 0.0020083381
61.9189762673 0.7524767228 3.7897951064
0.0057720647 141.5077967021 0.0057402761
70.1876262708 0.0995586470 0.2001721982
29.7396994095 27.1664949852 0.0022711124
0.0053458025 2.8459027206 36.8190265040
66.9407955026 0.1188948212 0.0413738225
68.1341326635 3.1909330533 0.0270815630
71.0104563555 0.3198529815 0.0028493098
1.7468923835 42.2560016663 0.0017538775
0.0022246760 0.0021553409 55.0957327163
42.3613986906 3.2678028261 0.5252136587
0.0015803400 79.3237804172 0.0363215107
0.0015815018 39.6313451396 39.8669406338
0.0213207558 14.9198805713 24.6968186213
6.6878858176 25.1625634267 6.0906937074
30.1072242730 2.3225451165 2.8036225816
0.0021152542 1.1855020037 53.7505216569
0.0213207558 14.9198805713 24.6968186213
0.0015815018 39.6313451396 39.8669406338
26.8466911015 0.0386659924 29.6733292041
0.0013806554 0.0038670656 65.9608723153
203.6234594349 0.0188461118 3.8272978898
70.1298016497 0.0661287655 12.4962433783
61.9189762673 0.7524767228 3.7897951064
68.1280510621 3.5097516279 0.0214685032
61.9189762673 0.7524767228 3.7897951064
68.1280510621 3.5097516279 0.0214685032
31.3464408172 20.9742472412 0.3080226017
70.1298016497 0.0661287655 12.4962433783
70.1298016497 0.0661287655 12.4962433783
31.3464408172 20.9742472412 0.3080226017
0.0013806554 0.0038670656 65.9608723153
91.0213254353 0.0992928304 4.1240389569
37.8943596997 5.0530401155 0.2528383645
9.3169185996 30.3972449773 0.2203308628
0.0017900699 0.0030935233 61.4013692488
0.1819822464 51.2077224680 0.2358635352
0.0298477297 33.2362725712 19.3386383951
111.0197688377 0.0103295083 5.0251143984
0.0015803400 79.3237804172 0.0363215107
112.2247232111 0.1005222714 0.0209506034
14.9510011813 30.2565394466 3.6414176004
65.0289694756 0.6455751084 8.1665691461
0.0021152542 1.1855020037 53.7505216569
0.5186433391 8.2755157859 23.2786741930
0.0021152542 1.1855020037 53.7505216569
0.0012708100 0.2112052176 54.7256628871
16.0714190387 34.2794266131 0.0020083381
29.6952950019 2.1389256891 4.9488986282
0.0015803400 79.3237804172 0.0363215107
0.2065337905 58.1168315516 0.0958300226
0.0011833666 59.2752715632 0.2758234075
260.8724308752 0.0272140502 0.1717124928
0.0053458025 2.8459027206 36.8190265040
0.0027188715 0.0011744225 49.0011280794
111.0197688377 0.0103295083 5.0251143984
24.5841220312 0.0534712321 27.1924765695
37.8752814065 13.3465614798 0.0020432525
0.1959182887 27.7200574444 15.8300463654
0.6145749970 104.0753860336 0.0038836887
0.0019800513 0.0029648073 62.1685168950
0.0324805036 28.8372937916 16.3709077821
53.2531257261 7.8455227360 0.0024391689
0.0015803400 79.3237804172 0.0363215107
0.1736722757 46.6690726589 1.0377603467
0.0021152542 1.1855020037 53.7505216569
0.0211152535 14.7067705829 26.7030865485
0.0053458025 2.8459027206 36.8190265040
1.8637365543 42.9389900787 0.0017859392
0.0035141928 0.0011766770 58.9881432500
0.0013772977 69.1104023012 0.1177870172
155.7330644823 0.1962534827 0.0062405009
0.0434422378 35.0904537295 36.4213481729
93.3207722756 5.9790427782 0.0377072731
0.1706450652 90.6001868660 0.0174303412
40.5154979682 5.4025575540 0.2703277839
0.0508243589 115.8534768438 0.0075590621
0.0345277998 38.4459162309 22.3698879575
38.5920544057 1.0310362356 43.7319413232
122.9986627970 0.0115906411 12.8437852578
137.6539575366 0.1233350611 1.6759314202
0.3842923199 108.1351062124 0.0058451018
276.0825902122 0.0255560331 5.1892401241
