0.1765589078 59.0076177487 1.1238698948 0.0659147860 0.4128512186 0.5293473849 0.2337172601 2.5762403325 0.6879765169 1.0361579357 3.9267870458 1.3688353923
97.4819141257 93.4414996840 0.0162256902 0.3766444155 2.8035626403 0.8671361452 2.1241714318 1.2774229246 1.5395704946 1.9178694227 3.1312309774 1.4951030719
91.1308580208 0.0442415326 0.5645069339 1.7112240024 4.4911172817 0.4494855057 0.8701671376 1.4413354854 1.5705436805 1.7728742750 0.3819624332 0.0060149225
0.1765589078 47.8387798434 1.1238698948 0.0659147860 0.4128512186 0.5311169783 0.2367400138 2.5762403325 0.7221109463 1.0361579357 3.9267870458 1.4012303564
97.4819141257 90.8821960120 1.4107422518 0.2753570673 5.6435950873 0.4585123465 1.1490763425 6.1597704342 1.5555497274 1.6492645422 3.1866561133 0.5829409402
32.1264032177 53.5873766013 0.1747928891 0.1473868079 0.3925107704 0.5309003596 0.3779240536 3.6970915463 0.8748592303 4.6876355811 3.1363752614 0.9625166654
15.4239905590 38.1300071045 1.0881086123 0.6615050199 5.0467109553 0.3374459138 1.9780094372 2.0857491973 1.5006310832 0.2216083474 3.6415211825 4.5850297954
66.1561473377 56.7337971919 0.9362112436 0.6018399848 4.5756051491 0.6158506369 0.8777533462 2.7502845507 0.1609941713 2.9177980039 0.4779330019 0.4585229168
38.2136448987 94.2365131415 0.1151103419 0.3113128533 4.9773681091 0.7985207635 2.2773423850 3.1386023226 1.5583807371 1.7897719344 0.1581104163 0.4238862475
35.5681741090 96.7738086342 0.0175091551 0.5010876192 4.9105601857 0.4494646710 0.8698431744 1.3883519323 1.3789873035 0.2446689299 3.0147682463 1.6183450144
22.7937114976 80.2051636720 1.2706982599 1.9509465452 0.9080631920 0.3268174951 0.2280080163 2.7969887642 0.1047320808 0.8670396435 4.0746693000 1.2216060272
25.1212795792 16.2000398501 1.1670922452 2.4957226002 0.6969108123 0.1814086039 0.1008865202 2.6416832477 0.2053187379 0.0659705309 0.2010353480 2.5460783293
52.8336290808 73.5154886289 1.1532556416 0.9784558298 0.6026313337 1.0987399713 4.1324012840 3.9367708511 2.3442472105 0.6901946090 4.2886071775 0.4236588074
56.1149068327 65.6096868665 0.1051571203 0.2589450967 5.2522801384 1.1382547087 1.1438508236 1.9873523390 0.4839837219 1.2987864869 2.0025388283 1.3379758162
50.2112408719 26.9106474876 1.1240774116 0.1938256371 2.2098656419 0.4167659397 0.1668071732 2.6244540992 2.1498210375 1.7133204293 0.5979139100 0.5173109529
81.5388814956 21.4522050794 1.1991722483 2.3782941221 2.6092538514 0.4472369833 0.6379931034 8.4415341795 0.2125741990 1.0186592962 4.1557850219 0.4233286211
96.8473413518 61.5176810085 0.1034623374 0.6489096996 5.0624460576 1.1422781998 1.0828667252 2.2135112874 2.1045797714 0.6298970918 1.8126358898 0.5764374228
86.1598569735 4.8027452076 0.7541400895 3.5101344002 4.2732497619 0.5557738579 0.4690073057 4.0548772815 0.2395549665 1.4914904272 2.2786573597 1.2964588782
82.0787456391 12.1372999886 0.1763980763 0.8074282857 0.4805787008 0.2740197591 0.8496099236 3.2129017479 0.1171757610 0.9687669107 2.1622873168 1.5316487941
13.3909572044 0.0442415326 0.5645069339 0.6172292120 4.4911172817 0.4494855057 0.8701671376 5.4263170746 0.8661108179 1.6977349509 0.3819624332 0.2710936398
40.8073562410 33.4840504766 0.4647609304 0.6075934217 4.9286067433 1.9748057780 0.4104920990 3.4846486515 0.0982739285 1.0751860376 3.0606147421 1.6804887985
74.8371101863 27.3816824772 0.2831665422 0.1118298488 3.9076050160 0.5387189858 0.4263747000 9.1436981380 1.6523126582 0.4605575202 0.1584800704 0.5843058869
21.5703316849 62.1198629861 1.0246242800 3.7413624410 4.0332585977 0.5343629018 1.0643529638 5.9811724250 0.3310473989 3.3135783328 3.2647005215 0.5620012775
56.1415324168 66.8580647351 0.0582816021 0.2632583651 5.0041277079 1.1577570475 2.2015857072 2.6249849614 0.6547925977 1.2828241487 3.0015918049 0.2669678158
4.5304116591 32.9027170734 0.2110378266 0.1824180834 2.2098656419 0.4167659397 1.2341279469 2.6244540992 2.2923323250 1.7133204293 0.5223755799 1.6659583374
80.2489413671 74.8597700037 0.0584279522 0.8432064035 4.5568996588 0.4485449048 0.9053713671 2.7588339866 0.3740931245 1.7006879839 0.7430697885 0.0060149225
33.5176201018 88.1196059711 0.1272487350 0.8354981084 2.1959500076 0.7529896903 0.2231135994 5.8942638567 0.2674415721 1.3018728637 2.1215955939 1.0804823946
99.5482114309 89.4897814796 0.1401633146 0.8501552078 3.6583914115 1.0788558152 0.6838690965 5.2480488303 0.3648473032 0.0558237411 3.3232621850 0.5394513002
94.1649230298 57.5093296223 0.1550208566 0.1473868079 0.3925107704 1.0962522147 0.3199727931 3.6393900396 0.3219356782 4.7592005715 4.3009905432 0.5396184402
6.8846363897 21.4645247441 1.3398137510 0.9198427502 0.4157572196 2.3551613595 1.1115981508 2.4657376941 0.5809615069 0.2415879591 0.7528298917 0.4703354659
66.1561473377 76.9136606075 0.9520869307 0.6018399848 4.4773125822 0.6184013499 0.9469205602 5.5586961920 0.0577215762 2.8510404531 0.6560902121 0.4563061016
88.2162743498 86.1663607550 0.0346697672 0.9083535443 4.3847043517 0.4308493401 0.5091789399 2.6811690529 0.3822886174 1.7530389754 4.2221050564 1.3712368660
9.0335204365 95.4798493743 0.2364486304 0.1824180834 2.2098656419 0.4301195886 4.5886678190 2.7211521217 1.3004938510 1.7133204293 0.5535126302 1.6659583374
73.5010454829 30.2194834344 0.0969431807 0.1118298488 4.5135877935 0.5397244105 2.9410070267 5.6249526044 1.6523126582 0.4605575202 0.1650269151 0.6373717770
78.8440273986 76.7991835441 0.1808716724 0.1850848475 0.4714272955 1.0254419382 0.7843703955 5.7172044192 0.2820015754 0.9475481859 0.2951418520 0.6291626910
78.8440273986 42.7520842164 1.2715055321 1.9192865433 1.7836741150 0.1659215629 0.4453249785 2.6020380237 0.3261346023 0.8263551020 0.2677201437 4.9148874763
31.4546124270 8.2216570401 1.2715055321 0.1850848475 2.0468731315 0.3594492867 1.1497051689 6.0660260284 1.5737811417 1.7006879839 0.3095873315 0.6108971185
78.8440273986 71.5955008889 0.2102294053 0.1850848475 1.7372239335 1.0618869121 0.7825937395 5.6598246266 0.2820015754 1.4139507630 2.7387538595 0.6478032261
66.1561473377 9.6336264255 0.2512150342 0.8377219866 4.2938477668 0.5806157552 0.7804022102 5.7534285713 0.3694721003 2.8807292562 3.0627677210 1.2152094189
98.8915937987 44.8767092858 0.1423759897 9.5425613421 0.6585255619 1.0745457840 0.7267649822 3.9828962850 0.3714618023 0.0691094701 4.3351395769 0.8573691034
31.4546124270 3.0661505150 1.2715055321 0.1850848475 1.7836741150 0.3444518915 3.5030635562 5.6598211619 1.5737811417 1.7006879839 0.3095873315 0.6291626910
0.5388454220 84.2185410669 1.2387805349 0.7414913758 4.0477762252 0.1400381208 3.8717431256 2.5418028330 0.4902845962 2.2640371871 3.6574980342 0.6479200320
87.4599564004 49.4765307761 0.8801006403 0.4107072992 0.7384166692 0.8572407994 3.1490918219 1.4607669206 0.5427263250 0.7046776153 3.1297346949 0.1940023969
72.2569150276 76.7997882713 0.1140335360 2.3121878230 4.6143013394 0.5364757636 0.3115154579 6.2158237584 0.4187802084 0.3000648081 0.1339767314 1.4002260850
16.8231188388 72.7260949275 4.0122749229 1.7797131627 2.0932302842 0.4967778091 3.6208536932 2.0605283020 1.6965349795 2.6638623013 1.0448354801 0.2907289074
68.8451683170 9.4778556766 3.1336394618 2.7214824747 0.2764759554 0.2178909525 0.5839749920 5.6704309035 0.5441390487 0.9272036033 0.0096995522 0.3767504967
34.1440026055 38.1633364816 1.5198987945 1.0092887902 1.8691790724 0.5397099925 1.8987819275 5.6514735830 1.4227797444 0.2653109789 3.7953059798 4.4486570729
96.8473413518 50.1976223482 0.0890190684 1.4211503607 5.9326689665 1.0973849404 1.1326860426 2.1784165824 2.3756714155 2.8291031552 2.5297858990 1.3697075758
40.8073562410 26.9043920806 0.3041133782 0.3618583573 2.7233465740 0.4623499797 0.6412866690 8.4415341795 0.2125741990 1.7475222888 4.1557850219 0.4233286211
21.4448839773 41.4707389555 1.1267479957 0.0659147860 2.5611945222 0.5781645621 0.2367400138 2.5762403325 0.8684717548 3.6606415112 3.9267870458 0.0868395027
70.8776913156 21.5608879844 1.0961032184 2.4854028213 0.4485037662 0.2740197591 0.5757473265 3.2338833513 4.7724373833 1.0498619499 2.1622873168 1.3863271051
58.8139289753 81.5155315400 0.6229946623 0.7621847776 4.5237838889 0.8599915645 0.8609904231 5.3940753221 0.3999868012 1.6201683589 0.4487877364 6.1289417834
9.9576627853 74.8597700037 0.0172720950 0.2480638115 4.2759007215 0.3949423695 3.3137002641 6.5716796989 0.7913229030 0.8527601995 0.6211634739 1.3974663851
30.1762390644 15.9708079792 0.1856819679 0.7151190840 0.6723868189 0.2882269667 0.1008865202 2.6416832477 0.2915737503 0.0659705309 0.4922933582 2.5460783293
40.8073562410 50.8164334453 0.8248125580 0.4494813841 4.3081303579 0.9999719393 0.3948367289 1.6054187692 2.3179524558 0.1915306109 1.0753425448 1.8051677130
0.1765589078 85.4800711429 1.1267479957 0.0659147860 6.4264440831 0.9026053934 2.1748130459 2.5755615468 0.8728015095 1.0370403802 3.8931916639 0.0868395027
99.5482114309 81.5292060545 0.1569986417 0.8259232124 3.6330458274 1.0788558152 3.0948332859 4.8137516555 0.3960476705 0.0558237411 4.1835711214 0.5423329679
25.5843309643 1.0090787198 1.0641295873 0.2252398549 4.0767589587 1.0957056801 1.1267939235 6.4090936497 0.8684717548 0.9531029832 5.0371073362 0.9862437538
64.8647005518 17.4797698127 0.1256263310 0.6457165952 4.9395945616 0.5890097017 1.1382205391 4.4809545720 2.2098092394 1.5128971132 3.1315668451 1.5116766265
43.5235273602 19.5128694424 2.8512075051 3.7799731897 0.5671426883 0.8548440015 0.7163876401 5.5062808060 2.2765366496 1.0772141194 3.4445042836 0.6043024392
97.5071143967 71.5106008360 0.1925009606 0.2855126838 0.3550839250 0.6535006003 3.6630064146 5.5450124182 0.4956263718 1.5782204022 3.4560386560 0.5288013604
28.7196806893 24.8491834520 1.1826016186 0.1888818975 2.2605757689 0.4167659397 0.5924102721 4.1459629124 2.2923323250 4.4764180303 0.3151531031 0.4657426510
0.1765589078 45.5578641981 1.1238698948 0.0659147860 1.6988680568 0.5311169783 3.5305074754 2.5581430291 0.7116891273 1.0361579357 3.9267870458 1.4262087327
46.7940389217 4.8833221522 0.0528577148 0.6963779511 4.0089545198 0.8378858027 0.7163889455 5.9435221641 0.4618671218 1.0494352839 3.4445042836 0.8945869796
0.1765589078 44.3114966438 0.1487502087 2.3587953540 2.2630097823 0.5797969639 0.1088521963 2.6417918414 0.8684717548 0.0537357061 3.9267870458 0.0868395027
74.2231541802 86.1663607550 0.0346697672 1.2622179295 4.3762619976 0.4308493401 0.4206791717 1.5740441952 0.3057105082 1.7303100949 4.2221050564 1.3711474647
2.0055940159 21.4645247441 0.8047962160 0.7197519164 5.7967133384 2.3551613595 0.5362710279 2.4657376941 0.6002338037 0.0603170793 0.7597613437 1.5660634486
7.5857623297 13.6205744641 0.0874207032 2.3654648051 0.9661343039 1.0969856181 0.2315778847 1.6017559183 4.7724373833 0.2708683396 2.4737853752 1.4295475369
68.8451683170 2.1155698391 3.1336394618 2.7214824747 0.2764759554 0.2501568510 0.5836591897 5.6704309035 0.5441390487 0.7011069548 1.9326296919 0.3953848810
33.5176201018 40.7656559925 1.5392355626 0.3418143668 2.1959500076 0.8647294111 0.2231135994 1.1452565814 0.2674415721 1.3215818793 2.7304776435 1.1293353680
74.8371101863 30.1723894615 0.0969431807 0.1118298488 3.9076050160 0.5424317543 0.4263747000 5.5266124000 1.6523126582 0.4605575202 0.1650269151 0.6373717770
58.0834827925 94.2365131415 0.1165864539 0.2461648271 4.9823397261 0.6098004591 0.8680626153 3.1386023226 1.5583807371 0.7595830243 0.1581104163 0.4238862475
14.9294275959 89.4897814796 1.2331035115 0.6156214378 3.2765364583 1.0496152647 0.8616271318 5.2024569172 0.3119963259 1.8883504202 3.2849131411 0.5575216554
95.5743103128 74.1668081169 0.0590229844 0.8438607830 4.3049109260 0.5779112715 0.2280080163 2.7969887642 0.2178454374 0.6400516826 4.2469933266 1.2075797001
58.1326740027 89.4897814796 1.2331035115 0.8501552078 3.2765364583 0.9991248643 0.6838690965 5.1999672543 0.3119963259 1.8559305267 3.2849131411 0.5394513002
8.0916094014 13.0191699604 0.1019139597 2.3654648051 0.9661343039 0.8996490075 0.1019992840 0.8770070187 4.7724373833 0.2708683396 2.4737853752 1.3863271051
56.1149068327 66.1284496435 0.4514633041 1.4617840253 4.4316972036 0.6104131565 3.6726050500 6.6663401552 0.7001083971 0.6304764397 1.9121460264 2.0304702589
26.9177748093 76.7997882713 0.1140335360 2.3121878230 1.1853565775 0.5397654048 1.8450299096 6.2158237584 0.5604171074 0.3000648081 0.0944895901 0.3418911074
86.7368249619 59.4970297446 0.8801006403 0.4107072992 0.7446498819 0.6647424177 0.3168489378 2.4796579356 0.5427263250 0.7046776153 3.9061661971 2.4317532532
62.8060002396 18.1907043191 0.7288717498 0.1254279920 0.3544884974 0.1776405136 4.5559317573 2.6885122341 2.1028055277 0.4395941703 4.3652815073 3.0356417847
2.0055940159 24.8605013267 0.0413875148 0.7774993992 5.5358310335 0.4729336474 0.7606413895 2.3963411990 0.4302237269 0.2056730386 0.7437289027 1.5509512780
46.7940389217 20.0856449913 0.0528577148 0.3247409940 0.5187308066 0.8378858027 0.7163876401 5.5509202104 0.4989811254 1.0494352839 3.4445042836 0.8945869796
43.3588450903 33.4840504766 0.4647609304 0.2271953638 2.8053367343 1.9748057780 0.4104920990 1.2667149725 0.0982739285 1.0751860376 3.0606147421 1.4211654253
59.4546397523 2.2784974702 2.9857587655 0.7101602684 4.5354662148 0.5575272255 3.0635088513 5.6320269312 0.5351643123 0.0786150565 2.0211042617 1.2823481729
11.9750540121 93.4476171725 1.1161230551 0.8686222241 3.5288403989 0.4335700015 0.7850156220 2.9786862100 0.3650659303 0.9151236328 4.4382561503 0.4443876018
88.2162743498 18.6805230776 0.9229046507 0.9083535443 3.4731475393 0.4308493401 0.5091789399 2.6811690529 0.2212409257 1.4600263396 4.2221050564 1.3712368660
93.4748285946 57.4459509269 1.1142934477 0.1909042681 0.3159524734 0.4167659397 0.2693151623 3.5735985377 2.2923323250 4.3372105930 4.3621730627 0.4657426510
23.3012600964 73.5154886289 0.2090918530 0.9784558298 0.6026313337 1.0008517289 4.1324012840 8.0680363189 2.0882055209 0.6901946090 4.3103781459 0.4210354185
60.7908794520 44.8727860041 2.9857587655 0.7667064151 3.9294834313 0.5588655649 0.5178602124 5.5336867268 0.5327630260 0.0786150565 2.0211042617 1.2823481729
97.5071143967 76.0748607343 0.1925009606 0.6190022256 0.3550839250 0.6535006003 0.9351668495 5.5450124182 0.4956263718 0.6368478380 3.4361713686 0.5288013604
20.3668257992 46.8654207436 2.9283515525 0.8931948014 0.2250568527 0.6746866915 1.8749246028 7.6006629397 0.8317010449 0.7522158699 1.9358963378 0.3959149408
70.8776913156 57.4894237734 0.6096195588 0.8638322576 0.4485037662 0.6158984526 0.1019992840 3.1545038629 0.1380521507 0.9687669107 2.1497150354 1.3283421902
56.9069972745 6.9524061940 3.3896831037 0.2589450967 5.0567537215 1.1047346719 0.5554844617 1.9873523390 0.5442066144 0.9182059814 0.0331227439 1.3379758162
29.7269092756 15.9708079792 0.9520144802 0.7151190840 2.6121375805 0.4238972386 0.1008865202 2.6404946610 0.2915737503 0.0659705309 0.4922933582 3.5352601077
93.5670699776 57.4459509269 1.1142934477 0.1558875965 0.3159524734 1.0148577186 0.2693151623 3.6028258399 0.4474860578 0.0621812793 4.3621730627 0.4639668505
62.2364869091 18.1448189075 0.3041133782 0.3618583573 2.7700015717 0.4272321035 0.6412866690 8.1295698316 2.1340488317 0.4417168632 4.3668335995 3.1396009997
15.3662757333 32.9027170734 0.5133638349 0.1824180834 6.1706519322 0.4183639966 1.2341279469 2.6277498832 1.5456598345 1.7133204293 0.7770212148 1.6659583374
60.7908794520 1.4730415192 2.9857587655 0.7101602684 3.9294834313 0.5602345692 0.5178602124 5.5336867268 0.5351643123 0.0786150565 2.0211042617 1.2823481729
91.6258262482 0.0442415326 0.5645069339 1.7112240024 4.5585805421 0.4485449048 0.8724385522 2.7588339866 0.1559398822 1.7006879839 0.7430697885 0.0060149225
20.3668257992 46.8654207436 2.9283515525 0.8931948014 0.2250568527 0.6746866915 1.8749246028 7.6006629397 0.8317010449 0.7522158699 1.9358963378 0.3959149408
