0.9985696572 0.0000887715 0.7054478278 0.9937649562 0.6021414394 0.2954911985 0.3011186389 0.1177489393 0.5058037201 0.7816603430 0.4075672755 0.6187805818
0.9117811613 0.9421939655 0.9057856438 0.1939738217 0.3931939748 0.3018710774 0.8001878931 0.9053658549 0.6010220245 0.8001439826 0.5056062768 0.6104095752
0.0011351696 0.0002604437 0.4998064506 0.1931154267 0.7013638946 0.4014866928 0.6075874254 0.8106719562 0.5930742724 0.7093195430 0.5045961656 0.7157528820
0.9646393404 0.0049681717 0.4996465136 0.2882142974 0.3961309583 0.5078949823 0.3003148764 0.8130788293 0.4991056546 0.4954905347 0.5153259768 0.2878736418
0.4596108980 0.0122543846 0.3924227190 0.2034844481 0.2905131569 0.3939345214 0.7035234922 0.3020668199 0.4896144026 0.6924430984 0.3903490271 0.5923507757
0.8016345034 0.0050764327 0.4996465136 0.3017657476 0.5939854148 0.5078949823 0.2821336334 0.8111835872 0.4991056546 0.4954905347 0.5024575140 0.2878736418
0.9117811613 0.9489163835 0.9057856438 0.1939738217 0.3945021506 0.3018710774 0.8001878931 0.9053658549 0.6010220245 0.7946449153 0.5056266464 0.6104095752
0.9896720559 0.0299665608 0.3979090836 0.1984120463 0.2949652118 0.3899711109 0.7056884274 0.3019725275 0.4901398190 0.6960785383 0.3987118843 0.6077178553
0.4412540699 0.0086381235 0.3924227190 0.2034844481 0.2905131569 0.4078876873 0.7035234922 0.3019679051 0.4896144026 0.6924430984 0.3988036085 0.5880016506
0.0011351696 0.0002604437 0.4998064506 0.1931154267 0.7013638946 0.4014866928 0.6075874254 0.8106719562 0.5930742724 0.7093195430 0.5045961656 0.7157528820
0.6686796313 0.9999932669 0.8069944766 0.6061936693 0.6028783506 0.3968073396 0.6892161755 0.7161100440 0.5036927314 0.4961491611 0.4075469693 0.2900376308
0.9999499884 0.9999290545 0.7057832710 0.5090573600 0.3946103468 0.4502730860 0.6072220954 0.7041058736 0.5124148090 0.7847827285 0.7128287881 0.7042343392
0.9985696572 0.0000887715 0.7054478278 0.9937649562 0.6021414394 0.2954911985 0.3011186389 0.1177489393 0.5058037201 0.7816603430 0.4075672755 0.6187805818
0.0004486952 0.9414203012 0.9057856438 0.1939738217 0.3930350681 0.3018710774 0.8001878931 0.9053658549 0.6010220245 0.8003771356 0.5058395143 0.6104095752
0.0014411834 0.0172711044 0.4106050504 0.2064090536 0.3942006781 0.3018983960 0.2940216001 0.7968710302 0.5056400443 0.7000090362 0.4937268095 0.5963898332
0.0004486952 0.9481427193 0.9057856438 0.1939738217 0.3943432440 0.3018710774 0.8001878931 0.9053658549 0.6010220245 0.7948780684 0.5058598839 0.6104095752
0.5222156500 0.0379999337 0.6995996056 0.8057245722 0.7027359137 0.3033256104 0.6059327126 0.8008517962 0.6095436260 0.6995399137 0.4081786094 0.5930914713
0.8117138579 0.5555720582 0.9036999809 0.8053389147 0.7027344848 0.1982297981 0.7876399194 0.8008517962 0.5090327605 0.6995399137 0.5033178699 0.6095975122
0.9646393404 0.0049681717 0.4996465136 0.2882142974 0.3961309583 0.5078949823 0.3003148764 0.8130788293 0.4991056546 0.4954905347 0.5153259768 0.2878736418
0.9955635882 0.0000832792 0.7095629703 0.9937649562 0.6021414394 0.4072824498 0.3006263989 0.7101796223 0.5057977943 0.7816603430 0.4038546073 0.6162579865
0.9216255003 0.0049681717 0.4996465136 0.3017657476 0.5939854148 0.5078949823 0.3003148764 0.8130788293 0.4991056546 0.4954905347 0.5140027965 0.2878736418
0.4357100923 0.0020274720 0.4099430565 0.1988525961 0.2943201386 0.3939345214 0.7156324604 0.3020668199 0.4896144026 0.6922086152 0.3978882081 0.5921421752
0.4683875393 0.9824882086 0.3967785575 0.1934568895 0.6113552686 0.3058581023 0.6069094916 0.3022132783 0.7923471786 0.6997705192 0.4049098365 0.5048345123
0.4683875393 0.9982950425 0.8005119647 0.1934568895 0.6113552686 0.3058581023 0.6960626688 0.3022132783 0.7923471786 0.4955886072 0.4073470863 0.5139081506
0.8990665173 0.0000832792 0.7021999661 0.9937649562 0.6021414394 0.2949985150 0.3011186389 0.7898580446 0.4803446894 0.7949652112 0.3083382582 0.6187805818
0.9999850566 0.9975829433 0.7105244220 0.5993308165 0.3948361324 0.5158727678 0.3004125218 0.6972028678 0.4872050466 0.7984342127 0.5261063362 0.3192581264
0.9279009626 0.0020870782 0.4928093879 0.1931154267 0.6952502820 0.4964118258 0.6942546624 0.8106719562 0.5087778533 0.9795398739 0.5045961656 0.1021170031
0.9981058965 0.0027348415 0.7052586506 0.9937649562 0.6103597979 0.2952578266 0.3011186389 0.1014038545 0.5057977943 0.7816603430 0.4075672755 0.5923709022
0.9999499884 0.9997575706 0.7057832710 0.5012767755 0.3946425012 0.4502730860 0.6072220954 0.6960806491 0.5071044739 0.8016344745 0.7088605963 0.7042343392
0.0014411834 0.0172711044 0.4106050504 0.2064090536 0.3942006781 0.3018983960 0.2940216001 0.7968710302 0.5056400443 0.7000090362 0.4937268095 0.5963898332
0.9995765622 0.0300454911 0.3937926555 0.1984120463 0.2949652118 0.4085536333 0.6064756365 0.3019695194 0.4901398190 0.6960785383 0.3987118843 0.6077178553
0.9999979219 0.0001383482 0.4113364519 0.1998297794 0.4128218274 0.3949405504 0.6905050490 0.7046609107 0.5092493325 0.6964513564 0.3839434984 0.3863925604
0.9279009626 0.0020870782 0.4928093879 0.1931154267 0.6952502820 0.4964118258 0.6942546624 0.8106719562 0.5087778533 0.9795398739 0.5045961656 0.1021170031
0.9897501071 0.5614437160 0.9033978495 0.2064098803 0.8045238803 0.3058632453 0.8050250915 0.6850049764 0.5991910910 0.8049954183 0.3993224858 0.0872129228
0.9785075931 0.5555720582 0.9036999809 0.8053389147 0.7027344848 0.1982297981 0.7876399194 0.8008517962 0.5999770425 0.6995399137 0.5033178699 0.6095975122
0.4979334650 0.9718140463 0.5003949280 0.1935129449 0.2915227551 0.8960441400 0.6941483407 0.3022132783 0.4896144026 0.5045827505 0.7073888067 0.4975787684
0.9990775487 0.0205417786 0.3937926555 0.1984120463 0.2949652118 0.4085536333 0.6064756365 0.3020226010 0.4901398190 0.6960785383 0.3987118843 0.6077178553
0.9117811613 0.9489163835 0.9057856438 0.1939738217 0.3945021506 0.3018710774 0.8001878931 0.9053658549 0.6010220245 0.7946449153 0.5056266464 0.6104095752
0.9999499884 0.9997575706 0.7057832710 0.5012767755 0.3946425012 0.4502730860 0.6072220954 0.6960806491 0.5071044739 0.8016344745 0.7088605963 0.7042343392
0.9117811613 0.9421939655 0.9057856438 0.1939738217 0.3931939748 0.3018710774 0.8001878931 0.9053658549 0.6010220245 0.8001439826 0.5056062768 0.6104095752
0.9896614631 0.5201746622 0.9057856438 0.2064098803 0.4068487201 0.3058632453 0.8050250915 0.6886388010 0.6073085473 0.8049954183 0.3962480099 0.0872129228
0.5734987641 0.9945880561 0.6982842272 0.5106272356 0.2908705944 0.3073399701 0.2948931303 0.8927683559 0.6008465886 0.8179566150 0.4985387410 0.7028530856
0.7718197172 0.9855665707 0.5043574937 0.3017657476 0.5939854148 0.5078949823 0.3003148764 0.6985126254 0.4991056546 0.4954905347 0.5140027965 0.2878736418
0.6299950619 0.0020870782 0.4998064506 0.1931154267 0.6071618355 0.4907375556 0.6942546624 0.7114509404 0.3103235087 0.5090799045 0.5040521756 0.2994399935
0.4596108980 0.0122543846 0.3924227190 0.2034844481 0.2905131569 0.3939345214 0.7035234922 0.3020668199 0.4896144026 0.6924430984 0.3903490271 0.5923507757
0.9780193947 0.0000156708 0.4998064506 0.9416750805 0.3778445730 0.3125278589 0.6942546624 0.8146698616 0.5809572399 0.6909815044 0.5045961656 0.3778501696
0.4596108980 0.0122543846 0.3924227190 0.2034844481 0.2905131569 0.3939345214 0.7035234922 0.3020668199 0.4896144026 0.6924430984 0.3903490271 0.5923507757
0.4871776733 0.0020274720 0.3940582183 0.2034844481 0.2902993633 0.3939345214 0.7069764230 0.3020664495 0.4895421541 0.6922086152 0.3888302510 0.6083015032
0.7718197172 0.9855665707 0.5043574937 0.3017657476 0.5939854148 0.5078949823 0.3003148764 0.6985126254 0.4991056546 0.4954905347 0.5140027965 0.2878736418
0.5222156500 0.0258422750 0.8918070418 0.8053389147 0.7027359137 0.3018028878 0.6059327126 0.8008517962 0.6007307849 0.6995399137 0.5033178699 0.6095975122
0.9896720559 0.0299665608 0.3979090836 0.1984120463 0.2949652118 0.3899711109 0.7056884274 0.3019725275 0.4901398190 0.6960785383 0.3987118843 0.6077178553
0.4871776733 0.0020274720 0.3940582183 0.2034844481 0.2902993633 0.3939345214 0.7069764230 0.3020664495 0.4895421541 0.6922086152 0.3888302510 0.6083015032
0.5573099758 0.9907707189 0.7113952259 0.8032665762 0.2923310812 0.3021873215 0.3021385477 0.9136692359 0.6035964710 0.7946366328 0.4899345377 0.6082626985
0.4979334650 0.9718140463 0.5003949280 0.1935129449 0.2915227551 0.8960441400 0.6941483407 0.3022132783 0.4896144026 0.5045827505 0.7073888067 0.4975787684
0.5573099758 0.9907707189 0.7113952259 0.8032665762 0.2923310812 0.3021873215 0.3021385477 0.9136692359 0.6035964710 0.7946366328 0.4899345377 0.6082626985
0.8990665173 0.0000832792 0.7021999661 0.9937649562 0.6021414394 0.2949985150 0.3011186389 0.7898580446 0.4803446894 0.7949652112 0.3083382582 0.6187805818
0.9896614631 0.5201746622 0.9057856438 0.2064098803 0.4068487201 0.3058632453 0.8050250915 0.6886388010 0.6073085473 0.8049954183 0.3962480099 0.0872129228
0.6299950619 0.0020870782 0.4998064506 0.1931154267 0.6071618355 0.4907375556 0.6942546624 0.7114509404 0.3103235087 0.5090799045 0.5040521756 0.2994399935
0.0004486952 0.9481427193 0.9057856438 0.1939738217 0.3943432440 0.3018710774 0.8001878931 0.9053658549 0.6010220245 0.7948780684 0.5058598839 0.6104095752
0.9999979219 0.9806068226 0.7059007719 0.5868409963 0.3944521430 0.5044275306 0.5999566835 0.7051826938 0.5074981953 0.7705485921 0.7945228986 0.1025694269
0.5222156500 0.0258422750 0.8918070418 0.8053389147 0.7027359137 0.3018028878 0.6059327126 0.8008517962 0.6007307849 0.6995399137 0.5033178699 0.6095975122
0.9988051738 0.0027348415 0.7052586506 0.9937649562 0.6103597979 0.2952578266 0.3011186389 0.1014038545 0.5057977943 0.7816603430 0.4075672755 0.5923730477
0.9884366600 0.0204628687 0.3979090836 0.1984120463 0.2949652118 0.3899711109 0.7056884274 0.3020256090 0.4901398190 0.6960785383 0.3987118843 0.6077178553
0.5222156500 0.0379999337 0.6995996056 0.8057245722 0.7027359137 0.3033256104 0.6059327126 0.8008517962 0.6095436260 0.6995399137 0.4081786094 0.5930914713
0.4979334650 0.9718140463 0.5003949280 0.1935129449 0.2915227551 0.8960441400 0.6941483407 0.3022132783 0.4896144026 0.5045827505 0.7073888067 0.4975787684
0.9117811613 0.9421939655 0.9057856438 0.1939738217 0.3931939748 0.3018710774 0.8001878931 0.9053658549 0.6010220245 0.8001439826 0.5056062768 0.6104095752
0.4871776733 0.0020274720 0.3940582183 0.2034844481 0.2902993633 0.3939345214 0.7069764230 0.3020664495 0.4895421541 0.6922086152 0.3888302510 0.6083015032
0.9999771000 0.9828771062 0.3846507545 0.3179507922 0.2951321757 0.3067948231 0.9922487927 0.2058653641 0.5004061548 0.7961897971 0.6871362385 0.7925256005
0.5222156500 0.0258422750 0.8918070418 0.8053389147 0.7027359137 0.3018028878 0.6059327126 0.8008517962 0.6007307849 0.6995399137 0.5033178699 0.6095975122
0.9990775487 0.0205417786 0.3937926555 0.1984120463 0.2949652118 0.4085536333 0.6064756365 0.3020226010 0.4901398190 0.6960785383 0.3987118843 0.6077178553
0.9896720559 0.0299665608 0.3979090836 0.1984120463 0.2949652118 0.3899711109 0.7056884274 0.3019725275 0.4901398190 0.6960785383 0.3987118843 0.6077178553
0.9999771000 0.9828771062 0.3846507545 0.3179507922 0.2951321757 0.3067948231 0.9922487927 0.2058653641 0.5004061548 0.7961897971 0.6871362385 0.7925256005
0.8427727818 0.0000156708 0.4991892219 0.9532125976 0.6038199920 0.3125278589 0.6942546624 0.8112257081 0.5995397168 0.6909815044 0.5045961656 0.1901044689
0.9999831032 0.1273762725 0.7103658962 0.5007554598 0.2936269503 0.4098936269 0.6063160366 0.6960806491 0.5073754207 0.8016344745 0.7088605963 0.7042343392
0.9997629338 0.9999995075 0.8037471599 0.1932610539 0.3958960685 0.3968073396 0.6901625588 0.7957885494 0.2944255020 0.4957836300 0.3083179235 0.2907542738
0.9995765622 0.9863823218 0.3937926555 0.1920098910 0.3992481006 0.3971474893 0.6064756365 0.6087868128 0.4901398190 0.7893354939 0.3987118843 0.6077178553
0.9999979219 0.2549716564 0.8984951088 0.6028186645 0.4127306630 0.5044275306 0.6003665659 0.7044595188 0.6036299223 0.8048072048 0.2851992377 0.0964672375
0.9849510192 0.9493065307 0.7063328853 0.2017028068 0.3949625343 0.5059802543 0.5999583751 0.1927508109 0.5874747988 0.6977090289 0.4987343195 0.0908047072
0.9955635882 0.0000832792 0.7095629703 0.9937649562 0.6021414394 0.4072824498 0.3006263989 0.7101796223 0.5057977943 0.7816603430 0.4038546073 0.6162579865
0.9279009626 0.0020870782 0.4928093879 0.1931154267 0.6952502820 0.4964118258 0.6942546624 0.8106719562 0.5087778533 0.9795398739 0.5045961656 0.1021170031
0.9999415033 0.9999415591 0.7056626087 0.8892668822 0.3868684552 0.0819112839 0.7062566239 0.6961660517 0.5265229305 0.7929265985 0.4831727414 0.7042343392
0.9999979219 0.9006377208 0.4113364519 0.6793437630 0.3948932254 0.3959029349 0.7106705095 0.7014654547 0.6046955259 0.7870965520 0.5066932326 0.1905230557
0.4683875393 0.9824882086 0.3967785575 0.1934568895 0.6113552686 0.3058581023 0.6069094916 0.3022132783 0.7923471786 0.6997705192 0.4049098365 0.5048345123
0.4683875393 0.9982950425 0.8005119647 0.1934568895 0.6113552686 0.3058581023 0.6960626688 0.3022132783 0.7923471786 0.4955886072 0.4073470863 0.5139081506
0.0011351696 0.0002604437 0.4998064506 0.1931154267 0.7013638946 0.4014866928 0.6075874254 0.8106719562 0.5198825791 0.7093195430 0.5045961656 0.7157528820
0.9997632156 0.9999982611 0.8047381792 0.1935885278 0.2180032379 0.4019872938 0.1074016622 0.7957885494 0.2945208971 0.7820478905 0.2996610817 0.2933808888
0.9999979219 0.2549716564 0.7107082860 0.6028186645 0.3945105545 0.5044275306 0.5999566835 0.7044595188 0.6036299223 0.8048072048 0.2851992377 0.0898003325
0.9999850566 0.9684307129 0.7105244220 0.9755581527 0.6079782806 0.5158727678 0.3004213141 0.6972028678 0.4872050466 0.7973098298 0.5261063362 0.5903473865
0.8117138579 0.5555720582 0.9036999809 0.8053389147 0.7027344848 0.1982297981 0.7876399194 0.8008517962 0.4842840752 0.6995399137 0.5033178699 0.6095975122
0.9461765661 0.0020870782 0.4819934202 0.7850007543 0.6952502820 0.4719799549 0.6942546624 0.7996891343 0.5087778533 0.7089617099 0.5045961656 0.1021170031
0.9999831032 0.0069903277 0.7103658962 0.1919761269 0.2936269503 0.4097313180 0.6078200725 0.7941954737 0.5075003717 0.7124004511 0.7177041145 0.7042343392
0.0011351696 0.1273515700 0.4998064506 0.5019999740 0.7013638946 0.4016490017 0.6060833896 0.7125565974 0.5197576280 0.7985534041 0.4957466258 0.7157528820
0.4357100923 0.0020274720 0.4107712945 0.1988525961 0.2943286193 0.3939345214 0.7156324604 0.3020668199 0.4896144026 0.6926439060 0.3980386128 0.5921421752
0.9858821205 0.0000875664 0.4998064506 0.9460728012 0.6038199920 0.2958752537 0.2991042487 0.1202966984 0.5930742724 0.6909815044 0.5045961656 0.3842494026
0.9785075931 0.5555720582 0.9036999809 0.8053389147 0.7027344848 0.1982297981 0.7876399194 0.8008517962 0.6247256014 0.6995399137 0.5033178699 0.6095975122
0.9998507750 0.9999916090 0.8037471599 0.1795268788 0.2180032379 0.4019872938 0.0892854231 0.7957885494 0.2921440884 0.8959227600 0.2996610817 0.2934498294
0.9999499884 0.9930493764 0.7063919785 0.5012767755 0.3946425012 0.4381653374 0.6072220954 0.8014655361 0.5071044739 0.8016344745 0.3562901896 0.6918713972
0.3799369086 0.5231580017 0.9003975422 0.2053958902 0.3880522788 0.3058581023 0.6065061582 0.3022132783 0.6019827572 0.7068130736 0.3966644194 0.4774539843
0.0004486952 0.9481427193 0.9057856438 0.1939738217 0.3943432440 0.3018710774 0.8001878931 0.9053658549 0.6010220245 0.7948780684 0.5058600986 0.6104095752
0.9999979219 0.0544892563 0.4113364519 0.1815694955 0.4128218274 0.3949405504 0.6908411981 0.7046609107 0.5089370632 0.7807643271 0.5050099165 0.4237872699
