0.6616974705 0.7615991686 0.0005470292
0.0009462238 0.0000005054 1.0231588955
0.0000001298 0.0006393287 1.0165647296
0.4194139821 0.6418092792 0.6587791872
0.6257921999 0.2596606335 0.7696240142
0.1175357039 0.4231670622 0.9077834452
0.9351403571 0.0752185451 0.4413875185
0.0719958270 0.3527819635 0.9472192866
0.4598453454 0.7327897101 0.5256282966
0.8491584895 0.2807720224 0.5805318734
0.3431608769 0.6744605775 0.6752831440
0.8443190644 0.5240898668 0.2428294963
0.8924834362 0.1585025928 0.4813871107
0.2946195192 0.3268443193 0.9160796994
0.8310823989 0.3003994011 0.4993890265
0.4836781790 0.0978859518 0.8837119582
0.3801409289 0.4375338101 0.8268043758
0.0397860103 0.6929344563 0.7449304195
0.6817911597 0.2537056101 0.6977012995
0.2526989079 0.9559764808 0.2028460519
0.8591007073 0.5464190961 0.0974881676
0.1687450600 0.8171798761 0.5637333373
0.9783075206 0.2040370930 0.1698667054
0.0071238672 0.8965173795 0.6822785298
0.8978930326 0.0814365474 0.4717535186
0.3641944689 0.4040292158 0.8584594733
0.4152274175 0.9146745078 0.1481230063
0.2280691634 0.0236866974 0.9873435282
0.2703281114 0.9773602613 0.0234779886
0.5391569430 0.3377718381 0.7929558546
0.3769274809 0.4547782368 0.8340856787
0.6979739455 0.1060478728 0.7561330345
0.9295569809 0.1864946779 0.3600249412
0.0766400499 0.9525634673 0.3450531865
0.0460522738 0.8429247801 0.5652277944
0.9912128387 0.1739063420 0.1192004121
0.2598405439 0.3405150427 0.9243823931
0.7500908405 0.0680204931 0.7385377092
0.1283110981 0.9385490193 0.4040123433
0.0604341450 0.8053691318 0.6129278601
0.1943322285 0.8603061720 0.4966478429
0.4952605176 0.3724597433 0.8000304165
0.4327841992 0.6723927249 0.6226243840
0.0283716256 0.2075281237 1.0014764566
0.5047553942 0.6247074378 0.6191106233
0.6509284296 0.7936478351 0.0439075738
0.8753300349 0.4704134599 0.2837614101
0.3572332429 0.8786630506 0.3930705207
0.4927092362 0.4853407857 0.7523243244
0.3032187305 0.0608340109 0.9593595253
0.1446233682 0.0919856886 0.9923202437
0.8678881713 0.5520082407 0.0834004719
0.5695786187 0.6040860814 0.5973758294
0.3173440866 0.0219240733 0.9645317725
0.3352911175 0.3980765255 0.8738754932
0.9980737027 0.1472256560 0.0762001334
0.2217717374 0.2327392553 0.9691263865
0.5555636899 0.7397354499 0.4111452408
0.5251990781 0.8629864479 0.0098011622
0.4398880220 0.8320586572 0.3888967075
0.3919158099 0.3824722326 0.8586400193
0.4696076767 0.8723165164 0.1841439305
0.7067968392 0.2117234075 0.7337971011
0.3937121041 0.9006309318 0.2878497045
0.5640891378 0.7510871205 0.3801718198
0.8101695257 0.5819882194 0.1898475849
0.7615848569 0.5135069702 0.4369198814
0.8995349732 0.3033547512 0.3934030694
0.2103663783 0.2397090839 0.9670379504
0.6299892591 0.7213178624 0.3215073537
0.5640662856 0.8260853958 0.3083058069
0.9230168682 0.2159271432 0.3677027389
0.2591445271 0.9702778730 0.1066456719
0.0893953119 0.9705100398 0.3043270868
0.9500129072 0.3462427911 0.1282410131
0.6752079012 0.4552663573 0.6073709570
0.2838983730 0.9255077303 0.3695485689
0.6039840874 0.7838415386 0.2177842338
0.0309130396 0.5030754524 0.8789123680
0.1787180519 0.8704840459 0.5336012163
0.4686085938 0.5687378662 0.7328989666
0.8218340512 0.4632656112 0.3712103152
0.9132096880 0.1292615685 0.4339313097
0.7910908493 0.4254693312 0.5393697964
0.7266690635 0.1104077150 0.7207305070
0.9736379316 0.2386261758 0.2323003319
0.6006800364 0.0612951521 0.8189724659
0.3290191289 0.3911063093 0.8763168486
0.7577080242 0.1151236729 0.6902927335
0.7950186655 0.0492883976 0.6260007994
0.4040264720 0.9181941539 0.1479228350
0.6812029709 0.7063766527 0.2593111627
0.0941531612 0.7160881343 0.7110437226
0.7724041809 0.5977388959 0.2729956125
0.2424291240 0.1541936838 0.9751666068
0.7761201035 0.4936404333 0.4246115866
0.9579868922 0.1229207092 0.3307062934
0.5897498222 0.1949992285 0.8033745064
0.4252042508 0.8357115389 0.3862509377
0.7942728752 0.2823885391 0.5684397504
