0.0000013983 0.0282690283 0.5981721087 0.7069040266 0.5123205737 0.2114737968 0.5049119303 0.9025083595 0.5953407929 0.6979378081 0.1999549579 0.5796354860
0.6968454825 0.0000024542 0.5986766456 0.6008883218 0.3992412770 0.2084289286 0.9998718633 0.7021040789 0.5913850548 0.6069822363 0.3005224230 0.5899401296
0.0000009578 0.0000264046 0.6026844902 0.7253285833 0.5175854868 0.5978564878 0.6006881174 0.9047167471 0.5657561126 0.6892960643 0.2035445796 0.9002035023
0.0003046304 0.0000084312 0.5838627400 0.6059598757 0.4004213102 0.1967963581 0.9975000243 0.9186155105 0.2973505718 0.6111525190 0.2985892933 0.5899767142
0.0001333430 0.0204859910 0.5938058418 0.7971428143 0.4114031910 0.4971096840 0.3997345580 0.6892010312 0.2130246943 0.1941538631 0.2871846026 0.7222765906
0.2283469252 0.0022797212 0.5981037059 0.2994802605 0.8105836434 0.0938067421 0.4006998664 0.9036413810 0.6060840612 0.6874335857 0.3007156762 0.2906289049
0.9999659331 0.9848609537 0.6092741087 0.7111254793 0.5461892415 0.2071586261 0.9776067749 0.7014122746 0.4057015394 0.6460173545 0.3014726520 0.2921316915
0.9998948783 0.9466521855 0.6012035125 0.7111254793 0.4796969661 0.2072136186 0.8968444984 0.5919591965 0.6906055402 0.6907972989 0.2839888371 0.2926410266
0.0005228289 0.0773593441 0.5891596113 0.6971160025 0.7938648315 0.2114737968 0.3941958779 0.9037517751 0.5963695831 0.6870504106 0.2027257369 0.5890252702
0.9998595357 0.9997019530 0.5894015212 0.7046790956 0.7939149142 0.5113932105 0.4113272142 0.3079683972 0.6021338671 0.6911790023 0.2912151055 0.5843083013
0.0000013983 0.9916534066 0.6021417901 0.7148907418 0.5143884138 0.2114737968 0.5049119303 0.9036807780 0.5955127050 0.6979378081 0.2033441585 0.2928457772
0.1138362901 0.0000024750 0.5979211639 0.7103604161 0.3992412770 0.2084422746 0.9957195275 0.8916171836 0.5905448696 0.6069822363 0.1999369346 0.3049441167
0.0000633801 0.9981695142 0.5940364310 0.2944148211 0.5023936378 0.2071040698 0.5922165610 0.6131182862 0.7062606460 0.5735123255 0.2027777522 0.5930860231
0.0000009123 0.9993071399 0.3415554496 0.7100460258 0.5197370781 0.2090512617 0.9951591862 0.7115520506 0.0781101190 0.6944946084 0.1983726098 0.2920740771
0.0283339095 0.0014880663 0.5979596561 0.8006669305 0.4970347559 0.5120215701 0.4007099590 0.6143120843 0.5978810442 0.2863538976 0.3108555627 0.2941471343
0.9999945170 0.0541948314 0.6151039709 0.7236518840 0.8018264338 0.0776347087 0.8300817445 0.8690233168 0.4232082417 0.2933139146 0.2181472172 0.2618356095
0.9975686116 0.0841212212 0.5907710254 0.6840089227 0.7938648315 0.2070723090 0.3941958779 0.5875441341 0.5963695831 0.6916028361 0.2027257369 0.6059533435
0.0000023180 0.9999397375 0.6169856009 0.5977631403 0.4716924993 0.2114377390 0.3013444024 0.7115520506 0.1906550706 0.6942543602 0.0023003871 0.2921649038
0.0000264444 0.0204859910 0.5938058418 0.7971428143 0.4114031910 0.4971096840 0.3982580706 0.6892010312 0.2130246943 0.1941538631 0.2871846026 0.7222765906
0.9998948783 0.0119612528 0.5989365416 0.7035444615 0.4790852165 0.2072136186 0.8968444984 0.5952407602 0.6088635820 0.6059552095 0.2155257716 0.6007598775
0.0000013983 0.0282690283 0.5981721087 0.7069040266 0.5123205737 0.2114737968 0.5049119303 0.9025083595 0.5953407929 0.6979378081 0.1999549579 0.5796354860
0.6968454825 0.0000024542 0.5986766456 0.6008883218 0.3992412770 0.2084289286 0.9998718633 0.7021040789 0.5913850548 0.6069822363 0.3005224230 0.5899401296
0.9023373744 0.0000024750 0.5977235966 0.5999885358 0.3992412770 0.2084311091 0.9945218425 0.7807800483 0.5913691438 0.6069822363 0.1999369346 0.5899767142
0.0005301083 0.0000024750 0.5989775697 0.6012053509 0.8367187917 0.2390435057 0.9859305366 0.8372341947 0.9117973379 0.6097264623 0.1953141683 0.3064500202
0.0000013983 0.9916534066 0.6021417901 0.7148907418 0.5143884138 0.2114737968 0.5049119303 0.9036807780 0.5955127050 0.6979378081 0.2033441585 0.2928457772
0.0000978094 0.9765443470 0.6005115458 0.1050767822 0.7831492059 0.5872794359 0.4006998664 0.9015011911 0.6062469717 0.7005056903 0.2966779087 0.2905863331
0.9021722903 0.0000024750 0.5977235966 0.5999885358 0.4012099829 0.2089254353 0.9945218425 0.7807800483 0.5913691438 0.6069822363 0.2001334694 0.2915030540
0.9021722903 0.0000024750 0.5977235966 0.5999885358 0.4012099829 0.2089254353 0.9945218425 0.7807800483 0.5913691438 0.6069822363 0.2001334694 0.2915030540
0.0172769447 0.0000024750 0.5921375164 0.5992763837 0.3148349557 0.2084318847 0.5032186614 0.1901308592 0.5913691438 0.6069822363 0.1999300421 0.5899767142
0.0000633801 0.9981695142 0.5940364310 0.2944148211 0.5023936378 0.2071040698 0.5922165610 0.6131182862 0.7062606460 0.5735123255 0.2027777522 0.5930860231
0.0000978094 0.9765443470 0.6005115458 0.1050767822 0.7831492059 0.5872794359 0.4006998664 0.9015011911 0.6062469717 0.7005056903 0.2966779087 0.2905863331
0.9998948783 0.9466521855 0.6012035125 0.7111254793 0.4796969661 0.2072136186 0.8968444984 0.5919591965 0.6906055402 0.6907972989 0.2839888371 0.2926410266
0.0283339095 0.0014880663 0.5979596561 0.8006669305 0.4970347559 0.5120215701 0.4007099590 0.6143120843 0.5978810442 0.2863538976 0.3108555627 0.2941471343
0.0172769447 0.0000024750 0.5921375164 0.5992763837 0.3148349557 0.2084318847 0.5032186614 0.1901308592 0.5913691438 0.6069822363 0.1999300421 0.5899767142
0.0005228289 0.0009484224 0.5891596113 0.6971160025 0.7938648315 0.2114737968 0.3941958779 0.9037517751 0.5963695831 0.6870504106 0.2027257369 0.5890252702
0.9995876289 0.0000139550 0.6003694271 0.7771468333 0.9037241454 0.0917688194 0.4044823246 0.7014611867 0.5873864146 0.5966190529 0.6032543074 0.2967242830
0.9984362087 0.0332215187 0.5979596561 0.3049822199 0.1153997905 0.5935732453 0.4006998664 0.6143120843 0.5989607416 0.2863538976 0.6065757981 0.2941471343
0.9984362087 0.0332215187 0.5979596561 0.3049822199 0.1153997905 0.5935732453 0.4006998664 0.6143120843 0.5989607416 0.2863538976 0.6065757981 0.2941471343
0.9023373744 0.0000024750 0.5977235966 0.5999885358 0.3992412770 0.2084311091 0.9945218425 0.7807800483 0.5913691438 0.6069822363 0.1999369346 0.5899767142
0.9023373744 0.0000024750 0.5977235966 0.5999885358 0.3992412770 0.2084311091 0.9945218425 0.7807800483 0.5913691438 0.6069822363 0.1999369346 0.5899767142
0.0001333430 0.0204859910 0.5938058418 0.7971428143 0.4114031910 0.4971096840 0.3997345580 0.6892010312 0.2130246943 0.1941538631 0.2871846026 0.7222765906
0.0001333430 0.0204859910 0.5938058418 0.7971428143 0.4114031910 0.4971096840 0.3997345580 0.6892010312 0.2130246943 0.1941538631 0.2871846026 0.7222765906
0.0000978094 0.9765443470 0.6005115458 0.1050767822 0.7831492059 0.5872794359 0.4006998664 0.9015011911 0.6062469717 0.7005056903 0.2966779087 0.2905863331
0.2303517419 0.2175639520 0.5997904527 0.2994802605 0.8105836434 0.5870852991 0.4006998664 0.9036413810 0.6060840612 0.6986116773 0.3007156762 0.2906289049
0.0005228289 0.0773593441 0.5891596113 0.6971160025 0.7938648315 0.2114737968 0.3941958779 0.9037517751 0.5963695831 0.6870504106 0.2027257369 0.5890252702
0.9021722903 0.0000024750 0.5977235966 0.5999885358 0.4012099829 0.2089254353 0.9945218425 0.7807800483 0.5913691438 0.6069822363 0.2001334694 0.2915030540
0.0003847703 0.9985160073 0.5929542467 0.7148907418 0.5066915865 0.5869002686 0.5078347641 0.9012502898 0.5963695831 0.6870504106 0.2037036608 0.5981548894
0.0001333430 0.0204859910 0.5938058418 0.7971428143 0.4114031910 0.4971096840 0.3997345580 0.6892010312 0.2130246943 0.1941538631 0.2871846026 0.7222765906
0.9984362087 0.2713617670 0.5937084779 0.6066636358 0.1009385724 0.5988381932 0.4006171949 0.6063228332 0.6126013405 0.6000397852 0.6065757981 0.2937151669
0.9353904713 0.0004439613 0.6116860443 0.2967045885 0.8105836434 0.5870852991 0.4006998664 0.8995081903 0.6060840612 0.6918738659 0.6978104611 0.2936055623
0.2303517419 0.2175639520 0.5997904527 0.2994802605 0.8105836434 0.5870852991 0.4006998664 0.9036413810 0.6060840612 0.6986116773 0.3007156762 0.2906289049
0.2303517419 0.2175639520 0.5997904527 0.2994802605 0.8105836434 0.5870852991 0.4006998664 0.9036413810 0.6060840612 0.6986116773 0.3007156762 0.2906289049
0.0512122695 0.9997019530 0.6012674181 0.8003225761 0.8059420012 0.5112004394 0.4015274198 0.8083658345 0.4031974160 0.1822978571 0.2912151055 0.8100892775
0.2303517419 0.2175639520 0.5997904527 0.2994802605 0.8105836434 0.5870852991 0.4006998664 0.9036413810 0.6060840612 0.6986116773 0.3007156762 0.2906289049
0.0000978094 0.9765443470 0.6005115458 0.1050767822 0.7831492059 0.5872794359 0.4006998664 0.9015011911 0.6062469717 0.7005056903 0.2966779087 0.2905863331
0.9998580439 0.0000139550 0.6012318399 0.7771468333 0.9037241454 0.0917688194 0.9050399707 0.7102475828 0.5873864146 0.6024733962 0.6032543074 0.2967242830
0.0000013983 0.9916534066 0.6021417901 0.7148907418 0.5143884138 0.2114737968 0.5049119303 0.9036807780 0.5955127050 0.6979378081 0.2033441585 0.2928457772
0.9995876289 0.0000139550 0.6003694271 0.7771468333 0.9037241454 0.0917688194 0.4044823246 0.7014611867 0.5873864146 0.5966190529 0.6032543074 0.2967242830
0.9021722903 0.0000024750 0.5977235966 0.5999885358 0.4012099829 0.2089254353 0.9945218425 0.7807800483 0.5913691438 0.6069822363 0.2001334694 0.2915030540
0.9984362087 0.2713617670 0.5937084779 0.6066636358 0.1009385724 0.5988381932 0.4006171949 0.6063228332 0.6126013405 0.6000397852 0.6065757981 0.2937151669
0.0000150368 0.0000264046 0.5985071417 0.6105096886 0.4084823719 0.7775134768 0.6006881174 0.4746175387 0.2020365424 0.5876543127 0.1984664968 0.9002035023
0.0090878964 0.0000084312 0.5994522937 0.6059731243 0.3991393273 0.1967963581 0.9975000243 0.9185606919 0.2973505718 0.6111525190 0.2884565439 0.5899715989
0.0003671414 0.9997979877 0.6105904367 0.6908578742 0.5066915865 0.5869002686 0.9893256746 0.9012502898 0.1854466803 0.1796002169 0.2037036608 0.5981548894
0.0031889655 0.9989555848 0.5999886968 0.2994802605 0.8105836434 0.5870852991 0.4006998664 0.9015011911 0.5971990736 0.6986116773 0.3003545660 0.2906289049
0.2303517419 0.2175639520 0.5997904527 0.2994802605 0.8105836434 0.5870852991 0.4006998664 0.9036413810 0.6060840612 0.6986116773 0.3007156762 0.2906289049
0.0005301083 0.0000024750 0.5989775697 0.6012053509 0.8367187917 0.2390435057 0.9859305366 0.8372341947 0.9117973379 0.6097264623 0.1953141683 0.3064500202
0.0003573905 0.0773593441 0.5891596113 0.6971160025 0.7938648315 0.2114737968 0.3941958779 0.9037517751 0.5963695831 0.6870504106 0.2027257369 0.5890252702
0.0000147663 0.1261775403 0.5989548251 0.6896970802 0.7953927849 0.5875739886 0.5020738553 0.2132042626 0.3989591300 0.6006896973 0.2937174999 0.0119858580
0.2303517419 0.2175639520 0.5997904527 0.2994802605 0.8105836434 0.5870852991 0.4006998664 0.9036413810 0.6060840612 0.6986116773 0.3007156762 0.2906289049
0.0000018456 0.9993071399 0.2946768715 0.5977631403 0.4716924993 0.2090512617 0.9951591862 0.7115520506 0.1906550706 0.6979476085 0.3903002154 0.2920740771
0.0133428871 0.0042059294 0.6011195511 0.2940080403 0.8044955746 0.2082368280 0.4006998664 0.9127816313 0.5992615356 0.6065904840 0.5869152125 0.6025273302
0.9999681833 0.0000034229 0.6089660608 0.3281649522 0.8018264338 0.3044632395 0.8300817445 0.7037320733 0.4083960962 0.2924548383 0.0134013939 0.2921630475
0.0091305610 0.0000024750 0.5980027125 0.7103604161 0.4004770338 0.2084422746 0.9957195275 0.8911557424 0.5839446716 0.5870041403 0.2000376022 0.3049441167
0.0001128389 0.9765443470 0.6005115458 0.1104580920 0.5060973748 0.5872794359 0.3901749511 0.9016190295 0.6062469717 0.7005056903 0.2966779087 0.2905863331
0.0102638936 0.1227715293 0.5989548251 0.6048418495 0.7953927849 0.5877577905 0.5020738553 0.5939462510 0.4095351071 0.6008031387 0.3133670238 0.0119858580
0.9995876289 0.9734332394 0.5978541630 0.6930252770 0.7945111017 0.0965388414 0.4026424930 0.9037020791 0.5884287829 0.5992545139 0.6032543074 0.5839550565
0.9998595357 0.4827137775 0.5894015212 0.7046790956 0.7939149142 0.5113932105 0.4113272142 0.3079683972 0.6021338671 0.6911790023 0.2912151055 0.5843083013
0.6968454825 0.0000024542 0.5986766456 0.6008883218 0.3992412770 0.2084289286 0.9998718633 0.7021040789 0.5913850548 0.6069822363 0.3005224230 0.5899401296
0.9975686116 0.0841212212 0.5907710254 0.6840089227 0.7938648315 0.2070723090 0.3941958779 0.5875441341 0.5963695831 0.6916028361 0.2027257369 0.6059533435
0.0083815113 0.9997063409 0.6024429528 0.8003225761 0.7967039175 0.5112004394 0.4015274198 0.2999817091 0.1892115874 0.1822978571 0.3176970775 0.8100892775
0.9999017336 0.9997019530 0.3853465827 0.7041549303 0.8059420012 0.5113932105 0.9658967510 0.3079683972 0.4031974160 0.6823213298 0.1960597966 0.2907186271
0.9999681833 0.0000034229 0.6089660608 0.3281649522 0.8018264338 0.3044632395 0.8300817445 0.9227208451 0.4083960962 0.2924548383 0.2181472172 0.2916733984
0.0000013983 0.1872335016 0.5976247604 0.7069040266 0.5123205737 0.2111573101 0.5869877683 0.9025083595 0.5953407929 0.6979378081 0.1998111134 0.5795971577
0.0000018456 0.9993071399 0.2993448225 0.5977631403 0.4716924993 0.2092136153 0.9951591862 0.7115520506 0.5909062944 0.6964454407 0.3904175943 0.5734924184
0.0000009578 0.0000264046 0.6027528712 0.7253285833 0.5175854868 0.7775134768 0.6006881174 0.9804966459 0.2020365424 0.6890420844 0.2035445796 0.9002035023
0.4124478327 0.0000024750 0.5977235966 0.3097078370 0.4012099829 0.2089254353 0.9853791515 0.8957946968 0.6053241343 0.6991082178 0.2001334694 0.2915030540
0.9999659331 0.9848609537 0.6092741087 0.7111254793 0.7698291112 0.2072136186 0.9776067749 0.6196875525 0.4057015394 0.6477671188 0.2839888371 0.2916694479
0.7390841097 0.0000023978 0.6093110243 0.6008883218 0.3992412770 0.2084289286 0.9998718633 0.9245676482 0.5783073644 0.5989089530 0.3005224230 0.5899401296
0.0512122695 0.9997019530 0.5979340131 0.8003225761 0.8059420012 0.5120802505 0.4018446079 0.6057419270 0.3964161941 0.1822978571 0.3144300364 0.8100892775
0.9758996760 0.0000024362 0.5765936355 0.7796872481 0.4048525764 0.1434451563 0.9090091989 0.1901308592 0.5990716971 0.5966358897 0.1963018205 0.2963110817
0.9013682384 0.0000024532 0.5977235966 0.5999885358 0.4011421714 0.2083541585 0.9945218425 0.8174133383 0.5913691438 0.6069822363 0.1338008275 0.2915030540
0.0129896542 0.9991584930 0.9068852162 0.7099247192 0.9104905800 0.0916169920 0.3940170576 0.4952096314 0.4952860045 0.2985055685 0.1952161910 0.5909772064
0.6154339907 0.9534855264 0.5978810624 0.7006297599 0.7854311323 0.1960916850 0.9945218425 0.7098101304 0.4888915830 0.6069822363 0.1999369346 0.5920506163
0.6974957445 0.0000024759 0.5986766456 0.6008883218 0.3993090885 0.2090002054 0.9998718633 0.7062760359 0.5913850548 0.6069822363 0.3670529354 0.5899401296
0.0003573905 0.0773593441 0.5845039137 0.6971160025 0.7938648315 0.2113114432 0.3941958779 0.9037517751 0.1964052729 0.6885525784 0.2026162654 0.3076192974
0.0003046304 0.0000084312 0.5838627400 0.6059598757 0.4004213102 0.1967963581 0.9975000243 0.9185606919 0.2973505718 0.6111525190 0.2884565439 0.5899767142
0.9976308068 0.0027317043 0.6065944545 0.3281649522 0.8018264338 0.3044632395 0.4210737347 0.7011559612 0.4083960962 0.6991011532 0.0130292079 0.2921630475
0.0031889655 0.9989555848 0.5999886968 0.2994802605 0.8105836434 0.5870852991 0.4431070612 0.9015011911 0.5971990736 0.6986116773 0.3003545660 0.2906289049
0.8683925944 0.0340662146 0.6012318399 0.6850388130 0.9037241454 0.0917688194 0.9050399707 0.7129416387 0.5873864146 0.6998019939 0.6048972317 0.2967242830
0.0003847703 0.9985160073 0.5978797021 0.7148907418 0.4949423030 0.5714824752 0.5042659396 0.7089953834 0.5963695831 0.6870504106 0.2037036608 0.5920209095
