0.6327878463 242.1011654413 0.0057537210
0.0267333572 0.0869760499 66.7009252134
130.9579394654 0.0620382090 0.0077232521
0.0055276040 65.3241094053 52.1540890963
95.9853869512 0.0089392377 9.2078571742
0.0345143137 86.0198103218 28.5239529355
27.3617178102 0.2040751393 25.4222482057
27.3617178102 0.2040751393 25.4222482057
28.9159148717 0.2156078331 23.8577370618
0.1749229202 0.0021532962 103.8647999632
3.5375212292 81.6939951745 0.0121946998
95.9853869512 0.0089392377 9.2078571742
82.7660430967 24.6158019116 0.0023010253
2.8742034146 118.1112348509 0.0173144701
0.1468376052 3.6787029689 50.0119194045
153.8588064806 0.0351748229 0.0103443772
32.5762045320 0.2427030486 16.8769275207
5.2094551323 75.8614668331 0.0017537405
27.3617178102 0.2040751393 25.4222482057
27.3617178102 0.2040751393 25.4222482057
27.3617178102 0.2040751393 25.4222482057
32.5762045320 0.2427030486 16.8769275207
1.2014373780 0.0036940107 72.8806372744
153.8588064806 0.0351748229 0.0103443772
0.0105695141 0.0054017634 147.1537796161
0.0481415106 220.0766841272 0.0072380884
0.0357714458 432.3595744948 0.0092927035
1.2304977077 54.9432360335 18.3655559730
153.8588064806 0.0351748229 0.0103443772
2.4003192341 24.7761258723 36.1390336149
0.0026214601 1.1364944750 103.1663027948
5.2094551323 75.8614668331 0.0017537405
123.4170215468 12.9162363698 0.0083888782
1.2014373780 0.0036940107 72.8806372744
41.2952550292 0.0726194787 0.0504445965
0.9764935711 0.0033575348 73.0985916321
5.2094551323 75.8614668331 0.0017537405
0.0053329924 62.4517018055 52.3052960021
0.0200399679 27.8315641307 73.3761886715
1.2014373780 0.0036940107 72.8806372744
32.5762045320 0.2427030486 16.8769275207
41.9345403959 0.0168004896 0.4401886290
1.2304977077 54.9432360335 18.3655559730
123.4170215468 12.9162363698 0.0083888782
153.9565437708 0.0140489578 0.0051580315
156.1218166460 1.6229914567 0.0037356527
2.4003192341 24.7761258723 36.1390336149
0.0055276040 65.3241094053 52.1540890963
172.6662944825 0.0133044933 0.7329187754
4.1149448844 59.8266942582 0.0091461033
0.0055276040 65.3241094053 52.1540890963
0.0026214601 1.1364944750 103.1663027948
1.2304977077 54.9432360335 18.3655559730
122.3414722483 13.9934188463 0.0083889788
0.0481415106 220.0766841272 0.0072380884
27.3617178102 0.2040751393 25.4222482057
2.2695235969 47.0946342480 0.0601973106
5.2094551323 75.8614668331 0.0017537405
0.0066855121 95.2088489055 7.2347930973
0.0053329924 62.4517018055 52.3052960021
0.0277872782 43.7293988129 49.1095020499
0.9017083083 207.2154029763 0.0049317437
0.0026214601 1.1364944750 103.1663027948
0.0066855121 95.2088489055 7.2347930973
0.0277872782 43.7293988129 49.1095020499
27.3617178102 0.2040751393 25.4222482057
0.0071559794 104.1398795126 0.0326178951
32.5762045320 0.2427030486 16.8769275207
41.2952550292 0.0726194787 0.0504445965
121.7988596805 10.4446925914 0.0125427158
1.2304977077 54.9432360335 18.3655559730
156.1218166460 1.6229914567 0.0037356527
123.4170215468 12.9162363698 0.0083888782
0.0028055793 0.1801654730 107.3220506261
0.0200399679 27.8315641307 73.3761886715
0.6314547534 33.1021064511 44.8586335970
82.7658590722 24.6157471834 0.0025397779
2.4003192341 24.7761258723 36.1390336149
32.5762045320 0.2427030486 16.8769275207
2.0790151588 21.4584692249 37.5449310054
0.1348959234 0.0047529542 81.9141140181
95.9853869512 0.0089392377 9.2078571742
133.0391362295 2.1845712297 0.0057437359
153.8588064806 0.0351748229 0.0103443772
0.3163517796 76.6347104561 25.5065443388
0.0167031770 0.1499029064 97.7241923758
27.3617178102 0.2040751393 25.4222482057
165.6092290629 0.0081333837 44.1166037214
116.6488720427 0.0083048767 71.4325780669
138.0389615822 0.0107918782 4.1868023139
95.9853869512 0.0089392377 9.2078571742
0.0140731455 204.6792368209 0.0112698476
0.6037563114 116.5371367442 0.0248774448
0.0028303808 0.0114384233 131.4874010267
42.3154842720 0.0200401709 0.0516247964
82.7658590722 24.6157471834 0.0025397779
0.0481415106 220.0766841272 0.0072380884
5.2094551323 75.8614668331 0.0017537405
0.0022554224 0.1828200286 112.6521343606
1.4735047577 219.9897714757 0.0052486485
