0.3689661634 0.5207046819 0.4823371301 0.4069393674 0.2427329850
-0.3091351016 -0.3059421508 -0.3827601068 -0.3525600092 -0.1330125652
-0.1437381881 -0.0848957775 -0.0071761778 -0.0760705697 -0.1419946832
0.2180091138 0.1956165442 0.2993290902 0.2195012485 0.2479229645
0.0569148600 -0.0156049159 0.0129673475 -0.0873380392 0.0323364686
0.3674411436 0.3627280682 0.2914072537 0.3746253412 0.2332923325
-0.0504773638 0.1312308164 0.0768239122 0.1847143399 0.0307914228
-0.0509259723 -0.0052968429 0.0297864236 -0.0449471658 0.0207793461
-0.1376412552 -0.2515022286 -0.1932306813 -0.1908971727 -0.1261354157
0.3343960008 0.1956165442 0.2993290902 0.1931234182 0.2479229645
0.3679763573 0.3779433608 0.2873146234 0.2715337489 0.2267449606
-0.1250720889 -0.0036412018 0.0147895682 -0.0762219939 -0.1168103596
0.1302727520 0.1043853127 0.2567230745 0.1593496004 0.1560047659
0.1405233167 0.1317217863 0.2173308517 0.2805045149 0.1790541808
-0.2854581961 -0.2361067773 -0.3774939552 -0.3072057749 -0.1151693395
0.1108972657 0.0984610479 0.0162632408 0.0398360697 0.0544184894
-0.1051874216 -0.0463288116 -0.0561529248 -0.1794912756 -0.1176897046
-0.0042513845 0.0902764245 0.0728787999 0.0306547802 0.0565006930
-0.1178139504 0.0021068965 0.0767790460 -0.0680623276 0.0329717522
-0.0283677622 -0.0041678440 0.0977248968 -0.0652629742 -0.1114882423
-0.1437381881 -0.0848957775 0.0180675697 -0.0760705697 -0.1192993829
0.0350566747 -0.0043141898 0.0729352595 0.0321560220 0.0569196743
0.3283522260 0.1956165442 0.3005046879 0.2171860835 0.2479229645
-0.2383129222 -0.2257453071 -0.2740016775 -0.1947078542 -0.1151078711
0.0350566747 -0.0043141898 0.0716914108 0.0306338960 0.0385099817
-0.1531901455 -0.0897746902 -0.2121046222 -0.1910623361 -0.1779189737
0.2979437339 0.1279718149 0.2909083202 0.2125930336 0.2227354185
0.1494416925 0.1283130253 0.0743811039 0.1961554771 0.1592112146
0.1369750384 0.1149458403 0.2567230745 0.1593496004 0.1812397024
-0.1473359840 -0.0897746902 -0.2239157458 -0.1460935880 -0.1205822344
0.3926714290 0.5207046819 0.4234192744 0.3746253412 0.2332923325
0.1718014076 0.0929831207 0.0728787999 0.0306547802 0.0663277483
0.3689661634 0.5189993165 0.2770437290 0.4171889516 0.2478100206
0.3681406923 0.3816583546 0.2254823990 0.2666204525 0.2627458106
0.0755944773 0.1994065665 0.0883164362 0.1603271615 0.1626407068
-0.0807494243 -0.0362357039 -0.1904599292 -0.1753620543 -0.1257070575
0.0753490619 0.1131541189 0.0821397257 0.1609454624 0.1953755437
-0.1079795420 -0.0019271662 -0.0181232132 -0.0286854968 -0.1189486080
-0.0268444088 -0.0052968429 0.0758138626 -0.0564144301 0.0382922909
0.1708201409 0.1300498655 0.2697015029 0.2714372381 0.2605809349
0.3750813016 0.3816583546 0.2254823990 0.1958334059 0.2691191403
0.1494416925 0.1282662982 0.2909083202 0.2114754821 0.2211312777
-0.1384346167 -0.0849768670 -0.0390908648 -0.1910623361 -0.1198114654
0.0596323683 -0.0153489832 0.0289618600 -0.0311053070 0.0207793461
-0.0483246636 -0.0840202038 0.0134200077 0.0147955589 -0.0938217890
-0.2442905947 -0.2571673890 -0.2740016775 -0.3072057749 -0.1380178746
-0.2755668293 -0.3065875354 -0.3792112615 -0.3072359130 -0.1324963958
-0.1498815720 -0.2515022286 -0.1832770975 -0.1911967875 -0.1302625622
-0.2442905947 -0.2571673890 -0.2740016775 -0.1804507401 -0.1301928020
0.1494416925 0.1283130253 0.0743811039 0.1961554771 0.1947120766
-0.2472113560 -0.3226663069 -0.2755213363 -0.2087141698 -0.1255736622
0.3681406923 0.3779433608 0.2873146234 0.2007467024 0.2267449606
0.0744241032 0.1312308164 0.0720758939 0.1773240585 0.0540543103
0.3209924165 0.1956165442 0.2993290902 0.2792096474 0.2479229645
-0.2895217678 -0.3065566928 -0.3792112615 -0.2087141698 -0.1255736622
0.2979437339 0.1279801051 0.2909083202 0.1923202815 0.1449344069
0.0744241032 0.1115645777 0.0768164501 0.1816136887 0.0311822273
0.1396333923 0.1282682455 0.0554482073 0.1755080412 0.0376535461
-0.1473359840 -0.0089941186 -0.2171672179 -0.1460935880 -0.1207481891
0.1494416925 0.1282662982 0.2909083202 0.2114754821 0.2051286391
-0.0410665250 0.0021068965 0.0767790460 0.0228038010 0.0392360908
0.1293089885 -0.0026457792 0.0767790460 0.0228038010 0.0285466616
-0.2895217678 -0.3058217728 -0.3792112615 -0.3072359130 -0.1324963958
0.0380605082 -0.0139548215 0.0386999852 0.0306338960 0.0351102885
-0.0536434806 -0.0055527756 -0.0190725855 -0.0424987468 -0.1371270654
-0.1372878913 -0.2899079860 -0.2048366283 -0.1898882970 -0.1748897317
-0.1387916479 -0.0362357039 -0.1933528172 -0.1753620543 -0.1257070575
0.3209924165 0.1956165442 0.2993290902 0.2876307331 0.2479229645
-0.1498815720 -0.2573879876 -0.2231254949 -0.1910623361 -0.1302625622
0.0506415671 0.1288886863 0.0554482073 0.1755080412 0.0376535461
-0.1531901455 -0.0897746902 -0.2121046222 -0.1910623361 -0.1779189737
-0.1250720889 -0.0840202038 0.0134200077 -0.0760705697 -0.1168103596
-0.0283677622 -0.0052968429 0.0758138626 -0.0564144301 0.0600205060
0.0350566747 0.0902764245 0.0728787999 0.0306547802 0.0565006930
0.1413861490 0.1208738426 0.0766966822 0.0180808646 0.0388108080
0.0744241032 0.1966638016 0.0768164501 0.1792157356 0.0311822273
-0.0462225442 -0.0026457792 0.0767790460 0.0228038010 0.0387148251
-0.1537177723 -0.0310026356 -0.1964429899 -0.1914100878 -0.1250856039
0.1369750384 0.1490962437 0.2567230745 0.1593496004 0.1979639344
-0.1498815720 -0.2608622057 -0.2231254949 -0.1910623361 -0.1302625622
0.2979437339 0.1279801051 0.2909083202 0.1923202815 0.1609370455
0.2180091138 0.1956165442 0.2993290902 0.2195012485 0.1798692146
0.3689661634 0.5207046819 0.2627377204 0.4049369127 0.2487856997
0.1301485286 0.1240299688 0.0821397257 0.1446011279 0.1708902415
-0.1250720889 -0.2246624555 -0.1993699040 -0.0762219939 -0.1253909504
-0.2578115741 -0.3118121708 -0.2070671501 -0.1897562599 -0.1567728810
-0.3060482734 -0.3059421508 -0.3825624594 -0.3525600092 -0.1329055259
0.0744241032 0.1312308164 0.0768164501 0.1773240585 0.0311822273
-0.1372878913 -0.2897282988 -0.2048366283 -0.1898882970 -0.1748897317
-0.0317518665 -0.0055527756 -0.0190725855 -0.0423853817 -0.1371270654
0.0350566747 -0.0043141898 0.0399438339 0.0306338960 0.0385099817
0.1371925102 0.1329898652 0.2567230745 0.1593496004 0.1979639344
0.1369750384 0.1149458403 0.2567230745 0.1593496004 0.1979639344
-0.0283677622 -0.0052968429 0.0622199633 -0.0475178143 -0.1114882423
-0.2373456711 -0.2265219502 -0.2740016775 -0.1947078542 -0.1301357125
0.1413861490 0.1208738426 0.0766966822 0.0180808646 0.0388108080
0.0382408300 0.1165205252 0.0762855625 0.1742578282 0.1712844168
0.0572783022 -0.0360551012 0.0243375711 -0.0762219939 -0.1431483919
-0.1114847610 -0.0360551012 0.0244921498 -0.0762219939 -0.1455397780
-0.0283677622 0.0044851814 0.0502678011 -0.0402262411 -0.1578271833
