0.4576843767 0.3889109303 0.1767507614 0.4459639185 0.4666929205
-0.4346995616 -0.4099525830 -0.4155673741 -0.1674379275 -0.4674627270
0.0024663854 -0.0166388073 0.0112253309 -0.0328111824 0.1366621787
-0.2299190149 -0.1755739407 -0.0804015586 -0.1916363815 -0.1565724654
-0.2701366690 -0.1975962958 -0.1135635470 -0.1959253099 -0.1315897189
0.1890160771 0.1599702161 0.0691062233 0.2366357984 0.1711792157
-0.0021128345 -0.0165956034 -0.0471459470 -0.0328111824 0.1366621787
-0.2746638966 -0.2466892012 -0.3521845239 -0.1106306463 -0.2230922340
0.1423855864 0.1625385377 0.1736923959 0.0800404934 0.1296407688
-0.1159708690 -0.1820793181 -0.1332357597 -0.1959253099 -0.1616481462
0.2989709329 0.3482651212 0.1405056240 0.2796894912 0.3870351620
-0.0048867378 -0.0181616766 0.0511191726 0.0573502563 0.0638959997
0.1736749274 0.2632965145 0.1621575949 0.2975996660 0.1714421585
0.2785168978 0.3237788646 0.2087350354 0.3406393219 0.3769398707
-0.0945157846 -0.0128755131 0.0251106130 -0.0999844519 -0.0452372990
0.0647745470 0.1611981531 0.0691280765 0.0591114380 0.1630392658
0.2893937013 0.2140887544 0.1640117958 0.3274898051 0.3669371783
-0.0957556660 -0.1123692034 -0.0694659615 -0.0349759433 -0.0760789583
-0.0894679828 -0.0991600234 -0.0823359806 -0.1700773009 -0.1305121743
0.2115532623 0.1757409179 0.0692990961 0.2732904659 0.1592840539
-0.2742969024 -0.2581764361 -0.2893942120 -0.1959253099 -0.2180775307
0.2810683943 0.3237788646 0.1655632901 0.3406393219 0.3769398707
0.0392986138 -0.0176917804 0.0105496486 -0.0342223730 -0.0369140734
0.0756445416 0.1583894722 0.0654003307 -0.0163879545 0.0473438554
-0.2837883572 -0.2438771976 -0.0814823774 -0.2188485473 -0.2966528578
-0.0957772823 -0.0999201887 -0.0872449838 -0.0919704922 -0.1315627411
-0.1376311871 -0.1755739407 -0.0804015586 -0.1959253099 -0.1565724654
0.0647745470 0.1476530103 0.0572280958 0.0568301708 0.1126967370
0.0162418051 -0.0176893852 -0.0683639256 -0.0749943824 0.0442695227
-0.2299190149 -0.1755739407 -0.3126333408 -0.1957540900 -0.1477509700
0.1629720196 0.1625385377 0.0691219252 0.0819518093 0.1625772434
0.1450014711 0.1600020846 0.2741139059 0.0800404934 0.1296407688
-0.3652762521 -0.2660765735 -0.3469204129 -0.1568747505 -0.2188257697
-0.2838677821 -0.2618542820 -0.3261866679 -0.1934964821 -0.4003899355
-0.0048867378 -0.0181616766 0.0511191726 0.0573502563 0.0835862290
-0.0885075973 -0.0942164799 -0.0822954670 -0.0907711848 -0.1156910209
-0.2704160900 -0.1820793181 -0.1332357597 -0.1959253099 -0.1616481462
-0.1113675242 -0.1114145420 -0.0797969778 -0.2234836949 -0.1611469533
0.1886025205 0.1754008116 0.1588421796 0.2732904659 0.1052915727
0.1890160771 0.1809058613 0.0693096938 0.2066689097 0.1161673291
-0.0036805267 0.1354020976 0.0713233505 0.0018952636 0.0926001611
-0.0885075973 -0.0467394746 0.0251106130 -0.0825398456 -0.1222915306
-0.0885075973 -0.0991600234 -0.0822954670 -0.0383876038 -0.1145218520
-0.2874310446 -0.2486169721 -0.1185616625 -0.1862869559 -0.1667182703
-0.0756116127 -0.0822712509 0.0304837527 -0.0281805893 -0.1059223323
-0.0986222336 -0.0999201887 0.0584288168 -0.0919704922 -0.1315627411
0.1864001925 0.1678671516 0.2026260697 0.3200842599 0.1398809828
-0.1184561470 -0.0436561335 -0.0471459470 -0.0339031539 0.0479055973
0.2368907548 0.2140887544 0.1640117958 0.3274898051 0.2337881471
0.2009737801 0.1248310052 0.0691280765 0.0588710276 0.1053398823
-0.0048867378 -0.0181616766 -0.0471459470 -0.0078374553 0.0638959997
0.1889516890 0.1678671516 0.1594543244 0.3200842599 0.1398809828
-0.3843060751 -0.3994574496 -0.3591993724 -0.1618063631 -0.3918040564
0.1948301162 0.2140887544 0.1640117958 0.3282831492 0.2571813609
0.1890160771 0.1601082616 0.3193862481 0.3200842599 0.1341080179
-0.1376311871 -0.1755739407 -0.0804015586 -0.1959253099 -0.1359112482
0.0849501123 0.1260302072 0.0700961406 -0.0339679255 0.1671969097
-0.2874310446 -0.2737830949 -0.1185616625 -0.1959253099 -0.1616481462
-0.2838677821 -0.2618542820 -0.3274157615 -0.1512234201 -0.4003899355
0.0647745470 -0.1043939275 -0.0410370238 -0.0083575408 0.0123214495
-0.1034754601 -0.0436561335 -0.0471459470 -0.0342472049 0.0479055973
0.1890160771 0.1599702161 0.1761410940 0.2340308908 0.1711762279
0.0756445416 0.1583894722 0.0651968602 0.0135789343 0.0468269659
0.1786646241 0.2140887544 0.1640117958 0.3274898051 0.3669371783
0.2989709329 0.2086478879 0.1584025273 0.3730933931 0.2907811548
0.0702744735 0.0544954301 -0.0078515635 -0.0129579708 0.1616146614
0.3950179438 0.3889109303 0.1686227246 0.4870848143 0.3572496414
-0.1113675242 -0.1114145420 -0.1185616625 -0.1958983683 -0.1611469533
0.4327158168 0.3918944685 0.1709804020 0.2982900060 0.3769398707
0.0208206931 0.1611981531 0.0691280765 0.0581878856 0.1630392658
-0.0990950045 -0.0128323093 -0.0332606649 -0.0999844519 -0.0452372990
-0.0881942037 -0.0991600234 -0.0823359806 -0.1767353605 -0.1305121743
0.0208686467 0.0291814971 0.1395011605 -0.0336223234 0.0473307135
0.1393838626 0.1623378972 0.0490616623 0.0995417342 0.1401389809
-0.3693253883 -0.4336247765 -0.3469204129 -0.1568747505 -0.2528460630
-0.0957772823 -0.1123692034 -0.0694659615 -0.1994468088 -0.1370229800
-0.2838677821 -0.2618542820 -0.3274157615 -0.1533747292 -0.4003899355
-0.0977886928 -0.1123692034 -0.0073585024 -0.0491084705 -0.0743222989
-0.0048867378 -0.0181616766 -0.0294760567 -0.0078374553 0.0665412840
-0.2742969024 -0.2652403078 -0.3098176960 -0.1959253099 -0.2187194565
-0.0957772823 -0.1342271525 -0.0840269259 -0.1992005866 -0.1315627411
-0.2748262402 -0.4042451342 -0.3932261245 -0.1913248873 -0.3214064098
-0.0957772823 -0.0999201887 -0.0840269259 -0.0919704922 -0.1315627411
0.0807976380 0.1260302072 0.0700961406 -0.0339679255 0.1599587515
-0.0876656759 -0.0992953958 -0.0858476625 -0.0479765474 -0.1305121743
-0.0729225485 -0.0822712509 0.0367489414 -0.0265246361 0.0114344035
-0.3188078766 -0.4042451342 -0.3932261245 -0.1835690085 -0.3214064098
0.0702744735 0.0524882395 0.0088578551 -0.0129579708 0.1616146614
-0.2704160900 -0.1983610365 -0.1128122757 -0.1959253099 -0.1616481462
-0.3652762521 -0.2427309834 -0.3469204129 -0.1568747505 -0.2181838440
-0.3699537026 -0.2190001148 -0.3978145161 -0.1955579164 -0.3898309368
0.0208686467 0.0291814971 0.1395011605 -0.0336223234 0.0473307135
0.2041112662 0.1248310052 0.0691209393 0.0631216242 0.1053398823
0.1463806552 0.2176826740 0.0691062233 0.0960927566 0.1992559626
-0.0021128345 -0.0165956034 -0.0471459470 -0.0281406158 0.1139725252
0.1732867667 0.2635233549 0.1588421796 0.2817558178 0.3866437452
-0.0990950045 -0.0128323093 -0.0332606649 -0.0999844519 -0.0299350993
-0.0745022931 -0.0436561335 -0.0471459470 -0.0426179556 0.0529757214
-0.2718287926 -0.2418947177 -0.2922362311 -0.2017846253 -0.1351544640
-0.0894679828 -0.0920958197 -0.0912579128 -0.2156159370 -0.1305121743
