-14.4223788280 -11.6249535411
-19.9758544420 0.0347774634
-17.9436517641 -3.8718137766
-17.0390967893 -3.8893763630
-19.9744853205 0.0342616704
-19.0834074668 0.0072334952
-15.1305002355 -9.4389956024
-15.6232240995 -7.7523502939
-15.8799734059 -7.7505879178
-15.2093739829 -9.2796380118
-14.6745551274 -11.2292057906
-18.1515071076 -3.3411281488
-16.0999711776 -7.4305855890
-16.7835136094 -4.5003023165
-16.0291095643 -7.5865874710
-16.6703309742 -4.9940952672
-18.0816134137 -3.5166182904
-16.6100265123 -5.1666013597
-15.1164734985 -9.7134925438
-17.9693849473 -3.8328603933
-16.5539104080 -5.5455821441
-18.1875223008 -3.1736690916
-15.5299404073 -8.0484323541
-14.5995083084 -11.4224572770
-18.2794027458 -2.7525992426
-18.5712900911 -1.3878186990
-15.2534620595 -9.0974707828
-19.0153065447 -0.0750665230
-15.0537213829 -9.9533252272
-16.7126190390 -4.7131361241
-15.3681034494 -8.5864541171
-16.1395473311 -7.2535019504
-16.2026859206 -7.0846414527
-16.3072498788 -6.6976971278
-16.4951541895 -5.8029132989
-15.4144685042 -8.4705820736
-18.3900053192 -2.2071128821
-18.3206317218 -2.5310083944
-15.0893729404 -9.8322699003
-18.4808838143 -1.7429236895
-18.7749299051 -0.6556793848
-18.8555244061 -0.4231315679
-18.4285999586 -1.9928916408
-18.2181908317 -2.9786489669
-15.4460546131 -8.3743862855
-18.6473185673 -1.0811904331
-18.5387204787 -1.5271573837
-18.9660321228 -0.1631612892
-14.7604285783 -10.9676134734
-14.8729958314 -10.7027066502
-16.6971605371 -4.8413926005
-14.9686045135 -10.3121187216
-18.9132658315 -0.2821374577
-14.9688786675 -10.0943803977
-15.0060802000 -10.0711383213
-16.5987227829 -5.3236637272
-16.4244619827 -6.1540901264
-15.4851530794 -8.2338251783
-18.0592525704 -3.6369708292
-18.2903912698 -2.6913259041
-16.8622283540 -4.2634660007
-16.1662186923 -7.1807548178
-16.4622440782 -5.9693042093
-16.8128794112 -4.3610086429
-18.3964507168 -2.1654622529
-16.2792275160 -6.7667194453
-14.7145912700 -11.0761369474
-16.3910988241 -6.3150599887
-16.3467051081 -6.5014159352
-16.3467051081 -6.5014159352
-16.9588211240 -4.0239953815
-16.2286082211 -6.9203599032
-14.5351812210 -11.5453337030
-14.5072500441 -11.5888141207
-18.3425353368 -2.4277801342
-16.4404148425 -5.9865101409
-15.3517542809 -8.7358584224
-18.2148185123 -3.0081081061
-15.3149442544 -8.8272252664
-14.5882121572 -11.4883894800
-15.2819241886 -8.9240223582
-14.9079851124 -10.4945570944
-18.6063922060 -1.2466018735
-18.7275406079 -0.7572827049
-18.0592525704 -3.6369708292
-15.9578585406 -7.6775798229
-16.5285960999 -5.6463194017
-15.9578585406 -7.6775798229
-18.8237813779 -0.4559306981
-15.2588279908 -8.9664299859
-16.4109261029 -6.2400268279
-16.5176525102 -5.7087814862
-19.0834074668 0.0072334952
-15.4761758497 -8.2468421988
-16.2264855197 -6.9270666660
-18.4808838143 -1.7429236895
-18.6646065414 -1.0246442352
-18.6063922060 -1.2466018735
-15.5689889431 -7.9197251526
-15.5641251610 -7.9412967082
