-1.1504468000 -1.1600727595 -1.1531656205
-0.0093709788 0.0023132227 -0.0007455957
0.0001723815 0.0006244294 -1.1502444905
-0.5050369563 -0.0000179599 -1.1158219620
-0.0093709788 -0.0029410437 -0.0001740444
-0.4800741608 0.0001780287 0.0005193067
-1.1486719203 -0.8176675794 -1.1120053374
-1.0466558590 -0.6114261272 -1.0990546837
-1.1531707390 0.0001565318 -1.1535641718
-1.0829121598 -0.8763236367 -1.0206615948
-1.0694013469 -1.1004971064 -1.1080697163
-0.0000485347 0.0016993345 -1.0198251440
-1.0818355630 0.0006504722 -1.0873134650
-0.7525768286 0.0017518892 -1.0039302016
-1.0922421275 -0.0001792838 -1.1210579265
-0.9390949656 0.0005491488 -0.8820844371
-1.0523504339 0.0091964842 0.0043830447
-1.0773042176 -0.0044931195 -0.7842251294
-1.0554997863 -0.8982177942 -1.0914842781
-1.1278498890 -0.0010888485 0.0055097600
-0.9852761249 -0.0047713239 -0.9061123066
-0.9968993227 0.0023132227 -0.0007455957
-1.0466558590 -0.6698240363 -1.0990546837
-1.1537698550 -1.0992715304 -1.0982975502
-0.9423293543 -0.0014325514 0.0001628824
-0.7698955846 -0.0001859445 0.0007828380
-1.0690986287 -0.8620358247 -1.0206578848
-0.5136403056 -0.0001792838 0.0042063036
-1.0442592257 -0.9305699534 -1.1021203295
-0.9864208841 0.0392413351 -0.8090989675
-1.0524395815 -0.8216721013 -1.0064194189
-1.0425477853 -0.0106517836 -1.1021203295
-1.0690986287 -0.0058605729 -1.0364744296
-1.0373504934 0.0001373634 -1.0039302016
-1.0307632232 0.0005721301 -0.8967900614
-1.0556981675 -0.7295226775 -1.1013966841
-0.8759158807 -0.0015069004 -0.0001336219
0.0028669364 0.0002397773 -0.9157791171
-1.0826436930 -0.8959698033 -1.0914686457
-0.8188759478 -0.0003867489 0.0042063036
-0.6525040616 -0.0003867489 0.0007161563
-0.6053960466 0.0020495769 -0.0001354251
-0.8502758266 -0.0037823492 -0.0001602104
-0.9732968988 -0.0043522091 -0.0047950523
-1.0700077110 -0.7109645161 -1.0873134650
-0.7252482328 -0.0010888485 0.0005868102
-0.7890164900 0.0001610665 0.0007105351
-0.5410178346 -0.0001792838 0.0042063036
-1.1457566703 -1.0029923263 -1.1355529931
-1.0826436930 -1.0057051427 -1.0914686457
-0.9700136429 0.0111901982 -0.8356849031
-1.1043708459 -0.9396376472 -1.1013966841
-0.5722400098 -0.0026504172 -0.0001354251
-1.1457566703 -0.8932569869 -1.1355529931
-1.0440361594 -0.9354166698 -1.1355529931
-0.9884372813 -0.0047713239 -0.8762328933
-1.0249919393 -0.0024802186 -0.9449269766
-1.0668611575 -0.6953854771 -1.0806224807
-1.0715563867 -0.0058067014 0.0007105351
-0.9352309078 -0.0014016045 0.0011781474
-0.6334487762 -0.0034299876 -1.0832087432
-1.0353270872 -0.0076254281 -1.0928685145
-1.0249919393 0.0020779842 -0.9221598468
-0.6370136828 0.0122692329 -1.1098426709
-0.8712853364 0.0020584553 0.0007105351
-1.0663060361 0.0047670577 -0.9923688253
-1.1457566703 -1.0167536351 -1.1527528742
-0.9850087621 -0.0090459291 -1.0048671092
-0.9850087621 -0.0090459291 -1.0320800251
-0.9850087621 -0.0090459291 -1.0320800251
-0.5410178346 -0.0001792838 -1.1254946073
-1.0677835242 0.0359217786 -1.0206578848
-1.1518458735 -1.1047869272 -1.1512197276
-1.1392355653 -1.1235433384 -1.1542345849
-0.9030832585 -0.0025029004 -0.0001354251
-1.0644645585 -0.0067991405 -0.8967900614
-1.0714614362 -0.7641677897 -1.0873134650
-0.9765000629 0.0023030891 0.0050284051
-1.0829121598 -0.8250079354 -1.0147453798
-1.1257570420 -1.1089247863 -1.1184165139
-1.0690986287 -0.8620358247 -0.9962465200
-1.1248395405 -0.9496365072 -1.1171830622
-0.7496250157 0.0001714562 0.0006441423
-0.6737878504 -0.0058067014 0.0007105351
-1.0715563867 -0.0058067014 0.0007105351
-1.1480353604 0.0020084801 -1.1098426709
-1.0253443370 0.0005491488 -0.8820844371
-1.1480353604 0.0020084801 -1.1098426709
-0.6161734999 0.0083264047 0.0005901664
-1.0829121598 -0.8763236367 -0.9777549175
-0.9714995814 0.0013928639 -1.0064087361
-1.0074029547 -0.0047713239 -0.9061123066
-0.4800741608 0.0001780287 0.0005193067
-1.0571387043 -0.6931036483 -1.1001473589
-1.0690986287 0.0359217786 -1.0206578848
-0.8188759478 -0.0003867489 0.0042063036
-0.7159236802 0.0001714562 0.0006441423
-0.7496250157 0.0001714562 0.0006441423
-1.0466558590 -0.6458099814 -1.0990546837
-1.0503096813 -0.6458099814 -1.0990546837
