7.3564797975 3.3070203834 1.3630077651
3.9628198891 3.3488550599 1.5175908726
2.3316989486 3.6715577139 2.4999579131
4.0206843224 2.1287775788 1.9248372864
2.4076289659 1.0560407618 5.8974627553
2.3638423786 1.9614540441 2.9507769325
2.0200953475 1.3939032389 8.2158010084
1.3531179232 2.1948988647 5.3840992873
2.1807549773 0.9333469703 5.9897018643
4.1200393555 1.4265475284 2.5110467459
3.6685508573 4.6929271668 1.4160441368
2.5695841205 0.9976187167 5.2109851132
1.9397006237 1.4284659910 3.3612257912
1.0901071873 6.1702955398 3.7665862757
4.8491020564 1.9848834875 1.5454904381
3.5005729741 2.3313876117 1.6912773155
2.0817284229 1.0428226901 8.1829859503
1.5137300315 1.5321733578 6.0487854822
4.2772823981 3.5117788138 1.4171698303
2.0954152543 1.3042777669 6.0200631221
2.4076289659 1.0560407618 5.8974627553
3.1936074575 0.8963361180 5.5011239402
3.6856944449 2.3023871755 1.9141732274
3.1905311072 1.4987571356 3.1440341118
3.4111886454 1.5106380065 3.1161246437
1.1202467224 5.6076975191 3.6767313076
2.6469332172 2.5247563628 2.0253668510
2.0765200328 1.3477716600 5.2541669181
2.0245549440 2.3164647602 2.9760689533
1.6629025455 3.5777906996 2.8187720893
4.7010103762 2.0247192644 2.0262139664
3.8787446780 3.5988164814 1.4472962521
2.3262326780 2.5279947084 2.5473760627
5.0901224777 1.5697911200 2.2575874302
1.7455304082 1.1347166451 8.8119681049
4.6791186689 3.3150360789 1.4430624021
4.0173333240 4.0132298760 1.2704540952
4.2597664942 2.0871996406 2.1438105353
1.1456007164 5.2965192837 4.2365183880
4.7959530714 1.7645254657 2.2013902118
1.6267597552 1.9211532747 4.6240284680
4.4641934193 2.1658088938 1.8737596929
3.7007827280 0.9253677949 3.9355697860
4.0206843224 2.1287775788 1.9248372864
3.1114555937 1.7680881885 3.0089995143
3.1007741364 1.0673734433 4.5032008078
3.1295322429 1.0503954194 4.5532733035
2.2306029095 1.0698952055 3.2095564043
3.1295322429 1.0503954194 4.5532733035
2.4076289659 1.0560407618 5.8974627553
1.6629025455 3.5777906996 2.8187720893
1.2088561901 5.4032486345 4.0461171696
2.2306029095 1.0698952055 3.2095564043
2.3638423786 1.9614540441 2.9507769325
2.1071659588 1.1775957504 6.0111559246
1.7455304082 1.1347166451 8.8119681049
4.2874935524 1.1964513932 3.1322762175
4.0206843224 2.1287775788 1.9248372864
3.5887088554 1.0196963017 4.4658442830
3.6195775757 1.5384204408 2.9944075869
1.1999695333 2.3476960975 8.1439611498
4.3394853620 4.0918980346 1.2373484295
1.7282869068 1.1991352222 8.5576762185
1.7455304082 1.1347166451 8.8119681049
0.9118586017 3.6514842348 5.3632410618
3.6089570252 4.2357309550 1.6635454707
2.7001587930 1.7706067956 2.2321168431
2.9953120644 1.1014541876 3.1579927373
1.7668771275 1.5032066403 5.4067925235
1.2692115658 3.1639749903 4.1817330612
1.2221300480 1.5466819559 5.9262285199
1.8239448520 1.4363716413 6.5630824255
3.1148884008 3.4976123443 1.8484004771
0.6949285849 3.5990262758 5.8046150090
1.5137300315 1.5321733578 6.0487854822
2.0200953475 1.3939032389 8.2158010084
5.5031963910 3.3593440839 1.4319988187
1.9763339157 2.5208217100 2.7814552872
1.1623650495 1.9961336257 10.1412037281
1.5940815378 2.0221129543 3.0557638362
4.3394853620 4.0918980346 1.2373484295
1.3531179232 2.1948988647 5.3840992873
4.2372226110 3.2075728593 1.5494444863
2.8173907971 0.9518251493 5.0680798000
2.6588568296 2.1977937113 2.2378635722
2.1638557802 2.1295733283 2.9902913116
4.8666360514 3.7732797180 1.2444657119
3.1936074575 0.8963361180 5.5011239402
1.1883909951 2.3551100047 4.3045203061
2.0817284229 1.0428226901 8.1829859503
2.1807549773 0.9333469703 5.9897018643
1.3570677204 1.9335135174 3.0789633716
2.6453372330 2.7714085172 2.0252084397
1.7455304082 1.1347166451 8.8119681049
3.1936074575 0.8963361180 5.5011239402
3.8669893844 4.5883222062 1.3179690850
1.1300143404 2.9293893410 4.7932043316
4.6791186689 3.3150360789 1.4430624021
4.3394853620 5.1036384354 1.2373484295
0.7576839990 3.6872413017 7.8166250383
