1.1301570889 2.5491523911 4.2545670580
2.2500026410 3.4095295928 2.6480316463
2.2500026410 3.4095295928 2.6480316463
1.9678367225 1.1684026007 3.2461359884
4.0009064701 2.9985890010 1.2393888642
1.7957810358 1.8833383616 2.8979103518
4.6173494803 0.6576597920 3.6249472361
1.4895974958 2.6184088301 3.5737878828
1.3727803436 3.5233300133 3.1503625506
3.0106496128 2.6239447872 2.0399869454
1.2250488639 2.6391400768 3.5594099656
1.2217513544 6.0219520864 3.3810302264
3.4722221091 1.0157173633 2.6717483239
3.0656878611 3.0836168880 1.7021620893
3.0656878611 3.0836168880 1.7021620893
1.5361484598 2.6723211107 2.6771083470
2.9537041240 1.1351793733 3.5693607901
1.2359118169 6.7200356203 3.0796578697
3.1307941954 1.6374132264 2.2756757763
2.6012168551 0.9705656745 4.6812500575
2.1807225478 0.9743583280 4.1422882555
1.3717348776 4.7953526388 2.5044441173
1.7025624182 0.9899665811 4.6581135961
3.9898998354 1.2395248985 2.4325667068
1.4385987819 4.1471777859 2.6936047634
1.1245825024 6.7489193735 3.2504238432
4.1136199447 1.1202753731 2.0167778220
1.9424443120 1.1187071256 3.8631860825
1.2217513544 6.0219520864 3.3810302264
3.1031800523 1.9920142593 1.6275540781
3.6528493290 4.0557627864 1.1400881228
2.2500026410 3.4095295928 2.6480316463
3.9898998354 1.2395248985 2.4325667068
1.2228536069 2.8752286195 4.1117042509
1.5361484598 2.6723211107 2.6771083470
3.6833045620 1.0602464494 2.6450405101
2.7001193108 2.6785141731 2.5879706067
1.1319449722 2.5482594430 4.1357702607
1.7025624182 0.9899665811 4.6581135961
3.5497341630 0.7276077088 3.8407674712
4.2980357704 2.2686216718 1.2393888642
2.5619129746 0.8911412345 5.0839147844
2.5615771068 3.8768361917 2.5811520334
4.1459000317 3.4831623161 1.2094678070
3.9898998354 1.2395248985 2.4325667068
3.5497341630 0.7276077088 3.8407674712
2.5881744163 4.4222928061 2.2143890584
3.4795841630 1.8372056261 2.1021797135
3.4317360998 1.2979695340 2.6426058932
2.6639504041 3.9941818893 2.4276703812
3.0608802798 2.0730707746 2.7665086121
1.7470320618 2.3385631819 3.6979847589
1.6186667319 1.9261763101 4.9296482570
2.9084631154 1.1358490128 3.1109477745
3.1978937030 0.7883718084 3.9041621232
1.4671500107 4.0286333471 2.9478690126
2.5619129746 0.8911412345 5.0839147844
1.4671500107 4.0286333471 2.9478690126
2.5619129746 0.8911412345 5.0839147844
3.0656878611 3.0836168880 1.7021620893
2.9226082850 0.8174378161 5.0774920242
4.0625682349 3.0021220667 1.2362147928
2.6195813647 3.7247648557 2.5160893477
1.4501196401 2.3433417781 4.5101762655
2.8976927482 4.3971442576 2.0366256173
3.2938902476 0.8025052332 3.8771641089
1.7484922701 2.0298176629 3.1992585666
2.7882615504 0.8295697024 4.7462230682
3.0656878611 3.0836168880 1.7021620893
3.5497341630 0.7276077088 3.8407674712
1.8588674541 4.1706467567 2.6082360623
2.9851744118 2.3873904673 2.7324869647
3.0653479945 3.8646984918 1.5403808954
1.3851095901 2.0288950300 4.8013586853
3.9626276019 1.0089393603 2.7304858312
1.2228536069 2.8752286195 4.1117042509
1.9424443120 1.1187071256 3.8631860825
1.8577542284 1.6389168369 4.3562162968
3.3867493801 0.7516529023 3.6656106910
2.7504327040 2.8959096462 2.1019869011
3.7036455927 3.2040365164 1.3822544208
1.5860482520 2.0957747053 4.4103542242
3.4073569572 3.3501437196 1.5611521283
2.9283833296 4.1713137700 1.2688961407
1.3686394853 4.2832382531 2.6522875228
4.2980357704 2.2686216718 1.2393888642
2.7873635460 0.8561105228 3.8586364695
2.7224968316 4.3610245972 2.1594118978
1.0311116636 5.5622858455 3.4774272972
4.1459000317 3.4831623161 1.2094678070
1.0211167947 2.8881441651 4.0121682236
3.3880888866 0.6391227059 4.4093139644
1.5906691235 2.0295261848 4.6772566553
1.8859209730 1.5228776313 4.6062212413
2.0083296326 1.8028282981 2.8173104134
2.6993905566 2.8229941562 2.1893304513
3.5982292968 1.6320052897 2.4085878388
3.7198755580 1.3129910744 1.4310699997
0.9574902965 3.2833996880 3.9352903292
1.0220158886 3.3849475188 4.5916751358
