0.6440441038 1.0077802390
0.8555583565 0.6299305199
1.3517381885 0.4419199459
0.6371495144 1.4072710401
1.0551509267 0.4761085653
0.6381734107 1.1453804677
0.6926984823 0.9485771771
0.8739360389 0.6178860497
0.7277116904 0.7532935164
0.7187733286 0.8043866739
0.7189790033 0.8020418175
0.9145866831 0.6011069647
1.0223494058 0.5509050354
0.6381306415 1.1929422766
0.7715706208 0.7303154087
0.8339630283 0.6790153379
0.8109273547 0.6919511624
1.1330012905 0.4536599143
1.1695419002 0.4500322486
0.9144648998 0.6027511379
0.7983123696 0.7028094232
1.1819948685 0.4442266360
0.7701347186 0.7412073465
0.6591489315 0.9807411039
0.7245897892 0.7926093364
0.8508873912 0.6310928716
1.3517381885 0.4419199459
1.1330012905 0.4536599143
0.6371495144 1.4072710401
0.6653184970 0.9763150663
0.9144648998 0.6027511379
0.9147052113 0.5992106913
0.7088563496 0.8467154424
0.6539369478 0.9883431582
0.7916001627 0.7281960691
0.7188366045 0.8031783919
1.1330012905 0.4536599143
1.0245435457 0.5087478533
1.0361737960 0.5038416012
1.0304010398 0.5073633388
1.0518311862 0.5008449858
0.6539369478 0.9883431582
0.7654695856 0.7464370859
0.9144648998 0.6027511379
1.0325380987 0.5064962308
0.6926984823 0.9485771771
1.1190626093 0.4625973968
0.7951899722 0.7154018024
1.0245435457 0.5087478533
0.6440441038 1.0077802390
1.1256731977 0.4585414779
1.3042263982 0.4423273394
0.6926984823 0.9485771771
0.8053657376 0.6939544733
0.9399542844 0.5758301458
0.9657875496 0.5652460863
0.6381734107 1.1453804677
0.6877995636 0.9519578257
0.6213160474 1.4131550875
0.9919517459 0.5621465922
0.7002221717 0.8762006994
1.0198992655 0.5599551574
0.8465812225 0.6717039175
0.5956729749 1.5532620166
1.3042263982 0.4423273394
0.9657875496 0.5652460863
0.6221423088 1.5294484938
1.3517381885 0.4431366746
0.6394728648 1.2680542041
0.6221820788 1.4332243878
0.6472739460 1.1447896954
1.1407739533 0.4538010810
0.6526081372 1.0930489526
0.6973229057 0.9485771771
0.7080195027 0.9013601999
1.2914667435 0.4488915943
0.6595711501 1.0142155145
0.6822963126 1.0087602476
0.9302868720 0.6014552540
0.7189027635 0.8388571837
0.8739360389 0.6206082887
0.9151609469 0.6176006516
0.8524564693 0.6356263059
0.9919517459 0.5633702166
0.8095785636 0.7012057043
1.3218962742 0.4482185841
1.2288897218 0.4495337069
1.1121291669 0.4765881504
1.0239420567 0.5597188285
1.1967675100 0.4497388153
0.9684422602 0.5766173745
0.8388310883 0.6841804509
1.0358046363 0.5085779109
0.8477875144 0.6831073422
1.0279924985 0.5305050293
0.7974752189 0.7186789977
0.7226439885 0.8031783919
1.1967675100 0.4497388153
0.7902124659 0.7320741649
0.7296632611 0.7630689149
