0.6929694658 0.8262353182
0.6109294503 1.0600220465
0.6719791898 0.9239212718
1.0709708744 0.5236536584
1.1603845764 0.4653072161
1.2292933353 0.4517405401
0.7536939017 0.7199369081
1.3033667467 0.4436206427
0.7131111399 0.7532810879
0.6798822623 0.8574702110
0.7041604145 0.8153801916
0.6441059610 0.9907007334
0.6577232025 0.9253098442
0.6819904154 0.8312037066
0.5996998245 1.3860986890
0.6929694658 0.8262353182
0.8152244699 0.6282787059
0.9711343107 0.5379777771
0.6040414313 1.1129105127
0.6109294503 1.0600220465
0.8491856064 0.6029826354
0.6195842492 1.0188593743
0.8176029337 0.6158360845
0.6442228631 0.9861707916
1.2009841872 0.4590746074
0.6058826671 1.0778691210
0.9296214443 0.5960794655
1.0946883969 0.5154416578
0.7599350707 0.6509203349
1.1015013116 0.4990828031
1.1395343660 0.4966893173
0.6442228631 0.9861707916
1.0048144136 0.5370822062
1.4088454643 0.4402740902
1.1603845764 0.4653072161
0.5937987209 1.4519324139
1.1603845764 0.4653072161
0.6940943693 0.8190361981
0.9680589342 0.5955735540
0.7828705493 0.6481689984
0.7536939017 0.7199369081
0.8158933828 0.6277691047
1.1598141161 0.4752239845
0.7599350707 0.6509203349
0.8158933828 0.6277691047
0.8158933828 0.6277691047
0.7122057804 0.8109624249
1.1395343660 0.4966893173
0.6058826671 1.0778691210
0.8158933828 0.6277691047
1.0216983335 0.5326522160
1.0946883969 0.5154416578
0.9685083865 0.5865047851
0.8152244699 0.6282787059
0.8729886404 0.5973021858
0.9711343107 0.5379777771
0.8729886404 0.5973021858
0.6782850271 0.8661893783
1.2292933353 0.4517405401
0.7560749561 0.6600024617
0.7828705493 0.6481689984
0.6004682687 1.4129144610
1.4148165640 0.4420265218
1.2613749247 0.4546438032
0.6055523307 1.3956516113
0.6059617728 1.1935676249
1.4102281551 0.4441805023
0.6119756396 1.0653891459
0.6073148086 1.1758634436
0.9477334050 0.5965203132
0.8968548123 0.6032241103
1.0704468653 0.5355781092
0.8530423098 0.6038851124
0.6223801914 1.0529578682
0.6539151100 1.0081690202
1.0946883969 0.5155358783
1.1865938279 0.4664179249
1.0214422135 0.5388287707
0.6814752472 0.8778598070
0.7362656646 0.7661751926
1.1312434939 0.5139107832
0.7188909800 0.8101665421
0.7615499205 0.6728923032
0.8191369863 0.6202147037
1.1550614583 0.5100413069
0.9838113496 0.5805774220
0.9862257565 0.5593851915
0.8059175269 0.6635506335
1.0082327344 0.5454934234
0.7939226121 0.6680081615
0.6625114754 0.9509647111
1.1603845764 0.4809186260
0.6784141239 0.9114536033
0.8184608303 0.6331482942
0.6953137959 0.8200026812
1.2215981629 0.4600125631
0.7598208434 0.6981238449
0.6601546907 0.9814414610
1.2215981629 0.4600125631
0.7540128251 0.7349749967
