0.7764373311 1.6730607500
1.1787977040 0.6237350441
0.9916134317 0.9041902508
1.1292183694 0.7304848690
0.8925879667 0.9510957235
1.1938774668 0.5608625705
1.0417137585 0.8894932565
0.9176531630 0.9190534184
0.7814647462 1.2155361647
0.7810497723 1.3505875919
0.9170749895 0.9358306077
1.0617994348 0.8875243035
0.7558665297 1.7191671331
1.2864167239 0.5300012814
1.0821275076 0.8857382959
1.1366040098 0.6530526698
0.7805087735 1.3602536054
0.8121976027 1.0851588938
1.0072394981 0.8899447774
0.8874369721 1.0062613632
1.0821275076 0.8857382959
0.7764373311 1.6730607500
0.7764373311 1.6730607500
0.9170749895 0.9358306077
1.2538157909 0.5568471278
0.9297914258 0.9132375544
0.9518764493 0.9101837522
0.8231181603 1.0578286616
0.8642367737 1.0205347828
0.7866843724 1.2573650317
0.8171406473 1.1473855226
1.3179938157 0.5680804720
1.3262977004 0.5649347196
0.8386463127 1.0707920369
1.3831638021 0.5384224815
1.5062707804 0.5316322265
0.8822321834 1.0410964778
0.8822321834 1.0410964778
0.8613253970 1.0687661498
0.8255096935 1.0841831914
0.9867015773 0.9114204398
0.7812555700 1.5075110345
1.3001097243 0.5951282461
0.8250226599 1.0927024529
1.3198108655 0.5649723330
1.3177544550 0.5732348242
1.3180628288 0.5658304759
1.3177544550 0.5732348242
1.0085232321 0.8938294192
0.8184946110 1.1285921803
0.8184946110 1.1285921803
0.7812555700 1.5075110345
0.8184946110 1.1285921803
1.1389179031 0.6575531782
0.9236696225 0.9368149043
0.9780331631 0.9210404712
1.5392290292 0.5309257183
1.3503748677 0.5434361138
1.4201330142 0.5325130286
1.3851257534 0.5363030807
1.5392290292 0.5309257183
0.7558665297 1.7262747563
0.7558665297 1.7262747563
0.7866843724 1.2573650317
0.9270194089 0.9211605236
0.9262480174 0.9290988560
1.1940619798 0.6336847807
1.2068638469 0.6090162630
0.9037320271 0.9539409664
1.1324071692 0.8818697045
0.9936574831 0.9078914502
0.7861632092 1.5726050695
1.5256109614 0.5321694779
1.1659708594 0.7831132259
1.0378961765 0.8945608284
1.1894902812 0.6575531782
0.8904193099 1.0445709694
0.7894396387 1.4988587990
1.2997716862 0.6227131021
1.4947915727 0.5423902353
1.4015135889 0.5436587275
1.3259025722 0.5680428156
0.9977705612 0.9135148053
0.9371018553 0.9252752595
0.8644515031 1.0703115834
0.9050265594 0.9596246097
1.2612243149 0.6359065154
0.8460072968 1.1020745943
0.7901400787 1.4131565080
0.8416022932 1.1428941509
1.3573211941 0.5636586105
1.2209659866 0.6440547201
0.8396388032 1.1787670647
1.3723552555 0.5521423552
0.8195835831 1.2530101991
0.7987875716 1.3264199353
0.8197681531 1.2004855241
0.9298388783 0.9436331945
1.2307597954 0.6362513235
0.8110690936 1.3006088243
