0.8002336709 2.5242140751
0.9483246960 1.2790245615
1.2871201817 0.9780449097
1.3646169661 0.7294220863
0.9936600694 1.1634750747
0.8498914955 1.6145126577
1.3296767033 0.9018111773
0.8567653757 1.4049435017
1.4159484311 0.6918795660
0.9336850624 1.3921237404
0.9933436910 1.2587622894
1.4171252366 0.6733183290
0.8530750504 1.5965675326
0.8033408890 1.7457260368
1.4171252366 0.6733183290
1.2462058023 1.0040940525
1.0368048039 1.2866507156
0.8396202677 1.7698074355
0.8800335657 1.5102727481
0.8578351025 1.5950710616
1.4323295978 0.6964744370
1.4323295978 0.6964744370
1.2478777317 1.2105802012
1.3503554328 1.0751283778
1.3503554328 1.0751283778
1.2798619565 1.1396839419
0.8237513000 1.8613180935
0.8043428863 1.9303718051
0.8511049444 1.7600437778
0.8511049444 1.7600437778
0.8237513000 1.8613180935
1.4323295978 0.6964744370
1.4323295978 0.6964744370
0.8316035976 1.8307759046
0.8969871286 1.4954814059
0.8984873179 1.4861394043
0.8618776975 1.5496328555
1.3612649556 0.9373819912
0.8526103056 1.6155540543
1.2015896557 1.2570722754
1.2015896557 1.2570722754
1.3651711539 0.8490413428
1.3988200098 0.8268306946
0.9495801348 1.3391293487
0.9916296738 1.3261144844
0.8803472963 1.5226437485
0.8665834608 1.5689419050
0.8545014004 1.6355136318
1.2897533504 1.1481620281
0.8071177066 2.7769914030
1.0279432694 1.3364205673
0.9600636088 1.3941588230
0.8234449716 2.4010617332
0.8516545180 1.7606415892
1.0014018780 1.3527749038
0.8511730273 1.7622491945
0.8167152923 2.6114481499
0.8262359313 1.8718551660
1.4408601830 0.6999841093
0.8511730273 1.7622491945
1.4858402299 0.6988903401
0.8093635942 2.6227518371
1.3658727852 1.0091740901
1.3996903277 0.8269454460
0.9750618133 1.3572030507
1.3935308775 0.8586766013
1.3760441833 0.8668053763
0.8497599408 1.7830583297
1.4487526477 0.7631305351
0.8511775070 1.7975059134
1.4128241412 0.8389200332
1.3911663473 0.9391123277
0.8126211960 2.7890001454
1.4848793912 0.7497826396
0.8284016709 2.1616132518
1.0042137827 1.3549229044
1.4854150949 0.7034927014
1.4854150949 0.7034927014
1.4854150949 0.7034927014
1.4854150949 0.7034927014
0.8190108621 2.6170886951
0.8338081130 2.0789918474
0.8350648272 1.9711094866
0.8271952879 2.2889514157
0.9763901763 1.4079904377
0.9982230160 1.3583717970
0.9767391259 1.3990678718
1.3730145216 1.0459791834
1.3811194917 1.0373617278
0.9763901763 1.4079904377
1.0216721442 1.3528954452
0.8086061706 2.8337596330
1.3398856026 1.2409380889
0.8594167671 1.7075625656
0.8726911457 1.6676887047
0.8779446127 1.6210396550
0.8861280634 1.5406573279
0.8861280634 1.5406573279
0.8205164061 2.7273346143
1.7659387655 0.7086249179
