2.2193951950 0.6034816643
1.2755975717 3.2543774429
1.6732732762 0.8117691836
1.3307980824 1.0398346976
1.2927222002 1.2406697194
1.9246360475 0.6563124187
1.6540113697 0.8299985969
1.0627393560 3.3807802395
1.3307980824 1.0398346976
1.2928362524 1.2286578979
1.2957143049 1.1401179614
1.3027384527 1.0884564734
1.2928362524 1.2286578979
1.1506744577 3.3573513640
1.2133442219 3.3339842092
1.2932706332 1.1685666943
1.6732732762 0.8117691836
1.3027384527 1.0884564734
1.2755975717 3.2543774429
1.9330409181 0.6479589277
1.3307980824 1.0398346976
1.2928362524 1.2286578979
1.2928362524 1.2286578979
0.8716457083 3.9652794553
0.8741553487 3.5445580918
2.1492958120 0.6389110396
1.8267957014 0.7182959160
1.0179682427 3.4012232693
1.8280216118 0.7808530394
1.9875879774 0.6716368061
1.9323095087 0.6846292829
1.2948894701 1.7054467068
2.1336584625 0.6621173278
2.3323785959 0.6585541861
2.5714571729 0.6442451672
1.0198112559 3.5272848245
1.0202324936 3.4775147464
2.3450534806 0.6566426483
1.0190877393 3.5743951987
1.1686123201 3.4020940430
1.9217955751 0.7250771371
2.3561990412 0.6472484962
2.4749044182 0.6458180910
2.4749044182 0.6458180910
0.8753192163 3.6789716065
0.9348731120 3.5796566844
1.2425455785 3.3672793589
1.2963914846 1.5059529945
1.2282370545 3.3976265030
1.3007527546 1.1656515825
1.3320681918 1.1304013097
1.1401588145 3.4377603799
1.7203386070 0.8330522033
1.3436259603 1.0839656180
1.4797417400 1.0706824911
2.6146856810 0.6199139301
2.8545176801 0.6069651084
2.8545176801 0.6069651084
2.5976249986 0.6349169629
0.8801988213 3.9954848630
3.2076264755 0.6069859916
1.2100647830 3.4143568290
1.2948894701 1.7626741223
2.3564907950 0.6619366902
1.7467136663 0.9415444079
2.0002825694 0.6817725982
2.8748341209 0.6175134251
3.0837732999 0.6125198621
0.9281275639 3.7423052785
1.3180406177 1.3306474680
1.3112350777 1.6696418980
1.4621082727 1.0843286404
2.7030951905 0.6236877489
1.1426414031 3.4469393508
2.5773615881 0.6481379423
1.0145262149 3.6081525445
1.0229235409 3.5660585096
1.7604034418 0.8473420524
0.8869999765 3.8999705421
1.3933048260 1.0876625416
1.8416388722 0.8187364629
1.9039891704 0.7918638277
1.9568655135 0.7468777775
1.4621082727 1.0843286404
1.3433868329 1.1361177109
1.2948894701 1.7626741223
1.3242789200 1.2274691753
1.8772148168 0.8068551739
1.3111181477 1.7599896016
1.3401552170 1.1502845433
1.4621082727 1.0843286404
1.3280119537 1.2266237494
2.6359947415 0.6417083539
1.9793047274 0.7040219193
2.6219495441 0.6430965588
0.8856242982 3.9368354259
1.9670287633 0.7244453933
1.1833103161 3.4322716472
2.5811315370 0.6461395427
0.8826079585 3.9754906083
