0.7069543459 0.4659817365
0.7207150565 0.3917929175
0.9566561586 0.1790969004
0.6913118685 0.5990277459
0.7849823302 0.3653305698
2.1692619812 0.1397252527
0.8805735984 0.3500724260
0.7744107871 0.3902437509
0.6899537708 0.6162072833
0.8814450802 0.2494868717
0.6933772181 0.5029425802
0.9229105976 0.1955485494
0.9082084956 0.2315124063
0.9212742301 0.1958100680
0.7744107871 0.3902437509
0.8462942289 0.3535210433
0.9457156568 0.1934011898
0.9129407597 0.2203983637
0.9070891841 0.2382882394
0.9129407597 0.2203983637
0.7774011323 0.3851769877
0.9129407597 0.2203983637
0.9108716808 0.2296421704
2.2639286782 0.1343275791
0.9457156568 0.1934011898
0.9129407597 0.2203983637
0.8807243892 0.2903112130
0.8805735984 0.3500724260
0.7170248827 0.4646532350
0.7726408125 0.3910816053
0.6977819763 0.4849754948
1.0842329576 0.1686236473
2.1385522649 0.1660348106
0.8591179092 0.3530968122
0.7160484769 0.4742076229
0.7037105486 0.5044370777
0.6956455238 0.5650710904
2.1826771439 0.1508509530
1.1013856405 0.1710981509
0.9159081528 0.2204669599
1.0848287428 0.1758670138
0.7951690692 0.3862071637
0.9088045347 0.2336589607
0.9555694801 0.1980582447
0.6974418783 0.5580352264
2.2502365351 0.1505194965
0.7091156690 0.4896007016
2.4359802487 0.1351810871
2.2644886957 0.1360313515
0.9219769672 0.1999733587
0.7015713716 0.5139558419
0.8892941143 0.2614640329
0.8944887101 0.2510549794
0.8842438361 0.2661215378
0.9232116137 0.1996327244
0.7887104688 0.3909369400
0.7015713716 0.5139558419
0.7180501526 0.4676290897
0.6933784516 0.6055596249
2.2539733520 0.1444392395
0.8016085608 0.3657456898
0.7960508936 0.3769869121
0.9642595714 0.1862773289
0.9642595714 0.1862773289
0.9781530583 0.1859250497
0.7289261336 0.3995624658
0.7269476478 0.4215267857
0.7646851035 0.3955061776
0.7247813087 0.4219227842
0.7228975612 0.4481500649
0.7244438542 0.4291028656
2.4312369442 0.1379490665
0.6978192326 0.6637941969
1.1043425545 0.1717205987
2.1892318834 0.1665210679
0.8925433484 0.3206943083
0.6978383831 0.6435068995
0.8958777116 0.2631970000
0.6978911379 0.5720507251
0.7073844493 0.5146728893
2.2582931410 0.1463002473
0.7175028009 0.4754284664
1.0081291725 0.1862526766
0.8813403363 0.3659226536
0.9090614786 0.2342671442
0.7040563714 0.5541922652
0.9323930423 0.2192985790
0.7231468791 0.4597437760
0.9663613856 0.1953919760
0.7260405569 0.4408674321
2.2582931410 0.1463002473
2.2115725935 0.1580334740
0.8167167944 0.3661005805
0.7307693061 0.4322181501
0.8034725013 0.3680910665
0.7346698512 0.4096676432
0.8027261327 0.3858724292
0.9160077448 0.2220484338
0.7970109907 0.3968258571
0.7011914579 0.5580352264
