0.6509116474 0.5303771948
0.6318131033 0.7816235186
1.0041060372 0.1960737425
0.6367767390 0.5374634720
1.1343648553 0.0507110702
1.0630846160 0.1799451277
1.1569463577 0.0505830107
0.9820916057 0.2491301647
0.6208821791 0.8566331433
1.0953071314 0.1751277234
0.6359515604 0.5923746989
0.6279631348 0.8547218833
1.1180749816 0.0540888801
1.7410735562 0.0496421478
0.6204571608 1.0377942714
1.0411041796 0.1910568399
1.1180749816 0.0540888801
1.0953071314 0.1751277234
1.1076404819 0.0793192931
0.6509116474 0.5303771948
1.4728763929 0.0498983771
1.0411041796 0.1910568399
1.1125158839 0.1371365098
0.6367905677 0.6900943645
1.1722310291 0.0544397228
1.1655922971 0.0545189358
1.5201867311 0.0507543225
1.1180749816 0.0577134321
0.6289726148 0.8722928584
1.5201867311 0.0507543225
0.6608980993 0.5375625578
0.6608980993 0.5375625578
1.1128767744 0.0797422910
1.1241818592 0.0576234126
1.0459606206 0.1945540307
1.1180749816 0.0577134321
1.1055660700 0.1831789258
1.1180749816 0.0577134321
1.1042045789 0.1928679306
1.1086012215 0.1744310225
0.6333570559 0.8720550038
0.6362974625 0.8615131448
0.6382968888 0.6880802915
0.6208821791 0.8935789356
0.9924978689 0.2741173956
0.9946112311 0.2730521797
1.1917469640 0.0516844367
0.6388036795 0.5822632797
0.6479245593 0.5803607079
0.6499435868 0.5428826917
1.0044726537 0.2409885990
1.0050583196 0.2386895892
1.0050583196 0.2386895892
1.0053862179 0.2246608837
1.0224926792 0.2244314921
1.0050583196 0.2386895892
1.4344004429 0.0517514289
0.6504548098 0.5656902638
1.3602984529 0.0530733816
1.5236075145 0.0512880742
1.0204640712 0.2574113714
1.0488475047 0.2205837234
1.1230156525 0.0599533776
1.1152335856 0.0808924668
1.0633759377 0.1945540307
0.6613802308 0.5375625578
1.5236075145 0.0512880742
0.6486639748 0.5806868652
1.3523169025 0.0536803597
0.9947630790 0.2948204978
0.6404375239 0.6053097044
0.6417224393 0.5917106574
1.0204640712 0.2574113714
1.0328248240 0.2492751437
1.0449118375 0.2269844047
1.0283843317 0.2494983983
0.6417224393 0.5917106574
0.6474120206 0.5888399168
0.6474120206 0.5888399168
0.6474120206 0.5888399168
0.6389343569 0.6866069174
0.6365075219 0.8889532513
0.6211033850 0.9838066931
1.3401568004 0.0540380494
1.0420367457 0.2392743326
0.6417224393 0.5917106574
0.6404375239 0.6053097044
0.6330665190 0.8894977634
1.1690796597 0.0545221903
1.1690796597 0.0545221903
0.6382261425 0.7036833293
0.6374436103 0.7654584092
0.6380849583 0.7643716095
0.6242911661 1.0142696601
1.4606922316 0.0542310666
0.6523350907 0.5801060900
1.0050222140 0.3496319160
1.3776435981 0.0552372094
1.1174668823 0.1893997014
1.2240154369 0.0562672752
