1.0188180669 0.1523442861
0.8941738373 0.2783276978
0.8854717672 0.3531193172
1.2756244666 0.1286221678
0.8760923197 0.3773608086
0.6446645524 0.5566695870
1.3690277692 0.0911939453
0.6437213614 0.5592613737
0.6599700018 0.5016259850
0.7078200781 0.4491316332
1.2539780822 0.1368721903
1.2100416642 0.1387222895
1.3816013298 0.0860313601
0.6459104631 0.5560526318
0.8854552741 0.3603938729
0.6714143683 0.4578823657
0.8054322593 0.4479590308
0.6722905108 0.4540125188
0.8873876347 0.3164620188
1.3670589424 0.0937872314
1.2500704190 0.1375751651
1.2910311807 0.1011546289
0.8941738373 0.2783276978
0.6491168899 0.5039625987
0.9168384067 0.2670241433
0.6662714894 0.4753629910
0.9112768823 0.2845686631
0.6588368698 0.5234666047
1.7918322284 0.0887713735
0.9358637138 0.2678876946
0.9168384067 0.2727104623
0.8873876347 0.3222360605
0.8980263380 0.2881882576
0.8980725832 0.2869007748
0.9132664088 0.2824066615
0.6928821962 0.4651583392
0.6669162055 0.4753629910
0.6575481828 0.5435428829
0.6575481828 0.5435428829
0.6521728884 0.5461417408
0.9160520242 0.2802198907
1.3611270582 0.1020843078
1.2943159287 0.1240944346
1.3481202203 0.1037383841
0.8921305749 0.3218965524
0.7181289454 0.4554444179
1.2493255846 0.1449246337
1.2828503824 0.1402483268
1.2828493143 0.1402740130
1.2828493143 0.1402740130
0.8094727853 0.4498213890
0.6484380087 0.5922662306
0.6441134733 0.6250154770
1.3805481202 0.0976947090
0.6439774410 0.7286423701
1.7918322284 0.0887713735
1.0202945402 0.1676450849
1.0661514648 0.1589616390
0.6864322325 0.4857810922
1.0771040206 0.1706135103
1.1007016381 0.1638307233
0.6522949579 0.5512618294
0.6527362989 0.5473548079
0.9202765702 0.2932434348
0.9282548734 0.2852859862
0.9224534837 0.2890473315
0.9714826348 0.2811610558
0.9293345439 0.2840861122
1.3630224710 0.1090539880
1.3630224710 0.1090539880
1.3156310689 0.1329603339
1.3246479522 0.1293347594
1.3178636871 0.1294149175
1.3155944463 0.1338043260
0.8928149287 0.3332847564
0.6755482317 0.4917060471
1.3659754933 0.1035092362
0.6449200840 0.7184642851
1.5824920424 0.0987148969
0.8679478074 0.4519774201
1.3805481202 0.0988915847
0.6462526180 0.6256159633
1.2800833888 0.1517236808
0.6453054070 0.7048679030
0.7198080321 0.4652905964
1.2832588968 0.1404837207
1.2828743790 0.1486380859
0.7374552185 0.4555080456
1.0244230893 0.2500527198
1.0303055766 0.2252116703
1.0584549827 0.2068984294
1.0528370057 0.2248922826
0.6936337552 0.4740124492
0.6953019907 0.4692097448
0.9012796592 0.3006086846
0.8881425665 0.3684540436
0.9718556765 0.2687508900
0.9761628295 0.2681477035
1.0007103314 0.2681068789
0.6605637533 0.5290283572
