1.6130439980 2.7302430001 0.2050813845
1.3548134350 0.0517261653 1.1522556276
0.0492170890 1.0444389259 1.6096216819
1.9224792581 1.5801638489 0.2348232994
0.7955082437 2.7544191547 0.2287117564
1.1772221337 0.7824243441 0.7490436115
0.1308764150 0.3319245880 2.3701761672
0.0654137464 0.8799544008 1.6088423577
0.3110096694 2.5219098459 0.7215307701
1.6006431105 0.1576828368 1.0873107501
0.6256222845 2.2684057505 0.2664542867
1.0968232855 0.1883254121 2.6354099107
0.2719400166 1.1207522079 0.8290473463
0.9827163048 0.4004570093 1.0362671210
1.2390171492 0.9961276767 0.6896606206
0.1327364185 0.2208311804 1.4230309122
0.4987171723 2.0005053702 0.3747510476
0.3631782437 1.0482576679 0.6601552969
2.0470022727 0.1042377624 0.9374814667
0.2137817104 0.3244078863 1.1945711511
0.0495637255 0.6711406660 1.7202909581
0.8446447388 2.9918966800 0.2276027900
0.4275395132 0.2136434806 1.3470541542
1.8446735290 1.2252212514 0.3600850940
1.6970961702 1.3957996649 0.3697038484
0.3143713119 0.2079846945 2.0862980322
0.1042416991 0.3340606879 1.7984413344
0.7533632641 1.5291591480 0.2733320447
1.1277745247 0.1600575794 2.2374897325
0.2958813054 2.6360548739 0.5857054803
0.3021644875 2.2527568135 0.7503457105
0.6623857377 1.8602097551 0.2300991632
0.4524791354 1.9747592705 0.3747657189
2.0433564375 1.8198970177 0.2306951777
0.8569300617 0.1791063979 2.7062132321
0.0830068455 0.3882797799 1.9523428777
0.1042330408 0.5697429194 1.2481625765
0.3470329920 1.1419153802 0.8260856961
0.0518988415 0.4887420816 2.3588876245
0.5473592441 1.5540016002 0.4699715677
1.7434092371 0.3044283642 1.0144276581
1.2845705753 0.3273121063 1.0706521553
1.0447604175 1.2867065019 0.3858047373
1.3330227621 0.1698051055 1.6868870773
1.8174527572 0.1402958606 1.1241750905
0.5850944683 2.1522571715 0.3157436478
2.1609408397 0.1131838394 0.9249968932
0.0644807801 0.6045913729 1.9661471596
0.2757626737 2.5714024684 0.6050789215
0.3454736344 0.1925074771 1.4978317543
1.0647577148 1.4324747808 0.2383681418
2.1297105223 1.8057346864 0.2281281211
0.0978642599 0.5902442548 1.3080391319
0.2751306149 0.2179064527 2.2510446764
0.4928491570 1.6765645037 0.3833390311
0.7342963049 1.1914005952 0.5417860254
1.7434092371 0.3044283642 1.0144276581
0.4734945748 1.2755035231 0.5021222872
0.5776813848 1.7684002156 0.3806727015
0.6996157167 0.2320447089 1.1203820879
0.1083725244 0.2886878341 2.6502718781
0.0730853049 0.4471110766 2.0269502513
0.3081126825 2.5421574359 0.4563420826
1.3131505901 0.1546427668 1.7128046496
0.8541060005 1.4602513181 0.4631773801
1.1405536097 0.0706242608 1.7754875114
0.3228088906 1.8224511664 0.4094157657
0.5850944683 2.1522571715 0.3157436478
0.5972347523 2.7214626292 0.3107524220
1.8188468570 0.2617482334 1.0850084667
1.2251082109 1.2462055020 0.5200074848
1.0017239341 0.2344948721 1.0975799426
0.0703132886 0.5155440226 2.2409104034
0.6473384828 1.8401663856 0.2512193744
1.3458516896 1.6987653140 0.2342827229
0.3269406903 1.2093539346 0.6668685890
1.1216007703 1.3954837677 0.3752646781
0.8446447388 2.9918966800 0.2276027900
0.2988208067 2.6846778660 0.5230362470
0.0749336079 0.4075686170 2.0623284076
0.5915805184 1.6970459406 0.3228976967
0.1129429193 0.4657631235 0.9341732037
1.0171552724 1.8374801285 0.2728817382
1.1435454725 0.1964853639 1.1760630571
1.2306717079 0.1881392718 1.2096846782
0.6157294656 1.3460838460 0.4642071647
0.5567984166 2.6949391867 0.3109002110
0.4928678133 0.3465411556 1.1736852973
0.3163358008 1.2611369237 0.6915665821
0.6157294656 1.3460838460 0.4642071647
0.0845892661 0.3417637697 1.4696054459
0.0631942756 1.0480861514 1.4601713775
0.0526695961 0.4354764912 2.3620923456
0.1031096890 0.3909898896 1.3263886164
0.7342963049 1.1914005952 0.5417860254
1.0968174527 0.1857606362 2.6384373526
1.0968693210 0.1720666987 1.9636102663
2.1297105223 1.8057346864 0.2281281211
0.0766758042 0.3450882707 2.0414706069
0.0830068455 0.3882797799 1.9523428777
