0.6882738457 0.3060290936
0.9377306245 0.1794274058
0.0174262090 1.0804534794
0.9806945507 0.1503440579
0.0351003104 1.0406548466
0.7997170498 0.2329615362
0.8273779320 0.2141856589
0.3595358793 0.5729228326
0.0182365175 1.0721532292
0.2413523292 0.6614387488
0.0065024878 1.1529803069
0.5364949568 0.4366669896
0.7461691414 0.2889586073
0.1466496517 0.7921918022
0.1937699868 0.7484284365
0.6170848348 0.3553465612
0.3211942751 0.6116333028
0.0133538069 1.1165059247
0.0650757920 0.9458570788
0.2619145639 0.6370188742
0.0510278032 0.9594515330
0.0439862534 1.0111384367
0.4786716458 0.4694673138
0.8267915700 0.2230929644
0.7144889427 0.2938279433
0.6231783139 0.3421630672
0.2562769851 0.6580381954
0.7653377512 0.2678503003
0.1676084041 0.7842557635
0.1135989551 0.8634233171
0.0355082198 1.0301475772
0.0437767828 1.0198624462
0.8894986354 0.1928181430
0.4356187682 0.4817006506
0.8868229942 0.1997589881
0.3356695468 0.5744762228
0.0791205312 0.9052158504
0.7775591475 0.2514392126
0.2327564723 0.6895653290
0.2005215733 0.7235172153
0.0346543176 1.0564524384
0.8969121822 0.1811580879
0.0340521808 1.0713780169
0.4786716458 0.4694673138
0.3654940628 0.5626138011
0.6709516855 0.3213936961
0.8267915700 0.2230929644
0.1021276630 0.8849285860
0.0878818245 0.9025885424
0.2248153076 0.7140130029
0.8707591882 0.2030077129
0.0061362241 1.1858697536
0.1244602353 0.8554669636
0.5512832310 0.4186277635
0.5571487567 0.4147296699
0.0000428067 1.2349050977
0.8705182065 0.2114513090
0.0060622810 1.1926766470
0.1103393020 0.8800388314
0.9446733270 0.1526758581
0.5571487567 0.4147296699
0.1103393020 0.8800388314
0.9437158222 0.1769972241
0.4714857413 0.4774969249
0.9446733270 0.1526758581
0.9866634782 0.1361135701
0.0759031979 0.9139514919
0.1716756126 0.7540804846
0.2616484318 0.6522444852
0.2567663255 0.6570794489
0.4227608999 0.4986747188
0.2248153076 0.7140130029
0.5735466196 0.3871000853
0.5337792068 0.4445016310
0.0172464805 1.0935292416
0.0020161646 1.1926882836
0.7649312530 0.2741043377
0.0914032875 0.8908939462
0.3812778497 0.5419395760
0.5032213732 0.4468054660
0.7653377512 0.2678503003
0.0496247267 0.9878756008
0.1369878096 0.8332416824
0.0490138717 1.0095981994
0.7549890048 0.2773680659
0.0106937228 1.1249431417
0.3036380285 0.6167075330
0.1104286567 0.8645608088
0.6709516855 0.3213936961
0.9866634782 0.1389738639
0.0000428067 1.2417474118
0.1369878096 0.8434061017
0.3915519786 0.5446493918
0.0914032875 0.9060818645
0.0065024878 1.1678328835
0.5032213732 0.4519029867
0.2562769851 0.6654247573
0.3036380285 0.6372658481
0.6198933965 0.3709064123
0.2248153076 0.7248513738
