0.2345204975 1.2945186333
0.8731890938 0.7828729247
0.4602462571 1.2001980219
0.8907580412 0.7677211103
0.4956122680 1.1257224608
0.1447837032 1.3378259314
0.0013012551 1.3701434854
0.7209888367 0.9745674989
0.7526237927 0.9492972946
0.9467630266 0.6920020121
0.7579080355 0.9038237283
0.5788903600 1.0764946013
0.3367110361 1.2615538021
0.6607717699 1.0183802695
0.7204975001 0.9908138724
0.3731655759 1.2550711498
0.9868005812 0.6657440541
0.9868005812 0.6657440541
0.3162781243 1.2930254131
0.8246128130 0.8715869435
0.7563324724 0.9314994367
0.7837620725 0.8770523818
0.8915463612 0.7352050347
0.8429419227 0.8679949187
0.9868005812 0.6657440541
0.4488108983 1.2178403498
0.8915463612 0.7352050347
0.2547305859 1.2942966589
0.9369523107 0.7272198526
0.9868005812 0.6657440541
0.0002916916 1.4054486154
0.7217744032 0.9568669331
0.0000006027 1.4380492784
0.5340260625 1.0855701582
0.6594948693 1.0260358723
0.8543945415 0.8005568268
0.0040626858 1.3450947086
0.3903175167 1.2330360023
0.6451616238 1.0359252438
0.2547305859 1.2942966589
0.5279825609 1.1324522121
0.8600162512 0.8095653006
0.0491332628 1.3467346461
0.0040626858 1.3713131643
0.5029211783 1.1524593245
0.6451616238 1.0723009857
0.7217744032 0.9918014057
0.6258742698 1.0822063054
0.4702428733 1.2184058625
0.7270498186 0.9837073418
0.9369523107 0.7347474215
0.2685393128 1.3051795824
0.6594948693 1.0317547134
0.0000006027 1.4820754850
0.5340260625 1.0949935825
0.6550995041 1.0557285789
0.0491332628 1.3467346461
0.0125092400 1.3687590323
0.8543945415 0.8459807509
0.8707346146 0.8038763321
0.0000006321 1.4410133698
0.0000006027 1.4820754850
0.0000006027 1.4423374639
0.7526237927 0.9577260231
0.7217744032 0.9918014057
0.8915463612 0.7368981562
0.9868005812 0.6756612257
0.4488108983 1.2190906205
0.8915463612 0.7368981562
0.7929403189 0.8990794748
0.8226049385 0.8959715875
0.7842359625 0.9387856384
0.7862051492 0.9069229065
0.7783654085 0.9492679457
0.7579080355 0.9500724743
0.3741749864 1.2824189833
0.3792755423 1.2591523972
0.6959470551 1.0210134729
0.7171268875 1.0195383119
0.5788903600 1.0826769876
0.5788903600 1.0826769876
0.9620313847 0.6960660057
0.9620313847 0.6960660057
0.0013012551 1.3797309359
0.2432155639 1.3093817637
0.0000006027 1.5231574646
0.9868005812 0.6764519244
0.5029211783 1.1687580296
0.4488108983 1.2273846133
0.5340260625 1.1070927478
0.1469856790 1.3570629490
0.2432155639 1.3105629740
0.8355913183 0.8970695394
0.8739409525 0.8204283201
0.7217744032 1.0036268680
0.7863470985 0.9155772416
0.8915463612 0.7419573318
0.3913269272 1.2648645648
0.3741749864 1.2865719439
0.0888882969 1.3612655649
