0.8761959988 0.7331284524
0.6174834184 1.0375148979
0.9879497484 0.5088150697
0.0000032333 1.3668410604
0.9103681630 0.6574650162
0.0940129886 1.2855461915
0.2897283943 1.2438110145
0.6776294524 0.9474969910
0.0624688592 1.3072891056
0.4128336898 1.1667510857
0.0427685178 1.3087070306
0.8513156093 0.7564257130
0.6441502172 1.0168090690
0.2477254025 1.2621809249
0.7474986382 0.8495250742
0.9760788727 0.5466444200
0.5291855080 1.1461675730
0.9986377916 0.4961559160
0.0994571806 1.2687555726
0.9003365903 0.7279238920
0.5334565869 1.0859460057
0.7728034378 0.7948612002
0.3062596841 1.2203923719
0.6776294524 0.9474969910
0.5976566742 1.0682496870
0.9568871454 0.5821747122
0.6103318549 1.0542392518
0.5634618058 1.0695416897
0.3887432569 1.2171513180
0.0168119397 1.3214537735
0.7010935729 0.9053457904
0.0017486793 1.3334997464
0.9379327057 0.6535775648
0.0250526661 1.3168799484
0.8477404163 0.7936461386
0.5976566742 1.0682496870
0.6776294524 0.9474969910
0.7317512958 0.9034260743
0.4040797843 1.2033766891
0.6703122948 1.0131563838
0.8571562484 0.7765127981
0.7317512958 0.9099826699
0.4631453758 1.1847139625
0.3097886424 1.2241785970
0.0054412450 1.3381034196
0.8513156093 0.7977838063
0.9034619166 0.7468828130
0.7281989953 0.9536525398
0.6131433939 1.0603741042
0.5424144845 1.0933610865
0.3654832047 1.2221540910
0.4108108157 1.2038208664
0.5553819826 1.0863417570
0.9744457503 0.6446360521
0.5907310825 1.0774333079
0.9814412437 0.6116337822
0.9969139680 0.5942704748
0.6103318549 1.0705736299
0.8513156093 0.7977838063
0.0417265711 1.3252811888
0.9814412437 0.6116337822
0.6174834184 1.0557284155
0.6776294524 0.9621286321
0.9577794635 0.6498097654
0.7061758838 0.9604903304
0.3062596841 1.2450865222
0.7728034378 0.8133561992
0.5401374902 1.1028447936
0.5512755229 1.0886952705
0.5334565869 1.1206724134
0.2366334771 1.2875210730
0.2890458282 1.2765750525
0.0994571806 1.2983797756
0.2890458282 1.2765750525
0.9981731543 0.5577375742
0.6441502172 1.0169651422
0.8687093637 0.7696704758
0.0465428431 1.3146192902
0.4830564296 1.1819913723
0.4176008327 1.1929334432
0.4309198821 1.1858049562
0.9136319048 0.6882923508
0.0000032333 1.3697561313
0.0000032333 1.3715483905
0.9986377916 0.5629179832
0.0587311287 1.3177192392
0.9731018479 0.6765362625
0.7317512958 0.9497843747
0.2297249837 1.2987791973
0.9136319048 0.6916932374
0.7728034378 0.8492565657
0.9981731543 0.5665012114
0.8972479660 0.7721302715
0.8082973491 0.8241367888
0.8571562484 0.7799979622
0.4830564296 1.1823597850
0.4176008327 1.1976064010
0.5634618058 1.0924826756
0.5385466782 1.1664803551
0.3709730427 1.2253061366
