0.7529899427 0.8807623603
0.3049030916 1.2648338459
0.0399732678 1.3102348359
0.9113143371 0.6731082591
0.5378584560 1.1174629231
0.9780622145 0.5592010431
0.3340364040 1.1984641043
0.5115826257 1.1649092906
0.8479499008 0.7678392894
0.7834151768 0.8547221563
0.8967275689 0.6740040110
0.7188891304 0.9684110866
0.7183632288 0.9817321996
0.8586256190 0.7235147243
0.9733600142 0.6353609565
0.5190017118 1.1359317703
0.7290515987 0.9285606867
0.8807290948 0.7074990979
0.3295905298 1.2282524322
0.0000026576 1.3332438102
0.5652236700 1.0357006999
0.7834151768 0.8547221563
0.1403340842 1.3072144312
0.3683563475 1.2186166612
0.5115826257 1.1740648878
0.0000026576 1.3439478805
0.6948981922 1.0427804281
0.4152818350 1.2136265624
0.7834151768 0.8766136324
0.1403340842 1.3103903794
0.9363269436 0.6807070465
0.0533127705 1.3341643765
0.5755841969 1.0518747600
0.5190017118 1.1427228669
0.6884140374 1.0447952377
0.6848309981 1.0507381960
0.5652236700 1.0943689068
0.3295905298 1.2432099768
0.9733600142 0.6742885679
0.8755081578 0.7646336788
0.7188891304 0.9756927446
0.9081253452 0.6889673089
0.8479499008 0.7830535931
0.5130206608 1.1695560649
0.9780622145 0.5872284807
0.3084207601 1.2954705828
0.7529899427 0.8971146377
0.1403340842 1.3200635863
0.3038008978 1.3161222311
0.3295905298 1.2620472944
0.8779908333 0.7713248572
0.9733600142 0.6751222065
0.7529899427 0.9002131260
0.7290515987 0.9773971400
0.5652236700 1.0965842660
0.7188891304 1.0069361646
0.7523594580 0.9757608021
0.5894809260 1.0612210314
0.8886901799 0.7668030739
0.7237964344 0.9813524842
0.6848309981 1.0577623519
0.8494840977 0.8264649025
0.6920806810 1.0513665914
0.6884140374 1.0576446490
0.7134209198 1.0461642272
0.9081253452 0.6926870105
0.7523594580 0.9757608021
0.5130206608 1.1704312351
0.9081253452 0.6926870105
0.9780622145 0.5901727185
0.5378584560 1.1601671293
0.0533127705 1.3451563852
0.9664463816 0.6823995036
0.9363269436 0.6886821000
0.4152818350 1.2161143094
0.0000026576 1.3478795301
0.0448880083 1.3457323300
0.5115826257 1.1819017000
0.3741217813 1.2293191490
0.3737727819 1.2369082784
0.0000026576 1.3541440969
0.9966310213 0.6353753782
0.0986461261 1.3513811487
0.2708805036 1.3307761325
0.5115826257 1.2003633138
0.7237964344 0.9816162336
0.3878248935 1.2294936065
0.5652236700 1.0996854622
0.3295905298 1.2702948606
0.5930843659 1.0706320269
0.7659048402 0.9043204995
0.7188891304 1.0161643638
0.8779908333 0.7765279526
0.5607800589 1.1683557915
0.7529899427 0.9089424363
0.9747372875 0.6760312745
0.9363269436 0.7145571192
0.3015783252 1.3218052370
0.8685520498 0.8492969362
0.6861534743 1.0688441040
