0.6394200839 -0.1915937714
0.1949902218 0.8501728398
0.2015717722 0.8204038100
0.1883862059 0.9281244458
0.4096082647 0.4482803329
0.8315207593 -0.3609601000
0.6467064635 -0.2100363543
0.8373816281 -0.4583306041
0.2430593947 0.5942223813
0.2430593947 0.5942223813
0.2221593297 0.6070752503
0.0061522406 1.2143767395
0.0764002644 0.9698388410
0.0478064364 1.0050846280
0.8384110758 -0.5139041010
0.8272490513 -0.3046037067
0.0202578165 1.1011474607
0.0788611068 0.9517299471
0.8487998592 -0.5899314199
0.8337894696 -0.3867785260
0.8274344510 -0.3283287844
0.0060128718 1.2567184007
0.2214648800 0.6281284515
0.1987077461 0.8359976513
0.0000018374 1.3477520230
0.0559113476 0.9707376259
0.8369691838 -0.4452317168
0.2585284369 0.4748295558
0.0007509277 1.3248699423
0.2050195524 0.7755068985
0.4176744625 0.3996489677
0.4409827112 0.1625177065
0.4225185104 0.3013236516
0.4353699030 0.1865638844
0.1938491016 0.8701769712
0.0014021145 1.2814270492
0.0075026051 1.2089947149
0.6337112493 -0.1106846186
0.6498487305 -0.2528460320
0.2466635508 0.5598538742
0.2430593947 0.5942223813
0.8243861719 -0.2621115980
0.4239917819 0.2668507904
0.4190693790 0.3837482868
0.4213026515 0.3510575477
0.4128646747 0.3997919369
0.0331250681 1.0719726728
0.6381090061 -0.1707002769
0.6234531988 0.0467922255
0.2100474598 0.7661441069
0.6364352628 -0.1162532113
0.2475430486 0.5282260944
0.0002744570 1.3476591894
0.6337667766 -0.1148397787
0.6249990466 0.0160156688
0.6386327438 -0.1731257002
0.0002744570 1.3476591894
0.2475430486 0.5282260944
0.8243861719 -0.2621115980
0.4420037392 0.1285901021
0.6259428691 0.0041888219
0.8262395100 -0.2758423014
0.6262743877 -0.0561298081
0.2573354453 0.5211480164
0.6365631584 -0.1589750244
0.4519634783 0.0878541705
0.6334377484 -0.1021270331
0.6201728525 0.0494761785
0.2576745904 0.4867682782
0.0075026051 1.2089947149
0.0096521133 1.2025216800
0.4190693790 0.3837482868
0.2026057391 0.8121949883
0.2430593947 0.5942223813
0.1916250648 0.8889320609
0.1915188860 0.8933427330
0.1932215503 0.8731034627
0.0177604479 1.1917534967
0.2249259814 0.6007641490
0.0127271737 1.1927325421
0.0075026051 1.2089947149
0.2475430486 0.5282260944
0.4239917819 0.2668507904
0.8243395265 -0.2569022447
0.2144926359 0.7091244131
0.6234531988 0.0467922255
0.6301091078 -0.0934403365
0.4310605265 0.2488894149
0.0000018374 1.3996959160
0.8496257824 -0.5784727727
0.6201728525 0.0752337397
0.6498487305 -0.2512255674
0.8272490513 -0.2767198695
0.4519634783 0.0947421690
0.2585284369 0.4783990521
0.4096082647 0.4653664944
0.1915188860 0.9268375170
0.0788611068 0.9552236391
0.6262743877 -0.0444810331
0.6394200839 -0.1880014656
