0.8772019456 -0.6436645824
0.0000584167 0.9999998679
0.5443693533 0.1621158533
0.8496849364 -0.2131969410
0.7107407901 -0.2129680152
0.5138383059 0.4799000891
0.6820188728 0.1617926873
0.3782267671 0.4815127604
0.2130774797 0.7449193265
0.3441997196 0.7444348457
0.0549290378 0.9487774982
0.1701684266 0.9486434147
0.8556429254 -0.3698737775
0.8542364318 -0.3353428308
0.3487483508 0.6869219081
0.1810362145 0.8738818435
0.8583025254 -0.4304781458
0.1753007852 0.9132117316
0.6918220361 -0.0406857239
0.0392685579 0.9593497909
0.6932145986 -0.0641784144
0.6957486274 -0.1029709006
0.5179104824 0.4080432500
0.5255391983 0.2924474911
0.6824298790 0.1522003622
0.3508563951 0.6616164846
0.3466813406 0.7126290040
0.7001462727 -0.1572664172
0.6840109495 0.1160738928
0.0315068978 0.9697833328
0.0188629692 0.9873326944
0.7021197022 -0.1759162417
0.8689138722 -0.6011540359
0.1930310547 0.8009467234
0.8527433257 -0.2969442843
0.8638880594 -0.5354926032
0.0509574933 0.9495397283
0.6962698661 -0.1102905019
0.5364178765 0.1863053267
0.8510514930 -0.2514170212
0.6899599268 -0.0070029424
0.3697808478 0.5006159656
0.8725048855 -0.6299125611
0.8497416807 -0.2148082523
0.3585899486 0.5792824317
0.8609636110 -0.4844694364
0.6854919770 0.0834312149
0.6870575572 0.0502994426
0.3635310014 0.5377682338
0.2032923594 0.7590398039
0.8708495081 -0.6185896813
0.6842648179 0.1103931861
0.1876507198 0.8313463172
0.3622916181 0.5472426355
0.8593251815 -0.4520446440
0.8627230769 -0.5162496266
0.8613816034 -0.4923096480
0.8568816415 -0.3988896463
0.5236122370 0.3188931041
0.5269305446 0.2746553451
0.2130774797 0.7449193265
0.6891847128 0.0077494014
0.7075425702 -0.2078446857
0.8568816415 -0.3988896463
0.1963210802 0.7849254825
0.6983631408 -0.1373211838
0.5193882597 0.3835155853
0.3585899486 0.5792824317
0.0080733677 0.9975153819
0.6870575572 0.0502994426
0.3561773185 0.6029331953
0.3537652582 0.6285142787
0.5223722628 0.3369580856
0.5335001588 0.2069619823
0.5151429170 0.4562609745
0.5165498492 0.4313991934
0.6884361567 0.0223842765
0.6854919770 0.0834312149
0.8531696954 -0.3080855728
0.5308234551 0.2311393202
0.3663387955 0.5188128314
0.1728176839 0.9304179021
0.5206282273 0.3636640482
0.8517450068 -0.2703281162
0.3561773185 0.6029331953
0.0135615798 0.9931807268
0.1903248693 0.8156538355
0.2004780371 0.7680571780
0.8654595925 -0.5591033130
0.3455008422 0.7276459911
0.5364178765 0.1863053267
0.6927508836 -0.0565217297
0.5166506438 0.4296450184
0.5335001588 0.2069619823
0.3744896589 0.4853371439
0.8667100174 -0.5759130708
0.0326453183 0.9681588113
0.1978016069 0.7784597264
0.8593251815 -0.4520446440
0.1846156689 0.8503119128
