0.0000144609 0.9999999919
0.8772232060 -0.6436644909
0.8496967493 -0.2135325493
0.7107101824 -0.2129678821
0.5443587647 0.1621158563
0.3442429372 0.7438736050
0.6820211945 0.1617382773
0.3782780182 0.4815125067
0.5137824960 0.4809230135
0.2130133957 0.7449187556
0.0548608548 0.9487773757
0.1701524843 0.9487523158
0.3512006622 0.6575826403
0.6987458323 -0.1418445420
0.5191204970 0.3878916535
0.3680170909 0.5092247018
0.6962898485 -0.1105665103
0.5325186262 0.2152608371
0.3465436611 0.7143688173
0.6862022551 0.0682180434
0.8510108850 -0.2502993242
0.8516207815 -0.2669655715
0.0136343905 0.9931105078
0.5305836686 0.2335402213
0.6946306475 -0.0865027280
0.8572485534 -0.4072234051
0.3644823915 0.5309479868
0.5221393445 0.3404388518
0.5250858324 0.2984850403
0.3744455127 0.4854268518
0.3587033914 0.5782216648
0.8609329007 -0.4838863823
0.6883833059 0.0234317205
0.0419090032 0.9563363812
0.5365667705 0.1854157830
0.8538615947 -0.3258672309
0.8717726472 -0.6253156465
0.8669122056 -0.5784636723
0.8599028858 -0.4637812366
0.0365379463 0.9628078659
0.2061402792 0.7520700256
0.1744246046 0.9192867065
0.1863592981 0.8392811886
0.6917807179 -0.0399660494
0.3574076720 0.5906164717
0.8697002060 -0.6087775196
0.1710522198 0.9425894870
0.8529941155 -0.3035142997
0.8621416076 -0.5061037065
0.8652925641 -0.5567241526
0.5373251361 0.1811375701
0.3618994449 0.5503761392
0.1815755206 0.8702646642
0.7083419384 -0.2100902027
0.1863592981 0.8392811886
0.8682436245 -0.5940780978
0.1909016230 0.8124139718
0.2003278858 0.7685949673
0.6910388784 -0.0268281134
0.6893419344 0.0047238582
0.1952651024 0.7898278430
0.8631870877 -0.5240888175
0.8562708002 -0.3847489759
0.5279996027 0.2617636401
0.3544173137 0.6214206401
0.5436003991 0.1623420249
0.6832801244 0.1326159468
0.5149948147 0.4589173247
0.7016596661 -0.1718959485
0.1989433134 0.7738136850
0.1936481705 0.7977778155
0.6848235305 0.0980138425
0.6820211945 0.1617382773
0.7039202783 -0.1897047929
0.5174194189 0.4163905880
0.8548925974 -0.3516566134
0.1815755206 0.8702646642
0.6930840619 -0.0620400502
0.0525653084 0.9490463782
0.8749844841 -0.6405821818
0.8583600038 -0.4317166585
0.8559250742 -0.3766004156
0.5162484450 0.4366667368
0.0219711734 0.9833293734
0.0000144609 0.9999999919
0.0213592318 0.9841440776
0.1785549591 0.8907459317
0.6872977934 0.0453476259
0.6837789560 0.1212949663
0.8654006933 -0.5582679201
0.5270029231 0.2737608428
0.5153826483 0.4519765580
0.8549093520 -0.3520685410
0.6930840619 -0.0620400502
0.5138083014 0.4804499185
0.3621431520 0.5484213348
0.8533472015 -0.3126829492
0.0292242402 0.9730782197
0.6872977934 0.0453476259
0.0292242402 0.9730782197
