0.1796087501 0.9999999651
1.0000000000 0.0000000000
0.9329001647 0.5007113456
0.9823092335 0.1634685691
0.9666262969 0.2878260915
0.2134054286 0.9999998041
0.9390373244 0.4668756153
0.6022483492 0.9937229414
0.9847586644 0.1423736687
0.9540034011 0.3755477567
0.9597464241 0.3369213776
0.9869881758 0.1227578344
0.6643664377 0.9832476072
0.9263740560 0.5345598572
0.9496491459 0.4034706451
0.3370481007 0.9999810801
0.9744543274 0.2280042922
0.9247670069 0.5425714476
0.9614738100 0.3248899270
0.2527527863 0.9999989360
0.2829378497 0.9999967122
0.7890732521 0.9064221162
0.3586493571 0.9999647872
0.7188042482 0.9631780866
0.5808948381 0.9956250291
0.9431264600 0.4431999132
0.8988792016 0.6556395095
0.8648597222 0.7658701869
0.8602416205 0.7780758787
0.3253319440 0.9999867179
0.8475515769 0.8087236118
0.8755216314 0.7353518843
0.9794649077 0.1873775678
0.9540034011 0.3755477567
0.9721191088 0.2463064462
0.9922008003 0.0753109179
0.6327262767 0.9897160796
0.8383293364 0.8285463872
0.9701495731 0.2614379829
0.9070506150 0.6230226814
0.1945635593 0.9999999223
0.9125826057 0.5993899256
0.4408287413 0.9997228601
0.8874419839 0.6970299432
0.8825320494 0.7133810775
0.4601534650 0.9995743752
0.8249981569 0.8539405089
0.9150899209 0.5882461021
0.7764656256 0.9203432944
0.9201127717 0.5650787876
0.9788323323 0.1926105629
0.7467537941 0.9460769587
0.8338187562 0.8375511651
0.5674432201 0.9965388206
0.2358426923 0.9999994676
0.9903733370 0.0922016340
0.4898956838 0.9992037744
0.3670847136 0.9999555714
0.8935597957 0.6754839345
0.9941248905 0.0572219209
0.6882958974 0.9761355291
0.9892284124 0.1026418409
0.9963097079 0.0362960918
0.8024626931 0.8892742808
0.7958426352 0.8980770427
0.8729900039 0.7429055455
0.3807622175 0.9999359471
0.5070403318 0.9988768828
0.8483651671 0.8068795406
0.9016516705 0.6448695459
0.9481912937 0.4125652512
0.3090041385 0.9999920632
0.2885258829 0.9999960020
0.5471465712 0.9975954333
0.7467537941 0.9460769587
0.8024626931 0.8892742808
0.9643138641 0.3046809830
0.9201127717 0.5650787876
0.4236412758 0.9998137987
0.4047286232 0.9998820660
0.9764499119 0.2120481023
0.6800428919 0.9788474342
0.7307018987 0.9566087303
0.8546398429 0.7921110740
0.8546398429 0.7921110740
0.7593185921 0.9362851979
0.9450774811 0.4315737163
0.9401001268 0.4608108897
0.8934397598 0.6759196081
0.4255421139 0.9998052733
0.7764656256 0.9203432944
0.5119911611 0.9987622737
0.6175382192 0.9919343679
0.2439328593 0.9999992541
0.5313278138 0.9982068133
0.6175382192 0.9919343679
0.8294907459 0.8457889648
0.6515256655 0.9862179035
0.4047286232 0.9998820660
0.3883874059 0.9999218999
