0.6000307418 0.0000000014
0.0489834096 0.0000000011
0.0569009229 0.0000000028
0.0582678099 0.0000000086
0.0420132882 0.0000000026
0.0300234904 0.0000000026
0.0212620881 0.0000000055
0.0794024663 0.0000000023
0.0814190210 0.0000000024
0.0779695629 0.0000000092
0.0244165261 0.0000000044
0.0593236154 0.0000000086
0.0886806327 0.0000000025
0.0761873949 0.0000000016
0.0167441297 0.0000000083
0.1132938542 0.0000000026
0.0286558573 0.0000000034
0.0640838109 0.0000000025
0.0890960983 0.0000000028
0.0783300002 0.0000000011
0.6252209484 0.0000000014
0.0292533143 0.0000000067
0.0746128632 0.0000000034
0.0146182428 0.0000000025
0.0433277585 0.0000000076
0.0616537571 0.0000000023
0.0185843474 0.0000000037
0.0446524715 0.0000000076
0.0792680876 0.0000000023
0.0346702311 0.0000000065
0.0110237677 0.0000000084
0.0138814908 0.0000000030
0.7323298940 0.0000000014
0.0302492042 0.0000000026
0.0716050880 0.0000000012
0.6390547741 0.0000000018
0.0834190414 0.0000000011
0.0598591152 0.0000000028
0.0333106126 0.0000000026
0.0810661679 0.0000000026
0.0779759342 0.0000000010
0.1127208947 0.0000000062
0.0858259427 0.0000000006
0.0460812077 0.0000000028
0.0199138536 0.0000000036
0.0049551258 0.0000000014
0.0826389996 0.0000000024
0.0376437519 0.0000000024
0.0768826001 0.0000000029
0.6138818859 0.0000000014
0.0292533143 0.0000000067
0.0804380706 0.0000000056
0.0218916077 0.0000000031
0.0164298092 0.0000000034
0.0904179307 0.0000000023
0.0170907562 0.0000000022
0.0577976280 0.0000000002
0.0164298092 0.0000000034
0.5553738632 0.0000000023
0.0837341816 0.0000000028
0.0798928362 0.0000000010
0.0611160571 0.0000000023
0.0328391238 0.0000000062
0.0122232850 0.0000000033
0.0218916077 0.0000000031
0.0755134900 0.0000000086
0.0355304357 0.0000000121
0.0250930545 0.0000000010
0.6138818859 0.0000000014
0.0898109867 0.0000000031
0.0262066078 0.0000000033
0.0845365208 0.0000000028
0.0188692601 0.0000000088
0.0784092705 0.0000000011
0.0805620127 0.0000000016
0.0352533670 0.0000000056
0.0223829628 0.0000000089
0.0307285806 0.0000000026
0.0755134900 0.0000000003
0.0429741986 0.0000000026
0.0212620881 0.0000000055
0.0254339165 0.0000000018
0.0323803525 0.0000000005
0.0178467732 0.0000000082
0.0700443987 0.0000000082
0.0771497166 0.0000000034
0.0276945882 0.0000000010
0.0314844574 0.0000000035
0.0232656278 0.0000000089
0.0199665761 0.0000000101
0.0320001884 0.0000000014
0.0148067922 0.0000000056
0.0620491489 0.0000000004
0.0758641304 0.0000000033
0.0844968225 0.0000000029
0.0256239202 0.0000000011
0.0667896701 0.0000000082
0.0215378032 0.0000000056
0.0232656278 0.0000000010
0.0178467732 0.0000000082
