0.0290590019 53.4598802106 0.0202953677 0.0167162427 0.0172202356 0.0688968354 0.0185281468 0.0315564357 0.0039370409 0.0026710449 0.0176449372 0.0611868468
90.1474517612 98.1583128843 0.0647038486 0.0210183404 0.0055180832 0.0678647124 0.0118668447 0.0387103126 0.0006173533 0.0162824769 0.0095462486 0.0027249598
43.0396054469 0.0099569127 0.0035901339 0.0023475842 0.0137506260 0.1846525309 0.0032336188 0.0380055710 0.0066770447 0.0162773132 0.0067711567 0.0020625398
84.1318039088 83.5355029208 0.0650891496 0.0074724446 0.0322535931 0.0184470585 0.0353530632 0.0456470918 0.0006990073 0.0207530353 0.0157638210 0.0025424630
35.4830479846 23.6701939717 0.0887452187 0.0164400117 0.0155500514 0.1437143111 0.0131600838 0.0203244132 0.0554838751 0.0009630441 0.0039883097 0.0094032794
80.1894784787 93.5222451894 0.0082054012 0.0142195267 0.0702228274 0.1424723086 0.0142053605 0.0050624853 0.0015720112 0.0012982892 0.0096172001 0.0910252410
84.8312218254 91.4993980218 0.0335805330 0.0479439812 0.0389631429 0.0075206616 0.0149186035 0.0550992928 0.0159475148 0.0031259056 0.0159475107 0.0674746541
44.8032721571 74.1145294394 0.0262649253 0.0354039110 0.0311780163 0.1713824170 0.0362542048 0.0351903357 0.0717541906 0.0446545030 0.0174207160 0.0016533590
3.7640566040 19.3403857155 0.0180856489 0.0250792787 0.0335633793 0.1916687379 0.0091656122 0.0379422209 0.0019307281 0.0055587610 0.0058874736 0.0049899889
66.8573665936 92.1458714752 0.0994885004 0.0355394332 0.0398260744 0.0053990774 0.0139470140 0.0068026933 0.2522219384 0.0112408202 0.0623384539 0.0074114724
51.3835356334 72.1440843788 0.0676238311 0.0074721390 0.0191208911 0.0130859138 0.0141491895 0.0399939849 0.0704121044 0.0773541721 0.0068116702 0.0056375027
12.7719450323 35.5677780189 0.0075765942 0.0317693287 0.0411358144 0.0411774484 0.0434684774 0.0465651119 0.0207468454 0.0035157236 0.0004154259 0.0144913824
48.1075091520 86.8564174133 0.0707300933 0.0570899338 0.0712226567 0.1921549444 0.0205352575 0.0462875559 0.0022189007 0.0158993738 0.0429774089 0.0571936172
42.7133737982 43.4128405156 0.0685108073 0.0115103105 0.0166971634 0.0699071986 0.0155323396 0.0456158710 0.0606714601 0.0149905504 0.0225207231 0.0139625509
71.5261229799 64.1731910441 0.0635912449 0.0760499435 0.1451725462 0.0038745535 0.0151813527 0.0456470918 0.0124624602 0.0153088125 0.0033385629 0.0573775016
80.0891479855 85.5365811906 0.0650891496 0.0165021847 0.0322535931 0.1886833226 0.0379526373 0.0456470918 0.0006990073 0.0205114701 0.0178717748 0.0027164817
44.8032721571 60.1644293982 0.0807824191 0.0335166042 0.0357640883 0.2517355434 0.0083500444 0.0351903357 0.0087272951 0.0093623191 0.0027142478 0.0766420208
78.0870349981 13.5120463526 0.0111130400 0.1672683644 0.0314524893 0.5031310586 0.0144353834 0.0308633190 0.0274356597 0.0008169080 0.0653351275 0.0091202335
82.1567324502 43.4128405156 0.0232751914 0.0165939074 0.0023279635 0.1822366751 0.0202690444 0.0456158710 0.0686647370 0.0188601905 0.0234973449 0.0139625509
31.4972327995 50.8807119428 4.5713967658 0.0436184771 0.0468158215 0.1536521551 0.0899036666 0.0131600969 0.0127228370 0.0191086606 0.0373586381 0.0650598243
64.2410350300 84.8081809130 0.0870267732 0.0225203708 0.0414321525 0.0129526709 0.0173328467 0.0501650634 0.0121097270 0.0019817435 0.0083120821 0.1111990722
46.8026666275 20.8983584203 0.0601152192 0.0399784898 0.0416184293 0.2315652680 0.0142140109 0.0368165999 0.0264287061 0.0028694439 0.0025470733 0.0074500235
62.9362293415 10.9596037716 0.0719041625 0.0785584245 0.1426721759 0.0653163576 0.0217697066 0.0357721511 0.0264348798 0.0086837509 0.0548123585 0.0025424630
0.0290590019 44.2615082194 0.0253383485 0.0167200802 0.0437123666 8.9900199116 0.0203305167 0.0315856540 0.0610041977 0.0019481453 0.0176449372 0.0617545838
29.5836877025 4.1550439228 0.0768427581 0.0111310126 0.0159950476 0.0686471808 0.0029521574 0.0340901871 0.0041452294 0.0143770111 0.0373869366 0.0418238557
10.9772917961 94.8985383438 0.0765776061 0.0084804266 0.0587289697 0.1466212707 0.0425977868 0.0380107371 0.0448683368 0.0207476514 0.0661158176 0.0030091721
38.8006828124 5.4787385163 0.0308865475 0.0354039110 0.0147545654 0.2517355434 0.0362542048 0.0074600328 0.0078688168 0.0684939369 0.0027142478 0.0000951704
53.5553494667 26.1929230670 0.1070908381 0.0153997245 0.0519224760 0.0558956074 0.0619844219 0.0423654215 0.0686647370 0.0177129508 0.0215879454 0.0194112046
89.4883239035 63.4550200927 0.0357996154 0.0382832968 0.0250453368 0.0682435827 0.0142914617 0.0285615265 0.0274298932 0.0178008945 0.0708610209 0.0103085311
68.1891381482 18.2342197055 0.0573514924 0.0013678256 0.0103362557 0.0177584867 0.0198744605 0.0180539223 0.0201594718 0.0019262602 0.0458572810 0.0196112737
71.3845721405 78.8178710655 0.0288013529 0.0360777175 0.0241371163 0.5578219289 0.0339542145 0.0368502502 0.0176040235 0.0021911235 0.0048401022 0.0014878958
86.1945506918 21.9579132212 0.0806806748 0.0156874114 0.0623199060 0.2397821821 0.0014132007 0.0359017550 0.0217211278 0.0056386456 0.0024109048 0.0030194901
15.3652224099 82.8020675177 0.0187372801 0.0140173194 0.0337524404 0.3039318168 0.0147432427 0.0328645500 0.0205370797 0.0247762102 0.0112994985 0.0201171484
76.1566571671 13.0656233864 0.0961786568 0.0203132382 0.0425074676 0.7420376998 0.0511628806 0.0345793546 0.0442977038 0.0178203211 0.0032200132 0.0104999654
1.8095636691 37.4740372441 0.0679382613 0.0567134392 0.0136961171 0.3197932815 0.0217009096 0.0441792669 0.0424941674 0.0037467902 0.0099937582 0.0343674354
56.1992127289 67.4917950369 0.0363012006 0.0424386528 0.0435928546 0.0524270176 0.0190351405 0.0355428562 0.0181700270 0.0186615676 0.0114616457 0.0176681590
51.3986114479 70.1596232444 0.0227999374 0.0162206084 0.0405049858 0.0521830375 0.0367707333 0.0458149172 0.0281757184 0.0259657773 0.0159873212 0.2683037308
52.2387778103 77.5411548639 0.0737440543 0.0441387867 0.0421997981 0.0006407079 0.0224924232 0.0320014221 0.0236242285 0.0179856014 0.0234025129 0.0126338214
40.8782809372 22.8151544047 0.0558263751 0.0663862145 0.0391758980 0.0354504698 0.0150356660 0.0223218380 0.0612634892 0.0029609764 0.0584537439 0.0023112050
4.8946933729 48.8088995753 0.0197094626 0.0206624287 0.0561846527 0.0842555706 0.0140439326 0.0406944576 0.0247616186 0.0017793964 0.0033010659 0.0076304124
82.7917408315 50.8807119428 0.0673419557 0.0494245989 0.0322818191 0.0287015907 0.0353394197 0.1054370765 0.0080254046 0.0020882624 0.0055866910 0.0439879771
16.6288781858 6.7797008013 0.0471131085 0.0369733508 0.0136687349 0.0130526353 0.0172948883 0.0382589787 0.0256665963 0.0271404678 0.0479197650 0.1200489545
34.2256880422 68.1258763349 0.4036915429 0.0477286481 0.0471360325 0.1543227254 0.0899036666 0.0131600969 0.0687966021 0.0707541271 0.0112135559 0.0555834509
69.4321139077 9.2770069303 0.0148389615 0.0341072079 0.0306526187 0.1024264618 0.0321535298 0.0089907219 0.0277749178 0.0184988654 0.0011529188 0.1400699461
24.8460083429 10.8327857890 0.0684088574 0.0754015775 0.0363131260 0.1616025294 0.0217697066 0.0357721511 0.0264348798 0.0189396071 0.0548123585 0.0025424630
74.1823069360 77.4929877684 0.0158739804 0.0760499435 0.1473249676 0.0038745535 0.0220203594 0.0368099210 0.0030880071 0.0016582325 0.0067689574 0.0026331448
10.5660996548 35.5677780189 0.0190349256 0.0013784780 0.0420264741 0.2465652309 0.0146448821 0.0461088159 0.0245167529 0.0222781995 0.0019248726 0.0119236749
19.4430719801 2.3812241518 0.0050261679 0.0325426829 0.0433543601 0.1461987096 0.0170022865 0.0379725890 0.0084168372 0.0181574114 0.0073592273 0.0054439822
59.5505100137 28.1331432668 0.0156139435 0.1915925517 0.0437123666 0.1450478771 0.0151713115 0.0368542735 0.0081756629 0.0075770669 0.0003262501 0.0683703792
19.4430719801 54.7266140279 0.0156139435 0.0325426829 0.0433543601 0.1450478771 0.0151713115 0.0262009499 0.0084168372 0.0181574114 0.0027212727 0.1159795503
65.4636047988 16.1832710847 0.1019490189 0.4596834917 0.0918562658 0.0597275398 0.1110621533 0.4551406426 0.1376571807 0.0081224111 0.0111048515 0.0048937529
33.5816057524 39.4281146102 0.0560568784 0.0010019305 0.2630073831 0.0240916312 0.0360457593 0.0200126878 0.0310713213 0.0036695782 0.0074865320 0.1022506175
72.7635162426 88.7842986550 0.0698615612 0.0112851852 0.1397489920 0.0047860750 0.0391537629 0.0601754437 0.0612888425 0.0467413341 0.0187937994 0.0026085924
76.1566571671 70.8461625214 0.0187036597 0.0155006340 0.0463930737 0.0425174785 0.0126093067 0.0322801091 0.0457037457 0.0032731428 0.0014918551 0.0154719218
28.2253964024 32.6434180309 0.0531727678 0.0160541321 0.2456728806 0.1534128735 0.0007089906 0.0290169795 0.0022328508 0.0020718786 0.0374671897 0.0000599076
73.4589077715 82.0869097802 0.0633109065 0.0204273647 0.0371498119 0.0067988712 0.0041826642 0.0380061283 0.0107467127 0.0153630405 0.0036566784 0.0104992271
57.4980936163 40.7778480702 0.0031054985 0.0123313277 0.0533020995 0.0392185686 0.0335961415 0.0423886766 0.0121271808 0.0181964433 0.0479480245 0.0674562824
17.2898056243 8.1988853487 0.1090514724 0.0053418878 0.1229486191 0.7938397212 0.0111242635 0.0170205935 0.0306666148 0.0850753987 0.0112994985 0.0091894544
86.1945506918 2.9399277696 0.0480875621 0.0075262681 0.0627327662 0.2123002539 0.0010857188 0.0359017550 0.0019307281 0.0056027140 0.0058874736 0.0049899889
7.0441850549 58.1268098736 0.1446313804 0.0178704519 0.0419624207 0.0443349715 0.0072364448 0.0104057718 0.0265613542 0.0583759381 0.0011529188 0.0507873759
66.8573665936 87.4441916881 0.0546305704 0.0355394332 0.2592209334 0.0033481641 0.0296879275 0.0067674001 0.0265937995 0.0111398681 0.0623384539 0.0130848376
80.8586108048 62.8830695525 0.0033959448 0.0362953193 0.0142079021 0.0300817265 0.0143748514 0.0400646562 0.0371821960 0.0111564780 0.0075254567 0.0050486203
58.2305469404 75.5380108163 0.0532480138 0.0177329702 0.3668990409 0.0552346609 0.0128160869 0.0092418439 0.0232915364 0.0021593566 0.0094494109 0.0435458060
58.7639177679 88.7842986550 0.0978270383 0.1814378609 0.1397489920 0.1802751597 0.0391537629 0.0591834106 0.0872683118 0.0455234902 0.0604751793 0.0014341176
78.9123484997 40.8703632491 0.0232751914 0.0801477292 0.0023279635 0.1822366751 0.0202690444 0.0456158710 0.0690738547 0.0188400327 0.0234973449 0.0139625509
43.5395229502 43.4128405156 0.0685108073 0.0115103105 0.0395128036 0.0773252724 0.0159540179 0.0456158710 0.2146547927 0.0149905504 0.0184330103 0.0139775422
84.8312218254 25.3007930849 0.0335805330 0.0300349291 0.0389631429 0.1499181225 0.0149186035 0.0550992928 0.0159475148 0.0014126900 0.0159475107 0.0674746541
4.9243677359 16.8239699526 0.0190384094 0.1116473011 0.0336779263 0.2463089927 0.0149790750 0.1289940813 0.0207468454 0.0037097108 0.0022358494 0.0370887249
26.8525043338 67.4917950369 0.0542806002 0.0411339806 0.0634626328 0.0067023070 0.0212963485 0.1257039120 0.0002170588 0.0167047716 0.0484621125 0.0500111702
19.6939634986 0.0099569127 0.0031852345 0.0031726669 0.0091033323 0.2403724721 0.0073718356 0.1242104898 0.0062697568 0.0162773132 0.0048973930 0.0030772821
22.6488949389 22.7284459576 0.0645391016 0.0476771831 0.0377126229 0.0446047946 0.0369394402 0.0456470918 0.0095226767 0.0019070271 0.0163060327 0.0026045698
55.4508663690 68.8370845685 0.0029038517 0.0147285099 0.0409009179 0.0521830375 0.0125264206 0.0346070630 0.0311683747 0.0264205518 0.0160009784 0.0308956747
61.5488918666 29.5046526033 0.0116192515 0.0592861363 0.0466400662 0.1882291633 0.0034202466 0.0388455894 0.0180300254 0.0162323203 0.0037694725 0.0093985548
58.8277442469 33.5271867237 0.1019493352 0.0169571155 0.0077803068 0.0132096472 0.0034938408 0.0252440834 0.0205675777 0.0087293883 0.0098149419 0.0099735187
89.4883239035 92.8147822881 0.0167465265 0.0287660187 0.0447582077 0.0679581126 0.0177670955 0.0902351970 0.0065360820 0.0184830813 0.0012650555 0.0659955738
19.3527598684 79.4439219204 0.0069687770 0.0341072079 0.0413082299 0.3245070334 0.0316235814 0.0074983551 0.0065818403 0.0115106164 0.0620482841 0.1110476831
0.9858497034 36.7639740436 0.1030578883 0.0153997245 0.0519224760 0.0806433420 0.0619844219 0.0423654215 0.0686647370 0.0177129508 0.0198926516 0.0196859025
29.5836877025 1.5700734635 0.0768427581 0.0111310126 0.0159950476 0.0686471808 0.0029521574 0.0340901871 0.0041452294 0.0142169590 0.0374061411 0.0418238557
84.1382116071 46.7747063272 0.0885293677 0.0458378273 0.0318463878 0.0184470585 0.0379526373 0.0437478006 0.0006990073 0.0210097700 0.0616591010 0.1419295080
9.3393769386 49.5155696026 0.0304996590 0.0264199385 0.0162136393 0.0556930896 0.0175767939 0.1233045692 0.0127773680 0.0044448892 0.0130307034 0.0595317890
32.1769422139 29.5046526033 0.0116192515 0.0135328125 0.2849538595 0.1882291633 0.0034202466 0.0388455894 0.0093039748 0.0162323203 0.0224750074 0.0093985548
8.0322968153 49.5155696026 0.0356882382 0.0264199385 0.0315585596 0.1914283157 0.0175767939 0.1233045692 0.0127773680 0.0036859079 0.0130307034 0.0623571580
31.5807314711 31.4987700346 0.0661874521 0.0502454092 0.0052768845 0.0471197102 0.0152396463 0.0095302831 0.0013094373 0.0178669361 0.0483377909 0.0444268808
60.9039325708 22.8591247366 0.0661098666 0.1927515659 0.0024699716 0.2472673565 0.1035221873 0.0404235788 0.0285766944 0.0000122782 0.0122949613 0.0233189133
47.5829289042 57.4575832683 0.0545381662 0.0182178015 0.0039465795 0.1409338663 0.0228040405 0.0379739097 0.0242750991 0.0201842681 0.0038808849 0.0123293933
19.3385736752 10.8327857890 0.0741865214 0.0760499435 0.0432352303 0.1616025294 0.0186930226 0.0357538762 0.0283277231 0.0002811596 0.0225651057 0.0025424630
38.8826522295 67.4917950369 0.0332821017 0.0424386528 0.0435928546 0.0684769033 0.0190351405 0.1206252297 0.0073432639 0.0019075757 0.0114616457 0.0500111702
89.4883239035 52.9000109048 0.0629318474 0.0405619533 0.0391474656 0.1037105292 0.0292029233 0.1220898220 0.0277279551 0.0185321382 0.0090070734 0.0120814243
33.4535103042 75.4898550748 0.0334290576 0.0100424305 0.0350777953 0.0599816825 0.0397461211 0.0110087248 0.0769359635 0.0181576389 0.0734027986 0.0377095337
25.6875893860 82.7820907722 0.0031847241 0.0210183404 0.0352650072 0.0695920507 0.0103385457 0.0380884912 0.0018431624 0.0161623546 0.0091626928 0.0027249598
70.1956177427 15.1427633330 0.0029959305 0.0646215955 0.0103362557 0.1864439131 0.0198744605 0.0381620306 0.0204637609 0.0019262602 0.0458572810 0.0196112737
17.0157115195 92.8147822881 0.0092768969 0.0285673665 0.0447582077 0.0685735742 0.0177670955 0.0323810443 0.0067840665 0.0191528977 0.0353990816 0.0659955738
90.1474517612 92.8054063155 0.0574675790 0.0210183404 0.0055180832 0.0220561982 0.0118668447 0.0108881052 0.0008072818 0.0162824769 0.0090282825 0.0027249598
59.5505100137 26.8699348130 0.0156139435 0.0440138539 0.0434042091 0.1450478771 0.0151713115 0.0359766639 0.0081451550 0.0075770669 0.0003262501 0.0642583402
7.5949949438 37.4740372441 0.0882060869 0.0303176312 1.2853397992 0.0111567608 0.1242568952 0.3568729069 0.3339303088 0.0028821894 0.0125312903 0.1360107956
74.7962878363 74.8043153631 0.0489360422 0.0703455520 1.1907276950 0.5022605490 0.0179969933 0.0649561410 0.0693331441 0.0042675225 0.0094370728 0.0304068985
28.2253964024 32.7109648678 0.0106127006 0.0596498754 0.2883139683 0.1534128735 0.0007089906 0.0374665902 0.0191122533 0.0138883055 0.0374671897 0.0002626209
70.1956177427 15.1427633330 0.0029959305 0.0646215955 0.0103362557 0.1864439131 0.0198744605 0.0381620306 0.0204637609 0.0019262602 0.0458572810 0.0196112737
30.7872717687 66.2015270699 0.0459891310 0.0161122608 0.0306859904 0.1538038391 0.0151713115 0.1163775995 0.0017368780 0.0184387719 0.0085360098 0.0404785571
47.5829289042 4.5782449730 0.0535584284 0.0182178015 0.0039465795 0.1394931689 0.0228040405 0.0717686215 0.0244703026 0.0201842681 0.0038808849 0.0115624051
