0.9031156939 0.4296060751 0.0000014732
0.0000638740 0.0000002496 1.0002472391
0.0000000010 0.0000875000 1.0004439519
0.3162502018 0.9081230956 0.2751374641
0.1974851757 0.9361469585 0.2918695216
0.0204477038 0.2195982578 0.9761370621
0.3748227492 0.8981590058 0.2352464842
0.8145936924 0.3260415659 0.4816951415
0.9107501172 0.1235144256 0.3965522416
0.7840072055 0.2001009025 0.5888472370
0.7932167949 0.2024514512 0.5755301723
0.9728857510 0.1033543489 0.2088468022
0.0949192937 0.9535617413 0.2899672919
0.8905130593 0.4604481553 0.1466298390
0.4650610262 0.5881603531 0.6647251465
0.5032761820 0.0788703403 0.8609863318
0.8328450817 0.0147858775 0.5557230587
0.9678936575 0.0506787768 0.2476624387
0.5300397762 0.8396289443 0.1296077380
0.7703603948 0.6359289002 0.0561125661
0.9434248625 0.0869633260 0.3241516075
0.5802883984 0.7957792885 0.1774433793
0.9943269699 0.0618854897 0.0884585798
0.1746279393 0.1662242893 0.9710158842
0.0624342465 0.9734384749 0.2697191193
0.1122387952 0.0286465278 0.9937947771
0.8257021021 0.4166750354 0.3820521858
0.3419702988 0.3154851606 0.8988669093
0.1923059995 0.2666185864 0.9447243076
0.2182964362 0.8204673260 0.5288625055
0.6131376174 0.4857708272 0.6246532466
0.2810997001 0.1620128384 0.9558303800
0.6618084360 0.6147303497 0.4302226385
0.1536216965 0.8901186401 0.4302297599
0.8244529580 0.3327618548 0.4600711454
0.4900441032 0.4891470285 0.7231240220
0.2538828406 0.7325095032 0.6516154892
0.2447047969 0.7577589100 0.6373917935
0.9214033924 0.3892723271 0.0107852686
0.5461342094 0.8292391960 0.1296065082
0.1181115161 0.7631059865 0.6425437774
0.7100713706 0.7041560715 0.0738998531
0.9340012360 0.3520121576 0.1087146185
0.8482541369 0.4506008985 0.3217811978
0.4358827495 0.7894427467 0.4356834126
0.8533617481 0.2917068748 0.4357116868
0.3539051253 0.8591352147 0.3717214590
0.3685849380 0.5301484737 0.7661734965
0.0802927253 0.0118573845 0.9970359012
0.6485971249 0.5846616123 0.4899971850
0.5320875819 0.6892669201 0.4923929684
0.2452567143 0.1419778486 0.9600000875
0.5897349273 0.8064777957 0.0621390026
0.7478151043 0.5607982252 0.3559776912
0.7026097353 0.6610374977 0.2639689571
0.7967457037 0.2501579669 0.5523295103
0.2397785660 0.7399554107 0.6494686061
0.0355922052 0.0009960064 0.9995408146
0.6816330512 0.2825214606 0.6751611205
0.8815378851 0.4796963544 0.1413536962
0.1360527582 0.6008325811 0.7882882869
0.1833160074 0.9451318902 0.2728172303
0.6407186227 0.6270393403 0.4556054963
0.3810811634 0.0299534919 0.9341722704
0.6280252029 0.4941891935 0.6078903036
0.0088754579 0.9753830152 0.2697149098
0.3017990538 0.1706945864 0.9476511253
0.5663611739 0.1821295649 0.8062358812
0.7148819895 0.6089932230 0.3456085367
0.7617401552 0.6489107279 0.0283642615
0.6991379621 0.5139935427 0.5011695352
0.0970505177 0.4285919216 0.8988195857
0.0048985683 0.9100552741 0.4172322618
0.3462074551 0.4072402670 0.8485201040
0.3790197797 0.8735006847 0.3083775063
0.4007017330 0.5399543950 0.7530597688
0.5079868547 0.8208103388 0.2643844160
0.7907940832 0.0828558386 0.6066779711
0.2727111817 0.2595874552 0.9270050942
0.3604435051 0.2386191581 0.9020435560
0.6897648069 0.2622119911 0.6752160699
0.4816448134 0.8723240479 0.1006829522
0.6078998703 0.3946613270 0.6904101410
0.8661933640 0.4006070321 0.3008548523
0.9887041006 0.0500154214 0.1932551883
0.5494302379 0.1738429701 0.8180030665
0.4473852984 0.5662436558 0.6955403372
0.3836159521 0.3278204960 0.8758328247
0.4092796344 0.5533078095 0.7385122896
0.7548942700 0.2330489887 0.6157117595
0.4248347264 0.5743368399 0.7003351142
0.4553949984 0.4518829297 0.7832635426
0.5672589059 0.1824182562 0.8049198596
0.3504959071 0.5265405808 0.7792723468
0.8318796489 0.1342155316 0.5390235394
0.4298045091 0.5055746214 0.7518918284
0.0472399795 0.4745740869 0.8913152806
0.5497784788 0.4586846913 0.7040350667
0.0543321823 0.5458225437 0.8721664767
0.9878491829 0.1094539225 0.1131255678
