0.0004941748 0.0000003426 1.0003189694
0.9897050626 0.1443888252 0.0001762982
0.0000023667 0.0012457516 1.0002650640
0.5874451733 0.3587195686 0.7267283793
0.3421513178 0.0644214567 0.9376024687
0.8363123926 0.4341232036 0.3357545336
0.6760180908 0.3837236560 0.6298789204
0.6540926196 0.3730875321 0.6590256967
0.6901150953 0.6219282694 0.3751234880
0.5178560589 0.3641950190 0.7743796917
0.5595543338 0.2749097524 0.7821182564
0.0475522518 0.0192901687 0.9989767412
0.1914742855 0.4226922919 0.8872849849
0.0002132917 0.1122687286 0.9938097507
0.8618376968 0.1595738864 0.4839257463
0.4960280685 0.2047376332 0.8443467328
0.5404740756 0.0826709149 0.8375850006
0.1663350153 0.6763243457 0.7188701588
0.2166352805 0.9632341393 0.1600369767
0.1549948658 0.9435448187 0.2938629456
0.9114228765 0.2652310314 0.3175594568
0.2702704107 0.7489106506 0.6054147563
0.3330900787 0.2158432061 0.9180658403
0.9667940950 0.2494398073 0.0586864002
0.4167120042 0.8280278924 0.3949124165
0.1098966727 0.6684578830 0.7359631306
0.7202997927 0.5863072987 0.3750222936
0.1867207955 0.6677446168 0.7212051967
0.8856191524 0.4524733391 0.1067689809
0.6044532671 0.5603160707 0.5813481191
0.3390413329 0.4809493894 0.8088997000
0.9285535783 0.2696475751 0.2562377839
0.1973405715 0.7118470976 0.6750124438
0.6142540363 0.2187082504 0.7613427395
0.2518062322 0.7862204320 0.5648094182
0.3002221518 0.8528622927 0.4417826467
0.1875638577 0.8219261443 0.5441864808
0.8729643806 0.4979296763 0.0475411841
0.7165343807 0.1135911742 0.6884734483
0.7547532652 0.5307988099 0.3877137350
0.8978474257 0.3196831084 0.3033610099
0.0161270049 0.7153171277 0.6989490839
0.8273810308 0.5581427307 0.0682374275
0.3306648131 0.1875137291 0.9255674569
0.2194562258 0.1322577719 0.9674291638
0.0747991892 0.8846104747 0.4630182578
0.6275630685 0.5115536147 0.6227882599
0.7259958797 0.5795658272 0.3751889880
0.8810058495 0.4664862209 0.0832044596
0.2020968256 0.4461422597 0.8726837936
0.4106808288 0.8901714258 0.1988039061
0.6964413244 0.6767531221 0.2420606066
0.7410908341 0.4999322518 0.4490199312
0.6370426452 0.7415512862 0.2124618337
0.7740175456 0.4726487724 0.4276611782
0.4541160612 0.8623497803 0.2252453764
0.9551780056 0.2272771358 0.1921468269
0.6468893014 0.7618823444 0.0386462921
0.9169725878 0.3264927189 0.2302611810
0.3827828901 0.9238756242 0.0334824379
0.6066684855 0.5895181364 0.5347647055
0.7774140535 0.4035495377 0.4831022543
0.0570012246 0.9835385693 0.1746967323
0.4616503820 0.2444294090 0.8543645939
0.8387868062 0.1673594622 0.5193539415
0.1312551425 0.7782393698 0.6155697304
0.4357745302 0.7980333419 0.4174157178
0.9218249994 0.3614949391 0.1411769919
0.2630433856 0.8219370588 0.5056742130
0.6643904584 0.5381849904 0.5191712019
0.2865077606 0.7741753474 0.5647618559
0.5357197271 0.3078429329 0.7867620247
0.2993240394 0.8093604717 0.5056358169
0.8769438526 0.3893675746 0.2829834653
0.9773376441 0.2012048722 0.0688743937
0.4833477567 0.2559174890 0.8378260716
0.9796800117 0.2016870963 0.0018375805
0.3544787658 0.1244873938 0.9282567493
0.0880798003 0.9963771286 0.0274162390
0.1020292434 0.9804775382 0.1705686762
0.1576492395 0.9372954809 0.3129248942
0.8889150031 0.4478531259 0.1252665057
0.8064211902 0.4373927912 0.4117204016
0.0773030268 0.8744680117 0.4803078212
0.1282468481 0.3030469395 0.9445360262
0.1385749947 0.2985249276 0.9446906669
0.0234939741 0.6928302099 0.7210687713
0.3137734655 0.5852969211 0.7481966138
0.4142773837 0.9103801102 0.0334882761
0.8116399318 0.5652073756 0.1501697532
0.9373776091 0.3337580297 0.1200396609
0.5415752393 0.2944194303 0.7878141157
0.4232252162 0.2300801773 0.8766845545
0.4580100054 0.0700572107 0.8865822696
0.4754735936 0.3921488107 0.7879461454
0.0666277747 0.6900540702 0.7211049416
0.1048525987 0.9770575240 0.1873946997
0.8173098746 0.5747932852 0.0436479914
0.6971264657 0.2403616511 0.6760953720
0.2307723112 0.5175335668 0.8250862321
