0.1100227308 0.9948228545 0.0000027199
0.0000237014 0.0000001055 1.0008381906
0.0000000087 0.0000295571 1.0007357333
0.2603215429 0.5895877370 0.7662341334
0.1735304625 0.4880048126 0.8569190550
0.5406294845 0.7367593252 0.4080648610
0.3210767075 0.8623454814 0.3934503925
0.4956440486 0.7983052058 0.3450924247
0.2273816560 0.1876238368 0.9564186573
0.7450113581 0.2924508765 0.6076690356
0.4288124233 0.6906633718 0.5859254971
0.0652896584 0.5369466432 0.8444670782
0.1516845849 0.7065543550 0.6924811584
0.2604559565 0.8535314846 0.4535767644
0.6843430058 0.6741674756 0.2833655852
0.6059812175 0.3686245595 0.7090524646
0.4398104313 0.1628934034 0.8841261188
0.3966664492 0.0698619982 0.9282623779
0.9766888626 0.2125056406 0.0647611340
0.5539682212 0.6466957159 0.5256599170
0.9780753426 0.2128073077 0.0152472095
0.1932098835 0.7648917378 0.6261238164
0.0607910243 0.4625792022 0.8866351385
0.7113998117 0.3843242203 0.5927770782
0.0504712954 0.6209020095 0.7841642105
0.4167097355 0.8910380461 0.2069585184
0.2985223796 0.7057756489 0.6449460519
0.0285421963 1.0088183990 0.0000027425
0.9444314073 0.0944506653 0.3169541958
0.9978425080 0.0157285837 0.0795931010
0.7180481229 0.4246300598 0.5615932571
0.5390990483 0.7210823969 0.4371758281
0.8651439033 0.4318639872 0.3033141068
0.3955243097 0.1800879048 0.9013815159
0.6177394086 0.7860730539 0.1878625355
0.3810123504 0.9188231525 0.1355654133
0.3317314557 0.8096081296 0.4864147436
0.0128548364 0.1331257412 0.9919441545
0.9288870919 0.3619529293 0.0939183157
0.6468905597 0.7547799911 0.1191118194
0.7386227424 0.1091350254 0.6674081715
0.9428878009 0.3403613481 0.0480518125
0.8431225415 0.3902763625 0.3729373028
0.8251357977 0.0144937822 0.5748986870
0.0691737335 0.5688895434 0.8227061072
0.9179158339 0.1450417135 0.3730313315
0.3737033923 0.5477779302 0.7500150301
0.8109690539 0.1281428393 0.5776690605
0.5682726307 0.8329793410 0.0932753723
0.7996098849 0.6016769398 0.0289047202
0.4411936076 0.5614186203 0.7247208182
0.2039767423 0.4461311467 0.8723620000
0.8387309246 0.3032618070 0.4568585344
0.8568815725 0.4471627677 0.2600195243
0.6745738627 0.7282392293 0.1277297340
0.1591853574 0.2827554433 0.9466068989
0.8820829169 0.3266986824 0.3418818559
0.3588361327 0.9016874326 0.2482630588
0.2904456873 0.9397828239 0.1950557646
0.6929557421 0.7006260688 0.1749791649
0.7689966189 0.2315531116 0.5976186046
0.1599075865 0.9896644357 0.0480547504
0.7722132833 0.2249864570 0.5985257870
0.4776048400 0.3593800227 0.8032773686
0.4588134443 0.6132312464 0.6445766291
0.5205889724 0.7031950952 0.4864100218
0.8486526178 0.2717714220 0.4564659947
0.9605230690 0.1375460319 0.2443067096
0.2149978272 0.0291382955 0.9771213616
0.6512477555 0.2780894563 0.7100753153
0.7942201397 0.2871679435 0.5392815827
0.5840120961 0.7431550674 0.3324954905
0.9225047754 0.0395047072 0.3881406240
0.5243374992 0.1937818477 0.8303957033
0.0894360430 0.5518058261 0.8304053470
0.1421003614 0.6619105646 0.7369604189
0.5748952133 0.1183969681 0.8105612173
0.6301090494 0.7594883397 0.1661201341
0.8820829169 0.3266986824 0.3418818559
0.5935005701 0.2263230640 0.7818441328
0.9003328270 0.4077533808 0.1799324569
0.4708120336 0.2892257099 0.8626585831
0.5807074402 0.0490655291 0.8144004716
0.5634016031 0.0556058270 0.8257270598
0.0763952725 0.2375731978 0.9697958290
0.7222202823 0.6398033904 0.2732257389
0.2203837764 0.9463840402 0.2448579076
0.2810019226 0.6095791463 0.7434010124
0.1287118065 0.0005731771 0.9926524702
0.5037817218 0.6539060009 0.5750379199
0.0624871451 0.5142573691 0.8570847718
0.2073660503 0.9659213957 0.1597060833
0.1955663023 0.9228869983 0.3355382444
0.0739158728 0.5126528621 0.8569430038
1.0017076255 0.1086451731 0.0310299274
0.7311811830 0.3950108412 0.5575416911
0.3709736451 0.7486023198 0.5514192179
0.0650540184 0.4026178485 0.9141710992
0.2111023694 0.5611490636 0.8027455900
0.3576949661 0.8729734474 0.3352082370
