0.0000000000 0.0000000006 7.0844887544
1.7881901369 6.8848483957 0.0000000000
0.0000000002 0.0000000000 6.3140424548
6.6057561374 0.1313376333 0.2607856944
0.3551029134 6.3729129770 0.0040335716
5.3491867681 3.5346248000 0.7959472862
5.7875550923 1.6344410853 1.5384781193
2.6738044130 5.3263975913 2.0241908112
1.7214385975 4.1721404208 4.4185775888
5.9616034364 0.1528352722 1.7863554659
1.2421474341 3.3082709620 5.2328487530
2.5879687439 5.5849031363 0.9097698792
1.9768436601 4.0816597166 4.2639116292
4.0940971779 1.9521894866 4.1192878843
4.3233774970 0.0406873548 4.5896150911
4.9496128878 1.8102671397 3.3208799986
5.1462022480 0.0852796140 3.4118796312
3.9166809616 4.6636658058 1.0536391498
5.5680918097 1.5672392535 2.5020281663
2.1574317779 5.6293526079 1.3189471373
4.2475516735 4.4605617696 1.5756976997
5.5173393901 1.2855565441 2.7270096627
2.0267052631 0.4871575558 5.7858485156
4.2777627703 2.9471285206 3.2532971967
5.6932676189 0.5202751178 2.2640968255
3.3280907375 2.3063260248 4.8145904681
0.9585763704 2.3912690285 5.6616114399
4.7580509605 1.3521227904 3.8583402828
4.9422633183 0.6984373503 3.6938553462
5.4915088394 2.1648787347 1.9003169056
3.1956286582 5.3185612074 1.3878924867
2.1052914950 5.7137297967 1.9513453462
4.4690901082 3.0318720687 2.9908873294
4.6458186021 3.6499808856 2.3397933258
5.8799006866 2.3065732710 0.7841074665
2.6516969551 4.5443026844 3.3273320756
5.1814572079 2.4576831264 2.1860218503
4.8422755945 1.3418033577 3.7760460236
4.4250051214 0.7795418317 4.3508731417
1.0729279610 2.7058155904 5.5149415994
6.0130836050 2.0372790219 0.1881588748
0.9098667301 3.8944081501 4.8633855555
3.4258392163 0.0567708442 5.1450845897
6.4862668867 0.8949163715 0.2584431218
1.5309044160 4.9507528035 3.5868461399
3.6490347846 4.2451275637 2.9010029443
1.6190136976 0.2287979341 5.9894297046
2.8955040025 0.9810190494 5.6272210980
6.0906026828 0.9840724210 1.1977337651
0.1657351452 0.1736194860 6.1639185570
1.5505194793 0.4144052821 6.0302007785
6.3805587119 0.1268601902 0.5066890614
2.2251724657 5.9264087750 0.3896904352
1.7702628022 4.4251346421 4.0002552591
2.4537213502 5.7421332807 0.0352013180
3.7639241440 4.8514843745 0.6301898739
1.4162210448 5.4302028474 2.5975633657
5.5616406642 0.5662947691 3.1012032086
2.9884602549 3.1306270782 4.6772729037
4.9141482691 1.8448602626 3.3069878723
0.4238541553 5.0810192517 3.5291327531
2.5814668186 2.6361777839 5.0882566751
6.1152761785 0.8642067440 0.6233002351
2.9880570049 5.0178336478 2.0905992703
0.6329921717 0.0894540308 6.1830417082
3.9782227979 4.7369448296 0.0902203410
4.5281176016 1.0522667759 4.0969817514
1.4686709939 5.8346939324 1.1264617800
0.7501493649 4.7956779151 3.8933471236
0.2386049043 4.8561187309 3.9915334319
5.8574954642 0.3203517641 2.3232075568
5.5062166119 1.5498233699 2.5414468936
0.7857103584 2.8987201091 5.5298977633
1.5901079976 3.2277907842 5.1105197242
3.0526287470 0.6342477257 5.3365190950
0.5443446298 0.0257055984 6.2277406369
2.3795237486 5.2027751378 2.8106250371
1.9327992392 3.9907196276 4.3593813297
0.0254670756 6.0060611928 1.3723176742
1.2564547039 5.9895525372 0.2979885946
1.1184950504 2.9130876983 5.4088103809
4.2474701263 2.5700917139 3.8276180568
0.0261113037 6.1579935662 0.3360202253
1.9812670812 5.1601522591 2.8506713087
6.2758063906 0.3432295698 0.3707823103
2.8959188700 1.0825360239 5.3588973680
0.1450134499 6.1688750738 0.0604699141
1.4855574597 3.7796073766 4.7895077996
1.3462588245 3.3583834638 5.1388760757
3.7130242739 4.3195701384 2.6365504228
4.6573498934 0.9239394678 4.3125406635
5.7654447763 2.0700858031 1.0201861549
6.2604175421 1.0115097910 0.0611597880
3.1610315254 2.4055402251 5.0534663928
0.5353500715 3.6185481208 4.9703573299
1.9210566382 5.2707908942 2.9022185898
3.8173166355 1.1518455893 4.7968530017
2.3363484547 0.1277770258 5.8966797848
5.1557273237 2.5035787951 2.1847494533
1.2432023421 5.9263781806 1.0084543983
