79.1327824793 0.1306103232 -21.4047927578
99.6513509910 99.6732233533 -115.6872628811
0.1353755148 10.9019231656 -4.5302413729
18.3983124307 45.6735979744 -34.7146816701
0.8936072866 43.0354446999 -22.3861722052
86.3627460268 63.6123517945 -83.5472862520
38.8925894804 66.9420084544 -58.2919863443
92.9500897151 82.9473970974 -100.7016427464
44.2226297794 61.6363015263 -55.6743313663
60.3835027605 97.0254942383 -87.6322308027
80.3995744877 80.3059570935 -86.5272779941
66.3760063953 70.3024113584 -75.4714481954
21.6190986218 20.9345236175 -22.8248373119
80.4088508598 89.6945696990 -90.8428698872
71.7268757922 55.6758997457 -65.9198507191
93.6452820463 92.9639229179 -108.6034260429
31.0547028843 3.7317205261 -16.4489384327
88.2753154011 49.0273757391 -76.5196104458
53.0351620243 80.2416767253 -68.8049644751
57.0507519959 22.9502956534 -41.9014762368
76.3041785237 71.5951630494 -82.8174355899
65.5592553266 29.6326543390 -49.3957399009
57.0447822252 89.7868274613 -78.6858447326
98.9571232484 79.0372225768 -99.5872535971
4.2432539445 4.0441348775 -1.3088120352
36.4078381271 9.0621716858 -23.6322228871
9.5366068917 32.2226090016 -18.4358695783
30.1991633653 0.4214861926 -12.5984860947
16.9769532915 32.2256015928 -24.1617753162
32.3313858528 3.3446750617 -17.3043488721
96.2790524887 72.9602166572 -97.5928552707
85.6204625486 13.1194337901 -53.1923996489
11.6026059027 38.4035597403 -24.5645227858
68.9555147821 19.6354715128 -49.3223959460
41.8155141241 92.3293936283 -65.4105964045
48.3739072707 27.6015375569 -40.5485692072
3.1205457281 55.6820096886 -31.5039575076
25.7335660740 97.0071218943 -67.1320369334
74.3957738391 12.3127372873 -43.1837660966
14.8612074612 58.2974264552 -39.0975554390
96.2834881474 84.3120359277 -104.3439133781
43.7394510500 88.2320728529 -64.5918440899
83.6769133079 25.5108824408 -56.3402041115
68.9352514284 93.6495153735 -93.2044817120
47.6988200715 23.0765802229 -36.4617929317
63.6780377226 73.6256097542 -72.4042617817
5.9084215910 76.2761330067 -43.0141218375
46.3796862521 53.7539172117 -45.3079543872
83.5766932682 19.4750384380 -52.5715375819
98.3302088407 31.6123937615 -74.3241867678
23.0743367059 34.9719608549 -29.8103160519
96.3149322871 85.0112165605 -104.8173077235
50.9800780950 27.6091946943 -44.0127485674
24.9933010325 34.2718765292 -32.9390349887
78.2719169123 7.0494795780 -47.4511435359
97.7229526046 5.5811744979 -50.5334513438
90.4463151169 46.3698743721 -60.9046204441
6.4745991942 96.3019237540 -57.0906442268
52.2569219429 37.6409254513 -50.2170946953
4.3756031242 49.0192892149 -28.2258804629
90.9504957999 87.0318348588 -99.1483845517
95.6505424678 51.7344126615 -81.6881491806
50.8984420776 2.8701405309 -26.3039269685
14.2888697815 2.3967921570 -6.9592598353
61.0034271781 18.1583837268 -39.9930716870
41.5986159215 10.1684385195 -25.6978945526
62.3805288070 88.4107922595 -77.3201909282
61.1090416229 75.7009093584 -69.0392559421
95.6402110714 50.9076299549 -81.0729522768
13.4930830752 14.3666125087 -11.3869913450
83.5852434948 94.2212118275 -94.4071938988
23.0863825524 98.9248201538 -63.2293263891
27.5850502663 82.9675211684 -62.3526681324
29.1336776102 1.6056737257 -10.2023135694
56.2387299955 25.5319252793 -38.9590459398
95.0032469963 69.0380970954 -91.6797826714
62.3825426448 86.2963888548 -82.5933411232
46.2737350198 16.4921251096 -29.1840301137
46.1496242170 54.9227590691 -46.3515632145
34.9645224895 12.3811657318 -25.5449144280
78.2684208185 7.4736277784 -46.3108084503
63.6951295248 62.2717437416 -69.4369085785
95.6295186086 69.0332608935 -92.5654913090
96.3046760755 98.9564505548 -110.7145924998
10.1839760699 14.3721158613 -10.5315109480
15.0419052745 65.0681816506 -40.2430431796
96.2954962074 59.6939071405 -88.4567751620
24.2543250107 50.9145539174 -37.4875720216
75.0706525164 7.3117538538 -34.0961259089
97.5804169157 12.7615754800 -51.8240208571
66.2730062421 62.3027181088 -73.7854222660
38.7461890475 0.4059034983 -4.8727272498
11.8002126559 14.3697507059 -9.4661566233
15.0496984435 37.7121901668 -27.8224712977
14.2518562673 0.4275167461 -6.1531783013
46.3941808442 94.2284362764 -68.8898086095
48.2045354157 3.3579361812 -20.9689448418
23.6213117689 82.9742980714 -60.9203736436
7.6235912613 0.3395320824 -3.0875786148
52.2718552190 88.2329009672 -72.1613054109
