3.0910998067 4.1495909502 0.0001426233
0.0001403858 0.0005900683 6.0076308305
0.0005947241 0.0001343303 7.1709193133
0.7007719714 6.5317358616 0.0483840435
2.6170800858 2.9937369921 0.7173287394
0.6917400053 3.6494610701 2.4292622847
2.1749800541 5.2243953890 0.0002310273
1.5679302620 5.6135376945 0.0110255231
0.0416747361 6.2159581897 0.2123840039
0.9343638737 3.2653962157 2.6288522014
0.1723106424 0.1756343927 5.6111898174
0.5279737040 0.7371324922 5.1283376089
3.1639228461 2.2234977624 0.4948114018
3.5736302148 3.6673006011 0.0001426283
1.3242656894 0.9867430433 3.4815817473
5.9367559236 1.0408721915 0.2281614162
5.4114773143 0.1650559788 1.7395114952
0.4483599924 5.0287824498 0.4880380858
2.9998513105 0.0312492050 4.4083786456
2.0321811984 3.6580876416 1.2238614726
4.0069123007 0.6440953824 2.1024289660
6.8348776799 0.3725572316 0.0284994344
0.0187629786 2.6059354938 3.4020957382
5.4957455553 0.1619558650 1.6546332187
0.2710443340 2.4085989943 4.1561716135
4.2605806409 0.8155430483 0.2591312766
0.5932231143 1.8655333375 4.1905200402
0.2795412118 2.4841785528 3.8068298448
0.8174291860 1.3951495365 3.3300370063
4.8584413215 2.3379850004 0.0149171140
0.1522220229 0.0271136888 5.7360597618
1.5020990421 1.0945995537 2.9752656888
0.0044129351 1.2911773164 5.1069053045
3.4664664966 3.8819196064 0.0096016676
1.9908844814 3.9090481138 0.5576081176
0.3699084484 4.1172584212 2.0132274218
0.6279113043 4.0495166163 1.3050608395
0.1068944967 1.6015972014 4.8910923964
1.6919595356 0.0543778482 4.9994364740
0.0607441786 5.8761670548 0.2006192154
0.0629652229 1.6606280842 4.9343250626
0.0311179433 4.6359640008 2.1096951349
2.7043144568 4.4219962727 0.1704145830
4.0797362361 0.6557985096 1.9508033736
5.1259444253 0.1813053358 0.9327906809
0.7681187017 5.7654836553 0.2470592166
6.4192263957 0.5097036456 0.3247547425
5.0242190824 0.0806181067 3.1004127769
0.2159183890 4.8618591895 1.6015455516
1.8043474563 0.6969110190 4.2629568843
1.2690694662 2.5112625483 1.4721595032
2.9188596904 2.1748823416 0.7864279320
4.4627603186 0.2022694305 2.1008454321
2.8573989194 3.2235873421 0.1267523459
4.4201416291 0.1327069998 2.7651638481
6.0999946962 0.9307341648 0.2298978282
2.3690587220 0.0698897228 4.8710127396
4.6532189332 0.1308961482 2.9056229736
2.6046594751 2.0078071646 1.9001054259
2.4777599332 0.3402663000 3.8816328459
4.7954020821 0.6335072012 0.6764061570
1.8648360029 0.7563952687 3.4614688490
2.8563771605 3.8344878414 0.6139483038
0.9706994375 4.0397920964 0.9904079553
0.0035471131 0.0546789621 5.9573959322
1.7634475106 2.4363125788 2.6288522014
3.4973947401 0.4587791961 2.5165788090
1.1297031767 4.7835446489 0.1419292134
0.5480522012 0.5920325848 4.7465321596
6.6332723999 0.5336464470 0.0553000536
5.1246883360 2.0873716871 0.0328556140
6.2054508310 0.3483633796 0.7751737653
4.6532189332 0.1308961482 2.9056229736
1.1533999729 0.0880701858 4.5861779529
1.4756948683 1.0779739678 3.2894304074
0.0748630648 4.2092975627 3.0209684253
2.2434010142 4.3043889527 0.2475957217
4.0530039607 1.9943411126 0.0944423852
1.0219211552 0.2196202325 4.5864410799
2.4498100131 0.0722170608 4.7892107832
0.7295728873 4.5475165609 0.9274897330
0.0876782909 4.0153022599 2.4381253648
2.5967172265 4.5564023096 0.1710557095
6.2625186855 0.8252024694 0.2317614952
6.5318863242 0.4123351951 0.3083530637
5.9909457409 1.0503717981 0.1457297528
5.0408564299 0.2774849672 0.8464591368
2.6904390620 4.6863308083 0.0096387933
0.2994001932 4.9058842070 1.4523398922
6.2981980459 0.6001074220 0.3233193473
0.1679515394 1.0776346546 4.6013829963
0.2994001932 4.9058842070 1.4523398922
0.0138743283 7.0421367941 3.1895807287
1.1781561706 4.2666557949 0.6604132956
3.5274885417 0.4075304544 2.5031218637
6.6989126884 0.0132791834 0.4311198279
2.8275765087 4.0388474904 0.3910963006
6.5234176679 0.5747344496 0.2078624166
4.4201416291 0.1327069998 2.7651638481
1.3911747435 0.9326682827 4.2066987400
