0.0000000000 0.0000000664 7.0343340171
2.7384992503 8.4062652923 0.0000000000
0.0000000675 0.0000000000 8.2827366033
0.0000000690 0.0000000008 7.3027794355
6.7832726568 1.0961657619 0.0000036356
0.0026962981 7.3008832640 0.1481081501
3.3142323609 8.2168182782 0.0000000000
1.4706349914 6.1671548918 0.9027457639
8.3054669699 1.5947920941 0.0000000000
1.0764014019 0.0300402064 6.1478753399
6.8397469907 0.0477309508 0.7347196624
6.2571090801 5.1028224014 0.0000000000
1.7999705606 4.2975777261 4.7030183809
4.7106337565 3.2519443360 2.5832714745
7.1966288527 0.0386013207 0.1418912044
1.2054118702 5.7893908172 2.6574791207
5.1907655989 2.7443506918 2.1580960650
7.7472883811 2.4494176508 0.0000000000
2.5258325991 3.6488968898 5.1111050835
2.2380211814 5.3881500776 3.0746778381
0.0000000071 0.0000000626 6.6651355038
0.5515405129 5.7880494603 3.3243237218
6.0831844333 0.8875259727 2.0129827155
1.8541356888 4.8815519909 3.7816109818
5.7208781380 2.0450027847 0.0008014899
2.7929612251 4.7685233211 3.6083138988
0.0082430266 4.2181769769 5.6380862530
4.4609053845 4.4686640510 0.6423125543
0.4327179251 6.2028478734 1.3002584091
3.0916311684 3.3942953760 5.1164255715
5.6336375321 2.0138174881 0.1353863718
2.3499929644 3.0553973078 5.1768349734
1.9782629612 4.6321649650 3.6477036339
0.0861114918 4.2450668915 4.8374715912
7.9216932737 0.0253986065 0.0000002210
5.1224211051 4.2729566432 1.6160329617
5.8998526319 0.1744883946 2.3469008962
0.0004190656 6.8238094675 0.4665121918
3.5840316239 5.1934825242 1.9508155564
3.2363993707 0.9757040102 4.5403292202
0.0076870153 6.0601887795 2.7081827926
0.2848379563 0.1428679927 6.4642340325
4.0798925376 3.5677961595 4.0509817743
3.4246412687 5.4997765799 1.4759443975
3.9758449630 5.9124932646 0.0294063702
3.7890505010 3.7567456663 3.4937460565
0.0082406681 7.0393721819 0.1807417891
4.3091141296 5.0078516484 0.5706286653
0.0032194789 6.6445475751 0.9740917462
0.0756878503 0.9335336618 6.3423104099
0.7171424404 4.5264939393 4.6259539522
4.1058148775 5.6473757929 0.1244065455
4.9492247456 0.7778416434 4.4896214041
7.4609933225 0.6493445128 0.0034956859
0.0741177480 4.6698497219 4.2782357942
3.4246412687 5.4997765799 1.4759443975
2.9657578117 4.9404018624 2.2911540669
0.5718708013 6.0014022643 3.1769812932
5.2421086046 3.9877813778 1.8371513215
4.4392416998 4.0671348451 2.3939135975
5.3128993982 0.5569526080 3.1199426633
2.9884645659 4.2053661453 4.0719832073
2.5314122313 6.0570846383 0.2798129582
4.9657370007 0.7244923461 4.2500564308
2.5406995021 6.0793069318 0.0968872929
3.6684144625 5.0556897687 1.9342582176
0.3951193896 6.6723303778 0.0427500660
7.5570887771 0.8705193952 0.0000000000
2.3851233602 5.2484206330 2.6081513905
0.8348539877 6.2861812501 0.9296467083
2.1990768581 6.6304445390 0.0451130103
0.6809440088 3.9715605055 5.3859049533
2.2184409780 6.3559206518 0.1943842362
4.9359019935 4.1173684826 1.7928666313
0.1449705438 5.9175432418 3.9279292429
0.6457830995 5.2938741121 3.4710891088
2.3408428468 3.2260736488 5.3531274561
0.0729624171 4.0824270215 5.4836925579
5.1929859088 7.2344271784 0.0000000000
5.3779474416 2.6974514403 2.2113683997
0.8963815232 6.4934260324 0.1352376096
3.3142323609 8.2168182782 0.0000000000
5.5120136794 2.5698019251 2.2352965850
4.8567547908 0.4953434411 4.5041178808
0.6180391449 5.3700813292 3.5182188682
5.5902289484 3.8496360737 0.0000000000
4.1866943981 5.2923255410 0.1202364552
0.0000000669 0.0000000014 7.0843223173
3.0167279433 4.4168016171 3.9978208053
5.8312853054 0.9141563458 2.3469299592
4.9991910873 0.6757056804 3.9729789653
7.8479158335 0.0885184773 0.0528306540
1.0891126695 3.8057379683 5.1388797391
4.8611722137 3.1883147663 2.6036275390
5.6738494922 0.0639966748 3.7049227882
0.0703379424 6.8478682783 0.0000000000
7.5098782023 0.3430880852 0.0166424179
5.4130060578 3.7368208400 0.9499715452
5.4919337206 2.6218533849 2.2367850640
7.7415910046 0.3749410684 0.0036177299
