88.2043350025 98.8189438062 0.0082431599 0.0946719443 0.0080317585 0.0336791989 0.0133250837 0.0234562703 0.0099355098 0.0048336513 0.0466846370 0.0661702637
0.0050553318 51.6083880761 0.0077593932 0.0796150523 0.0021909532 0.0364756556 0.0062597523 0.0031432644 0.0098599516 0.0284952976 0.0372684920 0.0150695680
16.6477024236 0.0147429933 0.0067273226 0.0273440649 0.0117378575 0.0060698111 0.0055741084 0.0226652539 0.0114352715 0.0286106643 0.0097110501 0.0117381870
25.4160669768 97.5051758391 0.0395330324 0.0897351562 0.0066172967 0.0225151011 0.0069177518 0.1102027181 0.0090249265 1.7196987481 0.0208916897 0.0206956828
42.1815215901 14.7211392373 0.0212680196 0.0855099024 0.0096353826 0.0073642736 0.0242829025 0.0325027986 0.0741080906 0.0244911595 0.0336035980 0.0108425796
78.8134705266 74.7731036425 0.0566674211 0.1717882748 0.0049459007 0.0216748136 0.0223790352 0.0057411145 0.0094778101 0.2204618570 0.0177406090 0.0812204926
75.4628359474 63.5232444266 0.0324324556 0.1038411378 0.0493412047 0.0391746544 0.0077637159 0.0057419409 0.0102885278 0.0374423769 0.0344010032 0.0049691628
24.7129514650 71.4564821051 0.0422405443 0.0607964119 0.0135297891 0.0572004773 0.0080334748 0.1517962234 0.0042762052 0.0073190498 0.0479043641 0.0261111986
45.5160202947 58.8426658587 0.0525914615 0.0290419849 0.0181633457 0.0301284155 0.0175093587 0.0242922833 0.0243457367 0.0072137962 0.0037941422 0.0295707807
14.8205226305 16.2513141808 0.0212217933 0.0319943895 0.0003942786 0.0165643680 0.0225192501 0.0097573400 0.0103106067 0.0109699521 0.0204106975 0.0307375233
86.1452864525 8.9902323683 0.0154009553 0.0071957765 0.0085119643 0.0296963824 0.0117817290 0.0142355274 0.0060531459 0.1146726515 0.0465837588 0.0599105181
90.2512601068 66.1640979960 0.0165719426 0.0390115775 0.0003745108 0.0694794904 0.0285991768 0.0024243073 0.0169669657 0.0041548244 0.0824392949 0.0034715000
48.1092028902 55.4577678705 0.0099960331 0.0083990685 0.0039899229 0.1471346386 0.0131465006 0.0237276076 0.0080770602 0.0003492397 0.0127287886 0.0474682814
82.1952078020 78.1714545058 0.0422974141 0.0294297464 0.0181982073 0.1673593840 0.0425832691 0.0046645056 0.0192329180 0.0028417795 0.0082580426 0.0057335750
10.1984209636 64.1648940712 0.0160116424 0.0857635048 0.0092523723 0.0375527034 0.0057555968 0.0177490082 0.0169638896 0.0097579652 0.0465312130 0.0111184146
0.7743717213 39.9426216672 0.0498577082 0.0977287888 0.0033294314 0.1135122034 0.0023807827 0.0165608769 0.0083359008 0.0054210137 0.0184076422 0.0345045181
90.2512601068 67.5113471599 0.0095644622 0.0616471424 0.0095252319 0.0093117596 0.0177043482 0.0080070417 0.0163352725 0.1050601554 0.0841000533 0.0048270578
39.5695597854 52.7472697178 0.0586858155 0.0948677710 0.0107791939 0.1290905283 0.0675087608 0.0442873436 0.0104859593 0.1000852184 0.0241947671 0.0411224918
76.8840335539 51.5127224774 0.0185097015 0.0326006179 0.0000674309 0.0896601290 0.0097889658 0.0075197651 0.0159220143 0.0072832245 0.0277884868 0.0246985004
29.4595048865 17.9733959128 0.0167172852 0.0672601006 0.0190741979 0.0179861261 0.0237566902 0.0244734483 0.0084595245 0.0700891134 0.0326398128 0.0076205201
22.7850855912 11.5066975789 0.0145630470 0.0294297464 0.0087226155 0.0650066193 0.0042140577 0.0163927688 0.0191959443 0.0028417795 0.0463863680 0.0382458751
11.5827309820 57.4715172463 0.0115705113 0.0745047382 0.0126069005 0.0158060241 0.0232799091 0.0244858150 0.0491153868 0.0327391891 0.0416202563 0.0212425356
86.1452864525 94.8173225392 0.0431584670 0.0071957765 0.0135796549 0.0296963824 0.0117817290 0.0039618641 0.0060531459 0.0041419329 0.0475685723 0.0047699116
15.7679715605 28.1870371954 0.0276312321 0.0351600111 0.0468417684 0.0168846233 0.0346764682 0.0264552123 0.0156711268 0.0056374505 0.4535470758 0.0283598945
82.1165623926 83.4388662741 0.0164167169 0.0745042216 0.0187040494 0.1632844066 0.0072756794 0.0264339687 0.0216221545 0.0301540111 0.0282484229 0.0148342017
47.4766371514 30.7980356563 0.0219445133 0.0693755461 0.0026110895 0.0091093841 0.0308606209 0.0229491066 0.0088281040 0.0810157387 0.0334228227 0.0125061377
59.4566342001 2.3554559046 0.0198078628 0.0017119667 0.0079908087 0.1210902602 0.0624442312 0.0011415482 0.0109251956 0.0235987801 0.1265941369 0.0382456846
96.1705532499 25.3826913190 0.0535301527 0.0295425109 0.0184924349 0.0165928750 0.0168864193 0.0271055368 0.0243101018 0.0058762316 0.0003040797 0.0139542704
36.0730895717 35.3329760484 0.0099374701 0.0844141125 0.0042233487 0.0434169502 0.0514484422 0.0490463812 0.0298506989 0.0073831803 0.0031595874 0.0486435976
78.8238958115 70.2512091501 0.0195969472 0.0300573235 0.0133027143 0.1005174122 0.0279235442 0.0024499002 0.0100915403 0.0231172634 0.0267856643 0.0600277540
28.0642491437 69.4656057562 0.0082708839 0.0107324274 0.0059654651 0.0125952077 0.0190925535 0.0193434587 0.0108767058 0.0007041720 0.0483081216 0.0067631163
56.9785350876 79.4941977517 0.0048077006 0.0072070082 0.0239118545 0.0424576892 0.0155183537 0.0028686582 0.0314874433 0.0538035206 0.0421049086 0.0135812938
88.1922756283 30.9447179650 0.0079946179 0.0547357211 0.0078650684 0.0399801356 0.0130562393 0.0074132657 0.0263236021 0.0050779398 0.0109085065 0.0176755077
94.1224601031 60.1427072973 0.0507364924 0.0582818109 0.0101755896 0.0073240943 0.0246297345 0.0515748889 0.0269387285 0.0112173189 0.0180488044 0.0689011084
27.4788711496 56.8547220205 0.0115705113 0.0742323862 0.0124895166 0.0983629164 0.0284834535 0.0247286468 0.0491153868 0.0701139405 0.0066429956 0.0182235042
64.1360134574 81.5529633809 0.0146664320 0.0992476705 0.0009823647 0.0109835996 0.0064980070 0.0242938275 0.0069763495 0.0244327791 0.0013285577 0.0264628020
22.6367072635 85.4379964462 0.0070607140 0.0745042216 0.0139002601 0.0609942060 0.0060238472 0.0263710689 0.0214420093 0.0722812274 0.0456876303 0.0133616792
68.8556152224 80.0717609496 0.0312699316 0.0777709840 0.0158365611 0.0111789658 0.0518221292 0.0245174185 0.0805708759 0.0269077567 0.0109179284 0.0106437565
7.3059988549 44.8936884825 0.0372063280 0.0748668077 0.0069238919 0.0156843901 0.0306791450 0.0230088831 0.0088359163 0.0047936213 0.0263678389 0.0714844305
5.3389254833 21.2933153484 0.0067296796 0.0732414492 0.0185274268 0.0095194611 0.0237344989 0.0247286468 0.0106319057 0.0700891134 0.0332583997 0.0063686337
51.4180711086 18.9641787925 0.0167120799 0.0672601006 0.0190741979 0.1451218381 0.0237566902 0.0244734483 0.0046257302 0.0881340651 0.0333471030 0.0055734113
88.1922756283 90.1856307569 0.0080730627 0.0547357211 0.0079248663 0.0607339575 0.0314330975 0.0105792701 0.0263236021 0.0050779398 0.4302514424 0.0169431080
36.2496832580 6.0340575182 0.0098637414 0.0323993953 0.0003235384 0.0060698111 0.0035806855 0.0053724835 0.0605415313 0.0286318319 0.0089368416 0.0077331845
59.4566342001 53.5137514414 0.0198078628 0.0011998294 0.0079908087 0.1298941644 0.0623152949 0.0029794501 0.0104669291 0.0230732919 0.0450084149 0.0534652659
88.1922756283 77.4910614986 0.0079946179 0.0547357211 0.0063212149 0.0399801356 0.0130562393 0.0242263943 0.0263236021 0.0050779398 0.0109085065 0.0176547508
30.6824247401 77.5334837973 0.0299056742 0.0723436714 0.0105006095 0.0081408869 0.0074564921 0.0078929890 0.0185904785 0.0154206789 0.0136543562 0.0043740822
52.8025844967 55.4577678705 0.0097827155 0.0083990685 0.0039899229 0.1486217127 0.0131465006 0.0237276076 0.0361285601 0.0912804252 0.0125223189 0.0474682814
84.8716114304 92.1734691364 0.0080231437 0.0272103228 0.0080403560 0.1509763058 0.0350505348 0.0073697585 0.0036085178 0.0072527828 0.0066798132 0.0023131332
16.6477024236 12.1365537196 0.0133498107 0.0273440649 0.0116438303 0.0563274039 0.0055741084 1.4987233769 0.0213049152 0.0286106643 0.0095112554 0.0349230082
21.2655141745 83.4388662741 0.0164167169 0.0418286153 0.0187040494 0.1013890478 0.0072756794 0.0264339687 0.0098026284 0.0293934994 0.0282484229 0.0148342017
0.0050553318 42.6514971747 0.0077593932 0.0796150523 0.0022360216 0.0364756556 0.0062547729 0.0031432644 0.0098599516 0.0284952976 0.0375794252 0.0150695680
35.5180844970 94.1861388174 0.0076066200 0.0920060911 0.0120238926 0.0351839186 0.0165526814 0.0406488583 0.0089885021 0.0089961172 0.0407886974 0.0039406970
62.1241123962 48.7994688070 0.0108158047 0.0083990685 0.0047599818 0.1486217127 0.0131465006 0.0235950048 0.0339770867 0.0912804252 0.0125223189 0.0474097502
3.2958029720 26.8789214289 0.0371702501 0.0748668077 0.0145815613 0.1015091916 0.0137737399 0.0229656538 0.0123308269 0.0085258100 0.0265903697 0.0137287285
94.1224601031 82.1749062237 0.0090050902 0.0549687382 0.0098683615 0.0036973048 0.0033167044 0.0518714251 0.0096035378 0.0117419758 0.0372149081 0.0686170887
82.1952078020 89.4325826823 0.0059019795 0.0550264543 0.0180863500 0.1673593840 0.0425832691 0.0046645056 0.0202987673 0.0024219519 0.0079861959 0.0057829016
6.1972896420 46.1080975157 0.0505963089 0.0042420224 0.0201998608 0.0450870093 0.0210284988 0.1248401933 0.0082794318 0.0220231197 0.0091571839 0.0107977446
39.5735262920 89.4675189787 0.0473000300 0.0585667637 0.0009154803 0.0073240943 0.0315104981 0.0099318421 0.0069762201 0.0480910061 0.0086132329 0.0689011084
7.2929299867 48.1681782983 0.0017754098 0.1078104488 0.0074699115 0.0003330353 0.0113090147 0.0242612649 0.0099952463 0.0144695063 0.0411309935 0.0009285288
49.5794291834 23.4732699255 0.0109504232 0.0863159574 0.0167400468 0.0924865922 0.0146123396 0.0093334430 0.0347921560 0.0366838858 0.0322478146 0.0057539213
63.5149713143 4.8581531673 0.0161603716 0.0832781328 0.0041976316 0.0029722224 0.0241178753 0.0185171423 0.0109127958 0.0312412357 0.0360993837 0.0043998944
68.8556152224 33.4869189249 0.0312699316 0.0777709840 0.0173893148 0.0111789658 0.0518221292 0.0077206341 0.0805708759 0.0269077567 0.0109179284 0.0106645817
34.0766844222 36.9113434898 0.0622070339 0.0313196071 0.0001033810 0.0999875574 0.0281980757 0.0024614652 0.0170249098 0.0459320134 0.1428236768 0.0381011534
78.8134705266 79.4368543027 0.0335077310 0.1717882748 0.0049459007 0.0059219973 0.0326393310 0.0249501864 0.0094796757 0.2204618570 0.3735802771 0.0812204926
66.1971170738 22.7563658302 0.0111267011 0.0860674304 0.0003607652 0.0280202753 0.0129571699 0.0066886971 0.0098813021 0.0987215023 0.0331226885 0.0000383619
84.1006363485 91.4750237992 0.0078199331 0.0760822069 0.0044581546 0.0720181609 0.0512488970 0.0372703665 0.0078942606 0.0110322028 0.0012967029 0.0041944073
70.8838064992 79.3979820822 0.0606271232 0.0895319245 0.0085970429 0.0999031644 0.0710450948 0.0033291976 0.0129490123 0.0032109113 0.0603336282 0.0059403198
91.5210158640 60.8146283431 0.0317963133 0.0106723855 0.0009544415 0.0102956924 0.0130619366 0.0438935063 0.0277171901 0.0382250792 0.0126846499 0.0689011084
18.0975442626 4.8581531673 0.0161441733 0.0832781328 0.0041976316 0.0029722224 0.0237990603 0.0186458601 0.0115153118 0.0272370865 0.0357191810 0.0159914002
63.5149713143 3.1311004907 0.0080640079 0.0081316055 0.0032644706 0.0253749182 0.0305868520 0.0404270518 0.0084751501 0.0139756959 1.0371620609 0.0078043550
74.1249225562 98.8189438062 0.0259801377 0.0574028638 0.0125003520 0.0318683719 0.0054586096 0.0052829242 0.0085913405 0.0322332890 0.0399582520 0.0342841264
22.7850855912 0.2919353698 0.0079411193 0.0294297464 0.0088166439 0.0153545979 0.0042140577 0.0163927688 0.0093297318 0.0028417795 0.0467325206 0.0150795497
45.5160202947 40.9142933299 0.0076383337 0.0716249098 0.0001581683 0.0005850860 0.0193076679 0.0244602809 0.0800296575 0.0763479029 0.0062988473 0.0224321413
92.2253718756 45.5758761230 0.0405340276 0.0070402512 0.0009544415 0.0102956924 0.0053558109 0.0580267050 0.0089817475 0.0057633366 0.0129886780 0.0689011084
54.1259802900 57.4715172463 0.0093496324 0.0740300757 0.0124895166 0.1278245223 0.0232799091 0.0244932446 0.0105349437 0.0309948055 0.0069301349 0.0248280641
36.9269864298 79.4941977517 0.0047313217 0.0072070082 0.0249442257 0.0424576892 0.0293366047 0.0020665246 0.0098498352 0.0538035206 0.0421049086 0.0192842680
18.2317541749 49.5067989567 0.0317107692 0.0857222735 0.0114172260 0.1022872504 0.0073632396 0.0225586025 0.0058679419 0.0190235112 0.0283227678 0.0334946598
6.1082064284 64.1648940712 0.0075405163 0.0857635048 0.0115901437 0.0373255919 0.0161100042 0.0177490082 0.0087335585 0.0097545830 0.0406615569 0.0111184146
68.2177251998 13.4290182123 0.0357442090 0.0817035184 0.0092404485 0.1450893440 0.0052399111 0.0077697576 0.0535276660 0.0984042367 0.0093941573 0.0734348429
20.1711727350 91.5345790467 0.0320465891 0.0621360702 0.0018350219 0.1440725936 0.1518621546 0.0108222958 0.0498935670 1.4117395526 0.0293747790 0.0208514033
29.4595048865 87.5434814990 0.0164252636 0.0689729887 0.0190741979 0.0187248749 0.0237566902 0.0244734483 0.0084595245 0.0689117449 0.0325726961 0.0083850508
74.2301586727 91.5401738290 0.0324324556 0.0531059987 0.0114985824 0.0911273878 0.0079795144 0.0100199563 0.0088286207 0.0366520533 0.0291638819 0.0277526393
14.8205226305 9.8705063277 0.0080853486 0.0715946763 0.0096438730 0.0158390751 0.0187962025 0.0037709166 0.0089496406 0.1022338502 0.0578346607 0.0753626606
39.4398299657 94.1861388174 0.0160769648 0.0920060911 0.0096861201 0.0354110301 0.0061901531 0.0406488583 0.0172184272 0.0089994995 0.0466583536 0.0039406970
72.8674520965 10.6608296212 0.0225130952 0.0893644218 0.0111222993 0.1488941790 0.0133871858 0.1156993785 0.0224237639 0.0983842868 0.4673594000 0.0116556830
68.1392874716 48.7762963604 0.0156401290 0.0834242326 0.0814946598 0.0455368347 0.0299832977 0.0077668057 0.0486999295 0.0062939656 0.0314980826 0.0154468557
8.8094254255 83.4388662741 0.0164167169 0.0953500757 0.0185075209 0.1632844066 0.0000558529 0.0264339687 0.0216221545 0.0302253987 0.0282484229 0.0148342017
50.8154560495 34.1660503282 0.0622070339 0.0300873511 0.0112571603 0.0999875574 0.0799614291 0.0194250314 0.0346067469 0.0504115360 0.0820194693 0.0381020738
0.9129611271 37.7308970056 0.0090133477 0.0752483482 0.0080792823 0.1022872504 0.0260297796 0.0006921840 0.0097390180 0.0101913005 0.0283227678 0.0334946598
0.1592326338 42.1638982635 0.0210883229 0.0272577654 0.0127269329 0.1174487486 0.0309736604 0.0031505548 0.0089727926 0.0444643589 0.0438854452 0.0759200343
70.0426769063 1.3615590550 0.0164602070 0.0826003436 0.0041976316 0.0774909837 0.0323758173 0.0174614363 0.0129844387 0.0834304095 0.0083394663 0.0268923037
2.1059066374 42.1638982635 0.0210976900 0.0272577654 0.0142770841 0.1174487486 0.0309736604 0.0031505548 0.0094892015 0.0444643589 0.0408218370 0.0759200343
5.9803481779 98.1194540880 0.0075899198 0.0986629998 0.0111033473 0.0349812210 0.0000633870 0.0175539244 0.0091481097 0.0241199622 0.0229084070 0.0106290193
33.3902562130 86.7865825116 0.0195067773 0.0451041708 0.0009823647 0.0106799237 0.0286196697 0.0230282146 0.0623382988 0.0131183168 0.0013285577 0.0619546106
92.2049673254 3.1514375524 0.0525780732 0.0009144903 0.0018201155 0.0785804285 0.0245830813 0.0413135588 0.0115907554 0.0087995163 1.0371620609 0.0268923037
35.0023256788 36.9113434898 0.0622070339 0.0300873511 0.0114822936 0.0999875574 0.0253267316 0.0512563385 0.0100554605 0.0459320134 0.0292041856 0.0381011534
0.0050553318 51.6083880761 0.0077593932 0.0796150523 0.0021909532 0.0364756556 0.0062597523 0.0031432644 0.0098599516 0.0284952976 0.0372684920 0.0150695680
9.7696161977 94.1861388174 0.0160769648 0.0920060911 0.0096861201 0.0191043399 0.0061901531 0.0402222712 0.0476352785 0.0089994995 0.0466583536 0.0039406970
66.1971170738 56.9212354790 0.0183924987 0.0819825020 0.0003607652 0.0103645858 0.0129324817 0.0235923339 0.0098813021 0.0987308099 0.0331226885 0.0000383619
5.6363553760 14.7211392373 0.0238636969 0.0860484417 0.0094556553 0.0052443529 0.0237026844 0.0325027986 0.0795710863 0.0245310608 0.0401245427 0.0206028452
