-0.4589891873 -0.4335414662 -0.4491712608 -0.4603301633 -0.4394689093
0.4404356176 0.4227918204 0.4429897909 0.3808440870 0.4486289125
-0.0527805567 -0.1168195105 -0.0471027210 -0.0647862584 -0.0648835733
0.2156191065 0.2063526746 0.1371171748 0.1957023797 0.2504882901
-0.2979988182 -0.4079289092 -0.3504277783 -0.4376253234 -0.4352350438
0.3917125220 0.3176766391 0.2263114562 0.3052397524 0.2530448070
0.1175869590 0.1509148646 0.1426874460 0.1579037453 0.0842664336
-0.3129097876 -0.2872572238 -0.2973315787 -0.2882041308 -0.3658328692
0.0374335144 0.0062836415 -0.0168940549 0.0675043557 -0.0947527207
0.2603493568 0.1967003553 0.1897414019 0.3087572295 0.2157425200
-0.4601036502 -0.4470774050 -0.3213475338 -0.4381834268 -0.4595209519
0.2584140224 0.3176766391 0.2263114562 0.3052397524 0.2132366577
0.2889159213 0.3569556365 0.3265553359 0.2985772699 0.3500230163
0.2673184236 0.2171907060 0.3212990154 0.1620448651 0.3077234065
-0.0910804267 -0.1229706443 -0.1236089692 -0.1704178704 -0.0705067193
0.2778450635 0.4244226254 0.4429897909 0.3639566833 0.4475641694
-0.2060348225 -0.2502320027 -0.2510045668 -0.2674532872 -0.1552529938
0.0303876770 -0.0602409560 0.0328634765 -0.0535668852 -0.0493434740
0.0321812618 0.0193318362 -0.0447550873 -0.0391696726 -0.0100414297
0.3917125220 0.3176766391 0.2263114562 0.3052397524 0.1987830674
0.2673184236 0.2171907060 0.2731646594 0.1620448651 0.3077234065
0.2224369730 0.2047927576 0.1975916954 0.1864297909 0.2452861697
0.1395128857 0.1419582578 0.1194809278 0.1625796569 0.1212009782
0.0658796516 -0.0293644755 0.0299430809 0.0533794677 0.0283245631
0.1353443322 0.1750390771 0.1810927003 0.1674609408 0.1409874912
0.1395128857 0.1381443139 0.1189518679 0.0860624662 0.1212009782
-0.2220733073 -0.1148974210 -0.1537079386 -0.1709782985 -0.2029411444
-0.0050753703 0.0204609544 0.0780530059 0.1445001112 0.0658774157
-0.2157969234 -0.2388099595 -0.1645258073 -0.1779391031 -0.1858382656
0.4352025422 0.4227918204 0.3675062122 0.4196099725 0.4068332551
-0.3515777170 -0.3215029954 -0.2535530513 -0.2871011396 -0.2438990656
-0.1411058089 -0.0850944518 -0.0990539512 -0.1127788133 -0.0709398158
0.1377228385 0.2039820607 0.2138215690 0.1777203717 0.1984304977
-0.2770272298 -0.2328107075 -0.1739384251 -0.1617275434 -0.2106829750
-0.3822912631 -0.3177779452 -0.2535530513 -0.2939409217 -0.2556474559
-0.2811494109 -0.3646845784 -0.3853524117 -0.4599115369 -0.3241732559
0.1155297110 0.1408881071 0.0841409326 0.1033719493 0.0726538389
0.2584140224 0.3111233041 0.2263114562 0.3126409098 0.2530448070
-0.1865690873 -0.2388099595 -0.1511364702 -0.1779391031 -0.1531525395
0.1155297110 0.0843882590 0.0841017335 0.1033719493 0.0726538389
-0.0828264518 -0.0850944518 -0.1111048901 -0.1104010435 -0.0709398158
-0.1538601179 -0.1148974210 -0.1537079386 -0.1709782985 -0.2029411444
-0.0229354613 -0.0720352800 -0.0665504055 -0.0532638455 -0.0118995309
0.2611833936 0.3668338142 0.4113569277 0.2977406648 0.2401769898
0.0480129373 -0.0007553076 -0.0168940549 0.0675043557 -0.0316080226
0.1395128857 0.1419582578 0.2360654175 0.1625289026 0.1956713660
0.1377228385 0.2039820607 0.2138215690 0.1777203717 0.1984304977
0.2778450635 0.4244226254 0.4391660340 0.3258581019 0.4088407752
0.0216048193 0.1658436610 0.0501993361 0.0526085798 0.0906013024
-0.2811494109 -0.3646845784 -0.3372180579 -0.4599115369 -0.3241732559
-0.3515777170 -0.2471460254 -0.2535530513 -0.2871011396 -0.1509093398
-0.2157969234 -0.2388099595 -0.1645258073 -0.1779391031 -0.1531525395
-0.0247028309 -0.0602409560 -0.0668116728 -0.0899093970 -0.0412099845
-0.0191107508 -0.0602409560 0.0328634765 -0.0535668852 -0.0437688042
0.2836890192 0.3668338142 0.3904883149 0.2977406648 0.3512387750
0.1701216123 0.1473329004 0.0775239459 0.0742534685 0.1204312262
0.1395128857 0.1419582578 0.2360654175 0.1625289026 0.0909332500
0.0216048193 0.1467030046 0.0501993361 0.0735327718 0.1183965134
-0.1447577452 -0.1193963700 -0.1248450332 -0.2341610730 -0.0767408674
-0.1530451710 -0.0801216028 -0.1649647741 -0.1540914461 -0.1804277640
-0.0822297736 -0.1639806440 -0.0652383595 -0.1693106331 -0.1820470848
-0.2501967200 -0.2485992151 -0.2591733682 -0.3147195262 -0.2323227377
0.0065569086 -0.0742464097 -0.0899153327 -0.0503623456 0.0033212005
-0.1411058089 -0.0850944518 -0.0990539512 -0.1127788133 -0.1827925781
-0.1951535895 -0.2225344468 -0.2547830752 -0.2730604999 -0.2342589015
0.0382210557 -0.0721030461 -0.0919347741 -0.0625498278 0.0034113503
0.0216048193 0.1658436610 0.0366882134 0.0618945621 0.0752904211
-0.0247028309 -0.0602409560 -0.0668116728 -0.0899093970 -0.0412099845
0.0673300547 0.1318064900 0.0666033712 -0.0289699810 0.1027750558
0.2673184236 0.2171907060 0.2295502269 0.1620448651 0.2436908370
-0.1530451710 -0.1185307238 -0.1649647741 -0.1540914461 -0.1804277640
0.0368301538 0.0193318362 -0.0406508719 -0.0135856604 0.0286819642
-0.0050753703 0.0166470105 0.0775239459 0.0679829204 0.0658774157
0.0366518156 -0.0293644755 0.0165537437 0.0533794677 0.0283245631
0.1175869590 0.1509148646 0.1396213617 0.1579037453 0.1826795552
-0.1138427859 -0.0602409560 -0.0668116728 -0.1105944597 -0.0412099845
0.1701216123 0.1664735568 0.0775239459 0.0533292766 0.0926360152
-0.0559770959 -0.1198951122 -0.0656926722 -0.0647862584 -0.0645353296
-0.0050753703 0.0133234931 -0.0473706150 -0.0639624842 -0.0595435926
-0.2770272298 -0.2902248945 -0.1791066149 -0.2867748727 -0.2106829750
0.2673184236 0.2171907060 0.2295502269 0.1620448651 0.2436908370
-0.3397518521 -0.2877054477 -0.3434611133 -0.2870266649 -0.4007027557
0.0786250252 -0.0882983946 -0.0472771613 0.0352219172 -0.0435660860
-0.0248888035 -0.1596355571 -0.0679682356 -0.0908781919 -0.0829578519
-0.3515777170 -0.2471460254 -0.2535530513 -0.2871011396 -0.2556474559
0.0786605982 0.1419582578 0.0600126514 0.1651113978 0.1039100015
0.0321812618 0.0193318362 -0.0406508719 -0.0006557593 0.0286819642
0.0673300547 0.1432851860 0.0650968272 0.0526085798 0.1027750558
0.0786250252 -0.0916694985 -0.0472771613 0.0352219172 -0.0550854627
-0.2157969234 -0.2388099595 -0.1645258073 -0.1779391031 -0.1315765261
-0.1548109603 -0.1203363052 -0.1020104018 -0.1709782985 -0.0753491489
-0.1411058089 -0.1235035728 -0.0990539512 -0.1127788133 -0.0709398158
-0.1963491973 -0.1229706443 -0.1248450332 -0.1704178704 -0.1080720399
0.1155297110 0.0862025691 0.0836477504 0.1064902824 -0.0689827593
0.1395128857 0.1419582578 0.2360654175 0.1625289026 0.1956713660
0.2250100060 0.1683116199 0.0786000308 0.1592414355 0.2123896763
-0.2240918174 -0.2472668346 -0.2505979570 -0.2871011396 -0.1495861037
0.0296685142 0.1094864270 0.0801929527 0.0341585494 0.0025957383
-0.1130935980 -0.1172530065 -0.1268644746 -0.2463485552 -0.0766507176
0.2290854819 0.1419582578 0.0721472688 0.1845078174 0.1039100015
