0.3750197357 0.4387850436 0.4585967268 0.4065631611 0.4170762510
-0.4271815977 -0.4394927146 -0.4387827679 -0.4148203492 -0.4391111762
0.1121098531 0.1246125917 0.2337218993 0.1639111814 0.1581820393
0.2607790876 0.3141782668 0.3076834581 0.2864324065 0.2458486121
-0.1144837562 -0.1324161233 -0.0936449335 -0.0891185473 -0.0250644282
0.3319517712 0.4910200850 0.3999389825 0.3100710614 0.3624732484
-0.0958562073 -0.1454110452 -0.0556215067 -0.1777201705 -0.1326995281
0.2155417879 0.1176384755 0.1989890198 0.1373203915 0.1765580595
0.2528679145 0.2331673717 0.3076834581 0.2864324065 0.2461846094
0.0294010979 0.0313202726 0.0446634601 0.0426508715 -0.0164572476
0.1669921982 0.2498170866 0.1731798446 0.1642940056 0.2435300575
0.1654038838 0.1027707327 0.1538748032 0.0306532426 0.0629944412
-0.2795796868 -0.4512851786 -0.3450329138 -0.3818489182 -0.3706774298
0.1575818754 0.0841987471 0.2166596982 0.1852605253 0.0948793338
-0.0925971350 -0.1433860629 -0.0184187488 -0.0776497049 -0.1744254043
-0.1105089940 -0.1115448210 -0.1241042726 -0.2297202411 -0.0957146106
-0.2514708836 -0.1649582886 -0.2489676346 -0.2318658843 -0.2053277674
-0.3740639347 -0.4512851786 -0.3450329138 -0.3818489182 -0.3645271449
0.3315211227 0.2237770716 0.2334320772 0.1757851907 0.2429559050
-0.2518717256 -0.3214102108 -0.3267508564 -0.3768427148 -0.2384684911
0.3739137917 0.3610183691 0.4583388996 0.3778133003 0.4112552177
0.0294010979 0.0258946444 0.0274681380 0.0455631152 0.0470065158
0.1654038838 0.1027707327 0.1538748032 0.1757090234 0.0629944412
0.1670526857 0.1127534627 0.0744304589 0.0585461127 0.0563417369
0.1592539882 0.2237770716 0.2334320772 0.1754144388 0.2412877501
0.3265987042 0.3125479917 0.3073158567 0.2824630583 0.3193636462
0.3568121928 0.2307037469 0.3520405754 0.3524768339 0.3342996582
0.1140798654 0.1091233382 0.0467192896 -0.0142618762 0.0538768044
-0.0577247273 -0.0520905563 -0.0704616864 -0.0535774498 -0.0642068819
0.1140798654 0.1091233382 0.0497980613 0.0224173874 0.0538768044
-0.2776011276 -0.3173835727 -0.3267508564 -0.2366665871 -0.3020895781
-0.1187829517 -0.0972442577 -0.1140229186 -0.2286130247 -0.1883549920
0.1604214646 0.1091233382 0.0467192896 0.0438801573 0.0425163707
-0.1990933090 -0.1712027317 -0.2589844234 -0.1483756788 -0.1621536899
0.0256643428 -0.0029962622 -0.0237124851 0.0793590399 -0.0264299032
0.1693239719 0.2270282435 0.1989890198 0.1662870274 0.1768469954
-0.0370685978 -0.0501279838 -0.0026248102 -0.0690114022 0.1151929482
-0.1960611069 -0.1645444614 -0.1704898403 -0.1721197522 -0.1326025164
-0.1600963504 -0.1115448210 -0.1240491617 -0.2297202411 -0.1751639459
-0.1990933090 -0.1022161970 -0.2589844234 -0.1483756788 -0.1942050930
-0.2462231959 -0.1330255284 -0.2489676346 -0.2149628014 -0.2053277674
-0.0587712168 -0.0464818756 -0.0981728557 -0.0606093049 -0.0636987047
-0.1078232356 -0.1456626240 -0.0638907882 -0.0776497049 -0.1326995281
0.0197070975 -0.0149310142 0.0133890550 -0.0348106818 0.0392473065
0.0249277181 -0.0515946485 -0.0237124851 -0.0910273341 -0.0683676343
0.3647233659 0.3117146420 0.3520405754 0.3524768339 0.3339636610
-0.2776011276 -0.3214102108 -0.3267508564 -0.3557932640 -0.3009208330
0.3491720260 0.3054840240 0.3520405754 0.3344804732 0.3339636610
-0.2887463145 -0.3220999306 -0.3572710789 -0.3764391755 -0.3494245899
-0.2382396613 -0.1737583144 -0.2584782513 -0.2423472996 -0.2818475966
0.0294010979 0.0258946444 0.0483050470 0.0464023625 0.0470065158
0.0371159732 -0.0570287510 0.0489693988 -0.0535774498 -0.0670679836
0.1140798654 0.1091233382 0.0467192896 0.0438801573 0.0538768044
0.0237832783 0.1023827283 0.0044483008 0.1068726225 0.0451168509
0.0256643428 -0.0515946485 -0.0237124851 -0.0910273341 -0.0264299032
-0.0399097105 -0.0200223258 -0.0443092112 0.0357682499 -0.0018615459
0.1543731899 0.2270282435 0.1989890198 0.1662870274 0.1768469954
0.1674313908 0.2464551104 0.3098609895 0.2691036545 0.3193636462
-0.1960611069 -0.1645444614 -0.1704898403 -0.1721197522 -0.1631748870
0.0310266728 0.1023827283 0.0127175823 0.0464023625 0.0451168509
-0.1099246809 -0.0621841079 -0.0419999536 -0.0785218194 -0.1194977541
0.1682453985 0.1619478565 0.3034742536 0.2510395159 0.2172604387
-0.0650647775 -0.0477954613 -0.0652473752 0.0426508715 0.0016577332
-0.1187829517 -0.0972442577 -0.1140229186 -0.1695127989 -0.1939215397
0.1140798654 0.1091233382 0.0641452804 0.0847703661 0.0538768044
0.2164636933 0.2237770716 0.2299554511 0.1757851907 0.2233858131
0.2211977270 0.1640171390 0.2943050639 0.2510395159 0.2172604387
-0.2776011276 -0.3214102108 -0.3267508564 -0.3557932640 -0.3009208330
-0.1187829517 -0.1662307923 -0.1140229186 -0.1695127989 -0.1618701366
0.1872705449 0.0841987471 0.0475671798 0.1852605253 0.1026836320
-0.0573654611 -0.0499075402 -0.1235821616 -0.0719448911 -0.0642068819
-0.2765486787 -0.1944432857 -0.2236563700 -0.2407263267 -0.2979437279
0.2528679145 0.2167938808 0.3010741371 0.2445044625 0.2200744747
0.1653131119 0.1415463923 0.0459746400 0.1383214566 0.0563417369
-0.0650647775 -0.0524798663 -0.0443092112 0.0426508715 -0.0018615459
-0.0650647775 -0.0524905385 -0.0090543805 -0.0529692025 -0.0018615459
0.1669921982 0.2429677362 0.1731798446 0.0521382948 0.0712357808
-0.2382396613 -0.1737583144 -0.2584782513 -0.1832470738 -0.2874141443
-0.2765486787 -0.1944432857 -0.2480891119 -0.2525548513 -0.1887310831
-0.2760125371 -0.3175821278 -0.2791950833 -0.2716680526 -0.2456425229
0.1668559472 0.1240086619 0.0368912244 0.1746295772 0.0725947025
0.3271415540 0.2464551104 0.3098609895 0.2824630583 0.3193636462
-0.0492068234 -0.0501279838 -0.0026248102 -0.0690114022 -0.0642068819
-0.1030996018 -0.1454110452 -0.0638907882 -0.1137463336 -0.1326995281
0.1653131119 0.1415463923 0.0433470452 0.0438920223 0.0563417369
0.2526087715 0.2237770716 0.2374046977 0.1757851907 0.2429559050
0.1683294753 0.1266221150 0.0344213039 0.1370721212 0.1581820393
0.2155417879 0.1262580453 0.1989890198 0.1662870274 0.1765580595
-0.0573654611 -0.0545919453 -0.1026439976 -0.0719448911 -0.0677261610
-0.2974581604 -0.3358972390 -0.2362582440 -0.1840627965 -0.2694559121
0.3265987042 0.3125479917 0.2898898659 0.2415728495 0.3193636462
-0.1099246809 -0.0530468343 -0.0308837349 -0.0780202133 -0.1286706185
0.0310266728 0.0913549807 0.0127175823 0.0464023625 0.0451168509
-0.1616844999 -0.0981253198 -0.1713288145 -0.2007511758 -0.1736938871
-0.2760125371 -0.1794992522 -0.2791950833 -0.2423472996 -0.3136352187
-0.2887463145 -0.3220999306 -0.3572710789 -0.3764391755 -0.3555756080
0.0137199930 -0.0226668218 0.0035355060 -0.0297653949 0.0213991895
-0.2765486787 -0.1944432857 -0.2468084278 -0.2407263267 -0.2979437279
-0.2462231959 -0.1219977808 -0.2489676346 -0.2149628014 -0.2053277674
0.1865650266 0.1262580453 0.2001372839 0.1735045311 0.1914956217
