-14.4347610606 -11.6272735370
-19.9973682442 0.0049620512
-19.0844097694 0.0038030549
-17.9402478306 -3.8757448683
-19.9973682442 0.0049620512
-17.0447332023 -3.8794786423
-18.4644696700 -1.8160054105
-15.6350038127 -7.7519881090
-18.4247502446 -2.0599799314
-18.6383937211 -1.1181087203
-18.9056770958 -0.3205157894
-16.8338041527 -4.3583461488
-18.1308908314 -3.4449972113
-18.5306021686 -1.4649454678
-15.4725085188 -8.2705113281
-16.1999559338 -7.1127096411
-18.7253522310 -0.8218957764
-15.8818546800 -7.7515159517
-16.0533581744 -7.5404317465
-18.5812545189 -1.3575069603
-18.2949024996 -2.6968982748
-18.7793786702 -0.6518325773
-16.2322995135 -6.8304900024
-18.1929474381 -3.1820660475
-16.4486177613 -6.0748544669
-16.7208351784 -4.7201735858
-14.8397819546 -10.8083920704
-16.6302021246 -5.1837669033
-16.5810324882 -5.4353268489
-17.0102242036 -3.9056881423
-18.8239526234 -0.5241316211
-14.9619306514 -10.3522426669
-16.3096212913 -6.6943799392
-19.0270362394 -0.0547599188
-18.2590266536 -2.8720113196
-16.6743152922 -4.9736445093
-16.3425435750 -6.5484590562
-16.4851887115 -5.8987480079
-16.5458172010 -5.6088407852
-14.7318706351 -11.0759470785
-14.9946088066 -10.2350640264
-15.2922806781 -8.9809370636
-18.0653240454 -3.6733276644
-14.6986026130 -11.1054074654
-18.9485472958 -0.2174403488
-14.8879956128 -10.6308107657
-18.9853555527 -0.1561748214
-15.5713911996 -7.9407119653
-15.5383464899 -8.0461552377
-15.3201916334 -8.7321954620
-16.4976772651 -5.8238854970
-16.5310954144 -5.6783531167
-15.1494561123 -9.5300128095
-16.7356714711 -4.6858042881
-15.2146913983 -9.2515206007
-15.0373933132 -10.0463444245
-16.3898611906 -6.3438952029
-14.7927931884 -10.9579675376
-16.2415979603 -6.7550206827
-16.9457674245 -4.0648913661
-15.9546513441 -7.6868037571
-18.3603417265 -2.3737647821
-16.9028015300 -4.1579713747
-14.6624017522 -11.2902639845
-18.1016682802 -3.5521155946
-16.6576219645 -5.0228712734
-15.1879995128 -9.4205008529
-14.9203554527 -10.5102335024
-15.3684812088 -8.6387740391
-16.7751490020 -4.5216020302
-18.2423858827 -2.9520994927
-18.0068641374 -3.8141787112
-15.2438744856 -9.1593191591
-15.9546513441 -7.6868037571
-14.6647993779 -11.2725405143
-15.1045115131 -9.7087883481
-18.3314351931 -2.5161615967
-15.0430148527 -10.0273881576
-16.7863443239 -4.4776460976
-15.3201323441 -8.8549557807
-15.4163492839 -8.4769449510
-15.1290092617 -9.6751536532
-16.4228196658 -6.1956177610
-18.6811217036 -0.9733764968
-18.3815393463 -2.2676830381
-16.9028015300 -4.1579713747
-18.6811217036 -0.9733764968
-16.1677657220 -7.2298966011
-15.0717797116 -9.8678997763
-16.1186986260 -7.3265287791
-18.8239526234 -0.5241316211
-15.0717797116 -9.8678997763
-14.4353965032 -11.6272536850
-14.5259539942 -11.5551948331
-16.4013867676 -6.2180996057
-15.8848029799 -7.7510715535
-16.3342861502 -6.5814370307
-18.5572760630 -1.4577263272
-14.5954234259 -11.4174542987
-18.2179616859 -3.0673216623
