0.6312779063 1.0240185730 1.2059582158
0.8025702263 0.1474822448 1.1818271945
0.9566294343 0.6117936438 1.0886266930
0.7699840735 1.0816983667 1.1046785427
0.7005138491 0.9422559723 1.1320007779
0.7863019696 0.1652185381 1.1027924359
0.6114204515 0.5115152542 1.2827379867
0.6196162087 0.3739943929 1.3915632243
0.7257032473 0.4967261070 1.1217359644
1.5442870370 0.7493866845 0.6245182334
0.8337008696 0.7314450225 1.0845997777
0.6211674367 1.6879401735 1.2335750150
1.6234024776 0.5989581558 0.6109585133
1.2094209950 0.6918314597 0.6360344443
1.3628036924 0.9130417253 0.6241388909
1.9776615785 0.4411707211 0.6218493550
1.3685191297 0.8532335780 0.6098855233
0.8166591348 0.1447492682 1.1875973613
0.6462933538 0.9424636360 1.1332489408
1.7963270850 0.8530805762 0.6092107534
1.2572232767 1.3863515685 0.6316048873
1.3163915687 0.7237436652 0.6269231230
1.8502197407 0.6905322525 0.6100738893
1.1905345132 0.7151183972 0.6513865203
0.6474552341 0.4835880025 1.1471443971
0.6511093611 0.3923395299 1.2182232861
0.9585200077 0.2556153199 1.0958169534
0.6853576908 0.1887717936 1.3249847227
0.7994281901 0.9409968446 1.0874413997
1.2747718863 0.6870066035 0.6672399706
1.3055693198 0.7045493292 0.6354058881
0.6151678653 0.4367640108 1.4238127336
0.7881304647 0.1508392677 3.1952120926
0.7392759216 0.5867181642 1.1064755357
0.6598232598 0.1968598029 1.1386136371
0.6440134106 0.3498543395 1.2413669354
1.7721416366 0.4225175699 0.6233304267
0.6306454155 1.2433090323 1.1918500886
1.1589532042 1.0462969067 0.6335251280
0.6536278854 0.2866143565 1.2907073937
1.7705174046 1.0354635621 0.6094905748
0.6511093611 0.3923395299 1.2182232861
0.6196644414 0.3343245875 1.2914050787
0.6233308838 0.4253481952 1.2216637414
2.0375705698 0.4498535424 0.6109556421
0.6450724073 0.3113020854 1.2405241544
0.7005138491 0.9422559723 1.1320007779
1.4023061965 0.6336948899 0.6539371954
1.1874538004 0.6214866831 0.7174291432
0.9165395082 0.6838205024 1.1025273051
0.9565479339 0.2471555860 1.1006543003
0.6474552341 0.4835880025 1.1471443971
0.6170587743 0.5478285669 1.2553022384
0.6490723477 0.3017694305 1.3100794362
0.6360362642 0.4235017897 1.2904121221
0.7113616490 0.8994856689 1.1356370534
0.9224284002 0.6009685297 1.1021043168
1.2090702247 0.7083617392 0.6399236011
0.6193711063 0.3183984234 1.5004829859
0.6138212856 0.4459702030 1.4840156963
0.6436209850 0.9997402878 1.1412649511
0.6440134106 0.3498543395 1.2413669354
1.5866530558 0.6377421965 0.6237556836
0.7994281901 0.9409968446 1.0874413997
1.7705174046 1.0354635621 0.6094905748
1.4023061965 0.6336948899 0.6539371954
1.3456553756 1.0492425512 0.6105852058
1.8877716952 0.4285489348 0.6224497530
1.1628583556 0.5600500964 0.7179233357
0.7113616490 0.8994856689 1.1356370534
1.3210569994 0.6728849185 0.6477135961
0.6306454155 1.2433090323 1.1918500886
1.1300344821 1.0503746258 0.6388603230
0.9585200077 0.2556153199 1.0958169534
0.6128750405 1.2274924081 1.2813046376
0.7725663746 1.3550544756 1.0805251537
0.7568534541 0.1734751269 1.6511302762
0.6114198747 0.4448058854 1.5350279954
2.0432139599 0.6200950165 0.6094071818
2.0389553604 0.5844628478 0.6097044637
0.7755353821 0.1525604227 1.2092899946
0.8166591348 0.1447492682 1.1875973613
0.6334785854 0.6327382980 1.2146542053
0.6404802851 0.5574302035 1.1574439037
1.6514581670 0.4768224913 0.6243467466
0.6598232598 0.1968598029 1.1386136371
0.6655355893 0.1860101280 1.7132489979
0.6326794813 0.3271674889 1.3808266292
1.7436818466 0.5892559550 0.6169995625
1.6654927859 0.5119174871 0.6184423123
1.3686896546 0.8417880947 0.6170351887
0.6273677890 1.1291464015 1.2036109943
1.4813909214 0.3259661212 0.6255580596
1.5492436488 0.7021498774 0.6121547067
1.1300344821 1.0503746258 0.6388603230
2.0852589804 0.1460365100 1.3810989121
0.6120563386 1.2226513806 1.9150879068
1.9904389632 0.9069238967 0.6093825377
1.2726779424 0.7053818908 0.6987309480
0.6123209596 1.2409273902 1.2851133004
