1.0299335025 0.0176252184
0.0004966150 0.9959514089
0.7119671274 0.1957501779
1.0152195826 0.0518380278
0.6426661561 0.3165740030
0.6688125229 0.2521086556
0.2365130115 0.5388868320
0.5743238841 0.3337766592
0.2168209044 0.5559056295
0.5108219978 0.3600007987
0.5312643436 0.3422553354
0.6036256178 0.3312883946
0.4240340036 0.4019858924
0.4765789558 0.3907372646
0.2049742248 0.5740506738
0.1525625372 0.6229191024
0.3721201848 0.4199244595
0.1412476040 0.6402040973
0.5527540695 0.3378819249
0.3883289296 0.4076567796
0.1129236045 0.6764156749
0.5027248664 0.3663971162
0.1232312013 0.6580503415
0.0013286225 0.9755334140
0.6750542257 0.2128976782
0.1856489970 0.5855909075
0.1602534010 0.6158356929
0.0380781580 0.8126684954
0.2897468139 0.5014752639
0.0565631279 0.7696763306
0.4572574917 0.4008962930
0.2932921461 0.4861608941
0.0044253292 0.9405033169
0.0062036148 0.9333172989
1.0184919888 0.0338194181
0.0173086500 0.8806040370
0.6927646465 0.2039451165
0.2121957781 0.5673690716
0.4574347375 0.3934819880
0.4142500396 0.4046385951
0.0696433724 0.7449572758
0.0758136851 0.7342877045
0.0447712486 0.7959685256
0.4001085637 0.4075546202
0.3591653896 0.4309163726
1.0199720085 0.0199205078
0.3437733536 0.4548459518
0.0298277645 0.8379250555
0.7072466065 0.2007274309
0.0139091136 0.8942294842
0.6262682535 0.3189998729
0.3294766879 0.4710586284
0.1744902493 0.5917434452
0.4997905124 0.3891645973
0.1331231125 0.6446410209
0.6807254906 0.2057858732
0.0650411297 0.7615241841
0.0539178472 0.7838129303
0.2459777015 0.5248623283
0.5407710543 0.3410926747
0.2736779903 0.5086354174
0.0795585246 0.7265773643
0.0347901261 0.8194537965
0.2589841632 0.5212505685
0.3679772290 0.4293807151
0.5019762921 0.3887458833
0.0026598778 0.9618290052
0.1666748743 0.6022096138
0.1305144918 0.6559967022
0.2821988786 0.5085337968
0.6690206365 0.2486099487
0.0084353142 0.9131321395
0.6704620612 0.2312692846
0.1080810801 0.6813715281
0.0271044010 0.8540233507
1.0181723012 0.0490941634
0.3319470942 0.4638290623
0.0651232387 0.7521684968
0.3532113505 0.4455205476
0.3557707362 0.4453772623
0.1031019538 0.6887655609
0.3385108832 0.4585970024
0.0244064416 0.8542897448
0.1019498250 0.6957936587
0.0964376796 0.7022701875
0.6704620612 0.2312692846
0.3097647742 0.4834096923
0.6106905296 0.3236359302
0.0084353142 0.9131321395
0.3058062914 0.4847718045
0.6321843071 0.3177181648
0.1685429180 0.6008463684
0.0963877705 0.7103050026
0.0842507755 0.7179031257
0.0139671790 0.8920324521
0.0203836094 0.8676102648
0.1814360344 0.5868885682
0.2629087437 0.5149974865
0.0518931858 0.7903505075
0.3193542408 0.4780914799
