0.6182783100 0.4449253481
0.7991073008 0.3291329953
0.5787802495 0.4678971382
0.4193104996 0.7117622712
0.6464336719 0.4378667300
0.5410644974 0.5840112563
0.5410644974 0.5840112563
0.6596638037 0.4224198200
0.7924454113 0.3786647274
0.4205367581 0.6730332905
0.7606265382 0.3979860852
0.4576670452 0.5995444839
0.7991073008 0.3291329953
0.8193938165 0.3173683296
0.5924955808 0.4472026099
0.7913436126 0.3805231282
0.5410644974 0.5840112563
0.6552725237 0.4309003223
0.4488882815 0.6057456790
0.6480920994 0.4339853611
0.5410644974 0.5840112563
0.8277008147 0.3009757845
0.6182783100 0.4449253481
0.4188334010 0.7119751924
0.8771531449 0.2996279332
0.8760924041 0.2996925584
0.7924454113 0.3786647274
0.8765215456 0.2996813486
0.8766070291 0.2996396791
0.4188334010 0.7119751924
0.7924454113 0.3786647274
0.7810312808 0.3853660925
0.8760924041 0.2996925584
0.8760924041 0.2996925584
0.8771531449 0.2996279332
0.7913436126 0.3805231282
0.4188334010 0.7119751924
0.7810312808 0.3853660925
0.8791686988 0.2993794719
0.4405534940 0.6487690215
0.4188334010 0.7119751924
0.7913436126 0.3805231282
0.7810312808 0.3853660925
0.4488882815 0.6057456790
0.7866582890 0.3853008552
0.4483422605 0.6205969306
0.4455499670 0.6392545422
0.8760992696 0.2996906781
0.8760924041 0.2996925584
0.8791686988 0.2993794719
0.7734417672 0.3976640715
0.4205367581 0.6730332905
0.4188334010 0.7119751924
0.6516476582 0.4310374564
0.5410644974 0.5840112563
0.7925225743 0.3748294775
0.7810312808 0.3853660925
0.4188334010 0.7119751924
0.4196503228 0.7117622386
0.5670008705 0.4816516220
0.7924454113 0.3786647274
0.8791686988 0.2993794719
0.6596638037 0.4224198200
0.4191209256 0.7119784600
0.8791697578 0.2993795596
0.5804704589 0.4737535992
0.5653856770 0.5960108237
0.7736310617 0.3976745406
0.6890701226 0.4244084917
0.8238625119 0.3189778571
0.4770074977 0.6027170588
0.5646467099 0.5984262674
0.8040891761 0.3753786048
0.4248880136 0.6778962121
0.6516476582 0.4412927673
0.6216091021 0.4540772907
0.4490946032 0.6498355210
0.4611851775 0.6055510530
0.4220118156 0.6969122545
0.6675798600 0.4244217910
0.6075413168 0.4540990826
0.8458590952 0.3166822683
0.4508771265 0.6303534126
0.4508771265 0.6303534126
0.5970466907 0.4643129148
0.8562435384 0.3071207474
0.7925741076 0.3790684969
0.4495605812 0.6493116984
0.6890701226 0.4244084917
0.5963685836 0.4691841363
0.7826819801 0.3939846017
0.4202815920 0.7119385281
0.7920156378 0.3854668304
0.8671792645 0.3067609496
0.8040891761 0.3753786048
0.7832371496 0.3879557975
0.6554868347 0.4315537595
0.8518713062 0.3142070793
0.4664870115 0.6049252546
0.8768663005 0.3009664452
