0.0337481894 1.0517742786
1.0428134499 0.0371406190
0.1861553908 1.0352308289
0.0550012780 1.0366227167
0.3366199357 0.9637461085
0.2998790788 0.9945343221
0.5031330338 0.8703165411
0.8370793552 0.4995052153
0.7898696104 0.5140838162
0.4339372309 0.9091845170
0.2186244232 1.0160699191
0.4817464465 0.8870787352
0.8442570876 0.4502231897
0.9286869995 0.3127507652
0.6176898698 0.7527536677
1.0079563631 0.1100774267
0.8494008214 0.4171437582
0.1885508949 1.0192116983
0.5397242825 0.8193284353
0.9860642266 0.2028407136
0.5757644647 0.7753090098
0.7047248813 0.5893978970
0.2562456296 1.0090970968
0.7724832755 0.5563109107
0.9969071573 0.1423486064
1.0203157106 0.0945594626
0.9335887866 0.2713805120
0.8731708559 0.3625042348
0.9889048979 0.1810825441
0.6926168622 0.6098530453
0.7834834763 0.5404775501
0.6533765754 0.7153013909
0.6804825496 0.6259896938
0.8644390367 0.3912352697
0.9121401649 0.3198921561
0.6665164500 0.6666479952
1.0236365798 0.0606796119
0.6658767889 0.6789244104
0.9084882040 0.3345786477
0.4691396925 0.8921633996
0.8375808912 0.4728898157
0.3786183131 0.9272248259
0.5454360943 0.7965418267
0.3625087176 0.9435999960
0.7392302384 0.5717701288
0.5613097527 0.7812903885
0.7243017008 0.5767697150
0.6011859977 0.7671714155
0.8709228418 0.3682776366
1.0204906283 0.0766562460
0.8820837065 0.3347228181
0.6231626248 0.7217314029
0.9702787883 0.2094573018
0.6601882681 0.7010249445
0.9289502436 0.2820873439
0.2803036434 1.0055710085
0.9534584606 0.2460040511
0.5174315408 0.8419465989
0.6712015317 0.6428884796
0.3428312492 0.9487594610
0.7898696104 0.5140838162
0.3685421690 0.9360549133
0.7122211988 0.5827253118
0.9578380619 0.2312747752
0.6039338128 0.7550693991
0.2854429251 1.0033842433
0.7538972461 0.5682010296
0.9534584606 0.2460040511
0.4691396925 0.8921633996
0.8425591455 0.4652816693
0.5100509581 0.8483998740
0.4156020404 0.9173360508
0.6892541649 0.6179434888
0.8501965200 0.4043805143
0.4077945484 0.9184180552
0.8370793552 0.4995052153
0.0432472292 1.0463657693
0.3896326438 0.9184885477
0.7786435348 0.5462751711
0.8826854844 0.3346855169
0.4275469536 0.9096740114
0.6284825963 0.7206846232
0.2375270117 1.0093850274
0.5260172890 0.8284683339
1.0298882425 0.0451730232
0.9903223435 0.1627542519
1.0053201669 0.1317855808
0.2998790788 0.9945343221
0.5244704562 0.8290911187
0.9903223435 0.1627542519
0.9677695737 0.2203364113
0.6712015317 0.6428884796
0.0467268406 1.0378140180
0.8612449778 0.4014100099
0.3396301793 0.9536443536
0.6584722573 0.7073674864
1.0317925257 0.0438715485
0.5454360943 0.7965418267
0.9652688579 0.2260333203
0.5635806066 0.7764608901
