0.8267963163 0.1925266356
1.2706626398 0.1912914714
0.4872990395 0.5297241498
0.4850006890 0.5681653058
0.4848683170 0.5868101605
0.8176704289 0.2079023814
0.4893661685 0.5285889776
0.4852614329 0.5400729348
0.4849545980 0.5747018259
0.4865172130 0.5363520647
0.8213673017 0.1948412969
0.8178337903 0.2070273682
0.4860691573 0.5381752337
0.4850055859 0.5463605951
0.5164442046 0.5281191894
0.4848020499 0.5871133053
0.8886390354 0.1916340675
0.4865172130 0.5363520647
0.8178337903 0.2070273682
0.8205844203 0.1982990385
0.4852835490 0.5395807655
0.4863628418 0.5371064285
0.4865172130 0.5363520647
0.8195971822 0.1989069882
0.8181191615 0.2037713438
0.4852614329 0.5400729348
0.8181682028 0.1996948882
0.8394240074 0.1922383956
0.8218459754 0.1934574574
0.8176704289 0.2079023814
0.8185232130 0.2029360827
1.1134709787 0.1925128591
0.4861296614 0.5382249296
0.4848657919 0.6052341538
0.8177618946 0.2219492290
0.8177618946 0.2219492290
0.8177618946 0.2219492290
0.8177618946 0.2219492290
0.8177522808 0.2315952492
0.8177444058 0.3082078781
0.8177618946 0.2219492290
0.8306966014 0.1935822772
0.8306966014 0.1935822772
0.8258082579 0.1938565711
0.8408078572 0.1928859716
0.4849243319 0.5948653563
1.1134709787 0.1925128591
0.8192560159 0.2005850302
0.8189939641 0.2012471193
0.8182918568 0.2051567872
0.4864040924 0.5371258071
1.2506025151 0.1924641127
1.2506025151 0.1924641127
0.4849243319 0.5948653563
0.4849243319 0.5948653563
0.4849243319 0.5948653563
0.4849621194 0.5885741911
0.4851188875 0.5471531380
0.4851188875 0.5471531380
0.4851020036 0.5786289389
0.4851188875 0.5471531380
0.4861296614 0.5382249296
0.4861296614 0.5382249296
0.8214372027 0.1976798107
1.1134709787 0.1925128591
0.4851098520 0.5751268039
0.8178723456 0.2093765953
0.4849030796 0.5970676255
0.8177618946 0.2219492290
0.4849963607 0.5806754333
0.4894707425 0.5286013207
0.4889514546 0.5302613526
0.4880841467 0.5323780759
0.4875165256 0.5336085329
0.8389615784 0.1934473728
1.1135729774 0.1926221465
0.4848766648 0.8898400283
0.8177475400 0.4051784968
0.5195215824 0.5290165934
0.8494263393 0.1930192712
0.4849083053 0.5974646892
0.4848766648 0.8898400283
0.8177575803 0.2465385749
0.5167459768 0.5290630063
0.4900570328 0.5305126778
0.4852408521 0.5490831015
0.8383073676 0.1940318985
0.8179086889 0.2322048021
0.4851877867 0.5632637321
0.8218235674 0.2037713587
0.8179414263 0.2106715823
0.8298515943 0.1942092863
0.8177609139 0.2453866083
0.8179384611 0.2242301321
0.4851562167 0.5685404990
0.8494263393 0.1930192712
0.8259320308 0.1972083176
0.8185566473 0.2070676595
0.4851480014 0.5765799718
0.4862811023 0.5404933475
