0.4860313579 0.5955289544
0.7996634009 0.2401573384
1.2874008049 0.2298854442
0.7916513017 0.2710792447
0.4540225713 0.6589171733
0.7933949204 0.2619630839
0.8006762538 0.2392533719
0.4877069277 0.5679376938
0.5200270239 0.5630107264
1.1232003008 0.2301209265
0.5152135102 0.5638089487
0.4661077356 0.6037082225
0.5286824531 0.5627241794
0.8245308087 0.2320787977
0.5283573649 0.5628790684
0.4942555567 0.5651169215
0.7994328555 0.2427053857
0.4557951311 0.6055101234
0.8256006649 0.2303392570
0.4556919287 0.6573468378
0.7993991451 0.2512034470
0.4657823591 0.6037337592
0.5162570469 0.5634657893
0.5074523719 0.5646371426
0.8247036445 0.2318685728
0.8049895639 0.2326832391
0.5181260133 0.5634491470
0.5077134660 0.5645374943
0.7970145470 0.2533603941
0.5131402456 0.5639394583
0.8245308087 0.2320787977
0.7916513017 0.2710792447
0.4557951311 0.6055101234
0.8257485668 0.2303417624
0.7960110306 0.2785794315
0.8012652003 0.2399487538
0.4585035942 0.6570985068
0.4558595504 0.6877052929
0.8081479499 0.2335030225
0.5701398993 0.5627905617
0.4620179176 0.6094213144
0.4663103822 0.6058245583
0.7939575547 0.3676976054
0.7978245218 0.2544955396
0.4623222349 0.6070338555
0.5372186802 0.5628589856
0.8084992265 0.2331146117
0.5187509792 0.5637621477
0.5101926679 0.5652152691
0.5101926679 0.5652152691
0.5132231125 0.5650509921
0.5101926679 0.5652152691
0.5203706602 0.5634706703
0.5101926679 0.5652152691
0.4564067407 0.6619154749
0.5101926679 0.5652152691
0.8081479499 0.2335030225
0.8256292534 0.2312119567
0.5132231125 0.5650509921
0.4622363218 0.6070613606
0.4953631074 0.5679522833
0.5360862475 0.5631505719
0.5291513458 0.5632185537
0.5291513458 0.5632185537
0.5360862475 0.5631505719
0.5867087804 0.5627419273
0.5861039038 0.5627787129
0.5216241026 0.5633169853
0.5894081025 0.5627343387
0.8000554041 0.2442423937
0.4565902833 0.6592721231
0.7978245218 0.2544955396
0.4953631074 0.5679522833
0.5215111921 0.5634551689
0.5436803214 0.5628218200
0.4564067407 0.6619154749
0.4906531637 0.5719403491
0.4895600535 0.5908923661
0.4904331095 0.5894616994
0.8033916121 0.2393427351
0.8012071195 0.2414611052
0.8012071195 0.2414611052
1.3547361702 0.2298854442
1.3547361702 0.2298854442
1.2021550347 0.2303602472
0.4566979032 0.6630173592
0.7943370147 0.3693853440
0.5967975012 0.5627491536
0.9695262192 0.2305470415
0.7965712583 0.2825065602
0.8317601163 0.2305891788
0.9672742602 0.2305470440
0.4621950220 0.6235614315
0.5627514979 0.5629961280
0.4569335686 0.6627165428
0.8003653457 0.2454609299
0.7999047181 0.2820400532
0.5162149005 0.5658242167
0.4903608501 0.6050634371
0.8020094095 0.2410986717
