1.0008342319 0.7997384339 0.0003777119
0.2475411524 0.0067601894 0.9832962271
0.0007449893 0.9890199004 1.0064246761
0.7482587505 2.4935926746 0.6659081765
0.7874910578 0.1704868601 0.6345618132
0.1115565565 2.9028819145 0.9955203444
0.9081266741 2.1321969387 0.4248422735
0.7958049279 1.6024219227 0.6233515391
0.9187013805 1.0284044705 0.4007720447
0.5376950781 1.8218908688 0.8448803195
1.0066327434 0.5511653268 0.0159520601
0.9591500281 0.6602296900 0.2869189961
0.4235083195 2.4413295769 0.9076900632
0.3049965342 2.1792823278 0.9530485499
0.2595727219 1.1086495854 0.9702805445
0.7237134315 2.2399073095 0.7094524648
0.4011138961 0.7062700870 0.9197164809
0.8798890160 1.2766076235 0.4867358680
0.8337782257 0.3091318252 0.5593667343
0.6830943208 1.3765598270 0.7330408302
0.8977336983 1.2873378346 0.4457564521
0.7945306958 2.7014526001 0.6115237922
0.9941130087 2.0253628190 0.1148445039
0.9299805089 2.1219774173 0.3831392528
0.5033696629 1.3284844528 0.8798862485
0.7186605969 3.0535848872 0.6972036806
0.7438124180 0.6066068993 0.6752978791
0.3158277587 0.8327718804 0.9508514220
0.9639624574 1.6762041134 0.2709866892
0.5169823286 2.0077072088 0.8589937555
0.2850519592 2.0597236448 0.9619587068
0.6733457221 2.3834912939 0.7432550911
1.0004055543 2.6649063442 0.0358063090
0.1599531630 1.7286939129 0.9888480731
0.7217268875 2.7538700153 0.6950317134
0.3704394650 0.5026309810 0.9308282952
0.8938658479 0.8586302459 0.4612868591
0.0879037246 1.0456607773 0.9972523056
0.9884679651 1.7117568200 0.1540741487
0.9357528354 1.5609036666 0.3591794565
0.3691018134 0.1116086636 0.9332354261
0.9520903310 0.9579220679 0.3118556394
0.5905994230 2.6390436690 0.8095491407
0.9952442288 0.0962407102 0.1751308936
0.0616492576 1.4078270965 0.9987259060
0.1675057894 2.5548401768 0.9874787567
0.8674558114 0.0357417895 0.5061261616
0.9972469887 1.7765298030 0.0825208205
0.5235450090 1.8810270218 0.8540570937
0.9760616360 1.9804658454 0.2257778556
0.8670710772 0.9195139055 0.5057652127
0.2858113617 1.9110861797 0.9621047329
0.5546297445 1.1551574512 0.8333823775
0.9794705090 1.8883213396 0.2082116775
0.8462758370 0.8736950166 0.5397250669
0.5698202962 2.8501174763 0.8238102593
0.6979626904 1.9901445703 0.7194754040
0.8866779638 1.0785482398 0.4718179269
0.3427215041 0.4036757396 0.9410087853
0.6168104260 1.1279998846 0.7893606179
0.3430013491 0.3943154175 0.9405237834
0.6704837074 1.9569659824 0.7438406765
0.7186574918 3.1129800805 0.6985051569
0.7354391534 0.6402245626 0.6821995622
0.9518483148 0.3252003624 0.3142578175
0.4637611122 2.1361926939 0.8878321601
0.6633118866 1.7967075894 0.7512194070
0.9638939560 1.8041488104 0.2699946513
0.6047253960 1.7102713848 0.7990031556
0.8226335093 2.3354582605 0.5736690195
0.4493434983 1.2061650825 0.8959829598
0.4886610038 1.5356373536 0.8737734832
0.4735255345 3.0961276439 0.8827909623
0.0008141153 1.4226076857 1.0014076706
0.5546014011 0.3829562007 0.8345685058
0.9921981376 1.4439217846 0.1344217138
1.0003780777 0.0668668024 0.0547492863
0.4333528329 1.5267256522 0.9032165300
0.9990349168 0.8093857417 0.0785685322
0.9466644431 0.1921451089 0.3545130307
0.6488540589 0.8830328378 0.7649863516
0.9844295548 1.1142722082 0.1834735203
0.0263551841 0.4072800509 1.0007419750
0.1378120759 0.6365870844 0.9941878746
0.2028556816 1.3625943264 0.9815918435
0.8036101830 0.7261886997 0.5977250675
0.2424252931 2.2883388955 0.9720138034
0.8204422814 2.5222277517 0.5738417864
0.8550278557 2.0915108387 0.5225394072
0.9911430829 2.3141072084 0.1384210008
0.2275249973 0.6949048624 0.9760881790
0.6085221779 2.6888781365 0.7955334777
0.8212403297 2.8374384250 0.5737968621
0.9412098751 1.3462543198 0.3418038533
0.1706455625 2.5378885903 0.9875101762
0.1912868837 0.7371398310 0.9884744582
0.9412538940 1.1886083561 0.3418236030
0.5767299710 1.6881680361 0.8193857792
0.4088255383 0.1301223176 0.9238180506
0.8137440316 2.2826904351 0.5867878944
