1.0897191299 1.3949705481 0.1702343269
0.8501132879 0.0034013040 1.2983318473
0.0067537330 1.0032818330 0.9746270460
0.9619501434 1.3848576207 0.1725583257
0.6409371435 1.1514477865 0.1770034432
0.7620458088 0.0038345793 1.1226737844
0.1023353238 0.2024546532 1.0029564979
1.0672828566 0.4642395255 0.3344592069
1.0038147275 0.2701785126 0.3541349456
0.1442469872 0.2725598550 0.9400907599
0.1585017575 1.1103509097 0.2172999820
1.1184764938 0.2941202199 0.3492077944
0.0752152363 1.0676842738 0.4235082758
0.0893343558 0.8046318056 0.3197864885
1.0956004232 0.0972503506 0.3969916960
0.3146223181 0.7608078120 0.2621828413
0.7170936659 0.1201909514 0.7114619651
0.8107788621 0.1698894704 0.3760076758
0.0604642430 0.3077638403 1.2485744624
0.2536261947 0.8465625354 0.2840632669
0.2646593834 1.0472021545 0.2068105603
0.0178892640 0.3287179007 0.8391365494
0.3245663280 0.3475627667 0.7963656565
0.1236179365 0.8848763106 0.3159571525
1.1614196386 0.5866586380 0.3043462177
0.0517598341 0.3607988771 0.8157390008
0.3734290829 0.6925256651 0.4816876275
0.1235245981 0.1965723593 1.1905380850
0.4116338633 0.4693288822 0.6768179116
0.4753752960 0.1469872856 0.6613505576
0.2409923572 0.1222652135 1.2126350009
0.3314735822 0.8235567841 0.2436015506
0.0161927471 0.6884243925 0.9060344386
0.4418875508 0.9707893261 0.2243311015
0.8317927921 0.0599491309 0.6195337796
0.9331393579 0.0800500289 0.4322481384
0.5011476897 1.0057936932 0.2241786023
0.2884579744 1.0146902512 0.2097999368
0.8956824799 0.7091617153 0.3252342845
0.4115269923 0.1624175253 0.7365478283
0.0675948730 0.2681853280 1.1572216422
0.1571707156 0.4015959007 0.7349440390
0.5871364660 0.2192731963 0.5774790524
0.0827649261 0.9309162027 0.3698466719
0.8746140539 0.4488044247 0.3541675276
0.3307913208 0.0277158395 0.7793083719
0.6409371435 1.1514477865 0.1770034432
0.3118182947 0.9548775143 0.2546557965
0.6987550688 0.1953487649 0.5214219463
0.0140912883 0.7057216756 0.8678350544
0.5213988889 0.2817799001 0.5944082990
0.5773549756 0.2338098695 0.5809485280
0.2086370884 1.0322887813 0.2445539068
0.4669420278 0.1505602157 0.6473252021
0.7884587502 0.1070050616 0.4072757949
0.6857999798 0.4287735964 0.5553192472
0.2450097422 0.5069278451 0.6569826825
0.6741247637 0.5231942632 0.4764696687
0.1819551632 0.2894395799 0.8957233500
0.2045596462 0.5960946576 0.5037426031
0.3470016287 0.0515537995 0.7599892677
0.0070619256 0.7360868505 0.8319937635
0.2223677199 0.7093986951 0.4736045869
0.4249961247 0.1509625179 0.7469095467
0.1262892447 0.9816258142 0.3022073443
0.6161921544 0.2770385630 0.5689275222
0.9205952636 0.6331763839 0.3072888128
0.6207813291 0.2639116084 0.5732843045
0.2290184165 0.7482925198 0.4530846872
0.9183788936 0.0729513378 0.4894440412
0.0263060391 0.4136762163 0.7202184233
0.2412962123 0.1184748394 1.1516988241
0.4460612903 0.1034824155 0.7285019534
0.9459099208 0.3384489207 0.3545028242
0.6750308183 0.5301873191 0.4749245121
0.5455399390 0.2478035549 0.5947310159
0.6987550688 0.1953487649 0.5214219463
0.1765188137 0.3033900207 0.8724114783
0.2941042895 1.0521015608 0.1871456779
0.7873757898 0.0652208531 0.7423255508
0.1857725711 0.6564214231 0.5826262006
1.1631132288 0.5627755655 0.3008711813
0.7649536425 0.2479546075 0.4789966429
0.5436285155 0.2984711146 0.5913707563
0.1909891607 0.6258138526 0.6295500491
0.5824282865 0.3691280914 0.5774790524
0.0352288560 0.6742566533 0.7001225539
0.3678590958 0.0182190007 0.7533951618
0.2038360032 0.2282336430 1.0015240068
0.1138906907 0.6736262649 0.6344133962
0.1732753138 0.6737174408 0.6054859615
0.0539619039 0.5713302512 0.6830393018
0.8598191116 0.0447531238 0.4959249749
0.1036926423 0.5109056936 0.6652366160
0.9319582661 0.1705049095 0.3719693108
0.2469364758 0.6138842353 0.4940996175
0.1980022202 0.5665131811 0.5520084654
0.2351403066 0.8603329265 0.2884980388
0.8614184975 0.4582870539 0.3565545151
0.1190628111 0.6631741801 0.6174097451
