0.0000000003 1.0032861268
0.9992880451 0.0095250972
0.5615945168 0.6888096759
0.5975349147 0.6482301788
0.6924371145 0.5281581524
0.1031797072 0.9928705684
0.7864682430 0.3868394010
0.7029575181 0.5118458864
0.1676828185 0.9754194073
0.1507784127 0.9811206314
0.5806011620 0.6691707196
0.4651655640 0.7879201259
0.2346955323 0.9487139799
0.7597760073 0.4275922259
0.2903200990 0.9185635476
0.9209035690 0.1594160309
0.8691629815 0.2555668139
0.6249167931 0.6143095658
0.4560339167 0.7965185171
0.4433128339 0.8074763816
0.6159497928 0.6271286996
0.6069049002 0.6370279468
0.5214715479 0.7340492272
0.7500267444 0.4436939861
0.9747366107 0.0568679251
0.4036602551 0.8417060586
0.2576225104 0.9376144897
0.9138212494 0.1732250240
0.7679404378 0.4164516726
0.8754730564 0.2398086314
0.1976739290 0.9651398672
0.4347894685 0.8162669621
0.5450517276 0.7078050164
0.6568246812 0.5734175618
0.1266475306 0.9872820338
0.0824398752 0.9968928822
0.8222893895 0.3309691188
0.8022422720 0.3629939580
0.7235919798 0.4817432066
0.3258550200 0.8982065461
0.2439777903 0.9444267798
0.3401439166 0.8880344849
0.3627557525 0.8722468600
0.6397699869 0.5964031077
0.6793411425 0.5445652621
0.2127839434 0.9585087560
0.6340783242 0.6038006993
0.8372698037 0.3037283017
0.7131545196 0.4969361178
0.8310206959 0.3149059865
0.9626502584 0.0795396521
0.0725938241 0.9975480733
0.5745648932 0.6751449310
0.0281707213 1.0027588392
0.8428663632 0.2950885810
0.1327172685 0.9864840423
0.5063775209 0.7482515267
0.7679404378 0.4164516726
0.5316631149 0.7229781196
0.5108911944 0.7438041981
0.7399534141 0.4568750571
0.5444376666 0.7082713893
0.4955659387 0.7585306196
0.8113378497 0.3482607923
0.4922521590 0.7624501851
0.3196326542 0.9018381058
0.8499991903 0.2849141542
0.3053550323 0.9107971696
0.4797861793 0.7749232497
0.8595828325 0.2675799147
0.9286722626 0.1447067515
0.8967321001 0.2059245424
0.9065898007 0.1834843128
0.0509600377 1.0004613935
0.9959111106 0.0141242654
0.6694689649 0.5570681760
0.9833063825 0.0406263072
0.4114230624 0.8352371228
0.7318116380 0.4693270139
0.7168250717 0.4940656566
0.2774608304 0.9270961500
0.0297210884 1.0021054783
0.4814158360 0.7723877697
0.7944669680 0.3742668851
0.9036212236 0.1899846170
0.0546504408 1.0002323434
0.8886082415 0.2171492544
0.8815182397 0.2308344065
0.3520351641 0.8809316269
0.9329730044 0.1356098830
0.8113378497 0.3482607923
0.1857832264 0.9696739258
0.9558964109 0.0927926305
0.2696621905 0.9316090692
0.3083988574 0.9087740897
0.4229664308 0.8266766677
0.8981634341 0.1996591733
0.9897318130 0.0266593575
0.6773383329 0.5462027646
0.4236495772 0.8245735883
