0.0000065360 0.0000000000
0.8772005491 0.0000000000
0.8496849477 0.0000000000
0.5443703626 0.0000000000
0.7107358306 0.0000000000
0.6820061062 0.0000000000
0.3782653803 0.0000000000
0.5137518695 0.0000000000
0.2130529505 0.0000000000
0.3441727851 0.0000000000
0.0548994237 0.0000000000
0.1701841601 0.0000000000
0.6914864830 0.0000000000
0.6853960647 0.0000000000
0.8656657665 0.0000000000
0.8584098736 0.0000000000
0.3533449821 0.0000000000
0.3496138970 0.0000000000
0.8610474426 0.0000000000
0.8623363701 0.0000000000
0.5284195385 0.0000000000
0.8515177201 0.0000000000
0.6838381487 0.0000000000
0.3657200221 0.0000000000
0.6930066047 0.0000000000
0.3597293789 0.0000000000
0.3727560211 0.0000000000
0.6874696680 0.0000000000
0.3560211858 0.0000000000
0.0450712405 0.0000000000
0.5229654802 0.0000000000
0.5354575671 0.0000000000
0.5241911609 0.0000000000
0.8529809264 0.0000000000
0.8765021452 0.0000000000
0.2013851229 0.0000000000
0.5205975686 0.0000000000
0.1984197535 0.0000000000
0.8705715344 0.0000000000
0.8675122484 0.0000000000
0.0289322752 0.0000000000
0.5189770709 0.0000000000
0.7098804562 0.0000000000
0.8705715344 0.0000000000
0.3484300742 0.0000000000
0.7036909331 0.0000000000
0.2082428447 0.0000000000
0.8636088107 0.0000000000
0.7017108339 0.0000000000
0.5149540256 0.0000000000
0.1738669369 0.0000000000
0.6828169146 0.0000000000
0.0181370991 0.0000000000
0.5167375388 0.0000000000
0.6956768674 0.0000000000
0.8599105227 0.0000000000
0.3624829267 0.0000000000
0.6938973889 0.0000000000
0.3540663439 0.0000000000
0.6898199233 0.0000000000
0.1906145797 0.0000000000
0.7002901576 0.0000000000
0.1727746716 0.0000000000
0.3463796187 0.0000000000
0.1866635330 0.0000000000
0.8550758123 0.0000000000
0.6990021393 0.0000000000
0.5394162232 0.0000000000
0.5205975686 0.0000000000
0.8562657940 0.0000000000
0.6979428690 0.0000000000
0.6949186230 0.0000000000
0.3463796187 0.0000000000
0.8573485526 0.0000000000
0.6864448562 0.0000000000
0.8503833505 0.0000000000
0.3657119551 0.0000000000
0.3441727851 0.0000000000
0.1800174420 0.0000000000
0.1806055208 0.0000000000
0.1768215068 0.0000000000
0.5326197769 0.0000000000
0.8562657940 0.0000000000
0.1832353392 0.0000000000
0.3619908968 0.0000000000
0.6886888632 0.0000000000
0.5304613207 0.0000000000
0.1935479840 0.0000000000
0.0387684366 0.0000000000
0.0129573382 0.0000000000
0.5304613207 0.0000000000
0.5326197769 0.0000000000
0.3560211858 0.0000000000
0.8599105227 0.0000000000
0.8506568545 0.0000000000
0.5149147691 0.0000000000
0.1832353392 0.0000000000
0.6898199233 0.0000000000
0.8635536928 0.0000000000
0.0296470298 0.0000000000
