0.0000001236 0.0000000028
0.0489883690 0.0000000057
0.0586234282 0.0000000059
0.0370001423 0.0000000018
0.2352269798 0.0000201128
0.3302295036 0.0000000083
0.0264592026 0.0000015763
0.2253995293 0.0000000043
0.0206731111 0.0000000079
0.2726859492 0.0000002740
0.0922209728 0.0000000125
0.0167288131 0.0000000025
0.3222316767 0.0000000086
0.3707032780 0.0000248101
0.3285629412 0.0000000070
0.0279554911 0.0000247663
0.0762683368 0.0000160694
0.0160325485 0.0000000045
0.0859820117 0.0000000041
0.0345244846 0.0000000046
0.3351110945 0.0000000093
0.1357062622 0.0000002740
0.0625609093 0.0000000069
0.3437797110 0.0000000027
0.0181921507 0.0000000002
0.0328481463 0.0000000047
0.2648903859 0.0000201128
0.0753631545 0.0000000860
0.0218834189 0.0000000071
0.1369663694 0.0000000036
0.0273910390 0.0000003605
0.0153221768 0.0000000023
0.0856001251 0.0000000041
0.2320118299 0.0000003313
0.0445035470 0.0000002740
0.2846404200 0.0000000281
0.2687511898 0.0000000283
0.3133413679 0.0000000047
0.4220530028 0.0000000091
0.2328383546 0.0000000036
0.1829494561 0.0000000046
0.3430430426 0.0000000032
0.3584848152 0.0000000068
0.0884577675 0.0000000041
0.2464585220 0.0000000644
0.0416556012 0.0000014142
0.0163882105 0.0000008294
0.0121285452 0.0000030357
0.0338406505 0.0000000023
0.3737015848 0.0000000025
0.2738249884 0.0000201128
0.0340115729 0.0000000070
0.1191605398 0.0000000036
0.1240673306 0.0000000085
0.3255308624 0.0000000047
0.2832250954 0.0000002740
0.0765289571 0.0000000047
0.3250065119 0.0000000046
0.2171237668 0.0000000055
0.0150788677 0.0000198193
0.0948770383 0.0000000023
0.0144008248 0.0000000075
0.2886587130 0.0000000047
0.1498386186 0.0000000041
0.0318767253 0.0000000081
0.0184522023 0.0000000086
0.0312462792 0.0000000125
0.0270526198 0.0000000070
0.0361451723 0.0000000077
0.0582797915 0.0000000085
0.0405154600 0.0000000092
0.0428208652 0.0000000045
0.0294114700 0.0000000319
0.0746788546 0.0000000860
0.0434834885 0.0000014142
0.2798402164 0.0000179392
0.0088862592 0.0000000142
0.0460279149 0.0000000093
0.3255308624 0.0000000049
0.0648303012 0.0000000086
0.0770138788 0.0000000090
0.3133413679 0.0000000067
0.0237614135 0.0000000319
0.0770537218 0.0000002743
0.0234298107 0.0000000749
0.1137120199 0.0000000115
0.0234298107 0.0000000749
0.2736918930 0.0000243366
0.0147878455 0.0000000051
0.0351310311 0.0000000319
0.1362507224 0.0000002740
0.3272524471 0.0000013591
0.0323807424 0.0000179392
0.0332697709 0.0000000070
0.0540971532 0.0000000047
0.3250065119 0.0000000046
0.0315239238 0.0000000076
0.0368940469 0.0000000067
0.0363923414 0.0000000026
0.1746080929 0.0000201128
