0.9999180174 0.0000048661 0.5000755338 0.5004112219 0.4993005127 0.5001963627 0.4996536924 0.4997157722 0.5006267077 0.4998221464 0.5003705964 0.5001347356
0.9999243999 0.9999876351 0.5000709564 0.5003071427 0.4991545302 0.5001203855 0.4995844136 0.4997363049 0.5006264106 0.5002462195 0.4999629021 0.5001578293
0.0000009257 0.8282445384 0.5008746972 0.5003826318 0.4987059110 0.4999086286 0.4997430725 0.5000234494 0.5001135836 0.4996567818 0.4998424498 0.5003943950
0.1598998648 0.6945490945 0.5011058070 0.4996370307 0.4995384313 0.4989494595 0.4994223641 0.5005712931 0.5001961390 0.5002868537 0.5000602007 0.4999479832
0.7465218513 0.6561037462 0.5008412946 0.5007584729 0.4993176434 0.5002375021 0.4998176626 0.5014950684 0.5002639785 0.5002857789 0.5022104417 0.5000094313
0.6040744965 0.8776577807 0.5005058013 0.5000465471 0.5020887721 0.5006827576 0.4998148276 0.5002812103 0.4999266664 0.4997869366 0.5000786613 0.4999367905
0.9113877581 0.6605025407 0.4997378366 0.4991977600 0.4989739601 0.5009896093 0.5000054560 0.5000544477 0.5005194663 0.4996746892 0.4994576894 0.5001266779
0.0410167765 0.5538527047 0.5009621815 0.5003225246 0.5025330736 0.5002425375 0.4997026641 0.4997286083 0.4997820023 0.5001751176 0.4991925940 0.5002045607
0.1482270663 0.8379629223 0.5007358393 0.4991427921 0.4990592370 0.4995605425 0.4998748302 0.4995935231 0.5017917756 0.4997089140 0.5045893307 0.4993951028
0.6250334907 0.5349051636 0.5005454070 0.5000341593 0.5019390435 0.5006827576 0.4998148276 0.5000235857 0.4999266664 0.4997869366 0.5000534765 0.4999367905
0.5329752973 0.0187665223 0.5000131557 0.4998587927 0.4993781644 0.5000724383 0.4993709519 0.5000610540 0.4996528653 0.4998174869 0.5001420034 0.4998292294
0.5465679748 0.9178296319 0.5002212651 0.5009236507 0.5011567223 0.5001298610 0.5000674094 0.5000610540 0.4996488481 0.4997931813 0.5001420034 0.4998292809
0.6946409189 0.5346054000 0.5010363515 0.4999724079 0.4987231139 0.5000984564 0.5000674094 0.5000392247 0.4996629771 0.5000241415 0.4997999064 0.4967972895
0.1738765602 0.4310331758 0.5008573590 0.4999555281 0.4989031619 0.4682147799 0.4990167340 0.5002039027 0.4983787045 0.5010779300 0.4992181260 0.4997820511
0.3382156672 0.3419846193 0.5004903786 0.4996402005 0.5046860093 0.5004883580 0.5000251842 0.4992191810 0.5000972733 0.4996721683 0.5000294000 0.4995654367
0.0740595946 0.7239016758 0.5008354120 0.5002456915 0.4993812987 0.4995428003 0.4985341953 0.4992455559 0.5000517211 0.4997281563 0.4994842456 0.4994569653
0.1290349815 0.8877257682 0.5002901975 0.4998039795 0.4989733697 0.5001133074 0.4996518145 0.4995787335 0.5020398648 0.4996753913 0.5008034302 0.4998398762
0.1118050808 0.1507868449 0.5001011438 0.5000415609 0.4994132979 0.5000276800 0.4998107526 0.5018357078 0.4994708861 0.4982903361 0.4999645095 0.4997538502
0.3093792381 0.0722883079 0.4984438094 0.4994919574 0.4992956503 0.5004535263 0.4996865044 0.5039792931 0.5000414870 0.4996318241 0.4995516629 0.4993696850
0.3710095844 0.3365100871 0.5008679311 0.4990306117 0.5011478908 0.5001159104 0.4999959153 0.4999407497 0.5002259738 0.4996683184 0.4998546674 0.4999689601
0.4883389448 0.5524599650 0.5010170393 0.5002050694 0.4823720717 0.5001447601 0.4993191451 0.5003219532 0.5002411735 0.4997944356 0.4994403529 0.4997572654
0.3513889806 0.0722883079 0.5009222180 0.4994919574 0.4996320159 0.4424451718 0.4996865044 0.5039792931 0.5005250678 0.4996342604 0.4999270986 0.4993696850
0.8666831261 0.4745605171 0.5000513895 0.4850594538 0.4990043987 0.4997066719 0.4997583785 0.5003183023 0.5000367868 0.5009265336 0.4995085263 0.4999905650
0.2819445189 0.5796244249 0.5011462163 0.5006979583 0.4991729938 0.5012456353 0.5004131724 0.5000893996 0.4955284047 0.4981612752 0.4993765366 0.5001895019
0.0901066251 0.3193322642 0.5006298068 0.4994653646 0.4987006195 0.4988556647 0.4996708238 0.5011260758 0.4999706474 0.4997205702 0.5000975208 0.4999453536
0.4367825353 0.5988619394 0.5008566734 0.4992934747 0.4991464690 0.5000471021 0.4995811902 0.4998267560 0.5001033195 0.5000075148 0.4999565642 0.5000136820
0.1172007701 0.3419846193 0.5009368079 0.4992903570 0.5054634165 0.5006868343 0.5000167541 0.4991531055 0.5000974557 0.4997883097 0.4999906032 0.5000094313
0.3859372117 0.6821120950 0.5002132180 0.5004506879 0.4819646281 0.5001172684 0.4998658585 0.4989874201 0.4992905937 0.4995962737 0.4992162036 0.5000183037
0.0959796051 0.8296285610 0.5008354120 0.5002456915 0.4993812987 0.4995772814 0.4985341953 0.5000726202 0.4999455998 0.5013258500 0.4998857311 0.4994908662
0.3967340789 0.8420663726 0.5007146466 0.5001691191 0.5000026094 0.5004266136 0.5000001703 0.5006879909 0.4997266236 0.5007923918 0.4992590633 0.5100525625
0.0052235145 0.2269125354 0.5006267002 0.4990190063 0.4994806116 0.5002265705 0.5000264519 0.5012527542 0.4999950865 0.4997299699 0.4999629352 0.4998240882
0.5329752973 0.9446449922 0.5000131557 0.4998253592 0.5011567223 0.5002004080 0.5000674094 0.5000610540 0.4996488481 0.4997931813 0.5001420034 0.4998177631
0.4748961143 0.3563959527 0.5000349308 0.4997238347 0.4991545302 0.4582276906 0.4995868968 0.4997225348 0.5006945543 0.5002462195 0.4996406672 0.5001578293
0.4990644386 0.1752239586 0.5001703366 0.4998108147 0.4990585993 0.4708776247 0.4998070993 0.5002344766 0.4984291926 0.4983286259 0.4995606532 0.4998977810
0.4686246879 0.2019490777 0.5001703366 0.4989357902 0.4876644285 0.4975057794 0.4995535861 0.5002345526 0.4997559412 0.4975665676 0.4995606532 0.4998873302
0.0250724007 0.2187419873 0.4997662016 0.5002671985 0.4994181501 0.5001835251 0.4997239717 0.4996623366 0.5005882771 0.4996624734 0.4995100597 0.4998810283
0.5108574425 0.8379310789 0.5009048473 0.4997974044 0.4990496237 0.4705198009 0.4996762891 0.5001985369 0.5018165658 0.4997089140 0.4998470757 0.4998964596
0.0568589431 0.5538527047 0.5009639318 0.4989986116 0.5025330736 0.5002424458 0.4997035471 0.4995630871 0.4997820023 0.5001751176 0.4992178717 0.5000918337
0.0811997345 0.7380305393 0.5001103985 0.4997931101 0.4989653360 0.5000295484 0.4996947132 0.4998400474 0.4995820176 0.4996461378 0.4999562812 0.4998033769
0.8378892582 0.3429587793 0.5011339419 0.4993436160 0.5002605186 0.4999953446 0.4996358557 0.5008445960 0.5000268181 0.5002837657 0.5035571353 0.5000922291
0.1290263885 0.6387329031 0.5009368079 0.5008098468 0.4973488947 0.5006868343 0.5000167541 0.4994568554 0.5000974557 0.4997883097 0.4995580197 0.4997478873
0.8663938524 0.5474881955 0.5010716008 0.5011314622 0.5001419981 0.4984142253 0.5004140907 0.5003418588 0.4996553540 0.5008499813 0.5005978502 0.4999880695
0.0235462812 0.1708612032 0.5000781154 0.5002642530 0.4987059110 0.4983288082 0.5150537967 0.5000390234 0.5001081372 0.4973323747 0.5000313816 0.5003723790
0.1290349815 0.3883619389 0.5000089250 0.5002540413 0.4989704319 0.5001133074 0.4988757885 0.4996041698 0.5007623823 0.5002719305 0.5003567615 0.4996843911
0.5102805277 0.3908272719 0.5007813727 0.5004708927 0.4981256057 0.5001450181 0.4994183127 0.5002575055 0.5002270275 0.4998119438 0.5004325789 0.4997692068
0.0811997345 0.6357955426 0.5001103985 0.4997931101 0.4989653360 0.5000295484 0.4996947132 0.4998400474 0.4995820176 0.4996461378 0.4999562812 0.4998033769
0.4242934146 0.7281493156 0.5000802370 0.5000341593 0.4995548250 0.4983367711 0.5000320041 0.5000234494 0.5001135836 0.4998213009 0.4999604687 0.5003943950
0.5610782326 0.0840813675 0.4998301607 0.5002012438 0.4994132119 0.5000554515 0.5172138593 0.4996019121 0.4994619213 0.4996624734 0.4995460104 0.5000938235
0.6855289105 0.3944356320 0.5008611626 0.4999636467 0.4989031619 0.5001196259 0.4989695637 0.5002719917 0.4999381890 0.5009962036 0.4990951591 0.4997763547
0.7465218513 0.1120501193 0.5008412946 0.5012249032 0.4993176434 0.5002379270 0.4998176626 0.5020271353 0.5002427723 0.4995929616 0.5020360968 0.5001997755
0.1372772791 0.2391262534 0.5001220085 0.4995630771 0.4994948066 0.4989160470 0.4996379893 0.4996801036 0.5000395499 0.5001283516 0.4992958686 0.5002056467
0.0720503908 0.8378017304 0.5007431118 0.4993604063 0.4994723651 0.4995398970 0.4985394790 0.4996019286 0.5000211232 0.4997089140 0.5055729986 0.4993951028
0.5610782326 0.9880052098 0.4998301607 0.5001678102 0.5011917698 0.5001834211 0.5179103168 0.4996019121 0.4994579041 0.4996381678 0.4995460104 0.5000823572
0.6702110024 0.8779322071 0.5009929677 0.4998279444 0.5009140680 0.5000984564 0.5000674094 0.5002968494 0.4996629771 0.4998444133 0.4998288613 0.5000171587
0.6702110024 0.9446449922 0.5000131557 0.4998279444 0.5009140680 0.5002004080 0.5000674094 0.5000187634 0.4996445522 0.4997931813 0.5005447776 0.4999900195
0.4105764704 0.6005506836 0.5010796373 0.4989906213 0.4819646281 0.5000966913 0.5001278831 0.4996952120 0.5000804133 0.5009861042 0.4994332904 0.5001885771
0.6392470881 0.0277196642 0.5005463603 0.5000426814 0.5020501604 0.5002549224 0.4996733949 0.4997157722 0.5006267077 0.4998221464 0.5000436595 0.4999266328
0.8900368043 0.9202228763 0.5000899770 0.4995494355 0.4985843360 0.5002165553 0.4998124487 0.5006140534 0.5002812085 0.5005186915 0.5004843102 0.4999845881
0.6585172711 0.7191960454 0.5000681885 0.4996687993 0.4993495549 0.4706118080 0.5000145026 0.5008924986 0.5000268181 0.4996859409 0.4995392502 0.5001096314
0.2264706293 0.2755966193 0.5000744795 0.5003186340 0.4987631608 0.5001624742 0.5000909037 0.5009456353 0.4996923035 0.4979977505 0.4999976887 0.4999572536
0.0000009257 0.2408660653 0.5000781154 0.5000341593 0.4987059110 0.4983288082 0.5000315701 0.5000234494 0.5001135836 0.4978074406 0.5000380356 0.5003943950
0.1204905294 0.3068586212 0.5009364042 0.5015993429 0.4987439720 0.5001367525 0.5001032084 0.5218916330 0.4998745491 0.4997553548 0.5001190905 0.4232254010
0.3610566995 0.1552827864 0.5009005226 0.5000415609 0.5010028385 0.5000619726 0.4998107526 0.5283111640 0.4994236228 0.4982903361 0.5000659611 0.4997584282
0.3710095844 0.7566452629 0.5008679311 0.4990348387 0.4989644438 0.5001163211 0.4999959153 0.4996442373 0.5001600340 0.5000031241 0.4998539269 0.4969588433
0.1970067875 0.3944356320 0.5008611626 0.5003023941 0.4989031619 0.5001196259 0.4996774853 0.5002052935 0.5001400658 0.5010779300 0.4992181260 0.4997763547
0.4328565618 0.2019490777 0.5001703366 0.4989357902 0.4895038875 0.5004450850 0.4995535861 0.5002394441 0.4997458872 0.4975665676 0.4995445820 0.4998873302
0.3333307534 0.0535467810 0.5004903786 0.4996469055 0.5046860093 0.4981724779 0.5000628324 0.4990938161 0.5000972733 0.4995200334 0.4999060230 0.5002370590
0.1648405652 0.6272521452 0.5000745403 0.4998558212 0.4876302254 0.5001188384 0.4995377237 0.4999544824 0.5003360450 0.4996362740 0.5000117551 0.4998673294
0.2951401120 0.6272521452 0.5000561932 0.4997779260 0.4994602109 0.5001208220 0.4996872515 0.4999521036 0.5002913406 0.4997784041 0.5000588048 0.4998649554
0.1857886154 0.9807088524 0.5002948636 0.4997870391 0.5010592748 0.4996245473 0.5000609123 0.5006107203 0.4994426129 0.4998125735 0.5005644526 0.4999731676
0.2694691037 0.5760334321 0.5000980554 0.5422492742 0.4978242424 0.4996066056 0.4992612472 0.4998908170 0.4999330124 0.4982811011 0.5007601019 0.4998599232
0.2961330416 0.2494289652 0.5000762940 0.5000464697 0.4990496237 0.4980091175 0.4999495476 0.4998940534 0.5018165658 0.4978595728 0.5000426615 0.4997509832
0.8101254209 0.7213519091 0.5021677438 0.5003753113 0.5010847613 0.4996034910 0.4990277749 0.5014298342 0.5001495025 0.4996904548 0.4992999693 0.4997446761
0.8340566073 0.0153103619 0.5011339419 0.4994605785 0.4993284872 0.4999904273 0.4996525720 0.5008445960 0.5000268181 0.5002653758 0.5035571353 0.5000922291
0.3244028917 0.4943130909 0.4984438094 0.4994919574 0.4992956503 0.5004535263 0.4996865044 0.5039792931 0.5000414870 0.4996318241 0.4995157122 0.4993696850
0.2264706293 0.7628972824 0.5000744795 0.5003186340 0.4996120748 0.5001704370 0.5000909037 0.5009456353 0.4996923035 0.4996351220 0.4999586590 0.4999572536
0.4423664869 0.7518425182 0.5000829694 0.5003351382 0.4983737067 0.4995942227 0.4995718485 0.5005569322 0.5002944306 0.5002946644 0.4999816273 0.5094110867
0.4494740794 0.8379310789 0.5009231944 0.4997974044 0.4862957460 0.4705198009 0.4995443877 0.5001985369 0.5018165658 0.4996371786 0.4998470757 0.4998964596
0.3160808624 0.3350082597 0.5002055925 0.5003949422 0.4990496237 0.4995891825 0.4996277182 0.4997105561 0.5017440053 0.4997451452 0.5008107348 0.5000750731
0.1372772791 0.6945490945 0.5010973387 0.4995703358 0.4995264716 0.4989802323 0.4988432492 0.5005431097 0.5001961390 0.5002868537 0.4999565811 0.4999479832
0.2402416040 0.1472372246 0.5012006869 0.4991999854 0.5010942836 0.4986154732 0.4991475206 0.4998505678 0.5000452910 0.4993988424 0.4993530153 0.4996761267
0.3710095844 0.0421461982 0.5000685523 0.4990306117 0.4995826719 0.5001159104 0.4999959153 0.4999407497 0.4999572344 0.5000031241 0.4998546674 0.4999689601
0.4469470294 0.7518425182 0.5007154692 0.5003351382 0.4983737067 0.5001289038 0.4996277613 0.5002019334 0.4997360688 0.5002946644 0.4992590633 0.5099488391
0.2027846654 0.5796244249 0.5008670155 0.5006979583 0.5823472725 0.4998193960 0.5004131724 0.5000694247 0.4955284047 0.4981904265 0.4992595020 0.4997475652
0.5549237824 0.2965893383 0.5007948154 0.5003874490 0.4993597487 0.5007113915 0.4995016706 0.5002747490 0.4998944469 0.4997085294 0.4992289242 0.5001244236
0.2029170242 0.6605025407 0.5004509013 0.4991977600 0.4993251571 0.5004967770 0.5000251294 0.5000544477 0.5005194663 0.4996746892 0.4994465273 0.4995912851
0.3160808624 0.7524044248 0.5002055925 0.5003949422 0.4990496237 0.4995891825 0.4996610500 0.4997105561 0.5017440053 0.4997451452 0.5003822380 0.5000750664
0.1824873467 0.7524122531 0.5008496717 0.5010261123 0.4994011626 0.5001021031 0.4997119299 0.5002019334 0.4998745491 0.4998024580 0.4999385076 0.4983878333
0.8019776263 0.3779526056 0.5022922600 0.4993925359 0.5059027488 0.4957106783 0.4983167693 0.5011260843 0.4999569841 0.4996896124 0.5114933769 0.5000193203
0.6585172711 0.0588613339 0.5011166998 0.4996687993 0.4993589947 0.4999806127 0.4997120076 0.4993767144 0.5000268181 0.4996745782 0.4999993137 0.5000915498
0.1663256786 0.2015993770 0.5000588025 0.5004918827 0.4984629336 0.4998578343 0.4995521796 0.4998001925 0.4997548987 0.5002437928 0.4993013956 0.4993007625
0.2547045089 0.6096569229 0.5011422150 0.5006830961 0.5010942836 0.4983477397 0.5000916848 0.4998572536 0.5001217483 0.4995162249 0.4989245185 0.5002345415
0.1225383786 0.2024804041 0.5010530213 0.4995055240 0.4984448685 0.4988801792 0.5000276872 0.5010491134 0.5001587992 0.5002491821 0.4993478985 0.5011181289
0.8107844533 0.6747038511 0.5022922600 0.5009120257 0.4977882269 0.4957106783 0.4983167693 0.5014298342 0.4999569841 0.4996896124 0.4995414709 0.4997577763
0.4025489989 0.4454714586 0.5016073486 0.4992421512 0.4934246116 0.4996933142 0.5000108853 0.4461819361 0.5000782837 0.4997881027 0.4995709075 0.4997011662
0.5807514170 0.5875334077 0.5009958633 0.5000460087 0.4979577684 0.5002388251 0.4995091973 0.4996128066 0.5017529630 0.4997185853 0.4998921526 0.4998044142
0.6585172711 0.1673983090 0.5000464636 0.4996687993 0.4993544932 0.4706118080 0.4997120076 0.5008924986 0.5000268181 0.4996859409 0.4995392502 0.4998935603
0.9668742137 0.5394984018 0.5000745806 0.5004026999 0.4991893959 0.5006241980 0.4997951250 0.5000235857 0.4999266664 0.4997869366 0.5003804134 0.5001448933
0.4991075153 0.8420663726 0.5007146466 0.5001691191 0.4996808865 0.5004266136 0.4995294026 0.5001915690 0.4997266236 0.5007923918 0.4992249848 0.5100525625
0.1290349815 0.5704805682 0.5000038203 0.4998039795 0.4989733697 0.5001133074 0.4996518145 0.4995787335 0.5020398648 0.4996753913 0.5003567615 0.4996843911
