0.9999870617 0.0000159229 0.5001555391 0.5000614852 0.4997437148 0.5002112237 0.4987361973 0.4995908536 0.4996370722 0.5000673361 0.5014447590 0.4999762860
0.0000003347 0.8319089762 0.4997134224 0.4998567876 0.5000430985 0.5000522499 0.4999070410 0.5000716627 0.5001930969 0.5000963375 0.5000409315 0.4999647960
0.9999836288 0.9997019681 0.5001546443 0.4999729336 0.5001184807 0.5002111492 0.4999311951 0.4999805683 0.4997387040 0.5000955098 0.5000660593 0.4999925154
0.3881313508 0.7193131174 0.5004803520 0.4999486912 0.5004041515 0.4994804452 0.4998420500 0.4996383554 0.5004257502 0.5003025858 0.5014773799 0.4999945835
0.4869789068 0.8298681068 0.4998477058 0.4999524196 0.5000447501 0.5001253152 0.5000522998 0.4996442041 0.5001898282 0.4999791934 0.5012538227 0.4999559001
0.1816777932 0.8970093794 0.5004214349 0.5001432266 0.5001805342 0.5001339062 0.4984323280 0.5009006153 0.5006817232 0.4998269419 0.4999511795 0.5000412333
0.5544545376 0.4064660662 0.5000434307 0.5000501367 0.4999925424 0.5002800368 0.5001323945 0.5017938926 0.4996059136 0.5025367648 0.4998336309 0.4999760566
0.8648046726 0.0699273485 0.5000454355 0.5008011814 0.4968673019 0.5001267273 0.4983791812 0.5018455852 0.4994320078 0.4996903902 0.5020585108 0.4991774945
0.3633590675 0.7193131174 0.5063570588 0.4999486912 0.5001395148 0.4994804452 0.4998591457 0.5013160560 0.5004257502 0.5002863839 0.4933818564 0.4997879179
0.4512455740 0.7475870991 0.4993058255 0.5001247131 0.4997368043 0.5001952584 0.4990283088 0.4996896700 0.4996914840 0.5002583905 0.4997944336 0.5002959322
0.4024055055 0.7092853218 0.5004832991 0.4999743379 0.5001279378 0.5000209809 0.4998401919 0.4996383554 0.4995918902 0.5000920783 0.5000308487 0.4996478292
0.2306719365 0.1898779381 0.4996251519 0.5000611404 0.4825338528 0.5011484287 0.4985992013 0.5028638171 0.5002142988 0.5009729714 0.5004915529 0.5000086773
0.5766094601 0.0699273485 0.5000454355 0.5007933096 0.4959699466 0.5001267273 0.4983791812 0.5018455852 0.4994383544 0.4996830533 0.5000742916 0.4991774945
0.8216147482 0.7339298109 0.5001398736 0.5014321187 0.4998167594 0.5001414109 0.4999203138 0.4999806780 0.5005281632 0.5005814947 0.5000282074 0.4999906503
0.2801109722 0.2345340130 0.5000383719 0.5001499580 0.5000919922 0.5005179102 0.4982946279 0.4999424084 0.5004975944 0.4974989412 0.5002684066 0.5010333318
0.8246826605 0.0716812200 0.5000714803 0.5000614852 0.4998261310 0.5006661648 0.4987361973 0.4995908536 0.4996370722 0.5004254679 0.4999839881 0.4999762860
0.2494220425 0.4313344599 0.5000471888 0.4999295886 0.4998172568 0.5053132128 0.4985589000 0.5020103237 0.5028431461 0.5004425770 0.4994274862 0.5010250347
0.2992714193 0.4789069317 0.4998414879 0.4999007721 0.4999798570 0.4924185754 0.4988712105 0.5033330914 0.4997606647 0.5002043662 0.5001301472 0.5002888220
0.4011323295 0.3772852114 0.5001312477 0.4999295886 0.4997348405 0.5048582717 0.4985589000 0.5020103237 0.5028431461 0.5000844452 0.5008882571 0.5010250347
0.2575123061 0.0539565620 0.5002313401 0.5001429783 0.4997483247 0.5008298027 0.4983209202 0.5014479615 0.5033124794 0.4974099662 0.5035365882 0.5000235234
0.1303485907 0.7851553576 0.5000393598 0.5002440705 0.4996853662 0.5052127535 0.4985939953 0.5000716627 0.5002370994 0.5001092825 0.4993755917 0.4999962322
0.5102268988 0.3922035494 0.4999836195 0.4998470613 0.5029817385 0.5002788360 0.4990935074 0.4994754357 0.4997388741 0.5025367648 0.4998336309 0.4999310195
0.6661010696 0.1675590423 0.4998235696 0.5014101514 0.4999179489 0.5013573918 0.4991771159 0.4999866421 0.5007695023 0.5005814947 0.5001294042 0.4998997697
0.7270477988 0.9126199373 0.4990099032 0.5000311355 0.5000278535 0.6497441073 0.5001324943 0.4991160755 0.5004000809 0.5023570307 0.5042762907 0.4999317631
0.8903526469 0.9444638301 0.4996976041 0.4999474503 0.5000447091 0.5001414109 0.4992994422 0.5000686721 0.5005262637 0.5005814947 0.5023178124 0.4997321454
0.6498245311 0.8736046099 0.4995207616 0.4999413799 0.4987200818 0.5001952584 0.4990283088 0.4997372029 0.4603051882 0.5001143632 0.4997180178 0.5002716896
0.2210676299 0.2345340130 0.4998219243 0.5001420180 0.4987483036 0.5004952703 0.4982500400 0.5002802447 0.5031429876 0.4974637167 0.4868901278 0.5010381601
0.5269563898 0.2432228969 0.4995361180 0.5000365774 0.4988160587 0.5000734003 0.4992757853 0.4945968632 0.5331456872 0.5001846955 0.5039638790 0.5002751133
0.1218321279 0.1446562554 0.5000439644 0.5000038376 0.5001995427 0.4995375760 0.4981467015 0.5018502410 0.5029001193 0.5004633463 0.4998961594 0.5000309773
0.0090104201 0.7851553576 0.4997145996 0.5002440705 0.4996873360 0.5000440902 0.4985939953 0.5000716627 0.5001942178 0.5001092825 0.5017003290 0.4999962322
0.2248317610 0.6415801060 0.5005138447 0.4993037739 0.4999426711 0.5000793223 0.5000273708 0.4947045279 0.4997728145 0.5017583696 0.5026090099 0.5000149174
0.6865426680 0.1740513851 0.4989524429 0.4999485855 0.4999171035 0.5013427788 0.5000667213 0.4970438094 0.4996961630 0.4997023621 0.4991456310 0.4994721981
0.1540297713 0.8319089762 0.4997132505 0.4999322873 0.5000430985 0.5000410734 0.4998942786 0.5000735434 0.4995257558 0.4998848106 0.4919413106 0.5005111942
0.0897852435 0.8492062911 0.4998392159 0.5013528332 0.4998151488 0.5000410734 0.4998733361 0.4999908253 0.4995276554 0.4998848106 0.4916583368 0.5005111942
0.0278527655 0.8575166819 0.5000157330 0.4995167729 0.5000298144 0.5004842266 0.4984265946 0.4984270516 0.5026310694 0.5031061807 0.5017020090 0.4999099305
0.1623851717 0.1451529424 0.5001631584 0.5000687403 0.5001376073 0.5002834302 0.5001145464 0.5018660947 0.4997578911 0.4969584965 0.4998660683 0.5009844588
0.6243765754 0.7119316902 0.4997910280 0.4999404710 0.4987323745 0.5002245060 0.4982725977 0.4997458885 0.5002252651 0.5001036738 0.4935862164 0.4998344717
0.2246288972 0.6615973013 0.5005138447 0.4993037739 0.4995960921 0.5000756836 0.5000273708 0.4960782397 0.4997844428 0.5017583696 0.5026090099 0.4998128202
0.5970418792 0.6615973013 0.5004989982 0.4993037739 0.4995960921 0.5001175898 0.5000273708 0.4960782397 0.4384245050 0.5017583696 0.5026090099 0.4998128202
0.4199435872 0.3671688491 0.5027197619 0.5011627474 0.5032296604 0.5002084403 0.4983582239 0.4978906268 0.4997847967 0.5002425073 0.5026101388 0.4998843312
0.9402008649 0.7354310987 0.5001546443 0.4999688711 0.5001184807 0.5000399656 0.4999311951 0.4999805683 0.4997405509 0.5000942883 0.5000660593 0.4999925154
0.2369318423 0.1436234220 0.5000074330 0.5000365774 0.5003748347 0.5000783700 0.4999178785 0.4987456406 0.4997161647 0.5001846955 0.5049601497 0.5000253530
0.4666815685 0.0035602210 0.4997406786 0.5003032382 0.4980072977 0.5001991355 0.4988641740 0.4947651164 0.5003034566 0.5001783524 0.4988163561 0.5001292313
0.7707688236 0.8736046099 0.4995059037 0.4999413799 0.5001145717 0.5001952584 0.4990283088 0.4969157970 0.4573813296 0.5001143632 0.4997180178 0.5002716896
0.4121082214 0.0917758323 0.5027197619 0.4999956214 0.4994632033 0.5001988969 0.4983582239 0.4965177182 0.4997804427 0.5000462210 0.5026955144 0.4998889457
0.3653846789 0.7565367046 0.5065295329 0.4999485881 0.5485612259 0.4995148606 0.4998537962 0.5017602239 0.5004257502 0.5002863839 0.4920478093 0.4998480863
0.5870269085 0.0539565620 0.5004381105 0.5001494118 0.4997483247 0.5009231404 0.4998494217 0.4985699695 0.5004237804 0.4971359331 0.5015174655 0.5000235234
0.0985917098 0.4057854300 0.4948619817 0.5011732878 0.4999283918 0.5013064320 0.5001253150 0.5021378268 0.5003992586 0.4965600990 0.5344547088 0.5010158948
0.2680638249 0.2117099709 0.5562321233 0.5002349305 0.4964143104 0.5005500744 0.5001342143 0.4976320401 0.4999999185 0.5017942675 0.5003381260 0.4998659919
0.1009245262 0.2345340130 0.4998468819 0.5001450567 0.6306027876 0.5011344213 0.4982500400 0.5005867144 0.5000885090 0.4999447161 0.4839774807 0.5010723736
0.3067761556 0.1290696054 0.4998841307 0.5004821835 0.4995534129 0.4995797640 0.4990422448 0.4996174974 0.4995183349 0.4995570802 0.4918205546 0.5005287633
0.3443342042 0.9347429241 0.4999493298 0.4998330186 0.5001425392 0.5000851560 0.4986787788 0.4999443380 0.4966184449 0.4980622411 0.5004699798 0.5000595335
0.0259980118 0.7157017648 0.4997113316 0.4998632711 0.4997420632 0.5000522499 0.4999070410 0.5000716627 0.4995959192 0.5000611466 0.5000409315 0.5000992242
0.1999629596 0.6389582643 0.4977489304 0.4995253819 0.4990410780 0.4995798305 0.5001256039 0.4994820650 0.4988010088 0.5003058127 0.4940982500 0.4998643528
0.0399087602 0.4544882088 0.4997224286 0.4999295886 0.4998074169 0.5001445496 0.4983078294 0.5016430569 0.5028002645 0.5004425770 0.5017522236 0.5010250347
0.8216147482 0.9620166078 0.4998235696 0.5013679963 0.4998167594 0.5001414109 0.4992784997 0.4999859539 0.5005281632 0.5005814947 0.5020348387 0.4997321454
0.1388790115 0.4201920394 0.4948383011 0.5000648825 0.4961033885 0.5002797345 0.5000459567 0.5017791075 0.5000129467 0.5018905443 0.5000591655 0.4998811510
0.3264845295 0.4042088026 0.5562321233 0.5002349305 0.4964143104 0.5000810447 0.5001342143 0.4974992603 0.4999999185 0.5018806654 0.5003388420 0.4998659919
0.2577397321 0.7107041984 0.5004489139 0.5000763234 0.5001805342 0.5001857910 0.4987586878 0.4995937365 0.5006599632 0.5004120292 0.5012940417 0.5000412333
0.2246288972 0.6161359999 0.4998278371 0.4993037739 0.4995884331 0.5000756836 0.5000273708 0.4958096709 0.4997844428 0.5017694810 0.5026090099 0.4998128202
0.7501369851 0.1730981964 0.4998486249 0.4999823328 0.4998725380 0.5010541572 0.5001064415 0.5026029736 0.5002793634 0.4999392829 0.5004915529 0.4999351807
0.1931248881 0.4815453208 0.5000433114 0.5000681629 0.4993505870 0.5000529713 0.5001299529 0.5017936748 0.4995354048 0.5008770771 0.5026181925 0.4999170622
0.2947728269 0.1290696054 0.4998841307 0.5003711763 0.4995534129 0.4995797640 0.4989663205 0.4994808685 0.4995669637 0.4964066622 0.4918205546 0.5005287633
0.5269563898 0.1436234220 0.4996978120 0.5000365774 0.5003748347 0.5000805728 0.4988409412 0.4945968632 0.4997161647 0.5001846955 0.5042691057 0.5000152281
0.3207097894 0.9698490407 0.4998080124 0.5000020140 0.5001387045 0.5005283128 0.4985337158 0.4998996169 0.5007249777 0.4941263102 0.4998392315 0.5005996918
0.1590473123 0.4544882088 0.5000471888 0.4998063853 0.4997831538 0.5050088794 0.4990826708 0.5027297844 0.5028431461 0.5004425770 0.4993494991 0.5010250347
0.7865066566 0.8396447593 0.4998477058 0.5001418116 0.5000559689 0.5001253152 0.4999008138 0.4996411932 0.5003997548 0.5000130110 0.5013317508 0.4999559001
0.3753281761 0.6389582643 0.4998070283 0.4995457062 0.4990410780 0.4995798305 0.5001256039 0.4994820650 0.4988010088 0.5003058127 0.4940982500 0.4999327859
0.2306719365 0.0071101409 0.4996251519 0.5001188255 0.4777814903 0.4996964414 0.4990826503 0.4997623019 0.5002142988 0.4981941971 0.5004915529 0.5005109261
0.4775693515 0.4544882088 0.4997224286 0.4999295886 0.4998074169 0.5001445496 0.4983078294 0.5016430569 0.4995814390 0.4993905124 0.5017522236 0.5003418614
0.2609590179 0.2922076798 0.4989528219 0.4999485855 0.4999064241 0.5013422909 0.5000667213 0.4966337563 0.4997411100 0.4997023621 0.4991456310 0.5129383761
0.4285586421 0.4702448886 0.5544163484 0.4993360093 0.5002747775 0.5004555761 0.5000295667 0.4984820011 0.5000014562 0.5017015624 0.5017943636 0.5000283170
0.4946314788 0.3290930672 0.4985680228 0.5004180789 0.4996956973 0.4994953560 0.5002119330 0.4989366815 0.5002285083 0.5012258106 0.5014798034 0.4999939218
0.4738845922 0.7455128250 0.5000747686 0.4996296859 0.4993823751 0.5003218126 0.4998958775 0.4962811267 0.4994386697 0.4994685725 0.5000743514 0.5003708686
0.1590473123 0.4459328079 0.4998476325 0.4998063853 0.4997831538 0.5002430231 0.4991338281 0.5027297844 0.4997976954 0.5004425770 0.4993494991 0.5010250347
0.9152492784 0.1985310986 0.5000678862 0.5000691463 0.4999994232 0.5002981368 0.5001343220 0.5021017223 0.4996360591 0.4999845335 0.4998660683 0.5009728960
0.3418880407 0.2345340130 0.4995981644 0.5001420180 0.5001427936 0.5004952703 0.4999079418 0.4974588389 0.5002191290 0.4970550818 0.4868901278 0.5010381601
0.7405070411 0.3856406057 0.5000659075 0.4998063853 0.4997815596 0.5050088794 0.5000328994 0.5027297844 0.5005420331 0.5004527055 0.4993494991 0.5010250347
0.4952829228 0.7769631596 0.4998080124 0.5001639488 0.4996981577 0.5002131670 0.4985337158 0.5032360390 0.5002501662 0.4941263102 0.5001284531 0.5008876743
0.1857703286 0.7318212753 0.5000490393 0.5000508900 0.4993272351 0.5000529713 0.5003355379 0.4995151637 0.4995354048 0.5008176023 0.5025026388 0.4998346645
0.7332572609 0.7244486242 0.5001497242 0.5000991364 0.5000506814 0.4926271845 0.5000906647 0.5000967820 0.4995580650 0.5002304211 0.5002146792 0.5383934145
0.5219287775 0.6291833501 0.5003289170 0.5003930338 0.4809243845 0.5001857910 0.4986488312 0.5001607595 0.5006599632 0.4994259446 0.4999131831 0.5000365813
0.7102232449 0.1888954643 0.5001488847 0.5000991364 0.5000298096 0.4922535625 0.4999378523 0.4976515999 0.4993612521 0.5002516542 0.5044622398 0.4968172743
0.0512562214 0.7455128250 0.5001857104 0.4995353935 0.4993823751 0.5003218126 0.4982561825 0.4962811267 0.4994386697 0.5002236089 0.5000743514 0.5002936000
0.3194154533 0.7769631596 0.4998080124 0.4999993945 0.4997256101 0.5002529890 0.4986206702 0.5032450847 0.5009137414 0.4941263102 0.4998776369 0.5008876743
0.3360033835 0.9347429241 0.4999484903 0.4998330186 0.5001425392 0.5000851560 0.4986787788 0.4974693063 0.4966184449 0.4980622411 0.5047175405 0.5000595335
0.2681440311 0.2345340130 0.4998175189 0.5001499578 0.5000919922 0.5004952703 0.5000586796 0.4999424084 0.4992902650 0.4974637167 0.5002522533 0.5010333318
0.2139256339 0.2655829882 0.4989970659 0.4998205560 0.5000903897 0.5000948494 0.4986542116 0.5035877222 0.4423270444 0.5000455353 0.4996400676 0.5001001995
0.4131579445 0.4846843302 0.5544163484 0.5000133527 0.5003733449 0.5000793223 0.5000273708 0.5021024400 0.4995924665 0.5020352866 0.5016533217 0.4991209458
0.4194362522 0.0962972235 0.5027197619 0.4999892873 0.5032296604 0.5011921703 0.4983617904 0.4959315388 0.4997843214 0.4998984423 0.5025996403 0.4998544974
0.0740771816 0.6141988964 0.4997978188 0.5009220320 0.4995781243 0.5016011690 0.5000489411 0.4965004291 0.4997830040 0.5288032476 0.5017665477 0.4998602528
0.7900017964 0.1359545718 0.4998038501 0.4997724344 0.4997224355 0.5001299012 0.5001105711 0.5014371807 0.4996374299 0.4969552342 0.4928263047 0.5008222520
0.0845521708 0.2035636424 0.5000694726 0.5000507141 0.4999925424 0.5002869945 0.5001323209 0.5018663125 0.4996059136 0.4969653546 0.4998660683 0.5010179331
0.3265647379 0.4270557988 0.4998175189 0.5001499578 0.5000919922 0.5000262405 0.5000586796 0.4998096286 0.4992902650 0.4975501146 0.5002529693 0.5010333318
0.4285586421 0.5084298871 0.5544163484 0.4993360093 0.5002747775 0.5000793223 0.5000295667 0.5001211076 0.5000014562 0.5017015624 0.5017943636 0.5000192483
0.2248317610 0.7146824936 0.4998056295 0.4992440973 0.4999426711 0.5000833779 0.5000273708 0.4944627207 0.4996546037 0.5017583696 0.5026090099 0.5000340797
0.0740771816 0.7173343354 0.4997978188 0.5009936379 0.4995781243 0.5001026248 0.5000495640 0.5267547620 0.4997830040 0.5297475322 0.5015506506 0.4998602528
0.2083154875 0.3295539948 0.4978523193 0.4998444088 0.5001036284 0.5000984739 0.4987366492 0.4997222209 0.4997818332 0.5003207102 0.5029841864 0.5000301778
0.4131579445 0.4166568368 0.5544163484 0.5000133527 0.5002747775 0.5000793223 0.5000273708 0.5001937454 0.4999987371 0.5019159726 0.5018268010 0.4991198441
0.1477287451 0.6704869892 0.4997132505 0.4999322873 0.4999529722 0.5000410734 0.4999132871 0.5014348690 0.4995257558 0.5015792795 0.4902106709 0.5005111942
