0.0041857823 0.0000205917 0.5999508910 0.4000099006 0.5000376054 0.5000666188 0.5000196839 0.4000175458 0.4999969153 0.5000003637 0.4999824724 0.5998116300
0.0019443927 0.9999994499 0.5999547941 0.4000666045 0.5000311187 0.5000679282 0.5000379819 0.4000115268 0.4999907181 0.5000030344 0.5000186107 0.5997790957
0.9999998978 0.3337313997 0.5999546537 0.4000412721 0.5000402512 0.5000692410 0.5000219677 0.4000113351 0.5000214511 0.4999565049 0.5000062159 0.5997995226
0.7748090684 0.2584074603 0.5999797858 0.4000114317 0.5000150871 0.5000681504 0.4999792942 0.4000095077 0.5000374996 0.5000252076 0.4999853061 0.5997785833
0.6509796996 0.2841404560 0.5999584830 0.4000467717 0.5000081828 0.5000798713 0.5000108893 0.4000243146 0.5000411330 0.4999641423 0.5000151123 0.5997786091
0.9889919291 0.2255943970 0.5999451103 0.4000133030 0.4999894005 0.5000684653 0.5000289149 0.4000087896 0.5000305757 0.4999802841 0.5000323870 0.5998031938
0.7162359426 0.9842351178 0.5999465016 0.4000377028 0.5000186206 0.5000798988 0.5000225164 0.4000225747 0.5000273876 0.5000012555 0.5000172853 0.5997989941
0.9242246665 0.8100580493 0.5999463384 0.4000513628 0.5000530379 0.5000692410 0.5000153636 0.4000178310 0.5000275258 0.4999950605 0.5000316848 0.5997969604
0.9962636341 0.8100580493 0.5999463384 0.4000142118 0.5000430993 0.5000692410 0.5000153636 0.4000178310 0.5000302317 0.4999947069 0.5000104320 0.5997969604
0.8087101268 0.3305029746 0.5999546289 0.4000466003 0.4999839965 0.5000800622 0.5000309959 0.4000107749 0.5000302086 0.4999529935 0.4999991856 0.5997988556
0.3988169540 0.2791625655 0.5999538705 0.4000592435 0.5000421973 0.5000686675 0.5000369011 0.4000095306 0.5000367397 0.5000335291 0.5000108659 0.5998029504
0.8256364305 0.5498148838 0.5999766223 0.4000453998 0.5000506323 0.5000828002 0.5000672937 0.4000083373 0.5000380599 0.4999833838 0.5000158035 0.5998070052
0.3750010533 0.3599664689 0.5999480659 0.4000478710 0.5000144208 0.5000712784 0.5000163317 0.4000154821 0.5000174042 0.4999960316 0.5000241866 0.5997896152
0.8591968744 0.4094843151 0.5999512126 0.3998784444 0.4999938773 0.5000806828 0.5000333373 0.3999867733 0.5000444727 0.5000043898 0.5000067676 0.5998056233
0.9463880280 0.0522075943 0.5999534914 0.4000021804 0.4999657227 0.5000782457 0.5000326026 0.4000358964 0.5000446000 0.5000101707 0.5000300410 0.5997769725
0.6136791959 0.9512160202 0.5999736350 0.4000500001 0.5000208285 0.5000676341 0.5000295134 0.4000100348 0.4999973465 0.4999901716 0.5000040225 0.5997791614
0.5978616208 0.0702159744 0.5999612181 0.4000611301 0.5000197546 0.5000689824 0.5000321413 0.4000110960 0.4999989879 0.5000144821 0.5000469220 0.5997967246
0.9463880280 0.6478180300 0.5999534914 0.4000585713 0.4999593983 0.5000686958 0.5000121038 0.4000306533 0.5000895308 0.5000101707 0.5000300410 0.5997884104
0.7526031561 0.5723342938 0.5999802930 0.4000114317 0.5000417950 0.5000681357 0.4999792942 0.4000107107 0.5000371658 0.5000252076 0.4999854536 0.5997890693
0.2839206937 0.4391083391 0.5999505810 0.4000506709 0.5000318037 0.5000798090 0.5000650828 0.4000065058 0.5000268939 0.4999960068 0.5000139863 0.5996623787
0.9608732869 0.8631199452 0.5999503831 0.4000660420 0.4999999996 0.5000676588 0.5000117218 0.4000097182 0.5000364656 0.4999955875 0.5000160594 0.5997848084
0.9817696914 0.9037001331 0.5999451117 0.4000315191 0.4999596437 0.5000915266 0.4999798477 0.4000119587 0.5000246086 0.5000101707 0.5000300410 0.5998139855
0.9440330559 0.3670843364 0.5999547195 0.4000355464 0.5000040218 0.5000856497 0.5000380621 0.4000111655 0.4999936756 0.4999999521 0.5000104785 0.5997791438
0.8974625451 0.1116532546 0.5999608173 0.4000581624 0.5000187881 0.5000685331 0.5000296654 0.4000250467 0.5000405844 0.5001039562 0.5000064052 0.5997990430
0.8930403527 0.3086408209 0.5999561758 0.3998537760 0.5000161255 0.5000823587 0.5000373597 0.4000090789 0.5000365601 0.4999553932 0.5000522011 0.5997850602
0.0920035248 0.8323671000 0.5999570183 0.3997927764 0.4999891048 0.5000696722 0.5000518226 0.4000289714 0.4999529361 0.5000008960 0.5000707424 0.5997588478
0.4200807543 0.1759312039 0.5999545889 0.4000641874 0.5000332076 0.5000680196 0.4999916996 0.4000293350 0.5000326862 0.4999819490 0.5000026864 0.5997782215
0.9270319150 0.2584074603 0.5999503408 0.4000491976 0.5000150871 0.5000681504 0.4999792942 0.4000064090 0.5000242441 0.4999996625 0.5000139332 0.5998173030
0.8844766162 0.7210488667 0.5999590378 0.4000411892 0.4999337418 0.5000804758 0.5000108893 0.4000298532 0.5000442391 0.4999942748 0.5000129746 0.5997893549
0.9320884525 0.7686120984 0.5999455695 0.4000471059 0.5000179992 0.5000679467 0.5000368664 0.4000107891 0.5000464234 0.5000113678 0.4999853061 0.5997846493
0.6765579543 0.2751446312 0.5999540121 0.4000640161 0.4999619566 0.5000783510 0.5000215566 0.4000106906 0.5000273001 0.4999666355 0.5000144680 0.5997798640
0.5568984781 0.2641197821 0.5999431878 0.4000488238 0.5000127965 0.5000693651 0.5000495911 0.4000019936 0.5000452128 0.4999792740 0.5000139017 0.5997786905
0.9999998978 0.3003094943 0.5999546537 0.4000412721 0.5000402512 0.5000692410 0.5000325377 0.4000184733 0.5000259391 0.4999565049 0.5000062159 0.5997971857
0.5094454567 0.7632971269 0.5999462021 0.3999968594 0.5000163998 0.5000670894 0.5000016478 0.4000016940 0.5000309787 0.4999148528 0.5000090262 0.5997760699
0.7568458444 0.1116532546 0.5999561918 0.4000581624 0.5000187881 0.5000685331 0.5000531044 0.4000250467 0.5000367397 0.5001039562 0.5000076481 0.5997984181
0.4556130140 0.8135656229 0.5999546537 0.4000810145 0.5000402512 0.5000692410 0.5000219677 0.4000113351 0.5000364110 0.4999888916 0.5000062159 0.5998004216
0.1267722653 0.1198127433 0.5999379546 0.4000108543 0.5000579841 0.5000831814 0.5000518286 0.4000286989 0.5000300806 0.4999882636 0.5000057879 0.5998208184
0.4737504442 0.1129011016 0.5999536118 0.4000548812 0.5000187881 0.5000778393 0.5000531044 0.4000250467 0.5000234842 0.4999521413 0.5000314936 0.5997982836
0.9746050076 0.8879445861 0.5999549089 0.4000938974 0.4999805313 0.5000662852 0.5000730986 0.4001081790 0.5000313563 0.4999878400 0.5000433756 0.5998062932
0.7695100721 0.7745622612 0.5999558944 0.4000394256 0.4999650505 0.5000690387 0.5000341930 0.4000183995 0.5000050438 0.4999886341 0.5000369616 0.5997832309
0.4458139963 0.8359028141 0.5999651806 0.3999934173 0.4999708814 0.5000686117 0.5000421181 0.4000076191 0.5000364472 0.4999757416 0.5000090262 0.5997785794
0.5821049549 0.1116532546 0.5999590156 0.4000581624 0.5000187881 0.5000685331 0.5000531044 0.4000250467 0.5000234842 0.4999521413 0.5000314936 0.5997985332
0.5477829199 0.9083835292 0.5999449240 0.4000154051 0.5000414554 0.5000843548 0.5000494049 0.4000956220 0.5000464670 0.5000097552 0.5000174968 0.5998226880
0.7991715439 0.0863030146 0.5999526172 0.4000593141 0.4999656687 0.5000783702 0.5000148486 0.4000025649 0.5000077585 0.4999983196 0.5000376634 0.5997884532
0.9347689839 0.0602187308 0.5999406564 0.4000394256 0.4999624824 0.5000800819 0.5000656507 0.4000190262 0.5000052405 0.5000977493 0.5000364781 0.5998068657
0.7283342730 0.4313800134 0.5999465016 0.4000377028 0.5000184135 0.5000798988 0.5000225164 0.4000225747 0.5000376385 0.5000012555 0.5000172853 0.5997989941
0.1057488167 0.0601122955 0.5999522611 0.4000588909 0.4999670413 0.5000783702 0.5000662994 0.4000025649 0.5000359282 0.5000122929 0.5000361161 0.5997884532
0.9284973189 0.1058777320 0.5999512126 0.3999880204 0.4999978157 0.5000796715 0.5000346690 0.3999867733 0.5000444727 0.5000043898 0.5000067676 0.5997778150
0.6697401082 0.4138903264 0.5999453943 0.4000733364 0.5000052144 0.5000686734 0.5000134841 0.4000369594 0.4999910732 0.4999974174 0.5000128448 0.5997815138
0.9967533023 0.1516858343 0.5999549243 0.4000108976 0.4999939914 0.5000675603 0.5000328227 0.4000155741 0.5000401682 0.4999830571 0.4999980669 0.5997940112
0.9592964796 0.1014692033 0.5999420800 0.4000141897 0.4999900021 0.5000789619 0.5000289201 0.3999953665 0.5000194371 0.4999833580 0.5000080714 0.5998080888
0.0689689650 0.1137255561 0.5999500778 0.4000451488 0.5000416686 0.5000640425 0.5000668053 0.4000284875 0.5000364908 0.4999949520 0.5000143950 0.5997717616
0.9284973189 0.7253836719 0.5999512126 0.4000444113 0.4999914913 0.5000701216 0.5000141702 0.3999815302 0.5000894036 0.5000043898 0.5000067676 0.5997892529
0.6663449981 0.9381377576 0.5999514859 0.4000595255 0.4999815401 0.5000824090 0.5000291159 0.4000195868 0.5000403950 0.4999836924 0.5000521043 0.5998135161
0.8391513582 0.1262398466 0.5999754239 0.4000513628 0.5000621429 0.5000692422 0.5000109659 0.3999976168 0.5000314671 0.4999950605 0.5000314903 0.5997969604
0.6853889706 0.3670843364 0.5999504847 0.4000356973 0.5000040218 0.5000855903 0.5000415745 0.4000164855 0.4999936756 0.4999999521 0.5000177856 0.5997791438
0.8866717621 0.7382524806 0.5999463384 0.4000507283 0.5000530379 0.5000693444 0.5000153636 0.4000005948 0.5000292060 0.5000122562 0.5000310110 0.5997884230
0.9118639554 0.8398566919 0.5999338070 0.4000145102 0.5000438649 0.5000696942 0.5000420996 0.4000114822 0.5000305448 0.5000046653 0.5000130874 0.5997789298
0.5727655435 0.5635703918 0.5999451117 0.4000319989 0.5000412502 0.5000843548 0.5000494049 0.4000956220 0.5000464670 0.5000099389 0.5000305928 0.5998117452
0.2187360411 0.0939313774 0.5999523980 0.3999936575 0.4999802427 0.5000797374 0.5000402750 0.4000079092 0.5000577220 0.4999994727 0.4999897343 0.5997771416
0.9242246665 0.8365387779 0.5999463384 0.4000513628 0.5000613504 0.5000692422 0.5000109659 0.3999976168 0.5000314671 0.4999950605 0.5000314903 0.5997969604
0.1788437170 0.8937058035 0.5999338070 0.4000145102 0.5000413972 0.5000850457 0.5000420996 0.4000114822 0.5000305448 0.5000046653 0.5000130874 0.5997789298
0.6249126973 0.8344569890 0.5999651806 0.3999934173 0.5000278658 0.5000766711 0.5000650835 0.4000341147 0.5000393934 0.4999872119 0.5000110546 0.5997990077
0.3159828209 0.3366608469 0.5999507243 0.4000516373 0.4999815401 0.5000797944 0.5000680066 0.4000157303 0.5000003721 0.4999857579 0.5000521043 0.5998090677
0.6697401082 0.7624044275 0.5999609801 0.4000715933 0.4999750048 0.5000676588 0.5000133012 0.4000376247 0.5000349139 0.4999974174 0.5000129637 0.5997843176
0.9155346685 0.5340835382 0.5999766223 0.4000447314 0.5000506323 0.5000828002 0.5000625790 0.4000083373 0.5000368257 0.4999833838 0.5000180246 0.5998057971
0.5244262462 0.3098227660 0.5999561758 0.3998573115 0.5000222354 0.5000698625 0.4999732730 0.4000053891 0.5000270763 0.5001324755 0.5000521297 0.5997955215
0.8552933590 0.3852448874 0.5999547195 0.4000394405 0.5000049153 0.5000857848 0.5000441971 0.4000015393 0.5000391005 0.4999991121 0.5000113146 0.5997791438
0.8004033958 0.3670843364 0.5999504847 0.4000462069 0.5000099025 0.5000855903 0.5000309585 0.4000166556 0.4999936756 0.4999999521 0.5000076292 0.5997791438
0.2609597545 0.1116532546 0.5999561918 0.4000436783 0.4999723606 0.5000686163 0.5000403453 0.4000276809 0.5000299864 0.5000970509 0.5000076481 0.5998004600
0.2178403932 0.5550467964 0.5999520964 0.4000311040 0.5000411920 0.5000707074 0.5000310623 0.4000114215 0.5000287109 0.5000166208 0.5000274108 0.5998091657
0.6190126961 0.7624044275 0.5999453943 0.4000715933 0.4999780353 0.5000676588 0.5000228399 0.4000376247 0.5000349139 0.4999974174 0.5000129637 0.5997815138
0.9821419907 0.3329644082 0.5999480957 0.4000468745 0.5000400278 0.5000715329 0.5000163317 0.4000155399 0.5000160613 0.4999960316 0.5000231779 0.5997871632
0.6611063852 0.8100580493 0.6000052971 0.4000145413 0.5000438965 0.5000660304 0.5000133263 0.4000179691 0.5000286636 0.5000219062 0.5000112820 0.5998061593
0.8111264416 0.8349085946 0.5999565001 0.4000049243 0.5000327529 0.5000680093 0.5000773486 0.4000103102 0.4999554212 0.4999979821 0.5000707424 0.5997588478
0.9836478469 0.5686959620 0.5999545764 0.4000512744 0.5000025959 0.5000692029 0.5000286911 0.4000106906 0.5000188345 0.4999962097 0.5000102795 0.5997754092
0.4587163168 0.8959777611 0.5999651806 0.3999934173 0.4999708814 0.5000776470 0.5000674824 0.4000247937 0.5000364472 0.4999859839 0.5000090262 0.5997785794
0.3082979614 0.4391083391 0.5999363361 0.4000506709 0.5000318037 0.5000849943 0.5000650828 0.4000058508 0.5000270824 0.4999961454 0.5000131301 0.5996623787
0.9066939419 0.6992788279 0.5999590378 0.4000444868 0.4999337418 0.5000800959 0.5000108893 0.4000450294 0.5000239060 0.5000203188 0.5000129746 0.5997893549
0.5063437620 0.3010665808 0.5999512126 0.4000017363 0.4999630616 0.5000699128 0.4999650292 0.4000050450 0.5000280748 0.5001607747 0.5000552697 0.5997932746
0.0254371176 0.8941656342 0.5999581215 0.4000398049 0.5000337444 0.5000679308 0.5000108439 0.4000449966 0.5000610051 0.4999975154 0.5000143744 0.5997904113
0.3988169540 0.1194750524 0.5999538705 0.4000592435 0.5000285377 0.5000686675 0.5000405413 0.4000077285 0.5000367397 0.5000335291 0.5000108659 0.5997989272
0.7023437048 0.2998846357 0.5999512126 0.4000595098 0.4999569517 0.5000824090 0.5000291159 0.4000169357 0.5000405258 0.4999836924 0.5000521043 0.5997785960
0.7406506697 0.6225184908 0.5999510150 0.4000472499 0.5000547575 0.5000801524 0.5000291117 0.4000207370 0.5000337664 0.4999740091 0.4999774735 0.5997781795
0.5347066784 0.5780121262 0.5999431878 0.4000488238 0.5000519708 0.5000693651 0.5000495911 0.4000019936 0.5000448789 0.4999792740 0.5000139017 0.5997799073
0.7695100721 0.0602187308 0.5999525675 0.4000394256 0.4999650505 0.5000689983 0.5000341930 0.4000183995 0.5000031450 0.5000004411 0.5000369616 0.5997832309
0.7023437048 0.8158363582 0.5999502608 0.4000589858 0.4999567058 0.5000786529 0.5000334070 0.4000169357 0.5000409145 0.4999836924 0.5000577655 0.5997795914
0.0397088901 0.0560342020 0.5999510047 0.4000467849 0.5000430708 0.5000686675 0.5000229101 0.4000206297 0.5000367397 0.4999756851 0.4999813868 0.5996822138
0.3447241702 0.5895751475 0.5999524975 0.4000586837 0.5000357102 0.5000683739 0.5000003739 0.4000162169 0.4999948754 0.4999761501 0.5000072466 0.5997889043
0.8470442882 0.0457089299 0.5999746550 0.4000471059 0.5000187917 0.5000679467 0.5000368664 0.4000107891 0.5000464234 0.5000113678 0.4999853061 0.5997846493
0.8406413169 0.6273095535 0.5999452128 0.4000486372 0.5000209066 0.5000686789 0.5000286934 0.4000190868 0.4999969153 0.5000137840 0.5000300410 0.5997838036
0.3351288930 0.4206639619 0.5999750507 0.4001171921 0.5000184151 0.5000675472 0.5000648265 0.4000005614 0.5000363754 0.4999874649 0.5000097464 0.5996597982
0.5929173565 0.8901631851 0.5999502087 0.3999821120 0.5000496372 0.5000713094 0.5000659826 0.4000219057 0.4999977856 0.5000260377 0.4999943502 0.5998031078
0.6521347214 0.3305029746 0.5999595992 0.4000466003 0.5000097277 0.5000805127 0.5000212330 0.4000107749 0.5000612089 0.4999551753 0.5000063608 0.5995818838
0.5184680481 0.7842740733 0.5999405175 0.3999972813 0.4999759948 0.5000687399 0.5000227813 0.4000057155 0.5000311453 0.5001026268 0.5000108195 0.5997954344
0.1564690320 0.3964048529 0.5999523980 0.3998985657 0.5000227317 0.5000806655 0.5000517024 0.4000080337 0.5000577220 0.4999994727 0.4999897343 0.5998033153
0.6882075513 0.9468890389 0.5999514859 0.4000595255 0.4999815401 0.5000824090 0.5000291159 0.4000159591 0.5000003721 0.4999836924 0.5000521043 0.5998135161
0.3473366837 0.3607334603 0.5999546240 0.4000422686 0.5000146442 0.5000689865 0.5000219677 0.4000112773 0.5000227940 0.4999565049 0.5000072246 0.5998019746
0.6765579543 0.6388382832 0.5999540121 0.4000640161 0.4999576549 0.5000783510 0.5000215566 0.4000106906 0.5000273913 0.4999812594 0.5000144680 0.5997800946
0.2533675389 0.1011019543 0.5999766223 0.4000442377 0.5000514922 0.5000802244 0.5000672937 0.4000204559 0.5000380599 0.4999833838 0.5000091013 0.5998106002
