0.9999371252 0.9998557428 0.4996430286 0.4998390025 0.4999988583 0.4998862969 0.5001293315 0.5000812836 0.5005125333 0.4995879903 0.4999691386 0.4995581951
0.9999174567 0.0004142776 0.4999756209 0.4997840720 0.4999969998 0.4996337838 0.4997312023 0.4999653477 0.5003578512 0.4999746264 0.4999741602 0.5000115420
0.0000073842 0.0199402951 0.5001460572 0.5002418439 0.4999849816 0.4997472403 0.5000993932 0.5000612795 0.5003582561 0.4999753795 0.4999818091 0.5000938198
0.6725198638 0.5875508173 0.5002958501 0.5007387556 0.5006304111 0.5001707509 0.4990775575 0.5001251523 0.5012601849 0.5018017364 0.4999720481 0.5003842663
0.1150811892 0.7832837536 0.5011935754 0.5009830765 0.5010535708 0.4995967127 0.4997100048 0.5002264205 0.5014689067 0.4996453902 0.4971833487 0.4945419253
0.0946821233 0.2985213608 0.4999459118 0.5008776440 0.5005358990 0.4970430541 0.4997462131 0.4998585856 0.4978398432 0.4999122569 0.4999709625 0.5003691269
0.0811745148 0.7097239400 0.4996467206 0.4997609451 0.5000680462 0.5015277137 0.4995150986 0.5003938976 0.4953721709 0.5000717469 0.5003496971 0.5000259509
0.6304754957 0.8764989643 0.4983581454 0.5002681739 0.4964520072 0.5006448654 0.5001009376 0.4999868445 0.4964948102 0.5000710530 0.5004669133 0.4996570630
0.1070349500 0.2295327186 0.5002359885 0.5001830965 0.5021970156 0.5003308152 0.5003642277 0.5001236150 0.5004238662 0.5003987995 0.5000131549 0.4992395491
0.4390818410 0.5659965756 0.4999481015 0.5005736832 0.4994975157 0.4987365843 0.4997658596 0.5000266559 0.5004343423 0.5012226313 0.4971954637 0.4999358780
0.8318925444 0.5210555235 0.4996333145 0.4999674720 0.4995063644 0.4993874038 0.5006700573 0.4995194798 0.4998881295 0.5005011117 0.4997152982 0.5004198989
0.8019476683 0.3882778062 0.4999166928 0.4996704073 0.4991746451 0.4977428930 0.4998780975 0.5000814613 0.4263820239 0.4998542498 0.5005123972 0.5003544161
0.6352902847 0.6628935221 0.5002506000 0.5026953985 0.5037859101 0.4998445801 0.5006927193 0.4999212287 0.5011973414 0.5001637555 0.5004197043 0.5007687563
0.3897221660 0.6837984194 0.4998433920 0.4996507453 0.5006284342 0.4994807444 0.4992162506 0.4998375437 0.5000564199 0.4999044354 0.5004746349 0.5003821806
0.8627387618 0.5804584655 0.5001677983 0.4998367125 0.5004688166 0.5049040656 0.4994830969 0.5003985750 0.5002841400 0.4826834099 0.5016499652 0.4994330510
0.0372099961 0.6525997394 0.4319294978 0.4998496996 0.5009775876 0.5050682861 0.4993740097 0.5003359429 0.5025241467 0.5002140676 0.4850854969 0.5005616571
0.2031171234 0.3380211977 0.5011015271 0.5007401750 0.5014159022 0.4994479019 0.4991525715 0.4993903186 0.4998782758 0.4996288001 0.5000934882 0.5004226724
0.1557762381 0.6585644646 0.4999063341 0.4996622866 0.5005709676 0.4967821378 0.4997462131 0.4998377467 0.5001883361 0.4999044354 0.5002802606 0.5003684540
0.5733372763 0.2768440659 0.4993246464 0.4996810264 0.5005838661 0.4990332190 0.5004023880 0.5003664987 0.4977240403 0.4999774413 0.4999681005 0.4998458784
0.1763035484 0.0676290954 0.4999230012 0.5000254581 0.5009523161 0.5013776351 0.5000934362 0.4998441928 0.4989293605 0.5001471534 0.4975665947 0.5003915700
0.0105438181 0.1573459822 0.5003587557 0.4997248787 0.5004550441 0.4998454536 0.4996596458 0.5004008696 0.5002571986 0.4997188607 0.5090030536 0.4994694045
0.3769649047 0.7053675236 0.4987514821 0.5003605775 0.4995038628 0.4721270821 0.5012886726 0.5003071325 0.5014957803 0.4998494125 0.5001927300 0.4949187819
0.0467408486 0.2005685934 0.5002236527 0.4998490137 0.4996778898 0.4988017490 0.4997107118 0.4993987681 0.5016717213 0.4980125618 0.5006606761 0.4991390026
0.4434364980 0.2600819313 0.5009652085 0.5001166707 0.2971818892 0.4993937382 0.4988377611 0.5006953405 0.5003923531 0.4997790666 0.5024810225 0.5021692209
0.0265906544 0.7832837536 0.5011935754 0.5009830765 0.5010535708 0.4995967127 0.4997100048 0.5002882097 0.5014689067 0.4996453902 0.4972198263 0.4949184066
0.4183152979 0.9906029495 0.5005530460 0.4996631119 0.4998417818 0.5002570123 0.5005953119 0.4993548659 0.5003643318 0.4999326167 0.5004232292 0.5000456875
0.7100198414 0.5875508173 0.5002958501 0.4993504623 0.5007744065 0.5001915764 0.4990775575 0.5001175299 0.5012601849 0.5018017364 0.4999720481 0.5003842663
0.4049826022 0.2181325525 0.5001211648 0.4999977298 0.4971847203 0.5044683216 0.5009179941 0.5002071051 0.4980806930 0.5023670070 0.5002160574 0.5005122946
0.2333637333 0.8324498931 0.4984658643 0.5007565021 0.4999539556 0.4996281004 0.4993003240 0.5002057391 0.5003417919 0.4958567644 0.5002529292 0.5004883534
0.2133706076 0.2387748643 0.5126451780 0.4996710671 0.5002879210 0.5061763981 0.4993123656 0.5000815714 0.4999743252 0.5018927451 0.4997370668 0.4957469911
0.2384518311 0.2295327186 0.5002359885 0.5001939249 0.5021970156 0.5015043096 0.5003642277 0.5001678590 0.4997857842 0.5003965215 0.5000056636 0.4994327914
0.1689984586 0.9103972746 0.5000940949 0.5393343911 0.4999122370 0.4998862969 0.5000873922 0.5000521251 0.5005125333 0.4996732065 0.5162324545 0.4995640054
0.2582128558 0.2295327186 0.5001321134 0.5001830965 0.5021970156 0.5015283790 0.4996586085 0.5001678590 0.5003979730 0.5018268602 0.5004541849 0.4994327914
0.0289556445 0.5210555235 0.4996975332 0.4999046525 0.5014015651 0.4993747968 0.5006700573 0.5003045005 0.4997533876 0.5008924896 0.5010314010 0.5004198989
0.0000073842 0.4244114366 0.5008145163 0.5091384378 0.4999849816 0.4997472403 0.5001783415 0.5000612795 0.5017648796 0.4999753795 0.4999818091 0.5000938198
0.3957833237 0.9702424534 0.5008843355 0.4997611297 0.4998095070 0.4996084431 0.4991956363 0.4997526170 0.5003811637 0.4999801403 0.5004762868 0.5006246444
0.0641405748 0.8715778111 0.5001181602 0.5002625133 0.4999859718 0.4993465755 0.5000235738 0.5000609775 0.5003092845 0.4999753795 0.5001795132 0.5003597193
0.1259030058 0.0447817015 0.4986824715 0.5002617246 0.4995224424 0.4986043760 0.4990008670 0.4998346016 0.5096155168 0.4998193717 0.4972913042 0.5010387171
0.0743564144 0.9062715189 0.5002605973 0.5024506049 0.5029158611 0.4992285851 0.4994539890 0.5004109734 0.5019391431 0.4999170397 0.5004665982 0.5016498188
0.1476627891 0.2549293383 0.4994436359 0.4996687251 0.4999410853 0.5001047058 0.4997140196 0.5000877276 0.5007450941 0.4994484655 0.4992444432 0.5003585038
0.7875210201 0.1966090386 0.4997520156 0.4999683927 0.4991197466 0.4985249504 0.5008646622 0.5002798206 0.5003501155 0.5019058038 0.4997343883 0.5003941195
0.4183152979 0.9978673167 0.4985208614 0.4996631119 0.4998417818 0.5002570123 0.5005953119 0.5002853208 0.5004911829 0.4999398804 0.5004232292 0.4955564063
0.5368425308 0.6585644646 0.4999198123 0.4996622866 0.5005358990 0.4970430541 0.4997462131 0.4998303469 0.4976767522 0.4999044354 0.5002405284 0.5003691269
0.0598678744 0.8442103990 0.4999453492 0.5001139681 0.4997163061 0.4978052039 0.4996353678 0.5001134389 0.5001070284 0.4998538591 0.4981276714 0.4995891146
0.5921361560 0.9364021970 0.5082231484 0.5001483632 0.5463201461 0.5074429403 0.4996537627 0.5003788878 0.5004580627 0.4993271501 0.4704222998 0.4995673984
0.5615201754 0.5878532211 0.4990061741 0.4996810264 0.5010081294 0.4989686111 0.5007070169 0.5002664447 0.4982112582 0.4998438300 0.5024022244 0.4997380554
0.0344584148 0.6613767286 0.5001590196 0.5015754119 0.5014932458 0.4990127644 0.5009452448 0.5001000794 0.5003828331 0.4999531199 0.5002855853 0.4995566533
0.2808040811 0.5434007835 0.4999073657 0.5008470357 0.5920379256 0.5007476824 0.4997140196 0.5000734345 0.5012299703 0.4998538591 0.5000396998 0.5003544161
0.2707679639 0.0102819207 0.4997520156 0.4999683927 0.5000160046 0.4995786545 0.5008646622 0.5002798206 0.5003563077 0.5002961493 0.4997343883 0.5004734838
0.2702498593 0.4740190116 0.5000866853 0.5002434270 0.4991358921 0.5000245729 0.4997782651 0.4995765382 0.5143483712 0.5002702187 0.5001927300 0.4955540427
0.2106370071 0.5190986891 0.5009659745 0.5005760779 0.5002726320 0.4998562509 0.4990663544 0.5006980857 0.4998577928 0.4999288757 0.4977409612 0.5010496785
0.3182832401 0.5434007835 0.4999073657 0.4994587423 0.4996809256 0.5007685080 0.4997140196 0.5000658122 0.5012299703 0.4998538591 0.5000396998 0.5003544161
0.6586124887 0.8725361734 0.5001117582 0.5008189663 0.5005741842 0.5040195738 0.5011917499 0.4997956506 0.4983711565 0.5012766642 0.5002080834 0.5003932565
0.5133320622 0.6585644646 0.4999063341 0.4996622866 0.5005358990 0.4970430541 0.4997462131 0.4998377467 0.5016260225 0.4999044354 0.5002802606 0.5003821806
0.8231796029 0.5804584655 0.5001620404 0.4998461602 0.5004864478 0.4998852538 0.5006480990 0.5003985750 0.5002445251 0.5001806673 0.5621732543 0.4994330510
0.3516073718 0.5288266758 0.4996467206 0.4997740996 0.5004692965 0.5015036444 0.5006540904 0.4997976230 0.5116063089 0.5000717469 0.5091685967 0.4998937090
0.3630319648 0.1975372039 0.5005963854 0.4996824052 0.4976786132 0.4994336507 0.5009782975 0.5017885265 0.4970770531 0.4999909795 0.5004356461 0.5001880696
0.0467408486 0.7260072350 0.4996724196 0.5483188928 0.5011556182 0.4991182526 0.4995245742 0.5002943298 0.5024870521 0.4802005294 0.4977337642 0.5002758853
0.6372185269 0.5585173408 0.5002407658 0.5026953985 0.5033355809 0.5002855308 0.5013690577 0.4997943481 0.5022755960 0.5611300053 0.5001994144 0.5003640038
0.3224209238 0.9998557428 0.5011693568 0.4998390025 0.5000280417 0.4998862969 0.5000252642 0.5000812836 0.5005125333 0.4995879903 0.4999691386 0.4995581951
0.3376597883 0.5434007835 0.4999208439 0.4994587423 0.4996809256 0.5007685080 0.4997140196 0.5000658122 0.5011979201 0.4998538591 0.4999999676 0.5003548623
0.6812995413 0.1971542176 0.5008816884 0.5096292075 0.5006214907 0.5045133268 0.5009889849 0.5001251175 0.6031604438 0.4997541227 0.5009702524 0.5004200298
0.4632106752 0.5691287919 0.4987723485 0.5001770878 0.5112002645 0.4983324856 0.5003675187 0.5002827561 0.5009403015 0.5004253289 0.4999912242 0.5007687563
0.5492408842 0.6496278612 0.4314350855 0.4998496996 0.5009775876 0.5041791200 0.4988191448 0.5003359429 0.5025241467 0.4999216617 0.4850854969 0.5005616571
0.1457077196 0.3380211977 0.5011015271 0.5007401750 0.5014159022 0.4999341851 0.4991525715 0.4996850336 0.4998782758 0.4995827570 0.5000934882 0.5004226724
0.3768061941 0.6053330460 0.4986540983 0.4996039797 0.5009849183 0.4990332190 0.4995214758 0.5003628411 0.5095348163 0.4999306312 0.5000782062 0.4996131951
0.3074617568 0.5875508173 0.5003559720 0.5974676950 0.5006230171 0.5001623498 0.4990775575 0.5001280908 0.5012601849 0.5018017364 0.4999720481 0.5003842663
0.1530128444 0.0169460967 0.4999141913 0.4970311507 0.5002436914 0.4990954713 0.5000934362 0.4998113268 0.4989293605 0.4999306312 0.5002450098 0.5004000183
0.8207509164 0.3823406200 0.5001620404 0.4998461602 0.5005462481 0.4998749445 0.5005498565 0.5001482344 0.5002445251 0.5001806673 0.5621732543 0.4994330510
0.1932376753 0.3669236011 0.4996312634 0.4997688417 0.5000429968 0.4989968491 0.5006543351 0.5001027698 0.5092367928 0.5000517158 0.4996660284 0.4995581951
0.3292609982 0.3326190798 0.4996467206 0.4997717735 0.5002041900 0.4997979038 0.4995152922 0.5000760120 0.5111396990 0.5000717469 0.4997193041 0.4999774228
0.6043135815 0.3332731780 0.5001394770 0.5006456713 0.4989996849 0.5040195738 0.5012514015 0.4997956506 0.4983711565 0.5012673584 0.5002080834 0.4950401922
0.3744613636 0.8442103990 0.4997238485 0.5001008707 0.4978505514 0.4978140908 0.4996464773 0.5017321366 0.5019494560 0.4998567550 0.5002002670 0.5007623006
0.4527892224 0.6253975552 0.4993913833 0.5002264110 0.4999400039 0.4549730682 0.4997766628 0.4992613829 0.5007004714 0.4967291719 0.5003280921 0.5004053393
0.3470112794 0.8324498931 0.4998261987 0.5007132662 0.5001668224 0.4996281004 0.4993003240 0.5002057391 0.5003417919 0.4999545262 0.5002529292 0.5004883534
0.0851571946 0.6108707731 0.5004930906 0.5001483632 0.5009351533 0.5054155391 0.4996568387 0.5003606148 0.5003951788 0.5002373045 0.4704222998 0.5008136723
0.9178989473 0.9837132218 0.4996430286 0.5002853370 0.4999986511 0.4998862969 0.5001295143 0.5000521251 0.5005125333 0.4996732065 0.4999691386 0.4995581951
0.2978357216 0.6576832591 0.4998959845 0.5096292075 0.4997848016 0.5012123392 0.5009107705 0.4999543721 0.5061146764 0.4991281132 0.4996798769 0.4999771408
0.1299869457 0.2981305763 0.5002930848 0.5001732980 0.5000079893 0.5007997273 0.5004282098 0.5010851476 0.5004142344 0.5072900531 0.4991369097 0.5003361034
0.6411804544 0.5691287919 0.5002407658 0.5026953985 0.5033355809 0.4998522604 0.4996439463 0.4999212287 0.5022755960 0.5001089568 0.5004121845 0.5007687563
0.2716396462 0.2387748643 0.5160713353 0.4997392888 0.5002880443 0.5061763981 0.4993463410 0.5000815714 0.5003566494 0.5018927451 0.5092063215 0.4998639636
0.5609429589 0.1368015318 0.4996828418 0.4996039797 0.5009849183 0.4990332190 0.4989102587 0.5003377070 0.4976933474 0.4999349710 0.4974794280 0.5005237785
0.5235794877 0.3353493157 0.5002510580 0.5005324659 0.5027305098 0.4705697146 0.5003642277 0.5001678590 0.5004233349 0.5020179348 0.5000131549 0.4994327914
0.7506458165 0.1966090386 0.4997520156 0.4996533756 0.4991197466 0.4989445316 0.5006762485 0.5002676485 0.5003501155 0.4997585532 0.4997803362 0.5003941195
0.1813213347 0.5210555235 0.5011596426 0.4999674720 0.4995355477 0.4993874038 0.5005659900 0.4995194798 0.4998881295 0.5005011117 0.4997152982 0.5004198989
0.0052572682 0.5013163602 0.4999690643 0.5483188928 0.5000745554 0.4991156119 0.4997825900 0.5002861995 0.5016469180 0.4802005294 0.4977337642 0.4999851392
0.6082755090 0.3438865996 0.5001394770 0.5006456713 0.4989996849 0.5035863034 0.4995262901 0.4999225312 0.4983711565 0.5012673584 0.5004208536 0.4954449446
0.6812995413 0.4460352345 0.5008816884 0.5096292075 0.5006309654 0.5045133268 0.5009889849 0.5001843723 0.6031604438 0.4997541227 0.5009445343 0.5004200298
0.0527855773 0.2841145807 0.5001978974 0.5007461453 0.5199116508 0.4998362094 0.5001202452 0.5003797512 0.5001666755 0.4997805759 0.5073238718 0.5008079091
0.5193932636 0.9408821085 0.5009472776 0.4997726710 0.4997169719 0.4971707528 0.4997255988 0.4997528200 0.5019507663 0.4999801403 0.5002819125 0.5006246444
0.2641663622 0.5190986891 0.5020318654 0.5006442996 0.5002727553 0.4998562509 0.4990663544 0.5006980857 0.5009594519 0.4999288757 0.4979803179 0.5008612238
0.8627387618 0.1660317622 0.4994596919 0.4997248787 0.5004688166 0.4998454536 0.4996245685 0.5003985750 0.5002841400 0.4997188607 0.5621732543 0.4994330510
0.7947574051 0.9130190191 0.5003734641 0.4996393268 0.5012775030 0.4990216596 0.5007086616 0.5004664702 0.5010530048 0.5001594398 0.4997343883 0.4994925271
0.0642895805 0.9062715189 0.5002605973 0.5024506049 0.5029158611 0.4992285851 0.4994539890 0.4999154130 0.5019841127 0.4999170397 0.5001794122 0.5016498188
0.1348458940 0.3599660395 0.5001221322 0.4998373485 0.5030633618 0.4981232765 0.5000852507 0.4999121302 0.5020638163 0.5000648447 0.5155987561 0.4994676807
0.8464142535 0.7192112999 0.5001620404 0.4996174554 0.5004688166 0.4998273027 0.5006456887 0.5002852221 0.5002841400 0.4997807589 0.5621732543 0.5003795933
0.3661303384 0.0620520038 0.4996734200 0.5003271414 0.4999565330 0.4996126673 0.4996912090 0.5000612795 0.5003582561 0.5000381294 0.4971317664 0.5000938198
0.5951111369 0.2532633617 0.4999764210 0.5008250188 0.4968569520 0.5040195738 0.5012514015 0.4997956506 0.4983711565 0.5012766642 0.5002080834 0.5003919592
0.5470845356 0.7023956446 0.4991004228 0.5002434270 0.4989997483 0.4991354067 0.4989651907 0.5001754314 0.4987834266 0.4999778129 0.5001927300 0.4956862845
0.3470614735 0.3882778062 0.4999166928 0.4996760045 0.4991746451 0.4995203503 0.4998780975 0.4997429402 0.4948004205 0.4998260242 0.5005123972 0.5003544161
