99.6053319019 99.6013063527 -116.5080525673
0.1003651161 91.4594325711 -32.5462274896
98.4017806030 0.1006489687 -36.5449156073
36.1552768804 26.9011343333 -29.0425658483
71.6375600374 51.5364673766 -67.6822832479
52.1573768403 88.2508294169 -74.0564273973
98.9585785208 94.2609552362 -112.1502536772
68.9602523699 80.3503857132 -79.4319911882
58.1967657961 12.0564628239 -31.7364015146
56.1919188296 62.2760449686 -64.8355699962
88.2692219153 81.5507993153 -96.6364313317
5.4302933114 98.2416676761 -57.6926848996
90.9074702300 60.3278907935 -84.5402540621
9.6237416054 28.3386856864 -19.3892233913
44.9011126438 0.1138616006 -24.8594859358
46.8546869038 52.9383311789 -54.1804153389
56.1918849658 46.1962915676 -52.5197800543
93.6117429655 88.9865131418 -103.3485262028
89.5553366994 44.9029293268 -75.4507977802
88.2692800634 42.8423052505 -71.9400087905
77.6466745056 69.6835251146 -77.6919689453
74.2350115818 81.5508126408 -87.3830669338
63.0226259714 41.0081017200 -51.2609965862
14.9538915105 8.0869270207 -9.7590367379
34.8760152349 55.6378437559 -49.8504290144
24.1806750130 95.5605880716 -65.4703734814
28.3232592570 55.6378496064 -46.2904865708
99.6053369356 57.5659600283 -90.8125873627
92.9022902434 82.9095868088 -100.9445892484
96.2523223564 18.6080020927 -55.5488856867
96.9749437324 48.2621245340 -82.4869627531
26.2321121121 23.7407415451 -22.7020102316
32.2510108671 49.5749810767 -46.7030691433
25.6310881035 44.9029361673 -39.6823741795
6.8016571809 8.8641785701 -6.2649571882
60.9620305218 99.6013393117 -93.0689376278
39.6463146065 58.3420287450 -51.5127374353
78.9702559517 14.7526678348 -47.9493760569
15.6159085495 6.5058418674 -8.8110816280
49.6564976163 39.4798132226 -42.8069938601
74.3333301240 36.2091126332 -58.4606644640
10.8609533389 22.7839676405 -12.4205384262
0.1003667614 89.0175605146 -43.6763287451
32.3130697119 66.2668877029 -56.2156854377
48.8464882915 96.9241111214 -80.3045808757
13.5262154197 32.1525887835 -19.9724786666
76.2883634124 85.5518596407 -91.4516470484
53.5335366465 0.1138640460 -27.5649480299
97.6533665830 96.9240886267 -110.1431283843
96.9749624885 76.9327030691 -99.4343724761
96.3652938578 17.1093374751 -49.0348811580
85.5697525726 91.6483283083 -99.7854705969
16.2785031762 20.1248080900 -15.8058310382
73.0611458522 80.2257369632 -73.8567582573
62.2342458364 88.2863120180 -86.4933417351
12.0194058715 1.7596887093 -0.6154901307
12.9277495668 32.9769050323 -25.1853129411
2.8273724837 4.8384255190 -2.5153389340
30.3054980306 63.6250713010 -53.2546000105
3.0221402657 6.9476267959 -4.4672817428
64.8638671165 78.8273133808 -69.1075796870
81.0472368691 4.1403731103 -35.9519147161
19.5412945472 10.4761751045 -11.4865412063
84.3484536998 74.2333449303 -84.4519069737
53.5335801617 19.5407187432 -38.1671060553
90.9725895798 97.5562517563 -106.0094259969
26.2622856423 81.5508034939 -60.0113418135
16.2463523073 21.6961996839 -18.7610254188
40.8719660981 36.8714558211 -41.0384362668
82.3650404537 0.7576797268 -38.0624343924
66.2738095728 43.6583914186 -61.8738801404
22.8725874049 68.2537816008 -48.9519691581
47.5199524398 66.3371343853 -58.1763574884
91.0203005609 33.7450625235 -56.1679607781
35.4689334922 19.0236960026 -21.6718529499
99.6049112319 96.9240898539 -114.8240185930
84.3484562775 73.6449693022 -83.2612516752
0.1003874440 76.6790973583 -4.9919371330
46.8546733101 79.5489022061 -67.2412343522
33.6781611586 37.7066312625 -34.5800156355
2.2693937542 85.5519084100 -48.1978088745
16.2784934720 21.1204635489 -13.5484384183
66.2738615927 26.2483852818 -53.3717756293
8.9457193423 4.2016895564 -6.4091021485
99.6053380190 92.2059639608 -107.8029931960
42.2660557491 83.5550063610 -71.0071750313
42.1747479920 80.9589616662 -66.5368986345
91.6339788165 68.2537971726 -91.6322567284
84.3484761817 91.6290794270 -94.7971574354
15.6187129829 26.1084303240 -16.1729952698
30.3174181187 63.6250642224 -52.8510510050
49.6565107772 36.8942296612 -47.2491959101
22.2851355027 12.9808966334 -19.2380708677
33.6781611586 37.7066312625 -34.5800156355
66.2738559834 31.1754250659 -41.2366936173
42.2541257268 83.5550134388 -70.9120681665
64.8638671165 78.8273133808 -69.1075796870
96.8895755846 71.5491567922 -93.5875117019
66.2738231597 44.2263508459 -63.1749951617
19.5412945472 10.4761751045 -11.4865412063
