-0.4460653741 -0.4440318550 -0.4486026376 -0.4490223174 -0.4465961229
0.4438602806 0.4453954172 0.4488053240 0.4466131129 0.4525676660
0.0138361021 0.0249690644 0.1005246432 0.0430015927 0.1150037995
0.0363946543 -0.0795949458 -0.0738729669 0.0055216266 -0.0378345382
-0.1333543525 -0.0873560967 -0.0621289020 -0.1399127627 -0.0856347494
-0.1111383249 -0.0795949458 -0.0738729669 -0.0569010740 -0.0378345382
-0.1860485989 -0.1346519314 -0.1857324853 -0.2047043549 -0.1821279650
0.0501581272 0.0574474413 0.0176979151 -0.0303339141 0.1511366709
0.0198531133 -0.0920534313 0.0013634676 -0.0349369054 0.0103436454
-0.1773437984 -0.2755283720 -0.2617095577 -0.2347910038 -0.2376906874
-0.2961762650 -0.2557410471 -0.2761006736 -0.2905027902 -0.2746651933
-0.4003943614 -0.3571820817 -0.4121987638 -0.3597633569 -0.4064311757
-0.1399739536 -0.1405715467 -0.1184002550 -0.1968229087 -0.1843859428
-0.1627542164 -0.2564773704 -0.2393635545 -0.1863318255 -0.2351215509
-0.1249254886 -0.0042318795 -0.1069414117 -0.0718666964 -0.0298838278
0.1546172016 0.0418915822 0.1045454911 0.0912719787 0.1482384991
0.3045310008 0.3251563604 0.3077713135 0.3394269516 0.3029609208
-0.0358658487 -0.0841057572 -0.1048145544 -0.0412117500 -0.0232309673
0.4413802716 0.3432913517 0.4497038663 0.4466131129 0.3647248831
0.3114344943 0.4254799216 0.4397975079 0.3442638961 0.2981415548
-0.1878096375 -0.1063279282 -0.1536666978 -0.1873205932 -0.0160525756
-0.3202977929 -0.2804353816 -0.3294310991 -0.2905027902 -0.2679472392
-0.1040071668 -0.1132818703 -0.1069414117 -0.0364750016 -0.1008183930
0.1369391135 0.0343164923 0.1004156843 0.0912719787 0.1482384991
0.2930974339 0.3418264779 0.3112040449 0.3198086473 0.2867653208
0.3411070232 0.3201885584 0.2539928864 0.2252226837 0.2791573471
0.1897780630 0.1587000368 0.2058957671 0.1171735549 0.1235181114
0.0794991397 0.0594046321 0.2052896147 0.1754874938 0.1449428333
0.0576403928 0.1633480771 0.1271102762 0.1653145599 0.1236638029
-0.1878096375 -0.2417303277 -0.1843313540 -0.1941589977 -0.1821279650
-0.1111383249 -0.1373918176 -0.0738729669 -0.0590035515 -0.0378345382
-0.0328591748 0.0225033652 -0.0950370370 0.0553945480 0.0031019509
0.1502433477 0.1230592160 0.2058957671 0.1171735549 0.1081176926
0.1883934619 0.2018859067 0.1083108347 0.2369760483 0.1713287166
-0.3215272378 -0.2517947779 -0.2303987461 -0.2376995072 -0.2673345195
0.0004784490 -0.0795949458 -0.0699944028 -0.0297798547 -0.0293643745
-0.2896719792 -0.3571820817 -0.4121987638 -0.3597633569 -0.4064311757
0.0004784490 -0.0795949458 -0.0692572191 0.0055216266 -0.0350570791
0.0762258119 0.0552699277 0.1065923665 -0.0012384061 0.1774098271
0.0268559459 0.0284194931 0.0080535293 0.0068562584 0.0263883591
0.3411070232 0.2703494735 0.2539928864 0.2252226837 0.2791573471
0.3006956211 0.2221066378 0.2392590480 0.2402433780 0.3199937440
0.0198531133 0.0205281778 0.0367911219 0.0199220086 0.0297498279
0.0814586810 0.1938128298 0.1666598641 0.2413046424 0.1752866857
-0.0358658487 -0.0841057572 -0.0533012315 -0.0412117500 -0.0232309673
0.0762258119 0.1434975724 0.1065923665 0.0062864480 0.1253329014
-0.3042364674 -0.3249018860 -0.4483152802 -0.2478429572 -0.3506797740
-0.3285208571 -0.3149156489 -0.3294662678 -0.4431593160 -0.2940138492
-0.4003943614 -0.3486433608 -0.1569947159 -0.3597633569 -0.3939174218
-0.1172130126 -0.1132818703 -0.1613600641 -0.0556694883 -0.1001103090
0.2092758769 0.2063429285 0.3145840434 0.3068318905 0.1423022754
0.3151731736 0.3422343803 0.3809106950 0.3199815801 0.3460892992
-0.1877279069 -0.1202804429 -0.1159504178 -0.1975063032 -0.2467071667
-0.1136496159 -0.0973406638 -0.0621289020 -0.2008586638 -0.0958368769
-0.4212595306 -0.4411815547 -0.4483152802 -0.4598353473 -0.3506797740
-0.0256590885 -0.0841057572 -0.1157822303 -0.0359470980 -0.0054916750
0.2047297143 0.1894629958 0.1666598641 0.2413046424 0.1752866857
0.2033623299 0.2018859067 0.2942692116 0.2428834891 0.1332432743
0.0590774352 0.1938128298 0.1666598641 0.2432896646 0.1625994336
0.0576403928 0.0751204325 0.1271102762 0.1577897058 0.1757407286
0.0576403928 0.1106722617 0.1271102762 0.1649156602 0.1235118360
0.0624873168 0.0565441705 0.1014246696 -0.0016339410 0.1174683699
-0.3770877920 -0.3353197043 -0.3492580165 -0.3687553128 -0.3170671790
0.3313754138 0.3356987279 0.2367441870 0.3215211884 0.2543104547
-0.1877279069 -0.1202804429 -0.1159504178 -0.1975063032 -0.2467071667
-0.1440552897 -0.1197650058 -0.1171575546 -0.1849728654 -0.1223811159
0.0624873168 0.0565441705 0.1014246696 -0.0016339410 0.1174683699
-0.0006997780 0.0557036760 0.1179257559 -0.0013217569 0.0158664450
-0.3215272378 -0.2517947779 -0.1718484890 -0.2376995072 -0.2744786964
0.2036978452 0.1727926439 0.1993115285 0.1754498250 0.1278750437
-0.1878096375 -0.2354327557 -0.1536666978 -0.1941589977 -0.1821279650
0.2036978452 0.1952745868 0.1993115285 0.1754498250 0.1751632679
0.3006956211 0.2233356402 0.2392590480 0.2450524925 0.2647790238
0.1883934619 0.2018859067 0.2763605094 0.2428834891 0.1713287166
-0.3280673006 -0.2517947779 -0.1718484890 -0.2376995072 -0.2744786964
0.0138021767 0.0205059722 0.0971562634 0.1030746465 -0.0125140831
0.1812009329 0.3155908684 0.1384329490 0.2438761561 0.2597886544
0.1369391135 0.0343164923 0.1004156843 0.0550683906 0.1482222997
-0.1551747802 -0.1123299935 -0.1171575546 -0.1617651090 -0.2110706529
0.2629405274 0.2640543299 0.1718952259 0.2285404784 0.2791573471
0.0506656745 0.0574474413 0.0114630849 0.1260451946 0.1511366709
-0.1878096375 -0.2354327557 -0.1536666978 -0.1941589977 -0.1821279650
0.0474336326 0.0269362135 0.0184825124 -0.0768717526 -0.0243876202
0.4469285068 0.3432913517 0.4497038663 0.4466131129 0.3647248831
0.0363946543 0.0884102896 -0.0738729669 0.0055216266 -0.0378345382
-0.1040071668 -0.0897456950 -0.1069414117 -0.0402560006 -0.1008183930
-0.1388214979 0.0063032294 -0.1171575546 -0.1968229087 -0.1843859428
0.0626348337 0.0284194931 0.0075148365 -0.0630145734 -0.0066483279
0.1877776130 0.2640475488 0.1420503168 0.2352756231 0.1904266953
-0.1758889207 -0.2753926237 -0.2629038251 -0.1936043480 -0.2369915934
-0.1860485989 -0.3248352445 -0.1698610386 -0.1962510830 -0.1821279650
-0.3132953475 -0.2845194017 -0.3294662678 -0.3159884851 -0.2672956846
0.2383449997 0.1230592160 0.1902598624 0.0790274342 0.1036557759
-0.2934838338 -0.2269588194 -0.2761006736 -0.2905027902 -0.2525686572
0.3313754138 0.3356987279 0.2367441870 0.3215211884 0.2543104547
0.0624873168 0.0564376787 -0.0350484777 0.0136726153 0.1053988905
-0.1360308617 -0.0973406638 -0.0621289020 -0.2008586638 -0.1085241290
-0.1399739536 -0.0827746749 -0.1184002550 -0.1947204312 -0.1843859428
0.0506656745 0.0574474413 0.0114630849 0.1260451946 0.1511366709
0.0624873168 0.0299805110 -0.0517083357 -0.0016339410 0.1174683699
