0.9821259859 0.0001015348
0.0001543753 0.9811943952
0.9668118417 0.0312701857
0.6421953706 0.6283787698
0.4007303676 0.8105132906
0.5246861592 0.7273590640
0.8720333306 0.2810194943
0.2709190693 0.8763043038
0.3696031737 0.8279668170
0.5895554367 0.6735638134
0.7016956371 0.5635305898
0.9406617883 0.1056760112
0.2940454602 0.8711897471
0.7870704976 0.4366530595
0.8596925468 0.3060640293
0.8066188422 0.4091780727
0.7175575190 0.5458649283
0.8017320779 0.4231974563
0.9791200166 0.0045202083
0.5049882190 0.7437235013
0.6317003708 0.6424829976
0.8507235994 0.3284920510
0.0419754943 0.9619116881
0.9511779556 0.0859530657
0.6629265583 0.6059526646
0.7572509587 0.4892803217
0.0238589059 0.9714886552
0.8777579533 0.2629860839
0.8149683437 0.3889389080
0.6919451800 0.5735185083
0.1282413808 0.9425074506
0.2143906733 0.9015715107
0.3060374793 0.8604034560
0.8419340595 0.3433172506
0.1404484644 0.9298957635
0.4173277165 0.8090225472
0.4665375454 0.7686796240
0.1863669103 0.9132264649
0.0711820145 0.9544771300
0.0677637189 0.9593768048
0.3178519934 0.8562194961
0.1151491306 0.9437027515
0.6197348769 0.6510824133
0.7629044782 0.4786072175
0.9024280219 0.2029124675
0.7784818579 0.4493938664
0.6856315699 0.5868721081
0.9009712259 0.2124828278
0.8367279777 0.3532472163
0.8924970780 0.2274451282
0.8291659033 0.3649244923
0.8834707473 0.2509497780
0.4254693773 0.7976041207
0.4474965600 0.7806321481
0.0916006283 0.9459924818
0.2509877990 0.8884441480
0.0011451824 0.9794822961
0.9205424599 0.1565359301
0.7415605349 0.5162791660
0.7689919033 0.4659733321
0.8572594683 0.3139747806
0.1505793398 0.9271702574
0.4624758276 0.7758150956
0.5407426272 0.7165483356
0.5741739018 0.6873105522
0.4864659080 0.7622168259
0.7308919235 0.5220467833
0.6039640735 0.6601685809
0.9304110181 0.1419718350
0.0325923068 0.9686494193
0.7458119349 0.5054824073
0.8236539772 0.3741719278
0.9141655249 0.1740452275
0.2283283142 0.8934226343
0.6742289441 0.5903402676
0.7756427667 0.4599448624
0.6685979956 0.5962058204
0.9565761503 0.0625519571
0.0944760956 0.9449186920
0.5551554463 0.7049385393
0.4332204116 0.7918330443
0.3632230060 0.8369437134
0.9592327781 0.0542403614
0.4413393919 0.7876901354
0.1656414899 0.9238032125
0.7232964982 0.5381012634
0.3329268522 0.8482914037
0.6103048778 0.6570812742
0.9320863154 0.1401855211
0.1731459164 0.9144786707
0.9096118767 0.1862639402
0.5741739018 0.6873105522
0.4944819127 0.7519286650
0.9186397713 0.1619861089
0.7257945517 0.5292259127
0.8192655234 0.3822883739
0.2322649513 0.8915793917
0.5463431624 0.7096356402
0.3312626962 0.8491887588
0.3473787470 0.8404518451
