-1.1526868165 -1.1512833727 -1.1527877632
0.0000046528 0.0000000001 -0.0000006077
-1.1524775830 -0.0000000143 -0.0000062000
-0.4817579872 0.0000000013 -0.0000024268
-0.4924457076 0.0000000001 -1.1251049074
-0.6261388865 -0.0000000072 -1.0917765883
-0.6014637871 0.0000000558 -0.0000073953
-1.0891082654 -0.5640261724 -1.0940633791
-0.8822939733 0.0000000133 -0.0000062000
-1.0558711852 -0.7743770408 -1.0971742955
-1.0517014644 -0.8105796179 -1.0978933565
-1.0897344950 -0.8593816520 -1.0871370721
-0.6324012188 0.0000000006 -1.1449898353
-0.5315992929 0.0000000098 -0.0000942444
-0.8000426970 0.0000000098 -0.0000023007
-1.1526983332 -0.0000000001 -1.1526520665
-0.9372417457 -0.0000000150 -0.0016668502
-0.7878376436 -0.0000000108 -1.0295408218
-1.0335232904 -0.9310840874 -1.0905274373
-0.8598552555 0.0000013952 0.0010448819
-1.0751264986 -0.9432512772 -1.0872148049
-0.8433939723 -0.0000000004 -0.0000061571
-0.7243482820 -0.0000000007 -0.0000062000
-0.9815718371 -0.0000000160 -0.8787972145
-1.1549839241 -0.5640261724 -1.0940633791
-1.0250808341 -0.0000000001 -0.0000062000
-0.9926639500 -0.0000000144 -0.9919533140
-1.0912584797 -0.0000000143 -1.0807808366
-0.6562699897 0.0000000098 -0.0000942444
-0.6562699897 0.0000000098 -0.0000942444
-1.0585145754 -0.8605170441 -1.0980550390
-0.9906112810 -0.0000000102 -1.0398645166
-0.8914368645 -0.0000000143 -1.0812310412
-0.9153301838 -0.0000000180 -0.0000062000
-1.0310312509 -0.0000000194 -1.0183045520
-1.1079487426 -1.0304590637 -1.0978747432
-0.9806068368 0.0000000012 -0.0000006077
-1.0889155855 -0.0651579025 -1.0104923594
-0.6009847325 -0.0021789434 -1.0708776167
-1.0318241309 -0.7559252827 -1.0907720545
-0.4924457076 0.0000000001 -1.1488933146
-1.1079487426 -0.9906083278 -1.0900209528
-0.9571952628 0.0000000012 -0.9470872783
-0.7711893127 0.0000000006 -0.0000060203
-1.1421655264 -0.9222026974 -1.1527877632
-1.0895223739 -0.6774726885 -1.0896314534
-1.0599612340 -0.9304889621 -1.0980550390
-1.0663620750 -0.0119181338 -0.9537821210
-1.0320766317 -0.8611121694 -1.0905274373
-1.0086926257 0.0000259962 -0.0000237514
-0.6954078046 -0.0000000068 0.0021201982
-1.0595066204 -0.0000000194 -1.0096609090
-1.0530888534 -0.0000000207 -0.0000006077
-1.1106483051 -0.0000000001 0.0079235912
-1.0648604394 -0.7408789973 -1.0528626221
-0.9569722950 -0.0000866096 -0.9818028700
-0.4974316428 0.0000000100 0.0044783739
-1.0379064077 -0.0000000007 -1.0751996149
-0.9924714822 0.0000000098 -0.0000942444
-0.8717794578 -0.0000000194 -1.0096609090
-1.0059776562 -0.0000000352 -0.8821174798
-1.1149713030 -1.0982481592 -1.1376211361
-0.6009847325 -0.0021789434 -1.0708776167
-0.8838909993 0.0002680406 -0.9537821210
-1.0565781236 -0.0021789434 -1.0898047529
-0.9582446514 -0.0000000008 0.0000342430
-1.0748390617 -0.0000000004 -0.0000062000
-0.7467291321 0.0000000605 0.0000357743
-0.5759281149 -0.0000018407 -0.0000060203
-1.0751264986 -0.9432512772 -1.1343586926
-1.0232651275 -0.7559252827 -1.0356082448
-1.1166848746 -0.0000000001 -1.1263987460
-1.0891082654 -0.7192447829 -1.0104923594
-1.0231721445 0.0000000008 -0.9743377335
-0.8211038626 -0.0000000168 -0.0000060479
-1.1288402353 -0.9653167671 -1.0970874881
-1.0665595990 -0.9406043762 -1.0526180049
-0.7662990252 0.0000000006 -0.0002397688
-0.9466856021 0.0000000003 -0.8452516077
-1.0585145754 -0.8300450433 -1.0902798797
-0.5759281149 -0.0000018407 -0.0000060203
-0.9815718371 -0.0000000160 -0.8162765852
-1.0966039094 -1.0510244017 -1.1488663066
-1.0966039094 -1.1207106435 -1.1526388357
-1.1576305426 -1.1512833727 -1.1048055807
-1.0891131965 -1.0976794593 -1.0941574099
-1.1524775830 -0.0000000143 -1.1295893215
-0.8433939723 -0.0000000004 -0.9989970951
-1.0966039094 -1.0817704874 -1.1526388357
-0.9556534468 -0.0000000008 -0.0000018063
-0.8884498114 0.0000000012 -1.0392559482
-1.1237601722 -0.7559252827 -1.0341578551
-0.8200164675 -0.0000020021 -0.0000060203
-1.0070101716 -0.0000000193 -0.7648636768
-0.7401160192 0.0000002047 0.0000357743
-1.1605903521 -1.1523899860 -1.0896314534
-0.9840269719 -0.0005617900 -0.7908636892
-1.0565974935 -0.0021789434 -1.1050510859
-0.6954078046 -0.0000000068 0.0021201982
-1.0933636813 -0.5869336567 -1.0901532743
