0.0000908801 0.4648667021 1.0403885403
0.0228655647 0.0000051157 1.1149376859
1.3155138379 0.0394867646 0.0003256178
0.4195975581 0.0623914165 1.0001764195
1.0000274857 0.0191090425 0.6708054702
0.5753641874 0.0000409793 1.0025371582
0.8404380343 0.0000374547 1.0030886830
0.0000961472 0.2779143318 1.4236487252
0.0019590933 0.0187346905 1.2512037415
0.0000943291 1.2776992190 1.0396023222
0.0959426767 0.4993378823 1.0004775336
0.1048917538 0.9645923700 1.0004159493
1.0162493765 0.8596209661 0.0118120745
0.1825138600 0.2536053797 1.0002585511
0.9999767759 0.0194590386 0.3210198007
0.0071413603 1.0536013529 1.0015443082
0.0001078176 0.2006701108 1.4988325123
0.0001010423 0.5977879977 1.0289530841
0.5218582635 0.0012914096 1.0015092209
1.0038269642 0.0173822510 0.5339070786
1.0209444591 0.8098765976 0.0115609711
0.1266810614 0.0032198290 1.0006918327
0.9995873995 0.3459380800 0.1780794454
0.8824741742 0.0019938489 1.0012320905
1.0029729151 0.7306677475 0.0176501863
0.0550835498 0.3783955313 1.0047342973
0.0209130233 1.2119479373 1.0014525131
1.1954046755 0.0184581618 0.0332412578
1.0002853312 0.0178324110 0.5913951680
0.0001108927 0.2843975884 1.1481708467
0.9292618216 0.0001376256 1.0015669282
0.9999735520 0.0193701284 0.4287525354
0.9580403147 0.0000268049 1.0025352839
0.0077796309 1.1192856052 1.0015405404
0.0261138744 1.1812875931 1.0014539181
1.0019508913 0.0182641283 0.2479072208
0.0624810030 0.0000910658 1.1121836850
1.2309150907 0.0176611300 0.0471943505
0.2177501746 0.0007538351 1.0016575060
0.9998881091 0.3246858260 0.1885155825
0.0001057792 0.2284762002 1.2184981662
0.0407528477 0.1741520248 1.0150430347
1.2779900347 0.0402142458 0.0085596021
0.4141936571 1.0025831615 1.0002059901
0.0282947748 0.4386346217 1.0006757737
1.0000143355 0.0192873929 0.3965947010
1.0019254968 0.1331719397 0.0622121129
0.0075511574 1.1254061408 1.0015399398
0.2476833536 0.0006297878 1.0090283722
1.0001689267 0.6472774457 0.0417999917
1.1491348117 0.0185125618 0.0866229890
0.5675538198 0.0003718421 1.0013370350
0.0007719534 1.0065602031 1.0084021928
1.1725239187 0.0188467703 0.0155730487
0.0057142905 0.0000285955 1.1978239650
1.2965537562 0.0435260875 0.0017817058
0.4001323320 0.1122455959 1.0002759302
0.9999965877 0.0192873929 0.4771593781
1.0039036881 0.0962375360 0.2171995230
0.9996106944 0.1138621649 0.6314936002
1.0635159755 0.0859565048 0.0018314729
0.0001155744 0.1519376754 1.1259509559
1.2460024193 0.0002333942 1.0013787602
0.3805925665 0.0003666726 1.0025442521
1.1158682809 0.0704056169 0.0007400238
0.5218582635 0.0012914096 1.0015092209
0.3261139921 0.0029406639 1.0005836701
0.2704956996 0.0003641419 1.0729132000
0.1048917538 0.9645923700 1.0004159493
0.0061643646 0.0006782763 1.1622984389
1.1492002526 0.0181935157 0.0856626059
0.0001007478 0.6157561135 1.0385416394
1.0814494277 0.0536473865 0.0025022861
0.9996120155 0.6789130700 0.1664519023
0.0038696565 0.7099820657 1.0023885410
1.0003309654 0.6103869487 0.1175798475
1.1061286668 0.0711205848 0.0013869020
0.8407043983 0.0000342769 1.0030538141
0.9999965877 0.0192873929 0.4771593781
0.3003037991 0.1841578328 1.0002911946
1.0796323183 0.2642719472 0.0014612100
1.0087259648 0.0592541657 0.1096449115
0.0208440583 0.0006417266 1.0831555047
0.3533687782 0.0660322565 1.0002819989
1.0000803971 0.0192947042 0.3625405817
0.0001003922 0.4072255251 1.0590168868
0.3003037991 0.1841578328 1.0002911946
1.0308286242 0.0174062485 0.1484452545
1.0171329714 0.8119198609 0.0116770745
0.0231959895 0.2210807974 1.0507271995
1.0016859379 0.0176415229 0.6214138485
1.0492289941 0.0680783646 0.0051902343
0.0001454699 0.2373532377 1.0285618298
1.0038304013 0.0173021256 0.3515733449
0.3457676873 0.1268902863 1.0002565474
1.0341339343 0.0786269166 0.0049476630
0.0001003922 0.4072255251 1.0590168868
0.0046822875 0.8466797353 1.0015942800
1.0002310331 0.7216778616 0.0197965094
0.0001252485 0.4536287906 1.0537351454
