0.0002082465 1.0315134237
0.8970170781 0.0861746039
0.8540660999 0.1335768953
0.7863912595 0.1573975301
0.5950821385 0.2935501834
0.6453966157 0.2828549007
0.6662127449 0.2237675979
0.7557785859 0.1834902452
0.3952751374 0.3958712178
0.3193185454 0.4707271331
0.4893093760 0.3388233709
0.7063480475 0.1921094717
0.1473766988 0.6258304160
0.3683454910 0.4291980659
0.5628861291 0.2960779645
0.3356051174 0.4555927198
0.1147425217 0.6706337456
0.6576141482 0.2460756650
0.4817049417 0.3589610446
0.2469693881 0.5227519795
0.6488143084 0.2537043914
0.0029500394 0.9628924560
0.3523235213 0.4415614075
0.5340778791 0.3054953136
0.4126240717 0.3904400140
0.8595228029 0.1088933981
0.2056338092 0.5665330988
0.6811508798 0.2048648554
0.2893082198 0.4899624901
0.2345810354 0.5420741880
0.0006524910 0.9851586635
0.1368832883 0.6410341706
0.3746826507 0.4085068287
0.7223544393 0.1878035073
0.1212245011 0.6587161509
0.4384950531 0.3804874548
0.4497679623 0.3719897171
0.4218091178 0.3811879959
0.2792126297 0.4993179774
0.0255868874 0.8591797945
0.0806806034 0.7260089472
0.6795662246 0.2050558914
0.7753595432 0.1605538515
0.0046059600 0.9454428952
0.6466130245 0.2797463631
0.1034459134 0.6889694048
0.0060758946 0.9330493731
0.3473612738 0.4501062503
0.0593200828 0.7666982928
0.5709473922 0.2941494645
0.2286498652 0.5607873264
0.0002661381 1.0124464390
0.0159464869 0.8851364070
0.8563310250 0.1227596851
0.2006412122 0.5728721228
0.3018197312 0.4769745295
0.5314658689 0.3058242429
0.5017990408 0.3237989983
0.0980817428 0.6966663746
0.8642000826 0.0886115970
0.0337103253 0.8241188662
0.0387139393 0.8209558946
0.0908921260 0.7114307950
0.4617340184 0.3669267385
0.4699097302 0.3641619128
0.0678464430 0.7507728142
0.0003284604 1.0006959099
0.2584980428 0.5155705800
0.3714408153 0.4108016497
0.0494590896 0.7873759791
0.1618824384 0.6149310945
0.0145379519 0.9046786563
0.5160443006 0.3166081664
0.0567279927 0.7705823006
0.2993462141 0.4798571440
0.5905490702 0.2937696122
0.8816780465 0.0861890278
0.7557785859 0.1834902452
0.1872053796 0.5904413882
0.0758456641 0.7376276139
0.0507434339 0.7845574196
0.7753595432 0.1605538515
0.0418589798 0.8024397454
0.0194126338 0.8700073737
0.0311043722 0.8426248405
0.0919775892 0.7085941295
0.5160443006 0.3166081664
0.0417263949 0.8032176153
0.0678994181 0.7469057632
0.0311086337 0.8423010200
0.7192112166 0.1920563195
0.2701632798 0.5067841981
0.0145911661 0.8955165341
0.8731582419 0.0864232585
0.1789291201 0.5935211255
0.1904581434 0.5807303859
0.5017990408 0.3237989983
0.0082784359 0.9173900024
0.2555135990 0.5188001690
0.0083119457 0.9160023318
