0.7926187299 0.1363983214
0.0002606374 1.0062483402
0.5206758483 0.3236359758
0.7199152844 0.2418327575
0.1374493366 0.6387858388
0.3235244073 0.4729078813
0.3349104430 0.4671968767
0.5000580928 0.3248752321
0.1511639395 0.6251310405
0.2794752217 0.5073568494
0.7203030206 0.2053793949
0.0613357266 0.7670028352
0.0464630721 0.7993329688
0.7415239290 0.1829715318
0.7488639037 0.1559405440
0.1645091946 0.6061976403
0.3649435664 0.4234592969
0.7199152844 0.2418327575
0.0784321454 0.7281206864
0.4086613141 0.3794394938
0.3893869417 0.3912027345
0.3553497849 0.4353069876
0.0113040647 0.9009710146
0.1019206491 0.6937228089
0.1826343858 0.6008569955
0.4443802491 0.3482270242
0.2617695761 0.5122320659
0.4555528269 0.3472391729
0.3776143261 0.3983121330
0.0147427892 0.8844421406
0.1339419230 0.6512195413
0.2353448290 0.5394922259
0.2959568013 0.4875256071
0.0321534898 0.8273985500
0.7680165221 0.1370166712
0.1971383191 0.5743470754
0.2414524552 0.5293506962
0.7626772084 0.1445152666
0.3117763614 0.4865205184
0.0031414062 0.9513246423
0.0393639929 0.8150322271
0.0686070303 0.7465974724
0.0911970002 0.7077956347
0.2530579671 0.5272036805
0.3525671739 0.4456045194
0.4203265265 0.3698100664
0.0705980571 0.7421547174
0.1304669987 0.6649892918
0.4849566594 0.3320870833
0.0017475805 0.9911719525
0.7512130280 0.1550025397
0.2228703959 0.5425820556
0.4322882793 0.3565739522
0.4673250692 0.3382480672
0.0018105618 0.9669819672
0.3409225295 0.4480689418
0.7310873718 0.1913236852
0.0065354070 0.9270380916
0.2591803749 0.5198349780
0.2211850281 0.5503452650
0.5194541795 0.3241579116
0.4866649533 0.3320729854
0.3738063958 0.4113388259
0.2872627869 0.4979387204
0.0230358268 0.8589646439
0.1109392464 0.6829487045
0.4671347155 0.3387675160
0.3701462938 0.4138799572
0.1837533162 0.5922321460
0.4322882793 0.3565739522
0.7219764280 0.1987752735
0.1168415786 0.6780948535
0.1084822716 0.6914679079
0.0207745300 0.8738169418
0.1890273148 0.5808412122
0.1603858086 0.6203788289
0.4101845893 0.3777460577
0.0359266643 0.8175534907
0.3884341814 0.3929765202
0.2911262476 0.4968681883
0.0272333713 0.8409686664
0.4190381970 0.3703356123
0.0552733003 0.7747348899
0.1632206288 0.6178687371
0.0516305715 0.7866249976
0.2188702662 0.5624748499
0.2075364819 0.5690151081
0.1235084494 0.6674786680
0.0494762166 0.7869857634
0.0898361392 0.7097879596
0.1206304910 0.6726252646
0.0089507804 0.9136528166
0.0192508203 0.8754768416
0.2169858402 0.5642998808
0.1867155862 0.5835061716
0.0021525799 0.9656286196
0.0862424065 0.7204263355
0.0004431454 0.9926165490
0.0271519125 0.8413522843
0.0053587492 0.9385525436
