0.9462061096 0.0629320175
0.0002349452 0.9991597666
0.5147086339 0.3126007703
0.8117725588 0.1260414658
0.8975668147 0.1042548212
0.9257999124 0.0650850797
0.3904233710 0.3907327116
0.2736281589 0.5005503522
0.3761089266 0.4074056530
0.4823378962 0.3248103959
0.4996869786 0.3206493440
0.4190719416 0.3752721072
0.2907877517 0.4938682494
0.4510850928 0.3438642786
0.1972829704 0.5802496960
0.3298449852 0.4679333318
0.2685864747 0.5176782002
0.2969800883 0.4842694378
0.2357824126 0.5346083512
0.0510209048 0.7795923751
0.0017225095 0.9671551412
0.4503020212 0.3598507082
0.0388706560 0.8148001193
0.0813737129 0.7190704619
0.0256958527 0.8506603884
0.0007639957 0.9825757989
0.4372962690 0.3698459319
0.3455058929 0.4405157128
0.0087417552 0.9121562978
0.3526431135 0.4374407121
0.3737213373 0.4197188635
0.1744681455 0.5977605355
0.9257999124 0.0650850797
0.0944403168 0.7022287093
0.1604478036 0.6103154348
0.0507278204 0.7874838782
0.3149460381 0.4748340713
0.4718642718 0.3383460857
0.2283757318 0.5561327975
0.3372004383 0.4530399735
0.1114607961 0.6750892611
0.1680004409 0.6051782744
0.2415688059 0.5295013446
0.1341715391 0.6445932136
0.4686125159 0.3394543686
0.0300683776 0.8310484070
0.4080953620 0.3884562440
0.0072807659 0.9240101712
0.0589399687 0.7631041339
0.8725504536 0.1043405971
0.1283470081 0.6509878580
0.8191942784 0.1201591510
0.0625850440 0.7553889060
0.4085447596 0.3830840961
0.1418359569 0.6339668752
0.2508256654 0.5231309075
0.1201131308 0.6633654281
0.1847266142 0.5898947374
0.0746713074 0.7338451091
0.0300331060 0.8380617241
0.3612942225 0.4255761333
0.2285447369 0.5501053620
0.4373016939 0.3621157606
0.0427529045 0.8008518611
0.1462488549 0.6327234036
0.2157845537 0.5658675154
0.3366651019 0.4587476703
0.0228105699 0.8640210950
0.0172805853 0.8786871382
0.8252920382 0.1081522425
0.0993122912 0.6915346509
0.8556019807 0.1044049603
0.3129522299 0.4819391364
0.0162291344 0.8842406410
0.0059031275 0.9345956795
0.0029145132 0.9522832201
0.8516256523 0.1045620558
0.1525081305 0.6222711493
0.0744773347 0.7355507452
0.3620880760 0.4238574113
0.1534320397 0.6204624869
0.0686267514 0.7461166576
0.0114347407 0.8972966635
0.8251699910 0.1149279004
0.1842132785 0.5909044615
0.0044816567 0.9410904527
0.1065707077 0.6848291309
0.2036146995 0.5705859883
0.0121111118 0.8962340105
0.1155927151 0.6670319467
0.0004128769 0.9970864230
0.8725504536 0.1043405971
0.2051214312 0.5705286747
0.0392446253 0.8082457996
0.0228609978 0.8622477611
0.0912260222 0.7133144729
0.0671963043 0.7464878543
0.2157845537 0.5658675154
0.8381918565 0.1061174620
0.8381918565 0.1061174620
