0.4627205406 0.3454610389
0.4953325450 0.3159385262
0.4778475337 0.3200674175
0.4710263970 0.3237342864
0.4657036759 0.3339888104
0.4654969204 0.3365119626
0.4770564017 0.3216242567
0.4746044340 0.3220796173
0.4623276454 0.3477524752
0.4946427235 0.3160515362
0.4449731492 0.4450091515
0.4449617260 0.5611112773
0.4658478948 0.3311768945
0.4672696807 0.3284384809
0.4658478948 0.3311768945
0.4897860728 0.3164773616
0.4677119538 0.3282686986
0.4449758928 0.4444805945
0.4872923530 0.3175394108
0.5014532852 0.3158318273
0.4449807023 0.4439028357
0.4897226393 0.3175181855
0.4672257917 0.3285365050
0.4628062670 0.3452865901
0.5015736740 0.3155854556
0.4897226393 0.3175181855
0.4671268020 0.3306721631
0.4631401204 0.3411210897
0.4623276454 0.3477524752
0.4623276454 0.3477524752
0.4746044340 0.3220796173
0.4652907411 0.3370310095
0.4654721201 0.3366054713
0.4626888283 0.3455055977
0.4623276454 0.3477524752
0.4654721201 0.3366054713
0.4623276454 0.3477524752
0.5014532852 0.3158318273
0.4654721201 0.3366054713
0.4677119538 0.3282686986
0.4685316339 0.3281596745
0.4652907411 0.3370310095
0.5899813252 0.2958330628
0.5027725319 0.3154214085
0.4946427235 0.3160515362
0.4839981158 0.3197980856
0.5019877530 0.3154902082
0.4628161527 0.3447160707
0.4872923530 0.3175394108
0.5919963389 0.2957364983
0.5014532852 0.3158318273
0.5014532852 0.3158318273
0.4946427235 0.3160515362
0.4731185268 0.3235505089
0.5899764302 0.2958664754
0.4449758928 0.4444805945
0.4738442310 0.3226565331
0.4623735637 0.3458900999
0.5041129512 0.3152568178
0.5899764302 0.2958664754
0.4654721201 0.3366054713
0.4449811569 0.4413327704
0.4626888283 0.3455055977
0.5919963389 0.2957364983
0.4657036759 0.3339888104
0.4641577283 0.3404468732
0.4872374098 0.3176088449
0.4948718492 0.3159986593
0.5027725319 0.3154214085
0.4843879014 0.3178658731
0.4449758267 0.4767879982
0.5919963389 0.2958345996
0.5030931325 0.3154991298
0.5900506010 0.2958677231
0.4623285879 0.3477710084
0.4450970852 0.4419791482
0.4449807824 0.4444360581
0.4449785432 0.4611525166
0.4864955770 0.3182789737
0.4449785432 0.4611525166
0.4920630090 0.3172154165
0.4653336251 0.3381090801
0.4693550982 0.3282017292
0.4749304977 0.3227305951
0.4815566190 0.3202362628
0.4976062842 0.3162820668
0.4659426100 0.3348463887
0.4635729174 0.3417709709
0.4719394832 0.3239660744
0.4629770131 0.3453216207
0.4672483363 0.3300202641
0.4772489231 0.3220210699
0.4948993818 0.3164888567
0.5014474597 0.3162070264
0.4680998890 0.3285368110
0.4663849120 0.3315326161
0.4634782420 0.3436448931
0.4940122608 0.3168092624
0.4786069627 0.3206068993
0.4719394832 0.3239660744
