1.0440080984 0.0428927096
0.0307457901 1.0589810315
0.2026117525 1.0122077596
0.0781365289 1.0251271692
0.3769211109 0.9094084139
0.4427263322 0.8953639015
0.2537871786 0.9907736563
0.8908381148 0.3082181059
0.3141461691 0.9603774855
0.2916202803 0.9787544812
0.4896419556 0.8717608873
0.2913635229 0.9901224281
0.8264017349 0.4862970408
0.2200684625 1.0032260823
0.7622689963 0.5496513459
0.6727382382 0.6426991340
0.9077068007 0.2837898778
0.2389037257 1.0006542366
0.8775580479 0.3230001486
0.7593086267 0.5545936197
0.7698793451 0.5175280761
0.5051026271 0.8617350301
0.8281996754 0.4633241765
0.5284737151 0.8024887432
0.8465189395 0.4017549323
0.9816468093 0.1411176958
0.8575709965 0.3542508770
0.5118661120 0.8490812988
0.9797426182 0.1623367108
0.6370716447 0.6866428948
0.0540225486 1.0292087752
0.8984483945 0.2909778648
0.4450423118 0.8802008842
0.6497383341 0.6621457973
0.6862463369 0.6292304801
0.0450263092 1.0387702748
0.8548899790 0.3816720852
0.8746420428 0.3379811078
0.6360788417 0.7076524711
0.5175221649 0.8096553389
0.6451848695 0.6751456925
0.7285769641 0.5617887262
0.6157683552 0.7181062202
0.6010677617 0.7412575247
0.8416323218 0.4218787885
0.9548496319 0.2117058958
0.8301634439 0.4451402403
0.0322511838 1.0468210784
1.0351844896 0.0539409114
0.5394600754 0.7855108223
0.3728893646 0.9253645819
0.7026546205 0.6041807452
0.9171914185 0.2633768576
0.9266061486 0.2575120436
1.0124106101 0.1005351824
0.9536022115 0.2285835149
0.3305733677 0.9564103895
0.6132078110 0.7381847089
0.5517131460 0.7656868528
0.5880095529 0.7491266979
0.6239950529 0.7121502077
0.5675703138 0.7555846502
0.9749545319 0.1763429301
0.9374350787 0.2383983185
1.0247711918 0.0711216826
0.4649025028 0.8735472782
0.7839869395 0.5144021152
0.6909679711 0.6213915502
0.6951836917 0.6089911850
0.8546192836 0.3905548841
0.0730381092 1.0253258868
0.5374612061 0.7855985255
0.9683739020 0.1810804862
1.0336323180 0.0669554798
0.9617194044 0.2018942049
0.8058970999 0.4912139650
0.7883186251 0.5011240550
0.9624997891 0.1917965522
0.5797622401 0.7508589343
0.4620103020 0.8736908962
0.5598052980 0.7610857261
0.5147406916 0.8292998996
0.8060923752 0.4897935464
1.0163754650 0.0793043136
0.3714326567 0.9375521293
0.8421518078 0.4218479771
0.3494218402 0.9393323314
0.6601959390 0.6500323089
0.3618171828 0.9393270138
0.3425095405 0.9446587886
0.7161373300 0.5680528153
0.7066290295 0.5875925786
0.5147856554 0.8260613489
1.0009101647 0.1105983625
0.9943847858 0.1142292112
0.7155378145 0.5748925272
0.7077863585 0.5863102314
1.0072037366 0.1024914753
0.8642477739 0.3488607781
0.3220533099 0.9564134131
