0.5633835213 0.6961661982
0.5631018496 0.6962189368
0.3077581299 0.9000006276
0.1000003811 0.9000027320
0.1000035800 0.9000010565
0.1000002997 1.1421533112
0.5630815653 0.6962965411
0.1000003823 0.9000025117
0.1000003583 0.9000044448
0.5630806020 0.6963163911
0.1000004183 0.9000013365
0.1000003823 0.9000025117
0.1000004027 0.9000020802
0.1000003918 0.9000022806
0.1000003442 0.9000063691
0.1000003925 0.9000021211
0.1000003823 0.9000025117
0.1000004183 0.9000013365
0.5631196768 0.6961704481
0.5631114350 0.6961905360
0.5631426729 0.6961698783
0.5647997077 0.6961654744
0.1000003040 0.9000085375
0.1000003028 0.9002003854
0.5630847520 0.6962526644
0.5631007904 0.6962734402
0.1000003052 0.9002416298
0.5631258712 0.6961731043
0.1000003037 0.9004286329
0.5630833805 0.6963219281
0.1000147791 0.9000014835
0.3077584928 0.9000014756
0.5630906215 0.6962956828
0.5631034732 0.6962707018
0.5630943581 0.6962937531
0.5630943581 0.6962937531
0.5630948887 0.6962878414
0.1000003057 0.9000096366
0.1000003052 0.9002416298
0.1000003054 0.9000117365
0.5631195539 0.6962002036
0.5631153956 0.6962312094
0.5631125591 0.6962313357
0.5630825939 0.6963222784
0.1000003930 0.9000032310
0.1000133596 0.9000015220
0.1000020190 0.9000015258
0.1000004064 0.9000024301
0.1000003442 0.9000063798
0.1000003918 0.9000033816
0.1000004064 0.9000024301
0.1000003928 0.9000032695
0.1000004572 0.9000021568
0.1000003918 0.9000033816
0.1000133069 0.9000015237
0.1000036116 0.9000015257
0.1000004826 0.9000020502
0.1000007132 0.9000015703
0.1000133069 0.9000015237
0.1000036116 0.9000015257
0.1000013655 0.9000015445
0.1000007132 0.9000015703
0.5630825939 0.6963222784
0.5630825939 0.6963222784
0.5630825939 0.6963222784
0.5630814692 0.6969856578
0.5630807186 0.7296378002
0.5630840202 0.6963063128
0.5631057932 0.6962390500
0.5631102748 0.6962331519
0.5633840899 0.6961670815
0.6865097500 0.6961672738
0.1000003054 1.1534781983
0.5630814974 0.7276141775
0.3077585449 0.9000014756
0.1000003054 0.9002417486
0.3030269772 0.9000014991
0.1000146995 0.9000015253
0.5633892756 0.6961690047
0.5630839141 0.6963716131
0.3077585015 0.9000014775
0.5631464532 0.6961778008
0.1000003086 0.9000208713
0.1000003084 0.9001771739
0.5631035602 0.6962751546
0.5631154072 0.6962329252
0.1000003084 0.9001771739
0.5630840733 0.6963232042
0.5631274918 0.6962140264
0.5631278688 0.6961854905
0.5630981240 0.6962901078
0.5631228071 0.6962208114
0.5631285250 0.6961812187
0.5630843062 0.6963112424
0.5630913895 0.6963108756
0.5630946433 0.6963040820
0.1000003144 0.9000101732
0.1000009283 0.9000015841
0.5630969313 0.6963002763
0.1000004283 0.9000066827
