0.4169234242 0.6184680797
0.1308407122 1.0517631522
0.1308368078 1.0517672427
0.1308333673 1.0517786775
0.1308323664 1.0520545192
0.4169168899 0.6184683878
0.4150899123 0.6184774104
0.4151669555 0.6184698938
0.1308323855 1.0520330224
0.4150588664 0.6185090293
0.1308323933 1.0519645584
0.4151669555 0.6184698938
0.4150827769 0.6184777659
0.1308328599 1.0518030814
0.4151033525 0.6184701272
0.1308338570 1.0517700341
0.1308333673 1.0517786775
0.1308323933 1.0519645584
0.1308323923 1.0520010612
0.4169234242 0.6184680797
0.4150655522 0.6184851258
0.4151033525 0.6184701272
0.1308342319 1.0517687679
0.1308329091 1.0518009691
0.1308333148 1.0517791174
0.1308323954 1.0518657641
0.4150991763 0.6184720104
0.4169161881 0.6184684913
0.1308328314 1.0518272760
0.1308333673 1.0517786775
0.4150614331 0.6184871182
0.4150595439 0.6185093749
0.1308375905 1.0517673608
0.1308323690 1.0523759534
0.1308324107 1.0519362632
0.4150595439 0.6185093749
0.4150828925 0.6184863535
0.4150657839 0.6185003690
0.4151027552 0.6184750418
0.1308324150 1.0518959815
0.4169234473 0.6184684884
0.1308323967 1.0520356845
0.4150779448 0.6184910867
0.1308323967 1.0520356845
0.1308333762 1.0517787660
0.1308345207 1.0517709757
0.1308329312 1.0518875208
0.1308329923 1.0518803591
0.1308332016 1.0518488609
0.1308330015 1.0518782874
0.1308329993 1.0518800490
0.1308331893 1.0518622992
0.1308330015 1.0518782874
0.1308323967 1.0520356845
0.1308332016 1.0518488609
0.4169234473 0.6184684884
0.4150595439 0.6185093749
0.4150595439 0.6185093749
0.4150595439 0.6185093749
0.1308323913 1.0521410366
0.1308323913 1.0521410366
0.1308323913 1.0521410366
0.4169239306 0.6184683851
0.1308323939 1.0520451012
0.1308323806 1.0522145149
0.1308323806 1.0522145149
0.1308323806 1.0522145149
0.1308323806 1.0522145149
0.1308323806 1.0522145149
0.1308375905 1.0517673608
0.1308375905 1.0517673608
0.1308407707 1.0517634366
0.1308407707 1.0517634366
0.1308323739 1.0708727249
0.4188794760 0.6184685151
0.1357564062 1.0517655457
0.4150598244 0.6935773227
0.4150598244 0.6935773227
0.4150607288 0.6200247614
0.1308323740 1.0707239171
0.1308323747 1.0524058151
0.1316212019 1.0517662417
0.4185328584 0.6184737736
0.4151036362 0.6184800416
0.4150861809 0.6184893065
0.1316197584 1.0517663678
0.1309007229 1.0517666309
0.1308323980 1.0520378565
0.1308323881 1.0523939054
0.1308339572 1.0518592062
0.1308364420 1.0518172113
0.1308407089 1.0517690774
0.1308886466 1.0517690267
0.1308368105 1.0517782214
0.4150983566 0.6184891985
0.1308970367 1.0517678799
0.1308378309 1.0517696188
0.1308912408 1.0517684829
0.1308323881 1.0523939054
0.1309002953 1.0517669574
