0.8994719674 0.1418230197
0.9907743140 0.0518057993
1.2095190143 0.0518026578
0.9907444659 0.0518066230
0.9907423206 0.0519547775
0.9927070537 0.0518057295
0.9908390713 0.0518057983
0.9937165084 0.0518053905
0.9907251048 0.0534548384
0.9907439551 0.0518112253
0.9907506336 0.0518059842
0.9935838441 0.0518054266
0.9907682452 0.0518058351
0.9935795461 0.0518055013
0.9935795461 0.0518055013
0.9907486257 0.0518065149
0.8999163149 0.1418160839
0.9939278535 0.0518053887
0.8994719674 0.1418230197
0.9907419566 0.0519571958
0.9907445277 0.0518077000
0.9941958017 0.0518055567
0.8994722033 0.1418366475
0.9908566620 0.0518058642
0.9907693626 0.0518059105
0.9907438788 0.0519992079
0.9907435879 0.0519992127
0.9907420940 0.1259912079
0.8995093962 0.1418337298
0.8994722033 0.1418366475
0.8995099739 0.1418271626
0.8997409734 0.1418263394
0.8994997350 0.1418365038
0.8994722033 0.1418366475
0.8999169041 0.1418162009
0.8999169041 0.1418162009
0.9907498434 0.0518066037
0.9907605461 0.0518065729
0.9907706701 0.0518058917
0.9908562633 0.0518058751
0.9907698087 0.0518058996
0.9907606674 0.0518060311
0.9907619535 0.0518059996
0.9907440093 0.0518112322
0.9908945658 0.0518058182
0.9908632537 0.0518058296
0.9907453445 0.0518066956
0.8997409715 0.1418279152
0.9907462901 0.0518098259
0.9919525003 0.0518058289
0.9907485428 0.0518085053
0.9907436571 0.0530680311
0.9907463159 0.0518094493
0.8995315169 0.1418359221
0.9907442467 0.0519992124
0.8995107185 0.1418367246
0.9907618875 0.0518067748
0.8999169911 0.1418171269
0.8999169911 0.1418171269
0.8994726088 0.1418367276
0.8994726088 0.1418367276
0.8998060060 0.1418274571
0.8999169841 0.1418176139
0.9907592122 0.0518073204
0.9907592122 0.0518073204
0.9908632522 0.0518058934
0.9907760237 0.0518059090
0.9907435879 0.0530680349
0.9907442467 0.0519992124
0.9907445356 0.0518120653
0.9907445356 0.0518120653
0.9910979352 0.0518058489
0.9907669209 0.0518061506
0.9907494030 0.0518082977
0.9907494977 0.0518073999
0.9907468418 0.0518088276
0.9907458967 0.0518118224
0.9907628974 0.0518062582
0.9907460606 0.0518115215
1.4963183993 0.0518056815
1.7924908560 0.0518056048
1.0944405783 0.0518056948
1.0072448977 0.0518057794
1.2191209666 0.0518057120
0.8994731970 0.1418368452
0.8999169915 0.1418179111
0.9907435879 0.0531677559
0.9926525787 0.0518058382
1.2030062671 0.0518058094
0.9907435879 0.0531677559
1.2032702541 0.0518057751
1.2191061875 0.0518057442
0.9907445594 0.0519992077
0.9908887771 0.0518059563
0.9920803867 0.0518059176
0.9907447616 0.0518122427
0.9920833272 0.0518058431
0.8997409730 0.1418281753
0.8994997361 0.1418367882
0.9907637274 0.0518063026
