0.2953990251 0.7797155540
0.8546173371 0.1460984165
0.2953983786 0.9606341673
0.8546139703 0.1494374043
0.8546239318 0.1460040522
0.8546270208 0.1459376766
0.8547393802 0.1459269143
0.8546261642 0.1459410854
0.8546270208 0.1459376766
0.8546242314 0.1459857066
0.8546262208 0.1459385496
0.8546242314 0.1459857066
0.8546257963 0.1459846703
0.2953990188 0.7798221630
0.8546239483 0.1459864706
0.8546224493 0.1460108290
0.8547297800 0.1459275137
0.8546172556 0.1461047882
0.8546272220 0.1459322067
0.2954062317 0.7806051435
0.2954066410 0.7798889997
0.2954051694 0.7826108350
0.8546247395 0.1461798244
0.2953994961 1.1161838069
0.8546182216 0.1476393292
0.8546223163 0.1461944423
0.8546978864 0.1459370089
0.8546978864 0.1459370089
0.8547008425 0.1459326065
0.8546184700 0.1473262066
0.8546216320 0.1462453915
0.8546182296 0.1475861883
0.8546184700 0.1473262066
0.8546247395 0.1461798244
0.2954051567 0.7827520231
0.2954009527 1.1102157174
0.8546253661 0.1459865964
0.2954006578 1.1110890810
0.2954066537 0.7798858738
0.2954051567 0.7827520231
0.8546269629 0.1459402119
0.8546253661 0.1459865964
0.8546266150 0.1459801928
0.8546762703 0.1459384342
0.8546762703 0.1459384342
0.8546762703 0.1459384342
0.8546194849 0.1463317631
0.8546762703 0.1459384342
0.2954051567 0.7827520231
0.2954009524 1.1102182775
0.8546162413 0.1495938411
0.8546150137 0.1534842529
0.8546162333 0.1496457326
0.8546146301 0.1569990756
0.2953987190 1.1797802851
0.2954336813 0.7797870682
0.2954075840 0.7798128490
0.2954336813 0.7797870682
1.1235971351 0.1459326065
0.2954004240 1.1993717787
0.8546168116 0.1555336287
0.2954346542 0.7798125406
0.8547467314 0.1459326793
0.2954055450 0.9891473319
0.2954057652 0.8187344326
0.2954013755 1.1102157195
0.2954005985 1.1739609639
0.2954009755 1.1313968615
0.2954062380 0.7806190828
0.2954009765 1.1139523666
0.8546179226 0.1518524505
0.8546194919 0.1487807572
0.2954013750 1.1102182831
0.2954010927 1.1138463927
0.8546203419 0.1473828782
0.8546211106 0.1464805516
0.2954089611 0.7798248891
0.8546259259 0.1461799945
0.8546234988 0.1464184522
0.8546271483 0.1459730622
0.8546259489 0.1461773732
0.2954010927 1.1138463927
0.2954009765 1.1139523666
0.8546891024 0.1459392007
0.8547467314 0.1459326793
0.8546234988 0.1464184522
0.8546623772 0.1459438558
0.8546641643 0.1459420375
0.8546406945 0.1459531951
0.8546891024 0.1459392007
0.2954190481 0.7798165980
0.2954313656 0.7798141615
0.2954151173 0.7798194492
0.8546312953 0.1459598644
0.8546337083 0.1459548707
0.8546395763 0.1459533362
0.8546312953 0.1459598644
0.2954013755 1.1102157195
0.2954089611 0.7798248891
0.2954089611 0.7798248891
