0.5684944532 0.4346023084
0.9421382465 0.0884243180
0.8491512256 0.1521737957
0.6502653876 0.3545185480
0.6502653876 0.3545185480
0.8531430891 0.1499300649
0.5952778435 0.4178548394
0.6386501625 0.3653118585
0.9421382465 0.0884243180
0.9421382465 0.0884243180
0.5912520954 0.4179291719
0.5903442614 0.4179306189
0.5870832884 0.4184608719
0.5864027822 0.4186888841
0.5825045263 0.4201622397
0.5842301254 0.4193701478
0.5696734733 0.4345631340
0.5803271760 0.4216890070
0.6489553372 0.3546738572
0.5739115146 0.4274985108
0.6395332357 0.3625983996
0.5815630402 0.4206109071
0.5730702806 0.4281647375
0.6388944306 0.3644348182
0.5746096695 0.4268753711
0.6444985751 0.3566656298
0.5842301254 0.4193701478
0.6451275249 0.3561001809
0.6394428328 0.3633793421
0.5807607676 0.4209933939
0.5699745217 0.4337706931
0.5709393745 0.4306842604
0.5775760970 0.4238779569
0.5724606895 0.4286867826
0.8502934419 0.1505540701
0.5785353085 0.4234127181
0.8498229004 0.1514296714
0.6471851294 0.3553505124
0.6425341594 0.3584186014
0.6437202652 0.3577785027
0.5734643814 0.4277798214
0.6414936787 0.3602801350
0.5831007057 0.4195753617
0.5718960617 0.4293386866
0.5700495973 0.4332473088
0.5714854613 0.4305235293
0.5704733132 0.4323187879
0.5703446103 0.4327674281
0.8499858478 0.1507169836
0.5706582714 0.4313790024
0.5748737130 0.4265862021
0.6406109366 0.3607344833
0.6479271339 0.3550446943
0.6459224977 0.3558260977
0.6438565216 0.3572883520
0.6443478621 0.3571377795
0.5756165383 0.4256485762
0.5767941262 0.4247013636
0.5768878111 0.4242698280
0.5721234997 0.4288620237
0.5797271950 0.4222300463
0.5830087656 0.4196214636
0.6466997158 0.3554104277
0.6420608831 0.3590873410
0.5811470013 0.4207747101
0.8512181830 0.1502851611
0.5793461774 0.4228085364
0.5705367903 0.4316060767
0.8520060482 0.1502665138
0.8520060482 0.1502665138
0.6484216152 0.3549840469
0.6416743266 0.3596026593
0.6399812412 0.3619577689
0.6428811988 0.3578383920
0.5761244364 0.4252893646
0.6399812412 0.3619577689
0.6403476036 0.3610873912
0.5796968990 0.4222600051
0.5793461774 0.4228085364
0.6428065406 0.3579074350
0.5718454340 0.4299865314
0.5755348720 0.4263440543
0.6455324187 0.3559023950
0.6417290484 0.3595175068
0.8495920599 0.1518938234
0.5718431661 0.4301785259
0.5864349224 0.4185482321
0.5755126207 0.4264374121
0.5760863655 0.4256402588
0.6391131557 0.3639124337
0.5774211829 0.4240863671
0.5787380004 0.4233973220
0.8512181830 0.1502851611
0.6391131557 0.3639124337
0.6403464614 0.3614228731
0.6408514891 0.3602835148
0.6421664184 0.3587903868
0.5761244364 0.4252893646
0.6408514891 0.3602835148
0.5787380004 0.4233973220
