0.9766594320 0.0250295412
0.7269623754 0.2774731608
0.8829807759 0.1185136531
0.7380968471 0.2647946051
0.8890499180 0.1133950241
0.9726572865 0.0317810834
0.9726890561 0.0285187544
0.9726725519 0.0315760321
0.7270451510 0.2752321233
0.7335470983 0.2669703001
0.7304862525 0.2704652351
0.7326138449 0.2698133636
0.7312681062 0.2702112650
0.7275764892 0.2731922992
0.9752214822 0.0252229985
0.7332660892 0.2675182250
0.7280254978 0.2727988029
0.7273362562 0.2741037715
0.7270692734 0.2745489798
0.7300768052 0.2705911458
0.8838491274 0.1165554420
0.7317540255 0.2701827892
0.7327812169 0.2685964312
0.8872149646 0.1134829611
0.8861905802 0.1141601661
0.7273796222 0.2735386488
0.8867541174 0.1136799119
0.7369865525 0.2648772307
0.8830782927 0.1180131911
0.8832418531 0.1173825602
0.7360163070 0.2649712289
0.8857343350 0.1155877236
0.7339404145 0.2664302706
0.9745637197 0.0261855584
0.7327810754 0.2692460257
0.7329144404 0.2681843952
0.8834642987 0.1173254755
0.9727046814 0.0280298657
0.9759707884 0.0250555388
0.7299055387 0.2711478770
0.7292664782 0.2713887060
0.7286402260 0.2718533612
0.9744043870 0.0268954989
0.9736765606 0.0270948414
0.9749540003 0.0254173692
0.7285275185 0.2721921527
0.7298118707 0.2713322605
0.8879454351 0.1134229065
0.9744163214 0.0268500143
0.9733340383 0.0274378811
0.7357298168 0.2650515465
0.8844616750 0.1163508095
0.8877203814 0.1134750185
0.8885333905 0.1134174003
0.8838269379 0.1169531063
0.8844657781 0.1163502967
0.8850109093 0.1161591902
0.7346794498 0.2657901730
0.7326167043 0.2694716633
0.8853416877 0.1160921988
0.9760354224 0.0250362586
0.7270556984 0.2750907487
0.7291229474 0.2718012064
0.8858782375 0.1150469065
0.7347374577 0.2657852273
0.9736765606 0.0270948414
0.7280917794 0.2723835394
0.9729304479 0.0277436342
0.7350382998 0.2654591487
0.9766519887 0.0250329368
0.7282632827 0.2723773800
0.7375257675 0.2648554138
0.8860039718 0.1146687697
0.7356155083 0.2654210431
0.7355192673 0.2654557729
0.9747179602 0.0261131356
0.8830450502 0.1182684086
0.8865590327 0.1140561202
0.7376218506 0.2648547045
0.7343001689 0.2662545101
0.9732664904 0.0275510752
0.8866284720 0.1140151209
0.8856377213 0.1158715278
0.7370109351 0.2648659340
0.8860039718 0.1146687697
0.7291259704 0.2716384701
0.7343001865 0.2660835172
0.9748217861 0.0257314816
0.8887021519 0.1134115259
0.7380655731 0.2648185563
0.7330870523 0.2678773858
0.7340255537 0.2663877327
0.9729388929 0.0276174533
0.8856253427 0.1160461022
0.7317540255 0.2701827892
0.8858877629 0.1150415823
0.7350450861 0.2654571092
0.9747225016 0.0257376995
0.7330870523 0.2678773858
0.8850109093 0.1161591902
