0.6095787751 0.3961419688
0.6141219622 0.3904599600
0.6087823605 0.3976389100
0.6082299478 0.4053637303
0.9479520453 0.0538130750
0.6317452334 0.3733994744
0.6083275290 0.4028739066
0.6086013136 0.3997464257
0.8424183188 0.1599211828
0.6107217981 0.3930788630
0.6166040121 0.3863563269
0.6275047421 0.3757380517
0.6190144401 0.3823375511
0.7171465789 0.2865094825
0.8427645796 0.1583643778
0.6208003198 0.3805397516
0.6273386270 0.3758202037
0.6198643157 0.3814372446
0.6371672068 0.3726853746
0.9496906333 0.0533515213
0.6180660412 0.3837005684
0.6170090515 0.3848371630
0.6208530387 0.3801986944
0.6169486520 0.3848823497
0.6246270630 0.3775666076
0.9456349909 0.0582510161
0.6345319803 0.3729649107
0.6309283740 0.3735360052
0.6104314512 0.3933627352
0.6190032864 0.3828310999
0.9466097584 0.0543916270
0.9520294785 0.0530867476
0.6197155683 0.3822115343
0.7184488776 0.2864983404
0.6166877240 0.3861118540
0.6180988417 0.3831495547
0.6200097500 0.3810875995
0.8424952314 0.1589829085
0.8429466101 0.1580781687
0.7171465789 0.2865094825
0.6234196197 0.3784002597
0.9479788228 0.0537914687
0.6152726071 0.3893081483
0.9466993252 0.0543443076
0.6284974507 0.3745485292
0.6246063389 0.3783772036
0.6094163960 0.3976233675
0.6150873758 0.3900782522
0.9486609588 0.0534465643
0.6156659130 0.3863726806
0.6344142513 0.3729676646
0.6134656802 0.3905886335
0.6154738664 0.3884713295
0.6141241237 0.3902234431
0.7184488776 0.2864983404
0.6280526798 0.3752187733
0.6260686643 0.3759266069
0.6175533536 0.3840255854
0.6155296596 0.3873640866
0.6111249515 0.3927864246
0.6255000398 0.3761305946
0.6247387201 0.3768759859
0.9524190271 0.0529880275
0.8438381018 0.1575218551
0.8476338052 0.1557738862
0.6102910467 0.3943300281
0.6120148598 0.3914003466
0.6097077644 0.3951459253
0.6082631704 0.4037221047
0.6214304439 0.3796764939
0.6306010848 0.3738440906
0.7152913032 0.2865431922
0.9510336581 0.0533228706
0.8466017506 0.1564579040
0.6082111311 0.4071201416
0.6292988952 0.3744851325
0.8444203557 0.1572320514
0.7205513786 0.2860466318
0.6361279476 0.3728647848
0.8457798857 0.1566440046
0.6328584786 0.3733433405
0.9461922939 0.0556015654
0.9457159161 0.0566617218
0.9541484181 0.0529367728
0.6230576116 0.3787450824
0.6085772441 0.3998216602
0.6372296229 0.3725916440
0.6415223309 0.3725903997
0.6082017259 0.4098093760
0.9702508956 0.0318961792
0.9702508956 0.0318961792
0.9554649272 0.0529059412
0.7150857060 0.2872665005
0.6422624656 0.3725771054
0.9456349909 0.0582510161
0.8482556661 0.1555874369
0.8423850095 0.1601587740
0.7207156850 0.2858991928
0.6080500624 0.4136379611
0.9702508956 0.0318961792
