1.0067973585 0.2590005838 0.0004144885
0.0003636200 1.1596012900 1.2703482269
0.0976558126 0.0005232866 1.0422983175
0.9871450916 1.9341432707 0.1680112915
0.9240927283 2.2068036884 0.3849940486
0.2905749615 0.5928557976 0.9573291444
0.5079690238 2.1546232653 0.8627963667
0.9551094338 2.4973778864 0.2997213164
0.9422267773 1.1657370818 0.3414228688
0.3680853186 2.8732277485 0.9310505889
0.4250064444 2.8122057306 0.9065866140
0.6296922246 1.8196132737 0.7795373197
0.0299178306 0.1017832651 1.0113050083
0.8874333016 0.8282293623 0.4652920933
0.6712953088 3.0886560468 0.7434820914
0.8484058326 1.4246140816 0.5327991648
0.8888767575 1.5121038860 0.4603856023
0.7703245404 1.7960680440 0.6398501633
0.6509121465 0.7824874231 0.7608554398
0.9994426026 0.1681437645 0.0716553600
0.8288937747 1.7583994181 0.5621426630
0.9926562913 1.2422657676 0.1391124351
0.5740557083 2.5423449080 0.8201853970
0.2554466099 0.3547700764 0.9680590229
0.9157790856 2.3861629875 0.4040010095
0.1275019090 0.0342139519 1.0050431633
0.0976558126 0.0005232866 1.0422983175
0.5223289229 1.3616376065 0.8540424418
0.7196914761 3.0255604762 0.6963880372
0.9827238988 2.4562124350 0.1891838226
0.8685656908 1.5856746771 0.4974452617
0.9354394031 2.3710944616 0.3584438633
0.5704263634 0.3386468806 0.8230898821
0.6106681546 1.2680539451 0.7952526833
0.3166488768 1.5637436305 0.9498323857
0.9620639702 1.2334750985 0.2772795506
0.9768787116 0.9295191821 0.2194551498
0.9582469328 2.6535852217 0.2935770577
0.3937291575 2.0970119092 0.9215901851
0.5740633121 1.5503286220 0.8201556128
0.9013820765 0.8786334523 0.4356825886
0.1997829898 0.7374392380 0.9808513474
0.5530354296 3.0191038567 0.8369017148
0.3777140709 0.7043609402 0.9268981327
0.9810480297 0.7713071820 0.1975013942
0.4761273793 0.1651077609 0.8824029033
0.6445206498 2.6976887574 0.7672644072
1.0000776580 0.4859904311 0.0369170307
0.8045615524 1.6866683075 0.5968641675
0.9928345485 1.4790486193 0.1243913624
0.0085332645 0.1347181040 1.0010233876
0.8576127437 1.6282090023 0.5179047067
0.9346907820 2.2920084903 0.3596972833
0.9946658772 2.9578759225 0.1155336096
0.0600506846 0.4431110112 0.9992601701
0.2564618595 0.2922670617 0.9679871787
0.7061398894 2.0046210298 0.7095456436
0.8154649394 2.4058480632 0.5824412208
0.7569238747 0.5764047193 0.6562155183
0.8696372011 1.1872278788 0.4978844322
0.7054152590 1.1757647227 0.7095648340
0.9990246488 1.0133739298 0.0606028580
0.1396461660 2.0926710473 0.9921090948
0.1749421719 0.0890456942 0.9855009444
0.0759032495 0.0052298267 1.0159002321
0.4381560620 2.2583279459 0.9001885153
0.8488137097 0.6412140760 0.5321551760
0.1536150586 0.3104893355 0.9891233698
0.8635832951 0.8518862136 0.5066621649
0.7469352259 1.0055436012 0.6661210091
0.9678920946 2.7659054751 0.2571049563
0.9331530684 1.6418374491 0.3636665558
0.4889797004 0.9436728738 0.8756239537
0.3926160041 2.0469459413 0.9216019785
0.6873098093 1.7309779324 0.7273149123
0.9667878588 2.4391020491 0.2593594202
0.5442884264 0.5991562013 0.8422231633
0.6721619919 1.2780972338 0.7435948457
0.7874870780 0.0662942504 0.6288458866
0.5910634045 0.3432544643 0.8082950109
0.9731058524 1.7316106671 0.2350332408
0.2083696321 1.1185945536 0.9794754231
0.6878737766 1.3367265309 0.7276029647
0.2283414001 0.9865853599 0.9746953313
0.8140219632 2.1276683091 0.5951476111
0.4875119581 1.9605780875 0.8753521548
0.4656530898 0.5034945988 0.8861981509
0.5922864302 1.6823424589 0.8069455552
0.6284334828 1.8079455023 0.7795441487
1.0065114075 0.2485789436 0.0004144927
0.0612416305 0.3989314849 0.9992564314
0.1327673608 2.7500391132 0.9920514941
0.3394402070 1.1345557446 0.9419871797
0.4379389392 1.6209757044 0.9001903432
0.0078663194 0.6780556280 1.0018313244
0.8211437295 1.9646500899 0.5755857337
0.9710914019 3.0444282309 0.2433379625
0.3566739865 2.1299591657 0.9357730294
0.2261811943 1.0544502742 0.9751484494
0.7422886608 1.9953645908 0.6740952098
