0.0011537538 0.4010558122 1.0963681846
0.1734430874 1.0445111380 0.0063662760
0.2024428856 0.0012666653 1.1874750800
1.0916591880 0.0356568156 1.0519381507
0.1072383426 0.7763425479 0.2291477014
0.1755580345 0.1325573262 0.9224891036
0.1050502491 0.8308564518 0.1457488538
0.8884705619 0.4864493346 0.5198177988
0.1750989054 0.5896987557 0.4012408663
0.1035119236 0.9474565494 0.1724298021
0.0249100895 0.2550962236 1.1441489360
0.1278632818 0.8814392943 0.1256403677
0.7905655400 0.5505744823 0.5061310598
3.3763039936 0.9154287540 0.0875111279
0.1266058223 0.6037766894 0.4837751217
0.1959538596 0.1904142880 0.8727343052
0.4229151495 0.3671695603 0.6490102258
0.5959342193 0.5780586070 0.4449368888
0.0851433479 0.8354468600 0.1810536586
0.0907600596 0.1522037344 0.8902138264
0.2675294560 0.3928895406 0.6375584536
0.0797292098 0.7003788331 0.3207141552
0.0602873520 0.0020629453 1.1219250021
0.3527164542 0.2893751430 0.8258709827
0.3154008993 0.2961723896 0.7950435750
0.4935836103 0.0188672776 1.0882354257
0.4686335974 0.3540299570 0.6618976638
0.0463177271 0.0721942189 0.9793657037
0.9844413461 0.0460801705 1.0235303867
0.5656034458 0.5676617450 0.4660320914
0.0771259014 0.6382465184 0.3527134089
0.0889721547 0.8471797265 0.1794904103
0.3756289834 0.5467890184 0.5069717354
0.2391489624 0.2334074245 0.8454680249
0.3951613892 0.2939165083 0.7725838011
0.0767957026 0.6714986962 0.3791285053
0.0915571627 0.7934480628 0.2464215103
0.5517076653 0.3176069222 0.7374682390
0.4511399451 0.3540629220 0.6749429130
0.0927435948 0.7319841706 0.3132881983
0.4830069879 0.0869502377 0.9575127007
0.2174106582 0.9224111995 0.1061275662
0.1453023231 0.8768054825 0.1346976006
0.1509716763 0.5100980824 0.5164736862
0.7627963650 0.4717733875 0.5496545408
0.6102466161 0.4910593128 0.5217377857
0.0805318752 0.6535709170 0.3468985642
0.3409439882 0.3236524214 0.7512842729
0.1731105616 1.0401585717 0.0198073497
0.0054541052 0.4846460209 1.0768654324
0.6727785806 0.4036420957 0.6098445497
0.0777020323 0.1550867030 0.8813067313
0.2324993862 1.0256687349 0.0375052406
0.7420766441 0.5610198946 0.4826211609
0.5292227898 0.3190944767 0.7301258236
0.0947021830 0.7348268280 0.2564858477
0.4260247565 0.0402784317 1.0468030314
0.2318728657 0.0331828584 1.1038209509
0.0550922147 0.1077673859 0.9502724485
0.0311399009 0.0883013628 0.9935880970
0.0830395357 0.7563010648 0.2832367637
0.0632985041 0.2642178927 0.8693118937
0.6726187357 0.5674900801 0.4758990382
0.1607854958 0.6001817011 0.3942045568
0.7883883587 0.4624606798 0.5363462389
0.1009496366 0.7394639795 0.2449913714
0.0132097295 0.3625023734 1.0215812483
0.3302433430 0.3273610779 0.6985251839
0.6945241666 0.4899573195 0.5251939353
0.0062776271 0.1526242376 1.1617460630
0.2093562702 0.3311834910 0.7039600308
0.5171067935 0.4167213871 0.5958003354
0.0755071484 0.6775664767 0.3658265913
0.1443031203 0.2100745261 0.8631024564
0.2242294900 0.2269477140 0.8569128858
0.0259284545 0.1129189631 1.0002947447
0.1841815202 0.6852487079 0.3258238004
0.1503318703 0.4480021610 0.5726914674
1.0184457423 0.0627506666 0.9811856335
0.2366118151 0.3987758626 0.6313430987
0.3009448882 0.5066267766 0.5159338680
0.5959342193 0.5780586070 0.4449368888
0.2944250290 0.2607139559 0.8429363714
0.1445305273 1.0075407821 0.0755012083
0.3726119023 0.0617789120 0.9844058534
0.5168478417 0.4284193486 0.5982100843
0.2061459794 0.9763540754 0.0488017078
0.2785870209 0.9278145635 0.0785263954
0.0751442771 0.7901339783 0.3064208645
0.1873492669 1.0117094018 0.0449344465
0.1837060335 1.0317031303 0.0628335101
0.2248958867 0.3256529278 0.7082000413
0.2698166641 0.0480077273 1.0833093996
0.5523547161 0.2908764789 0.8060575901
0.3993365989 0.2896380604 0.8203289756
0.4430806408 0.1170391119 0.9431176492
0.1926427079 0.9713334035 0.0684339757
0.4736154960 0.4393340995 0.5733597126
0.2163313067 0.9350069317 0.0630355375
0.2035551804 0.2022597747 0.8593020282
