0.9999963405 0.0000148570
0.0000000029 0.9999687231
0.8618820249 0.0716366928
0.3188033262 0.4353925605
0.8049062210 0.1028484765
0.5874317772 0.2335760344
0.9400935729 0.0304335526
0.3382767818 0.4184062763
0.8432270620 0.0817420604
0.5668559855 0.2471151752
0.0325246008 0.8196845992
0.1482332493 0.6150109037
0.1330144958 0.6353104802
0.7583671130 0.1291697791
0.0896829135 0.7005492026
0.4232063397 0.3494767247
0.6191409175 0.2131617512
0.0431332551 0.7923357112
0.6315551331 0.2053091471
0.9047382355 0.0488379878
0.7795768064 0.1170788626
0.1880037148 0.5664253373
0.8268150226 0.0907208040
0.9860333330 0.0070233176
0.6681171673 0.1826279168
0.4594050681 0.3222253808
0.3894643012 0.3759491216
0.4402360632 0.3365180739
0.5552421381 0.2548717291
0.2056023822 0.5465862747
0.4847843899 0.3037519600
0.5191362936 0.2795131855
0.3478737150 0.4102098290
0.9718340216 0.0142014608
0.3744454925 0.3881357382
0.0672219859 0.7407488756
0.8845260088 0.0595221965
0.4119580007 0.3581821989
0.3586830861 0.4011223224
0.8154219754 0.0970087927
0.4461932306 0.3320429419
0.7772132159 0.1184212225
0.0114307813 0.8931105001
0.9583071947 0.0210808813
0.0815546465 0.7144463021
0.0026039002 0.9489950567
0.0603062720 0.7544493177
0.6533291826 0.1917293893
0.6915187175 0.1684427720
0.8845260088 0.0595221965
0.0066515901 0.9184718500
0.6022649063 0.2239597162
0.4967173877 0.2952362738
0.1004022982 0.6831613206
0.9223445083 0.0396250706
0.7450548885 0.1368522262
0.5251740218 0.2753315316
0.2493295237 0.5006963034
0.0263864247 0.8375848223
0.7020399149 0.1621404417
0.0148230393 0.8782834904
0.0518893442 0.7722329207
0.0044187531 0.9335525801
0.6473733237 0.1954227569
0.1266066011 0.6442050301
0.0001927917 0.9861486453
0.4040127846 0.3643999503
0.5369508619 0.2672518734
0.1118052768 0.6656542073
0.1621172404 0.5973906475
0.1098351670 0.6686140416
0.2420743153 0.5080071392
0.0007799915 0.9721027972
0.1827767125 0.5724976272
0.0567559429 0.7617857838
0.3968661879 0.3700446247
0.4737305334 0.3117375885
0.2197623431 0.5312347944
0.7101393664 0.1573223473
0.1718064746 0.5855308147
0.4696591408 0.3147058264
0.2308160766 0.5195862974
0.6004128605 0.2251531401
0.3069543849 0.4459844316
0.0285675954 0.8310028484
0.1733115105 0.5837128715
0.1013024653 0.6817445973
0.1206963840 0.6526129601
0.5428142237 0.2632618365
0.2680325787 0.4823017172
0.0213674925 0.8538529947
0.6792540440 0.1758470331
0.2589774700 0.4911305535
0.7293597242 0.1459940766
0.2299321848 0.5205114495
0.2949522137 0.4569294784
0.2852377418 0.4659507024
0.2125408894 0.5390038914
0.0721494100 0.7314118970
0.5026164332 0.2910626395
