0.0000007275 0.9991752467
0.8519087152 -0.7733547751
0.6524745352 -0.4582479818
0.4540754019 -0.1241933736
0.8233849370 -0.4593371791
0.6184078740 -0.1243964693
0.4093233953 0.2420430377
0.2576790808 0.2421800059
0.1822408754 0.6696068603
0.0829128945 0.6696741751
0.2171125016 0.4228873003
0.4414190783 -0.0898427533
0.8275928710 -0.5384122266
0.6201872796 -0.1549873164
0.4176703061 0.1336130683
0.2131749109 0.4525773519
0.8263183715 -0.5021583416
0.0678510038 0.6820813211
0.0183799119 0.8544132548
0.8300825961 -0.5838859106
0.1857092616 0.6496832311
0.2307950121 0.3295627220
0.4156680726 0.1588562339
0.0567824540 0.7062332915
0.2417293535 0.2747437927
0.2210920651 0.3938076859
0.4454402319 -0.1082764939
0.8326689952 -0.6247607754
0.2465946853 0.2582475567
0.0486476491 0.7308596962
0.2237790851 0.3749133095
0.0253803122 0.8225553415
0.6260867863 -0.2488009834
0.8291318780 -0.5677938882
0.4250700369 0.0468127735
0.8347205461 -0.6540027110
0.8243295864 -0.4783927337
0.6349397183 -0.3620024617
0.1900538951 0.6224929402
0.2028735989 0.5313201578
0.0224673689 0.8365028929
0.6221072539 -0.1857137191
0.4271571492 0.0246402077
0.6312803872 -0.3197405787
0.6336970382 -0.3484196224
0.4287549703 0.0084728757
0.6392156709 -0.4023681250
0.8452747313 -0.7553505801
0.0734431449 0.6746097597
0.1983746054 0.5647525127
0.0011779398 0.9656649752
0.4374523554 -0.0532988906
0.4111290700 0.2179903619
0.0536390503 0.7151327591
0.6285628817 -0.2841297096
0.4134207784 0.1878477982
0.2100171548 0.4767403817
0.6285628817 -0.2841297096
0.0431467555 0.7501544346
0.0088316615 0.9036275699
0.2353635996 0.3039563003
0.8387440728 -0.7026640400
0.0127052854 0.8823659233
0.4204161561 0.1000794885
0.8366662922 -0.6790108452
0.2549063131 0.2432560110
0.8434047369 -0.7437191291
0.4309696180 -0.0126788250
0.4320838271 -0.0227396620
0.2362884656 0.2992168743
0.0377598196 0.7707010997
0.0353385143 0.7803849609
0.4129477273 0.1940266890
0.6473967672 -0.4498269017
0.2090172717 0.4844114676
0.6254279557 -0.2389704890
0.6184078740 -0.1243964693
0.0042245280 0.9344728726
0.1949629738 0.5891943232
0.6315878619 -0.3235487527
0.8335957378 -0.6358847929
0.6228599811 -0.1955249666
0.6450132292 -0.4392367459
0.6376382815 -0.3886620347
0.6421540521 -0.4240623387
0.8506143003 -0.7727281598
0.2270275642 0.3531400738
0.0414723284 0.7563814076
0.2274072160 0.3506713442
0.1920437633 0.6092935252
0.0025923838 0.9488985583
0.0318409985 0.7947856157
0.2064789353 0.5038853743
0.0120031963 0.8860476340
0.8413008041 -0.7247568239
0.8385238812 -0.6855653354
0.4102253377 0.2300083736
0.4218602954 0.0836775762
0.6240888293 -0.2184567160
0.8405987005 -0.7210266465
