0.6826178470 0.0000000000
0.6884805536 0.0000000000
0.1795164531 0.0000000000
0.5274797455 0.0000000000
0.3621283752 0.0000000000
0.3630586005 0.0000000000
0.3524570588 0.0000000000
0.7050972766 0.0000000000
0.3777070241 0.0000000000
0.5217527371 0.0000000000
0.0503021055 0.0000000000
0.3614751894 0.0000000000
0.3467003421 0.0000000000
0.5149928649 0.0000000000
0.8701895743 0.0000000000
0.5249883858 0.0000000000
0.1965573301 0.0000000000
0.1870333632 0.0000000000
0.3737411152 0.0000000000
0.3506170193 0.0000000000
0.3660959418 0.0000000000
0.1848757203 0.0000000000
0.6972141794 0.0000000000
0.0383136044 0.0000000000
0.8776538451 0.0000000000
0.5389983925 0.0000000000
0.5258833788 0.0000000000
0.0151187121 0.0000000000
0.3679411361 0.0000000000
0.5374493109 0.0000000000
0.6845298661 0.0000000000
0.7090335281 0.0000000000
0.0112533679 0.0000000000
0.3580623440 0.0000000000
0.3486248554 0.0000000000
0.6989989245 0.0000000000
0.1826197788 0.0000000000
0.0301746090 0.0000000000
0.5305504695 0.0000000000
0.8669818225 0.0000000000
0.1774633371 0.0000000000
0.8661645803 0.0000000000
0.8512514431 0.0000000000
0.5310283245 0.0000000000
0.8724392754 0.0000000000
0.1941748564 0.0000000000
0.1814450103 0.0000000000
0.6879185817 0.0000000000
0.6852446334 0.0000000000
0.6870698030 0.0000000000
0.8601565241 0.0000000000
0.3710907513 0.0000000000
0.6841395306 0.0000000000
0.5179446603 0.0000000000
0.5296287419 0.0000000000
0.8565081446 0.0000000000
0.7075967850 0.0000000000
0.6919417976 0.0000000000
0.6912614072 0.0000000000
0.0409392889 0.0000000000
0.5334960894 0.0000000000
0.1803882152 0.0000000000
0.5407111257 0.0000000000
0.3536035110 0.0000000000
0.2054508004 0.0000000000
0.1994373179 0.0000000000
0.0000000000 0.0000000000
0.3606555049 0.0000000000
0.6868231197 0.0000000000
0.0336663680 0.0000000000
0.0181958230 0.0000000000
0.1769370727 0.0000000000
0.6975337087 0.0000000000
0.8677195426 0.0000000000
0.3553345166 0.0000000000
0.1934123323 0.0000000000
0.3640188542 0.0000000000
0.3649119623 0.0000000000
0.8610413464 0.0000000000
0.3455323136 0.0000000000
0.1704588564 0.0000000000
0.0548635413 0.0000000000
0.3492843701 0.0000000000
0.1906157153 0.0000000000
0.0217594497 0.0000000000
0.5182514809 0.0000000000
0.2137269238 0.0000000000
0.8691498778 0.0000000000
0.5243401513 0.0000000000
0.7038694462 0.0000000000
0.1879406924 0.0000000000
0.0072069552 0.0000000000
0.1786968092 0.0000000000
0.1758476609 0.0000000000
0.2013272585 0.0000000000
0.8496795393 0.0000000000
0.8515693645 0.0000000000
0.3599329484 0.0000000000
0.3574056322 0.0000000000
0.6864060010 0.0000000000
