0.6943748016 0.0000000000
0.5343802048 0.0000000000
0.2017922935 0.0000000000
0.1866551878 0.0000000000
0.8678527222 0.0000000000
0.8732073492 0.0000000000
0.0081940420 0.0000000000
0.3449402914 0.0000000000
0.8685716859 0.0000000000
0.6889434881 0.0000000000
0.5138233862 0.0000000000
0.8582534502 0.0000000000
0.6995556168 0.0000000000
0.8722523556 0.0000000000
0.3567517596 0.0000000000
0.5222685087 0.0000000000
0.6833277355 0.0000000000
0.7005759324 0.0000000000
0.3618630443 0.0000000000
0.6965693174 0.0000000000
0.8570829974 0.0000000000
0.8601367133 0.0000000000
0.3460967147 0.0000000000
0.5248745437 0.0000000000
0.1753781717 0.0000000000
0.3529415116 0.0000000000
0.0226579727 0.0000000000
0.3600557242 0.0000000000
0.6981341848 0.0000000000
0.5331081904 0.0000000000
0.5323482209 0.0000000000
0.8587269092 0.0000000000
0.3736325077 0.0000000000
0.1905852867 0.0000000000
0.3495552739 0.0000000000
0.6868783609 0.0000000000
0.1821254096 0.0000000000
0.3547697439 0.0000000000
0.0374768505 0.0000000000
0.8651816502 0.0000000000
0.0319366450 0.0000000000
0.5195922616 0.0000000000
0.3627469685 0.0000000000
0.1791503939 0.0000000000
0.8671582914 0.0000000000
0.2062380278 0.0000000000
0.8746253904 0.0000000000
0.3501385327 0.0000000000
0.6886022066 0.0000000000
0.8666743964 0.0000000000
0.1876408518 0.0000000000
0.1858009524 0.0000000000
0.5214353416 0.0000000000
0.2116933254 0.0000000000
0.7086651734 0.0000000000
0.3575512262 0.0000000000
0.5372526901 0.0000000000
0.6857802088 0.0000000000
0.3517174603 0.0000000000
0.5192125162 0.0000000000
0.1939679853 0.0000000000
0.5445627016 0.0000000000
0.5143500401 0.0000000000
0.0172959648 0.0000000000
0.6951924024 0.0000000000
0.0504632357 0.0000000000
0.7025845084 0.0000000000
0.8635357061 0.0000000000
0.0458025038 0.0000000000
0.0000000000 0.0000000000
0.3777227000 0.0000000000
0.3587529486 0.0000000000
0.1995285523 0.0000000000
0.7064922686 0.0000000000
0.1767998859 0.0000000000
0.3708954774 0.0000000000
0.5183836651 0.0000000000
0.5311942206 0.0000000000
0.3692363185 0.0000000000
0.3666680635 0.0000000000
0.6865632378 0.0000000000
0.8631246435 0.0000000000
0.8618013627 0.0000000000
0.1722288644 0.0000000000
0.3486749048 0.0000000000
0.1801266430 0.0000000000
0.6985919700 0.0000000000
0.8549598992 0.0000000000
0.5151246082 0.0000000000
0.5164326374 0.0000000000
0.1950585298 0.0000000000
0.6852240304 0.0000000000
0.6927094676 0.0000000000
0.7046846552 0.0000000000
0.5411776096 0.0003309891
0.6826358616 0.0000000000
0.0259214264 0.0000000000
0.5289389147 0.0000000000
0.1704039576 0.0000000000
0.3676459287 0.0000000000
