0.5220704018 0.3414743296
0.1780748346 0.8940425612
0.1899688168 0.8176808124
0.8757622557 -0.6423602163
0.1963881928 0.7846219445
0.0145727490 0.9921783531
0.6890656561 0.0100517494
0.7023885856 -0.1781729112
0.0229045954 0.9820653598
0.3673514200 0.5128672843
0.6894612897 0.0024383530
0.0556760824 0.9488102586
0.3541375477 0.6244485796
0.5199638606 0.3742145671
0.8553944239 -0.3638929756
0.5258589472 0.2882594354
0.8536286746 -0.3199229907
0.0070101209 0.9981197457
0.3719598221 0.4921264112
0.5287615043 0.2530027641
0.8725084171 -0.6299331429
0.0418088833 0.9564437348
0.3525929621 0.6415788203
0.0340039017 0.9662488287
0.8500092003 -0.2223769973
0.1735487293 0.9253574804
0.6938461733 -0.0743341554
0.0000000000 1.0000000000
0.5324524353 0.2158443681
0.7068659698 -0.2054441993
0.5244974484 0.3064917000
0.3612794746 0.5554597003
0.0278614671 0.9750511688
0.6910823327 -0.0276089112
0.5157689868 0.4451128368
0.3471900090 0.7062293645
0.7099182278 -0.2126353063
0.8677396950 -0.5884106879
0.5192540638 0.3857048936
0.8624205291 -0.5110150213
0.5282424235 0.2589324631
0.5202801724 0.3691662744
0.6898984772 -0.0058488385
0.6921563547 -0.0464614111
0.3511917063 0.6576872051
0.5265762414 0.2790788660
0.7010840665 -0.1665842238
0.2080187633 0.7487240582
0.3486833657 0.6877174826
0.3647670749 0.5289853115
0.8734268352 -0.6347656655
0.7016387377 -0.1717082880
0.6914540112 -0.0342304648
0.7053243002 -0.1982734228
0.3622694528 0.5474180232
0.1991276171 0.7730923482
0.6996439818 -0.1519410568
0.1874021697 0.8328567063
0.3757046923 0.4832738641
0.5184724918 0.3986082442
0.6927759230 -0.0569394516
0.0112667355 0.9952301596
0.8637479045 -0.5332550306
0.8517414794 -0.2702327875
0.5399415659 0.1696629842
0.8567782834 -0.3965202272
0.2043230786 0.7562595928
0.5366997177 0.1846352253
0.1921991070 0.8053310054
0.1979002198 0.7780465324
0.5250942216 0.2983722707
0.3690685684 0.5039083948
0.8714552954 -0.6231201629
0.1935762785 0.7981432516
0.0184859109 0.9877931735
0.1885097840 0.8261909856
0.3479827391 0.6963490442
0.3493180219 0.6799857387
0.8629389214 -0.5199247688
0.1754071544 0.9124744116
0.5236559708 0.3182705635
0.0454757073 0.9529243073
0.8540124118 -0.3296932625
0.6821943551 0.1576874258
0.7036869718 -0.1880945247
0.8651549051 -0.5547398533
0.6974429804 -0.1259113437
0.3572944298 0.5917282850
0.5144713535 0.4683628894
0.1951123966 0.7905561070
0.3549683561 0.6155267321
0.8526829014 -0.2953542424
0.5455110454 0.1626257555
0.6958829363 -0.1048789872
0.3507121125 0.6633157278
0.2155546470 0.7459200417
0.3703969116 0.4979722043
0.8662944605 -0.5705237794
0.1766152852 0.9041088256
0.6825444636 0.1495404273
