0.5229241564 0.3288198029
0.1893948553 0.8209902253
0.6831298500 0.1360512900
0.3525514689 0.6420483058
0.6867094678 0.0575380059
0.7114460745 -0.2127087423
0.0238252571 0.9807962135
0.1905686162 0.8142779601
0.3503317334 0.6678195257
0.8502366088 -0.2287745020
0.5138588350 0.4795240481
0.5283463664 0.2577316617
0.5323610663 0.2166547867
0.8579633911 -0.4231076779
0.6999348311 -0.1550529542
0.8649325727 -0.5514903625
0.1914516025 0.8093761470
0.6948412666 -0.0896844041
0.3492224049 0.6811451126
0.0394789908 0.9590966078
0.8497921650 -0.2162400808
0.6984929002 -0.1388696329
0.0000000000 1.0000000000
0.6885522161 0.0200906107
0.5357557183 0.1904570302
0.1782486966 0.8928477981
0.2080030345 0.7487478285
0.6843135819 0.1093059658
0.5203472692 0.3681012510
0.3623623193 0.5466845786
0.5404016512 0.1681788141
0.0077415589 0.9977126330
0.7019558032 -0.1745069310
0.3447766322 0.7369624672
0.1997824697 0.7705952081
0.7074674791 -0.2076008448
0.8653278187 -0.5572289246
0.5246078489 0.3049748216
0.3724610659 0.4905165316
0.0501404958 0.9498822203
0.3656245300 0.5232951791
0.6916655914 -0.0379540267
0.8620538326 -0.5045412678
0.5344159630 0.1998247348
0.5195333542 0.3811572826
0.0355351750 0.9641471995
0.5210162396 0.3575963761
0.3507892108 0.6624070979
0.5176534596 0.4124004244
0.1859632064 0.8417565156
0.0272317999 0.9759602286
0.5332987938 0.2086101189
0.1766575794 0.9038163807
0.5386231265 0.1748035954
0.2134383021 0.7449462762
0.5236186779 0.3188013555
0.5438244456 0.1622288401
0.3599679207 0.5667256128
0.6974429972 -0.1259115584
0.5222937996 0.3381276209
0.8767147454 -0.6435122783
0.5368304852 0.1838801114
0.8741966935 -0.6380157128
0.1835583153 0.8571578343
0.3467931348 0.7112186581
0.0442581098 0.9539941491
0.2054604638 0.7535293713
0.3545006365 0.6205234213
0.0317680502 0.9694091232
0.5160077020 0.4408975296
0.5304308229 0.2350903296
0.1963334092 0.7848696475
0.8646335059 -0.5470327173
0.0207139392 0.9849900408
0.3609221920 0.5584605593
0.5153643177 0.4523034808
0.6932772649 -0.0652002124
0.3582158425 0.5828141525
0.7029603994 -0.1827422683
0.5185651573 0.3970649857
0.3556874299 0.6079792162
0.3459885851 0.7214147627
0.3764360709 0.4824113436
0.8607375462 -0.4801550744
0.2024514215 0.7615188970
0.1708468471 0.9439990555
0.1734141071 0.9262899402
0.6923947557 -0.0505281149
0.5315841224 0.2237752497
0.0155523657 0.9911531340
0.3667074585 0.5165922708
0.8549499145 -0.3530648480
0.3693447582 0.5026018982
0.6890377877 0.0105920692
0.1876178223 0.8315457543
0.8633813452 -0.5273022401
0.7055298241 -0.1993653209
0.0569928626 0.9490103157
0.8714472310 -0.6230627762
0.3530725100 0.6361874369
