0.8591696571 0.0000000000
0.5317701390 0.0000000000
0.3582292347 0.0000000000
0.8525032695 0.0000000000
0.2000513904 0.0000000000
0.1874148650 0.0000000000
0.1744184343 0.0000000000
0.6982524445 0.0000000000
0.1889855927 0.0000000000
0.8701268066 0.0000000000
0.1976874499 0.0000000000
0.6935233549 0.0000000000
0.1857646373 0.0000000000
0.8714357228 0.0000000000
0.8629304879 0.0000000000
0.3468433365 0.0000000000
0.3498820925 0.0000000000
0.3611239312 0.0000000000
0.5360962825 0.0000000000
0.7047034144 0.0000000000
0.1881886254 0.0000000000
0.5233071655 0.0000000000
0.5346317914 0.0000000000
0.3544126271 0.0000000000
0.5265013406 0.0000000000
0.5142151505 0.0000000000
0.6931238536 0.0000000000
0.5300704058 0.0000000000
0.3461035484 0.0000000000
0.5330147349 0.0000000000
0.7007797671 0.0000000000
0.3733695013 0.0000000000
0.1787710818 0.0000000000
0.3511558583 0.0000000000
0.0161105409 0.0000000000
0.6853986102 0.0000000000
0.6947976058 0.0000000000
0.0482361067 0.0000000000
0.2035819812 0.0000000000
0.8602133892 0.0000000000
0.0076170199 0.0000000000
0.3494029913 0.0000000000
0.0429375023 0.0000000000
0.6884185524 0.0000000000
0.8573485378 0.0000000000
0.3698467688 0.0000000000
0.5182801896 0.0000000000
0.6966251357 0.0000000000
0.1959638907 0.0000000000
0.3780082445 0.0000000000
0.1921666199 0.0000000000
0.0192718566 0.0000000000
0.1828984740 0.0000000000
0.3650672911 0.0000000000
0.1843291215 0.0000000000
0.0349448162 0.0000000000
0.2074562166 0.0000000000
0.5291685903 0.0000000000
0.0224886362 0.0000000000
0.0383371350 0.0000000000
0.2129433183 0.0000000000
0.6842506459 0.0000000000
0.8532656898 0.0000000000
0.5420003380 0.0000000000
0.5399318489 0.0000000000
0.3566944682 0.0000000000
0.8690763509 0.0000000000
0.1939645819 0.0000000000
0.0000000000 0.0000000000
0.5159951007 0.0000000000
0.5145330603 0.0000000000
0.7078965297 0.0000000000
0.3447257357 0.0000000000
0.5310718518 0.0000000000
0.8594080245 0.0000000000
0.6976448741 0.0000000000
0.0255860688 0.0000000000
0.3679004229 0.0000000000
0.1949019889 0.0000000000
0.8731682123 0.0000000000
0.3539676273 0.0000000000
0.5225177101 0.0000000000
0.3523352475 0.0000000000
0.8780008415 0.0000000000
0.8581355012 0.0000000000
0.3572741514 0.0000000000
0.3665781905 0.0000000000
0.3591335331 0.0000000000
0.5284654370 0.0000000000
0.6892654226 0.0000000000
0.3600324135 0.0000000000
0.8557023128 0.0000000000
0.6954376872 0.0000000000
0.6874569262 0.0000000000
0.7039748944 0.0000000000
0.7028313738 0.0000000000
0.0550801778 0.0000000000
0.3483116125 0.0000000000
0.6820784338 0.0000000000
0.1753100602 0.0000000000
