0.6588808969 0.9845805401
0.8775095383 0.7292811739
0.9761383184 0.2145589170
0.9042993638 0.6343022796
0.8959834224 0.6665737841
0.9549830509 0.3691056506
0.2044497299 0.9999998724
0.9657224450 0.2944573818
0.8714964682 0.7472702811
0.6162186678 0.9921050659
0.4892242215 0.9992146206
0.7821885433 0.9142736159
0.6065326711 0.9932618295
0.9437019560 0.4397929731
0.8851775841 0.7046723736
0.9937913611 0.0603801743
0.9290144788 0.5211220661
0.7529398656 0.9414397500
0.8194460708 0.8634776450
0.8260763282 0.8520204259
0.9802113343 0.1811634877
0.9639177630 0.3075317987
0.5534303537 0.9973045595
0.9271541733 0.5306254098
0.9916295106 0.0806213214
0.9017824095 0.6443542729
0.9529169716 0.3826227544
0.9571458156 0.3546711955
0.9927359334 0.0703115824
0.5375876614 0.9979839889
0.8075914292 0.8819904886
0.9693971235 0.2671463301
0.9869747336 0.1228773028
0.4721810275 0.9994490841
0.9420378268 0.4495936709
0.9317673097 0.5067413667
0.8807950560 0.7189725891
0.7889646496 0.9065508304
0.9335636376 0.4971490492
0.9720227546 0.2470531567
0.8895819248 0.6896444615
0.7974360436 0.8960178923
0.6998882827 0.9717975247
0.8583162153 0.7829932850
0.9739806107 0.2317490369
0.9353366797 0.4875167711
0.2888783256 0.9999959528
0.9238958095 0.5468625328
0.9952833794 0.0461776014
0.7382748537 0.9518960475
0.7647382422 0.9315886620
0.2229721518 0.9999996963
0.9886504969 0.1078705217
0.8370778501 0.8310887787
0.9512824124 0.3931313901
0.9491359024 0.4066867939
0.9453197430 0.4301149260
0.5089203449 0.9988345380
0.9588245188 0.3432632619
0.4551509651 0.9996184472
0.9775112568 0.2034415052
0.8128049065 0.8741471179
0.9679927194 0.2776945221
0.7246832203 0.9600531945
0.6876454533 0.9763600933
0.9087710746 0.6158109755
0.4364556742 0.9997491573
0.9971024070 0.0286010122
0.9375087384 0.4754906380
0.5919445992 0.9947178513
0.1865964966 0.9999999488
0.8926327875 0.6788348970
0.9786869646 0.1938088269
0.9195673150 0.5676501989
0.9607003101 0.3303015267
0.6403810008 0.9884019658
0.9813578215 0.1715355412
0.8676101248 0.7583169935
0.8993942439 0.6536612878
0.8527893964 0.7965686333
0.9845493579 0.1441947764
0.3374530628 0.9999808515
0.9900027664 0.0955926528
0.9397165956 0.4630065770
0.2445402985 0.9999992353
0.7098048727 0.9675369169
0.9708249038 0.2562806448
0.3525228998 0.9999703603
0.7715737495 0.9252218982
0.9984084269 0.0158022240
0.9218788009 0.5566586057
0.6712577995 0.9814265129
0.9856975956 0.1341613427
0.9826608158 0.1604696785
0.9124989471 0.5997570230
0.3269638229 0.9999860364
0.8489425076 0.8055612600
0.4077676561 0.9998729052
0.8414909285 0.8219695107
1.0000000000 0.0000000000
