0.0367365996 0.0000000000
0.8508146394 0.0000000000
0.5584677474 0.0000000000
0.5682106332 0.0000000000
0.0498457227 0.6717483339
0.0518573113 0.0000000000
0.0212325910 0.0000000000
0.2572935692 0.0000000000
0.0433890001 0.0000000000
0.6438028274 0.0000000000
0.2422164792 0.0000000000
0.4491957445 0.0000000000
0.4782136282 0.0000000000
0.1669776260 0.0000000000
0.1711850677 0.0000000000
0.0059023745 0.0000000000
0.1801552996 0.0000000000
0.3801883418 0.0000000000
0.5379710856 0.0000000000
0.3150347315 0.0000000000
0.0722437619 0.0000000000
0.7470173878 0.0000000000
0.6425416035 0.0000000000
0.0448239991 0.0000000000
0.4398568015 0.0000000000
0.1368486381 0.0000000000
0.1676685139 0.0000000000
0.7260283922 0.0000000000
0.6856133689 0.0000000000
0.8548803168 0.0000000000
0.6312958577 0.0000000000
0.0388990130 0.0000000000
0.4047820392 0.0000000000
0.5632617645 0.0000000000
0.1639194560 0.0000000000
0.5420380875 0.0000000000
0.4799982137 0.0000000000
0.1605524267 0.0000000000
0.6583290323 0.0000000000
0.1390122618 0.0000000000
0.7824514694 0.0000000000
0.4733052860 0.0000000000
0.4450612600 0.0000000000
0.0586942844 0.0000000000
0.3792170275 0.0000000000
0.9504492906 0.0000000000
0.1583112465 0.0000000000
0.3709439565 0.0000000000
0.0864858244 0.0000000000
0.7410697242 0.0000000000
0.1735507121 0.0000000000
0.1661558105 0.0000000000
0.1552021969 0.0000000000
0.7808195321 0.0000000000
0.4281520759 0.0000000000
0.1107573612 0.0000000000
0.9677098284 0.0000000000
0.5662916228 0.0000000000
0.5355197153 0.0000000000
0.7618540577 0.0000000000
0.4599601137 0.0000000000
0.6660918572 0.0000000000
0.2319260316 0.0000000000
0.6219608925 0.0000000000
0.3511198172 0.0000000000
0.4405562939 0.0000000000
0.1715148192 0.0000000000
0.2459135439 0.0000000000
0.1698368779 0.0000000000
0.6413334517 0.0000000000
0.0868005770 0.0000000000
0.5240579575 0.0000000000
0.3622509315 0.0000000000
0.0342226527 0.0000000000
0.0477423601 0.0000000000
0.5361772196 0.0000000000
0.1225476229 0.0000000000
0.0602196080 0.0000000000
0.0561785379 0.0000000000
0.1657509506 0.0000000000
0.1216314081 0.0000000000
0.3363966833 0.0000000000
0.1733422663 0.0000000000
0.1826931109 0.0000000000
0.8758013159 0.0000000000
0.1182343145 0.0000000000
0.5542430241 0.0000000000
0.0373202168 0.0000000000
0.3308728013 0.0000000000
0.2382013624 0.0000000000
0.0329860604 0.0000000000
0.0572333340 0.0000000000
0.1491174156 0.0000000000
0.1877743857 0.0000000000
0.4605670084 0.0000000000
0.0301403633 0.0000000000
0.3424508740 0.0000000000
0.7654681445 0.0000000000
0.0402445508 0.0000000000
0.6600185553 0.0000000000
