0.2427555868 0.0000000000
0.3308010474 0.0000000000
0.5230769776 0.0000000000
0.5403946676 0.0000000000
0.5547282098 0.0000000000
0.7418242549 0.0000000000
0.0450526098 0.0000000000
0.4756573932 0.0000000000
0.3313938386 0.0000000000
0.0681050103 0.0000000000
0.1429047767 0.0000000000
0.2650368663 0.0000000000
0.1618786958 0.0000000000
0.6372857560 0.0000000000
0.4356371642 0.0000000000
0.2877878895 0.0000000000
0.3730273615 0.0000000000
0.2350582894 0.0000000000
0.3614764719 0.0000000000
0.3621826516 0.0000000000
0.8331314295 0.0000000000
0.6305342584 0.0000000000
0.1388459923 0.0000000000
0.6522815375 0.0000000000
0.9277200100 0.0000000000
0.5411709392 0.0000000000
0.7435981413 0.0000000000
0.7402978047 0.0000000000
0.2117493469 0.0000000000
0.0324504029 0.0000000000
0.3378936891 0.0000000000
0.2174002464 0.0000000000
0.5793967373 0.0000000000
0.1444450610 0.0000000000
0.5667439751 0.0000000000
0.3733677905 0.0000000000
0.3304754554 0.0000000000
0.2326645658 0.0000000000
0.6414616836 0.0000000000
0.8584482622 0.0000000000
0.5506572021 0.0000000000
0.3589662466 0.0000000000
0.2389072332 0.0000000000
0.4578462466 0.0000000000
0.4775817306 0.0000000000
0.0171463154 0.0000000000
0.0574658587 0.0000000000
0.3259373802 0.0000000000
0.6826434060 0.0000000000
0.1303159291 0.0000000000
0.3440215515 0.0000000000
0.0542268966 0.0000000000
0.4822688068 0.0000000000
0.2294742170 0.0000000000
0.7455282467 0.0000000000
0.4724368803 0.0000000000
0.3751532059 0.0000000000
0.1565386882 0.0000000000
0.7392418246 0.0000000000
0.1468232420 0.0000000000
0.5758157480 0.0000000000
0.3607504122 0.0000000000
0.4761574236 0.0000000000
0.2610421096 0.0000000000
0.0279119948 0.0000000000
0.4321389782 0.0000000000
0.0626209785 0.0000000000
0.5126625602 0.0000000000
0.5657316434 0.0000000000
0.0673596198 0.0000000000
0.0469086519 0.0000000000
0.5448793536 0.0000000000
0.9540386016 0.0000000000
0.5616428151 0.0000000000
0.6665947448 0.0000000000
0.2525258537 0.0000000000
0.9586032451 0.0000000000
0.4595735320 0.0000000000
0.2249159690 0.0000000000
0.4566941496 0.0000000000
0.1860396641 0.0000000000
0.0387156336 0.0000000000
0.7758941250 0.0000000000
0.6387856444 0.0000000000
0.0425632574 0.0000000000
0.2599210579 0.0000000000
0.3192564174 0.0000000000
0.0598640301 0.0000000000
0.3552855051 0.0000000000
0.7855633984 0.0000000000
0.3261676097 0.0000000000
0.1648650883 0.0000000000
0.3830664722 0.0000000000
0.6747551866 0.0000000000
0.5381572809 0.0000000000
0.0390925839 0.0000000000
0.4558044671 0.0000000000
0.0617101723 0.0000000000
0.4442858827 0.0000000000
1.0000000000 0.0000000000
