0.7443712375 0.8070668189 0.0000000000
0.0000000000 0.9860721520 0.3051369355
1.0080256919 0.0000000000 0.3119303896
0.2401169296 0.6299026309 0.8523583161
0.7492343339 0.2702033195 0.7483694710
0.8670675761 0.5408145816 0.4363304042
0.7685461649 0.0000000000 0.7221334617
0.6141148834 0.7651241909 0.3885721168
0.7739693049 0.6029292102 0.3885721168
0.7508438273 0.6796754343 0.4011206388
0.2990694897 0.2100244983 0.9811843329
0.8456173569 0.5938431275 0.2140608164
0.9336983343 0.2031372898 0.3784500195
0.3240872403 0.9197760930 0.3862375278
0.0000000000 0.9555403382 0.3784500195
0.7758066868 0.5578362867 0.3784500195
0.4778188727 0.5812523324 0.8208502875
0.4195455698 0.9594574415 0.0000000000
0.8628542936 0.5854722065 0.0000000000
0.4956816270 0.1311348317 0.9748493947
0.5026104527 0.2474673692 0.8848919491
0.5449300798 0.7559991378 0.6364737055
0.9122366874 0.4491526428 0.3856386975
0.7673877720 0.3778342294 0.5841833901
1.0029306614 0.2581366944 0.0000000000
0.8247114086 0.2122661965 0.5816079464
0.4045373120 0.8302450474 0.6307588061
0.4438774363 0.2678866417 0.9127705685
0.1553627524 0.0235753979 1.0118606033
0.4997369991 0.0758321954 0.8898967712
0.9089063120 0.1379212690 0.4497453647
0.0000000000 0.5054578025 0.8898967712
0.3030120201 0.0459803192 0.9800231982
0.2421396684 0.4417174208 0.8868583146
0.1647787526 0.3005936453 0.9941978053
0.1975747310 0.4648261228 0.8892199307
0.6332841139 0.7342737902 0.3388442135
0.3685739986 0.3750780551 0.9258190651
0.2686172778 0.4300103126 0.8926381629
0.5869352872 0.0000000000 0.8754375985
0.3306287306 0.3833540204 0.8870549811
0.4872113860 0.5649068770 0.6976012383
0.1907031015 0.7790115874 0.7499956795
0.6510920871 0.3864413976 0.7080301147
0.8727473087 0.5179999825 0.2110750017
0.8913825084 0.5290604957 0.0000000000
0.4612124554 0.9026889517 0.4865707802
0.9210965789 0.4028605281 0.2090885049
0.6508349546 0.7662436784 0.2090885049
0.1801940134 0.9991849298 0.2111598809
0.0000000000 1.0053434800 0.2090885049
0.2299625012 0.7036935360 0.7043622521
0.5463706865 0.8877434795 0.0000000000
0.0000000000 1.0155196581 0.0000000000
0.0000000000 0.9303456981 0.4717896837
0.4340361651 0.8959949648 0.4883524860
0.0000000000 0.4811275879 0.9255511157
0.9754215074 0.0000000000 0.4946481780
0.0000000000 0.6818596666 0.7794380453
0.4104649348 0.5954242582 0.8266891199
0.5426495239 0.4087061975 0.7765632052
0.5008062753 0.4695273927 0.7847263275
0.2293785857 0.6627454942 0.8016803265
0.0000000000 0.8929836949 0.5244391214
0.0000000000 0.2738976505 0.9983070256
0.7946726236 0.6612282898 0.0000000000
0.9682300236 0.4187415334 0.0000000000
0.4015495827 0.3341199080 0.9667659545
0.7927526233 0.6596307029 0.0718195245
0.5707137254 0.8582436971 0.0000000000
0.7503427131 0.0004550808 0.7155257866
1.0003825281 0.0006067292 0.2747543031
0.9829529691 0.0000000000 0.4087356683
0.2242212779 0.7485014769 0.7451074710
0.6141955724 0.0000000000 0.8357646057
0.7962930751 0.0000000000 0.6714117905
0.4501021880 0.9392999915 0.0000000000
0.7881065430 0.7564225082 0.0000000000
0.6364190078 0.8249464931 0.0000000000
0.6203585543 0.8041284241 0.2455419903
0.4550042410 0.5897909213 0.7284803908
0.8753796820 0.4220656228 0.5495920037
0.5466475556 0.7085818909 0.5061137217
0.7247781592 0.6982767457 0.2049124873
0.8949367833 0.0000000000 0.5061137217
0.4634936259 0.8893758652 0.5671722498
0.7591235022 0.5168106855 0.4657421579
0.6384932447 0.0000000000 0.8058469594
0.5131099221 0.0000000000 0.8802019635
0.0000000000 0.0000000000 1.0201333257
0.3086302249 0.9818892560 0.0000000000
0.2464120739 0.9889727724 0.0000000000
1.0192085432 0.0000000000 0.0000000000
1.0167332361 0.0000000000 0.2245324753
0.8924149686 0.0000000000 0.5451926152
0.2567459815 0.9821827536 0.0927332852
0.9797322129 0.2809107430 0.0000000000
0.9625349834 0.2759799196 0.3607414988
0.0247302760 0.6713719166 0.7849823623
1.0087419787 0.0657510097 0.0000000000
