13.4579308651 16.9404503338 20.2763970564
37.9504583206 17.1002422847 0.0010909704
18.0110277948 7.4212112545 29.3288700272
9.6338414914 24.0344873790 22.0651209800
0.0010084717 30.7635293093 20.1620715916
9.0355080075 26.8901972436 16.2267415932
26.8327171348 6.0494089875 9.8934831238
15.5290840931 17.3530420292 9.8934831238
0.0008454615 15.8326829574 26.9420808273
0.0008454615 12.1843785485 30.5903852362
2.1017501424 7.9990441197 25.3575372296
43.2867206849 6.6579503361 0.0009888539
22.3768829837 22.9845813084 0.0008971934
0.0008971934 45.3605670987 0.0008971934
45.3605670987 0.0008971934 0.0008971934
9.6597116081 36.1949985752 0.0009070579
18.4915045702 27.3632056131 0.0009070579
7.8594670491 29.4490067723 8.5471434198
0.0009097791 37.4182685975 8.5725051731
25.3285627608 20.8974488749 0.0009144837
18.0981503097 12.8286885136 17.9416063489
16.2973492703 14.6294895530 17.9416063489
22.5529186530 12.8244639308 23.7236642377
5.0157964247 30.2775372357 23.6673020083
0.0010427329 34.6168149357 18.0219132217
24.9393395834 17.0670885805 10.4368980018
28.4589350049 0.0009408384 19.0848647650
24.4917466106 10.1554539746 23.2340126917
26.7926285171 17.3370079144 0.0008725578
9.9351599061 13.4731839597 20.7221651235
24.9572855683 6.7348915285 12.5475308547
2.2558712360 0.0006353111 30.0109525609
0.0006099782 0.0006099782 30.9995209573
33.0340088162 0.0008166953 8.3023880708
