0.2835703594 0.0850266579 0.3803888616 0.4661000054 0.5467111072 0.5866737494 0.4820379823 0.3486133367 0.5962341258 0.4288918629 0.5250990532 0.4502314523
0.0000000000 0.3952470989 0.4888912886 0.4714104374 0.4530560188 0.5378326279 0.4820379823 0.3486133367 0.5962341258 0.4288918629 0.5250990532 0.4502314523
0.1284421159 0.3952470989 0.4888912886 0.4714104374 0.4530560188 0.5378326279 0.4003586366 0.3486133367 0.5962341258 0.4288918629 0.5250990532 0.4502314523
0.3590007158 0.6402805119 0.4888912886 0.4714104374 0.1693560250 0.5378326279 0.4003586366 0.3486133367 0.4614665221 0.4288918629 0.5250990532 0.4502314523
0.1284421159 0.8860868620 0.4846488822 0.4714104374 0.4530560188 0.5378326279 0.4003586366 0.3486133367 0.5962341258 0.4288918629 0.5250990532 0.4502314523
0.1284421159 0.4447575350 0.4888912886 0.4714104374 0.4530560188 0.4582196427 0.4003586366 0.3486133367 0.4941004866 0.4288918629 0.5250990532 0.4502314523
0.5862947126 0.3952470989 0.4888912886 0.4714104374 0.4530560188 0.5108255479 0.4003586366 0.5986044656 0.5962341258 0.4288918629 0.5250990532 0.4502314523
0.7120749910 1.0000000000 0.4888912886 0.4714104374 0.4530560188 0.5108255479 0.6148100360 0.4855236329 0.4110033252 0.4288918629 0.5250990532 0.4697187979
0.6268394103 0.6332985222 0.4888912886 0.4714104374 0.4530560188 0.5108255479 0.6148100360 0.4855236329 0.4110033252 0.4288918629 0.5250990532 0.4697187979
0.5187471286 0.5037173866 0.4118593147 0.4714104374 0.5884015466 0.5108255479 0.4828013908 0.4855236329 0.3507340549 0.4288918629 0.3482690711 0.4697187979
0.5187471286 0.5954658978 0.4118593147 0.4714104374 0.5884015466 0.5108255479 0.4828013908 0.4855236329 0.3507340549 0.5249485001 0.3482690711 0.4697187979
0.3435770971 0.4571321248 0.4118593147 0.4714104374 0.5894415661 0.5108255479 0.3271973328 0.4855236329 0.4578164699 0.5902038400 0.2950697705 0.4697187979
0.3296236060 0.4774264324 0.5155933100 0.4714104374 0.4249409910 0.4946980260 0.6420266436 0.4855236329 0.3231605011 0.5333190805 0.2680182488 0.4865661495
0.4310801719 0.6744401518 0.5155933100 0.4714104374 0.4249409910 0.4946980260 0.5124589607 0.4855236329 0.3231605011 0.4726575524 0.2680182488 0.4865661495
0.8145180841 0.2622001495 0.5155933100 0.5609396523 0.4249409910 0.4946980260 0.5124589607 0.4855236329 0.5764340556 0.5333190805 0.4751528426 0.4865661495
1.0000000000 0.4936502827 0.5155933100 0.5075507342 0.4249409910 0.4946980260 0.5124589607 0.4855236329 0.5764340556 0.5333190805 0.4751528426 0.4865661495
0.5548562292 0.4936502827 0.5155933100 0.5075507342 0.5981474020 0.4946980260 0.5124589607 0.4855236329 0.5764340556 0.4317036737 0.4751528426 0.4865661495
0.5548562292 0.0907749284 0.5177873912 0.5075507342 0.5981474020 0.4946980260 0.5124589607 0.4855236329 0.5764340556 0.5338892924 0.3991034086 0.4865661495
0.7950478080 0.0907749284 0.5177873912 0.5075507342 0.5981474020 0.4226326701 0.5124589607 0.4855236329 0.5764340556 0.5338892924 0.3991034086 0.4865661495
0.2178151409 0.0907749284 0.5177873912 0.5075507342 0.7619126884 0.4946980260 0.4603058461 0.4855236329 0.5764340556 0.5338892924 0.3991034086 0.4865661495
0.6670167213 0.2107334627 0.4409078668 0.5101809611 0.5981474020 0.4946980260 0.5124589607 0.4390690180 0.5764340556 0.5338892924 0.5282118397 0.4865661495
0.3932565219 0.2107334627 0.4409078668 0.5101809611 0.6869978892 0.6331423928 0.5124589607 0.5299439696 0.5764340556 0.5338892924 0.5282118397 0.4865661495
0.5548562292 0.2394243887 0.4409078668 0.5101809611 0.5981474020 0.4946980260 0.5124589607 0.5073861423 0.5764340556 0.5338892924 0.5282118397 0.4839700087
0.0000000000 0.2107334627 0.4409078668 0.5101809611 0.5981474020 0.4946980260 0.5124589607 0.5299439696 0.5764340556 0.5338892924 0.5282118397 0.4865661495
0.0000000000 0.5770108534 0.5115225851 0.4525358869 0.3137011202 0.5815982480 0.6097192202 0.5560465809 0.5764340556 0.4374273681 0.5282118397 0.4865661495
0.7788223821 1.0000000000 0.5115225851 0.3017110152 0.4626006171 0.5073290877 0.6097192202 0.4411095785 0.5764340556 0.4374273681 0.5282118397 0.4865661495
0.2263037284 1.0000000000 0.5115225851 0.3563552965 0.4626006171 0.5815982480 0.6097192202 0.5273086991 0.5764340556 0.4374273681 0.5282118397 0.4865661495
0.4307953838 0.5253422547 0.5115225851 0.3563552965 0.4626006171 0.5815982480 0.6097192202 0.5273086991 0.5764340556 0.4374273681 0.5282118397 0.4865661495
0.4307953838 0.0000000000 0.5115225851 0.3563552965 0.4626006171 0.5815982480 0.6097192202 0.5273086991 0.5764340556 0.4374273681 0.5707562134 0.4865661495
0.4307953838 0.3692167228 0.5115225851 0.3563552965 0.4626006171 0.5815982480 0.6097192202 0.5273086991 0.5764340556 0.3952175951 0.5707562134 0.4865661495
0.7988041328 0.0000000000 0.5115225851 0.3563552965 0.4626006171 0.5815982480 0.6097192202 0.5273086991 0.5764340556 0.4374273681 0.5707562134 0.4865661495
0.5463841795 0.8324670415 0.5115225851 0.3563552965 0.4626006171 0.5815982480 0.6097192202 0.5273086991 0.5764340556 0.4374273681 0.5707562134 0.4865661495
0.4870864513 0.0000000000 0.5115225851 0.6808943581 0.4973512456 0.5815982480 0.6097192202 0.5273086991 0.5182048075 0.5466593973 0.5707562134 0.4865661495
0.2329678539 0.6488521245 0.5115225851 0.6808943581 0.6159737506 0.5815982480 0.5681077374 0.4145625430 0.5764340556 0.5466593973 0.5707562134 0.4865661495
0.0181809603 0.2396704054 0.5115225851 0.6073157022 0.4973512456 0.4121472335 0.4573201376 0.5544170977 0.5764340556 0.5466593973 0.5707562134 0.4865661495
0.7813617986 0.0000000000 0.5115225851 0.4857226186 0.4973512456 0.4121472335 0.4573201376 0.4645970377 0.5764340556 0.5226845040 0.5253124864 0.4836249892
0.3911424295 0.7175039919 0.5115225851 0.7614118296 0.4965377727 0.6218755060 0.5348039342 0.4645970377 0.5576177455 0.5226845040 0.5253124864 0.5800192389
0.6530775098 0.1557887611 0.5115225851 0.4263742429 0.4965377727 0.4162611925 0.5348039342 0.4318704909 0.6409139940 0.5226845040 0.5253124864 0.5282107384
0.6530775098 0.0000000000 0.5115225851 0.4263742429 0.4965377727 0.5783064184 0.5348039342 0.3608402515 0.6409139940 0.5226845040 0.5253124864 0.5282107384
0.2036081640 0.3662980434 0.5115225851 0.4263742429 0.4965377727 0.5783064184 0.7838569091 0.3608402515 0.6409139940 0.5226845040 0.5253124864 0.5282107384
0.6530775098 0.6258780071 0.4626521427 0.4263742429 0.4965377727 0.5783064184 0.5348039342 0.3608402515 0.6409139940 0.5226845040 0.5253124864 0.5282107384
0.2679325596 1.0000000000 0.4626521427 0.6618270780 0.4965377727 0.5783064184 0.5666660887 0.3608402515 0.6409139940 0.5226845040 0.5253124864 0.5282107384
0.6530775098 0.5353194632 0.4626521427 0.4263742429 0.4965377727 0.5783064184 0.5348039342 0.3608402515 0.6409139940 0.5226845040 0.5253124864 0.5282107384
0.2979193928 1.0000000000 0.4626521427 0.4263742429 0.4965377727 0.5783064184 0.5348039342 0.3608402515 0.3865152464 0.5226845040 0.5253124864 0.3720263665
0.6530775098 1.0000000000 0.5793865482 0.6363853089 0.4965377727 0.5783064184 0.5348039342 0.5098073643 0.6409139940 0.5226845040 0.5253124864 0.5282107384
0.6249600326 1.0000000000 0.5793865482 0.6363853089 0.4965377727 0.5783064184 0.5348039342 0.4999507163 0.6409139940 0.5226845040 0.5253124864 0.5282107384
0.0000000000 0.4886235203 0.5806325835 0.4278540397 0.4965377727 0.5783064184 0.5348039342 0.5098073643 0.5826815174 0.5226845040 0.5253124864 0.5282107384
0.0000000000 0.5164526808 0.5793865482 0.6051923745 0.4965377727 0.5783064184 0.5339018927 0.5204376772 0.5826815174 0.5226845040 0.4449727251 0.5424181727
0.2621757566 0.0000000000 0.5793865482 0.4681054485 0.4968469434 0.4093186141 0.5850524705 0.5098073643 0.3718622152 0.4423624339 0.5253124864 0.5672737179
0.2621757566 0.7873169448 0.5793865482 0.4681054485 0.4968469434 0.4093186141 0.3611314444 0.2543022008 0.3718622152 0.4423624339 0.5253124864 0.5672737179
0.2621757566 0.2859297961 0.5793865482 0.3908179308 0.4968469434 0.5213703407 0.5949413893 0.5098073643 0.3718622152 0.4423624339 0.5253124864 0.3469981057
0.2621757566 0.4270817288 0.7737486741 0.6352694478 0.4968469434 0.4093186141 0.5850524705 0.5098073643 0.3718622152 0.4423624339 0.5253124864 0.5672737179
0.2621757566 0.3510462444 0.5793865482 0.4681054485 0.4968469434 0.4093186141 0.5850524705 0.5098073643 0.3718622152 0.4758239954 0.6405637057 0.5672737179
0.5478882224 0.0000000000 0.5793865482 0.4681054485 0.4968469434 0.4093186141 0.5850524705 0.5098073643 0.3718622152 0.4423624339 0.5253124864 0.4545301460
0.5478882224 0.5865308290 0.5608597225 0.5725334021 0.4968469434 0.4093186141 0.5850524705 0.5098073643 0.2868374523 0.4423624339 0.5405738071 0.5833548452
0.0008625259 0.6458738114 0.5793865482 0.4681054485 0.4968469434 0.4093186141 0.5850524705 0.5098073643 0.4466623288 0.4423624339 0.5405738071 0.5833548452
0.5478882224 0.3247727415 0.5793865482 0.4681054485 0.4968469434 0.5033072663 0.5850524705 0.5098073643 0.4466623288 0.4423624339 0.6199122795 0.5833548452
0.5478882224 1.0000000000 0.4224323454 0.4681054485 0.4968469434 0.5144852132 0.5850524705 0.5098073643 0.4466623288 0.4423624339 0.5405738071 0.5603954507
0.0000000000 1.0000000000 0.4224323454 0.4681054485 0.4968469434 0.5144852132 0.5850524705 0.5098073643 0.4466623288 0.4423624339 0.5405738071 0.5603954507
0.4521873796 0.6237103372 0.4544180514 0.4681054485 0.4366835732 0.5144852132 0.5850524705 0.7468709382 0.4466623288 0.4423624339 0.4896254457 0.5603954507
0.4521873796 0.0000000000 0.4544180514 0.4681054485 0.4968469434 0.5144852132 0.5850524705 0.5098073643 0.4944549431 0.4995009951 0.5405738071 0.5603954507
0.4521873796 1.0000000000 0.4544180514 0.4681054485 0.4968469434 0.5144852132 0.5317455588 0.5098073643 0.4944549431 0.4995009951 0.5405738071 0.5603954507
0.4949977791 1.0000000000 0.4544180514 0.4681054485 0.4968469434 0.5144852132 0.5317455588 0.5098073643 0.4944549431 0.5996204138 0.5405738071 0.5603954507
0.7537042507 1.0000000000 0.4544180514 0.4681054485 0.4968469434 0.5144852132 0.5317455588 0.5098073643 0.4944549431 0.4995009951 0.5405738071 0.5603954507
0.7537042507 0.4885161596 0.4544180514 0.4681054485 0.4968469434 0.5144852132 0.5317455588 0.5098073643 0.5981361262 0.4995009951 0.5405738071 0.5603954507
0.3615480966 0.0000000000 0.4544180514 0.4681054485 0.4968469434 0.5144852132 0.5582401668 0.5098073643 0.4944549431 0.2452140712 0.5405738071 0.5603954507
0.3615480966 1.0000000000 0.4544180514 0.4681054485 0.4968469434 0.5144852132 0.4075489512 0.5098073643 0.4944549431 0.4372886395 0.5405738071 0.5603954507
0.8945190703 1.0000000000 0.4544180514 0.4681054485 0.4968469434 0.5144852132 0.4075489512 0.5098073643 0.4944549431 0.4372886395 0.5405738071 0.5603954507
0.5820340813 0.7145808687 0.4544180514 0.4681054485 0.4968469434 0.6292690040 0.4075489512 0.5098073643 0.4944549431 0.4372886395 0.5405738071 0.4637829230
0.5820340813 1.0000000000 0.4544180514 0.4681054485 0.4968469434 0.5144852132 0.5609413269 0.5098073643 0.4944549431 0.4372886395 0.5405738071 0.5603954507
0.5820340813 0.1897187143 0.4544180514 0.4681054485 0.4968469434 0.6634732070 0.5609413269 0.5098073643 0.4944549431 0.4372886395 0.5405738071 0.5603954507
0.3982724783 0.0000000000 0.4544180514 0.6010093037 0.4968469434 0.3969990883 0.5609413269 0.5098073643 0.4320975272 0.4372886395 0.5405738071 0.3790041196
0.0641492591 0.2647301948 0.4544180514 0.5240660239 0.4691434020 0.5144852132 0.5609413269 0.5098073643 0.4320975272 0.4372886395 0.5586690677 0.3790041196
0.0000000000 0.0000000000 0.4544180514 0.5240660239 0.4968469434 0.5144852132 0.5609413269 0.5098073643 0.4320975272 0.4372886395 0.5405738071 0.4946293446
0.0000000000 0.6733366226 0.4544180514 0.5240660239 0.4968469434 0.5144852132 0.5609413269 0.5098073643 0.4320975272 0.4372886395 0.5405738071 0.4946293446
0.0000000000 0.3779598047 0.4544180514 0.5240660239 0.4968469434 0.4649205665 0.5609413269 0.5098073643 0.4320975272 0.7433538593 0.5405738071 0.4946293446
0.3324196459 0.3504510201 0.4544180514 0.5240660239 0.4968469434 0.5144852132 0.5609413269 0.5098073643 0.3989572307 0.4372886395 0.5405738071 0.4946293446
0.3180780785 0.6733366226 0.4163267741 0.5240660239 0.4968469434 0.5144852132 0.5609413269 0.5098073643 0.4320975272 0.7920635075 0.3909407675 0.5796156227
0.3757845381 0.1364114579 0.6193071852 0.6698407719 0.4968469434 0.5144852132 0.5609413269 0.5098073643 0.4320975272 0.4372886395 0.5405738071 0.4946293446
0.0000000000 0.1173617338 0.5106178758 0.4819983848 0.4968469434 0.5144852132 0.5596907780 0.5098073643 0.4400846190 0.4372886395 0.5405738071 0.4946293446
0.0000000000 0.2875014503 0.5106178758 0.4819983848 0.4968469434 0.5144852132 0.5596907780 0.5098073643 0.4400846190 0.4372886395 0.5405738071 0.4946293446
0.9163972429 0.2875014503 0.5106178758 0.4819983848 0.4968469434 0.5144852132 0.5596907780 0.5098073643 0.4400846190 0.4127569932 0.5405738071 0.4946293446
0.7160238428 0.0000000000 0.5106178758 0.4819983848 0.4968469434 0.5144852132 0.5596907780 0.5098073643 0.4400846190 0.5185411147 0.5405738071 0.4946293446
0.1746244331 0.2875014503 0.5106178758 0.4819983848 0.4968469434 0.5144852132 0.5596907780 0.5098073643 0.3013834128 0.4372886395 0.5405738071 0.4946293446
0.3484522975 0.2875014503 0.5106178758 0.4819983848 0.4968469434 0.5144852132 0.5596907780 0.5098073643 0.4707725921 0.4372886395 0.5405738071 0.4946293446
0.4503334620 0.2300696320 0.4896126652 0.5769729731 0.4968469434 0.4389658705 0.5596907780 0.5098073643 0.3013834128 0.4372886395 0.5405738071 0.4946293446
0.4503334620 0.6605315273 0.5106178758 0.4819983848 0.4968469434 0.5144852132 0.6499268875 0.5098073643 0.3013834128 0.3817159662 0.5405738071 0.4946293446
0.4503334620 0.3303963219 0.5106178758 0.4819983848 0.4968469434 0.5144852132 0.5596907780 0.5098073643 0.3013834128 0.4372886395 0.5405738071 0.4946293446
0.4503334620 0.7546335028 0.3946015820 0.4819983848 0.4968469434 0.5144852132 0.5596907780 0.6136892631 0.3013834128 0.4372886395 0.5405738071 0.4946293446
0.4503334620 0.2875014503 0.5106178758 0.4819983848 0.4968469434 0.5144852132 0.5596907780 0.5098073643 0.3013834128 0.5199265536 0.5405738071 0.5084355989
0.4503334620 0.4375106648 0.5106178758 0.4819983848 0.4968469434 0.5144852132 0.5522455582 0.5098073643 0.3013834128 0.5954798478 0.5405738071 0.5084355989
0.2965063983 0.2545006027 0.5106178758 0.4819983848 0.4968469434 0.5144852132 0.5522455582 0.5098073643 0.3013834128 0.5954798478 0.5405738071 0.5084355989
0.3952526646 0.6453322462 0.5106178758 0.4819983848 0.4968469434 0.5144852132 0.6632713470 0.4793749596 0.3013834128 0.5954798478 0.5405738071 0.5084355989
0.4224366546 0.4375106648 0.5106178758 0.4819983848 0.4968469434 0.5144852132 0.6632713470 0.5098073643 0.6269023970 0.5954798478 0.5405738071 0.5084355989
0.3952526646 0.4375106648 0.5106178758 0.4819983848 0.4968469434 0.5144852132 0.6632713470 0.5098073643 0.4986505811 0.5954798478 0.5405738071 0.4926656205
0.2306893414 0.4375106648 0.5106178758 0.4819983848 0.7357751745 0.5144852132 0.6632713470 0.5098073643 0.4986505811 0.5954798478 0.5405738071 0.4926656205
0.3952526646 0.9885827775 0.5106178758 0.4819983848 0.4968469434 0.5144852132 0.5070341768 0.5098073643 0.4986505811 0.5954798478 0.5405738071 0.3330045743
0.0596964778 0.4701374557 0.5106178758 0.4819983848 0.4968469434 0.5144852132 0.6632713470 0.5098073643 0.4986505811 0.5954798478 0.5405738071 0.4926656205
0.0000000000 0.4375106648 0.3984524556 0.4819983848 0.5003883514 0.5144852132 0.6632713470 0.4299202584 0.4986505811 0.5954798478 0.5405738071 0.4926656205
0.0000000000 0.7716222764 0.3984524556 0.4819983848 0.5003883514 0.5144852132 0.6632713470 0.3050969218 0.4986505811 0.5954798478 0.5405738071 0.4926656205
