0.7926335399 0.5603249286
0.8917970508 0.3364238847
0.8570761806 0.5397344682
0.6183947655 0.8415267877
0.7456799037 0.7453691697
0.5192745287 0.8486353502
0.4989041653 0.8577049908
0.6297389301 0.7920399526
0.5661770711 0.8418803800
0.3807925278 0.8871369168
0.3889244350 0.8857680489
0.2569344505 0.8982513047
0.2450353886 0.9155280198
0.5573722734 0.8484170180
0.6246975881 0.8172076790
0.2917289855 0.8871739280
0.2154577348 0.9220081428
0.2192574419 0.9198728085
0.1884251054 0.9302248857
0.4350226226 0.8717335700
0.2034762054 0.9252927239
0.4156956545 0.8855609735
0.1750756204 0.9318280363
0.0304877064 0.9759379451
0.0363936635 0.9631096010
0.0336697458 0.9653703816
0.1302489328 0.9378138430
0.1050441142 0.9437016717
0.1161913522 0.9382532871
0.0741772174 0.9504791289
0.0638018252 0.9539777796
0.0662673971 0.9530145870
0.1512595200 0.9327969482
0.2010192293 0.9262042831
0.1090659672 0.9429942223
0.1439952426 0.9377028327
0.0703843612 0.9516143167
0.0891046126 0.9451065383
0.0970119910 0.9441156857
0.0495338683 0.9601652075
0.0321064090 0.9659612504
0.0671260043 0.9522803494
