0.1455040646 -0.1583336510 -0.3063617663 -0.6299065687 -0.4853819186
0.1455040646 -0.1583336510 -0.3063617663 0.1257395245 -0.1613591351
0.1455040646 -0.1583336510 -0.3063617663 -0.2018942472 -0.1613591351
0.1455040646 -0.1583336510 -0.0817463669 0.3542340402 -0.1613591351
0.1455040646 -0.1583336510 -0.0817463669 -0.1533617649 0.1999319652
0.0858616848 0.2193816530 -0.0817463669 -0.1533617649 0.1999319652
0.0858616848 -0.1029139168 0.2231128658 -0.1533617649 0.1999319652
0.0858616848 0.2193816530 0.2231128658 -0.1533617649 -0.2490159952
0.0858616848 0.0880459672 0.2231128658 -0.1533617649 0.1999319652
-0.2559756057 0.0880459672 -0.4261861192 -0.1533617649 0.1999319652
0.0858616848 -0.1115435660 0.2231128658 -0.1533617649 0.1999319652
0.3577196151 0.0951140238 0.2231128658 0.3871539942 0.1446044806
0.3577196151 0.0951140238 0.2231128658 0.3871539942 0.2221234534
0.3577196151 0.2032275812 0.2231128658 0.1139901961 0.3977848955
0.3577196151 0.0951140238 0.2231128658 0.3871539942 0.1492482884
0.3577196151 0.3105838273 0.2402211243 0.3871539942 0.3977848955
0.3577196151 0.2885770037 0.2402211243 0.3871539942 0.3977848955
0.3577196151 0.4247375331 0.2402211243 0.3626823700 0.3977848955
0.3577196151 0.4247375331 0.3813427502 0.3871539942 0.3977848955
0.4923862750 0.4247375331 0.3813427502 0.3871539942 0.3977848955
0.3577196151 0.2713019165 0.3813427502 0.3871539942 0.3977848955
0.3577196151 0.2713019165 0.3129370452 0.3871539942 0.3977848955
0.2504592162 0.2713019165 0.3129370452 0.3871539942 0.3977848955
0.1752945558 0.2713019165 0.3129370452 0.3871539942 0.1852151715
0.2332453605 0.2713019165 0.3129370452 0.3871539942 0.1852151715
0.2332453605 0.2713019165 0.3129370452 0.3871539942 0.3005899932
0.2332453605 0.2695600707 0.0758740735 0.3871539942 0.3005899932
0.2332453605 0.0689802240 0.0758740735 0.0628173686 0.3005899932
0.2332453605 0.3179156859 0.0758740735 0.2027740096 0.3005899932
0.2332453605 0.1004511060 0.0758740735 0.2859852162 0.3005899932
0.0975637419 0.1004511060 0.0758740735 0.2859852162 0.2630100754
0.0975637419 0.1004511060 0.0758740735 0.2859852162 -0.2432960008
0.0975637419 0.1004511060 0.0813752437 0.2859852162 0.2630100754
0.1170218893 0.1004511060 0.0758740735 0.2859852162 0.2630100754
0.1170218893 0.1004511060 0.0758740735 0.0231675149 0.2630100754
0.1170218893 0.1004511060 0.2141047918 0.0231675149 0.2630100754
0.1170218893 0.1004511060 0.2083213364 0.0231675149 0.2630100754
0.1170218893 0.1004511060 0.2083213364 0.2174180722 0.2630100754
0.1170218893 0.0478247790 0.2083213364 0.0231675149 0.2630100754
0.1170218893 -0.1227305290 0.2083213364 0.0231675149 0.2630100754
