-0.1568876101 0.0194004707 0.0257729615 -0.0545938028 0.0479876827
-0.1568876101 0.0194004707 0.0257729615 -0.0545938028 0.0141866582
-0.1568876101 -0.2127275432 0.0257729615 -0.0545938028 -0.3331945075
-0.1568876101 -0.2127275432 0.0665207854 -0.0545938028 0.0479876827
-0.1568876101 -0.1953568554 0.0257729615 -0.0545938028 0.0479876827
-0.1568876101 -0.2127275432 -0.0343268311 -0.0545938028 -0.0245749612
-0.2451298535 -0.2127275432 -0.0343268311 -0.0545938028 -0.0245749612
-0.2451298535 -0.2127275432 -0.5294126714 -0.0708603615 -0.0245749612
-0.0429755310 -0.2127275432 -0.0343268311 -0.0545938028 -0.0245749612
-0.0851244932 -0.2127275432 -0.0343268311 -0.0545938028 -0.0245749612
-0.0851244932 -0.2127275432 -0.3277503166 -0.0545938028 -0.0245749612
-0.1769040834 -0.2127275432 -0.0343268311 -0.0545938028 -0.0245749612
-0.0851244932 0.1831591696 -0.0343268311 -0.0545938028 -0.0245749612
-0.0851244932 0.1831591696 -0.0340081179 -0.0545938028 -0.0245749612
0.1572227652 0.1831591696 0.3168751580 -0.0545938028 0.0496163694
0.1572227652 0.1831591696 0.3168751580 0.4355717408 0.4146658712
0.1572227652 0.1831591696 0.3168751580 0.3969729275 0.4146658712
0.1572227652 0.1831591696 0.3326114934 0.4355717408 0.4146658712
0.1572227652 0.3489525748 0.3326114934 0.4355717408 0.4146658712
0.5227128098 0.1831591696 0.3326114934 0.4355717408 0.4146658712
0.2072014781 0.1831591696 0.3326114934 0.4355717408 0.4146658712
0.1572227652 0.1831591696 0.2481792402 0.4355717408 0.4146658712
0.1572227652 0.1831591696 0.2481792402 0.4355717408 0.3918554323
0.1572227652 0.1831591696 0.2481792402 0.3631625808 0.1247002803
0.1572227652 0.1831591696 0.2481792402 0.3631625808 0.1386602402
0.1023219276 0.1831591696 0.2481792402 0.3631625808 0.1247002803
0.1023219276 0.1831591696 0.2481792402 0.0922367229 0.1247002803
0.1023219276 0.1831591696 0.2481792402 0.1982303952 0.1247002803
0.1023219276 0.1831591696 -0.0561885205 0.0922367229 0.1247002803
0.1023219276 0.1831591696 -0.0561885205 0.0922367229 0.2085376732
0.1023219276 0.1831591696 -0.0561885205 0.1142409454 0.2085376732
0.1023219276 0.1831591696 -0.0561885205 -0.0841699021 0.1397533288
0.1023219276 0.1831591696 -0.0567032072 -0.0841699021 0.1397533288
0.1023219276 0.1831591696 -0.0561885205 0.0933617857 0.1397533288
0.1023219276 0.1831591696 -0.0561885205 0.0455591339 0.1397533288
0.1023219276 0.1831591696 -0.0561885205 0.1430874876 0.1397533288
0.1023219276 0.1828987620 -0.0561885205 -0.0841699021 0.1397533288
-0.0463955561 -0.6093394432 -0.7645555716 -0.0841699021 -0.4859066078
0.1023219276 0.1341082784 0.0619690288 -0.0841699021 0.1397533288
-0.0650827688 0.1341082784 0.0619690288 -0.0841699021 0.1397533288
0.1023219276 0.0211836900 0.0619690288 -0.0841699021 0.1397533288
-0.0023655122 0.0211836900 0.0619690288 -0.0841699021 0.1397533288
-0.0023655122 -0.0654726634 0.0619690288 -0.0841699021 0.1397533288
-0.0023655122 -0.0732369404 0.0619690288 -0.0841699021 0.1397533288
-0.0023655122 0.0211836900 0.0391233558 -0.0841699021 0.1397533288
-0.0023655122 0.0211836900 -0.0721668013 -0.0841699021 0.1397533288
-0.0023655122 0.0211836900 0.0932701508 -0.0841699021 0.1397533288
-0.0987844800 0.0211836900 -0.0721668013 -0.0841699021 0.1397533288
-0.0987844800 0.0211836900 -0.0721668013 -0.0841699021 -0.0005113527
-0.0987844800 0.0346948076 -0.0721668013 -0.0841699021 0.1397533288
0.0794310294 0.0211836900 -0.0721668013 -0.0841699021 0.1397533288
-0.0987844800 0.0211836900 -0.0668857138 -0.0841699021 0.1397533288
-0.0987844800 0.0211836900 -0.0721668013 -0.0579533068 0.1397533288
