1.4377236107 0.1896776215
1.3387275710 0.2205594388
1.4894868567 0.1698873846
1.6329747768 0.0871405334
1.2803684863 0.3880932537
1.2840569103 0.2429515973
1.0818259086 0.4124046052
0.7795118119 0.4382353687
0.7695823247 0.4775757308
0.7303590353 0.5202451222
0.0876780720 1.5783393329
0.1013564970 1.5507504703
0.1065667025 1.2739229947
0.4223247583 0.8334177210
0.4341797051 0.8081867425
0.5046787642 0.6270680483
0.4980102997 0.7606813712
0.6899953574 0.6263481800
0.3624542201 0.9096310981
0.3640379989 0.9016206828
0.2770760068 0.9311875783
0.2734675118 1.2392739189
