0.9591708961 0.3134166117
0.9743952762 0.3015181645
0.7543880752 0.6458708862
0.4304588899 0.9500871836
0.4469719541 0.9458525009
0.4227949118 0.9575124214
0.1021010957 1.0461566348
0.7012320837 0.6712667159
0.7115053007 0.6674395031
0.6959299708 0.6844738428
0.6954338290 0.7023249697
0.7316434806 0.6566576633
0.7273941098 0.6604087914
0.6692690866 0.7433568835
0.6780866422 0.7420688899
0.6805251622 0.7359885721
0.9814465927 0.2486835634
0.9755304089 0.2686574871
0.9796743091 0.2501343636
0.9978594020 0.2420091331
1.0107613917 0.2338172340
0.9868213779 0.2453812495
0.3902798538 0.9847124556
0.3885907923 0.9938958794
0.3938349949 0.9742749542
0.3564768236 1.0028626105
0.3438516417 1.0032821210
0.3747620899 0.9998215975
1.0160623178 0.1409010015
1.0230839456 0.1127171705
1.0178144850 0.1270796039
1.0134626840 0.1423729402
1.0861007894 0.0579673053
1.0563300448 0.1074319740
1.0567785221 0.1045192130
1.0622745421 0.0813365490
1.0779314571 0.0668595109
0.0622257166 1.0571191375
1.0598506819 0.0902923739
1.0744588116 0.0708738453
1.0847058417 0.0666299798
1.0376892258 0.1118204278
1.0975673324 0.0509800464
0.0882328638 1.0544724944
0.0910487021 1.0476194794
0.0329064611 1.1179146018
0.0417176211 1.0873843889
0.0401141371 1.0891355493
0.0466737375 1.0745496421
0.7949335447 0.5727472623
0.7606751333 0.6438923146
0.7641566467 0.6340172479
0.7657593557 0.6170125415
0.7813074339 0.5852016415
0.7909833784 0.5795400712
0.7706284338 0.5858513668
0.8100326778 0.5649320800
0.7964812671 0.5721739110
0.7836564260 0.5825565781
0.4632672022 0.9347818184
0.4668104051 0.9232725448
0.5041644078 0.9163473170
0.4594623178 0.9448737319
0.4624828159 0.9430057954
0.5043185006 0.9070028432
0.5035603761 0.9190706461
0.8105541870 0.5620446773
0.5057249690 0.8789394304
0.5100241910 0.8683333831
0.5398218413 0.8418060559
0.5329492740 0.8476055360
0.5688790148 0.8402396054
0.5263780638 0.8601380600
0.5312738170 0.8536177911
0.5138680230 0.8641831211
0.5212371921 0.8639350863
0.8558620973 0.4759851736
0.8367487686 0.4766022409
0.8276460109 0.4833924381
0.8182115137 0.5317787926
0.8201770955 0.5286968692
0.8236492963 0.5132380887
0.6012966413 0.8092929147
0.6059862596 0.7935753422
0.6154672985 0.7668481919
0.3066527198 1.0144795006
0.6137438971 0.7754786551
0.6332985670 0.7615108102
0.9242549351 0.3931721926
0.8701156076 0.4722153034
0.8756622172 0.4273936329
0.8853421120 0.4197587693
0.9165638425 0.4049486408
0.8910510168 0.4194381314
0.8997819279 0.4149819665
0.9073510974 0.4112880177
0.9179695910 0.4020243944
