0.4869654613 0.9363196630
0.7658210847 0.6972224010
0.6656477268 0.7441635865
0.6460742614 0.7442704496
0.6794856952 0.7391444964
0.6395873033 0.7445393829
1.0042586660 0.2172914056
0.9798236679 0.2387031636
0.9802760865 0.2378154043
0.9843207373 0.2289587807
0.6991573051 0.7093253485
1.0165819420 0.2024509645
1.0163497948 0.2050805391
1.0017954912 0.2211944310
1.0430928854 0.1932843078
1.0238332429 0.1955660256
1.0463302666 0.1875855685
1.0053211889 0.2073050281
0.0695390523 1.1107156090
0.0861787254 1.1075013209
0.0668195731 1.1139884635
1.0730724343 0.1424881399
1.0827206914 0.1335455508
0.0868941760 1.1074183972
1.0837055600 0.1096303885
1.0933201550 0.0915259581
1.1031530195 0.0816427542
1.0910774715 0.1033399921
0.7556038734 0.6992989041
0.4358146224 0.9780771360
0.4536042923 0.9497125521
0.0922993632 1.0747541537
0.4484893332 0.9683029088
0.0907807589 1.1052588989
0.1303754590 1.0678485625
0.1354030258 1.0660732325
0.7827395917 0.5829715724
0.8199718575 0.5348083788
0.8026174228 0.5437028233
0.8005928082 0.5651570123
0.5053716085 0.9046627910
0.8704298042 0.4409125071
0.8363288055 0.4740684819
0.8265347905 0.4759690820
0.8826754362 0.4264299218
0.2521435225 1.0626705791
0.8484403134 0.4633658501
0.8521669032 0.4523410724
0.4940409894 0.9175021811
0.8663601444 0.4455164960
0.5050553590 0.9174720002
0.5349269508 0.8966563221
0.2574359236 1.0492073253
0.2551696953 1.0573581583
0.6222230297 0.7947681314
0.6096787864 0.8026128755
0.6391781278 0.7775218355
0.9401209233 0.2996586769
0.9525937011 0.2921224087
0.9223843627 0.3153370188
0.9030921910 0.3747995152
0.9100576363 0.3184644360
0.9077519167 0.3200756321
0.6310275947 0.7858179647
0.3034914309 1.0015733772
0.3007272561 1.0057773728
0.3554288403 0.9923500293
0.3201284763 0.9953792035
0.3267650900 0.9949628758
0.7805914739 0.6835036485
0.2928539135 1.0068253992
0.2718154841 1.0113106292
0.2568825241 1.0573215746
0.2604505409 1.0165145139
0.9699516451 0.2829644258
0.5461267029 0.8498559868
0.5585273808 0.8295272597
0.5662315196 0.8221416791
0.5860527184 0.8178322196
0.5922852514 0.8105979196
