0.8879167336 2.3807359131
1.0003426639 1.3693591628
0.9627138146 1.3855370273
0.9400732260 1.4315156727
1.0108372662 0.9864611646
0.9044945443 1.4962830087
0.8427277068 2.4506829882
1.0180643390 0.5617833602
1.1263167486 0.2621516896
1.1198945102 0.3713082218
1.0676510596 0.4694082754
1.1000309123 0.4419428843
1.8662646153 0.0898464567
1.5003633073 0.1076519212
1.3098999783 0.1126648754
1.4804542600 0.1098258358
1.3430878962 0.1114516875
1.2924912584 0.1323008716
1.2558092994 0.1361725848
1.6086227481 0.1034419944
1.2240588486 0.1422573169
1.0576737547 0.5313211522
1.6324824509 0.0914347066
1.1440290087 0.1711376333
1.2005391405 0.1695042891
