1.3656867766 1.3644376351 1.7416146111
2.4529289254 0.4555373658 1.5545053213
0.1480515217 2.3878293915 4.1843556836
0.3716751613 1.6917826320 5.0970547934
0.3716751613 1.6944272195 3.6677414668
0.5643218241 1.1134843100 4.1544191896
0.1835646062 0.6936573416 5.2033474123
0.2649595917 1.8301678829 3.8400052953
0.2649595917 1.8304547837 3.2925334557
1.1214874207 0.5168717198 2.8322605446
0.9360756118 0.5798199276 2.6173141547
1.1137392451 1.4003512225 1.9994251260
1.4670103953 0.8142898573 2.5617779543
1.1057363423 1.2677010070 2.1105077008
0.6729641915 0.8551552780 2.3033974288
1.6777034789 0.6990022064 2.3033974288
0.4586449510 2.6977367417 2.9952244119
0.3951259370 3.0217575132 3.0273223781
0.4936323241 1.6258395102 3.1328008051
0.5478023814 2.7800871628 2.2267813640
0.3591559232 3.2822464613 2.1064146923
0.4640981048 1.7727872377 2.2429986443
0.5628452344 2.4898990293 2.0356224043
3.4141841264 0.9293726375 1.4639368098
2.7846705084 1.3484289516 1.2610863189
2.7433802228 2.1662393754 1.2610863189
4.1047192268 1.0213549426 0.9772395963
6.6018523323 5.8892071074 0.5842200994
4.6556123200 5.0807857558 0.7135876246
3.4939562644 1.4569571720 0.9731092187
3.9201956426 1.0153786036 0.9894874083
5.9067526986 3.2589220277 0.6643427336
2.8566018468 1.7483783013 0.9218508162
2.0094361587 2.8305030364 0.7325545354
3.0552548529 2.4242609415 0.7943866952
1.7763559960 5.4431938304 0.6805994630
3.2722755831 2.2975497075 0.8473301622
2.0286299168 5.5980520425 0.6083637013
4.9179150898 4.9170574896 0.6373599861
1.8644833879 2.8025793376 0.9282862209
1.3392806842 4.5708215307 0.9282862209
1.7234081199 2.2619184477 1.2021997304
2.2370182920 1.5864353915 1.2823822293
2.7899766026 1.6490679883 1.2527685625
2.4375925984 0.9359902198 1.2823822293
2.5785483726 0.3764157602 1.5758948995
3.8656270031 0.6271304940 1.2766363228
3.8554806345 0.6400455141 1.2621113999
3.4286632889 0.8831211537 1.3179269152
1.7809644020 0.6787706153 2.2953484926
3.2527541032 1.6810626794 1.1874562641
1.8203342346 1.1379073343 2.2228118151
1.8351210401 1.0696760640 2.2337605809
2.2232022306 1.0696760640 1.3106729470
2.3055824251 0.7052747547 2.1134544829
1.8390840629 1.7311923614 1.3106729470
2.3188215819 0.9249056851 1.5637172669
1.9478118653 1.0678668422 1.4461778013
0.9732610263 0.8275043024 2.4911819928
1.4319004903 1.2987864323 1.4461778013
1.5687644837 1.2562980193 1.4949406555
1.9415619739 1.1426092385 1.6338041349
2.2870648136 0.9278452573 1.6517936423
2.0724871088 1.5690878573 1.3629248827
1.2533789924 4.9970574911 0.9513708668
1.6083853469 3.3550731276 0.9875282160
0.8486593632 1.6303844489 1.3161018865
0.7884040287 3.9697830562 1.1787157395
1.4134000599 1.0577596353 2.2594598133
2.0770863891 0.9589870956 2.1782923631
1.4711988959 2.7757399135 1.2240428602
1.8408610021 5.1519181332 0.7670600013
2.2305426292 2.5425373833 1.1321026375
2.5328630498 2.2262930887 1.1377049869
