0.6948646754 -0.0900357726
0.3523836766 0.6439516246
0.5148787560 0.4610039514
0.6957207411 -0.1025728207
0.6913623936 -0.0326077602
0.3454698008 0.7280437771
0.6935922856 -0.0702897342
0.8514708210 -0.2628918406
0.5137727066 0.4811025349
0.8534187565 -0.3145293288
0.6991211700 -0.1461529189
0.1938921415 0.7965451146
0.8562976031 -0.3853763535
0.1713978496 0.9402138504
0.2104890604 0.7459000158
0.2043303753 0.7562409399
0.0199595219 0.9859606033
0.8672032360 -0.5820524009
0.1820062856 0.8673903878
0.3702874156 0.4984281811
0.5238659441 0.3152957817
0.3678400895 0.5101724699
0.1994796660 0.7717370379
0.3538717076 0.6273475698
0.5249765179 0.2999580628
0.7029219025 -0.1824444844
0.1752159699 0.9137996967
0.8552692615 -0.3608608268
0.5207461189 0.3618130389
0.3628310767 0.5430380445
0.8699463245 -0.6110121843
0.7006723888 -0.1625946125
0.3473821291 0.7038241800
0.1786740606 0.8899295400
0.5159775795 0.4414283433
0.6863093100 0.0659509375
0.8659608521 -0.5660548454
0.0113020884 0.9952010727
0.5312480663 0.2269810982
0.8684106252 -0.5958906366
0.5219740796 0.3429249733
0.7099852431 -0.2126879862
0.6889255967 0.0127725911
0.8591670510 -0.4487753968
0.3490616780 0.6830983893
0.8716601473 -0.6245513825
0.3559835659 0.6049194664
0.8766316652 -0.6434567797
0.0300325605 0.9719080963
0.3571806785 0.5928496174
0.7051623401 -0.1973836392
0.5169309765 0.4247860074
0.8628923605 -0.5191361818
0.5177570172 0.4106417202
0.3645465931 0.5305021947
0.5194371372 0.3827201266
0.0000000000 1.0000000000
0.3585232617 0.5799082192
0.3735235822 0.4875349891
0.5292294900 0.2478015016
0.8506696708 -0.2408632448
0.6877753929 0.0356115484
0.5328437843 0.2124379293
0.6821891595 0.1578087639
0.8649391624 -0.5515874649
0.5262423919 0.2833145649
0.1855704352 0.8442292871
0.8571937648 -0.4059866937
0.6922005174 -0.0472180250
0.6845688977 0.1036345599
0.3441795269 0.7446971551
0.6855256789 0.0827027173
0.8615509127 -0.4954343841
0.3513126992 0.6562762471
0.0538235461 0.9488338361
0.6831943895 0.1345744945
0.8577012036 -0.4173361965
0.5230328265 0.3272356875
0.6868985796 0.0535961178
0.0367099331 0.9625815095
0.6900368367 -0.0084436636
0.5347218619 0.1975727538
0.8598237668 -0.4621932021
0.8520211958 -0.2777644199
0.3500219778 0.6715123077
0.1915252736 0.8089731396
0.8497048255 -0.2137619462
0.1837329130 0.8560199287
0.3600093877 0.5663590103
0.1963560929 0.7847670048
0.8548054414 -0.3495100448
0.6967276043 -0.1165271718
0.5279004515 0.2629301164
0.8583850927 -0.4322562845
0.1731161502 0.9283528679
0.8539655419 -0.3285061709
0.8605803142 -0.4771238985
0.5380500396 0.1774454363
0.5449781206 0.1622618873
0.1889757419 0.8234385474
