0.3506558595 0.0000000000
0.8603347921 0.0000000000
0.3609488143 0.0000000000
0.5172649828 0.0000000000
0.7438535089 0.0000000000
0.2242179101 0.0000000000
0.1417100406 0.0000000000
0.2602316406 0.0000000000
0.1470704765 0.0000000000
0.2783734073 0.0000000000
0.1679019988 0.0000000000
0.3601571899 0.0000000000
0.0547021952 0.0000000000
0.5305476001 0.0000000000
0.1743305618 0.0000000000
0.5453815584 0.0000000000
0.7516143447 0.0000000000
0.0579657087 0.0000000000
0.5548781237 0.0000000000
0.1660927637 0.0000000000
0.4407997789 0.0000000000
0.6587843072 0.0000000000
0.3749415815 0.0000000000
0.0378554062 0.0000000000
0.1235722883 0.0000000000
0.4359918964 0.0000000000
0.1603428413 0.0000000000
0.0394793359 0.0000000000
0.0663785607 0.0000000000
0.0367634974 0.0000000000
0.3387947789 0.0000000000
0.8483568083 0.0000000000
0.1155828741 0.0000000000
0.6502893687 0.0000000000
0.1392307457 0.0000000000
0.4581911513 0.0000000000
0.4433397507 0.0000000000
0.0408258227 0.0000000000
0.3737487387 0.0000000000
0.4271740467 0.0000000000
0.3646620491 0.0000000000
0.0357889525 0.0000000000
0.0758020249 0.0000000000
0.0538405156 0.0000000000
0.4452044196 0.0000000000
0.7589049507 0.0000000000
0.0529215244 0.0000000000
0.0387059879 0.0000000000
0.0597807073 0.0000000000
0.0243429245 0.0000000000
0.6427412139 0.0000000000
0.0559453357 0.0000000000
0.2725425688 0.0000000000
0.0753401111 0.0000000000
0.9508194553 0.0000000000
0.6666283444 0.0000000000
0.4739272041 0.0000000000
0.1145727048 0.0010742772
0.0361951104 0.0000000000
0.1238401187 0.0000076759
0.4613686451 0.0000000000
0.2369767756 0.0000001295
0.5595948347 0.0000000000
0.0607068222 0.0000000000
0.1654797205 0.0000000886
0.7756077694 0.0000000362
0.6672084934 0.0000000439
0.2561558306 0.0000000000
0.6774678831 0.0000000439
0.6302822258 0.0000000439
0.5403761355 0.0000000765
0.4291661737 0.0000000325
0.2435735081 0.0000000433
0.4334302112 0.0000000433
0.0565761374 0.0000000433
0.8697531248 0.0000000433
0.5696953168 0.0000000433
0.5364808757 0.0000000433
0.4216936664 0.0000000433
0.1290702310 0.0000000433
0.3715573038 0.0000000433
0.1889697988 0.0000000433
0.7717671244 0.0000000433
0.2888623364 0.0000000433
0.1364284192 0.0000000433
0.8390287086 0.0000000433
0.3828284187 0.0000000433
0.1883760146 0.0000000433
0.0490471740 0.0000000433
0.1427748749 0.0000000433
0.1852192324 0.0000000433
0.2070044748 0.0000000433
0.1348168782 0.0000000433
0.2646027907 0.0000000433
0.2090897221 0.0000000433
0.1408038322 0.0000000433
0.1355026865 0.0000000433
0.1451310487 0.0000000433
0.1580766374 0.0000000433
0.1139675639 0.0000000433
