0.3196755110 0.1680943634 0.4002068237 0.4000506736 0.4999222811 0.4999999823 0.4998587985 0.4999435441 0.4999839592 0.4999958681 0.4999989432 0.5000000383
0.3301683455 0.7234694703 0.4002067726 0.4000505824 0.4999224188 0.4999999940 0.4999620088 0.5000239904 0.4999839873 0.5000007940 0.4999989562 0.5000000504
0.5374147329 0.4757636210 0.4002068397 0.4000506580 0.4999226742 0.4999999920 0.5002183152 0.5001774924 0.4999839667 0.4999933013 0.4999989069 0.5000000595
0.1274796799 0.5034033138 0.4002068004 0.4000506795 0.4999227583 0.4999999911 0.4999862610 0.5000114762 0.4999838818 0.5000014481 0.4999988267 0.4999999872
0.7053288485 0.6504830622 0.4002068004 0.4000506646 0.4999227583 0.4999999794 0.4999862610 0.5000215596 0.4999838818 0.5000013823 0.4999989291 0.4999999872
0.7087853794 0.1975048259 0.4002068454 0.4000506875 0.4999226875 0.4999999910 0.4999201207 0.5000114762 0.4999838818 0.4999981824 0.4999989979 0.4999999927
0.2547405119 0.6879014598 0.4002068077 0.4000506666 0.4999226290 0.4999999876 0.5000053878 0.5000044868 0.4999840380 0.4999988420 0.4999988816 0.4999999959
0.4220938243 0.7235617680 0.4002067956 0.4000506327 0.4999226347 0.5000000008 0.4999824013 0.4999984926 0.4999840328 0.5000005820 0.4999989078 0.5000000788
0.2368955968 0.3213985431 0.4002067872 0.4000506381 0.4999227442 0.4999999712 0.4999961522 0.5000023995 0.4999838231 0.4999986838 0.4999989659 0.5000000195
0.4188652940 0.4302431523 0.4002066734 0.4000506425 0.4999228051 0.5000000213 0.5000110381 0.4999977414 0.4999840844 0.5000005222 0.4999989042 0.5000000785
0.3749858375 0.7934204621 0.4002066649 0.4000506612 0.4999227303 0.5000000167 0.5000074995 0.5000015211 0.4999840479 0.5000003322 0.4999989566 0.5000000275
0.2080023781 0.0616372924 0.4002066407 0.4000506487 0.4999226053 0.5000000295 0.5000255376 0.5000010139 0.4999840349 0.5000000984 0.4999989435 0.5000000171
0.4330445217 0.8495713242 0.4002066497 0.4000506671 0.4999228628 0.4999999679 0.5000109224 0.4999996816 0.4999840815 0.4999997324 0.4999989735 0.5000000377
0.1804192892 0.7375853968 0.4002066093 0.4000506590 0.4999227341 0.5000000586 0.5000001066 0.5000000636 0.4999841207 0.4999995011 0.4999989842 0.5000000310
0.5936802564 0.4033298576 0.4002064773 0.4000506386 0.4999230243 0.5000000176 0.5000023049 0.5000001725 0.4999841220 0.5000000298 0.4999990048 0.5000000496
0.4104817248 0.1341093878 0.4002055860 0.4000506238 0.4999230005 0.5000000351 0.4999999829 0.4999999848 0.4999840839 0.5000000299 0.4999990054 0.5000000543
0.3568394991 0.5022126280 0.4002055021 0.4000506636 0.4999236354 0.5000000176 0.5000008010 0.5000001026 0.4999841229 0.5000000647 0.4999990127 0.5000000302
0.2882412366 0.8292633490 0.4002016421 0.4000506280 0.4999239975 0.4999999862 0.5000001725 0.5000000214 0.4999841294 0.5000000064 0.4999991093 0.4999999942
0.0867568121 0.4021490293 0.4000857306 0.4000506927 0.4999247065 0.4999999497 0.5000001314 0.5000000098 0.4999841493 0.4999999126 0.4999992097 0.5000000046
0.1744749089 0.4410551370 0.4000978389 0.4000506843 0.4999251972 0.4999999567 0.5000001412 0.5000000165 0.4999843247 0.4999999429 0.4999991494 0.5000000204
0.6790985222 0.8346506321 0.4000921726 0.4000506548 0.4999247409 0.5000000295 0.5000001458 0.5000000001 0.4999850433 0.5000000119 0.4999991476 0.4999999913
0.3122847591 0.2805750646 0.4000481667 0.4000506696 0.4999279410 0.5000000162 0.5000000976 0.4999999749 0.4999853308 0.4999999785 0.4999992248 0.4999999904
0.3281326816 0.9071408576 0.4000517180 0.4000506275 0.4999557935 0.4999999746 0.5000001412 0.4999999880 0.4999852896 0.4999999753 0.4999992267 0.5000000260
0.5543339363 0.9071408576 0.4000517180 0.4000506275 0.4999557935 0.4999999746 0.5000000990 0.5000000455 0.4999852896 0.4999999940 0.4999993229 0.4999999752
0.4639784217 0.5079194592 0.4000534966 0.4000505778 0.4999873838 0.5000000692 0.5000001096 0.5000000326 0.4999853204 0.4999999618 0.4999993082 0.5000000044
0.1974427828 0.5291948195 0.4000510749 0.4000506749 0.4999681338 0.5000000143 0.5000000330 0.5000000368 0.4999852666 0.4999999465 0.4999993663 0.4999999658
0.2538680811 0.0000000000 0.4000510749 0.4000506749 0.5000148604 0.5000000143 0.5000000330 0.5000000368 0.4999852666 0.4999999508 0.4999993663 0.5000000110
0.8527244157 1.0000000000 0.4000504994 0.4000506637 0.4999848964 0.4999999906 0.5000000816 0.5000000275 0.4999852414 0.4999999745 0.4999993010 0.5000000140
0.2888486525 1.0000000000 0.4000505222 0.4000506089 0.5000197379 0.5000000579 0.5000001234 0.5000000134 0.4999854734 0.4999999582 0.4999993066 0.4999999747
0.7959367825 0.0000000000 0.4000504909 0.4000506707 0.5000020819 0.5000000317 0.5000001001 0.5000000049 0.4999854195 0.4999999673 0.4999992602 0.5000000071
0.2584943878 0.4857773465 0.4000504113 0.4000506707 0.4999965974 0.5000000322 0.5000000841 0.4999999837 0.4999853908 0.4999999594 0.4999991839 0.4999999965
0.4196603478 1.0000000000 0.4000505331 0.4000506314 0.4999972778 0.4999999839 0.5000000914 0.4999999971 0.4999855815 0.4999999931 0.4999995260 0.4999999788
0.3436073786 0.0000000000 0.4000505724 0.4000505662 0.5000001778 0.5000000607 0.5000001258 0.5000000343 0.4999856401 0.4999999886 0.4999996424 0.4999999964
0.0280853961 1.0000000000 0.4000506266 0.4000506271 0.4999997287 0.5000000119 0.5000000724 0.4999999936 0.4999869382 0.4999999789 0.4999996751 0.5000000163
0.0000000000 0.1836824813 0.4000506981 0.4000506131 0.4999999639 0.5000000419 0.5000000304 0.5000000644 0.4999872936 0.4999999854 0.4999996268 0.4999999894
0.5052121534 1.0000000000 0.4000506234 0.4000506085 0.4999998132 0.5000000185 0.5000000400 0.5000000246 0.4999885007 0.4999999894 0.4999999137 0.5000000249
0.8479223375 0.2102065666 0.4000506414 0.4000506399 0.4999999397 0.5000000045 0.5000000670 0.5000000017 0.4999996810 0.4999999785 0.4999999642 0.4999999871
0.0000000000 0.1052011791 0.4000506479 0.4000506387 0.4999999908 0.5000000365 0.5000000352 0.5000000146 0.5000000539 0.4999999446 0.4999999663 0.5000000077
0.0736459894 0.2395449234 0.4000506279 0.4000506335 0.5000000203 0.5000000243 0.5000000356 0.5000000467 0.5000000577 0.4999999497 0.4999999808 0.5000000025
0.0673625461 0.1489083150 0.4000506343 0.4000506370 0.4999999839 0.5000000168 0.4999999996 0.4999999873 0.5000000423 0.4999999504 0.4999999737 0.5000000066
0.0679567134 0.9108425912 0.4000506342 0.4000506436 0.4999999905 0.5000000193 0.5000000447 0.4999999567 0.5000000503 0.4999999524 0.4999999833 0.5000000002
0.0000000000 0.0000000000 0.4000506371 0.4000506413 0.4999999905 0.5000000121 0.5000000073 0.4999999735 0.4999999920 0.4999999693 0.4999999756 0.4999999791
0.1240028327 0.3066244403 0.4000506346 0.4000506532 0.4999999906 0.5000000215 0.5000000200 0.5000000650 0.5000000519 0.4999999510 0.4999999943 0.4999999817
0.3513932609 0.3561770098 0.4000506346 0.4000506514 0.4999999996 0.5000000450 0.5000000322 0.5000000174 0.5000000577 0.4999999486 0.5000000019 0.4999999944
0.4208409125 0.0000000000 0.4000506149 0.4000506475 0.4999999614 0.5000000377 0.5000000410 0.5000000323 0.5000000591 0.4999999616 0.5000000117 0.4999999783
0.0000000000 0.8817273683 0.4000506149 0.4000506616 0.4999999586 0.5000000251 0.5000000410 0.5000000106 0.5000001233 0.4999999592 0.5000000117 0.4999999783
0.0000000000 0.7228944290 0.4000505964 0.4000506745 0.4999999813 0.5000000322 0.5000000214 0.5000000171 0.5000000424 0.4999999766 0.5000000095 0.4999999819
0.3760143570 0.2398456986 0.4000505923 0.4000506482 0.4999999813 0.5000000722 0.5000000214 0.4999999922 0.5000000365 0.4999999735 0.4999999854 0.4999999662
0.0963511339 0.5714032219 0.4000506020 0.4000506560 0.4999999851 0.4999999905 0.5000000096 0.5000000208 0.5000000276 0.4999999774 0.4999999870 0.4999999728
0.1932067617 0.1608767245 0.4000505924 0.4000506503 0.4999999915 0.5000000389 0.4999999890 0.4999999985 0.5000000317 0.4999999799 0.4999999766 0.4999999629
0.2141035307 1.0000000000 0.4000506081 0.4000506308 0.5000000017 0.5000000287 0.4999999890 0.4999999587 0.5000000317 0.4999999542 0.4999999657 0.4999999629
0.7001696976 0.9864529164 0.4000506081 0.4000505880 0.5000000017 0.5000000578 0.4999999971 0.4999999864 0.5000000317 0.4999999542 0.4999999870 0.4999999629
0.5906190351 0.7974798953 0.4000505798 0.4000505893 0.4999999942 0.5000000506 0.4999999956 0.5000000336 0.5000000453 0.4999999514 0.4999999852 0.4999999389
0.2014449923 0.6157352783 0.4000505731 0.4000506604 0.5000000099 0.5000000474 0.5000000013 0.5000000498 0.5000000453 0.4999999527 0.4999999739 0.4999999646
0.6199747756 1.0000000000 0.4000505731 0.4000506629 0.5000000099 0.5000000343 0.5000000010 0.5000000311 0.5000000413 0.4999999518 0.4999999715 0.4999999651
0.1205244700 0.6744860491 0.4000506006 0.4000506282 0.4999999986 0.5000000135 0.5000000010 0.5000000311 0.5000000307 0.4999999824 0.4999999576 0.4999999680
0.0384846115 0.5052516310 0.4000506115 0.4000506474 0.4999999920 0.5000000351 0.5000000161 0.5000000236 0.5000000160 0.4999999824 0.4999999761 0.4999999695
0.0384846115 0.6552797794 0.4000506113 0.4000506664 0.4999999920 0.5000000351 0.5000000161 0.5000000236 0.5000000160 0.4999999818 0.4999999761 0.4999999753
0.2853851528 0.0827332819 0.4000506105 0.4000506355 0.4999999762 0.5000000233 0.5000000107 0.4999999991 0.5000000347 0.4999999621 0.5000000035 0.4999999919
0.1060025032 0.7737347347 0.4000506145 0.4000506365 0.4999999698 0.5000000155 0.4999999779 0.5000000256 0.5000000506 0.5000000179 0.5000000159 0.5000000254
0.2408928301 0.4031502669 0.4000506190 0.4000506403 0.4999999725 0.5000000155 0.5000000288 0.5000000256 0.5000000468 0.5000000683 0.5000000304 0.5000000267
0.1398872416 1.0000000000 0.4000506190 0.4000506403 0.4999999725 0.5000000106 0.4999999926 0.5000000256 0.5000000506 0.5000000179 0.5000000634 0.5000000267
0.5344887558 0.1464299765 0.4000506190 0.4000506403 0.4999999725 0.5000000159 0.4999999926 0.5000000256 0.5000000328 0.5000000179 0.5000000347 0.5000000135
0.9129122580 0.0000000000 0.4000506061 0.4000506271 0.4999999540 0.5000000182 0.4999999741 0.5000000886 0.5000000348 0.5000000277 0.5000000266 0.5000000423
0.8629188811 0.5717184956 0.4000506105 0.4000506242 0.4999999666 0.5000000220 0.4999999850 0.5000000176 0.5000000505 0.5000000390 0.5000000252 0.5000000326
0.2763725585 0.5717184956 0.4000506071 0.4000506215 0.4999999658 0.5000000170 0.4999999878 0.5000000020 0.5000000332 0.5000000406 0.4999999944 0.4999999876
0.1641898681 0.9233251734 0.4000506071 0.4000506142 0.4999999495 0.5000000179 0.4999999549 0.5000000010 0.5000000523 0.5000000584 0.4999999944 0.4999999876
0.5940922342 0.2642743698 0.4000506071 0.4000506045 0.4999999487 0.5000000133 0.4999999549 0.5000000010 0.5000000936 0.5000000406 0.4999999944 0.4999999825
0.0000000000 0.5768534566 0.4000506198 0.4000506039 0.4999999675 0.4999999806 0.4999999615 0.5000000164 0.5000000388 0.5000000406 0.5000000234 0.4999999582
0.6694289326 0.4971851555 0.4000506224 0.4000506111 0.4999999949 0.4999999882 0.4999999405 0.5000000286 0.5000000381 0.5000000401 0.5000000313 0.4999999398
0.3470379075 0.5929209168 0.4000506235 0.4000506018 0.4999999801 0.4999999797 0.4999999437 0.5000000084 0.5000000323 0.5000000618 0.4999999934 0.4999999545
0.1439796813 0.8423610608 0.4000506235 0.4000505931 0.4999999762 0.4999999797 0.4999999437 0.5000000294 0.5000000346 0.5000000549 0.5000000300 0.4999999545
0.1386068084 0.0000000000 0.4000506370 0.4000506018 0.4999999765 0.4999999654 0.4999999437 0.4999999999 0.5000000232 0.5000000549 0.5000000321 0.4999999505
0.2539698332 0.2170882070 0.4000506560 0.4000506091 0.4999999719 0.4999999726 0.4999999432 0.4999999999 0.4999999720 0.5000000549 0.5000000321 0.4999999505
0.0000000000 0.4414891245 0.4000506560 0.4000506056 0.4999999801 0.4999999752 0.4999999432 0.4999999883 0.4999999841 0.5000000596 0.5000000226 0.4999999505
0.0000000000 0.2765331058 0.4000506560 0.4000506140 0.4999999767 0.4999999713 0.4999999795 0.4999999945 0.5000000054 0.4999999846 0.5000000226 0.4999999867
1.0000000000 0.1791960585 0.4000506616 0.4000506224 0.4999999758 0.5000000024 0.4999999795 0.4999999990 0.5000000227 0.5000000039 0.5000000028 0.4999999688
0.7928597372 0.4704441419 0.4000506411 0.4000506882 0.4999999944 0.4999999807 0.4999999823 0.4999999887 0.5000000104 0.4999999719 0.5000000153 0.4999999730
0.0239342126 0.8106120121 0.4000506606 0.4000506531 0.4999999733 0.4999999920 0.5000000074 0.4999999983 0.5000000175 0.4999999796 0.5000000143 0.4999999762
0.7904712999 0.7077097730 0.4000506578 0.4000506974 0.4999999932 0.5000000022 0.4999999864 0.5000000128 0.5000000020 0.4999999753 0.5000000376 0.4999999954
0.5715943451 0.0000000000 0.4000506369 0.4000506489 0.4999999971 0.4999999801 0.4999999987 0.4999999969 0.5000000006 0.4999999805 0.5000000369 0.5000000054
0.4374612009 0.3334855380 0.4000506378 0.4000506489 0.4999999971 0.4999999801 0.4999999984 0.5000000013 0.5000000109 0.4999999537 0.5000000381 0.4999999994
0.5528261677 0.6881522073 0.4000506320 0.4000506488 0.4999999932 0.4999999599 0.4999999731 0.4999999792 0.5000000466 0.5000000001 0.5000000220 0.5000000013
0.4683066343 0.2333072141 0.4000506340 0.4000506420 0.5000000323 0.4999999955 0.4999999701 0.5000000141 0.5000000033 0.4999999954 0.5000000537 0.5000000250
0.5003767192 0.3830978621 0.4000506071 0.4000506615 0.4999999886 0.4999999726 0.4999999588 0.4999999668 0.5000000142 0.4999999997 0.5000000590 0.4999999745
0.6516493269 0.0989366627 0.4000506337 0.4000506890 0.4999999646 0.4999999730 0.5000000083 0.4999999600 0.4999999637 0.4999999922 0.5000000736 0.4999999957
0.4999598079 0.7851718879 0.4000506166 0.4000506593 0.4999999801 0.4999999807 0.4999999868 0.4999999849 0.4999999696 0.4999999895 0.4999999940 0.4999999768
0.9241839660 0.9269610573 0.4000505985 0.4000506340 0.4999999597 0.4999999962 0.4999999945 0.4999999705 0.4999999734 0.5000000367 0.4999999940 0.4999999654
0.4283903598 0.5969600380 0.4000506132 0.4000506552 0.4999999680 0.4999999992 0.4999999746 0.5000000004 0.5000000148 0.4999999971 0.5000000021 0.5000000198
0.2210572054 0.8635425695 0.4000506166 0.4000506589 0.4999999642 0.4999999992 0.4999999815 0.4999999908 0.5000000599 0.4999999712 0.4999999825 0.5000000198
0.7265512734 0.3802274719 0.4000505973 0.4000506469 0.4999999687 0.4999999830 0.4999999959 0.4999999850 0.5000000599 0.5000000083 0.4999999930 0.4999999916
0.7070381914 0.0000000000 0.4000506140 0.4000506604 0.4999999891 0.5000000058 0.5000000010 0.4999999843 0.5000000441 0.4999999875 0.4999999960 0.4999999907
0.1600754082 0.2401866625 0.4000506140 0.4000506604 0.4999999891 0.4999999932 0.5000000010 0.4999999843 0.5000000441 0.4999999875 0.4999999705 0.4999999986
0.4946420530 0.0316914899 0.4000506417 0.4000506758 0.4999999870 0.4999999898 0.5000000592 0.4999999782 0.5000000259 0.4999999834 0.4999999599 0.4999999888
0.0634354434 0.0701715287 0.4000506357 0.4000506370 0.5000000076 0.4999999930 0.5000000225 0.4999999810 0.5000000526 0.5000000242 0.4999999255 0.4999999872
0.6058669676 0.5956276480 0.4000506354 0.4000506370 0.5000000076 0.4999999930 0.5000000501 0.4999999820 0.5000000722 0.4999999872 0.4999999696 0.4999999785
0.0000000000 0.3591036636 0.4000506206 0.4000506319 0.5000000076 0.5000000121 0.5000000249 0.4999999533 0.5000000251 0.4999999763 0.4999999835 0.4999999701
0.1338072927 0.1137620993 0.4000506133 0.4000506466 0.5000000113 0.5000000510 0.5000000264 0.5000000000 0.4999999972 0.4999999694 0.4999999928 0.4999999709
0.4805040600 0.6667372236 0.4000506046 0.4000506468 0.4999999848 0.5000000012 0.5000000339 0.5000000077 0.5000000314 0.4999999809 0.4999999833 0.4999999820
0.7807540666 0.9316754870 0.4000505831 0.4000506572 0.4999999168 0.5000000034 0.5000000725 0.4999999849 0.4999999700 0.4999999897 0.4999999671 0.4999999875
