93.5126238513 82.2363930897 0.0000000000 0.0000000000 0.0000000000 0.0000000000 0.0000000000 0.0000000000 0.0000000000 0.0000000000 0.0000000000 0.0000000000
96.8883938986 92.8208236229 0.0000000000 0.0328356962 0.0675010717 0.0250088683 0.0132949962 0.0011432582 0.0024124747 0.0199196701 0.0000000000 0.0159812560
98.8233682636 48.2369355113 0.0000000000 0.0289219740 0.0433535795 0.0000000000 0.0395385530 0.0000000000 0.0000000000 0.0203992980 0.0605795343 0.0020119125
98.8233682636 76.8410481824 0.0123763026 0.0289219740 0.0332861092 0.0000000000 0.0068732444 0.0009488245 0.0186137354 0.0203992980 0.0377156926 0.0020119125
90.1201496298 99.5528603151 0.0132080077 0.0000000000 0.0055165745 0.0055759566 0.0000000000 0.0042986644 0.0010683860 0.0000000000 0.0026057708 0.0007259498
94.1850807756 38.1207891550 0.0000000000 0.0010974368 0.0013256848 0.0014473060 0.0025120798 0.0022909080 0.0000721559 0.0033245914 0.0000000000 0.0018639355
92.1010407155 76.1114973709 0.0000000000 0.0000000000 0.0000302369 0.0000322575 0.0000000000 0.0000196418 0.0001391672 0.0001010136 0.0000479537 0.0000921273
38.8571874775 65.5452315348 0.0000273304 0.0000000000 0.0000000000 0.0000204749 0.0000377844 0.0000000000 0.0000728221 0.0000329437 0.0000961944 0.0000000000
54.8383082924 94.1653671237 0.0000373126 0.0000000000 0.0000000000 0.0001779479 0.0000559654 0.0000605627 0.0000723523 0.0000065564 0.0000000000 0.0000596420
25.6106100021 96.8704515427 0.0000778305 0.0000000000 0.0000201208 0.0000628737 0.0000380498 0.0000000000 0.0000356003 0.0000060219 0.0000365934 0.0000402126
62.8936432076 89.4892853969 0.0000000000 0.0000351673 0.0000259044 0.0000000000 0.0000365551 0.0000339674 0.0000261788 0.0000212721 0.0000000000 0.0000000000
98.7636215969 66.8618005264 0.0000116396 0.0000104515 0.0000000000 0.0000000000 0.0000000000 0.0000000000 0.0000062930 0.0000017828 0.0000114362 0.0000012416
65.5467306983 95.4784247776 0.0000058170 0.0000072771 0.0000000000 0.0000053251 0.0000005536 0.0000139933 0.0000039394 0.0000003975 0.0000057762 0.0000000000
65.5467306983 74.2394613788 0.0000009793 0.0000072771 0.0000000000 0.0000000663 0.0000000000 0.0000022125 0.0000030286 0.0000045339 0.0000012967 0.0000000000
32.6962373375 89.4535742581 0.0000000000 0.0000094658 0.0000000000 0.0000037762 0.0000002158 0.0000000000 0.0000028074 0.0000028183 0.0000054347 0.0000000000
98.1734991942 24.8100171072 0.0000008470 0.0000018692 0.0000004624 0.0000012273 0.0000026382 0.0000000000 0.0000025129 0.0000000000 0.0000007530 0.0000000000
42.0881635882 75.5237685609 0.0000026331 0.0000004769 0.0000000000 0.0000003237 0.0000000000 0.0000015675 0.0000000000 0.0000009246 0.0000036404 0.0000000000
38.8600908860 52.2518948629 0.0000000000 0.0000000000 0.0000002596 0.0000002915 0.0000000000 0.0000000000 0.0000000000 0.0000000000 0.0000002226 0.0000001778
57.5028080830 68.1410896798 0.0000001840 0.0000000000 0.0000000052 0.0000000000 0.0000000485 0.0000000711 0.0000003477 0.0000000000 0.0000000136 0.0000004526
47.5453917111 62.2215126763 0.0000000000 0.0000000000 0.0000000000 0.0000000000 0.0000000411 0.0000000804 0.0000000629 0.0000001589 0.0000000000 0.0000000809
94.8400146519 16.2258198537 0.0000001518 0.0000000000 0.0000000000 0.0000001175 0.0000001792 0.0000000927 0.0000001184 0.0000000000 0.0000001641 0.0000001083
74.1515704729 62.1899562210 0.0000000000 0.0000000729 0.0000000000 0.0000000386 0.0000000000 0.0000000077 0.0000000349 0.0000000342 0.0000000000 0.0000000133
79.4766294722 42.0879992910 0.0000000000 0.0000000528 0.0000000055 0.0000000184 0.0000000181 0.0000000200 0.0000000434 0.0000000379 0.0000000018 0.0000000379
10.0753179711 80.8587410243 0.0000000006 0.0000000130 0.0000000000 0.0000000120 0.0000000055 0.0000000513 0.0000000096 0.0000000266 0.0000000000 0.0000000000
84.1150277562 54.1301798196 0.0000000171 0.0000000000 0.0000000295 0.0000000042 0.0000000000 0.0000000102 0.0000000000 0.0000000000 0.0000000180 0.0000000018
37.5419077120 40.8292956882 0.0000000107 0.0000000018 0.0000000172 0.0000000096 0.0000000000 0.0000000000 0.0000000000 0.0000000174 0.0000000087 0.0000000363
59.4776643326 54.1556309951 0.0000000192 0.0000000289 0.0000000000 0.0000000102 0.0000000104 0.0000000203 0.0000000000 0.0000000000 0.0000000199 0.0000000184
87.4317256380 89.5172235214 0.0000000108 0.0000000000 0.0000000164 0.0000000031 0.0000000106 0.0000000073 0.0000000053 0.0000000136 0.0000000000 0.0000000086
90.8621754919 29.4720312611 0.0000000020 0.0000000016 0.0000000000 0.0000000088 0.0000000015 0.0000000039 0.0000000052 0.0000000077 0.0000000072 0.0000000000
68.1694744470 47.4715952123 0.0000000000 0.0000000017 0.0000000034 0.0000000036 0.0000000000 0.0000000000 0.0000000000 0.0000000000 0.0000000000 0.0000000000
91.5774783698 22.9246762216 0.0000000000 0.0000000000 0.0000000006 0.0000000000 0.0000000183 0.0000000000 0.0000000040 0.0000000021 0.0000000023 0.0000000000
18.8028791501 86.8354844334 0.0000000075 0.0000000035 0.0000000014 0.0000000032 0.0000000000 0.0000000000 0.0000000016 0.0000000000 0.0000000122 0.0000000060
48.1412964000 45.5094477667 0.0000000047 0.0000000041 0.0000000027 0.0000000004 0.0000000006 0.0000000079 0.0000000024 0.0000000000 0.0000000000 0.0000000014
56.8817311267 44.2309031980 0.0000000009 0.0000000013 0.0000000000 0.0000000000 0.0000000042 0.0000000000 0.0000000018 0.0000000000 0.0000000012 0.0000000008
49.4886865433 67.5170611112 0.0000000006 0.0000000000 0.0000000018 0.0000000004 0.0000000006 0.0000000000 0.0000000000 0.0000000003 0.0000000033 0.0000000005
72.8554723634 4.7151819763 0.0000000000 0.0000000011 0.0000000017 0.0000000012 0.0000000031 0.0000000003 0.0000000004 0.0000000011 0.0000000012 0.0000000009
34.2181877788 96.2472997516 0.0000000005 0.0000000003 0.0000000009 0.0000000000 0.0000000009 0.0000000003 0.0000000000 0.0000000000 0.0000000004 0.0000000006
56.8346479630 76.1888521908 0.0000000002 0.0000000006 0.0000000004 0.0000000002 0.0000000009 0.0000000011 0.0000000002 0.0000000006 0.0000000006 0.0000000007
32.1993044838 72.2199170782 0.0000000003 0.0000000000 0.0000000005 0.0000000005 0.0000000002 0.0000000001 0.0000000000 0.0000000005 0.0000000005 0.0000000008
51.5414943728 0.0000000000 0.0000000000 0.0000000002 0.0000000006 0.0000000001 0.0000000001 0.0000000003 0.0000000001 0.0000000001 0.0000000004 0.0000000000
6.2187488446 98.8503231672 0.0000000000 0.0000000002 0.0000000004 0.0000000007 0.0000000000 0.0000000003 0.0000000001 0.0000000001 0.0000000004 0.0000000000
73.4675412849 34.0921929371 0.0000000003 0.0000000003 0.0000000004 0.0000000000 0.0000000000 0.0000000007 0.0000000006 0.0000000005 0.0000000003 0.0000000005
41.4580215846 89.4543224746 0.0000000003 0.0000000003 0.0000000000 0.0000000000 0.0000000000 0.0000000000 0.0000000003 0.0000000005 0.0000000003 0.0000000001
9.5405583204 33.4915264284 0.0000000003 0.0000000004 0.0000000000 0.0000000004 0.0000000000 0.0000000003 0.0000000006 0.0000000005 0.0000000003 0.0000000006
28.7398517689 82.2450907961 0.0000000001 0.0000000001 0.0000000004 0.0000000007 0.0000000000 0.0000000000 0.0000000000 0.0000000006 0.0000000001 0.0000000003
48.0874081937 39.5690870314 0.0000000000 0.0000000002 0.0000000001 0.0000000009 0.0000000002 0.0000000000 0.0000000004 0.0000000004 0.0000000000 0.0000000005
0.0000000000 84.8307306269 0.0000000000 0.0000000002 0.0000000001 0.0000000000 0.0000000000 0.0000000000 0.0000000000 0.0000000002 0.0000000000 0.0000000000
54.2447447408 84.8307306269 0.0000000000 0.0000000002 0.0000000001 0.0000000000 0.0000000000 0.0000000003 0.0000000000 0.0000000002 0.0000000000 0.0000000000
2.4836033653 92.8525234234 0.0000000000 0.0000000000 0.0000000001 0.0000000000 0.0000000000 0.0000000000 0.0000000000 0.0000000000 0.0000000000 0.0000000006
64.1952558879 9.4673988540 0.0000000000 0.0000000001 0.0000000001 0.0000000004 0.0000000000 0.0000000003 0.0000000000 0.0000000000 0.0000000000 0.0000000004
81.5099232341 9.4673988540 0.0000000000 0.0000000001 0.0000000001 0.0000000004 0.0000000002 0.0000000003 0.0000000003 0.0000000000 0.0000000002 0.0000000007
81.5099232341 0.0000000000 0.0000000000 0.0000000001 0.0000000001 0.0000000004 0.0000000002 0.0000000003 0.0000000001 0.0000000000 0.0000000002 0.0000000007
23.4600998495 64.1359945867 0.0000000000 0.0000000001 0.0000000001 0.0000000004 0.0000000002 0.0000000000 0.0000000001 0.0000000000 0.0000000002 0.0000000007
81.5099232341 70.1556102462 0.0000000000 0.0000000002 0.0000000001 0.0000000012 0.0000000002 0.0000000003 0.0000000000 0.0000000001 0.0000000000 0.0000000000
0.0000000000 70.1556102462 0.0000000000 0.0000000002 0.0000000001 0.0000000005 0.0000000002 0.0000000003 0.0000000000 0.0000000000 0.0000000000 0.0000000000
4.9575378962 52.1270707027 0.0000000000 0.0000000003 0.0000000001 0.0000000005 0.0000000002 0.0000000001 0.0000000000 0.0000000001 0.0000000001 0.0000000000
51.4697464491 52.1270707027 0.0000000000 0.0000000002 0.0000000001 0.0000000000 0.0000000002 0.0000000001 0.0000000000 0.0000000001 0.0000000001 0.0000000000
31.3695902831 52.1270707027 0.0000000000 0.0000000002 0.0000000001 0.0000000005 0.0000000002 0.0000000001 0.0000000001 0.0000000001 0.0000000001 0.0000000000
21.5230621599 72.2021873407 0.0000000000 0.0000000000 0.0000000000 0.0000000000 0.0000000000 0.0000000001 0.0000000000 0.0000000000 0.0000000000 0.0000000003
56.2109221026 62.7700552702 0.0000000000 0.0000000002 0.0000000001 0.0000000006 0.0000000002 0.0000000001 0.0000000000 0.0000000001 0.0000000001 0.0000000002
16.0457735898 42.0871326641 0.0000000000 0.0000000000 0.0000000001 0.0000000003 0.0000000002 0.0000000001 0.0000000000 0.0000000000 0.0000000001 0.0000000002
12.6872874067 50.0543044135 0.0000000000 0.0000000000 0.0000000000 0.0000000001 0.0000000002 0.0000000000 0.0000000000 0.0000000000 0.0000000000 0.0000000002
0.0000000000 42.1617223285 0.0000000000 0.0000000001 0.0000000000 0.0000000000 0.0000000001 0.0000000001 0.0000000001 0.0000000001 0.0000000000 0.0000000002
74.8070499121 78.8909830558 0.0000000000 0.0000000000 0.0000000002 0.0000000003 0.0000000002 0.0000000001 0.0000000001 0.0000000001 0.0000000000 0.0000000002
94.2138288611 0.0000000000 0.0000000000 0.0000000001 0.0000000002 0.0000000000 0.0000000002 0.0000000000 0.0000000001 0.0000000000 0.0000000000 0.0000000002
80.1133514634 86.8969400593 0.0000000000 0.0000000001 0.0000000000 0.0000000005 0.0000000002 0.0000000000 0.0000000001 0.0000000000 0.0000000000 0.0000000002
68.1980939682 17.4714683593 0.0000000000 0.0000000001 0.0000000002 0.0000000000 0.0000000002 0.0000000000 0.0000000000 0.0000000000 0.0000000001 0.0000000001
83.5085710289 26.1307942531 0.0000000000 0.0000000001 0.0000000002 0.0000000003 0.0000000000 0.0000000001 0.0000000000 0.0000000000 0.0000000000 0.0000000001
0.0000000000 61.4556208594 0.0000000000 0.0000000000 0.0000000001 0.0000000002 0.0000000000 0.0000000001 0.0000000001 0.0000000000 0.0000000000 0.0000000001
18.2695154526 54.9009155596 0.0000000000 0.0000000001 0.0000000001 0.0000000003 0.0000000000 0.0000000001 0.0000000000 0.0000000000 0.0000000000 0.0000000002
7.8567052237 67.5676726992 0.0000000000 0.0000000001 0.0000000001 0.0000000004 0.0000000002 0.0000000001 0.0000000000 0.0000000000 0.0000000000 0.0000000002
88.8752338115 58.1726312549 0.0000000000 0.0000000000 0.0000000001 0.0000000003 0.0000000002 0.0000000000 0.0000000000 0.0000000000 0.0000000000 0.0000000002
24.8073817739 0.0000000000 0.0000000000 0.0000000002 0.0000000002 0.0000000002 0.0000000003 0.0000000000 0.0000000000 0.0000000000 0.0000000000 0.0000000002
68.2144905557 26.1396061583 0.0000000000 0.0000000000 0.0000000002 0.0000000002 0.0000000000 0.0000000000 0.0000000000 0.0000000000 0.0000000000 0.0000000002
59.4135671302 5.4416304155 0.0000000000 0.0000000001 0.0000000002 0.0000000003 0.0000000001 0.0000000000 0.0000000000 0.0000000000 0.0000000000 0.0000000002
59.4135671302 24.8108643704 0.0000000000 0.0000000001 0.0000000002 0.0000000003 0.0000000001 0.0000000000 0.0000000000 0.0000000000 0.0000000000 0.0000000002
80.0624289564 24.8108643704 0.0000000000 0.0000000001 0.0000000002 0.0000000003 0.0000000001 0.0000000000 0.0000000000 0.0000000000 0.0000000000 0.0000000002
45.4454615307 29.5540513851 0.0000000000 0.0000000001 0.0000000002 0.0000000003 0.0000000002 0.0000000000 0.0000000000 0.0000000000 0.0000000000 0.0000000002
45.4350791934 10.7657205966 0.0000000000 0.0000000001 0.0000000002 0.0000000003 0.0000000002 0.0000000000 0.0000000000 0.0000000000 0.0000000000 0.0000000002
61.5866707325 16.9174317131 0.0000000000 0.0000000001 0.0000000002 0.0000000003 0.0000000002 0.0000000000 0.0000000000 0.0000000000 0.0000000000 0.0000000002
38.9260325510 24.8063821407 0.0000000000 0.0000000001 0.0000000002 0.0000000003 0.0000000001 0.0000000000 0.0000000000 0.0000000000 0.0000000000 0.0000000002
0.0000000000 24.8063821407 0.0000000000 0.0000000001 0.0000000002 0.0000000003 0.0000000001 0.0000000000 0.0000000000 0.0000000000 0.0000000000 0.0000000002
25.4843849553 39.5414082530 0.0000000000 0.0000000002 0.0000000002 0.0000000002 0.0000000002 0.0000000000 0.0000000000 0.0000000000 0.0000000000 0.0000000002
70.9438907972 0.0000000000 0.0000000000 0.0000000002 0.0000000002 0.0000000003 0.0000000002 0.0000000000 0.0000000000 0.0000000000 0.0000000000 0.0000000002
40.8091554908 0.0000000000 0.0000000000 0.0000000002 0.0000000002 0.0000000003 0.0000000002 0.0000000000 0.0000000000 0.0000000000 0.0000000000 0.0000000002
22.9404734711 14.7950639112 0.0000000000 0.0000000001 0.0000000002 0.0000000003 0.0000000002 0.0000000000 0.0000000000 0.0000000000 0.0000000000 0.0000000002
22.9404734711 37.5960533070 0.0000000000 0.0000000001 0.0000000002 0.0000000002 0.0000000002 0.0000000000 0.0000000000 0.0000000000 0.0000000000 0.0000000002
34.1266767555 0.0000000000 0.0000000000 0.0000000001 0.0000000002 0.0000000003 0.0000000002 0.0000000000 0.0000000000 0.0000000000 0.0000000000 0.0000000002
30.2749164961 12.2089091991 0.0000000000 0.0000000001 0.0000000002 0.0000000003 0.0000000002 0.0000000000 0.0000000000 0.0000000000 0.0000000000 0.0000000002
0.0000000000 17.4664762847 0.0000000000 0.0000000001 0.0000000002 0.0000000003 0.0000000002 0.0000000000 0.0000000000 0.0000000000 0.0000000000 0.0000000002
26.1019713150 19.5170202190 0.0000000000 0.0000000001 0.0000000002 0.0000000002 0.0000000002 0.0000000000 0.0000000000 0.0000000000 0.0000000000 0.0000000002
13.5559095491 13.6178544575 0.0000000000 0.0000000001 0.0000000002 0.0000000002 0.0000000002 0.0000000000 0.0000000000 0.0000000000 0.0000000000 0.0000000002
8.8409472432 26.2478109758 0.0000000000 0.0000000001 0.0000000002 0.0000000002 0.0000000002 0.0000000000 0.0000000000 0.0000000000 0.0000000000 0.0000000002
6.6725008437 10.1850989775 0.0000000000 0.0000000001 0.0000000002 0.0000000002 0.0000000002 0.0000000000 0.0000000000 0.0000000000 0.0000000000 0.0000000002
0.0000000000 0.0485298011 0.0000000000 0.0000000001 0.0000000002 0.0000000003 0.0000000002 0.0000000000 0.0000000000 0.0000000000 0.0000000000 0.0000000002
15.5865036081 2.1898839666 0.0000000000 0.0000000001 0.0000000002 0.0000000003 0.0000000002 0.0000000000 0.0000000000 0.0000000000 0.0000000000 0.0000000002
8.1013119800 3.5381594698 0.0000000000 0.0000000001 0.0000000002 0.0000000003 0.0000000002 0.0000000000 0.0000000000 0.0000000000 0.0000000000 0.0000000002
0.0000000000 6.0760311759 0.0000000000 0.0000000001 0.0000000002 0.0000000003 0.0000000002 0.0000000000 0.0000000000 0.0000000000 0.0000000000 0.0000000002
6.9289769619 0.0000000000 0.0000000000 0.0000000001 0.0000000002 0.0000000003 0.0000000002 0.0000000000 0.0000000000 0.0000000000 0.0000000000 0.0000000002
13.5539406701 7.3112222815 0.0000000000 0.0000000001 0.0000000002 0.0000000003 0.0000000002 0.0000000000 0.0000000000 0.0000000000 0.0000000000 0.0000000002
