0.0000000000 0.4860431114 0.8998673508
0.0000000000 0.2572755359 0.9849379983
0.0000000000 0.9808738142 0.2606514808
0.2046860027 0.0000000000 0.9940604983
0.0909384520 0.1833754555 0.9940604983
0.6328495656 0.5486582105 0.6122660285
0.3734002218 0.0000000000 0.9472698512
0.0000000000 0.3733940437 0.9472541780
0.3130993833 0.1113264417 0.9571930184
1.0144896120 0.0000000000 0.0000000000
0.1673420238 0.7557201619 0.7017574987
0.1152714964 0.8161553225 0.6173628715
1.0135478195 0.1823588799 0.0000000000
0.1872644062 0.2272059603 0.9762051782
0.0000000000 1.0084018597 0.1432580696
0.0000000000 1.0179615615 0.0000000000
0.8506106361 0.1150269851 0.5632322276
0.0724769926 0.5550484879 0.8601491205
0.3084059575 0.4680844204 0.8613637159
0.1262140943 0.9903977617 0.2431416913
0.9676281266 0.2933362201 0.0000000000
0.0000000000 0.0000000000 1.0111134107
0.2534996303 0.7337087997 0.6567337406
0.3333458877 0.9648093404 0.0000000000
0.6281648703 0.6543330535 0.5080684159
0.9579297902 0.3684317878 0.1020008405
0.4264715921 0.1624370213 0.8962650297
0.9328773109 0.3621197067 0.2534466225
0.1713617738 0.6735111181 0.7606091988
0.7398234189 0.3076411644 0.6243945521
0.6959554802 0.4495955841 0.6456764284
0.3661367291 0.8153230235 0.5738822750
0.1844138278 0.8927087568 0.5234095275
0.8945121914 0.0000000000 0.5136221428
0.8827923028 0.5505255665 0.0887454043
0.4790895132 0.6224922797 0.7432241713
0.9612943413 0.4518294157 0.0000000000
0.4152964733 0.3409640255 0.8969043986
0.6809823350 0.5590957140 0.5246049226
0.3215051476 0.6224675943 0.7867479095
0.2253182349 0.8132190031 0.5964846826
0.2105549111 0.5390380460 0.8774429963
0.7878917034 0.6609083811 0.1398648362
0.1314774230 0.3365931140 0.9837323909
0.5339852579 0.8951129354 0.1308752003
0.4521493928 0.7461614316 0.5927471265
0.5010145565 0.6537079540 0.6344854388
0.6277222319 0.8072442025 0.1960669877
0.5578599773 0.0000000000 0.8495353696
0.4731606030 0.0000000000 0.8992224116
0.6872866771 0.0000000000 0.7484109334
0.6995759413 0.7544206073 0.0000000000
0.6548886495 0.2190312964 0.7641564703
0.8502021816 0.5806014916 0.0000000000
0.0957974310 0.4277353558 0.9320935676
0.5728378471 0.3911899024 0.7681794120
0.0000000000 0.6879777941 0.7618800071
0.5540728021 0.4857854135 0.7476499143
0.3819703298 0.7163945761 0.7055357872
0.8444882786 0.0000000000 0.6424142702
0.7773487995 0.0879580316 0.6657446328
0.8407817262 0.2514828663 0.5338700121
0.2845444013 0.2264035597 0.9607032032
0.7667893140 0.2184918577 0.6785109539
0.8022976964 0.6383645350 0.2556475165
0.4937310491 0.3928471849 0.8606331109
0.2552746810 0.9898258842 0.0588442499
0.2770713147 0.3367873973 0.9519762515
0.8467690451 0.7321279902 0.0000000000
0.5557216281 0.8607218684 0.0000000000
0.4312159069 0.9329528559 0.0000000000
0.3278913898 0.9741897667 0.1894107087
0.0198963576 0.6732481962 0.8612081380
0.1919123941 0.9118262467 0.3634249170
0.3061880680 0.8798962958 0.3633612625
0.0748103813 0.9469589774 0.3125253735
0.4898094284 0.8165038324 0.3056275881
0.7577799859 0.5768901497 0.3049053216
0.9242745236 0.0000000000 0.3817284533
0.9045848358 0.2718969774 0.3283265381
0.6806382908 0.6496759752 0.3386039742
0.9146525550 0.0928683584 0.3934287467
0.8275611517 0.3988297144 0.3950663314
0.8999097934 0.1787580273 0.3977536152
0.1326072849 0.8943458579 0.4272713440
0.8618938014 0.3145332159 0.3977536152
0.2840459012 0.9178346215 0.2773040584
0.6187630100 0.6687701866 0.4121635380
0.7513717024 0.5153268768 0.4121635380
0.2518178934 0.8624865447 0.4389814528
0.9658570374 0.0000000000 0.2590756463
0.3877723491 0.8195961084 0.4217758072
0.5268001087 0.7379612599 0.4217758072
0.6775369969 0.6025353047 0.4217758072
0.0000000000 0.9038331372 0.4278851098
0.6139076122 0.7314419369 0.2968335289
0.8721258630 0.1204004471 0.4742364586
0.8592996685 0.4136352726 0.3008487132
0.3994668702 0.8514424078 0.3398117906
0.8072056904 0.4755785038 0.3496341907
