54.8657494255 86.8135117028 0.0000000000 0.0000000000 0.0000000000 0.0000000000 0.0000000000 0.0000000000 0.0000000000 0.0000000000 0.0000000000 0.0000000000
62.2343661258 84.7607031240 0.0000000000 0.0000000000 0.0000000000 0.0000000000 0.0000000000 0.0000000000 0.0000000000 0.0000000000 0.0000000000 0.0000000000
35.4663792582 89.5209856817 0.0000000000 0.0000000000 0.0000000000 0.0000000000 0.0000000000 0.0000000000 0.0000000000 0.0000000000 0.0000000000 0.0000000000
26.1809569697 34.1142019125 0.0000000000 6.0628942333 0.0000000000 0.0000000000 0.0000000000 0.0000000000 0.0000000000 0.0000000000 0.0000000000 0.0000000000
76.8108194053 54.8055998450 0.0576369129 0.4936127158 0.0000000000 0.0221715919 0.0000000000 0.5564580468 0.1867703846 0.1349738019 0.4047968569 0.0000000000
97.4670503166 42.8742187780 0.0000000000 0.4160205877 0.0000000000 0.2814602729 0.0000000000 0.6664396668 0.3595100042 0.5244296663 0.0870342512 0.0558800402
45.5140869869 69.4921450609 1.7442376983 0.2713252155 0.0000000000 0.0000000000 0.0000000000 0.1928714822 0.0000000000 0.6149992603 0.0000000000 0.0000000000
92.9065984598 50.1564922943 0.0000000000 0.0582482789 0.0000000000 0.0000000000 0.1375209898 0.3059119730 0.1263189523 0.2302802269 0.0000000000 0.0630942732
98.7796400809 50.1564922943 0.0000000000 0.0355605467 0.0000000000 0.0000000000 0.1731803493 0.3059119730 0.1263189523 0.0607490693 0.1054202664 0.0630942732
61.4853861841 60.7986581540 0.0000000000 0.0242756045 0.0078537274 0.0000000000 0.0000000000 0.0000000000 0.0000000000 0.0000000000 0.0000000000 0.0154577006
64.2008504772 92.2466967136 0.0000000000 0.0000000000 0.0349096898 0.0000000000 0.0000000000 0.0000000000 0.0064098130 0.0134885987 0.0000000000 0.0083787626
56.2366293783 32.1378623282 0.0000000000 0.0061230869 0.0191525582 0.0020541554 0.0025007909 0.0000000000 0.0000000000 0.0000000000 0.0041213019 0.0010810742
18.1272311678 61.5018969037 0.0000000000 0.0068087210 0.0063818738 0.0039538938 0.0018268510 0.0000000000 0.0025289522 0.0000000000 0.0016263806 0.0000000000
82.2441628089 61.5018969037 0.0021854560 0.0067787203 0.0099201719 0.0048376150 0.0088119808 0.0116049671 0.0000000000 0.0000000000 0.0061328103 0.0000000000
96.1239794058 33.5270469295 0.0072765917 0.0000000000 0.0090873425 0.0050379766 0.0001463763 0.0128291240 0.0000000000 0.0073191081 0.0000000000 0.0041517060
99.5000372944 24.2654183828 0.0002143978 0.0069829314 0.0017292630 0.0037635113 0.0030000760 0.0000000000 0.0005643578 0.0000000000 0.0027572970 0.0002507437
26.1457509613 47.4515152906 0.0036896249 0.0003223386 0.0019766752 0.0007990149 0.0040022531 0.0000000000 0.0010562837 0.0007430847 0.0000000000 0.0000000000
69.5168029829 78.8651400583 0.0000000000 0.0003223386 0.0012184211 0.0025476929 0.0000000000 0.0021029467 0.0010562837 0.0000000000 0.0000000000 0.0000000000
82.1336420842 42.8638402039 0.0000000000 0.0000000000 0.0000000000 0.0017189956 0.0024227971 0.0001605557 0.0022185902 0.0006332005 0.0027707692 0.0010077724
48.8277643819 81.5458705086 0.0005048508 0.0000000000 0.0000000000 0.0025732104 0.0000000000 0.0000000000 0.0000981463 0.0000000000 0.0002092356 0.0004073243
29.4845749699 73.4514180810 0.0000000000 0.0000000000 0.0000000000 0.0001594858 0.0000000000 0.0020747718 0.0000217850 0.0001485351 0.0000000000 0.0000000000
71.5134795836 13.0104053163 0.0000000000 0.0000000000 0.0000000000 0.0004273490 0.0004858075 0.0016690050 0.0000217850 0.0002687915 0.0005778343 0.0002433506
0.0000000000 82.1167468529 0.0000000000 0.0003873044 0.0000000000 0.0000000000 0.0000000000 0.0000000000 0.0003323762 0.0002217652 0.0000000000 0.0005502773
45.6143213667 82.1167468529 0.0000000000 0.0003873044 0.0000000000 0.0000000000 0.0000000000 0.0000000000 0.0003323762 0.0002217652 0.0004538228 0.0005713564
88.8082347721 10.1666888357 0.0004241679 0.0001829781 0.0006984490 0.0000918275 0.0000000000 0.0006860222 0.0000000000 0.0000203653 0.0000000000 0.0000703305
31.5211332073 58.1272018546 0.0008968797 0.0001370363 0.0000000000 0.0003745820 0.0010158546 0.0024359000 0.0003853628 0.0000000000 0.0005349169 0.0002856103
84.1692964795 72.8940319058 0.0000179360 0.0003770818 0.0000000000 0.0000883397 0.0000000000 0.0000000000 0.0001098280 0.0000672750 0.0007811369 0.0000000000
10.6695626911 70.7810490429 0.0000285176 0.0001673345 0.0000000000 0.0002421060 0.0000000000 0.0009309925 0.0000000000 0.0000000000 0.0000000000 0.0000075073
67.5210408551 48.1264954174 0.0000547423 0.0000000000 0.0000463346 0.0003533797 0.0002197681 0.0000000000 0.0000000000 0.0000383462 0.0000000000 0.0000000000
13.0324485923 62.1252674902 0.0000068712 0.0000000000 0.0000463346 0.0000000000 0.0002197681 0.0001681408 0.0002217056 0.0000383462 0.0001922535 0.0001764409
68.8543308952 37.4888926584 0.0000138875 0.0000842307 0.0000000000 0.0000612951 0.0004351963 0.0006346952 0.0000000000 0.0000306129 0.0002055604 0.0002076513
62.8177497692 24.8329690607 0.0001229379 0.0000000000 0.0003616587 0.0003742259 0.0000883258 0.0000000000 0.0000000000 0.0000306129 0.0002117754 0.0001249943
94.8925198939 63.5415042399 0.0000000000 0.0001723838 0.0000909966 0.0000595977 0.0000000000 0.0001353194 0.0002192676 0.0000669542 0.0001055899 0.0001704905
94.8925198939 82.8413328379 0.0000000000 0.0001723838 0.0000909966 0.0000000000 0.0000000000 0.0000000000 0.0002849132 0.0000669542 0.0000000000 0.0001503369
74.1421667859 66.7994253734 0.0000152923 0.0000550772 0.0000000000 0.0000043743 0.0001354530 0.0000147026 0.0000000000 0.0001662536 0.0000021100 0.0000499726
66.2344115663 68.1392204341 0.0000000000 0.0000550772 0.0000000000 0.0000043743 0.0000000000 0.0002486803 0.0000545858 0.0000196341 0.0000064582 0.0000992557
16.9475164333 32.1956725446 0.0000000000 0.0000000000 0.0000144596 0.0000000000 0.0000000000 0.0000357088 0.0003394436 0.0000063553 0.0000049096 0.0001468829
22.2868438882 72.7927411650 0.0000000000 0.0000000000 0.0000496599 0.0001116344 0.0000000000 0.0000000000 0.0000299416 0.0000000000 0.0000347368 0.0000370028
0.0000000000 98.1306675141 0.0001542393 0.0000000000 0.0000349741 0.0002173669 0.0000000000 0.0000303159 0.0001649742 0.0000894475 0.0000347368 0.0000821748
34.7602099722 44.0850992676 0.0000000000 0.0000000000 0.0000694306 0.0000000000 0.0000372742 0.0000000000 0.0000641842 0.0000367843 0.0000347368 0.0000837540
34.7602099722 52.2477380119 0.0000000000 0.0000000000 0.0000168483 0.0000000000 0.0001138939 0.0000000000 0.0000641842 0.0000367843 0.0000347368 0.0000837540
44.2181440275 47.4118973788 0.0000817825 0.0000254514 0.0000000000 0.0000535779 0.0000105948 0.0000000000 0.0000000000 0.0000159172 0.0000791810 0.0000265926
79.5383359427 80.1234429070 0.0000000000 0.0000551454 0.0000000000 0.0001327561 0.0000000000 0.0000766388 0.0001032699 0.0000577156 0.0000098223 0.0000029769
48.0782304454 95.5231891043 0.0000025201 0.0000033896 0.0000327232 0.0000245082 0.0000000000 0.0000000000 0.0001075482 0.0000770486 0.0000098723 0.0001045214
53.4872104275 23.5537967888 0.0000091722 0.0000131212 0.0000333634 0.0000475343 0.0000000000 0.0000139592 0.0000000000 0.0000020124 0.0000000000 0.0000000000
57.4253877415 78.1008680114 0.0000000000 0.0000094281 0.0000006867 0.0000000000 0.0000000000 0.0000000000 0.0000000000 0.0000218283 0.0000000000 0.0000134093
98.8592551800 94.8007120837 0.0000086949 0.0000099266 0.0000000000 0.0000000000 0.0000000000 0.0000000000 0.0000064610 0.0000037041 0.0000145782 0.0000000000
96.8340487733 94.9302918871 0.0000158741 0.0000409733 0.0000248191 0.0000095433 0.0000000000 0.0000193349 0.0000000000 0.0000103360 0.0000263518 0.0000194445
88.0727202246 70.1229759377 0.0000004890 0.0000233757 0.0000041925 0.0000213505 0.0000000000 0.0000000000 0.0000000000 0.0000114482 0.0000119577 0.0000254406
88.2043327496 23.4377957198 0.0000000000 0.0000000000 0.0000105412 0.0000000000 0.0000000000 0.0000069462 0.0000000000 0.0000000000 0.0000000000 0.0000000000
88.2043327496 78.8371476645 0.0000000000 0.0000000000 0.0000105412 0.0000000000 0.0000000000 0.0000069462 0.0000000000 0.0000000000 0.0000000000 0.0000000000
12.4878463073 94.8856319100 0.0000000000 0.0000000000 0.0000000000 0.0000000000 0.0000159340 0.0000015536 0.0000012068 0.0000000000 0.0000252554 0.0000000000
54.1468652436 55.4639067133 0.0000003960 0.0000004251 0.0000024249 0.0000154453 0.0000046751 0.0000000000 0.0000033183 0.0000015777 0.0000063191 0.0000046491
0.0000000000 44.1720363154 0.0000000000 0.0000000000 0.0000000000 0.0000012238 0.0000000000 0.0000088256 0.0000007864 0.0000000000 0.0000000000 0.0000035055
28.2022947199 96.7649680869 0.0000009154 0.0000042828 0.0000028325 0.0000034297 0.0000000000 0.0000000000 0.0000087558 0.0000034239 0.0000000000 0.0000012619
60.8629161394 47.5703702767 0.0000000000 0.0000042828 0.0000041231 0.0000000000 0.0000087151 0.0000000000 0.0000001361 0.0000008165 0.0000032964 0.0000012619
8.8081289931 79.5010775967 0.0000000000 0.0000045791 0.0000013716 0.0000012862 0.0000008187 0.0000038728 0.0000000000 0.0000060276 0.0000000000 0.0000000000
7.5087899321 52.7240135274 0.0000026802 0.0000037108 0.0000013716 0.0000102464 0.0000037745 0.0000071018 0.0000024871 0.0000008825 0.0000033067 0.0000044385
0.0000000000 55.4347840762 0.0000021482 0.0000015621 0.0000000000 0.0000008225 0.0000000000 0.0000015029 0.0000013744 0.0000005043 0.0000024964 0.0000018809
14.1839031422 42.1661512138 0.0000000000 0.0000001652 0.0000020290 0.0000008225 0.0000047191 0.0000046072 0.0000022568 0.0000003496 0.0000024406 0.0000031391
80.1745836996 18.7492869341 0.0000000000 0.0000000000 0.0000000000 0.0000000000 0.0000000000 0.0000000000 0.0000008350 0.0000000000 0.0000006958 0.0000035835
52.9671669754 52.7837248495 0.0000000000 0.0000008944 0.0000012841 0.0000022279 0.0000006782 0.0000000000 0.0000030281 0.0000033675 0.0000000000 0.0000007776
36.7824605165 74.1684689842 0.0000018234 0.0000007987 0.0000000000 0.0000030362 0.0000000000 0.0000032352 0.0000029747 0.0000000000 0.0000009790 0.0000001132
44.0539945835 27.3985680166 0.0000009901 0.0000000000 0.0000000000 0.0000002878 0.0000000000 0.0000000000 0.0000005070 0.0000055238 0.0000000000 0.0000001132
18.8023260630 52.2159070867 0.0000035447 0.0000000000 0.0000007567 0.0000008308 0.0000000000 0.0000000395 0.0000000000 0.0000019099 0.0000019589 0.0000001132
44.7879310232 38.8384097510 0.0000022263 0.0000020750 0.0000005605 0.0000021800 0.0000023619 0.0000000000 0.0000020733 0.0000001632 0.0000008241 0.0000000000
86.1990136917 32.8280691994 0.0000007496 0.0000020750 0.0000009109 0.0000004107 0.0000003450 0.0000011307 0.0000007222 0.0000001632 0.0000000000 0.0000000000
11.2168118139 42.8629609301 0.0000007496 0.0000008697 0.0000011010 0.0000000000 0.0000006640 0.0000020109 0.0000001796 0.0000001632 0.0000000000 0.0000000000
78.7595277468 26.7170074218 0.0000002676 0.0000012614 0.0000008775 0.0000000000 0.0000016084 0.0000000000 0.0000000000 0.0000000000 0.0000000000 0.0000006681
0.0000000000 34.1525420450 0.0000000920 0.0000009355 0.0000007362 0.0000000459 0.0000000000 0.0000000000 0.0000014587 0.0000007623 0.0000005135 0.0000007754
44.2505679653 12.8274631828 0.0000006559 0.0000006675 0.0000000000 0.0000000000 0.0000016792 0.0000000000 0.0000001098 0.0000000000 0.0000000000 0.0000000000
94.8612199272 12.8274631828 0.0000006559 0.0000006675 0.0000009104 0.0000004579 0.0000016792 0.0000000000 0.0000001098 0.0000000000 0.0000000000 0.0000000000
56.1545398836 10.8058645455 0.0000009797 0.0000000000 0.0000006997 0.0000001838 0.0000019527 0.0000000000 0.0000005405 0.0000000000 0.0000000000 0.0000000000
44.7940163695 18.8194788811 0.0000001119 0.0000001413 0.0000000000 0.0000000649 0.0000001082 0.0000000923 0.0000013071 0.0000004440 0.0000000000 0.0000000368
82.1538507057 10.3237916163 0.0000002261 0.0000000871 0.0000006769 0.0000002144 0.0000002821 0.0000007898 0.0000000000 0.0000000000 0.0000013282 0.0000000000
64.0580719947 0.0000000000 0.0000000000 0.0000000000 0.0000000176 0.0000005602 0.0000004171 0.0000000000 0.0000007442 0.0000000000 0.0000006760 0.0000002647
75.5504192730 18.9562742799 0.0000000000 0.0000000000 0.0000000249 0.0000000000 0.0000000000 0.0000002599 0.0000007409 0.0000005591 0.0000015230 0.0000002035
82.2276296361 30.9114562561 0.0000001793 0.0000000000 0.0000004030 0.0000001940 0.0000003098 0.0000001596 0.0000007730 0.0000000000 0.0000002878 0.0000008825
70.0871540254 0.0000000000 0.0000002046 0.0000001273 0.0000000000 0.0000002300 0.0000002346 0.0000007401 0.0000000547 0.0000001734 0.0000002751 0.0000000000
95.4068110742 6.7656491264 0.0000000264 0.0000000731 0.0000000000 0.0000000123 0.0000000200 0.0000001559 0.0000000796 0.0000001194 0.0000000000 0.0000002014
76.8422626050 0.0000000000 0.0000000000 0.0000002275 0.0000000000 0.0000001879 0.0000000375 0.0000001816 0.0000000000 0.0000000562 0.0000001787 0.0000001780
69.5898815842 8.1781282791 0.0000000000 0.0000000732 0.0000003872 0.0000001879 0.0000000000 0.0000001078 0.0000000000 0.0000000021 0.0000001298 0.0000000000
44.1066105751 5.9266215935 0.0000000000 0.0000000669 0.0000001287 0.0000001595 0.0000001564 0.0000000207 0.0000000070 0.0000000863 0.0000005314 0.0000001478
28.8267089163 5.9462597220 0.0000000000 0.0000001461 0.0000004779 0.0000002250 0.0000000000 0.0000000207 0.0000000070 0.0000000863 0.0000000000 0.0000003146
35.6244748047 16.8821205363 0.0000000000 0.0000001848 0.0000000704 0.0000000375 0.0000000579 0.0000000000 0.0000000928 0.0000000384 0.0000000000 0.0000000000
26.1828159646 16.8821205363 0.0000000000 0.0000000089 0.0000000704 0.0000000791 0.0000000579 0.0000000735 0.0000000245 0.0000000183 0.0000002095 0.0000000000
21.6300140790 10.0519184927 0.0000000692 0.0000001663 0.0000000534 0.0000000622 0.0000000615 0.0000001082 0.0000000889 0.0000000000 0.0000000114 0.0000001604
36.1348333771 0.0000000000 0.0000000692 0.0000000810 0.0000000000 0.0000000000 0.0000000615 0.0000000000 0.0000000143 0.0000000000 0.0000001840 0.0000001604
58.2052118418 3.7641790505 0.0000000000 0.0000000380 0.0000000000 0.0000000000 0.0000000195 0.0000000816 0.0000001034 0.0000000000 0.0000000000 0.0000000000
16.7766879689 19.4894163618 0.0000001443 0.0000000535 0.0000000214 0.0000001169 0.0000001161 0.0000000000 0.0000000000 0.0000000000 0.0000000000 0.0000000954
10.7041847151 30.2341108657 0.0000000486 0.0000000588 0.0000000170 0.0000000919 0.0000000019 0.0000000000 0.0000000400 0.0000000223 0.0000000000 0.0000000045
5.6058830777 12.8593824122 0.0000000000 0.0000000000 0.0000000000 0.0000000000 0.0000000000 0.0000000094 0.0000000240 0.0000000263 0.0000000396 0.0000000000
10.8865196210 14.1831832006 0.0000000000 0.0000000087 0.0000000000 0.0000000104 0.0000000000 0.0000000806 0.0000000418 0.0000000041 0.0000000311 0.0000000213
4.6479849196 26.2118266985 0.0000000000 0.0000000025 0.0000000332 0.0000000000 0.0000000090 0.0000000169 0.0000000410 0.0000000226 0.0000000000 0.0000000099
10.2815796622 8.8552590459 0.0000000033 0.0000000000 0.0000000154 0.0000000019 0.0000000047 0.0000000091 0.0000000115 0.0000000047 0.0000000057 0.0000000012
5.4216736222 6.0786551165 0.0000000004 0.0000000000 0.0000000057 0.0000000000 0.0000000014 0.0000000051 0.0000000029 0.0000000000 0.0000000024 0.0000000003
1.8759673507 4.1825402416 0.0000000000 0.0000000041 0.0000000110 0.0000000000 0.0000000033 0.0000000042 0.0000000205 0.0000000004 0.0000000000 0.0000000038
8.9129617814 0.0000000000 0.0000000016 0.0000000016 0.0000000022 0.0000000039 0.0000000000 0.0000000020 0.0000000000 0.0000000008 0.0000000010 0.0000000001
0.0000000000 9.6478677499 0.0000000008 0.0000000005 0.0000000007 0.0000000035 0.0000000000 0.0000000000 0.0000000031 0.0000000003 0.0000000008 0.0000000001
0.0000000000 0.0000000000 0.0000000002 0.0000000004 0.0000000000 0.0000000000 0.0000000000 0.0000000007 0.0000000018 0.0000000000 0.0000000004 0.0000000000
