0.6115126692 0.7154383099 0.3437723196
0.0000000000 0.1820615644 0.9844548721
0.4107764523 0.8935562962 0.1872271577
0.1430645308 0.7978878805 0.5866716510
0.7717697452 0.2945171178 0.5671980374
0.1829331659 0.9810962239 0.0912386406
0.1393307958 0.8843467105 0.4484351383
0.7154997956 0.4005823169 0.5731581816
0.3050820306 0.9529705350 0.0000000000
0.5951336247 0.0663800261 0.8016024687
0.2660988341 0.1268856908 0.9572002159
0.7458070290 0.6570910341 0.1287657298
0.2557857855 0.8327676382 0.4947440583
0.8708231612 0.4788887774 0.1287442683
0.3118599615 0.4812314105 0.8215561853
0.2379722981 0.0000000000 0.9716522896
0.2925001182 0.7227171978 0.6269977754
0.5920313082 0.5072069337 0.6269376779
0.1455790436 0.9691337237 0.2010171336
0.0000000000 0.5853654901 0.8112728771
0.6115178342 0.4032142162 0.6817208474
0.5375768503 0.8369283177 0.1544848690
0.2546491993 0.5859335379 0.7702122167
0.4034353885 0.1298537307 0.9067744467
0.7927354206 0.5666749198 0.2271098267
0.5923124835 0.8059448956 0.0000000000
0.3196224896 0.9408089044 0.1157442363
0.7065047479 0.5279132207 0.4720733334
0.5350063711 0.8024604022 0.2650850421
0.0495506130 0.9988080055 0.0000000000
0.7741424166 0.1678188720 0.6103669755
0.2190744881 0.4030753985 0.8886757099
0.0000000000 0.8256369564 0.5642055477
0.7955713889 0.4397890774 0.4167169856
0.8749849312 0.2464751941 0.4167170823
0.0000000000 0.9343270769 0.3564182932
0.6814216723 0.7318914572 0.0000000000
0.9424656908 0.2860222014 0.1730630620
0.6638990912 0.7360203022 0.1323340844
0.6356311579 0.6361913461 0.4373028262
0.2724894721 0.2728650669 0.9226560672
0.3522962471 0.8874244635 0.2972628844
0.0092759460 0.0621796736 0.9980219025
0.0000000000 0.2959747510 0.9551957707
0.6705802026 0.0000000000 0.7418370491
0.3913890125 0.3636425740 0.8453275837
0.8967651910 0.0000000000 0.4425067226
0.4288986917 0.8254378087 0.3670127278
0.1659206803 0.9319353346 0.3224389337
0.1289038148 0.0182056352 0.9914899717
0.9509276886 0.3094132094 0.0000000000
0.4455086725 0.8952776247 0.0000000000
0.4955440817 0.2669743394 0.8265354006
0.0000000000 0.9684409573 0.2492430830
0.1444835513 0.5875071004 0.7962159988
0.0000000000 0.7539696790 0.6569092221
0.5095041456 0.3745190807 0.7746876712
0.8995425069 0.3912215635 0.1943424069
0.9872133941 0.1594042630 0.0000000000
0.9163446572 0.2835590450 0.2826778046
0.9342934155 0.1540071640 0.3215238872
0.3657042262 0.7701036868 0.5226860789
0.8138953697 0.5777023986 0.0619214790
0.3559497047 0.0021667814 0.9345026032
0.8454581282 0.1095436899 0.5226860779
0.5452651632 0.6553511798 0.5226860781
0.0000000000 0.4796964531 0.8774345081
0.2222346827 0.6758264050 0.7027591471
0.1033993839 0.6991461678 0.7074625132
0.3314169986 0.6332436279 0.6994035202
0.5148664797 0.1284156770 0.8475977372
0.0000000000 0.8832030746 0.4689907591
0.9713139405 0.0751857224 0.2256021691
0.6935041736 0.3150728511 0.6479051334
0.2604962304 0.9412676926 0.2148414518
0.1299625922 0.4696021476 0.8732603010
0.9899362079 0.0000000000 0.1415143368
0.4491859183 0.6471354527 0.6159932784
0.4138026738 0.5250729701 0.7436838890
0.9049086974 0.4256057493 0.0000000000
0.4644059549 0.0000000000 0.8856224440
0.0748110300 0.3786893391 0.9224953648
0.9818278538 0.1531043120 0.1121300116
0.7041437046 0.6334736842 0.3207689801
0.1518070634 0.1309994623 0.9796906453
0.5125945480 0.4866118150 0.7074289907
0.7527568385 0.0122522873 0.6581846466
0.9445492281 0.0000000000 0.3283698569
0.8364331089 0.4735521779 0.2759130198
0.1291176854 0.2669228156 0.9550292345
0.5880198551 0.2351840494 0.7738999396
0.8660052943 0.3464517508 0.3605634719
0.8274518183 0.0000000000 0.5615367230
0.2609178115 0.8871528206 0.3806333850
0.7563770250 0.5427538347 0.3651192615
0.7010178676 0.1267193769 0.7017949511
0.9009021363 0.1116217538 0.4194233269
0.4732466016 0.7381106835 0.4808640939
0.0000000000 0.9925828039 0.1215704735
1.0000000003 0.0000000000 0.0000000000
