-0.0807317343 0.0826972013 -0.0606542775 -0.0091013840 -0.0274045568
-0.3758525149 -0.4556007503 -0.4170009331 -0.2485546996 -0.2177740322
-0.3963806735 -0.4556007503 -0.4170009331 -0.2707547472 -0.4069595432
-0.3963806735 -0.4556007503 -0.4170009331 -0.4708405089 -0.4069595432
-0.2843675465 -0.3733058292 -0.4170009331 -0.2760381149 -0.4069595432
-0.2843675465 -0.3733058292 -0.1771040176 -0.2760381149 -0.4069595432
-0.2843675465 -0.3733058292 -0.2281742519 -0.2760381149 -0.4069595432
-0.2843675465 -0.3733058292 -0.2281742519 -0.2760381149 -0.2614292681
-0.2843675465 -0.3733058292 -0.1664001854 -0.2760381149 -0.2614292681
-0.2865698605 -0.3733058292 -0.1664001854 -0.2292566730 -0.2614292681
-0.1315126026 -0.3733058292 -0.1664001854 -0.2292566730 -0.2762701787
-0.1433000335 -0.3733058292 -0.2169295566 -0.2292566730 -0.2614292681
-0.1315126026 -0.3733058292 -0.2820116739 -0.2292566730 -0.2614292681
-0.1315126026 -0.1622223570 -0.2169295566 -0.2292566730 -0.2614292681
-0.1993806284 -0.0663204693 -0.2169295566 -0.2292566730 -0.2614292681
-0.1993806284 -0.1753075216 -0.2169295566 -0.2292566730 -0.2614292681
-0.0851564139 -0.1753075216 -0.1547935750 -0.0638727285 0.0241304905
-0.0851564139 0.0758089031 -0.1547935750 -0.0638727285 0.0241304905
-0.0851564139 -0.1366851251 -0.1547935750 -0.0638727285 0.0211626536
-0.0851564139 -0.1366851251 -0.1547935750 -0.1665458290 0.0241304905
-0.2264944630 -0.1366851251 -0.1547935750 -0.1665458290 0.0241304905
-0.2264944630 -0.1366851251 -0.1547935750 -0.1665458290 -0.2024096784
-0.2264944630 -0.1366851251 -0.1547935750 -0.1665458290 -0.1038328943
-0.2264944630 -0.1687484283 -0.1547935750 -0.1665458290 -0.1038328943
-0.2264944630 -0.1366851251 -0.1547935750 -0.1665458290 -0.0155195007
-0.2264944630 -0.1366851251 -0.1547935750 -0.1665458290 -0.2230532452
-0.3006874721 -0.1366851251 -0.1547935750 -0.1665458290 -0.2267694873
-0.0750258716 -0.1366851251 -0.1547935750 -0.1791647999 -0.2267694873
-0.0750258716 -0.1366851251 -0.1547935750 -0.1665458290 -0.0262151100
-0.0750258716 -0.1366851251 -0.1547935750 -0.1665458290 -0.1972692325
-0.0750258716 -0.2005961201 -0.1547935750 -0.1665458290 -0.0262151100
-0.0750258716 -0.2005961201 -0.1547935750 -0.0809020790 -0.0262151100
-0.0750258716 -0.0647590648 -0.1547935750 -0.1665458290 -0.0262151100
-0.0750258716 -0.0647590648 -0.1547935750 -0.0735822452 -0.0262151100
-0.0750258716 -0.0647590648 -0.0876642266 -0.0735822452 0.1215611991
-0.1168629628 -0.0647590648 -0.0167853531 -0.1518516413 -0.0080342651
-0.1168629628 -0.0370607209 -0.0167853531 -0.1518516413 -0.0080342651
-0.0366741164 -0.0370607209 -0.0167853531 -0.1518516413 -0.0080342651
-0.0366741164 -0.0370607209 -0.0167853531 -0.0362161758 -0.0080342651
0.0519335081 -0.0370607209 -0.0167853531 -0.0362161758 -0.0080342651
0.0519335081 -0.0370607209 -0.0167853531 0.0966733097 -0.0080342651
0.0519335081 -0.0370607209 -0.0167853531 -0.0006619857 -0.0080342651
-0.1048389033 -0.0370607209 -0.0167853531 0.0966733097 -0.0080342651
0.2033322493 0.3253788751 0.1452566841 0.1640997303 0.1577166935
0.2033322493 0.3253788751 0.1674239937 0.2689283806 0.1577166935
0.2033322493 0.3253788751 0.1452566841 0.1243810328 0.1577166935
0.2057096333 0.1346643370 0.0557030382 0.0496801428 0.1025708472
-0.0236082085 0.1346643370 0.0557030382 0.0496801428 0.1025708472
-0.0236082085 0.1346643370 0.0557030382 0.0412627797 0.0528796392
-0.0982508178 0.0787533963 0.0557030382 0.0412627797 0.0528796392
0.1378826643 0.1139314049 0.0557030382 0.0412627797 0.1331661177
0.1753064804 0.1139314049 0.0557030382 0.0412627797 0.1331661177
-0.0515291923 0.1139314049 0.0557030382 0.0412627797 0.0117635734
-0.0515291923 0.0669064494 0.0557030382 0.0412627797 -0.0109249521
0.0725537779 0.0320230301 0.0557030382 0.0509837443 -0.0109249521
-0.0586595619 0.0320230301 0.0557030382 0.0412627797 -0.0109249521
0.0725537779 0.0320230301 0.0815048069 0.0412627797 -0.0109249521
0.0725537779 0.0320230301 0.0557030382 0.0412627797 0.0432642169
0.0725537779 0.0320230301 -0.0064581864 0.0412627797 0.1426342972
0.0725537779 0.0320230301 0.0557030382 0.1206132768 0.0847705540
0.0497417916 0.0320230301 0.0557030382 0.1206132768 0.0847705540
0.1425252289 0.0320230301 0.0557030382 0.1206132768 0.0847705540
0.1425252289 0.0320230301 0.0557030382 0.0128692324 0.0887974149
0.1425252289 0.0320230301 0.0557030382 0.1884267827 0.0887974149
0.1152885963 0.0320230301 0.0557030382 0.1001715601 0.0887974149
0.1425252289 0.1596623901 0.0557030382 0.1216969803 0.0887974149
0.1425252289 0.2153867984 0.0557030382 0.1216969803 0.0887974149
0.1425252289 0.2029693202 0.1668867925 0.1216969803 0.0887974149
0.1425252289 0.2153867984 0.1668867925 0.2148021194 0.0887974149
0.1425252289 0.1318157468 0.1668867925 0.2148021194 0.0887974149
0.1425252289 0.3170844180 0.1668867925 0.2148021194 0.0887974149
0.0806105896 0.2153867984 0.0910604887 0.1154073876 0.0887974149
0.0806105896 0.2153867984 0.1668867925 0.1140145122 0.0887974149
0.0806105896 0.2153867984 0.1668867925 0.1140145122 0.1142769957
0.3228536420 0.2153867984 0.1668867925 0.1140145122 0.0887974149
0.3228536420 0.2153867984 0.3385908918 0.2917271053 0.2504958222
0.1611154987 0.2153867984 0.1668867925 0.2917271053 0.2504958222
0.1611154987 0.2786783546 0.1668867925 0.1591612085 0.2657870320
0.1611154987 0.2786783546 0.1658804596 0.2766101617 0.2657870320
0.1611154987 0.2786783546 0.2583045531 0.2766101617 0.2657870320
0.2919574998 0.2786783546 0.2583045531 0.2766101617 0.2657870320
0.3752545572 0.3455100831 0.3618138793 0.2971728013 0.2446864694
0.3112601540 0.3455100831 0.2530442177 0.2971728013 0.2446864694
0.2015411852 0.3455100831 0.2530442177 0.2971728013 0.2446864694
0.3112601540 0.1215573080 0.2530442177 0.2971728013 0.3450021203
0.3112601540 0.3102439944 0.2530442177 0.2971728013 0.3389990697
0.3112601540 0.3102439944 0.2775916217 0.2971728013 0.3389990697
0.1463801491 0.3102439944 0.2530442177 0.2971728013 0.2205411323
0.3112601540 0.3102439944 0.2530442177 0.1245994087 0.2205411323
0.3112601540 0.3102439944 0.2530442177 0.3506245520 0.3491066561
0.3112601540 0.3856386184 0.2530442177 0.3506245520 0.3491066561
0.3112601540 0.3317637648 0.2530442177 0.2429227234 0.3622006746
0.3112601540 0.3986345826 0.3829933398 0.3432349855 0.3622006746
0.3112601540 0.3495322017 0.3829933398 0.2734095291 0.3622006746
0.3112601540 0.3986345826 0.3829933398 0.3136369147 0.3622006746
0.3825490835 0.3803475839 0.3482803949 0.3977698706 0.3634827499
0.4010740059 0.4155861985 0.4234178100 0.4087733723 0.3848607259
0.4137057096 0.4151150622 0.4075762834 0.3519437478 0.3599270620
0.4107701854 0.3974001234 0.4122623354 0.3651152786 0.3902506272
0.4310079252 0.4365250878 0.4165968911 0.4175049522 0.4364509447
