0.0901070137 0.1905456906 0.1694571103 0.1934533120 0.1238712922
0.0901070137 0.1905456906 0.1694571103 0.1934533120 0.0881244406
0.3365775395 0.1905456906 0.1694571103 0.1934533120 0.1238712922
0.3365775395 0.1905456906 0.1694571103 0.2674361557 0.1238712922
0.3365775395 0.2146352195 0.1694571103 0.2674361557 0.1238712922
0.3365775395 0.4017606083 0.1694571103 0.2674361557 0.3240294589
0.3365775395 0.4017606083 0.6461364804 0.2674361557 0.3240294589
0.3365775395 0.1962061488 0.1694571103 0.2674361557 0.3240294589
0.3192467757 0.1962061488 0.2845220183 0.2674361557 0.3240294589
0.0329802614 0.1962061488 0.1694571103 0.2674361557 0.3240294589
0.3365775395 0.1962061488 0.1694571103 0.2674361557 0.3589225527
0.2132174795 0.1962061488 0.1694571103 0.2674361557 0.3291312905
0.2132174795 0.3714336665 0.1694571103 0.2674361557 0.3240294589
0.2132174795 0.0779835185 0.1694571103 0.2674361557 0.3240294589
0.2833354953 0.1260766941 0.1765079786 -0.0599413384 0.1614475045
-0.0223192496 0.1260766941 0.1765079786 -0.0599413384 0.0921825847
-0.0223192496 0.1260766941 0.0668916276 -0.0599413384 0.0921825847
-0.0223192496 0.1260766941 0.1765079786 0.0722415457 0.0921825847
-0.0223192496 0.1260766941 0.2060168421 0.0722415457 0.0921825847
-0.0223192496 0.1260766941 0.1765079786 0.0722415457 0.2444636037
-0.3522861282 -0.2890026558 -0.2393285102 -0.1701583121 -0.3243257683
-0.3522861282 -0.2890026558 -0.3847139720 -0.3723143656 -0.3243257683
-0.3522861282 -0.5602326425 -0.3847139720 -0.3723143656 -0.3243257683
-0.3522861282 -0.2890026558 -0.3847139720 -0.4558719260 -0.3243257683
-0.2938513619 -0.2890026558 -0.3847139720 -0.1911815534 -0.3243257683
-0.3522861282 -0.2890026558 -0.3896527199 -0.1911815534 -0.3243257683
-0.3522861282 -0.2664719174 -0.3847139720 -0.1911815534 -0.3243257683
-0.3522861282 -0.2664719174 -0.3847139720 -0.1911815534 -0.2459689513
-0.3522861282 -0.2664719174 -0.3847139720 -0.3590377083 -0.2459689513
-0.1547410219 -0.1821574918 -0.1614242781 -0.0906409736 -0.1237016643
-0.1383442836 -0.1062433169 -0.1614242781 -0.0595717740 -0.0860734259
-0.0363580705 -0.1062433169 -0.1614242781 -0.0595717740 -0.1237016643
-0.0363580705 0.0999328676 -0.0522015266 -0.0020696067 0.0796485877
-0.0363580705 0.2124017205 -0.0523582287 0.1287067977 0.0796485877
0.1129235043 0.0999328676 -0.0523582287 0.1287067977 0.0796485877
0.1129235043 -0.0146938873 -0.0523582287 0.1287067977 0.0796485877
0.0074304550 -0.0146938873 -0.0523582287 0.1287067977 0.0796485877
0.0074304550 -0.0146938873 0.2277379833 0.1287067977 0.0796485877
0.0074304550 -0.0146938873 -0.0523582287 0.1090140090 0.0796485877
0.0074304550 0.0511615662 -0.0523582287 0.1408976423 0.0796485877
0.0546994436 -0.0146938873 -0.0523582287 0.1090140090 0.0796485877
-0.1865424204 -0.0146938873 -0.0523582287 0.0121004033 0.0415579666
0.0074304550 -0.0146938873 -0.0523582287 0.0121004033 0.0466726209
0.0074304550 -0.0146938873 -0.0523582287 0.0121004033 -0.0659815973
0.0074304550 -0.0146938873 -0.0523582287 0.0121004033 0.0835291712
0.0074304550 -0.0146938873 -0.0523582287 0.0121004033 0.1030439921
0.0074304550 -0.0146938873 -0.0523582287 0.0121004033 -0.0274536853
0.0074304550 -0.0146938873 -0.0523582287 0.0675023151 -0.0274536853
-0.1764078895 -0.0955544621 -0.0339739247 -0.0771275386 -0.1238151475
-0.0588942442 -0.0955544621 -0.0523582287 -0.0771275386 -0.1238151475
-0.0588942442 -0.0955544621 -0.0523582287 -0.0732043854 -0.0523019734
-0.0588942442 -0.0339927873 -0.0523582287 -0.0662787271 -0.0523019734
-0.0588942442 -0.0339927873 -0.0523582287 -0.0662787271 -0.0230309814
-0.0800107992 -0.0339927873 0.0391541277 -0.0662787271 -0.0230309814
-0.0800107992 -0.0150704689 0.0391541277 -0.0662787271 -0.0230309814
-0.0800107992 -0.0339927873 -0.1189037538 -0.0662787271 -0.0230309814
0.0228122531 -0.0339927873 0.0391541277 -0.0662787271 -0.0230309814
-0.0800107992 -0.1328463729 -0.0951726442 -0.0662787271 -0.0230309814
-0.0800107992 -0.1328463729 -0.0696004362 -0.0527077769 -0.0230309814
-0.0808030818 -0.1389090122 -0.0232599818 -0.0448710772 -0.0956989965
-0.0808030818 -0.1389090122 -0.1436838996 -0.0699209790 -0.0956989965
-0.0808030818 -0.1389090122 -0.1585577582 -0.1531208078 -0.0956989965
-0.0808030818 -0.1389090122 -0.1585577582 -0.1531208078 -0.0526678030
-0.0808030818 -0.1389090122 -0.1726936044 -0.1531208078 -0.0956989965
-0.0701205305 -0.1389090122 -0.0181560349 -0.1531208078 -0.0956989965
-0.0681464233 -0.1389090122 0.0098619226 -0.1531208078 -0.0956989965
-0.0701205305 -0.1389090122 -0.1077619503 -0.1531208078 -0.0956989965
-0.1724007292 -0.1299115191 -0.1077619503 -0.1531208078 -0.0514800924
-0.1724007292 -0.1299115191 -0.1077619503 -0.1531208078 -0.2167191809
-0.1724007292 -0.1299115191 -0.1223146061 -0.1531208078 -0.0787981964
-0.1724007292 -0.3263284279 -0.3050931605 -0.2687783936 -0.2167191809
-0.2158591457 -0.2243804376 -0.3050931605 -0.2687783936 -0.2167191809
-0.1724007292 -0.2243804376 -0.3050931605 -0.2687783936 -0.3661170911
-0.1724007292 -0.2391408299 -0.3050931605 -0.2687783936 -0.3661170911
-0.2261331214 -0.2243804376 -0.3050931605 -0.2687783936 -0.3661170911
-0.2484066066 -0.2068854282 -0.2587625765 -0.2023293815 -0.3527141832
-0.2169430439 -0.2068854282 -0.2587625765 -0.2023293815 -0.2972734193
-0.2423891263 -0.2068854282 -0.2587625765 -0.2023293815 -0.2972734193
-0.2304331648 -0.2068854282 -0.2587625765 -0.2023293815 -0.2348707439
-0.2153623389 -0.2068854282 -0.2080536433 -0.2605563466 -0.2706048498
-0.1960418376 -0.2068854282 -0.2080536433 -0.2259024740 -0.1909740481
-0.1960418376 -0.2068854282 -0.1902036359 -0.2259024740 -0.2321960421
-0.1969318803 -0.2068854282 -0.2215768854 -0.1900374555 -0.1692062488
-0.2007283931 -0.1867769986 -0.1673895538 -0.1135735148 -0.1741179963
-0.1900545246 -0.2057083301 -0.1110017566 -0.1189649270 -0.1395876813
-0.1900545246 -0.2057083301 -0.1522828541 -0.1189649270 -0.1395876813
-0.1872588989 -0.1050261420 -0.1837933229 -0.1189649270 -0.1395876813
-0.1943244960 -0.1404748037 -0.0814847702 -0.1189649270 -0.1621348833
-0.1891800594 -0.1739521381 -0.1796145185 -0.1835387858 -0.1520772651
-0.1979667152 -0.1925804918 -0.1183201837 -0.1778473052 -0.1728083738
-0.1928307306 -0.1708330746 -0.1183201837 -0.1778473052 -0.1651875287
-0.1963604143 -0.1986593983 -0.2058836505 -0.1761198707 -0.1660622289
-0.1935319228 -0.2256586181 -0.2058836505 -0.2228776311 -0.1672195378
-0.1933991979 -0.2000126952 -0.1709283629 -0.1865804546 -0.1780985098
-0.1936238734 -0.2258498972 -0.2177789359 -0.2489086211 -0.1854176642
-0.1958931315 -0.2544322176 -0.2345113699 -0.2489086211 -0.1854176642
-0.1936238734 -0.2207683869 -0.2027372305 -0.1933703981 -0.1623634712
-0.1955112558 -0.2488309033 -0.2330803482 -0.2357550155 -0.1846338275
-0.1955112558 -0.2602830699 -0.1912911266 -0.1102066752 -0.1623634712
-0.1955112558 -0.2003792945 -0.1944150539 -0.2357550155 -0.1760136647
