0.4417223012 0.7935573598
0.9347264366 0.1584817627
0.9380364299 0.1441517443
0.9088002089 0.2066722122
0.3351283471 0.8512623851
0.9041798556 0.2258985138
0.8892473902 0.2625752671
0.8680630596 0.3003124504
0.8779669794 0.2801105347
0.8389536515 0.3454769398
0.8684700419 0.2932708442
0.8899735624 0.2546644708
0.8804604328 0.2691096066
0.9009051335 0.2370906107
0.8421437556 0.3383102810
0.4645745996 0.7865685749
0.5268835987 0.7311338699
0.5678809065 0.7010982685
0.4948112858 0.7633634988
0.5421872504 0.7188512427
0.6930626753 0.5771624946
0.7370085512 0.5244901336
0.7441327188 0.5098900231
0.7661304054 0.4818564066
0.7257353308 0.5389920926
0.8003716547 0.4237599732
0.8240546590 0.3894452313
0.8263380453 0.3688943924
0.8635354941 0.3239190062
0.8493301116 0.3367614533
0.8195907163 0.4073793605
0.8094249736 0.4194304812
0.7231732824 0.5472336980
0.7883961120 0.4487995966
0.8151015047 0.4132167811
0.7747095150 0.4662330792
0.8356056087 0.3614607554
0.7948572446 0.4380135251
0.7565967775 0.4923316176
0.6283717520 0.6452403387
0.5764600939 0.6981339248
0.6340331538 0.6407113756
0.5903427574 0.6878115632
0.6684292641 0.6071166488
0.6232769084 0.6522778172
0.7096904601 0.5566523767
0.6786278158 0.5955603853
0.6625055616 0.6143330133
0.6464668904 0.6314823844
0.7054982646 0.5696307568
0.6573940911 0.6208889908
0.6078274441 0.6740617491
0.7324720247 0.5372908091
0.5974468720 0.6842654691
0.6446411896 0.6391495517
0.5089002082 0.7611862601
0.4700648989 0.7762099185
0.4931243800 0.7714163956
0.5249874181 0.7487465465
0.5647685537 0.7116430401
0.3999110182 0.8146217593
0.4237112934 0.7988903259
0.5184516768 0.7567477997
0.3409354820 0.8429977233
0.3538931368 0.8393407943
0.3816753911 0.8290214707
0.3921128953 0.8205832011
0.4366990892 0.7984418743
0.3675445494 0.8369237347
0.4133661458 0.8091674037
0.0423445011 0.9607815989
0.0033512490 0.9780473925
0.0508818112 0.9584183399
0.0262610001 0.9702764896
0.0665771350 0.9516084697
0.0802719208 0.9506760849
0.1418291433 0.9257489110
0.1334685542 0.9285856112
0.3044790538 0.8615723587
0.2531793878 0.8827152945
0.2840700961 0.8692222598
0.3148988059 0.8567389301
0.2928420711 0.8646558462
0.2719970344 0.8735360912
0.2630114104 0.8780788703
0.2340512161 0.8907362965
0.1080968594 0.9393160689
0.0934321598 0.9443545054
0.1225435685 0.9339415383
0.1164120733 0.9386587821
0.2410264002 0.8876922507
0.2249573101 0.8962001300
0.1821925905 0.9103520672
0.1954750738 0.9057357801
0.2038666708 0.9025421744
0.1639523690 0.9170381639
0.2107083965 0.8991183454
0.2179260481 0.8975788998
0.1718542882 0.9141826860
0.1512972539 0.9217126405
