-16.6986069309 -4.8557194555
-16.7383056268 -4.6933416081
-16.3618098602 -6.4640700470
-16.3041290354 -6.7151408943
-15.1231182931 -9.6994256973
-15.1583682203 -9.5245721868
-15.4213452979 -8.4685984826
-15.4647110943 -8.3060875901
-15.0115341868 -10.1617175998
-15.6084027374 -7.8315381577
-14.6914503238 -11.2538322105
-15.1247532459 -9.6017941788
-16.4160582248 -6.1775837390
-16.4946935024 -5.8417384326
-16.6226099164 -5.2233771541
-18.2522371862 -2.6770580192
-16.6468667643 -5.0974444986
-14.5742572386 -11.4797534156
-14.5035383481 -11.5001153817
-14.7464258874 -11.1171927788
-14.6408157501 -11.3833465423
-14.7961923614 -10.9543415798
-15.3010321654 -8.8515027001
-15.2908346929 -8.9609050280
-14.9737040994 -10.3024851604
-15.3766093531 -8.6121101569
-15.1887764147 -9.3799736789
-14.9488007440 -10.4044263578
-14.8514684191 -10.7767386456
-14.8241844274 -10.8711824805
-14.7489081429 -11.0248195734
-15.0598530674 -9.9298410892
-15.2452514725 -9.1407020733
-15.5408391820 -8.0106146120
-15.0333813252 -10.0452464255
-15.3521862027 -8.7273188744
-15.2175943450 -9.2863087810
-15.0813349320 -9.8539224964
-15.4975051441 -8.1679328051
-18.4980780475 -1.6662433501
-18.6793822094 -0.9357953077
-19.0472147412 -0.0218442139
-18.7736394153 -0.6293984986
-16.7146861033 -4.7834464619
-18.5768397777 -1.3273213521
-18.3246554474 -2.4954480692
-17.9183084872 -3.8547407091
-18.3428946951 -2.4053075746
-18.1857529809 -3.1631806439
-17.9876695198 -3.8160460384
-18.5968987833 -1.2461104759
-18.2390967225 -2.9144367980
-18.4636744239 -1.8233287498
-18.9142001049 -0.2673042357
-18.5208606060 -1.5650861017
-18.4093790205 -2.0802861670
-18.8111228272 -0.5219201878
-18.1043371921 -3.5000879699
-18.3005797441 -2.6005885581
-18.8609839734 -0.3827252344
-18.1369692592 -3.3864716022
-14.9064556925 -10.5388805697
-18.0380598313 -3.7051146626
-18.6367192580 -1.0828277946
-19.9759936891 0.0363774394
-18.7048364874 -0.8207241500
-18.3477275149 -2.2667245435
-16.5564157841 -5.5520618055
-18.2215809538 -3.0015549472
-16.5756302375 -5.4603622923
-16.3911934362 -6.3376587698
-17.0000892702 -3.9558501358
-15.9081928155 -7.7462644211
-16.1223972942 -7.3550997133
-16.2190789325 -7.0474003857
-16.8456509184 -4.3135715345
-16.4509940747 -6.0589374840
-16.5312979411 -5.6798411747
-16.5995734344 -5.3434762277
-16.4696312850 -5.9738595849
-16.0929115442 -7.4293142956
-16.1957090529 -7.1315890273
-16.3372311233 -6.5707390367
-16.2379567054 -6.9770143354
-16.2635842078 -6.8824169390
-15.9895401035 -7.6666766555
-16.0484521832 -7.5056258859
-16.2822151762 -6.8057219242
-16.4051359556 -6.2538897282
-16.9172826256 -4.1047632849
-16.8754148253 -4.2375234974
-16.9442547351 -4.0349807574
-16.8166646897 -4.4118838406
-16.7930816774 -4.4891568280
-16.7658166012 -4.5900646134
-16.6807429465 -4.9371079260
-16.6613663426 -5.0127486643
-16.4984639939 -5.7677100016
-16.3188406629 -6.6406923232
-16.1665446244 -7.2174302592
