3.2974101640 2.1497360765 8.6771115558
2.9432872167 2.4571857545 10.5948717997
3.0638204781 3.6648515574 4.6964286258
2.3719692270 9.7934576878 2.4813667534
2.3498421448 7.3161619930 2.5504745919
2.3470032285 4.5286830212 8.1508541035
3.0630038935 4.7765873732 4.4156045064
1.6058630624 6.2122210144 10.3537804193
1.1264748609 6.0583313368 14.4388798699
1.8087182072 13.7067333432 3.6671815391
1.4957555849 17.3902159632 5.0984876446
1.2358169188 15.1442614669 5.2423347491
0.9630393297 11.9371811114 9.8664303468
1.2444208591 11.1057401266 8.1588139988
1.0554589268 11.9817688268 5.9246986462
0.6948257855 14.8579175934 10.5483614371
1.0554589279 8.0780802852 8.7191821468
1.0554589000 8.2126682631 13.0270057615
1.0554589279 7.1922155104 11.1886504416
1.6727773387 4.6339885185 13.0406812963
1.4926023963 6.5797278788 7.2865387908
1.3695830586 9.8881606504 8.0125917392
1.9413066486 12.5446125563 3.8512540787
1.7208643203 12.4900747244 5.0104665908
1.7176423975 19.5498674223 3.8573488174
1.9413066486 10.1414266573 4.3508146355
1.9413066120 11.3432292163 4.1923483292
2.0292209556 7.2684517172 5.4314017646
2.4511553690 5.1695680128 6.4047365830
2.2393570184 3.9700972354 10.8385920124
1.3735078701 8.4706235078 6.6857835829
1.5596378017 6.1247574927 11.5864634807
1.3735078701 9.8448865245 6.6704646226
1.8513278849 7.8542022957 4.3589187522
17.4093423387 0.9127231682 5.7633406304
6.8261356513 0.8017121610 8.9037300541
11.4453984140 0.9659898405 8.6842294210
3.3469326017 0.9877311980 1.3462036150
4.3270333424 1.1819581079 0.3463477825
4.3270341514 1.1819234255 0.3463398423
4.3270335358 1.1819383826 0.3463432308
4.3270339076 1.1819293488 0.3463410200
4.3270341589 1.1819215815 0.3463396203
4.3270345601 1.1819130857 0.3463378642
4.3270334606 1.1819410224 0.3463437787
4.3270342356 1.1819188943 0.3463392273
4.3270457482 1.1818155752 0.3463222658
4.3270502668 1.1818103880 0.3463216289
4.3270470612 1.1818030962 0.3463216442
4.3270445566 1.1818183001 0.3463230437
4.3270430137 1.1818280170 0.3463241809
4.3270366112 1.1818438606 0.3465921028
4.3270410191 1.1818416070 0.3463259281
4.3270406893 1.1818439567 0.3463262375
4.3270337829 1.1819308427 0.3463416766
4.3270347676 1.1819109396 0.3463373515
4.3270434030 1.1818249386 0.3463239632
4.3270427052 1.1818294359 0.3463244800
4.3270401395 1.1818465246 0.3463268337
4.3270411912 1.1818388662 0.3463257715
4.3270414730 1.1818365961 0.3463254863
4.3270447139 1.1818160957 0.3463230129
4.3270418343 1.1818338408 0.3463251236
4.3270416695 1.1818352434 0.3463253152
4.3270377619 1.1818469014 0.3463203131
3.3471083341 0.9878249257 1.3462025128
4.3270352969 1.1818493583 0.3463164246
4.3270353241 1.1818486714 0.3463162625
3.3461147501 0.9874399604 1.3463163371
4.3270349323 1.1818546335 0.3463176811
4.3270348505 1.1818559576 0.3463179996
4.3270348810 1.1818554601 0.3463178802
4.3270348123 1.1818565931 0.3463181528
4.3270348643 1.1818557356 0.3463179458
4.3270347726 1.1818572603 0.3463183138
4.3270353081 1.1818489065 0.3463163173
4.3270352628 1.1818496549 0.3463164941
4.3270349514 1.1818542473 0.3463175885
4.3270351856 1.1818506168 0.3463167226
4.3270349801 1.1818538044 0.3463174825
4.3270350067 1.1818533638 0.3463173766
4.3270349031 1.1818550346 0.3463177765
4.3270352179 1.1818501098 0.3463166017
4.3270350390 1.1818528580 0.3463172544
4.3270350516 1.1818526447 0.3463172006
4.3270352025 1.1818503417 0.3463166528
4.3270350798 1.1818522139 0.3463170969
4.3270351705 1.1818508158 0.3463167528
4.3270351048 1.1818518318 0.3463169804
4.3270351129 1.1818516942 0.3463166776
4.3270331799 1.1818473199 0.3464074257
4.3270351565 1.1818510248 0.3463155899
4.3270351257 1.1818514844 0.3463157072
4.3270351349 1.1818512719 0.3463125576
4.3270351395 1.1818512087 0.3463120017
4.3270351335 1.1818513038 0.3463120269
4.3270351352 1.1818512809 0.3463120205
4.3270351371 1.1818512469 0.3463120110
3.3461150053 0.9874400876 1.3463120076
