0.5942693551 0.4297457120
0.0330759344 1.4491176004
0.0410145594 1.3499225842
0.0753225937 1.2071859143
0.0638105108 1.2176703886
1.5982772440 0.0179129910
1.7428930020 0.0090411231
1.8466028063 0.0066048403
1.7066320972 0.0106223966
1.4840071423 0.0237124730
1.3071564108 0.0253475445
1.0334924852 0.0543518890
1.0302981101 0.1033578802
1.2754018637 0.0254369816
1.2317690124 0.0255006738
1.1660943403 0.0255319453
1.0519495394 0.0255620991
0.7342183740 0.2436641464
0.7342183757 0.2299082502
0.8156897233 0.2101079379
0.8018735429 0.2105014103
0.7873734369 0.2110693971
0.7534656428 0.2115547630
0.7393070609 0.2122802598
0.7317573616 0.2602331290
0.7208616648 0.2883787469
0.4304117513 0.4644770085
0.4126839828 0.4677007894
0.5271298462 0.4576047697
0.3159005715 0.6657609335
0.7136229197 0.3150409074
0.4804153763 0.4612037434
0.7155602010 0.3067167489
0.3869962133 0.4815440674
0.3792018649 0.4881917556
0.3589277658 0.5166266667
0.7134321927 0.3479581724
0.3773930250 0.4962521696
0.3561146907 0.5920309775
0.4124992733 0.4808669394
0.3575514159 0.5359997759
0.3640525824 0.5086831041
0.3577613454 0.5285133535
0.3078662097 0.6831014634
0.2774033540 0.7166493365
0.3377369702 0.6342346824
0.3120555022 0.6766422091
0.3284039140 0.6515414254
0.3529021877 0.5983748512
0.3504146021 0.6060108528
0.3713566981 0.5006394335
0.3272850227 0.6592650910
0.3433742319 0.6257310285
0.3483041187 0.6138389257
0.2845028204 0.7094743919
0.2902960281 0.7041129416
0.3348185360 0.6431830779
0.3043129105 0.6893093735
0.0794394204 0.7271314029
0.0797969053 0.7264996216
0.0789422043 0.7280693589
0.0792715579 0.7274287543
0.0795605296 0.7269167065
0.0786504950 0.7285668502
0.0791028135 0.7277284980
0.0836257001 0.7198749052
0.0834603431 0.7201455777
0.0797258891 0.7266246610
0.0796499431 0.7267591478
0.0799729307 0.7231295384
0.0798426740 0.7233600948
0.0799063139 0.7232473234
0.0800816115 0.7229368754
0.0801471077 0.7228211390
0.0799321562 0.7232014413
0.0800214361 0.7230522868
0.0801133827 0.7228807904
0.0802820331 0.7205035195
0.0801572404 0.7207228032
0.0802335542 0.7205824975
0.0801970092 0.7206469034
0.0802377468 0.7205751104
0.0802527895 0.7205486064
0.0801742121 0.7206870905
0.0802468870 0.7205590056
0.0801678127 0.7206983729
0.0801876418 0.7206634152
0.0802168267 0.7206119750
0.0802760989 0.7205075447
0.0801483031 0.7207327731
0.0802234596 0.7206002860
0.0801775851 0.7206811438
0.0802281225 0.7205920689
0.0802428848 0.7205660570
0.0802696848 0.7205188429
0.0802027969 0.7206367018
0.0801916113 0.7206564178
0.0801832251 0.7206712011
0.0802068348 0.7206295849
0.0802134944 0.7206178449
