0.3746755395 1.4150268575
0.2866653574 3.0992638879
0.2929273469 2.3737318672
0.3076863072 1.7459314600
0.2927456963 2.4606495937
0.3339448615 1.5834007576
0.3035926801 1.7901050405
0.3393149146 1.5798810466
0.2999922468 1.7967861050
0.4150210971 1.3726318838
0.4820659480 1.0986154437
0.4284185232 1.3444537582
0.4669424506 1.1736207500
0.4287845162 1.3132215519
0.4540867104 1.2316524650
0.4717450677 1.1117800016
0.4717556428 1.1112351366
0.4846516067 0.5732378000
0.4846389960 0.5732787151
0.4846311470 0.5733051440
0.4846211949 0.5733393586
0.4848756970 0.5726831690
0.4846130477 0.5733679104
0.4846695731 0.5731800882
0.4846616285 0.5732052599
0.4845485127 0.5736131674
0.4846247512 0.5733264527
0.4846630605 0.5732002034
0.4846526597 0.5732333197
0.4846564325 0.5732213715
0.4846267294 0.5733186607
0.4846453697 0.5732561641
0.4846678661 0.5731839887
0.4846360989 0.5732970132
0.4846777095 0.5726902497
0.4846783860 0.5726890833
0.4846788848 0.5726881921
0.4846798349 0.5726864976
0.4846809667 0.5726844848
0.4846718648 0.5727008442
0.4846712124 0.5727020322
0.4846705810 0.5727030566
0.4846781751 0.5726893720
0.4846709188 0.5727024422
0.4846776132 0.5726903754
0.4846790660 0.5726877849
0.4846779794 0.5726897214
0.4846722977 0.5726998278
0.4846719588 0.5727004437
0.4846771973 0.5726909893
0.4846703324 0.5727034052
0.4846701644 0.5727036960
0.4846716984 0.5727008806
0.4846770062 0.5726912971
0.4846727312 0.5726990050
0.4846712257 0.5727017404
0.4846721886 0.5726999901
0.4846726492 0.5726991541
0.4846759489 0.5726931959
0.4846767004 0.5726918164
0.4846769096 0.5726914316
0.4846755555 0.5726938637
0.4846731660 0.5726981768
0.4846723979 0.5726995625
0.4846753797 0.5726941708
0.4846753101 0.5726942961
0.4846749333 0.5726949744
0.4846752303 0.5726944395
0.4846750046 0.5726948469
0.4846745345 0.5726956942
0.4846728715 0.5726987002
0.4846750903 0.5726946923
0.4846754546 0.5726940363
0.4846760461 0.5726929732
0.4846729481 0.5726985609
0.4846764868 0.5726921819
0.4846736103 0.5726973631
0.4846751598 0.5726945671
0.4846730204 0.5726984295
0.4846737785 0.5726970587
0.4846742669 0.5726961767
0.4846739229 0.5726967972
0.4846735078 0.5726975480
0.4846734281 0.5726976916
0.4846732858 0.5726979497
0.4846736882 0.5726972217
0.4846746757 0.5726954397
0.4846743690 0.5726959924
0.4846756369 0.5726937091
0.4846762918 0.5726925327
0.4846766203 0.5726919432
0.4846761843 0.5726927252
0.4846757309 0.5726935402
0.4846758206 0.5726933791
0.4846747452 0.5726953143
0.4846741155 0.5726964510
0.4846744412 0.5726958626
0.4846746056 0.5726955658
0.4846741895 0.5726963165
0.4846748162 0.5726951861
