0.6254031229 0.8221984237
0.6189459835 0.8280421903
0.6809622314 0.7887490093
0.6901697336 0.7828369742
1.0112372939 0.2567537132
1.0109178771 0.2586328603
0.9850165175 0.3015571147
0.9955038567 0.2622777502
0.9045198198 0.4151614331
0.9049152336 0.3799033010
0.8929570699 0.4173876162
0.9056703671 0.3760072692
0.6710792369 0.8042866330
0.9213652624 0.3684398223
0.9671904212 0.3489211177
0.9391976000 0.3635609182
0.9198869490 0.3754349746
0.5439087009 0.8302102135
0.5072520391 0.8699536785
0.5093188988 0.8429452160
0.8096023552 0.4998156980
0.8162647330 0.4993539714
0.8474767239 0.4604963674
0.8490341266 0.4533440858
0.8634506485 0.4475805581
0.8350379730 0.4623437876
0.8241975455 0.4807832073
0.8289616052 0.4635437918
0.4976413477 0.8741662439
0.6963444801 0.7759838573
0.7080844509 0.7242604942
0.7104298898 0.7120366285
0.7152361424 0.7039215131
1.0338438839 0.1619246838
1.0388945218 0.1148461644
0.0533287207 1.1157297950
0.0541734037 1.0829411442
0.6994631683 0.7444811329
0.7263270980 0.5940336746
0.7466032162 0.5820713950
0.7506951503 0.5803703475
0.7386960263 0.5916765157
1.1153614659 0.0623886450
1.0484161179 0.1030782908
0.7103200674 0.7191367321
1.0896868832 0.0667616025
1.0952667599 0.0626663268
0.0538889189 1.1113214599
1.0589331237 0.0734294948
1.0645838712 0.0729918158
1.0849198678 0.0693032155
1.0501441824 0.0905659015
0.3879537623 0.9586745241
0.4146533591 0.9451171134
0.4112453768 0.9458918536
0.4021752345 0.9534305730
0.4168326312 0.9416455499
0.4242455768 0.9337795082
0.7722353605 0.5378797949
0.7663587164 0.5735743107
0.7689343391 0.5577104069
0.7824824693 0.5225068888
0.7791575047 0.5357969829
0.7902957456 0.5216172388
0.7708113694 0.5404062819
0.8193253386 0.4978324064
0.4272429549 0.9332239740
0.4279590639 0.8929828647
1.1255393046 0.0490864700
0.4953510486 0.8745146959
0.4428834100 0.8753857850
0.7034953873 0.7349127253
0.8064859388 0.5207715959
0.4318277384 0.8777108574
0.0622823290 1.0415439926
0.0622823209 1.0451276582
0.0621260572 1.0756464913
0.0622823182 1.0645613839
0.0608385883 1.0789031877
0.0767944975 1.0207043754
0.1295821696 1.0132644316
0.0940715895 1.0136349611
0.1077658374 1.0136349513
0.0995510260 1.0136349556
0.0901789487 1.0143539590
0.0769733932 1.0159922241
0.0677721303 1.0217899363
0.0635880941 1.0246521563
0.0629608246 1.0333011797
0.0629608268 1.0301812128
0.0629608222 1.0409165533
0.0629608284 1.0291336302
0.0646182200 1.0227768578
