5.1938084301 1.0554023986
2.8590639946 1.2858946412
2.9736443773 1.2202724687
2.1054981747 1.3128946637
2.6351802452 1.3103774467
0.3736148948 3.8414197870
0.3747574999 2.5418404151
0.3747575052 2.3434279797
0.3747569505 3.7999684242
0.3747569928 3.0128411944
0.3747570107 2.7423182144
0.3747570767 2.5622855443
0.3764247505 2.2221640678
0.3764247520 2.2221640537
0.3766998313 1.8685682349
0.4772680818 1.7748133208
0.5071009602 1.5855996646
0.5364393123 1.3573427434
0.5364391042 1.3573427731
0.5140912912 1.3573427746
0.4874966995 1.6625917578
0.5864605397 1.3369112467
0.5864606375 1.3369112258
0.5864608961 1.3369111544
0.5938888616 1.3271641864
0.6006993562 1.3232667129
0.6006993622 1.3232667110
0.8612891023 1.3231788039
0.7438256718 1.3231788172
0.8391328232 1.3231788131
1.7848664399 1.3231785774
0.9910988428 1.3231785893
0.9273238977 1.3231786558
0.9273239017 1.3231786509
0.9260376590 1.3231786608
0.9273239035 1.3231786387
