3.2104463661 0.8819272716
5.5596139428 0.7481589247
3.7645847505 0.8531225820
0.5612283167 5.1527256447
0.5876974436 3.2531358377
0.5864156506 4.5936995293
0.6355560355 2.9839769223
0.6473459642 2.4677570125
0.6473448586 2.9777784179
0.7385448297 1.5059097539
0.7383193203 2.0055159026
0.7383193252 1.5111643849
0.7383191963 2.0909360684
0.7408876350 1.3949566637
0.8326722886 1.2354903579
0.8326722851 1.2856837025
0.9664974652 1.2354903540
1.0168361979 0.9508944714
0.9992427623 1.1676570046
1.0168362000 0.9508944676
1.0168361898 0.9508944895
3.0888242463 0.8944358245
2.9804018214 0.8944688242
2.0263443059 0.8944690546
2.2664278923 0.8944690529
1.7222483039 0.8944691540
1.8415863639 0.8944691503
1.4909340616 0.8944691701
1.3982309443 0.8944691783
1.5570448640 0.8944691665
2.4677232790 0.8944688409
1.1432249368 0.8946686310
1.1579754025 0.8946686289
1.2174521134 0.8946686261
1.1432249287 0.8950532135
1.3234378531 0.8946686182
1.0231974900 0.8951311876
1.0120589761 1.0772425637
1.0525359004 0.8951287913
1.0786175552 0.8951286126
1.0525359114 0.8951287739
