0.7070032250 4.6096408189
0.7107563822 1.0314469723
0.7101460957 2.5442484568
0.7107563560 1.7734767185
0.7284518930 0.9832357038
1.0757666304 0.6118882451
1.0822831460 0.6075151831
0.7465254946 0.9036247081
0.7491618635 0.9034628376
0.7342894402 0.9065056539
0.7313915045 0.9065056551
0.7618449468 0.8625888909
0.7628403834 0.8625888881
0.7618455931 0.8625888893
1.0183468187 0.8613603957
0.7602865047 0.9022077806
0.7767755646 0.8616946853
1.1388228921 0.4922913742
1.9931273387 0.4921522971
3.2694695518 0.4921522597
2.2933598084 0.4921522743
1.5396443273 0.4921523176
1.5396443928 0.4921523088
1.5961735296 0.4921523058
3.7512307689 0.4921522464
1.3947898544 0.4921523505
1.3405269533 0.4922157340
1.3498643139 0.4922157319
1.1528089110 0.4922900641
1.1431767460 0.4922900866
1.2415196145 0.4922897959
1.1660844571 0.4922898019
1.1370297074 0.5231461991
1.0856354280 0.5232557233
1.0854633693 0.5232557266
1.0853646469 0.5558160138
1.0853647359 0.5558159016
1.0853647230 0.5558159183
