0.9482720600 0.3726516707
1.4097669826 0.1035645135
1.0847386208 0.1089253759
1.0031215702 0.2631821324
0.9932924948 0.3295158794
1.0067502873 0.2202008134
1.0127323670 0.1929425392
1.0189370989 0.1488158726
1.0792724613 0.1455132290
0.6278396407 1.2596340333
0.6278680234 0.9129489502
0.6278680814 0.6578138754
0.6390770644 0.5173681193
0.6338041386 0.5471186366
0.6411868367 0.5108505658
0.6423336924 0.4789286464
0.6480915223 0.4482969753
0.6480915250 0.4448205462
0.6499604629 0.4300127013
0.6599791830 0.4101980822
0.6600997708 0.4081666643
0.6642963963 0.4075731591
0.6642963898 0.4075731611
0.6642963984 0.4075731567
