0.0262405839 0.8393664493
0.2079129146 0.5445484441
0.3499601313 0.4087486141
0.0080550162 0.9106176655
0.0799525761 0.7174644803
0.8092751802 0.1005060393
0.6923171132 0.1680449733
0.5440500951 0.2624935285
0.2489295130 0.5012159635
0.8272344858 0.0905312118
0.3271908100 0.4280799783
0.1155047035 0.6602749476
0.3694507027 0.3922901414
0.0112865265 0.8938825255
0.0667479491 0.7418425081
0.1874484122 0.5671905509
0.0198776326 0.8591555262
0.0876543335 0.7040273756
0.0955321473 0.6910032653
0.3880194798 0.3771752054
0.3379066674 0.4187798283
0.7570191144 0.1299917016
0.4713354268 0.3135102736
0.2742776643 0.4763245949
0.9762570573 0.0119862188
0.1088951481 0.6700904462
0.6817524469 0.1743751356
0.1703244912 0.5873635987
0.0422642040 0.7945061920
0.9293659605 0.0359827713
0.6272618037 0.2080324626
0.0336017724 0.8167342244
0.0038552384 0.9379434744
0.7274589191 0.1471019618
0.2846032976 0.4665303504
0.5645849511 0.2486306174
0.0146747659 0.8788845979
0.3000282063 0.4522738660
0.7065091678 0.1594717490
0.8373330479 0.0849510592
0.3160681758 0.4378113923
0.7169513637 0.1532780767
0.9892663771 0.0053871662
0.0016564210 0.9593115524
0.6027842515 0.2236144510
0.4072926210 0.3618089249
0.2170578784 0.5341077585
0.6466774877 0.1958391093
0.1472066087 0.6163270499
0.1550886734 0.6061879970
0.8753374965 0.0644060164
0.2655857556 0.4846510804
0.1799758888 0.5757657307
0.9006265385 0.0509871483
0.0732011590 0.7294437422
0.4466475385 0.3316836301
0.3968515719 0.3700389093
0.1992600915 0.5536150757
0.7991191420 0.1060654985
0.4576972821 0.3234669338
0.9440795364 0.0283625137
0.2574266285 0.4926278075
0.4368194949 0.3390768561
0.0054591502 0.9261140031
0.4218731720 0.3504824247
0.8892347763 0.0570075780
0.7408373309 0.1392809553
0.8534342823 0.0761849560
0.7696272275 0.1227160086
0.5907718345 0.2313831758
0.0375490130 0.8062243315
0.4895294346 0.3003362079
0.9154484069 0.0432093231
0.3782230599 0.3850015811
0.1024120903 0.6799811158
0.3584688518 0.4012773199
0.6143363445 0.2162038923
0.6571513530 0.1893512797
0.6371346413 0.2017928605
1.0000000000 0.0000000012
0.0479675785 0.7809849840
0.6696432201 0.1816826912
0.0000000000 1.0000000024
0.8644426610 0.0702459146
0.2346371003 0.5156064636
0.9661672115 0.0170619504
0.5224904952 0.2771649612
0.7800509255 0.1167950841
0.0610112028 0.7529955427
0.5542618282 0.2555123733
0.5329008702 0.2699994053
0.1388427340 0.6273839338
0.1238637155 0.6480572287
0.0297170438 0.8276136806
0.0004295221 0.9792750861
0.2268469884 0.5237154349
0.4991271029 0.2935107212
0.5746171295 0.2419649562
0.5084767945 0.2869244131
0.4804409871 0.3068614964
