0.0907983701 0.6991852545
0.0644514467 0.7465140598
0.1230267674 0.6494295933
0.0287804402 0.8306063955
0.9895322010 0.0053437331
0.1158620366 0.6597897178
0.8186026422 0.0952761335
0.4632914752 0.3194346104
0.0447590351 0.7885474753
0.0704923198 0.7345508283
0.0247784780 0.8426494920
0.9774771586 0.0113531923
0.3397967238 0.4171201828
0.0164693402 0.8717127681
0.7117651804 0.1563773741
0.1995269278 0.5533451190
0.7498775440 0.1340665014
0.0833692764 0.7113048256
0.8998511610 0.0514226670
0.2424092145 0.5076741359
0.3100371738 0.4432060054
0.8078178140 0.1012304870
0.5765845007 0.2406874452
0.4794936752 0.3075556703
0.1389886918 0.6272044251
0.8598291306 0.0727379915
0.1767990038 0.5795400820
0.7959019607 0.1078761793
0.9427350167 0.0290616335
0.6958302531 0.1658432635
0.4381204132 0.3380992037
0.3010721910 0.4513065273
0.3950675786 0.3714640644
0.2611018484 0.4890251736
0.8502561965 0.0779105988
0.2312851289 0.5190850574
0.0041033166 0.9359458292
0.0081441739 0.9097568996
0.7617146901 0.1272394036
0.8868494921 0.0582748820
0.2068251568 0.5452210675
0.9115257948 0.0452628977
0.0981730413 0.6866756155
0.0326510231 0.8193055072
0.3241111000 0.4306931013
0.8699265750 0.0673019112
0.5889721309 0.2325551775
0.7821863222 0.1155875292
0.3512803373 0.4073110406
0.6647788063 0.1846604046
0.9313884966 0.0349153407
0.0126223224 0.8876509611
0.8296575123 0.0891446608
0.5643337531 0.2487785377
0.2753376242 0.4752738032
0.7358835748 0.1421634613
0.6757613759 0.1779529529
0.1075120222 0.6721097538
0.6019106642 0.2241709935
0.0019552213 0.9557821403
0.4256284131 0.3475979809
0.9217483965 0.0399227185
0.8393895110 0.0838179732
1.0000000000 0.0000000018
0.5277264682 0.2735521593
0.6461372609 0.1961733666
0.0000000000 1.0000000033
0.4969571002 0.2950481595
0.6226058523 0.2109462315
0.7712476186 0.1217929541
0.6849916264 0.1723577925
0.0010319451 0.9678761011
0.3705100076 0.3913046697
0.1909966173 0.5629684047
0.4484467112 0.3303383626
0.0394923257 0.8012732412
0.1297253983 0.6398258802
0.2510033314 0.4989976755
0.9583436636 0.0210497149
0.2873916873 0.4639107491
0.5391578064 0.2657263428
0.1503884650 0.6122004859
0.2158367155 0.5354177000
0.5508907966 0.2577798212
0.0493667872 0.7778136231
0.0102388688 0.8988127071
0.4089750280 0.3604884477
0.1689552220 0.5889583718
0.6128506959 0.2171521903
0.3824203370 0.3815985653
0.0766485825 0.7231451985
0.0060699811 0.9220899194
0.3601727811 0.3998560351
0.0572966785 0.7606327564
0.5142183494 0.2829098058
0.6352072108 0.2030011243
0.0215687106 0.8531371053
0.7219003733 0.1503527965
0.1590016893 0.6012498434
0.4882143697 0.3012766162
