0.0124310168 0.8887996788
0.3401245833 0.4168270382
0.5137015658 0.2832827203
0.0852361213 0.7080635307
0.1186431448 0.6555643359
0.6639570332 0.1851728905
0.9860659970 0.0069972070
0.5532441127 0.2562058074
0.0485281573 0.7797211984
0.4496633264 0.3294366335
0.4854306036 0.3032753598
0.5742566556 0.2422059399
0.1922893050 0.5614954404
0.9755993429 0.0122782735
0.1617623964 0.5978052008
0.2646681595 0.4855440910
0.5269469707 0.2740908139
0.0012534445 0.9645999402
0.3594926800 0.4004267194
0.4962562116 0.2955472997
0.2897985218 0.4616721024
0.4628043744 0.3197038772
0.8078414221 0.1012003396
0.7021086848 0.1620811214
0.6519049884 0.1925938145
0.9123210002 0.0448453097
0.0065711194 0.9189379755
0.2394093502 0.5107055005
0.1801392023 0.5755721965
0.0613002033 0.7524114054
0.5408764748 0.2645571050
0.2063723679 0.5457178454
0.0005309215 0.9769584446
0.1106780945 0.6673169268
0.0040212383 0.9365868711
0.1331942691 0.6350421717
0.3260643314 0.4289795855
0.5631797932 0.2495469522
0.7676530224 0.1238419031
0.1714161836 0.5859756325
0.3497254835 0.4086240815
0.7974056235 0.1070242930
0.0172261180 0.8687516998
1.0000000000 0.0000000016
0.0000000000 1.0000000026
0.9353183407 0.0328814254
0.4402979635 0.3364504838
0.7833556964 0.1149261651
0.0533599307 0.7690023174
0.1256588779 0.6455160426
0.0091229968 0.9044856229
0.1412954425 0.6241071422
0.7394871921 0.1400655903
0.0217257303 0.8526034959
0.9233348951 0.0390968353
0.6180525597 0.2138368130
0.2174918347 0.5336398040
0.0026617458 0.9484078935
0.0366442364 0.8085731596
0.8697814419 0.0673792632
0.0273611722 0.8345878747
0.9631339917 0.0186060992
0.6281222715 0.2074583491
0.7179855300 0.1526597337
0.1511449270 0.6112263834
0.0312432939 0.8232422765
0.6395461117 0.2002837325
0.6080789163 0.2202058520
0.4747383176 0.3109874350
0.0766494467 0.7231436381
0.4300772328 0.3441972629
0.7556533578 0.1307167581
0.9521279668 0.0242295539
0.7292162624 0.1460583982
0.2783693075 0.4723928498
0.6895263439 0.1696227720
0.3920747197 0.3738413005
0.3085614372 0.4445169358
0.0695828381 0.7362144116
0.8487574300 0.0787196807
0.5948033493 0.2287650512
0.2991139942 0.4530868519
0.0427282741 0.7932918170
0.1040427265 0.6774434549
0.8934415061 0.0547796538
0.5849219791 0.2351980805
0.3707461495 0.3911107270
0.8819740965 0.0608652422
0.4013937006 0.3664436111
0.4201847264 0.3517834285
0.0975784791 0.6876244609
0.3802085757 0.3833894479
0.4106504293 0.3591798798
0.8267769739 0.0907272298
0.8591932900 0.0730732031
0.2303695424 0.5200317301
0.6743888981 0.1787881546
0.0914485589 0.6975953750
0.2502673734 0.4997327005
0.3172866632 0.4367179564
