0.8713539724 0.2407838686
0.6818737607 0.5350683843
0.4788480539 0.7707214633
0.7391377627 0.4536954646
0.6415257499 0.5884522145
0.8067764941 0.3491227933
0.4571389497 0.7910278262
0.4671551363 0.7817721399
0.5841014455 0.6588292054
0.7903183277 0.3754002766
0.3603928925 0.8701191735
0.9424135079 0.1118587992
0.9591887450 0.0799604867
0.8994106993 0.1910631630
0.0330354684 0.9989099568
0.6745575816 0.5449729028
0.0981382279 0.9903696358
0.7226825712 0.4777303656
0.6927803523 0.5200559607
0.6053284602 0.6335781739
0.9767615979 0.0459375544
0.5079281228 0.7420093901
0.9910460701 0.0178282343
0.7819434205 0.3885646882
0.6637779848 0.5593988942
0.6540405750 0.5722310010
0.5651221823 0.6806370415
0.9353590381 0.1251035033
0.5763742460 0.6677927489
0.1432393216 0.9794825017
0.7748147608 0.3996620937
0.9128976199 0.1666179412
0.6136880999 0.6233869211
0.9274303550 0.1398729429
0.8285767528 0.3134605708
0.4206217162 0.8230773746
0.4475113325 0.7997336101
0.3314461927 0.8901434237
0.0000000000 1.0000000008
1.0000000000 0.0000000016
0.5978466310 0.6425794068
0.3088002353 0.9046424156
0.9514369637 0.0947677057
0.0142344113 0.9997973823
0.8493716252 0.2785678436
0.1606402936 0.9741946969
0.5489352162 0.6986701294
0.8427883265 0.2897078380
0.7629635771 0.4178865812
0.4996916908 0.7503082151
0.2989058003 0.9106553234
0.4023521442 0.8381127529
0.8824095705 0.2213533512
0.9708737058 0.0574042488
0.3211216755 0.8968808703
0.7028559436 0.5059935236
0.7990785290 0.3614735057
0.7539602396 0.4315439583
0.3734688229 0.8605210392
0.4117164640 0.8304895542
0.9051030359 0.1807884957
0.0721438372 0.9947952675
0.5409802126 0.7073404106
0.2415929326 0.9416328557
0.0459047868 0.9978927513
0.4346079774 0.8111159069
0.3440157237 0.8816531827
0.6338710988 0.5982074312
0.1136507255 0.9870835134
0.0845823674 0.9928458239
0.7315019031 0.4649049669
0.1309899936 0.9828416224
0.8884600514 0.2106387385
0.8360770383 0.3009751873
0.9213441401 0.1511249769
0.9650216654 0.0687331867
0.9830384796 0.0336353491
0.2066891670 0.9572795890
0.8623838157 0.2562941557
0.1837596507 0.9662323915
0.7459744865 0.4435220666
0.1947656393 0.9620663465
0.5269534421 0.7223200708
0.8553709079 0.2683406113
0.2557025088 0.9346162278
0.1721970160 0.9703481885
0.8210043287 0.3259518935
0.3926064707 0.8458601600
0.0595207931 0.9964572759
0.2279266082 0.9480494621
0.2664412270 0.9290090734
0.7139019838 0.4903439586
0.2888014358 0.9165937315
0.5567335674 0.6900477359
0.3827710462 0.8534863271
0.4879816714 0.7618738893
0.5170645809 0.7326442202
0.8145164242 0.3365629960
0.6210679837 0.6142745607
0.2173517330 0.9527582250
