0.6223951797 -0.1879262712
0.4267116140 0.0320968314
0.8299621519 -0.5794755317
0.8288759154 -0.5612137583
0.2286370420 0.3454504897
0.8411037200 -0.7240965410
0.4341767326 -0.0387858171
0.4141926245 0.1795778895
0.2231983389 0.3809432527
0.2068126100 0.5035247937
0.6380959295 -0.3912932176
0.8391431442 -0.7055415333
0.6323226289 -0.3312271634
0.6242444277 -0.2197728720
0.6297801896 -0.2995764284
0.8328041995 -0.6262192602
0.6209686957 -0.1678428463
0.6362538759 -0.3751678969
0.4249419426 0.0482909391
0.4302542988 -0.0059291538
0.2084062791 0.4892173856
0.8343700574 -0.6491331541
0.4516988899 -0.1230994195
0.6193019051 -0.1398697538
0.2486370192 0.2529775565
0.8260239670 -0.5114174671
0.0196724061 0.8483656350
0.2211620859 0.3932982708
0.4319175951 -0.0212668827
0.0138560719 0.8764600845
0.0311579477 0.7976480254
0.0601592324 0.6976137559
0.4204726091 0.0994010554
0.6412607484 -0.4180224194
0.0113942581 0.8892710242
0.2113545820 0.4664665595
0.6436690280 -0.4332650803
0.2254888163 0.3632729270
0.1889582294 0.6295539267
0.8271362045 -0.5322431829
0.8245318364 -0.4824286593
0.1929618992 0.6030486995
0.6184150758 -0.1245355558
0.8424481713 -0.7366985790
0.4281764005 0.0142259249
0.1859885459 0.6479873981
0.0270765231 0.8150985157
0.0170379928 0.8607805312
0.2444361958 0.2648838474
0.8378789957 -0.6932190993
0.4462852931 -0.1112954102
0.0008461631 0.9708888944
0.6393799072 -0.4037345035
0.4123170915 0.2022854661
0.0231672416 0.8323804473
0.4183987089 0.1245661904
0.8234578098 -0.4608353101
0.2159781395 0.4313474038
0.4392449393 -0.0771652479
0.0703168738 0.6783535352
0.6339614010 -0.3513907505
0.0081491812 0.9076636372
0.8306547027 -0.5933158038
0.6232553930 -0.2053691498
0.1828048519 0.6664613193
0.4232209966 0.0673672440
0.2142115109 0.4446773901
0.6464282791 -0.4463706367
0.2026144181 0.5332499934
0.2333596000 0.3147353733
0.8451827371 -0.7548606085
0.4416009409 -0.0908474573
0.2183918245 0.4133948168
0.4219762343 0.0816680800
0.8364303211 -0.6761356845
0.6524912534 -0.4582631890
0.6250782037 -0.2337004899
0.4365640614 -0.0589766135
0.6270751006 -0.2632338055
0.2402409665 0.2808179955
0.4155024104 0.1609514648
0.0000000000 1.0000000019
0.0826707286 0.6696581767
0.0480855204 0.7327173197
0.4108777632 0.2213082338
0.0029403970 0.9455033405
0.1996053015 0.5557029171
0.1911618969 0.6151774643
0.2045802837 0.5183581178
0.2579600037 0.2421662437
0.1962488086 0.5800740868
0.0555729514 0.7095374512
0.0017341780 0.9582621066
0.0346363248 0.7832121092
0.0001954383 0.9860188788
0.0062307894 0.9198527749
0.0382619821 0.7687034880
0.0045033400 0.9322580791
0.0447286130 0.7443919322
0.0516780462 0.7210656907
