0.4187012849 0.1293913526
0.6216729021 -0.1716381984
0.8280546040 -0.5425154412
0.4109288401 0.2287173562
0.4273881595 0.0285221605
0.8246016419 -0.4783786442
0.2082377741 0.4975620743
0.4350893922 -0.0415817898
0.4286145854 0.0161952345
0.1993188456 0.5648831606
0.8264824542 -0.5151527999
0.8410790790 -0.7205555033
0.4214686475 0.0936226825
0.6295536090 -0.2922527884
0.6187710931 -0.1254924177
0.6199835936 -0.1462951820
0.6334986919 -0.3418965144
0.6246866379 -0.2253458717
0.4235805114 0.0655060451
0.0133409182 0.8794018296
0.6358032149 -0.3707651556
0.6303799332 -0.3068573317
0.8453778306 -0.7559177713
0.2386816152 0.2877060086
0.6522674286 -0.4582364465
0.4390223077 -0.0757477421
0.0386030216 0.7673828511
0.6230550620 -0.2002071788
0.6416428985 -0.4206734374
0.1906575882 0.6185198230
0.8305787749 -0.5920734501
0.0192377063 0.8503738474
0.0094136608 0.9002376059
0.8288307742 -0.5625935570
0.8345829734 -0.6521425041
0.1846069306 0.6561789174
0.2033279589 0.5278637417
0.0634101900 0.6906574230
0.4361654541 -0.0557838942
0.2001170347 0.5522798185
0.0266134940 0.8171175821
0.0694752372 0.6795493347
0.6271427649 -0.2642035447
0.2343195559 0.3094770469
0.4450707763 -0.1067507887
0.0058159928 0.9226818746
0.2051930003 0.5136914442
0.4117917867 0.2092084762
0.4130653669 0.1925364103
0.0423926164 0.7529198343
0.2226031831 0.3830755340
0.6346633937 -0.3590675351
0.4166514438 0.1463621907
0.8378838408 -0.6932734104
0.0466688160 0.7375576428
0.2122416498 0.4596764194
0.6280597461 -0.2771806731
0.8391492988 -0.7069143426
0.4156336801 0.1592757522
0.8327670228 -0.6262330721
0.4321875279 -0.0236746516
0.6384199321 -0.3956481429
0.8490144873 -0.7700272104
0.1950466678 0.5885890138
0.4500644277 -0.1209316926
0.8361911335 -0.6731672480
0.0827113847 0.6696569717
0.2017990900 0.5393800400
0.1968358999 0.5758721380
0.4412974697 -0.0892093910
0.0579722627 0.7030623399
0.6237839534 -0.2137132270
0.0015740930 0.9602480809
0.6316094476 -0.3238315431
0.0296151217 0.8041626765
0.4143028240 0.1763765636
0.2435844352 0.2678036748
0.8421876081 -0.7346567745
0.2104580065 0.4733347162
0.2138991317 0.4470476530
0.2266553811 0.3555326449
0.6443107870 -0.4367365718
0.4221746214 0.0793657119
0.4252547820 0.0447866357
0.0335696518 0.7875838043
0.2567466762 0.2422970749
0.1889059412 0.6298814361
0.2167642532 0.4254633909
0.0169225672 0.8613344080
0.2089431702 0.4849620261
0.0224481639 0.8356218016
0.4292643398 0.0034587768
0.2206616070 0.3968698101
0.2247584975 0.3681950854
0.2301582711 0.3333795595
0.2323490979 0.3204415534
0.0000000000 1.0000000016
0.0530678343 0.7168138791
0.0002801069 0.9832611426
0.0030728742 0.9442703044
