0.8307467998 -0.5818350232
0.8442622553 -0.7390153835
0.8421922012 -0.7262282713
0.8468003407 -0.7526444625
0.8364567608 -0.6740644208
0.6205467811 -0.1554763823
0.4132106289 0.1919466443
0.4194584224 0.1129214629
0.4300383755 -0.0024497028
0.6312121496 -0.3178443276
0.1831362373 0.6666349526
0.2118518783 0.4631452682
0.6449315428 -0.4393001275
0.6402699241 -0.4104677268
0.4456416194 -0.1087221328
0.6427615876 -0.4273058177
0.6224589841 -0.1923051856
0.4283272599 0.0132017706
0.6184440346 -0.1247254436
0.4246300950 0.0522449977
0.6495987971 -0.4552218553
0.4179015395 0.1308905332
0.2390950970 0.2860595945
0.2141005629 0.4457576893
0.2283099710 0.3451049190
0.6338818465 -0.3503848773
0.2018159806 0.5394184772
0.2318788501 0.3233164562
0.2090081280 0.4845425228
0.8375245733 -0.6890774557
0.8397908523 -0.7132656485
0.4260516240 0.0363177740
0.2036552963 0.5254847863
0.6191879994 -0.1378531928
0.2471309669 0.2568445462
0.1975791407 0.5705726699
0.1887110600 0.6311999294
0.4515007947 -0.1228987934
0.8323178420 -0.6194413744
0.6323904645 -0.3332636142
0.8285784450 -0.5581537147
0.1954443838 0.5858122421
0.8487315799 -0.7693098356
0.4159338418 0.1554665485
0.4140779571 0.1793074043
0.4225337696 0.0752408028
0.8346416625 -0.6529297757
0.6283513356 -0.2812121480
0.0158967437 0.8663298630
0.2263065605 0.3578415516
0.2161192607 0.4303009847
0.1853850429 0.6516071780
0.4108641161 0.2215060806
0.0397650032 0.7628696870
0.0004886739 0.9778946632
0.2363120863 0.2990867360
0.2187469828 0.4107872246
0.8261913170 -0.5146048357
0.4212333742 0.0903676159
0.6211268508 -0.1707587052
0.2244543184 0.3702669641
0.2070699810 0.4993377693
0.2204139455 0.3986552870
0.6246826011 -0.2276574292
0.2434442551 0.2683013559
0.6356151912 -0.3690618519
0.8237391689 -0.4665485500
0.0080254876 0.9084153405
0.0540124811 0.7140117223
0.4382220681 -0.0705455433
0.6382369642 -0.3940465945
0.0052333910 0.9268026632
0.2339561891 0.3114489788
0.0354234364 0.7800166365
0.6258399664 -0.2451578182
0.4352014252 -0.0487071722
0.4415768546 -0.0907182930
0.6267926427 -0.2591559897
0.2226821560 0.3825213694
0.0707100477 0.6778224950
0.4093956145 0.2410651300
0.4117475626 0.2097910517
0.0632647063 0.6906248875
0.1921650984 0.6084572440
0.4324431994 -0.0259186724
0.0127274861 0.8822294358
0.2580511678 0.2421721847
0.0501759782 0.7258249317
0.0014545742 0.9617947184
0.0229998577 0.8331329857
0.0811989272 0.6698257815
0.0189276602 0.8518188628
0.0101739536 0.8959372393
0.0428413611 0.7512559528
0.0026642163 0.9481612253
0.0307313812 0.7994256665
0.0258946429 0.8202642710
0.0000000000 1.0000000026
0.0584651557 0.7017944589
0.0467829384 0.7371621543
