0.0000003961 0.0000012048 27.0906374561
0.0622064870 24.8237578015 0.1251625493
0.0023730940 30.3367114457 0.0496092132
18.6925005142 0.1256210043 0.0005276726
0.0012491218 0.0166448770 16.9370040869
12.0169673465 2.2353660081 0.0210943580
0.8963961691 17.6043758784 0.0010471636
10.1708559709 6.7935614577 0.0211126594
1.2885917244 13.3769086325 0.1296675656
0.1583257159 0.0450771136 12.7517551996
6.4093145957 0.0159640506 12.3289738856
0.0051674914 0.0589913834 16.8060745396
0.0577584762 0.0022607312 14.8231797307
0.0621951032 0.0009848311 12.8917957043
0.1465103290 0.2603803457 8.5768895181
9.2057262057 0.1862066320 8.2001095418
5.4086603841 7.5366906284 0.1220535715
0.0295305772 0.0738608477 12.3181639135
0.0622056263 24.8234143104 0.1442007595
0.0621979393 24.8240567628 0.1442044914
0.0470177007 11.8179380343 5.8510152094
0.0030528825 0.0021482055 17.0824728760
12.4768300084 0.0220906105 1.6508159482
17.5631213147 1.1666687018 0.0137187964
11.0599210652 0.0070429853 6.4012956193
16.5087966723 0.0798025400 0.3594636858
0.0107079736 14.5562821633 1.5882720579
13.1227669974 7.6099593833 0.0000497100
2.1127809783 9.0327865405 0.1220534036
4.4529104358 7.2501612907 3.2240841875
8.7121858232 0.0216999452 10.8252516610
8.6915426547 0.0216485280 10.8418330485
6.4093080022 0.0184219908 12.3289738856
3.8079508776 0.0361055890 12.0191359736
0.6071681692 0.1380056716 10.6139081417
12.3429483758 0.7120921839 1.5813459598
0.0121059372 0.0060001880 13.7333922326
5.4482037066 0.0000130075 14.5582306516
5.3305309065 0.0000296953 14.7921488879
10.2790175051 0.1164379428 7.3220344252
4.9674348546 3.0867965085 7.1391687897
13.1518067920 1.0410662181 0.0217434714
6.3925216372 11.4261690114 0.0215784347
13.7238479838 0.8017252620 1.3258919241
11.3016507209 5.2012292374 0.3589673273
6.3006003669 2.3004291503 5.8345412654
1.2886017439 13.3769076673 0.1296675656
0.9030598142 17.6023256206 0.0010470622
2.6257048100 17.4287509929 0.0010470593
2.8393846907 17.3952172019 0.0010470593
2.8376931454 17.3955075254 0.0010470601
1.1190498637 17.5911268866 0.0010471340
14.2927470425 8.2884546492 0.0000015469
14.2322661182 8.4884432070 0.0000046546
13.1456523606 1.0405790477 0.3455039246
13.1456524251 1.0405790528 0.3455014553
13.1455957517 1.0405745667 0.3455197334
13.1109728343 1.1998836757 0.3449694970
11.3828793880 4.8348348511 0.9860579539
9.2061590138 0.1861050127 8.2004930835
1.8022945017 3.2030647165 8.0665744168
8.0668772668 2.9492641432 2.8770083174
11.5185104109 4.7950338363 1.6507982202
11.5479091815 4.8124690877 1.3437942758
11.5496348978 4.8079906304 1.3449937044
10.9305287495 5.1908882652 1.2809697758
11.9912957889 2.3831939564 0.0210990465
0.1583268642 0.0450774405 12.7517551842
0.2335752318 0.0665015214 12.7504308397
0.0110169691 12.0996388707 5.9904392728
0.0130381611 12.0914062715 5.9863192680
11.0590018452 0.1427647038 6.4012956193
11.0589902467 0.1427645541 6.4013773788
7.9897067524 1.1913615715 4.4163259335
1.3954571349 0.0132312111 12.5796795684
0.8608799523 0.1960200631 10.5950606364
0.8608799431 0.1960201034 10.5950606364
1.8022602188 3.2030037885 8.0666771988
1.9618965710 3.1180926294 8.0858142317
1.9616706523 3.1177335709 8.0869219614
1.9665276797 3.1148217013 8.0871993933
1.9400058846 3.0728133107 8.1096750733
1.9463491410 3.0835153742 8.1040910797
1.9099894852 3.1098159351 8.1026921011
3.4682204821 5.6469040304 6.2346668546
3.4903001015 5.6828537321 6.1976588804
3.4900276791 5.6830210397 6.1976588804
3.7948573269 6.1793934074 5.5371497626
3.5109660642 6.4017115268 5.5750820949
4.2809281633 7.8053973387 2.3628008249
4.2826660713 7.8085660586 2.3491421248
4.2791801818 7.8022102519 2.3764539651
1.4461912648 6.1936205318 6.5298168601
1.2937092397 5.5405839492 7.1218570224
1.3134828196 5.6252684947 7.0515047179
5.0223513821 2.7890463871 7.0127063393
1.5790783500 5.5231194218 7.0122328389
1.7542557413 6.1358348403 6.3929833415
1.6030863238 6.1768067140 6.3927435211
6.2971273727 2.2990755901 5.8358172525
