0.6916558889 0.0000000019
0.0000046957 0.3869947869
0.0000570146 0.0001223385
0.0501718652 0.0000004768
0.6926978051 0.0000000037
0.1877714043 0.0000095395
0.1875023862 0.0001220703
0.1946857471 0.0000000466
0.1986063488 0.0000076313
0.1907891307 0.0000005905
0.1917364320 0.0000629425
0.1917366704 0.0000629425
0.2033279382 0.0000002999
0.2044319866 0.0000629444
0.6888069871 0.0000629444
0.6888074639 0.0000629444
0.6887998345 0.0000630636
0.6892702586 0.0000326782
0.2074892653 0.0000004917
0.2074587477 0.0000004917
0.1976967139 0.0000000447
0.1898842139 0.0000000447
0.1879310889 0.0000000447
0.1879616065 0.0000000447
0.5418953221 0.0000007246
0.2029627452 0.0000000019
0.2031443549 0.0000002999
0.2050974799 0.0000002999
0.2058770798 0.0000000000
0.2094118727 0.0000004917
0.1940901738 0.0000000019
0.1943347903 0.0000001360
0.2024095992 0.0000000019
0.1875653408 0.0000000000
0.2004564891 0.0000000019
0.6921441701 0.0000000019
0.6907938492 0.0000076313
0.6915481218 0.0000000019
0.6944778093 0.0000000019
0.1902520798 0.0000000000
0.2078302048 0.0000000000
0.2078321122 0.0000000000
0.2077691697 0.0000000019
0.1921441697 0.0000000019
0.6887088415 0.0000155587
0.6877322790 0.0000155587
0.2073385848 0.0000004917
0.2129099809 0.0000002999
0.2074606551 0.0000004917
0.2074911727 0.0000004917
0.2074912025 0.0000004917
0.2074892951 0.0000004917
0.1937868727 0.0000004917
0.1898806227 0.0000004917
0.1898803843 0.0000004917
0.1976928843 0.0000000447
0.1976966990 0.0000000447
0.1977119727 0.0000000447
0.1880536221 0.0000000000
0.1880538605 0.0000000000
0.1900069855 0.0000000000
0.1900065087 0.0000000000
0.1900079392 0.0000000000
0.2039239548 0.0000000000
0.6917779573 0.0000000019
0.6917770036 0.0000000019
0.6917922624 0.0000000019
0.6936927658 0.0000000019
0.6897865307 0.0000000019
0.6889874318 0.0000000056
0.6890179493 0.0000000652
0.6890789845 0.0000002999
0.6890789864 0.0000002999
0.6885907051 0.0000002999
0.6885905859 0.0000002999
0.6885867712 0.0000002999
0.2033274613 0.0000002999
0.2129101001 0.0000002999
0.6936927956 0.0000000019
0.6936927807 0.0000000019
0.1908548765 0.0000076313
0.6898170483 0.0000000019
0.1986063451 0.0000076313
0.1986063525 0.0000076313
0.1986063674 0.0000076313
0.1985348651 0.0000019092
0.1986674957 0.0000076313
0.1986673765 0.0000076313
0.2024096141 0.0000000019
0.2004603038 0.0000000019
0.2005213389 0.0000000019
0.2010096202 0.0000000019
0.2010086665 0.0000000019
0.2007640490 0.0000000019
0.1940906506 0.0000000019
0.1945709271 0.0000000000
0.1985347459 0.0000019092
0.1985347757 0.0000019092
0.1985347608 0.0000019092
0.0482817404 0.0000057258
