0.0003271205 1.0024480782
0.5233085440 0.3233048684
0.3756701549 0.4833225366
0.5241397904 0.3114515039
0.5190341328 0.3893363529
0.1775976393 0.8973274194
0.0436450476 0.9545720036
0.0498896111 0.9500091595
0.1964441204 0.7844491311
0.0525778337 0.9490865711
0.0509856986 0.9495289901
0.0445825169 0.9536989675
0.6836442851 0.1243946586
0.0449646879 0.9533618553
0.0452088286 0.9531510848
0.0452696244 0.9530980762
0.0452696234 0.9530992715
0.0453917245 0.9529948002
0.0452696542 0.9530979762
0.0452698926 0.9530977735
0.0445834706 0.9536981104
0.0445682118 0.9537119806
0.0433177213 0.9548897474
0.0433177064 0.9549661898
0.0433177054 0.9549661907
0.0422816743 0.9560183986
0.0445682109 0.9537119814
0.3757311752 0.4832493965
0.3752428939 0.4839773591
0.0433172286 0.9549666595
0.0433172435 0.9549666448
0.0430731029 0.9552097656
0.0430425853 0.9552402722
0.0435229773 0.9546899104
0.0433978737 0.9548115183
0.0445686887 0.9537115516
0.0445705960 0.9537098356
0.0445705951 0.9537098365
0.0445705653 0.9537098633
0.0544287889 0.9488641742
0.0445705662 0.9537098625
0.5442147893 0.1621255977
0.5244933567 0.3065480474
0.3752429088 0.4839773137
0.5349064027 0.1970319208
0.5347978096 0.1971251490
0.5333500081 0.2090733871
0.5333347493 0.2091988492
0.5343095283 0.2007250149
0.5347983460 0.1971212873
0.5338226776 0.2044823207
0.5340668182 0.2025772670
0.0434035976 0.9548058562
0.5435421723 0.1623793462
0.5429821113 0.1628821389
0.5436620950 0.1623077640
0.0445704470 0.9537099697
0.7069153811 -0.2056313985
0.2053674694 0.7537406575
0.3751208385 0.4841791389
0.3756014904 0.4834303226
0.3755862316 0.4834522029
0.3755871853 0.4834501517
0.1880871851 0.8287242549
0.1880862314 0.8287299775
0.1875979502 0.8316763240
0.1875979492 0.8316763297
0.3754525412 0.4836431177
0.1875979567 0.8316762845
0.8757737352 -0.6423804640
0.3756701400 0.4833225574
0.0453916947 0.9529948253
0.5358344349 0.1899506457
0.0436468358 0.9545702837
0.0435234541 0.9546894479
0.0435234467 0.9546894551
0.0445704488 0.9537099680
0.0445704479 0.9537099689
0.0445704628 0.9537099555
0.0445704926 0.9537099286
0.0445628632 0.9537167939
0.6868458853 0.0555908288
0.0498896149 0.9500091577
0.5292223874 0.2479772573
0.0509857899 0.9495289555
0.0543677537 0.9488671558
0.1793677538 0.8858954871
0.0525778318 0.9490868704
0.0525778020 0.9490868772
0.0525758947 0.9490873146
0.0525976392 0.9490393154
0.0509857005 0.9495289894
0.5405839985 0.1676444181
0.5405534809 0.1677336373
0.0121478755 0.9944818822
0.0433978755 0.9548114511
0.0433997829 0.9548095859
0.0434016902 0.9548077210
0.0434036013 0.9548058526
0.0434188601 0.9547909432
