0.0458290559 0.0079355277
0.0537009771 0.0001297146
0.0505580148 0.0087896586
0.9997413978 0.0000020936
0.0455851537 0.0079355277
0.0458137971 0.0079355277
0.0454707127 0.0079355277
0.4383146832 0.0352863465
0.0274273232 0.0000632182
0.0454630834 0.0079355277
0.2368029945 0.0157830147
0.6646667604 0.0009768028
0.2598490829 0.0000021830
0.2598492021 0.0000002757
0.6646362428 0.0009768028
0.6646209840 0.0009777565
0.0155638717 0.0002751797
0.2372912757 0.0157830147
0.6607324627 0.0001220861
0.7522186234 0.0010388084
0.7522262528 0.0010388084
0.6646152620 0.0009777565
0.0455849152 0.0079355277
0.7558007815 0.0001223143
0.0396152614 0.0009777546
0.6343956475 0.0001237495
0.0439825142 0.0000019222
0.6343956326 0.0000016782
0.6343956307 0.0000016782
0.0444707955 0.0000019222
0.6343965844 0.0000016782
0.1813680624 0.0000032308
0.1813070273 0.0000032298
0.1813069081 0.0000032224
0.7553397471 0.0156579763
0.0396152316 0.0009777546
0.7553397620 0.0156579763
0.0444698418 0.0000019222
0.7553397694 0.0156579763
0.3757227812 0.0000627143
0.3757228408 0.0000627134
0.3757304702 0.0000627134
0.1181353918 0.0470281868
0.0396152167 0.0009777546
0.0398593573 0.0009777546
0.1381974734 0.0000005066
0.1191119543 0.0470281868
0.2625212756 0.0019533634
0.7558832762 0.0000023842
0.2625213054 0.0019533634
0.2622771349 0.0019533634
0.3428796887 0.0161602497
0.1311471938 0.0041592736
0.7492945620 0.0078144968
0.2622771936 0.0019533634
0.1274430315 0.0156402588
0.2649790321 0.0156627447
0.6607629803 0.0001220861
0.6607553509 0.0001220861
0.6606943157 0.0001220861
0.9870327739 0.0162813971
0.0444698716 0.0000019222
0.4560486334 0.0157824177
0.2213580787 0.0002453942
0.0719061653 0.0000615586
0.0717840950 0.0000615586
0.0232017236 0.0323526953
0.3529847240 0.0000154991
0.7546142254 0.0000038147
0.5464711558 0.0089118481
0.2196158508 0.0005036602
0.0717831413 0.0000615586
0.7522872880 0.0010388047
0.7561935380 0.0010388047
0.0717831488 0.0000005234
0.1490164792 0.0010452345
0.1529227292 0.0010452345
0.1524344516 0.0000686720
0.0614082795 0.0079355277
0.7559493973 0.0010388065
0.2623992639 0.0019533634
0.7559493936 0.0010388065
0.5552232885 0.0010614404
0.0746019409 0.0020756871
0.2558823221 0.0001244992
0.2624145227 0.0019533634
0.2624145236 0.0001223087
0.2313444943 0.0313115651
0.2311618656 0.0313115577
0.0804665825 0.0014701895
0.0395982881 0.0000848779
0.0759461178 0.0002446361
0.6555407361 0.0078125298
0.7553388157 0.0156579763
0.4172509168 0.0040589571
0.6506212788 0.0009851456
0.5708853785 0.0009772815
0.6828994897 0.0005518207
0.7330958934 0.0001231804
0.9870328037 0.0162813962
