0.1848620357 0.9999999534
0.1842397572 0.9999999587
1.0000000000 0.0000000001
0.1844134063 0.9999999582
0.1822499112 0.9999999596
0.1844133856 0.9999999582
0.1844147338 0.9999999582
0.1844027930 0.9999999583
0.1840488904 0.9999999591
0.1840488107 0.9999999591
0.9993871945 0.0061613941
0.9221516841 0.5553497636
0.1840500871 0.9999999591
0.7561487559 0.9404083602
0.1803479951 0.9999999636
0.9993809534 0.0061732758
0.9508114960 0.3973307647
0.4665683476 0.9995112095
0.9979202768 0.0208018442
0.9979202788 0.0208018242
0.6882146374 0.9761637292
0.9999104960 0.0008947168
0.9914438692 0.0824845149
0.7026832008 0.9706510085
0.9940016118 0.0583903812
0.3256651306 0.9999865812
0.1840693254 0.9999999591
0.9997343353 0.0026534731
0.8000172353 0.8926026825
0.7901207542 0.9051724137
0.2471785991 0.9999991486
0.4637087237 0.9995403231
0.8091920451 0.8796306134
0.6779657306 0.9797572703
0.9544908562 0.3723893577
0.9932953253 0.0652035835
0.9999006296 0.0009932598
0.5006528908 0.9990272353
0.9998035785 0.0019624989
0.2853543431 0.9999964222
0.9516369327 0.3908722860
0.9382973695 0.4726475741
0.2852632629 0.9999964336
0.5599880608 0.9969703816
0.6122269533 0.9926711084
0.7227351455 0.9612018187
0.7230707428 0.9610209828
0.7230681211 0.9610223984
0.8973879254 0.6613101376
0.9336505081 0.4966938139
0.9326714109 0.5019343689
0.9344714695 0.4922506563
0.9516362056 0.3908847498
0.9933011057 0.0651491809
0.9989403783 0.0105461037
0.9989404016 0.0105456213
0.8717153924 0.7466347427
0.9462104944 0.4247223062
0.7085317655 0.9681144993
0.9999270062 0.0007706367
0.9999999794 0.0000002068
0.9999306366 0.0006940225
0.9997707569 0.0022938098
0.8347217143 0.8357833785
0.9924343061 0.0732752852
0.5038786016 0.9989488347
0.9356970869 0.4855397284
0.9955270728 0.0438397522
0.9516669440 0.3906738118
0.9932096786 0.0660093100
0.5006843338 0.9990266138
0.8583569442 0.7828903578
0.9326710360 0.5019363711
0.9374568993 0.4757875661
0.4500842648 0.9996598171
0.9172657377 0.5783789560
0.9929704006 0.0681594835
0.9502434295 0.3997559047
0.9502434304 0.3997558994
0.9999997091 0.0000029093
0.9498155039 0.4025227429
0.9379664538 0.4730123684
0.9893303714 0.1019018420
0.9998165862 0.0018707457
0.9669324745 0.2855670724
0.9999900057 0.0000999381
0.8897318326 0.6891210697
0.8897320262 0.6891203933
0.8897351272 0.6891095579
0.8899465742 0.6883699310
0.8899465708 0.6883699429
0.8899395768 0.6883944327
0.8899378322 0.6884005413
0.9999966182 0.0000338178
0.9999966182 0.0000338178
0.9932445450 0.0655374840
0.9867834421 0.1251181773
0.9852654186 0.1380837470
0.9356970786 0.4855709848
0.8163327413 0.8685767728
