0.5838676883 0.9895948721 0.4999975651 0.5012004678 0.4001095094 0.5000535785 0.6016243758 0.2997198424 0.7002782064 0.6996534557 0.6015626477 0.3997346455
0.9999282015 0.2457586464 0.4999799705 0.5002524895 0.8061106073 0.5002902956 0.5999922255 0.4000498358 0.4065552898 0.6870358975 0.5988268560 0.3983411634
0.8584597100 0.8964544040 0.4996931241 0.5002983012 0.4000730891 0.5000203163 0.6015784429 0.3001242627 0.6996448987 0.7016235606 0.6017001947 0.3999863289
0.9974969169 0.6878847803 0.4988565803 0.5001857369 0.3999829007 0.5000111558 0.6015673891 0.2997811784 0.7002037938 0.6996648486 0.6018068433 0.4006060533
0.9937301967 0.9589421907 0.4989947644 0.5009772242 0.4007415989 0.5042510270 0.6015781067 0.2999284633 0.5937255263 0.6991319328 0.6019149056 0.4013798511
0.9836238641 0.9987000413 0.4999617222 0.5014963276 0.3991526257 0.5000030450 0.3125154472 0.3031537079 0.5932074577 0.5911838446 0.6002209630 0.4032039776
0.9999774704 0.9830750413 0.4999617222 0.5014963276 0.3991526257 0.5000030450 0.3125154379 0.3031537079 0.5922461241 0.5911838483 0.6002209630 0.4032042161
0.9987616977 0.0006975234 0.4998010672 0.5000078348 0.4004691703 0.5010315436 0.6018078826 0.2998367951 0.5937264726 0.6991941013 0.6017690158 0.4024491845
0.9994624099 0.4483072520 0.4999688850 0.5000012922 0.4004345195 0.5009771767 0.6015626114 0.3003054953 0.5937191095 0.6990538935 0.6001496563 0.4005627217
0.6034408283 0.1015987891 0.4999974701 0.5009861686 0.3999091065 0.5002442705 0.6015706170 0.3003885861 0.6997177253 0.6991536521 0.6018069057 0.3995598428
0.9997382592 0.1296037735 0.4998010672 0.5000078348 0.4007445438 0.5010315436 0.6018069280 0.3027359650 0.5937264726 0.6991445103 0.6017699694 0.3985391198
0.0020474195 0.1820205647 0.4995114044 0.5000567776 0.3990939701 0.5020774319 0.6015956258 0.3001783838 0.6994595236 0.6999092127 0.6018128699 0.4002646603
0.0006729802 0.6053345712 0.4984371481 0.5003873524 0.4018967155 0.5002806964 0.6018772066 0.2999121680 0.5937169693 0.6990799091 0.6021993808 0.4004639894
0.0020474195 0.0570205646 0.4995114044 0.5000567776 0.3990939701 0.5020774319 0.6015956258 0.3001783838 0.6994595236 0.6999092127 0.6018130487 0.4002646603
0.7673357341 0.3814430194 0.4999991166 0.5010307138 0.3990145106 0.5000767051 0.6016241523 0.2992010436 0.7006444854 0.6996514291 0.6018077420 0.4002227964
0.0059536696 0.1820205945 0.4995114044 0.5000481945 0.3990939701 0.5001853420 0.6015956258 0.3001764764 0.6994595236 0.6999092127 0.6018128699 0.4002570458
0.1034408278 0.3515987893 0.4999974701 0.5000096061 0.3999091065 0.5002442929 0.6015706170 0.3003885861 0.6997177253 0.6991574659 0.6018069057 0.3995598428
0.8820189209 0.0010550516 0.4992658780 0.5002151388 0.4001006283 0.5000011488 0.6015932770 0.3027998799 0.5933827400 0.6972171755 0.5992376884 0.3991667194
0.9154474204 0.0000491049 0.4999949872 0.5042778715 0.4011218645 0.5003417949 0.3125022671 0.3008623517 0.5019550198 0.6873907816 0.6016851120 0.4008103417
0.6520584735 0.0000049844 0.4999952256 0.5041515115 0.4008940555 0.5000504474 0.3125019114 0.3012858707 0.5019547814 0.6874040996 0.6026926409 0.3994071292
0.9923026981 0.3527657859 0.4998434414 0.5000179508 0.4006297741 0.5009766878 0.6016302263 0.3001780820 0.5937118350 0.6990482236 0.6003857512 0.3988917725
0.9154396718 0.0000338275 0.4999952256 0.5041553243 0.4011219837 0.5000976543 0.3125020324 0.3008585352 0.5019550198 0.6873907518 0.6026921939 0.4008103417
0.6679276141 0.0000049844 0.4999952256 0.5041515115 0.4010304309 0.5000499706 0.3125019114 0.3007975903 0.5019547814 0.6874041033 0.6026926409 0.4008713769
0.6676834735 0.0000049844 0.4999952256 0.5041515115 0.4010304309 0.5000504474 0.3125019114 0.3007975894 0.5019547814 0.6874041033 0.6026926409 0.4008713769
0.6832474383 0.0000049621 0.4999951958 0.5039684060 0.4008899130 0.5000170670 0.3125019076 0.3012729961 0.5019547814 0.6874040996 0.6026926409 0.3994071292
0.6519974383 0.0000049770 0.4999951958 0.5041515115 0.4008900024 0.5000475845 0.3125019076 0.3012863475 0.5019585961 0.6874040996 0.6026926409 0.3994071292
0.9332321798 0.0000049695 0.4997510551 0.5039684060 0.4008899130 0.5000170670 0.8125019081 0.2934604960 0.5019547814 0.6874040996 0.6026926409 0.3994071292
0.8084763203 0.0000049695 0.4997510551 0.5039684060 0.4008900322 0.5000170670 0.8125019081 0.2934604960 0.5058610314 0.6874038611 0.6026926409 0.3994071292
0.7840784665 0.0000011586 0.4997510477 0.5039684060 0.4008822836 0.5019695950 0.8125019081 0.2935863960 0.6001068247 0.6874075864 0.6026926531 0.3994073713
0.7821253415 0.0000011586 0.4997205301 0.5039684060 0.4008825220 0.5019695950 0.8125019081 0.2935863960 0.6001068247 0.6874075864 0.6026926531 0.3992853010
0.2670688110 0.0000256235 0.4999589710 0.5005513853 0.4003957272 0.5000003190 0.3125305495 0.2967599447 0.5980622364 0.6873698790 0.6017277693 0.3993425345
0.0170688108 0.0000256235 0.4999589710 0.5005513853 0.4003957272 0.5000003190 0.3125305495 0.2967599447 0.5980622364 0.6873698790 0.6017277693 0.3993425345
0.0248813108 0.0000256235 0.4999589710 0.5005513853 0.4003957272 0.5000003190 0.3125305495 0.2967599447 0.5980624748 0.6873698790 0.6017277693 0.3993425345
0.9836238641 0.9982117601 0.4999617222 0.5014963276 0.3991526257 0.5000030450 0.3125154472 0.3031537079 0.5932074577 0.5911838446 0.6002209630 0.4032039776
0.9994930113 0.9357079453 0.4999607089 0.5017404682 0.3991526257 0.5009796065 0.3125764805 0.3031531715 0.5932074577 0.5911838520 0.6002209332 0.4027099744
0.9994930113 0.9361962266 0.4999607089 0.5017404682 0.3991526257 0.5009796065 0.3125764805 0.3031531715 0.5932074577 0.5911838520 0.6002209332 0.4027099744
0.9916499099 0.1964838227 0.4999688850 0.5000012922 0.4004345186 0.5009771767 0.6015630873 0.3003055177 0.5937114801 0.6990538935 0.6001191424 0.4005627505
0.9962089481 0.1027657856 0.4998434451 0.5000178912 0.4006297741 0.5009766878 0.6016302263 0.3040843320 0.5937118350 0.6990482236 0.6003857512 0.3988917725
0.2909408280 0.3515987893 0.4999631378 0.5000095465 0.3999091065 0.5002443525 0.6015706170 0.3003886159 0.6997177253 0.6991574659 0.6015627651 0.3998039834
0.0409408277 0.3515987893 0.4999631378 0.5000095465 0.3999091065 0.5002443525 0.6015706170 0.3003886159 0.6997177253 0.6991574659 0.6015627651 0.3995598428
0.7943654804 0.4805012247 0.4999662372 0.5009785402 0.3999081528 0.5002441737 0.6015707400 0.2983436997 0.7016708280 0.6991538859 0.6015671125 0.3997906171
0.7946096135 0.1055050391 0.4999659988 0.5009785392 0.3999081528 0.5002443525 0.6015707400 0.2984354909 0.7016708280 0.6991538859 0.6015670566 0.3997906171
0.7474816579 0.7035402979 0.4988642693 0.5001833527 0.4002270414 0.5000417032 0.6016284242 0.2997811784 0.7002228673 0.6996724780 0.6018225789 0.4006055765
0.4538827636 0.9288354404 0.4988984796 0.5002524410 0.3999734338 0.5002441430 0.6015631758 0.3005772571 0.7015172604 0.6992148112 0.6016281886 0.4003989942
0.9533868534 0.9132714755 0.4988832208 0.5000102078 0.3999772485 0.5041504237 0.6015855275 0.3005391101 0.7014543179 0.6991535376 0.6016281961 0.3991170324
0.9901911756 0.2572658390 0.4987458899 0.5003146534 0.4000339931 0.5012207092 0.6015626766 0.3005400890 0.7021019260 0.6990947227 0.6018742366 0.4003932498
0.9276911755 0.4135156008 0.4987458899 0.5003146534 0.4000339922 0.5012207092 0.6015626468 0.3005400880 0.7021019260 0.6990947227 0.6018742366 0.4003932498
0.8820189209 0.0011771219 0.4992658780 0.5002141851 0.4001006283 0.5000011488 0.6015932733 0.3027998799 0.5933827400 0.6972171755 0.5992376884 0.3991667194
0.8825072021 0.0011771219 0.4992658780 0.5002141851 0.4001006320 0.5000011488 0.6015932584 0.3027998799 0.5933827419 0.6972171457 0.5992376884 0.3991667232
0.8533178045 0.0098019140 0.4999364386 0.5000096061 0.3994209444 0.5002442705 0.6015631218 0.2999155655 0.6997177253 0.6982381239 0.6018374233 0.3995598428
0.9962089481 0.1032540669 0.4998472598 0.5000178912 0.4006297741 0.5009766878 0.6016302263 0.3040843320 0.5937118350 0.6990482236 0.6003857512 0.3988917725
0.9916499099 0.1963617524 0.4999688850 0.5000012922 0.4004345186 0.5009771767 0.6015630873 0.3003055177 0.5937114801 0.6990538935 0.6001191424 0.4005627505
0.9231725446 0.9756875522 0.4998521605 0.5009867703 0.3999920901 0.5041523301 0.6015859894 0.3005467470 0.7016697290 0.6991529946 0.6016281923 0.3991170324
0.0510864463 0.9878180157 0.4999216027 0.5009867563 0.4004792901 0.5000453652 0.6015988175 0.2990584097 0.6982315636 0.6986682002 0.6017847653 0.4000834817
0.8623942359 0.9943895908 0.4959993283 0.5045445948 0.4005265305 0.5019631558 0.6016540607 0.3003279160 0.5937168566 0.6990850984 0.5965553137 0.4005166352
0.8604411109 0.9943895908 0.4959993283 0.5045445948 0.4005265305 0.5019631595 0.6016540607 0.3003279160 0.5937168566 0.6990850388 0.5965247961 0.4005166352
0.8604401572 0.9943895908 0.4959993283 0.5045445948 0.4005265305 0.5019631595 0.6016540607 0.3003279160 0.5937168566 0.6990850388 0.5965247961 0.4005166352
0.9995132778 0.6933167136 0.4989947346 0.5048834817 0.4006223897 0.5042510270 0.6015781058 0.2999284633 0.5936644902 0.6991316943 0.6020369759 0.4033330059
0.9987616977 0.1256975235 0.4998010672 0.5000078348 0.4004691703 0.5010315436 0.6018069290 0.2998367951 0.5937264726 0.6992093601 0.6017690158 0.4024491845
0.9987617126 0.0006822646 0.4998010523 0.5000078348 0.4004691703 0.5010315436 0.6018078826 0.2998367951 0.5937264726 0.6991941013 0.6017690158 0.4024491845
0.9987607589 0.0045885146 0.4998010523 0.5000078348 0.4004691703 0.5010310668 0.6018097900 0.3003253148 0.5937269494 0.6992093601 0.6017690158 0.4024491854
0.9831357589 0.0045885146 0.4998010523 0.5000078348 0.4004691703 0.5010310668 0.6018097900 0.3003253148 0.5936659142 0.6992093601 0.6017690158 0.4024491854
0.9831357589 0.0041002333 0.4998010523 0.5000078348 0.4004691703 0.5010310668 0.6018097900 0.3003253148 0.5936640069 0.6992093452 0.6017690158 0.4024491854
0.9831357589 0.0041001141 0.4997934229 0.5000078348 0.4004691703 0.5010310668 0.6018097900 0.3003253148 0.5936640069 0.6992093452 0.6017690158 0.4024491854
0.4831357584 0.0040390808 0.4997934229 0.5000078348 0.4004691554 0.5011531371 0.6018097900 0.3003253148 0.5936640069 0.6992093452 0.6017690158 0.4024491854
0.4831510172 0.0045273621 0.4997934229 0.5000078348 0.4004691554 0.5011531371 0.6018097900 0.3003253185 0.5936792657 0.6992093452 0.6017690158 0.4024491854
0.6185410457 0.7072024073 0.4998408020 0.5001834086 0.4002232267 0.5000412264 0.6016246095 0.2997817744 0.7002076085 0.6996724789 0.6018272914 0.4008654602
0.0016495427 0.6053078683 0.4984371481 0.5003873524 0.4018967155 0.5002806964 0.6018772066 0.2999121680 0.5937169693 0.6990799091 0.6021993808 0.4004639894
0.0016495427 0.6052468332 0.4984371481 0.5003873524 0.4018967155 0.5002806964 0.6018772066 0.2999121680 0.5937169693 0.6990799091 0.6021993808 0.4004639894
0.0016495427 0.5427469523 0.4984371481 0.5003872332 0.4018967304 0.5002787882 0.6018772066 0.2999121680 0.5937474795 0.6990799091 0.6021984272 0.4004601747
0.4533715942 0.4288964751 0.4988984796 0.5002543484 0.3999772485 0.5002441439 0.6015779577 0.3005391101 0.7015172604 0.6992145727 0.6016281961 0.3990562357
0.3828114405 0.9968274832 0.4990061312 0.5000710818 0.3994008474 0.5000053183 0.6015669262 0.2997764147 0.6998920689 0.6957085418 0.6017002450 0.4006653814
0.5409398745 0.0410519140 0.4999974738 0.5009861686 0.3999091065 0.5002442705 0.6015706170 0.3003885861 0.6997177253 0.6991536521 0.6018069057 0.3995598428
0.5409398745 0.0098019140 0.4999364386 0.5009861686 0.3994208252 0.5002442705 0.6015706319 0.3003885861 0.6997177253 0.6992146873 0.6018069057 0.3995598428
0.7909398748 0.0098019140 0.4999364386 0.5009861686 0.3994208252 0.5002442705 0.6015707511 0.3003885861 0.6997177253 0.6982381248 0.6018069057 0.3995598428
0.8689478243 0.2598696065 0.4999363939 0.5000136592 0.4000769997 0.5003055441 0.6015708704 0.3001300528 0.6982051979 0.6981751255 0.6015932752 0.4000492416
0.8611353243 0.2598696065 0.4999363939 0.5000136592 0.4000769997 0.5003055441 0.6015708704 0.3001300528 0.6982051979 0.6981789402 0.6015703870 0.4000492416
0.8611353243 0.3223695767 0.4999363939 0.5000136592 0.4000769997 0.5003055441 0.6015708704 0.3001300528 0.6982051979 0.6981789402 0.6015703870 0.4000502028
0.8611352647 0.3223390592 0.4999211351 0.5000136592 0.4000769997 0.5003055441 0.6015708704 0.3001300528 0.6982051979 0.6981789998 0.6015703870 0.4000502028
0.8650415147 0.3225831998 0.4999211351 0.5000136574 0.4000769988 0.5003055441 0.6015708704 0.3001299336 0.6982051979 0.6981789998 0.6016924573 0.4000502028
0.0530395713 0.9878180157 0.4999216027 0.5009869947 0.4004792901 0.5000453652 0.6015988473 0.3000387869 0.6982315636 0.6986691539 0.6017847653 0.4000834817
0.0217895713 0.9878184926 0.4999216027 0.5009793653 0.4004182549 0.5000453652 0.6015988473 0.3000387869 0.6982315636 0.6986691539 0.6017847653 0.4000834817
0.0178833213 0.9878184926 0.4999216027 0.5009793644 0.4004182549 0.5000453652 0.6015988473 0.3000387869 0.6982315636 0.6986691539 0.6017847653 0.4000834808
0.0178833213 0.9565684925 0.4999216623 0.5009793644 0.4004182549 0.5000453652 0.6015988473 0.3000387943 0.6982310868 0.6986691539 0.6017847653 0.4000834808
0.0059536696 0.1820205647 0.4995114044 0.5000481945 0.3990939701 0.5001853420 0.6015956258 0.3001764764 0.6994595236 0.6999092127 0.6018128699 0.4002570458
0.0025123358 0.0570337968 0.4999958412 0.5001180233 0.3990968311 0.5001244857 0.6018397665 0.3001783614 0.6993993341 0.6994307076 0.6015652722 0.4003886417
0.0650051833 0.0570337968 0.4999958412 0.5000567497 0.3990958774 0.5001244857 0.6018397665 0.3001783614 0.6993993341 0.6994304691 0.6015690869 0.4003886417
0.0650123358 0.0570337968 0.4999958412 0.5000569881 0.3990958774 0.5001244857 0.6018397665 0.3001783614 0.6993993341 0.6994304691 0.6015690869 0.4003886417
0.0181373358 0.0575220781 0.4998738305 0.5001180233 0.3990968311 0.5003686412 0.6018397665 0.3001783614 0.6993998109 0.6996748482 0.6015652722 0.4003886417
0.0180763006 0.0575221377 0.4998738305 0.5003621639 0.3990968311 0.5003686412 0.6018397665 0.3001764541 0.6993998109 0.6996748482 0.6015652722 0.4003848270
0.5180772548 0.0575221377 0.4998738584 0.5003621639 0.3990968311 0.5003686412 0.6018397665 0.3001764541 0.6993998109 0.6996748482 0.6015652722 0.4003848270
0.6430772549 0.0575221377 0.4998738584 0.5003621639 0.3990968311 0.5004296764 0.6018397665 0.3001764541 0.6993998109 0.6996748482 0.6015652722 0.4003848270
0.6430763012 0.1825221378 0.4998738584 0.5003621639 0.3990968311 0.5004277690 0.6018397665 0.3001764541 0.6993998109 0.6996748482 0.6015652722 0.4003848270
0.6284278637 0.1825221378 0.4998738603 0.5003621639 0.4000724399 0.5004430278 0.6018397665 0.3001764541 0.6993959962 0.6996749674 0.6015652722 0.4003848270
0.7435410458 0.7072022955 0.4998431862 0.5001834086 0.4002231671 0.5000413754 0.6016246086 0.2997798634 0.7002228784 0.6996648495 0.6018271722 0.4008653410
0.7673356745 0.3970680185 0.4999991204 0.5010307138 0.3989534754 0.5000767051 0.6016241374 0.2992010436 0.7005224151 0.6996516676 0.6018077420 0.4002227964
0.5838676883 0.9270948720 0.4999975800 0.5011999612 0.4001095094 0.5000535785 0.6016242566 0.2997198424 0.7002171713 0.6996534594 0.6018067883 0.3997355992
0.5838676883 0.9270949316 0.4999975800 0.5011999761 0.4001095094 0.5000535785 0.6016242566 0.2997198424 0.7002172309 0.6996534594 0.6018067883 0.3997355992
0.7479832906 0.6878847803 0.4988570572 0.5001838296 0.3999829007 0.5000111558 0.6015673891 0.2997811784 0.7002037919 0.6996648486 0.6018068433 0.4006060533
0.7479832906 0.2035174092 0.4988570572 0.5001838296 0.3999829007 0.5000111558 0.6015673891 0.2997811784 0.7002037919 0.6996648486 0.6018068433 0.4006060533
