1.2389492789 0.5060329640 2.6820883202
1.7670825087 51.0758206671 -19.3194447712
64.4918708371 0.4407760331 -34.7118911870
14.4746892301 0.4604003409 -5.4588487867
9.8521718375 50.5001499316 -31.8387571900
1.7204548512 51.0780211346 -19.3510770436
1.7204310177 51.0780211430 -19.3510888857
3.8916903149 47.7255455228 -25.5670296078
38.9093234168 40.1973695471 -31.7888567784
21.1402603737 50.5380227816 -37.7484881509
88.8740414047 40.1622782233 -61.5995055117
71.2499630549 46.6261374447 -64.1918194888
65.6627146843 18.9395011284 -47.6563183912
59.6151312980 27.0203585600 -48.4256293065
89.1584770218 2.3334058520 -37.0879493267
88.5753463170 2.5345769057 -42.8946163721
88.5753763745 2.5345115958 -42.8941742066
73.7109562969 27.0858944546 -54.2578746301
88.8741720414 40.1622181250 -61.5969127574
3.7288973145 23.7048038505 -12.2441236119
0.4763305129 14.4241488611 -3.8142155948
1.8920008076 22.5611033094 -9.7382320981
13.0431436527 21.0602534603 -17.7926243909
0.2602798497 31.0251691298 -15.0275844340
0.5123073755 2.2677511513 0.9600648040
1.8920008076 72.5611033559 -36.5534443454
1.8833276165 72.5539562300 -36.4519157877
0.2340202178 62.9886256142 -35.6151418385
0.4872113287 72.6638824241 -37.9712636872
0.4832938470 72.6645425791 -37.9989205161
0.4894016541 72.6645468706 -38.0008565428
0.4863461412 72.6645431155 -37.9998769274
0.4984845079 72.6644744510 -38.0048448952
0.2393573248 30.9676195507 -12.4549304660
0.6035367445 54.0195281602 -23.2377347145
2.1838005804 54.0371042400 -23.8830070411
2.0343648822 54.6704446077 -26.9889215748
14.4974435249 54.6091091762 -34.3586505643
13.1034763282 2.3707410904 -6.4310945981
2.1580421184 5.9416065777 0.4466968300
59.7054856364 30.9572616790 -49.8167429614
68.1773195569 55.4318463837 -52.5899669621
68.1773206298 55.4806755816 -58.8019742290
55.5196170200 55.4920598369 -48.6286964645
50.7412033407 58.7857605285 -56.9442273193
5.5514516475 68.0719577525 -35.6931834661
2.2899126304 58.4789895646 -30.8043415338
50.5007252142 58.6429382795 -52.9738647115
55.4703946018 5.4916654972 -27.6299546831
55.4703886497 5.4916658781 -27.6303924303
55.4703714836 5.2963362118 -27.0666802078
31.7967341105 0.3557862245 -15.8886263342
50.6232189163 0.8998091018 -25.5179505951
52.7363899658 19.9530919271 -34.3170590734
52.7063030992 69.9474190765 -63.7921790969
54.5344016336 74.6299004191 -68.1064381209
54.5598499559 74.6309346789 -69.1341694156
4.5597125803 74.6307973498 -39.8081674584
2.3075017525 71.0942349484 -39.6714811704
19.1245038159 63.1291092880 -45.4364920297
3.7227597265 23.7047697781 -12.2193017198
76.6586324935 41.8779561708 -59.7178702318
76.7289559907 91.9482797144 -87.5071985656
79.1628515334 82.5310773233 -89.4273532877
79.7547234353 95.0124603969 -96.4745113669
79.1628193468 32.5310450902 -59.9648629132
64.4917438345 0.4467525461 -34.7173090679
64.4912004189 0.6415216308 -34.7763348533
50.6314231548 7.1103536584 -27.1735126164
65.2127933898 69.8279259048 -73.7425216725
65.2027836242 69.8301231704 -73.6488733110
64.4292418638 11.2105819625 -40.2947440031
52.7087847293 57.4499006949 -49.9864733635
52.5900322664 71.2776814481 -61.5652331914
52.6204329598 71.2958751103 -62.8190223704
52.6341493669 71.3126656270 -62.8918409851
52.3074685397 71.0942016890 -58.2880395321
2.0697260707 58.6494280053 -29.1546316413
50.4546921260 37.9209895993 -43.6505068062
50.6254204734 7.1520102922 -28.1158129698
50.5773609373 0.9020163083 -24.5301107509
50.5775776895 0.9020423258 -24.5395492124
50.6479588458 25.9731864447 -38.2115429021
47.1544985300 15.9721089809 -28.9559099609
47.2634785795 8.6446506530 -27.4682338008
9.9458632956 13.8996691445 -9.6622388038
13.1034328690 2.3707453149 -6.4316397465
14.3986737073 63.0772035740 -43.1858368099
71.2977350546 46.6250831819 -64.5302684213
1.1011554873 62.9598066800 -24.8664317063
1.0990143338 62.9572602150 -24.8255659780
1.0904289851 62.9425716300 -23.9273334287
6.4838788042 62.9884841948 -37.5927729022
69.4057538628 63.4111222277 -72.4380738699
64.5698663274 5.1004434809 -35.6977599543
64.5704592558 5.1042312183 -35.7362110292
64.5405604698 5.1003677411 -34.9005513963
0.5253697716 14.4243603672 -3.8432054320
1.2385679097 0.5060330646 2.6818771150
1.2385593937 0.4571964236 2.7155860266
