0.9841979341 0.0048658866 0.6056061281 0.3012712526 0.4009173516 0.2957684484 0.4999457863 0.2968738678 0.2966002024 0.6035279628 0.4999311767 0.4999310090
0.9976968402 0.5024402286 0.6007599669 0.2988120292 0.3008213232 0.2994689544 0.4000167552 0.2968721327 0.2996241751 0.5991316080 0.4999998747 0.4999847054
0.0005513318 0.4740491374 0.6025404302 0.2992703238 0.3994103497 0.2965955672 0.4996942156 0.2968387197 0.2967200142 0.6001297576 0.4999937196 0.4999972922
0.0006881291 0.1458623411 0.5002489020 0.4999721362 0.3000895598 0.2987279671 0.4920708663 0.6998205452 0.4075091504 0.6021081913 0.4040980231 0.4063486619
0.7002100402 0.0023169667 0.6015219750 0.2992201506 0.3007898678 0.2999346231 0.3984010046 0.2967526562 0.3000040877 0.6000525380 0.4998734859 0.4997557658
0.9781754743 0.8756404127 0.5040014363 0.4997092155 0.3007853826 0.3002988485 0.4999845964 0.6999203448 0.4067746908 0.6016021246 0.4024630314 0.4062500982
0.8220128695 0.2861929175 0.6025441611 0.3013537473 0.4011615966 0.2968515561 0.4988387446 0.2966910724 0.2968415574 0.6002334977 0.4998717220 0.4996864176
0.8846145709 0.0000491133 0.5039233859 0.4996477203 0.3004874851 0.3002930733 0.4999605981 0.7007268683 0.4064026050 0.6018305780 0.8923581139 0.4064979892
0.6877959107 0.9723404897 0.5999781216 0.3007812754 0.4004542952 0.2958982385 0.4989774586 0.2966910762 0.2968537615 0.5999530951 0.4993857243 0.4996804106
0.9959787112 0.1331437362 0.5999642570 0.3052352847 0.4002761528 0.2958275166 0.4999920628 0.3010376359 0.2942404387 0.5976531502 0.4999948065 0.4989048946
0.2365225556 0.9950276026 0.6035159990 0.3020087278 0.4014099440 0.3000417457 0.4997517248 0.3011510747 0.3008583265 0.4960867162 0.4019160051 0.4062512847
0.0008643158 0.9464006740 0.6025404079 0.3002434292 0.3994103422 0.2965946135 0.4996941942 0.2968403299 0.2967221470 0.6001373833 0.4999327366 0.4980441672
0.5025081974 0.4838147624 0.6025400726 0.2992934504 0.3994065499 0.2966260699 0.4997538202 0.2968308519 0.2967204929 0.5998848980 0.4995111474 0.4999973071
0.6239378672 0.8166418996 0.5998389484 0.3012734831 0.3999935085 0.2957560693 0.4999913531 0.2968746101 0.2962633495 0.6000473337 0.4998844047 0.4989378280
0.6877960299 0.2848249919 0.6000386799 0.3008118442 0.4004535791 0.2968747637 0.4989773096 0.2966901225 0.2968575762 0.5998958671 0.4995073178 0.4996801722
0.6877960290 0.3473249919 0.6000386799 0.3007813266 0.4004535791 0.2968747637 0.4989771903 0.2966901225 0.2968575762 0.5998958671 0.4994920590 0.4996801722
0.7298392586 0.0122151524 0.6006479884 0.3005919115 0.3002332070 0.2986266215 0.4000215190 0.2968183451 0.2998251741 0.5998899225 0.4994481844 0.4998965035
0.5264942930 0.0173993772 0.5002448377 0.4997361251 0.2986963459 0.3002930091 0.4996716972 0.6999089547 0.4065176122 0.6015688038 0.4001609351 0.4062522216
0.2299565461 0.0108652990 0.6006470365 0.3002290384 0.3001445181 0.2988099626 0.4000138719 0.2968425167 0.3001608646 0.6000675527 0.4999361304 0.4998698006
0.7751402285 0.4883680991 0.5985431807 0.3008165390 0.4000128847 0.2958771384 0.4989875439 0.2966265309 0.2965040433 0.5994437734 0.4995569973 0.4993837145
0.9392772745 0.9722373737 0.6000081083 0.3008450133 0.2999087063 0.3001461823 0.4003480257 0.2966836861 0.3000618325 0.5985670915 0.4994963375 0.4921722184
0.9470898043 0.9712608112 0.6000082275 0.3009670538 0.2999015537 0.2991696198 0.4001038851 0.2966836861 0.3005424899 0.5980788102 0.4994963375 0.4921722184
0.8472212999 0.9720718683 0.5969408393 0.3002257359 0.2990611422 0.3006600945 0.4000138784 0.2968415630 0.3006508232 0.6002209527 0.4999155686 0.4988932558
0.7379873998 0.9950276026 0.6035159990 0.3020392464 0.4014099440 0.3000417457 0.4997517248 0.3011510747 0.3008583265 0.4960867162 0.4019160051 0.4062512847
0.7161164095 0.9991917182 0.6000090852 0.3008423618 0.4017355483 0.2949213565 0.4999516518 0.7957135977 0.2968708820 0.6000809396 0.4990194463 0.4999215300
0.7856782123 0.9979197457 0.5002475805 0.4992514704 0.3010295735 0.3002952424 0.4997402751 0.1999509122 0.4062886391 0.6054736232 0.4023738852 0.4065014202
0.9820817243 0.8756404127 0.5040014363 0.4997092173 0.3007853826 0.3002988485 0.4999845964 0.6999203448 0.4067746908 0.6016021246 0.4029474979 0.4062500982
0.8567406348 0.8741920850 0.5999757392 0.3008128976 0.3992374199 0.2958829806 0.4999530506 0.2968739851 0.2968548343 0.5999552986 0.4975537551 0.4996537375
0.8270628674 0.8166418996 0.5998408558 0.3012734831 0.3999917204 0.2952687417 0.4999913531 0.2968746101 0.2962633495 0.6000473337 0.4998844047 0.4989378280
0.8075704433 0.0545396628 0.5998401191 0.2984945516 0.3010945658 0.3006868840 0.4043250218 0.2968716550 0.3000659899 0.5994999126 0.4999813386 0.4998759390
0.7753843691 0.9258604701 0.5985431807 0.3008165390 0.3999804597 0.2958466246 0.4989875476 0.2966262924 0.2965040470 0.5994437734 0.4995570122 0.4995057848
0.2374991181 0.9950276026 0.6035159990 0.3020087288 0.4014099440 0.3000417457 0.4997517248 0.3011510747 0.3008583265 0.4960867162 0.4019160051 0.4062512847
0.6877806519 0.9410752309 0.5999781216 0.3007812754 0.4004542952 0.2968748010 0.4989774288 0.2966910762 0.2968537615 0.5999530951 0.4993857243 0.4996804106
0.9918975243 0.9325276026 0.6037606761 0.3020397213 0.4018982252 0.3000264869 0.4921833654 0.3012116331 0.3008583414 0.4999969001 0.4018927593 0.4062512549
0.9762725243 0.9325276026 0.6037606761 0.3020397213 0.4018982252 0.3000264869 0.4921833654 0.3012116331 0.3008583414 0.4999969001 0.4018927593 0.4062512586
0.9762725243 0.9335041651 0.6037606761 0.3020397213 0.4018982252 0.3000264869 0.4921833654 0.3012116331 0.3008430826 0.4999969001 0.4018927593 0.4062512586
0.9888084810 0.7914074210 0.6013167925 0.2982545395 0.3009398024 0.2997070442 0.4000146262 0.2968416114 0.2996127338 0.5991220852 0.4999762769 0.4999845880
0.9999615680 0.8465215171 0.6008482236 0.3012713253 0.4006093474 0.2981831630 0.7961174490 0.2929687121 0.7924651232 0.6035254743 0.4982418907 0.4987468352
0.9999788711 0.0971396622 0.6037605904 0.3017646533 0.3842511395 0.2929497457 0.4982259055 0.2931069511 0.3008432996 0.1132743136 0.4954063673 0.4875505627
0.9841979341 0.0204908867 0.6056061281 0.3012712526 0.4009183053 0.2957531915 0.4998389748 0.2968738976 0.2966002024 0.6035274841 0.4999311767 0.4999381616
0.5804540530 0.7378554453 0.5995451618 0.3001762743 0.3007814961 0.2996176391 0.3983120577 0.2968741984 0.3017835890 0.5998977875 0.4999678782 0.4999303124
0.5926878672 0.8166418996 0.5998389484 0.3012734831 0.3999917204 0.2957560693 0.4999913531 0.2968746101 0.2962633495 0.6000473337 0.4998844047 0.4989378280
0.6877960290 0.4723249920 0.5999776447 0.3007813266 0.4004538175 0.2968747637 0.4989771903 0.2966901225 0.2968575762 0.5998958671 0.4994920590 0.4996801722
0.6877960290 0.4410749920 0.5999776447 0.3007813276 0.4004538175 0.2968747637 0.4989774288 0.2966901225 0.2968537615 0.5998958671 0.4994920590 0.4996801722
0.6877959098 0.4410749920 0.5999776447 0.3007813276 0.4004538175 0.2968747637 0.4989774288 0.2966901225 0.2968537615 0.5998958671 0.4994920590 0.4996801722
0.6877959107 0.8473404896 0.5999781216 0.3007812754 0.4004542952 0.2958982394 0.4989774586 0.2966910762 0.2968537615 0.5999530951 0.4993857243 0.4996804106
0.6877959107 0.8453873646 0.5999781216 0.3007812754 0.4004542952 0.2958982394 0.4989774586 0.2966910762 0.2968537615 0.5999530951 0.4993857839 0.4996804106
0.6877920960 0.8453873646 0.5999781216 0.3007812754 0.4004542952 0.2958982394 0.4989774586 0.2966910762 0.2968537615 0.5999530951 0.4993857839 0.4996804404
0.5627921033 0.8453873646 0.5999781216 0.3007812754 0.4004542952 0.2958982394 0.4989774586 0.2966910762 0.2968539999 0.5999530951 0.4993857839 0.4996804404
0.0894289614 0.0411660076 0.5971349027 0.3002479806 0.3007919931 0.2998163042 0.3984307148 0.2967526049 0.3000460493 0.5999460151 0.4999876884 0.4987747963
0.0025082715 0.4720960124 0.6025403110 0.2992703238 0.3994065350 0.2965955523 0.4996943348 0.2968310903 0.2967200161 0.6001297539 0.4999937345 0.4999972922
0.0271057496 0.8692984719 0.5990541294 0.3001114775 0.3011629826 0.2993583552 0.3983902358 0.2966265541 0.2998349865 0.6002652660 0.4984346232 0.4999998859
0.1039531083 0.5541808359 0.5998248566 0.3002993952 0.3010640631 0.3005667527 0.4005411327 0.2968716568 0.3000715955 0.5995916516 0.4999660780 0.4999843552
0.7751402285 0.4258604696 0.5985431807 0.3008165390 0.4000128847 0.2958466209 0.4989875439 0.2966265309 0.2965040433 0.5994437734 0.4995569973 0.4993837145
0.7753843691 0.4258604696 0.5985431807 0.3008165390 0.4000109773 0.2958466209 0.4989875476 0.2966265309 0.2965040433 0.5994437734 0.4995570122 0.4993837145
0.0992344526 0.9443659707 0.6025515605 0.3008801474 0.4003995623 0.2968522509 0.4979491509 0.2968386312 0.2968364584 0.5999965617 0.4980289438 0.4996752734
0.0992344526 0.9448542520 0.6025515605 0.3008782364 0.4003995623 0.2968522509 0.4979491509 0.2968381618 0.2968364584 0.5999965021 0.4980289438 0.4996752734
0.8723069130 0.4371019485 0.6025509775 0.3008841298 0.4003983647 0.2949103781 0.4980399846 0.2968077644 0.2967809069 0.5990412781 0.4999827980 0.4997551194
0.0005513318 0.4760022624 0.6025404302 0.2992703238 0.3994065350 0.2965955672 0.4996942156 0.2968387197 0.2967200142 0.6001297576 0.4999937196 0.4999972922
0.0005513318 0.4739265903 0.6025404302 0.2992703238 0.3994103497 0.2965955672 0.4996942156 0.2968387197 0.2967197609 0.6001297576 0.4999937196 0.4999972922
0.0006736405 0.4739265977 0.6025404153 0.2992703238 0.3994103422 0.2965955709 0.4996942156 0.2968387206 0.2967197628 0.6001297576 0.4999937196 0.4999972922
0.0084861405 0.4739265977 0.6025404153 0.2992703238 0.3991662016 0.2965955709 0.4996942156 0.2968387206 0.2967202396 0.6001297576 0.4999937196 0.4999972922
0.0084861405 0.4700213014 0.6025404153 0.2992687740 0.3991662016 0.2965965246 0.4996942156 0.2968406280 0.2967202396 0.6001297576 0.4999937196 0.4999972922
0.0084861405 0.4700823365 0.6025404153 0.2992687740 0.3991662016 0.2965965246 0.4996941858 0.2968403299 0.2967202396 0.6001297576 0.4999937196 0.4999972922
0.1038459410 0.5327117215 0.6007442284 0.3003146549 0.3010354529 0.3005516131 0.4005411606 0.2968716578 0.3000560983 0.5991033703 0.4999670913 0.4999844818
0.0086768158 0.9464006740 0.6025404079 0.2992668667 0.3994103422 0.2965946135 0.4996941867 0.2968403299 0.2967221470 0.6001373870 0.4999327403 0.4999972922
0.1258948335 0.9464006740 0.6025404079 0.3002434292 0.3994103422 0.2965946135 0.4996941942 0.2968403299 0.2967221470 0.6001373833 0.4999327366 0.4980441672
0.1258948335 0.9620104152 0.6025402887 0.3002434292 0.3994103385 0.2965869841 0.4998162645 0.2968708494 0.2967221470 0.6001373535 0.4999327515 0.4980441672
0.1258948335 0.8995104152 0.6025402887 0.3002434292 0.3994103385 0.2965869841 0.4998163837 0.2968708494 0.2967202396 0.6001373535 0.4994444703 0.4980441681
0.3758948337 0.8995104152 0.6025402887 0.3002434292 0.3994103385 0.2966175017 0.4998163837 0.2968098217 0.2967202433 0.6001373535 0.4995055054 0.4980441681
0.3758948337 0.9014635402 0.6025403483 0.3002434292 0.3994103385 0.2966175017 0.4998163837 0.2968098217 0.2967202433 0.6001373535 0.4995055054 0.4980365387
0.3758872043 0.9014635402 0.6025403483 0.3002396145 0.3994103385 0.2966175017 0.4998163837 0.2968098217 0.2967202433 0.6001373535 0.4995055054 0.4980365387
0.4383872044 0.9014635402 0.6025403483 0.3007278948 0.3994103385 0.2966175017 0.4998163763 0.2968098217 0.2967202433 0.6001373535 0.4993834351 0.4980365387
0.4383853063 0.7764711695 0.6025403483 0.3007433920 0.3994103385 0.2966172633 0.4998154226 0.2968098217 0.2967202433 0.6001373535 0.4993834351 0.4980384535
0.4383853045 0.8702211695 0.6025403483 0.3007433920 0.3994103385 0.2966175017 0.4998154226 0.2965656801 0.2967202433 0.6001068359 0.4993834351 0.4999915785
0.4383857813 0.9952211697 0.6025556071 0.2997668258 0.4013644172 0.2966175017 0.4998154226 0.2965694939 0.2967202433 0.6001068359 0.4993834351 0.4997474379
0.3628448670 0.5330907521 0.6013339698 0.3002067854 0.3000376376 0.3006596140 0.4000138784 0.2968434890 0.2996189476 0.6002362264 0.4999155668 0.4988931962
0.9839537935 0.0046217460 0.6054845346 0.3012712526 0.4009173516 0.2957684484 0.4999456671 0.2968738678 0.2966002024 0.6035274860 0.4999311767 0.4999310090
0.9839537935 0.0046179313 0.6054845346 0.3012712526 0.4009173516 0.2957684484 0.4999456671 0.2968738678 0.2966002024 0.6035274860 0.4999311767 0.4999310090
0.9999005329 0.8504277746 0.6008787394 0.3012712060 0.4006054135 0.2982117825 0.7960640432 0.2929687121 0.2924651227 0.6035254743 0.4984820974 0.4989757170
0.9977061385 0.7758758141 0.6007599631 0.3007727836 0.3008213232 0.2994680007 0.4000205699 0.2968721253 0.2996241453 0.5991316099 0.4999993979 0.4999770760
0.7297782234 0.0122151524 0.6006479884 0.3005919115 0.3002332070 0.2986266215 0.4000215190 0.2968183451 0.2998251741 0.5998861078 0.4994481993 0.4998965035
0.7297782234 0.0123372227 0.6006479884 0.3005923883 0.3002332070 0.2986266234 0.4000215190 0.2968184643 0.2998251741 0.5998861078 0.4994481993 0.4998965035
0.7297705801 0.5123373424 0.6006479884 0.3001041071 0.3001416543 0.2986266234 0.4000215171 0.2968194180 0.2998251741 0.5998861078 0.4994479683 0.4999556313
0.7297705801 0.5133139049 0.6006479884 0.3001041071 0.3001416543 0.2986266234 0.4000215171 0.2968194180 0.2998251741 0.5998861078 0.4994479683 0.4999556313
0.7297742755 0.6405106938 0.6006479884 0.3001031534 0.3001416543 0.2986266308 0.4000215171 0.2968194031 0.2998556917 0.5998861069 0.4999363092 0.4999861489
0.7297723682 0.6400224144 0.6006479865 0.3000955240 0.3001416543 0.2986266299 0.4000138877 0.2968346619 0.2998556917 0.5998861069 0.4999363092 0.4998640786
0.2299565461 0.1669932289 0.6006470365 0.3002290384 0.3001445181 0.2988099626 0.4000138644 0.2968425167 0.3001608646 0.6000675527 0.4999285010 0.4998698006
0.8472211807 0.9701187433 0.5969408393 0.3002257359 0.2990611422 0.3006600945 0.4000138784 0.2968415630 0.3006508232 0.6002209527 0.4999155686 0.4988932558
0.8628462999 0.7201034843 0.5974133849 0.3002258551 0.2990610751 0.3006596140 0.4000138784 0.2968434890 0.3006489159 0.6002209537 0.4999155668 0.4988931962
0.3628295784 0.5330907521 0.6013339698 0.3002067854 0.3000376376 0.3006596140 0.4000138784 0.2968434890 0.2996189476 0.6002362264 0.4999155668 0.4988931962
0.3627971535 0.5409033117 0.6010898292 0.3002067854 0.3000376376 0.3006596140 0.4000138784 0.2968434890 0.2996189457 0.6002362264 0.4999155668 0.4988893815
0.3627971535 0.0448095613 0.6010898292 0.3002067854 0.3039438876 0.2996830496 0.4000138784 0.2968434890 0.2996189457 0.6001141561 0.4999155668 0.4988898584
0.4877971536 0.0370008163 0.5971835792 0.3002067854 0.3019905279 0.2996830496 0.4000136279 0.2968434890 0.2996208382 0.6001160635 0.4999155668 0.4988974878
0.1038306822 0.5483367215 0.6007404137 0.3003146549 0.3010354529 0.3005516131 0.4005411606 0.2968715386 0.3000713571 0.5991033703 0.4999661227 0.4999844744
0.1039528717 0.5483367215 0.6007404137 0.3003146549 0.3010354529 0.3005516131 0.4005411606 0.2968716578 0.3000713571 0.5991033703 0.4999661227 0.4999844744
0.1039526333 0.5483367215 0.6007404137 0.3003146549 0.3010354529 0.3005516131 0.4005411606 0.2968716578 0.3000713571 0.5991033703 0.4999661227 0.4999844744
0.6044413900 0.5541808359 0.5998248603 0.3002993952 0.3010640631 0.3005667527 0.4005411401 0.2968716568 0.3000696882 0.5995611936 0.4999660780 0.4999843552
0.6044566488 0.5541808359 0.5998248603 0.3002955805 0.3010640631 0.3005667527 0.4005411401 0.2968716568 0.3000696882 0.5995611936 0.4999660780 0.4999843570
0.6117026523 0.7378554453 0.5995454002 0.3001762743 0.3007814961 0.2996176391 0.3983120577 0.2968741984 0.3017835890 0.5998977875 0.4999678782 0.4999303794
