0.4900008723 0.9095685846 0.0002395701
0.0400203713 0.0000892572 1.0181226350
0.0400203602 0.0000893172 1.0181223573
0.0001020052 0.0003116661 1.1389946651
0.0001020186 0.0003117072 1.1389597996
0.0431437159 0.0000962879 1.0179946991
0.0000999356 0.0051182518 1.0443779531
0.4903847312 0.9094456620 0.0002395872
0.0000960335 0.0049184032 1.0444575559
0.4981167208 0.9237858933 0.0002182095
0.5006488235 0.9250822131 0.0002155454
0.4982888747 0.9275082613 0.0002031355
0.6696624412 0.8124753094 0.0002031355
0.3291049971 0.9291712979 0.2833858723
0.3450693970 0.8467994293 0.4226683415
0.1177398387 0.6307573252 0.8087297045
0.4200689853 0.7921110749 0.4620966432
0.3021976504 0.8145515711 0.5369890106
0.0252752295 0.1834507390 0.9926329265
0.1467078013 0.0831794061 0.9917774937
0.4775134144 0.2903851842 0.8394653757
0.1903507162 0.9895051014 0.1575569980
0.1255327877 0.2501504637 0.9664866604
0.2656146205 0.0881073150 0.9660128285
1.0800349789 0.0014522493 0.0118268115
1.0791066599 0.0047616889 0.0118167535
0.8848313323 0.1524281062 0.5189411573
0.5927422664 0.1243061560 0.8016463569
0.4440639712 0.1293384986 0.8920613131
0.5324653234 0.1271092451 0.8419704762
0.9560378491 0.2278362871 0.2083499322
0.9286281445 0.3206822574 0.2082711430
0.9511648475 0.3196313512 0.0109062181
0.4753106442 0.2890456369 0.8411759926
0.6783907164 0.1161138958 0.7309639508
0.1911146021 1.0014405255 0.0205102795
0.7762698579 0.6698091419 0.0201495817
0.4124093949 0.9073277207 0.0907672014
0.4692321082 0.8840251552 0.0417932136
0.0517035917 0.9834629158 0.2188602797
0.2607333952 0.9150919563 0.3153951517
0.4128153220 0.8651709759 0.3143182220
0.0274860907 0.8100687329 0.5881401975
0.1092799662 0.8213083315 0.5780239528
0.7373603078 0.5495603858 0.3947237552
0.2002849146 0.7207060792 0.6980604508
0.6907083897 0.5093376657 0.5397891641
0.6975028826 0.6385584747 0.3515249982
0.2320717442 0.1166515830 0.9777039708
0.8881641232 0.3445697583 0.3476844725
0.9383205243 0.1646767221 0.3476844711
0.8170550149 0.3740251292 0.5182437710
0.7700130116 0.4596982449 0.5185817257
0.7410159443 0.4742422982 0.4815459197
0.8420996756 0.5389383362 0.1033694394
0.3006935786 0.9517823063 0.1515707211
0.8612097009 0.5237324605 0.0047969887
0.4728968464 0.3791051644 0.8230839987
0.5835974345 0.3653761569 0.7301211132
0.6868169693 0.0470499829 0.7522583220
0.7402847201 0.0410216557 0.7161229319
0.0065472370 0.0121185401 1.0043080282
0.7401550026 0.0432926019 0.7161225634
0.4149357864 0.5176384897 0.7555365159
0.3765496702 0.4545798084 0.8103172372
0.4726394107 0.4843540940 0.7719391121
0.0871065869 1.0059327501 0.0166890373
0.0798948545 0.9226492690 0.4016612584
0.3491348828 0.8567760638 0.4004191258
0.1697223659 0.9093608673 0.4003682474
0.6597491876 0.0371005385 0.7632144336
0.6573481988 0.0780720299 0.7587191073
0.0887990507 0.0005045433 0.9978414494
0.0396729138 0.0002406288 0.9995325429
0.4293450082 0.0008758838 0.9238123390
0.4295089895 0.0008762183 0.9237035270
0.0243706282 0.2987933485 0.9581021422
0.1907229878 0.7727071614 0.6137905513
0.1629832169 0.8472399145 0.5447026957
0.9587899632 0.2970189301 0.0109095737
0.8649238435 0.0087190162 0.5323896701
0.8544120006 0.0928561862 0.5271729882
0.0125696413 1.0259234314 0.0634577852
0.0274860904 0.8100687260 0.5881402070
0.0264594434 0.7798157442 0.6278999807
0.2328918124 0.8380388774 0.5386961074
0.2327823135 0.8376448564 0.5393658567
0.8343300414 0.2728821812 0.5038787566
0.6659908743 0.5644346373 0.5011669864
0.6806680603 0.5254047549 0.5218462296
0.0990824531 0.7425070350 0.6708174396
0.0987976966 0.7425449677 0.6708174618
0.1068895625 0.8226390718 0.5787269885
0.1050273358 0.8083070791 0.5989110043
0.1349916320 1.1346662841 0.0029448197
0.9842414079 0.1756565001 0.1033696266
0.7817729625 0.5901573535 0.2078458168
0.0227178832 1.1222864016 0.0033233753
0.2868463878 0.6603895734 0.7241737230
0.4978085339 0.9266141613 0.0002155455
