0.5033043218 0.8406781599 0.0002982095 0.1244200395 0.0038747676 0.5311060702 0.1080344432 0.0042036176 0.0016248785 0.0271921978 0.0278606080 0.0002832152
14.1751821285 0.0594281592 0.0002982095 0.1244200395 0.0038747676 0.5188990389 0.1080344432 0.0042036176 0.0016248785 0.4178406675 0.0035179779 0.3909081224
0.0489730388 27.4910351518 1.2039459322 0.0092510134 0.0498391688 0.4106537443 0.3908994611 0.0012853183 0.0990013593 0.0008188188 1.5640627607 0.1220993699
28.2415721829 25.4666395723 0.0053449534 0.8071899422 0.1522370616 1.5749881990 0.0610923395 1.6031920925 0.0202694908 0.1435343177 0.0050324015 0.3938706595
31.5521419342 13.4683814025 0.0122076832 0.1272483730 0.1468006523 0.1074440778 0.0444601290 1.6670421713 0.1971833410 0.0042503700 0.3909471448 0.0011155382
36.8195087061 41.5043454072 1.5635384261 0.0791159459 0.0152804889 0.0260921195 0.1240851359 0.0061750412 0.2045369709 0.4189350646 1.2253036734 0.0003879890
14.1258769800 53.4800670608 0.0978626312 0.0358771533 0.0038793311 0.1409579070 0.1081298106 0.0179355964 0.0538859517 0.6298321305 0.0046653673 0.0494670123
2.2656102686 3.3730313213 0.0741602854 0.0515047461 0.0063077547 0.8242848337 0.0029258430 0.0502777286 0.0074603595 0.2166763881 0.0066531822 0.0253181905
2.2656102686 28.1777188444 0.0741602854 0.0515047461 0.0063077547 0.0430348330 0.0029258430 0.0014496036 0.0074603595 0.2166763881 0.0066531822 0.0253181905
6.7533162485 0.9375714706 0.0002982095 0.1248015092 0.0038747676 0.5311060702 0.1072715038 0.0042036176 0.0016248785 0.0271921978 0.0274791383 0.0002832152
2.2645011565 22.1538474058 0.0977640972 0.0497080386 0.0219747424 0.0247047283 0.0349678099 0.0654351898 0.0036336482 0.4346448932 0.0039855018 0.6228066987
26.0569103305 25.5829190142 0.2023046838 1.5642200611 2.8604638789 0.8075003520 0.0435266644 0.0002937391 0.0977197663 0.6139833486 0.4950125706 0.4885372710
71.5011941935 9.4748375094 0.0395562500 0.0270796940 0.2263340170 0.2060176807 0.0164204277 0.0190107152 0.2107986251 0.1465148294 0.7814776160 0.1492801124
52.2645012031 22.1538474058 0.0977637247 0.0497080386 0.0219747424 0.0247047283 0.0349679031 0.0654351898 0.0036336482 0.4345972095 0.0039616600 0.6228066987
65.4541438124 28.9091145889 0.0004449859 0.0026427209 0.7824731067 0.0045798719 0.2079208383 0.8071206518 0.0007686205 0.1965200530 0.0042133965 0.0033982098
65.4541378519 28.9335286514 0.0004449859 0.0026427209 0.7824731067 0.0045798719 0.2079208383 0.8071206518 0.0007686205 0.1965200530 0.0042133965 0.0033982098
35.5270297597 22.8540798862 0.4211574797 0.4887632099 0.0000159256 0.0124816783 0.0068703666 0.4891934809 1.1956201877 0.0589589589 0.0031080097 0.0004253350
52.1259875522 28.1319869013 0.0039466657 0.6840052090 0.8057629697 0.0675683842 0.0073068775 0.4427882847 0.0616176986 0.1099810937 0.0011696480 3.1270422071
56.1098312550 28.2421380544 0.0007279217 0.0977837482 0.8061234847 0.0061565079 0.0127257779 0.0796578825 0.0056012534 0.2950342375 0.0042096712 0.0033020973
50.8304378491 3.1391374796 0.0372221694 0.0511905179 0.2930065620 1.5684268452 0.4153677266 0.0488287770 0.0247120857 0.0005593523 0.3940371800 0.1839666629
56.1372970754 28.2299310232 0.0007279217 0.0981648453 0.8091752425 0.0305675902 0.0127257779 0.0794671477 0.0056012534 0.2950346100 0.0042096712 0.0033020973
52.1320910679 28.1319869013 0.0039466657 0.6840052090 0.8057629697 0.0675683842 0.0073068775 0.4427882847 0.0616176986 0.0977740624 0.0011696480 3.1270422071
58.1790009124 87.5093942392 0.1008411870 0.0066823326 1.0264662104 0.4395746630 0.1984497534 0.0010879710 0.0009694137 6.6683297108 0.0530536287 3.2488483035
58.1790009124 87.5216012704 0.1008411870 0.0066823326 1.0264662104 0.4395746630 0.1984497534 0.0010849908 0.0009693205 6.6683297108 0.0530536287 3.2488483035
50.8466259119 77.4910411588 0.3982833590 0.0489479863 0.0497916714 0.0185028650 0.4885319625 0.0009031035 0.1976320522 0.0025356188 1.5674835086 0.0977778808
0.0524118543 86.1357711126 0.0003975816 0.2018093133 0.0061138533 0.1104436816 0.0404656865 1.5627616100 0.0493571163 0.0249972567 0.0009387732 0.0281461515
58.0874720198 87.5216038781 0.1071354375 0.0066763721 0.2696302722 0.4399553877 0.1984498465 0.3917099912 0.0009693205 6.6439173246 0.0057506375 0.1238480211
50.8382322740 86.2326525024 0.0307712704 0.1956987197 0.0305249356 0.1110099257 0.0152842142 1.5696146540 0.4399823029 0.0410152600 0.0010102987 0.0615477563
58.8626185049 87.5216038781 0.1071354375 0.0064852648 0.2696295271 0.4406944853 0.1989266837 0.4161240537 0.0009693205 6.6439171384 0.0049876981 0.1054957510
2.2333331427 32.8344111637 1.5813850812 0.0245572999 0.2007016914 0.0063242391 0.0520891510 0.0625085086 0.0025274232 0.0519284979 0.0008064322 0.0185101293
96.1443329194 1.5953865848 0.0979797916 0.2936027947 1.1971718643 0.0004814006 0.2476772296 0.0977845863 0.0036397018 0.1009002329 0.1011467540 0.0020150095
96.0954124072 26.7906968731 0.0979783014 0.2967499199 0.4191656601 0.0004786067 0.0523654745 0.0003134832 0.3950275484 0.5950944504 0.0049940310 0.0083122403
96.1182752588 0.0061576255 0.0979544596 0.3026373687 0.4679937851 0.0004786067 0.1988645645 0.0010730699 0.3946461718 6.2591571419 0.0538221561 0.0082481653
96.1442405322 26.7906976182 0.0979783014 0.2967499199 0.4191656601 0.0004786067 0.2476779746 0.0979756937 0.3950275484 0.5950944504 0.0049940310 0.0081215054
96.0954124072 26.7906976182 0.0979783014 0.2967499199 0.4191656601 0.0004786067 0.0523654745 0.0003194436 0.3950275484 0.5950944504 0.0049940310 0.0083122403
85.4932846366 26.0828105044 0.5160447215 0.0979443082 0.0065080822 0.1099351795 3.1318881578 0.0977481716 0.2511003988 0.0185611658 0.0527454541 0.0016404316
96.1443329194 4.7203865878 0.0979797916 0.2997063103 1.1971718643 0.0004814006 0.2478679644 0.0977845863 0.0036397018 0.1009002329 0.1011467540 0.0020150095
96.1443567613 4.6948281161 0.0979797916 0.2997063103 1.1973625991 0.0004814006 0.2478679644 0.0977845863 0.0036456622 0.1016631723 0.0034905039 0.0020150095
65.4785340330 3.1261598720 0.0006357208 0.0008784235 0.7824731067 0.0032448210 0.2079428176 0.0743173063 0.0030635856 0.1957571136 0.0042133965 0.0033982098
82.8692102645 4.7070351473 0.0978844241 0.2018593254 4.3223387602 0.0248954632 0.2478828656 0.0977965073 0.0036456622 0.1077666880 0.0034905039 0.0020157546
82.8692102645 54.7070351939 0.0978844241 0.2018593254 4.3223387602 0.0248954632 0.2478709447 0.0977965073 0.0036456622 0.1077905298 0.0034905039 0.0020157546
32.8692101248 4.7066536776 0.1009361819 0.2018593254 4.3223387602 0.0249431469 0.2478709447 0.0977965073 0.0036456622 0.1077905298 0.0034905039 0.0020157546
52.1259875522 28.2296431514 0.0039228238 0.6840052090 0.8057629697 0.0675683842 0.0073068775 0.4427882847 0.0616176986 0.1099810937 0.0011696480 3.1270422071
50.8304408294 37.5126116327 0.0402739272 0.0496646390 0.2931019294 1.5669009663 0.1223872417 0.0244154595 0.1254215838 0.0005593523 0.5892543128 0.1839960927
52.1328554974 90.8082736570 0.0008705072 0.2941444519 0.8057629697 0.0611813740 0.0225625932 0.4041883167 0.4095180895 1.7091021889 0.0073296018 3.1255163281
52.8652296894 90.8082796175 0.0256660395 0.2941444519 0.8057625972 0.0611813740 0.0221811235 0.4530164417 0.4034145739 1.7091021889 0.0069421716 3.1255163281
50.1091168729 78.1503466686 0.1233577729 0.2468425783 0.7819329396 0.0123785809 0.0181846321 0.0105124898 0.7879375487 0.3650744449 0.2026331613 1.5752177700
64.2421947459 78.2106233558 0.1229407267 0.2468422058 0.7813486278 0.0611828641 0.0176094473 0.8344861687 0.3912567165 0.1499404201 0.0191462226 1.5630226597
64.2421947459 78.1984103641 0.1229407267 0.2468422058 0.7813486278 0.0611828641 0.2133063974 0.8344859824 0.3912567165 0.1514633188 0.0191462226 1.5630226597
64.1933666209 78.1984103641 0.1233221964 0.2468422058 0.7813486278 0.0611828641 0.2133063974 0.8344871000 1.1725067172 0.1697738656 0.0191462226 1.5630226597
50.1335368959 78.1495837291 0.1233220102 0.2468425783 0.7819212049 0.0123785809 0.0181846321 0.0532370993 1.1724590335 0.3650744449 0.2144587228 1.5752177700
50.1335309354 78.1495837291 0.1233100892 0.2468425783 0.7819210186 0.0123785809 0.0181846321 0.0532370993 1.1724590335 0.3650744449 0.2144587228 1.5752177700
50.1094983426 78.1503466686 0.1233577729 0.2468425783 0.7819329396 0.0123785809 0.0181846321 0.0105124898 0.7879360586 0.3650744449 0.2026331613 1.5752177700
35.5361850332 72.8540799328 0.4211576659 0.4948663530 0.0004032627 0.0122909434 0.0068822876 0.4892068920 1.1956201877 0.0580462628 0.0053491443 0.0061235391
2.0534654167 78.1747625006 0.0253321603 0.2468172463 0.0032545067 0.0186207704 0.0029258430 0.0014496036 0.0074603595 0.2655047926 0.2019656824 0.0016670674
2.3144383005 3.3730313213 0.0253321603 0.0507418067 0.0063077547 0.0430363231 0.0029258430 0.0502777286 0.0074603595 0.2166823486 0.0066680834 0.4159431908
2.3144383005 3.3730432423 0.0253321603 0.0507418067 0.0063077547 0.0430363231 0.0029258430 0.0502777286 0.0074603595 0.2166823486 0.0066680834 0.4159431908
26.1277552006 0.2062403599 1.6025977224 0.0047685579 0.5373306577 0.2990737560 0.4011726011 0.0003937632 0.0010900199 0.0093938783 0.0000142492 0.0995022246
65.5289903893 0.2574105749 0.1467831434 0.0740170480 0.6073163828 0.0311896205 0.1449116507 1.6277913019 0.0050108880 0.4345912490 0.0039620325 0.6354875869
77.5004409044 10.8614635755 0.0490503386 0.1966231504 0.0031751581 0.9312942633 3.2501344599 1.6629323379 0.7813628770 0.0262810849 0.0222817995 0.0034212135
75.3920891093 72.1757488997 0.0359064900 0.0490313396 3.1251978158 0.0368004665 0.0187656842 0.0244275667 0.0494273380 0.0985421241 0.0062944368 0.0030620024
25.5888320744 72.1772747787 0.0359303318 0.0490314328 3.3243250133 0.0367557630 0.0141519122 0.0244275667 0.0494750217 0.0977791847 0.2016218381 0.0030552968
28.0461386107 22.1538474058 0.1221841202 0.0489328057 0.0217601657 0.0247106888 0.0349681825 3.9595735296 0.0036336482 0.6299098028 0.0039974228 0.6106117746
52.2645012031 22.1294333433 0.0977637247 0.0497080386 0.0219747424 0.0247046352 0.0472703018 0.0654351898 0.0036329031 0.4345972095 0.0039616600 0.6228066987
52.2660270820 22.1294333433 0.0977637247 0.0497020782 0.0219747424 0.0247046352 0.0472703018 0.0654351898 0.0036329031 0.4345912490 0.0039616600 0.6228066987
0.6864217116 14.9512432655 0.0002982095 0.0271452591 0.0038747676 0.5311060702 0.1690695995 0.0042036176 0.0260389410 0.0821238384 0.0274791383 0.3908605318
14.8461595316 50.2083917616 0.0979550184 0.0785946847 0.6077455362 0.0311896205 0.1464675182 1.6277316973 0.0050101429 0.6298083818 0.0032110140 0.4401754592
2.0654254612 50.1509798226 0.0978620724 0.0328673050 0.0008112751 0.1410532744 0.1080344432 0.0042980537 0.0046763569 0.6314641802 0.0031394884 0.0002570450
14.0771680643 53.4312389357 0.0978626312 0.0358771533 0.0038793311 0.1410532744 0.1081298106 0.0164097175 0.0537905843 0.6298324099 0.0046653673 0.0494670123
14.1259008219 53.4312389357 0.0978626312 0.0358771533 0.0038793311 0.1409579070 0.1081298106 0.0179355964 0.0538859517 0.6298320374 0.0046653673 0.0494670123
14.1259723475 53.4800670608 0.0978626312 0.0359248370 0.0038793311 0.1409579070 0.1081298106 0.0179355964 0.0538859517 0.6298306404 0.0046653673 0.0494670123
14.1259723475 53.4800668745 0.0978626312 0.0359248370 0.0038793311 0.1409579070 0.1081298106 0.0179355964 0.0538859517 0.6298306404 0.0046653673 0.0494670123
14.0771442224 53.4800668745 0.0978626312 0.0359248370 0.0038793311 0.1409579070 0.1081298106 0.0179355964 0.0538859517 0.6298306404 0.0046653673 0.0494670123
2.0658071172 50.1525086818 0.0978620724 0.0328687951 0.0008112751 0.1408625395 0.1080344432 0.0042980537 0.0046763569 0.6314641802 0.0031394884 0.0002570450
1.6751819306 0.0594281592 0.0002982095 0.1244200395 0.0038747676 0.5188990389 0.1080344432 0.0042036176 0.0016248785 0.4178406675 0.0279320404 0.3909081224
2.0658073035 0.0594281592 0.0002982095 0.1244200395 0.0038747676 0.5311060702 0.1080344432 0.0042036176 0.0016248785 0.4178171981 0.0278606080 0.0002832152
2.0658073035 0.8406781599 0.0002982095 0.1244200395 0.0038747676 0.5311060702 0.1080344432 0.0042036176 0.0016248785 0.4178171981 0.0278606080 0.0002832152
0.5033043218 0.8399152205 0.0002982095 0.1244200395 0.0038747676 0.5311060702 0.1080344432 0.0042036176 0.0016248785 0.0271921978 0.0278606080 0.0002832152
6.7411092173 0.9375714706 0.0002982095 0.1248015092 0.0038747676 0.5311060702 0.1072715038 0.0042036176 0.0016248785 0.0271921978 0.0274791383 0.0002355315
6.7411092173 15.0000713905 0.0002982095 0.1248015092 0.0038747676 0.5311060702 0.1080344432 0.0042036176 0.0260389410 0.0760203228 0.0274791383 0.3908605318
50.1474668739 13.2965323639 0.0404736027 0.0008394942 0.0996843913 0.2483508552 0.1222918743 0.0244154595 0.1015797258 0.0005440786 0.1983670520 0.1832331532
51.4783529113 14.9512432655 0.0002982095 0.0267637894 0.0007812865 0.5311042075 0.1629660839 0.7850721486 0.0054872595 0.0821238384 0.0244273804 0.3910035830
51.4783529113 13.3887902027 0.0002982095 0.2220759170 0.0007812865 0.5311043007 0.1629653388 0.7850721486 0.0038660131 0.0821473078 0.0251892023 0.3909857016
50.8304408294 9.3891374854 0.0372221694 0.0511905179 0.2933880317 1.5684268452 0.4153677266 0.0488287770 0.0247120857 0.0005593523 0.3940371800 0.1839666629
65.4541438124 28.1278645882 0.0004449859 0.0025950372 0.7824731067 0.0045798719 0.2079193482 0.8071206518 0.0038263388 0.1957571136 0.0042133965 0.0033982098
36.8073970422 0.8305172444 1.9549055043 0.0791183674 0.0152804889 0.0290459022 0.1236094163 0.0148599036 0.2045384610 0.3947236579 1.2237777945 0.0007694587
56.1371063405 28.2299310232 0.0007279217 0.0981648453 0.8091752425 0.0305675902 0.0127257779 0.0794671477 0.0056012534 0.2950346100 0.0042096712 0.0033020973
56.1371063405 28.2543450857 0.0007279217 0.0980694779 0.8091752425 0.0305675902 0.0005187467 0.0794671477 0.0056012534 0.2950342375 0.0042096712 0.0033050776
85.4929039120 76.0832158626 0.3939745020 0.1008053311 0.1041643322 0.1101743431 3.1318877853 0.0000658445 0.2024645919 0.0430712477 0.0008655712 0.0015450642
85.4929031669 76.1072484554 0.3939744089 3.2227535762 0.0065080822 0.1099836082 3.1318877853 0.0977220946 0.2022737639 0.0430712477 0.0039173290 0.0015450642
1.1033411148 0.2047264019 0.0400977210 0.0047685579 0.5373306577 0.2992644909 0.4026984800 0.0492278487 0.0499181450 0.0093936920 0.0000619330 1.6620021329
31.4666927154 38.8101784874 0.0122076832 0.1272483730 0.0491444022 0.8886955687 0.0444601290 1.6670421713 0.1971833410 0.0011986122 0.3909471448 0.0011159107
50.8304408294 12.5126116094 0.0372221694 0.0496646390 0.2930065620 1.5669009663 0.4153671678 0.0244147144 0.0277653337 0.0005593523 0.3939418126 0.1839960927
50.8364489775 9.3891374854 0.0250151381 0.0511905179 0.2934841442 1.5684253551 0.4153677266 0.0488287770 0.0247359276 0.0005593523 0.3940371800 0.1838712955
41.5227314844 78.1620708091 0.0023226254 1.6358008623 0.0244380906 0.1954262147 0.2197474243 0.0159984455 0.0030958094 0.0002749264 0.0003488734 0.0198859722
0.0250472687 81.4244512296 0.2076515930 0.0000232831 0.0009339303 0.0008153729 0.0976657496 0.0104999170 0.0643747859 0.0061957166 0.4406854514 0.0106881373
28.2354686672 25.4723616182 0.0053449534 0.8071900353 0.1522385517 1.5749881990 0.0610923395 1.6092956081 0.0202693045 0.1435343177 0.0050324015 0.3939183433
50.8466259119 77.4912318936 0.3982833590 0.0489479863 0.0497916714 0.0185032375 0.4884842788 0.0009031035 0.1976320522 0.0025356188 1.5674835086 0.0977778808
0.8466258653 77.4912318936 1.1795333598 0.0489479863 0.0497916714 0.0185986050 0.4884842788 0.0009031035 0.1976320522 0.0025356188 1.5674849987 0.0977778808
0.8466258653 77.5034389249 1.1795333598 0.0489479863 0.0497916714 0.0185986050 0.4884842788 0.0009031035 0.1976320522 0.0025356188 1.5674849987 0.0979686157
