0.9999999683 0.2511300009 0.7070350663 0.5030102809 0.3003165846 0.7024836025 0.6862783047 0.8008429797 0.6868116834 0.5078299088 0.2966966213 0.4999961662
0.9999980712 0.0184747055 0.2001112860 0.5000367849 0.5937220879 0.5001242985 0.6874998209 0.4987764270 0.5003667199 0.5003062221 0.3058544195 0.4998773760
0.9871415077 0.0081575615 0.6998743142 0.5000411957 0.5956894742 0.5002566776 0.4998690519 0.4998547318 0.5000386252 0.5000215848 0.3007522964 0.4999994184
0.9989897609 0.9999816511 0.6999486105 0.5005013323 0.5995979156 0.5000781580 0.4998661238 0.4985210230 0.5000391495 0.5040010647 0.3000422449 0.4980286635
0.0160701256 0.1528903406 0.7005388166 0.5002481169 0.5991208531 0.5000367588 0.4999366612 0.4999667383 0.5002946262 0.5000400892 0.2999956043 0.4999988205
0.0119871907 0.9383267825 0.7000149430 0.5004938454 0.7002044494 0.5007402604 0.6872481244 0.4998936518 0.5039408873 0.5080432710 0.3008218150 0.4999942514
0.1366783941 0.9999361206 0.7000101225 0.5002571768 0.5991172610 0.5000778935 0.4997421377 0.4997112681 0.5000322205 0.5000535608 0.3002701768 0.4980143583
0.9959687209 0.1973093294 0.6997675036 0.5001039593 0.5995184543 0.5002524345 0.4998090300 0.4998776796 0.5000386690 0.5005368371 0.3002702727 0.4999994184
0.0237669759 0.9422025149 0.7000225724 0.5004938529 0.7002046878 0.5007559997 0.6872557687 0.4998936509 0.5039406489 0.5006885347 0.3007912974 0.4999938956
0.9999999609 0.5030523553 0.7075240628 0.5015454595 0.3003162269 0.7010192505 0.6862783122 0.8012697509 0.6868126222 0.5078375381 0.2927254022 0.4998435187
0.9999999609 0.0011299858 0.7075240628 0.5034985920 0.3003167038 0.2024836021 0.6862783047 0.8012697527 0.6868126371 0.5078299088 0.2966965021 0.4998740884
0.9999999609 0.0010994682 0.7075240628 0.5034985845 0.3003167038 0.2029718833 0.6857900235 0.8012697546 0.6868126371 0.5078299088 0.2967041315 0.4998740959
0.9999999609 0.0011300007 0.7075240628 0.5034985920 0.3003167038 0.2024836021 0.6862783047 0.8012697527 0.6868126371 0.5078299088 0.2966965021 0.4998740884
0.9954804396 0.6973083761 0.6998895739 0.5001039631 0.5995185139 0.5041586845 0.4998090300 0.4998776796 0.5001607393 0.5005368381 0.3002701535 0.4999994780
0.0119862370 0.0007657772 0.6995379866 0.5000045360 0.7002044494 0.5007400815 0.6874922613 0.4998936518 0.5078166793 0.5080469675 0.3007839064 0.4999941536
0.6732966291 0.2479830023 0.7000467188 0.5002485937 0.5991208531 0.5000025607 0.4996887366 0.4999592281 0.5000351076 0.5005441015 0.3002397486 0.4999912060
0.9949921584 0.0703562042 0.6997675185 0.5001039593 0.5995194079 0.5002524345 0.4998090300 0.4998700502 0.5000386690 0.5005368371 0.3002702727 0.4997552778
0.9999980712 0.0165215805 0.2001112860 0.5000367849 0.5937220879 0.5001242985 0.6874998209 0.4987764270 0.5003667199 0.5003062221 0.3058544195 0.4998773760
0.9999980414 0.0165215805 0.2001112860 0.5000367849 0.5937220879 0.5001242985 0.6874998209 0.4987764270 0.5003667199 0.5003062221 0.3058534659 0.4998764223
0.9999980414 0.0243340805 0.2001685064 0.5000367849 0.5937220879 0.5001242985 0.6874998209 0.4987764270 0.5003667199 0.5003062221 0.3058534659 0.4998764242
0.9999694461 0.0243340805 0.2001685064 0.5000444143 0.5937449165 0.5001242985 0.6874998209 0.4997529895 0.5001228177 0.5003052684 0.3058534063 0.4998763050
0.9999541873 0.0243340805 0.2001685064 0.5000439375 0.5937449165 0.5001240601 0.6874998209 0.4997529895 0.5001228177 0.5003052684 0.2980409062 0.4998763050
0.9994659061 0.0243340805 0.6999243663 0.5000439375 0.5937449165 0.5001240601 0.6874998134 0.4997529895 0.5001228177 0.5003052684 0.2979798711 0.4959700550
0.9994048709 0.0243340805 0.6999243663 0.5000439375 0.5937449165 0.5001240601 0.6874998134 0.4997529895 0.5001228177 0.5003052684 0.2979951299 0.4959700550
0.9994048709 0.0243359879 0.6999243663 0.5000439375 0.5937449165 0.5001240601 0.6874998134 0.4997529895 0.5001228177 0.5003052684 0.2979951299 0.4959700550
0.9994048709 0.0282422379 0.6999243663 0.5000439375 0.5937449165 0.5001240601 0.6874993366 0.4997529895 0.5001533502 0.5003052684 0.2979951336 0.4959700550
0.9994659061 0.0282422379 0.6999243663 0.5000439375 0.5937449761 0.5001240601 0.6874983829 0.4997529746 0.5001533502 0.5003052684 0.2979951336 0.4959700550
0.0119871907 0.9422330325 0.7000149430 0.5004938454 0.7002044494 0.5007407372 0.6872481244 0.4998936518 0.5039408873 0.5080432710 0.3008218150 0.4999942551
0.0237667393 0.9422025149 0.7000225724 0.5004938380 0.7002046878 0.5007558805 0.6872557687 0.4998936509 0.5039407681 0.5006885347 0.3007912974 0.4999938360
0.0828248338 0.6861027914 0.7003276671 0.5001240014 0.5994259441 0.5000027358 0.4997325749 0.4990233150 0.5000001960 0.5000787652 0.3000464098 0.4998710691
0.0473201257 0.1528903406 0.7005388166 0.5002481169 0.5991208531 0.5000367588 0.4999366612 0.4999667383 0.5002946262 0.5000553480 0.2999956043 0.4999988205
0.1420466287 0.2479829940 0.7010194666 0.5002485937 0.5991208531 0.5000025458 0.4999328475 0.4999668575 0.5000351113 0.5005441015 0.2999956043 0.4999912060
0.0473201257 0.1841403406 0.7005311872 0.5002481169 0.5991208531 0.5000367588 0.4999366612 0.4999667383 0.5002946262 0.5000553471 0.2999955446 0.4999988205
0.6967341273 0.4979849099 0.7000466005 0.5002571768 0.5991210915 0.5000025532 0.4996887357 0.4997150837 0.5000351374 0.5005421978 0.3002397486 0.4999902523
0.3695048898 0.7442603817 0.6999505793 0.5000734380 0.5993973982 0.5000016331 0.4998681727 0.4998776834 0.5001645540 0.5000495105 0.2999954878 0.4999975110
0.3695048898 0.7481666317 0.6999505793 0.5000734380 0.5993973982 0.5000016331 0.4998681727 0.4998776834 0.5001645577 0.5000495105 0.2999954878 0.4999975110
0.3696269005 0.7481666317 0.6999505793 0.5000734380 0.5993993055 0.5000016331 0.4998681727 0.4998779218 0.5001640809 0.5000495105 0.3000260054 0.4999975110
0.3701151818 0.7481666317 0.6999505793 0.5000734380 0.5993993055 0.5000016331 0.4998681727 0.4998779218 0.5001612199 0.5000495105 0.3000260054 0.4999975110
0.3623026818 0.7481666317 0.6999505793 0.5000734380 0.5993993055 0.5000016331 0.4998681727 0.4998779218 0.5001612199 0.5000495105 0.3000260054 0.4999975110
0.3622721642 0.6856668700 0.6999505793 0.5000658087 0.5993993055 0.5000016331 0.4998681727 0.4998779218 0.5000391495 0.5000495105 0.3000260063 0.4999975110
0.9364897608 0.9999816511 0.6999486105 0.5005013314 0.5995979156 0.5000781580 0.4998661238 0.4985210230 0.5000391495 0.5040010647 0.3000422449 0.4980286635
0.9364821314 0.9999215845 0.6999490873 0.5004937020 0.5995979156 0.5000781636 0.4998642090 0.4990093042 0.5000010473 0.5039629177 0.3000422486 0.4980285442
0.1366774404 0.9999323059 0.7000101225 0.5002571759 0.5991172619 0.5000778935 0.4997497709 0.4997150828 0.5000323993 0.5000535608 0.3002701470 0.4980143583
0.1347243154 0.9999342132 0.7000101225 0.5002571759 0.5991172619 0.5000778935 0.4997497709 0.4997150828 0.5000323993 0.5000535608 0.3002396294 0.4980142391
0.1347243154 0.9999380354 0.7000101225 0.5002571768 0.5991172619 0.5000778935 0.4997497709 0.4997150828 0.5000323993 0.5000539185 0.3002396294 0.4980142391
0.6342322199 0.9999380354 0.7000628130 0.5002571768 0.5991210915 0.5000178120 0.4997497709 0.4997150837 0.5000313227 0.5000539185 0.3002397486 0.4999978817
0.6342322199 0.4979849099 0.7000618593 0.5002571768 0.5991210915 0.5000025532 0.4997497709 0.4997153222 0.5000313227 0.5000539166 0.3002397486 0.4999902523
0.6889216292 0.4978609323 0.7000466005 0.5002495474 0.5991210915 0.5000025532 0.4996887357 0.4999592244 0.5000961726 0.5005421978 0.3002397486 0.4999902523
0.6889216292 0.4353609322 0.7000466005 0.5002495474 0.5991210915 0.5000025532 0.4996887357 0.4997150837 0.5000961726 0.5005421978 0.3002397486 0.4999902523
0.6264216291 0.4978609323 0.7000466005 0.5002495474 0.5991210915 0.5000025532 0.4996887357 0.4999592244 0.5000351374 0.5005421978 0.3002397486 0.4999902523
0.6576716291 0.9978609327 0.7000466005 0.5002485937 0.5991210915 0.5000025532 0.4996887366 0.4999592281 0.5000351374 0.5005421941 0.3002397486 0.4999912060
0.6732966291 0.9978609327 0.7000466005 0.5002485937 0.5991210915 0.5000025607 0.4996887348 0.4999592281 0.5000351076 0.5005421941 0.3002397486 0.4999912060
0.6732966291 0.4978609323 0.7000467197 0.5002485937 0.5991210915 0.5000025607 0.4996887348 0.4999592281 0.5000351076 0.5005441015 0.3002397486 0.4999912060
0.6732966291 0.2479829949 0.7000467188 0.5002485937 0.5991208531 0.5000025607 0.4996887366 0.4999592281 0.5000351076 0.5005441015 0.3002397486 0.4999912060
0.6420466291 0.2479829940 0.7010232813 0.5002485937 0.5991208531 0.5000025458 0.4996887068 0.4999592281 0.5000351076 0.5005441015 0.2999956080 0.4999912060
0.1410700662 0.2467622908 0.7010194666 0.5002485937 0.5991208531 0.5000330633 0.4999328475 0.4999668575 0.5000351113 0.5005441164 0.2999956043 0.4999912060
0.1410701258 0.1841402214 0.7005311872 0.5002481169 0.5991208531 0.5000368780 0.4999366612 0.4999667383 0.5002945070 0.5000553471 0.2999956043 0.4999988205
0.1410701258 0.1841403406 0.7005311872 0.5002481169 0.5991208531 0.5000368780 0.4999366612 0.4999667383 0.5002945070 0.5000553471 0.2999956043 0.4999988205
0.0004451219 0.1528903424 0.7005388166 0.5002481169 0.5991208531 0.5000062413 0.4999366612 0.4999667383 0.5002946262 0.5000400892 0.2999956043 0.4999950058
0.0002009813 0.1528903462 0.7005397703 0.5002481169 0.5991208531 0.5000215000 0.4999366612 0.4999667383 0.5002946262 0.5000400892 0.2999958427 0.4999988168
0.0002009813 0.1841403313 0.7005397703 0.5002481169 0.5991208531 0.5000215000 0.4999366612 0.4999667383 0.5002946262 0.5000400892 0.2999958427 0.4999988168
0.0002009813 0.6841403317 0.7010280515 0.5002481169 0.5991208531 0.5041718907 0.4999366612 0.4999667401 0.5002943878 0.5000400892 0.2999996723 0.4999988205
0.0064264759 0.6843255010 0.7003295428 0.5001602429 0.5995308548 0.5000026054 0.4999156282 0.4988783575 0.5039121681 0.5003147996 0.3000477658 0.4998619570
0.0710245595 0.5593216862 0.7003303177 0.5004045009 0.5995327771 0.5000026054 0.4999308870 0.4988859859 0.5000063782 0.5003147996 0.3000477658 0.4998619570
0.0749384426 0.5593216862 0.7003293640 0.5004045009 0.5995327622 0.5000026054 0.4999308870 0.4988859859 0.5000063949 0.5003147996 0.3000477658 0.4998619570
0.0124384426 0.5593216862 0.7003293640 0.5004045009 0.5995327622 0.5000026054 0.4999308870 0.4988859859 0.5000059181 0.5003147996 0.3000477658 0.4998619570
0.0123163723 0.5593216862 0.7003296024 0.5004045009 0.5995308548 0.5000026054 0.4999308870 0.4988859859 0.5000059181 0.5003147996 0.3000477658 0.4998619570
0.0045038722 0.5593216862 0.7003296024 0.5004043835 0.5995308548 0.5000026054 0.4999308870 0.4988859859 0.5039121681 0.5003147996 0.3000477658 0.4998619570
0.0044733509 0.5593255009 0.7003296024 0.5004043835 0.5995308548 0.5000026054 0.4999156282 0.4988783565 0.5039121681 0.5003147996 0.3000477658 0.4998619570
0.0064264759 0.5593255009 0.7003295428 0.5001602429 0.5995308548 0.5000026054 0.4999156282 0.4988783565 0.5039121681 0.5003147996 0.3000477658 0.4998619570
0.0064264759 0.6843178716 0.7003295428 0.5001602429 0.5995308567 0.5000026054 0.4999156282 0.4988783575 0.5039121681 0.5003147996 0.3000477658 0.4998619570
0.0220510010 0.6862714735 0.7003295428 0.5001220959 0.5995308567 0.5000028401 0.4999156878 0.4990004278 0.5039064386 0.5003152764 0.3000477658 0.4998576655
0.0222950224 0.6862714735 0.7003295428 0.5001240033 0.5995461155 0.5000028401 0.4999156878 0.4990080572 0.5039064311 0.5003305352 0.3000477807 0.4998576655
0.0223026518 0.6862714735 0.7003295428 0.5001240033 0.5995461155 0.5000028550 0.4999156878 0.4990080572 0.5039064311 0.5003305352 0.3000477807 0.4998576655
0.5828400930 0.6861026722 0.7003276671 0.5000019348 0.5994259143 0.5000027358 0.4997325749 0.4990233150 0.5000001960 0.5000863946 0.3000468866 0.4998710616
0.8328400933 0.6861026722 0.7003276671 0.5000019339 0.5994259143 0.5000179945 0.4997325749 0.4990233150 0.5000002035 0.5000863946 0.3000468866 0.4998710616
0.8329011284 0.9361100615 0.7002056182 0.5000019264 0.5995479995 0.5000179945 0.4997328096 0.4990233150 0.5000078329 0.5000711358 0.3000468270 0.4998710616
0.8324128472 0.9361103000 0.7002056033 0.5000019339 0.5995479846 0.5000179945 0.4997328133 0.4990233150 0.5000078329 0.5000711358 0.3000468270 0.4998710616
0.8327790581 0.9370868625 0.7002056629 0.5000019339 0.5994259143 0.5000179945 0.4997328133 0.4990233150 0.5000078329 0.5000711358 0.3000468270 0.4998710616
0.8330254786 0.9997544736 0.7002056173 0.5000324440 0.5995479409 0.5000179368 0.4997327798 0.4990194966 0.5000002035 0.5000711284 0.3000487381 0.4999933182
0.8324128472 0.9361100615 0.7002056182 0.5000019339 0.5995479995 0.5000179945 0.4997328096 0.4990233150 0.5000078329 0.5000711358 0.3000468270 0.4998710616
0.8321709864 0.9997544717 0.7002056173 0.5000324440 0.5995479409 0.5000179368 0.4997327500 0.4990233113 0.5000002035 0.5000711358 0.3000487381 0.4999933182
0.8320489161 0.9997544717 0.7002056173 0.5000324440 0.5995479409 0.5000179368 0.4997327500 0.4990233113 0.5000002035 0.5000711284 0.3000487381 0.4999933182
0.8525397413 0.4134517158 0.6995075203 0.5000329218 0.5996092750 0.5000179294 0.4999159458 0.4999998738 0.5000083395 0.5000863825 0.3000466025 0.4999785344
0.8486504786 0.4996285881 0.7002056173 0.5000324440 0.5993648959 0.5000179294 0.4999149316 0.4990234305 0.5000002333 0.5000863825 0.3000487343 0.4999927240
0.8487725489 0.4996285881 0.7002056173 0.5000324440 0.5993648959 0.5000179294 0.4999149316 0.4990234305 0.5000001737 0.5000863825 0.3000487343 0.4999927240
0.8487725489 0.4998727287 0.7002056173 0.5000324450 0.5993648959 0.5000179294 0.4999149316 0.4990234305 0.5000001737 0.5000863825 0.3000487185 0.4999928358
0.8525397413 0.3822017157 0.6995227790 0.5005212030 0.5996055199 0.5000179294 0.4999159458 0.4999998747 0.5000083395 0.5000863825 0.3005196250 0.4999785344
0.8525397413 0.2572017156 0.6995227790 0.5005212030 0.5996055199 0.5000179294 0.4999159458 0.4999998747 0.5000083395 0.5000859094 0.3005196250 0.4999785344
0.8525569074 0.2572017156 0.6995227790 0.5005212030 0.5996055199 0.5000179294 0.4999159458 0.4999998747 0.5000083395 0.5000859094 0.3005196250 0.4999785344
0.8528010481 0.2572017156 0.6995227790 0.5005212030 0.5996055199 0.5000179294 0.4999159458 0.4999998747 0.5000083395 0.5000859094 0.3005196250 0.4999785344
0.8528010481 0.7573237864 0.6995227790 0.5005212030 0.5996055199 0.5000255578 0.4994276646 0.4990233122 0.5000688978 0.5000859094 0.3000313438 0.4999785344
0.8528010481 0.7572627512 0.6995227790 0.5005212030 0.5996055199 0.5000255578 0.4994276646 0.4990233122 0.5000688978 0.5000859094 0.3000313438 0.4999782960
0.8528010481 0.8822627514 0.6995227828 0.5005212030 0.5996050430 0.5000255578 0.4994276646 0.4990233122 0.5000688978 0.5000859094 0.3000313438 0.4999172608
0.8528009885 0.8822589367 0.6995237364 0.5005212030 0.5996050430 0.5000255578 0.4994276646 0.4990233122 0.5000688978 0.5000859094 0.3000313438 0.4999172608
0.8528009885 0.9135089367 0.6995237364 0.5005212030 0.5996050430 0.5000253194 0.4999159458 0.4990234314 0.5000688978 0.5000859094 0.3000275291 0.4999172608
0.8528009885 0.9760089367 0.6995237383 0.5005192957 0.5996050430 0.5000253194 0.4999159458 0.4990234314 0.5000688978 0.5000859094 0.3000275291 0.4999172608
0.6028009882 0.9760089367 0.6995237383 0.5005192957 0.5996050430 0.5000253194 0.4999159458 0.4990234314 0.5000688978 0.5000859094 0.3000275272 0.4999172608
0.6028620234 0.4760089363 0.6995237383 0.5005192957 0.5996050393 0.5000253194 0.4999159309 0.4990234314 0.5000688978 0.5000859094 0.3000275272 0.4999172608
0.6048151484 0.4760089363 0.6995237383 0.5005192957 0.5996050393 0.5000253194 0.4999769661 0.4990234333 0.5000688978 0.5000859094 0.3000275272 0.4999172608
