0.0009881584 0.4575809468 0.3983764354 0.2968728471 0.4998240876 0.5001280871 0.5000802218 0.7009883166 0.3031835913 0.7000964356 0.6998555555 0.3003347118
0.0022841264 0.0614632685 0.4006653991 0.2968737644 0.4999813135 0.5001234408 0.5001641777 0.5001223288 0.2968382829 0.5936270287 0.7000264392 0.2999856754
0.0048944084 0.2076140812 0.3983764391 0.2968728471 0.4999443102 0.5001280871 0.5000804528 0.7009845019 0.3011088691 0.7001422119 0.6999156370 0.3004548823
0.1816876579 0.9598764246 0.4008190710 0.2968744853 0.4997122898 0.5000471692 0.5001986143 0.5000635120 0.2968633448 0.5937423656 0.6996991380 0.3002970855
0.9850852061 0.9888850571 0.4022174770 0.2958943344 0.4994307547 0.5001274827 0.5004471042 0.5001377161 0.2968400273 0.5927114138 0.6991300627 0.3014381642
0.9990036078 0.2737840603 0.3973386738 0.2963118463 0.4988370133 0.5000264118 0.5003662123 0.5007410650 0.2968748541 0.5932269968 0.6992180419 0.2998976319
0.9981154613 0.0485957116 0.5002558385 0.4001023233 0.4996590265 0.2015040379 0.8125181457 0.7001956987 0.2967814964 0.1998014545 0.7031809731 0.4960377379
0.9644732587 0.0002340395 0.3991839312 0.2967515088 0.4999301997 0.5028508981 0.5000957116 0.5039064079 0.2968021038 0.5937404321 0.7012535471 0.3000162340
0.9531788220 0.6522121082 0.3984316852 0.2961945592 0.4999999707 0.5025636074 0.5005515157 0.5000951686 0.2968502550 0.7019449917 0.6998407186 0.3016786541
0.0000019278 0.0343246786 0.9015791238 0.2988013684 0.4979853271 0.7036161047 0.3135005090 0.6981798808 0.2967207919 0.6965402315 0.7076517955 0.9009407320
0.0048944084 0.4575809468 0.3983764354 0.2968728471 0.4998240876 0.5001280871 0.5000802218 0.7009883166 0.3031835913 0.7000964356 0.6998555555 0.3003347118
0.9983736947 0.9993281616 0.3920895936 0.3056869594 0.4996467880 0.8142941611 0.5020824191 0.5056355982 0.3002921495 0.5925780373 0.2070615973 0.3004761602
0.8983946172 0.8382287592 0.3973386440 0.2963234170 0.4995695245 0.5002624397 0.5001260056 0.5007410650 0.2968397618 0.5937459707 0.6991417778 0.3003248184
0.0704540220 0.0858057990 0.3981737442 0.2963629042 0.4999959837 0.5003666109 0.5005645989 0.5000646547 0.2968589275 0.6995076981 0.6998865276 0.3007830086
0.3393299620 0.9707975210 0.3992843324 0.2968666957 0.4993074383 0.5021189270 0.5001612189 0.5002443544 0.2968258860 0.5936875330 0.7012419260 0.3007371307
0.5863990836 0.9872765960 0.3992842617 0.2968666947 0.4998605694 0.5019968567 0.5013820264 0.5003663651 0.2968254539 0.5936837183 0.6992924816 0.3002481324
0.0238990821 0.9867885532 0.3992843213 0.2968666947 0.4998605694 0.5019968567 0.5011377814 0.5003663613 0.2968254539 0.5936846720 0.6992886818 0.3007364155
0.9488912308 0.2070843970 0.4011520663 0.2967364269 0.4999222946 0.5023775366 0.5002329820 0.5039755818 0.2968130711 0.5937260562 0.7012515354 0.2998866004
0.9744032323 0.7349959637 0.3010494302 0.2968556548 0.4990024227 0.5000364822 0.5000212588 0.7004723611 0.3012301217 0.6999825097 0.7017376113 0.3004464324
0.9489522660 0.2070843970 0.4011520663 0.2967363077 0.4999222946 0.5023776558 0.5002329820 0.5039755818 0.2968130711 0.5937260562 0.7012515354 0.2998865995
0.9613916548 0.1380167568 0.4004582739 0.2967336171 0.4998246548 0.5000546970 0.5000382750 0.5000044168 0.2967808324 0.5936627049 0.6999414151 0.3037136535
0.9644733164 0.1446430405 0.3991839321 0.2967524624 0.4999301997 0.5023778905 0.5000918997 0.5039140661 0.2968021038 0.5937251138 0.7012554544 0.2998865343
0.9645953858 0.2031757629 0.4011525581 0.2967372037 0.4999301624 0.5023776568 0.5000918959 0.5039140699 0.2968135479 0.5937270099 0.7012516546 0.2998865324
0.9020953857 0.2031757554 0.4011525581 0.2967372037 0.4999301624 0.5023776530 0.5000918959 0.5039140699 0.2968059185 0.5937270099 0.7012516546 0.2998865324
0.9016071045 0.2031757554 0.4011525581 0.2967372037 0.4999301923 0.5023776530 0.5000918959 0.5039140699 0.2968021038 0.5937251026 0.7012516546 0.2998865324
0.9016071045 0.2032367906 0.4011523159 0.2967372037 0.4999301923 0.5023776530 0.5000918959 0.5039140661 0.2968021038 0.5937251100 0.7012554693 0.2998855787
0.9020953867 0.2071430406 0.4011370571 0.2967372037 0.4999301923 0.5023776530 0.5000918959 0.5039140661 0.2968021038 0.5937251100 0.7012554693 0.2998855787
0.9645877573 0.2071430406 0.4011370571 0.2967372037 0.4999301923 0.5023776521 0.5000918959 0.5039140661 0.2968021038 0.5937251100 0.7012554693 0.2998865324
0.9644733164 0.1290180405 0.3991839321 0.2967524624 0.4999301997 0.5028661718 0.5000919006 0.5039140661 0.2968021038 0.5937251138 0.7012554544 0.2998865343
0.9644733164 0.1291400512 0.3991839321 0.2967524624 0.4999301997 0.5028661718 0.5000919006 0.5039140671 0.2968021038 0.5937251734 0.7012535471 0.2998865343
0.9644733183 0.1252338012 0.3991839321 0.2967515088 0.4999301997 0.5028508981 0.5000919006 0.5039064079 0.2968021038 0.5937404321 0.7012535471 0.3000162340
0.9644727818 0.2502340397 0.3991839312 0.2967515088 0.4999301997 0.5028508981 0.5000957116 0.5041505485 0.2968021038 0.5937404321 0.7011925119 0.2980631239
0.9634962193 0.2502340397 0.3991839312 0.2967515069 0.4999263850 0.5028508981 0.5000957116 0.5041505522 0.2968021038 0.5937404321 0.7011925119 0.2980631239
0.9861282809 0.3526975357 0.3983149774 0.2967944073 0.4988200250 0.5009844801 0.5001377785 0.5004963153 0.2968587794 0.5936841961 0.6992148801 0.3000308306
0.8720278813 0.3698027100 0.3968360465 0.2968745588 0.4980298248 0.5000173920 0.5003702096 0.5008622198 0.2967827872 0.5935048103 0.6990068478 0.2998406936
0.0893299618 0.9707975210 0.3992843324 0.2968664573 0.4993074383 0.5021189270 0.5001535895 0.5002443544 0.2968258860 0.5936875330 0.7012419260 0.3007371307
0.3373768370 0.9707975210 0.3992843324 0.2968666957 0.4993112530 0.5021189270 0.5001612189 0.5003664247 0.2968254092 0.5936884867 0.7012419260 0.3007371307
0.0873765984 0.9707974018 0.3992843324 0.2968666957 0.4993112530 0.5021189270 0.5001612189 0.5003664247 0.2968254092 0.5936884867 0.7012419260 0.3007371307
0.0864000358 0.9707974018 0.3992843287 0.2968666957 0.4993112530 0.5021189270 0.5001612189 0.5003664247 0.2968254241 0.5936884867 0.7012419260 0.3007371307
0.0863990822 0.9867885532 0.3992843213 0.2968666947 0.4998605694 0.5019968567 0.5013819220 0.5003663613 0.2968254539 0.5936846720 0.6992886818 0.3007364136
0.0863990822 0.9872768344 0.3992843213 0.2968666947 0.4998605694 0.5019968567 0.5013819220 0.5003663613 0.2968254539 0.5936846720 0.6992886818 0.3007364136
0.5863990836 0.9882531585 0.3992842654 0.2968666947 0.4993722881 0.5019892273 0.5013820264 0.5001260987 0.2968254241 0.5936684595 0.6992924816 0.3002481324
0.5861549429 0.9882531548 0.3992842654 0.2968666947 0.4993418897 0.5019892273 0.5013820338 0.5000040284 0.2968254241 0.5936684595 0.6993077404 0.3002481324
0.5861549429 0.8671594047 0.3992842654 0.2966225541 0.4993418897 0.5019892235 0.5004054713 0.5000040284 0.2968254241 0.5936589228 0.6993077404 0.3002481324
0.5861549578 0.8671594047 0.3992842654 0.2966225541 0.4993418897 0.5019892235 0.5004054713 0.5000040284 0.2968254241 0.5936589228 0.6993077404 0.3002481324
0.5861549578 0.3669152673 0.3992841462 0.2968740857 0.4993430818 0.5019892235 0.5004054713 0.5000040284 0.2968416366 0.5936607705 0.6997965143 0.3001260658
0.5625218661 0.2459620482 0.3981799431 0.2963781630 0.4999351385 0.5001224703 0.5005493700 0.5000646547 0.2968512981 0.6999955622 0.6997644871 0.2975138205
0.5861360706 0.4605436739 0.4009893158 0.2968740894 0.4993430874 0.5000356217 0.5004054713 0.5000041774 0.2968416217 0.5936607407 0.6998193876 0.3001260621
0.5861360706 0.4600553927 0.4009893158 0.2968740894 0.4993430874 0.5000356217 0.5004054713 0.5000041774 0.2968416217 0.5936607407 0.6998193913 0.3001260621
0.5626420077 0.0857905253 0.3981775589 0.2963629638 0.4999959837 0.5003666109 0.5008087396 0.5000799117 0.2967959850 0.6995076683 0.6998732059 0.3007830086
0.5051385495 0.2076140663 0.3983726244 0.2968728471 0.4999443102 0.5001280881 0.5000804528 0.7009845019 0.3011088672 0.7001727295 0.6999156444 0.3004548823
0.5255930103 0.4600553927 0.4009932498 0.2968666389 0.4998001051 0.5010121861 0.5003749239 0.5000039390 0.2962923053 0.5936646150 0.6998212949 0.3001260621
0.5182988276 0.1880182160 0.4010036862 0.2968348035 0.4999698172 0.5000353693 0.5001259237 0.5002523256 0.2968736247 0.5937497426 0.6991468740 0.3010603788
0.8673364947 0.1905212814 0.4009923035 0.2967407688 0.4998000902 0.5015233555 0.5001603472 0.5000039390 0.2967805865 0.5936646150 0.6998212949 0.3037137839
0.8673364947 0.1983337814 0.4009923333 0.2967407688 0.4997998518 0.5015233555 0.5001603472 0.5000039409 0.2967767718 0.5936646150 0.6998212949 0.3037137839
0.8517114947 0.1986999923 0.4005040521 0.2967407091 0.4998000902 0.5000585117 0.5000382769 0.5000039409 0.2967748645 0.5936627086 0.6998213117 0.3037137839
0.8517114947 0.2026215011 0.4005040521 0.2967407091 0.4997695726 0.5000585117 0.5000382769 0.5000039409 0.2967748645 0.5936627086 0.6998213117 0.3037137839
0.8519556353 0.2026224548 0.4005040521 0.2967407091 0.4997695726 0.5000585117 0.5000382769 0.5000039409 0.2967748719 0.5936627086 0.6998212521 0.3037137839
0.8539087603 0.2026224548 0.4005040521 0.2967407091 0.4997695726 0.5000585117 0.5000382769 0.5000039409 0.2967729646 0.5936627086 0.6998212521 0.3037137839
0.8539087603 0.2026243622 0.4005040521 0.2967407091 0.4997695726 0.5000585117 0.5000382769 0.5000039409 0.2967729646 0.5936627086 0.6998212521 0.3037137839
0.8539087594 0.1400022918 0.4005040521 0.2967407091 0.4997695726 0.5000585117 0.5000382769 0.5000039409 0.2967729646 0.5936627086 0.6998212521 0.3037137839
0.9457666547 0.1380167568 0.4004582589 0.2967336171 0.4998246548 0.5000546970 0.5000382750 0.5000044168 0.2967808324 0.5936627049 0.6999414151 0.3037136535
0.9722844660 0.9759220117 0.3984117176 0.2968663613 0.4979189797 0.5000001215 0.5005289414 0.5000696606 0.2968637294 0.1995754775 0.7001395614 0.3007821294
0.8228248039 0.9973747479 0.8999409433 0.2968231051 0.4978787336 0.5005735117 0.5002085236 0.5001440854 0.2963703464 0.5937242048 0.7005655986 0.2993505497
0.5713240090 0.0396433259 0.3970679831 0.2968056121 0.4982726383 0.5008626184 0.5000534714 0.5000095586 0.2968744825 0.5934288135 0.6987875856 0.3008061008
0.6025740091 0.0396433259 0.3970679831 0.2968056121 0.4982726383 0.5008621416 0.5000458420 0.5000095586 0.2968744825 0.5934288135 0.6987875856 0.3008061008
0.0022841264 0.1708382686 0.4006653991 0.2968737644 0.4999813135 0.5001234259 0.5001641777 0.5001223288 0.2968382829 0.5936270287 0.7000264392 0.2999856754
0.2522841266 0.0614632685 0.4006653991 0.2968737644 0.4999813135 0.5001234408 0.5001641777 0.5001223288 0.2968306535 0.5936270287 0.7000264392 0.2999856754
0.8125294957 0.2371729857 0.3981799431 0.2963781630 0.4999351385 0.5001224703 0.5005503236 0.5000646510 0.2968511789 0.6999955622 0.6997644871 0.2975138205
0.6240188727 0.0237840601 0.3973386738 0.2963118463 0.4988370133 0.5000264118 0.5003662123 0.5006189947 0.2968748541 0.5932577519 0.6992185188 0.2998981087
0.6240188727 0.0242723413 0.3973386738 0.2963118463 0.4988370095 0.5000264118 0.5003662123 0.5006189947 0.2968748541 0.5932577519 0.6992185188 0.2998981087
0.6238968024 0.0242723413 0.3973386738 0.2963118444 0.4988370095 0.5000264118 0.5003662123 0.5006189947 0.2968748541 0.5932577519 0.6992185188 0.2998981087
0.6238891730 0.0164598413 0.3973386738 0.2963118444 0.4988370095 0.5000264118 0.5003662123 0.5006189947 0.2968748541 0.5932577519 0.6992185188 0.2998981087
0.8738741529 0.0019506477 0.3973376904 0.2963118295 0.4968853169 0.5000569443 0.5003663902 0.5004971032 0.2968748541 0.5937460331 0.6992185188 0.3003253399
0.8912509949 0.5271966108 0.3984163072 0.2966831963 0.4999846970 0.5025636037 0.5005515176 0.5000927770 0.2968507263 0.7015175928 0.6998409272 0.3018159702
0.9880737765 0.3526975357 0.3983149774 0.2967944073 0.4988200250 0.5009844801 0.5001377785 0.5004963153 0.2967977443 0.5936841961 0.6992148801 0.3000308287
0.9870972140 0.3526975357 0.3983149774 0.2967944073 0.4988200250 0.5009844801 0.5001376593 0.5004963153 0.2968125262 0.5936841961 0.6992148801 0.3000313056
0.9871124728 0.3526975357 0.3982844599 0.2967944073 0.4988123956 0.5009844801 0.5001376593 0.5004963153 0.2968087115 0.5936841961 0.6992148801 0.3000313056
0.8678986587 0.9888888681 0.4002638752 0.2952839828 0.4974776334 0.5001274827 0.5004547336 0.5040444429 0.2968400273 0.5936879763 0.6991376902 0.3009498830
0.5676385496 0.2076140663 0.3983726244 0.2967507618 0.4999443102 0.5001280881 0.5000804518 0.7011065722 0.3011088672 0.7001727295 0.6999156444 0.3004548823
0.6025740091 0.0396423722 0.3970679831 0.2968056121 0.4982726383 0.5008621416 0.5000458420 0.5000095586 0.2968744843 0.5934288135 0.6987866319 0.3008061008
0.6025740091 0.0318298722 0.3970679905 0.2968056121 0.4982726383 0.5008545122 0.5000458420 0.5000095586 0.2968134492 0.5934288135 0.6987904466 0.3008061008
0.5626415234 0.0858057841 0.3981775589 0.2963629638 0.4999959837 0.5003666109 0.5008087396 0.5000799135 0.2967959850 0.6995076683 0.6998732059 0.3007830086
0.5704540234 0.0858057841 0.3981737442 0.2963629638 0.4999959837 0.5003666109 0.5005645989 0.5000646547 0.2968570202 0.6995076981 0.6998712986 0.3007830086
0.0704564360 0.2420557982 0.3981794663 0.2963629042 0.4999350081 0.5001224703 0.5005493253 0.5000646547 0.2968589238 0.6995000687 0.6997644871 0.2975061837
0.0704564360 0.2498682982 0.3981799431 0.2963629042 0.4999351273 0.5001224703 0.5005493551 0.5000646547 0.2968589238 0.6999881712 0.6997644871 0.2975061837
0.0625218656 0.2498682982 0.3981799431 0.2963629042 0.4999351273 0.5001224703 0.5005493551 0.5000646547 0.2968589275 0.6999958006 0.6997644871 0.2975061837
0.5625218661 0.2449854857 0.3981799431 0.2963781630 0.4999351385 0.5001224703 0.5005503236 0.5000646510 0.2968512981 0.6999955622 0.6997644871 0.2975138205
0.8125290189 0.2371729857 0.3981799431 0.2963781630 0.4999351236 0.5001224703 0.5005503236 0.5000646510 0.2968511789 0.6999955622 0.6997644871 0.2975138354
0.8144821439 0.2371729857 0.3981799431 0.2962560927 0.4999961588 0.5001224703 0.5005503236 0.5000646510 0.2968512087 0.6999955622 0.6997644871 0.2975128817
0.8145126615 0.2371729857 0.3981799431 0.2962560927 0.4999961588 0.5001224703 0.5005503236 0.5000646510 0.2968512087 0.6999955622 0.6997644833 0.2975128855
0.8145126615 0.1746729856 0.3984240819 0.2962551390 0.4999942486 0.5001224703 0.5005493700 0.5000646510 0.2968502550 0.6999917475 0.6998865546 0.2975128855
0.5676390264 0.2071260234 0.3983726244 0.2967507618 0.4999443102 0.5001280881 0.5000804518 0.7011065722 0.3011088672 0.7001727295 0.6999156146 0.3004548823
0.5676313970 0.2071260234 0.3983726244 0.2967507618 0.4999443102 0.5001280732 0.5000804518 0.7011065722 0.3011089939 0.7001727295 0.6999156146 0.3004548823
0.8195847606 0.2071260234 0.3983726244 0.2967507656 0.4999443102 0.5001280583 0.5000804518 0.7011065722 0.3011089939 0.7001727295 0.6999156146 0.3004548823
0.8195847606 0.1290010234 0.3983725052 0.2967507656 0.4999443102 0.5001280583 0.5000804518 0.7011065722 0.3011089939 0.7001727295 0.6999156146 0.3004548823
0.8195847644 0.1250947734 0.3983725052 0.2967507656 0.4999443102 0.5001280583 0.5000651930 0.7011065722 0.3011089864 0.7001732063 0.6999156146 0.3004548823
0.8195846452 0.1250947734 0.3983725052 0.2967507656 0.4999443102 0.5001280583 0.5000651930 0.7011065722 0.3011089864 0.7001732063 0.6999156146 0.3004548823
0.8195846452 0.6250945354 0.3983725052 0.2968728508 0.4999443102 0.5001280583 0.5000651930 0.7009845057 0.3011089864 0.7001656068 0.6999156146 0.3004548823
0.8195855988 0.6250945354 0.3983725052 0.2968728508 0.4999443102 0.5001280583 0.5000671023 0.7009844982 0.3011089864 0.7001656068 0.6999151378 0.3004548823
