0.0003120173 0.9909243099 0.4837162844 0.4933889895 0.5005295496 0.4974512369 0.0168484561 0.3166535239 0.5162379849 0.5337334988 0.2479923351 0.3031983648
0.4137999429 0.2320659638 0.4529188959 0.4955089069 0.5127588404 0.5014766776 0.6885765173 0.4976660046 0.5041054967 0.5366829164 0.4995718538 0.4994746945
0.0006754445 0.9228830327 0.4972887035 0.4989806986 0.2289226439 0.4840144967 0.5041578128 0.5011798316 0.4687097505 0.4986709631 0.5322278100 0.2475413459
0.9971779166 0.9980451493 0.4977836977 0.2455661076 0.4909333675 0.4990824056 0.5401948146 0.4981682212 0.2658014309 0.4946213937 0.5247405288 0.4516667970
0.9977178182 0.0015003188 0.4940080563 0.4997472255 0.5127286934 0.4993643933 0.5720682271 0.5010466934 0.5664519440 0.5002524522 0.5005495655 0.4998651533
0.2527067394 0.7135992746 0.5214971327 0.4988208753 0.5205440591 0.5650545466 0.5806300301 0.4979225746 0.5001439429 0.5011029267 0.5001270822 0.4985758164
0.4677326665 0.6105599651 0.4849473587 0.4882163801 0.5665914440 0.5025792127 0.5183765800 0.4269606149 0.5256841784 0.5406665816 0.3659865133 0.4972870112
0.5184137994 0.1090157080 0.4866623036 0.4374482710 0.4916951782 0.4824178261 0.5087945466 0.4821736668 0.5624731272 0.4828720842 0.5010081916 0.4721739315
0.4979619584 0.0000354750 0.4783830563 0.4997472255 0.5127286934 0.4993643942 0.5720682271 0.5010466934 0.5664517056 0.5003134278 0.5005495581 0.4979120283
0.6712784308 0.8862839657 0.4959396147 0.4953446225 0.5400705799 0.4640836003 0.5156567474 0.5009858147 0.5041606915 0.5937525663 0.5042654299 0.4998556846
0.7424099434 0.2516585842 0.4959357218 0.4994520829 0.5041561290 0.4994713790 0.5002396195 0.4580911831 0.5113945459 0.5022328072 0.5098424894 0.4989500842
0.5852490026 0.0570232487 0.4977199496 0.4952937816 0.4435552782 0.5001510778 0.4991976009 0.4274956839 0.4675911735 0.4794521243 0.5632588971 0.5260625375
0.5585085876 0.4485998903 0.5007546735 0.4989963979 0.4960865038 0.4764967090 0.5043998226 0.6250048956 0.5035724579 0.5634968379 0.5040522241 0.4994409098
0.5493548359 0.2892977225 0.5010338840 0.4676166693 0.4843564858 0.4999172748 0.5493712337 0.5158722629 0.5411232333 0.5326415575 0.5003040996 0.4999060011
0.6173776059 0.5707114959 0.4917648896 0.4988670447 0.4994292050 0.4989350983 0.5727851741 0.5099339183 0.4997762092 0.4959010896 0.5001301137 0.4685820178
0.5432303693 0.4006937420 0.4943372472 0.4817232662 0.4332520603 0.5709043085 0.4872423108 0.4989466206 0.5480608768 0.5722908746 0.5047163614 0.5697229016
0.5432303693 0.9006937425 0.4943372472 0.4973482960 0.4332520603 0.5709043085 0.4872423108 0.4989466206 0.5480598039 0.5722908746 0.5047163614 0.5072229016
0.5738266302 0.8551218555 0.4943642369 0.4997039544 0.4916990451 0.4511106801 0.5322392625 0.4811394126 0.5604584902 0.4789963891 0.5087913652 0.4715312938
0.5738266302 0.8707468555 0.4948524064 0.4999480951 0.4916990451 0.4511106801 0.5322392625 0.4826042563 0.5604737490 0.4789963891 0.5087913652 0.4793437929
0.5606253888 0.9631862323 0.4982434972 0.4934420460 0.4374019591 0.5708737798 0.4873033459 0.4999232129 0.5324271447 0.5332131139 0.5047168392 0.5033156979
0.7911246566 0.9636592548 0.4982437356 0.4929537647 0.4374019591 0.5708699614 0.4873028691 0.4686426953 0.5343651302 0.5332129947 0.5046548541 0.5033156979
0.6040995872 0.6051218553 0.4943642369 0.4372344720 0.4916989845 0.4823606056 0.5400523586 0.4811394089 0.5604565829 0.4789963891 0.5087989946 0.4715312938
0.5728495871 0.6051218553 0.4943642369 0.4372344720 0.4916990441 0.4823606205 0.5400523586 0.4811394089 0.5604565829 0.4789963891 0.5087989946 0.4715312938
0.8849213420 0.1745420323 0.4985109041 0.4608710087 0.5004074373 0.5087930109 0.5628179717 0.4640413667 0.4988304996 0.5362683772 0.4825466773 0.4850415443
0.9479751847 0.2861745910 0.4998767222 0.4998204638 0.5002871933 0.4980297000 0.5023052958 0.4878784655 0.5145273465 0.5098962938 0.5164811178 0.4992541666
0.3427326664 0.6105523357 0.4928742996 0.4882163801 0.5666219616 0.5650811201 0.5183764608 0.4991652067 0.5002935552 0.5406667008 0.3503691436 0.4975387813
0.5294210972 0.2260565657 0.4980448619 0.4955836604 0.4985760092 0.5003930270 0.4371996507 0.4989767247 0.4983405047 0.4577515064 0.5042971526 0.5860660510
0.5764454115 0.1755148370 0.4996638331 0.4843544257 0.5042468230 0.4190330202 0.5121806502 0.5393350902 0.5010051881 0.5002352954 0.5005553407 0.4984865920
0.5764415968 0.1755148370 0.4996638331 0.4843544257 0.5042468230 0.4190330202 0.5121806502 0.5393350902 0.5010051881 0.5002352935 0.5005553407 0.4984866069
0.5769298930 0.1755148370 0.4996638331 0.4843544257 0.5042468230 0.4190330202 0.5121806502 0.5393617931 0.5010051881 0.5002352935 0.5006774110 0.4984866069
0.7881435145 0.6403819841 0.4979525809 0.4957670285 0.4903682559 0.5001358171 0.4996549920 0.4899951327 0.4670483092 0.4784603030 0.5625169534 0.5255130497
0.5723556677 0.3083274284 0.4996562186 0.4842475992 0.5000431421 0.4214744190 0.5081828772 0.5079630199 0.5010490571 0.5002047461 0.5015469254 0.4989751228
0.0008002985 0.9967836849 0.4837162844 0.4972647219 0.5007890086 0.4974517138 0.0637234562 0.3166611533 0.5203883792 0.5337334997 0.2480075920 0.3031983667
0.0006754454 0.8012740601 0.4963292475 0.2499566313 0.2296560250 0.4972071550 0.5061073038 0.5343793803 0.4994714702 0.4967788956 0.5325863925 0.4980143686
0.7641791736 0.0181681803 0.4908738169 0.4831380141 0.5677224012 0.4367346460 0.5118221282 0.5081115845 0.5322399629 0.5023638946 0.5006171302 0.4945460209
0.5294210972 0.2221522231 0.4980448601 0.4955836884 0.4986656546 0.5023461520 0.4372149095 0.4989754134 0.4983080779 0.4860756337 0.5042971526 0.5860661106
0.5294210972 0.7260565662 0.4980448601 0.4955836902 0.4986656546 0.5003930270 0.4372149095 0.4989772015 0.4983080798 0.4850990712 0.5042971526 0.5860660510
0.5294210972 0.7221503162 0.4980448601 0.4955836884 0.4986656546 0.5003930270 0.4372149095 0.4989772015 0.4983080798 0.4850990712 0.5042971526 0.5860660510
0.5647261250 0.3082969108 0.4997172537 0.4842323405 0.5001041810 0.4195213014 0.5082133948 0.5393350902 0.5010032807 0.5002352656 0.5014861268 0.4989901432
0.5647261250 0.3004844108 0.4997172537 0.4842323405 0.5001041810 0.4195213014 0.5082133948 0.5412882152 0.5010032807 0.5002352656 0.5014861268 0.4989901432
0.8186328521 0.4255148372 0.4996638554 0.4843544257 0.5003406922 0.4190330202 0.5121196150 0.5393350902 0.5010051881 0.5002352954 0.5004943055 0.4989748732
0.3821376528 0.0101940250 0.4979831600 0.4943172052 0.4435552484 0.5001358171 0.4992277459 0.4275104063 0.4655786971 0.4491948992 0.5005052346 0.5260010255
0.1752903230 0.0005790722 0.4633331285 0.4784987033 0.5327800638 0.4976995434 0.5029868004 0.5047881375 0.5686547016 0.5786347665 0.3365079820 0.4977672831
0.3977624154 0.0106823063 0.4979793453 0.4943172042 0.4435552484 0.5001358171 0.4991667108 0.4275104063 0.4675318221 0.4491929919 0.5630052346 0.5260010255
0.8598365112 0.0219719522 0.4993724502 0.4818561594 0.5000714953 0.5011540479 0.5001391056 0.4759493819 0.5024814722 0.5234799502 0.5078947912 0.4993552626
0.6979751845 0.2861745910 0.4998767222 0.4998204657 0.5002871933 0.4980297000 0.5023052883 0.4878784693 0.5145273465 0.5098963534 0.5165421530 0.4992541666
0.5493548359 0.0392977223 0.5010338840 0.4676166693 0.4843564858 0.4999172748 0.5493712337 0.5158703556 0.5411232333 0.5326415575 0.5003040996 0.4999060011
0.0126223788 0.0110982284 0.3915493082 0.4955893601 0.4834970920 0.4997908887 0.7269787991 0.4135594819 0.4911748352 0.4253218243 0.6047450980 0.5109883002
0.0126223788 0.0110972785 0.3915493082 0.4956046180 0.4834970920 0.4997908887 0.7269787842 0.4133153413 0.4911748948 0.4253199170 0.6047374612 0.5107443980
0.0126214251 0.0737194680 0.3915491294 0.4999981956 0.4815429463 0.4995467034 0.6024670653 0.4133153413 0.4830572191 0.3916285349 0.5422443753 0.5107444055
0.5282464256 0.0737194680 0.3915529460 0.4999981211 0.4815429463 0.4917342053 0.6024671063 0.4133153413 0.4830572191 0.4541285350 0.5422443753 0.5108664907
0.5282465448 0.0112042092 0.3915529460 0.4999981807 0.4815429761 0.4917342053 0.6024671063 0.4289403431 0.4830572191 0.4541285350 0.5422596340 0.6358664908
0.0013830122 0.5290061669 0.4676640094 0.4940737751 0.4764845897 0.4997412884 0.5004900028 0.4040215438 0.4999703816 0.4984183065 0.5317797368 0.5000060718
0.8451575561 0.0063469540 0.4993714816 0.4818561594 0.5000714953 0.5011540479 0.5001391056 0.4759493819 0.5026950971 0.5244565127 0.5078947912 0.4998435737
0.7996637996 0.1051094580 0.4866470448 0.4374482720 0.4916951782 0.4824178261 0.5087945503 0.4821736668 0.5624731272 0.4828720842 0.5088206916 0.4722044491
0.8621637997 0.1051094580 0.4866470448 0.4374482720 0.4916951782 0.4824216408 0.5088326973 0.4821736687 0.5604589671 0.4828720842 0.5088206916 0.4722044491
0.8617896362 0.0219719541 0.4993724502 0.4818561594 0.5000714953 0.5011540479 0.5001391056 0.4759493819 0.5024509546 0.5234799502 0.5078947912 0.4993552626
0.8700589145 0.0007317439 0.4973837263 0.4826036668 0.5004691700 0.5090105510 0.5002687830 0.4699680260 0.5175953037 0.5011412022 0.5078938366 0.4175657988
0.8699762997 0.1051094580 0.4867691151 0.4374787895 0.4916951773 0.4823606056 0.5400826973 0.4821121567 0.5604584902 0.4828721140 0.5088283210 0.4712279015
0.8540995874 0.6051218553 0.4943680516 0.4372347104 0.4916989845 0.4823606056 0.5400523586 0.4811394089 0.5604565829 0.4829026391 0.5087989946 0.4715312938
0.8220070180 0.8726997402 0.4948540158 0.4960408914 0.4906891039 0.4508666587 0.5323537034 0.4826042563 0.5287430971 0.4868093659 0.5246643205 0.4793438487
0.8682716665 0.9980432419 0.4977836977 0.4955660789 0.4909333601 0.4990824056 0.5323823146 0.4981672675 0.5277643889 0.4946213937 0.5247405549 0.4519109376
0.3469426998 0.0704386756 0.4916895148 0.4683964303 0.5002151276 0.5376120969 0.5010402226 0.4991366831 0.4677204904 0.5001348290 0.4959411225 0.4914100575
0.9993226333 0.0718752696 0.4988215440 0.4647628688 0.4919099617 0.4999141148 0.5020553567 0.4786142683 0.4365159426 0.4984512529 0.6494200869 0.4929796983
0.4759630761 0.0707991683 0.4822505857 0.4640333415 0.5051987949 0.5017702854 0.5161408144 0.4836314483 0.5644713003 0.5413632370 0.5002026926 0.4841731996
0.4646580000 0.5634841272 0.4987021354 0.4842941505 0.4841213035 0.4997920818 0.5657460192 0.4788580476 0.4335795803 0.4930193028 0.6406396084 0.4852282298
0.4646427412 0.5637282679 0.4987021354 0.4999191505 0.4841289329 0.4995174236 0.5657460192 0.4788580476 0.4335833950 0.4930193028 0.6406396084 0.4852282298
0.4685489912 0.5637282679 0.4986983207 0.4999344093 0.4840984153 0.4838924236 0.5657460192 0.4788580476 0.4335833950 0.4930193028 0.6406396084 0.4852282298
0.6173775854 0.6507893825 0.4976632758 0.4989891448 0.4993986874 0.4989679852 0.5727846972 0.5082249339 0.4958699592 0.4959087041 0.5001911451 0.4685820159
0.6171945097 0.0102256555 0.4968089028 0.4990120330 0.4954924374 0.4989670315 0.5649723127 0.5082249330 0.4958699592 0.4997844328 0.5020221998 0.4685972710
0.5879806677 0.3083274284 0.4996562186 0.4842475992 0.5000431412 0.4214744190 0.5081828772 0.5079630199 0.5010490571 0.5002047461 0.5015469254 0.4989751228
0.5801681677 0.3083274284 0.4996562186 0.4842475992 0.5000431412 0.4214744190 0.5081828772 0.5079630199 0.5010490571 0.5002047461 0.5015469254 0.4989751228
0.8305156751 0.2836601849 0.4837454245 0.4935096237 0.5313365148 0.5010319776 0.5003751251 0.4993558875 0.5024502394 0.5236935620 0.5234435047 0.4759177589
0.8266781008 0.0181070818 0.4986863169 0.4831380141 0.5052224011 0.4367365534 0.5118144988 0.5081115845 0.5322399629 0.5023638946 0.5006163777 0.4944277652
0.8266782200 0.0181071414 0.4986863169 0.4831380141 0.5052224011 0.4367365534 0.5118221282 0.5081115845 0.5322399629 0.5023638946 0.5006173388 0.4944277652
0.2739443288 0.1739261133 0.4911637357 0.4830121887 0.5012865872 0.4992612279 0.5352596301 0.5079914234 0.5009905589 0.5021197540 0.5006154315 0.4828432747
0.7285234590 0.0973348870 0.4905957351 0.4998204396 0.5041669770 0.4967801268 0.5023987410 0.4893447398 0.5105252420 0.5021164571 0.5157782636 0.4997422439
0.6458584793 0.0161515363 0.4879037565 0.4956912161 0.5014211847 0.4953501006 0.5068629910 0.5350343786 0.5992575582 0.5001856596 0.5084629455 0.4683696232
0.9901549052 0.7340811954 0.4997084425 0.4999959427 0.5021224073 0.4367475402 0.5042755255 0.5031978930 0.5176208210 0.5352254087 0.5063824575 0.4943511807
0.9979619589 0.0000354750 0.4783830563 0.4997472255 0.5117521309 0.4993643942 0.5720682271 0.5010466934 0.5665737759 0.5003134278 0.5005495581 0.4979120283
0.4977178178 0.0005237563 0.4783830563 0.4997472255 0.5127286934 0.4993643942 0.5720682271 0.5010466934 0.5664517056 0.5003134874 0.5005495581 0.4998651533
0.9979695883 0.0000354750 0.4783830563 0.4997472404 0.5117521309 0.4834952536 0.5715799458 0.5010466636 0.5665737759 0.5003134278 0.5005495581 0.4979120283
0.9979705419 0.0078479750 0.4783830563 0.4841222404 0.5117521309 0.4834952536 0.5715799421 0.5010466636 0.5626675259 0.5003134203 0.5005495581 0.4979120283
0.9979695883 0.0078479750 0.4778947751 0.4841222404 0.5039396309 0.4834952536 0.5715799421 0.5010466636 0.5626675259 0.5003134203 0.5005495581 0.4974237471
0.9979695883 0.5078632343 0.4935274045 0.4841222404 0.5039398694 0.4834952536 0.5715799421 0.5010457099 0.5626675259 0.5003134203 0.5005495581 0.4974238663
0.3363954549 0.9339006449 0.4838694143 0.3740191621 0.5035712752 0.4955107677 0.5078796339 0.5048831315 0.5095215519 0.5156352953 0.4996978934 0.4530881228
0.0003120173 0.9987368099 0.4837162844 0.4972952395 0.5005448083 0.4974517138 0.0012234561 0.3166611533 0.5203883755 0.5337334988 0.2479923333 0.3031983648
0.0003120173 0.9967836849 0.4837162844 0.4972647219 0.5005448083 0.4974517138 0.0012234561 0.3166611533 0.5203883792 0.5337334988 0.2479923333 0.3031983667
0.7458273431 0.0323293526 0.4998767362 0.4890858517 0.5003043595 0.4979075664 0.5165875158 0.4917235416 0.5062447130 0.5109344130 0.5160653009 0.4993762351
0.7145773430 0.0323294718 0.4998767362 0.4900624105 0.5002891007 0.4979075664 0.5165875149 0.4917235416 0.5062265634 0.5099573736 0.5160653009 0.4994983054
0.6174099432 0.3610335843 0.4999640421 0.4994520829 0.5041561290 0.4994713790 0.5002014725 0.4893411831 0.5113945161 0.5022404366 0.5098424894 0.4989482812
0.5493548322 0.1642977820 0.5010338840 0.4051166674 0.4843564858 0.4999172748 0.5493712337 0.5158703593 0.5020607314 0.5325194872 0.5315540997 0.4999059965
0.3536235367 0.0723733539 0.5023665135 0.4969283245 0.4523906637 0.4936341667 0.5015526922 0.5080728582 0.5031984900 0.5008369922 0.5002105949 0.4950060225
0.0136312386 0.8021214696 0.5071050436 0.4987297389 0.5003782385 0.5137993288 0.5158086359 0.3737555559 0.6251691604 0.5020610350 0.5003138320 0.4990681824
0.8461646362 0.0219719541 0.4993724502 0.4818561594 0.5000714953 0.5011540479 0.5001391056 0.4759493819 0.5024509565 0.5234799502 0.5078947912 0.4993552626
0.8461341186 0.0219719541 0.4993724502 0.4818561594 0.5000714953 0.5011540479 0.5001391056 0.4759493819 0.5024509565 0.5234799502 0.5078947912 0.4993552924
0.7836341185 0.0219719541 0.4524974501 0.4818561594 0.5000714953 0.5011540479 0.5001391056 0.4759493782 0.5024509565 0.5234799502 0.5078947912 0.4993552924
0.8461341186 0.0063469540 0.4993714965 0.4818561594 0.5000714953 0.5011540479 0.5001391056 0.4759493819 0.5026950971 0.5244565127 0.5078947912 0.4998435737
0.8441809936 0.0063469540 0.4993714816 0.4818561594 0.5000714953 0.5011540479 0.5001391056 0.4759493819 0.5026950971 0.5244565127 0.5078947912 0.4998435737
0.0046623852 0.2318615878 0.4372621891 0.4997018981 0.5015738686 0.6255685125 0.5059971982 0.4763087923 0.6273584605 0.5237298827 0.5314715230 0.4950216566
