-17.9759133471 -3.8572549026
-15.1941539915 -7.2212460522
-18.6272539517 -1.1729932069
-18.3434257544 -2.4482434536
-18.4749641307 -1.8146835969
-18.4503767168 -1.9191041930
-13.1740148368 -8.9889043717
-12.9585271820 -10.0330985763
-12.9603196256 -10.0205004504
-12.9603195163 -10.0205012272
-12.9603198131 -10.0204998939
-12.9603215623 -10.0204874651
-12.9567342696 -10.0454229284
-12.9355100834 -10.1298037308
-12.9354341686 -10.1300260202
-12.9363278791 -10.1240244877
-12.9363266926 -10.1240279572
-13.0822424557 -9.8612683096
-12.9032909732 -10.2588147943
-12.9033654807 -10.2584562499
-12.8985835962 -10.2802278216
-12.8985840514 -10.2802274823
-12.8985840696 -10.2802274024
-15.4647269635 -6.1774042895
-13.0847650862 -9.6155793198
-13.2678617726 -7.4987506105
-13.2544941449 -8.0227903184
-13.2678717065 -7.4986486845
-13.2732476651 -7.4709164501
-13.2729891494 -7.4726936316
-13.2728299016 -7.4743251826
-13.2721653936 -7.4776095110
-13.2721852985 -7.4774054814
-13.2821182171 -7.3758643667
-13.2821559877 -7.3754790950
-13.2822885496 -7.3745833582
-13.2822812090 -7.3746041150
-13.2540544391 -8.0277024819
-13.0587685457 -9.9635880682
-12.9974986344 -9.9957669397
-12.9975009555 -9.9957420301
-13.2248828362 -8.3738711929
-15.6756800535 -5.1586871772
-15.9990860075 -3.9699869878
-15.9969330440 -3.9760046928
-15.9969296206 -3.9760189953
-15.9454151251 -4.1255574901
-15.9453816854 -4.1256599414
-15.6774330445 -5.1511221003
-15.6778713591 -5.1491551971
-15.6778712520 -5.1491556810
-15.6778716801 -5.1491537455
-15.6944822400 -5.0744654183
-15.6944805277 -5.0744731603
-15.6950000772 -5.0721570363
-15.6287480059 -5.3767181423
-15.6287439784 -5.3767382798
-15.6287302807 -5.3768001992
-15.6357469393 -5.3412782822
-15.6356824927 -5.3415827729
-15.6192003246 -5.4199070340
-15.6192551692 -5.4195996463
-15.6192585813 -5.4195804944
-15.6192425010 -5.4196567770
-15.6192425167 -5.4196567020
-15.6192699392 -5.4195028217
-15.6188311920 -5.4219511332
-15.6844347452 -5.1160557807
-15.7010453149 -5.0419508806
-15.9669857091 -4.0445944408
-15.9659141475 -4.0478013198
-15.9680574015 -4.0413938416
-15.9682081188 -4.0409442610
-15.9611918031 -4.0760850538
-15.4292390191 -6.3508225644
-15.4362553386 -6.3157009951
-15.4503085386 -6.2230213323
-15.4362519110 -6.3157200077
-15.4502776336 -6.2232759402
-15.4502226851 -6.2236940626
-15.4461963055 -6.2429836677
-15.4461963592 -6.2429832595
-15.4466995491 -6.2405759733
-15.4387915847 -6.2962043571
-15.3109723265 -6.8553221901
-15.3109742617 -6.8553149306
-15.2579265189 -7.0436397212
-15.2792160337 -6.9425024795
-15.2792141061 -6.9425088452
-15.2792140525 -6.9425091913
-15.2790906917 -6.9429164729
-15.3424982223 -6.7059846599
-15.8679806485 -4.3308617863
-15.8679641062 -4.3309213679
-15.8747954082 -4.2724680126
-15.8747943744 -4.2724717365
-15.8747944013 -4.2724715358
-15.7116967535 -4.9633759735
-15.7116968603 -4.9633757045
-18.6230424119 -1.1893284673
