3.8904252177 4.0934861181 3.9194974339
3.5190319695 5.0397077473 2.7847494229
2.4446460969 5.1942226112 4.1803198356
4.3843331128 3.3220530096 3.9361102834
4.7599824078 3.2522858341 3.6127651104
2.3915141447 2.1950675802 7.4378710740
2.0103364028 4.2321242937 6.8581864360
2.6797807167 4.6268519858 5.7202574130
3.6666581408 4.5188561221 3.9992660445
4.5295727831 2.7601040038 4.2637340001
4.4270652548 3.8768197375 3.9269687595
9.1618245819 2.4815725249 2.6822493088
6.2396758173 4.8869877062 2.1545424238
5.2195105122 3.3735200512 2.8435452513
2.3839659976 2.6525884180 7.2517908799
2.8474088624 1.9015906700 7.2407618429
2.2567280640 7.3234118794 4.2819833884
3.7116680566 8.7490819793 2.6533012806
4.8094041062 2.4537648479 5.0254806105
7.2236740205 4.4448907477 2.6675734092
3.6547102585 8.7890725200 2.7043849535
3.2487876872 2.3570477992 5.3894871347
2.8070238209 4.6268492718 5.3647294993
2.0410179329 6.3825820896 5.7514515132
2.1055666988 6.1936277533 4.8440252661
2.1172940041 6.8141065596 4.6794555955
2.9988817380 9.2605264969 3.2923932109
3.1651506741 4.6907830051 2.8374044815
2.5660957388 7.8512695033 3.9628570675
2.8610167288 10.2592893932 3.1886398143
6.1198542011 5.6507024220 1.9480750284
7.2054379136 4.3612937519 2.8138573094
7.2025417810 4.3867086656 2.8128505265
6.2346309023 1.9584795557 6.8659783598
7.0324482082 1.9799774045 6.3206149597
7.0935243075 1.6404195226 6.9843639940
4.7783579569 2.5515918159 3.4661156694
6.2263232849 1.9277338550 6.9284554084
7.7105825371 1.5464386601 6.2964967951
3.5724166662 10.2927943479 2.5923376122
2.7328778921 8.2023589466 3.4015886932
2.5841076100 8.2681509392 3.9345948421
3.4870583411 10.1720056116 2.8275163715
2.9404697188 10.2418847126 3.1888261414
3.1313698743 10.2420346749 3.1311848039
3.1489597773 9.2604916280 3.2929917526
3.1502718881 5.2954253774 3.1335761780
4.0712361660 8.2362584091 2.6562428152
3.9602356341 9.8465492669 2.4740561954
5.2674696720 5.7922816754 2.4195996334
7.8873840076 5.7013923091 1.9480610944
7.9093011220 6.2915437285 1.9477123798
4.3833189668 4.0067299202 3.9361102665
4.4584873923 3.4730428897 3.9355588915
4.3508115334 2.9895793610 4.1556149275
3.8903718606 3.0536850561 4.1929282304
5.4456382945 2.8364923734 2.8407599967
4.9133245269 2.5478939154 3.3133635558
5.0637942851 2.9130816217 3.0541576600
5.0618442886 4.4445335325 3.1908552968
5.0618201028 4.4445244067 3.1914796293
5.0555391711 4.4444806037 3.1928486057
5.0561412399 4.4418322327 3.1990453598
4.3731363372 4.5210575009 3.8846022774
3.8852407533 4.4961933581 3.9058214322
3.6954466656 4.6687492622 2.7246044567
3.1651406137 4.6908860389 2.8334311972
3.2993232773 4.6904165307 3.6704507039
3.0811179977 5.9389097483 3.7664512011
2.7730499638 4.9988097177 4.1795697738
2.1033618142 5.4975468623 5.3584519655
1.7002423905 4.5861947140 5.7938366181
2.2002053243 3.9274004037 8.0309305917
1.6748145345 5.4256631304 5.7870979497
2.7515360056 2.3994251045 5.8116545457
2.7134570111 4.4847216674 6.5080062656
2.1826825887 4.2316396676 6.8581912213
2.3808014370 2.6525016240 7.2517909124
2.8067061532 4.8890971231 5.6444470250
2.1033618030 6.1939346311 5.4314070740
2.3174712450 6.8140836308 4.6792234487
2.3110275813 6.7944071105 4.7294410836
1.7337413436 7.4106848037 4.1107593472
2.2567280640 7.3218967002 4.2820511324
1.6745194544 5.4260498455 5.7871623948
1.7001506717 5.4084442765 5.7947598951
1.7002426684 4.5861440604 5.7938361303
3.1669741170 2.3994251045 5.7367125340
3.1551324479 2.3973134673 5.7419432712
3.2487890794 2.3570369520 5.0884326556
3.8851758140 3.0536847061 4.3258185728
2.7629640192 5.1124564353 4.1795674411
2.4550091085 5.1781238310 4.1715761537
2.9671745324 6.3272054195 4.1044516896
3.0075540338 6.0254053945 4.1053033378
2.9282419555 6.0254352170 4.1049103155
2.8485106148 7.5430732871 4.1047891705
2.8485105492 7.5588624442 4.1039683918
2.8085510707 7.6147507822 4.0413402687
1.5778167507 7.4098515981 4.7388938839
