0.7814734098 0.1472100410
0.8203651563 0.1396147248
0.0695996620 1.0508979304
0.7797801813 0.1530088243
0.7795953994 0.1560672673
0.7797771672 0.1553340035
0.7801401547 0.1521441094
0.7799352935 0.1525140142
0.0605717207 1.2041752873
0.0605719386 1.2041691469
0.0605608439 1.2430019542
0.0589365739 1.2472987009
0.2402578472 0.7291878394
0.0909163488 1.0214818362
0.5279405752 0.4641725060
0.7823858081 0.1458304906
0.7841316805 0.1423916373
0.7790377674 0.1633463848
0.7777618687 0.1716446104
0.7776843737 0.2938544659
0.7776916097 0.2929973768
0.7777216132 0.2898639532
0.7777212559 0.2898690648
0.7777190605 0.2910641426
0.7790449551 0.1632439022
0.7790098154 0.1656552472
0.7778858186 0.1711986224
0.7777609042 0.1733586056
0.7777609603 0.1730216975
0.7777610479 0.1722239727
0.7778858734 0.1694666082
0.7780783185 0.1665957967
0.7780829739 0.1665594891
0.7780778702 0.1672681819
0.7841321726 0.1420277675
0.8028858477 0.1402414355
0.8202674853 0.1399328439
0.8275284542 0.1395416668
0.8210347009 0.1396147082
0.8268818153 0.1396139654
0.8271115511 0.1396137213
0.8270915754 0.1396137214
0.8274983824 0.1395418349
0.8273939935 0.1395627527
0.7941048891 0.1411749170
0.8011824497 0.1402672894
0.7942950697 0.1406227725
0.7951965285 0.1406174985
0.7954540073 0.1405516654
0.7965312311 0.1404939393
0.7965248406 0.1405059429
0.7965251219 0.1405054862
0.7954537154 0.1405860626
0.7952144871 0.1406174908
0.7942969451 0.1406227612
0.7831256391 0.1439797073
0.7806997342 0.1484359963
0.7806322883 0.1494538577
0.7823115712 0.1462995627
0.7828880907 0.1441626128
0.7831520296 0.1439785295
0.7832401053 0.1439621427
0.7832402317 0.1439603397
0.7833292773 0.1433295991
0.7833261536 0.1433491817
0.7841395652 0.1419971026
0.7841558732 0.1418500391
0.7827546972 0.1443934372
0.7825197792 0.1449599578
0.7828189107 0.1443934339
0.7826886587 0.1446579681
0.7825132840 0.1455267986
0.7825073788 0.1455794536
0.7825091727 0.1455790441
0.7823200972 0.1461518943
0.7823032561 0.1463116413
0.7821484608 0.1467304325
0.7814734033 0.1472100697
0.7821598985 0.1467303878
0.7816765888 0.1471125879
0.7816739800 0.1471131818
0.7807046890 0.1484349891
0.7804168510 0.1504794579
0.7795160983 0.1562805940
0.7794355987 0.1594698101
0.7794353294 0.1612325755
0.7794353287 0.1612912167
0.7794349857 0.1612974910
0.7794347288 0.1612980820
0.7794362544 0.1573037558
0.7797801809 0.1538118597
0.7804168583 0.1504794560
0.7795934528 0.1562662076
0.7795946656 0.1562591126
0.2311791797 0.7915868920
0.4263032931 0.5110576836
0.2329192328 0.7443467191
0.2905771813 0.6389710472
0.3125751948 0.6389606549
0.2891943679 0.6496383036
