0.8972617856 0.3516406884
0.8563754522 0.4602960897
0.7744375841 0.5193015398
0.8867175459 0.3878758927
0.9181678707 0.3403596584
0.9205640538 0.3395757282
0.9485006112 0.3317222230
0.9808133301 0.3293465478
0.9986600111 0.3257381132
0.9549570535 0.3312266226
1.0069654691 0.3252295160
0.9984395361 0.3257490856
0.9984395379 0.3257487949
1.0187677496 0.3252282199
1.0069636707 0.3252298243
1.0069580856 0.3252336584
1.0259515520 0.3231512101
1.0260478950 0.3230335386
1.0677118039 0.3228946348
1.0677118003 0.3229926693
1.1394595845 0.3227326046
1.2997786596 0.3227211547
1.3109527519 0.3226753685
1.3136035699 0.3226692803
1.3148673325 0.3226618452
1.3145401587 0.3226640016
1.3286040011 0.3226589899
1.1394526858 0.3227340324
1.1394526817 0.3227340419
1.1393872043 0.3227393689
1.1393872040 0.3227450866
1.0719459342 0.3228344731
1.1384242214 0.3227914904
1.1383831910 0.3227915120
1.1370576980 0.3227967592
1.0829286667 0.3228339525
1.0814893309 0.3228340253
0.9539415199 0.3313665808
0.9246879078 0.3390608454
0.9246159918 0.3395749074
0.9181678691 0.3404969786
0.8972116418 0.3579603189
0.8972606808 0.3568574246
0.8972601662 0.3568640787
0.8972607811 0.3549937603
0.8864443211 0.4147291249
0.8361743721 0.4749812636
0.7575358320 0.5676863503
0.7674410403 0.5199147772
0.8528290243 0.4749809702
0.8618165280 0.4584221854
0.8618164388 0.4584238749
0.8636432588 0.4583727952
0.8655071071 0.4568623847
0.8648068301 0.4576848797
0.8281464255 0.4815156400
0.8360841374 0.4815125206
0.8242402185 0.5108541746
0.8183352678 0.5126117802
0.7620582827 0.5473198521
0.7576358657 0.5676731492
0.7576358616 0.5676747665
0.7576502015 0.5675682292
0.7754789051 0.5163637057
0.7755171756 0.5163601449
0.7769407060 0.5154275048
0.7625968230 0.5271941497
0.7674313239 0.5267381912
0.7674313214 0.5271622071
0.7624939604 0.5387177147
0.7625135527 0.5349011749
0.7625250343 0.5344406830
0.7620505053 0.5473198526
0.7617185206 0.5496621543
0.7617185184 0.5496641588
