0.0781857299 1.0729751615
0.0805341682 1.0451643257
0.7844401615 0.4712354391
1.0364085286 0.1778658839
1.0350098791 0.3420388265
0.4107108755 1.0154022247
0.0929103270 1.0379602386
0.0856100997 1.0403679466
1.1162937111 0.1039592306
1.1206045005 0.1036070479
1.1263432784 0.1036068927
1.1310822251 0.0910150129
0.4615333630 0.9529096314
1.0424043185 0.1675984623
0.5619373004 0.8802482651
0.4214466920 1.0148732440
0.5730143984 0.8391352844
0.5774364159 0.8334625838
0.5906897352 0.8294265302
0.5908796858 0.8292385090
0.5908960814 0.8292277867
0.5724419473 0.8496398172
0.5724208777 0.8561311535
0.8807229898 0.3816793888
0.6412655416 0.6798420580
0.6540458555 0.6752565511
0.6279675735 0.6990887447
0.6226197089 0.7338617766
0.6230177206 0.7129899801
0.6279632688 0.7023593781
0.6362274793 0.6900393773
0.6330557135 0.6956525278
0.6384449146 0.6900393773
0.6395570813 0.6899389403
0.6419072484 0.6782992199
0.6602610583 0.6747469162
0.6602480500 0.6747474257
0.6697597785 0.6744182386
0.3828139329 1.0197698704
0.3717908437 1.0225064849
0.3675788919 1.0326743686
0.3677347249 1.0311890526
0.3715730782 1.0294915075
0.3716660147 1.0249192228
0.3715735775 1.0254508534
0.3715734875 1.0261392662
0.3715734583 1.0261458273
0.0783495017 1.0700608112
0.0781857240 1.0739479762
0.0779098163 1.0768830208
0.0783641158 1.0700606516
0.0904873095 1.0392414068
0.0918375282 1.0392414067
0.5183431885 0.9421154816
0.5183153544 0.9421522006
0.5069261292 0.9435002722
0.5048558959 0.9509178709
0.5049618495 0.9509097028
0.5045604987 0.9515153668
0.5045588962 0.9521156374
0.5045594504 0.9519903454
0.4341617408 0.9671641142
0.4335106992 0.9743541486
0.4336670645 0.9722795583
0.4326994136 0.9746710966
0.4306812376 0.9799223466
0.4264595952 0.9808212674
0.8577312344 0.3961460714
0.8584261997 0.3879289373
0.8741927618 0.3837437533
0.8738559261 0.3846671326
0.8643075127 0.3864065801
0.8643075126 0.3871424666
0.8837646256 0.3809616970
0.8861710002 0.3804969067
0.8850013248 0.3805035729
0.8846964705 0.3805037283
0.8893715984 0.3768196553
0.8891852300 0.3769764401
0.8891930324 0.3769035598
0.8904767975 0.3766547882
0.9021431235 0.3566548817
0.9307710280 0.3560232781
0.9307710278 0.3560235192
0.9225523954 0.3565735468
0.9021443013 0.3566511709
0.8991788875 0.3567983187
0.8992506220 0.3567703502
0.8962073759 0.3727143211
0.8960412109 0.3730956435
0.8959837695 0.3737048275
0.7860257945 0.4685121410
0.7931454641 0.4542475133
0.7900568292 0.4547344215
0.7893605507 0.4557915202
0.7799952797 0.5179746541
0.7843897796 0.4716390738
0.7839957675 0.4743325026
0.7875374199 0.4656688376
0.7867375351 0.4657125818
