0.7660960912 0.5965802225
0.0250242597 1.0948044095
0.0250135065 1.1102761927
1.0424756339 0.0477948861
1.0419820832 0.0694893395
0.8051899865 0.4622335960
0.9342535898 0.2981035352
0.9295653160 0.3421860449
0.9330206013 0.3165386156
0.9303952794 0.3414318495
0.9571894894 0.2907750601
0.9594358530 0.2902565579
0.9620016186 0.2868251890
0.9711084631 0.2867974928
0.9619101258 0.2902280580
0.9537816608 0.2980531718
0.9342535065 0.2990747873
0.9342105971 0.2996876124
0.9329447667 0.3283150358
0.9295596622 0.3425082572
0.9295596578 0.3442173360
0.9320714260 0.3410760076
0.9153917680 0.3710188187
0.9231305109 0.3500781123
0.9281783271 0.3497407791
0.9228355081 0.3638508523
0.9225818565 0.3648110514
0.9154219345 0.3705119104
0.6116149642 0.7636659389
0.6083384492 0.7698804974
0.6095001521 0.7658771658
0.6116152370 0.7635787273
0.6115989542 0.7639851355
0.6083419219 0.7694935794
0.6086594168 0.7694650389
0.6087109382 0.7686004787
0.6075608526 0.7878727665
0.6078367267 0.7850194511
0.6065623494 0.7897184652
0.6065622610 0.7904335131
0.6063959074 0.7911824488
0.5619013523 0.8153253029
0.5589547034 0.8235602375
0.8141062091 0.4334635983
0.8137804012 0.4429942487
0.8071319424 0.4542959868
0.8089837900 0.4488039805
0.8123656798 0.4479511785
0.8053556568 0.4616303024
0.8070728199 0.4545796269
0.8084665594 0.4515833607
0.8084665427 0.4518917264
0.8090735778 0.4483502186
0.8090733820 0.4484981412
0.8141078103 0.4334634039
0.8235076361 0.4243373537
0.8427347626 0.4225890597
0.8468191436 0.4222645792
0.8214492043 0.4250947811
0.8234605152 0.4249397144
0.8234604855 0.4250078109
0.8234836814 0.4247427734
0.8234835151 0.4247764072
0.8235387795 0.4243304229
0.8235417520 0.4242992518
0.8272621404 0.4236349888
0.4158220355 0.9540055691
1.0142862205 0.2015248289
1.0279947178 0.1640397494
1.0384270069 0.0819681770
1.0352490334 0.1210565747
1.0352443346 0.1219446056
1.0352431347 0.1248019778
1.0640135671 0.0456993476
1.0407006087 0.0703872728
1.0419851453 0.0694845257
1.0407448099 0.0698645417
1.0407444160 0.0700215846
1.0607452233 0.0466561149
1.0491285620 0.0467817720
1.0487250929 0.0470092838
1.0489779088 0.0469450181
1.0424744391 0.0504406029
1.0423580689 0.0520593664
1.0285466574 0.1545112154
1.0291812135 0.1515626910
1.0304668641 0.1503479743
1.0346284894 0.1502872623
1.0349552507 0.1490663222
1.0271898627 0.1933203405
1.0271897080 0.1947339353
1.0264405253 0.1950235509
1.0264740594 0.1950217982
0.6897074908 0.6688983845
0.6857589020 0.6712825005
0.6771353252 0.6720245336
0.6766857162 0.6810076644
0.6759499704 0.6901898633
0.6766202814 0.6899517625
0.7713463302 0.5894856969
