0.6936048123 1.0474300850
0.5800114117 1.2163461504
0.6248711811 1.1673855785
0.5231363736 1.5610029110
0.5208665036 2.8619687139
0.5557796877 1.2310397349
0.5797712029 1.2169341453
0.7341748059 0.9871020213
0.7500404529 0.9843754656
0.8601126080 0.9827440558
0.8716516554 0.9821475915
0.8600819247 0.9833927492
0.7494452002 0.9865152660
0.7494303374 0.9865181909
0.7494185144 0.9865194506
0.6858287459 1.0820038306
0.6903211332 1.0658033225
0.6936145380 1.0382118136
0.6931899780 1.0657430025
0.6857190591 1.1200176756
0.6857272920 1.1200067630
0.6799441486 1.1251548206
0.6848632856 1.1251155883
0.6799441448 1.1251549805
0.6799152258 1.1274627344
0.6795657657 1.1313653801
0.6461339541 1.1406972930
0.6310835836 1.1643123785
0.6311244986 1.1643048118
0.6248309030 1.1756675849
0.6248297483 1.1756682368
0.6248191061 1.2067489016
0.5719288537 1.2227695580
0.5557807768 1.2282727389
0.5551124506 1.2438347221
0.5552012956 1.2434503434
0.5548513999 1.2493708740
0.5548413474 1.2493725242
0.5547368337 1.2496329058
0.5406844717 1.3261315441
0.5406651216 1.4568299630
0.5403573154 1.5446308434
0.5405407234 1.5445909492
0.5405412797 1.5445817282
0.5406085071 1.4568464295
0.5406710825 1.3261318434
0.5417897243 1.3259004222
0.5435615004 1.3258337347
0.5441188908 1.3188354865
0.5532023718 1.3188354834
0.5540271523 1.3188350081
0.5546924041 1.3188325100
