0.9010653457 0.5411595016
0.9140435221 0.4415604614
0.8919789610 0.5749803570
0.8769590804 0.9193265743
0.8757865538 0.9448014647
0.8622735356 1.1884558262
0.8600783388 1.9169066403
0.8599969512 1.9284598300
0.8598524696 1.9404363603
0.8598359803 2.2612215870
0.8610498473 1.9049804134
0.8622686530 1.9049678646
0.8659886420 1.1884476442
0.8757864602 0.9483122150
0.8772191152 0.9175622213
0.8817007921 0.8614049741
0.9732771377 0.3712989978
0.8950899847 0.5704165639
0.8825497232 0.8499297696
0.8897365709 0.6122931708
0.8832614516 0.8498104117
2.5816112316 0.3668568664
2.6468401829 0.3667085139
2.6353784376 0.3668525888
2.4984098959 0.3709508198
2.4986312391 0.3709506442
2.4988204243 0.3709506305
0.9629528474 0.4337184464
0.9734460320 0.3712989792
0.9686162296 0.4302344810
0.9685185316 0.4302352739
0.9144344286 0.4403198971
0.8950901191 0.5703553182
0.8920244441 0.5740679354
0.8920242590 0.5745756447
0.8919372394 0.5751136055
0.8918603776 0.5862245465
0.8912325855 0.5878461981
0.8912322490 0.6026649674
0.8897321748 0.6123146300
0.8882447010 0.6412521288
0.8889414041 0.6357463564
0.8888934741 0.6379084756
0.8888934673 0.6382918149
0.8888934098 0.6384744088
0.8888524575 0.6395187804
0.8881232692 0.7544750501
0.8881024601 0.7745895321
0.8880757810 0.7790813336
0.8880756186 0.7809209062
0.8878187831 0.7941085563
0.8874938778 0.8421519065
0.8875004215 0.8421258967
0.8876815076 0.8028066324
