0.8640339203 1.2280275568 1.1049260410
1.1631360915 0.8036504564 1.1671585184
0.5318553328 0.2851537069 1.2781194523
0.4326171936 0.2621185986 1.5919614403
1.4294690290 0.8474443024 0.7678810173
1.8463331043 0.5189854530 0.3944072424
0.3669732399 0.6604361061 1.4004745239
1.0969592660 0.0979401094 1.5277932587
1.7649586163 0.5189854530 0.8597903988
1.5221024208 0.7624745965 1.0509638676
1.1614439230 0.8036531646 1.1705191796
0.8644885632 0.8534976417 1.1049348102
1.4452162396 0.8360852508 0.7528818850
1.4433065674 0.8344732524 0.7530806541
1.8057056274 0.8338772647 0.7524660795
1.0591047837 0.2851536546 1.2796974877
1.6992547860 0.4110175724 1.2234695124
1.5958553051 0.6087557609 1.1128810197
1.6187774408 0.6043573358 1.0634942145
1.7647050225 0.8154029688 0.8033354484
1.8491001244 0.5189854521 0.3886965167
1.8469672811 0.6187635615 0.3886965167
0.7738243882 0.5463198684 1.2506145997
0.7807722203 0.8414581556 1.1685701429
0.8644782387 0.8511686617 1.1123048717
0.8618845993 0.8540419859 1.1123048622
0.8564559146 0.8540861965 1.1123048709
0.8371494779 0.8560475854 1.1553858634
0.8370096588 0.8561006710 1.1553858583
0.8508140616 0.8386908828 1.1579041919
0.8590068769 0.8414577739 1.1570135853
0.7225558285 0.5518165370 1.2533648944
1.5631213009 0.6896419007 1.1089314905
1.5632605061 0.6900098649 1.1089234051
1.1729848825 0.5531926748 1.1568983970
1.6004591744 0.6087556913 1.1128958095
1.6765744370 0.6206359244 1.0382103917
1.6719238170 0.6208998529 1.0254107519
1.7182915853 0.5665132364 1.0853973240
1.7556168648 0.5396805221 1.0623850062
1.1222416731 0.4410527680 1.2429298650
0.4131864103 0.2039255188 1.6815370065
0.8078852371 0.0943258268 1.9069122203
1.8418047237 0.2068190123 1.4131757485
0.3848998009 0.4396910868 1.5918095199
0.9809390758 0.2843814582 1.3476425087
0.1951736229 1.8266754372 1.2751101798
0.5237496163 1.7617669591 1.2997860941
0.5214754867 1.7636694462 1.2934535063
0.7561486395 0.5518165370 1.2506208463
0.7628921134 0.5463287500 1.2506159096
0.7632267641 0.5463287500 1.2506151043
0.7812573198 0.6141214040 1.2350530595
1.1514886874 0.6141204679 1.2350530595
0.6699306288 0.1542719923 2.4482066755
0.6755907734 0.1542720182 2.4470075037
0.9554163504 0.1519852797 1.7590449387
1.8418037538 0.2068191944 1.4132562164
1.7725342199 0.2082001322 1.3461950509
0.2985855213 0.2265913557 1.8301089279
0.2330005628 0.5561469533 1.9617756117
0.1476706767 0.6661705533 2.0286847008
0.2099573148 0.6602082354 1.7201361083
0.3023358404 0.7805177360 1.4485961730
0.3023077847 0.7805175774 1.4485979484
0.2971862803 0.7796109104 1.4486127319
1.6543102064 0.2683807334 1.3870219794
1.3885427733 0.2851529606 1.2866281899
1.4133282966 0.2846560488 1.2866281899
1.8406402982 0.2843842290 1.2088502686
1.8405915569 0.2853415388 1.2601896740
2.6562729198 0.2467708562 1.2486707258
2.4593621268 0.2536614982 1.2096223070
2.8741144719 0.2536559929 1.2185551703
2.4593621429 0.2536607810 1.2066801553
2.0858742078 0.0988662071 1.2730841975
1.9318105660 0.1643897491 1.3428744228
1.9318100987 0.1644032069 1.3035681569
2.0860325899 0.0988662055 1.2730840308
2.0857027036 0.0988662326 1.2894065964
1.0969308125 0.1486324694 1.5272682199
1.0969257714 0.1486324696 1.5273004550
0.9867244116 0.0889497739 1.8058407002
1.2535944932 0.0876686797 1.9374703841
1.2535944935 0.0876686974 1.9352136188
0.2099693127 0.6602079558 2.0761784983
0.2065526895 0.6606183623 2.0763350551
0.1474775043 0.6634131385 2.0288052323
0.1583946727 0.6556990643 2.5551229622
0.1584363097 0.6460227785 2.5551032199
0.1584361758 0.6475983536 2.5578668224
0.7630165935 0.1775291905 2.1718376107
0.4131373714 0.2458049692 1.8287440621
0.4131870683 0.2039222291 1.6815370939
0.4131870537 0.2041806440 1.6810859022
0.3422359448 0.2062677443 2.0150518529
0.3063411113 0.2062046446 2.0285206833
0.2582860885 0.1575432749 2.3256931314
0.1951736153 1.8266754372 1.7805283100
0.1951742115 1.8071927830 1.7870449151
