1.1471554290 3.9786577363 0.5358524336
1.4105482913 0.2736676061 1.4726043173
1.0137225531 1.1468277050 1.2431560157
1.0049511814 0.4163137206 2.2086258621
0.9869132476 0.2176138217 2.2894640876
0.4833106195 1.1681751500 3.9834057030
0.5415939459 0.8319519103 1.7768105484
0.6696628996 0.8316981534 1.7651153792
0.4769883117 1.9758775519 3.4470966046
0.5112803909 0.9826775473 1.7951012562
0.4947183529 1.2191052641 3.9432671362
0.4947183529 1.2191052759 3.9422833180
0.4814034002 1.2191053048 3.9986876563
0.4830380683 1.1683618784 4.1150389694
0.4830355712 1.1684059525 4.0162575314
0.4544788582 1.4705118686 3.9743126152
0.4830456070 1.7617959887 3.9720764789
0.4544788752 1.3978713881 4.0320926892
0.7280784101 0.4265003683 2.7493223729
1.4578129363 0.2376902105 2.2879945633
1.0050178024 0.4163136556 2.2177913188
1.8064048569 0.2377086494 2.2744677610
1.5183709358 0.2376944623 2.2879915588
1.4578118807 0.2307023232 2.2880095392
1.8208042250 0.2374340764 2.2211079154
2.0834483056 0.2252382621 1.4103726490
1.3377688940 1.1441201547 1.4322527643
1.3354135849 1.1463878837 1.4322597347
1.5203390454 0.9376948979 1.1838775990
0.9855485688 0.2192208714 2.3100430583
0.9856182900 0.2191719703 2.3048003776
0.6705054301 0.7317353219 1.8755917426
0.5102893312 1.4362795071 1.6299486097
0.7255812199 0.4239133264 2.7818258841
0.7110431105 0.4265257190 2.9743172486
0.7105776079 0.4265237586 2.9743172851
0.9762915023 0.4230747393 2.6362357077
0.9762009792 0.4066991907 2.8200641925
0.9756221019 0.3234182450 2.8230353847
0.9763734972 0.4066992597 2.8139839113
0.9756216620 0.4182547243 2.8230370124
0.8920371327 0.4119405144 3.2985930005
0.8713394368 0.4156555740 3.2780329441
0.8713394368 0.5109360870 2.6986992226
0.8402554940 0.6687278791 2.5508946401
1.1414887810 0.7037683167 1.6837262065
1.1963573401 0.6807306797 1.9651566080
1.1969419533 0.6807303774 1.9628141727
0.6704908986 0.7316680608 1.8755924640
0.6698535321 0.8082706312 1.8760376182
0.6687813440 0.8316661805 1.7767493556
0.5103665854 0.9820536568 2.0612375988
0.5105084426 0.9820464370 2.1678858353
0.9151980757 1.0170518383 1.6240402105
0.9151041113 0.9902008804 1.6250631954
1.1936305311 0.9895341794 1.6108092589
1.1943466387 1.1432307078 1.4918893954
1.1943177039 1.1432306572 1.4968794725
1.1981489457 1.0528840645 1.4968794705
1.1976228171 1.0756721228 1.4968671302
1.1982433427 0.9802544292 1.5137407753
0.8172479557 1.3488504935 1.4824274475
0.6439044611 1.3790327504 1.6214117486
0.6787308729 1.3962179312 1.6171274535
0.5498865463 1.6191684694 1.5865012529
0.6266452512 1.6200455703 1.4662543505
0.5498865440 1.8639076918 1.5865116046
0.5887877373 1.6191479320 1.5855898128
0.5889222300 1.6202122756 1.5845569043
0.6667635013 1.6212778918 1.4032153980
0.6667785955 1.6212771666 1.4337278888
0.9840342879 1.1505690229 1.2049736682
0.8866060974 1.4089324105 1.4504156918
1.0778166906 1.3948206743 1.2047057798
1.0137219560 1.1468384837 1.2224534124
0.9840302626 1.1623510405 1.2435314422
0.8172491499 1.3603430092 1.4820856812
0.8172491485 1.3603430088 1.4820856984
0.9926226699 1.1491074703 1.3250436800
0.9707448058 1.1584243985 1.3326806816
0.9707448054 1.1583347628 1.3326809591
0.9712756389 1.1992993696 1.3326798130
1.5577319766 0.8991196541 1.3947019081
1.5577317000 0.8991197958 1.2867417658
1.5577372075 0.8991197957 1.2870175462
1.5815381516 0.8143932363 1.1876421637
1.5815381579 0.8129400154 1.2938837203
1.5492970216 0.9376948616 1.2594205353
2.0706050304 0.2252382624 1.4103718929
2.7460762173 0.2251973141 1.4175873646
2.7456763550 0.2256925435 1.3254912228
2.7740231220 0.2256770533 1.3251557166
2.7743203158 0.2261516279 1.3251545657
2.7539854430 0.2210328458 1.5797613884
2.7675057894 0.2210328448 1.6509411356
2.7198459669 0.3190973507 1.0298573120
3.2343862094 0.2397691009 1.1528392608
3.2343862094 0.2143714020 1.1528628707
3.2343854811 0.2861673141 1.1528640679
1.1574536656 3.9778476809 0.5101132593
