0.7691311856 0.7337437901 1.2384336531
1.4031738229 0.8581535403 0.7950510194
0.6780991688 0.4913419315 1.3425083932
0.1789710426 0.3080904868 1.5648162814
0.1712781375 0.5931812827 2.3517604220
0.2563886372 0.2734245936 1.5614450776
0.9665301247 0.1555899410 1.5956574374
1.7572332873 0.3005686493 1.2034170642
2.1093066879 0.4311305737 0.8274694143
0.7744783311 0.0571095191 2.1033239583
2.6299792060 0.1489298061 1.7267853193
1.1298368283 1.3052086855 0.3860170876
1.1348982050 1.2509988314 0.9572048120
1.0835246796 2.6895725164 0.7579577034
1.0006195705 1.9286728520 1.0838127368
0.7383130665 1.7183739314 1.1050151637
0.6591504925 1.5372112813 1.1061844143
0.8576727603 0.4891296092 1.3425632273
1.4575538001 0.4835288208 0.6367833339
2.2658796633 0.4001834838 0.9227126784
2.3315163758 0.0985086701 1.7754297063
2.3315163758 0.1164190375 1.7754297026
0.1953243779 2.3843219126 1.2878488132
0.3199189135 1.4943195276 1.3273326605
0.6589486586 0.1780668277 2.3887121585
0.7712622123 0.0573988295 2.1061547679
0.7173528670 0.0576382515 2.1061553848
0.7232856643 0.0574576744 2.1146091069
0.7232856643 0.0574812201 2.1146001709
1.2538736294 0.0510763161 2.1308943061
0.9273904301 0.0510763374 2.4595056264
0.9710222316 0.0510691506 3.0316458005
0.9710222364 0.0510691511 2.9206864407
0.9926244133 0.0510664816 2.9207020058
0.9964660315 0.0510663689 2.9278495940
1.0210175153 0.0510663689 2.8878312699
0.6505035965 0.1780668459 2.3887102812
0.6504240486 0.1780666666 2.5536059265
0.6505471846 0.1780647807 2.5503614135
1.1348981078 1.2510082126 0.9570781949
1.1349664411 1.2479270089 0.9626267651
1.1349128662 1.2477086302 1.0158225015
1.1297923106 1.4286904583 0.4257643679
1.1228772373 1.4591447278 0.4853055749
1.1228772684 1.4591444962 0.5231817514
1.1126090076 1.4716754509 0.4518095048
1.1109864584 1.4716119831 0.6177266955
1.0961783164 1.8711217896 0.4000271620
1.0912832076 2.7053917042 0.4630152619
1.1014604806 2.6916955140 0.3784645121
1.8309604867 1.2193071721 0.2740885335
1.0961783149 1.8721573113 0.4000191956
1.0948927258 1.8721573113 0.9696641227
1.0950060031 1.8707819782 0.9656341598
1.3975228058 0.6419923766 1.0945236673
1.4242493293 0.8581582150 0.7950447421
1.3743326204 0.8521206171 0.7970500609
1.3743070852 0.8521104119 0.8095791362
1.4444120777 0.8449441484 0.8888423550
1.4479732033 0.8449440966 0.8888423345
1.4479649023 0.8449437364 0.8889771073
1.3975912121 0.3387686417 1.0943232201
0.9665301247 0.1555879178 1.5972384890
0.9529542874 0.1555014268 1.6272401814
1.2076609320 0.2550711840 1.5217054737
1.2760544125 0.2642393039 1.5217002550
1.2762861238 0.2642783231 1.5216094930
0.8562619141 0.4907534696 1.3425083932
0.7016183428 0.4913406004 1.3460281029
0.7016176448 0.4673950622 1.3766277943
0.7016093913 0.4672479880 1.3767673208
0.7004286746 0.4710593973 1.3777097988
0.7003605934 0.4710881004 1.3776902900
0.7003606647 0.4710881014 1.3776126572
0.8305334088 0.4456471938 1.3638248614
0.8178614699 0.4439356185 1.3638253413
0.8178608855 0.4439356878 1.3638253398
0.8887073926 0.3687162458 1.2970404434
0.2389273483 0.2932659497 3.3802086868
0.3202940010 1.2100581427 1.3273486733
0.7383425651 1.7183739262 1.1050150756
0.6590328141 1.4582019770 1.1061849570
0.6590177526 1.4582026721 1.1172949344
0.6567700660 1.4582131151 1.1172390498
0.6628778642 1.4580459192 1.1138723272
0.6255139363 1.6316598978 1.1143762570
0.5586737415 1.4198950690 1.2592709367
0.8914396834 0.2724855926 1.7994574308
0.3151922870 0.2777563153 1.5614079592
0.3151915713 0.9870713520 1.5582109831
0.2814700034 1.1006330044 1.5349197291
0.5469996558 0.5794602095 1.4516898779
0.5288480750 0.5817582282 1.3355234546
0.6000982383 0.5794555296 1.4516876303
0.5466558854 0.5794602095 1.4528763175
0.5288480947 0.5840412345 1.3355231496
0.5174284190 0.6243701907 1.3775368394
0.5174282056 0.6243675052 1.3791943695
0.4644461220 0.6258263786 1.3482624387
0.4556983763 0.6936258161 1.3472338990
