0.2044326230 0.2571323504 1.2765614631
0.5120623989 0.1194634157 1.4488197175
0.9490534419 0.0613214713 2.1085374788
1.8195284101 0.3960583440 0.8498876865
1.6964803418 0.6354051821 0.4827973583
1.3813637421 1.0439687733 0.6360671500
2.1243107041 0.5430381560 0.6801551487
1.1375281047 0.9906567466 0.8021682563
1.5136694561 1.2717298486 0.5101994098
1.1379321454 0.9473932440 0.8689811242
0.6721618082 0.9497573303 1.2011111549
0.9426981961 0.1582215980 1.2927935226
0.2858641293 2.0193480797 1.2092547450
0.9474538363 0.1083005309 2.1085456726
0.3335112248 0.0760943719 2.1721652600
0.3334488809 0.1686436114 1.7885610925
1.5039498893 0.6438564747 0.6671967882
1.6759255196 1.1580814037 0.4063033955
1.4565034385 0.7932007928 0.5960554331
1.1380408671 0.9468052780 0.8689812176
1.1348738630 0.9917228283 1.0833693366
1.3967652734 1.2842039396 0.6359214910
1.3968872961 1.2783099098 0.6359213145
1.5136548017 1.2717309893 0.5011938678
1.5085113058 0.6438313487 0.7152443817
1.5890656156 0.6419488143 0.7705817513
1.6025030808 0.6320348886 1.0975831853
0.9761941250 0.9497573294 1.2201268944
0.9426938947 0.1813558296 1.2836674954
1.0135807578 0.1804511885 1.2836675070
0.1947070529 0.2571334608 1.2765614657
0.2632536893 0.2571981215 1.2765564896
0.2644939604 0.3705266984 1.2765564215
0.2645660940 0.3711220474 1.2734636708
0.2645660233 0.3144608792 1.2734636812
0.2609134906 1.3302792868 1.2717310506
0.2675430009 1.3730898814 1.2682964517
0.2675440668 1.3952423435 1.2682956681
0.2670745524 1.4017026803 1.2682784341
0.2672304785 1.9274187118 1.2682670347
0.2697620253 0.9271908518 1.2664168262
0.2691475205 1.9429024670 1.2665055333
0.2687405167 1.9435302329 1.2664448949
0.2691970145 0.9465535058 1.2610125754
0.3577656604 0.5738745719 1.2221023908
1.2715270460 0.5077923635 1.2287047782
1.4152775120 0.4246349642 1.2611471927
1.2627655025 0.5347657032 1.2309790365
1.2555332189 0.5379389888 1.2309410181
1.2555128707 0.5327143590 1.2662451914
1.2250822814 0.5311242546 1.2662452337
1.2243239502 0.5310007395 1.2720398786
1.2243239502 0.5302634861 1.2723280732
0.3366782763 0.6228896045 1.2466957580
0.3575251852 0.5739424864 1.2221661349
0.3575629380 1.3884282526 1.2217576148
0.3575346665 1.3945976304 1.2217576137
0.3605686518 1.3937719796 1.2217576016
0.3219890068 1.3918129745 1.2218290558
0.1984021655 2.0244500713 1.2052960139
0.2093395922 2.0262178219 1.2044880189
0.3062009187 2.2501537485 1.1876938193
0.3174461640 1.9950990472 1.1875351047
0.3163274526 1.9950602057 1.1875354208
0.3176126173 1.6503175621 1.1879657346
0.3174379819 1.7014769074 1.1879657632
0.4216536685 1.7014769074 1.1650777267
0.4132437355 2.2407657148 1.1653737116
0.4132388187 2.2590747092 1.1709222931
0.3624925044 2.2409099470 1.1741999613
0.4042737071 2.2407526056 1.1777307899
0.3624937416 2.2409070421 1.1756448968
0.3624945738 2.2409068606 1.1776146050
0.3624945372 2.2401852216 1.1789569329
0.3624921908 2.2515781845 1.1787724018
0.3836552270 2.2047151707 1.1785014992
0.3836272603 2.2041628616 1.1821412102
0.3460372130 2.2041629473 1.1821411468
0.3449557778 2.2052802241 1.1843284012
0.3159054988 2.2053361041 1.1858007195
0.3158962157 2.5571540637 1.1857648799
0.3158962141 2.5319102330 1.1858184672
0.3159059902 2.4352531631 1.1810714277
0.2648196583 2.4917670748 1.1991549183
0.2641306273 2.4932942656 1.1924381439
0.2524065683 3.7092732382 1.1945866091
0.2524065683 4.0373222673 1.1940197199
0.2512980777 4.0670777946 1.1940314732
0.2512980777 4.0667115350 1.2014491968
0.1496785924 3.9557473954 1.2137223526
0.1366474574 0.7301259960 1.3637996784
0.1325216780 1.0134385763 1.4250966841
0.1276350900 4.5916661026 1.5259400982
0.0846544417 1.0412476719 1.6831690863
0.1105152908 3.5657456622 1.5932656270
0.1105101622 3.6005526216 1.5935802932
0.3335341994 0.0662183340 2.1718617171
0.3335339896 0.0736143005 2.1718766296
0.3334488380 0.1686391770 1.7885611007
0.1536826157 0.1664111151 1.9160872872
