2.4660053288 1.2253295488 0.2946921331
0.5749962607 0.4912148100 1.7281325101
0.3341940933 0.4456454325 1.7893067840
0.7893326958 0.6496505915 1.5620030932
2.9038193703 2.6002978812 0.1693683906
0.5240457846 1.5075417294 1.2316320037
0.7902446634 0.7150634509 0.6690637219
0.8770985643 1.0351177063 0.5677088379
1.4575020137 0.2645084329 0.5061696997
0.3012724829 0.5311018038 2.1470829666
0.4224019983 1.0134466446 1.5975476557
0.8997537028 0.2883999929 1.6967832930
0.2615827140 1.0586235596 1.3553977213
0.5292760945 0.7861545817 1.6161942015
0.5750565600 0.4912143563 1.7307951468
0.3162586456 0.5069823280 1.7876720503
0.4227382431 1.0080349013 1.5974271479
0.4227382431 1.0086358018 1.5974271450
0.2093397014 0.5237213456 2.2240285309
0.1114377728 0.4366257853 2.6348011095
0.3012757188 0.5079638069 2.1470881477
0.3118469310 0.5080626398 2.1470617301
0.3162587208 0.4999131635 2.1113908150
0.3138088654 0.5069757050 1.7895441174
0.8377814291 0.2647101608 1.8890171772
1.0389955954 0.2636076342 1.6373928091
0.9749090574 0.4571165656 0.8363591441
0.7033723491 0.9793052285 1.2668807332
1.2436185725 0.4044848877 0.7786992728
0.8643452488 0.4895333084 0.9945594721
0.7896493053 1.4258764569 1.2606436487
0.4201813040 1.0713008362 1.2671764305
0.1450712601 0.6479500512 2.1656235618
0.1236031490 0.9037179129 1.7942444620
0.1039635736 0.4365432754 2.6403498589
0.1132533154 0.4366163331 2.6345920048
0.1132529527 0.4366141446 2.6388732575
0.1043826160 0.3531976551 2.6412687725
0.3694493986 0.3531975133 2.6412680797
0.3695302855 0.3531975133 2.5348018907
0.3697485063 0.3530830414 2.5365450612
0.3697519191 0.3527623950 2.6016437192
0.6443828229 0.3505389152 2.6013912407
0.6443979858 0.3505389682 2.5652302132
0.6803545556 0.2720333678 2.5019203131
0.6893784744 0.2599871194 2.4383432435
1.7268819193 0.1324020895 1.6967597262
0.8846872825 0.7255119447 0.5805463815
0.7946376112 0.6886522521 0.9172524758
0.2615756619 1.0716950906 1.3679972732
0.2001776837 1.1859705224 1.3192102101
0.1608641942 1.7365896175 1.4792733098
0.2002328514 1.1859197892 1.3193145643
0.2014291863 0.7869182692 1.8699645261
0.2191816327 0.6221299463 1.8016306881
0.5294825703 0.7861540218 1.6152742109
0.1133313533 1.0954513107 1.5492872749
0.1802910691 0.6317062846 2.2290889627
0.1975841433 0.6317062318 2.2290887018
0.2093183372 0.5317015965 2.2290887018
0.2093187773 0.5316678076 2.2317525186
0.2093395168 0.5316678079 2.2240285374
0.2093436637 0.5237542443 2.2237375003
0.2093431639 0.5878072474 2.2232323677
0.2096008397 0.7199519221 2.1631509686
0.2007247845 0.7201877888 2.1631509912
0.1301396524 1.0954195025 1.5497782049
0.1133313839 1.0959710885 1.5491614520
0.1133979918 1.0923082389 1.5498021473
0.1374228133 1.0610240094 1.5330604796
0.1369734568 1.0610240023 1.5330618305
0.7146811449 1.0406908825 1.2668382125
1.0109117109 0.4426875217 1.0338251481
1.4695823655 0.2491736877 0.5359918677
0.8296049528 1.0876352403 0.6334889134
1.8666809017 0.8486355460 0.3599533903
2.1531757710 1.4344707888 0.2648790163
1.0698903596 0.2717284791 1.1072121097
1.3286044584 0.5688770850 0.4050817517
2.2345203238 1.4009278008 0.2648799192
2.1036664957 1.3891301877 0.2648799313
2.1033746557 1.3888037522 0.3498846035
2.0332467961 2.6010712617 0.1692362519
1.4623604521 0.2579541557 0.5360828803
1.4624534570 0.2620485654 0.5354988546
1.4624204272 0.2634177185 0.5355749691
1.4330594076 0.5155411577 0.5061713752
1.1765609361 1.5886158878 0.3827255018
0.8853298391 0.7242565989 0.5812023134
1.3578219880 1.4075978554 0.3831194014
1.8218464136 1.4076056704 0.2795451452
0.9749042092 0.4573024231 1.1322788139
0.9749043346 0.4573024365 1.0654738855
0.9740389250 0.4565012606 1.1582906288
0.8643455173 0.4886301611 0.9550050106
0.8650701604 0.4892681411 0.9550043097
0.8650701604 0.5582916329 0.9549333917
0.8650826125 0.5582566303 0.8537685411
0.8570268332 0.5975343090 0.8462614764
0.8469290489 0.6135455593 0.7305553693
