0.0390692521 0.9188710182
0.1724243929 0.6473195076
0.6728897697 0.2365600978
0.0390697290 0.9163818820
0.0039689122 1.0862228885
0.0078153778 1.0172196085
0.7353521816 0.1828140147
0.1640697291 0.6963150806
0.4375076615 0.3807778326
0.1047365219 0.7749641646
0.4843826615 0.3496326543
0.0273471046 0.9327773799
0.1445923058 0.7137578783
0.7978597738 0.1429137455
0.0510907863 0.8525444183
0.5781250229 0.2949732512
0.2369384786 0.5869405874
0.1763306429 0.6416021927
0.0000000000 1.6852372068
0.0000000298 1.6710283218
0.0000007451 1.6554787399
0.0000318587 1.3625486229
0.0019579688 1.1961939764
0.1472860055 0.7019121488
0.1679759791 0.6922059570
0.1679759772 0.6931791090
0.8828802862 0.1144855569
0.9184951791 0.1095276680
0.9307022699 0.0853630736
0.0157504250 0.9664147346
0.0859377022 0.8010704458
0.4287285855 0.4423269601
0.0510275439 0.8871767538
0.0001498023 1.2469642376
0.0004969724 1.1972222746
0.0004969426 1.2090658516
0.5748911543 0.3453802020
0.2346496882 0.6046422300
0.2366028132 0.6025164280
0.2109377023 0.6260636116
0.6103517056 0.2659844217
0.3969805952 0.4509543814
0.0510885790 0.8868877861
0.0510885809 0.8858283307
0.0510886405 0.8828391835
0.0510891174 0.8806717626
0.0510984157 0.8525269782
0.0512204860 0.8501979912
0.0512166713 0.8502045966
0.0513306428 0.8406714289
0.1367235837 0.7367696787
0.0162387062 0.9647469619
0.2700279469 0.5769858798
0.3437576614 0.4601305908
0.1289063302 0.7508917594
0.1367543397 0.7329236330
0.1367197690 0.7370354849
0.1289683190 0.7451342133
0.1289673654 0.7451710308
0.1367259772 0.7343762987
0.8603902467 0.1170195448
0.0664679586 0.8318847442
0.0039069159 1.0942250176
0.0039064391 1.0996682434
0.0201449562 0.9495491733
0.0235629250 0.9418321115
0.0274691750 0.9242763430
0.0279574562 0.9236221901
0.0078191925 1.0114851328
0.0390691925 0.9225830445
0.4288860265 0.3927641467
0.4687576615 0.3540581028
0.3447342239 0.4591464533
0.3447347007 0.4541015190
0.3447347603 0.4539130885
0.3447347734 0.4535882470
0.7978597589 0.1457093107
0.8603897699 0.1171329142
0.9536142591 0.0575315040
0.6807022697 0.2352584558
0.9228897699 0.1014303962
0.9228912004 0.0946463110
0.8917618402 0.1100414773
0.8917623171 0.1099559302
0.9230123171 0.0945800354
0.9229064592 0.0946347912
0.9230285295 0.0945757077
0.9269347796 0.0923019389
0.9269348094 0.0909041922
0.9288879344 0.0904146687
0.1047363878 0.7877191350
0.7353521825 0.1821155123
0.1103517051 0.7637985128
0.0791017945 0.8174804834
0.0791017647 0.8180786917
0.0781252022 0.8201807659
0.5781259766 0.2915277441
0.8281259768 0.1371698280
0.8286142590 0.1368914007
0.9843759779 0.0413966375
