0.8481712647 -0.7201786704
0.2346201076 0.4136202264
0.0000000000 1.9699256256
0.2045969965 0.6311420069
0.2500000338 0.3078646324
0.0351867723 0.8805194450
0.0005036350 1.1234200406
0.0063630100 1.0618462723
0.0791306496 0.8201663927
0.2041087152 0.6346975267
0.4326174282 0.0661017767
0.8087787934 -0.0515493879
0.8320436495 -0.5384253914
0.8343560703 -0.5776236829
0.8443717964 -0.6991276645
0.8110065971 -0.0920337405
0.8164186495 -0.2267089796
0.8147027835 -0.1802379104
0.8264789887 -0.4571869000
0.8186741181 -0.2895948086
0.8204731986 -0.3347934405
0.8325197742 -0.5553261624
0.8179709919 -0.2775455454
0.8247075126 -0.4111701687
0.8066768989 -0.0108975061
0.4541068081 0.0032716389
0.8081362600 -0.0240965754
0.8066778526 -0.0112709887
0.8067388896 -0.0130910884
0.8073492412 -0.0237273761
0.8090229340 -0.0609685485
0.8110065933 -0.0892041237
0.8108845230 -0.0861411349
0.8108540055 -0.0833163205
0.8106098648 -0.0741888998
0.8107319351 -0.0782793560
0.8089008637 -0.0523057998
0.8139992066 -0.1723205747
0.8288576648 -0.4888853891
0.8169026382 -0.2652767882
0.8341109760 -0.5605965318
0.8327639148 -0.5589458971
0.8230001934 -0.3369320099
0.8237326162 -0.3537051059
0.8407597587 -0.6501641792
0.8204731949 -0.3278402679
0.8200798396 -0.3190514100
0.8243412979 -0.3927971481
0.8243413016 -0.4036363686
0.8156793460 -0.1922172052
0.8320322091 -0.5289156960
0.8164072082 -0.2131249155
0.8129887588 -0.1573166334
0.8125000008 -0.1370531439
0.8157098636 -0.1931734307
0.8325195358 -0.5387958167
0.8168945357 -0.2301398876
0.8164076850 -0.2136138572
0.8320398348 -0.5300537527
0.8164148348 -0.2157504099
0.8164148366 -0.2188850931
0.8408279706 -0.6791261807
0.8200798378 -0.3178479158
0.8413114984 -0.6978779005
0.8481560059 -0.7005596356
0.8482933350 -0.7206797012
0.8482780464 -0.7202956421
0.8131218113 -0.1706710678
0.8125123985 -0.1461144397
0.8129882820 -0.1483187402
0.8129963882 -0.1608713601
0.8169333942 -0.2653234264
0.8169944294 -0.2675139131
0.8179709938 -0.2816346165
0.8179099586 -0.2676442910
0.8257219818 -0.4397124115
0.8408432592 -0.6792590293
0.2502441744 0.3045937059
0.2502442340 0.3036698123
0.2507325152 0.3033644268
0.2526856402 0.2993099259
0.2563477515 0.2903056357
0.0044098850 1.0758292323
0.0039367722 1.1184706246
0.0039444016 1.1183980019
0.0039444091 1.0789302655
0.0166316033 1.0061987279
0.0166297034 1.0306832925
0.2041068228 0.6640837406
0.2033691539 0.6663918915
0.4541029934 0.0085892609
0.4531259541 0.0172457863
0.4531260733 0.0143192844
0.4531250004 0.0248389792
0.2031250002 0.7452637625
0.2031250039 0.7292951703
0.2031250058 0.7268463981
0.2346220149 0.4080814836
0.4326174263 0.0952433309
0.4169924282 0.2736117535
