0.0001546450 0.0000000053
0.8769029188 0.0000001046
0.6874220120 0.0000563293
0.8552633008 0.0000097011
0.3755255231 0.0000000011
0.7107643003 0.0000004983
0.2013093616 0.0000123368
0.5300873489 0.0000094106
0.8630044173 0.0000136681
0.8675902002 0.0000013260
0.0547500381 0.0000000002
0.6958123333 0.0000513100
0.8512548726 0.0000042840
0.3783751050 0.0000000002
0.5442174602 0.0000000024
0.8590078049 0.0000000346
0.2128261460 0.0000000001
0.2128261460 0.0000000001
0.7107643003 0.0000004983
0.8609974832 0.0000108739
0.5214115099 0.0000000258
0.6914902642 0.0000054376
0.6833531933 0.0000047694
0.8652600402 0.0000197329
0.7008823952 0.0000412361
0.8705180454 0.0000002514
0.3783751050 0.0000000002
0.0507925440 0.0000001153
0.5442174602 0.0000000024
0.0547500381 0.0000000002
0.8533156198 0.0000082420
0.8571291984 0.0000024336
0.3547193543 0.0000241551
0.8580672768 0.0000046958
0.8689066276 0.0000052983
0.0547500381 0.0000000002
0.5174359121 0.0000000086
0.2128261460 0.0000000001
0.1840100223 0.0000047044
0.7107643003 0.0000004983
0.5442174602 0.0000000024
0.7043709899 0.0000178297
0.5356448958 0.0000001624
0.3783751050 0.0000000002
0.2128261460 0.0000000001
0.8542647529 0.0000054456
0.6981088957 0.0000068300
0.8663592964 0.0000001045
0.6935458514 0.0000285345
0.3783751050 0.0000000002
0.6853999548 0.0000091871
0.5255027424 0.0000007261
0.0257076143 0.0000000771
0.8502346706 0.0000139616
0.0547500381 0.0000000002
0.6893851944 0.0000026496
0.8522497118 0.0000097036
0.8725768337 0.0000027051
0.3630546155 0.0000000023
0.8641437874 0.0000163052
0.8621625097 0.0000147575
0.5442174602 0.0000000024
0.8602285866 0.0000097740
0.8562152987 0.0000124263
0.3465355363 0.0000000023
0.8595191370 0.0000237675
0.1754822320 0.0000173268
0.8537873720 0.0000013418
0.6905439830 0.0000526804
0.6948042098 0.0000005391
0.8576096871 0.0000576077
0.3681536420 0.0000000001
0.8497251633 0.0000100308
0.5277139046 0.0000019567
0.6863891368 0.0000034408
0.2128261460 0.0000000001
0.2125112312 0.0000000013
0.8585277970 0.0000077255
0.7107643003 0.0000004983
0.8682507486 0.0000055938
0.7107643003 0.0000004983
0.5195920242 0.0000033570
0.6825927875 0.0000200587
0.7024502253 0.0000000103
0.5442174602 0.0000000024
0.7068811766 0.0000018320
0.2128261460 0.0000000001
0.0547500381 0.0000000002
0.5396862586 0.0000001407
0.6994946901 0.0000027256
0.3783751050 0.0000000002
0.8547195405 0.0000346647
0.8696998999 0.0000015946
0.0547500381 0.0000000002
0.8625509774 0.0000510287
0.3783751050 0.0000000002
0.6843890184 0.0000000012
0.8508395940 0.0000001242
0.5155359483 0.0000001725
0.6925055906 0.0000000015
