0.1796622588 0.9999999650
0.9999920301 0.0000796965
0.8849800913 0.7053779493
0.9699829362 0.2628914183
0.5118817297 0.9987677397
0.9408463970 0.4565451960
0.3221484172 0.9999879702
0.7469445149 0.9459391014
0.9878103664 0.1154227693
0.9944418683 0.0542115473
0.2441775755 0.9999992920
0.9181549026 0.5742452919
0.9573534826 0.3533617711
0.6292100877 0.9902799715
0.8327219055 0.8396770772
0.9798467390 0.1842042412
0.4103408880 0.9998646837
0.3634833057 0.9999597428
0.9496528810 0.4034472422
0.9840072948 0.1489606940
0.6904631292 0.9753745796
0.9032686854 0.6384495091
0.8623257336 0.7726505506
0.9912813120 0.0839318228
0.9304449845 0.5137057817
0.9973726064 0.0259655509
0.5691289462 0.9964408415
0.2101119107 0.9999998324
0.7948756137 0.8993098980
0.2808088888 0.9999970997
0.9640495045 0.3066201852
0.9751675943 0.2223359124
0.4586985576 0.9995898329
0.9775665471 0.2029908390
0.9959419245 0.0398505312
0.2256633558 0.9999996796
0.6600549793 0.9843036701
0.3418941123 0.9999784270
0.3006543506 0.9999939691
0.9454045921 0.4296082104
0.8483154308 0.8069939826
0.9358662177 0.4846079604
0.7720287485 0.9247818680
0.5988763315 0.9940656753
0.3849866977 0.9999284863
0.9670748007 0.2845371328
0.9246230574 0.5432830013
0.9928885385 0.0689130040
0.9110835231 0.6059249256
0.5398732355 0.9978970309
0.8742086332 0.7392940696
0.7193122676 0.9629342998
0.1951176859 0.9999999200
0.9536923538 0.3775871603
0.2621050395 0.9999985107
0.8946272360 0.6715863823
0.9608678837 0.3291869016
0.9986935310 0.0129927983
0.4842158997 0.9992920749
0.9895914510 0.0993572496
0.9859695977 0.1317704423
0.8150592940 0.8706141149
0.9819578573 0.1664560987
0.9725984711 0.2426209255
0.4342450317 0.9997616050
0.9809002698 0.1754374348
0.2910262719 0.9999956445
0.9655439148 0.2957911437
0.8991189216 0.6547784509
0.9147339104 0.5901912021
0.9763509796 0.2128464466
0.4975035771 0.9990711176
0.9516906968 0.3905302194
0.7335497903 0.9548877931
0.8797771416 0.7222092848
0.3755476673 0.9999441979
0.3326859413 0.9999836417
0.9787037436 0.1937183803
0.9431568265 0.4430301182
0.9951822137 0.0471635309
0.9475801814 0.4163444859
0.6753944782 0.9802541734
0.8555359941 0.7899897253
0.9332216217 0.4990014118
0.8406910025 0.8236786817
0.9383753719 0.4706326660
0.3964177369 0.9999043141
0.2347869226 0.9999994912
0.7839099790 0.9123684310
0.9276333325 0.5282105553
0.5539652978 0.9972802148
0.9685808341 0.2735830877
0.9966404304 0.0330924934
0.2196735071 0.9999997383
0.9869262483 0.1233110274
0.6143103509 0.9923481498
0.8682996885 0.7564789336
0.9555231317 0.3655480892
0.6450166250 0.9875516618
0.9073316897 0.6218528940
