0.9999999978 0.0010027857 0.4998973222 0.4999840654 0.4998055637 0.5003148812 0.5003130707 0.5000241107 0.5003513028 0.5003018596 0.5004641600 0.5999378065
0.5319433341 0.0000002310 0.4997674526 0.5002034334 0.4996172895 0.4997489793 0.4997104858 0.5000474583 0.5003343441 0.5005054477 0.5002977730 0.5999418886
0.0000020060 0.5662200800 0.5006012008 0.5006637001 0.4996221818 0.5004095317 0.5007197052 0.5000178036 0.5004876592 0.5001389265 0.4996840100 0.6000540967
0.4169910440 0.5154477225 0.5001181624 0.5003562790 0.4999997570 0.5002319016 0.5002239762 0.5000558214 0.5004712920 0.5003308795 0.4999086950 0.6002595630
0.0006523330 0.0009649684 0.5007518280 0.5002457547 0.4992707227 0.4992391954 0.4990888784 0.5000228592 0.5004472640 0.5004834055 0.5003867377 0.6004274175
0.9999959971 0.0017442336 0.5000278548 0.5000637842 0.5000003413 0.5000988757 0.5001762186 0.5000053167 0.5004075138 0.5004572694 0.5003786691 0.6000265351
0.9994120629 0.2574507016 0.4997343518 0.5001546964 0.4999111986 0.5002461275 0.5002418405 0.5000799752 0.5003741261 0.5003171110 0.5000850366 0.5999347835
0.0004937996 0.9998450014 0.5008358916 0.5006312138 0.4991871399 0.5009368212 0.4992940274 0.5001618665 0.5003847488 0.5002420838 0.4996238317 0.5987678044
0.0025375555 0.9989639314 0.4999964182 0.5006696693 0.4998587976 0.4998447903 0.4999771891 0.5000855248 0.5004120650 0.5004264353 0.4994847443 0.5994782363
0.0031427787 0.0024537541 0.5005291377 0.5002845794 0.4993393645 0.4992153971 0.4994462784 0.5000540050 0.5004870140 0.5002318087 0.5001955967 0.6003250862
0.0589025159 0.4753063105 0.5004158876 0.5004400092 0.4999412903 0.5002010612 0.5000730020 0.5000486706 0.5004409718 0.5003139872 0.4999151326 0.6002028528
0.5069024703 0.9116981228 0.4996287627 0.5002891086 0.4998637414 0.5002917208 0.4995272594 0.5001399403 0.5003999339 0.5006484234 0.4996289693 0.5996059347
0.8220741277 0.6051865651 0.4997219895 0.5002032658 0.5000532986 0.5002000743 0.5000858870 0.5000836746 0.5004210199 0.5001618042 0.5000360354 0.5997361206
0.1401729769 0.8672995821 0.5001490053 0.5004381642 0.5000217186 0.4999127081 0.5000227815 0.5000957384 0.5004331246 0.5002355868 0.4997747642 0.5996144950
0.5112469484 0.8061072089 0.4998306007 0.5003144338 0.5001719068 0.4996606595 0.4999134647 0.5001324078 0.5003826353 0.5003355259 0.4998186934 0.5994065433
0.4987288400 0.0602475393 0.5001310257 0.5002819973 0.4999635372 0.4998054200 0.4999952796 0.5000276777 0.5004424077 0.5007306145 0.4999621597 0.6004745180
0.1421086413 0.0782541330 0.5004729313 0.5004341771 0.4996668276 0.4997677646 0.4998000346 0.5000151878 0.5005504409 0.5003782152 0.5000136353 0.6006457095
0.1425797853 0.4926139116 0.5003416265 0.5004606184 0.5000185957 0.5002372863 0.5001948639 0.5000531784 0.5004712954 0.5003472900 0.4998112158 0.6002508399
0.4603031061 0.2236815329 0.5001725052 0.5004834197 0.4999184247 0.5000147736 0.4998314923 0.5000368406 0.5005095313 0.5002810974 0.4999815680 0.5998738115
0.0006309988 0.0001157197 0.5014313420 0.5002013154 0.4990324873 0.5012428414 0.5007790436 0.4999421799 0.5005039637 0.5004154197 0.5005679845 0.6020716695
0.3021595382 0.8907769413 0.4998394720 0.5005183171 0.4998882328 0.5002532787 0.5002031036 0.5000844491 0.5004807444 0.5001562711 0.4996054804 0.5995923995
0.0000371974 0.9999976102 0.5009440658 0.5004237929 0.4981127440 0.5015047818 0.5006519193 0.5001572785 0.5004795745 0.5002856917 0.4995834520 0.5989587393
0.0000242586 0.0000124097 0.5014387351 0.5003320477 0.4991401839 0.5003729538 0.5002279618 0.4999529066 0.5005336504 0.5005199582 0.5004443136 0.6022672648
0.0006523330 0.0009649684 0.5007518280 0.5002457547 0.4992707227 0.4992391954 0.4990888784 0.5000228592 0.5004472640 0.5004834055 0.5003867377 0.6004274175
0.5647198104 0.5691151833 0.4997723997 0.5003270303 0.5002173862 0.4999767688 0.5001133325 0.5000954370 0.5004179758 0.5005070980 0.4997593048 0.5999140554
0.3529913007 0.2289864141 0.5001418098 0.5004771907 0.4998415861 0.5002015684 0.5001370506 0.5000258714 0.5004895492 0.5004203059 0.4999578373 0.6004505692
0.0783396775 0.8691396385 0.5001453097 0.5005524655 0.5000944095 0.5000770292 0.5000013649 0.5000774059 0.5004573850 0.5001619068 0.4996848974 0.5996576479
0.0019212126 0.9953033741 0.5001124046 0.5006068019 0.5000446087 0.5001880652 0.5002042452 0.5001013367 0.5004696069 0.5001293898 0.4995058130 0.5995172404
0.0000242586 0.0000124097 0.5014387351 0.5003320477 0.4991401839 0.5003729538 0.5002279618 0.4999529066 0.5005336504 0.5005199582 0.5004443136 0.6022672648
0.7106844356 0.0553227797 0.5001638040 0.5003465416 0.4998350673 0.4998662725 0.4997791149 0.5000372370 0.5004295364 0.5002920360 0.5002201251 0.5999518650
0.0019212126 0.9953033741 0.5001124046 0.5006068019 0.5000446087 0.5001880652 0.5002042452 0.5001013367 0.5004696069 0.5001293898 0.4995058130 0.5995172404
0.1201218529 0.2024459979 0.5002844312 0.5004776570 0.4997806156 0.4995878310 0.4993586237 0.5000401543 0.5005447571 0.5001347734 0.5000330627 0.6001236668
0.3520982071 0.7854430806 0.4999750485 0.5003640492 0.5001360819 0.5004095217 0.5000966647 0.5000698469 0.5004685173 0.5001127409 0.4998848542 0.6002389826
0.1718874418 0.3581414508 0.5002577433 0.5005107983 0.4996338967 0.4996369611 0.4999850463 0.5000484830 0.5004571766 0.5001082185 0.5000823292 0.5999529196
0.5794719715 0.3361601908 0.5001262905 0.5003319361 0.5000737698 0.5000198598 0.4996668664 0.5000184561 0.5004882690 0.5004149021 0.5000986214 0.6001263710
0.7831009120 0.3610732271 0.4997807126 0.5002122255 0.4999069045 0.5001807734 0.5002309291 0.5000899247 0.5003687684 0.5002554317 0.5000160981 0.6000740183
0.9994120629 0.2574507016 0.4997343518 0.5001546964 0.4999111986 0.5002461275 0.5002418405 0.5000799752 0.5003741261 0.5003171110 0.5000850366 0.5999347835
0.0025375555 0.9989639314 0.4999964182 0.5006696693 0.4998587976 0.4998447903 0.4999771891 0.5000855248 0.5004120650 0.5004264353 0.4994847443 0.5994782363
0.9999959971 0.0017442336 0.5000278548 0.5000637842 0.5000003413 0.5000988757 0.5001762186 0.5000053167 0.5004075138 0.5004572694 0.5003786691 0.6000265351
0.9994120629 0.2574507016 0.4997343518 0.5001546964 0.4999111986 0.5002461275 0.5002418405 0.5000799752 0.5003741261 0.5003171110 0.5000850366 0.5999347835
0.8220741277 0.6051865651 0.4997219895 0.5002032658 0.5000532986 0.5002000743 0.5000858870 0.5000836746 0.5004210199 0.5001618042 0.5000360354 0.5997361206
0.2440341798 0.6189521578 0.5001725339 0.5006436811 0.4995381243 0.4998484878 0.4997648169 0.5000874303 0.5005552665 0.4997570605 0.4999812874 0.5999295796
0.3178173929 0.1178509015 0.4998066313 0.5005647434 0.4996396110 0.4997091062 0.4997594805 0.5000099435 0.5004261745 0.5003655529 0.5001318969 0.5997792403
0.2006873301 0.8940774725 0.4999585025 0.5005689830 0.5000324041 0.4997706843 0.4997835026 0.5000828933 0.5004741837 0.5002262394 0.4996985212 0.5994802894
0.0561198162 0.7299488388 0.5004507751 0.5003949321 0.4998734313 0.5003065805 0.4999233269 0.5000745879 0.5003899462 0.5003699099 0.4998462770 0.6000968075
0.8220741277 0.6051865651 0.4997219895 0.5002032658 0.5000532986 0.5002000743 0.5000858870 0.5000836746 0.5004210199 0.5001618042 0.5000360354 0.5997361206
0.0000242586 0.0000124097 0.5014387351 0.5003320477 0.4991401839 0.5003729538 0.5002279618 0.4999529066 0.5005336504 0.5005199582 0.5004443136 0.6022672648
0.0928157424 0.2846590290 0.5002830242 0.5004813267 0.4999432802 0.4997089146 0.4999285930 0.5000448224 0.5004360279 0.5007627508 0.4997201029 0.5999261871
0.0025375555 0.9989639314 0.4999964182 0.5006696693 0.4998587976 0.4998447903 0.4999771891 0.5000855248 0.5004120650 0.5004264353 0.4994847443 0.5994782363
0.2055483903 0.1036305468 0.5005390249 0.5002914094 0.4997465709 0.4999493381 0.4998199571 0.5000233334 0.5004061215 0.5007350870 0.5000820827 0.6004079606
0.9999959971 0.0017442336 0.5000278548 0.5000637842 0.5000003413 0.5000988757 0.5001762186 0.5000053167 0.5004075138 0.5004572694 0.5003786691 0.6000265351
0.0031427787 0.0024537541 0.5005291377 0.5002845794 0.4993393645 0.4992153971 0.4994462784 0.5000540050 0.5004870140 0.5002318087 0.5001955967 0.6003250862
0.0025375555 0.9989639314 0.4999964182 0.5006696693 0.4998587976 0.4998447903 0.4999771891 0.5000855248 0.5004120650 0.5004264353 0.4994847443 0.5994782363
0.9997013593 0.3082596409 0.4995375937 0.5002150685 0.4995954629 0.5002874682 0.5000847781 0.5000521959 0.5004965143 0.5000310878 0.5002931976 0.5998326994
0.9994120629 0.2574507016 0.4997343518 0.5001546964 0.4999111986 0.5002461275 0.5002418405 0.5000799752 0.5003741261 0.5003171110 0.5000850366 0.5999347835
0.0075796314 0.9864273421 0.5001021025 0.5005837478 0.5000713336 0.5000223018 0.5000549459 0.5000873914 0.5004373721 0.5003210809 0.4995342988 0.5995870127
0.0023835484 0.9284919553 0.5004674099 0.5005618946 0.4998715304 0.5001647568 0.5001320984 0.5000590690 0.5004836139 0.5001356477 0.4997308350 0.5998224468
0.4420938233 0.3405144636 0.5001908942 0.5004711198 0.4998231379 0.5001973055 0.4999290217 0.5000473732 0.5004929926 0.5001514050 0.4999899937 0.5999554321
0.0000775706 0.4270673639 0.5003117551 0.5006321783 0.4997709031 0.5002884619 0.5002137642 0.5000186185 0.5004919300 0.5002644044 0.4997539725 0.6002021517
0.3178173929 0.1178509015 0.4998066313 0.5005647434 0.4996396110 0.4997091062 0.4997594805 0.5000099435 0.5004261745 0.5003655529 0.5001318969 0.5997792403
0.0094646062 0.0075846519 0.5002359366 0.5008956490 0.4999036032 0.5001093063 0.4997060502 0.4999288393 0.5005734388 0.5003413049 0.4999404276 0.6004852955
0.1196074857 0.0000000497 0.4998030363 0.5004952805 0.4995296647 0.4995302723 0.4996093802 0.5000266794 0.5004186036 0.5006356194 0.5000247633 0.5999770564
0.6580884574 0.4407535492 0.5000575897 0.5004201741 0.4997213467 0.5000794452 0.4998604030 0.5000658472 0.5005304351 0.4999315859 0.5001294573 0.5999663874
0.5250365110 0.5389917983 0.4997782513 0.5003034574 0.5001687769 0.4999264728 0.5000408325 0.5000960544 0.5003757733 0.5005678036 0.4997862023 0.5999163743
0.0664943976 0.0340724466 0.5000711361 0.5006212586 0.4994505420 0.4996044612 0.4995575726 0.4999929248 0.5004684132 0.5003602581 0.5001407480 0.6000629366
0.9994120629 0.2574507016 0.4997343518 0.5001546964 0.4999111986 0.5002461275 0.5002418405 0.5000799752 0.5003741261 0.5003171110 0.5000850366 0.5999347835
0.0015192908 0.8608301276 0.5002221717 0.5005797036 0.5001717902 0.5001120922 0.4999580916 0.5000793380 0.5004318269 0.5003052414 0.4996106763 0.5998157554
0.8872410984 0.0194807988 0.4999710857 0.5002153931 0.4997504188 0.4999445673 0.5001595194 0.5000512155 0.5003909820 0.5003934758 0.5001879501 0.6000993683
0.1354900851 0.9962962601 0.4999089553 0.5005662233 0.5000371086 0.5001841199 0.5000739716 0.5000961717 0.5004911668 0.5000729972 0.4995368834 0.5996638791
0.1718874418 0.3581414508 0.5002577433 0.5005107983 0.4996338967 0.4996369611 0.4999850463 0.5000484830 0.5004571766 0.5001082185 0.5000823292 0.5999529196
0.5352024750 0.8811026445 0.4995347818 0.5004657094 0.5002065576 0.5001963409 0.5001094345 0.5001026959 0.5004494021 0.5001423332 0.4996527366 0.5997618730
0.0023835484 0.9284919553 0.5004674099 0.5005618946 0.4998715304 0.5001647568 0.5001320984 0.5000590690 0.5004836139 0.5001356477 0.4997308350 0.5998224468
0.9125523954 0.1127654960 0.5002385968 0.5001700582 0.4998618182 0.4999877622 0.5001943089 0.5000495558 0.5004178806 0.5001229544 0.5003579597 0.5999861671
0.1728915086 0.7405998175 0.5001948456 0.5003709827 0.4999731705 0.5002204076 0.5001381184 0.5000705434 0.5005322330 0.5000498512 0.4998446034 0.6002819738
0.4348328201 0.6452012153 0.4999821135 0.5003440945 0.4998838517 0.4999505678 0.5003115192 0.5000860992 0.5005119272 0.5001485083 0.4997598649 0.6001756723
0.1747403661 0.2111060159 0.4998055192 0.5007383905 0.4997359489 0.4998087135 0.5000396294 0.5000384175 0.5005426451 0.5005774543 0.4995390172 0.6000051192
0.0019212126 0.9953033741 0.5001124046 0.5006068019 0.5000446087 0.5001880652 0.5002042452 0.5001013367 0.5004696069 0.5001293898 0.4995058130 0.5995172404
0.3488383669 0.8282626616 0.4998466776 0.5004450994 0.5000716312 0.4999830151 0.4999630392 0.5000747451 0.5004946040 0.5001765946 0.4997575698 0.5998439438
0.1634444151 0.6702785203 0.5002359339 0.5004443505 0.5000322496 0.5001609062 0.5002446532 0.5000679400 0.5004617900 0.5002452880 0.4998020938 0.6000201048
0.0000197845 0.3375914819 0.5003271162 0.5007526265 0.4996785890 0.5002296093 0.5000086785 0.4999964590 0.5005079009 0.5001912648 0.4998064174 0.6002290206
0.9994120629 0.2574507016 0.4997343518 0.5001546964 0.4999111986 0.5002461275 0.5002418405 0.5000799752 0.5003741261 0.5003171110 0.5000850366 0.5999347835
0.7425031495 0.4450959525 0.4999139035 0.5003790961 0.4998037963 0.5002772791 0.5000003259 0.5000524030 0.5004761949 0.5000302229 0.5001049048 0.5999074582
0.6447546319 0.2458110429 0.4999439217 0.5003211468 0.5000449655 0.4999770546 0.5002038504 0.5000492252 0.5004659635 0.5003888048 0.4999959331 0.6000783170
0.3536885704 0.4038940727 0.5001743212 0.5003512801 0.4996373097 0.5001339562 0.4997227164 0.5000455765 0.5004772433 0.5001366486 0.5001952464 0.6001387949
0.3385013007 0.5894167637 0.5004959383 0.5003266948 0.4997346690 0.4998588034 0.4999000827 0.5000557449 0.5005141249 0.5000093769 0.5002054276 0.5998106989
0.0364184188 0.0850910958 0.5003605639 0.5007628088 0.4999723650 0.5000162895 0.4996905157 0.4999473738 0.5005542681 0.5002343274 0.5000572950 0.6003799429
0.9411988947 0.2370695263 0.4997878077 0.5002370683 0.5002728212 0.4999792062 0.5000754707 0.5000606211 0.5004313241 0.5003780744 0.4999773437 0.5999505064
0.0015192908 0.8608301276 0.5002221717 0.5005797036 0.5001717902 0.5001120922 0.4999580916 0.5000793380 0.5004318269 0.5003052414 0.4996106763 0.5998157554
0.0075796314 0.9864273421 0.5001021025 0.5005837478 0.5000713336 0.5000223018 0.5000549459 0.5000873914 0.5004373721 0.5003210809 0.4995342988 0.5995870127
0.0007957839 0.7659849779 0.5005465085 0.5005603452 0.4998017345 0.5000336021 0.4999133323 0.5000490611 0.5004763514 0.5003136036 0.4997600834 0.5999453607
0.2159779759 0.2558096386 0.5000828841 0.5004658349 0.5000345002 0.4997316942 0.4995961580 0.5000437593 0.5004205751 0.5005666300 0.4999442228 0.6000055856
0.5112469484 0.8061072089 0.4998306007 0.5003144338 0.5001719068 0.4996606595 0.4999134647 0.5001324078 0.5003826353 0.5003355259 0.4998186934 0.5994065433
0.2482905133 0.0374529511 0.5005524718 0.5004135367 0.4996960399 0.4997487971 0.4995763594 0.4999981036 0.5004098072 0.5003344494 0.5003617099 0.6002594718
0.8803909518 0.1845218132 0.5000969395 0.5002828452 0.4997696673 0.5000646542 0.4999647741 0.5000419314 0.5004767204 0.5000844708 0.5002834028 0.5999643636
0.4641765272 0.7179542270 0.4999720705 0.5004000287 0.4999850477 0.4998927558 0.4998987736 0.5000665703 0.5004668417 0.5003247260 0.4998563112 0.5998348000
0.4534096096 0.2817818612 0.5000813844 0.5003808788 0.5001903308 0.4998668378 0.5000289174 0.5000347562 0.5005043694 0.5005902644 0.4998918436 0.6000963219
0.9125523954 0.1127654960 0.5002385968 0.5001700582 0.4998618182 0.4999877622 0.5001943089 0.5000495558 0.5004178806 0.5001229544 0.5003579597 0.5999861671
0.2515677045 0.7249187234 0.4999984118 0.5004730957 0.4997843266 0.4998761811 0.5001172686 0.5000758726 0.5005587939 0.4999550081 0.4998203079 0.6001655012
0.6447546319 0.2458110429 0.4999439217 0.5003211468 0.5000449655 0.4999770546 0.5002038504 0.5000492252 0.5004659635 0.5003888048 0.4999959331 0.6000783170
0.5319433341 0.0000002310 0.4997674526 0.5002034334 0.4996172895 0.4997489793 0.4997104858 0.5000474583 0.5003343441 0.5005054477 0.5002977730 0.5999418886
0.8803909518 0.1845218132 0.5000969395 0.5002828452 0.4997696673 0.5000646542 0.4999647741 0.5000419314 0.5004767204 0.5000844708 0.5002834028 0.5999643636
0.6224175692 0.7381581230 0.4996755033 0.5003924003 0.5000382316 0.5002308513 0.5000770661 0.5000615278 0.5005201108 0.4998875437 0.4999679870 0.5999930896
0.7251358410 0.6078128322 0.4995624130 0.5004178242 0.4999334707 0.4998301581 0.4999635950 0.5000485189 0.5005329326 0.5000804040 0.4999768472 0.5998661156
0.3204040314 0.8787625087 0.5000136366 0.5003018236 0.5002570229 0.5001065218 0.5000576841 0.5001278776 0.5003865031 0.5000180262 0.4998316239 0.5994928719
0.1110224409 0.9078654365 0.5000772874 0.5003844756 0.4997498469 0.4999290726 0.4999825777 0.5001067036 0.5004258645 0.5005765857 0.4995687989 0.5996821577
0.2274426364 0.5066499538 0.5003040652 0.5003692315 0.5000097861 0.5001594664 0.5003439758 0.5000515754 0.5004081025 0.5002257786 0.5000054869 0.6002941884
0.0364184188 0.0850910958 0.5003605639 0.5007628088 0.4999723650 0.5000162895 0.4996905157 0.4999473738 0.5005542681 0.5002343274 0.5000572950 0.6003799429
0.2335002067 0.9385710961 0.4997212846 0.5004901701 0.5001582147 0.5000732744 0.5000273047 0.5000829199 0.5005223663 0.5000284631 0.4996588284 0.5998530876
0.0589025159 0.4753063105 0.5004158876 0.5004400092 0.4999412903 0.5002010612 0.5000730020 0.5000486706 0.5004409718 0.5003139872 0.4999151326 0.6002028528
0.0364184188 0.0850910958 0.5003605639 0.5007628088 0.4999723650 0.5000162895 0.4996905157 0.4999473738 0.5005542681 0.5002343274 0.5000572950 0.6003799429
0.5415169643 0.9726333676 0.4994670639 0.5005162118 0.5003004473 0.5002125646 0.4999351945 0.5000970189 0.5004407406 0.5001563764 0.4996515891 0.5995960087
0.2335002067 0.9385710961 0.4997212846 0.5004901701 0.5001582147 0.5000732744 0.5000273047 0.5000829199 0.5005223663 0.5000284631 0.4996588284 0.5998530876
0.0312384136 0.1607955957 0.5006045845 0.5003639739 0.4999165676 0.4999484953 0.4996930242 0.5000189978 0.5005073402 0.5002436004 0.5001559838 0.6008465039
0.9994120629 0.2574507016 0.4997343518 0.5001546964 0.4999111986 0.5002461275 0.5002418405 0.5000799752 0.5003741261 0.5003171110 0.5000850366 0.5999347835
0.0094646062 0.0075846519 0.5002359366 0.5008956490 0.4999036032 0.5001093063 0.4997060502 0.4999288393 0.5005734388 0.5003413049 0.4999404276 0.6004852955
0.3468992590 0.1283084530 0.5003842839 0.5003308701 0.4998444354 0.4997237862 0.4996492814 0.5000106403 0.5004549306 0.5005737865 0.5002142897 0.6002444240
0.7464586401 0.0927777229 0.5000179997 0.5003929004 0.5000646830 0.5000641292 0.4999149940 0.5000136766 0.5004767888 0.5001548440 0.5002310058 0.5999967931
0.2452487875 0.1617961636 0.4999980189 0.5005232076 0.5000869977 0.4998688099 0.4995716824 0.5000312870 0.5005367315 0.5000906121 0.5000361168 0.6001749105
0.6484944924 0.7518196220 0.4997747187 0.5002987590 0.5003203214 0.5002333629 0.5001309626 0.5000825707 0.5004503983 0.5004315712 0.4997631758 0.5999228648
0.1299176551 0.6680462412 0.5002486671 0.5004565638 0.4999996817 0.5001851856 0.5004028904 0.5000686076 0.5003622320 0.5000903710 0.4999125991 0.6000654078
0.5241249997 0.1534557521 0.5001239714 0.5003602075 0.4999708346 0.4997632657 0.4996492362 0.5000313224 0.5004558464 0.5004904289 0.5000947504 0.6001175616
0.0019212126 0.9953033741 0.5001124046 0.5006068019 0.5000446087 0.5001880652 0.5002042452 0.5001013367 0.5004696069 0.5001293898 0.4995058130 0.5995172404
0.0664943976 0.0340724466 0.5000711361 0.5006212586 0.4994505420 0.4996044612 0.4995575726 0.4999929248 0.5004684132 0.5003602581 0.5001407480 0.6000629366
0.2274426364 0.5066499538 0.5003040652 0.5003692315 0.5000097861 0.5001594664 0.5003439758 0.5000515754 0.5004081025 0.5002257786 0.5000054869 0.6002941884
0.0000730152 0.4910475986 0.5000747719 0.5008235717 0.4997864479 0.5001586999 0.5000378038 0.5000176484 0.5005437923 0.5000788503 0.4997318225 0.6001433369
0.9994120629 0.2574507016 0.4997343518 0.5001546964 0.4999111986 0.5002461275 0.5002418405 0.5000799752 0.5003741261 0.5003171110 0.5000850366 0.5999347835
0.0025289836 0.0850313802 0.5003449043 0.5004607259 0.4999968829 0.4995748036 0.4994358546 0.5000223485 0.5003965442 0.5007631548 0.5000171485 0.6002545275
0.9994120629 0.2574507016 0.4997343518 0.5001546964 0.4999111986 0.5002461275 0.5002418405 0.5000799752 0.5003741261 0.5003171110 0.5000850366 0.5999347835
0.1688043105 0.9905029949 0.4997172205 0.5005023415 0.5001212083 0.5001792952 0.5003058597 0.5001016025 0.5005138778 0.4999864519 0.4995638652 0.5999196836
0.4905638771 0.0009563015 0.5006223985 0.5003118771 0.5001580038 0.4996238104 0.4996447330 0.4999947613 0.5005218007 0.5001752656 0.5004344357 0.6004278739
0.1196074857 0.0000000497 0.4998030363 0.5004952805 0.4995296647 0.4995302723 0.4996093802 0.5000266794 0.5004186036 0.5006356194 0.5000247633 0.5999770564
0.0589025159 0.4753063105 0.5004158876 0.5004400092 0.4999412903 0.5002010612 0.5000730020 0.5000486706 0.5004409718 0.5003139872 0.4999151326 0.6002028528
0.5140782130 0.0865593190 0.5000366970 0.5003966921 0.4999619604 0.5002845979 0.4999230496 0.5000039323 0.5004908011 0.5005179077 0.5001192607 0.6005142710
0.0080836212 0.2640885636 0.5000367850 0.5006874979 0.4998391729 0.5000345285 0.4998943400 0.5000168113 0.5005066179 0.5005283693 0.4996852536 0.6001605288
0.5072858043 0.9636309110 0.5001019480 0.5003839275 0.4999881201 0.5010121466 0.5003093884 0.5001187949 0.5003654903 0.4998816092 0.4998646105 0.5998227883
0.9994120629 0.2574507016 0.4997343518 0.5001546964 0.4999111986 0.5002461275 0.5002418405 0.5000799752 0.5003741261 0.5003171110 0.5000850366 0.5999347835
0.0000639964 0.9989723591 0.5008443985 0.5001100289 0.4980445642 0.5013694277 0.5005861143 0.5001359862 0.5004626321 0.5004333674 0.4998311685 0.5993592734
0.0006523330 0.0009649684 0.5007518280 0.5002457547 0.4992707227 0.4992391954 0.4990888784 0.5000228592 0.5004472640 0.5004834055 0.5003867377 0.6004274175
0.0001055535 0.0000525282 0.5017773256 0.5001759533 0.4982528247 0.5013925613 0.5001075190 0.4999441783 0.5005126116 0.5004057895 0.5008312066 0.6015407639
0.1196074857 0.0000000497 0.4998030363 0.5004952805 0.4995296647 0.4995302723 0.4996093802 0.5000266794 0.5004186036 0.5006356194 0.5000247633 0.5999770564
0.0016512631 0.9998376259 0.5004895461 0.5004996459 0.4994115354 0.5009711242 0.4992934595 0.5001736173 0.5003681410 0.5003900455 0.4996400021 0.5988180134
0.4442792701 0.0404389692 0.5004725336 0.5002494835 0.4997882565 0.5002321043 0.5001472369 0.5000365948 0.5004347492 0.5003013559 0.5001384764 0.6007199613
0.0025375555 0.9989639314 0.4999964182 0.5006696693 0.4998587976 0.4998447903 0.4999771891 0.5000855248 0.5004120650 0.5004264353 0.4994847443 0.5994782363
0.0987437137 0.2513958577 0.5004726595 0.5004150333 0.5000241087 0.5000887749 0.4998338551 0.5000347700 0.5004845342 0.5005244290 0.4999399473 0.6006686125
0.0004937996 0.9998450014 0.5008358916 0.5006312138 0.4991871399 0.5009368212 0.4992940274 0.5001618665 0.5003847488 0.5002420838 0.4996238317 0.5987678044
0.0007957839 0.7659849779 0.5005465085 0.5005603452 0.4998017345 0.5000336021 0.4999133323 0.5000490611 0.5004763514 0.5003136036 0.4997600834 0.5999453607
0.2335002067 0.9385710961 0.4997212846 0.5004901701 0.5001582147 0.5000732744 0.5000273047 0.5000829199 0.5005223663 0.5000284631 0.4996588284 0.5998530876
0.3204040314 0.8787625087 0.5000136366 0.5003018236 0.5002570229 0.5001065218 0.5000576841 0.5001278776 0.5003865031 0.5000180262 0.4998316239 0.5994928719
0.0004937996 0.9998450014 0.5008358916 0.5006312138 0.4991871399 0.5009368212 0.4992940274 0.5001618665 0.5003847488 0.5002420838 0.4996238317 0.5987678044
0.0364184188 0.0850910958 0.5003605639 0.5007628088 0.4999723650 0.5000162895 0.4996905157 0.4999473738 0.5005542681 0.5002343274 0.5000572950 0.6003799429
0.6114485062 0.4027111123 0.5000076760 0.5004167728 0.4997327846 0.5001916161 0.4998600039 0.5000624345 0.5004770314 0.5001675127 0.4999949286 0.5998148623
0.2482905133 0.0374529511 0.5005524718 0.5004135367 0.4996960399 0.4997487971 0.4995763594 0.4999981036 0.5004098072 0.5003344494 0.5003617099 0.6002594718
0.0006523330 0.0009649684 0.5007518280 0.5002457547 0.4992707227 0.4992391954 0.4990888784 0.5000228592 0.5004472640 0.5004834055 0.5003867377 0.6004274175
0.1401729769 0.8672995821 0.5001490053 0.5004381642 0.5000217186 0.4999127081 0.5000227815 0.5000957384 0.5004331246 0.5002355868 0.4997747642 0.5996144950
0.1886046557 0.5524102097 0.5001446990 0.5003936804 0.5001670049 0.4997718369 0.4997274372 0.5000475005 0.5004363824 0.5001514581 0.5001217528 0.6002168390
0.4841092616 0.3851296059 0.5001015183 0.5003257863 0.5001742701 0.4998432900 0.5004378117 0.5000374454 0.5004939085 0.5003338548 0.4999242732 0.6005789286
0.3977380480 0.2010776530 0.5003035459 0.5003013758 0.4998504729 0.4997973240 0.4996270824 0.5000191354 0.5004673772 0.5005382353 0.5002053249 0.6002006081
0.9994120629 0.2574507016 0.4997343518 0.5001546964 0.4999111986 0.5002461275 0.5002418405 0.5000799752 0.5003741261 0.5003171110 0.5000850366 0.5999347835
0.3227070083 0.9038745375 0.4994692095 0.5005152055 0.5001073435 0.4999903651 0.5001043535 0.5001073109 0.5005140116 0.5001248031 0.4994648031 0.5994488006
0.0004074224 0.9973301108 0.5001442070 0.5005033912 0.4990367836 0.5001411904 0.4987395433 0.5001464643 0.5004924720 0.5000936644 0.4997798005 0.5985090500
0.2675702394 0.6902364353 0.5005612155 0.5002707273 0.4997723004 0.4999455694 0.5000677698 0.5000757630 0.5004751189 0.4999646595 0.5002117658 0.5998774116
0.2159779759 0.2558096386 0.5000828841 0.5004658349 0.5000345002 0.4997316942 0.4995961580 0.5000437593 0.5004205751 0.5005666300 0.4999442228 0.6000055856
0.0023835484 0.9284919553 0.5004674099 0.5005618946 0.4998715304 0.5001647568 0.5001320984 0.5000590690 0.5004836139 0.5001356477 0.4997308350 0.5998224468
0.0270606362 0.7208601888 0.5004677011 0.5005030106 0.4999396814 0.5002529749 0.5003103136 0.5000541914 0.5004836970 0.5001143830 0.4998234884 0.6000731294
0.0000046495 0.0000049076 0.5020212788 0.5000411213 0.4978986976 0.5024770413 0.5002890187 0.4998391502 0.5006049050 0.5011860943 0.5008021413 0.6038905501
0.4594483452 0.4155274190 0.4999619445 0.5002377069 0.5001921468 0.5002906343 0.4998829412 0.5000415365 0.5004274308 0.5004192711 0.5001046565 0.6005605397
0.9894970770 0.0607018011 0.5001196096 0.5002445291 0.5000325820 0.4998301512 0.5004588806 0.5000493110 0.5004535376 0.5003888719 0.5001013114 0.6001690735
0.6486008234 0.6238953253 0.4998637891 0.5004768221 0.4998236752 0.5003867326 0.4998999301 0.5000631377 0.5005073406 0.5000112498 0.4999313747 0.5998155112
0.0364184188 0.0850910958 0.5003605639 0.5007628088 0.4999723650 0.5000162895 0.4996905157 0.4999473738 0.5005542681 0.5002343274 0.5000572950 0.6003799429
0.3902238340 0.2572653685 0.4998997101 0.5006402846 0.5003113781 0.5000783951 0.4997608428 0.5000093376 0.5005305718 0.5000723323 0.5000246634 0.6000312465
0.5977577475 0.9067083317 0.4993542247 0.5002759418 0.5002907011 0.4998474700 0.4999218713 0.5001114308 0.5004328455 0.5005557618 0.4995840861 0.5999714671
0.8145658781 0.4264005144 0.4996172360 0.5002708302 0.5000545502 0.4999846592 0.4999186689 0.5000882859 0.5003829758 0.5004602711 0.4999376078 0.5998600510
0.0023835484 0.9284919553 0.5004674099 0.5005618946 0.4998715304 0.5001647568 0.5001320984 0.5000590690 0.5004836139 0.5001356477 0.4997308350 0.5998224468
0.7992531584 0.0451123666 0.5001079048 0.5002213207 0.4996930267 0.4999727091 0.5000607956 0.5000409651 0.5004147399 0.5002054589 0.5003419888 0.5999987563
0.0000197845 0.3375914819 0.5003271162 0.5007526265 0.4996785890 0.5002296093 0.5000086785 0.4999964590 0.5005079009 0.5001912648 0.4998064174 0.6002290206
0.9999959971 0.0017442336 0.5000278548 0.5000637842 0.5000003413 0.5000988757 0.5001762186 0.5000053167 0.5004075138 0.5004572694 0.5003786691 0.6000265351
0.2808249614 0.2872384694 0.5005086186 0.5005284175 0.4996376232 0.5003219979 0.4999671823 0.5000349339 0.5004501465 0.5001428665 0.5000421407 0.5999005247
0.3142885323 0.7368117340 0.5002860394 0.5004218175 0.4999766964 0.4998484948 0.4998632710 0.5000538803 0.5004682765 0.5003144143 0.4999189885 0.5999498237
0.7106844356 0.0553227797 0.5001638040 0.5003465416 0.4998350673 0.4998662725 0.4997791149 0.5000372370 0.5004295364 0.5002920360 0.5002201251 0.5999518650
0.5432326045 0.7120762772 0.4999049289 0.5005048404 0.5002363551 0.5001094164 0.4997448193 0.5000759488 0.5005102619 0.4998213694 0.4999525800 0.5999526902
0.9411988947 0.2370695263 0.4997878077 0.5002370683 0.5002728212 0.4999792062 0.5000754707 0.5000606211 0.5004313241 0.5003780744 0.4999773437 0.5999505064
0.0094646062 0.0075846519 0.5002359366 0.5008956490 0.4999036032 0.5001093063 0.4997060502 0.4999288393 0.5005734388 0.5003413049 0.4999404276 0.6004852955
0.7425031495 0.4450959525 0.4999139035 0.5003790961 0.4998037963 0.5002772791 0.5000003259 0.5000524030 0.5004761949 0.5000302229 0.5001049048 0.5999074582
0.5085765930 0.4443145772 0.4998805292 0.5003521265 0.5002642330 0.4998484979 0.5000536480 0.5000805201 0.5004206087 0.5002547157 0.4998394667 0.6002289759
0.3536885704 0.4038940727 0.5001743212 0.5003512801 0.4996373097 0.5001339562 0.4997227164 0.5000455765 0.5004772433 0.5001366486 0.5001952464 0.6001387949
0.8220741277 0.6051865651 0.4997219895 0.5002032658 0.5000532986 0.5002000743 0.5000858870 0.5000836746 0.5004210199 0.5001618042 0.5000360354 0.5997361206
0.8209581974 0.0466982782 0.4999057245 0.5002505168 0.4999982484 0.4998761533 0.5003609808 0.5000627171 0.5004380921 0.5004088867 0.5000111268 0.6002662693
0.0094646062 0.0075846519 0.5002359366 0.5008956490 0.4999036032 0.5001093063 0.4997060502 0.4999288393 0.5005734388 0.5003413049 0.4999404276 0.6004852955
0.9994120629 0.2574507016 0.4997343518 0.5001546964 0.4999111986 0.5002461275 0.5002418405 0.5000799752 0.5003741261 0.5003171110 0.5000850366 0.5999347835
0.3473203805 0.5611605167 0.5002379562 0.5004546996 0.4999184696 0.5001769744 0.4999828230 0.5000684075 0.5004791130 0.5000638961 0.4999121220 0.5997401999
0.0023835484 0.9284919553 0.5004674099 0.5005618946 0.4998715304 0.5001647568 0.5001320984 0.5000590690 0.5004836139 0.5001356477 0.4997308350 0.5998224468
0.3021595382 0.8907769413 0.4998394720 0.5005183171 0.4998882328 0.5002532787 0.5002031036 0.5000844491 0.5004807444 0.5001562711 0.4996054804 0.5995923995
0.2500447742 0.9385710961 0.4997212846 0.5004901701 0.5001582147 0.5000732744 0.5000273047 0.5000829199 0.5005223663 0.5000284631 0.4996588284 0.5998530876
0.0243714365 0.6536964297 0.5003241389 0.5005731941 0.5000181635 0.5001503370 0.5001895026 0.5000375757 0.5004353506 0.4999718621 0.4999745601 0.6000016015
0.9909163407 0.3861820853 0.4997439660 0.5002624411 0.4997854605 0.5001865360 0.4999872464 0.5000526594 0.5004929859 0.5001185840 0.5001849521 0.5999728783
0.6948373498 0.2821844357 0.5001100505 0.5002328845 0.4997257388 0.5003619273 0.5001151757 0.5000431787 0.5004587856 0.5003596983 0.5000752494 0.6000967683
0.3090753420 0.7611915601 0.5000932730 0.5002830315 0.4999283782 0.4998671720 0.5003121869 0.5000994089 0.5004652988 0.5002378186 0.4997494143 0.5999596789
0.3536885704 0.4038940727 0.5001743212 0.5003512801 0.4996373097 0.5001339562 0.4997227164 0.5000455765 0.5004772433 0.5001366486 0.5001952464 0.6001387949
0.1413763811 0.6799567469 0.5002453159 0.5004493913 0.5000201572 0.5000749972 0.5001088227 0.5000744584 0.5004522100 0.5002914384 0.4997929900 0.5999326675
0.8803909518 0.1845218132 0.5000969395 0.5002828452 0.4997696673 0.5000646542 0.4999647741 0.5000419314 0.5004767204 0.5000844708 0.5002834028 0.5999643636
0.9994120629 0.2574507016 0.4997343518 0.5001546964 0.4999111986 0.5002461275 0.5002418405 0.5000799752 0.5003741261 0.5003171110 0.5000850366 0.5999347835
0.8220741277 0.6051865651 0.4997219895 0.5002032658 0.5000532986 0.5002000743 0.5000858870 0.5000836746 0.5004210199 0.5001618042 0.5000360354 0.5997361206
0.1669364351 0.8003202655 0.5002576903 0.5004431080 0.5000808821 0.5004633705 0.5005105343 0.5000686863 0.5004554969 0.4999580753 0.4998566359 0.5999570251
0.0094646062 0.0075846519 0.5002359366 0.5008956490 0.4999036032 0.5001093063 0.4997060502 0.4999288393 0.5005734388 0.5003413049 0.4999404276 0.6004852955
0.2972948353 0.4409692412 0.5004115799 0.5003664867 0.5000033353 0.5002972560 0.5001768412 0.5000445945 0.5004048568 0.5002499511 0.5001122298 0.6002444443
0.0023835484 0.9284919553 0.5004674099 0.5005618946 0.4998715304 0.5001647568 0.5001320984 0.5000590690 0.5004836139 0.5001356477 0.4997308350 0.5998224468
0.6580884574 0.4407535492 0.5000575897 0.5004201741 0.4997213467 0.5000794452 0.4998604030 0.5000658472 0.5005304351 0.4999315859 0.5001294573 0.5999663874
0.2216803787 0.0887535614 0.5004255608 0.5004093783 0.4994770606 0.4999265362 0.4999590886 0.5000233203 0.5005289828 0.5003545368 0.5000408248 0.6004654196
0.4376098490 0.5377995339 0.5002568448 0.5002200012 0.5001490327 0.5001933919 0.5000022405 0.5000584924 0.5004102570 0.5003254673 0.5001112978 0.6002597962
0.4348328201 0.6452012153 0.4999821135 0.5003440945 0.4998838517 0.4999505678 0.5003115192 0.5000860992 0.5005119272 0.5001485083 0.4997598649 0.6001756723
0.0520927545 0.1851890053 0.5005261694 0.5004870573 0.4993936528 0.4999787086 0.4996996988 0.5000226905 0.5005537197 0.5003446206 0.4999882779 0.6003426947
0.5183840597 0.5721149744 0.4998425601 0.5004256636 0.4997342482 0.4998038660 0.5001946722 0.5000798090 0.5005369267 0.4998832409 0.4999159716 0.6000658757
0.6660535054 0.8604816229 0.4998762492 0.5003313017 0.5001283302 0.5005634609 0.5002013677 0.5000530862 0.5004940405 0.5001761914 0.4997931394 0.5999495484
0.5653461529 0.2549238850 0.5000501162 0.5004119445 0.5001206705 0.4998041669 0.4997755411 0.5000570145 0.5004324708 0.5003166644 0.4999688641 0.6000669747
0.0031427787 0.0024537541 0.5005291377 0.5002845794 0.4993393645 0.4992153971 0.4994462784 0.5000540050 0.5004870140 0.5002318087 0.5001955967 0.6003250862
0.3902238340 0.2572653685 0.4998997101 0.5006402846 0.5003113781 0.5000783951 0.4997608428 0.5000093376 0.5005305718 0.5000723323 0.5000246634 0.6000312465
0.1359333201 0.7484261261 0.5003319317 0.5003484102 0.4997101807 0.5002751185 0.4995893395 0.5000721369 0.5004365858 0.4998311632 0.5001271539 0.6002408583
0.3725726979 0.7259467197 0.5001034026 0.5005702252 0.4998879556 0.5004197176 0.5002111361 0.5000665874 0.5004968448 0.4998768168 0.4998011648 0.5996706954
0.1359333201 0.7484261261 0.5003319317 0.5003484102 0.4997101807 0.5002751185 0.4995893395 0.5000721369 0.5004365858 0.4998311632 0.5001271539 0.6002408583
0.4827893192 0.6345642313 0.5002317243 0.5004899009 0.5001405614 0.5001864839 0.4998942031 0.5000574351 0.5004974107 0.4998435587 0.4999860946 0.5997989183
0.5653461529 0.2549238850 0.5000501162 0.5004119445 0.5001206705 0.4998041669 0.4997755411 0.5000570145 0.5004324708 0.5003166644 0.4999688641 0.6000669747
0.5393133022 0.1704449023 0.5001094824 0.5002996400 0.4999575863 0.4997601527 0.5000353423 0.5000438834 0.5004964094 0.5003677594 0.5000238321 0.6001758871
0.9125523954 0.1127654960 0.5002385968 0.5001700582 0.4998618182 0.4999877622 0.5001943089 0.5000495558 0.5004178806 0.5001229544 0.5003579597 0.5999861671
0.0099151306 0.0765655469 0.5004017645 0.5004467863 0.4996075770 0.4994524464 0.4993736571 0.5000281278 0.5005627522 0.5002363393 0.5000584783 0.6003786605
0.7106844356 0.0553227797 0.5001638040 0.5003465416 0.4998350673 0.4998662725 0.4997791149 0.5000372370 0.5004295364 0.5002920360 0.5002201251 0.5999518650
0.0005338350 0.3029229528 0.5002983132 0.5005849203 0.4997478395 0.5002888800 0.5000411901 0.5000114327 0.5004753331 0.5003454580 0.4998529805 0.6003148514
0.0094646062 0.0075846519 0.5002359366 0.5008956490 0.4999036032 0.5001093063 0.4997060502 0.4999288393 0.5005734388 0.5003413049 0.4999404276 0.6004852955
0.1354900851 0.9962962601 0.4999089553 0.5005662233 0.5000371086 0.5001841199 0.5000739716 0.5000961717 0.5004911668 0.5000729972 0.4995368834 0.5996638791
0.0000371974 0.9999976102 0.5009440658 0.5004237929 0.4981127440 0.5015047818 0.5006519193 0.5001572785 0.5004795745 0.5002856917 0.4995834520 0.5989587393
0.4420938233 0.3405144636 0.5001908942 0.5004711198 0.4998231379 0.5001973055 0.4999290217 0.5000473732 0.5004929926 0.5001514050 0.4999899937 0.5999554321
0.0664943976 0.0340724466 0.5000711361 0.5006212586 0.4994505420 0.4996044612 0.4995575726 0.4999929248 0.5004684132 0.5003602581 0.5001407480 0.6000629366
0.5959642777 0.7163043741 0.4997262566 0.5004039775 0.5000082750 0.5004254302 0.4997864970 0.5000869297 0.5004313893 0.4999807420 0.4999849688 0.5998854929
0.0006523330 0.0009649684 0.5007518280 0.5002457547 0.4992707227 0.4992391954 0.4990888784 0.5000228592 0.5004472640 0.5004834055 0.5003867377 0.6004274175
0.0006523330 0.0009649684 0.5007518280 0.5002457547 0.4992707227 0.4992391954 0.4990888784 0.5000228592 0.5004472640 0.5004834055 0.5003867377 0.6004274175
0.0364184188 0.0850910958 0.5003605639 0.5007628088 0.4999723650 0.5000162895 0.4996905157 0.4999473738 0.5005542681 0.5002343274 0.5000572950 0.6003799429
0.5553910084 0.5142077056 0.4999491552 0.5003384421 0.4999037001 0.5001284576 0.4999674764 0.5000531482 0.5005149432 0.5001514996 0.5000707782 0.6000305828
0.1747403661 0.2111060159 0.4998055192 0.5007383905 0.4997359489 0.4998087135 0.5000396294 0.5000384175 0.5005426451 0.5005774543 0.4995390172 0.6000051192
0.0080836212 0.2640885636 0.5000367850 0.5006874979 0.4998391729 0.5000345285 0.4998943400 0.5000168113 0.5005066179 0.5005283693 0.4996852536 0.6001605288
0.0000371974 0.9999976102 0.5009440658 0.5004237929 0.4981127440 0.5015047818 0.5006519193 0.5001572785 0.5004795745 0.5002856917 0.4995834520 0.5989587393
0.1421086413 0.0782541330 0.5004729313 0.5004341771 0.4996668276 0.4997677646 0.4998000346 0.5000151878 0.5005504409 0.5003782152 0.5000136353 0.6006457095
0.6550194782 0.5472709586 0.4996227957 0.5002518089 0.5001074609 0.5001323410 0.5003367825 0.5000925078 0.5004284814 0.5002511314 0.4998491910 0.6003658192
0.9411988947 0.2370695263 0.4997878077 0.5002370683 0.5002728212 0.4999792062 0.5000754707 0.5000606211 0.5004313241 0.5003780744 0.4999773437 0.5999505064
0.1421086413 0.0782541330 0.5004729313 0.5004341771 0.4996668276 0.4997677646 0.4998000346 0.5000151878 0.5005504409 0.5003782152 0.5000136353 0.6006457095
0.9994120629 0.2574507016 0.4997343518 0.5001546964 0.4999111986 0.5002461275 0.5002418405 0.5000799752 0.5003741261 0.5003171110 0.5000850366 0.5999347835
0.5977577475 0.9067083317 0.4993542247 0.5002759418 0.5002907011 0.4998474700 0.4999218713 0.5001114308 0.5004328455 0.5005557618 0.4995840861 0.5999714671
0.7464586401 0.0927777229 0.5000179997 0.5003929004 0.5000646830 0.5000641292 0.4999149940 0.5000136766 0.5004767888 0.5001548440 0.5002310058 0.5999967931
0.0075796314 0.9864273421 0.5001021025 0.5005837478 0.5000713336 0.5000223018 0.5000549459 0.5000873914 0.5004373721 0.5003210809 0.4995342988 0.5995870127
0.0664943976 0.0340724466 0.5000711361 0.5006212586 0.4994505420 0.4996044612 0.4995575726 0.4999929248 0.5004684132 0.5003602581 0.5001407480 0.6000629366
0.1401729769 0.8672995821 0.5001490053 0.5004381642 0.5000217186 0.4999127081 0.5000227815 0.5000957384 0.5004331246 0.5002355868 0.4997747642 0.5996144950
0.8872410984 0.0194807988 0.4999710857 0.5002153931 0.4997504188 0.4999445673 0.5001595194 0.5000512155 0.5003909820 0.5003934758 0.5001879501 0.6000993683
0.1288122028 0.8883067389 0.4999116935 0.5005369589 0.5001147742 0.5000477881 0.5000411253 0.5000851556 0.5004798692 0.5001747720 0.4995965636 0.5997200501
0.9999999978 0.0010027857 0.4998973222 0.4999840654 0.4998055637 0.5003148812 0.5003130707 0.5000241107 0.5003513028 0.5003018596 0.5004641600 0.5999378065
0.7831009120 0.3610732271 0.4997807126 0.5002122255 0.4999069045 0.5001807734 0.5002309291 0.5000899247 0.5003687684 0.5002554317 0.5000160981 0.6000740183
0.8220741277 0.6051865651 0.4997219895 0.5002032658 0.5000532986 0.5002000743 0.5000858870 0.5000836746 0.5004210199 0.5001618042 0.5000360354 0.5997361206
0.1833618175 0.9898580436 0.4999404701 0.5004733123 0.5002654548 0.5000826227 0.5000826831 0.5001165985 0.5004339642 0.5002047224 0.4995502356 0.5995490783
0.0319751484 0.6071365920 0.5003144509 0.5005554136 0.5000105316 0.5000748505 0.4999372173 0.5000285451 0.5004753926 0.5000170811 0.5000181717 0.6000881347
0.0541160296 0.4725092532 0.5002978397 0.5005304771 0.4998889321 0.5001291279 0.4997933861 0.5000322432 0.5004843457 0.5001528970 0.4999623384 0.6002461744
0.2702241323 0.7411546270 0.5002659759 0.5004122179 0.4998324033 0.5002869902 0.5001682827 0.5000703655 0.5004904559 0.5002245547 0.4999027378 0.5998678862
0.2452487875 0.1617961636 0.4999980189 0.5005232076 0.5000869977 0.4998688099 0.4995716824 0.5000312870 0.5005367315 0.5000906121 0.5000361168 0.6001749105
0.2159779759 0.2558096386 0.5000828841 0.5004658349 0.5000345002 0.4997316942 0.4995961580 0.5000437593 0.5004205751 0.5005666300 0.4999442228 0.6000055856
0.0006523330 0.0009649684 0.5007518280 0.5002457547 0.4992707227 0.4992391954 0.4990888784 0.5000228592 0.5004472640 0.5004834055 0.5003867377 0.6004274175
0.4348114132 0.9690594104 0.5003354036 0.5002507383 0.4999631238 0.5004160999 0.5003107538 0.5001150939 0.5004123375 0.4999058784 0.5001052608 0.5995485379
0.0080836212 0.2640885636 0.5000367850 0.5006874979 0.4998391729 0.5000345285 0.4998943400 0.5000168113 0.5005066179 0.5005283693 0.4996852536 0.6001605288
0.7992531584 0.0451123666 0.5001079048 0.5002213207 0.4996930267 0.4999727091 0.5000607956 0.5000409651 0.5004147399 0.5002054589 0.5003419888 0.5999987563
0.2161886706 0.2443250895 0.5003147427 0.5003661025 0.4999724685 0.5002381226 0.4998497158 0.5000388066 0.5004381016 0.5005093972 0.5000092318 0.6004762393
0.0075796314 0.9864273421 0.5001021025 0.5005837478 0.5000713336 0.5000223018 0.5000549459 0.5000873914 0.5004373721 0.5003210809 0.4995342988 0.5995870127
0.0004074224 0.9973301108 0.5001442070 0.5005033912 0.4990367836 0.5001411904 0.4987395433 0.5001464643 0.5004924720 0.5000936644 0.4997798005 0.5985090500
0.3916879331 0.6240152902 0.4999266863 0.5005602901 0.4999326656 0.5000794999 0.5000214461 0.5000691189 0.5005263814 0.5000569661 0.4997956653 0.6000464819
0.9411988947 0.2370695263 0.4997878077 0.5002370683 0.5002728212 0.4999792062 0.5000754707 0.5000606211 0.5004313241 0.5003780744 0.4999773437 0.5999505064
0.0783396775 0.8691396385 0.5001453097 0.5005524655 0.5000944095 0.5000770292 0.5000013649 0.5000774059 0.5004573850 0.5001619068 0.4996848974 0.5996576479
0.5393133022 0.1704449023 0.5001094824 0.5002996400 0.4999575863 0.4997601527 0.5000353423 0.5000438834 0.5004964094 0.5003677594 0.5000238321 0.6001758871
0.0000775706 0.4270673639 0.5003117551 0.5006321783 0.4997709031 0.5002884619 0.5002137642 0.5000186185 0.5004919300 0.5002644044 0.4997539725 0.6002021517
0.0673355248 0.8352690706 0.5002868129 0.5005973295 0.5001392923 0.5002723655 0.5001794104 0.5000479714 0.5004778582 0.4997126730 0.4999592192 0.6000342149
0.6996173409 0.3201235042 0.4996366500 0.5002383966 0.5000866826 0.4998485240 0.5001001697 0.5000781323 0.5004183963 0.5003922283 0.4999388954 0.6003159559
0.3133365853 0.3176145992 0.4999722512 0.5003087119 0.5000838498 0.4996824348 0.4997942039 0.5000565293 0.5004139096 0.5005331584 0.4999611347 0.6004595605
0.3488383669 0.8282626616 0.4998466776 0.5004450994 0.5000716312 0.4999830151 0.4999630392 0.5000747451 0.5004946040 0.5001765946 0.4997575698 0.5998439438
0.1020972099 0.9692200943 0.5001018849 0.5006409145 0.4999595364 0.5000272624 0.4999723118 0.5000903052 0.5004652297 0.5001344642 0.4996363112 0.5994575005
0.3019061526 0.6189549205 0.5000082321 0.5005141058 0.5002767579 0.4999757513 0.4995759735 0.5000645507 0.5005055902 0.5000482517 0.4999135411 0.6000708124
0.3473203805 0.5611605167 0.5002379562 0.5004546996 0.4999184696 0.5001769744 0.4999828230 0.5000684075 0.5004791130 0.5000638961 0.4999121220 0.5997401999
0.1421086413 0.0782541330 0.5004729313 0.5004341771 0.4996668276 0.4997677646 0.4998000346 0.5000151878 0.5005504409 0.5003782152 0.5000136353 0.6006457095
0.3392387165 0.0473639431 0.5002879408 0.5003480142 0.4995969646 0.4998514627 0.4994798721 0.5000175175 0.5004574268 0.5003864344 0.5002982536 0.6002705382
0.0364184188 0.0850910958 0.5003605639 0.5007628088 0.4999723650 0.5000162895 0.4996905157 0.4999473738 0.5005542681 0.5002343274 0.5000572950 0.6003799429
0.0075796314 0.9864273421 0.5001021025 0.5005837478 0.5000713336 0.5000223018 0.5000549459 0.5000873914 0.5004373721 0.5003210809 0.4995342988 0.5995870127
0.5741774851 0.7429589393 0.5001791154 0.5001712292 0.4999726579 0.5001609199 0.5003137354 0.5000827534 0.5004103546 0.5002217817 0.5005429496 0.6002052788
0.0005338350 0.3029229528 0.5002983132 0.5005849203 0.4997478395 0.5002888800 0.5000411901 0.5000114327 0.5004753331 0.5003454580 0.4998529805 0.6003148514
0.0075796314 0.9864273421 0.5001021025 0.5005837478 0.5000713336 0.5000223018 0.5000549459 0.5000873914 0.5004373721 0.5003210809 0.4995342988 0.5995870127
0.2500447742 0.9385710961 0.4997212846 0.5004901701 0.5001582147 0.5000732744 0.5000273047 0.5000829199 0.5005223663 0.5000284631 0.4996588284 0.5998530876
0.2930928716 0.1693787055 0.5003325201 0.5005187336 0.4997881252 0.4996345675 0.4998245992 0.5000101061 0.5004746946 0.5001952491 0.5001726898 0.6000377582
0.0319751484 0.6071365920 0.5003144509 0.5005554136 0.5000105316 0.5000748505 0.4999372173 0.5000285451 0.5004753926 0.5000170811 0.5000181717 0.6000881347
0.1401729769 0.8672995821 0.5001490053 0.5004381642 0.5000217186 0.4999127081 0.5000227815 0.5000957384 0.5004331246 0.5002355868 0.4997747642 0.5996144950
0.2144873949 0.4083408334 0.5001015381 0.5004271471 0.4998992588 0.4999562560 0.4994810860 0.5000476324 0.5005072220 0.5005105491 0.4998629434 0.6004279447
0.9994120629 0.2574507016 0.4997343518 0.5001546964 0.4999111986 0.5002461275 0.5002418405 0.5000799752 0.5003741261 0.5003171110 0.5000850366 0.5999347835
0.2213237039 0.6050424196 0.5002080187 0.5001629566 0.4993390742 0.5001797486 0.5005259481 0.5001382238 0.5003168246 0.5004175102 0.4997640608 0.5999075751
0.4405644658 0.8141288905 0.5001975946 0.5003211631 0.4999110877 0.5008222574 0.5002410836 0.5000891948 0.5004016118 0.5001430754 0.4998873053 0.5998468693
0.9999959971 0.0017442336 0.5000278548 0.5000637842 0.5000003413 0.5000988757 0.5001762186 0.5000053167 0.5004075138 0.5004572694 0.5003786691 0.6000265351
0.7251358410 0.6078128322 0.4995624130 0.5004178242 0.4999334707 0.4998301581 0.4999635950 0.5000485189 0.5005329326 0.5000804040 0.4999768472 0.5998661156
0.6800833691 0.9687753309 0.4999853329 0.5002107517 0.5000875081 0.5009297048 0.5001821225 0.5001087821 0.5004109450 0.5000879406 0.4998985504 0.5999149033
0.7425031495 0.4450959525 0.4999139035 0.5003790961 0.4998037963 0.5002772791 0.5000003259 0.5000524030 0.5004761949 0.5000302229 0.5001049048 0.5999074582
0.0933528676 0.6223581878 0.4997393179 0.5004273440 0.4999372774 0.4998356076 0.4997363493 0.5000959676 0.5004045271 0.5003711559 0.4996120700 0.6003542536
0.9125523954 0.1127654960 0.5002385968 0.5001700582 0.4998618182 0.4999877622 0.5001943089 0.5000495558 0.5004178806 0.5001229544 0.5003579597 0.5999861671
