0.5070267459 0.6324072394
0.9089740202 0.3119862187
0.5098442969 0.3147729992
0.5123797651 0.3136685186
0.5089316228 0.3174037549
0.5100659284 0.3146023377
0.5085120265 0.3219569519
0.5095251912 0.3162187308
0.5156450210 0.3133411667
0.5198910985 0.3129687566
0.5081669963 0.3266713357
0.5100659284 0.3146023377
0.5114709086 0.3141321160
0.5092952569 0.3163331843
0.5097483479 0.3152990018
0.5137431849 0.3134020457
0.5086217102 0.3193773749
0.5085777723 0.3197653676
0.5114956439 0.3142230531
0.5137431849 0.3134020457
0.5092952569 0.3163331843
0.5098442969 0.3147729992
0.5098442969 0.3147729992
0.5186849893 0.3132751488
0.5100659284 0.3146023377
0.5198910985 0.3129687566
0.5089316228 0.3174037549
0.5079464990 0.3351130837
0.5096077591 0.3158106280
0.5082752259 0.3239810192
0.5123797651 0.3136685186
0.5127488746 0.3135498636
0.5088022929 0.3184000801
0.5127488746 0.3135498636
0.5198910985 0.3129687566
0.5080147278 0.3332485470
0.5092952569 0.3163331843
0.5085777723 0.3197653676
0.5083647613 0.3228058894
0.5114709086 0.3141321160
0.5097483479 0.3152990018
0.5110356139 0.3146486647
0.5096077591 0.3158106280
0.5092952569 0.3163331843
0.5086217102 0.3193773749
0.5116628452 0.3138094542
0.5103593847 0.3148166854
0.5198910985 0.3129687566
0.5100659284 0.3146023377
0.5089316228 0.3174037549
0.5098442969 0.3147729992
0.5092952569 0.3163331843
0.5079464990 0.3351130837
0.5116628452 0.3138094542
0.5081669963 0.3266713357
0.5098442969 0.3147729992
0.5114709086 0.3141321160
0.5198910985 0.3129687566
0.5089316228 0.3174037549
0.5156450210 0.3133411667
0.5156450210 0.3133411667
0.5097483479 0.3152990018
0.5137431849 0.3134020457
0.5123797651 0.3136685186
0.5088022929 0.3184000801
0.5137431849 0.3134020457
0.5083495341 0.3235561178
0.5116628452 0.3138094542
0.5098442969 0.3147729992
0.5100659284 0.3146023377
0.5127488746 0.3135498636
0.5089316228 0.3174037549
0.5114709086 0.3141321160
0.5094905302 0.3162378256
0.5098442969 0.3147729992
0.5085777723 0.3197653676
0.5085688308 0.3213645111
0.5127488746 0.3135498636
0.5114709086 0.3141321160
0.5198910985 0.3129687566
0.5114956439 0.3142230531
0.5092952569 0.3163331843
0.5098442969 0.3147729992
0.5100659284 0.3146023377
0.5097483479 0.3152990018
0.5110356139 0.3146486647
0.5086217102 0.3193773749
0.5081669963 0.3266713357
0.5096077591 0.3158106280
0.5098442969 0.3147729992
0.5089316228 0.3174037549
0.5123797651 0.3136685186
0.5198910985 0.3129687566
0.5079464990 0.3351130837
0.5156450210 0.3133411667
0.5092952569 0.3163331843
0.5098442969 0.3147729992
0.5114709086 0.3141321160
0.5092952569 0.3163331843
0.5100659284 0.3146023377
