0.0000000000 0.2515969659 0.0000000021 0.0000000211 0.0000000761 0.0000000000 0.0000001594 0.0000000049 0.0000000002 0.0000002490 0.0000000000 0.0000000043
0.2491082762 0.0000000000 0.0000008058 0.0000162665 0.0000001429 0.0000000022 0.0000019014 0.0000019752 0.0000000092 0.0000000093 0.0000610167 0.0000002620
0.8570796021 0.2509295591 0.0000002942 0.0000198783 0.0000015556 0.0000026743 0.0000010103 0.0000000564 0.0000005767 0.0000021136 0.0000144751 0.0000015841
0.2508743942 0.2534880222 0.0000160143 0.0000028316 0.0000218053 0.0000075097 0.0000044422 0.0000237489 0.0000153182 0.0000116768 0.0000005046 0.0000142146
0.8610251721 0.1184401228 0.0000007575 0.0000062819 0.0000002519 0.0000497323 0.0000525492 0.0000086333 0.0000001589 0.0000010898 0.0000140407 0.0000000022
0.0000000000 0.0000000000 0.0000000001 0.0000000000 0.0000001480 0.0000000000 0.0000000523 0.0000016590 0.0000000000 0.0000001539 0.0000037033 0.0000000566
0.0021232569 0.0003551477 0.0000154388 0.0000076541 0.0000004348 0.0000000107 0.0000148692 0.0000005116 0.0001498803 0.0000000024 0.0000112996 0.0000027420
0.6531260946 0.2474852071 0.0000015105 0.0000079786 0.0000178352 0.0000267638 0.0000057736 0.0000059990 0.0000128720 0.0000183051 0.0000175122 0.0000148755
0.1918443829 0.2527999851 0.0000078429 0.0000000539 0.0000166998 0.0000014632 0.0000026139 0.0000092468 0.0000013280 0.0000080803 0.0000000000 0.0000013316
0.8624134507 0.0518445938 0.0000001329 0.0000033987 0.0000098283 0.0000954629 0.0000056502 0.0000350818 0.0000156835 0.0000201425 0.0000013817 0.0000252356
0.7553294342 0.2521577135 0.0000175322 0.0000276716 0.0000016339 0.0000139815 0.0000067231 0.0000072076 0.0000072274 0.0000254999 0.0000164967 0.0000067285
0.0651118019 0.2505770314 0.0000025089 0.0000013607 0.0000088194 0.0000020675 0.0000001417 0.0000000013 0.0000046209 0.0000052628 0.0000000000 0.0000010301
0.1209290109 0.1205216903 0.0000000447 0.0000654637 0.0000008985 0.0000221484 0.0000013049 0.0000019341 0.0000504450 0.0000060801 0.0001878012 0.0000021823
0.2508743942 0.2534880222 0.0000160143 0.0000028316 0.0000218053 0.0000075097 0.0000044422 0.0000237489 0.0000153182 0.0000116768 0.0000005046 0.0000142146
0.1606876445 0.2513035494 0.0000182385 0.0000004470 0.0000005490 0.0000001870 0.0000062951 0.0000220029 0.0000242315 0.0000043982 0.0000004396 0.0000025135
0.2577045720 0.0673759680 0.0000028872 0.0000607065 0.0000196699 0.0000090974 0.0000300442 0.0000039783 0.0000106871 0.0000000000 0.0000014261 0.0000089866
0.7300736902 0.1811506886 0.0000008465 0.0003240701 0.0000124595 0.0001593009 0.0000123142 0.0001072535 0.0001220558 0.0000888367 0.0000683650 0.0000656765
0.6791820363 0.2449715258 0.0000143354 0.0000031203 0.0000010820 0.0000222916 0.0000012434 0.0000438597 0.0000671446 0.0000003823 0.0000366391 0.0000128525
0.2531666225 0.1612926144 0.0000003632 0.0000943589 0.0000092691 0.0000240253 0.0000460540 0.0000008669 0.0000012246 0.0000127317 0.0000032000 0.0000527649
0.8581263694 0.1747941418 0.0000002230 0.0000361138 0.0000015878 0.0000013824 0.0000148470 0.0000073453 0.0000000000 0.0000249136 0.0000001879 0.0000189327
0.1376530860 0.2537918933 0.0000072801 0.0000006894 0.0000135342 0.0000017293 0.0000095172 0.0000000251 0.0000221236 0.0000035028 0.0000011249 0.0000013742
0.2543924073 0.2545766887 0.0000204691 0.0000056215 0.0000000000 0.0000017010 0.0000084740 0.0000010148 0.0000245368 0.0000039499 0.0000034956 0.0000000210
0.8601598807 0.0729673485 0.0000040434 0.0000001558 0.0000471266 0.0000748349 0.0000004432 0.0000034728 0.0000160100 0.0000191092 0.0000003237 0.0000258662
0.8613318418 0.0148837302 0.0000507279 0.0000850982 0.0000099767 0.0000006470 0.0000007865 0.0000770003 0.0000044051 0.0000001664 0.0000190115 0.0000010067
0.1936508049 0.2528522359 0.0000191805 0.0000050597 0.0000260658 0.0000000000 0.0000001406 0.0000421106 0.0000020669 0.0000091941 0.0000000425 0.0000004821
0.2519676077 0.2498628808 0.0000013371 0.0000026265 0.0000200450 0.0000393475 0.0000011276 0.0000084988 0.0000035152 0.0000148569 0.0000096329 0.0000397259
0.2508743942 0.2534880222 0.0000160143 0.0000028316 0.0000218053 0.0000075097 0.0000044422 0.0000237489 0.0000153182 0.0000116768 0.0000005046 0.0000142146
0.7649978338 0.2493497397 0.0000106324 0.0000242913 0.0000012679 0.0000048248 0.0001705106 0.0000203994 0.0000315869 0.0000343485 0.0000161973 0.0000379722
0.8619595746 0.0327570857 0.0000002566 0.0000350046 0.0000104098 0.0001017806 0.0000085582 0.0000000523 0.0000105073 0.0000282609 0.0000008201 0.0000103816
0.2322386301 0.0779628666 0.0000039133 0.0000671270 0.0000002831 0.0000005052 0.0000552038 0.0000275944 0.0000042101 0.0000000000 0.0000308652 0.0000094798
0.7116107620 0.2517442229 0.0000619603 0.0000000029 0.0000180399 0.0000195397 0.0000376859 0.0000019929 0.0001529665 0.0000096154 0.0000075815 0.0000075483
0.7354225313 0.2485060876 0.0000007097 0.0000000539 0.0000172652 0.0000875925 0.0000159237 0.0000010713 0.0000034202 0.0000408420 0.0000006619 0.0000194268
0.2519676077 0.2498628808 0.0000013371 0.0000026265 0.0000200450 0.0000393475 0.0000011276 0.0000084988 0.0000035152 0.0000148569 0.0000096329 0.0000397259
0.6542307222 0.2523393692 0.0000123650 0.0000217790 0.0000053841 0.0000001393 0.0000006480 0.0000248875 0.0000009103 0.0000006147 0.0000039936 0.0000043546
0.2490164773 0.1922430845 0.0000097879 0.0000854099 0.0000108488 0.0000007843 0.0000467956 0.0000004281 0.0000014654 0.0000108636 0.0000030891 0.0000430119
0.1600463529 0.0954156187 0.0000391639 0.0000033890 0.0000147593 0.0001296397 0.0000886524 0.0000503058 0.0000744814 0.0000048184 0.0000411851 0.0000015256
0.0011510668 0.0014510511 0.0000494464 0.0000050247 0.0000122900 0.0000000352 0.0000171914 0.0000072906 0.0000290129 0.0000000006 0.0000045693 0.0000045966
0.1206507904 0.2549507033 0.0000110114 0.0000002427 0.0000059108 0.0000033748 0.0000080074 0.0000773185 0.0000060833 0.0000019122 0.0000021022 0.0000121679
0.0012061813 0.0000000000 0.0000013915 0.0000373318 0.0000001248 0.0000000818 0.0000018535 0.0000405635 0.0000026297 0.0000000235 0.0000449834 0.0000017283
0.0011510668 0.0014510511 0.0000494464 0.0000050247 0.0000122900 0.0000000352 0.0000171914 0.0000072906 0.0000290129 0.0000000006 0.0000045693 0.0000045966
0.0761741578 0.2254544904 0.0000149297 0.0000093799 0.0000000002 0.0000012837 0.0000225067 0.0000698458 0.0000003598 0.0000000113 0.0001815715 0.0001521003
0.2519676077 0.2498628808 0.0000013371 0.0000026265 0.0000200450 0.0000393475 0.0000011276 0.0000084988 0.0000035152 0.0000148569 0.0000096329 0.0000397259
0.6752176652 0.1143432462 0.0000580784 0.0001794492 0.0000296344 0.0000905348 0.0000069422 0.0000526162 0.0000293443 0.0000157925 0.0000348263 0.0009790814
0.2240865161 0.2505321492 0.0000290416 0.0000025409 0.0000079731 0.0000002937 0.0000033499 0.0000419781 0.0000068365 0.0000015926 0.0000090745 0.0000106798
0.6972616674 0.2515014651 0.0000000073 0.0000001383 0.0000181436 0.0001016687 0.0000505144 0.0000004630 0.0000294725 0.0000499576 0.0000001429 0.0000675353
0.0971350250 0.1611659844 0.0000294980 0.0002418324 0.0000000032 0.0000011062 0.0000099720 0.0000244610 0.0000659591 0.0000016283 0.0000117302 0.0000268041
0.8596289979 0.0949456419 0.0000446082 0.0000754324 0.0000158282 0.0000033699 0.0000020359 0.0000701856 0.0000039474 0.0000046491 0.0000156322 0.0000000283
0.7480427340 0.2452155562 0.0000282172 0.0000000659 0.0001203455 0.0000287594 0.0000000412 0.0000203675 0.0000002528 0.0000020099 0.0000022731 0.0000780006
0.2508743942 0.2534880222 0.0000160143 0.0000028316 0.0000442374 0.0000075097 0.0000036389 0.0000237489 0.0000153182 0.0000116768 0.0000005046 0.0000168223
0.7159356644 0.1418074356 0.0000016536 0.0000681943 0.0000620355 0.0000126495 0.0002289995 0.0000276372 0.0000025530 0.0000792194 0.0000000006 0.0000079795
0.0003385514 0.0022674121 0.0000008848 0.0000001258 0.0000056216 0.0000000683 0.0000143678 0.0000490441 0.0001886617 0.0000017240 0.0000106739 0.0000258471
0.8604547257 0.1442278937 0.0000003874 0.0000011060 0.0000000398 0.0000315609 0.0000025191 0.0000027674 0.0000059432 0.0000218655 0.0000068701 0.0000085248
0.0580210362 0.2539379312 0.0000051940 0.0000004197 0.0000000000 0.0000001286 0.0000037656 0.0000054090 0.0000043234 0.0000004781 0.0000004437 0.0000000162
0.0044403257 0.0000000000 0.0000005137 0.0000430930 0.0000000509 0.0000000005 0.0000001353 0.0000009929 0.0000000053 0.0000000059 0.0000717705 0.0000012276
0.0022307829 0.0177465696 0.0000234459 0.0000090699 0.0000112635 0.0000000056 0.0000170642 0.0000011515 0.0001575394 0.0000000005 0.0000097002 0.0000053441
0.2543924073 0.2545766887 0.0000204691 0.0000056215 0.0000000000 0.0000017010 0.0000084740 0.0000010148 0.0000245368 0.0000039499 0.0000034956 0.0000000210
0.6878684563 0.2500740171 0.0000000254 0.0000000103 0.0000088123 0.0001058003 0.0000297675 0.0000011071 0.0000122917 0.0000365502 0.0000007070 0.0000587614
0.2519676077 0.2498628808 0.0000013371 0.0000026265 0.0000200450 0.0000393475 0.0000011276 0.0000084988 0.0000035152 0.0000148569 0.0000096329 0.0000397259
0.8079043741 0.2529604300 0.0000362342 0.0000184613 0.0000065460 0.0000009872 0.0000225296 0.0000018891 0.0001233655 0.0000172808 0.0000151298 0.0000009721
0.6474573625 0.1645180299 0.0000235761 0.0000642055 0.0000119137 0.0000028775 0.0000007859 0.0000557519 0.0000015547 0.0000025912 0.0000019898 0.0000000092
0.8610464050 0.1075311284 0.0000000135 0.0000009797 0.0000121281 0.0001082018 0.0000040780 0.0000001044 0.0000081946 0.0000250932 0.0000087477 0.0000453194
0.7721770752 0.0346238303 0.0000263077 0.0000000614 0.0000212490 0.0000786376 0.0001515515 0.0000212389 0.0000224900 0.0000079682 0.0000255906 0.0000162170
0.1836935749 0.1842716274 0.0000176812 0.0000241130 0.0000078646 0.0000004310 0.0000004360 0.0000382787 0.0000241815 0.0000010666 0.0000095352 0.0000072869
0.2519676077 0.2498628808 0.0000013371 0.0000026265 0.0000200450 0.0000393475 0.0000011276 0.0000084988 0.0000035152 0.0000148569 0.0000096329 0.0000397259
0.8162214363 0.0451880781 0.0000333380 0.0000101940 0.0000302211 0.0000679142 0.0002516841 0.0000384019 0.0000021281 0.0000308258 0.0000398319 0.0000017097
0.0370211477 0.0603306714 0.0000000147 0.0000003162 0.0000006137 0.0000006898 0.0000070862 0.0000000006 0.0000874913 0.0000003201 0.0000453246 0.0000046725
0.7433858870 0.2485726551 0.0000000254 0.0000183808 0.0000253358 0.0000228075 0.0000003801 0.0000037984 0.0000002838 0.0000104806 0.0000175437 0.0000353596
0.1284723891 0.0230088934 0.0000029262 0.0000014451 0.0000257135 0.0000047863 0.0000152667 0.0000041819 0.0000593513 0.0000021689 0.0003228714 0.0000098998
0.1824570926 0.2540378567 0.0000003300 0.0000098798 0.0000023900 0.0000996433 0.0000006254 0.0000052586 0.0003284737 0.0000060983 0.0000276516 0.0000488299
0.6899425465 0.2504872280 0.0000462239 0.0000947899 0.0000639273 0.0000055669 0.0000033574 0.0000393166 0.0000107236 0.0000000003 0.0000008625 0.0000102838
0.0920499121 0.2532924482 0.0000050870 0.0000000003 0.0000000000 0.0000002218 0.0000080959 0.0000000556 0.0000091137 0.0000020069 0.0000002282 0.0000000562
0.2508743942 0.2534880222 0.0000160143 0.0000028316 0.0000218053 0.0000075097 0.0000044422 0.0000237489 0.0000153182 0.0000116768 0.0000005046 0.0000142146
0.0771023545 0.0987780499 0.0000044497 0.0000593059 0.0000008160 0.0000094499 0.0000001606 0.0000097349 0.0000077430 0.0000068365 0.0001689080 0.0000000015
0.2488445365 0.2507311843 0.0000255942 0.0000071383 0.0000040919 0.0000001940 0.0000007003 0.0000486401 0.0000121220 0.0000066453 0.0000047535 0.0000149010
0.2519676077 0.2498628808 0.0000013371 0.0000026265 0.0000200450 0.0000393475 0.0000011276 0.0000084988 0.0000035152 0.0000148569 0.0000096329 0.0000397259
0.7048217893 0.2602835070 0.0000000217 0.0000157546 0.0000229128 0.0000201589 0.0000052728 0.0000125080 0.0000025577 0.0000249725 0.0000122732 0.0000043648
0.1505917319 0.2537536753 0.0000165064 0.0000000028 0.0000027009 0.0000016677 0.0000080183 0.0000078842 0.0000155740 0.0000039661 0.0000005515 0.0000074610
0.2155096188 0.2534254825 0.0000072243 0.0000331027 0.0000099085 0.0000000000 0.0000005627 0.0000269197 0.0000000553 0.0000076846 0.0000731860 0.0000016603
0.6353237013 0.2590143266 0.0000385842 0.0000065852 0.0000653061 0.0000007321 0.0000051767 0.0000130436 0.0000009507 0.0000000012 0.0000044173 0.0000004763
0.7199192076 0.2482874765 0.0000553070 0.0000005971 0.0000001020 0.0000147534 0.0000023970 0.0000319413 0.0000461372 0.0000005009 0.0000335016 0.0000052026
0.0444743389 0.0440296849 0.0000520427 0.0000263652 0.0000020540 0.0000005439 0.0000000407 0.0000004854 0.0000089333 0.0000005519 0.0000023466 0.0000002331
0.1769656678 0.1345280659 0.0000487321 0.0000016678 0.0000114009 0.0001247364 0.0000699228 0.0000525427 0.0000858198 0.0000039888 0.0000653487 0.0000047631
0.2532462022 0.1469833198 0.0000005563 0.0000190050 0.0000005886 0.0000189082 0.0000008654 0.0000764782 0.0000124126 0.0000034166 0.0000217766 0.0000137356
0.2488445365 0.2507311843 0.0000255942 0.0000071383 0.0000040919 0.0000001940 0.0000007003 0.0000486401 0.0000121220 0.0000066453 0.0000047535 0.0000149010
0.2488445365 0.2507311843 0.0000255942 0.0000071383 0.0000040919 0.0000001940 0.0000007003 0.0000486401 0.0000121220 0.0000066453 0.0000047535 0.0000149010
0.7756284959 0.1107305880 0.0000034423 0.0000151165 0.0000254605 0.0000907697 0.0000170992 0.0000003050 0.0000346248 0.0000122308 0.0000070475 0.0000044267
0.0579967115 0.0354822340 0.0000109921 0.0000001514 0.0000001607 0.0000204518 0.0000484649 0.0000031748 0.0001134431 0.0000002175 0.0000162861 0.0000055317
0.6600499334 0.2490652538 0.0000000491 0.0000211880 0.0000015214 0.0000138460 0.0000001783 0.0000042777 0.0000003369 0.0000061263 0.0000157999 0.0000308866
0.2312438112 0.2522868325 0.0000215284 0.0000119320 0.0000144434 0.0000076882 0.0000016739 0.0000000132 0.0000273880 0.0000040158 0.0000022812 0.0000606636
0.7204658143 0.2464749058 0.0000093668 0.0000004946 0.0000000557 0.0000306722 0.0000030590 0.0000243163 0.0000748767 0.0000020910 0.0000380658 0.0000179583
0.6666823318 0.2461964649 0.0000146345 0.0001324369 0.0000127430 0.0000021519 0.0000031039 0.0000001586 0.0000298333 0.0000214276 0.0000007501 0.0000017462
0.1245551079 0.2541360041 0.0000159934 0.0000000002 0.0000054018 0.0000031329 0.0000090837 0.0000156774 0.0000134638 0.0000048973 0.0000001278 0.0000148567
0.7083455112 0.0737600538 0.0000095624 0.0003419103 0.0000109128 0.0001552021 0.0000529608 0.0001116547 0.0000740380 0.0000858390 0.0000198859 0.0000255407
0.0966879842 0.0764718281 0.0000032900 0.0000002758 0.0000004358 0.0000480134 0.0000629395 0.0000222398 0.0001316751 0.0000002446 0.0000950676 0.0000101490
0.2059976019 0.2515465720 0.0000137705 0.0000000390 0.0000259966 0.0000034192 0.0000044474 0.0000360620 0.0000040813 0.0000130314 0.0000002209 0.0000096085
0.2460391252 0.2052591185 0.0000203475 0.0000009020 0.0000019877 0.0000000013 0.0000245242 0.0000680345 0.0000006857 0.0000028607 0.0000095598 0.0000197409
0.0864633070 0.0308296815 0.0000371169 0.0000517787 0.0000449232 0.0000218005 0.0000220929 0.0000036354 0.0000083372 0.0000053132 0.0002016719 0.0000003351
0.2488445365 0.2507311843 0.0000255942 0.0000071383 0.0000040919 0.0000001940 0.0000007003 0.0000486401 0.0000121220 0.0000066453 0.0000047535 0.0000149010
0.2503784387 0.1097286910 0.0000076685 0.0001617742 0.0000164072 0.0000745479 0.0000002433 0.0000007668 0.0000093368 0.0000169920 0.0000355643 0.0000128454
0.2500285766 0.0421909075 0.0000008562 0.0000768562 0.0000009618 0.0000000022 0.0000369020 0.0000005346 0.0000023561 0.0000019581 0.0000345287 0.0000006164
0.1333436258 0.0619084502 0.0001443182 0.0001671922 0.0000435717 0.0000035806 0.0000695862 0.0000106420 0.0000612189 0.0000000019 0.0000294920 0.0000309880
0.1472895467 0.2528506488 0.0000011020 0.0000039933 0.0000004616 0.0000000002 0.0000039621 0.0000095424 0.0000221421 0.0000038589 0.0000021950 0.0000000220
0.1359376898 0.1765348543 0.0000042589 0.0000580056 0.0000041154 0.0000007633 0.0000008358 0.0000748571 0.0000291405 0.0000007335 0.0000270703 0.0000007968
0.1712423444 0.2536340600 0.0000132670 0.0000036656 0.0000171691 0.0000043685 0.0000041963 0.0000344419 0.0000050866 0.0000086521 0.0000003284 0.0000141605
0.2508743942 0.2534880222 0.0000160143 0.0000028316 0.0000218053 0.0000075097 0.0000044422 0.0000237489 0.0000153182 0.0000116768 0.0000005046 0.0000142146
0.6430256444 0.2483324125 0.0000151570 0.0000240493 0.0000000305 0.0000159568 0.0000075914 0.0000055782 0.0000122516 0.0000037889 0.0000157230 0.0000118234
0.7756317789 0.1461809856 0.0000143595 0.0000001460 0.0000153601 0.0000745913 0.0000007088 0.0000022813 0.0000370842 0.0000213690 0.0000135258 0.0000281054
0.1094113591 0.2550098403 0.0000095290 0.0000000358 0.0000000000 0.0000000325 0.0000131960 0.0000005633 0.0000100901 0.0000019575 0.0000011390 0.0000000174
0.7086829758 0.2406630359 0.0000264754 0.0000864881 0.0000000071 0.0000203715 0.0000311045 0.0000071104 0.0000002239 0.0000020605 0.0000303909 0.0000383350
0.7771867224 0.1896196592 0.0000753905 0.0001049229 0.0000173905 0.0001077070 0.0001754519 0.0000220017 0.0000604901 0.0000485833 0.0001350156 0.0000189117
0.0190457664 0.2543584780 0.0000030978 0.0000000002 0.0000000000 0.0000001149 0.0000126391 0.0000000340 0.0000163313 0.0000009461 0.0000000884 0.0000000211
0.2488445365 0.2507311843 0.0000255942 0.0000071383 0.0000040919 0.0000001940 0.0000007003 0.0000486401 0.0000121220 0.0000066453 0.0000047535 0.0000149010
0.8041783986 0.2128699845 0.0000150120 0.0000005978 0.0000000365 0.0000003955 0.0000062005 0.0000580955 0.0000059182 0.0001109914 0.0000021404 0.0000603998
0.0308217630 0.0820345670 0.0000166238 0.0000257421 0.0000057571 0.0000000123 0.0000004726 0.0000099567 0.0001376438 0.0000016947 0.0000017603 0.0000505220
0.8609115343 0.0840267055 0.0000006011 0.0000126634 0.0000050277 0.0000634020 0.0001006099 0.0000275483 0.0000000495 0.0000019283 0.0000144627 0.0000508021
0.2505285329 0.2180998120 0.0000000011 0.0000476677 0.0000155185 0.0000244406 0.0000447613 0.0000007412 0.0000039978 0.0000134345 0.0000016814 0.0000510015
0.2003799414 0.0492124512 0.0000083228 0.0001038871 0.0000117215 0.0000056668 0.0001074057 0.0000000612 0.0001405981 0.0000019263 0.0000147967 0.0000002120
0.6837860616 0.2100596112 0.0000327367 0.0001745655 0.0000038021 0.0000542356 0.0000840474 0.0000054872 0.0000559264 0.0000113322 0.0000831219 0.0005517344
0.1095364814 0.2419746056 0.0000031230 0.0000367994 0.0000002173 0.0000037026 0.0000000019 0.0000109770 0.0000033223 0.0000006761 0.0000044913 0.0001781386
0.6702521912 0.2501843363 0.0000323074 0.0000085077 0.0001530409 0.0000316253 0.0000000474 0.0000053164 0.0000000050 0.0000033539 0.0000025823 0.0000520211
0.2596276967 0.1247470408 0.0000116320 0.0000445464 0.0000368808 0.0000371967 0.0000014263 0.0001021222 0.0000141323 0.0000064636 0.0000075242 0.0000000379
0.2543924073 0.2545766887 0.0000204691 0.0000056215 0.0000000000 0.0000017010 0.0000084740 0.0000010148 0.0000245368 0.0000039499 0.0000034956 0.0000000210
0.8578288051 0.0610114808 0.0000000696 0.0000012962 0.0000495491 0.0001198898 0.0000038142 0.0000129715 0.0000042731 0.0000192667 0.0000122897 0.0000101324
0.2508743942 0.2534880222 0.0000160143 0.0000028316 0.0000218053 0.0000075097 0.0000044422 0.0000237489 0.0000153182 0.0000116768 0.0000005046 0.0000142146
0.7786946613 0.2585899627 0.0000484983 0.0000020211 0.0000051277 0.0000026751 0.0000482976 0.0000527905 0.0000654330 0.0000235591 0.0000145745 0.0000040545
0.0627006362 0.1299452977 0.0000010643 0.0000020802 0.0000029125 0.0000122926 0.0000021692 0.0000040918 0.0000232564 0.0000124860 0.0000094745 0.0000099880
0.8608337841 0.1333729550 0.0000047324 0.0000014512 0.0000001974 0.0000484889 0.0000007586 0.0000008308 0.0000077368 0.0000020356 0.0000054075 0.0000072861
0.0459519310 0.1895071008 0.0000429395 0.0000698200 0.0000684956 0.0000042735 0.0000025616 0.0000688652 0.0000593641 0.0000057603 0.0000003011 0.0000065507
0.0809279137 0.2483142410 0.0000015156 0.0000065273 0.0000000202 0.0000013837 0.0000005576 0.0000391293 0.0000002596 0.0000005030 0.0000014438 0.0000010031
0.2548708454 0.0207157371 0.0001680327 0.0000591870 0.0000078751 0.0000012240 0.0000430175 0.0000508437 0.0001011772 0.0000002563 0.0000049574 0.0000022281
0.7559275356 0.0894841992 0.0000101747 0.0000172956 0.0000247663 0.0000335174 0.0000016812 0.0000491918 0.0000064181 0.0000153045 0.0000008736 0.0000000810
0.7310892321 0.2436640699 0.0000004275 0.0000157948 0.0000007277 0.0000242621 0.0000719681 0.0000466440 0.0001550767 0.0000613850 0.0000056435 0.0000221545
0.2542800819 0.0933641987 0.0000282537 0.0000221632 0.0000101022 0.0000020639 0.0000019434 0.0000373784 0.0000772325 0.0000027114 0.0000072631 0.0000174376
0.7697740423 0.2510951056 0.0000073645 0.0000013554 0.0000063275 0.0000069067 0.0001202089 0.0000946372 0.0000088479 0.0000283570 0.0000038732 0.0000466633
0.0420522974 0.2498426415 0.0000130378 0.0000020681 0.0000048141 0.0000000000 0.0000057749 0.0000102865 0.0000000774 0.0000018131 0.0000006690 0.0000003532
0.0240123132 0.1303569340 0.0000016473 0.0000020108 0.0000001784 0.0000197968 0.0000008859 0.0000213052 0.0000091795 0.0000104409 0.0000024518 0.0000255989
0.8028509507 0.2488409326 0.0000093128 0.0000019757 0.0000002044 0.0000003226 0.0000396927 0.0000230180 0.0000253414 0.0000433498 0.0000023046 0.0000408054
0.8602555747 0.0655009324 0.0000012467 0.0000011957 0.0000462185 0.0000754566 0.0000014191 0.0000069759 0.0000122211 0.0000021572 0.0000006564 0.0000215723
0.8565809864 0.1628139073 0.0000044692 0.0000125730 0.0000000022 0.0000021635 0.0000865098 0.0000138281 0.0000009868 0.0000117982 0.0001088538 0.0000136553
0.7914261401 0.0368658538 0.0000741722 0.0000339314 0.0000520890 0.0001297438 0.0000308788 0.0000015284 0.0000641581 0.0000019623 0.0000215684 0.0000333198
0.1458371057 0.2520663369 0.0000093196 0.0000015763 0.0000244793 0.0000047628 0.0000023663 0.0000556643 0.0000081905 0.0000064598 0.0000002628 0.0000700316
0.2488622050 0.1531484458 0.0000345749 0.0001227522 0.0000424098 0.0000016349 0.0000575811 0.0000469248 0.0000021625 0.0000061261 0.0000049675 0.0000086463
0.0978370611 0.2538649123 0.0000065677 0.0000000027 0.0000000000 0.0000001587 0.0000097959 0.0000000625 0.0000094392 0.0000019905 0.0000005318 0.0000000432
0.7445982868 0.2509295591 0.0000002093 0.0000198783 0.0000153133 0.0000039843 0.0000005705 0.0000000564 0.0000005767 0.0000050271 0.0000144751 0.0000155071
0.2508743942 0.2534880222 0.0000160143 0.0000028316 0.0000442374 0.0000075097 0.0000036389 0.0000237489 0.0000153182 0.0000116768 0.0000005046 0.0000168223
0.6749421602 0.2447553309 0.0001056215 0.0000002535 0.0000044292 0.0001828233 0.0000570560 0.0000042516 0.0003027940 0.0000192307 0.0000012876 0.0000013407
0.1918443829 0.2527999851 0.0000078429 0.0000000539 0.0000166998 0.0000014632 0.0000026139 0.0000092468 0.0000013280 0.0000080803 0.0000000000 0.0000013316
0.1438553358 0.2571780871 0.0000251422 0.0000029427 0.0000000000 0.0000025732 0.0000100204 0.0000019947 0.0000292307 0.0000020939 0.0000029625 0.0000000056
0.6739144529 0.2557952081 0.0000191504 0.0000498082 0.0000053371 0.0000029586 0.0001376551 0.0000200598 0.0000213332 0.0000275563 0.0000040398 0.0000228150
0.7731401729 0.1783391066 0.0000172874 0.0000037432 0.0000175616 0.0000328874 0.0001028983 0.0000708393 0.0001436942 0.0000553037 0.0000005530 0.0000210100
0.2277413520 0.2069850370 0.0000093166 0.0000011845 0.0000225274 0.0001481712 0.0000566596 0.0000321098 0.0000478347 0.0000114910 0.0000249687 0.0000211976
0.6945665168 0.1243206669 0.0001057698 0.0003093272 0.0000083963 0.0001352258 0.0000043291 0.0000390325 0.0001725839 0.0000863616 0.0000184100 0.0000071632
0.8592106370 0.0442846455 0.0000085549 0.0000360503 0.0000015817 0.0000633590 0.0000280205 0.0000124619 0.0000127791 0.0000014151 0.0000193096 0.0000010555
0.2508743942 0.2534880222 0.0000160143 0.0000028316 0.0000442374 0.0000075097 0.0000036389 0.0000237489 0.0000153182 0.0000116768 0.0000005046 0.0000168223
0.6534490830 0.2515367054 0.0000221552 0.0000035421 0.0000030911 0.0000129858 0.0000079014 0.0000142280 0.0000188383 0.0000230383 0.0000165880 0.0000064793
0.2532888890 0.2187441519 0.0000671477 0.0001562843 0.0000301603 0.0000028551 0.0000179252 0.0000096837 0.0000069038 0.0000005953 0.0000015111 0.0000027294
0.2565793705 0.1836583337 0.0000168416 0.0000566229 0.0000284353 0.0000272826 0.0000197871 0.0000033164 0.0000027954 0.0000138014 0.0000004919 0.0000398906
0.0430842284 0.0500874795 0.0000066998 0.0000024850 0.0000082980 0.0000048028 0.0000000116 0.0000027626 0.0000103348 0.0000001893 0.0000242196 0.0000058420
0.1122684249 0.2520149878 0.0000099674 0.0000011506 0.0000000000 0.0000000375 0.0000094960 0.0000095812 0.0000160173 0.0000036742 0.0000014770 0.0000052324
0.6928694976 0.2490108368 0.0000069576 0.0000058566 0.0000712918 0.0000124553 0.0000022914 0.0000008182 0.0000050202 0.0000000095 0.0000005114 0.0000001795
0.2519676077 0.2498628808 0.0000013371 0.0000026265 0.0000200450 0.0000393475 0.0000011276 0.0000084988 0.0000035152 0.0000148569 0.0000096329 0.0000397259
0.6839870122 0.2561052606 0.0000368753 0.0000390033 0.0000448591 0.0000033983 0.0000011652 0.0000035409 0.0000003732 0.0000026748 0.0000016361 0.0000061952
0.2508743942 0.2534880222 0.0000160143 0.0000028316 0.0000218053 0.0000075097 0.0000044422 0.0000237489 0.0000153182 0.0000116768 0.0000005046 0.0000142146
0.7387056296 0.2511423725 0.0000380293 0.0000008531 0.0000075486 0.0000064901 0.0000442926 0.0000096599 0.0000804989 0.0000273157 0.0000058283 0.0000214465
0.8562587699 0.1038073281 0.0000001606 0.0000009315 0.0000090380 0.0000322724 0.0000009537 0.0000013510 0.0000057114 0.0000214766 0.0000049208 0.0000058100
0.2519676077 0.2498628808 0.0000013371 0.0000026265 0.0000200450 0.0000393475 0.0000011276 0.0000084988 0.0000035152 0.0000148569 0.0000096329 0.0000397259
0.0250794272 0.0006597999 0.0000217364 0.0000000090 0.0000209091 0.0000000176 0.0001026955 0.0000104751 0.0002004659 0.0000000002 0.0000282885 0.0000009996
0.1573303927 0.2244673589 0.0000266500 0.0000723505 0.0000020461 0.0000013713 0.0000382361 0.0000941613 0.0000018307 0.0000021001 0.0001835539 0.0001595424
0.7799208012 0.1299851697 0.0000307046 0.0001979381 0.0000000046 0.0000531684 0.0000046430 0.0000309877 0.0000347271 0.0000232454 0.0000573349 0.0008337375
0.2519676077 0.2498628808 0.0000013371 0.0000026265 0.0000200450 0.0000393475 0.0000011276 0.0000084988 0.0000035152 0.0000148569 0.0000096329 0.0000397259
0.0983836678 0.2520523416 0.0000027200 0.0000000771 0.0000000000 0.0000160775 0.0000081386 0.0000000042 0.0000111063 0.0000035805 0.0000012682 0.0000127989
0.1327672540 0.1109906058 0.0001020354 0.0001040590 0.0000094977 0.0000001603 0.0000017149 0.0000257316 0.0000239124 0.0000003147 0.0000355251 0.0000112150
0.7063363513 0.2567438302 0.0000962275 0.0000000298 0.0000437099 0.0000215312 0.0000468857 0.0000030592 0.0001460646 0.0000100969 0.0000016240 0.0000066947
0.1730774309 0.0533389084 0.0000014031 0.0000008026 0.0000020278 0.0000042696 0.0000095246 0.0000222966 0.0001898346 0.0000019348 0.0002412956 0.0000241590
0.7258391529 0.2544249623 0.0000419392 0.0000010640 0.0000197692 0.0000018372 0.0000472200 0.0000030892 0.0000563458 0.0000386437 0.0000023106 0.0000195638
0.0021232569 0.0003551477 0.0000154388 0.0000076541 0.0000004348 0.0000000107 0.0000148692 0.0000005116 0.0001498803 0.0000000024 0.0000112996 0.0000027420
0.6426750048 0.2504108465 0.0000226523 0.0000004912 0.0000050252 0.0000007066 0.0000038866 0.0000041736 0.0000039047 0.0000288706 0.0000193448 0.0000000012
0.2519676077 0.2498628808 0.0000013371 0.0000026265 0.0000200450 0.0000393475 0.0000011276 0.0000084988 0.0000035152 0.0000148569 0.0000096329 0.0000397259
0.2420948238 0.0456217712 0.0001752879 0.0000620378 0.0000216052 0.0000024656 0.0000309581 0.0000460470 0.0001014129 0.0000002772 0.0000001959 0.0000001513
0.1708447025 0.2568236185 0.0000234277 0.0000059831 0.0000096834 0.0000053054 0.0000071288 0.0000014724 0.0000234011 0.0000088182 0.0000024640 0.0000078216
0.0667181476 0.0353042667 0.0000650800 0.0000340727 0.0000046908 0.0000229659 0.0000000155 0.0000130806 0.0000405026 0.0000025582 0.0000061620 0.0000005271
0.8604977777 0.0761243105 0.0000026050 0.0000467837 0.0000018641 0.0000450577 0.0000270120 0.0000009192 0.0000000022 0.0000156448 0.0000067370 0.0000228689
0.1603295096 0.1472699376 0.0002175056 0.0000654280 0.0000123413 0.0000012764 0.0000034128 0.0000050753 0.0001378534 0.0000001108 0.0000436461 0.0000841804
0.2492656058 0.2369022529 0.0000211068 0.0000658742 0.0000177637 0.0000073062 0.0000000595 0.0000491213 0.0000067936 0.0000162964 0.0000022859 0.0000121656
0.2519676077 0.2498628808 0.0000013371 0.0000026265 0.0000200450 0.0000393475 0.0000011276 0.0000084988 0.0000035152 0.0000148569 0.0000096329 0.0000397259
0.0817680577 0.1984392521 0.0000464356 0.0000258679 0.0000006296 0.0000016069 0.0000031241 0.0000035198 0.0000193386 0.0000001441 0.0000000044 0.0000001247
0.1488577109 0.0562713827 0.0003650602 0.0001314452 0.0000024196 0.0000012444 0.0000206723 0.0000523387 0.0000176001 0.0000096103 0.0000019698 0.0000001981
0.8591755238 0.0992012419 0.0000000149 0.0000108994 0.0000696274 0.0001258828 0.0000042457 0.0000001053 0.0000001593 0.0000175655 0.0000158061 0.0000217174
0.0337112701 0.0739166962 0.0000119727 0.0000562481 0.0000004554 0.0000112357 0.0000174114 0.0000127920 0.0000157107 0.0000014983 0.0000203935 0.0000239562
0.2508743942 0.2534880222 0.0000160143 0.0000028316 0.0000218053 0.0000075097 0.0000044422 0.0000237489 0.0000153182 0.0000116768 0.0000005046 0.0000142146
0.2508743942 0.2534880222 0.0000160143 0.0000028316 0.0000218053 0.0000075097 0.0000044422 0.0000237489 0.0000153182 0.0000116768 0.0000005046 0.0000142146
0.2017148932 0.2530427340 0.0000227656 0.0000026407 0.0000020460 0.0000002557 0.0000066617 0.0000217717 0.0000186826 0.0000053095 0.0000023581 0.0000074843
0.1634954697 0.2513210010 0.0000052214 0.0000011946 0.0000070671 0.0000181450 0.0000063560 0.0000000317 0.0000157237 0.0000084628 0.0000042972 0.0000138222
0.7816034610 0.2571174825 0.0000189996 0.0000510896 0.0000042575 0.0000021654 0.0001357110 0.0000242147 0.0000222283 0.0000332485 0.0000064943 0.0000196126
0.0394251535 0.0547893919 0.0000048095 0.0000039377 0.0000002148 0.0000002139 0.0000015809 0.0000821602 0.0000978988 0.0000028852 0.0000306432 0.0000065513
0.2180631859 0.1155832656 0.0000045791 0.0000463526 0.0000026405 0.0000000001 0.0000378625 0.0000384098 0.0000050182 0.0000000000 0.0000197716 0.0000072646
0.2519676077 0.2498628808 0.0000013371 0.0000026265 0.0000200450 0.0000393475 0.0000011276 0.0000084988 0.0000035152 0.0000148569 0.0000096329 0.0000397259
0.2519676077 0.2498628808 0.0000013371 0.0000026265 0.0000200450 0.0000393475 0.0000011276 0.0000084988 0.0000035152 0.0000148569 0.0000096329 0.0000397259
0.2508743942 0.2534880222 0.0000160143 0.0000028316 0.0000218053 0.0000075097 0.0000044422 0.0000237489 0.0000153182 0.0000116768 0.0000005046 0.0000142146
0.1068206274 0.0706273821 0.0000516285 0.0000014705 0.0000199837 0.0001058092 0.0000753243 0.0000371465 0.0001525076 0.0000031188 0.0000415951 0.0000000503
0.0001723453 0.0003554991 0.0000555907 0.0000106505 0.0000062033 0.0000009271 0.0000077125 0.0000037064 0.0000534061 0.0000000000 0.0000021613 0.0000354544
0.1122334322 0.1324886311 0.0000254718 0.0000060214 0.0000168631 0.0000000000 0.0000038165 0.0000111235 0.0000473256 0.0000002482 0.0000214474 0.0000002170
0.2488445365 0.2507311843 0.0000255942 0.0000071383 0.0000040919 0.0000001940 0.0000007003 0.0000486401 0.0000121220 0.0000066453 0.0000047535 0.0000149010
0.8602522917 0.0683110365 0.0000005501 0.0000217028 0.0000451027 0.0000802822 0.0000182111 0.0000010611 0.0000097618 0.0000019559 0.0000093918 0.0000254346
0.2519676077 0.2498628808 0.0000013371 0.0000026265 0.0000200450 0.0000393475 0.0000011276 0.0000084988 0.0000035152 0.0000148569 0.0000096329 0.0000397259
0.2480112052 0.2535860806 0.0000309493 0.0000007114 0.0000000000 0.0000000000 0.0000290692 0.0000008566 0.0000667338 0.0000022752 0.0000000033 0.0000038270
0.2005190307 0.1687630195 0.0000001885 0.0001005379 0.0000089748 0.0000486922 0.0000485428 0.0000001163 0.0002759025 0.0000128105 0.0000515912 0.0002285829
0.7044361651 0.1346853107 0.0001305365 0.0003286353 0.0000115589 0.0001732809 0.0000151869 0.0000266209 0.0001409368 0.0001151091 0.0001194369 0.0005145005
0.2488445365 0.2507311843 0.0000255942 0.0000071383 0.0000040919 0.0000001940 0.0000007003 0.0000486401 0.0000121220 0.0000066453 0.0000047535 0.0000149010
0.2481986989 0.2494919351 0.0000158108 0.0000067179 0.0000107968 0.0000043621 0.0000030806 0.0000697818 0.0000003041 0.0000079956 0.0000019705 0.0000113847
0.7335375955 0.2244103834 0.0000208631 0.0000430776 0.0000021661 0.0000458061 0.0000285612 0.0000064609 0.0000795886 0.0000067087 0.0001080301 0.0002319185
0.2372526196 0.2490775331 0.0000022208 0.0000054820 0.0000100314 0.0000236892 0.0000011385 0.0000448085 0.0000049122 0.0000100528 0.0000056920 0.0000212400
0.0705315170 0.2483799632 0.0000173163 0.0000096818 0.0000275726 0.0000000000 0.0000005718 0.0000460317 0.0000018534 0.0000079663 0.0000000135 0.0000001447
0.2502023813 0.1389907333 0.0000020589 0.0000934966 0.0000000124 0.0000006473 0.0000577523 0.0000086960 0.0000000126 0.0000067336 0.0000031635 0.0000427724
0.8601007375 0.0585305132 0.0000161712 0.0000016225 0.0000032566 0.0000634558 0.0000040705 0.0000216307 0.0000183695 0.0000152481 0.0000044403 0.0000042824
0.2552989069 0.2295827292 0.0000635737 0.0000450273 0.0000075349 0.0000000993 0.0000025007 0.0000320559 0.0000530773 0.0000008867 0.0000450169 0.0000886534
0.2508743942 0.2534880222 0.0000160143 0.0000028316 0.0000442374 0.0000075097 0.0000036389 0.0000237489 0.0000153182 0.0000116768 0.0000005046 0.0000168223
0.2294651375 0.2523100659 0.0000151035 0.0000116989 0.0000057898 0.0000057736 0.0000012215 0.0001041700 0.0000180241 0.0000107045 0.0000025957 0.0000222977
0.6460269450 0.2535914914 0.0000567553 0.0000000071 0.0000425929 0.0000170040 0.0000502444 0.0000000562 0.0001489938 0.0000068315 0.0000069832 0.0000037515
0.2204870821 0.2550711868 0.0000348579 0.0000066036 0.0000294478 0.0000024843 0.0000004053 0.0000584412 0.0000011571 0.0000067238 0.0000000369 0.0000155875
0.2488379706 0.1798303889 0.0000037599 0.0000481524 0.0000018604 0.0000098452 0.0000342845 0.0000368104 0.0000072032 0.0000062427 0.0000222242 0.0000226257
0.2548513497 0.1312200869 0.0000109713 0.0000112368 0.0000282671 0.0000225012 0.0000000144 0.0000654842 0.0000023607 0.0000046344 0.0000250288 0.0000441611
0.0872982066 0.0801193591 0.0000558199 0.0000558091 0.0000046568 0.0000000143 0.0000011494 0.0000083597 0.0000661094 0.0000028825 0.0000257434 0.0000098225
0.8135491586 0.1792011755 0.0000011251 0.0000112012 0.0000015238 0.0000004458 0.0000992553 0.0000069057 0.0000000001 0.0000250215 0.0000024477 0.0000000040
0.2470643354 0.0198890263 0.0000103614 0.0000759939 0.0000007420 0.0000000003 0.0000486003 0.0000303024 0.0000009414 0.0000003861 0.0000344922 0.0000002448
0.7142955731 0.2433394679 0.0000241491 0.0000805110 0.0000002194 0.0000134370 0.0000298879 0.0000043233 0.0000004364 0.0000006788 0.0000266908 0.0000369620
0.8575960647 0.1153703362 0.0000005972 0.0000376159 0.0000011782 0.0000200467 0.0000253900 0.0000165362 0.0000035119 0.0000307631 0.0000211302 0.0000366042
0.2118869933 0.2513459360 0.0000222336 0.0000104675 0.0000109010 0.0000045976 0.0000000180 0.0000449827 0.0000139495 0.0000046282 0.0000007723 0.0000003745
0.2473284189 0.2487567498 0.0000255642 0.0000186299 0.0000128137 0.0000000196 0.0000015593 0.0000722026 0.0000052307 0.0000027394 0.0000090923 0.0000118881
0.2504686243 0.2472183321 0.0000016386 0.0000000637 0.0000390480 0.0000281175 0.0000050158 0.0000001891 0.0000017252 0.0000034725 0.0000047239 0.0000461306
0.8044624803 0.0410392844 0.0000887201 0.0000174575 0.0000186746 0.0000841476 0.0000333179 0.0000077368 0.0000036956 0.0000031895 0.0000149623 0.0000270349
0.1394120925 0.2543362266 0.0000136597 0.0000009807 0.0000000000 0.0000001384 0.0000119348 0.0000000325 0.0000191643 0.0000006245 0.0000021154 0.0000000138
0.8595903107 0.0206911421 0.0000070363 0.0000290951 0.0000225099 0.0000474805 0.0000304317 0.0000004342 0.0000021964 0.0000099652 0.0000064185 0.0000000949
0.8586021593 0.1264303346 0.0000000140 0.0000029302 0.0000002838 0.0000291615 0.0000214503 0.0000049483 0.0000099491 0.0000001475 0.0000252378 0.0000000195
0.7802531249 0.1182397629 0.0000054240 0.0000044559 0.0000244811 0.0000720941 0.0000180924 0.0000509827 0.0000370226 0.0000159036 0.0000082411 0.0000255640
0.2084554271 0.2284783284 0.0000330161 0.0000011061 0.0000194511 0.0000000000 0.0000008842 0.0000445259 0.0000125920 0.0000062039 0.0000000829 0.0000005944
0.6981729024 0.2450537099 0.0000260687 0.0000000015 0.0000040432 0.0001755057 0.0000308524 0.0000048907 0.0000381026 0.0000343453 0.0000067452 0.0000926033
0.7105958331 0.2503658039 0.0000667502 0.0000021562 0.0000091832 0.0000158819 0.0000443692 0.0000147735 0.0001513683 0.0000070996 0.0000042357 0.0000078915
0.2543924073 0.2545766887 0.0000204691 0.0000056215 0.0000000000 0.0000017010 0.0000084740 0.0000010148 0.0000245368 0.0000039499 0.0000034956 0.0000000210
0.7245387748 0.1698268833 0.0000345358 0.0000183620 0.0000009967 0.0000466705 0.0000152846 0.0000121252 0.0000059662 0.0000234324 0.0000179159 0.0000339042
0.1694238406 0.2029439110 0.0005061266 0.0000000068 0.0000000033 0.0000005265 0.0000408778 0.0000141031 0.0000093988 0.0000151397 0.0001053777 0.0000062036
0.0740222667 0.0324864265 0.0000113579 0.0000034959 0.0000126324 0.0000093570 0.0000044308 0.0000043347 0.0000412834 0.0000010189 0.0000635286 0.0000118358
0.7227380928 0.1532414482 0.0000105403 0.0000003477 0.0000073489 0.0000072953 0.0000019759 0.0000089697 0.0000065689 0.0000146097 0.0000002982 0.0000020037
0.0016788723 0.0032147389 0.0000116988 0.0000018727 0.0000107918 0.0000000145 0.0000065232 0.0000032744 0.0001485171 0.0000000705 0.0000053471 0.0000000797
0.0681101054 0.2493150376 0.0000174077 0.0000000847 0.0000114874 0.0000017310 0.0000060714 0.0000005656 0.0000025665 0.0000086914 0.0000000651 0.0001499606
0.2034200626 0.0823343360 0.0000000347 0.0001357734 0.0000031717 0.0000551339 0.0002554960 0.0000451359 0.0001863441 0.0000138938 0.0002847186 0.0000373667
0.2543924073 0.2545766887 0.0000204691 0.0000056215 0.0000000000 0.0000017010 0.0000084740 0.0000010148 0.0000245368 0.0000039499 0.0000034956 0.0000000210
0.8332947770 0.0494509011 0.0000000244 0.0000013275 0.0000652052 0.0001393695 0.0000005397 0.0000003238 0.0000002047 0.0000231518 0.0000123941 0.0000153914
0.2488445365 0.2507311843 0.0000255942 0.0000071383 0.0000040919 0.0000001940 0.0000007003 0.0000486401 0.0000121220 0.0000066453 0.0000047535 0.0000149010
0.1165776094 0.0267240442 0.0000888334 0.0001462426 0.0000045087 0.0000022845 0.0000651131 0.0000448910 0.0002227638 0.0000015118 0.0000420657 0.0000071587
0.2543924073 0.2545766887 0.0000204691 0.0000056215 0.0000000000 0.0000017010 0.0000084740 0.0000010148 0.0000245368 0.0000039499 0.0000034956 0.0000000210
0.0011012420 0.0367892209 0.0000398039 0.0000002787 0.0000051763 0.0000015056 0.0000119291 0.0000039711 0.0000612079 0.0000000001 0.0000027357 0.0000353483
0.1440865008 0.1031624839 0.0000728557 0.0000724855 0.0000350452 0.0000231122 0.0000400040 0.0000081412 0.0000270782 0.0000019779 0.0003873076 0.0000006823
0.1032419098 0.1450692087 0.0000201115 0.0000241652 0.0000070947 0.0000908821 0.0000032609 0.0000062164 0.0002861037 0.0000001687 0.0000264189 0.0000300618
0.1576357321 0.2530749024 0.0000000007 0.0000001665 0.0000069922 0.0000036080 0.0000007055 0.0000000017 0.0000042410 0.0000052911 0.0000000000 0.0000017717
0.7581375373 0.2518858967 0.0000116991 0.0000006264 0.0000001831 0.0000018823 0.0000613983 0.0000487607 0.0000069921 0.0000125020 0.0000060473 0.0000274637
0.7029665450 0.2485347255 0.0000625014 0.0000010882 0.0000148259 0.0000151451 0.0000010801 0.0000606545 0.0000344474 0.0000018879 0.0000317723 0.0000129859
0.2508743942 0.2534880222 0.0000160143 0.0000028316 0.0000218053 0.0000075097 0.0000044422 0.0000237489 0.0000153182 0.0000116768 0.0000005046 0.0000142146
0.6649759346 0.1767666477 0.0000131575 0.0000284493 0.0000242138 0.0000001933 0.0001001819 0.0000210839 0.0000106978 0.0000251883 0.0000000932 0.0000046298
0.6761545600 0.2471122348 0.0001151875 0.0000017510 0.0000005585 0.0001640001 0.0000607292 0.0000005096 0.0003133048 0.0000137772 0.0000010389 0.0000006805
0.8578777333 0.0801290041 0.0000002196 0.0000003886 0.0000077989 0.0000170624 0.0000016559 0.0000188392 0.0000134735 0.0000227651 0.0000040869 0.0000075690
0.1178773683 0.2531233847 0.0000028816 0.0000000022 0.0000045720 0.0000137139 0.0000103507 0.0000000334 0.0000042221 0.0000031601 0.0000049621 0.0000197190
0.8028509507 0.2488409326 0.0000093128 0.0000019757 0.0000002044 0.0000003226 0.0000396927 0.0000230180 0.0000253414 0.0000433498 0.0000023046 0.0000408054
0.1650005754 0.0216784691 0.0001675029 0.0000135119 0.0000153305 0.0000114581 0.0001290283 0.0000021465 0.0004055465 0.0000036086 0.0005988062 0.0000043154
0.6557922577 0.2519052175 0.0000002365 0.0000195231 0.0000133607 0.0000019165 0.0000008616 0.0000048168 0.0000001233 0.0000014434 0.0000064333 0.0000167671
0.2007256404 0.2533928325 0.0000129717 0.0000029000 0.0000112652 0.0000059487 0.0000025377 0.0000407724 0.0000150542 0.0000096726 0.0000003311 0.0000296488
0.7453815125 0.2531872128 0.0000438201 0.0000007469 0.0001354471 0.0000146583 0.0000030274 0.0000062886 0.0000139301 0.0000025157 0.0000001544 0.0000271348
0.2519676077 0.2498628808 0.0000013371 0.0000026265 0.0000200450 0.0000393475 0.0000011276 0.0000084988 0.0000035152 0.0000148569 0.0000096329 0.0000397259
0.0561003305 0.0406335352 0.0000254681 0.0000417034 0.0000116005 0.0000645498 0.0000862101 0.0000030478 0.0001702377 0.0000013088 0.0000068183 0.0000107951
0.6360820504 0.2531681518 0.0000048225 0.0000183658 0.0000007456 0.0000015115 0.0000020857 0.0000115217 0.0000057257 0.0000079472 0.0000144717 0.0000199170
0.2502934674 0.1713368809 0.0000123493 0.0000481183 0.0000218784 0.0000048066 0.0000538635 0.0000369069 0.0000132836 0.0000077816 0.0000067075 0.0000058405
0.7300448272 0.2526875069 0.0000399070 0.0000000030 0.0000496452 0.0000387659 0.0000455179 0.0000012210 0.0001467126 0.0000163840 0.0000121209 0.0000274072
0.6808277841 0.2452891057 0.0000019769 0.0000067706 0.0000068519 0.0000056839 0.0000029573 0.0000048653 0.0000000159 0.0000137960 0.0000031304 0.0000064740
0.1968879655 0.1248868389 0.0000370827 0.0000026570 0.0000135603 0.0000622694 0.0000353162 0.0000397173 0.0000596963 0.0000008625 0.0000421604 0.0000009998
0.2508743942 0.2534880222 0.0000160143 0.0000028316 0.0000218053 0.0000075097 0.0000044422 0.0000237489 0.0000153182 0.0000116768 0.0000005046 0.0000142146
0.1803847725 0.2533921633 0.0000008899 0.0000006559 0.0000007929 0.0000164802 0.0000016402 0.0000263984 0.0000149978 0.0000137816 0.0000057052 0.0000188832
0.1025890597 0.2533768927 0.0000005875 0.0000093754 0.0000000277 0.0000129669 0.0000003783 0.0000200111 0.0000088797 0.0000127372 0.0000079118 0.0000039367
0.2508743942 0.2534880222 0.0000160143 0.0000028316 0.0000218053 0.0000075097 0.0000044422 0.0000237489 0.0000153182 0.0000116768 0.0000005046 0.0000142146
0.2488445365 0.2507311843 0.0000255942 0.0000071383 0.0000040919 0.0000001940 0.0000007003 0.0000486401 0.0000121220 0.0000066453 0.0000047535 0.0000149010
0.7308062050 0.2008238942 0.0000010218 0.0000005535 0.0000054516 0.0000320118 0.0000017920 0.0000006967 0.0000003836 0.0000167110 0.0000026938 0.0000031970
0.6491430729 0.1060137138 0.0000820222 0.0000017013 0.0000204313 0.0001051492 0.0000408981 0.0001030217 0.0000079670 0.0000245579 0.0000245527 0.0003712891
0.7710426100 0.2210278627 0.0000270669 0.0000136447 0.0000060278 0.0000256325 0.0000631434 0.0000228891 0.0001445705 0.0000629879 0.0000016847 0.0000223056
0.2543924073 0.2545766887 0.0000204691 0.0000056215 0.0000000000 0.0000017010 0.0000084740 0.0000010148 0.0000245368 0.0000039499 0.0000034956 0.0000000210
0.1312139677 0.2473784395 0.0000127003 0.0000130969 0.0000039783 0.0000002857 0.0000005752 0.0000204181 0.0000017406 0.0000025471 0.0000035527 0.0000068170
0.7745458522 0.2512581830 0.0000202444 0.0000205197 0.0000000073 0.0000422206 0.0001027562 0.0000547633 0.0001367269 0.0000042069 0.0000671886 0.0000669747
0.2508743942 0.2534880222 0.0000160143 0.0000028316 0.0000442374 0.0000075097 0.0000036389 0.0000237489 0.0000153182 0.0000116768 0.0000005046 0.0000168223
0.0867034998 0.2524157314 0.0000024219 0.0000000009 0.0000000000 0.0000065100 0.0000098616 0.0000000050 0.0000119507 0.0000028246 0.0000001148 0.0000003587
0.6414206171 0.2457700823 0.0000502996 0.0000469574 0.0000001237 0.0000249242 0.0000052440 0.0000130821 0.0000001068 0.0000128842 0.0000177823 0.0002135719
0.6619138122 0.2570607212 0.0000019769 0.0000067706 0.0000068519 0.0000056839 0.0000029573 0.0000048653 0.0000000159 0.0000137960 0.0000031304 0.0000064740
0.2508743942 0.2534880222 0.0000160143 0.0000028316 0.0000218053 0.0000075097 0.0000044422 0.0000237489 0.0000153182 0.0000116768 0.0000005046 0.0000142146
0.6636728187 0.2576050544 0.0000042043 0.0000081655 0.0000019437 0.0000027795 0.0000053748 0.0000031474 0.0000046251 0.0000099325 0.0000046259 0.0000007970
0.0273272669 0.0918025310 0.0000244554 0.0000104709 0.0000002075 0.0000000530 0.0000009111 0.0000020489 0.0001437212 0.0000000082 0.0000003744 0.0000324954
0.2488445365 0.2507311843 0.0000255942 0.0000071383 0.0000040919 0.0000001940 0.0000007003 0.0000486401 0.0000121220 0.0000066453 0.0000047535 0.0000149010
0.1520336132 0.2483392025 0.0000195335 0.0000118315 0.0000000061 0.0000033784 0.0000010646 0.0000746790 0.0000103305 0.0000016211 0.0000011226 0.0000009791
0.0018843469 0.0021838020 0.0000364973 0.0000382675 0.0000171702 0.0000153139 0.0000154461 0.0000001952 0.0001681028 0.0000074616 0.0000098277 0.0000060574
0.1260148315 0.1945341755 0.0000001802 0.0000145803 0.0000088644 0.0000077454 0.0000019359 0.0000621039 0.0000016050 0.0000058480 0.0000000686 0.0000188912
0.0410888724 0.2523755408 0.0000001802 0.0000018623 0.0000000000 0.0000000000 0.0000069688 0.0000052217 0.0000087724 0.0000000071 0.0000011009 0.0000000190
0.1479510185 0.1619241300 0.0000002068 0.0000313632 0.0000000000 0.0000682421 0.0000058431 0.0000005573 0.0005617684 0.0000035742 0.0001185590 0.0003653715
0.6914788800 0.2509441643 0.0000319516 0.0000030358 0.0000002047 0.0000012825 0.0000056736 0.0000312816 0.0000721478 0.0000010684 0.0000357555 0.0000023933
0.0815801492 0.0870108374 0.0000000407 0.0000691620 0.0000003456 0.0000508988 0.0000133794 0.0000522435 0.0000917275 0.0000005832 0.0002335368 0.0000081380
