0.0000000198 0.1137893366 1.0000000000
0.7070715339 0.0000002930 0.7071461866
0.9999999954 0.0000007727 0.0000954710
0.7061310587 0.0000687835 0.7080832339
0.9999995726 0.0000154930 0.0009246017
0.0000005272 0.0000003868 1.0000000000
0.0039045443 0.0003175614 0.9999945232
0.5382326390 1.2388197462 0.2694320200
0.4434738761 0.1567684046 0.8963311586
0.9999075316 0.0000005986 0.0136011238
0.7095593801 0.7142839112 0.1002997935
0.1371185989 0.0011071386 0.9905671103
0.2401550217 0.0109004300 0.9707461412
0.5379746319 1.2984871005 0.4518084971
0.3689492119 0.0756489762 0.9294757751
0.7074090048 0.0001361876 0.7068139170
0.9699569221 0.0013169908 0.2432936453
0.7065406388 0.7127195867 0.1811076203
0.7033500657 0.0116683539 0.7108438328
0.9999984419 0.0000174389 0.0018226705
0.3116809750 0.0152742900 0.9502035792
0.5379965228 1.3238689006 0.4151637973
0.9999999707 0.0000464048 0.0002426057
0.9997538879 0.0000008861 0.0221880279
0.4472264891 0.2232178538 0.8945011935
0.8325226695 0.0015986663 0.5540540882
0.5381670635 1.2301145153 0.3119405991
0.5760588398 0.9839778476 0.0698900197
0.9999997042 0.0000024961 0.0007840731
0.4494980001 0.0004074895 0.8933098310
0.5392441052 1.1876552651 0.1530059266
0.9466339789 0.3265481559 0.0338409336
0.5391521061 1.0645565008 0.3594504051
0.8349449531 0.5548534238 0.0787320821
0.5512502550 0.0000001335 0.8343440028
0.3170458693 0.0080924244 0.9484107855
0.0024578940 0.0000000540 0.9999971683
0.2689536882 0.0244052726 0.9632274750
0.0016857205 0.0003232524 0.9999991052
0.0022076289 0.0000879716 0.9999979092
0.1623433958 0.0971205183 0.9867642843
0.5854098021 0.8708754997 0.3261823628
0.8888784215 0.0006316809 0.4582065972
0.5125523315 0.0392037346 0.8589200303
0.5425353179 1.0701544819 0.1807161335
0.1986456194 0.0383003008 0.9800726753
0.9999999657 0.0000128123 0.0002632885
0.8949786025 0.4485676407 0.0720626169
0.5379746319 1.2984871005 0.4518084971
0.9490129403 0.0000000165 0.3152372862
0.0000005272 0.0000003868 1.0000000000
0.9999754515 0.0094589725 0.0008266945
0.1218654057 0.0284632579 0.9925472602
0.0070817853 0.0000000112 0.9999752091
0.0030133662 0.0079674699 0.9999958608
0.5381062250 1.2892945066 0.3434559000
0.5384733994 1.1946915418 0.1921114465
0.7057708489 0.0135301913 0.7084402645
0.8018123085 0.6368887327 0.0184141264
0.8669151108 0.0108647955 0.4984559917
0.9937167675 0.1073562287 0.0615684024
0.9696883025 0.0001557286 0.2443460680
0.4107653421 0.0243075945 0.9117413158
0.5728708500 0.0853803234 0.8197483149
0.9878497158 0.0000000374 0.1554121584
0.0647323470 0.0033016585 0.9979174540
0.5503643944 1.1721732204 0.0984343780
0.2291921647 0.0003516327 0.9733825333
0.4194388515 0.0125590468 0.9077900851
0.8459838689 0.5382679387 0.1478910602
0.1999614458 0.1991313803 0.9798090096
0.5379965228 1.3238689006 0.4151637973
0.1437558242 0.0018616592 0.9896236036
0.5380141147 1.2984942157 0.3834211079
0.5866499752 0.0293627119 0.8099490438
0.9300479728 0.3714192512 0.0425104725
0.3440219627 0.1840283767 0.9391891567
0.4938994164 0.2185583746 0.8695655252
0.5708049300 0.9131230894 0.2320077099
0.8637810527 0.5082319801 0.1391291458
0.0755725911 0.0000156354 0.9971485648
0.3705030470 0.0413569897 0.9288515168
0.5274739239 0.0912518879 0.8496040546
0.8178314137 0.0048459521 0.5754586705
0.5990634576 0.8485248763 0.3255950013
0.9838594757 0.0005481278 0.1789459860
0.0988992961 0.0061401047 0.9951081511
0.5382337911 1.2208711769 0.2554896828
0.5237604230 0.0000353957 0.8519282766
0.5410468974 1.1089160360 0.1371594945
0.9101821860 0.0324485603 0.4142090285
0.2790300980 0.0568805653 0.9603785780
0.9200325802 0.0030338101 0.3918568496
0.1793250005 0.0067473626 0.9838371329
0.4740139898 0.1693557663 0.8806143078
0.7073076023 0.0002589125 0.7069059350
0.1494732943 0.0192905937 0.9887688633
0.5381788391 1.1575450577 0.4170047025
0.4959964396 0.0136477001 0.8683666803
0.7056155655 0.0020371782 0.7085949360
0.2477128613 0.0044382094 0.9688370358
0.3359236968 0.1489099466 0.9419519356
0.2934507564 0.3357524282 0.9560161845
0.3937948974 0.1102669155 0.9192323059
0.5379746319 1.2984871005 0.4518084971
0.7130207844 0.7063571384 0.1787823040
0.9829594889 0.1857839390 0.0497741711
0.2407353526 0.0109476190 0.9706108324
0.7068360661 0.7122088169 0.1817235548
0.9724814391 0.2372984207 0.0303571379
0.0384667793 0.0217846755 0.9992598801
0.5379746319 1.2984871005 0.4518084971
0.9673146302 0.2565933403 0.0253762773
0.0536755544 0.0028932182 0.9985620534
0.9959281433 0.0713371637 0.0636059121
0.8498237016 0.0000016723 0.5270670580
0.3773695071 0.0000282107 0.9260628240
0.9287066960 0.0012064536 0.3709021240
0.2414389442 0.0454051422 0.9704416495
0.5568049826 0.9584947972 0.2280090828
0.7027714588 0.0000018217 0.7114278929
0.5379746319 1.2984871005 0.4518084971
0.9938980618 0.0532180490 0.1039858681
0.7068360661 0.7122088169 0.1817235548
0.7330885771 0.6901790161 0.0585301252
0.1189751922 0.2203117061 0.9928972273
0.9894936859 0.1475407029 0.0072296195
0.0955776709 0.0011691025 0.9954299736
0.1736070984 0.2532133016 0.9848673124
0.7379536506 0.0137521082 0.6748570973
0.9696883025 0.0001557286 0.2443460680
0.6963895997 0.7268588951 0.1451620369
0.6893589923 0.0506946214 0.7244289233
0.9170366785 0.4020812029 0.0704713139
0.0868184108 0.0003504240 0.9962312635
0.0453430941 0.0316743301 0.9989840114
0.6558726917 0.8269713460 0.0302157819
0.9999956059 0.0001247544 0.0029644842
0.9999999707 0.0000464048 0.0002426057
0.9792408659 0.0002921184 0.2027005255
0.3317888929 0.0010687687 0.9434267214
0.7659765622 0.0466844697 0.6428689866
0.2127382135 0.0064723830 0.9771589723
0.9208208918 0.3937567510 0.0374188659
0.5381670635 1.2301145153 0.3119405991
0.5384086822 1.2030257959 0.2118714769
0.4434738761 0.1567684046 0.8963311586
0.3267279080 0.0009734192 0.9451240854
0.5384086822 1.2030257959 0.2118714769
0.9747286017 0.2262095362 0.0435595861
0.5120881535 0.2191346822 0.8590128127
0.9179196006 0.0006140246 0.3968300975
0.9999915020 0.0000044504 0.0041261265
0.5379746319 1.2984871005 0.4518084971
0.6628068597 0.7621886691 0.1314412446
0.6559461835 0.1103709780 0.7549177572
0.8101293436 0.0000073431 0.5862607740
0.0736231212 0.0000748807 0.9972885094
0.2484847937 0.2038247082 0.9686884323
0.5385007678 1.1941855447 0.1867195277
0.5630962333 0.9310209572 0.2353325124
0.8752964240 0.4884711510 0.0794955427
0.5379746319 1.2984871005 0.4518084971
0.5486400875 1.1348555634 0.1069491368
0.9999999999 0.0000003498 0.0000166132
0.6632961529 0.0454031871 0.7483781488
0.0400411140 0.0000910748 0.9992850157
0.3589265861 0.0490749365 0.9333872823
0.9860494598 0.1458279346 0.1516842794
0.7883774892 0.0049874527 0.6152072876
0.2144655853 0.0222945878 0.9767336023
0.2621812990 0.1798748561 0.9650322078
0.5389736372 1.2100480143 0.1604142821
0.3296205775 0.0038635921 0.9441781549
0.8321207014 0.5583309077 0.1204251577
0.0024578940 0.0000000540 0.9999971683
0.8598468486 0.5139337016 0.0967636518
0.5481498354 0.9944916641 0.5412891996
0.4507156464 0.0015923028 0.8927063643
0.3934583795 0.0079430279 0.9193877587
0.1134572607 0.0122002369 0.9935491153
0.9952266088 0.0683869100 0.0824566601
0.3389103116 0.0934155320 0.9408477963
0.6135085971 0.0511505361 0.7896928631
0.7514897031 0.6642097620 0.2207858520
0.1736070984 0.2532133016 0.9848673124
0.2784786648 0.0062971884 0.9604552171
0.9956029520 0.0871969845 0.0461769710
0.0581371877 0.0200742022 0.9983277204
0.6346403137 0.7925347598 0.3057126638
0.5380615198 1.2440457220 0.3604478929
0.4654936928 0.1691612566 0.8852087634
0.3764173703 0.0555865012 0.9264655033
0.5946868793 1.0162770806 0.0467856053
0.0688177115 0.0646754236 0.9976324296
0.4447969528 0.0054013099 0.8956379781
0.5379746319 1.2984871005 0.4518084971
0.7454792700 0.0242485119 0.6665635047
0.5514856228 0.9832523501 0.3280470487
0.1968397593 0.0212048187 0.9804495098
0.0000005272 0.0000003868 1.0000000000
0.2253124591 0.1660195488 0.9743043699
0.5379746319 1.2984871005 0.4518084971
0.9955141541 0.0360257052 0.0904228403
0.7891438211 0.6193604522 0.1361864573
0.5379746319 1.2984871005 0.4518084971
0.4433781261 0.0858556107 0.8963922721
0.9342195511 0.0303278420 0.3567009113
0.6235185493 0.0550075919 0.7818184446
0.5533261614 0.0257810264 0.8329653312
0.9581603957 0.2927916742 0.0285291860
0.5350914384 0.0568227431 0.8447965729
0.1492136080 0.1212993624 0.9888065152
0.5797897797 0.0048646505 0.8147704985
0.9999658846 0.0006972728 0.0082848787
0.7984687540 0.0003341988 0.6020362525
0.5381534295 1.2147090462 0.3507113067
0.5219684142 0.0151664225 0.8529738298
0.5405324345 1.0649185398 0.2757146869
0.5038951989 0.0002021147 0.8637883066
0.5962360725 0.0553413632 0.8028451196
0.6368742661 0.0014407699 0.7709710341
0.1607507912 0.0695988926 0.9870110710
0.9770518283 0.2165719009 0.0522745195
0.4558294322 0.0098196219 0.8901264681
0.8886212603 0.4641472567 0.0795779494
0.9947462530 0.1060097731 0.0225760665
0.4876421724 0.0187500335 0.8731320736
0.5379746319 1.2984871005 0.4518084971
0.7526622647 0.0010641054 0.6584539297
0.9845094927 0.0000384293 0.1753414683
0.3160377963 0.0046682557 0.9487577603
0.9999727165 0.0001295012 0.0073869213
0.9999754515 0.0094589725 0.0008266945
0.9853364350 0.1483032647 0.1610368353
0.4786748476 0.0100031866 0.8780002869
0.9418408377 0.3414010614 0.0418386948
0.9138611446 0.4106555666 0.0440243255
0.5380555716 1.2579968464 0.3660092029
0.9636866452 0.0019201337 0.2670357753
0.3818546643 0.0047099799 0.9242596991
0.1275898189 0.0252559555 0.9918319735
0.9579114749 0.0122688895 0.2870637949
0.0024578940 0.0000000540 0.9999971683
0.1439940862 0.0164644893 0.9896119696
0.3981460956 0.0545468146 0.9174440415
0.5379746319 1.2984871005 0.4518084971
0.9908998245 0.0049786541 0.1346805064
0.5379746319 1.2984871005 0.4518084971
0.2055799780 0.0003144175 0.9786627031
0.5380125715 1.3460335488 0.3875042306
0.0016482149 0.0005539631 0.9999993174
0.2863775359 0.0839067346 0.9581317738
0.2085738175 0.0074297911 0.9780074182
0.3606097409 0.2201428141 0.9327241312
0.6097502579 0.8800702142 0.0475638766
0.7655215236 0.6497518511 0.1253130885
0.5380195940 1.2507519931 0.4136134007
0.8966277244 0.0096309732 0.4427853471
0.8949786025 0.4485676407 0.0720626169
0.9999950958 0.0000105708 0.0031542929
0.2629935753 0.1310281069 0.9648125551
0.9086868195 0.4265002676 0.0387713035
0.3014371674 0.0221209433 0.9534956803
0.8953041292 0.0142089141 0.4454575844
0.4628569660 0.0000135072 0.8865578962
0.5511888973 1.1338268804 0.0967901085
0.5758874656 0.8947893839 0.2319004712
0.0955776709 0.0011691025 0.9954299736
0.5381696026 1.2229353399 0.2784417186
0.6489242803 0.0050404936 0.7608722712
0.7824094533 0.6277081875 0.1213872047
0.5384086822 1.2030257959 0.2118714769
0.4073186867 0.0000001369 0.9132869184
0.8552473188 0.0058553633 0.5182247241
0.4164019475 0.1302580420 0.9092009398
0.2248345734 0.1956110700 0.9744226604
0.6281569761 0.8034990125 0.2001714631
0.6706197744 0.7504345877 0.1644267245
0.9639019202 0.2682067541 0.0223377988
0.8462501523 0.0003536825 0.5327963966
0.9616882877 0.2786617912 0.0515610197
0.5379746319 1.2984871005 0.4518084971
0.2950896090 0.1493684650 0.9554770169
0.8924029507 0.4578404300 0.0595822060
0.5380125715 1.3460335488 0.3875042306
0.1866925379 0.0264529578 0.9824368718
0.8740392354 0.0078084284 0.4858553705
0.6042836912 0.8404867137 0.1774631728
0.5379746319 1.2984871005 0.4518084971
0.8010455918 0.6030937345 0.1284603787
0.0488638698 0.0323541798 0.9988070554
0.6202176797 0.8170371596 0.2007029648
0.3470737961 0.1917957755 0.9379117945
0.0024578940 0.0000000540 0.9999971683
0.2742573904 0.0072901011 0.9616813929
0.0847627903 0.0413912940 0.9964084784
0.3160377963 0.0046682557 0.9487577603
0.5897507407 0.8744435395 0.2059743506
0.1503254427 0.0193667054 0.9886508480
