0.0000497553 0.0007195183 0.9992611378
0.0000041516 0.0000566327 0.9999444711
0.8072072340 0.1810972380 0.3840783093
0.2988544229 0.0743700871 0.6832135935
0.7115873390 0.0379009241 0.4013034984
0.0000185746 0.0001722261 0.9998204183
0.0000326785 0.0012420731 0.9987851592
0.0389428900 0.6753448780 0.4029907467
0.0195615675 0.6198303800 0.4253226300
0.6499650489 0.0193720964 0.4237321274
0.5178259115 0.1630769478 0.4595639287
0.0380628622 0.2993606013 0.6971497335
0.1193026749 0.0308639104 0.8725425932
0.0672931390 0.4885809335 0.5084148396
0.0537983215 0.3024275037 0.6931316782
0.2975061777 0.0319328716 0.6884616091
0.4759201523 0.1022648290 0.5011290243
0.4198943009 0.1587072078 0.5544904588
0.2962518534 0.0877081940 0.6847303933
0.7401335122 0.0578001000 0.3918054146
0.0438838619 0.4039009226 0.5935615309
0.0322044957 0.6532484636 0.4111177590
0.6702444592 0.0234544251 0.4131693914
0.5685624832 0.0088602671 0.4705963079
0.0337537163 0.2447427562 0.7522736497
0.3569666631 0.1044341560 0.6219287773
0.0769317320 0.5098636469 0.4862567142
0.0670198184 0.7380443905 0.3921034328
0.6342825704 0.0153136989 0.4323593137
0.2024751085 0.0472119524 0.7871137415
0.0492173099 0.6871426267 0.3977082557
0.4894504049 0.1500912459 0.4838930320
0.0443674089 0.3659933191 0.6299458120
0.3939843518 0.1340922191 0.5813183103
0.2390133499 0.0462169190 0.7467396864
0.1520957742 0.0285101115 0.8397684027
0.0004193826 0.0014578454 0.9985932031
0.0138731540 0.6177074463 0.4371467300
0.0000150833 0.0003422080 0.9996489170
0.0001920828 0.0015779874 0.9984638709
0.0317121960 0.2003258719 0.7964334455
0.0529793473 0.4053623077 0.5899840379
0.3947438983 0.0581273496 0.5871091931
0.0656840969 0.4541495612 0.5418900383
0.0703666505 0.5257658016 0.4734006239
0.0118845979 0.1535241284 0.8439305399
0.6912503622 0.0309142965 0.4090036267
0.5061393271 0.2113201912 0.4696931491
0.0261142299 0.6374846798 0.4181437239
0.4470185641 0.0833218530 0.5315225703
0.0001307364 0.0021471796 0.9979266653
0.7358979260 0.0453342481 0.3971615283
0.0094014292 0.5913166158 0.4487636615
0.0000085287 0.0005357139 0.9994605525
0.0008834550 0.0163827761 0.9834962414
0.0511179141 0.6092675212 0.4208978643
0.0610096256 0.6174342529 0.4167262252
0.2988544229 0.0743700871 0.6832135935
0.6244626234 0.1558450258 0.4069716329
0.3766523136 0.0864394271 0.6020445197
0.6031463308 0.0657819298 0.4196351991
0.4956310391 0.0229510126 0.5088974750
0.1881739046 0.0352338907 0.8025878822
0.2470429104 0.0816380520 0.7370749483
0.5411449145 0.0308637676 0.4691598281
0.0054166617 0.0576004516 0.9414520777
0.0667422303 0.6308301627 0.4120101408
0.1157374819 0.0204379478 0.8790331950
0.0581379921 0.4837946289 0.5118191890
0.4335261497 0.1538607646 0.5421637216
0.0464522674 0.2964262204 0.7000105362
0.0516486777 0.5388110292 0.4633453547
0.0087446102 0.0956191950 0.9034074837
0.0549327265 0.4640916096 0.5316918722
0.0407263966 0.3045165761 0.6906183052
0.4512094564 0.1685911450 0.5246460710
0.0241488509 0.5405621735 0.4672712102
0.0460572007 0.3728630146 0.6227649622
0.0438914881 0.4506818492 0.5467429566
0.4699266331 0.1581259320 0.5047526395
0.0085382685 0.0426721468 0.9581716559
0.1715340692 0.0284568530 0.8191516289
0.2302665913 0.0643818017 0.7561816552
0.3488983209 0.0783277245 0.6302022514
0.0564683939 0.3584887525 0.6374499452
0.5165671846 0.0698519781 0.4728663627
0.0550750722 0.0133287359 0.9429681704
0.0541451434 0.5604925174 0.4479032879
0.0361838222 0.5714010520 0.4454830719
0.0526004568 0.5646558454 0.4431503598
0.4077692791 0.1301640631 0.5698198166
0.0380628622 0.2993606013 0.6971497335
0.4259001606 0.0396717229 0.5654798907
0.0929241322 0.0191497999 0.9027808241
0.0407263966 0.3045165761 0.6906183052
0.2988544229 0.0743700871 0.6832135935
0.0798864522 0.0131228551 0.9175610394
0.0593452723 0.4188283892 0.5778710875
0.2194868662 0.0654062958 0.7669523023
0.3050507617 0.0185801621 0.6857014666
0.1236066526 0.0243148338 0.8698058425
0.0255685332 0.2345646492 0.7621529765
0.0267625418 0.1746830212 0.8231149783
0.0335026334 0.3842860538 0.6137569145
0.0524269827 0.5146353733 0.4831421011
0.3838512017 0.1092442666 0.5939936813
0.5235365670 0.0911455874 0.4602261588
0.0434393310 0.4334336007 0.5633743803
0.4557687520 0.1335053891 0.5193271989
0.5450064361 0.1131777720 0.4460296140
0.0126700510 0.2835557020 0.7168561889
0.0592599159 0.4348779198 0.5604680111
0.6003418225 0.1336545044 0.4131477741
0.0086984171 0.0764165410 0.9222997113
0.5995394552 0.0347366190 0.4277898910
0.3668000545 0.1037472004 0.6108032755
0.1763912241 0.0296345948 0.8149991866
0.4242085935 0.1002698376 0.5520952160
0.0668945135 0.2205429754 0.7767086078
0.0672931390 0.4885809335 0.5084148396
0.2972638678 0.0690119906 0.6848807644
0.0379430557 0.5951593895 0.4314467006
0.5720121509 0.0293229875 0.4469606173
0.3427336883 0.1304667225 0.6360182719
0.5579526352 0.1781169054 0.4331353419
0.0067820555 0.1209701531 0.8766714373
0.6033113498 0.0685037382 0.4146730698
0.0205551164 0.1691016033 0.8277669558
0.0149552261 0.4906800207 0.5182726367
0.3317420839 0.0097674916 0.6949693810
0.4876000053 0.0444816813 0.5068059910
0.0615556777 0.5052840836 0.4911350927
0.2925127633 0.0619111332 0.6919004518
0.5423986830 0.2023447559 0.4436886293
0.0265935397 0.3046249615 0.6927308049
0.0076268198 0.1183424763 0.8803908173
0.0826864347 0.7618890312 0.3865025194
0.6664033460 0.0221562620 0.4164651094
0.7441336553 0.0532340367 0.3942395574
0.5207200733 0.0210822297 0.4888961222
0.0155028662 0.6059959617 0.4332378017
0.3250425148 0.0941810221 0.6549980609
0.0100722570 0.5949510429 0.4449651951
0.5028673862 0.2083618178 0.4738361847
0.0350339755 0.6617066495 0.4060120846
0.0922436389 0.5213308703 0.4763846881
0.0490041167 0.4387577901 0.5571412236
0.0832533005 0.3611233352 0.6344510948
0.0426740363 0.6772932482 0.4024631020
0.5375350390 0.1151279752 0.4494979224
0.2240837762 0.0947111906 0.7619855088
0.4192511602 0.0719127077 0.5649745956
0.6472860582 0.0185278767 0.4263577231
0.0914357883 0.4940735870 0.5021245850
0.0319041158 0.4240179393 0.5717522037
0.2785800465 0.0759418915 0.7039817029
0.3456641620 0.1119117618 0.6339803039
0.0068834783 0.0475923506 0.9515109244
0.0531387721 0.3767954315 0.6210580833
0.0451640157 0.6925836714 0.4006379643
0.0607607089 0.3941232146 0.6012814149
0.4259687640 0.1432773031 0.5492442688
0.0797788188 0.5347850496 0.4660604356
0.0493459995 0.5784094257 0.4351663589
0.7099320202 0.0330358538 0.4047274778
0.2823694471 0.0616751419 0.7027120546
0.0000436117 0.0007278039 0.9992626004
0.0201364032 0.2180924432 0.7790609393
0.5290349116 0.0468953823 0.4628222591
0.3353379776 0.1055386028 0.6457885118
0.0441528991 0.2666527055 0.7290628837
0.1282791296 0.0233074871 0.8636594779
0.0610096256 0.6174342529 0.4167262252
0.1570403542 0.0222958344 0.8344550779
0.4766572640 0.2081839423 0.4968913868
0.0000436117 0.0007278039 0.9992626004
0.3838512017 0.1092442666 0.5939936813
0.0592838762 0.3807095544 0.6157191534
0.2040853427 0.0341236556 0.7863625648
0.0522800102 0.2802370300 0.7152969980
0.0637129400 0.0128246651 0.9357850024
0.5912344698 0.0386528557 0.4320373901
0.1607556024 0.0360728194 0.8288853343
0.2614986148 0.0997554928 0.7227564050
0.3319109057 0.1238226868 0.6475112193
0.0136105598 0.1822680997 0.8159532668
0.1332973018 0.0317426726 0.8573839716
0.6091924425 0.0534827244 0.4236324014
0.0146293368 0.0698155344 0.9307698747
0.0318559673 0.3236285090 0.6732732156
0.0897394649 0.5473255811 0.4577933097
0.0424952886 0.4021321190 0.5941598524
0.0541149026 0.4238750475 0.5733329223
0.0719044608 0.6271197124 0.4134152342
0.0015783006 0.0523631142 0.9475080188
0.2008347195 0.0530537251 0.7886594847
0.0634334338 0.3921772605 0.6042319873
0.3151022447 0.1457849870 0.6646770549
0.0340858869 0.4400224283 0.5557459641
0.1017913110 0.0237163604 0.8940475676
0.0001366305 0.0006231779 0.9993506556
0.0216125459 0.1317609071 0.8658240349
0.0703615365 0.4472306386 0.5489518337
0.5912344698 0.0386528557 0.4320373901
0.3619899615 0.0955402229 0.6155558460
0.0465451892 0.5117396730 0.4859305266
0.1994034796 0.0604443498 0.7891990432
0.4313836495 0.0832129821 0.5482523522
0.0683284189 0.2885977806 0.7092624223
0.0589820851 0.3259495430 0.6711445945
0.4882863773 0.1461932441 0.4873100095
0.0441528991 0.2666527055 0.7290628837
0.0172076646 0.2189175922 0.7784276971
0.2496347387 0.0682666368 0.7352393199
0.6540184549 0.0205488096 0.4208927729
0.3395160962 0.0972099393 0.6385732097
0.1014135397 0.4751884809 0.5199144088
0.0306664152 0.3476899672 0.6486411910
0.0468257222 0.4813161326 0.5138899238
0.0633157191 0.2845796738 0.7119916189
0.2562207267 0.0649740879 0.7294345890
0.2719267566 0.0629932672 0.7118188800
0.0856681109 0.0244443849 0.9087980231
0.5995119989 0.1278066066 0.4171389708
0.2104273560 0.0161307976 0.7853071640
0.4619202311 0.2058047305 0.5106003889
0.6178433352 0.0563104151 0.4183710262
0.0627694970 0.4954370632 0.5017558387
0.0237151343 0.6314858575 0.4198953000
0.3189100687 0.0803386277 0.6629298041
0.5300561452 0.0271192439 0.4764315080
0.0216148486 0.2535079718 0.7429946136
0.6098461345 0.0128490320 0.4592589047
0.7147949610 0.0382245007 0.4005564756
0.5238738218 0.0604854410 0.4664167310
0.0586725900 0.2292104626 0.7683827687
0.4422434434 0.1253083636 0.5320580590
0.4586413474 0.1740767807 0.5163515827
0.0350339755 0.6617066495 0.4060120846
0.4672063574 0.1053295032 0.5120138455
0.0130843225 0.2029757790 0.7943480523
0.0683208400 0.0305258904 0.9277507679
0.4606015974 0.0941667264 0.5223433976
0.0003007551 0.0029965291 0.9972268554
0.0396693813 0.2548455826 0.7417812253
0.1822657940 0.0376269894 0.8057330406
0.0400943114 0.5986582016 0.4244418596
0.5578372161 0.0281689196 0.4598697871
0.0843367794 0.4660520127 0.5290975547
0.1066129253 0.0196667494 0.8887103730
0.0712138775 0.5029894512 0.4940968672
0.0011497279 0.0303778086 0.9697480493
0.1397950245 0.0361609500 0.8534315766
0.0419913489 0.1405700649 0.8562924281
0.0508215083 0.4740899839 0.5231993692
0.0426220413 0.5735937678 0.4390675908
0.4498546328 0.1276976611 0.5260356092
0.0529793473 0.4053623077 0.5899840379
0.3987475020 0.0935739724 0.5790132772
0.4179841620 0.1511725710 0.5583728794
0.6702444592 0.0234544251 0.4131693914
0.0450042660 0.3369711574 0.6595428009
0.6138381654 0.1889731312 0.4105171923
0.1458691073 0.0161297570 0.8485885573
0.3961409918 0.1340842602 0.5798631408
0.0292899845 0.5631598386 0.4517195168
0.0564238878 0.7181206623 0.3933463475
0.0486492527 0.3414569102 0.6538650712
0.0533757768 0.0156153198 0.9457458043
0.0738202814 0.5560773499 0.4512172292
0.2772612412 0.0477215937 0.7064959915
0.4827591078 0.2088606815 0.4923110296
0.0418733921 0.5618843470 0.4462690722
0.1863120993 0.0290436224 0.8027738857
0.3696196667 0.1416584857 0.6080445780
0.0504624379 0.3524257050 0.6440003325
0.0197342946 0.5210410899 0.4901215680
0.0460572007 0.3728630146 0.6227649622
0.0471541807 0.3378887759 0.6582901198
0.4791014370 0.1268009659 0.4973465832
0.3677494534 0.0547891920 0.6157275335
0.5408372401 0.1508369237 0.4436929199
0.0302285890 0.5812617686 0.4380656497
0.0725089566 0.2747682751 0.7235544134
0.5513417060 0.1985518057 0.4384376390
0.0424241407 0.5975016154 0.4259858224
0.0370110516 0.4028479730 0.5942188944
0.3815069611 0.1336489058 0.5962550230
0.1011126417 0.4576199881 0.5398643206
0.0396828638 0.4781249678 0.5180935755
0.4030938372 0.1154918359 0.5731815627
0.0148874338 0.0858874908 0.9133483375
0.1048814182 0.4174060007 0.5807859350
0.0454303145 0.3294494629 0.6668002192
0.0007622762 0.0023153578 0.9976844524
0.0135588027 0.1874362211 0.8106046956
0.0255685332 0.2345646492 0.7621529765
0.0124071779 0.1640818310 0.8343303439
0.0914357883 0.4940735870 0.5021245850
0.0148874338 0.0858874908 0.9133483375
