0.0000000000 1.0004856501
1.0000000000 0.0005712132
0.6179308633 0.6187174937
0.8474686986 0.2827983086
0.3021398037 0.9093430658
0.7441614819 0.4470448225
0.1390668162 0.9812797943
0.4681431795 0.7816517421
0.9313720985 0.1334039098
0.9674177173 0.0649973112
0.0662777926 0.9964289731
0.6842065156 0.5327418785
0.7984503912 0.3632683489
0.3866174799 0.8514912943
0.5460659585 0.7026907572
0.8914494339 0.2061647167
0.2191198111 0.9529557696
0.1783665864 0.9689876803
0.7720838890 0.4047106787
0.9120854957 0.1693048800
0.4280894458 0.8176225979
0.6519397685 0.5758437151
0.5826228984 0.6611960314
0.9498093986 0.0987659701
0.7149131134 0.4896968000
0.9841636233 0.0321735833
0.3449626619 0.8818752364
0.0283693431 0.9997434870
0.5078024513 0.7429402413
0.1018307353 0.9904112694
0.8234909321 0.3226241462
0.8699043714 0.2441369668
0.2604492149 0.9328711800
0.8806334905 0.2250647511
0.9759346840 0.0484012970
0.0457976959 0.9985209162
0.4073293922 0.8349935414
0.1589908047 0.9754689573
0.1206409846 0.9860479580
0.7582788038 0.4258849361
0.5646462350 0.6819648524
0.7298050765 0.4683403233
0.4883643553 0.7622253479
0.3658649670 0.8670818988
0.1985972599 0.9610482205
0.8356072452 0.3024958019
0.6997363165 0.5113206369
0.9586759474 0.0816926229
0.6682531385 0.5542607653
0.3235070227 0.8961410474
0.6007496481 0.6399456401
0.4483929712 0.8001683094
0.0146800427 1.0002984236
0.7854232585 0.3839649958
0.0801165271 0.9940751610
0.6351141167 0.5973438069
0.8109869776 0.3429698707
0.9923153744 0.0161968525
0.2819119805 0.9214213375
0.9407180466 0.1160004560
0.9215983970 0.1512601218
0.5272225496 0.7230530038
0.9016351485 0.1876300533
0.8587324379 0.2633914264
0.2402417222 0.9430917686
0.8966085992 0.1968164327
0.1110324347 0.9882739070
0.8294631405 0.3126385803
0.6436619609 0.5863589989
0.6765095764 0.5428997221
0.8755577290 0.2343112241
0.2924517636 0.9155106892
0.7787779085 0.3944153893
0.4584043917 0.7905640926
0.6096428233 0.6292491381
0.1886893399 0.9653422588
0.1484935746 0.9783470392
0.8861255940 0.2156112516
0.7513260994 0.4364455110
0.9717024768 0.0567098336
0.7653091555 0.4153722262
0.4179259641 0.8265157909
0.5738536632 0.6715128739
0.7224017976 0.4790488006
0.5553161971 0.6924912826
0.7368356070 0.4576116550
0.2084849609 0.9570351046
0.0570183968 0.9974551791
0.4980522461 0.7527325610
0.7074755216 0.5003241915
0.3343561775 0.8892058904
0.8415613823 0.2924794754
0.9800553008 0.0403039245
0.0404685552 0.9989272929
0.9266430576 0.1423712266
0.3762492420 0.8595940106
0.5917415966 0.6505537879
0.7919173226 0.3736728748
0.3971945197 0.8427749269
0.6602014384 0.5648814003
