0.0000000000 1.0000000000
0.8772091656 -0.6436646145
0.8496774591 -0.2129844640
0.7107315745 -0.2129680747
0.3782613762 0.4815124334
0.6820055834 0.1621041670
0.5443645882 0.1621158439
0.5137511862 0.4814972850
0.2130155043 0.7449187541
0.3441629492 0.7449125428
0.1701501256 0.9487684272
0.0548740993 0.9487773621
0.3572735436 0.5919338370
0.5180591770 0.4055345224
0.5203227282 0.3684905501
0.3511252682 0.6584635328
0.8643607343 -0.5428807791
0.1863230577 0.8395068861
0.6935210748 -0.0691461217
0.6968425132 -0.1180644849
0.3553433566 0.6115700524
0.7051179834 -0.1971354462
0.3619790189 0.5497351465
0.6987217759 -0.1415640720
0.8637669303 -0.5335600302
0.5157326373 0.4457564464
0.6831234646 0.1361975155
0.2096660477 0.7466386723
0.6924713684 -0.0518257532
0.7026455945 -0.1802654177
0.1804040163 0.8781464011
0.1772362350 0.8998192107
0.8570993748 -0.4038497129
0.8527147554 -0.2961928097
0.8669118894 -0.5784597204
0.5429151369 0.1629292469
0.5223999552 0.3365460533
0.8541821672 -0.3339780254
0.8539252709 -0.3274848174
0.8588504292 -0.4421569914
0.8513004273 -0.2582438254
0.3647344458 0.5292084190
0.8554249526 -0.3646305488
0.3533487734 0.6331108734
0.6858648598 0.0754076813
0.5277720043 0.2644501954
0.5312203964 0.2272484213
0.5280969149 0.2606246649
0.5310432706 0.2289717290
0.1961029985 0.7859185278
0.5362789009 0.1871502315
0.8560518642 -0.3796008403
0.2009653673 0.7663504601
0.1821429997 0.8664810820
0.3740255197 0.4863317568
0.3482601386 0.6929198540
0.8695898604 -0.6077521178
0.8669118894 -0.5784597204
0.6842349296 0.1110601949
0.8527402577 -0.2968636167
0.6911999178 -0.0297147488
0.0417911581 0.9564628013
0.5346302728 0.1982400408
0.6895888131 0.0000073140
0.8619143608 -0.5020420502
0.6872230401 0.0468845865
0.6845006767 0.1051465047
0.0206705519 0.9850464116
0.5240635914 0.3125171449
0.5254803890 0.2932241137
0.3479627728 0.6965964443
0.3619790189 0.5497351465
0.8609761592 -0.4847073945
0.5191414669 0.3875478274
0.8596208129 -0.4580914709
0.0310848582 0.9703896822
0.8513004273 -0.2582438254
0.6824440568 0.1518709026
0.5226581795 0.3327225941
0.3698593680 0.5002684435
0.6972125052 -0.1229366687
0.6883980337 0.0231396459
0.8706502962 -0.6170027954
0.8503984286 -0.2333062079
0.8570993748 -0.4038497129
0.6895888131 0.0000073140
0.3441629492 0.7449125428
0.3461473906 0.7193938675
0.1881724033 0.8282033850
0.3690518902 0.5039884951
0.0548740993 0.9487773621
0.7026455945 -0.1802654177
0.5149600411 0.4595420624
0.5137511862 0.4814972850
0.6883350458 0.0243897924
0.6872420204 0.0464940107
0.1916756294 0.8081535526
0.6855529628 0.0821134325
0.8723770776 -0.6291574316
0.6935210748 -0.0691461217
