0.5000000653 0.0000000028
0.0489878230 0.0000000025
0.0183490609 0.0000000027
0.0152158926 0.0000000028
0.0688175149 0.0000000032
0.0160177928 0.0000000028
0.0374409796 0.0000000032
0.0592488898 0.0000000028
0.0844083377 0.0000000028
0.0118692222 0.0000000025
0.1623363714 0.0000000018
0.7238509647 0.0000000036
0.5390751511 0.0000000019
0.6606691924 0.0000000019
0.0321031048 0.0000000033
0.5730192636 0.0000000027
0.1197601291 0.0000000028
0.0730194767 0.0000000025
0.0239938591 0.0000000031
0.6471661152 0.0000000020
0.0756771859 0.0000000024
0.5237225258 0.0000000026
0.1307679815 0.0000000029
0.0267675104 0.0000000009
0.6606691924 0.0000000019
0.0709880257 0.0000000026
0.6394194444 0.0000000031
0.0118692222 0.0000000021
0.1327621909 0.0000000036
0.1285356871 0.0000000005
0.0193184990 0.0000000027
0.4194938288 0.0000000019
0.1581210154 0.0000000020
0.5228072090 0.0000000042
0.0517659980 0.0000000025
0.1285356871 0.0000000014
0.0287219295 0.0000000025
0.0366387457 0.0000000035
0.0297959401 0.0000000025
0.0767992681 0.0000000025
0.0417381543 0.0000000033
0.0329177269 0.0000000018
0.0204988265 0.0000000018
0.1381100326 0.0000000036
0.0441548371 0.0000000028
0.4591792971 0.0000000011
0.1369164215 0.0000000028
0.1300825188 0.0000000019
0.1369164215 0.0000000028
0.6343533872 0.0000000031
0.0222450505 0.0000000025
0.0766917384 0.0000000028
0.0730194767 0.0000000028
0.1554342131 0.0000000018
0.4832767164 0.0000000036
0.0707697144 0.0000000024
0.1145464069 0.0000000028
0.7605165415 0.0000000028
0.6583120766 0.0000000025
0.5545633417 0.0000000024
0.0775003798 0.0000000028
0.0231630680 0.0000000024
0.5715318660 0.0000000019
0.0242601577 0.0000000018
0.2765379463 0.0000000016
0.0570634627 0.0000000031
0.0183119626 0.0000000021
0.1151996825 0.0000000028
0.0242601577 0.0000000018
0.0180624167 0.0000000027
0.7238509647 0.0000000036
0.0214243186 0.0000000011
0.0207069958 0.0000000009
0.0784663551 0.0000000027
0.0260452745 0.0000000025
0.0401218070 0.0000000017
0.0584952177 0.0000000030
0.5390751511 0.0000000019
0.0429882646 0.0000000029
0.0234633584 0.0000000030
0.1174399333 0.0000000028
0.5150533682 0.0000000018
0.0539672274 0.0000000021
0.7483871737 0.0000000028
0.1381100326 0.0000000028
0.0355202996 0.0000000026
0.0620066397 0.0000000017
0.0632756384 0.0000000030
0.0420857495 0.0000000013
0.0620066397 0.0000000010
0.0549510892 0.0000000027
0.4194938288 0.0000000019
0.3368889963 0.0000000007
0.0782866094 0.0000000026
0.0207069958 0.0000000009
0.0282636286 0.0000000028
0.0234633584 0.0000000030
0.1202680252 0.0000000028
0.1479780438 0.0000000020
0.0355202996 0.0000000029
