1.0000000000 0.0000000000
0.1796087543 0.9999999651
0.8897251777 0.6891443215
0.7864837948 0.9094480544
0.7693970782 0.9273048684
0.3166427672 0.9999898680
0.7421782785 0.9492913095
0.8458468451 0.8125362338
0.9213140428 0.5593671132
0.3674848453 0.9999550847
0.8042393289 0.8867982680
0.9711549992 0.2537480117
0.8979769219 0.6590805699
0.9530806003 0.3815618150
0.8837480975 0.7094071537
0.2837749431 0.9999966136
0.6421397965 0.9880794619
0.7041243226 0.9700433349
0.6808706748 0.9785885394
0.6315456054 0.9899063748
0.6006348338 0.9938891003
0.3227631143 0.9999877302
0.9913739047 0.0829883978
0.8510468214 0.8006874986
0.8300295584 0.8447843226
0.9271754746 0.5305175602
0.9180232108 0.5748554482
0.9581017136 0.3481972786
0.9500612635 0.4008768355
0.8806643245 0.7193894240
0.3466619873 0.9999749353
0.9835317806 0.1529988943
0.9458036943 0.4271907001
0.2228153189 0.9999996984
0.2483122101 0.9999991088
0.7621467677 0.9338718884
0.5233803827 0.9984576803
0.9662482834 0.2906062569
0.9339369281 0.4951347505
0.5497584602 0.9974781502
0.9311048032 0.5102373408
0.9895116831 0.1000688961
0.9078295724 0.6197727339
0.8729606114 0.7429920930
0.9736358188 0.2344643384
0.9650423990 0.2994099837
0.3848163627 0.9999287909
0.9610449132 0.3278954377
0.5930368796 0.9946195696
0.8200917198 0.8623981509
0.6777222404 0.9795582827
0.8375484261 0.8301368129
0.4789426489 0.9993649102
0.4569750866 0.9996028768
0.9929484192 0.0683197542
0.2010556751 0.9999998921
0.2149688684 0.9999997893
0.9581017136 0.3481972786
0.9966188135 0.0333020171
0.6590615503 0.9845382105
0.9138091692 0.5939728128
0.5701963265 0.9963671777
0.9255768895 0.5385496043
0.8200917198 0.8623981509
0.6590615503 0.9845382105
0.9949989657 0.0488997561
0.9396899405 0.4631588760
0.4336060743 0.9997650618
0.4131939540 0.9998549427
0.5431373522 0.9977659304
0.9052493465 0.6304423474
0.7049341676 0.9696970011
0.9616135637 0.3239079876
0.7621467677 0.9338718884
0.9153937977 0.5868767329
0.9433403654 0.4419357756
0.7187419506 0.9632099872
0.7317985423 0.9559530947
0.8729606114 0.7429920930
0.9797148221 0.1853017465
0.8572007062 0.7857971713
0.9686161639 0.2730289418
0.9396899405 0.4631588760
0.8115643944 0.8760547605
0.9848017382 0.1419984653
0.3490749975 0.9999731350
0.7187419506 0.9632099872
0.9688761115 0.2710756115
0.5790817333 0.9957596806
0.9753676257 0.2207382412
0.9364626570 0.4813138658
0.5079027801 0.9988576323
0.8629291596 0.7710443071
0.7953006757 0.8987690029
0.9527859532 0.3834710736
0.2831909386 0.9999966826
0.8115643944 0.8760547605
0.9813669869 0.1714581639
0.9502850190 0.3994643031
0.2663309021 0.9999982044
