0.1003818925 0.1000005554 0.9998866441
0.1000000001 96.3811143085 -40.8714227618
99.6003221789 99.5993598895 -116.5422687762
13.5959045144 36.8085079259 -21.9751830906
57.6541352249 86.8832770673 -79.2911277129
0.1003818951 2.2731004036 -0.2825166597
9.6231746820 1.4266121368 -4.9252159415
92.2656191843 54.9522059773 -85.5819564343
82.9834542563 89.6556467526 -94.6192754078
16.3503957602 77.6978115781 -43.9475536888
18.9270785423 70.9765664541 -50.2617611508
96.8806259069 99.5757414470 -110.7033421280
19.9179496382 34.3045972135 -18.6263611871
86.9250659956 21.4707784365 -58.7000629137
68.2969116461 59.6981789743 -66.6591537809
51.5638135980 73.6297593898 -71.1058558524
98.2590920956 99.5757414257 -114.8984166769
92.2616269360 92.2722630938 -107.8117553754
98.2590921204 17.0365005277 -64.7256025139
60.9202466650 6.5853343292 -34.8064473971
35.7219180421 4.9455431155 -16.6796044641
52.2435493930 88.2083200193 -77.6421011234
88.2457698844 98.9970892460 -103.8610104303
30.9188941337 31.4499514539 -27.8225287323
65.9869029571 54.0083973624 -65.4710180832
77.6210859726 25.4003196537 -49.5150188527
3.2307177233 58.2681334826 -33.4090339239
21.1037616673 18.3495573472 -14.5087628160
72.3121013438 62.1563074055 -67.3254664698
27.4520818012 5.7918564744 -9.7816652458
24.2296456622 62.3154466447 -47.6641139806
54.1657712787 32.3158779361 -42.2657726116
42.9598948143 62.2418674177 -60.1277114190
47.5251184614 88.2554232683 -75.5915119930
40.9644927745 81.5798220328 -70.3144707718
70.8503122623 81.6324545003 -81.7514038316
7.8510637614 41.7547531982 -13.5409838472
90.9872965491 28.1599306913 -62.0098595663
77.6208483076 98.2879736720 -101.7624739711
12.2929447653 84.3068091977 -54.0717490918
46.9263402181 94.9251775576 -82.5564377117
89.5471855603 34.9639548796 -68.7952685674
3.0951431746 66.2383377327 -38.2988208265
32.3499773535 70.9765664543 -55.4116770406
56.1867188164 94.9251775875 -83.5723920595
58.8882698763 29.1123926603 -39.0121092613
94.9040053741 86.9218570871 -105.0681235604
20.0746895604 36.7665995878 -27.2349151849
72.3124792920 48.8451709793 -63.7863987097
81.6130003822 84.3571921492 -89.0489878174
11.9973212031 49.6172087819 -28.6761781900
13.5959045022 46.8963194732 -33.7773251276
89.5471879510 14.8862478874 -56.9387779835
38.3587361448 92.2723202726 -72.0141975685
58.8822128520 29.1397602526 -36.3955037280
80.9403865688 63.0302977608 -76.6325837597
96.9477343070 69.5678243875 -96.0382707624
94.9251647007 92.2722685085 -109.3326078174
28.2086692366 5.7918508827 -15.6782507589
89.5471855156 14.4622876142 -51.7265354460
6.6441807898 64.2930940636 -36.4969877854
60.8868760795 6.5853512415 -33.2282822433
20.8230933150 33.6983340427 -24.1043679726
68.7918927265 3.7473107367 -14.6151812003
1.3764285210 83.5518402660 -45.9812404010
74.1879521704 38.3280898660 -57.7519816230
23.0865653937 4.9455431627 -9.4986677766
93.6002288813 69.5682027175 -94.3204464661
16.3503955871 8.4672790349 -8.8742142408
76.1722918777 9.4087191065 -37.7341397254
0.1000000068 44.9484098329 -25.3570760477
0.1003818925 68.8373735081 -31.8495428942
2.0297596235 94.9251775568 -55.1471919505
48.3002281662 7.7040251097 -30.2600512834
31.6731542374 44.9022260999 -41.4452785395
21.6284761132 40.9173412561 -35.4069530405
46.9263402279 12.7251264028 -28.9346920888
9.9102616613 79.5310515103 -41.2045596832
74.8445007720 38.3280898633 -56.5947384930
92.2656191622 52.3041602006 -83.3208073802
65.9869029571 54.0083973624 -65.4710180832
89.5471856323 24.3334153652 -61.5718635139
8.9626947510 10.8008467563 -8.2962172310
42.9075713304 64.8929978885 -60.8193601299
89.5471855329 72.9641824060 -90.7635020526
88.9994153286 21.4707784365 -55.0735636749
85.6136773948 41.6457751673 -72.7198362477
49.6341766580 50.9392256635 -57.5181906475
90.9872964957 88.9107566426 -101.1531719575
49.6341765160 50.9763782207 -56.3509465135
78.6050245297 54.0083973156 -70.8592900441
78.9274213409 92.2723644435 -99.9280156727
32.2910264289 59.6744269309 -48.7995631334
72.8995216080 92.8984087949 -94.2595168631
9.6231746828 40.9131401607 -28.4476465645
91.6187570578 67.6701081157 -88.3475246090
78.9783230908 76.2286496639 -87.0669932088
92.2616269358 76.9059492764 -98.0219214391
69.5093720389 97.6469252571 -87.7716415955
70.8512118894 8.1030116856 -37.1093600611
