1.0000000000 0.0000000002 0.5000000001 0.4999999998 0.4999999997 0.5000000003 0.5000000004 0.4999999996 0.5000000002 0.5000000000 0.5000000002 0.4999974432
1.0000000000 1.0000000000 0.5000000001 0.4999999997 0.4999999998 0.5000000003 0.5000000004 0.4999999996 0.5000000005 0.5000000000 0.5000000003 0.4999974436
0.0000000000 0.8310136480 0.5000000000 0.4999999999 0.4999999999 0.5000000003 0.5000000005 0.4999999996 0.4999999998 0.5000000000 0.5000000003 0.4999974435
0.5175647050 0.9591765986 0.5000000000 0.4999999999 0.4999999999 0.5000000003 0.5000000005 0.4999999996 0.5000000001 0.5000000000 0.5000000003 0.4999974432
0.1455052633 0.5716024461 0.5000000001 0.4999999999 0.5000000002 0.5000000003 0.5000000004 0.4999999996 0.5000000004 0.5000000000 0.5000000003 0.4999974435
0.3000708232 0.0444619800 0.5000000001 0.4999999997 0.5000000003 0.5000000003 0.5000000004 0.4999999996 0.5000000003 0.5000000000 0.5000000002 0.4999974435
0.1635562851 0.5892965541 0.5000000001 0.4999999999 0.5000000001 0.5000000003 0.5000000003 0.4999999995 0.5000000004 0.5000000000 0.5000000002 0.4999974433
0.2556123925 0.3479470405 0.5000000000 0.4999999997 0.4999999998 0.5000000003 0.5000000003 0.4999999996 0.5000000004 0.5000000000 0.5000000003 0.4999974435
0.2023647658 0.2576070830 0.5000000001 0.4999999998 0.4999999998 0.5000000003 0.5000000004 0.4999999996 0.5000000003 0.5000000000 0.5000000003 0.4999974434
0.3161341285 0.3993127796 0.5000000000 0.4999999998 0.4999999998 0.5000000003 0.5000000004 0.4999999996 0.4999999998 0.4999999999 0.5000000003 0.4999974435
0.4513170515 0.0830028583 0.4999999997 0.4999999999 0.4999999997 0.5000000003 0.5000000004 0.4999999996 0.5000000003 0.5000000000 0.5000000003 0.4999974434
0.5367953644 0.2457509756 0.5000000001 0.4999999999 0.5000000002 0.5000000003 0.5000000004 0.4999999996 0.4999999998 0.4999999998 0.5000000003 0.4999974435
0.2011539719 0.0955696416 0.5000000001 0.4999999998 0.5000000002 0.5000000003 0.5000000004 0.4999999995 0.4999999999 0.5000000000 0.5000000003 0.4999974435
0.5938620386 0.9285058803 0.4999999998 0.4999999998 0.4999999998 0.5000000003 0.5000000004 0.4999999996 0.5000000003 0.5000000000 0.5000000003 0.4999974434
0.1317265287 0.8189834015 0.5000000000 0.4999999999 0.5000000001 0.5000000003 0.5000000004 0.4999999996 0.4999999999 0.5000000000 0.5000000003 0.4999974435
0.6419114374 0.5703417737 0.5000000000 0.4999999999 0.4999999998 0.5000000003 0.5000000004 0.4999999996 0.5000000004 0.5000000000 0.5000000003 0.4999974435
0.4933225107 0.6375800594 0.4999999999 0.4999999998 0.5000000002 0.5000000003 0.5000000004 0.4999999995 0.5000000003 0.5000000000 0.5000000003 0.4999974433
0.3953545329 0.0442880100 0.5000000000 0.4999999997 0.4999999998 0.5000000003 0.5000000003 0.4999999996 0.5000000004 0.5000000000 0.5000000003 0.4999974435
0.0779174312 0.6917144060 0.4999999999 0.4999999998 0.5000000001 0.5000000003 0.5000000004 0.4999999995 0.5000000004 0.5000000000 0.5000000003 0.4999974435
0.6438437669 0.1102696186 0.5000000001 0.4999999998 0.5000000002 0.5000000003 0.5000000004 0.4999999995 0.4999999999 0.5000000000 0.5000000003 0.4999974435
0.1138432312 0.3259394632 0.4999999999 0.4999999998 0.4999999998 0.5000000003 0.5000000004 0.4999999996 0.5000000003 0.4999999999 0.5000000003 0.4999974432
0.3938688268 0.5486789255 0.5000000002 0.4999999998 0.4999999998 0.5000000003 0.5000000004 0.4999999996 0.5000000000 0.4999999999 0.5000000003 0.4999974432
0.2765857896 0.2883769727 0.5000000000 0.4999999997 0.4999999997 0.5000000003 0.5000000005 0.4999999996 0.5000000003 0.5000000000 0.5000000003 0.4999974436
0.1910012699 0.2143985850 0.5000000000 0.4999999999 0.5000000001 0.5000000003 0.5000000004 0.4999999996 0.5000000003 0.5000000000 0.5000000003 0.4999974432
0.4304919317 0.6375800594 0.5000000002 0.4999999998 0.5000000002 0.5000000003 0.5000000004 0.4999999995 0.5000000003 0.5000000000 0.5000000003 0.4999974433
0.3397821753 0.3543449186 0.5000000001 0.4999999998 0.4999999998 0.5000000003 0.5000000004 0.4999999996 0.5000000000 0.4999999999 0.5000000003 0.4999974432
0.1746364076 0.4532262992 0.5000000000 0.4999999997 0.4999999999 0.5000000003 0.5000000004 0.4999999996 0.5000000005 0.5000000000 0.5000000003 0.4999974435
0.2027352528 0.6657290271 0.5000000000 0.4999999998 0.5000000001 0.5000000003 0.5000000005 0.4999999996 0.5000000000 0.4999999999 0.5000000003 0.4999974432
0.2190243308 0.6963806180 0.5000000000 0.4999999999 0.5000000002 0.5000000003 0.5000000004 0.4999999996 0.5000000004 0.5000000000 0.5000000003 0.4999974435
0.5669936106 0.1874858968 0.4999999999 0.4999999998 0.4999999998 0.5000000003 0.5000000004 0.4999999996 0.5000000004 0.5000000000 0.5000000003 0.4999974434
0.5987403126 0.2408919171 0.5000000002 0.4999999998 0.5000000001 0.5000000003 0.5000000004 0.4999999996 0.5000000001 0.5000000000 0.5000000003 0.4999974434
0.4296511074 0.7070260098 0.5000000000 0.4999999997 0.5000000002 0.5000000003 0.5000000004 0.4999999996 0.5000000000 0.5000000000 0.5000000003 0.4999974434
0.6032192474 0.9221235890 0.5000000000 0.4999999999 0.5000000003 0.5000000003 0.5000000005 0.4999999996 0.5000000000 0.5000000000 0.5000000003 0.4999974435
0.2391350660 0.3107950433 0.5000000000 0.4999999998 0.4999999999 0.5000000003 0.5000000004 0.4999999996 0.5000000005 0.4999999998 0.5000000003 0.4999974435
0.7348086307 0.6129552746 0.4999999997 0.4999999997 0.4999999998 0.5000000003 0.5000000003 0.4999999995 0.4999999996 0.4999999998 0.5000000003 0.4999974435
0.3363951458 0.0872428764 0.4999999999 0.4999999998 0.4999999998 0.5000000003 0.5000000004 0.4999999996 0.5000000003 0.4999999999 0.5000000002 0.4999974435
0.7951320707 0.3549884749 0.4999999999 0.4999999998 0.4999999998 0.5000000003 0.5000000004 0.4999999996 0.4999999999 0.5000000000 0.5000000003 0.4999974432
0.7087025533 0.3549884749 0.4999999999 0.4999999998 0.4999999998 0.5000000003 0.5000000004 0.4999999996 0.5000000003 0.4999999999 0.5000000002 0.4999974432
0.6310993551 0.3160535871 0.5000000000 0.4999999998 0.5000000002 0.5000000003 0.5000000004 0.4999999996 0.5000000004 0.5000000000 0.5000000003 0.4999974433
0.9884705906 0.0184597866 0.4999999997 0.4999999998 0.4999999997 0.5000000003 0.5000000003 0.4999999996 0.5000000002 0.4999999999 0.5000000003 0.4999974436
0.1857061295 0.6483138119 0.5000000000 0.4999999998 0.4999999998 0.5000000003 0.5000000005 0.4999999996 0.4999999999 0.4999999999 0.5000000003 0.4999974435
0.0615334812 0.1117868913 0.4999999999 0.4999999998 0.5000000001 0.5000000003 0.5000000004 0.4999999995 0.4999999999 0.5000000000 0.5000000003 0.4999974435
0.0867486506 0.8189834015 0.5000000000 0.4999999999 0.5000000002 0.5000000003 0.5000000004 0.4999999996 0.4999999999 0.5000000000 0.5000000003 0.4999974434
0.5200469838 0.8633633321 0.5000000000 0.4999999998 0.4999999998 0.5000000003 0.5000000005 0.4999999996 0.5000000003 0.5000000000 0.5000000003 0.4999974432
0.7017373574 0.5691781587 0.5000000000 0.4999999999 0.5000000001 0.5000000003 0.5000000003 0.4999999996 0.5000000003 0.5000000000 0.5000000003 0.4999974432
0.9508447477 0.8633633321 0.5000000000 0.4999999998 0.4999999998 0.5000000003 0.5000000005 0.4999999996 0.5000000002 0.5000000000 0.5000000003 0.4999974437
0.1857061295 0.7155250432 0.5000000000 0.4999999998 0.4999999998 0.5000000003 0.5000000005 0.4999999996 0.4999999999 0.4999999998 0.5000000003 0.4999974435
0.7676226069 0.5904983064 0.4999999997 0.4999999997 0.5000000001 0.5000000003 0.5000000004 0.4999999996 0.5000000004 0.5000000000 0.5000000003 0.4999974435
0.0115177216 0.1928738086 0.5000000000 0.4999999998 0.5000000000 0.5000000003 0.5000000005 0.4999999996 0.5000000001 0.5000000000 0.5000000003 0.4999974432
0.3686982526 0.7678480741 0.5000000000 0.4999999999 0.5000000002 0.5000000003 0.5000000004 0.4999999995 0.5000000000 0.5000000000 0.5000000003 0.4999974434
0.0468498836 0.3549884749 0.5000000000 0.4999999998 0.4999999998 0.5000000003 0.5000000004 0.4999999996 0.5000000000 0.5000000000 0.5000000003 0.4999974432
0.4622879535 0.3107950433 0.5000000000 0.4999999998 0.5000000000 0.5000000003 0.5000000004 0.4999999996 0.4999999999 0.4999999998 0.5000000003 0.4999974435
0.3173205159 0.4529781841 0.4999999999 0.4999999997 0.4999999997 0.5000000003 0.5000000004 0.4999999996 0.5000000003 0.4999999999 0.5000000003 0.4999974432
0.2230929127 0.2143985850 0.5000000000 0.4999999998 0.5000000001 0.5000000003 0.5000000004 0.4999999996 0.5000000003 0.5000000000 0.5000000003 0.4999974432
0.3902909203 0.8550139301 0.5000000002 0.4999999998 0.4999999997 0.5000000003 0.5000000004 0.4999999996 0.5000000000 0.5000000000 0.5000000003 0.4999974432
0.4113143523 0.4720141903 0.5000000000 0.4999999999 0.4999999998 0.5000000003 0.5000000004 0.4999999996 0.5000000003 0.4999999999 0.5000000003 0.4999974435
0.2673498640 0.3619147977 0.5000000001 0.4999999999 0.5000000002 0.5000000003 0.5000000004 0.4999999996 0.5000000000 0.5000000000 0.5000000003 0.4999974434
0.4053792010 0.8067618088 0.5000000001 0.4999999997 0.4999999998 0.5000000003 0.5000000003 0.4999999996 0.4999999999 0.5000000000 0.5000000003 0.4999974436
0.6026796959 0.8519954671 0.5000000000 0.4999999998 0.4999999998 0.5000000003 0.5000000004 0.4999999996 0.5000000000 0.5000000000 0.5000000003 0.4999974435
0.3887084523 0.8481648104 0.5000000000 0.4999999999 0.4999999997 0.5000000003 0.5000000004 0.4999999996 0.5000000002 0.4999999998 0.5000000003 0.4999974435
0.5584741495 0.8912454624 0.5000000001 0.4999999998 0.4999999998 0.5000000003 0.5000000003 0.4999999996 0.5000000002 0.4999999998 0.5000000003 0.4999974432
0.8658199344 0.0912990941 0.5000000000 0.4999999999 0.4999999998 0.5000000003 0.5000000004 0.4999999996 0.5000000002 0.5000000000 0.5000000002 0.4999974432
0.0249996004 0.4529781841 0.5000000000 0.4999999997 0.4999999996 0.5000000003 0.5000000005 0.4999999996 0.5000000003 0.4999999999 0.5000000003 0.4999974432
0.6195026860 0.7613526040 0.5000000000 0.4999999998 0.4999999997 0.5000000003 0.5000000004 0.4999999995 0.4999999996 0.5000000000 0.5000000003 0.4999974432
0.6660407505 0.3160535871 0.5000000000 0.4999999999 0.4999999999 0.5000000003 0.5000000004 0.4999999996 0.5000000004 0.5000000000 0.5000000003 0.4999974433
0.5835147213 0.6099442888 0.5000000000 0.4999999998 0.5000000002 0.5000000003 0.5000000004 0.4999999996 0.5000000001 0.5000000000 0.5000000003 0.4999974435
0.0056766652 0.7430924877 0.5000000001 0.4999999998 0.5000000005 0.5000000003 0.5000000004 0.4999999996 0.5000000003 0.5000000000 0.5000000003 0.4999974432
0.4004707085 0.3694837827 0.5000000000 0.4999999998 0.4999999998 0.5000000003 0.5000000005 0.4999999996 0.5000000000 0.5000000000 0.5000000003 0.4999974432
0.2837297396 0.5061302660 0.5000000001 0.4999999999 0.5000000002 0.5000000003 0.5000000004 0.4999999996 0.5000000003 0.4999999999 0.5000000003 0.4999974435
0.0398654984 0.3793372762 0.5000000000 0.4999999998 0.4999999998 0.5000000003 0.5000000004 0.4999999996 0.5000000003 0.5000000000 0.5000000003 0.4999974432
0.2193228935 0.7846028125 0.5000000000 0.4999999999 0.5000000001 0.5000000003 0.5000000004 0.4999999996 0.5000000004 0.5000000000 0.5000000003 0.4999974435
0.8556564602 0.9653971431 0.5000000000 0.4999999998 0.5000000001 0.5000000003 0.5000000003 0.4999999997 0.4999999998 0.4999999999 0.5000000003 0.4999974432
0.1030048690 0.1250910355 0.5000000001 0.4999999999 0.5000000001 0.5000000003 0.5000000004 0.4999999996 0.5000000003 0.5000000000 0.5000000003 0.4999974435
0.3731512866 0.6963806180 0.5000000000 0.4999999999 0.5000000002 0.5000000003 0.5000000004 0.4999999996 0.5000000005 0.5000000000 0.5000000003 0.4999974435
0.3611798772 0.4429039134 0.5000000000 0.4999999998 0.4999999999 0.5000000003 0.5000000004 0.4999999996 0.5000000004 0.5000000000 0.5000000003 0.4999974435
0.2146535608 0.5716024461 0.5000000001 0.4999999999 0.4999999998 0.5000000003 0.5000000004 0.4999999996 0.5000000004 0.5000000000 0.5000000003 0.4999974435
0.4700279282 0.2408919171 0.5000000001 0.4999999998 0.5000000001 0.5000000003 0.5000000004 0.4999999996 0.5000000001 0.5000000000 0.5000000002 0.4999974434
0.1000274774 0.1545097342 0.5000000000 0.4999999998 0.5000000001 0.5000000003 0.5000000004 0.4999999996 0.4999999999 0.4999999999 0.5000000003 0.4999974435
0.0863238643 0.5628152619 0.5000000000 0.4999999998 0.4999999997 0.5000000003 0.5000000004 0.4999999995 0.4999999996 0.5000000000 0.5000000003 0.4999974432
0.8297129191 0.7108930016 0.5000000001 0.4999999997 0.5000000001 0.5000000003 0.5000000004 0.4999999997 0.5000000004 0.5000000000 0.5000000003 0.4999974435
0.4580202326 0.8264541301 0.5000000000 0.4999999998 0.5000000002 0.5000000003 0.5000000004 0.4999999996 0.4999999999 0.5000000001 0.5000000003 0.4999974432
0.4112511906 0.2306259648 0.5000000001 0.4999999999 0.5000000002 0.5000000003 0.5000000004 0.4999999996 0.5000000003 0.5000000000 0.5000000003 0.4999974435
0.0007949164 0.7690692864 0.5000000000 0.4999999998 0.5000000005 0.5000000003 0.5000000004 0.4999999996 0.5000000004 0.5000000000 0.5000000003 0.4999974432
0.4580202326 0.8532893462 0.5000000000 0.4999999998 0.5000000002 0.5000000003 0.5000000004 0.4999999996 0.4999999999 0.4999999998 0.5000000003 0.4999974432
0.4566132967 0.5486789255 0.5000000002 0.4999999998 0.4999999998 0.5000000003 0.5000000004 0.4999999996 0.5000000000 0.4999999999 0.5000000003 0.4999974432
0.3571517038 0.3688402263 0.5000000001 0.4999999998 0.4999999998 0.5000000003 0.5000000004 0.4999999996 0.5000000005 0.5000000000 0.5000000003 0.4999974434
0.7995903191 0.4627166966 0.5000000000 0.4999999998 0.4999999999 0.5000000003 0.5000000003 0.4999999997 0.4999999998 0.4999999999 0.5000000003 0.4999974432
0.7087025533 0.5398552859 0.4999999999 0.4999999998 0.4999999998 0.5000000003 0.5000000003 0.4999999996 0.5000000003 0.4999999999 0.5000000002 0.4999974436
0.0468498836 0.3741897955 0.5000000000 0.4999999998 0.4999999998 0.5000000003 0.5000000004 0.4999999996 0.5000000000 0.5000000000 0.5000000003 0.4999974432
0.1910012699 0.1994938874 0.5000000000 0.4999999999 0.5000000001 0.5000000003 0.5000000004 0.4999999996 0.5000000003 0.5000000000 0.5000000003 0.4999974432
0.1106880389 0.8168536194 0.4999999999 0.4999999998 0.4999999997 0.5000000003 0.5000000003 0.4999999996 0.5000000003 0.5000000000 0.5000000003 0.4999974435
0.0313878391 0.7329402719 0.5000000000 0.4999999998 0.5000000001 0.5000000003 0.5000000005 0.4999999996 0.5000000000 0.4999999998 0.5000000003 0.4999974432
0.2345842133 0.8481648104 0.5000000000 0.4999999999 0.4999999997 0.5000000003 0.5000000004 0.4999999996 0.5000000001 0.4999999998 0.5000000003 0.4999974435
0.3521035053 0.8059864837 0.5000000001 0.4999999998 0.4999999998 0.5000000003 0.5000000003 0.4999999996 0.5000000005 0.5000000000 0.5000000003 0.4999974434
0.4651496197 0.9285058803 0.4999999996 0.4999999998 0.4999999998 0.5000000003 0.5000000004 0.4999999996 0.5000000003 0.5000000000 0.5000000002 0.4999974434
0.0579900830 0.5066604958 0.5000000000 0.4999999998 0.4999999997 0.5000000003 0.5000000004 0.4999999995 0.4999999999 0.4999999999 0.5000000003 0.4999974436
0.6587179203 0.5880358817 0.5000000000 0.4999999999 0.4999999998 0.5000000003 0.5000000003 0.4999999995 0.5000000004 0.5000000000 0.5000000002 0.4999974433
0.8061628162 0.4627166966 0.5000000000 0.4999999998 0.4999999999 0.5000000003 0.5000000003 0.4999999998 0.4999999998 0.4999999999 0.5000000003 0.4999974432
0.7464046968 0.2306259648 0.4999999999 0.4999999998 0.5000000002 0.5000000003 0.5000000004 0.4999999995 0.4999999999 0.5000000000 0.5000000003 0.4999974435
0.2454331685 0.5904983064 0.4999999997 0.4999999998 0.5000000001 0.5000000003 0.5000000004 0.4999999996 0.4999999999 0.4999999998 0.5000000003 0.4999974435
