0.0000000000 0.0000000000 0.5000000017
0.0000000000 0.0000000000 0.5000000017
0.1700785432 0.3299214584 0.0000000000
0.0253923462 0.0545212439 0.4200864116
0.3657841155 0.0011399732 0.1330759130
0.0240778600 0.0312797158 0.4446424260
0.1942413465 0.1045859893 0.2011726659
0.0917106868 0.3883127597 0.0199765552
0.0754559098 0.4045675367 0.0199765552
0.0047082662 0.3674551304 0.1278366051
0.4341149969 0.0082113791 0.0576736257
0.0469213941 0.0230756488 0.4300029588
0.1583479523 0.3233349707 0.0183170786
0.0462999647 0.4129933212 0.0407067158
0.0216906563 0.4285717464 0.0497375990
0.0954860085 0.0129470935 0.3915668997
0.0141144507 0.4361479520 0.0497375990
0.0193576096 0.0134888041 0.4671535880
0.2559538910 0.1258765265 0.1181695843
0.0679550001 0.0365892280 0.3954557735
0.0992235496 0.2941796127 0.1065968394
0.1147734472 0.3405372591 0.0446892954
0.0589014278 0.0683764247 0.3727221493
0.1802933721 0.0883991859 0.2313074437
0.4285509935 0.0460547087 0.0253942995
0.1169307533 0.2122203390 0.1708489094
0.1444149956 0.3514841925 0.0041008136
0.0362399335 0.3730437682 0.0907163000
0.3435011821 0.0704157199 0.0860830997
0.4687267503 0.0118755993 0.0193976520
0.2919784561 0.1889074928 0.0191140529
0.4625848872 0.0180174624 0.0193976520
0.2412897476 0.0354377098 0.2232725444
0.2663435645 0.0180045179 0.2156519193
0.0861468774 0.2430042149 0.1708489094
0.1376168765 0.2833924812 0.0789906441
0.0088160845 0.0014085198 0.4897753974
0.0206689861 0.1504596514 0.3288713642
0.2131184005 0.0210593620 0.2658222392
0.3762974110 0.1176810957 0.0060214950
0.2732188610 0.0654543695 0.1613267712
0.1291353391 0.3344893786 0.0363752840
0.4170575872 0.0769209194 0.0060214950
0.3926588378 0.0951885395 0.0121526243
0.0677692299 0.2009233281 0.2313074437
0.1975851123 0.2980621322 0.0043527572
0.1467793694 0.0540547249 0.2991659074
0.0568989753 0.1254495342 0.3176514922
0.2756873369 0.1355813120 0.0887313527
0.2922479877 0.1860553196 0.0216966944
0.2981763796 0.0594059173 0.1424177048
0.1742361010 0.0440839881 0.2816799126
0.1393823135 0.0260211612 0.3345965271
0.1639097985 0.0537989535 0.2822912497
0.0790885488 0.2628748985 0.1580365544
0.2015408897 0.0099708589 0.2884882531
0.0387657307 0.0208727564 0.4403615146
0.2314325105 0.0786638886 0.1899036026
0.2524633648 0.2221423374 0.0253942995
0.2385683861 0.0810893721 0.1803422435
0.3842056597 0.0043175017 0.1114768403
0.2666771978 0.0361591680 0.1971636358
0.4458886767 0.0412458110 0.0128655141
0.1670477616 0.3119667107 0.0209855294
0.0708684420 0.1978241160 0.2313074437
0.2806997902 0.0609995736 0.1583006379
0.1407152744 0.2897729680 0.0695117594
0.0445833604 0.1468938098 0.3085228315
0.3827114695 0.0058116918 0.1114768403
0.1203548927 0.3276706613 0.0519744477
0.2088860663 0.2669858849 0.0241280504
0.0211712221 0.1610673789 0.3177614007
0.3357428159 0.1429856508 0.0212715350
0.3502057073 0.0761040783 0.0736902161
0.1075758379 0.2371806993 0.1552434645
0.3271705365 0.0304117604 0.1424177048
0.2252002869 0.0388042644 0.2359954504
0.1528249168 0.0135108503 0.3336642345
0.0892766741 0.1515012227 0.2592221049
0.3040708694 0.1134417089 0.0824874234
0.0116354845 0.0081078591 0.4802566580
0.1287173740 0.3500110926 0.0212715350
0.0900260062 0.1638281665 0.2461458290
0.2452190703 0.2309861644 0.0237947670
0.0772453059 0.2704987980 0.1522558978
0.0071542638 0.2568502875 0.2359954504
0.1547160996 0.3072129350 0.0380709672
0.0433714720 0.3778534864 0.0787750433
0.2346483936 0.2246448923 0.0407067158
0.2550104877 0.0172384150 0.2277510990
0.0530400136 0.0977922990 0.3491676891
0.1353627252 0.0645924394 0.3000448371
0.0927836438 0.2522993091 0.1549170488
0.4096420289 0.0440226358 0.0463353370
0.2619821099 0.1689917621 0.0690261297
0.4071082290 0.0838139410 0.0090778317
0.1119778458 0.1552272928 0.2327948631
0.2202790795 0.2756897503 0.0040311720
0.0934709914 0.1189424330 0.2875865773
0.0277688662 0.0009319230 0.4712992125
