0.0000000000 0.0000000033 1.0000000062
0.2619259009 0.9650879933 0.0000000000
0.0000001696 0.0000000000 1.0000000062
0.3644717881 0.7119287355 0.6002647780
0.2196837607 0.5195033610 0.8257453091
0.6397643289 0.4113840475 0.6492031896
0.5264359654 0.7477833872 0.4045802672
0.5967861689 0.3476796960 0.7231632664
0.0337401111 0.6548770388 0.7549819079
0.1222283549 0.0151996412 0.9923856168
0.4017582359 0.4616597342 0.7908606844
0.9667444996 0.1251215194 0.2230463859
0.4863778502 0.7833864954 0.3869653705
0.6247050144 0.7187621563 0.3051632678
0.5732262644 0.8186535039 0.0349013289
0.7308752156 0.6038066582 0.3181806894
0.3600986201 0.7518602434 0.5522998919
0.2014871197 0.4918230478 0.8470614161
0.5033921267 0.3734102605 0.7792054649
0.0186745312 0.7793720105 0.6262831176
0.6827322195 0.4395277726 0.5836883295
0.9767029524 0.1048630835 0.1872300427
0.6467231698 0.3194835357 0.6925889289
0.6447306515 0.3627539044 0.6728536277
0.2792162642 0.8985487402 0.3385977728
0.9256633569 0.1219217152 0.3581654052
0.8876912318 0.4523831696 0.0857540508
0.5782887263 0.6882095124 0.4381207921
0.4764906274 0.0627599161 0.8769366495
0.0600375534 0.9919540740 0.1114568061
0.0799980107 0.2513174605 0.9645931083
0.1504375414 0.9858715700 0.0736600702
0.6387026179 0.5116396970 0.5747032266
0.8027935053 0.5711014927 0.1713641888
0.2352385935 0.8080760003 0.5400703604
0.8930953385 0.1749015780 0.4144757735
0.7778650983 0.3833603189 0.4979565915
0.2645893299 0.6458533469 0.7161466003
0.9743661675 0.1161939232 0.1926384077
0.4095610094 0.2387780567 0.8804798871
0.7477114836 0.6153250063 0.2496050605
0.1418272590 0.9172323918 0.3722496211
0.3110048863 0.2748303777 0.9098045046
0.4541527361 0.7392204748 0.4972910558
0.9849239338 0.1711994909 0.0248111118
0.4003636049 0.1977810383 0.8947578762
0.6622087478 0.6191669966 0.4220329573
0.6062438291 0.2763386942 0.7457247201
0.2689211001 0.1998825945 0.9421933998
0.2776893854 0.1892148666 0.9418526168
0.9442378426 0.3291932065 0.0068367948
0.2568534381 0.8750785395 0.4101997969
0.8697448733 0.4286420264 0.2445605876
0.0642541665 0.9896149918 0.1285829786
0.0299662280 0.6738512595 0.7382591127
0.7084653847 0.1534874649 0.6888529663
0.1777741446 0.9576727743 0.2264049984
0.8124514896 0.4967876501 0.3051632678
0.3833302540 0.0052111921 0.9235966501
0.7060324558 0.6359423184 0.3116015909
0.8617759037 0.5066820630 0.0248111118
0.2060082294 0.4871637633 0.8486648865
0.3462373501 0.8659962119 0.3607911732
0.8749509852 0.4804840647 0.0599654010
0.3295811468 0.9441272136 0.0002907079
0.9554463243 0.0417407920 0.2921986310
0.1062387104 0.9539835567 0.2804081351
0.9125451342 0.3182432191 0.2568708702
0.7850454973 0.5461900215 0.2921986310
0.4403339566 0.7677245705 0.4655158460
0.3100235036 0.3121672784 0.8980183906
0.7160092257 0.6441114058 0.2691677878
0.6814572900 0.3571804755 0.6387785862
0.3147828236 0.6572440913 0.6847933927
0.2475393153 0.6345898909 0.7321338471
0.6608267600 0.7504385615 0.0122462642
0.9418968827 0.2078661017 0.2638597326
0.3334756578 0.8198103409 0.4655158460
0.5137130759 0.0676625891 0.8552898118
0.5738569840 0.6829353871 0.4519816714
0.7670181042 0.3789096592 0.5177940810
0.0772483854 0.8717063104 0.4839016509
0.2364737486 0.8123189231 0.5331211360
0.4673496024 0.0796211651 0.8804798871
0.4236530608 0.4772323086 0.7699139043
0.8400907340 0.5406482857 0.0441248467
0.6110801855 0.6875361322 0.3922691501
0.4384500375 0.7723817956 0.4595518891
0.7972674195 0.2557770853 0.5467565791
0.7972743800 0.5852442302 0.1477929850
0.7605869278 0.0065388268 0.6492031896
0.2913829731 0.5677398659 0.7699139043
0.0036777638 0.0015571438 0.9999920308
0.6757205733 0.6086395951 0.4158840733
0.1627486185 0.9139620679 0.3717340957
0.9484508694 0.1332728296 0.2875401079
0.0730014424 0.2293374168 0.9706055589
0.4674301309 0.8506064945 0.2407855407
0.8569141147 0.2987492053 0.4200560971
0.2787999633 0.8972090379 0.3424712178
