-1.1527376432 -1.1528224873 -1.1527392592
-0.0000000000 -0.0000000000 -0.0000054546
-1.1212640170 0.0000000000 -0.4954388623
-0.0000000000 0.0000000000 -1.1527392592
-0.0000000000 0.0000000000 -0.4816381793
-0.0000000000 -0.0000000000 -0.0000054546
-1.0759897545 -0.9149957525 -1.0515312489
-1.0921483149 -0.5621699710 -1.0926722041
-0.0000000000 -0.0000289249 -0.7874912219
-1.0173626942 -0.0001396771 -0.8668886622
0.0000000000 -0.0000004745 -0.8668886622
-1.0747333074 -0.7745030779 -1.0499705053
-0.0000000000 0.0000084479 -0.7265951840
-1.0939725359 -0.7006135731 -1.0905277052
-1.1527376432 -0.0000000000 -1.1527392592
-1.1150100493 -1.0893774657 -1.1059204215
0.0008399898 -0.0000000000 -0.8425511303
-1.0921483149 -0.9287886085 -1.0764225434
-0.9284238999 -0.0000004007 -0.9680474456
-1.0492721270 -0.0000000280 -0.9680474456
-0.9352986581 0.0000000520 -0.9888512410
-1.1207306371 -0.5621699710 -1.0926722041
-0.8327504786 0.0006878797 -1.0184312990
-1.0778439483 -0.0020834844 -1.0426693915
0.0054075567 0.0000028695 -1.0340795394
-1.0668999434 -0.7006135731 -1.0905817355
-1.1212640170 -0.0000000059 -1.1166018852
-1.1212640170 -0.0000000069 -0.5430986081
-1.0799165072 -1.0011781021 -1.0962567323
0.0000000000 0.0000000335 -1.0623930639
-1.1352897548 0.0000000000 -0.5680825457
-0.8723460142 0.0027337181 -0.9239300892
-1.0609732047 0.0317274764 -1.0888747393
-1.0958029432 -1.0893774657 -1.0938873328
-1.0789017087 -0.7623250332 -1.0941128086
-1.0914068393 -1.0412036905 -1.0667068978
-1.0605719142 -0.9888028018 -1.0523360990
-1.0759897545 -0.6742025501 -1.0488485697
-1.0759897545 -0.7029534188 -1.0488485697
-0.8723460142 0.0027879167 -0.9519836184
-1.0778439483 -0.0021124093 -1.0197258344
-1.1567428033 -1.0893774657 -1.1551005833
-0.0000000000 -0.0000000003 -0.6978219873
-1.1601405503 -1.1528224873 -1.1102508145
0.0000000000 -0.0000000020 -0.7511313760
-0.0000000000 0.0000000033 -0.8235094156
-1.0142786042 -0.9098189798 -1.1051245188
-1.1212640170 -0.0000000059 -0.5209212560
-1.0960530996 -0.9619169005 -1.1065451151
-0.9929218932 0.0000000487 -0.9601132543
-1.0704541606 0.0000000000 -0.7101349629
-1.0969222940 -1.0011781021 -1.0962567323
-1.0530085959 -0.0000004007 -0.9759029141
0.0008399898 -0.0000000000 -0.8908170168
-1.1527376432 -0.0000000000 -1.1509321104
-0.0000000000 -0.0000000018 -0.5410403256
-0.9254017639 0.0000000000 -1.0443540942
-1.0923166306 -0.9619169005 -1.1065451151
-0.0000000000 -0.0000005080 -0.6737698091
0.0000000000 -0.0000000020 -0.7511313760
-0.0000000000 -0.0000000000 -0.5659120901
-1.1212640170 -0.9182473267 -1.1043835803
-0.0000000000 -0.0000000000 -0.8958362839
-0.0000485170 0.0000000006 -0.6031901098
-0.0000000000 0.0000000000 -0.9181455878
-1.0704541606 0.0000000000 -0.6876994093
-0.0000000000 -0.0000000000 -0.6350847627
-1.0947049768 -0.7669331886 -1.0939623205
-0.8327504786 0.0006878797 -1.0143750678
-0.7491376291 0.0000027983 -0.9820979632
-1.1157917588 -0.0000233185 -1.1029612045
-1.0958029432 -1.0893774657 -1.0623149993
-0.0000485170 0.0000000006 -0.6031901098
-1.0664808637 -0.6968510488 -1.0469264543
-0.9929218932 0.0000000520 -0.9871993560
-0.0000000000 0.0000028000 -0.9783165547
-0.9929218932 0.0000000520 -0.9871993560
-0.7563068607 0.0000027983 -0.9842680318
-1.0605719142 -0.8687488573 -1.0523360990
-1.0778439483 0.0000497868 -1.0053090231
-0.0000000000 -0.0000000000 -0.8104347790
-1.1374048749 -1.1358240241 -1.0967276136
-1.0632300670 -0.8744002057 -1.0849162567
-1.0142864621 -0.0001396771 -1.0299202580
-1.0778439483 0.0000497868 -1.1207303973
-1.0644865141 -0.8152270293 -1.0948035916
-1.0969222940 -0.8804157846 -1.0217512698
0.0000000000 0.0000000000 -0.4997646373
-1.1527458427 -0.0000000000 -0.5783113009
-1.0914068393 -1.0369223422 -1.1143847983
-1.1029482921 -0.0000000747 -1.0640671608
-1.0921483149 -0.7950336656 -1.0699152915
-0.8449007757 0.0027337181 -0.9239300892
-0.0000000000 0.0000000026 -0.9991856100
0.0000000003 0.0000026287 -0.6504275364
-1.0921483149 -0.9287886085 -1.0804787746
0.0000000020 0.0000027515 -0.9842680318
0.0000000020 0.0000027515 -1.0178625414
-0.0000000000 -0.0000918008 -0.9443297162
-1.0583384452 -0.8152270293 -1.0853552755
