-20.0000000000 0.0000000027
-14.4354613035 -11.6272868370
-17.0478720622 -3.8757623206
-19.0816032427 -0.0001517985
-20.0000000000 0.0000000027
-17.9409816237 -3.8757622764
-18.7421923230 -0.7670335512
-15.6435181463 -7.7515380786
-15.3540381327 -8.6947974289
-16.7002461446 -4.8522332775
-16.6461219038 -5.0756050778
-15.8819661204 -7.7515245580
-18.1458295762 -3.3851240658
-18.3278210066 -2.5344185940
-18.8226192548 -0.5284256186
-16.3402855641 -6.5380968631
-14.7165771932 -11.1051228224
-15.3949948885 -8.5240346021
-16.9227452555 -4.0832364545
-16.7969015426 -4.4640408348
-16.5814438759 -5.3931824349
-15.4863226648 -8.1833215258
-18.8321989342 -0.5024659950
-18.9642374668 -0.1965174536
-15.0505688348 -9.8632780132
-16.3080616365 -6.6537862846
-14.8684923989 -10.4270602434
-14.5483268575 -11.5422571107
-18.5969439034 -1.2920446410
-15.5483782490 -7.9515616700
-14.8089768430 -10.9144277025
-16.7591917067 -4.6150708208
-15.1668520383 -9.3642550042
-14.8549829418 -10.6025524338
-15.3949948885 -8.5240346021
-15.5127270853 -8.0787244751
-16.7363762840 -4.7042472852
-15.1476898752 -9.5498223510
-18.4936465859 -1.6883607528
-18.4308352309 -2.0308558543
-16.0852173028 -7.4692347916
-18.0835890716 -3.6161615812
-18.3987762973 -2.1842257929
-14.9798095955 -10.2091396794
-15.2584701994 -9.1116254674
-16.3834853226 -6.3715200756
-18.3545142101 -2.4012616913
-18.1950720234 -3.1724983620
-18.5352199366 -1.5526351005
-18.2359419854 -2.9811079235
-14.8505052881 -10.7543201943
-14.5856065703 -11.4132742925
-14.9160957767 -10.3479418374
-18.1868188325 -3.2094987756
-16.4553764476 -6.0421502773
-16.5462017115 -5.5616279861
-16.2219390092 -6.9850363065
-16.4998204876 -5.6613865920
-16.2703449628 -6.8426563382
-15.2640846640 -9.0930738003
-18.0323098243 -3.7588043115
-15.2110274759 -9.3166124656
-15.3047159887 -8.8977690004
-16.6226439686 -5.1962885290
-15.8829931278 -7.7514008022
-15.4863226648 -8.1833215258
-19.0271410973 -0.0820074368
-15.9810642339 -7.6627542773
-18.4501196513 -1.9393178203
-16.4777404248 -5.8945175282
-15.0297275965 -10.0606817491
-18.6409154950 -1.1188457549
-18.5764197879 -1.3775031550
-18.6886951494 -0.9469212408
-18.2878603927 -2.7315150453
-16.3918336780 -6.2698478652
-18.6886951494 -0.9469212408
-16.4967396643 -5.8405395164
-14.9620093570 -10.3054491559
-18.1089113687 -3.5283215407
-16.2708527108 -6.7760043316
-14.6479098668 -11.3693702937
-16.1043541581 -7.3354056910
-18.5515445602 -1.4822139517
-15.1297841117 -9.6446768310
-15.5906440843 -7.8632287036
-15.0224442473 -10.0919291947
-18.6389984993 -1.1287530952
-17.9481481131 -3.8749763163
-14.8241206608 -10.8558532851
-15.0505688348 -9.8632780132
-15.9810642339 -7.6627542773
-16.9674289377 -4.0079417923
-18.0150006276 -3.7801486638
-18.9088321243 -0.3133712449
-18.9299553502 -0.2669046087
-17.0118786317 -3.9349209602
-16.1979980558 -7.0035706403
-16.8723920170 -4.2276438850
-16.8723920170 -4.2276438850
