0.1497128973 0.6185774893
0.8407960405 0.0832689280
0.1821701909 0.5805438490
0.4832037866 0.3091672682
0.5127535378 0.2870684368
0.8163710172 0.1046168454
0.8163710172 0.1046168454
0.8168101468 0.1001976778
0.8352039645 0.0863729842
0.1645081898 0.5948084608
0.4960666593 0.2966030297
0.1692157470 0.5894230512
0.1764247291 0.5819383393
0.8299546838 0.0900197376
0.1567592041 0.6070569243
0.8163710172 0.1046168454
0.1679408493 0.5907547174
0.4839090253 0.3062204040
0.8311371196 0.0886754931
0.1676082951 0.5924784290
0.1795777933 0.5810761187
0.1502350912 0.6154101221
0.4900664099 0.3006205841
0.5069159594 0.2892425115
0.4974116735 0.2953270996
0.5007940238 0.2937300075
0.1628665366 0.5978967900
0.5092813755 0.2874504733
0.1497147502 0.6174997221
0.1730471761 0.5848293522
0.4932266275 0.2988433148
0.1514220157 0.6118369677
0.1708711348 0.5882534269
0.8334504629 0.0884560170
0.1554959386 0.6079137934
0.1737405189 0.5839056469
0.8243204868 0.0933938239
0.8221407749 0.0941956820
0.1596877299 0.6022476486
0.8275534564 0.0904642721
0.1570570311 0.6046409066
0.1541022942 0.6084641704
0.5097020907 0.2874076894
0.1509814405 0.6144915436
0.1535142643 0.6095207369
0.5050412388 0.2909022195
0.1717903481 0.5878873601
0.1510224553 0.6129905087
0.4852710688 0.3047623617
0.5051311004 0.2901416861
0.8373722780 0.0859748662
0.8220255893 0.0949163967
0.1608218135 0.6003463752
0.1601717580 0.6009282224
0.4864613277 0.3037649297
0.8397337739 0.0844125326
0.5127535378 0.2870684368
0.1752140341 0.5830789158
0.4922726956 0.3005095637
0.8380165714 0.0856645529
0.1676082951 0.5924784290
0.8395273353 0.0850178466
0.1801726021 0.5808374541
0.5033272844 0.2917709378
0.4836787258 0.3077951254
0.4939464068 0.2974188865
0.8244588996 0.0926181940
0.8266032100 0.0920862020
0.1524476513 0.6105592559
0.8186172022 0.0963376879
0.4929693555 0.3002298449
0.5012060330 0.2925247035
0.1644389001 0.5948272429
0.8171486211 0.0981368096
0.4889493141 0.3019010154
0.1612102900 0.5989324432
0.8275109138 0.0913130936
0.8181241265 0.0979234051
0.1620462061 0.5989301685
0.1640089348 0.5967999645
0.5068175324 0.2893906833
0.4881595425 0.3031883010
0.4984151160 0.2941447586
0.8200671824 0.0953939867
0.1585683161 0.6031231989
0.1724061166 0.5864268138
0.5033272844 0.2917709378
0.1756880981 0.5827552406
0.8198915354 0.0954668114
0.8334393219 0.0885001002
0.4939293505 0.2974236805
0.1640089348 0.5967999645
0.8183812431 0.0967044728
0.4982925156 0.2945295789
0.1724061166 0.5864268138
0.4853249459 0.3043616464
0.4886722337 0.3019062748
0.1576197035 0.6045610050
0.1526108770 0.6103359337
0.4833263941 0.3082699000
