0.9238420411 0.0398340992
0.2373286686 0.5167997011
0.5708688465 0.2473927174
0.9039450659 0.0515254989
0.3121903847 0.4939952045
0.6474795904 0.2325115163
0.3121903847 0.4939952045
0.6474795904 0.2325115163
0.5926507027 0.2325178175
0.2601647744 0.4939993976
0.3121903847 0.4939952045
0.9211124349 0.0408975810
0.5760676926 0.2414613972
0.5725546949 0.2440857782
0.9050654188 0.0494794871
0.2472114567 0.5029556476
0.5771869122 0.2409196322
0.9045983815 0.0511565140
0.2537505456 0.4978945604
0.2543391147 0.4967015767
0.5879438502 0.2343177091
0.5891014499 0.2333319609
0.5744214071 0.2436131221
0.2404919099 0.5111915387
0.2491579978 0.5010761504
0.5794259952 0.2399536955
0.5832054954 0.2366951649
0.5783886315 0.2402340168
0.2549430751 0.4959110327
0.5709410594 0.2462494879
0.2514985009 0.4990498876
0.2509322456 0.4996572887
0.9062428138 0.0489505594
0.5751188934 0.2430283340
0.5915467448 0.2325735385
0.5845023254 0.2358744698
0.5830900722 0.2374444106
0.2376089613 0.5146480698
0.2407867910 0.5100290328
0.2567041985 0.4951622154
0.2416114399 0.5098204495
0.2437283275 0.5072832455
0.9078725050 0.0480536892
0.2465862370 0.5055191473
0.5871481144 0.2347740389
0.5715795630 0.2449005907
0.9118503396 0.0460963542
0.2421755683 0.5089301627
0.9183140574 0.0422507902
0.5817516542 0.2382034181
0.2451565841 0.5063715390
0.2441308705 0.5072824860
0.5852890448 0.2358371447
0.9140146330 0.0440539179
0.9102730947 0.0466613253
0.2374753437 0.5158970610
0.2581102223 0.4943421357
0.9129475161 0.0460811859
0.5801541859 0.2387323156
0.2380853069 0.5133152783
0.5801504909 0.2388544179
0.9166852198 0.0428075010
0.2469672955 0.5041346278
0.9224473609 0.0401345553
0.9087944491 0.0470759986
0.5818347698 0.2379585127
0.9182438408 0.0422662681
0.2422393763 0.5082834952
0.9104739014 0.0463510883
0.2486241733 0.5023159927
0.2559839537 0.4953748676
0.2486171940 0.5023370449
0.9078725050 0.0480536892
0.9165602603 0.0428209173
0.9140677536 0.0440134502
0.2463091713 0.5057019525
0.5899241648 0.2329485929
0.2598010243 0.4941103657
0.2522190274 0.4981671326
0.2455456191 0.5063384995
0.9154842922 0.0435306841
0.9154842922 0.0435306841
0.9088817643 0.0470534672
0.9132337444 0.0452701576
0.2584720294 0.4943312047
0.9183140574 0.0422507902
0.2390961813 0.5117645217
0.9132337444 0.0452701576
0.2469830498 0.5040865317
0.9060718749 0.0491534431
0.5858479030 0.2349095089
0.2374810206 0.5151079224
0.2522613566 0.4980723851
0.2499845696 0.5006308326
0.2391200308 0.5115118783
0.9224637051 0.0401342316
0.2388491416 0.5126907958
0.5713259299 0.2452458040
0.2503275859 0.5005921919
0.5750051992 0.2430643483
