0.0368359731 0.8984831265
0.9725261565 0.0231506788
0.1828158542 0.7206318967
0.2801620025 0.4871419071
0.9472120015 0.0410266659
0.7486604760 0.1383603369
0.4149547424 0.3597011798
0.6136380175 0.3169184734
0.3037348894 0.4634056702
0.7037529083 0.1668104941
0.6277802808 0.2121541709
0.1822653377 0.7206906922
0.0910782246 0.7211261474
0.0370582026 0.8145610448
0.3702516754 0.4016901718
0.3702516754 0.4016901718
0.6136458120 0.2322278216
0.6136453893 0.2925265482
0.6136380175 0.3169184734
0.6136422123 0.3119379611
0.3870117073 0.3828351173
0.6136453893 0.2925265482
0.4028514694 0.3667421006
0.7317521529 0.1480364663
0.0672615786 0.7463014437
0.7145854195 0.1558447004
0.0842957990 0.7217713494
0.7348453336 0.1436321294
0.0637648040 0.7594859402
0.7106505140 0.1596565098
0.6136855521 0.2245559266
0.0587490047 0.7624232987
0.7419155024 0.1430640285
0.9525752284 0.0273120776
0.3901441683 0.3776131447
0.2931278683 0.4637937960
0.0685697042 0.7417941414
0.9653581760 0.0232432729
0.9497601368 0.0318181897
0.3704223976 0.3956609458
0.0565344291 0.7658270736
0.2805529923 0.4802205116
0.9473369528 0.0347896412
0.3989063081 0.3725284386
0.0435555930 0.8001077375
0.3933123362 0.3758963727
0.0530311108 0.7811422581
0.7433816606 0.1386157858
0.2898423949 0.4676200599
0.0469385555 0.7965936253
0.0741135184 0.7310589459
0.2993730093 0.4637933123
0.6151032609 0.2191692304
0.9559570766 0.0237031408
0.4085474652 0.3624623504
0.0741249291 0.7293833430
0.4082576218 0.3633206587
0.7100013072 0.1651390861
0.2854767751 0.4683042169
0.6277802808 0.2121541709
0.6202525339 0.2146496050
0.6202525339 0.2146496050
0.7244281464 0.1503936110
0.0470746701 0.7885704499
0.0715042599 0.7377945918
0.0640067674 0.7534532561
0.0782517643 0.7242262377
0.0776899505 0.7246627654
0.2822518918 0.4741944136
0.3723314718 0.3913494172
0.3978555261 0.3735613975
0.3794099538 0.3889259759
0.0395595817 0.8039256460
0.3794099538 0.3889259759
0.6136458120 0.2322278216
0.7210323585 0.1543897860
0.2822518918 0.4741944136
0.7062647375 0.1651438217
0.0640067674 0.7534532561
0.2802830284 0.4840726867
0.7210425102 0.1542006487
0.0540896974 0.7701797440
0.0910249823 0.7212027372
0.7244281464 0.1503936110
0.0391767711 0.8041131038
0.9686701848 0.0231840644
0.9549797234 0.0237121691
0.0715042599 0.7377945918
0.6150449297 0.2200810625
0.0451416424 0.7976578105
0.0540657804 0.7705737162
0.0479890944 0.7822858013
0.3768204466 0.3897593559
0.0381588336 0.8094965626
0.0534989029 0.7762851967
0.0372879936 0.8131597093
0.0477361947 0.7827610942
0.3746989219 0.3908548914
0.0534989029 0.7762851967
0.0474611717 0.7878810352
