0.0000064353 1.0044469942
0.8154198923 0.1034762130
0.6403379707 0.2169159767
0.6333787823 0.2679608098
0.7345736404 0.1607362518
0.5622159530 0.2834717644
0.7345736404 0.1607362518
0.8043577349 0.1183246325
0.1349581452 0.6444738958
0.7809802328 0.1280054968
0.4966639447 0.3083327270
0.3483261871 0.4385801824
0.1075745800 0.6799536640
0.4586837033 0.3413746995
0.3636183702 0.4145785743
0.6334019277 0.2379275811
0.2788006214 0.4868897194
0.1452883274 0.6307942264
0.3023588947 0.4605053569
0.0523566256 0.7783335425
0.3564767849 0.4263606591
0.5261592057 0.2856871175
0.2040763836 0.5737164505
0.2274911853 0.5369359326
0.0922565134 0.7040320689
0.5365500444 0.2842554907
0.1531997507 0.6230382388
0.1215719244 0.6600436569
0.7665382249 0.1283761671
0.7463258495 0.1423866880
0.4386769091 0.3622279046
0.0655895503 0.7483512902
0.1196489886 0.6647426177
0.4182129142 0.3747420893
0.4206644595 0.3649939419
0.2074308717 0.5630994027
0.0221681393 0.8656030505
0.1888721479 0.5815255829
0.3183841869 0.4533025323
0.3019377277 0.4764857241
0.4743199238 0.3264474431
0.2656278068 0.5198598319
0.2358479542 0.5355386903
0.0032788413 0.9457424115
0.0238767984 0.8529717006
0.7358120837 0.1520802871
0.0754313404 0.7329593306
0.3769404525 0.4035456707
0.0138383005 0.8972084000
0.0852932685 0.7142825124
0.4487387329 0.3441804398
0.0815820422 0.7223990816
0.4456937486 0.3569751843
0.3277388202 0.4449226684
0.6356122786 0.2254659893
0.5085487406 0.2931588228
0.0284977080 0.8341282467
0.5583457498 0.2836958276
0.8091554161 0.1036450337
0.5085820003 0.2931424779
0.1843256870 0.5858076574
0.2146403051 0.5505234187
0.0698506073 0.7403343693
0.0160341082 0.8783708668
0.2947153312 0.4848470454
0.4005528186 0.3981792603
0.1783886515 0.5968617538
0.4019762614 0.3795452653
0.2491549438 0.5287723277
0.4900098423 0.3235075069
0.1697287075 0.6009910548
0.0016774441 0.9651687173
0.0268407965 0.8393306901
0.2491549438 0.5287723277
0.0616940890 0.7668998182
0.0347681523 0.8204718468
0.0005813991 0.9906361124
0.0465888349 0.7925431104
0.0074535816 0.9210065903
0.0402202221 0.8066343074
0.0614161706 0.7669222427
0.2146403051 0.5505234187
0.1604970579 0.6100519956
0.1003699863 0.6926118882
0.7463258495 0.1423866880
0.0148889329 0.8835125737
0.0024842461 0.9589540897
0.1003971899 0.6916065562
0.0468566076 0.7919105006
0.3944741668 0.3993709383
0.4895834337 0.3254721063
0.4014107443 0.3812269531
0.2703600643 0.5079494199
0.1605730296 0.6096881072
0.0351855192 0.8184800763
0.3769404525 0.4035456707
0.3239379062 0.4511826117
0.0052300507 0.9302537463
0.0399867946 0.8071742400
0.0009645951 0.9816145779
