0.2817481434 0.5726076750
0.7409207113 0.2030153263
0.3462445618 0.4376656531
0.6282093191 0.3017641901
0.7409207113 0.2030153263
0.3250516439 0.4512121037
0.2817481434 0.5726076750
0.6282093191 0.3017641901
0.6282093191 0.3017641901
0.6282093191 0.3017641901
0.3397123978 0.4376989894
0.3448947930 0.4376673160
0.3462445618 0.4376656531
0.3448947930 0.4376673160
0.3372650381 0.4388077740
0.3378146761 0.4381428941
0.3302369757 0.4444159010
0.3331931888 0.4425536037
0.3253825365 0.4496601493
0.3298415349 0.4446315218
0.3277064208 0.4467391206
0.3303698531 0.4441395040
0.3264956191 0.4478590413
0.3349931308 0.4402808016
0.3296786223 0.4448361868
0.3280295909 0.4460849455
0.3273315556 0.4471705920
0.3339426988 0.4416028504
0.3361603446 0.4394853690
0.3275812440 0.4470016388
0.3261334019 0.4482206493
0.3361475110 0.4398827035
0.3282556713 0.4458951603
0.3359641800 0.4400219838
0.3260119002 0.4486802421
0.3345336643 0.4405798549
0.3364346873 0.4393769677
0.3337379650 0.4424566292
0.3262527134 0.4481786059
0.3375578676 0.4383917607
0.3252658200 0.4501734354
0.3268552165 0.4474164911
0.3310263187 0.4435673816
0.3342297477 0.4410400100
0.3268558530 0.4471728955
0.3306396637 0.4438462723
0.3338247593 0.4419893402
0.3253439949 0.4499023983
0.3351097919 0.4402289946
0.3255835404 0.4492216431
0.3384536717 0.4379410289
0.3323781944 0.4426988981
0.3319265264 0.4428934601
0.3251364144 0.4507395240
0.3369073318 0.4389636273
0.3365426613 0.4391240044
0.3292724332 0.4449841753
0.3250587171 0.4512010478
0.3340431801 0.4412808163
0.3259003487 0.4487062545
0.3306254136 0.4438683946
0.3278564513 0.4463582766
0.3394854865 0.4377187613
0.3289022609 0.4455203465
0.3355072305 0.4401088148
0.3316744566 0.4431703151
0.3316803082 0.4431003984
0.3345334837 0.4405821072
0.3377505685 0.4383072271
0.3355408556 0.4400834631
0.3290550585 0.4452011232
0.3384536717 0.4379410289
0.3369784312 0.4389224923
0.3290215455 0.4452313410
0.3327787224 0.4425931376
0.3311074287 0.4434830365
0.3312791723 0.4432655035
0.3323897858 0.4426934487
0.3257558907 0.4489900700
0.3387558523 0.4378814837
0.3337932247 0.4420927912
0.3278564513 0.4463582766
0.3337660420 0.4423552814
0.3319260095 0.4428975929
0.3340013613 0.4413890358
0.3266279038 0.4476278312
0.3289022609 0.4455203465
0.3392706872 0.4378394992
0.3255835404 0.4492216431
0.3286235504 0.4458695795
0.3342943632 0.4408513076
0.3252151012 0.4504445529
0.3388681446 0.4378542036
0.3257558907 0.4489900700
0.3312558300 0.4432779768
0.3391529987 0.4378457670
0.3266270782 0.4476299749
0.3251990842 0.4504866862
0.3292724332 0.4449841753
0.3342943632 0.4408513076
