0.0204616478 1.0399208990
1.0418677932 0.0305311009
0.0522839040 1.0259643492
1.0072281398 0.0843223192
0.1207788520 1.0243070273
0.4674572717 0.8431330113
0.4358090411 0.8860582817
0.8418349385 0.3910802719
1.0214646108 0.0414093851
0.6553142950 0.6528485548
0.6229972350 0.6907956595
0.4074251887 0.8969147263
0.5546152861 0.7815243065
0.8873025032 0.3175959296
0.8729847123 0.3285092444
0.7520164307 0.5311226043
0.5872905096 0.7248599111
0.7652754889 0.5030571034
0.4872942810 0.8277593727
0.4544082336 0.8630021713
0.9967230024 0.1208810537
0.7815737118 0.4865010080
0.9105467840 0.2684125228
0.9032131619 0.3048455162
0.3337897756 0.9486489241
0.5361046053 0.7826191038
0.8092658363 0.4281289609
0.2124013783 1.0029183850
0.0255668336 1.0363712739
0.3653045561 0.9225709470
0.1678985539 1.0164132252
0.8279511539 0.4051809975
0.3861122654 0.9182896727
0.1337566740 1.0179004031
0.9258806636 0.2516425356
0.7925057313 0.4532840497
0.7980871505 0.4448357948
0.4482986289 0.8732688786
0.7625180808 0.5186889002
0.6196575511 0.7082490674
0.3529074707 0.9293696873
0.6850217916 0.6165005910
0.9585032014 0.1923883509
0.5015314155 0.8273373072
0.2877148337 0.9742561895
0.3486363861 0.9469525856
0.3084840597 0.9537576521
0.9490366718 0.2086826708
0.2394327607 0.9995002645
0.2533420385 0.9859732173
0.9890423463 0.1369121885
0.8508417134 0.3702603789
0.6648079905 0.6422461700
0.6387533181 0.6717844276
0.7255619674 0.5624259167
0.1563687646 1.0166186361
0.6385548200 0.6721174570
0.7151074283 0.5627854660
0.9334014701 0.2260465622
0.6874886966 0.5979499757
0.5829551109 0.7433092234
0.9335774475 0.2254495393
0.7350145355 0.5444883671
0.8603575719 0.3440448320
0.9213573472 0.2568561788
0.6954165401 0.5933691085
0.2594693855 0.9821394413
0.5724504133 0.7435432694
0.9794681599 0.1423184471
0.1905982480 1.0067591267
1.0348609862 0.0328523209
0.3016966558 0.9661921794
0.7141867016 0.5854010384
0.2316194145 1.0018695461
0.6728881010 0.6242856093
0.5665103731 0.7584066389
0.8585990688 0.3467347993
0.7862465805 0.4755713889
0.6088698956 0.7178371129
0.9636921059 0.1768005862
0.5191936867 0.7945334880
0.7335820774 0.5454229335
0.9768398584 0.1561326182
0.9076634696 0.2907451474
0.3995887819 0.9132737651
0.5665103731 0.7584066389
0.7073359563 0.5856588660
0.9724179631 0.1620939759
0.5138373452 0.8150614799
0.1905982480 1.0067591267
0.6727576790 0.6337587333
0.8156667564 0.4163612287
0.9539108390 0.2075870557
0.8522173523 0.3649723485
0.5134915881 0.8152257877
0.4004106039 0.9056927137
0.9954457193 0.1210318514
0.9637195540 0.1695835140
0.8194510127 0.4124408780
0.2877269495 0.9718361656
