0.0003695103 0.9997100526
1.0000064331 0.0000048896
0.5695194939 0.4614935951
0.8020192337 0.1995996877
0.9217552945 0.0888400191
0.8369359308 0.1774747753
0.9405453478 0.0695862114
0.9997404526 0.0029056688
0.9997404526 0.0029056688
0.9405453478 0.0695862114
0.3185493959 0.6869287353
0.4361436520 0.5745366358
0.2726712038 0.7335899780
0.0754614570 0.9245999000
0.0624198988 0.9383105960
0.1612647332 0.8401040310
0.5433651661 0.4702626098
0.0410811573 0.9589714397
0.0846375508 0.9154312010
0.5080683321 0.5015010949
0.4490035889 0.5672024116
0.1924472305 0.8077664183
0.3337493657 0.6749145002
0.2577615586 0.7429618181
0.2358588225 0.7653477094
0.8204157516 0.1839877171
0.5200247628 0.4967250946
0.4230141711 0.5815410578
0.4736736099 0.5477793882
0.3755952741 0.6518917648
0.0098689257 0.9901696564
0.0244179199 0.9756349676
0.3098729517 0.6950474712
0.9225267918 0.0791042007
0.0683572567 0.9344951988
0.4023179643 0.6065784103
0.2003908235 0.8039370006
0.4177170113 0.5854451179
0.8166731976 0.1869773208
0.4727651669 0.5570630296
0.1826916828 0.8174427794
0.1538306439 0.8463643753
0.1370118026 0.8671893414
0.4886863622 0.5181957894
0.5236717189 0.4829227709
0.1809950854 0.8217960392
0.3756977720 0.6369019267
0.1180960554 0.8819727839
0.1035478707 0.8964982258
0.8369359308 0.1774747753
0.4868366011 0.5200056550
0.4638359290 0.5636260496
0.2054783653 0.7946248349
0.3831950734 0.6243519338
0.2451207387 0.7555143619
0.4817959888 0.5342914125
0.4810463169 0.5360980612
0.2855671695 0.7168030803
0.2096328270 0.7905034913
0.0495982640 0.9504423129
0.1708017613 0.8292518688
0.4980196683 0.5065112486
0.2996606277 0.7098802778
0.0495982640 0.9504423129
0.5560051062 0.4631293324
0.2224273336 0.7779615059
0.3539826446 0.6622001035
0.3666026995 0.6570003928
0.1226517078 0.8774063664
0.2789214181 0.7243556640
0.8075761513 0.1969592523
0.1401419252 0.8599997231
0.2547064196 0.7460006711
0.5338952001 0.4732981911
0.0003695477 0.9996848850
0.0098637352 0.9901841065
0.3919058584 0.6204300167
0.2264861343 0.7745176054
0.4106330656 0.5951472704
0.4581357835 0.5651217128
0.0330463144 0.9670046151
0.4106330656 0.5951472704
0.5231197602 0.4869344514
0.3978219015 0.6090712516
0.0244179199 0.9756349676
0.1708017613 0.8292518688
0.9319402750 0.0720962807
0.2419597662 0.7596533209
0.0334776577 0.9665977050
0.0918544888 0.9082540662
0.5560051062 0.4631293324
0.1480024499 0.8522739972
0.4980196683 0.5065112486
0.3427583570 0.6733277074
0.0996135414 0.9013343504
0.1109533639 0.8891211522
0.3441886755 0.6669104112
0.0917928716 0.9089871403
0.1277485146 0.8723117749
0.1109538007 0.8890952242
