0.9764052920 0.9313089519 0.0000685097
0.0000064047 0.0119514161 1.0834545046
0.0868714767 0.0000083868 1.2645923022
1.4803774923 0.7174429238 0.1696374823
1.1579144663 0.7963894005 0.0220749309
1.1083451701 0.8567615449 0.0006058852
0.1575370428 0.1888370437 0.8313313507
0.6071715960 0.2320677152 0.8171699968
1.4506159207 0.8091356423 0.0161832270
0.4681204902 0.1478944490 0.8862026366
0.6712257643 0.0655644398 0.9706726049
0.9874526941 0.9310108217 0.0000727725
1.1950246641 0.4936550895 0.3985273790
0.2783142565 0.3141129191 0.6745529836
0.8850429157 0.3697770032 0.6027916441
0.0208076267 0.0011255119 1.1557540706
1.2481120078 0.7737902143 0.0662769779
0.4611463033 0.8815295685 0.0002311678
0.1234305793 0.2642334836 0.7716221726
0.7074922369 0.7337109139 0.1200008320
1.2924848358 0.3726472102 0.5839021092
0.3902793022 0.3998078893 0.5591716595
0.0636253682 0.1435761126 0.9190286281
0.2243475398 0.6936888176 0.2258940541
0.2629990762 0.3361728739 0.6524549491
1.0625773148 0.7561822795 0.0864201374
0.8103591259 0.7009169224 0.2092365882
0.1510140291 0.3720907665 0.7200238151
0.3135285871 0.2921087411 0.7637312002
0.1170327301 0.2916833749 0.8097951030
1.3065892852 0.4897754479 0.4084466562
0.9265572048 0.4593930887 0.4697725843
0.3453109236 0.2755624815 0.6938896700
0.7563818712 0.4998383238 0.4013122437
0.4281515188 0.3859801512 0.6260490991
1.3646961197 0.4316479223 0.5009170888
0.2382895082 0.3494898058 0.7139940466
0.5422051661 0.7310482471 0.1354549506
0.3052647680 0.4191349368 0.5445102729
0.2145769275 0.2498220962 0.8134787174
1.1260766768 0.5672736374 0.3398565909
0.7398689238 0.6487081179 0.2546546021
1.1373520546 0.5279765605 0.3775121415
0.6806000108 0.6396075951 0.2672497974
0.5609438046 0.4558321452 0.4845307786
0.3807487798 0.6658352496 0.3920525421
0.5106681127 0.7752602150 0.0514451991
0.4568634169 0.5527159562 0.4302637848
0.6415431230 0.4466693617 0.5256206843
0.8465428922 0.5965907159 0.3215107398
0.5106681127 0.7752602150 0.0514451991
0.2287400730 0.6739998492 0.2162154005
0.1825973284 0.2383946056 0.8175145405
0.2192148022 0.7481555210 0.1552387001
1.3699408513 0.7032939757 0.1852273202
0.1801813594 0.0000153309 1.2347306292
0.1786044771 0.1720805031 0.8549294447
1.0114809752 0.7636567660 0.0730421086
0.0820951297 0.0935145054 0.9273896066
0.8659221787 0.6128068151 0.2658603271
0.3816398616 0.1172875988 0.9078234614
0.0517894203 0.0001935459 1.1020376962
0.9052727162 0.5963666961 0.3299586535
0.4222853482 0.6307277591 0.2942317836
0.6313572468 0.4708445314 0.4345234273
0.6456221601 0.3775731117 0.5979280015
0.4180518293 0.8183723884 0.0007417415
0.1587873897 0.0057242446 1.0479656129
0.4480203044 0.6074707603 0.3005559381
0.2499979602 0.3369852384 0.6268958105
0.1771329866 0.0804076716 0.9423821709
0.4035709518 0.3071385382 0.6454405546
0.0896765604 0.0001714642 1.2569778711
0.1171573292 0.1644733857 0.8660749099
0.4582471101 0.0422101013 0.9771540603
0.2915303593 0.4293452317 0.5443978545
0.3226584667 0.0356734421 1.0097082024
0.0207378732 0.0024613511 1.1941646016
0.0000064047 0.0119514161 1.0834545046
0.8190719889 0.7034061046 0.2005677368
0.0050861479 0.1189245303 1.0337399270
1.3260006694 0.5072333101 0.3953885653
1.4135812991 0.5207245707 0.3899201293
1.4135812991 0.5207245707 0.3899201293
1.2576787827 0.5386869175 0.3557420117
0.0213086509 0.0009316793 1.1893101762
0.5422457270 0.5005027452 0.4465097703
1.0124466788 0.8724778952 0.0000767898
0.5533312813 0.3994166746 0.5303608688
0.9180926691 0.4688820150 0.4651402093
0.0339593803 0.0411801786 1.0100771633
0.4049689896 0.5836474606 0.4927369153
0.4128692936 0.6223373369 0.3843387635
0.0416631408 0.0906490458 0.9282684300
0.7107513394 0.0363220423 0.9976530368
0.0021381219 0.1190082535 1.0830566656
0.8292097584 0.1185359275 0.8971818817
0.6103614094 0.5737599333 0.3493773176
1.0474538634 0.7196259779 0.1916423845
0.7160338978 0.6016416954 0.2974656341
