0.0000000000 0.9999996456
0.9999999971 0.0000000015
0.6328840974 0.2044599052
0.8099297534 0.1000390430
0.0170294532 0.8695030945
0.4390481818 0.3373931560
0.5901973766 0.2317569807
0.0243244808 0.8440371700
0.1511064175 0.6112759240
0.6545351167 0.1909665660
0.5079821808 0.2872713149
0.1176168635 0.6572239583
0.2547908858 0.4952318702
0.7583394357 0.1291731435
0.2747483121 0.4758389556
0.3169258513 0.4370423416
0.2924529882 0.4592107836
0.0015822245 0.9602228870
0.0282845242 0.8318199768
0.0564518676 0.7624040218
0.0354033932 0.8118421208
0.9333578837 0.0338955222
0.0074663790 0.9135918624
0.0004510871 0.9787612873
0.0631430492 0.7487172414
0.0701472073 0.7351468353
0.6616591787 0.1865756592
0.1741648459 0.5826693938
0.1101130096 0.6681672006
0.3615399291 0.3987243476
0.4841106879 0.3042196296
0.4092736299 0.3602551295
0.3272262190 0.4279631039
0.1290345142 0.6407862651
0.9724547579 0.0138688041
0.9579858324 0.0244319068
0.5409441588 0.2645109548
0.8626482540 0.0714538455
0.7256446520 0.1481522315
0.6146817850 0.2159835646
0.8744393295 0.0648853970
0.1018222743 0.6809040126
0.6974639099 0.1648569706
0.8311747558 0.0883121418
0.7788034215 0.1175016175
0.5795192109 0.2387384365
0.0957853699 0.6905078973
0.2037377473 0.5486268469
0.9470656542 0.0268271151
0.0106129887 0.8969806466
0.4207862501 0.3513196100
0.5278020430 0.2735003112
0.3376771662 0.4189032628
0.6796455368 0.1755938432
0.6093678939 0.2193798072
0.0492788799 0.7780115533
0.0886597953 0.7022420563
0.7689160159 0.1231214466
0.3980778164 0.3690661613
0.3476855822 0.4103522461
0.1821982174 0.5731532413
0.5503021156 0.2581765100
0.4554825568 0.3251979626
0.2623168686 0.4878313101
0.4685500904 0.3154929647
0.0045276886 0.9327119655
0.1638702537 0.5951911383
0.6822522535 0.1740151649
0.5693188164 0.2454678319
0.7953081429 0.1081994967
0.4951887123 0.2963036955
0.2159549373 0.5352904867
0.3040576137 0.4485955475
0.0772865911 0.7219953450
0.4724115340 0.3126781773
0.1429688069 0.6218880501
0.8471530094 0.0795908580
0.7918408571 0.1101456221
0.9020351145 0.0502447085
0.7050509889 0.1603268619
0.1903529346 0.5637058197
0.8330925314 0.0872609846
0.2287940556 0.5216757993
0.2696981332 0.4806754115
0.2236629357 0.5270698649
0.0837449934 0.7106127935
0.3898642286 0.3756089389
0.0397580700 0.8006057514
0.8499321293 0.0780823927
0.7411591456 0.1402167121
0.8868394410 0.0582784746
0.7287176461 0.1463504296
0.7411591456 0.1402167121
0.1638702537 0.5951911383
0.0037509062 0.9387553705
0.5278020430 0.2735003112
0.4507432265 0.3286260946
0.5004514923 0.2925779405
0.0420819027 0.7948613469
0.9814317800 0.0093276161
