1.0000000000 0.0000000000
0.0000000000 0.9999999789
0.5329081922 0.2699943890
0.2703263934 0.4800708003
0.4724867590 0.3126232831
0.5039027306 0.2901389421
0.9803759183 0.0098606596
0.7892448271 0.1116054798
0.1742475654 0.5825702887
0.9050207277 0.0488972769
0.6606552683 0.1871929706
0.6896859967 0.1695266442
0.0087378473 0.9065235573
0.1488999672 0.6141244192
0.0858731179 0.7069588479
0.2514191007 0.4985829106
0.2129965371 0.5384845250
0.5932396394 0.2297794873
0.1875995478 0.5668723692
0.1366855809 0.6302898697
0.7706069164 0.1221578279
0.9415110718 0.0296850773
0.6125472610 0.2173460170
0.1576370682 0.6034831677
0.7022148111 0.1620174193
0.0942550059 0.6930061118
0.3054876537 0.4472906280
0.2837890100 0.4683821499
0.1988209884 0.5541065351
0.5532189855 0.2562130788
0.8038059484 0.1034477462
0.3730602119 0.3892136311
0.0370598236 0.8074907307
0.0629055684 0.7491901762
0.0322065806 0.8205380951
0.5426062471 0.2633818951
0.4163255625 0.3555781038
0.4309941476 0.3434985612
0.8525407232 0.0766686845
0.3174040259 0.4366137945
0.0043473858 0.9340652942
0.0280260259 0.8325902489
0.3312921755 0.4244201410
0.0055170662 0.9257230456
0.9231593852 0.0391881713
0.2283152811 0.5234291391
0.9492424413 0.0257092732
0.4553462096 0.3252065451
0.2941646981 0.4576754655
0.7393416804 0.1401502234
0.7571097999 0.1298794375
0.2249131041 0.5257499649
0.4480931095 0.3306024297
0.8624833176 0.0713002037
0.2048899180 0.5473523323
0.0131578701 0.8852922448
0.8408976822 0.0829952670
0.1087407429 0.6702413888
0.0558109880 0.7637565072
0.8719820994 0.0662001827
0.1797586694 0.5760204419
0.8814263918 0.0611568902
0.7438994041 0.1375039802
0.3846312448 0.3798135441
0.0006542366 0.9744219512
0.0707220025 0.7340639171
0.9644554803 0.0179330579
0.5003210091 0.2926662695
0.7149684494 0.1544419355
0.3521992384 0.4065364231
0.2404999342 0.5095920752
0.0177684366 0.8667017031
0.6438248029 0.1976130626
0.0419389032 0.7952101101
0.0463957851 0.7846193543
0.4016269896 0.3662595347
0.6471868994 0.1955207281
0.7244715810 0.1488410412
0.0192513472 0.8612507903
0.4881264052 0.3013395675
0.9137775904 0.0440828756
0.4881264052 0.3013395675
0.1239165231 0.6479822181
0.0139379714 0.8819408169
0.1166258487 0.6602143818
0.3884488561 0.3770273859
0.9624004832 0.0189798765
0.3137145452 0.4399117663
0.0522853012 0.7713402078
0.6312683965 0.2054760258
0.0020278691 0.9549681469
0.3346075284 0.4215473000
0.1003114778 0.6832801627
0.2490825714 0.5009182722
0.6594649653 0.1879255186
0.0020278691 0.9549681469
0.8814263918 0.0611568902
0.1027331700 0.6794798521
0.0780906417 0.7205613486
0.7633900807 0.1262780379
