0.0000000000 1.0000000000
1.0000000000 0.0000000001
0.2106693933 0.9556184079
0.8320036482 0.3077786752
0.8505064605 0.2766387614
0.3616014613 0.8692443838
0.5628904364 0.6831543584
0.8068069956 0.3490624722
0.7949639820 0.3684704989
0.3350147599 0.8877651107
0.7717499063 0.4044020860
0.5431270770 0.7050129820
0.9779024329 0.0437068319
0.8918316670 0.2046404037
0.9137753548 0.1650700063
0.5950505968 0.6459147909
0.8208921255 0.3261361199
0.0786299667 0.9938173291
0.6500185832 0.5774760659
0.6105095606 0.6272780769
0.1722930964 0.9703150895
0.7335367354 0.4619238580
0.4281859354 0.8166568051
0.9686381245 0.0617401857
0.1048223464 0.9890122757
0.8847880967 0.2171500241
0.9010940840 0.1880294526
0.4085126470 0.8331174177
0.4392186578 0.8070869708
0.6655605838 0.5570291097
0.9300136417 0.1350746265
0.9410377532 0.1144479480
0.9048266727 0.1812886935
0.2744414625 0.9246818843
0.6886925097 0.5257026273
0.5155804042 0.7341768471
0.4487897467 0.7985877635
0.6775449601 0.5409328280
0.2314517526 0.9464300864
0.7407382784 0.4513068068
0.8566956445 0.2660725729
0.9502679582 0.0969908080
0.3817209428 0.8542950427
0.5815824979 0.6617617984
0.1315177131 0.9827030912
0.0212841199 0.9995469863
0.7791226935 0.3929678305
0.2868047503 0.9177486282
0.4572894365 0.7908863726
0.7876567269 0.3795994726
0.0689984133 0.9952393038
0.6745033754 0.5450451979
0.1689392795 0.9714595202
0.3254263684 0.8940976791
0.5268926864 0.7223840972
0.1262470121 0.9840616921
0.1100860610 0.9878810596
0.7464684297 0.4427873742
0.2934895724 0.9138639779
0.3166337364 0.8997430771
0.4988357286 0.7511629159
0.9921830924 0.0156248047
0.3033591470 0.9080947536
0.9285645745 0.1377678408
0.5731470571 0.6715025632
0.4055522262 0.8355273927
0.8642471050 0.2530769422
0.1506488305 0.9773049316
0.7238783704 0.4760001057
0.4702280316 0.7788855984
0.4768948610 0.7725712921
0.4639490274 0.7847513000
0.2406261874 0.9420990380
0.6408835459 0.5892682810
0.5097143926 0.7401912383
0.2499400332 0.9376567068
0.1512502339 0.9771233679
0.9841104570 0.0315266087
0.5328456947 0.7160754658
0.9635250202 0.0716195372
0.7249186355 0.4744929722
0.8140753119 0.3372813870
0.9948519319 0.0102696336
0.0301297299 0.9990921995
0.9209954936 0.1517674359
0.8714829684 0.2405174367
0.9451549997 0.1066820266
0.7604701979 0.4216850782
0.7146106859 0.4893317702
0.3738504140 0.8602358684
0.3937557906 0.8449563778
0.9565956672 0.0849247296
0.0535195364 0.9971356592
0.5697093114 0.6754313006
0.7837305374 0.3857664449
0.5033642022 0.7466244803
0.3095633589 0.9041705270
0.7550889077 0.4298407416
0.6923657485 0.5206296712
0.5405179551 0.7078403403
