0.0000000000 1.0000000000
1.0000000000 0.0000000000
0.4128560916 0.8295498488
0.5415162871 0.7067601109
0.8451521996 0.2857177595
0.6621727221 0.5615272866
0.8930661833 0.2024327930
0.8296014716 0.3117613984
0.6434398360 0.5859851774
0.9347365908 0.1262675100
0.5175959678 0.7320945507
0.2200773202 0.9537739996
0.4330394085 0.8124768713
0.2717201193 0.9261681768
0.9713526811 0.0564739920
0.0271619621 0.9992622279
0.6246861604 0.6097672011
0.6939707701 0.5184045716
0.9588391421 0.0806275088
0.8550312003 0.2689216823
0.7032882818 0.5053860223
0.2483524488 0.9383210666
0.2421964026 0.9413409026
0.3334075345 0.8888394181
0.7889688366 0.3775282139
0.7345516166 0.4604339226
0.6356832420 0.5959068158
0.8086526754 0.3460808506
0.6141260955 0.6228491544
0.8686685769 0.2454149036
0.8824584096 0.2212671555
0.9828814876 0.0339439814
0.3536714615 0.8749165101
0.9476686822 0.1019240690
0.9270860347 0.1405114842
0.1803314413 0.9674805713
0.9059437873 0.1792658544
0.7972413249 0.3644062891
0.0558973027 0.9968754917
0.0620123583 0.9961544675
0.3934381069 0.8452064561
0.5962888756 0.6444395776
0.8622923629 0.2564518809
0.9653881078 0.0680258014
0.5720564366 0.6727514396
0.1483664656 0.9779873919
0.4983860875 0.7516113082
0.3420096432 0.8830294040
0.8196236640 0.3282170496
0.6060366357 0.6327195976
0.4902850351 0.7596205850
0.3650321305 0.8667515437
0.6835272183 0.5327905423
0.7127229990 0.4920259277
0.6721184956 0.5482567279
0.1357525028 0.9815712580
0.5819065944 0.6613858093
0.3005195242 0.9096880157
0.7564584375 0.4277706399
0.5647887550 0.6812147271
0.3778469335 0.8572316949
0.7693626124 0.4080811707
0.7435919940 0.4470709483
0.0890165274 0.9920760584
0.8036314062 0.3541765641
0.4713768522 0.7778038636
0.9969497340 0.0060912524
0.9494125530 0.0986158043
0.7263375078 0.4724338568
0.4520022367 0.7956940055
0.1226675055 0.9849526831
0.5571431338 0.6895915443
0.8215515458 0.3250530576
0.8774429626 0.2300938474
0.3157750954 0.9002860892
0.7263375078 0.4724338568
0.9903834149 0.0191407233
0.4595010091 0.7888588230
0.3920794813 0.8462736848
0.3157750954 0.9002860892
0.3023083876 0.9086096388
0.7477992512 0.4407963552
0.7738472384 0.4011604517
0.9221710640 0.1528186519
0.2821699205 0.9203801360
0.2044750408 0.9581899586
0.4652705906 0.7835232782
0.7127229990 0.4920259277
0.7616070288 0.4199547439
0.4409442463 0.8055681717
0.1628230845 0.9734886436
0.7804577875 0.3908856420
0.1912936455 0.9634067412
0.5989753116 0.6412285761
0.5816161842 0.6617226440
0.2821699205 0.9203801360
0.4449192044 0.8020469016
0.1628230845 0.9734886436
0.5136969140 0.7361154891
0.4814520125 0.7682039599
