0.0000000028 0.9999470007
0.8518223460 -0.7733689657
0.8233346856 -0.4583223480
0.4538885784 -0.1242184353
0.6525087568 -0.4582633229
0.6183982431 -0.1242437299
0.4093138295 0.2421590151
0.2577622965 0.2421610855
0.1822288497 0.6696516879
0.0830064412 0.6696523578
0.8282173647 -0.5518070776
0.6347876105 -0.3603996311
0.8303487172 -0.5883074309
0.2246926635 0.3686421432
0.2156879764 0.4335270524
0.1891702611 0.6281891179
0.4129724044 0.1936882296
0.8368316561 -0.6810227525
0.0695242198 0.6794747633
0.2045841975 0.5183283342
0.4294316798 0.0018339069
0.8415072549 -0.7290696996
0.6213009295 -0.1736502663
0.0022447139 0.9524634239
0.8264347632 -0.5192002206
0.6314203952 -0.3214968608
0.4110798704 0.2186264906
0.2077075446 0.4944463681
0.8254728795 -0.5008595009
0.4427024590 -0.0964780692
0.4409059785 -0.0745034648
0.0216018704 0.8394639566
0.6199457135 -0.1509053654
0.2412955323 0.2764520479
0.4150418058 0.1668520527
0.4474822481 -0.1150242925
0.8455886233 -0.7570401453
0.4228713476 0.0713493232
0.1971193709 0.5738332257
0.4178279474 0.1316305927
0.6275484563 -0.2699910256
0.0291937500 0.8059940596
0.0123842881 0.8840221697
0.1943764642 0.5932803954
0.6251997589 -0.2355443496
0.8239007643 -0.4698135289
0.4321791998 -0.0236022483
0.2458024135 0.2605470961
0.0585110017 0.7016776503
0.0638644701 0.6893842388
0.2202530225 0.3998149964
0.0088398492 0.9035560294
0.8342336919 -0.6473393443
0.8318464382 -0.6115271746
0.2202530225 0.3998149964
0.2371303711 0.2950282744
0.0464545179 0.7383002593
0.0512871371 0.7222881569
0.4362037538 -0.0563269500
0.0356318308 0.7791730298
0.6297589126 -0.3002409754
0.0830064412 0.6696523578
0.0155622634 0.8679422634
0.2276857793 0.3488419853
0.4216908065 0.0849956766
0.0055338750 0.9246917092
0.0539242254 0.7142691434
0.6434402414 -0.4319725582
0.0440245925 0.7469284619
0.6230474295 -0.2020576512
0.6282011332 -0.2791492487
0.8430546243 -0.7412455859
0.4202061457 0.1025794951
0.2016964240 0.5401494812
0.6424814265 -0.4261913818
0.4254594541 0.0425712411
0.2102837368 0.4746716130
0.0403645347 0.7605614562
0.2289697556 0.3407039864
0.2330900189 0.3162409036
0.0006497073 0.9744973824
0.6185409391 -0.1267314557
0.2353480709 0.3040206773
0.1874210653 0.6392305590
0.2504823344 0.2490643201
0.0388425940 0.7664340180
0.8359931162 -0.6706787838
0.6401213603 -0.4058791759
0.6477020776 -0.4508144327
0.8342917382 -0.6481440961
0.0209881211 0.8422696485
0.0077528685 0.9165593150
0.2109751158 0.4693699853
0.6385108242 -0.3964365769
0.1848931767 0.6545000693
0.8317829920 -0.6112641814
0.6242624685 -0.2211776656
0.2129982874 0.4539013217
0.2136477065 0.4489578791
0.6370646311 -0.3833448131
