0.8518400712 -0.7733689904
0.0000000000 1.0000000000
0.4538810956 -0.1242184445
0.8233361213 -0.4583516950
0.6183972951 -0.1242271826
0.6525119749 -0.4582633256
0.2577619308 0.2421610855
0.4093195806 0.2420820534
0.1822363040 0.6696107065
0.0829999378 0.6696523567
0.6333227905 -0.3441843229
0.6461959953 -0.4454502398
0.8257724923 -0.5066260652
0.0127404572 0.8821780593
0.4182984837 0.1258025489
0.8298310813 -0.5796945280
0.2258508532 0.3608505268
0.8444014430 -0.7502865529
0.6229428387 -0.2003869832
0.4443066028 -0.1037816576
0.6214616162 -0.1762431595
0.6198705097 -0.1482184524
0.0024111341 0.9507142716
0.2488059429 0.2626512220
0.4302098058 -0.0056100146
0.2058694286 0.5085253972
0.2205672634 0.3975488160
0.0405910011 0.7596973562
0.4126681140 0.1976751522
0.8277010068 -0.5425509921
0.0075278852 0.9114728519
0.2151461929 0.4394544120
0.0008964614 0.9700337911
0.4415437272 -0.0905414983
0.8397199567 -0.7126695326
0.6305147383 -0.3100690025
0.8317096385 -0.6101187742
0.6408179119 -0.4148248685
0.2026075198 0.5333488177
0.0058595511 0.9223798896
0.6248843722 -0.2307445232
0.0159853360 0.8658767812
0.0231176617 0.8326385502
0.0196602485 0.8484014863
0.2413208912 0.2763501331
0.4242004344 0.0563667356
0.2359103828 0.3011195979
0.6277345093 -0.2726205856
0.0679313911 0.6819287955
0.2230309215 0.3800898462
0.4278521250 0.0175007328
0.2345431450 0.3082747750
0.4212861441 0.0897433659
0.1922845218 0.6076500505
0.6296518406 -0.2988188704
0.0601475711 0.6976330294
0.4209806081 0.0933506338
0.6358943406 -0.3719020744
0.4340022496 -0.0391223089
0.8284353095 -0.5556662875
0.8357265952 -0.6672843947
0.8462020123 -0.7600779319
0.2084238622 0.4889714043
0.2301148691 0.3336433887
0.4103727966 0.2280222176
0.0269923817 0.8154950003
0.0440822605 0.7467433894
0.1966465933 0.5772300032
0.1989706790 0.5603717349
0.4166369418 0.1465446663
0.0348167468 0.7824819715
0.8326643413 -0.6247041559
0.1844983109 0.6568083538
0.4373493581 -0.0645833658
0.2302229354 0.3330859103
0.0719160524 0.6762953415
0.6248160084 -0.2297035215
0.2125793718 0.4571089280
0.4253009796 0.0442856407
0.6277345093 -0.2726205856
0.0000000000 1.0000000000
0.4158709967 0.1562506613
0.0327210629 0.7910930038
0.8343841300 -0.6494196782
0.4357331219 -0.0527946267
0.0790334653 0.6704966018
0.2435689776 0.2704634478
0.8377246741 -0.6914707976
0.8370571396 -0.6837159858
0.8337886514 -0.6410917177
0.2098237415 0.4782017502
0.1866919215 0.6437432983
0.8245109452 -0.4820171302
0.0504122990 0.7250650962
0.2114911568 0.4674933467
0.8245109452 -0.4820171302
0.1899642954 0.6230559110
0.6366307670 -0.3791899928
0.8392358576 -0.7078036307
0.0297891940 0.8034211148
