0.8518316530 -0.7733690117
0.0000000001 0.9999879002
0.4538857455 -0.1242184417
0.8233322416 -0.4582723883
0.6525120480 -0.4582633256
0.6183969127 -0.1242205083
0.2577627595 0.2421610855
0.4093189470 0.2420905316
0.0829806772 0.6696523797
0.1822364572 0.6696098639
0.4228642818 0.0714296431
0.8365579783 -0.6765124450
0.4355968732 -0.0517570406
0.6333829352 -0.3448721323
0.0170906781 0.8605269479
0.0089310784 0.9030225051
0.0237610405 0.8297299115
0.2137460195 0.4482106769
0.1996849834 0.5551335639
0.6206458589 -0.1627294948
0.0566447663 0.7065833581
0.2067566613 0.5017362369
0.0140243405 0.8755950800
0.0671601035 0.6832124975
0.2188658195 0.4221470543
0.0423415586 0.7531074069
0.4400589494 -0.0821414438
0.2331860465 0.3157032024
0.1964869538 0.5783729151
0.8427560643 -0.7390362997
0.4191241433 0.1156691428
0.1879086990 0.6361902811
0.0020046841 0.9551001312
0.8338923697 -0.6425592892
0.0002766429 0.9833650109
0.6318263110 -0.3264744526
0.6294155464 -0.2956866466
0.8268445775 -0.5268579394
0.4328409824 -0.0293654002
0.2290484255 0.3402128362
0.0059094248 0.9220364229
0.8387533202 -0.7027696471
0.2029019575 0.5310811153
0.2273528530 0.3509886236
0.6369243218 -0.3820125210
0.1856221112 0.6501835244
0.4110566291 0.2189348750
0.4122601031 0.2030350231
0.4146545378 0.1718347916
0.0372938915 0.7725218055
0.2440880318 0.2660572027
0.2106436933 0.4719106593
0.6190879972 -0.1362147231
0.0263633667 0.8182091767
0.0036357895 0.9392881080
0.8234713801 -0.4611119345
0.6247691047 -0.2289856782
0.6269623315 -0.2616099291
0.2360838525 0.3002362779
0.6224076254 -0.1917743835
0.6244274737 -0.2237314654
0.2483117112 0.2537286250
0.8251331019 -0.4942592202
0.2045067541 0.5189177497
0.6268530518 -0.2600311750
0.6401204271 -0.4096090303
0.4270565377 0.0256646836
0.8251746426 -0.4950703590
0.6299943799 -0.3033326228
0.1917773028 0.6110676103
0.4245311125 0.0543901493
0.2237176539 0.3753193015
0.8318000864 -0.6115297361
0.6370630425 -0.3833297900
0.4472232328 -0.1142701611
0.4172026509 0.1394324066
0.2402249092 0.2808862860
0.6223074219 -0.1901506948
0.0728474336 0.6752234220
0.0481506315 0.7351547939
0.8288526181 -0.5629763155
0.8304216991 -0.5895073462
0.2524300851 0.2458809714
0.0532535994 0.7162570945
0.2112531231 0.4672394428
0.8462069435 -0.7601011900
0.4140129609 0.1801312299
0.4421433513 -0.0936818921
0.0331883348 0.7891572925
0.8455649379 -0.7569166583
0.4310722333 -0.0136410573
0.2398712682 0.2904730851
0.4178449950 0.1314198071
0.2198147286 0.4029893715
0.4093189470 0.2420905316
0.0829806772 0.6696523797
0.2220251197 0.3871454869
0.8276916760 -0.5423827859
0.8400898577 -0.7162667552
0.0303493939 0.8010417236
