0.0483092843 0.0000000335
0.0521504833 0.0001221001
0.6998965942 0.0000077579
0.0443379833 0.0001221001
0.0488200179 0.0005341340
0.0488198987 0.0005341340
0.5922168061 0.0123443799
0.5318669281 0.0159037188
0.5686128033 0.0000343658
0.2171859902 0.0045318799
0.5309491908 0.0000038445
0.5304608499 0.0000038445
0.5307049905 0.0000038445
0.5304913693 0.0000648797
0.5307355100 0.0000648834
0.7406282618 0.0064850040
0.5151105099 0.0000648834
0.5150494748 0.0000648834
0.5150513859 0.0000648834
0.1868632177 0.0024743546
0.2859536012 0.0002690731
0.6741305028 0.0027179755
0.3822694033 0.0000648797
0.3822674960 0.0020180065
0.3822676152 0.0020180065
0.4135176152 0.0020179767
0.2885176151 0.0020179767
0.9723017197 0.0000172313
0.0095613478 0.0000196882
0.2872930079 0.0019578934
0.3034062891 0.0019578934
0.3034062854 0.0019578934
0.3034062835 0.0019578934
0.3034139129 0.0019578934
0.3112264129 0.0019580163
0.3112265322 0.0019580163
0.3112274858 0.0019580163
0.0153901437 0.0039406307
0.0124145020 0.0000044294
0.0122924317 0.0000044294
0.0122771729 0.0000044294
0.0122774113 0.0000044294
0.0132539738 0.0000044294
0.0135286320 0.0000044294
0.0135286329 0.0000196882
0.0096223829 0.0000196882
0.0095611094 0.0000196882
0.0095611131 0.0000196882
0.0134673631 0.0000196882
0.0056548631 0.0000196882
0.0056586778 0.0000196882
0.0056205308 0.0000196882
0.0053763902 0.0000196882
0.0073296418 0.0000196882
0.0073258272 0.0000196733
0.0074478975 0.0000196733
0.0074631563 0.0000196695
0.0075241914 0.0000196695
0.0075260988 0.0000196695
0.0075260913 0.0000196695
0.2245086946 0.0000155652
0.3128698210 0.0000043213
0.4828039701 0.0078203678
0.4837805326 0.0078203678
0.7212228195 0.0024501421
0.1706118641 0.0000040084
0.0658371309 0.0078353882
0.1315493790 0.0000040084
0.0065493770 0.0000040084
0.0690493771 0.0000040084
0.0670962521 0.0000039488
0.1920963118 0.0019570738
0.1920944044 0.0019532591
0.3189244553 0.0000003725
0.3164221629 0.0000078827
0.3165442332 0.0000078827
0.3184973582 0.0078203827
0.9855381157 0.0000610575
0.0482482492 0.0000000335
0.0482444345 0.0000000335
0.0482434808 0.0000000335
0.9232892915 0.0000000298
0.9232890531 0.0000000298
0.6732890528 0.0000000298
0.5482282560 0.0000000298
0.8735330094 0.0000305250
0.7212228344 0.0024506189
0.7028964336 0.0000042990
0.8808945007 0.0024418905
0.7028048883 0.0000043139
0.7026828180 0.0000042990
0.7026828106 0.0000042990
0.7029269512 0.0000042990
0.7029307659 0.0000043139
0.7029308851 0.0000043139
0.7029308860 0.0000043139
0.4703490711 0.0078297313
0.2831104969 0.0000153221
0.0628736355 0.0000043213
0.0365254833 0.0001221001
