0.1799506103 1.0000009182
1.0000000000 0.0000000006
1.0000000000 0.0000000006
0.9999999999 0.0000000006
0.1958650197 0.9999999180
0.1958638085 0.9999999180
0.9388102296 0.4681653294
0.1952494548 0.9999999205
0.8007382850 0.8916307851
0.8382328329 0.8293662426
0.8766731176 0.7318507631
0.8902296811 0.6883303242
0.8014393655 0.8906801097
0.9990036744 0.0099187055
0.9899502744 0.0983195821
0.8014385909 0.8906811662
0.9965001885 0.0344520398
0.8908325751 0.6852535105
0.8908341351 0.6852479986
0.4519945631 0.9996443359
0.4508453226 0.9996530430
0.8174355411 0.8668241086
0.8738924670 0.7402864032
0.8771883037 0.7303229455
0.8908341290 0.6852480202
0.8783595829 0.7266472558
0.8785487682 0.7260579245
0.8847072701 0.7062377668
0.8738941605 0.7402813699
0.8747213441 0.7378123628
0.8746180629 0.7381217838
0.8746178611 0.7381223880
0.6597643013 0.9843899586
0.7459126598 0.9466812718
0.5771845343 0.9959123978
0.7871883540 0.9086335810
0.8874574991 0.6969769705
0.8007381355 0.8916309874
0.8449227736 0.8145742006
0.8879998220 0.6951201042
0.8151172078 0.8705206208
0.8151345817 0.8704930201
0.8151340388 0.8704938827
0.8913270791 0.6835019755
0.8913270612 0.6835020390
0.8914735649 0.6829814415
0.8914741371 0.6829794067
0.9451288454 0.4312655257
0.9370856153 0.4778763449
0.4707133649 0.9994700507
0.2630358909 0.9999993694
0.6357913570 0.9892747819
0.6357907106 0.9892748916
0.9507096340 0.3971732144
0.9610333878 0.3284120143
0.9980170472 0.0196537458
0.9980170468 0.0196537497
0.9979025272 0.0207778582
0.9535364370 0.3785977464
0.9999817536 0.0001826033
0.9999780264 0.0002198688
0.9999780264 0.0002198687
0.9999780264 0.0002198684
0.9999780342 0.0002197905
0.9999780654 0.0002194791
0.9998080280 0.0019182168
0.9719322535 0.2477540877
0.9979160598 0.0206450573
0.9979164818 0.0206409163
0.8724864594 0.7443846842
0.9796394667 0.1859283592
0.9910181515 0.0868442978
0.9999998015 0.0000019855
0.9502365328 0.3997707963
0.9925601700 0.0719565043
0.9925007609 0.0725118302
0.9924998306 0.0725205234
0.9926193272 0.0714032368
0.9925897801 0.0716796127
0.9925893179 0.0716839351
0.9925893757 0.0716833948
0.9926484084 0.0711311459
0.9913728544 0.0830003907
0.9913728580 0.0830003569
0.9913728652 0.0830002900
0.9911811533 0.0853411332
0.9663419833 0.2899198006
0.9953688694 0.0453602866
0.9953688700 0.0453602810
0.9953640963 0.0454060633
0.9955155127 0.0439529243
0.9018224619 0.6441963448
0.9988490373 0.0116114213
0.1799520317 1.0000009182
0.1799513207 1.0000009182
0.9335721526 0.4971084534
0.9459840462 0.4261033736
0.9456213335 0.4283000401
0.9995678674 0.0043533809
0.9995678725 0.0043533304
