0.0439445647 0.0001240559
0.5999048200 0.0000464991
0.0552414675 0.0000695288
0.5999048796 0.0000464991
0.6000268903 0.0000464991
0.3959446190 0.0000325143
0.1356962194 0.0000052452
0.3210588864 0.0000011949
0.3920383690 0.0000325143
0.3835598998 0.0000009565
0.3835522704 0.0000009565
0.3835522108 0.0000009565
0.0711929631 0.0000047693
0.3835829668 0.0000009565
0.6669462199 0.0000052452
0.7597624546 0.0009841928
0.1522973135 0.0000014901
0.0405979576 0.0009768019
0.0406132164 0.0009768019
0.4747243025 0.0019555390
0.4244856028 0.0000610352
0.7597585188 0.0009841928
0.2458806310 0.0000230232
0.8509066457 0.0000248114
0.4323521288 0.0000090674
0.4958806927 0.0000230232
0.4939275677 0.0000230232
0.4938970501 0.0000249306
0.4782720501 0.0000248104
0.4782739575 0.0000248104
0.7430547706 0.0012285132
0.4650385533 0.0000152588
0.4782740767 0.0000248104
0.4537421618 0.0167847984
0.4537421655 0.0167847984
0.8227088794 0.0000171820
0.4778467114 0.0000248104
0.8227089986 0.0010547796
0.3770811403 0.0012305491
0.3770792329 0.0009864084
0.2915753464 0.0010552416
0.2915748696 0.0010533342
0.2915748705 0.0009922991
0.2915746321 0.0009770403
0.4768698509 0.0000248114
0.1804501239 0.0000043670
0.9768088460 0.0000248114
0.9787619710 0.0000248114
0.9826682210 0.0000248114
0.9836447835 0.0000229031
0.4301893408 0.0011597984
0.4297010595 0.0011597984
0.4297010558 0.0011597984
0.4297315734 0.0011597984
0.4244853644 0.0000610352
0.3436527004 0.0078165103
0.1804496471 0.0019574920
0.4298536735 0.0011597984
0.4298536139 0.0011601560
0.3710020533 0.0000001956
0.4532909947 0.0011601560
0.4532909938 0.0011601523
0.9836447667 0.0000229031
0.9836457204 0.0000229031
0.9816916417 0.0000171820
0.0927383658 0.0000772523
0.7528903873 0.0019704979
0.9816897344 0.0000171820
0.7524021061 0.0019704979
0.1169717741 0.0002443213
0.3291073649 0.0001914650
0.6648861595 0.0000043670
0.7419712979 0.0000001807
0.7419732052 0.0000039954
0.7386043125 0.0097662266
0.7524016292 0.0019704979
0.4711766378 0.0019545853
0.2303161865 0.0000230120
0.0927383668 0.0000810670
0.2029340996 0.0000039954
0.3769727437 0.0002443232
0.2803810763 0.0005493369
0.2786771518 0.0000610696
0.0948851426 0.0005703177
0.4650385570 0.0000000000
0.3775578545 0.0020775795
0.3111557982 0.0000690520
0.1779145721 0.0090368409
0.2269289729 0.0029301951
0.1833297677 0.0000090674
0.8654765616 0.0090978760
0.0449213656 0.0039082328
0.0449213060 0.0039068023
0.0449212911 0.0039068023
0.5439447291 0.0039068023
0.5439142115 0.0039106170
0.2273028951 0.0029316256
0.1524098107 0.0000000168
0.1648028951 0.0029316256
0.7971841095 0.0001311302
