0.6753058526 2.5866765900 5.2616674874
9.7784829010 0.3349240465 -2.3038400260
1.9330506867 2.4291506696 6.3025502972
28.6068754018 2.6670581167 -13.3092966336
51.8005101300 5.7025178196 -30.3202267924
13.7899225234 72.5691018830 -37.6854340412
32.5871503417 11.9827606029 -20.0058982301
46.4425836306 23.7950028256 -24.6325294643
46.4423949791 11.3009405887 -14.3709736547
46.4362903905 11.3009395158 -14.1760889581
13.3721483142 59.9527841138 -37.5208391795
32.5359878902 11.9804262764 -16.9636438338
1.8542313708 5.8051640895 -0.7981167354
1.2794755321 10.1370373745 -0.1364926555
1.7527658949 31.7077017194 -16.4641077955
1.2606081400 19.3116142430 -5.3173066257
2.2479659464 65.0951663203 -29.9403005765
0.7700247672 69.1704797246 -37.5065025625
3.7609733763 28.7351272423 -10.7794671984
7.5825398703 95.3152777428 -37.9465243451
7.5826351958 95.3152777009 -37.9452992586
7.5826437789 95.3160492234 -38.0087579458
7.7095969040 95.5154815966 -38.4376390564
7.9606952688 95.3759549611 -41.2174636867
10.2340586423 90.0569209581 -50.2552217467
38.4915008990 95.0428110923 -58.1841530483
36.9367782308 95.0521143045 -55.5231845297
36.9367782308 95.0522096719 -55.5256323414
37.1063550063 95.1729630721 -58.3676155013
37.1478974469 95.1900734757 -59.6030457926
37.1478912183 95.1900852215 -59.6030733287
10.2221483444 90.0909718018 -51.1001931162
10.2356829071 90.0556782394 -50.1901405320
0.9414427879 24.4157215764 -3.3291873848
72.7040847568 44.7760290942 -61.2459142266
74.6680777957 19.3699386825 -48.3711613502
81.9859943644 24.0000523378 -55.6154262714
81.9870758395 23.9996079340 -55.5827535481
74.6494010714 69.3512620047 -78.0487261100
63.2007070179 59.7925484442 -66.2880253076
51.5051591199 74.8384013978 -59.3304554749
51.5043967169 74.8384019343 -59.3000599012
51.5038474675 74.9294054194 -56.6601321492
51.3173181160 19.3807249187 -33.9673362100
10.0597982028 28.7351358589 -16.1517665548
1.2606050219 19.3604392499 -6.3633365427
13.9632840280 85.7351215864 -43.4953704476
13.9632498131 85.7137250668 -41.6516278311
38.9995047192 85.7499799496 -53.2821657559
25.8149946147 69.1498868609 -52.0169279336
76.8233054924 2.3194057780 -39.2939820082
76.2076503779 14.7927982342 -45.0560034837
51.3603956147 0.4335355179 -19.8249032843
50.5730247981 0.8241432180 -25.5460983738
57.9377703892 14.6074995519 -33.9813256964
19.1114798425 25.3158091862 -14.9163299642
1.3142444935 19.3776453824 -6.6515739668
10.0598101237 28.7351358589 -16.1518933218
3.7609690931 29.5163729599 -9.2341195322
26.8934806168 2.3895805764 -9.3820814040
63.2021622318 59.7948143744 -66.3448349374
25.8656272387 59.9340619559 -42.7334142258
25.9457718406 59.8791677646 -36.3369563090
76.1947418223 14.8774995489 -46.5733941029
76.1904159556 14.8792771978 -46.5873476702
75.7511933232 2.5060996560 -42.0768063474
76.8205589607 14.8166711788 -47.2262086820
2.0310046154 2.4263727485 6.0894273877
1.0198526479 27.5405954279 -5.5800213520
39.1572721502 50.4148083112 -46.9496087553
58.3258561628 65.0199490500 -63.9927799676
58.2223739014 64.9655333322 -61.5769674458
58.1502783191 40.2136927382 -47.7751788886
58.1502744969 40.2106371583 -47.7653224218
58.2830869971 40.2457457246 -49.7197764445
7.8691426443 39.9193610141 -23.2439126693
50.5802270806 0.8252419849 -25.6686232089
63.6855592765 0.3276942453 -35.0859418069
63.6777334772 1.0152676416 -34.8507059144
63.7478314005 13.5852702091 -36.5210402649
63.6776877604 1.0152331007 -34.8502906639
63.6701924773 1.1061547719 -34.8831357684
63.6780714625 1.1018386468 -35.5491375786
63.6855603494 0.3276833972 -35.0859238888
63.6943826713 0.3242986879 -34.9991478569
63.6839248165 0.3199383883 -34.7576605259
63.6839168202 0.3199779825 -34.7577648278
63.6798312794 0.3647205668 -34.8275344846
63.7127903979 50.3975843645 -63.9669591340
26.2012846242 2.8133248166 -9.4786702829
26.1929167411 2.8141118345 -9.7093869055
24.6682321103 19.3700930436 -19.9200218457
1.4249214164 6.1571995033 2.8809466157
1.8498368395 5.7519414332 -0.3822684777
51.7974927044 5.7025283100 -30.3409600006
1.7527744696 31.7321243566 -17.0516121156
1.2794755321 9.9432507532 0.5041294693
1.2737220969 19.3859511108 -6.4823845052
51.2597050188 19.3719399466 -29.2041468525
52.7945846376 19.3719761192 -31.4386967968
