0.0033782320 0.5058188061 0.4256865600 0.5056284429 0.4684329652 0.4970670934 0.2402314350 0.4996829140 0.5070860530 0.5434667967 0.1874969249 0.5786911785
0.9877847098 0.0005044937 0.4606919284 0.6251094738 0.5067083058 0.4899100535 0.5666763713 0.5002933699 0.5044022431 0.5638559010 0.4918509968 0.5073293350
0.0033782311 0.6620983702 0.4256865600 0.5056284429 0.4684329652 0.4970670934 0.2402314350 0.4997439417 0.6008446362 0.5434820573 0.2499969231 0.5786911785
0.0036715306 0.1474785620 0.5169095337 0.4988317848 0.4959662552 0.4971282422 0.1896617191 0.3670347001 0.4969382253 0.4999665688 0.3896244582 0.4933681604
0.0036714114 0.1476006025 0.5168484985 0.4988317848 0.4959662552 0.4971282422 0.1896617191 0.3670347001 0.4968790975 0.4999665688 0.3896244582 0.4933681604
0.7217848662 0.0188484919 0.4374049962 0.5036764494 0.4981078613 0.4828770119 0.4814669820 0.4372545056 0.5377343591 0.5059134928 0.4960636287 0.5636626664
0.0044412026 0.0881187525 0.5014373441 0.3636148324 0.4999342510 0.4529938609 0.5396176675 0.4950353992 0.4570213086 0.3437468618 0.5582629308 0.5746533355
0.0033782320 0.6308178526 0.4256865600 0.5056284429 0.4684329652 0.4970670934 0.2402314350 0.4996829065 0.5070870067 0.5434667967 0.1874969231 0.5786911785
0.5104262871 0.3789078038 0.5327243484 0.4899899145 0.4916874762 0.4772280999 0.5085262316 0.4946124922 0.4335308517 0.4998326437 0.4998149858 0.4197460193
0.9942754116 0.9998797486 0.5327276229 0.4980408479 0.4916855688 0.4801577586 0.5080040782 0.4990060697 0.4335623220 0.4920239565 0.4608095833 0.4113920428
0.8692754115 0.9364031860 0.5327276229 0.4980408479 0.4916931982 0.4801577586 0.5080040707 0.4990060697 0.4334402517 0.4920239565 0.4608095833 0.4119327761
0.3702278830 0.9430516269 0.5359497988 0.4839464682 0.4976735818 0.4950827523 0.5158711053 0.6251320603 0.5159540842 0.5001055324 0.4983600951 0.5014653490
0.3667178511 0.3896896936 0.5548578282 0.4962715278 0.4980097492 0.4871662962 0.5473886333 0.4267004108 0.4999739169 0.4992178134 0.4982460658 0.4997631074
0.3667178511 0.3896820642 0.5548578282 0.4962715278 0.4980116566 0.4871662962 0.5473886333 0.4267004108 0.4999739169 0.4992178134 0.4982460658 0.4997631074
0.7377847095 0.0005083084 0.4606919284 0.6251094738 0.5076848683 0.4899100535 0.5666763713 0.5002933699 0.5044022431 0.5638559010 0.4918509968 0.5073293350
0.8984324726 0.0549661741 0.4970478327 0.5159528903 0.4966988624 0.4991633021 0.4772589388 0.4971462744 0.5127350534 0.5030757287 0.4746092292 0.4938751818
0.9214889229 0.7138291986 0.5322311516 0.4841365996 0.4920442845 0.4881543000 0.5099799945 0.4599608029 0.4841217431 0.4969624937 0.4949386404 0.4932668940
0.8067668283 0.4339615409 0.5327238120 0.4902283517 0.4916950907 0.4782046326 0.5080040782 0.4951007734 0.4334698156 0.4998364565 0.4608095870 0.4109562136
0.7341337863 0.9177875620 0.5156784295 0.4987434638 0.4276989199 0.4900900158 0.5334725664 0.4979545395 0.4999913550 0.4997449410 0.4981323960 0.3748042047
0.3228730600 0.7854095761 0.5015290654 0.4677578550 0.4916867441 0.4774645897 0.5094415057 0.4946276280 0.4330199672 0.4998421804 0.4998605237 0.4372632452
0.7338896456 0.9334125621 0.5158005296 0.4987434638 0.4276989199 0.4900900139 0.5334726856 0.4979526908 0.4999913550 0.4997449410 0.4981629136 0.3748042345
0.4742234763 0.7177354486 0.5166071649 0.4843330453 0.4295595432 0.4881531414 0.5021672859 0.4912108625 0.4841217450 0.4969623894 0.4959550188 0.3682704702
0.4838915490 0.9019184214 0.5158043443 0.4986824137 0.4237926699 0.4902044847 0.5334765003 0.4979526908 0.4999913326 0.4684949410 0.4825388663 0.3748079458
0.4836475276 0.8864155215 0.5162927448 0.4986824286 0.4316061534 0.4902197434 0.5335375355 0.4979526908 0.4999913326 0.4606824410 0.4825388663 0.3748078862
0.2336475274 0.8864155215 0.5162936985 0.4674324304 0.4316061534 0.4902197434 0.5335375355 0.4979526908 0.4999913326 0.4606824410 0.4825388663 0.3748078843
0.2492727658 0.8864154843 0.5162937581 0.4674324304 0.4355119266 0.4892431809 0.5335375355 0.4979525716 0.4990128628 0.4606786263 0.4827830070 0.3748078806
0.1861711174 0.9288501338 0.5264369264 0.4862269615 0.4745752993 0.4368509924 0.5347696166 0.5031159320 0.4836701252 0.4986791336 0.4998146757 0.5176511253
0.1715226799 0.9288501338 0.5264369264 0.4862269615 0.4745752993 0.4368507540 0.5347696166 0.5070221820 0.4836701262 0.4967260086 0.4998146757 0.5176511253
0.0186476233 0.9179737698 0.3632177174 0.5001881807 0.5471677413 0.4977372824 0.5061888327 0.5381172826 0.5201513306 0.5000910782 0.4913687487 0.4989679973
0.5451712334 0.9019794789 0.5162926852 0.4439343721 0.4977602721 0.4892450883 0.5335375364 0.4979454190 0.4989852044 0.4606786281 0.3743857624 0.3748088380
0.5456595147 0.9019794789 0.5162926852 0.4439343721 0.4977602721 0.4892450883 0.5335375364 0.4979454190 0.4833602044 0.4606805336 0.3743857624 0.3748088380
0.5456595147 0.9644794864 0.5162621676 0.3501843720 0.4977602125 0.4892527177 0.5335337795 0.4979454190 0.4833602789 0.4609246743 0.3743857661 0.3709025880
0.5612845296 0.9644794864 0.5162621676 0.3501843720 0.4977602125 0.4892525985 0.5335337720 0.4979454190 0.4833602640 0.4609246761 0.3706016460 0.4959025881
0.5613455647 0.9647236271 0.5162621676 0.3501843702 0.4980043531 0.4892525985 0.5335337720 0.4979454190 0.4833602640 0.4609246761 0.3706016460 0.4333720705
0.5613455647 0.9686298771 0.5006371676 0.3501843702 0.4980043531 0.4892525985 0.5335337720 0.4979454190 0.4833602640 0.4608026058 0.3706016535 0.4333723089
0.5623221272 0.9686299367 0.5006371676 0.3501843702 0.4980043531 0.4892525985 0.5335337720 0.4979454190 0.4833602640 0.4608026058 0.3706016535 0.4333723089
0.5622610921 0.9686299367 0.5006371676 0.3501843702 0.4980043531 0.4892525985 0.5335337739 0.4979454190 0.4833602640 0.4608026039 0.3706016535 0.4333723089
0.5603079671 0.9686299367 0.5006371676 0.3501843702 0.4980043531 0.4892525985 0.5335337739 0.4979454190 0.4833602640 0.4608026039 0.3706016535 0.4333723164
0.5603079671 0.4686299362 0.5006371676 0.3501853238 0.4980042339 0.4892525985 0.5336558442 0.4979454190 0.4833583566 0.4608026039 0.3706016535 0.4333723164
0.5603079671 0.4686304168 0.5006371676 0.3501853238 0.4980042339 0.4892525985 0.5336558442 0.4979454190 0.4833583566 0.4608026039 0.3706014150 0.4333723164
0.0446708603 0.4608214511 0.5001227078 0.4966914472 0.4685354060 0.4291966571 0.5011472278 0.5004620901 0.4819865734 0.5364353727 0.4984471300 0.5046799961
0.0551207280 0.7655048061 0.4881865452 0.5064218999 0.4684932925 0.4980363245 0.2396780683 0.4996895888 0.5061247493 0.5276676617 0.4364907997 0.5014802753
0.2347489123 0.4137763785 0.3707853391 0.5300114830 0.4648222555 0.4373606038 0.4896821300 0.4976908746 0.5215321104 0.5039707902 0.3739295102 0.5715932321
0.1098118556 0.8824652237 0.4957796107 0.5298894090 0.4648241647 0.4354228568 0.4896802301 0.4967734250 0.5137234251 0.5039710305 0.3583045102 0.5244602929
0.1098118705 0.8819769350 0.4957796107 0.5298593832 0.4645800241 0.4355449569 0.4896802301 0.4987265500 0.5061550657 0.5042151711 0.3583045102 0.5244602929
0.2348099465 0.4096870231 0.3707853317 0.5300114756 0.4648222574 0.4373607230 0.4896821300 0.4976908746 0.5215359251 0.5039707976 0.3739295102 0.5715913247
0.1844214519 0.4980645911 0.5004235148 0.4751242739 0.4999574241 0.4890716388 0.5028981776 0.4919639989 0.4814309920 0.4647165876 0.4643522934 0.4363021175
0.4344214522 0.4980645911 0.5004235148 0.4751242739 0.4999574241 0.4890717580 0.5028982074 0.4919639989 0.4814309920 0.4647168261 0.4643522934 0.4363021175
0.4716717512 0.5023201122 0.4999588444 0.5341804340 0.5045569702 0.4888591212 0.5484715119 0.5083471988 0.5010275966 0.5358026461 0.4669766291 0.4881148892
0.4966770732 0.4980722205 0.5160485148 0.4751242739 0.4999650535 0.4890564992 0.5028982074 0.4919639989 0.4814309920 0.4647167963 0.4648329462 0.4363021156
0.4986301982 0.2480722202 0.5160485148 0.4751242739 0.4999650535 0.4890564992 0.5028982074 0.4919639989 0.4814309920 0.4647167963 0.4648329462 0.4363021156
0.4986301982 0.2490487827 0.5160485148 0.4751242739 0.4999650535 0.4890717580 0.5028982074 0.4919639989 0.4814309846 0.4647167963 0.4648329462 0.4363021156
0.5729263467 0.7541519448 0.5014681495 0.4589840476 0.4916865076 0.4774646121 0.5094415057 0.4946277509 0.4335308386 0.4998345491 0.4998147474 0.4373242636
0.8228119061 0.7873627011 0.5014681495 0.4658047300 0.4916865057 0.4774646046 0.5094415057 0.4946275088 0.4335079504 0.4998345510 0.4998147474 0.4372632452
0.8228042767 0.7541595760 0.5014681495 0.4589840513 0.4916865076 0.4774646121 0.5094415057 0.4946277509 0.4335308386 0.4998345491 0.4998147474 0.4373242636
0.8228119061 0.7541595760 0.5014681495 0.4589840513 0.4916865076 0.4774646121 0.5094415057 0.4946277509 0.4335155798 0.4998345510 0.4998147474 0.4373242803
0.8228119061 0.7561127010 0.5014681495 0.4658199888 0.4916865076 0.4774646046 0.5094415057 0.4946277472 0.4335079504 0.4998345510 0.4998147474 0.4372632452
0.4831713796 0.6522786158 0.5158736087 0.4751314367 0.4958146638 0.4971226766 0.5024092072 0.4919735468 0.4813134591 0.4959510625 0.3906141942 0.4920333666
0.4831713796 0.6439778345 0.5158888674 0.4751314367 0.4958146638 0.4971226766 0.5024092146 0.4919735468 0.4813129823 0.4647010625 0.3906161016 0.4898361084
0.4206713796 0.6439778345 0.5158888674 0.4752535070 0.4958146638 0.4971226766 0.5024092146 0.4919735468 0.4813129823 0.4647010625 0.3906161016 0.4898361084
0.4411750747 0.6624166860 0.4810704193 0.5625019209 0.4784330898 0.4843440219 0.5021005920 0.5198592809 0.5078171580 0.5004883842 0.4960870980 0.4967764025
0.5815900868 0.6153035980 0.5007338258 0.4568788171 0.4998884401 0.4452510192 0.5000018473 0.5316218227 0.5205612635 0.5040596412 0.4995006421 0.5000006077
0.1638963559 0.6478764551 0.5158888674 0.4911378990 0.4956926084 0.4976106896 0.5648481646 0.4920345819 0.4813129823 0.4647010606 0.3906159824 0.4899581787
0.0347459354 0.6477227943 0.5168484985 0.4989542090 0.4959662552 0.4971299707 0.5646655360 0.3670348203 0.4969382263 0.4648121656 0.3905550068 0.4860440031
0.0036714114 0.1474785322 0.5169095337 0.4988317848 0.4959662552 0.4971282422 0.1896617191 0.3670347001 0.4969382253 0.4999665688 0.3896244582 0.4933681604
0.3392139974 0.0512912740 0.5085483673 0.4672697610 0.4920447241 0.4984396403 0.5007041725 0.4818680952 0.4373014918 0.3746319817 0.4972897726 0.4296833523
0.3392139974 0.0512907971 0.5085483673 0.4672697610 0.4920447241 0.4984396403 0.5007079872 0.4818680952 0.4373014918 0.3746319817 0.4972897726 0.4296833523
0.9342714808 0.6953130082 0.4995058500 0.5488296706 0.5001706691 0.4981232635 0.5042374223 0.5029604961 0.5010384168 0.5328613804 0.4994423701 0.4906785409
0.9987246059 0.6992192582 0.4995058500 0.5488296706 0.5001706542 0.4981241873 0.5043594926 0.5029604961 0.5049522952 0.5328613804 0.4994423701 0.4906785409
0.9942755308 0.9998798082 0.5327276229 0.4980408479 0.4916550512 0.4801577586 0.5080040782 0.4990060697 0.4335623220 0.4920239565 0.4608095833 0.4113920428
0.9942754116 0.9998798082 0.5327276229 0.4980408479 0.4916855688 0.4801577586 0.5080040782 0.4990060697 0.4335623220 0.4920239565 0.4608095833 0.4113920428
0.8162757669 0.2842507533 0.5051307152 0.4910401688 0.4996266584 0.4763612798 0.5012983498 0.5004605292 0.5157434228 0.5021224315 0.4994329293 0.5005576392
0.8228730604 0.7854095761 0.5015290654 0.4677578550 0.4916865057 0.4774645897 0.5094415057 0.4946276280 0.4330199076 0.4998421804 0.4998605237 0.4372632452
0.3389698568 0.0591018666 0.5085483673 0.4672697610 0.4920447241 0.4984396403 0.5007041725 0.4818680356 0.4373014918 0.3748761223 0.4816647726 0.4296833523
0.5049138875 0.0263321027 0.5158430827 0.4927058262 0.4979026043 0.4904121100 0.5030909986 0.5351562514 0.4951661429 0.4968860359 0.4906930183 0.5082455310
0.2144025939 0.7481170574 0.5014736461 0.4920350672 0.4999342165 0.3828120543 0.5001534815 0.5003708988 0.5205613231 0.5039394707 0.4985259869 0.5004889038
0.2065900939 0.7403045499 0.5004970836 0.4920350672 0.4999342165 0.3828120543 0.5001544352 0.5003708988 0.5205613231 0.5039394707 0.4985259869 0.5004889038
0.3535155415 0.0069069965 0.5003684438 0.3670509964 0.4917569826 0.4760886482 0.5312571344 0.5082539576 0.5158071383 0.5100627760 0.4983343859 0.6265336542
0.3702278830 0.6930516266 0.5357094729 0.4839464682 0.4976735809 0.4950827523 0.5158711053 0.6251320603 0.5159540842 0.5001057708 0.4983600951 0.5014653490
0.4791921298 0.0124981413 0.4921869780 0.5039546327 0.5691820482 0.4977149279 0.5011476674 0.5481269020 0.5625687824 0.5628820812 0.4732886241 0.5034313067
0.4870503726 0.0370340348 0.4606918986 0.5020623603 0.5066932575 0.4899100573 0.5042757248 0.5315425038 0.5625077137 0.5003869594 0.4918280491 0.5073294542
0.4870503726 0.0367898941 0.4606918986 0.5020623603 0.5076698200 0.4899100573 0.5042757248 0.5315434574 0.5625077137 0.5003869594 0.4918280491 0.5073294542
0.4880268755 0.0367898941 0.4606918986 0.5020623603 0.5076698200 0.4899100573 0.5042757248 0.5315434574 0.5625077137 0.5003869594 0.4918280491 0.5073294542
0.4875385943 0.0367898941 0.4606918986 0.5020623603 0.5076698200 0.4899100573 0.5042757248 0.5315434574 0.5625077137 0.5003869594 0.4918280491 0.5073294542
0.3318838508 0.1762751454 0.4448217279 0.5005515567 0.5360096773 0.4586291243 0.5041802791 0.5224915077 0.5158102629 0.5638557072 0.4918661495 0.4997614385
0.3319601448 0.1267141366 0.4448169614 0.5161765530 0.5379010518 0.4586594053 0.5041803089 0.5224939515 0.5157549498 0.5638559308 0.4918662463 0.4821790228
0.0186476233 0.9179742466 0.3632177174 0.5001881807 0.5471677413 0.4977372824 0.5061888327 0.5381172826 0.5201494233 0.5000910782 0.4913687487 0.4989679973
0.0811476233 0.9179742466 0.3632100880 0.5001881807 0.5471677413 0.4977372824 0.5061888327 0.5381172826 0.5045244233 0.5001521134 0.4913687487 0.4984797160
0.0816359046 0.9179742466 0.3632100880 0.5001886575 0.5471677413 0.4977353751 0.5063109030 0.5381172826 0.5045167939 0.5001521171 0.4913687487 0.4984797160
0.4716412336 0.6283577174 0.4999604835 0.5381019502 0.5040667816 0.4908122555 0.5474949568 0.5083471988 0.5010271198 0.5358026461 0.4674648805 0.4956832486
0.3588329808 0.5244557192 0.4977101623 0.5082035153 0.3513700891 0.4467604025 0.5046999627 0.5052107847 0.5060011973 0.5007334263 0.4931222447 0.4813837469
0.8604476041 0.1585132667 0.4833983457 0.5000096071 0.4996885047 0.4843402100 0.5026440923 0.5039901552 0.5000142544 0.5007344275 0.4936464108 0.4821586101
0.8984324726 0.0549356565 0.4970478327 0.5159528903 0.4966988605 0.4991633021 0.4772589388 0.4971462744 0.5127350534 0.5030757287 0.4743650886 0.4938751818
0.9062449726 0.0549356565 0.4970478401 0.5159524125 0.4966988605 0.4991633021 0.4772589388 0.4971462744 0.5127388644 0.5030757296 0.4743650886 0.4860626818
0.3484682044 0.9982647812 0.4911284824 0.5213747327 0.4628810263 0.4939828808 0.4945673882 0.4528621719 0.5061650495 0.5008004908 0.3740212064 0.2410839351
0.2935366158 0.9992589662 0.4881997486 0.5174685461 0.4628810859 0.4979055650 0.4984695888 0.4995807954 0.5218396778 0.5008119647 0.3115212157 0.2381552013
0.1098118556 0.9137152237 0.4957796107 0.5298894090 0.4648241647 0.4354075980 0.4896802301 0.4967734250 0.5137234251 0.5039710267 0.3583045102 0.5247044335
0.0940647927 0.7570990201 0.4957486163 0.5220468831 0.4606894203 0.4980449644 0.4893121119 0.4996419582 0.5061247866 0.5276526711 0.4813513853 0.5244602929
0.0033782311 0.1620983688 0.4251982788 0.5056284429 0.4684329652 0.4970672126 0.2480439350 0.4997439417 0.6008446362 0.5122320573 0.2498748528 0.5786911785
0.0033782311 0.0370983687 0.4251982788 0.5056284429 0.4684329056 0.4970672107 0.2480439350 0.4997439417 0.6008446362 0.5122320573 0.2493865716 0.5786911785
