31.5008268985 1.6634265908 0.0036282465 0.0076383352 13.0494197952 0.0143237412 0.0529028476 0.0355849043 0.0524031930 0.8300841794 0.3486680801 0.4425423224
76.8121083982 13.5193362958 0.0297569670 0.0000651926 0.0320820138 0.0994164498 0.0152625144 0.3906870264 0.2389101314 0.0214251690 0.0030859374 0.0043800101
3.8400912693 0.0073472969 0.0033141114 0.0004488043 0.0533537008 0.0488411636 0.4984241915 0.4463219088 0.0029233284 0.1961188393 1.6602776029 0.0000625849
50.0542005059 0.2267364415 0.0297747553 0.1008685679 0.0381764025 0.8806650535 0.0122081488 0.3906898204 0.2267031932 0.0199946575 0.0108113512 0.2008190380
27.4950285698 12.8980884449 1.9640184026 0.0019654632 0.1476258972 0.0141566619 0.0038383529 0.3930695359 0.0049817376 0.4516663965 0.0027935021 0.3937209029
0.1290702262 12.9010631823 0.7843744948 0.3906908449 0.8340091452 0.0488908031 0.7173880010 0.4470966761 0.0014000572 0.0032329932 1.6114491984 0.0042565167
40.1857634449 12.8980914251 1.9577240590 0.1972787084 0.1476139763 0.0141328201 0.0282524154 0.3930740062 0.0049817376 0.6469729362 0.0577243977 0.3907643262
6.7819022637 12.9010631823 0.7843744948 0.3906908449 0.8340061650 0.0488908031 0.7173880010 0.4470966761 0.0014000572 0.0001812354 1.6114491984 0.0042565167
16.1221482010 50.7960813593 0.1951578075 0.3076244148 0.8848267616 0.0129833818 6.3740102634 0.0703267754 0.0294543803 0.0982408413 0.2747207883 0.0261564739
76.8121545918 56.8787113362 0.8110069677 0.3914531324 0.0305620954 0.0978907571 0.0152625144 0.3967905421 0.2389131116 0.0214251690 0.0030991621 0.0043859705
76.8120130308 0.2380862834 0.0297628343 0.0001605600 0.0320820138 0.0994164498 0.0152625144 0.3906870264 0.2389101314 0.0214251690 0.0030859374 0.0287940726
50.1957204660 14.3269335985 0.0000522472 0.0011669472 0.0176444650 0.4044848498 1.7586358839 0.4067570906 0.0012499280 0.0034693629 0.0076337718 0.0245099887
50.2014539672 54.8900879499 0.7813590586 0.3117196265 0.0176571310 0.4052481618 0.1955728048 0.2114494333 3.5183022763 0.0286966563 0.0076575205 0.2201262864
50.2495130061 0.2266410740 0.0297747553 0.1008685679 0.0381765887 0.8806665436 0.0122081488 0.3906898204 0.2267031932 0.0199946575 0.0108113512 0.0055065379
62.7874281842 1.1014816361 0.1041428187 0.0258145854 0.0760404394 1.5648860499 0.0434942544 1.6762771659 0.1225870104 0.0034600496 0.0015999191 0.8423567757
50.2622508912 7.3125776903 0.0980421902 0.0014005229 0.0756828115 0.0149749220 0.0923224726 0.0277926214 0.0306528062 0.0006228685 0.2462053674 0.7965327248
50.1957205592 45.5769337207 0.7813499316 0.0011669472 0.0161215663 0.4048666921 0.1978526825 0.0161309727 0.0012499280 0.0034693629 0.0076336786 0.2198223027
50.1957204660 39.3269337149 0.7813499316 0.0011669472 0.0161215663 0.4048666921 1.7603524977 0.0161320903 0.0012499280 0.0034693629 0.0076336786 0.2198224889
12.7843286961 14.3269321083 0.0031047501 1.5652135029 0.0145928934 0.4044788893 2.3445787861 0.4127652388 0.0989061781 0.0034604222 0.0076337718 0.0245099887
12.7843286961 14.2781039833 0.0031047501 1.5652135029 0.0145928934 0.4044788893 2.3445787861 0.4127652388 0.0989061781 0.0034604222 0.0076337718 0.0367166475
62.7873805005 12.8385354884 0.0061080791 1.5637297198 0.0695252792 0.0199333765 1.6060436159 0.1197964885 0.0981491060 0.0042233616 0.0198404305 0.8424043663
62.7812769849 0.2156037839 0.0031047501 1.5652135029 0.0206964091 0.4105824050 2.3445668652 0.5104222340 0.0981432387 0.0034604222 0.0076337718 0.8179664619
50.2873804889 12.8140259653 0.0061080791 1.6125638053 0.0206971541 0.0199333765 1.5938365847 0.1197964885 0.0981431455 0.0042233616 0.0198408030 0.8424043663
50.2873804889 12.8384400279 0.0061080791 1.5637356802 0.0695252792 0.0199333765 1.6060436159 0.1197964885 0.0981431455 0.0042233616 0.0198408030 0.8424043663
50.2873804889 12.8385353953 0.0061080791 1.5637297198 0.0695252792 0.0199333765 1.6060436159 0.1197964885 0.0981371851 0.0042233616 0.0198404305 0.8424043663
62.7873805005 15.9635354913 0.0061050989 1.5637297198 0.0695252792 0.0199333765 1.6060436159 0.1197964885 0.0981491060 0.0042233616 0.0198404305 0.8424043663
62.7873805005 16.0123643614 0.0061050989 1.5639204546 0.0516185537 0.0199333765 1.6060436159 0.1136929729 0.0981491060 0.0042233616 0.0198419206 0.8424043663
62.7873805005 16.0001573302 0.0061050989 1.5669729575 0.0516200439 0.0138298608 1.6059959322 0.1136929729 0.0981491060 0.0042233616 0.0198419206 0.8424044595
62.7873805005 15.9513292051 0.0061050989 1.5669729575 0.0516200439 0.0145931728 1.6059944421 0.1136929729 0.0981491060 0.0042229891 0.0198419206 0.8424044595
62.7874281842 15.9513292051 0.0061050989 1.5669729575 0.0516260043 0.0145931728 1.6059944421 0.1136929729 0.0981729479 0.0042229891 0.0198419206 0.8424044595
62.7874281842 16.7325792059 0.0091568567 1.5669729575 0.0516263769 0.0023861416 1.6059944421 0.1136810520 0.0981729479 0.0042229891 0.0198896043 0.8424044595
62.7874281842 16.6349229558 0.0091568567 1.5669493019 0.0516263769 0.0023861416 1.6059944421 0.1137764194 0.0981729479 0.0034600496 0.0198866241 0.8424521432
62.7874281842 4.1349229441 0.0091568567 1.5669522822 0.0760404394 1.5648861430 0.0434944407 1.6762764209 0.0981729479 0.0034600496 0.0076795928 1.2330771435
58.1062147935 6.8415774096 0.0009554438 0.0650035218 0.0004521571 0.8806603038 0.0320927240 0.3972216513 0.1038735733 1.5770854443 0.0001012348 0.0748213381
50.2622389703 32.3125777136 0.0980421902 0.0990567730 0.0756828115 0.0149749220 0.0923224726 0.0277922489 0.0062387437 0.0006228685 0.2462053674 0.7965327248
50.2622389703 32.1233656557 0.1220747830 0.0990567730 0.0756820665 0.0149749220 3.2173224755 0.0276022591 0.0077646226 0.0005751848 1.0274553681 0.7971049294
50.2622389703 32.1241271050 0.1220747830 0.0990567730 0.0756820665 0.0149749220 3.2173224755 0.0276022591 0.0077646226 0.0005751848 1.0274553681 0.7971049294
50.2624297051 32.1271788628 0.1220747830 0.0990567730 0.0756820665 0.0149749220 3.2173224755 0.0276022591 0.0077646226 0.0005751848 1.0274553681 0.7971049294
50.2013945488 32.1271788628 0.1220747830 0.1112638042 0.0756820665 0.0149749220 3.2173224755 0.0276022591 0.0077646226 0.0005751848 1.0274553681 0.7971049294
50.2013945488 32.1271781178 0.1220747830 0.1112638042 0.0756820665 0.0149749220 3.2173224755 0.0276022591 0.0077646226 0.0005751848 1.0274553681 0.7971051156
0.2012037674 32.1271777452 0.1220747830 0.1112638042 0.0756820665 0.0149749220 3.2173224755 0.0276022591 0.0077646226 0.0005751848 1.0274553681 2.3596051171
0.2000593582 32.0905566514 0.0244185329 0.1143155621 0.0756820665 0.0149752945 3.2173224755 0.0276022591 0.0077616423 0.0005751848 0.9816790009 2.3596051171
15.5457984801 11.4995653848 0.7819612518 0.0085688196 0.0252613798 0.7817360580 0.3983542327 0.2044763418 0.7852300078 0.7858317353 0.0162749551 0.7820285864
16.3156801987 0.0072517432 0.0040539540 0.0004011206 0.0564058312 0.0488292426 0.4984241915 0.4463219088 0.0025418587 0.1961188393 1.5626213528 0.0000625849
19.5210009995 0.0549807214 6.2525066605 0.0009566545 0.0069586560 0.0052236021 0.7943229757 0.4184790891 0.0366363675 0.0085844658 0.0196564943 0.4883513790
15.4480958501 3.4181021186 0.0006039627 0.0108523294 0.0321366825 0.8800537334 0.3993825991 0.0080656260 0.0527925790 0.1091060230 0.7975230932 1.0219661528
23.4755228492 5.1758447710 0.1958385112 0.5133925011 0.5967382347 0.0001912005 0.0011686236 0.0991232694 0.3911497075 0.0061837956 0.0039485283 1.0788110095
8.1608384924 0.8309370846 0.0025126152 0.0254184008 0.0075275078 0.0049437396 0.9895401085 0.0248023309 0.0396944583 0.0116362237 0.0196654350 0.5036109132
21.5058560683 16.7025342739 0.1955114307 0.9080698722 0.0184368342 0.0007634051 0.0022372231 0.0199876726 0.0520408154 0.3021969463 0.7851502865 1.0215069177
0.5319975321 2.1581008119 0.8089792922 0.0004488043 0.8346022114 0.0488907099 0.4976614383 0.4478479740 0.0151329674 0.1954997892 1.7091054485 0.0038780272
6.5983384909 0.8309370846 0.0025126152 0.0254184008 0.0075275078 0.0049437396 0.7942276083 0.0248023309 0.0396944583 0.0116362237 0.0196654350 0.5037062806
16.1221482010 50.8204954218 0.1463296825 0.3076244148 0.7871705115 0.0373974443 6.3740100771 0.8515767761 0.0294517726 0.0982408413 0.2687133851 0.0262518414
16.1217637510 50.8197563242 0.1463296825 0.3075767311 0.7871705115 0.0267162919 6.3740093320 0.8515767761 0.0279258937 0.0990037807 0.2687133851 0.0247259625
12.9967577876 50.8197563242 0.5369546828 0.3075767311 0.7871690214 0.0267162919 6.3740093320 0.8515767761 0.0279258937 0.0990037807 0.2687133851 0.0247259625
0.0668413938 14.8929121111 0.5106346686 0.0987105072 0.0009537674 0.2212624068 0.1243905165 0.0398097560 0.0397469849 0.1112644562 0.2320315691 0.3175517547
0.0180132687 14.8929121111 0.5121605476 0.0987105072 0.0024796464 0.2212638969 0.1243905165 0.0398097560 0.0397529453 0.1112584957 0.2381350847 0.3175517547
0.0668413938 14.8440839861 0.5106346686 0.0987105072 0.3915787678 0.2212624068 0.1243905165 0.0398097560 0.0397469849 0.1112644562 0.2320315691 0.3175517547
0.0653214753 64.8501875483 0.4011998888 0.0007683411 0.4163743001 0.1953223722 0.2945022660 0.0397857279 0.0031013042 0.0011504628 0.2320372502 0.3177187408
6.2664933561 64.8501875483 0.4134069201 0.0009590760 0.3919602375 0.1953223722 0.2945022660 0.0397857279 0.0031013042 0.0011504628 0.2320372502 0.3177187408
0.0653214753 52.3501875367 0.4011998888 0.0007683411 0.4163743001 0.1953223722 0.2945022660 0.0397857279 1.5656013056 0.0011504628 0.2320372502 0.3177187408
0.0653095544 52.7408125370 0.4011998888 1.5632683426 0.4159928303 0.1953223722 0.1968460159 0.0405486673 1.5655994430 0.0011504628 0.2320376227 0.3177172507
0.0653095544 52.7411470681 0.4012013789 1.5632687151 0.4159928303 0.1953223722 0.1968460159 0.0405486673 1.5655994430 0.0011504628 0.2320376227 0.3177172507
0.0653035939 52.7411470681 0.4012013789 1.5632687151 0.4159928303 0.1953223722 0.1968460159 0.0405486673 1.5655994430 0.0011504628 0.2320406029 0.3177172507
28.1796224678 52.8632203609 0.4012966532 0.0984245912 0.4285872918 0.9777648384 0.1968577506 0.0252900645 0.0308576972 0.0134290196 0.2319422553 0.0247485005
28.2742269601 52.8632203609 0.0106716529 0.0984245912 0.6116927607 0.9777648384 0.2014353873 0.0252900645 0.0308576972 0.0134290196 0.2319422553 0.0247485005
27.6217726317 51.5692512054 1.9562458638 0.2537600698 0.0521481969 0.0202391297 0.0298490748 0.4045061771 0.0034558587 0.2142022366 0.0609728508 0.4432998602
1.3248712768 50.8070602555 0.0089737587 0.0003352761 0.0014251098 0.7817993879 0.7837846882 0.0248916447 0.2258934083 0.0047458336 3.1441831059 0.4883729857
3.5742312703 50.7902635734 0.3942581829 0.0018611550 0.0501578674 0.7849696100 0.0025347807 0.0255607069 0.9842498237 0.3962581981 3.1382731191 0.4890911286
4.2289499233 52.1850141251 0.0075712800 6.3973480895 0.2325118522 0.9785255426 0.2052508296 0.0252882019 0.4166191448 0.0134230591 0.0244145282 0.1238449478
13.5123726106 45.5112309619 0.0754148700 1.5663930230 0.0002940185 0.0488348306 0.7840446204 0.0557971187 0.2265231686 3.1809334673 0.0031715259 0.1983668657
0.4496365790 0.0090146437 0.3942581829 0.0138850883 0.0738089905 0.7849696100 0.0025347807 0.0011466444 0.9842498237 0.3962581981 3.1264474645 0.4890792076
76.8121560820 13.5193362958 0.0297569670 0.0000651926 0.0320820138 0.0994164498 0.0152625144 0.3906870264 0.2389101314 0.0214251690 0.0030859374 0.0043800101
76.8121545918 1.0193362842 0.0297569670 0.0008281320 0.0320879743 0.0978905709 0.0152625144 0.3906870264 0.2389131116 0.0214251690 0.0030976720 0.0043800101
76.8121545918 7.2693362900 0.0297569670 0.0008281320 0.0320879743 0.0978905709 0.0152625144 0.3906870264 0.2389131116 0.0214251690 0.0030976720 0.0043800101
76.8121545918 6.4880862892 0.0297569670 0.0008281320 0.0305620954 0.0978905709 0.0152625144 0.3906870264 0.2389131116 0.0214251690 0.0030976720 0.0042846426
27.5973578241 51.5700141448 1.9561981801 0.2476565542 0.0491918065 0.0202393159 0.0298490748 0.3923110668 0.0004041009 0.5983415065 0.0609668904 0.4425488417
40.1888152027 12.8980914251 1.9577240590 0.1972787084 0.1476139763 0.0141328201 0.0038383529 0.3930740062 0.0049817376 0.6469729362 0.0577243977 0.3938160840
1.5232355348 0.8066787392 0.0089737587 0.0003352761 0.0014251098 0.7817993879 0.7837846882 0.0248918310 0.2197898926 0.0048412010 3.1441890664 0.4883759660
0.9103664206 0.1046604478 0.0031267293 0.3906848844 0.8313330829 0.0489146449 0.7144254639 0.4455946390 0.0013866462 0.0032091513 0.0504750759 2.3472450695
1.2272150267 50.8070602555 0.0089737587 0.0979915262 0.0014247373 0.7817755461 0.7837846882 0.0248916447 0.2258934083 0.0056995079 3.1319760747 0.4883729857
0.4492312674 50.0334276352 0.3912064250 0.0018611550 0.0501578674 0.7849696100 0.0025377609 0.0247977674 0.2029998230 0.3962820400 3.1382731191 0.0984661282
2.0115167853 50.0273249578 0.0029656105 0.0018611550 0.0500625000 0.7847788751 0.0025377609 0.0247977674 0.2274073662 0.3955198456 3.1443762622 0.4883282822
2.0116836783 50.0334291254 0.0021073036 0.0018611550 0.0500625000 0.7847788751 0.0025377609 0.0247977674 0.2029936763 0.3955198456 3.1382731191 0.4890911286
0.9103664206 50.1046604944 0.0031386502 0.3906848844 0.8313330829 0.0489146449 0.7083219483 0.4455946390 0.0013870187 0.0032091513 0.0504750759 2.3472450695
3.5742312703 50.7902650636 0.3942581829 0.0018643215 0.0501578674 0.7849696100 0.0025347807 0.0255607069 0.9842498237 0.3962581981 3.1382731191 0.4890911286
3.6447787691 0.5932847975 0.0033148564 0.0004488043 0.0533537008 0.0488888473 0.4984243778 0.4478477877 0.0029233284 0.1961195843 1.6602776029 0.0000633299
0.1291179099 0.4952854481 0.0031267293 0.3906848844 0.8313330829 0.0488908031 0.7144254639 0.4700087015 0.0013866462 0.0032091513 0.0504750759 2.3472435794
0.4000455145 8.2121471020 0.3912300806 0.0138850883 0.0737076626 0.7849696100 0.0025347807 0.0007651746 0.7889373235 0.3960682083 3.1293919339 0.4890792076
0.6412297493 8.2121471020 0.3912076358 0.0016900711 0.0738981181 0.7849696100 0.3923431974 0.0007830560 0.7927635692 0.3953304145 3.1253030553 0.0984542073
21.5005110218 18.2650342754 0.1955091955 0.9080698722 0.0077556819 0.0007693656 0.0022372231 0.0077329576 0.0520348549 0.2045481468 0.7851502865 1.0213281037
21.5005110218 17.4837842746 0.1956045629 0.1222422348 0.0321697444 0.0007693656 0.0022372231 0.7876478143 0.0520348549 0.2045481468 0.7851502865 1.0213281037
73.4755228958 5.2248517100 0.1973673703 0.5133925011 0.3983739767 0.0001913868 0.0011686236 0.0991232694 0.3911497075 0.0061838888 0.0039485283 0.3072884868
73.4755228958 5.1758328501 0.1973643901 0.5133925011 0.4014257345 0.0001913868 0.0011686236 0.0991232694 0.3911497075 0.0061838888 0.0039485283 0.3072884868
0.3244304101 0.4952861932 0.0031237491 0.4028919157 0.8313328967 0.0488908031 0.7144254639 0.4455700521 0.0013866462 0.0032091513 0.0489491970 2.3472435794
0.3244304101 0.4983379510 0.0031237491 0.3906848844 0.8313388571 0.0488922932 0.7143302827 0.4471197729 0.0013866462 0.0032091513 0.0489491970 2.3480065189
0.5318068904 0.4010629844 0.7845652297 0.3910723146 0.8343876347 0.0488908031 0.6929739385 0.4470967692 0.0014000572 0.0001812354 1.7091054485 0.0042565167
2.0943068919 1.9635629858 0.7845652297 0.0004473142 0.8346022114 0.0488908031 0.6929739385 0.4478597086 0.0014000572 0.0001872890 1.7091054485 0.0042594969
0.5319856112 2.1581008119 0.8089792922 0.0004488043 0.8346022114 0.0488907099 0.4976614383 0.4478479740 0.0151329674 0.1954997892 1.7091054485 0.0038780272
3.8400912693 0.0072519295 0.0033141114 0.0004488043 0.0533537008 0.0488411636 0.4984241915 0.4463219088 0.0029233284 0.1961188393 1.6602776029 0.0000625849
13.9135357122 45.5110402270 0.0754148700 0.0038930215 0.0002940185 0.0488348306 0.7900526754 0.0557434746 0.2211829649 3.1809334673 0.0001227483 0.1983661206
