0.0500723231 0.0598685270 23.9964075060
2.1772217863 84.6987880896 0.4687960423
8.8903118824 18.1188591109 1.1939715166
0.0063136598 35.8711251860 3.8061807208
0.0002940309 39.5648198085 72.2969947199
0.0050443740 0.0011742443 93.1622198106
0.0776095443 0.0069154037 24.0447622903
0.0032756133 18.6228146271 8.8386849352
0.0398381404 0.0092736401 93.1548513345
0.0397213606 0.0097618224 93.1549024024
0.0399399021 0.0087820787 93.1536335964
0.0389801715 0.0106005009 92.0237412581
27.3518226905 5.8144407070 0.2398683310
1.9508067588 0.7368111688 19.0677349362
10.5332820128 2.2391613315 16.4195956250
28.4713450783 0.5480741203 0.6046972957
150.0327551618 0.1161395275 2.1910652554
214.7726239803 0.0042510550 45.0994432158
214.7201038896 0.0042500155 45.1099088793
391.3627152538 0.0077406271 2.9900832348
208.3353617638 0.8390925348 0.3261975043
131.8744594247 0.5311690938 2.2294400800
131.8744558912 0.5311690796 2.2296376300
131.8750329034 0.5311652301 2.2296473853
131.8788072367 0.5311557371 2.2297111973
104.5436717126 55.0124694417 0.0561130950
37.7735359349 152.7504346116 0.0200532236
7.2907792091 158.0799934635 0.0163745030
7.2422712487 157.0282350925 0.0200332823
7.2404548871 157.0297424411 0.0200334635
37.7735358745 152.7504343674 0.0219389609
47.1066474439 190.4921181476 0.0085463216
44.7642902058 191.0559684124 0.0085463151
39.8724804649 191.1879661855 0.0085058727
39.8908101983 191.1841425806 0.0085058727
157.1765541796 102.7367423864 0.0082483834
127.5296070148 66.5158807839 0.0131609566
127.4767018895 66.6127081775 0.0131603448
20.3538779323 0.8024194852 5.1024977951
2.1769685989 84.6988169802 0.4647345033
2.1448176938 84.7177284596 0.4648337036
2.1449201186 84.7167581866 0.4648283975
2.1446142651 84.7046780543 1.5047315205
2.1445508201 84.7046796606 1.5047315205
2.1445485883 84.7045915099 1.5087930156
2.1445492743 84.7045794239 1.5087928008
0.0843661415 109.7253019213 1.9538466687
0.0853505086 111.0055544934 1.6358257846
0.0001592254 127.1506385336 235.3614629039
1.0932166794 12.9034387445 14.7734801748
0.0987560363 20.2623689415 3.1624243223
7.3729263197 15.5819532621 12.8170564417
3.2759944968 12.4993911347 14.7414462248
8.5607313637 17.4474234237 5.2028509878
3.5817529232 12.4152111824 14.7414243300
2.3441075538 12.6880117755 14.7199354048
2.3454673855 12.6679646501 14.6070772663
2.2548738068 12.1786650506 14.7576850348
6.7436199872 10.3884292218 14.7572778937
6.8088419052 10.5242122587 14.5684477840
6.7846082395 10.5398511750 14.5684477840
6.7871438091 10.5393493007 14.5695526663
6.7814454935 10.5493768447 14.5757702081
5.1132787366 7.9543372215 16.7425604935
5.5744592312 8.6717604958 16.3260924476
5.5843499571 8.6579234044 16.3161486394
4.7088423924 9.1636097475 16.3161746298
4.6631924138 9.0747729266 16.3797579941
9.9765272485 3.7181184059 16.2473599027
7.2781290653 1.5471820795 18.4086447193
27.3517304321 5.8144224331 0.2505916659
27.3517304325 5.8144224331 0.2505916250
26.9231195744 5.8961996732 0.2469915861
26.8218753794 5.8740270572 0.5830575360
26.8218797904 5.8740174965 0.5830575841
28.4713439962 0.5480740995 0.6046986064
28.4723974329 0.5480944198 0.5828693815
26.0820518603 0.5020803557 11.4364344080
23.5147418918 0.4526557001 16.4209108809
28.4739705988 0.1986275452 19.8808604120
7.0389189129 0.2775008992 19.8078505528
0.1090218519 0.2248475679 21.6478347193
6.7934564604 0.2678238377 19.8868083927
7.0389196002 0.2774798045 19.8078501476
13.5487066917 0.5341363589 15.0067225132
10.7262599734 0.4228658555 17.9098783901
16.8533982495 0.6644186032 12.5092303544
2.0938556115 0.7318008121 20.2822864437
2.0939703315 0.7318409341 20.2822731525
1.9476579304 0.7493092539 19.0773069472
1.9464945364 0.7505760914 19.0715405965
13.9553746405 5.3812483702 12.0079694712
13.9872186764 5.3812049696 12.0318140339
14.0255295122 5.1992679095 12.0089403401
8.5466195821 17.4183986041 5.3219427727
19.0817693976 6.5198849083 1.1929335958
19.0813584628 6.5197444995 1.2006682363
19.0813585692 6.5197445359 1.2006663483
19.6455806497 6.7083222041 1.1721850221
7.8325673577 18.6518475705 3.1572871593
