0.0005381908 0.8400316684 0.4604229605 0.4672617237 0.4921507039 0.5036554518 0.5166799477 0.4997397442 0.4840469216 0.5015277187 0.4979509138 0.5314519364
0.2631121681 0.3135457005 0.4359869877 0.4798626420 0.4999589683 0.5041680704 0.5442449400 0.4657316352 0.4956048648 0.5686886977 0.4905279982 0.5223084497
0.0005140305 0.8131151375 0.4276961111 0.4331202157 0.4666713127 0.6251861496 0.5195817133 0.4765132046 0.4353734762 0.5944626858 0.4959005550 0.5218739067
0.9998335866 0.2817581951 0.5830559820 0.5351922759 0.4363547679 0.5115109091 0.5107892868 0.4962762915 0.4995035171 0.5002761777 0.4998292061 0.6255937727
0.0005140305 0.2516851632 0.4276961111 0.4880516180 0.4979079026 0.6252012892 0.5195817133 0.4765132642 0.4351298124 0.5944626868 0.4958965010 0.5218738918
0.0005595982 0.4129035840 0.4994114242 0.4920559698 0.3613248117 0.5352250231 0.5159379211 0.4819000359 0.4624763005 0.6290295614 0.4940715847 0.2540134604
0.0005381908 0.4652147717 0.4604276060 0.4672767440 0.4920200505 0.5016947030 0.5011770180 0.4997359295 0.4803848141 0.5015275995 0.4881853037 0.5314595583
0.0942712371 0.0769352457 0.4882087405 0.4295028648 0.4861415033 0.5431448487 0.5167354425 0.4975555106 0.4544784310 0.5742201149 0.4247401640 0.5010689837
0.0292106420 0.0026646154 0.5261251820 0.5355990646 0.5107603870 0.5350198918 0.5002819342 0.4978771140 0.0381594105 0.2482521164 0.3680646302 0.5019640266
0.0282340795 0.0026340978 0.5261251820 0.6605990647 0.5127135120 0.5350046330 0.5002819342 0.4978732844 0.0381558342 0.2492286789 0.3680646302 0.5024523078
0.0243278295 0.0026340978 0.5261251820 0.6604769944 0.5127135120 0.5339975530 0.5002514240 0.4978732844 0.0381558333 0.2492134201 0.3680646302 0.5034288703
0.1567712418 0.5115141529 0.4716071780 0.4998115576 0.4895594730 0.5438629655 0.5234416803 0.4975257157 0.4545089486 0.5742201149 0.4325526417 0.5010689837
0.4522673436 0.1277733502 0.4449452464 0.5049439310 0.4924465720 0.5249291943 0.5086988439 0.4970184402 0.4829051071 0.5089370529 0.4979537441 0.5000698869
0.4493376570 0.0027733501 0.4449447696 0.5049439310 0.4924770896 0.5249291943 0.5126050939 0.4970184402 0.4829089218 0.5089656483 0.4979537441 0.5000698916
0.3054544789 0.0307814703 0.5149150030 0.6416335261 0.4996484290 0.5017729173 0.5079215546 0.4920640229 0.4991488089 0.5062449793 0.4606759310 0.5026918794
0.4316569040 0.1602788737 0.4687071251 0.5156396176 0.4977931180 0.5064271796 0.5010383814 0.4843737255 0.4978823042 0.5002476950 0.4750665067 0.5146043967
0.4417863958 0.7243004634 0.4921788475 0.5010555615 0.4922323679 0.5086771459 0.5631412347 0.4969648705 0.4827258303 0.5343504870 0.3739752521 0.6293203855
0.0932262597 0.8154076122 0.4998902869 0.5097234850 0.4647199218 0.5003928910 0.5625004476 0.4966024603 0.4964565490 0.5021228739 0.4906747346 0.5002625925
0.0655246080 0.9809299558 0.4837666671 0.4871799596 0.4882414588 0.5119252917 0.5000049253 0.4838383770 0.4938198798 0.5045674038 0.4803991676 0.4444444370
0.0242514098 0.3757333191 0.5302758296 0.5044266847 0.4666282911 0.5034809117 0.5032095094 0.4888895783 0.4932932458 0.5076149455 0.4754256070 0.5006046514
0.6217139062 0.3338117007 0.5302916379 0.5527622295 0.5222873022 0.5034559243 0.5215887525 0.4972960041 0.4799936111 0.5421023365 0.4060979825 0.5323587698
0.6219504472 0.7688140318 0.5147887082 0.5351766548 0.5066699316 0.5010145181 0.5215888755 0.4971753568 0.4762095506 0.5420718040 0.4060979825 0.5480449019
0.6219504472 0.7693023130 0.5147887082 0.5351766548 0.5066699316 0.5015027993 0.5215888755 0.4971753643 0.4762095506 0.5420718189 0.4060979825 0.5480448944
0.3717062765 0.7693633482 0.5146666379 0.5351841054 0.5066623022 0.5015027993 0.5215886333 0.4972974346 0.4762095506 0.5421023365 0.4060979825 0.5324198348
0.7373413944 0.4531261143 0.5149319456 0.5029931306 0.4999298775 0.5056187450 0.5715641161 0.4939383478 0.4965096577 0.5316835153 0.4998307140 0.5108670429
0.7413086796 0.9536134423 0.5146868513 0.5029940843 0.4999298849 0.5056187450 0.5715641161 0.4939376288 0.4974862193 0.5316837537 0.4998612017 0.5108668641
0.6631988191 0.9536134386 0.5146868494 0.5030246018 0.4999298849 0.5056187450 0.5715660235 0.4939376363 0.4974404429 0.5355890501 0.4998612017 0.5108668641
0.0396006909 0.8400316684 0.4604239142 0.4672006885 0.4921507039 0.5114679518 0.5166799477 0.4997397442 0.4840469216 0.5015277187 0.4979509138 0.5314519289
0.7833661947 0.3201458960 0.4994575600 0.4961822028 0.4979343223 0.5089652431 0.5215321644 0.4843692635 0.4292935342 0.5713048871 0.4953840584 0.5314267432
0.7181286697 0.2522869764 0.4742421149 0.5130311190 0.4925991618 0.5249291775 0.5121320724 0.4744357900 0.4208971890 0.5089503895 0.4979536845 0.5078823618
0.6217136529 0.3745832074 0.5302916342 0.5488559879 0.6531380877 0.5034559243 0.5022328594 0.4972359226 0.4838998611 0.5342898327 0.4060979843 0.5006204885
0.0006612148 0.4652147679 0.4604314225 0.4672772209 0.4920581975 0.5016947030 0.5011770180 0.4977828045 0.4803848141 0.5015273611 0.4881853037 0.5002095583
0.0015147533 0.5275317873 0.4604229009 0.4672617237 0.4921507039 0.5114069018 0.5166799477 0.4997402211 0.4842910622 0.5015277783 0.4979509157 0.5312688346
0.0932262597 0.3154076117 0.4998902869 0.5019109850 0.4644757812 0.5003928910 0.5625004476 0.4966024603 0.4964565490 0.5021228739 0.4906747346 0.5002625925
0.6001066403 0.4674972086 0.6494302961 0.5318731540 0.4031805297 0.5270087072 0.5008291439 0.4962761397 0.4837627108 0.5335561582 0.4355276287 0.5026651812
0.5093272538 0.9649706315 0.4604277289 0.4672617237 0.4920276799 0.5095148250 0.5011770180 0.4997359295 0.4842910641 0.5015275995 0.4901384436 0.5314519289
0.6013314785 0.2643651173 0.6328630742 0.5318712243 0.4353773496 0.5112785655 0.5003408608 0.4972379194 0.4837469733 0.5315867053 0.4335736953 0.5065104258
0.5405772538 0.8399706314 0.4604200995 0.4672617237 0.4921507039 0.5095148250 0.5010549477 0.4997359295 0.4842910641 0.5015275995 0.4979509138 0.5314519289
0.5388314748 0.3229588674 0.6328635343 0.5313829431 0.4217016487 0.5112785339 0.5049184994 0.4977262006 0.4837469733 0.5315257307 0.4101361990 0.5059038890
0.8280084169 0.1256379272 0.5006604469 0.5358308801 0.4060808498 0.5112822293 0.5049146828 0.4967497834 0.4819311141 0.5004593129 0.4959514462 0.5059042466
0.3501772465 0.7383434612 0.4662859761 0.5641049189 0.4998674649 0.5165804424 0.5687593376 0.4685550290 0.5337697850 0.5238141301 0.4996208432 0.5157189160
0.3260828828 0.5654305262 0.2588009054 0.5020148591 0.4830350778 0.5002746959 0.5241093417 0.4920129101 0.4907086943 0.5366219464 0.4218718479 0.5245542866
0.9941569045 0.1602788811 0.4687071251 0.5156396167 0.4980372586 0.5064271796 0.5010460098 0.4765612255 0.4978899336 0.5002476950 0.4828770994 0.5146043967
0.3554556364 0.3931119380 0.4529370502 0.5047087683 0.4823823306 0.5000304603 0.5630602097 0.4876855002 0.3725582290 0.5064861109 0.3749475436 0.5638043122
0.3457982860 0.4184452141 0.4993964336 0.4871722110 0.4882414625 0.5353627992 0.5000039716 0.4838541089 0.4628142570 0.5045674038 0.4940715195 0.4522569221
0.2700376467 0.5332770185 0.4975290629 0.5641058726 0.4996233243 0.5009554275 0.5063259159 0.4958987781 0.5962984325 0.5081869918 0.4997467170 0.5469059772
0.8493405998 0.7146004780 0.5009850380 0.5020147092 0.4986600629 0.5014815568 0.5244449158 0.4920467655 0.4985316549 0.5366903642 0.4999891589 0.5188169838
0.8591923740 0.2817581951 0.5205559745 0.5351918289 0.4363538105 0.5112667778 0.5107740280 0.4967650608 0.4838785208 0.5003372128 0.4959229561 0.5000425470
0.8670210865 0.2817581951 0.5205559819 0.5351922685 0.4363547679 0.5112667685 0.5107587692 0.4967650534 0.4995035171 0.5002761777 0.4998292061 0.5005937726
0.7755536947 0.1009076145 0.4994575600 0.4884922500 0.4977206993 0.5089671505 0.5059071644 0.4843692635 0.4292935342 0.5713048871 0.4936750741 0.5333798756
0.4998335862 0.2817579566 0.5205416768 0.5351923365 0.4363547679 0.5036984091 0.5088361618 0.4962767684 0.4995035171 0.5007644515 0.4842042052 0.6255937429
0.4998331093 0.2817579566 0.5205416768 0.5351924855 0.4363547679 0.5036984091 0.5088361618 0.4962767684 0.4995035171 0.5007644515 0.4842042052 0.6255937429
0.4978799843 0.2817579566 0.5205416768 0.5351924855 0.4363547679 0.5036984091 0.5110334237 0.4962767684 0.4995035171 0.5007644515 0.4842042052 0.6255932512
0.2469073043 0.7977491690 0.5224633306 0.5351884305 0.4361106869 0.5034545069 0.5032247980 0.4888819479 0.4643320678 0.5007796953 0.4988602460 0.6568585100
0.1844073042 0.7977491690 0.5224633306 0.5351884305 0.4361106869 0.5034542684 0.5032247980 0.4888819479 0.4643320678 0.5007796953 0.4988602460 0.6568585100
0.0242514098 0.2507371337 0.5302758296 0.5044266847 0.4676048536 0.5034809117 0.5032095094 0.4888895783 0.4932932458 0.5076149446 0.4754246534 0.5025577764
0.0242513502 0.3757333191 0.5302758296 0.5044266847 0.4666282911 0.5034809117 0.5032095020 0.4888895783 0.4932932458 0.5076149455 0.4754256070 0.5006084661
0.0242474163 0.3757409485 0.5302758296 0.5044266847 0.4665672560 0.5034809117 0.5032094722 0.4891337189 0.4932932458 0.5076149455 0.4754256070 0.5008526067
0.0029940903 0.9985159561 0.4759541522 0.4871790022 0.4862883338 0.5079582431 0.5800830504 0.4843267179 0.4923550361 0.5671360982 0.4959020973 0.4582994771
0.3410459630 0.4843943068 0.4660834451 0.4832717818 0.4960197420 0.5064965407 0.5805994231 0.4372537783 0.3744505638 0.5010966198 0.4877521922 0.5214559394
0.3059391839 0.2807814705 0.5149150011 0.6416335261 0.4996484290 0.5017729173 0.5091422577 0.4920640229 0.4991488089 0.5062450985 0.4606759161 0.5026918794
0.3488523181 0.6496600254 0.5003136662 0.5020184643 0.4986905805 0.5161147653 0.5234682937 0.4900955469 0.4946254059 0.5327860215 0.4997465084 0.5266141952
0.3488523181 0.6501483066 0.5012902287 0.5020184643 0.4986600629 0.5161147653 0.5234682937 0.4900955469 0.4946254059 0.5327841142 0.4999887417 0.5266141952
0.3493405994 0.1501473534 0.5012902287 0.5020185239 0.4986600629 0.5004897653 0.5245669871 0.4900955479 0.4946254059 0.5327841142 0.4999887417 0.5188017250
0.0932262597 0.3310326117 0.4998292518 0.5019147997 0.4644757812 0.5008811723 0.5625004476 0.4926961805 0.4964565490 0.5646266887 0.4906747346 0.5002625925
0.2558733097 0.6314967336 0.4761952334 0.5000764071 0.4922323679 0.5086137117 0.5398868402 0.4930667705 0.4837028417 0.5323667960 0.4989905111 0.6253292566
0.3183733097 0.6314967336 0.4449452334 0.5000764071 0.4922018503 0.5086137117 0.5398868998 0.4930515117 0.4837028417 0.5323667960 0.4989905111 0.6253292566
0.4414812871 0.5064376057 0.4449376170 0.5000611185 0.4924465720 0.5086175338 0.5126041402 0.4931123075 0.4838246875 0.5323669068 0.4989913418 0.5000851457
0.4512907811 0.1277733502 0.4449447696 0.5049439310 0.4944299762 0.5249291943 0.5126050939 0.4970184402 0.4829089218 0.5089351307 0.4979537441 0.5000689332
0.9005536948 0.1009075847 0.4994575600 0.4884922500 0.4977206993 0.5089595211 0.5059071644 0.4843692682 0.4917935324 0.5713048871 0.4936750741 0.5333798756
0.5318549727 0.1037020023 0.4955240539 0.5882049600 0.4276768299 0.5249661352 0.5235963310 0.4296580278 0.4960362273 0.5296047726 0.4949412602 0.5081942282
0.9941635802 0.1602788811 0.4687071251 0.5156396167 0.4980372586 0.5064271796 0.5010460098 0.4765612255 0.4978899187 0.5000035544 0.4828770994 0.5146043967
0.9941635802 0.1563726311 0.4687071251 0.5156393782 0.4980372586 0.5064271796 0.5322959503 0.4765612255 0.4980119891 0.5000035544 0.4828770994 0.5146043929
0.3948020883 0.5020422773 0.4972849223 0.5640906138 0.4996233243 0.5005279440 0.5062992503 0.4960208465 0.5963059986 0.5000006254 0.4997324119 0.5469088401
0.2857246057 0.5938236551 0.4662790629 0.5641058875 0.4998674649 0.5009554424 0.5062593375 0.4958987781 0.5337698371 0.5236918214 0.4997467319 0.5156559735
0.2876772539 0.7344372112 0.4662857377 0.5641049189 0.4998674649 0.5009554424 0.5062593375 0.4685550281 0.5337698446 0.5238141301 0.4997429135 0.5157189160
0.0416117581 0.4260875941 0.4682395481 0.5005210754 0.4998679250 0.5477016964 0.5629024064 0.4663415351 0.5338001843 0.6410064005 0.4918120238 0.5206713011
0.4136918247 0.2585055300 0.4945758707 0.4672694108 0.4918816187 0.5005047633 0.5186312008 0.4783736407 0.4838782330 0.5345009859 0.4977071625 0.5000159708
0.0005140305 0.3141241281 0.4276961111 0.4878077158 0.4979079026 0.6252012892 0.5195817133 0.4765132642 0.4351293356 0.5944626868 0.4959003157 0.5218738918
0.0025127232 0.4129036436 0.4994114242 0.4920559698 0.3613248117 0.5352250231 0.5003129211 0.4819000359 0.4624763005 0.6290314688 0.4940715847 0.3165134604
0.0015147533 0.8400317876 0.4604229605 0.4672617237 0.4921507039 0.5036554369 0.5166799477 0.4997397442 0.4840469216 0.5015277187 0.4979509157 0.5312688346
0.0015147533 0.7775317875 0.4604229009 0.4672617237 0.4921507039 0.5114679369 0.5166799477 0.4997402211 0.4840469216 0.5015277783 0.4979509157 0.5312688346
0.0654940978 0.9985157177 0.4837666522 0.4871790022 0.4882414588 0.5080190399 0.5800830504 0.4843267179 0.4933315986 0.5046360982 0.4802770973 0.4600084019
0.0034823716 0.9985154793 0.4759541522 0.4871790022 0.4862883338 0.5079582431 0.5800830504 0.4843267142 0.4962612861 0.5671360982 0.4959020973 0.4582994771
0.0191064179 0.9985154793 0.4759541522 0.4871790022 0.4862883347 0.5079582431 0.5800830504 0.4843267142 0.4962612861 0.5671351446 0.4959020973 0.4584215474
0.0191064254 0.9985135719 0.4759589205 0.4871790022 0.4862883347 0.5079601505 0.5800830504 0.4843267142 0.4962612861 0.5671351446 0.4959020936 0.4584215474
0.0005140305 0.2516241281 0.4276961111 0.4878074773 0.4979079026 0.6252012892 0.5195817133 0.4765132642 0.4351293356 0.5944626868 0.4958965010 0.5218738918
0.0005140305 0.8209276375 0.4276961111 0.4331202157 0.4666713127 0.6251860304 0.5195817133 0.4765132046 0.4353734762 0.5944626877 0.4959005550 0.5216316735
0.0005140305 0.7584278758 0.4355067037 0.4334864267 0.4666713127 0.6251860406 0.5195817133 0.4762690565 0.4346410543 0.5944626877 0.4959003166 0.5216321503
0.0005140379 0.7584278758 0.4355067186 0.4335474618 0.4666713127 0.6251860406 0.5195817133 0.4762690565 0.4346410394 0.5944626877 0.4959022240 0.5216321503
0.5221990920 0.4333832734 0.4686998487 0.4957005284 0.4985718732 0.5234776619 0.5237161522 0.4667966901 0.5942525972 0.5325035290 0.4996694983 0.5225465899
0.6138891555 0.2731964768 0.4603990824 0.4957005135 0.4986329083 0.5244542281 0.5237160926 0.4667962133 0.6020651009 0.5013155290 0.4996694983 0.5225389009
0.6138891518 0.3957551004 0.4603990824 0.4959446541 0.4909424824 0.5244542281 0.5237161224 0.4665444432 0.5708151754 0.5013155290 0.4996694983 0.5225389009
0.6158422787 0.3958161356 0.4916490824 0.4959446541 0.4889893574 0.5244523208 0.5237165992 0.4665444432 0.5864382680 0.5013155290 0.4996694983 0.5225389009
0.6158422787 0.3960602762 0.4916643412 0.4959446541 0.4889893574 0.5244523208 0.5237165992 0.4660561545 0.5864382680 0.5013155290 0.4996694983 0.5225389009
0.0006611999 0.9652171516 0.4604315417 0.4672772209 0.4920581975 0.5016947030 0.5011770171 0.4977828045 0.4803848141 0.5054326574 0.4881853037 0.5002075913
0.0006602611 0.4652147679 0.4604314225 0.4672772209 0.4920505681 0.5016947030 0.5011770180 0.4977828045 0.4803848141 0.5015275995 0.4881853037 0.5002095583
0.0005381908 0.9652147721 0.4604276060 0.4672767440 0.4920200505 0.5016947030 0.5011770180 0.4997359295 0.4803848141 0.5015275995 0.4881853037 0.5314595583
0.0005381908 0.9649706315 0.4604277252 0.4672769825 0.4920200505 0.5016947030 0.5011770180 0.4997359295 0.4803848141 0.5015275995 0.4920915537 0.5314595583
0.4692642954 0.9481983985 0.4989645756 0.4680170896 0.4996640780 0.5098892939 0.5188838872 0.4173391698 0.4843669240 0.5980175953 0.4977414967 0.5078589437
