0.5100189762 0.4032576510 2.0143493169
3.7977297009 0.4707184739 0.6686385514
35.3029962178 0.8900583882 -15.7774835871
52.0251775005 7.3231913509 -26.5150606379
0.5232137412 28.5414502070 -9.5309100284
31.1360992803 71.8385752050 -57.0583205122
81.1709198164 70.5054452539 -85.3891993152
14.6044297953 63.1461821827 -39.8474828582
13.0883852079 1.2818635391 -5.4304567951
31.8401910198 15.9034248127 -16.7666895848
0.5851144305 50.3831062333 -27.6540205597
4.8356275206 84.5241554955 -37.4627647034
16.7923441297 84.3806285250 -41.8420690318
4.8356272105 84.5256810643 -37.2854746005
4.4450365424 84.5257153966 -39.2565019746
4.4450603758 84.5257153882 -39.2565679129
4.4374323224 84.5257167293 -39.2329593596
17.3833962685 84.0912500242 -50.0321285087
64.5018787960 63.1709945281 -71.4582275981
55.2663754500 84.4329209167 -60.4753952182
55.2661958910 84.4326459903 -60.4673808540
52.9340171155 62.8934304222 -59.7709464697
81.1350006940 71.8374765721 -86.3976611842
31.1423400831 71.8386886503 -57.1332861206
31.0933058042 71.8384825896 -55.7280641318
31.0933357108 71.8140984337 -55.9841883489
20.2661393206 12.9947225491 -14.7664353168
13.0152520540 2.3805593789 -6.5507287518
28.6889383895 22.6154534415 -17.2849594105
1.1737474468 53.7042563567 -29.7328050461
39.7871762683 50.5037492409 -48.2456216028
52.9302164328 86.3271281781 -68.9841709450
51.5050790895 20.2149271364 -35.0552455310
0.9017447887 12.9043584747 -1.5790920985
3.8148804792 28.6127023854 -10.7895162203
51.2253129059 0.5343291572 -19.0555604657
50.4772256695 50.4881969288 -56.1024838239
53.7179188328 50.3360983409 -57.4693177778
63.7315835608 0.3392344486 -33.6343363736
13.0532289579 13.7467073007 -13.3805802658
15.6975663304 54.2986598263 -32.2974296001
0.3782168121 53.4458350975 -1.7065886450
1.1737473947 53.7042564908 -29.7328042256
1.1737473947 53.7040657559 -29.7282706483
51.2253108942 0.5343301257 -19.0555780076
51.2955832962 0.4093377112 -18.3446074589
51.2667354826 0.3743863820 -17.8634393416
50.5950989294 50.3626925029 -36.5594127170
50.5929703283 50.3361498393 -35.3556253523
53.7118153172 50.3360983409 -57.4199308249
53.7118345993 50.3360937812 -57.4202656328
53.7107385565 50.3838258634 -59.1195013641
50.5857389559 50.3838262657 -37.8569533578
3.7980010352 50.4709928350 -28.8598673677
3.7790375669 3.5768594499 0.0189030044
3.8149166555 28.6119756223 -10.8438178691
3.7072844654 28.6020475523 -10.4146189398
3.7083123922 28.6015496002 -10.4317936952
0.5100145822 25.4032510451 2.1083302486
0.9006439766 0.4032576510 1.9536179116
0.9047922550 12.9043541832 -1.5856232001
0.9003290592 12.9059945030 -1.8421390730
0.8510792909 12.9054774923 -1.7481251208
0.9487349794 12.9054746956 -1.9505065821
0.9609420106 12.9054746956 -1.9773135498
0.9612166688 0.4057493421 1.7775417022
2.4999843881 0.3953625399 1.0464838043
2.5016067389 0.3481567657 1.0942235458
2.4999502067 0.5418127336 1.0244413154
14.9977384091 0.4419439293 -5.6800204646
15.5079806371 50.9515047551 -29.7111657062
89.7927465980 50.3507234851 -74.5773937671
89.7981175576 50.3683014760 -74.8084523543
89.7981518899 50.3195076833 -68.8818308943
89.7981503812 50.5147709910 -77.6430352160
38.3122695485 53.6168747599 -50.7918436967
39.9476049182 63.2129881461 -53.4679229997
39.9476134677 63.2130920631 -53.4768468933
38.0029544582 63.2167904289 -50.6759890193
12.9931443327 63.1462729028 -35.7592649539
64.6451463382 13.3563669311 -40.7971657355
64.5079823200 63.1709945365 -71.5851737674
64.5079823200 63.1709944433 -71.5851717774
64.6056709168 63.1709790132 -65.4593571155
64.6047066626 63.1456006965 -64.4636932588
14.6044295439 63.1462299874 -39.8503245834
13.0419638747 63.1462643197 -37.4803881581
20.0241194128 63.1459979764 -38.1594418665
20.2662518542 12.9947397153 -14.7706695337
20.4621136708 12.9952860515 -15.1629915437
13.0639882445 1.2818802656 -5.3121563771
13.0497030591 1.2798024840 -5.1982339613
13.0497202253 1.2797719665 -5.1982032949
12.9983886260 26.9719146437 -21.1967557883
51.4737941425 0.9548160809 -23.8314176598
51.4392740566 7.2569708401 -26.0926942916
51.4294037807 8.0283505650 -28.2832068396
51.4314627868 8.0365130867 -28.3499454440
35.3205534216 7.1576155978 -17.1090334068
35.3721281287 7.1603621798 -17.2139787082
