0.0358963348 0.0477011465 -0.0212545507 0.0267148428 0.0460551344
0.0432432630 0.1258300209 -0.0165348388 0.0181927942 0.0462745391
0.0360184051 0.0476997011 -0.0837469213 0.0267148577 0.0460551344
0.0005888529 0.0073572062 -0.1775837132 0.0002032928 0.0526494943
0.0256577991 0.0462448262 -0.0719866418 0.0483446457 0.1171656066
0.0297622644 0.0154752843 -0.1083517187 0.0160383321 0.0577446782
0.3585937809 0.5000766632 -0.0003999360 0.3186173032 0.3199623938
0.3121346052 0.5000336808 -0.0001438074 0.3652711626 0.3800535243
0.0297622644 0.0154752843 -0.0692892187 0.0160383321 0.0577446782
0.0035218857 0.0076151081 -0.2215183864 0.0002403893 0.0482816212
0.0015709065 0.0077226274 -0.1731904337 0.0716731661 0.0389440917
0.0015709065 0.0077226274 -0.1575654337 0.0716731661 0.0389438533
0.0035180710 0.0076151081 -0.2215183864 0.0002403893 0.0482816212
0.0035180710 0.0075998493 -0.2215183864 0.0002408661 0.0482816212
0.0297584497 0.0155973546 -0.0692282431 0.0160383321 0.0617114865
0.0206709542 0.0305503272 -0.0316117369 0.0725288057 0.0261367373
0.0432432630 0.1257689857 -0.0165348388 0.0181927942 0.0462745391
0.0524245091 0.0774338432 -0.0023191087 0.0727800243 0.0259493552
0.0432432630 0.1414092445 -0.0165386535 0.0260052942 0.0463050567
0.0432432630 0.1414092445 -0.0165386535 0.0260663294 0.0463050567
0.0432432630 0.1414092445 -0.0165386535 0.0259442590 0.0463050567
0.0432432630 0.1414092445 -0.0162945129 0.0259442590 0.0463050567
0.0035180710 0.0075998493 -0.2371428946 0.0002408661 0.0502347462
0.0035180710 0.0075998493 -0.2371429095 0.0002408661 0.0502347462
0.0015709065 0.0077226274 -0.1575730631 0.0716731661 0.0076938532
0.0358963348 0.0477016084 -0.0212545507 0.0267148428 0.0460551344
0.0360184051 0.0477016084 -0.0212469213 0.0267148428 0.0460551344
0.0360184647 0.0476997011 -0.0837469213 0.0267148577 0.0460627638
0.0360184647 0.0476997011 -0.0915594214 0.0267148577 0.0460627638
0.0360184647 0.0486762636 -0.0290594213 0.0264707171 0.0460627638
0.0360184647 0.0486763232 -0.0290594213 0.0264707171 0.0460627638
0.0360184647 0.0486763232 -0.0290594213 0.0264096819 0.0460627638
0.0360184647 0.0484321826 -0.0603094213 0.0264096819 0.0460627638
0.0206709616 0.0305483453 -0.0325730332 0.0705756806 0.0300429873
0.0256577991 0.0462448262 -0.0719866418 0.0483446457 0.1171658450
0.0519209542 0.0305503272 -0.0316117369 0.0725288057 0.0261367373
0.0297584497 0.0154752843 -0.0692282431 0.0160383321 0.0616509282
0.0297622644 0.0154752843 -0.0692282431 0.0160383321 0.0616509282
0.0297622644 0.0154752843 -0.0692892783 0.0160383321 0.0616509282
0.0297622644 0.0154734962 -0.1083517187 0.0160383321 0.0577446782
0.0297622644 0.0154734962 -0.1083517187 0.0160383918 0.0577446782
0.0297622644 0.0154734962 -0.1083517187 0.0160381533 0.0577446782
0.0296373330 0.0306102149 -0.1077416056 0.0159160830 0.0578056686
0.0296392404 0.0310984962 -0.1077416056 0.0159160830 0.0578056686
0.0296373330 0.0310984962 -0.1077416056 0.0159160830 0.0578056686
0.0296373330 0.0306254737 -0.1077417248 0.0159160830 0.0578056686
0.0296372734 0.0306258314 -0.1077417248 0.0159160830 0.0578056686
0.0296372734 0.0306258314 -0.1077398175 0.0159160830 0.0578056686
0.0296372734 0.0310835950 -0.1077398175 0.0159160830 0.0578056686
0.0296372734 0.0154585950 -0.1077398175 0.0159160830 0.0578056686
0.0306138359 0.0154585950 -0.1077398175 0.0159160830 0.0578056686
0.0267075859 0.0154585950 -0.1077398175 0.0159159638 0.0578056686
0.0264634453 0.0154585950 -0.1077398175 0.0159159638 0.0578056686
0.0264634453 0.0467085951 -0.1077398175 0.0159159638 0.0578056686
0.0264634453 0.0467085951 -0.1077398175 0.0159159638 0.0578057282
0.0264634453 0.0467085951 -0.1077398175 0.0159159638 0.0578205102
0.0264634453 0.0457320326 -0.1077398175 0.0159769990 0.0578207486
0.0005888529 0.0073572062 -0.1775839517 0.0002032928 0.0526494943
0.0005888529 0.0073572062 -0.1775839517 0.0704536848 0.0526475870
0.0005893297 0.0073572062 -0.1775839517 0.0704536848 0.0526475870
0.0015658923 0.0075994395 -0.1775839517 0.0704536848 0.0516710245
0.0015709065 0.0077226274 -0.1731904337 0.0716731661 0.0389438533
0.0015709065 0.0077226274 -0.1575730705 0.0736262911 0.0076928996
0.0015709065 0.0077216737 -0.1565965080 0.0736262911 0.0076928996
0.0015709065 0.0077216737 -0.1565965080 0.0736262911 0.0076929294
0.0171959065 0.0233466737 -0.1565965080 0.0736262911 0.0067163669
0.0171959065 0.0233466737 -0.1565965006 0.0736262911 0.0067163669
0.0171339177 0.0233504884 -0.1565354654 0.0736262911 0.0145364963
0.0171348713 0.0233466737 -0.1565965006 0.0736262911 0.0145288669
0.0171348713 0.0233466737 -0.1565965006 0.0736262911 0.0145441257
0.0171348713 0.0233504884 -0.1565965006 0.0736262911 0.0145441257
0.0171339177 0.0233504884 -0.1565965006 0.0736262911 0.0145441257
0.0171339177 0.0233504884 -0.1565354654 0.0736262911 0.0145517551
0.0171339177 0.0228622072 -0.1565354654 0.0736262911 0.0145364963
0.0171339177 0.0228622072 -0.1565354654 0.0736339205 0.0145364963
0.0171339177 0.0228622072 -0.1565354654 0.0736349934 0.0145364963
0.0171339177 0.0306747072 -0.1565354058 0.0736340546 0.0145364963
0.0210401677 0.0306747072 -0.1565354058 0.0736340546 0.0145360194
0.0210401677 0.0306747072 -0.1575119683 0.0736340546 0.0145360194
0.0211622380 0.0306747072 -0.1575730035 0.0736340546 0.0145360045
0.0206739567 0.0306747072 -0.1575730035 0.0736340546 0.0145360045
0.0206701420 0.0306747072 -0.1575730035 0.0736340546 0.0145360045
0.0206701420 0.0306747072 -0.1575730035 0.0736341142 0.0145360045
0.0206710957 0.0306747072 -0.1575730035 0.0736341142 0.0145360045
0.0206710957 0.0306742303 -0.1575730035 0.0736341142 0.0145360045
0.0206710957 0.0306704156 -0.1575730035 0.0736350679 0.0145360045
0.0206710957 0.0306704156 -0.1575730035 0.0736350679 0.0145362429
0.0206710957 0.0287172906 -0.0325730034 0.0716819429 0.0145400576
0.0524249860 0.0774338432 -0.0023191385 0.0727800243 0.0259484016
0.0524249860 0.0774338432 -0.0335576944 0.0728410595 0.0259484016
0.3836074438 0.5001683054 -0.0004770197 0.3948130127 0.3974928003
0.3585937809 0.5000766632 -0.0003999360 0.3186173032 0.3200234289
0.3585937213 0.5000766632 -0.0003999360 0.3186173032 0.3200234289
0.3663033884 0.5000401181 -0.0025793128 0.3440677788 0.3802549582
0.3836074438 0.5001683054 -0.0004770197 0.3948745247 0.3974928003
0.3836074438 0.5001683054 -0.0004770271 0.3948745247 0.3974928003
0.3836074438 0.5001683054 -0.0004770271 0.3948742863 0.3974928003
0.3836093511 0.5001683054 -0.0009653084 0.3949963566 0.3974928152
0.3836074438 0.5001683054 -0.0004770271 0.3949963566 0.3974928003
0.3836074438 0.5001683054 -0.0009653084 0.3949963566 0.3974928003
