-0.0564915129 0.3325697745 -0.0174066685 -0.0028441288 0.2207640076
-0.3869222071 0.0008208565 -0.3787436899 -0.3828778531 0.0007166453
-0.0217064060 0.4552308810 -0.0103456564 -0.0011650436 0.2343076954
-0.3060142214 0.0154302456 -0.2642046029 -0.2980040277 0.0090499632
-0.0117259286 0.2750005538 -0.1134470963 -0.0074585341 0.1840637589
-0.0276981630 0.3322111632 -0.0078851990 -0.0027202480 0.4752633762
-0.0214268901 0.3281709220 -0.0098545291 -0.0246945732 0.2301420162
-0.0242344178 0.3326918449 -0.0235063993 -0.0028421991 0.2246530244
-0.0214612223 0.3322068717 -0.0098544695 -0.0159055106 0.2330717037
-0.0214612223 0.3322106864 -0.0098544695 -0.0000347011 0.2330717037
-0.0117259286 0.2750005538 -0.1134470963 -0.0074585341 0.1840636993
-0.0545549132 0.3951689418 -0.0016475357 -0.0140513964 0.0820411407
-0.0545544364 0.3951689418 -0.0016475357 -0.0140509196 0.0820411407
-0.0117260479 0.2750003154 -0.1135234201 -0.0074585341 0.1840637514
-0.0545544364 0.3951651271 -0.0328961052 -0.0081843324 0.1289849245
-0.0545544364 0.3951536830 -0.0328808464 -0.0081843324 0.1368279421
-0.0545544364 0.3951689418 -0.0328961052 -0.0081843324 0.1289849245
-0.0545544364 0.3951536830 -0.0328808464 -0.0081843324 0.1290154421
-0.0545544364 0.3951536830 -0.0328961052 -0.0081843324 0.1290154421
-0.0545544364 0.3951536830 -0.0328808464 -0.0081843175 0.1368279421
-0.1191212126 0.3345191445 -0.0017969273 -0.0028441288 0.2207640076
-0.0545563438 0.3907620128 -0.0348339714 -0.0081232973 0.1368260273
-0.0217064060 0.4552308810 -0.0103456564 -0.0011650436 0.2340635548
-0.0217064060 0.4552308810 -0.0103456564 -0.0011645667 0.2340635548
-0.0217064060 0.4552308512 -0.0103456564 -0.0011645667 0.2340633164
-0.0221948065 0.4531556633 -0.0103456564 -0.0011645667 0.2340327988
-0.0221948363 0.4531556633 -0.0103456564 -0.0011645667 0.2340633164
-0.0231713988 0.4535218742 -0.0102846064 -0.0011645667 0.2340633164
-0.0231713988 0.4535218742 -0.0102846064 -0.0011035316 0.2340633164
-0.0231713988 0.4535218742 -0.0102693476 -0.0011035316 0.2340633164
-0.0214268901 0.3281709220 -0.0098545291 -0.0246945732 0.2291654537
-0.0214612223 0.3322068717 -0.0098544695 -0.0159036033 0.2330717037
-0.0242649503 0.3325697745 -0.0169184171 -0.0028440990 0.2246683503
-0.0214612223 0.3283006217 -0.0098544695 -0.0156597011 0.2330717037
-0.0214612223 0.3283044364 -0.0098544695 -0.0156597011 0.2330717037
-0.0214612223 0.3322106864 -0.0098535754 -0.0000347011 0.2330717037
-0.0214574076 0.4572106865 -0.0098535754 -0.0000347011 0.2330717037
-0.0214729049 0.4572106865 -0.0098535754 -0.0000347011 0.2330717037
-0.0214728750 0.4572106865 -0.0098535754 -0.0000347011 0.2252592037
-0.0214728750 0.4572106865 -0.0098535754 -0.0005229823 0.2253202388
-0.0214726366 0.4572106865 -0.0098535754 -0.0005229823 0.2252592037
-0.0214726366 0.4572106865 -0.0098535754 -0.0024761073 0.2252592037
-0.0214725770 0.4572106865 -0.0098383166 -0.0024761073 0.2252592037
-0.0209842958 0.4572106865 -0.0098383166 -0.0024761073 0.2252592037
-0.0287967958 0.4572106865 -0.0098383166 -0.0024761073 0.2252592037
-0.0278202333 0.4572106865 -0.0098383166 -0.0024761073 0.2252590845
-0.0278202333 0.4572111633 -0.0078851990 -0.0027202480 0.2252595613
-0.0276981630 0.4572111633 -0.0078851990 -0.0027202480 0.4752633762
-0.0276981630 0.3322111632 -0.0088579469 -0.0027202480 0.4752633762
-0.0281864442 0.3322111632 -0.0088579469 -0.0027202480 0.4752633762
-0.0281559266 0.3322111632 -0.0088579469 -0.0027202480 0.4752633762
-0.0281559266 0.3322111632 -0.0088732056 -0.0027202480 0.4752633762
-0.0281406679 0.3322111632 -0.0088732056 -0.0028423183 0.4752633762
-0.0281406679 0.3322111632 -0.0244982057 -0.0028423183 0.4752633762
-0.0281406679 0.3322111632 -0.0244982057 -0.0028421991 0.4752633762
-0.0281406679 0.3322035338 -0.0244982057 -0.0028421991 0.4752633762
-0.0281406679 0.3326918449 -0.0244982206 -0.0028421991 0.4752633762
-0.0242344178 0.3326918449 -0.0235216581 -0.0028421991 0.4747750950
-0.0242344178 0.3326918449 -0.0237505399 -0.0028421991 0.2246530244
-0.0242344178 0.3326918449 -0.0237505399 -0.0028421991 0.2247140596
-0.0242344178 0.3326918449 -0.0237505399 -0.0028421991 0.2247140670
-0.0242344178 0.3326918449 -0.0237505399 -0.0028421991 0.2246530319
-0.0242344178 0.3326918449 -0.0237505399 -0.0028441064 0.2246530319
-0.0242344178 0.3326918449 -0.0247271024 -0.0028441064 0.2246682907
-0.0242344178 0.3325697745 -0.0247309171 -0.0028441064 0.2246683503
-0.0242344327 0.3325697745 -0.0247309171 -0.0028441064 0.2246683503
-0.0242649503 0.3325697745 -0.0169184171 -0.0038206615 0.2246683503
-0.0281712003 0.3325697745 -0.0169184171 -0.0038206615 0.2246683503
-0.0291477628 0.3325697745 -0.0169183873 -0.0038206913 0.2246683503
-0.0564915129 0.3325697745 -0.0174066685 -0.0028441288 0.2246702576
-0.0564915129 0.3325697745 -0.0174219273 -0.0028441288 0.2207640076
-0.0564915129 0.3345229592 -0.0017969273 -0.0028441288 0.2207640076
-0.0564991423 0.3345191445 -0.0017969273 -0.0028441288 0.2207640076
-0.1191212126 0.3345191445 -0.0017971657 -0.0028441288 0.2207640076
-0.3060142214 0.0154302456 -0.2642046029 -0.2980040277 0.0012374930
-0.0117260479 0.2750003154 -0.1137675607 -0.0074585341 0.1840637514
-0.0117259286 0.2750005538 -0.1134470963 -0.0074585341 0.1840331817
-0.3588116731 0.0006938167 -0.3583476510 -0.3709693964 0.0056678988
-0.0117259286 0.2750005240 -0.1134394669 -0.0074585341 0.1840293670
-0.3410540636 0.0051431097 -0.3056089620 -0.3371072973 0.0001749881
-0.2785507257 0.0017261021 -0.3056089620 -0.3293100561 0.0023722239
-0.3659869995 0.0016200431 -0.3226618807 -0.3394703831 0.0041922666
-0.3858708557 0.0016986094 -0.3755102422 -0.3332192193 0.0011332594
-0.3060142214 0.0115239956 -0.2642046029 -0.2980040277 0.0012374930
-0.3332110460 0.0051507391 -0.3056242208 -0.3371072973 0.0001749732
-0.3060141916 0.0115239956 -0.2642046029 -0.2980040277 0.0012374930
-0.3060141916 0.0115239956 -0.2642047221 -0.2980040277 0.0012374930
-0.2982016916 0.0115239956 -0.3223712261 -0.2980030741 0.0012376122
-0.2981711741 0.0115239956 -0.3223712261 -0.2982472147 0.0012376122
-0.2785507257 0.0017261021 -0.3056089620 -0.3371225561 0.0021280833
-0.2785507257 0.0017261021 -0.3056089620 -0.3371072973 0.0021280833
-0.3332110460 0.0051507391 -0.3056242208 -0.3373514380 0.0001749732
-0.3342149149 0.0006293692 -0.2914831306 -0.3391276117 0.0046989732
-0.3332110460 0.0051507391 -0.3056318502 -0.3373514380 0.0001749732
-0.3336993273 0.0051507391 -0.3056318502 -0.3372942175 0.0001749732
-0.3336993273 0.0051507391 -0.3056318502 -0.3373094763 0.0001749732
-0.3336992677 0.0051507391 -0.3056318502 -0.3373094763 0.0001749732
-0.3869222071 0.0008208565 -0.3943687495 -0.3828778531 0.0007166453
-0.3869222071 0.0008208714 -0.3943687495 -0.3828778531 0.0007319041
-0.3869221922 0.0008208714 -0.3943687495 -0.3828778531 0.0026850291
