0.3508664205 0.9032623611
0.6597075983 0.6183385208
0.3462211316 0.9118457295
0.6732121658 0.5988990347
0.7444495565 0.5606742442
0.8000674822 0.5537805026
0.7156812231 0.5838810131
0.7333926078 0.5665845255
0.6634740225 0.6123300277
0.6297468696 0.6445533216
0.6538194017 0.6243907377
0.6375339731 0.6364696071
0.7188398926 0.5756288437
0.7048593607 0.5908356318
0.7039285489 0.5924033555
0.7042640516 0.5921535536
0.7042850321 0.5921379585
0.7188398343 0.5756289367
0.7333926463 0.5665844958
0.7333926924 0.5665843858
0.7343464663 0.5649997408
0.7342610038 0.5651447645
0.7342610021 0.5651447674
0.7342708707 0.5651370846
0.7342707869 0.5651371328
0.7343284259 0.5650400555
0.7345002220 0.5649414332
0.3646970300 0.8908459299
0.6246657545 0.6564566947
0.6246645600 0.6564573643
0.6246762040 0.6564480953
0.6375366437 0.6364672273
0.6375318722 0.6364723646
0.6375318313 0.6364724011
0.6246757501 0.6564488520
0.6070987941 0.6621178717
0.6253748985 0.6495500344
0.6126952923 0.6574896337
0.6246642515 0.6564576679
0.6246656774 0.6564567707
0.6375339824 0.6364695971
0.6375366027 0.6364672637
0.6596630472 0.6183718974
0.6596631172 0.6183718131
0.6595198063 0.6185444483
0.6634872976 0.6123135750
0.6634819042 0.6123179437
0.6634819096 0.6123179395
0.6633942182 0.6124278932
0.6633935438 0.6124284391
0.6633935481 0.6124284338
0.6626892064 0.6129720337
0.6538196656 0.6243903832
0.6538358793 0.6243669648
0.6537710355 0.6244606467
0.6537712089 0.6244605145
0.6527376860 0.6259623174
0.6341553169 0.6419873192
0.6348136046 0.6413807364
0.6348135965 0.6413807571
0.6343381483 0.6415406089
0.6738802661 0.5983181049
0.6739220643 0.5982818650
0.6739220847 0.5982818473
0.6740940912 0.5981428997
0.6738097801 0.5984943455
0.6738097497 0.5984943937
0.6738183137 0.5984830162
0.6737828021 0.5985269804
0.6571034430 0.6226388194
0.6560383170 0.6234449386
0.6560383147 0.6234449411
0.6558626547 0.6235815674
0.6558538975 0.6235928590
0.6558542516 0.6235926042
0.6341375023 0.6420077436
0.6341558359 0.6419865960
0.6297480196 0.6445520001
0.6127319311 0.6574565913
0.6127319336 0.6574565891
0.3851011730 0.8649095530
0.3875658140 0.8640333185
0.3683792740 0.8826950576
0.3763520019 0.8734738799
0.3893697341 0.8625257941
0.3872569409 0.8644392074
0.3893696648 0.8625258884
0.3601380859 0.8916478126
0.3763541334 0.8734734489
0.3638290196 0.8908531833
0.3656543028 0.8904531055
0.3601361505 0.8916504424
0.3601564487 0.8916302178
0.3474657069 0.9073487451
0.3410752170 0.9247009829
0.3409964248 0.9248234057
0.3409988685 0.9248195804
0.3462619028 0.9116971029
0.3638290066 0.8908531927
0.3683444983 0.8827014130
