-0.0078075267 0.3199370842 -0.0152738802 0.1371795872 -0.0306796395
-0.3811621483 0.0073712207 -0.3845889460 0.0157234259 -0.3369165848
-0.5008449745 0.0130613037 -0.3760187443 0.0146593265 -0.4103860077
-0.0102772899 0.3858461793 -0.0076880045 0.3767996099 -0.0192263387
-0.0164683424 0.3919482347 -0.0484358930 0.2991635392 -0.0104090758
-0.0105824657 0.3848696168 -0.0067119263 0.1580496097 -0.0192320459
-0.0164683424 0.3919482347 -0.0486799740 0.2991635392 -0.0104090758
-0.0646940731 0.3120538111 -0.0154850148 0.2588075588 -0.0038650297
-0.0173845552 0.3919482347 -0.0484377407 0.2913509200 -0.0096766390
-0.0000539012 0.4331484255 -0.0076880045 0.3764906119 -0.0175178312
-0.0102772899 0.3858461793 -0.0067114420 0.1267996096 -0.0192263387
-0.0001797862 0.3042421754 -0.0311255046 0.3760023307 -0.0194862150
-0.0078075267 0.3160270195 -0.0133355372 0.1371795872 -0.0619906746
-0.0102772899 0.3848696168 -0.0067114420 0.1267996096 -0.0192263387
-0.0102772899 0.3848696168 -0.0067114420 0.1267996096 -0.0192301534
-0.0102772899 0.3848696168 -0.0067114495 0.1267996096 -0.0192301534
-0.0102772899 0.3848696168 -0.0067119263 0.1267996096 -0.0192301534
-0.0105824657 0.3848696168 -0.0067119263 0.1267996096 -0.0192301534
-0.0105824657 0.3848696168 -0.0067119263 0.1267996096 -0.0192320608
-0.0105824657 0.3848696168 -0.0067119263 0.1267996096 -0.0192320459
-0.0078358837 0.4332094606 -0.0076880045 0.3765516471 -0.0175178312
-0.0078377910 0.4332094606 -0.0076880045 0.3765516471 -0.0192268156
-0.0102772899 0.3863344606 -0.0076880045 0.3765516471 -0.0192268156
-0.0102772899 0.3858461793 -0.0076880045 0.3765554692 -0.0192268156
-0.0173845552 0.3919482347 -0.0484378003 0.2991634200 -0.0094324984
-0.0001797862 0.3120546754 -0.0076880045 0.3760023307 -0.0194862150
-0.0646940731 0.2808038111 -0.0154850148 0.2509950588 -0.0036204122
-0.0646940731 0.3120536919 -0.0154850148 0.2588080356 -0.0038650297
-0.0646940731 0.3120536919 -0.0311100148 0.3838080358 -0.0038650297
-0.0646940731 0.3120536919 -0.0311100148 0.3838156652 -0.0038650297
-0.0001797937 0.3042421754 -0.0311252736 0.3838156652 -0.0038650297
-0.0001797937 0.3042421754 -0.0311252736 0.3838156652 -0.0038612150
-0.0001797937 0.3042421754 -0.0311255120 0.3838156652 -0.0038612150
-0.0001797937 0.3042421754 -0.0311255120 0.3838155459 -0.0038612150
-0.0001797862 0.3042421754 -0.0311255120 0.3760030459 -0.0038612150
-0.0001797862 0.3042421754 -0.0311255120 0.3760025691 -0.0038612150
-0.0001797862 0.3042421754 -0.0311255120 0.3760023307 -0.0038612150
-0.0001797862 0.3042421754 -0.0233130045 0.3760023307 -0.0194862150
-0.0001797862 0.3120546754 -0.0076880045 0.3760023307 -0.0194709562
-0.0001797862 0.3120546754 -0.0076880045 0.3764906119 -0.0194709562
-0.0000233836 0.4331484255 -0.0076880045 0.3765516471 -0.0175178312
-0.0105824657 0.3848696168 -0.0067109726 0.1580496097 -0.0192320459
-0.0105824657 0.3848085817 -0.0067109726 0.1580496097 -0.0192320459
-0.3811468895 0.0076153614 -0.3220889460 0.0157234259 -0.3369165848
-0.0078056194 0.3199332695 -0.0133207552 0.1371795872 -0.0619296395
-0.2566351707 0.0073712207 -0.3533389460 0.0157233067 -0.2745386551
-0.2618209834 0.0308870189 -0.0448492952 0.0122736953 -0.0092241131
-0.1693899223 0.0322196745 -0.1078526565 0.0056266971 -0.1999096388
-0.1881921554 0.0080451705 -0.1449678132 0.0232012756 -0.1236600914
-0.1952442193 0.0852161833 -0.2528746093 0.0058956333 -0.2659458185
-0.5008449745 0.0130584426 -0.4072687443 0.0112413578 -0.4103860077
-0.5008449745 0.0130584426 -0.4072687443 0.0146593265 -0.4103860077
-0.5008449745 0.0130593963 -0.4072687443 0.0146593265 -0.4103860077
-0.1947253013 0.0849700012 -0.2528748105 0.0000972934 -0.3372348662
-0.3982620280 0.0254619457 -0.1498004535 0.0287991651 -0.2401607449
-0.3982620280 0.0254619457 -0.1498005131 0.0209866651 -0.2401607449
-0.0078056194 0.3160270195 -0.0133355372 0.1371795872 -0.0619906746
-0.0078056194 0.3199332695 -0.0133355372 0.1371795872 -0.0619296395
-0.0078056194 0.3199332695 -0.0133202784 0.1371795872 -0.0619296395
-0.0492365696 0.0464592763 -0.0591706820 0.0142718442 -0.0244512446
-0.0492365696 0.0464611836 -0.0591706820 0.0142718442 -0.0245122798
-0.0062212460 0.0289682187 -0.0444296711 0.0630851947 -0.0092241131
-0.0066235848 0.0532257669 -0.0031883530 0.0552591123 -0.0188659914
-0.0492289402 0.2427492926 -0.0279211067 0.0613900312 -0.0010700189
-0.0331635513 0.0473229029 -0.0398005434 0.0535912999 -0.0377204158
-0.0063015334 0.0540084057 -0.1253410691 0.0039754249 -0.0494807251
-0.3811621483 0.0076153614 -0.4470889461 0.0157234259 -0.3369165848
-0.3811468895 0.0076153614 -0.3220889460 0.0157234259 -0.3369203995
-0.3811468895 0.0073712207 -0.3533389460 0.0157234259 -0.3369203995
-0.3811468895 0.0073712207 -0.3533389460 0.0157234259 -0.2744165848
-0.3816351708 0.0073712207 -0.3533389460 0.0157234259 -0.2744165848
-0.2566351707 0.0073712207 -0.3533389460 0.0235434361 -0.2745424698
-0.2566351707 0.0073712207 -0.3533389460 0.0235434361 -0.2745423506
-0.2566962058 0.0073712207 -0.3533389460 0.0235434361 -0.2745423506
-0.2566962058 0.0073712207 -0.3533389460 0.0235434361 -0.2745499800
-0.2562079246 0.0073712207 -0.3533389460 0.0079184361 -0.2745499800
-0.2562078054 0.0073712207 -0.3533389460 0.0079184361 -0.2745495031
-0.2562078054 0.0073712207 -0.3572451960 0.0079184361 -0.2745495031
-0.2562078054 0.0073712207 -0.3572451960 0.0081625767 -0.2745495031
-0.2562230642 0.0151837208 -0.3572451960 0.0081625842 -0.2745495031
-0.2562230642 0.0151684620 -0.3572413813 0.0081616305 -0.2745495031
-0.2562230642 0.0151684620 -0.3572416048 0.0081616305 -0.2747936438
-0.2562230642 0.0151684620 -0.3572416048 0.0706616305 -0.2747936512
-0.2562230642 0.0151684620 -0.3572416048 0.0706616305 -0.2747937704
-0.2562230642 0.0151722767 -0.3572416048 0.0706616305 -0.2747937704
-0.2562230642 0.0151722767 -0.3572416048 0.0706616305 -0.2747938002
-0.2640355642 0.0307939388 -0.3494291048 0.0628491305 -0.2747918929
-0.2640355642 0.0307934620 -0.3494367342 0.0628491305 -0.2747918929
-0.2640355642 0.0307935216 -0.3494367342 0.0628472232 -0.2747918929
-0.2640355642 0.0307935216 -0.3494367342 0.0628481769 -0.2747918929
-0.2640374715 0.0307935216 -0.3494519706 0.0628481769 -0.2747918929
-0.2952874715 0.0307935216 -0.3494519706 0.0628481769 -0.2747918929
-0.2952874715 0.0307935216 -0.3494519706 0.0628405475 -0.2747918929
-0.2952874417 0.0307935216 -0.3494519110 0.0628405475 -0.2747918929
-0.2952874417 0.0307935216 -0.3494519036 0.0628405475 -0.2747918929
-0.2952874417 0.0307954289 -0.3494519036 0.0628405475 -0.2747918929
-0.2952874417 0.0307954289 -0.0994528570 0.0628405475 -0.2747918929
-0.2952874417 0.0307953693 -0.0994528570 0.0628405475 -0.2747918929
-0.2952874417 0.0307953693 -0.0995749273 0.0628405475 -0.2747918929
-0.0059771054 0.0289682187 -0.0443686359 0.0630853139 -0.0092241131
