0.0000000047 -0.8763291648 -1.1395572183
0.0097681256 -0.9200041610 -1.1133625415
0.0003243284 -0.0000000047 -1.1377599986
0.0097681349 -0.8907073419 -1.1158039478
0.0000000326 -0.0000018673 -0.6738140021
0.0006295880 -0.5916119326 -1.1185539757
0.0018350827 -0.7496683167 -1.0947611240
0.0000074739 -0.5499071773 -1.1210233589
0.0003257627 -1.1366871056 -1.1236542707
0.0097681256 -0.9199657160 -1.1133625415
0.0097681349 -0.9200041424 -1.1133625415
0.0097681349 -0.9297697674 -1.1133625415
0.0097681349 -0.9297698419 -1.1133625415
0.0097681349 -0.9297698419 -1.1158039478
0.0097681349 -0.9297698419 -1.1158042458
0.0097681349 -0.9297698046 -1.1158042458
0.0097681349 -0.8516448046 -1.1158042458
0.0097680604 -0.8516448046 -1.1157994774
0.0097680604 -0.8516445065 -1.1157995147
0.0097680604 -0.8516445065 -1.1161046905
0.0012471946 -0.8102857469 -1.1187459306
0.0097680604 -0.8907076026 -1.1161046905
0.0097680604 -0.8907076026 -1.1161142272
0.0097680604 -0.8907076026 -1.1160379333
0.0000003679 -0.8907076026 -1.1258035583
0.0000003679 -0.8900972511 -1.1257940215
0.0024418114 -0.8940529319 -1.1566914489
0.0024418114 -0.8946632835 -1.1566914489
0.0024418114 -0.8940529133 -1.1566914489
0.0006486615 -0.6176194508 -1.1271143482
0.0003273087 -0.0000000792 -0.8356169014
0.0006486615 -0.6013543118 -1.1283367464
0.0074774819 -0.5990566179 -1.0939025936
0.0074774819 -0.5984462664 -1.0939025936
0.0074774819 -0.5984468624 -1.0939025936
0.0074774819 -0.5984468624 -1.0939031896
0.0074774819 -0.5984468624 -1.0963445959
0.0024494575 -0.5935377959 -1.1210018826
0.0006486615 -0.5964714993 -1.1185526439
0.0006510457 -0.5980737373 -1.1160469392
0.0006510457 -0.6029565498 -1.1160469392
0.0024494575 -0.5935377959 -1.1210042668
0.0024488615 -0.5935473327 -1.1210042668
0.0024488615 -0.5935473327 -1.1210233403
0.0024488615 -0.5935473140 -1.1210233403
0.0000074552 -0.5886645015 -1.1210233403
0.0000074552 -0.5886645015 -1.1210233589
0.0000074739 -0.5499071028 -1.1210233589
0.0000074739 -0.5499023344 -1.1210042854
0.0000050897 -0.5499023344 -1.1210424324
0.0000050897 -0.5499024089 -1.1210424324
0.0000050897 -1.1747878941 -1.1552176496
0.0000050897 -1.0185426623 -1.1161456873
0.0000050897 -0.7060426992 -1.1161456873
0.0000050897 -0.7060426992 -1.1210284998
0.0000050897 -0.7060426992 -1.1210284812
0.0000050897 -0.7060427179 -1.1210284812
0.0000050897 -0.7060427179 -1.1210475547
0.0000050897 -0.7058901300 -1.1210475547
0.0000050897 -0.8621401301 -1.1210475547
0.0000146078 -0.5496401298 -1.1210475547
0.0000146078 -0.5496401298 -1.1210472566
0.0000146078 -0.5496395338 -1.1210472566
0.0001144456 -0.0000953814 -1.1471510643
0.0006486615 -0.5964714993 -1.1185520479
0.0006486615 -0.6013543025 -1.1283367464
0.0006581983 -0.6013543025 -1.1283364483
0.0006581983 -0.6014305964 -1.1283316800
0.0006510457 -0.5981118843 -1.1172676423
0.0006510457 -0.5981118843 -1.1172676237
0.0006105145 -0.6200607080 -1.1271095799
0.0006105145 -0.6200607080 -1.1271107720
0.0006105145 -0.6194503565 -1.1271108465
0.0004577776 -0.7026764990 -1.1343889089
0.0004577776 -0.7029816748 -1.1343889089
0.0004577776 -0.7029816748 -1.1340837331
0.0004577776 -0.7029816748 -1.1340838076
0.0004577776 -0.7029816748 -1.1328631045
0.0004577776 -0.7029804827 -1.1328631045
0.0003257627 -1.1366868076 -1.1236542707
0.0003243284 -0.0000000047 -1.0986975358
0.0003344612 -0.0000000792 -0.7910610137
0.0003249245 -0.0000006752 -0.7960204182
0.0000007497 -0.0000780867 -0.8764472379
0.0049120328 -0.0000000792 -0.0000382354
0.0000292854 -0.0000000792 -0.7812882362
0.0000292854 -0.0000000792 -0.7812953887
0.0003249245 -0.0000006752 -0.7911373077
0.0003249245 -0.0000000792 -0.7966307139
0.0003249245 -0.0000000047 -0.8350065498
0.0003249245 -0.0000000047 -0.8350256233
0.0003243284 -0.0000000047 -1.1011389420
0.0003243377 -0.0000000047 -1.1011389607
0.0003243377 -0.0000000047 -1.1011390352
0.0015450409 -0.0000000047 -0.7886390349
0.0021553924 -0.0000000047 -0.7861976286
0.0021935394 -0.0000000047 -0.6299091835
0.0021935301 -0.0000000047 -0.6299097795
0.0021935301 -0.0000000047 -0.6299100776
0.0021935301 -0.0000000047 -0.6347928901
