1.6897288875 3.3484408751 4.1197782736
4.3476289256 2.4326530450 5.2839176919
1.8424189494 4.3663559407 3.6924890114
6.0697052496 3.7189207038 3.4547841658
5.0143230006 1.5345548186 6.1578445752
3.3246008648 3.7826337242 3.7909421256
9.4987104221 1.4896306057 4.4910431444
7.3106474250 2.5964755145 4.7629193513
1.9233408343 3.8852865315 3.9412828313
4.9911905203 5.9690997333 3.4814490983
4.5863191569 1.5381749940 5.0307927781
4.2805912624 9.1802050042 3.5779494995
4.0484963594 10.1312557833 3.3600106266
3.2824147131 8.8648923470 3.5857721772
9.0392648504 8.1413209003 3.2834356333
8.5306824259 8.6271015347 3.2834358200
8.4902327903 8.6263359845 3.3506554731
8.6850965084 8.6278603326 3.0368882964
13.6658622172 8.4758092805 3.0407184592
13.9968832056 10.2173816264 2.7206312207
13.9979381658 9.3683991533 3.0002454983
13.9979538366 9.6606866744 2.7246642676
13.9979772203 9.6606867476 2.7246607463
13.9983347691 9.6576136235 2.7206342076
13.9968832151 10.2386652436 2.6709559928
13.9889818349 12.3160579373 2.6407093903
13.9889818349 11.5423566123 2.7711115672
11.3200466617 12.9241957992 2.7707843246
11.3288690260 12.9295855376 2.6683796683
11.5218882626 12.9672814417 2.6683796666
11.1904851823 12.9727948187 2.6653814694
5.2802338724 13.8668897680 2.4757320104
5.7492148112 13.0841902904 2.8624708494
6.0332570995 12.7190480436 3.2182624403
6.4729543155 7.0298344135 3.4467599249
5.7130654177 12.8174333903 3.2182624661
5.4756418932 13.8669387184 2.4757319951
5.4757122736 13.8599475709 2.4760247471
5.5266332832 13.5129043053 2.4760091582
5.6337921852 13.5126704320 2.5379811298
5.6338356790 13.5123951622 2.8721051536
5.2695615053 13.5124567582 2.8721246676
5.5810210133 12.8315669596 3.3170783547
5.0099012496 7.2834033015 3.4730510090
5.0303635189 7.2834566941 3.4706259731
5.0306656732 7.3973363927 3.4706247583
5.2390665065 9.7830230091 3.3449539383
5.2390666624 9.6348954942 3.3432494102
4.8406729431 9.9261660797 3.5623011914
6.2309886387 1.5407546889 4.8983485268
4.4245681534 9.1801559090 3.5782877606
4.6399484410 8.8513125711 3.5782880253
3.2816078812 9.6724943478 3.5878288211
3.2816087799 9.6721937043 3.5881037873
6.2463462028 3.2068840809 4.1061644433
3.3246004945 3.7826335624 3.7911562694
3.3272785995 3.7818499149 3.8643888384
5.7771551697 3.7818078342 3.7192865884
8.3176662799 2.2852865424 3.5831596999
6.4423645958 3.1590709756 4.0873629685
6.2298660513 3.0863925983 4.7477933538
4.7422893552 1.5381714672 5.2713196180
4.2328340224 2.6193704321 5.3627535355
3.7602543273 2.6350279237 5.3568195052
3.7602544201 3.0957921449 5.3567972879
3.7601789464 3.0664388825 5.3597374607
4.2987513258 3.2977579130 5.1784331237
1.6259475405 4.4684976084 4.4501821160
1.6909025776 4.1659167380 3.8201510696
1.5050182969 5.6932674219 4.4302586390
1.9236387379 3.8852860452 3.9412801062
1.6909028900 4.1659185914 3.8201466951
1.6905831459 4.1659216326 3.9650917507
1.6897288875 4.1734751821 4.0983265883
1.6884212501 4.2309435740 4.5607755138
1.6888673495 4.3030230749 4.3147275512
1.6888873075 4.3017361085 4.3924847339
1.6259352280 4.4801633673 4.3622950588
1.6520549051 4.4783004686 4.3218533115
1.5016388555 5.8716560874 4.3762551557
1.5016387930 6.1647017724 4.3762562512
1.5016367764 6.1647022171 4.3762593709
1.5016437962 6.2367260020 3.9855293476
1.3820149090 6.1052782027 6.2026774611
1.3328540442 8.8743560463 6.4768075450
1.2569075427 10.9587463192 7.8618598235
1.3335868590 11.5776069627 6.3845337226
1.2192202181 11.2599740545 6.9631222262
1.2193780510 11.2597080099 6.9480226188
1.2185920905 11.8807649239 6.9496513396
1.2026751167 11.9139113583 7.0117938264
1.2026949630 11.9139117090 6.9444778904
1.2026562490 11.9141538616 6.9342720987
1.2577959634 11.9141546090 6.7427036360
1.2611534245 9.3187776059 9.1675023098
1.3435014465 5.9272452230 7.3454810058
9.3307192111 1.6487930968 3.7176501419
7.9395473840 2.2854853750 3.7179935095
7.9405576878 2.1069228434 3.7175864275
8.0229482097 2.1017315637 3.7175864272
