0.2203933647 0.5635839256
0.2337054603 0.5404717776
0.2543311651 0.5347787084
0.2616711737 0.5336042205
0.2391157861 0.5391277444
0.2969513216 0.5333988385
0.3552629867 0.5333138419
0.5712347002 0.5332937993
0.5769488540 0.5332911913
0.8177520515 0.5332391303
0.8174709511 0.5332517350
0.8174592832 0.5332766911
0.8174597626 0.5332761377
0.5711650413 0.5332978203
0.3533958225 0.5333241294
0.3530880216 0.5333334728
0.2828412761 0.5335617106
0.2828404282 0.5336032277
0.2613040629 0.5340360338
0.2613026724 0.5340527968
0.2604790993 0.5343544902
0.2542750780 0.5347787820
0.2506285048 0.5363141938
0.2507043081 0.5362618336
0.2458181723 0.5375188065
0.2458223294 0.5375185360
0.2459980231 0.5375106403
0.2464621811 0.5369132715
0.2449858291 0.5375782268
0.2447046977 0.5379355547
0.2445050689 0.5379363757
0.2445050619 0.5379664258
0.2461872869 0.5374071079
0.2463168218 0.5373297948
0.2438062263 0.5382971707
0.2354574164 0.5404214873
0.2354484343 0.5404214976
0.2355559675 0.5404190225
0.2355548654 0.5404191593
0.2337095202 0.5404697239
0.2337061440 0.5404710894
0.2203933132 0.5649975706
0.2171419964 0.6482795227
0.2175752300 0.6196550501
0.2164553751 0.7078366492
0.2158580125 1.0617330235
0.2162060223 1.0317816786
0.2158575953 1.0644266576
0.2164390661 0.7239937484
0.2164170587 0.7298088940
0.2164146006 0.7298184349
0.2169165181 0.7078210485
0.2169353381 0.7078210448
0.2175752234 0.6482494696
0.2181993379 0.6012708544
0.2183470175 0.6004346294
0.2186718460 0.6001369687
0.2194791170 0.5696717016
0.2196108703 0.5696244977
0.2196153463 0.5688359533
0.2197170276 0.5688301691
0.2197413525 0.5688274227
0.2198000084 0.5686253684
0.2199288168 0.5667998826
0.2199157596 0.5680972179
0.2219500648 0.5589965317
0.2223017779 0.5573394200
0.2229736970 0.5558517830
0.2241766439 0.5558517813
0.2264997173 0.5533461650
0.2225130596 0.5568245676
0.2223044699 0.5573171868
0.2223496521 0.5573160190
0.2224673065 0.5572800168
0.2250005427 0.5549671638
0.2250006576 0.5547594257
0.2244203032 0.5552877864
0.2243295959 0.5555915426
0.2243317849 0.5555911088
0.2245704643 0.5552874661
0.2246767222 0.5552760403
0.2246685333 0.5552773923
0.2246125503 0.5552821809
0.2265535842 0.5531550190
0.2324863896 0.5531338306
0.2327805880 0.5526847767
0.2330032583 0.5526735055
0.2331244732 0.5526295502
