0.4120936832 0.8303082054
0.5380129522 0.6973613861
0.3919607283 0.9024160262
0.4643193413 0.7236914509
0.5564159885 0.6429629963
0.3898426542 0.9337314814
0.3849203577 1.6897427525
0.3771185120 1.7263351177
0.4483356631 0.8227826856
0.3906807171 0.9024630982
0.3968672621 0.8517426583
0.4120421680 0.8306318734
0.4120424556 0.8306318625
0.4120284886 0.8307120423
0.4119706162 0.8344707442
0.4091363121 0.8345117034
0.4088455204 0.8366689475
0.3968590714 0.8680518466
0.3962712009 0.9008976093
0.3968173215 0.9008948220
0.3968482876 0.9005309520
0.3983642628 0.8505817219
0.3991285597 0.8505525605
0.4083338368 0.8505525552
0.4083345898 0.8505201611
0.4083345363 0.8505201637
0.4083570117 0.8504872811
0.4083845366 0.8504782857
0.4083852258 0.8430913975
0.4087753188 0.8422916156
0.5374139305 0.7178169751
0.5374958848 0.7178103235
0.4577611510 0.8123685749
0.4729664841 0.7183180133
0.4643794482 0.7234604903
0.4727414948 0.7193048211
0.4726766952 0.7220584978
0.5800909503 0.6320220017
0.5801189921 0.6285625521
0.5840162455 0.6230002495
0.5975755681 0.6209887404
0.7304658603 0.6184510844
0.7728668919 0.6169925822
1.0192552308 0.6167241185
1.3804619380 0.6166986987
1.5939177691 0.6164015128
1.6318815050 0.6164002352
1.5939151705 0.6166335230
1.0192546132 0.6167667044
1.0141329934 0.6169231521
0.7680470627 0.6170841428
0.7680462562 0.6170842562
0.7679040444 0.6170862045
0.7679775808 0.6170862039
0.7447723132 0.6175535054
0.7459293351 0.6175534684
0.7357612315 0.6178892340
0.7418859204 0.6178879875
0.7418757651 0.6178879879
0.7402167869 0.6178892175
0.7056588702 0.6191890280
0.7056588483 0.6192253262
0.7056627859 0.6187606593
0.6031917154 0.6206452401
0.5957419500 0.6229993851
0.5958395829 0.6229597582
0.5835998882 0.6231179340
0.5795046912 0.6425796582
0.5795894058 0.6399320276
0.5556387632 0.6625641752
0.5556387632 0.6625647215
0.5558671296 0.6601021320
0.5557102734 0.6601133181
0.5510496362 0.6766383615
0.5419044057 0.6829114034
0.5510440268 0.6766720265
0.5419044121 0.6828758985
0.5418595526 0.6833383089
0.5417522075 0.6950810552
0.5418362824 0.6900734136
0.5379843832 0.7094511017
