0.0371996142 1.0855945633
0.0328408011 1.1311812758
0.0328754409 1.1247965494
1.1186677467 0.0797915568
0.8543759333 0.4897347320
0.7171259510 0.6784653166
0.5935695834 0.7972608713
0.7149194435 0.7967003447
0.7229387941 0.6784631155
0.7234331766 0.6719358210
0.7282648255 0.6700556186
0.7235351047 0.6715415730
0.7247585340 0.6715270905
0.7247458821 0.6715270976
0.5199189212 0.8613973995
0.0329699369 1.1237969967
0.0343360073 1.0890112590
0.0337272675 1.1116915624
0.0341968720 1.1116757389
0.0343358941 1.1116754995
0.0343359115 1.1116754758
0.0371958720 1.0888903932
0.0371994017 1.0888866924
0.0389055674 1.0855935308
0.0425387393 1.0653596291
0.0535181648 1.0449965007
0.0535111451 1.0451135101
0.0582645120 1.0419961995
0.0553127353 1.0425468916
0.0521682903 1.0451633961
0.0553254470 1.0425460312
0.0553255787 1.0424599915
0.0483212011 1.0461555077
0.0483912458 1.0458199255
0.0483963760 1.0458178252
0.0469895958 1.0461556268
0.0402112724 1.0694459779
0.8988072907 0.4698371916
0.8927971790 0.4865520293
0.8927970049 0.4868957546
0.8927533077 0.4868961602
0.9677717739 0.2614600795
1.0230282072 0.1880858528
1.0985699113 0.0882141843
1.0224512549 0.1890647606
1.0119948218 0.1938475997
1.0117685657 0.1947885437
1.0117685826 0.1947812299
0.9813410767 0.1961155658
0.9729408942 0.2089991706
0.9686891717 0.2197153184
0.9686885233 0.2220933215
1.1174959273 0.0859702655
1.1151147924 0.0882140590
1.0777565341 0.1506678558
1.0787831077 0.1392174460
1.0788122648 0.1265127784
1.0919192394 0.1173251914
1.0788053497 0.1336420036
0.5909110708 0.8019473087
0.5630925441 0.8029557811
0.5630894861 0.8033407455
0.5630898657 0.8033095549
0.5597870907 0.8051677616
0.5598796752 0.8051673490
0.5599251101 0.8047166470
0.5599251048 0.8048360390
0.5236059966 0.8452076348
0.5596446258 0.8053963100
0.5934642195 0.7973794177
0.5932985312 0.8011947556
0.5933088669 0.8009023708
0.5889923596 0.8019593131
0.5887819178 0.8019665453
0.5761686101 0.8028197286
0.5596445268 0.8054075437
0.5596414064 0.8054075437
0.5475230791 0.8134926189
0.2831774779 1.0260894268
0.3026964487 0.9946565375
0.3667489713 0.9876209527
0.3026964482 0.9946581044
0.2863650239 0.9988983540
0.7938521859 0.5575783567
0.7938523303 0.5575453248
0.7939305832 0.5574958938
0.8088542013 0.5317352497
0.8086708732 0.5425580388
0.8052729653 0.5464441925
0.8046678189 0.5468624977
0.8089043158 0.5316962040
0.8129278423 0.5215597005
0.8128586770 0.5246771414
0.8128697910 0.5246771277
0.8190263795 0.5147073991
0.8215095302 0.5102231335
0.8295089621 0.5055416782
0.8417903628 0.4919867730
0.8582722178 0.4893961254
0.8565584860 0.4897319218
