0.9863450833 0.7480417566
0.9435569637 1.0419205514
0.9182842655 2.0276626205
1.2361865657 0.3961571717
0.9361891039 1.2493749305
0.9295357698 1.2612084011
0.9182842619 2.0325154199
0.9177107362 2.5669380660
0.9177107539 2.5544851119
0.9177650452 2.5139679781
0.9182492129 2.5005220500
0.9182487867 2.5006538422
0.9183209663 2.0276609621
0.9183238678 2.0276317089
0.9237966045 1.7049000437
0.9263863600 1.3662689791
0.9239192585 1.7005336086
0.9239130033 1.7005338089
0.9263864034 1.3658195638
0.9320029032 1.2577262449
0.9388147979 1.2490750462
0.9439660913 1.0198483163
0.9435562158 1.0493862797
0.9435564745 1.0442766665
0.9648863819 0.8017475008
1.0088769265 0.5953158345
1.0390950407 0.5462518517
0.9806268829 0.8017388666
0.9896749636 0.6362135698
0.9864243237 0.7403615062
0.9890122877 0.7403463638
0.9950376382 0.6298889096
0.9940687683 0.6302490038
1.0865219470 0.4044808037
1.0855789346 0.4412230090
1.1533499671 0.4003041647
1.0461814556 0.5072287334
1.0398518294 0.5431485007
1.0650197518 0.4810670256
1.1487061609 0.4003184592
1.1766225148 0.3974970990
1.1766224741 0.3985705507
1.1865639602 0.3967584261
1.5500684902 0.3958603958
1.5500640638 0.3958808334
1.6204650611 0.3930229117
1.6130280479 0.3939880700
1.6060194444 0.3942919834
1.7654616579 0.3884771969
1.7817988590 0.3884592604
1.9926062867 0.3839894092
2.2124661183 0.3795337986
2.5157383225 0.3784380901
2.0564996888 0.3825955921
2.0082321108 0.3836801855
1.8097064402 0.3858233589
1.8455812042 0.3857208391
1.8551749460 0.3856312200
1.8640226477 0.3841296576
2.0165330823 0.3832890652
2.0325435823 0.3832775414
2.0343503907 0.3832712631
2.0434034274 0.3831644656
3.0209678681 0.3735117078
3.0191080137 0.3755363805
3.0190902599 0.3755375742
2.5272441667 0.3783146270
2.5120091527 0.3790129660
2.2126770979 0.3790784569
