0.8795215953 1.1739488916
1.0221814052 0.8815853045
0.8136074183 2.5082535631
0.8175428351 2.4258277254
0.7901602896 2.7235372133
0.7496744442 2.8031478896
0.7496900590 2.8023309290
0.8135651788 2.5102887740
0.8133764944 2.5104111537
0.8499988579 1.3666135968
0.8712903175 1.3116480965
1.5118955857 0.7942461272
1.4041030195 0.8467844408
2.6008480464 0.7843239605
2.6763664429 0.7842969981
3.1304397118 0.7826612328
2.5650375438 0.7908848683
2.5651099842 0.7908826622
1.4041170186 0.8466094124
1.3761328821 0.8777969978
1.3733425437 0.8778041985
1.3733424922 0.8785769524
0.9229885579 0.9554317039
1.0221783481 0.9224143840
1.0220852135 0.9551246840
0.9229873725 0.9804027998
0.8989583082 0.9832879884
0.8993839279 0.9832827493
0.9045190060 0.9829137498
0.9044409472 0.9829976974
0.8989555941 0.9844171424
0.8421414712 1.5252458823
0.8779927877 1.2081247705
0.8777951659 1.2712741929
0.8569553181 1.3631780871
0.8712900741 1.3357357132
0.8712864946 1.3358815415
0.8712861122 1.3359180153
0.8602390610 1.3541168305
0.8600011274 1.3569584854
0.8507398271 1.3662739334
0.8507479518 1.3662720414
0.8496482570 1.4109773389
0.8427340713 1.4869412643
0.8409322608 1.6797092881
0.8397942504 1.9982865919
0.8421419126 1.4929031354
0.8421415695 1.5028133908
0.8427336328 1.4890543156
0.8427355123 1.4869405755
0.8427391703 1.4869258623
0.8428878475 1.4625562274
0.8435964537 1.4601009094
0.8421036119 1.6003950341
0.8399113021 1.7346911828
0.8398651392 1.9719463481
0.8399112750 1.9715080776
0.8397197276 2.1946383722
0.8397289658 2.1800811924
0.8397595660 2.0620479865
0.8397596035 2.0611410930
0.8397753360 2.0424407471
0.8397801058 2.0420745241
0.8397872181 2.0419895938
