0.7476248998 1.5788947208
0.5895886955 1.6686735343
0.6037343947 1.6265641027
0.7953998165 1.5071708154
0.7860469713 1.5364269595
0.5482180595 1.8917404855
0.5759102819 1.7357228405
0.5853067418 1.6691828714
0.5447328936 2.0433870055
0.5303193532 2.1284845685
0.5298098553 2.6332920519
0.5278951550 2.7778625840
0.5257719896 3.2278053513
0.5256937244 3.2281497319
0.5247973841 3.4493642491
0.5230563485 3.9423164816
0.5230657455 3.9324309176
0.5240478401 3.9288033242
0.5300308056 2.6271161597
0.5298073824 2.6336369656
0.5303197314 2.1284805836
0.5303230303 2.1280098429
0.5354218496 2.1277274565
0.5482161387 1.9383643987
0.5846463594 1.7267493086
0.5629271627 1.7924721016
0.5736441336 1.7924189326
0.5757656968 1.7468838291
0.5783537495 1.7291805843
0.5919327682 1.6684684245
0.5858139422 1.6691719211
0.6670066435 1.6251081499
0.7181284386 1.6251081351
0.7228398398 1.6238120358
0.7229273452 1.6238113106
0.7593474069 1.5787766117
0.7932800681 1.5292542781
1.5597847445 1.4555644214
2.1457436281 1.4496430471
2.0333877107 1.4541213408
2.1511663750 1.4377002008
2.1508984622 1.4458310855
1.5646667497 1.4555554599
1.4342491287 1.4699482823
1.0475098917 1.4716735575
1.4368885694 1.4697583311
1.4377484975 1.4697528189
1.0455468849 1.4722889544
1.0455379725 1.4722901688
0.8404208387 1.4849190213
0.7934921639 1.5292542418
0.9960641514 1.4847173937
0.8215253115 1.4917121547
0.8404172155 1.4916504171
0.8145997859 1.4980740102
0.7616951684 1.5376284694
