0.0219803229 1.0153777505
0.1919021785 0.6818786475
0.0002484396 1.3667054167
0.0000000075 1.9796654282
0.3564663868 0.4925345680
0.6251068205 0.3115251696
0.4882876766 0.3826276881
0.1075039842 0.7987152505
0.0004960354 1.2804142897
0.1568832874 0.7487057944
0.0317460317 0.9845143626
0.8291626320 0.1778213653
0.2804012460 0.6180683093
0.0063553229 1.0685482945
0.0641120207 0.8872760360
0.7500613115 0.2061924585
0.3219092622 0.5650461262
0.4414087426 0.4302846165
0.9532165555 0.1139894308
0.8125613116 0.1846466452
0.7251038856 0.2345025326
0.0004960317 1.3166514805
0.0001831055 1.4514089213
0.0014877971 1.1406920523
0.6251068196 0.3182170112
0.6054898245 0.3218764888
0.6075039847 0.3201327220
0.6407318140 0.3038601005
0.8891663867 0.1357105432
0.4122354541 0.4508486292
0.2304763973 0.6252237994
0.0219807998 1.0049112991
0.0844807998 0.8764870291
0.5844808003 0.3562748107
0.5844827076 0.3550679105
0.5688577002 0.3660854544
0.6938538856 0.2677612617
0.6626038865 0.2740079701
0.6626038856 0.2865416971
0.9126038867 0.1241800600
0.9204163867 0.1201438661
0.8564663873 0.1550145380
0.3458253316 0.5229017825
0.4570337426 0.4132867370
0.3789087426 0.4529650720
0.4101583561 0.4508746450
0.4101583552 0.4510993264
0.3789082657 0.4758877873
0.3789082359 0.4894765538
0.4570376766 0.4115207112
0.4726626766 0.3978395997
0.4804904354 0.3918178706
0.9804904358 0.0850970244
0.9814669983 0.0792891246
0.8554898248 0.1638740290
0.6056118948 0.3217916966
0.6076260550 0.3200724685
0.1074429472 0.8650528147
0.1074439009 0.8650068188
0.1679687679 0.7104615489
0.2226638973 0.6393999157
0.2304763964 0.6355576792
0.1920242488 0.6662566440
0.1295242488 0.7796108861
0.1607742786 0.7361737996
0.1607742637 0.7440395878
0.6607742642 0.2955152024
0.6568680142 0.2996490108
0.6568832730 0.2988610919
0.6568832879 0.2988454949
0.1567459127 0.7556567755
0.0014725979 1.2772932657
0.0014801081 1.2315141679
0.0014877375 1.2096399873
0.0016117748 1.1297383075
0.0016120132 1.0977074416
0.0640967619 0.9025862694
0.3217871919 0.5652226426
0.3217869534 0.6096915567
0.3217793240 0.6128800230
