0.0185571201 1.0324309643
0.0325318585 0.9367995786
0.2501239816 0.5990117063
0.3750652395 0.4820437701
0.0002455711 1.1899645313
0.0000004768 1.4583090188
0.6054687543 0.3110513941
0.0898743356 0.7974727125
0.4746096194 0.4297284095
0.5325318589 0.3559786689
0.0029321201 1.1263398513
0.2165589083 0.6463178681
0.8325501167 0.1418693088
0.6289072126 0.2822016517
0.6562500043 0.2584968877
0.0000000000 1.6191626262
0.0000005066 1.4527325166
0.0000014305 1.2446960181
0.5039072116 0.3967485559
0.0759348619 0.8419238307
0.2344055876 0.6246058400
0.7187500044 0.2357172256
0.7503244884 0.2160336433
0.8125306152 0.1733425210
0.8789072119 0.1254411642
0.9797976948 0.1107872556
0.3907643597 0.4656242706
0.1719055876 0.6971055145
0.1562500001 0.7090864632
0.2478097419 0.6214506574
0.0132059464 1.0708333592
0.0122293830 1.1091153766
0.0132059455 1.0727043094
0.0122298598 1.1091119116
0.0122298636 1.1073171927
0.0122680105 1.0799923537
0.5664382210 0.3411569050
0.8130188666 0.1521298687
0.8789072129 0.1239254642
0.6289072117 0.3104968981
0.5976882210 0.3191212450
0.5976872524 0.3239123988
0.0508118375 0.8963418883
0.1133118375 0.7825176159
0.0166039914 1.0622862268
0.0002596378 1.1656330420
0.0195618356 0.9809941338
0.0002456903 1.1821694224
0.0002447367 1.1931083568
0.5325320964 0.3417022364
0.4075473551 0.4607376730
0.0324862004 0.9523273890
0.0315096379 0.9543178977
0.5002634530 0.4129382365
0.7503245051 0.2140056722
0.7522776302 0.2079595522
0.3403626162 0.4874455930
0.3750172857 0.4833333830
0.3750172894 0.4833215679
0.3906422894 0.4723659291
0.3751393597 0.4808196955
0.2500019113 0.6102875659
0.1562500039 0.7025508119
0.7226562544 0.2325708056
0.7304687544 0.2258284497
0.5976562543 0.3298416641
0.4433596194 0.4555432013
0.4433593810 0.4584333044
0.3183593809 0.5682598218
0.3164062559 0.5765572548
0.3125000059 0.5940129754
0.8125000063 0.2062124351
0.8125004832 0.2062107581
0.8125157420 0.2021537017
0.8286438667 0.1453622298
0.0195618374 0.9792600052
0.1094055875 0.7872248114
0.1758127913 0.6921023362
0.1758132681 0.6921017275
0.1767898306 0.6908714055
0.1455398296 0.7315761497
0.1455093121 0.7395999367
