0.0347137451 0.9500044811
0.1411133410 0.7205253966
0.3673789654 0.5111771520
0.5090333247 0.3609742372
0.5466309800 0.3085339245
0.4223632816 0.4249303454
0.8056649666 0.1699075666
0.7392921604 0.2513650921
0.5442200904 0.3293094363
0.0156746246 1.0253775759
0.0781464913 0.8517414990
0.3125308531 0.5769249800
0.8750336784 0.1469210580
0.0029759482 1.1005052010
0.0561981202 0.8944631139
0.2500481943 0.5898773427
0.2031460146 0.6612852811
0.0000000596 1.2425209939
0.4233398441 0.4195340532
0.3672035116 0.5730381963
0.8912453958 0.1253330744
0.6081544176 0.2762048029
0.8769868034 0.1377592297
0.1220940967 0.7436530538
0.7392616428 0.2628870988
0.7353553928 0.2736053396
0.9556985208 0.0705657849
0.9228515783 0.1165006741
0.3750482540 0.4411293193
0.0002746638 1.2162524397
0.2031464914 0.6593751731
0.0781312325 0.8552567733
0.0156312026 1.0262364765
0.0000000615 1.2394107516
0.3750481944 0.4692379538
0.3750306185 0.5065832016
0.2473382375 0.6301693168
0.7540002211 0.2026107732
0.7431649815 0.2342441726
0.8671881658 0.1606265670
0.9306649667 0.1118962003
0.1806878468 0.7131497236
0.1845940968 0.7045215174
0.1173806359 0.7674861651
0.3672568950 0.5708682225
0.3673789672 0.5111243550
0.3673787288 0.5136049458
0.1081544162 0.7736095839
0.5129395747 0.3580841846
0.5129700923 0.3580112962
0.5456544175 0.3126405383
0.6081544167 0.3015668774
0.1081542970 0.8048827088
0.1062011720 0.8245653711
0.0434722901 0.9353233076
0.0444488526 0.9340583616
0.0444793702 0.9307423448
0.0405731202 0.9408838502
0.0483856202 0.9159287920
0.0503387452 0.9090718556
0.0347138644 0.9411543807
0.0332489088 0.9511824168
0.0029760078 1.0993595405
0.0068822578 1.0526318610
0.5068670032 0.3818126358
0.5068669957 0.3881097735
0.5068670255 0.3788051424
0.5068689329 0.3650252515
0.5040002805 0.3940973789
0.4391045910 0.3959413422
0.7500934943 0.2086592954
0.3750462871 0.4732712793
0.3750463467 0.4726551105
0.3761163693 0.4402993704
0.3766045909 0.4398873260
0.9391045914 0.1053500389
0.9547295877 0.0957157858
0.8950296351 0.1206927842
