0.0000000009 1.4210444986
0.0706291246 1.0873489661
0.5312728971 0.8552309107
0.0000000307 1.2210831752
0.3066644746 0.9863965290
0.6877529674 0.6539258575
0.6270142799 0.7634745747
0.8658527917 0.3675930674
0.8595010060 0.4055714030
0.1924069665 1.0460630692
0.0001258859 1.2060846333
0.4531403356 0.8916801740
0.5716018729 0.7765729408
0.9394532600 0.3244538904
0.9434818783 0.1990364383
0.8184892701 0.4461049180
0.0078849839 1.1663920805
0.3691568378 0.9610946988
0.0081291245 1.1071391239
0.1877529669 1.0615175850
0.5706291251 0.7937615575
0.6877527290 0.7191908605
0.1877529967 1.0583337999
0.1916592467 1.0571140584
0.1916593064 1.0565466761
0.2002194665 1.0405356888
0.7002194670 0.6245660015
0.7578134562 0.5515621870
0.7500085838 0.5648754624
0.7812738426 0.5353588875
0.2812738421 1.0109860378
0.2832269671 1.0002508785
0.2988519671 0.9908708549
0.2988519746 0.9907822207
0.3066568452 0.9865439888
0.4375002537 0.9230932352
0.4531252388 0.8975381141
0.1875002535 1.0654647809
0.4404299412 0.9153954425
0.9433595100 0.3178320176
0.9434815803 0.2999101696
0.9434895077 0.1863960501
0.8184892692 0.4590264308
0.8341142701 0.4143589224
0.8341145085 0.4141720688
0.8341145384 0.4141639924
0.8341145402 0.4131675806
0.8346028215 0.4119527735
0.8346027917 0.4124169099
0.8658528215 0.3600475951
0.8619465715 0.3960884310
0.3599857570 0.9717298698
0.3599857552 0.9734739871
0.1099857549 1.0822893259
0.1119388799 1.0730622400
0.1119386415 1.0730700651
0.3619386417 0.9650672655
0.3619387032 0.9644472989
0.3619391800 0.9616633306
0.3619390608 0.9625478687
0.3463140608 0.9753392093
0.3461919905 0.9769316340
0.4711919906 0.8887965152
0.4790044906 0.8804976964
0.4790655258 0.8804072396
