0.0000000000 1.2352653039
0.4378829323 0.8838662686
0.7451706536 0.5751540477
0.0000005513 1.1386490338
0.0312504806 1.0801289584
0.8674393304 0.4193809111
0.6816636330 0.6486351451
0.1816635134 1.0486136975
0.5317998533 0.8112566244
0.8281250213 0.4868564715
0.9376378385 0.2570600808
0.3750080339 0.9911748157
0.4375019087 0.9269857740
0.4378819786 0.8951990017
0.9375157682 0.2872853200
0.2441635134 1.0242542176
0.3750080935 0.9748817462
0.5937500117 0.7556083281
0.7139206535 0.6204159578
0.9070976441 0.3602231666
0.7354050286 0.5832250210
0.7354049689 0.6114124766
0.0351874233 1.0643094294
0.1816636326 1.0486130487
0.6568322802 0.6777680701
0.8437500120 0.4213107458
0.9922562623 0.1960599940
0.9687500121 0.2098247623
0.9921957040 0.1984578736
0.9922567392 0.1806277071
0.9923788095 0.1796945353
0.9611288095 0.2567318805
0.8125653554 0.5451737938
0.8125615835 0.5616306653
0.8283691619 0.4864947032
0.8283767913 0.4863391304
0.8283772681 0.4820931192
0.8283773277 0.4820487040
0.5783773275 0.7913334188
0.5783775659 0.7912348248
0.6096580835 0.7445893153
0.0000005811 1.1098790766
0.8755822842 0.3664017480
0.7508323852 0.5675021991
0.3758340537 0.9730604609
0.6255822802 0.7145379334
0.6567998535 0.6992593125
0.5312504885 0.8209438045
0.0000001043 1.1660805285
0.0312501043 1.0930048540
0.0351569206 1.0718924910
0.0976569206 1.0641375842
0.0312508978 1.0742745383
0.0312811770 1.0723558848
0.0312506594 1.0763988940
0.0312504880 1.0795925719
0.1562504882 1.0539028479
0.6562504886 0.7121727347
0.6562581180 0.7099181317
0.5312500117 0.8213874818
0.9688720824 0.2095879838
0.4688720829 0.8797729392
0.3750019161 1.0151601933
0.3750019086 1.0163031101
