0.1856079159 0.7735177008
0.0000001211 1.4829381396
0.0226978753 1.0077628127
0.0022015721 1.1061611476
0.0000001192 1.8319166310
0.6250000024 -0.1914974126
0.6387939627 -0.2824434455
0.4356079161 0.0537043695
0.0539478753 0.8826017205
0.2502609568 0.3581316658
0.0737629627 0.8129606451
0.1970525386 0.6866708502
0.2283025386 0.4589362729
0.0000080485 1.4453355546
0.0001297146 1.3417172203
0.0539495443 0.8815922696
0.0398144722 0.8870080036
0.0360150338 0.9583227136
0.0083222389 1.0345994766
0.0003738552 1.3371227771
0.0003776699 1.3370830941
0.0003786236 1.2594229905
0.0021400601 1.2169669794
0.2600140723 0.3191199926
0.2600150260 0.3148786344
0.2511302235 0.3407623378
0.2502914669 0.3452277456
0.0026898533 1.0829671567
0.0339398533 0.9720806570
0.0339398384 0.9768168364
0.0321087838 0.9781176479
0.0397992134 0.9227492653
0.0084445626 1.0340058953
0.0084446818 1.0181985037
0.0084446836 1.0098081606
0.2584446839 0.3244723059
0.2584446690 0.3277569307
0.2584427616 0.3281849643
0.2583206894 0.3402539308
0.2583216431 0.3357153424
0.2503982785 0.3432139522
0.2503978016 0.3441809476
0.8761454829 -0.4495927949
0.6484680349 -0.3621156571
0.6437382751 -0.3128606823
0.6329193289 -0.2521882031
0.6328582937 -0.2501415513
0.6388244802 -0.3011805096
0.6437382713 -0.3067606955
0.6369326307 -0.2542664371
0.6485290701 -0.3672343682
0.6328582919 -0.2024062212
0.8750305333 -0.4255005326
0.6250000006 -0.0118914151
0.6562500025 -0.4125135791
0.6562500099 -0.4128713125
0.1665039753 0.8083425825
0.0737629552 0.8197537795
0.4487629556 -0.0085816812
0.4487634324 -0.0104656203
0.4490075730 -0.0109276248
0.4470544462 0.0211380783
0.4470525388 0.0216045164
0.1965657176 0.7218421431
0.1987615230 0.6745485302
0.2284246089 0.4579040120
0.2422485391 0.3730992428
0.2109985391 0.5555104536
0.2048339846 0.6667424356
0.2109375039 0.5617095671
0.2461547891 0.3635784916
0.1836547891 0.7929562869
0.4350595571 0.0668767457
0.4341135122 0.0746884577
0.4258461077 0.1423605286
0.4228715901 0.2013991644
0.4179697115 0.2371704691
0.4335947115 0.0840140577
0.4340829928 0.0799665398
0.4194345571 0.2272246616
0.4257850725 0.1447050296
0.4218788225 0.2097462714
0.4296913225 0.1305455785
0.4297027666 0.1304358002
0.4306793291 0.1237796777
0.4306793589 0.1174184273
0.4310455699 0.1114039743
0.4154205699 0.2401588313
0.4151764292 0.2600632535
0.4142001052 0.2827074278
0.4142001201 0.2826786346
