0.0000415300 0.7086560560 0.7085058533
0.7094761819 0.0000000042 0.7094754527
0.7075435416 0.7075465485 0.0000578528
0.5761755432 0.5758711263 0.5826444979
1.0003415199 0.0000007471 0.0000000122
0.0000009816 0.0000021264 1.0005950952
0.0000009816 0.0000021264 1.0005950952
0.0001785362 1.0004684338 0.0006955751
0.0001771451 1.0005472892 0.0001538659
1.0006510623 0.0000002040 0.0000289403
0.7052007613 0.7062626120 0.0897164455
0.0867133765 0.6898455309 0.7229923525
0.2315219970 0.2296486520 0.9462610299
0.2375935338 0.9431645733 0.2395426341
0.2714903101 0.6740888346 0.6911838951
0.7043492336 0.1006304253 0.7067448042
0.9460745874 0.2361079115 0.2342836891
0.6782553286 0.6881986938 0.2759553696
0.6795977733 0.2655144895 0.6871954677
1.0006510623 0.0000002040 0.0000289403
0.1444212018 0.8819199173 0.4544571139
0.0000020513 1.0006748195 0.0000743382
1.0007025967 0.0000012415 0.0000000546
1.0003415199 0.0000007471 0.0000000122
0.3847677224 0.5099969349 0.7727923325
0.7752316420 0.3784417909 0.5100469725
0.3130764218 0.9335847084 0.1862345606
0.0271744861 1.0002608482 0.0000138273
1.0003415199 0.0000007471 0.0000000122
0.4451992555 0.1352268380 0.8857745090
0.0001785362 1.0004684338 0.0006955751
0.9315747627 0.3150537457 0.1904917497
0.3865602031 0.7665015336 0.5188550465
0.7686129691 0.5125771724 0.3870380966
0.5101769762 0.3792163397 0.7733885429
0.3130593718 0.1798071435 0.9349171099
0.0008085343 0.0006577336 1.0005618526
0.0001785362 1.0004684338 0.0006955751
0.0000009816 0.0000021264 1.0005950952
0.0000009816 0.0000021264 1.0005950952
0.1386908726 0.4340989769 0.8943006755
0.5163656402 0.7696054012 0.3800105389
0.8818932863 0.1461330928 0.4531625073
0.1918655356 0.9301850020 0.3235548842
0.4491995518 0.8850952466 0.1407047426
0.1821158850 0.3127357346 0.9344475262
1.0007025967 0.0000012415 0.0000000546
0.8876049367 0.4417016078 0.1474780214
0.0001771451 1.0005472892 0.0001538659
0.9379079343 0.1674865076 0.3097667944
0.0000000002 0.0000000130 1.0005686160
1.0003415199 0.0000007471 0.0000000122
0.0000349152 0.9997838046 0.0416485107
0.0000009816 0.0000021264 1.0005950952
0.0000000002 0.0000000130 1.0005686160
0.0957026603 0.9947675310 0.0478554462
0.1437537057 0.9897457011 0.0430197902
0.6332123366 0.4520299616 0.6368254641
0.7816891856 0.6252976138 0.0078272807
0.8508275622 0.2049472485 0.4891191466
0.9945072255 0.1052187291 0.0532400192
0.9714192389 0.0369076173 0.2416759241
0.3781592403 0.3773914334 0.8467257693
0.4938020028 0.5000292782 0.7160201034
0.9885726876 0.0539574632 0.1517053811
0.0550292307 0.0929676125 0.9948945825
0.2417772575 0.9706264939 0.0300530613
0.2291902723 0.0024748138 0.9738988948
0.1083116901 0.9621393742 0.2577030204
0.8070068677 0.5167087801 0.2901579798
0.1439000732 0.6794411987 0.7245711578
0.1790818606 0.9749095411 0.1401009063
0.1358171411 0.1737228167 0.9765263390
0.3624682187 0.8909905238 0.2804560898
0.4592805458 0.6261336741 0.6317528368
0.8987812254 0.3444890447 0.2777518714
0.0513491355 0.9890940623 0.1506136170
0.2937336438 0.8062438307 0.5180090778
0.5039108419 0.8152655338 0.2950189871
0.8462201000 0.4963210064 0.2110742560
0.0644830198 0.0748081767 0.9965226530
0.3558541296 0.2647361353 0.8983981518
0.5024523335 0.2900471930 0.8166191258
0.7122874487 0.4987666427 0.4996891588
0.5032232505 0.7092805174 0.4988921938
0.9770573101 0.1383082762 0.1761374400
0.0941859152 0.0593909849 0.9948674100
0.2345022911 0.9677694817 0.1100562355
0.0653871807 0.9947310248 0.0913610372
0.3811379034 0.9227161302 0.0762084261
0.8455907774 0.3808890936 0.3819721055
0.2046619371 0.6824729655 0.7038419984
0.9189582545 0.0966927172 0.3886769106
0.1731951606 0.1323308104 0.9765784582
0.3589363848 0.6585571187 0.6649595002
0.6670804483 0.3459126102 0.6643641587
0.1501358092 0.0081549494 0.9893069483
0.3849026767 0.8426300275 0.3800949206
0.4846173122 0.2087692270 0.8525039516
0.7070036148 0.0207408471 0.7101667390
0.2460144673 0.1127970093 0.9651673244
0.2902044114 0.5074207685 0.8170081998
0.2703646168 0.3561010889 0.8985289692
0.2124848550 0.8408372551 0.5026060476
0.1439559832 0.9747211845 0.1856867117
0.6666178976 0.6613438558 0.3557803702
0.9746765802 0.1842221158 0.1417959740
0.0821240296 0.9252156854 0.3755504716
0.6928002734 0.6936495735 0.2038985132
0.9702202909 0.2255833645 0.1074384432
0.0291915205 0.6510764083 0.7614836033
0.2754561181 0.8947090313 0.3625211140
0.9684202489 0.2546625786 0.0207698652
0.0510029355 0.1381901153 0.9895193712
0.9960236018 0.0692674438 0.0701478653
0.8194572380 0.2919052875 0.4983092193
0.3786804344 0.0695710497 0.9254729803
0.8981685512 0.2718475382 0.3532866897
0.2107749536 0.4740602311 0.8581919911
0.4871483829 0.8485863004 0.2115832764
0.6911579153 0.2028363176 0.6972247397
0.0776795523 0.9953229257 0.0772773278
0.9936403555 0.0667377755 0.1072118979
0.6290109340 0.6342302861 0.4629992732
0.7290798495 0.6841931971 0.0638402335
0.1105225620 0.2390416980 0.9662712278
0.9899521144 0.1445254250 0.0545156854
0.0841328100 0.3552849193 0.9348667366
0.0075611296 0.9645643747 0.2693387067
0.7388521155 0.0003091634 0.6767043760
0.9648109357 0.1100178136 0.2414250937
0.6870966430 0.7170075071 0.1400762284
0.6846390559 0.1369317932 0.7200557750
0.9129926853 0.4005197573 0.0879979528
0.0347712912 0.7042173445 0.7117476825
0.0213820403 0.2342161780 0.9729112812
0.0001771451 1.0005472892 0.0001538659
1.0009631626 0.0000020028 0.0000000328
1.0005173135 0.0000011445 0.0000000321
0.9803085415 0.0102475466 0.2032989718
0.0001771451 1.0005472892 0.0001538659
0.7475922823 0.2289146246 0.6271914443
0.0001771451 1.0005472892 0.0001538659
0.9101668257 0.3864568540 0.1607701617
0.0001771451 1.0005472892 0.0001538659
0.3830302434 0.9127422921 0.1626957551
0.1648897884 0.9202310084 0.3636594142
0.1867771167 0.8109654997 0.5605782256
0.0001771451 1.0005472892 0.0001538659
0.9702202909 0.2255833645 0.1074384432
0.4651951393 0.4220702310 0.7801716431
0.9093389085 0.1549514850 0.3936422612
1.0007025967 0.0000012415 0.0000000546
0.2637360617 0.9411712741 0.2223865164
0.6254132189 0.7202732149 0.3169953714
0.6021195969 0.3985206437 0.6982162434
0.7875935125 0.2640213690 0.5660604618
0.0686534365 0.0844368156 0.9955892100
0.1197901583 0.8413989327 0.5289928055
0.0001771451 1.0005472892 0.0001538659
0.4672252150 0.7795860523 0.4260815668
0.8301048835 0.4604887208 0.3203530163
0.1590042967 0.9782973652 0.1438266371
0.4290563480 0.9036119954 0.0459648508
1.0007025967 0.0000012415 0.0000000546
0.5720927826 0.5105001610 0.6459059773
0.0384888384 0.0007651435 1.0004127501
0.3145278779 0.4560936426 0.8344844589
0.9787120165 0.1582140288 0.1437178158
0.7119036291 0.4492405507 0.5537403267
0.1695406222 0.6030362599 0.7854788683
0.2562893865 0.2049127058 0.9465090707
0.1711510189 0.9853944326 0.0439754986
0.3288795023 0.0969389956 0.9422850582
0.8187192436 0.5506036427 0.1809906506
0.0008085343 0.0006577336 1.0005618526
0.7766908075 0.4681923319 0.4307459129
0.4305477627 0.7793779589 0.4689010092
0.4489071761 0.0567255382 0.8926805524
0.3110983834 0.6156842343 0.7292057364
0.1135709660 0.0371326554 0.9934430702
0.9955243651 0.0641591833 0.0814639109
0.3162099484 0.2973336572 0.9014254395
0.5530318680 0.4424099351 0.7088757993
0.6461738427 0.5695593482 0.5161879167
0.1565148800 0.3806799015 0.9123958437
0.2747033323 0.1046137119 0.9581176456
0.9950649370 0.0894223868 0.0652747396
0.0483946069 0.1233861119 0.9923202172
0.5130290755 0.6450417876 0.5746799472
0.1901320691 0.9755454157 0.1285755165
0.2316234629 0.8657995888 0.4501624226
0.1506381146 0.9048892982 0.4007277519
0.4913011093 0.8722508994 0.0149270436
0.0574955902 0.0900025562 0.9949458523
0.4348140042 0.2173550284 0.8772210185
0.3196162058 0.8283164721 0.4611909982
0.6443874984 0.5160012346 0.5698656462
0.4545549198 0.8321802154 0.3215493109
0.1918657959 0.1266177683 0.9747294831
0.0008085343 0.0006577336 1.0005618526
0.2126537633 0.2536517120 0.9444307945
0.2982445314 0.9001475999 0.3266125914
0.9955243651 0.0641591833 0.0814639109
0.7088480770 0.5511418992 0.4512009625
0.1182008945 0.9750978548 0.1942253078
0.4182564332 0.3417144767 0.8466296026
0.9213606544 0.1762057972 0.3501856695
0.5150228143 0.5716387751 0.6432550748
0.4033296674 0.6872791895 0.6055968117
0.9406631293 0.2823525801 0.1958368649
0.4491233591 0.5490537249 0.7085649267
0.1218614522 0.4822372318 0.8707483251
0.5615415347 0.2598120062 0.7902661570
1.0006510623 0.0000002040 0.0000289403
0.7539078750 0.3366001939 0.5688023712
0.3910163326 0.8882504797 0.2479533374
0.3478517831 0.7485712771 0.5694312165
0.4415234101 0.8717274185 0.2302187330
0.4040561157 0.6050210671 0.6904814567
0.5612548601 0.3455161349 0.7571463173
0.6180927027 0.2309656567 0.7546608439
0.1574792061 0.1466037035 0.9794936779
0.9781239039 0.2143139673 0.0172718615
0.4517709535 0.0319808541 0.8921397639
0.8631521676 0.4523940011 0.2344196071
0.9945072255 0.1052187291 0.0532400192
0.1248942680 0.9673232055 0.2302690540
0.0000036557 1.0011777302 0.0000000162
0.6907988075 0.4029861050 0.6063538106
0.9853237934 0.0521098738 0.1713756863
0.2556066063 0.5599187767 0.7923559142
1.0005173135 0.0000011445 0.0000000321
1.0005173135 0.0000011445 0.0000000321
0.9803995226 0.1339735605 0.1559936297
0.4220079847 0.4616096060 0.7808617328
0.8994770310 0.3259203122 0.2984301700
0.8856244684 0.3962568176 0.2543071251
0.0000020513 1.0006748195 0.0000743382
0.9423843593 0.2226389896 0.2592334487
0.3428876308 0.4168518361 0.8438555849
0.1266644176 0.0177057650 0.9920987401
0.9439447194 0.2012926461 0.2731502366
0.0000009816 0.0000021264 1.0005950952
0.1143915857 0.5792195703 0.8127566442
0.3924493645 0.1572956430 0.9080551329
0.0722393672 0.9961500766 0.0691590901
0.9913665328 0.0530006326 0.1324730867
0.2068713666 0.9379426296 0.2882747750
0.2056698104 0.0000063023 0.9796418450
0.2760309239 0.9406583072 0.2039784616
0.0006824249 0.0591080696 0.9994697961
0.2815831008 0.1948177972 0.9415944120
0.1957638985 0.2810317830 0.9407115752
0.1085295610 0.9557165778 0.2786345629
0.5680752837 0.8221970903 0.0615297032
0.7450792873 0.6299602203 0.2276463873
0.3474600796 0.8382868416 0.4288015686
0.8751822763 0.2321695026 0.4273929856
0.8385706456 0.4211617011 0.3502153318
1.0003415199 0.0000007471 0.0000000122
0.1614219356 0.7665808743 0.6265003694
0.9076157213 0.4221217698 0.0257271226
0.3010529206 0.0008549370 0.9555605781
0.8457753145 0.3468673261 0.4166937642
0.0607469802 0.9926084505 0.1183617887
0.0001785362 1.0004684338 0.0006955751
0.4494827682 0.7029989502 0.5580699170
0.0946808710 0.0683327574 0.9946240270
0.2040479647 0.9740658078 0.1134538416
0.6159663755 0.3103671598 0.7253686850
0.7740377195 0.6178933768 0.1522369687
0.2663797574 0.9596226680 0.1051312730
0.3942776454 0.2376517995 0.8901559724
0.7768995804 0.4242296757 0.4714720222
0.2544722173 0.7823803158 0.5745706262
0.0141187875 0.9798169296 0.2032205086
0.5485361608 0.7071403718 0.4539855579
0.5732769051 0.6401881861 0.5194946371
0.9450052944 0.2577607785 0.2138637532
0.8445212371 0.1288945202 0.5289442451
0.9585894242 0.2765132791 0.0956626526
0.0744945228 0.9943427174 0.0930374321
0.2262268089 0.6130904632 0.7588999435
0.8883561326 0.4569499181 0.0847386328
0.0814555116 0.9947971210 0.0692528107
0.0826305148 0.8836708895 0.4645870059
0.8350692864 0.3192395957 0.4559218992
0.5629007939 0.7852313930 0.2660425828
0.2171784278 0.9424200139 0.2590332019
0.7533607351 0.5647296571 0.3519974111
0.0355296068 0.1600772879 0.9880744930
0.5697524481 0.7495898099 0.3468126114
0.2266036657 0.7413248627 0.6340403718
0.0000009816 0.0000021264 1.0005950952
0.2512974432 0.3895365323 0.8869526734
0.0076385751 0.5271159767 0.8515177499
0.2983872704 0.3277536309 0.8993430782
0.5463371155 0.8183666492 0.1908275673
0.1455302392 0.1561917074 0.9788546856
0.8222572247 0.0326359389 0.5710278200
0.1220609651 0.1985803113 0.9741076066
0.7263896200 0.6193748329 0.3071026923
0.0008085343 0.0006577336 1.0005618526
1.0007025967 0.0000012415 0.0000000546
0.3195400969 0.9007718444 0.3026099035
0.4583099509 0.3201591770 0.8319761404
0.9738521722 0.1261925836 0.1963639500
0.3472168024 0.5603059206 0.7551868202
0.1040302087 0.2651699697 0.9605332707
0.2522646052 0.8810113247 0.4079269037
0.0001771451 1.0005472892 0.0001538659
0.0005217903 0.0029601737 1.0009081071
0.3026501555 0.7144021894 0.6333717986
0.3378058150 0.1562605145 0.9309897601
0.3095010994 0.9480400232 0.0898749943
0.9047290498 0.2949338725 0.3164994010
0.8968655733 0.0762080995 0.4406196606
0.9208450244 0.3558497050 0.1812584105
0.9957127343 0.0851056719 0.0586921236
0.9555215863 0.1079122306 0.2826709188
0.4240789940 0.8354924102 0.3566110088
0.9454321774 0.0142920163 0.3304906946
0.1737600088 0.0131900355 0.9859440781
0.9448159991 0.3194030522 0.0935666145
0.0021511434 0.0023761052 1.0007502405
0.1615991173 0.3464215131 0.9261251803
0.0299824158 0.9872787857 0.1630897803
0.7780621043 0.5742772172 0.2628367404
0.9737467199 0.2021029793 0.1323326220
0.1446723011 0.9767828974 0.1634179831
0.7714603764 0.1177281367 0.6311179567
0.9389025523 0.0734771261 0.3400241130
0.8842591769 0.2574761666 0.3939800128
0.0093510423 0.8766465608 0.4842129939
0.0001771451 1.0005472892 0.0001538659
0.0948710313 0.9445716134 0.3164670845
0.7807331846 0.6186580092 0.1201962951
0.1005861586 0.9952758824 0.0134220667
0.7551684441 0.1576491506 0.6372428974
0.0058261816 0.0013588608 1.0004615904
0.7274020893 0.3114917564 0.6168653439
0.0074949907 0.4445295771 0.8976550611
0.0774897855 0.0629776195 0.9965977469
0.0033655712 0.9406342913 0.3414232993
0.0000349152 0.9997838046 0.0416485107
0.1703311681 0.5333706771 0.8305173367
0.3401375089 0.9253855378 0.1796470529
0.2294423708 0.4257655372 0.8794703895
0.1103997634 0.9935668320 0.0490468068
0.6086306749 0.6909334592 0.3966201529
0.8229215744 0.1915032990 0.5390185799
0.1142114818 0.7694514439 0.6319933847
0.0613851737 0.1138322023 0.9932142684
0.0198559547 0.8272537451 0.5636649657
0.9680139597 0.1223733594 0.2273923326
0.6954972340 0.6029491398 0.4041680769
0.0268768884 0.4306189104 0.9048362046
0.2011464909 0.9807898955 0.0000528665
0.3178855698 0.9489211450 0.0006922305
0.5501077954 0.1851494714 0.8149905845
0.0058261816 0.0013588608 1.0004615904
0.0572337955 0.9964336358 0.0863169811
0.9914923636 0.1240834146 0.0565434691
0.8246861907 0.5663629804 0.0786814042
0.0755137932 0.2989919201 0.9541746196
1.0007863619 0.0000002902 0.0088062978
0.1986955625 0.1161436824 0.9752156777
1.0008792012 0.0061277153 0.0199886261
0.8775899495 0.0299392833 0.4836904074
0.8442955155 0.5245623516 0.1382438499
0.0001771451 1.0005472892 0.0001538659
0.9931777959 0.0588613530 0.1119593467
0.5681344816 0.0760617218 0.8239787667
0.9998463757 0.0362111980 0.0000398419
0.9985530842 0.0000059924 0.0746280991
0.0359901189 1.0001956344 0.0019177249
1.0005173135 0.0000011445 0.0000000321
0.6014209511 0.7852247363 0.1677467296
0.6056762476 0.1671356079 0.7795070635
0.9480555939 0.3232164713 0.0000456578
0.5809419414 0.8115271049 0.1034544884
0.4846256648 0.8686727678 0.1302146010
0.6139522503 0.7592173112 0.2261904371
0.0475157300 0.9893796266 0.1439194655
0.0008085343 0.0006577336 1.0005618526
0.0058261816 0.0013588608 1.0004615904
0.5113904340 0.1312497437 0.8513782241
0.5828165068 0.1109424872 0.8084215818
0.9895776319 0.1537365309 0.0000373486
0.0021511434 0.0023761052 1.0007502405
0.0058261816 0.0013588608 1.0004615904
0.1255300242 0.2297965677 0.9682382975
1.0003415199 0.0000007471 0.0000000122
0.0001771451 1.0005472892 0.0001538659
1.0007237741 0.0028191009 0.0461996210
0.0001771451 1.0005472892 0.0001538659
1.0007025967 0.0000012415 0.0000000546
0.0218314449 0.2827077343 0.9602732638
0.0001771451 1.0005472892 0.0001538659
0.1047017047 0.0000286543 0.9949041380
0.0342523510 0.1861041654 0.9832604433
0.9907431646 0.1512963463 0.0000000454
0.0058261816 0.0013588608 1.0004615904
0.0000814011 0.0004071382 1.0014585776
0.0001541872 0.9968694926 0.0872007485
0.8625442255 0.0854965603 0.5011297751
1.0012299861 0.0004486220 0.0000009239
0.7742016748 0.6337157044 0.0211959553
0.0001541873 0.9968698579 0.0872007804
0.0026514489 0.0371647637 0.9999216981
0.0028803774 0.9713124245 0.2424496386
1.0002871923 0.0412114562 0.0000229210
0.1158625809 0.8528801748 0.5119742511
0.5154732980 0.8574164610 0.0614787983
0.6884714094 0.7070581874 0.1740612269
0.1733525955 0.9513164609 0.2584456151
0.0001771451 1.0005472892 0.0001538659
0.9837823882 0.1558921586 0.1124157283
0.1045945781 0.9113420193 0.4079719534
0.0241448553 1.0003805365 0.0255704474
0.1691572147 0.1920959791 0.9698243483
0.7252688108 0.6903133480 0.0118838831
0.9577442133 0.2848444106 0.0810623965
0.4029579467 0.1816104143 0.8993970319
0.8244365864 0.4195612016 0.3850699185
1.0005173135 0.0000011445 0.0000000321
0.0837439867 0.1475290332 0.9866313377
0.0551609037 0.9987013627 0.0009052131
0.0157661808 0.9995251136 0.0503530344
0.9428276160 0.3181031263 0.1244218430
0.1717663189 0.6969297280 0.7009421700
0.0717307384 0.9984659006 0.0079516544
0.1805926471 0.9681744983 0.1879088178
0.8204448666 0.1643756340 0.5512753743
0.1376227631 0.9157777630 0.3786523544
0.5921918130 0.8012470356 0.1286384141
0.0008044662 0.8995253306 0.4412386712
0.2484093802 0.9029531135 0.3574618835
0.1147799292 0.9907020322 0.0939868116
0.2667807941 0.9580926483 0.1334392222
0.9893732298 0.1470534762 0.0451801411
0.1919823569 0.6013767383 0.7787638582
0.0855347262 0.9894259718 0.1211258581
0.9672507081 0.1650602513 0.2025760291
0.7112264851 0.6190845930 0.3400652228
0.1507300295 0.5898304880 0.7973270480
0.2905019786 0.7735008060 0.5691403153
0.9990854358 0.0422208061 0.0516860925
0.6610660201 0.4746696796 0.5853399180
0.8124362411 0.2064651951 0.5519983171
0.1277512571 0.7688556822 0.6303455939
0.4049635256 0.2825484662 0.8737657904
0.0874769015 0.8099413017 0.5830933488
0.1246834075 0.2928982531 0.9510598084
0.0157595445 0.6969578198 0.7186451069
0.5580703053 0.5577436768 0.6156402105
0.3707789070 0.8817742660 0.3169543783
0.4976270020 0.2621342739 0.8307392089
0.2028436385 0.9669455568 0.1741670803
0.9811124447 0.1818330522 0.0924960206
0.0132597007 0.0285914789 0.9999213885
0.2828458396 0.2832200155 0.9198503630
0.9992765114 0.0420339229 0.0615673992
0.7541573450 0.5093124209 0.4223502370
0.4221419529 0.3797637110 0.8274236995
0.1521364191 0.9889859162 0.0508366011
0.1481208599 0.9305142662 0.3411719913
0.1873404270 0.9074506743 0.3788473649
0.5159148820 0.8001558068 0.3184647728
0.8627744182 0.4815736082 0.1867555691
0.5052227172 0.4543042869 0.7351296568
0.3615342810 0.3056896787 0.8839000458
0.4892671473 0.5400916547 0.6919439193
0.0907822080 0.0068595923 0.9969328263
0.9648491401 0.0783010427 0.2560897754
0.6833884970 0.2468176568 0.6887144159
0.7423031885 0.2449647830 0.6276321704
0.4514795032 0.8789503672 0.1678634931
0.9972936634 0.0000000131 0.1000871008
0.9276300043 0.0004806467 0.3766433276
0.0605766902 0.0057760199 0.9994859988
0.2120447517 0.9656144217 0.1604311167
0.6800846244 0.2955933392 0.6744392812
0.9916603037 0.0824225464 0.1166723937
0.4614174656 0.7278430013 0.5124681324
0.0936760067 0.9780504304 0.1925595178
0.8815558550 0.3686149552 0.3106993089
0.8253423731 0.2628943316 0.5049157182
0.1458087867 0.3230005852 0.9362237158
0.5760622103 0.8156523234 0.1018498910
0.8413636341 0.4612154811 0.2917890139
0.4280077773 0.7972460181 0.4296808848
0.9736552590 0.0612319584 0.2271723720
0.8565795746 0.4536749437 0.2578957788
0.7567305309 0.4645306406 0.4666575790
0.9599279193 0.2186990838 0.2041081418
0.3454987204 0.9330637348 0.1246062872
0.3875789668 0.4565451680 0.8039296897
0.5657128518 0.2842105522 0.7778240886
0.6939120005 0.2248332479 0.6877754334
0.1149128701 0.0894493360 0.9911360679
0.0095474395 0.0602989270 0.9993419680
0.3358701819 0.7871251708 0.5187268231
0.3415520707 0.2420004517 0.9113072882
0.0584326533 0.9985602503 0.0416745665
0.6093664950 0.3617085151 0.7070676463
0.7726013402 0.1373532866 0.6249009748
0.8969975755 0.3901597019 0.2264815293
0.6455820122 0.6437313898 0.4146209927
0.2717037675 0.2478890544 0.9347486663
0.9999878163 0.0435379305 0.0000000315
0.6378646237 0.4212713387 0.6492439861
0.3025477217 0.8794288292 0.3728725499
0.9552321400 0.1374164161 0.2744061136
0.4140448695 0.8930875593 0.1875160231
0.2429155376 0.6805876780 0.6929083581
0.9987125223 0.0627468267 0.0000474471
0.6819316889 0.7033074605 0.2151308001
0.7876557394 0.5131721104 0.3495950787
0.2365321763 0.9563512530 0.1848668881
0.6806660225 0.6926293341 0.2503213749
0.8057410172 0.4205892582 0.4253925366
0.5839142953 0.6614817273 0.4790992599
0.8202862733 0.5133346457 0.2583047052
0.0157661808 0.9995251136 0.0503530344
0.9909831504 0.1129563711 0.0886112835
0.9281318221 0.3023220563 0.2297444312
0.1167699985 0.5830180324 0.8078497463
0.0642095225 0.0108678601 0.9984881773
0.4551149605 0.8460277764 0.2915436953
0.3373378772 0.7122785189 0.6173093228
0.4235400672 0.7516954979 0.5080335931
0.4616439998 0.7555809303 0.4671709232
0.8954425213 0.4322819950 0.1182470784
0.0288719429 0.9998544020 0.0079361081
0.6803490862 0.4373025593 0.5988320040
0.5011242997 0.0383683555 0.8654305666
0.0123326642 0.0224629553 1.0003252939
0.1061049894 0.9813714125 0.1712056120
0.9643544034 0.0514338945 0.2657911458
0.0220238465 0.0102165010 1.0000481546
0.8517655374 0.0966570028 0.5207234646
0.4602242165 0.3832247625 0.8022486968
0.4755809688 0.5829772757 0.6658875065
0.2308240727 0.9271744827 0.3028056395
0.0350404974 0.1012564149 0.9954729326
0.5294102572 0.5308618872 0.6687290678
0.2288804687 0.4869655002 0.8451372343
0.5379382826 0.5998792270 0.5975605970
0.2354692256 0.9617374012 0.1489974370
1.0007025967 0.0000012415 0.0000000546
0.4595361281 0.5053979928 0.7349149734
0.8672432802 0.3727130345 0.3420099401
0.4389015404 0.8640306832 0.2582921722
0.0289265266 1.0004168880 0.0209258014
0.6869392838 0.4878395136 0.5433058937
0.2133029624 0.8741585341 0.4434115780
0.1993920829 0.9603816187 0.2040426203
0.5622690973 0.7778760429 0.2876247242
0.3468493072 0.9359697392 0.0749484797
0.4981821286 0.6095069870 0.6200116965
0.2862993712 0.4525743872 0.8470868941
0.7455679191 0.3797004143 0.5550856953
0.0551609037 0.9987013627 0.0009052131
0.2992618210 0.9480352903 0.1273588003
0.0752801555 0.0361851961 0.9979768108
0.9124206360 0.2365342773 0.3395796626
0.3722064125 0.3378190720 0.8666504846
0.2237733936 0.9539607524 0.2066563657
0.4212531110 0.5081594940 0.7532994961
0.9648751155 0.2194506320 0.1537995783
0.0897205415 0.1304150444 0.9890305895
0.0001230919 0.9952377490 0.1021395162
0.4145564405 0.9103475798 0.0615636100
0.9681981350 0.1837265677 0.1839456300
0.5069572323 0.7348595939 0.4558970005
0.6675126023 0.5260239055 0.5318355358
0.9974021164 0.0118701960 0.0907218274
0.2351204971 0.1794524780 0.9577213315
0.5403618314 0.4799192089 0.6925767055
0.3684004160 0.6999946191 0.6157434673
0.1242316621 0.0007944360 0.9928488549
0.3005006952 0.2201716879 0.9296452366
0.5996699328 0.5960347301 0.5389574642
0.1771739003 0.9813987991 0.0920338713
0.7966659339 0.3864751823 0.4685013309
0.5112966240 0.4185314140 0.7561512566
0.2924225680 0.0811850791 0.9536080135
0.0448819561 0.0595787410 0.9979776528
0.3412371245 0.3735349266 0.8665415038
0.3060235863 0.1166398363 0.9463067996
0.3235296941 0.9474976648 0.0022792831
0.3336931097 0.6116539935 0.7223774650
0.9095359034 0.3468526266 0.2346705670
1.0006510623 0.0000002040 0.0000289403
0.6168518113 0.4888107406 0.6217567506
0.0114249050 0.0019749872 1.0002774723
0.1691639475 0.8231632509 0.5494288123
0.4697954300 0.7939593887 0.3922378524
