0.4999325251 0.9999626916 0.4925805803 0.4993766363 0.5215930417 0.5071059914 0.5233640591 0.5125656679 0.5115011607 0.5064071384 0.5206759472 0.5144226732
0.4999996729 0.0000000038 0.4853708759 0.5270317649 0.5018066530 0.4916526641 0.5265463084 0.4802850854 0.5086895751 0.5075928386 0.4857226828 0.4699622343
0.0000368074 0.5000013527 0.5040980141 0.5088641365 0.4990492975 0.5037039149 0.5029083620 0.5061544512 0.4906663762 0.5180440319 0.5012621792 0.4929872722
0.3952629361 0.4998317795 0.5114614621 0.5256112378 0.5032478590 0.4993023992 0.4877536080 0.5132820208 0.4943732467 0.5175798690 0.4926671612 0.4955478324
0.0000000077 0.0000004755 0.4996697166 0.5019045200 0.4898607100 0.4958259746 0.4946660367 0.5049710105 0.4944402110 0.5113643087 0.4979219894 0.5001302100
0.9999985099 0.7246733458 0.4949024048 0.5103621750 0.4959106062 0.4980824423 0.5007585910 0.4919951768 0.5004625106 0.4956493945 0.5018144422 0.4811785142
0.9999985099 0.7246733458 0.4949024048 0.5103621750 0.4959106062 0.4980824423 0.5007585910 0.4919951768 0.5004625106 0.4956493945 0.5018144422 0.4811785142
0.0004426095 0.9998863935 0.5117013220 0.4984680968 0.4974737954 0.5053978406 0.5024625375 0.5041338318 0.4996495330 0.5024146593 0.4837809814 0.4986798227
0.0000979005 0.9998872876 0.5055808153 0.4983846676 0.4966442387 0.5067452081 0.5028362328 0.5012398950 0.5109001331 0.5069925724 0.4889056312 0.5125070925
0.0000184120 0.0000001298 0.5038830676 0.5069166241 0.4925826483 0.4879010517 0.4971263351 0.5083772208 0.4920465646 0.5151738806 0.5026607078 0.4972207592
0.0570731387 0.5004789320 0.5287397983 0.5168244490 0.5064976092 0.4994719633 0.5022997214 0.5068507537 0.4996826678 0.4869225968 0.5013173678 0.4734813123
0.5124403599 0.9203945994 0.5287944719 0.4987374758 0.5000651437 0.4975265420 0.5018087808 0.5101973251 0.4917314200 0.5004168268 0.4591097487 0.4806950886
0.7887230312 0.4974139684 0.5195788202 0.5011572219 0.4965457067 0.5066124147 0.4887846903 0.4859835307 0.5074605546 0.5000648321 0.4963899661 0.4933827352
0.1537293697 0.8428972363 0.4769447689 0.4995800668 0.5141912407 0.4980776610 0.4972573154 0.4944484467 0.5053883243 0.5093236607 0.4758340326 0.4852066094
0.4840538892 0.7562534830 0.5116166163 0.5059505431 0.5148249052 0.5088182128 0.5224158613 0.4756434658 0.5172463103 0.5293593376 0.5102374638 0.5093218421
0.4978648498 0.0903425366 0.4806429622 0.4840930872 0.5274624562 0.4856329295 0.5176042482 0.5134324513 0.5147595264 0.4948778099 0.5094805831 0.5210846820
0.1501141054 0.1556981057 0.5074406763 0.4977653775 0.4879877361 0.5227332164 0.5194096062 0.4939883508 0.4899301054 0.5311939167 0.4796059777 0.5147552121
0.1770995876 0.5046324509 0.4649670818 0.5051917362 0.5315886563 0.5073128077 0.4712952960 0.5229392888 0.4747668583 0.5167257310 0.5177183397 0.4987945254
0.4809413059 0.2371140950 0.4692212921 0.4812904771 0.5174245647 0.4899365809 0.5183444437 0.5076970682 0.5090166184 0.4989791154 0.5097995971 0.5039138351
0.0000184120 0.0000001298 0.5038830676 0.5069166241 0.4925826483 0.4879010517 0.4971263351 0.5083772208 0.4920465646 0.5151738806 0.5026607078 0.4972207592
0.2994971264 0.8966657691 0.5197970432 0.5091634137 0.5045992021 0.5197702265 0.4915699459 0.5160346009 0.4733204812 0.5045428278 0.4947361572 0.4753790761
0.0000472932 0.9999986950 0.5043016177 0.5084891397 0.5143964217 0.5108682319 0.5084111508 0.5048191194 0.4928963351 0.5102346396 0.4983181901 0.4973793780
0.0000000348 0.0000007898 0.5043187726 0.5016539772 0.5204735873 0.5028129151 0.4981871275 0.5013916966 0.5028982889 0.5094913274 0.4971927474 0.5119389975
0.0000000077 0.0000004755 0.4996697166 0.5019045200 0.4898607100 0.4958259746 0.4946660367 0.5049710105 0.4944402110 0.5113643087 0.4979219894 0.5001302100
0.5602194892 0.5885248214 0.4719263386 0.5123581389 0.5256183549 0.4807279337 0.4934372394 0.4970671297 0.5010261122 0.5083617529 0.4762032785 0.4961963553
0.3399258630 0.2891117866 0.4836032620 0.4896542700 0.4942378509 0.4771394259 0.5249781109 0.4955745497 0.5148153534 0.4856590627 0.4875235817 0.5040910137
0.1189994365 0.7940132121 0.4682662805 0.4857792593 0.4873263817 0.4933069946 0.5099342793 0.5181275301 0.4854016209 0.4967244893 0.5052639247 0.5066688777
0.0000087972 0.9827089494 0.5139518816 0.4980380666 0.5013882624 0.5003410382 0.5043286341 0.5097854472 0.4912397113 0.5115480165 0.4903471140 0.4965951570
0.0000000077 0.0000004755 0.4996697166 0.5019045200 0.4898607100 0.4958259746 0.4946660367 0.5049710105 0.4944402110 0.5113643087 0.4979219894 0.5001302100
0.6920862169 0.1877319079 0.4871043337 0.5076305378 0.5100087260 0.4963129556 0.4880450690 0.4977993901 0.4995188450 0.5045607678 0.4950096491 0.4967689468
0.0004426095 0.9998863935 0.5117013220 0.4984680968 0.4974737954 0.5053978406 0.5024625375 0.5041338318 0.4996495330 0.5024146593 0.4837809814 0.4986798227
0.1218084007 0.2076141089 0.5213127995 0.4844094474 0.5069118643 0.4964168392 0.5200665630 0.4933734531 0.5144329658 0.4880105635 0.5038523421 0.5107675924
0.3460984183 0.7026376360 0.4678038906 0.4929526451 0.5400776939 0.5060707841 0.5121228235 0.4970307236 0.5026823056 0.5022177503 0.5007776687 0.4866054979
0.2525638938 0.3744307099 0.4916225495 0.4997280105 0.4991201064 0.4952707969 0.4914664266 0.5327754502 0.4870382873 0.5136336570 0.5054684807 0.5049272850
0.5620213655 0.4069283547 0.4994739192 0.4872125658 0.4772368774 0.4851361746 0.5001041688 0.5120130397 0.5047119939 0.5019802722 0.4959450870 0.5041613768
0.7653971062 0.3319012327 0.4764246525 0.4966041389 0.5016824257 0.4986959236 0.4963207728 0.5182064695 0.5104912525 0.5140625777 0.5207587510 0.4766473112
0.9993368387 0.4347551752 0.5079898255 0.4945797729 0.4966555240 0.5001216391 0.5066833727 0.4875558334 0.5078168536 0.5034522552 0.4876634881 0.4942342872
0.0004426095 0.9998863935 0.5117013220 0.4984680968 0.4974737954 0.5053978406 0.5024625375 0.5041338318 0.4996495330 0.5024146593 0.4837809814 0.4986798227
0.9999985099 0.7246733458 0.4949024048 0.5103621750 0.4959106062 0.4980824423 0.5007585910 0.4919951768 0.5004625106 0.4956493945 0.5018144422 0.4811785142
0.9999985099 0.7246733458 0.4949024048 0.5103621750 0.4959106062 0.4980824423 0.5007585910 0.4919951768 0.5004625106 0.4956493945 0.5018144422 0.4811785142
0.6999734082 0.8031307573 0.5341448208 0.4795495451 0.5256730898 0.5118752060 0.5018719123 0.5308448077 0.5080946212 0.5039445764 0.4849679093 0.5085032363
0.2477244451 0.6237824537 0.4941920469 0.4918465301 0.4936518569 0.4980127224 0.4899793482 0.5016399995 0.4989955273 0.5061082424 0.5217163386 0.4698651349
0.2986915647 0.1045404244 0.4995020358 0.5082391787 0.4877771474 0.5066800548 0.5304777057 0.4967353654 0.5127106392 0.4797495477 0.5191306169 0.5090368077
0.2090258171 0.8705031148 0.4953218076 0.5402504560 0.5220690587 0.5061829990 0.5115481429 0.4959576772 0.4809696701 0.5103586273 0.4766397686 0.5058620183
0.0896495864 0.7010166725 0.5160509621 0.4831203190 0.5049239974 0.5189153757 0.5087504410 0.4840568692 0.5119419331 0.5172848956 0.5204982958 0.5191269803
0.7647706625 0.6642934104 0.5288736465 0.4950940431 0.5052713259 0.4998879127 0.5082071992 0.5022074559 0.5168373043 0.5022830089 0.4856878735 0.4749497253
0.0000000348 0.0000007898 0.5043187726 0.5016539772 0.5204735873 0.5028129151 0.4981871275 0.5013916966 0.5028982889 0.5094913274 0.4971927474 0.5119389975
0.0940092005 0.2939606488 0.5111970428 0.5377311443 0.5193216229 0.5053550126 0.5097745906 0.5074185761 0.4941522409 0.4935447888 0.4881788277 0.4948661980
0.0000979005 0.9998872876 0.5055808153 0.4983846676 0.4966442387 0.5067452081 0.5028362328 0.5012398950 0.5109001331 0.5069925724 0.4889056312 0.5125070925
0.2001215835 0.1124982908 0.5147866893 0.5145988951 0.4892827158 0.4931490607 0.5089618414 0.5067985636 0.5105640365 0.4981234278 0.5315820608 0.5022148123
0.9999999918 0.9913942667 0.5158886149 0.5096473729 0.4953296608 0.4968590909 0.4991679787 0.4910966146 0.4979321016 0.4956927629 0.5073247743 0.4940859990
0.0000000077 0.0000004755 0.4996697166 0.5019045200 0.4898607100 0.4958259746 0.4946660367 0.5049710105 0.4944402110 0.5113643087 0.4979219894 0.5001302100
0.0265046744 0.9999777675 0.5007928970 0.4990139053 0.4967757174 0.5005115277 0.5171882450 0.5036099268 0.4935046838 0.5044787481 0.4842304029 0.4956112192
0.9999985099 0.7246733458 0.4949024048 0.5103621750 0.4959106062 0.4980824423 0.5007585910 0.4919951768 0.5004625106 0.4956493945 0.5018144422 0.4811785142
0.9999999918 0.9913942667 0.5158886149 0.5096473729 0.4953296608 0.4968590909 0.4991679787 0.4910966146 0.4979321016 0.4956927629 0.5073247743 0.4940859990
0.0304619485 0.9389412387 0.4930568849 0.5035549649 0.5075958206 0.4994312717 0.5096732897 0.4943177190 0.5034393906 0.5086162238 0.5086583947 0.4900048990
0.0273667965 0.9081774783 0.5094302320 0.5065221862 0.4945427670 0.4988806301 0.4815551812 0.4864441476 0.4995707546 0.4854340529 0.4875680309 0.4984985263
0.4366849136 0.3946869244 0.5481918221 0.5233457164 0.4813242433 0.5156488564 0.5057098975 0.5041703641 0.5162836345 0.4794577926 0.5232449365 0.4742200189
0.0049778375 0.4295267398 0.5124352920 0.5042918891 0.5053321898 0.4883166332 0.5154278871 0.5005953168 0.5090465654 0.5167248142 0.4896202551 0.4985979759
0.3244482548 0.1504821330 0.4750804290 0.5058905484 0.5274155413 0.4814010599 0.4882507671 0.5058944036 0.5176908265 0.5026247591 0.4820247260 0.4986025509
0.0338597260 0.0671046472 0.5072953329 0.5081891427 0.5163359422 0.5129460720 0.5019935513 0.4986816560 0.5183070430 0.5070781147 0.5147406126 0.5176343866
0.1551233785 0.0241757855 0.4999411693 0.5069933201 0.5011770879 0.5004634422 0.5045899474 0.5277497727 0.4800997568 0.4932279003 0.4844902798 0.4863304260
0.6416606937 0.4993530535 0.5203937245 0.5094896398 0.5045246628 0.4961237757 0.4978386567 0.4894713712 0.5203830892 0.5083799304 0.5001198209 0.4934252621
0.5059503768 0.5039889616 0.4821609926 0.5015466582 0.4995307648 0.4856893753 0.5065844174 0.5491920065 0.4995583172 0.4896055150 0.5128652645 0.4969520293
0.0967969371 0.0347130141 0.5034062627 0.4851003756 0.4960532542 0.5029394796 0.5108573695 0.5072512768 0.4993239124 0.4873034407 0.5267083121 0.4827840413
0.9311407351 0.6597548205 0.4982542662 0.5030452036 0.5211990406 0.5071000999 0.4925567148 0.5031611637 0.4938292386 0.5004120705 0.5036996323 0.4893476136
0.0191211512 0.8445846909 0.5002273535 0.4935666683 0.5103288759 0.5028974279 0.4990954812 0.4780889865 0.5014666902 0.5006667074 0.5071618695 0.4932162733
0.8528515530 0.0068740011 0.5140270686 0.4955760268 0.4919173522 0.5007035096 0.4930158214 0.5063822042 0.4999076004 0.4890158043 0.4990237975 0.5036432843
0.1656049687 0.9286337495 0.4889365269 0.4942555421 0.5047966476 0.5037019186 0.5173206072 0.5142045105 0.5077072134 0.5134860357 0.5006455717 0.4685389962
0.1871806963 0.3625615925 0.4931219168 0.5104553549 0.5027392718 0.4929128768 0.4830703770 0.5064153345 0.4982840600 0.5195492928 0.5166661512 0.5037557369
0.5134827098 0.8671325568 0.5106772996 0.4999628500 0.4823472356 0.5418758106 0.4966609171 0.4964558067 0.4812197341 0.5178541029 0.5076227096 0.4728661699
0.0893888399 0.8843481237 0.4863482127 0.4842066417 0.5062909651 0.5100731237 0.5004193644 0.4858040912 0.5031687125 0.5019960951 0.5092739755 0.5139442616
0.8586139944 0.5775730260 0.4875531870 0.5040195943 0.5091058068 0.5048398900 0.5135963273 0.5128827034 0.5162842950 0.5078864615 0.4894789021 0.4930812998
0.1806095141 0.7540308431 0.4948638980 0.4657115301 0.5141333434 0.4967688773 0.5055236626 0.4954334497 0.5098130734 0.5185578358 0.5059771506 0.5030854060
0.4347863808 0.5971029888 0.4944503642 0.4981364847 0.5184628156 0.5003896449 0.5104965561 0.4815659535 0.5075554085 0.5045150722 0.5029705306 0.5116056214
0.1788457872 0.2330117916 0.4864376129 0.5221902106 0.4895187105 0.5163030700 0.5014171764 0.4938506183 0.4997370726 0.4791115835 0.5164008825 0.4962042188
0.0960743977 0.9669793248 0.4979723345 0.5135715423 0.5205991761 0.4840835340 0.5214621961 0.4808416627 0.4918675281 0.4933604767 0.5004948871 0.4971024107
0.3457619863 0.7775791637 0.5053821514 0.5013034794 0.4876538828 0.4917540134 0.4768000328 0.5275539675 0.5190625114 0.4910416296 0.4861357176 0.4884284861
0.1901019789 0.6475559130 0.5239445116 0.5234883626 0.4879402831 0.5087572923 0.4879135275 0.4703311342 0.5031694138 0.4904319203 0.4997461617 0.4818058870
0.1349154535 0.3376919309 0.4959694793 0.4989288782 0.4980967329 0.5077835495 0.4513166584 0.4771744673 0.4970464263 0.4859696364 0.4963732838 0.4829644315
0.9371108713 0.5471041920 0.5181511947 0.4912365344 0.4891068453 0.4888979302 0.4855635762 0.4884088226 0.5098487851 0.4947698879 0.4978977409 0.4831134695
0.7080555795 0.4071915923 0.5142093632 0.5129627818 0.5060530575 0.5042133079 0.5005683823 0.5199227649 0.5038524589 0.4944090202 0.4680307363 0.5051739182
0.6067603906 0.3332917128 0.5179880682 0.5197187553 0.5026526384 0.5159739161 0.4941884098 0.4869356833 0.4828318742 0.4872356039 0.5054858534 0.4923875481
0.3320429865 0.3888994450 0.4982887257 0.5010958237 0.4983359998 0.5106266284 0.4651498726 0.4649846618 0.4923054201 0.4843762912 0.4972920001 0.5054897284
0.3315694951 0.6071656123 0.4960603987 0.4653986756 0.4904252733 0.5081770377 0.5049945069 0.5178637744 0.5267064664 0.5088176153 0.5059556003 0.4924005341
0.1124485375 0.0895225257 0.4835995618 0.5126196406 0.5242062344 0.5059686445 0.4992745937 0.5056609215 0.5175998353 0.4996530516 0.5209997615 0.4763107089
0.9290435416 0.3581597339 0.5042056093 0.5073938147 0.5143353143 0.5019730136 0.4967329874 0.4867729164 0.5198435315 0.4890809914 0.5046992350 0.4912429912
0.0700767935 0.8486563549 0.5214162188 0.4878549494 0.5052092694 0.5054385143 0.5013685085 0.5121408323 0.4963088958 0.4807261316 0.5008681314 0.4746812245
0.0581818765 0.9582128525 0.5050847871 0.4983271199 0.4737003906 0.5028655267 0.4937288913 0.5088461781 0.5043440995 0.5002630081 0.4975836344 0.5135873054
0.0485026793 0.7506266297 0.4915426058 0.4841508333 0.4983018425 0.4931225901 0.4876743011 0.4762737377 0.5103136720 0.5007417373 0.5064547503 0.5015244032
0.2487239045 0.2694308147 0.5123997543 0.5110697786 0.5121367446 0.4947404197 0.4866031470 0.4969724825 0.5412864449 0.5226788072 0.4883395288 0.4985095740
0.4961085586 0.8145212668 0.5013968105 0.4730063700 0.5153217356 0.4991523093 0.4968120470 0.5013200617 0.5047509315 0.5047751140 0.4817162064 0.4871201600
0.2534796580 0.0667395105 0.4979687058 0.4771223087 0.5086567367 0.4825814015 0.5270863179 0.5179011524 0.4927511846 0.5095172054 0.4854362509 0.4884439218
0.8602035547 0.4153539480 0.5109541085 0.4951109332 0.5012627659 0.4982479689 0.5032412343 0.5087587106 0.4951898292 0.4841939266 0.5059633892 0.4921101271
0.4617752602 0.6823121066 0.5206745855 0.4823655736 0.5033667349 0.5141000513 0.5116743873 0.4936174360 0.4981713225 0.5216841497 0.5253305229 0.5104136657
0.4608982503 0.3045429395 0.4916645257 0.4764851142 0.4928114554 0.4963861476 0.5020795786 0.5158412529 0.5150275306 0.5414068616 0.5109647514 0.5028718255
0.9039798881 0.0345454253 0.5157085912 0.4965664501 0.4923375576 0.5003618207 0.4956033587 0.5027946400 0.5044632415 0.4856295641 0.5009980842 0.5097759246
0.2478717669 0.7272186943 0.5028605196 0.5112950203 0.5094989305 0.4971920519 0.5078964637 0.5206294582 0.4798476465 0.5121495087 0.4945289438 0.4958223457
0.6471534890 0.2589554168 0.5092904820 0.5026981243 0.4828133964 0.5224832437 0.4643168665 0.5068981227 0.4873731314 0.4864740900 0.4963899344 0.5051600379
0.5012840217 0.0186706930 0.5299457714 0.4791958003 0.4903894494 0.4857394144 0.5057659938 0.4991439843 0.5067443572 0.5210735983 0.5040319941 0.5119487346
0.8259565109 0.2736815083 0.5223782973 0.5107851921 0.4979293790 0.4920970512 0.4996495549 0.4906191208 0.5353944471 0.5065434085 0.5012803810 0.4819706145
0.6046371924 0.6692652181 0.5349033724 0.4970348165 0.5058720123 0.4732139119 0.5017118599 0.4791757179 0.4799737740 0.4719087836 0.4699737584 0.5089754062
0.7060566069 0.5865882077 0.4721263708 0.4779905690 0.4955961575 0.5170866472 0.5028895588 0.4939073150 0.4991143708 0.4936968616 0.5219320203 0.4614851043
0.3343715103 0.8424212485 0.5047651411 0.5102845487 0.4593865965 0.4831277732 0.4973519027 0.5058505095 0.4924635484 0.4993582513 0.4855879049 0.5036572447
0.1185853187 0.9066528082 0.4959150456 0.5144730165 0.4892256304 0.4877953191 0.4622801989 0.5161529075 0.5107217100 0.5074580746 0.5078567388 0.4847865172
0.2305663524 0.4974716579 0.5008454313 0.4831886659 0.4964970651 0.4920017660 0.5295901849 0.5100450098 0.5254308010 0.5462805178 0.5058236955 0.4995998022
0.0903918167 0.1189236144 0.4938023679 0.4829361787 0.5014538864 0.5110141850 0.5194831276 0.4876866429 0.5211180484 0.4777760894 0.5015335940 0.5095225486
0.2446031511 0.9436400365 0.5140434585 0.5185903512 0.5138653144 0.5159385026 0.5119552633 0.4921686792 0.4967423466 0.5006743274 0.4771976384 0.5133081017
0.1305441146 0.5003899753 0.5089858595 0.5126518717 0.4935944321 0.5149680051 0.5112951547 0.5093993692 0.5033536436 0.4940851860 0.5236091763 0.4953173546
0.0684007988 0.1454348133 0.5042948155 0.4593972998 0.4983427312 0.5084617869 0.4959283822 0.4973494398 0.5096141001 0.4968956898 0.5003865004 0.5031917314
0.5493421583 0.9714757575 0.4956445067 0.4644066232 0.5049767003 0.5029829021 0.4914220773 0.4843561302 0.5163750037 0.5073828151 0.4982508164 0.4815944555
0.2352077527 0.8098650129 0.4651903643 0.5259966835 0.5179814129 0.5182640656 0.5137784504 0.5068249871 0.4772211600 0.5132757583 0.5077462487 0.4810959157
0.0132028599 0.1637037098 0.5273042452 0.4875546750 0.4929834360 0.5023711280 0.5221250907 0.5011005340 0.5075330396 0.4971037605 0.5060871618 0.4965795906
0.9059224129 0.7749111588 0.4977695692 0.5000121216 0.4928967303 0.4935924729 0.4964951997 0.4967036598 0.4910035910 0.5113633699 0.5010261817 0.4903898349
0.0446543954 0.0442019045 0.5021897718 0.4931829822 0.4792671497 0.4941922202 0.5085047780 0.4888175980 0.4961817878 0.4967298439 0.5107102400 0.5061850276
0.3311745620 0.2178534017 0.4963538811 0.4828637447 0.4978300353 0.4799002713 0.5246952622 0.4988752943 0.5146195372 0.4848113277 0.5014339212 0.5271856039
0.7490173196 0.1156696975 0.5317680659 0.4894115024 0.4927936038 0.4900687697 0.4993822012 0.5227789305 0.4875227943 0.4886834839 0.5145624564 0.5089364656
0.2292232815 0.1871046980 0.5299797816 0.4883788321 0.4762461628 0.5183367458 0.5094459482 0.4954418139 0.5075912264 0.4843987711 0.5183606546 0.5048512871
0.6538405086 0.7336587147 0.5239423354 0.4986349551 0.4991329088 0.5027031056 0.5017151467 0.5113361646 0.4771483328 0.4932588332 0.4735316820 0.4710252830
0.1355739609 0.6682348531 0.4929374630 0.4981164875 0.4922762360 0.5065095966 0.4947566404 0.5125468874 0.5154597185 0.4901449112 0.5088199711 0.5183025434
0.4896346748 0.1817283284 0.5209038869 0.5012769438 0.4849595679 0.4999076865 0.5097638379 0.4878889631 0.4839787603 0.5152995759 0.4790593881 0.5253557010
0.0491795406 0.9504157907 0.5044946949 0.5006630089 0.4832790203 0.4862978381 0.4981829991 0.5107344456 0.4949942827 0.5068797482 0.4875055449 0.5223809816
0.0682727024 0.0426943935 0.5141872522 0.4895635330 0.5235267696 0.4997218996 0.5210812098 0.4937774126 0.5155378288 0.5016242794 0.5033835883 0.5055652122
0.3044334050 0.5026303162 0.5247363063 0.5078339522 0.5361429370 0.5264288083 0.5138708189 0.4592078682 0.5188221150 0.4726421176 0.4955254426 0.5214398341
0.0405933997 0.4797872550 0.5151023337 0.4970151002 0.4926788182 0.5192888860 0.5106854141 0.4990110246 0.5072065942 0.4971505400 0.5311906643 0.4919881350
0.8306047258 0.7242912947 0.4848155828 0.5116442705 0.5090845440 0.5139106452 0.4989524953 0.5087531081 0.4992485780 0.5025459681 0.4817577646 0.4786166698
0.0346560068 0.0922896158 0.4898201311 0.4928353614 0.4953409803 0.5128524640 0.4906959822 0.5312227143 0.4969835498 0.5073189030 0.5215525107 0.4997603387
0.7629661976 0.8519727588 0.4813264082 0.5079743759 0.4786465373 0.4986019357 0.4844494811 0.4828915129 0.5047622544 0.4982816537 0.4657903771 0.4678520893
0.1733451009 0.9950096996 0.4945840410 0.4935694722 0.5266725120 0.5164468757 0.5058234839 0.4917735822 0.4841680722 0.4976952350 0.5062363903 0.4934953122
0.4720681383 0.0002663856 0.4749951659 0.5057228858 0.4942070660 0.4945925907 0.4926921860 0.5127897280 0.5040241409 0.5190338130 0.5114831437 0.4784191764
0.1551307158 0.0722818184 0.5005320703 0.4869632451 0.4866207901 0.4953543181 0.5093482635 0.4982749497 0.5061977823 0.5029726678 0.4892109178 0.4998322867
0.0892084573 0.5135595126 0.5073076964 0.5271058965 0.5029440775 0.5182238784 0.5009574491 0.5236440150 0.4837940845 0.5160955025 0.5255537541 0.5066085639
0.5098104842 0.1256694767 0.5098617956 0.4633464937 0.4787551514 0.5042041136 0.4957354043 0.5047261761 0.5293145589 0.5039195844 0.5029929824 0.4880724501
0.0560456179 0.2631836449 0.4986655208 0.4997646123 0.5155525832 0.4978290161 0.4985635390 0.5106122788 0.5132684298 0.5077341109 0.5057426750 0.5150116585
0.5029980951 0.9685919001 0.5181297484 0.5084649028 0.5167166765 0.4889543197 0.4814985984 0.5079620979 0.4925233762 0.5228838021 0.5035325976 0.4924718256
0.8490013094 0.9420424243 0.5115198219 0.5042593783 0.4981187943 0.5151302202 0.5055301692 0.4853491610 0.4896964017 0.4881681108 0.4940268681 0.5049569511
0.0000979005 0.9998872876 0.5055808153 0.4983846676 0.4966442387 0.5067452081 0.5028362328 0.5012398950 0.5109001331 0.5069925724 0.4889056312 0.5125070925
0.0000000209 0.0000012738 0.5030843722 0.4831619669 0.5013591638 0.5073821456 0.5055750882 0.5051505849 0.5090097209 0.4898045762 0.5083851693 0.5173419605
0.0000000204 0.0000007282 0.4993551577 0.4966339186 0.5020775311 0.5049447170 0.5121052187 0.5110552199 0.4891444144 0.5035174839 0.5074372274 0.5047452906
0.1301716854 0.0066545918 0.5000282037 0.5028212931 0.5113394812 0.4970951213 0.5038581388 0.5167737479 0.5191253714 0.5110182299 0.5139643449 0.5097982784
0.0000979005 0.9998872876 0.5055808153 0.4983846676 0.4966442387 0.5067452081 0.5028362328 0.5012398950 0.5109001331 0.5069925724 0.4889056312 0.5125070925
0.4304005340 0.1891635448 0.5204322426 0.5119956475 0.4748206360 0.4938090842 0.5246915598 0.4969798163 0.5206015097 0.4985781706 0.5070586528 0.5010675751
0.0000979005 0.9998872876 0.5055808153 0.4983846676 0.4966442387 0.5067452081 0.5028362328 0.5012398950 0.5109001331 0.5069925724 0.4889056312 0.5125070925
0.1026094481 0.2556230917 0.5166532938 0.4974510485 0.4783082377 0.4948973368 0.5058778358 0.5038206762 0.5021483475 0.5165939144 0.4789628041 0.4843124747
0.0000979005 0.9998872876 0.5055808153 0.4983846676 0.4966442387 0.5067452081 0.5028362328 0.5012398950 0.5109001331 0.5069925724 0.4889056312 0.5125070925
0.1037097135 0.7470528093 0.5129104840 0.4997091309 0.4950655023 0.5189886844 0.4805974676 0.4887092055 0.5013989378 0.5132917384 0.5353973899 0.5254586184
0.2361712848 0.8871263574 0.5167525658 0.4961696011 0.5195632244 0.4970578244 0.5297401740 0.4911152632 0.5062899706 0.5218317595 0.5308721786 0.5025846210
0.3773857592 0.8558902475 0.5150965939 0.5135026901 0.5225015957 0.5015712494 0.5115755281 0.5433852494 0.4851038277 0.4919176412 0.4912468546 0.4902814293
0.0000979005 0.9998872876 0.5055808153 0.4983846676 0.4966442387 0.5067452081 0.5028362328 0.5012398950 0.5109001331 0.5069925724 0.4889056312 0.5125070925
0.0684007988 0.1454348133 0.5042948155 0.4593972998 0.4983427312 0.5084617869 0.4959283822 0.4973494398 0.5096141001 0.4968956898 0.5003865004 0.5031917314
0.5684639394 0.4690818759 0.5057060066 0.4993943144 0.5025611224 0.5046609690 0.4854260156 0.5021460002 0.4850550517 0.4789113276 0.4789212409 0.4852728234
0.2567750109 0.1074480743 0.4892322967 0.4816663996 0.4725878659 0.5234472747 0.5001391698 0.4960258909 0.4924787536 0.4866755191 0.5298074950 0.4941038329
0.0000000348 0.0000007898 0.5043187726 0.5016539772 0.5204735873 0.5028129151 0.4981871275 0.5013916966 0.5028982889 0.5094913274 0.4971927474 0.5119389975
0.1424209915 0.8260667379 0.5180714429 0.5099431703 0.4784435135 0.5033008677 0.4933518815 0.5096834267 0.4777774165 0.5190372014 0.5039188147 0.5222356661
0.2042481347 0.5448024272 0.4960353063 0.4936915063 0.5048415120 0.5110536359 0.4927595592 0.5037689832 0.5597136375 0.4643533584 0.5048943449 0.4916932240
0.4893145593 0.3722122060 0.4809973582 0.4942430757 0.5367760131 0.4699293062 0.5234554128 0.4727407362 0.5144370166 0.4906438127 0.4882923752 0.5070212600
0.3808058603 0.2059162366 0.4586745444 0.4723114302 0.4766160561 0.5065565176 0.4906131889 0.5038501177 0.5246031276 0.4754676936 0.5065078120 0.5280608606
0.9306881229 0.5654034810 0.5111158659 0.4709287903 0.4917881488 0.5039552967 0.4801837081 0.5012315208 0.4997558724 0.5025375933 0.4920483985 0.5018743124
0.3544374045 0.9099693298 0.4864898015 0.4960234952 0.5106382020 0.5140366353 0.5115243707 0.5091424096 0.5007155211 0.5180973203 0.5029729743 0.4977080630
0.0000979005 0.9998872876 0.5055808153 0.4983846676 0.4966442387 0.5067452081 0.5028362328 0.5012398950 0.5109001331 0.5069925724 0.4889056312 0.5125070925
0.2790803652 0.6562744419 0.4885773470 0.4882592335 0.4657689800 0.5140581550 0.5035555662 0.4914341030 0.4875948244 0.4694680853 0.4796793414 0.5238687561
0.2072005611 0.3224299031 0.5047168753 0.4858058668 0.5044420188 0.4830006329 0.5074470141 0.5159235800 0.5209993907 0.4931281574 0.4768223651 0.5025323065
0.0917414874 0.8974260704 0.4918214368 0.5053023718 0.5224074178 0.4746860815 0.4956563126 0.4964921548 0.5070114391 0.4948465638 0.4950519487 0.4878885436
0.0292327365 0.7177836266 0.5047509412 0.5079394048 0.5204113509 0.5127430179 0.4966501535 0.5131883960 0.4981054094 0.4794247716 0.5013076960 0.4911090922
0.0000000348 0.0000007898 0.5043187726 0.5016539772 0.5204735873 0.5028129151 0.4981871275 0.5013916966 0.5028982889 0.5094913274 0.4971927474 0.5119389975
0.4456746890 0.4638194063 0.5086490537 0.4969135318 0.4861109751 0.4977133142 0.5055015670 0.5220447768 0.5060051203 0.4709485588 0.5267607846 0.4877762921
0.9755145954 0.0126540931 0.5181763025 0.5135845507 0.4898212531 0.5162191907 0.5123590869 0.5019139654 0.5054570529 0.4988840287 0.5090832570 0.5012769942
0.6268785177 0.6156596463 0.4944880430 0.5078014511 0.5002994880 0.5137524711 0.5120730120 0.5013834059 0.5291383513 0.4977908024 0.4808319207 0.4975691469
0.0916472350 0.1020303316 0.4825286008 0.5023044708 0.5267760364 0.5104249303 0.5125454865 0.5053805503 0.5147249782 0.4930270778 0.5028113376 0.5135786684
0.3704131714 0.3583735074 0.5156530154 0.4417976492 0.4695081328 0.5152032150 0.4894360980 0.5024165094 0.4875426007 0.5102894963 0.5253768561 0.4577941083
0.5714199988 0.8255215334 0.5204634412 0.4636157106 0.4581242188 0.4966012177 0.4735927792 0.4870403520 0.4983977243 0.5096038862 0.4933875111 0.5128237345
0.7875506650 0.4293734415 0.5177284630 0.5083284373 0.4856298334 0.4968436789 0.5232274825 0.4938622694 0.5236707458 0.4979152049 0.5056397968 0.5010477759
0.0279735279 0.8905190954 0.5077575792 0.5076556893 0.4890570068 0.4931315911 0.5145083438 0.4963946205 0.4853185887 0.5114225142 0.5077197329 0.5141037261
0.7778345059 0.1824795957 0.5079022766 0.5135557877 0.4882272010 0.5009637681 0.5017683505 0.5066093765 0.4716637623 0.5269683240 0.4726243377 0.4962458907
0.1154979188 0.3769061363 0.5028627931 0.4619602166 0.4788044173 0.5042705104 0.5027611755 0.5123543582 0.5310343481 0.5073834545 0.4992508149 0.4976346287
0.9993368387 0.4347551752 0.5079898255 0.4945797729 0.4966555240 0.5001216391 0.5066833727 0.4875558334 0.5078168536 0.5034522552 0.4876634881 0.4942342872
0.2822921281 0.3453526797 0.4932729914 0.5013841054 0.4882209597 0.4869381208 0.5112912279 0.4802767575 0.5269014248 0.4566896062 0.5135158526 0.4817183690
0.3085808455 0.6786960884 0.4749820143 0.5096302835 0.5119884061 0.5107785371 0.5387075277 0.5043065762 0.5578351880 0.4801732899 0.5033471920 0.4916179976
0.7013412491 0.0800214597 0.4868917173 0.5036446201 0.4840702371 0.4941619747 0.5065766256 0.5117346207 0.4920244184 0.4911219321 0.4974281989 0.4980684328
0.5176659357 0.7021448739 0.5087482015 0.5184545604 0.4533830590 0.4914700703 0.4905435199 0.5260837592 0.4879021616 0.4950227325 0.4870816813 0.4958567114
0.9237960577 0.2011715880 0.4896415117 0.5099037303 0.5047979340 0.4917914057 0.5052562517 0.5142584379 0.5016956378 0.5033383070 0.4972078242 0.4926207054
0.0518717440 0.0409719709 0.4974330455 0.5017896322 0.5166469013 0.5024495378 0.5165251463 0.5113778868 0.4887332732 0.5084349539 0.4981104638 0.4963606454
0.7143186740 0.4804199233 0.4984755085 0.4995822036 0.5142010431 0.4939702411 0.4941981807 0.5021421270 0.4981850369 0.5138479492 0.4998229958 0.4971811608
0.5002961267 0.4295425036 0.5003271445 0.4983083303 0.4826084392 0.5014284974 0.5085409722 0.5231728235 0.5078205457 0.4884443658 0.5295478462 0.4928863826
0.3437007849 0.4599337354 0.4899594217 0.4979558665 0.5265947778 0.5210621086 0.5238589607 0.4959841020 0.5445154433 0.4888635850 0.4952756895 0.4852949204
0.7302104702 0.7516688841 0.5007178791 0.5112585193 0.5100821973 0.4983737219 0.4843927409 0.5002451672 0.5063173738 0.5119971322 0.5103826171 0.4868530260
0.8104897137 0.2316450077 0.5308194048 0.5228689958 0.5039568592 0.4967470693 0.5100680661 0.4967960122 0.4939150008 0.4991187746 0.4893339679 0.4791910582
0.0415346372 0.0570571304 0.4868692133 0.4969566933 0.5120799678 0.4977222595 0.5131527181 0.5081225165 0.5035448331 0.5131723320 0.5177756019 0.5114523124
0.9154713171 0.7620428065 0.5136703585 0.5064229918 0.4949806289 0.5102840334 0.4913707739 0.4775199023 0.5108415196 0.5073560823 0.4973701990 0.4961688794
0.3876332470 0.5722586921 0.4608144379 0.4825793581 0.5242209254 0.5003452343 0.5166141451 0.4832262659 0.5115382602 0.4813737307 0.5291546222 0.5210445230
0.0819011554 0.8774600980 0.4744659332 0.4861506164 0.4955765832 0.4825457207 0.5012235323 0.5267394510 0.4889476697 0.5095762766 0.5055983559 0.5072987325
0.2963248585 0.8335850258 0.5110084875 0.4961314999 0.4971437776 0.4956943105 0.4756791696 0.5379928303 0.5135373648 0.5138913683 0.5113034874 0.4843114592
0.2621935815 0.8949840917 0.5017539940 0.5130323672 0.5025480710 0.5144485988 0.5094317565 0.4939008833 0.4856293796 0.5113109861 0.4859250808 0.5014729575
0.0094917193 0.6734369432 0.4961012900 0.5149532130 0.5104601496 0.5014441757 0.4883268073 0.4855274678 0.4999397999 0.5031588401 0.5193492681 0.5113793476
0.9319244027 0.6380963869 0.4981305768 0.5106320083 0.5101161498 0.4990797236 0.4974151219 0.5057276773 0.4880299063 0.5148631522 0.5061376572 0.5006590546
0.6778543692 0.2951063558 0.4952011167 0.4594023847 0.5114458961 0.4956507296 0.4960289306 0.4984743535 0.5206896331 0.5218594804 0.5066279743 0.4891234442
0.3049967355 0.7655585794 0.5040662909 0.4978340241 0.5043432765 0.5126116989 0.5029040308 0.4988816164 0.4913758549 0.4864510910 0.4963911817 0.4999934168
0.3846396531 0.4298492384 0.5055406920 0.5165527233 0.5307500535 0.5333465522 0.5026454464 0.5143960856 0.4880166923 0.5157586690 0.5076599938 0.4906335394
0.2081333804 0.6817297095 0.4928964566 0.4857876887 0.5056768414 0.5128275500 0.4971054754 0.4964985400 0.4983055122 0.5060320556 0.5255000871 0.4895670777
0.8525543531 0.3713552251 0.4952112202 0.5309810586 0.5126858669 0.5085611772 0.5031467771 0.4953309624 0.4920705218 0.4959225056 0.4881317610 0.5009645996
0.9993368387 0.4347551752 0.5079898255 0.4945797729 0.4966555240 0.5001216391 0.5066833727 0.4875558334 0.5078168536 0.5034522552 0.4876634881 0.4942342872
0.7853965974 0.5558285598 0.5134793338 0.5035455726 0.4837158558 0.4995451202 0.4885846032 0.4941994735 0.5000247422 0.5114453297 0.5002622026 0.5004677922
0.2111694084 0.7963166247 0.5102963562 0.4914569352 0.4923773466 0.4887393770 0.4794912565 0.4658250051 0.5252547944 0.5113079043 0.4933053912 0.4866440099
0.0518717440 0.0409719709 0.4974330455 0.5017896322 0.5166469013 0.5024495378 0.5165251463 0.5113778868 0.4887332732 0.5084349539 0.4981104638 0.4963606454
0.2964429429 0.4207299602 0.5102378065 0.4964417561 0.4655422075 0.5264963084 0.4909867180 0.4960844202 0.4904993939 0.4945208013 0.5397031506 0.4669753481
0.1242806393 0.9232039452 0.4975511654 0.5111225383 0.4963488117 0.4987238546 0.4767300998 0.4892835115 0.4980665534 0.5206586942 0.5004524503 0.4952184018
0.6384949903 0.4360970881 0.4839923838 0.5509312577 0.5043207797 0.5078925959 0.5088798396 0.5205871763 0.5117697260 0.4916643710 0.4998136838 0.4756369175
0.2274561472 0.1202978879 0.4981512576 0.4743416768 0.4975974629 0.4967902717 0.5174542456 0.5114374530 0.5112340167 0.4986138382 0.4947950534 0.5047553394
0.4432911803 0.5331384496 0.4866950465 0.5061893820 0.5275639865 0.5127452032 0.4969895045 0.4680633457 0.4822303724 0.4938134946 0.5041386695 0.5188768173
0.4137018192 0.6621496228 0.5050029865 0.5039610852 0.5009416004 0.5006958891 0.5220004240 0.4896122272 0.4871268455 0.5088356808 0.5009460669 0.5029000617
0.1252992669 0.1856425493 0.4900945183 0.5135242110 0.5051550699 0.4970071786 0.4975177627 0.5010782981 0.4969176883 0.5324122584 0.5052080637 0.4930024093
0.4996492988 0.5635221735 0.5146563758 0.5072629363 0.4745525913 0.4881269244 0.4864512063 0.5116013342 0.4911788671 0.5255548235 0.5050540217 0.5219985560
0.6695973873 0.8424248780 0.4947305825 0.4969697506 0.4744848266 0.4946884212 0.4714595807 0.4916277117 0.4964319831 0.5029317762 0.4890607282 0.4674876025
0.5771230341 0.2758762886 0.5169726595 0.5051494479 0.5366541598 0.5261388696 0.5064401486 0.5043292227 0.4686780529 0.4837491276 0.4962547625 0.5028981715
0.0000184120 0.0000001298 0.5038830676 0.5069166241 0.4925826483 0.4879010517 0.4971263351 0.5083772208 0.4920465646 0.5151738806 0.5026607078 0.4972207592
0.3840437818 0.2673279473 0.5142952871 0.4781398789 0.4967960046 0.4944021354 0.5130036982 0.4726770412 0.5044284715 0.4891285922 0.5127355621 0.5257606791
0.1592426117 0.7360049775 0.5106067512 0.5305970438 0.4953725799 0.4859770281 0.4967018190 0.5004422587 0.4996104644 0.5185448507 0.5076071741 0.5007845809
0.3844416738 0.7230699062 0.4843483801 0.4981299805 0.5338517771 0.4843218165 0.5150481107 0.4710298021 0.5007606461 0.5017532962 0.4986763457 0.5095183296
0.1473005499 0.7015347500 0.5021515970 0.4619282809 0.4932213985 0.4697829173 0.5162353722 0.4892405148 0.4940122155 0.5311508070 0.4906762053 0.4942691835
0.4833671636 0.6251499048 0.4878967130 0.5146288896 0.4844495369 0.5320014499 0.4955872608 0.5189027528 0.4830157168 0.4909395235 0.4908984175 0.4759781195
0.5440116433 0.3513002014 0.5178048370 0.5244636535 0.4848219894 0.5162237447 0.4835674878 0.5044007249 0.5296522986 0.4978155989 0.5193868212 0.4706088515
0.5426138039 0.2276605340 0.5111805299 0.5158806979 0.4702972039 0.5029491283 0.5166104336 0.5059509818 0.5010995433 0.4843826078 0.5242155622 0.5058639801
0.8623456588 0.4772410419 0.4674650712 0.4858501307 0.5118785468 0.4788618199 0.4729805016 0.5021652445 0.4982966613 0.5101108955 0.5122773767 0.4970359511
0.0109799419 0.1373179556 0.5233024189 0.4863049847 0.4931179784 0.4843694007 0.5054551481 0.5034689960 0.5020928988 0.5150276970 0.4997210456 0.5134972696
0.7009447561 0.0449912436 0.4961726568 0.5019698041 0.4962447741 0.5120979605 0.4966031815 0.5066210032 0.4971161201 0.4883808173 0.5086691960 0.4920259019
0.1502826830 0.3073318241 0.4992144272 0.5051736662 0.5337070949 0.5025729247 0.4952917162 0.5195858268 0.5142905104 0.5207033676 0.4904529876 0.5044323714
0.0338597260 0.0671046472 0.5072953329 0.5081891427 0.5163359422 0.5129460720 0.5019935513 0.4986816560 0.5183070430 0.5070781147 0.5147406126 0.5176343866
0.1475956922 0.9182561636 0.5045768646 0.4825287517 0.4978816820 0.5179416391 0.5015052096 0.4984606170 0.5113349666 0.5114087842 0.4654739869 0.5076190127
0.0000000103 0.9999976754 0.4811077081 0.4897935128 0.5033431421 0.5212083530 0.4972546489 0.5064585292 0.5127921056 0.4958740234 0.5007694062 0.5050164857
0.4129847955 0.3361964790 0.4958069775 0.5182401142 0.5020624845 0.5306153778 0.4783024233 0.4989732495 0.4646882737 0.4864651608 0.5157271344 0.4863925263
0.1094795090 0.0336369621 0.4965060583 0.4943619312 0.5209552210 0.5157022309 0.5011167228 0.5067898140 0.5112232270 0.4995870291 0.5089954240 0.5221102265
0.5795544855 0.7273665583 0.5251377574 0.5239141288 0.5104710968 0.5269640668 0.4851312486 0.4779517605 0.5150091792 0.5056209815 0.4820780318 0.5021258474
0.0000000204 0.0000007282 0.4993551577 0.4966339186 0.5020775311 0.5049447170 0.5121052187 0.5110552199 0.4891444144 0.5035174839 0.5074372274 0.5047452906
0.0000000204 0.0000007282 0.4993551577 0.4966339186 0.5020775311 0.5049447170 0.5121052187 0.5110552199 0.4891444144 0.5035174839 0.5074372274 0.5047452906
0.0995420802 0.0864598453 0.4648416467 0.5032057802 0.5011458398 0.5010444253 0.4841378246 0.4965353344 0.5048644508 0.5043653515 0.4889031747 0.5073016878
0.5700740114 0.5285126913 0.4953429173 0.5052108467 0.5093469292 0.4989699693 0.4967346578 0.4871073667 0.5061665707 0.5008290587 0.4942496191 0.4914226788
0.1924951401 0.2213076876 0.5040434575 0.4732870151 0.5125425507 0.4803679358 0.5275808594 0.4993672610 0.5014502223 0.4931284995 0.5085977306 0.5035223748
0.1631930616 0.2678363847 0.4833007184 0.5219662658 0.4795134170 0.5015967237 0.5049831482 0.5253359281 0.5053558978 0.5335193049 0.5013896781 0.5014440290
0.0000472932 0.9999986950 0.5043016177 0.5084891397 0.5143964217 0.5108682319 0.5084111508 0.5048191194 0.4928963351 0.5102346396 0.4983181901 0.4973793780
0.1665262620 0.1476938136 0.4929091273 0.5215343201 0.5127715103 0.5097220749 0.4964977164 0.5051836939 0.5057737912 0.4984592347 0.5144072440 0.4629568673
0.6377303313 0.5617832232 0.4898825800 0.4990877300 0.4840853240 0.4964492639 0.4746892874 0.5009163193 0.4958081935 0.5058759362 0.4963218551 0.4747577911
0.9183806261 0.0884168787 0.5045403898 0.5039879314 0.4969004986 0.5052963608 0.4984402848 0.4962901002 0.5122896187 0.5028432337 0.4935197698 0.5041360102
0.1755769672 0.1337533473 0.5394967707 0.4974222032 0.4922108580 0.4855534716 0.4967441867 0.5048498059 0.5200144192 0.4858725146 0.4912556379 0.5230046934
0.9999985099 0.7246733458 0.4949024048 0.5103621750 0.4959106062 0.4980824423 0.5007585910 0.4919951768 0.5004625106 0.4956493945 0.5018144422 0.4811785142
0.6000487040 0.8758696797 0.5169251461 0.5169499167 0.5016428873 0.4600679000 0.4919616731 0.4975523241 0.5042218775 0.5151129797 0.4575641547 0.5166721908
0.7225878425 0.2426795183 0.5184443355 0.4940211810 0.5116197439 0.4922486632 0.4985285499 0.5256039988 0.4863856823 0.4992193941 0.5152589424 0.4964885352
0.0440121888 0.9539139271 0.5049282371 0.5145038340 0.5062639169 0.5017707207 0.5195576285 0.5086604189 0.4875985618 0.5129181094 0.4899651984 0.5012944420
0.0844492628 0.0340027206 0.4878029513 0.5098250121 0.4893381112 0.5070908848 0.5010196736 0.5237511258 0.5218930555 0.5029314594 0.5078785521 0.5075671140
0.1856256983 0.8618006008 0.4858872625 0.4777997977 0.5197495821 0.4977979970 0.5302546684 0.5022817905 0.5018271619 0.5085642578 0.5187009035 0.5194784893
0.8682588946 0.0000195079 0.5038661585 0.5037165193 0.4861818323 0.4917497237 0.4964486884 0.5047919210 0.4930378729 0.4796443455 0.5103482601 0.5102643021
0.1305998766 0.8182885391 0.4763967784 0.5130833488 0.5089726131 0.5177510166 0.4931846662 0.5109131716 0.5044986446 0.4987480722 0.4974021601 0.4994469105
0.9623919725 0.9926503114 0.5031249325 0.5016065516 0.5128271769 0.5184721474 0.4935213646 0.4991199064 0.5040517270 0.5138754955 0.5080272392 0.5195468432
0.7779596859 0.3853116182 0.4801167026 0.4743840759 0.4873046375 0.4857318040 0.4967836552 0.5114203150 0.5136822991 0.5025109456 0.4932467138 0.5111141288
0.7777160387 0.6126591205 0.5133997676 0.5103623010 0.4870673427 0.5132635333 0.4842899818 0.4870413049 0.4963789511 0.5059794439 0.4971995739 0.4957404311
0.1795046983 0.9280149043 0.5095246885 0.5258021221 0.4925112318 0.4961486819 0.5171829003 0.5127433361 0.4960690556 0.5068277613 0.5068136370 0.4967563950
0.0391467512 0.6150943781 0.4769282734 0.5016768647 0.5138147784 0.5009915798 0.4981203758 0.5005007095 0.5115697636 0.4995780923 0.4859158919 0.4862948798
0.1459229077 0.4468258446 0.4946354500 0.5047516124 0.4671052796 0.5021179552 0.4943435130 0.5164236467 0.5135382281 0.4969067936 0.4950837734 0.5157948247
0.2810280096 0.7498507305 0.5022211235 0.5159635630 0.4696378878 0.4941467306 0.4847263789 0.5310028566 0.4912143824 0.4822456027 0.5023713355 0.4708966900
0.2807586831 0.1650809599 0.4958016865 0.4941943979 0.5198334975 0.5025276516 0.5095098006 0.5063632127 0.5073380201 0.5102069451 0.4978023583 0.5225847253
0.2273998930 0.2963058109 0.5205582586 0.4932344331 0.4839191445 0.5070207320 0.4935562972 0.4899180858 0.4945750718 0.4917211828 0.5217948068 0.5109815038
0.0000000077 0.0000004755 0.4996697166 0.5019045200 0.4898607100 0.4958259746 0.4946660367 0.5049710105 0.4944402110 0.5113643087 0.4979219894 0.5001302100
0.4294476881 0.8678747835 0.5135757553 0.5121495121 0.4858035877 0.5067731128 0.5125651428 0.5300811203 0.4989491416 0.4782786148 0.5245925597 0.4805475548
0.0163588226 0.2771400415 0.5078497308 0.4962949490 0.5174692255 0.5052610070 0.4981295560 0.4977271578 0.4906032018 0.4897453161 0.5096386965 0.4754356581
0.8056967345 0.0018078826 0.5340795751 0.5182153959 0.4953289716 0.4861809552 0.5050065762 0.4898185363 0.4973092335 0.5040444927 0.5003334434 0.5021516838
0.2722775464 0.2477710702 0.5310399158 0.5081413777 0.5024703797 0.5192200343 0.4704759061 0.5268184033 0.5257990130 0.4741728784 0.4913113812 0.4848924673
0.0754160285 0.9610878229 0.5075893929 0.4896300894 0.5059006215 0.5165362171 0.5173797600 0.5061972771 0.5052657962 0.5053244265 0.4976303492 0.4753227425
0.0004426095 0.9998863935 0.5117013220 0.4984680968 0.4974737954 0.5053978406 0.5024625375 0.5041338318 0.4996495330 0.5024146593 0.4837809814 0.4986798227
0.3752816272 0.6378445066 0.4880700584 0.5318678967 0.5107209335 0.5107510712 0.4857259230 0.5397482684 0.4824953874 0.5128597445 0.4887062679 0.4920383733
0.9256044626 0.3979845521 0.5249122979 0.4946749303 0.5041142985 0.5077840600 0.4902528807 0.4909890094 0.5037334795 0.5074873115 0.5109804915 0.4809983077
0.0722627423 0.8685413567 0.5073987946 0.4968785953 0.4845448240 0.4906266984 0.5016701641 0.5035789275 0.4970877085 0.4696610233 0.4821993540 0.4986580881
0.5160246510 0.2971353077 0.4862023463 0.4984874520 0.4917686416 0.5120750816 0.5085164677 0.4958086846 0.5210320462 0.4982438888 0.4981933831 0.5023600022
0.0970948489 0.4288824504 0.5200180704 0.4904215870 0.5146480176 0.5089349878 0.5097476078 0.4767885459 0.5050022622 0.5018455630 0.5178333671 0.5167971136
0.0669556335 0.8276220327 0.4873104857 0.4771211782 0.5122229973 0.4858735377 0.5128403856 0.5092501307 0.5025033563 0.5059845687 0.5039404797 0.5100349327
0.6961482804 0.3453285838 0.5049053026 0.5173894781 0.4956031264 0.5163925411 0.4808163864 0.4975319606 0.5098806500 0.4954848913 0.4850020916 0.4713369136
0.3115670116 0.3181883891 0.5260542010 0.4955157684 0.4980024224 0.4770140813 0.4888813207 0.5302546496 0.4803812160 0.5062871250 0.4926296280 0.5127121082
0.3881057221 0.7998075984 0.4821460604 0.4788078784 0.4773559502 0.4880893397 0.5055958017 0.4680108482 0.4852423721 0.5277745077 0.4992264884 0.4945038895
0.1301800919 0.9908271872 0.4903053058 0.4974280797 0.4883893789 0.5059244465 0.5081635067 0.4921526814 0.4874626125 0.5078780298 0.5082915227 0.5090851531
0.2988608262 0.5799877114 0.4898250390 0.4772261974 0.4899393113 0.4583817408 0.5100360836 0.5023638184 0.5011692771 0.5243584996 0.4987264622 0.5188909842
0.3461526135 0.5350681296 0.5181623530 0.4749031517 0.5364823403 0.5049690338 0.5138692605 0.4902931745 0.5198331373 0.4676758163 0.5114950383 0.4999780190
0.1368478535 0.1695214225 0.4952816124 0.4886381874 0.5293297675 0.5110303560 0.5144599526 0.5108411654 0.5175091310 0.5137097951 0.5025773833 0.5253421883
0.3529323218 0.0964196127 0.4818737722 0.5243206682 0.5263891590 0.5031419283 0.5359904267 0.4641936474 0.5075531841 0.5157369653 0.4851443826 0.5080845603
0.0608566739 0.1787850697 0.5136332883 0.4798916863 0.5145432117 0.4843840432 0.4934582437 0.4984660725 0.5230960893 0.5033411864 0.5170467991 0.5179964421
0.0592285059 0.9523944259 0.4683214632 0.4858475562 0.5101316019 0.5030215483 0.4962733300 0.5062186028 0.4949357397 0.4995129287 0.5077415180 0.4974745874
0.5474210627 0.7749581444 0.5186422938 0.5104812295 0.4917724902 0.5195861451 0.4882303715 0.4976956690 0.5000914668 0.4974335991 0.5153013943 0.4858780739
0.0538719028 0.3024471714 0.5234837918 0.5089366152 0.5323826738 0.5183097369 0.5108988497 0.4840386791 0.5013515046 0.5055972629 0.5113043421 0.5052146295
0.0440997919 0.9479886293 0.4955198176 0.5012245522 0.5119224970 0.4975219497 0.5051230711 0.4984808775 0.4874382505 0.4990739856 0.5072357358 0.5107968044
0.3070044221 0.9406434009 0.4825143060 0.4878707814 0.4798395315 0.5053006073 0.5159039780 0.4768758702 0.5025825770 0.5023113398 0.5026483015 0.4912878056
0.3002265631 0.2324601416 0.5034675138 0.4700115419 0.4969581110 0.5047861456 0.5134940252 0.4749536358 0.4826852585 0.5386060078 0.5030456494 0.4990043213
0.1710624569 0.6040531532 0.4879348672 0.5094980555 0.5193890104 0.5131397099 0.5029509532 0.4752330664 0.4944742567 0.5194849405 0.5018958892 0.4829806657
0.1666016000 0.8558097880 0.5115765706 0.4873758031 0.5155303931 0.5025524498 0.5021592977 0.5078565722 0.5184677024 0.4846581755 0.4953878638 0.4979600325
0.2277630126 0.4095081773 0.5457457711 0.5109205797 0.5096880060 0.4882325098 0.4707802546 0.5095745638 0.5342491014 0.4981838979 0.4822480630 0.5171036363
0.8953058761 0.8609544655 0.5119370196 0.5135115117 0.5237214639 0.4997452326 0.4813140344 0.5038550377 0.5093056732 0.4887048589 0.5065657829 0.4911259566
0.2246780589 0.5862450662 0.5165617850 0.5158684733 0.5263685452 0.5197570761 0.5067215978 0.4984236854 0.4643785363 0.5174631723 0.5012777586 0.4877427565
0.4364496329 0.8111441669 0.4795456045 0.5012858706 0.5133025411 0.5112580362 0.4907536562 0.5059444698 0.5058231038 0.5049430785 0.4840766189 0.4826231554
0.9999985099 0.7246733458 0.4949024048 0.5103621750 0.4959106062 0.4980824423 0.5007585910 0.4919951768 0.5004625106 0.4956493945 0.5018144422 0.4811785142
0.6934045400 0.6352574062 0.5137594006 0.5044849939 0.5147308587 0.5015498473 0.4923898262 0.4863660841 0.5065597616 0.4926554826 0.5037485395 0.4982360370
0.6470945742 0.9907752225 0.4976311444 0.4842970833 0.4911676393 0.5212918867 0.5134486007 0.4884580005 0.5021899672 0.4957847355 0.4944236715 0.5185373034
0.7084880956 0.5298359620 0.5381707198 0.5009758691 0.4826222313 0.5033654181 0.4913433228 0.4993599925 0.5187288188 0.4815309290 0.5095052647 0.4976810692
0.1219491755 0.6252571389 0.5019881299 0.4980146828 0.5021074963 0.5109530627 0.4826159242 0.5177606479 0.4966521970 0.4952879238 0.5136350934 0.4633974948
0.8632973552 0.5224858642 0.4786848400 0.5211448549 0.5080364785 0.5074548646 0.5246821810 0.4917391848 0.5026005912 0.4972118964 0.5122593456 0.5002834722
0.3861939147 0.0252546083 0.4832832438 0.4928351376 0.4962026077 0.4999955257 0.5255291262 0.4902995630 0.5015013391 0.5100178390 0.4975263291 0.5205262121
0.8504747152 0.6491365312 0.4915450142 0.5244657335 0.5207043655 0.4969794759 0.4945232381 0.4966523087 0.4927718271 0.5039341979 0.4808228037 0.5048463340
0.1981484145 0.4494824875 0.4978534096 0.4719257991 0.4798976757 0.5093066496 0.4792736915 0.5076798395 0.4839864268 0.5003268861 0.4985792446 0.4725213154
0.9993368387 0.4347551752 0.5079898255 0.4945797729 0.4966555240 0.5001216391 0.5066833727 0.4875558334 0.5078168536 0.5034522552 0.4876634881 0.4942342872
0.0000000348 0.0000007898 0.5043187726 0.5016539772 0.5204735873 0.5028129151 0.4981871275 0.5013916966 0.5028982889 0.5094913274 0.4971927474 0.5119389975
0.1952056289 0.7829816872 0.4881610235 0.5201011934 0.5225032887 0.5086026968 0.5156093765 0.5078246213 0.4888997808 0.5285001575 0.4895373589 0.5075250592
0.6233349843 0.3881865844 0.4699322773 0.4842269718 0.5126153512 0.4865276292 0.4888382040 0.5034534928 0.4901150296 0.5160284207 0.5164647105 0.4895798842
0.1256441665 0.0820365995 0.4916542471 0.4947454097 0.4945795518 0.5000411753 0.5037061510 0.5148649077 0.4832386414 0.5123272197 0.5252687682 0.4986137739
0.5431532034 0.6468206420 0.4973481462 0.5219824024 0.5108224435 0.5052132430 0.4767252260 0.4984975009 0.4709370603 0.4898227127 0.4907229304 0.4862534050
0.8164696615 0.7619907587 0.5087799872 0.5236795136 0.4920191635 0.4850500552 0.5081982252 0.4751664290 0.4965910154 0.5045340805 0.5016578421 0.4846647944
0.2666157553 0.8224635067 0.4977090281 0.4601425994 0.5204502292 0.5004870683 0.4983372123 0.5136382878 0.5054778582 0.5236626777 0.4974656847 0.4824182797
0.0000979005 0.9998872876 0.5055808153 0.4983846676 0.4966442387 0.5067452081 0.5028362328 0.5012398950 0.5109001331 0.5069925724 0.4889056312 0.5125070925
0.9980881838 0.8889239816 0.5014467524 0.4874092266 0.5011401111 0.5044290072 0.5072939526 0.4768791974 0.4990650082 0.5071019262 0.4930687528 0.5066299952
0.4358467482 0.7448942881 0.5001913363 0.5018630261 0.4853834994 0.5235349601 0.4821364183 0.4987219763 0.4903607149 0.5094855773 0.5022384396 0.4831829860
0.7578797655 0.2758231084 0.5064529949 0.5079987604 0.4853980686 0.5037809011 0.4897043611 0.5174359435 0.5282140120 0.5273273951 0.5053634964 0.5178278079
0.0572175868 0.7991110528 0.4999853889 0.5002694100 0.5005624934 0.5076175887 0.4992868010 0.4755721802 0.5063564895 0.4992179386 0.5250265014 0.5005509679
0.2044131486 0.2006169117 0.4644506111 0.4780608758 0.5007422753 0.5305304278 0.4994155446 0.5025713418 0.4934324621 0.4964285150 0.5085808070 0.4947081446
0.2898097134 0.0539649687 0.5001630247 0.4741377795 0.5122679388 0.5276726736 0.4934392316 0.4961962777 0.5124208341 0.4837152406 0.5026964230 0.4905731385
0.1156000846 0.2347604105 0.5022723619 0.4895703292 0.5154799855 0.5121947610 0.5389919082 0.4928201231 0.5088059538 0.5134850896 0.4628742031 0.4991175343
0.0373462237 0.0542813103 0.5221748910 0.4916453658 0.5072684428 0.5018809915 0.5131483899 0.4913255791 0.4923761965 0.4885873872 0.4985470869 0.4970458850
0.1820137552 0.0715935712 0.4699622386 0.5042403597 0.5303546138 0.5024893850 0.5016125140 0.5044080269 0.5039759195 0.4889490932 0.5121822327 0.4887803588
0.2315230881 0.7009841664 0.5137258396 0.4605764881 0.4897478281 0.5104691502 0.4957030199 0.5030129146 0.5225565223 0.5012718128 0.4952674781 0.5031806366
0.2140648677 0.0096229929 0.4920387458 0.5043842200 0.5114823350 0.5116445741 0.5197604738 0.5003758868 0.4831555816 0.5163958183 0.5033843168 0.4818568129
0.8886312958 0.0482329875 0.5153004925 0.5133601658 0.5084986339 0.4844132204 0.5127334103 0.5081844101 0.5054316117 0.5022751549 0.4888939981 0.4894904432
0.0595506690 0.2075362207 0.4770662626 0.4933980054 0.5206670470 0.4972259755 0.5022015141 0.5113201016 0.5165767362 0.5029877714 0.4829865273 0.4963762126
0.9979610443 0.5316080345 0.4872439341 0.5102575429 0.5075145088 0.4999998709 0.5044960842 0.4892772875 0.4919090739 0.5042420909 0.4905005732 0.4889509209
0.7507950555 0.7221314894 0.5065556373 0.4977103240 0.4956154096 0.5267533060 0.4823881202 0.5080739640 0.4962535777 0.5210947997 0.5171924144 0.5000939919
0.1041756049 0.9806725979 0.5178231420 0.4979927918 0.4988363677 0.5030837212 0.4940712174 0.4835486617 0.4902016256 0.4906450580 0.5084842093 0.4853767587
0.1689480965 0.4047837547 0.5018708495 0.4909456544 0.5079022762 0.5002106082 0.5217517120 0.5153477024 0.4747250984 0.5043599309 0.5194240853 0.5153300139
0.0842168331 0.1302819077 0.5006739547 0.4752719360 0.5216265996 0.5319966926 0.4810159951 0.4931945458 0.4958772041 0.4779911103 0.5133940102 0.5085937229
0.1044121834 0.9063901464 0.4957680328 0.4917054960 0.5230080126 0.5004072290 0.5000295934 0.5130220868 0.4955232734 0.5019922523 0.5030286655 0.5071267546
0.4329238491 0.0964071003 0.4930606805 0.5080642220 0.4844001831 0.5016261236 0.5148879978 0.5235888994 0.4974010639 0.4795553938 0.5428989040 0.4841428103
0.2205772064 0.0497195869 0.4973816159 0.4918817067 0.4957161077 0.5091302034 0.4885311465 0.5037563532 0.4849780477 0.4804999408 0.5185185267 0.5026197860
0.2573376433 0.1803817658 0.4929892463 0.5035785120 0.4675222288 0.5026534183 0.5013205810 0.5131660484 0.4938579909 0.4915868790 0.5165034336 0.4942525742
0.3212505459 0.9932095408 0.5137378873 0.5006319841 0.5096602872 0.4943456873 0.5220817917 0.4855421510 0.4859290543 0.4967282747 0.4825128646 0.5016460012
0.0000979005 0.9998872876 0.5055808153 0.4983846676 0.4966442387 0.5067452081 0.5028362328 0.5012398950 0.5109001331 0.5069925724 0.4889056312 0.5125070925
0.2048483077 0.9362728000 0.4920632957 0.5017971194 0.5007242858 0.5030031585 0.5127545239 0.5150939635 0.4963106836 0.5082141180 0.5061460870 0.4900818497
0.0764467652 0.4265948006 0.5054380849 0.5126610602 0.4988160615 0.5087861441 0.5080910068 0.5179968562 0.5022482873 0.5060752083 0.5264912338 0.4557577186
0.0085412871 0.9358786345 0.5032442488 0.4986270999 0.4937054939 0.4893125949 0.5051300826 0.5015173479 0.4944524836 0.4967402152 0.5090766180 0.5108236780
0.4395319695 0.1310192198 0.4866033554 0.4990364831 0.5014179318 0.4916122209 0.5135436429 0.5081636326 0.5067752603 0.4975280650 0.4983788057 0.4930785242
0.9961931935 0.1458733082 0.5052703488 0.5042179677 0.4926806836 0.4893060322 0.5038584570 0.5111224885 0.4950380774 0.4955630814 0.4923611590 0.4950280818
0.4215428832 0.2575757699 0.5040193962 0.4967577450 0.4625107671 0.5038661644 0.5120248404 0.5134853314 0.5086669099 0.4889919415 0.5368012525 0.4985108720
0.7072399472 0.9892672896 0.5063386587 0.5107989266 0.4898489525 0.5003675843 0.4908344628 0.4870747773 0.4874464468 0.4815376102 0.5226603070 0.4858862640
0.9364260435 0.4344611628 0.5042506124 0.4763414922 0.4966833194 0.4769559511 0.5081321115 0.5101244537 0.4943765502 0.4849515028 0.4947490267 0.4963138637
0.2216592134 0.9977221966 0.4910895141 0.5062150446 0.5073109415 0.5069723651 0.5164914255 0.5016774215 0.5019893784 0.5122927528 0.5043515509 0.4957663464
0.0265046744 0.9999777675 0.5007928970 0.4990139053 0.4967757174 0.5005115277 0.5171882450 0.5036099268 0.4935046838 0.5044787481 0.4842304029 0.4956112192
0.6223713426 0.8032132387 0.5097559937 0.5134971986 0.4805706309 0.5096681971 0.4750089179 0.4953095754 0.5079804344 0.5059169430 0.4950319099 0.4895869639
0.1147417060 0.7757604280 0.4871330427 0.5071441988 0.5017908332 0.5157244329 0.4926539078 0.4861977715 0.5260740320 0.4735728434 0.4924200870 0.5017160898
0.6799111085 0.6853339076 0.4855381677 0.5081694084 0.5020228834 0.4648048741 0.4876243706 0.4831214170 0.5209214244 0.5358262450 0.4972193652 0.5012878723
0.0312090889 0.9295512423 0.4955519090 0.4980965883 0.5010456660 0.5027123794 0.5153170192 0.5151511185 0.4986949717 0.5166595328 0.4904273466 0.4958675119
0.2589316100 0.5402640368 0.5069965633 0.5001101855 0.4813553868 0.5239021105 0.5067444501 0.5028663260 0.5059491114 0.4822177012 0.5314522374 0.4859209096
0.3615136375 0.1455580873 0.4937869733 0.5140309000 0.4843873414 0.5030095697 0.5295432371 0.5015925268 0.4998250994 0.4910108695 0.5275724164 0.4996727144
0.4343587500 0.9061899788 0.5249100059 0.5087158856 0.4770475897 0.4983004360 0.5202019296 0.5060093868 0.4902075777 0.4853040798 0.5102810719 0.4870694038
0.9175680876 0.6851531399 0.5213617611 0.5118753060 0.5032776169 0.5014737858 0.4793459823 0.5012695886 0.5061798879 0.4847040472 0.4993813430 0.4830304617
0.3806846973 0.9847226237 0.4925595308 0.4805754843 0.5012693954 0.5132321371 0.5120667643 0.4987850069 0.4999432661 0.5176309718 0.4878947097 0.5040000889
0.1457632354 0.0800548651 0.4854415911 0.5075438212 0.4799940875 0.4971185850 0.5259806174 0.5033162152 0.5083912202 0.5163359241 0.4976501180 0.5126034778
0.2633972475 0.4547008811 0.4792478752 0.5092980472 0.5007303961 0.5311336639 0.4597278245 0.4687965302 0.5056510748 0.4735474310 0.4789196204 0.4940472524
0.7167399688 0.9603171349 0.4996310206 0.5343155509 0.4921320619 0.4992976502 0.4952204628 0.4963445892 0.4747801536 0.4809730043 0.5086436919 0.4905272151
0.0000336154 0.8712237014 0.4860750990 0.5145613818 0.4952545698 0.5051522375 0.5102771863 0.4975701880 0.4891114515 0.5126277849 0.4990959898 0.4810717829
0.0004403568 0.7942146015 0.5123008979 0.4964719805 0.4964150138 0.5202611876 0.4928104917 0.4967752612 0.4991413066 0.5027105944 0.5054526986 0.4919866691
0.6060202987 0.2066851124 0.4992620933 0.5019224462 0.5045930081 0.4931397902 0.5120504936 0.5124779962 0.4911074380 0.4924901760 0.4962955481 0.4943769987
0.9961931935 0.1458733082 0.5052703488 0.5042179677 0.4926806836 0.4893060322 0.5038584570 0.5111224885 0.4950380774 0.4955630814 0.4923611590 0.4950280818
0.0549203753 0.9634735584 0.4967904274 0.5213747539 0.5052638035 0.5298663298 0.5100352374 0.4921782758 0.5062306579 0.5130105943 0.5054183101 0.5039127923
0.0359861739 0.0792596979 0.4933695313 0.4858062356 0.4885965804 0.5016321540 0.5023601454 0.5128723689 0.4983593840 0.5071250414 0.4929246164 0.5131235266
0.0499654055 0.3831088081 0.5087161525 0.4911867206 0.5013020900 0.4905808458 0.4837972516 0.4541487244 0.5133555448 0.4910860893 0.5252174262 0.5048638329
0.8009960580 0.8425079981 0.5042507797 0.5074749348 0.4598497502 0.4773177184 0.4918682864 0.5058066911 0.4981146053 0.4940542908 0.4800217831 0.5056273024
0.0056017136 0.0000001846 0.5031456305 0.4928630916 0.5162253815 0.5071451187 0.4986176623 0.4920252232 0.5070283619 0.4974722065 0.4845779467 0.5095301975
0.8524575830 0.3367511397 0.5219811811 0.5063759889 0.4798535795 0.5084810079 0.4851201994 0.4868757319 0.4930804823 0.4907239580 0.4784074725 0.4968391861
0.0127120484 0.0038975493 0.4906744452 0.4825712086 0.5029596080 0.4955778806 0.5123689022 0.5172333730 0.5129385403 0.5014292684 0.5010161789 0.5076176854
0.3205289760 0.0217100829 0.4870347616 0.5113412092 0.4969475445 0.5158557840 0.5204977851 0.5151991522 0.5254715466 0.4848475592 0.5198148304 0.5050661615
0.0879772305 0.3539195558 0.4946067873 0.5157784364 0.4926861146 0.5143471428 0.4963525878 0.5207744902 0.4990440323 0.4987152773 0.5401546077 0.4691381970
0.0000979005 0.9998872876 0.5055808153 0.4983846676 0.4966442387 0.5067452081 0.5028362328 0.5012398950 0.5109001331 0.5069925724 0.4889056312 0.5125070925
0.0713393085 0.0376856195 0.5090299837 0.5036882309 0.4734925245 0.4968567125 0.4986764518 0.4988622163 0.4969899566 0.4826066968 0.5061587521 0.5063158554
0.6130608089 0.0847267067 0.4655600068 0.5209624604 0.4911275790 0.5140073484 0.4826208613 0.4833709257 0.5229114738 0.5164973924 0.5037087257 0.4786762550
0.0000253514 0.0230462339 0.5072204538 0.5012935530 0.4866825011 0.4917123447 0.5090065086 0.4984655591 0.4971108497 0.5067221362 0.5069085414 0.4958401170
0.0474902779 0.0000038204 0.5082534455 0.4992046009 0.5089349156 0.4749395094 0.5018658590 0.5139673339 0.5092931310 0.4867405411 0.4968640456 0.4904751852
0.0012198319 0.9771023393 0.5105008583 0.4935333301 0.5099388653 0.4922953344 0.5072368662 0.4991255307 0.5126822414 0.4963676929 0.4824695244 0.5002524921
0.0000000204 0.0000007282 0.4993551577 0.4966339186 0.5020775311 0.5049447170 0.5121052187 0.5110552199 0.4891444144 0.5035174839 0.5074372274 0.5047452906
0.1069519059 0.5838966606 0.5149796940 0.4688083954 0.4833914291 0.4733277064 0.5075247541 0.4863055300 0.4899284401 0.5164120464 0.5019468638 0.5200887656
0.5681089655 0.1714086316 0.5145256782 0.4864594204 0.5023696003 0.5024929644 0.4995671774 0.5086033784 0.5047414930 0.4747466563 0.5075655766 0.5024680891
0.0000290191 0.2091728899 0.5007554682 0.5217435015 0.4935686091 0.5003731217 0.4973816929 0.5173383111 0.4870437283 0.5206143604 0.5147854949 0.4979862558
0.0657561332 0.6044726602 0.4739922789 0.4727076392 0.4684870385 0.4941362506 0.5039582116 0.4900278266 0.4751811783 0.5106995560 0.5070040860 0.5061027736
0.0828665718 0.6760355315 0.5100385744 0.5093612624 0.5130979964 0.4914640294 0.4882684809 0.4611195448 0.5223639946 0.5242303681 0.4984645269 0.4946853203
0.1449220938 0.5670972694 0.4948844660 0.4834431921 0.5230293912 0.5219611156 0.4885536424 0.4955767528 0.4979670472 0.5110456791 0.5208911014 0.4849479889
0.0918560728 0.9694493115 0.4894385022 0.5021835001 0.5041779259 0.4981037031 0.5138608273 0.5155941495 0.5074897967 0.5112779298 0.5123613938 0.4965185421
0.9993368387 0.4347551752 0.5079898255 0.4945797729 0.4966555240 0.5001216391 0.5066833727 0.4875558334 0.5078168536 0.5034522552 0.4876634881 0.4942342872
0.9961931935 0.1458733082 0.5052703488 0.5042179677 0.4926806836 0.4893060322 0.5038584570 0.5111224885 0.4950380774 0.4955630814 0.4923611590 0.4950280818
0.6466192545 0.1599380970 0.4885520470 0.5027891115 0.5175474893 0.5079284745 0.5261818505 0.4888364244 0.4872956144 0.4826192357 0.4977148138 0.4976068256
0.5969546638 0.1197515546 0.5113642762 0.5049981530 0.4861133696 0.5098031370 0.5009327280 0.4693718253 0.5019645994 0.4872317830 0.5343668174 0.5055304700
0.0000237425 0.0981181575 0.5035950326 0.5054174911 0.5086154333 0.5111389128 0.5079153660 0.5112519542 0.4723646987 0.5055135784 0.5088135749 0.4878865992
0.9979610443 0.5316080345 0.4872439341 0.5102575429 0.5075145088 0.4999998709 0.5044960842 0.4892772875 0.4919090739 0.5042420909 0.4905005732 0.4889509209
0.9961931935 0.1458733082 0.5052703488 0.5042179677 0.4926806836 0.4893060322 0.5038584570 0.5111224885 0.4950380774 0.4955630814 0.4923611590 0.4950280818
0.8318563770 0.6817080638 0.4871564975 0.5310161777 0.5003756707 0.4727546507 0.4773030958 0.4906345222 0.5039338824 0.5214340010 0.4922825822 0.5036800997
0.0000000077 0.0000004755 0.4996697166 0.5019045200 0.4898607100 0.4958259746 0.4946660367 0.5049710105 0.4944402110 0.5113643087 0.4979219894 0.5001302100
0.0000979005 0.9998872876 0.5055808153 0.4983846676 0.4966442387 0.5067452081 0.5028362328 0.5012398950 0.5109001331 0.5069925724 0.4889056312 0.5125070925
0.0293693505 0.0017933926 0.4986552109 0.4816522988 0.5047510688 0.4899554065 0.5096208710 0.5115979337 0.5023433781 0.5273615885 0.5021563955 0.5185962187
0.0000979005 0.9998872876 0.5055808153 0.4983846676 0.4966442387 0.5067452081 0.5028362328 0.5012398950 0.5109001331 0.5069925724 0.4889056312 0.5125070925
0.0000000348 0.0000007898 0.5043187726 0.5016539772 0.5204735873 0.5028129151 0.4981871275 0.5013916966 0.5028982889 0.5094913274 0.4971927474 0.5119389975
0.8172131900 0.9509358981 0.4989447217 0.5050186224 0.5105641488 0.5052028468 0.5314655693 0.4935680737 0.4980488875 0.5070967572 0.4967245232 0.4993756066
0.0000979005 0.9998872876 0.5055808153 0.4983846676 0.4966442387 0.5067452081 0.5028362328 0.5012398950 0.5109001331 0.5069925724 0.4889056312 0.5125070925
0.9332491159 0.0001742274 0.4983264350 0.4910146908 0.5030038385 0.4933246074 0.5011379861 0.5109675830 0.5004465281 0.4929095629 0.4963049837 0.5086854060
0.8789613978 0.8841272938 0.5115558584 0.5044205729 0.5249982919 0.4894491886 0.4871288906 0.5126271446 0.5084522165 0.5039338600 0.4993555623 0.5013919472
0.0000000288 0.0964728594 0.4914304426 0.5138334775 0.5373847065 0.4919305873 0.5001611551 0.5014630276 0.5002946810 0.4949909723 0.4818158761 0.5119698531
0.9961931935 0.1458733082 0.5052703488 0.5042179677 0.4926806836 0.4893060322 0.5038584570 0.5111224885 0.4950380774 0.4955630814 0.4923611590 0.4950280818
0.9997360631 0.8743740320 0.5208223066 0.5065387864 0.4894551404 0.5145624717 0.4898730157 0.4834278396 0.5108578504 0.5063970889 0.5098949021 0.4949837467
0.0555466624 0.9999015331 0.5005448829 0.4989851314 0.4853037934 0.4985716870 0.5126345742 0.5074130684 0.4902266670 0.5011139659 0.4885694046 0.4961513257
0.3337183708 0.0628971681 0.5039946155 0.4800012115 0.5098733136 0.4882162618 0.5069888406 0.5033271277 0.5128271246 0.4864531047 0.5006257429 0.4877408008
0.0000005874 0.0002852508 0.4942571971 0.5092951422 0.4857868157 0.4892135304 0.5105234944 0.4997711093 0.4788328433 0.5128199860 0.5073105663 0.5039627394
0.0134851141 0.4366858585 0.5025072620 0.4939477822 0.5051494685 0.5014133548 0.5113425816 0.5088373393 0.4904200879 0.4867363110 0.5029676987 0.5127122353
0.0555466624 0.9999015331 0.4991854275 0.4989851314 0.4853037934 0.4985716870 0.5126345742 0.5074130684 0.4902266670 0.5011139659 0.4885694046 0.4961513257
0.9762891531 0.9546584047 0.4967013908 0.4967319495 0.4931018641 0.4861546910 0.5073738137 0.5048894455 0.4849604427 0.4944470611 0.4957877711 0.4986761136
0.1557241171 0.9981121421 0.4959448923 0.5083241492 0.5040007425 0.5181753608 0.4963084850 0.5041953821 0.4832928407 0.5193736354 0.4994175156 0.5004793380
0.0000145754 0.0262136701 0.4990913848 0.5016871680 0.5151142181 0.5165898837 0.4989904477 0.5167738843 0.4852884524 0.5101879733 0.4997175980 0.4949247367
0.3416137745 0.9140422940 0.4836325527 0.5084260448 0.4953105276 0.5001408070 0.4975484729 0.4935563958 0.5052369568 0.5191441884 0.5008360429 0.4741341683
0.0390723588 0.6553998226 0.5190192478 0.4907121376 0.5035749298 0.5267001624 0.4911711053 0.4981544575 0.4839978747 0.5027991941 0.5034245522 0.4718164690
0.1111413718 0.5084785094 0.4878420021 0.4826768035 0.5311893581 0.4939882785 0.5091395589 0.5140921516 0.5080716080 0.4889977000 0.5114751177 0.5071893246
0.1662633866 0.8852517009 0.5037104214 0.4949973804 0.5029166854 0.5006912428 0.4968700432 0.4751857494 0.5072511220 0.5022595996 0.5057220836 0.5126474582
0.0000979005 0.9998872876 0.5055808153 0.4983846676 0.4966442387 0.5067452081 0.5028362328 0.5012398950 0.5109001331 0.5069925724 0.4889056312 0.5125070925
0.0715466046 0.1000481885 0.4870213269 0.4945912676 0.5133585424 0.5181735871 0.5151442711 0.4834757793 0.5153200879 0.4721502990 0.5033927723 0.5122572012
0.2664075831 0.9272535443 0.5210908334 0.5077245557 0.5395579657 0.5028092841 0.5187265697 0.5342301475 0.4926496499 0.4883822212 0.4932115855 0.4890363943
0.0162641832 0.9846377373 0.4950056340 0.5051959061 0.5156252303 0.5185615644 0.5062976761 0.4892023814 0.5074951859 0.5068904370 0.5084361125 0.5051795225
0.8357271342 0.5403697239 0.5153555240 0.4946266336 0.4838937400 0.4963233721 0.4973289313 0.4753261421 0.5040158968 0.4673561431 0.4828452755 0.5224273872
0.0075555425 0.4842829205 0.4905724665 0.5164920918 0.5116454999 0.4961902863 0.5164197958 0.5115147125 0.4985625495 0.5159318167 0.5094728424 0.5091963580
0.0515341311 0.1840344206 0.4582055661 0.4856614846 0.4936535432 0.4968740863 0.5107321148 0.5022623546 0.4869450740 0.5004044225 0.5100556810 0.5096537889
0.7092112874 0.2695640747 0.5226321233 0.4987550298 0.5177752949 0.5302457940 0.4946005681 0.5074920127 0.5050312493 0.4838614368 0.5021870525 0.5036867534
0.2511149629 0.2996871391 0.5114583184 0.5239608837 0.5001866918 0.5044844152 0.5094111001 0.5138474318 0.4974872805 0.5106567332 0.5294404709 0.4970743728
0.0000000204 0.0000007282 0.4993551577 0.4966339186 0.5020775311 0.5049447170 0.5121052187 0.5110552199 0.4891444144 0.5035174839 0.5074372274 0.5047452906
0.8916001418 0.6713204935 0.5119414320 0.5056375684 0.4958621483 0.5145303695 0.4924443619 0.4828258557 0.5117192724 0.5042183692 0.5093238415 0.4894039421
0.0005761476 0.9648735056 0.4964702138 0.5029942000 0.5034315491 0.5069509767 0.4919650495 0.5028961193 0.4954840703 0.4937680910 0.4968194198 0.5003776637
0.0320398994 0.9899590015 0.4990801006 0.4940915548 0.4974253724 0.4891582814 0.4901634588 0.5020372544 0.4952122895 0.5200881426 0.4922332591 0.5130074218
0.0791928545 0.2071557538 0.4828653806 0.5121307362 0.5177505506 0.4880475204 0.5152407742 0.5210696599 0.4752179323 0.5194104371 0.5044569938 0.4855928383
0.4924427221 0.8461636901 0.4815870311 0.5331699763 0.5223943646 0.5108089587 0.5079441163 0.5174606633 0.4803888154 0.5057568999 0.5072016455 0.4808483473
0.0050568189 0.9543430702 0.4920188063 0.5125184034 0.4944046282 0.4974715002 0.4922361078 0.4987694589 0.4795234063 0.4964134696 0.4955595351 0.5172913976
0.1200213141 0.8826010823 0.4823568425 0.5016738649 0.5038866915 0.4925232133 0.4937456977 0.4652153057 0.5094250665 0.5110871609 0.4798398023 0.4803330839
0.3708676392 0.1258797797 0.5010322454 0.4911477795 0.4870381245 0.5133339892 0.4912403271 0.5057260059 0.4976109273 0.4954295260 0.5237269887 0.4699922571
0.2470990206 0.9050396085 0.5024710638 0.5011499942 0.5086268207 0.4939208124 0.4917034182 0.5079317745 0.5019211954 0.5131991887 0.4999029010 0.5073947004
0.0817426079 0.5948038869 0.5100673006 0.5105517035 0.5134368461 0.5216981002 0.4865154481 0.4810801812 0.5212117114 0.4559314761 0.4795288466 0.4801907257
0.2903227261 0.9994306564 0.4909254269 0.5096430277 0.5322429300 0.5061437228 0.5130985313 0.4944285974 0.4923478580 0.4913142009 0.5101045440 0.4849740705
0.2321317142 0.8290890053 0.4732967899 0.5089219003 0.5034171974 0.5127090260 0.5235967902 0.4922847987 0.4886337780 0.5089357879 0.5212259693 0.5126733498
0.0598174523 0.9265704155 0.4971918240 0.5197282711 0.4922405543 0.4986176693 0.4875217089 0.4960859925 0.5025278748 0.5204646067 0.4798766532 0.4830491721
0.0849091724 0.8271127162 0.4827920374 0.5255950792 0.5219149208 0.4809117057 0.5149356389 0.5163252524 0.4819941747 0.4779150446 0.5122824045 0.4856627204
0.0287360791 0.0939349830 0.4944406793 0.4824895677 0.5050670125 0.4999739346 0.5130973547 0.5044132062 0.4956658980 0.5226887017 0.5114439884 0.4934316949
0.5663474086 0.8032770753 0.5052559106 0.4993935028 0.4795887274 0.4966534052 0.4791584845 0.5262989274 0.5133012943 0.4795215115 0.5017801467 0.4824556957
0.0772639997 0.9451014482 0.4903010093 0.4976759376 0.4981802921 0.5043838105 0.4928654170 0.4899288968 0.4901047633 0.4900608059 0.4985683138 0.5015849145
0.1296094974 0.1076019481 0.5057157624 0.4843705151 0.5111392867 0.5124521062 0.4813843742 0.5058858195 0.4723760526 0.5047222255 0.5138453231 0.4965751320
0.2203532132 0.4559758496 0.5169766599 0.5159617520 0.5030620896 0.4951553773 0.5244078681 0.5118184847 0.4919982133 0.5094983352 0.5228813040 0.5196145543
0.5848564568 0.8407218711 0.5026507497 0.5063938799 0.5222948645 0.5095557845 0.4948071761 0.5225981026 0.4707509393 0.4772447292 0.5247022827 0.5035390725
0.3839984964 0.7712826617 0.4821664516 0.5280987949 0.5293976800 0.5164586156 0.5024380770 0.5164897755 0.4817850033 0.5073136203 0.5193519083 0.4953065003
0.0328758843 0.0268872067 0.5007235612 0.5040107113 0.5046131028 0.5112486681 0.5040097465 0.5056347911 0.5123830933 0.5094894180 0.5087710051 0.5279185518
0.3969470084 0.3964415045 0.5056777040 0.5211978207 0.4928796711 0.5125441250 0.5046950933 0.4677539217 0.4973039065 0.5176933325 0.5153595565 0.5126659897
0.3707231851 0.1584309936 0.4946031898 0.4514260957 0.4929686046 0.4815056505 0.5204645913 0.5028788267 0.4884688560 0.5077664940 0.4837134008 0.5043459196
0.4329397019 0.8951784015 0.5152198904 0.4987511046 0.4680457060 0.5032320479 0.4934444671 0.5154784657 0.4851572742 0.5140893578 0.5201177827 0.5048796606
0.6725326892 0.3878221854 0.4904057447 0.4923912578 0.4752446009 0.5118498106 0.5088418080 0.5267642697 0.5165814388 0.5356231395 0.4979571510 0.5198853139
0.3954832883 0.9315080104 0.4955037194 0.4694220833 0.5011671599 0.4971561473 0.5084730883 0.4951161833 0.5009012171 0.5138376196 0.4784756535 0.4895161774
0.7943770487 0.7437900564 0.5419779541 0.4957136634 0.5201613064 0.4998252922 0.4883910129 0.4924238334 0.5067715597 0.5128456063 0.4960318815 0.4822524122
0.5096710475 0.9856072664 0.5038048397 0.5143671721 0.4989514694 0.4879059678 0.5073009958 0.4937607862 0.4807065698 0.4906350260 0.5099498220 0.4856996227
0.4218242624 0.4998136444 0.5099890124 0.4962093139 0.5003887794 0.5079461417 0.4939039883 0.5021902994 0.4855140810 0.4940137179 0.5173041651 0.4986340553
0.2036950911 0.7465960272 0.5056101787 0.5417347628 0.5232446230 0.5054225935 0.5121595757 0.5289231820 0.4690487774 0.5237862324 0.4513955395 0.5220966775
0.6211139425 0.3086539186 0.4814436540 0.5107999188 0.5105406017 0.5159161964 0.5127547445 0.4855905086 0.5225907697 0.4690925207 0.4976814468 0.4762221732
0.1110844512 0.8683602108 0.4788558976 0.5201090762 0.4990576211 0.5088162724 0.5337022643 0.5165872208 0.5228528119 0.4959132060 0.5169615798 0.4923307685
0.0588452742 0.1166632846 0.5036066871 0.4715799518 0.5127141902 0.5222429678 0.4873997324 0.4934442101 0.4984665131 0.4919085552 0.5130939923 0.4865883745
0.9799410105 0.7235535979 0.5046099893 0.5015044667 0.4993563956 0.5027061465 0.4956649048 0.5005846657 0.5032171940 0.5078260083 0.4900343184 0.4859767639
0.7387103552 0.5004208127 0.4904806149 0.5241914478 0.5229461594 0.5326670714 0.5014124961 0.4985324714 0.4920371854 0.4852243393 0.4803977527 0.4849874220
0.0391393587 0.0267632231 0.4967673943 0.5163686642 0.5010421700 0.5109522896 0.5176958770 0.5092680015 0.4804718884 0.5254203069 0.5016875083 0.4850162014
0.2766257586 0.3781413375 0.4913275502 0.5148300859 0.5014815741 0.5336603041 0.4957377794 0.5167142958 0.5030115134 0.5125242682 0.5152560059 0.4663220224
0.6171102060 0.4663878752 0.5303548322 0.4898974111 0.4674941195 0.5249563685 0.4799615379 0.4961991479 0.5038988898 0.5123921837 0.5136959845 0.4932414243
0.0323157758 0.9028300154 0.4919677265 0.4966485563 0.4862066587 0.5200354356 0.4726318825 0.4930809284 0.4916091242 0.5081303183 0.5116340707 0.4868280440
0.2211646600 0.8995049191 0.4933891751 0.4797814821 0.5045069884 0.5005854366 0.5274478797 0.4983104638 0.5027470145 0.5073629480 0.5189205069 0.5211218051
0.2470872452 0.8703926188 0.5021177713 0.4996141699 0.4757968085 0.4940561529 0.4914555258 0.5111481919 0.4916553772 0.5108386581 0.5051505934 0.5026483110
0.2055014846 0.6354152338 0.4975395501 0.5226767241 0.5068910130 0.5336534520 0.5016673149 0.5199149897 0.4812349139 0.4639521836 0.4946393079 0.5114443153
0.1189242229 0.3240987120 0.5134584294 0.4991309043 0.4944928002 0.4681336466 0.4904298375 0.5283547537 0.4738601572 0.5406169452 0.5218234407 0.4747575728
0.5250486466 0.4662486799 0.5110488488 0.5130084886 0.5127461562 0.5164664959 0.5015018564 0.5010466224 0.5029750238 0.4893801720 0.4875251929 0.5047912066
0.6869435410 0.4468407734 0.5183754901 0.5030414841 0.4815430880 0.4956495149 0.5003734963 0.4915695431 0.4787517676 0.5068912551 0.4749706451 0.4715496325
0.4835092779 0.5314075436 0.4956982992 0.5550996017 0.5004049339 0.5303647865 0.5003564954 0.5181805177 0.4971047916 0.4997131788 0.5236281716 0.4930947769
0.9420239925 0.0480123753 0.5093594376 0.5109339710 0.5004091760 0.4855279594 0.5138890989 0.4911444656 0.5020394711 0.4850116581 0.4915087749 0.5096010842
0.1646457906 0.0515510547 0.4889345997 0.4925739699 0.4857106135 0.4910007090 0.5205393422 0.5091944987 0.4999533040 0.5106172545 0.4905593538 0.5123105589
0.4829654680 0.2206452016 0.4947349712 0.5074733778 0.5077472505 0.5124842808 0.4995565377 0.4951763135 0.4787660889 0.5171735702 0.5062155967 0.4949829262
0.4306885820 0.2029246582 0.5162057815 0.5247661135 0.4908001479 0.5061332849 0.4692087021 0.5103193882 0.5045484065 0.5096672118 0.4854078836 0.5094338956
0.1071269555 0.6979150904 0.4854338841 0.5007278671 0.4934082819 0.5276040969 0.4930352630 0.4965139055 0.4877274013 0.5192238488 0.5214314459 0.4851022607
0.0636771247 0.0000000083 0.5146715756 0.5332545252 0.5256532050 0.5024633911 0.5149947498 0.4954919206 0.5029855159 0.5003083821 0.5079942916 0.4998257187
0.2455389371 0.0003298612 0.4865861278 0.4820882539 0.5135879194 0.5044372057 0.4996779287 0.5061402528 0.4977092307 0.4874213565 0.5163319105 0.4977325513
0.9612886310 0.0605190714 0.5233118650 0.5081243094 0.4817907970 0.5059614095 0.4876081452 0.5090438291 0.5012509103 0.4925469201 0.5016906159 0.5080501729
0.1024162518 0.8623853326 0.5248706485 0.5064465255 0.5130098483 0.5133749414 0.4972453512 0.5050463945 0.5170825469 0.4956480770 0.5007630470 0.4857762322
0.4698517047 0.2610198855 0.5154394038 0.4980238850 0.5124855801 0.4975581124 0.5079688170 0.4833684919 0.4930718885 0.5145085702 0.5320819953 0.4814362309
0.0743039628 0.0527917594 0.5182564985 0.4768139363 0.4773926361 0.4975619152 0.5034293437 0.4861312735 0.4835704483 0.5010321090 0.5015677582 0.5055459153
0.3415379056 0.6403029754 0.5005372605 0.5000339369 0.4803124634 0.5140589236 0.4654743605 0.5075447941 0.5001796499 0.4882702236 0.4914326962 0.4756368609
0.1232057545 0.9392110705 0.4946282008 0.5092142414 0.4970160145 0.4943765030 0.5164533750 0.5053877598 0.4777126690 0.5059342315 0.5111810812 0.5103333032
0.2001399033 0.2521313487 0.5093122513 0.5207909120 0.5159410793 0.4994685875 0.4788641809 0.4949123076 0.5386704854 0.5415055116 0.4870211314 0.5114883572
0.3359808231 0.1963123701 0.4808896520 0.4906825333 0.5135543269 0.5134005729 0.5112692443 0.5190648505 0.5079307433 0.5322055658 0.5139269417 0.5042906813
0.7696331034 0.7300516873 0.5132098487 0.5098121245 0.5006785982 0.5148508216 0.4903131565 0.4821969623 0.5109636883 0.5007662264 0.5029928850 0.4956017172
0.0647089183 0.6085331847 0.5028948656 0.4494390767 0.5114608929 0.4769604797 0.4965652590 0.4894783336 0.4974663692 0.5197461108 0.5008171428 0.5011877435
0.1879448203 0.3192278072 0.5073026892 0.4852653463 0.5040227213 0.5143576857 0.4801142489 0.5024108893 0.5265003839 0.5130491477 0.5314198522 0.4891026099
0.2822316683 0.6863391540 0.5029347863 0.5213725476 0.4864726197 0.4958850654 0.4779335770 0.5015133820 0.4984196225 0.5100195893 0.5179428583 0.4886891817
0.1456472209 0.0399835631 0.4744534248 0.4915102157 0.5005755707 0.4946979799 0.5232122486 0.4971137554 0.5067382008 0.5007381586 0.5125349440 0.5132602006
0.1655457573 0.3100809162 0.5207513423 0.4941086538 0.5291702366 0.5134925450 0.4980119034 0.4904028682 0.4800913593 0.5148291846 0.5253711913 0.4869229160
0.3080480124 0.3504924593 0.5213700430 0.5051939751 0.5372397854 0.4916785308 0.5039041529 0.5268365577 0.5087529094 0.4959816883 0.5179217136 0.5023810894
0.1301380545 0.1426061124 0.5233099756 0.4884026997 0.5238997363 0.4506068432 0.5231932595 0.5307745277 0.5109843474 0.5066586561 0.5005842777 0.5110245164
0.0793144405 0.7742356333 0.5302573029 0.5147306569 0.5003763006 0.5162965463 0.4678751248 0.4877099167 0.4929300637 0.5050329067 0.5025353772 0.5092317294
0.5924034804 0.5518975158 0.5024919024 0.4762596902 0.4803762096 0.5149928073 0.5069401201 0.4833002283 0.4745044144 0.4971401956 0.5004166774 0.5175719092
0.5650765121 0.2963851506 0.5109772756 0.4925081160 0.5138463204 0.4684022483 0.5141300476 0.4871666075 0.4799316216 0.4743880870 0.4948146806 0.4906429524
0.4812951035 0.1994750522 0.4742911107 0.4753497536 0.5017183947 0.5115809660 0.5182582814 0.5116666728 0.5107209716 0.5223720402 0.5061203552 0.5042630038
0.9071286917 0.4210838841 0.4984031458 0.5062003202 0.4986485294 0.4996118418 0.5072080964 0.5152329115 0.4846054648 0.5299421663 0.5143831896 0.4895367705
0.9611569832 0.9000306129 0.4952518825 0.5118895782 0.5049213069 0.5165984531 0.5097403051 0.4799826965 0.5148231211 0.5048550438 0.5008693259 0.4986722512
0.3469074961 0.7432424337 0.5075653512 0.4932392971 0.5066953214 0.5051589298 0.4999625197 0.4788064308 0.5076197948 0.4959864553 0.5041654692 0.5032906827
0.7258780690 0.3924308784 0.4891494173 0.4828581055 0.4876279223 0.5029778373 0.4958933486 0.5175400632 0.5075003724 0.5225162239 0.5351056975 0.4875995666
0.0265084021 0.9627894163 0.5014302628 0.4956701500 0.4942701959 0.4963702034 0.4757689385 0.5018566298 0.5064809160 0.4894602129 0.4916426509 0.4840034997
0.4992961324 0.3410285861 0.5014680060 0.5109547685 0.5142856654 0.4997450327 0.5096530621 0.4946489884 0.5105398517 0.5070683240 0.4942989098 0.4797419626
0.4281303661 0.1120081916 0.5076509829 0.4981888622 0.5049553370 0.5266319760 0.5102227887 0.5041824406 0.4602032332 0.5116399991 0.4862842727 0.5176082651
0.1448470596 0.2611911214 0.4894426049 0.5180540103 0.4858576757 0.4985320904 0.4900658413 0.5187667748 0.4705275347 0.5414227882 0.5186863339 0.5054083688
0.2717265402 0.4990862252 0.4861327374 0.4795277992 0.4818024447 0.4882437423 0.5042645614 0.5172705444 0.5001344727 0.5049638840 0.5105001475 0.5022535480
0.7613552210 0.4708419483 0.5121368143 0.5197067202 0.4774908844 0.5167186695 0.5149166973 0.4707688821 0.4941485156 0.4844354410 0.5417632244 0.5091594247
0.0000000201 0.0276999513 0.4932108891 0.5067497720 0.4970659565 0.5055790641 0.5092405790 0.5090919773 0.4872878179 0.5104104887 0.5141213729 0.5128967229
0.4482459560 0.3715818889 0.4871514068 0.5184716043 0.4836846003 0.4827690159 0.4846023634 0.5291276155 0.5218714378 0.4897494123 0.5112709852 0.4922767762
0.2427487866 0.7890596986 0.4964940098 0.4706286763 0.5167186329 0.5044750354 0.5146786025 0.4920003569 0.5148027949 0.5164841409 0.5036478974 0.5046889115
0.1763615057 0.0909579111 0.5341984609 0.4706770167 0.5104696613 0.4840875084 0.5215372651 0.5048436945 0.5149703815 0.5061895625 0.4963074944 0.5128116243
0.1198328505 0.7236340059 0.4884599512 0.4857030442 0.5065508325 0.4688996357 0.5027949943 0.5106710061 0.4885785853 0.4820622915 0.4936421339 0.5116688837
0.4866309568 0.7817498597 0.5197616996 0.5054593006 0.5081073803 0.5097273432 0.5068820717 0.4842173191 0.4932879165 0.4866018477 0.4956514637 0.4934057599
0.0000301852 0.0399448630 0.5136016143 0.5087813868 0.4986671442 0.5108074798 0.5033453085 0.5093072271 0.5004177756 0.5136352834 0.5038673357 0.4985371776
0.1376199950 0.5098229673 0.5062516783 0.4853061403 0.4958655854 0.4974828980 0.4580116762 0.5063261470 0.4993718558 0.4765488589 0.5058697799 0.5174943647
0.2266566119 0.3676108739 0.5257701979 0.4810723729 0.5166335458 0.5205442410 0.4993261224 0.4842911569 0.5218175831 0.4829524533 0.5109737644 0.5110519717
0.1180885350 0.8456438965 0.4950526475 0.5162153582 0.4792677979 0.4882195342 0.4728962559 0.5186468488 0.5062208973 0.5182771847 0.5011729957 0.4929133821
0.1606052920 0.5055457029 0.4851988806 0.5069901178 0.4984460344 0.4893494258 0.5009053360 0.5245017793 0.5101832214 0.4815538257 0.4938360530 0.4628481265
0.2786756879 0.3062681874 0.4900297870 0.4936859926 0.5107799959 0.5222480048 0.5327974787 0.4917187986 0.5319423953 0.4802706431 0.5037678093 0.4854513800
0.3166838142 0.5395996576 0.5238996774 0.5166907124 0.5053888659 0.5138337793 0.4577845842 0.4901723409 0.5309898384 0.4908248174 0.4952210769 0.4991826296
0.1660642051 0.3559811914 0.5168413461 0.4726157801 0.4960404429 0.5132488018 0.5031764234 0.5025138284 0.5074006876 0.4902765752 0.5035605877 0.5121381810
0.0320398994 0.9899590015 0.4990801006 0.4940915548 0.4974253724 0.4891582814 0.4901634588 0.5020372544 0.4952122895 0.5200881426 0.4922332591 0.5130074218
0.0564106439 0.0722527280 0.4964295888 0.4840504770 0.4979686919 0.4976726878 0.5179726311 0.5069161651 0.4932875656 0.5211344278 0.5014751393 0.5136765144
0.1471583424 0.2004675249 0.4658072821 0.4896081126 0.5033323874 0.5298342428 0.5122219165 0.5051468568 0.5011685269 0.4887428534 0.5121780479 0.5130538276
0.5960671508 0.8741593914 0.5259683583 0.5255564458 0.5205997255 0.5052393466 0.5032013161 0.4961931767 0.5090580883 0.4970069006 0.5337684192 0.5065693241
0.9585375190 0.1067402322 0.4940951254 0.4919893070 0.4950460275 0.5042808474 0.5091576273 0.5061730763 0.4868691109 0.4903247275 0.4974643838 0.5085606704
0.1875768988 0.6858029856 0.4869970898 0.4882820869 0.4691155294 0.5201847490 0.5040223033 0.4819960318 0.4871561068 0.4669536611 0.4894265697 0.5236774002
0.4230041123 0.7184175873 0.4932430733 0.4943106437 0.5232929055 0.5039428647 0.4984935038 0.5185242059 0.5086853011 0.5014175840 0.5037065700 0.5055523130
0.3387807795 0.6733452757 0.5200535821 0.4928869952 0.4902003180 0.5016516936 0.4851588588 0.4841383193 0.5110517462 0.5026773272 0.4894377671 0.4995569188
0.3090729867 0.6508438935 0.4808996306 0.4873493086 0.5185879866 0.5055033833 0.5090548210 0.5059460188 0.5002191619 0.5104981115 0.5000150710 0.5020709125
0.0753540642 0.2863255157 0.5101417064 0.4992624403 0.5296358597 0.5105397288 0.5058866767 0.4925467898 0.4950717816 0.5019085087 0.5109570449 0.5013621620
0.0050508077 0.9816219807 0.5014628228 0.4989545296 0.5075405050 0.5072126363 0.5049686764 0.4969104889 0.4921634635 0.5052995189 0.5081309809 0.4991656259
0.4057457034 0.3636818897 0.5208339350 0.5018487023 0.5448552532 0.4830121680 0.5126657351 0.5448895187 0.4818393101 0.4728063221 0.5159251748 0.5098777465
0.6650501062 0.0486475937 0.4976249434 0.5047337861 0.5007438798 0.4905114986 0.5124836053 0.4995337832 0.5065447771 0.4814590492 0.5014129745 0.4890326293
0.9836950132 0.6803581184 0.5105374598 0.4848681080 0.4927639642 0.4982540305 0.4914122500 0.5036792416 0.4957494374 0.4976125724 0.5062216495 0.5104062314
0.1093306230 0.9314355850 0.5135164027 0.5092646580 0.5120503724 0.5152912475 0.5088772734 0.5077117487 0.5081721089 0.5277124085 0.5006197611 0.5143904837
0.1709800726 0.0339220094 0.5090722087 0.4812139989 0.4996792221 0.5025427077 0.5024966622 0.5063105991 0.5028969415 0.5157500082 0.5261321452 0.4856342532
0.9845478535 0.2765090195 0.4953263801 0.4943426580 0.4952354584 0.4944833346 0.4924072783 0.5062716882 0.4970158684 0.4891482194 0.4966187105 0.5008630646
0.3475164212 0.0719348788 0.4837649040 0.5146357852 0.5117332836 0.5098637569 0.5142757364 0.5143045232 0.4658559298 0.4822777653 0.5159141412 0.4881167803
0.5917578301 0.4420428788 0.4994010522 0.5012515497 0.5102490258 0.5146083018 0.5032308905 0.4785494628 0.4929442990 0.4911997758 0.5010433676 0.5146753636
0.4612340333 0.5643681796 0.5180660915 0.5277568525 0.4767317128 0.4908705430 0.5196884473 0.4655992768 0.4686232105 0.5139017564 0.5146863132 0.5050778708
0.1953806790 0.8446684480 0.5013864342 0.4898615257 0.5029397111 0.4995574361 0.4683727225 0.5171134420 0.5214454497 0.4826406867 0.4936168953 0.4899801051
0.9317400411 0.7879051125 0.5242499309 0.5120070285 0.5107568804 0.5111898114 0.4889090400 0.4979740785 0.5035353003 0.4982881337 0.5071994360 0.5074334678
0.4636868946 0.5008716025 0.5492838713 0.5132880417 0.5051281104 0.4936849805 0.4878198075 0.4989671065 0.5371692103 0.5201106593 0.4948771065 0.4998412341
0.6390708948 0.7202870153 0.5180673075 0.5027904696 0.4998081209 0.5061988267 0.5028786870 0.4693230261 0.5091089325 0.4927198086 0.5093121372 0.5185147175
0.4062376869 0.5346223759 0.5434331644 0.5241248265 0.4888631199 0.5027494261 0.4960511450 0.5099086747 0.5055013057 0.4990924087 0.5125058524 0.4842071099
0.0950855004 0.8471387969 0.5009091569 0.4760366176 0.5167330048 0.4942298856 0.4994104883 0.4960830872 0.4987986595 0.5139205458 0.5136702339 0.4976700270
0.0000000348 0.0000007898 0.5043187726 0.5016539772 0.5204735873 0.5028129151 0.4981871275 0.5013916966 0.5028982889 0.5094913274 0.4971927474 0.5119389975
0.5232605717 0.5302348258 0.5013146503 0.5218152909 0.4676752933 0.4868376376 0.4663710428 0.5094159329 0.5160361881 0.4874630113 0.5038258689 0.5006314610
0.2212946409 0.2584051620 0.5128698593 0.5025627691 0.4829376752 0.4826001045 0.5255023407 0.4963539476 0.4945134364 0.4633349495 0.5338349501 0.4935642475
0.1658197194 0.7007867044 0.4871816499 0.4923653168 0.5004961299 0.4950845623 0.4782002550 0.5267880451 0.5203533911 0.4789957218 0.4813614874 0.4826158127
0.0133087255 0.9815976024 0.4943539873 0.5004363036 0.4992192392 0.4952375638 0.5031526109 0.4996445189 0.4737223002 0.4928320610 0.5075211172 0.4862214422
0.3646185490 0.3931221848 0.5036658009 0.4814728496 0.4870797648 0.5178079883 0.4850172236 0.5020043824 0.4979666073 0.4964542715 0.5306572340 0.4776813319
0.2914823862 0.8476361214 0.5146697042 0.4768701955 0.5054860009 0.4924267822 0.4985441683 0.4813844652 0.5042069374 0.5016977137 0.5417252518 0.4865911160
0.1305698972 0.8696780205 0.5052263251 0.4890628100 0.5177350733 0.5168124725 0.4968490148 0.4684542238 0.5041501119 0.4985889848 0.5091358903 0.5028498395
0.1853532344 0.6015512787 0.4836332961 0.4998552070 0.5014141951 0.5094668422 0.4859097960 0.5110115787 0.5032327403 0.5161023164 0.5320947617 0.4986739625
0.0477116197 0.7740714311 0.5032544453 0.4839004294 0.5179178500 0.4989817164 0.5129243402 0.5001178797 0.4961469326 0.4924527082 0.5094939658 0.5076931750
0.4247171457 0.5637673737 0.5287390085 0.5193962505 0.5178346508 0.4996945741 0.5095842433 0.5037342730 0.4979962678 0.5095417795 0.4986945571 0.4819895571
0.6410990202 0.6409164570 0.4838708874 0.5130817403 0.4922202988 0.4721410702 0.4909756433 0.4985760050 0.5090767517 0.5146692145 0.4921298855 0.4785454822
0.3729069757 0.2998742978 0.4673592921 0.4817272651 0.4886430896 0.5163313554 0.5020343690 0.5312823855 0.5157561458 0.4753926636 0.5072149311 0.5197527306
0.0005761476 0.9648735056 0.4964702138 0.5029942000 0.5034315491 0.5069509767 0.4919650495 0.5028961193 0.4954840703 0.4937680910 0.4968194198 0.5003776637
0.0811146478 0.8053433624 0.4904972397 0.4708078128 0.5158911361 0.4954330677 0.5103003516 0.5077299327 0.4956379828 0.5207106486 0.5210232094 0.4995852154
0.9468422532 0.2852485873 0.4958503670 0.5254757947 0.5153931372 0.5017306355 0.5055985855 0.5082706388 0.5093613637 0.5043849523 0.5040637717 0.4816502353
0.2201371733 0.1614813790 0.5000044398 0.5049161914 0.5051185466 0.5143478325 0.5114288533 0.4797358626 0.4860489524 0.4791142973 0.4957488065 0.4790491675
0.6654057006 0.4691918540 0.5213841571 0.5059813006 0.4788625730 0.4912614287 0.5004190361 0.4929751266 0.5091745046 0.4770846217 0.4970438272 0.5136268918
0.1323270700 0.8533182035 0.4981314667 0.4999380855 0.5116193093 0.4891453576 0.5300514388 0.4951579999 0.4991591102 0.4881734811 0.5066201443 0.5065571331
0.5419367352 0.5593556761 0.4985531866 0.4961605768 0.5134819443 0.5083934268 0.5094452805 0.4940690814 0.5141907880 0.4940221912 0.5085575105 0.4705860170
0.0981637462 0.1423705241 0.4884981473 0.5076224093 0.4902339414 0.5016049359 0.5050788407 0.5287560532 0.4884264557 0.5088076952 0.5066993407 0.5000928118
0.8989643814 0.6163724669 0.5251709046 0.5177168668 0.5018440716 0.5105818994 0.4857581025 0.4826472604 0.4939188625 0.5035282974 0.5005976113 0.4986586852
0.0651072341 0.9999212623 0.4994642460 0.4948162056 0.4955378764 0.5021074137 0.5148492965 0.4939720564 0.4937399066 0.4957651652 0.4931893446 0.4926943573
0.0391317010 0.7279589601 0.5122198516 0.4872153708 0.5140465196 0.4896984381 0.5052926338 0.5091041808 0.5191806339 0.4774921431 0.4758284819 0.5012909183
0.1174774118 0.1193863144 0.4947188132 0.4958104880 0.5214852991 0.5297622365 0.5125748062 0.5069353160 0.5069638816 0.5226346810 0.4913802270 0.5161932214
0.3005726273 0.6155487731 0.5090023661 0.5029178632 0.4978174061 0.4980394124 0.5150152152 0.4889122516 0.4982622536 0.4746121619 0.5005265868 0.4634511937
0.3559753655 0.4248819941 0.4744436548 0.5141761212 0.5110153883 0.5147127049 0.4920549093 0.4861082107 0.5211272637 0.5207453336 0.4865501926 0.4927383014
0.0577427708 0.0075761266 0.5037362850 0.5012385286 0.4772864034 0.5162983451 0.5132069618 0.5012750437 0.5060825713 0.5061187426 0.5147101301 0.5180552296
0.8093050460 0.4150242746 0.4930160753 0.5060979684 0.5141777892 0.4882388271 0.4951225562 0.5058156307 0.4839852427 0.5038711911 0.4651497564 0.5196422406
0.4864464852 0.4623299391 0.5173258077 0.5097908474 0.4917575076 0.5165819723 0.5029750188 0.4943429550 0.4963375755 0.5015483791 0.5122024613 0.5065519718
0.4210869774 0.6915844513 0.4965599270 0.4683608620 0.5093194169 0.4664787110 0.4977702445 0.5067560212 0.4920068719 0.5088773157 0.5024126395 0.5004580165
0.9207522812 0.0040709972 0.5103237810 0.5066115770 0.5079467614 0.4876313630 0.5003136463 0.4941058804 0.5082655848 0.4942720214 0.4905703883 0.5000649594
0.7573674304 0.4025510195 0.5316374167 0.4881262690 0.4981110467 0.5017823392 0.4965146875 0.4859141252 0.4959170110 0.4896743483 0.4950902898 0.4992883874
0.3612813348 0.4980645432 0.5389502735 0.5185677314 0.5120986358 0.4837632823 0.5045317236 0.4823022438 0.5034188114 0.4957818330 0.4945613969 0.5001960009
0.0585854203 0.8862944841 0.5007690328 0.5210724017 0.5065596319 0.5105502594 0.5113647404 0.5026352966 0.4943583110 0.4765318745 0.4900389880 0.5091764507
0.3098170849 0.2875417052 0.4941700295 0.5222983585 0.4917174219 0.5068513767 0.4965254835 0.5318142001 0.4922135294 0.5054867293 0.4988916533 0.5014505568
0.5427987906 0.4366964722 0.5214364692 0.5059551566 0.4946637263 0.4629659461 0.4827497973 0.4983876380 0.5113710980 0.5122196398 0.4609929557 0.5132187220
0.8038497171 0.1724023787 0.5108415377 0.4938249277 0.4829369634 0.4999025783 0.4949110735 0.4860415497 0.4941206613 0.5023405114 0.4949838043 0.5014386985
0.9525051287 0.5889832608 0.5029068940 0.5025138131 0.4778649618 0.5020573786 0.5027811655 0.4905147622 0.4885353970 0.5045221687 0.4995991191 0.4983563457
0.6635689262 0.5287468466 0.5193374159 0.4681193914 0.5011848474 0.4973110760 0.5041376647 0.4898289563 0.4759795681 0.4762457278 0.5093128124 0.5260631397
0.7878916675 0.2318241435 0.5177352239 0.4980529579 0.4839269571 0.5005975396 0.4799830974 0.5084693994 0.4963559772 0.5084647679 0.4981082788 0.4846041653
0.0014492793 0.7905241251 0.5067246709 0.5040626526 0.5136343507 0.4859512671 0.4926748622 0.5146964573 0.5014862187 0.4989414907 0.5222370398 0.4989715774
0.5114915681 0.6820549416 0.5145888036 0.5265079159 0.4733409292 0.4907616152 0.4658355368 0.4907788554 0.4916350929 0.5046624015 0.5112672719 0.4785208447
0.1506003825 0.2319379014 0.4977058234 0.5003979569 0.5116530179 0.5089716414 0.4928141592 0.5200105391 0.5001228293 0.4969919980 0.4912172168 0.4764317751
0.0000184120 0.0000001298 0.5038830676 0.5069166241 0.4925826483 0.4879010517 0.4971263351 0.5083772208 0.4920465646 0.5151738806 0.5026607078 0.4972207592
0.4256476687 0.4266032883 0.5308298315 0.5106919626 0.5060677584 0.4961898231 0.4884302788 0.4945848355 0.5073154947 0.4703214880 0.4991811914 0.5281591929
0.9926211834 0.1089734822 0.4970936763 0.4951915387 0.4848488354 0.5029643841 0.4987184162 0.4972668833 0.4968717826 0.5015605292 0.4974238240 0.4931602262
0.3686284033 0.8709680394 0.4867957461 0.5361914161 0.5233371983 0.5062604371 0.4871947810 0.5073185584 0.5128911066 0.5292557674 0.5106801775 0.4752353403
0.2559314580 0.6598520073 0.4805358553 0.5050583525 0.4914681147 0.5124405051 0.5054739443 0.5064821577 0.5193440164 0.4872906409 0.5162427806 0.4690429928
