0.4992183892 0.0000057749 0.5001078415 0.5000930603 0.4999563825 0.4999957911 0.5000541350 0.4999632331 0.4999163260 0.5000355212 0.5000678270 0.5000333837
0.5008812410 1.0000000000 0.5002839666 0.4998973337 0.4999342754 0.5001439896 0.4998132839 0.5001097876 0.5000880710 0.4997029830 0.4998071499 0.4998923420
0.9999557734 0.5005669982 0.5001171043 0.4999946853 0.5000262340 0.5000859620 0.5000889748 0.4999629373 0.4999629966 0.4999822359 0.4999413749 0.5000054159
0.6633865315 0.5081463399 0.5000738889 0.4999227966 0.4999619155 0.5000158511 0.5000340288 0.5000735317 0.4999452805 0.5000411271 0.4998792006 0.4999713236
0.9991533160 0.9992836714 0.4999463283 0.5000119320 0.5000132856 0.4999779009 0.4999833899 0.4999185253 0.4999953585 0.4999858159 0.4999765415 0.5000141374
0.0002383355 0.5301216968 0.5000219156 0.4999448661 0.5000216652 0.4999388484 0.5000643029 0.4999753094 0.5000213660 0.4999897721 0.4999773001 0.4999649662
0.0047725756 0.8232537926 0.4999591406 0.4999557919 0.4999147085 0.4999802611 0.4999821725 0.5000142158 0.5000082268 0.4999799712 0.5000189208 0.5000682478
0.9995613694 0.0001877225 0.4999395176 0.5000222049 0.4999603371 0.5000088923 0.5000305118 0.4999629882 0.5000065118 0.5000085650 0.5000484303 0.4999370318
0.9939883785 0.0012281992 0.5001057968 0.4999837458 0.5000401881 0.4999926778 0.5000485594 0.4999538202 0.4999765035 0.4999512344 0.5000396062 0.4999600027
0.9865568280 0.9943436014 0.4999490990 0.4999448956 0.5000003781 0.4999562278 0.5000001170 0.4999578694 0.4999382788 0.4999387902 0.4999876306 0.5000222291
0.9380617142 0.4989709547 0.5001203728 0.5000564292 0.4999363269 0.4999717367 0.5000252658 0.5000060512 0.4998883585 0.4999919211 0.4999544654 0.4999630949
0.5226122733 0.1174996412 0.5000145834 0.5000076518 0.5000146195 0.4999476083 0.4999658322 0.4999999321 0.4999862811 0.5000470313 0.4999672875 0.4999405371
0.3260835805 0.4987850460 0.5000266299 0.4999883182 0.5000401577 0.5000358094 0.4999733009 0.4998948041 0.5000967722 0.5001080299 0.5000183486 0.5001592156
0.8303299618 0.1997733684 0.4999812681 0.5000291664 0.5000358588 0.5000134217 0.5000571544 0.5000137011 0.4999017556 0.4998948233 0.5000373799 0.4998203671
0.5776142250 0.2810453701 0.5000647065 0.5000480003 0.4999351580 0.5000579710 0.5000559138 0.5000037364 0.4999839554 0.5000043437 0.5000226264 0.4999783920
0.5309964750 0.8750636578 0.4999417698 0.4999356347 0.5000262511 0.4999981689 0.4999645641 0.5000587817 0.5000038063 0.5000624922 0.4998322978 0.4999903475
0.8347740700 0.8010868395 0.4999954536 0.5000213964 0.4999504118 0.4999227375 0.4999080771 0.5000245359 0.4999147456 0.5000446969 0.4999647624 0.5000074196
0.8341059154 0.4960811127 0.5000137582 0.4999644795 0.5000182722 0.4999780803 0.4999566118 0.4999956407 0.4999468155 0.5000503617 0.4999645054 0.5000859706
0.5816006457 0.7121102214 0.5000064374 0.4999675556 0.5000998981 0.4999518218 0.4999490029 0.5001287680 0.5000314088 0.5000073770 0.4999953606 0.4999481556
0.9986645579 0.9885357022 0.4999626409 0.4999856185 0.4999394826 0.4999231557 0.5000099692 0.5000036050 0.4999976511 0.5000406849 0.4999921215 0.4999771132
0.6923764265 0.1410013586 0.5000309208 0.4999426240 0.4999702650 0.5001956440 0.5001052425 0.4999173368 0.5000572056 0.4998974248 0.4999284247 0.5000406880
0.9999979138 0.0000000777 0.5000666681 0.4999349125 0.4999814658 0.5000961261 0.4999180808 0.5000190649 0.4999316668 0.5000122913 0.4999870139 0.4999859326
0.9997924566 0.9999567270 0.4999911105 0.4999283480 0.5000012815 0.5000292275 0.4999705200 0.5000048404 0.4999881419 0.5000404862 0.4999905075 0.4999891254
0.9777942300 0.9999903915 0.4999657770 0.5000675155 0.4999749441 0.5000291057 0.4999779788 0.4998954078 0.4999610234 0.5000469873 0.5000137783 0.4999818322
0.5376326605 0.4309651638 0.5000362579 0.4998839807 0.4999419369 0.4999437440 0.4999653261 0.4999748032 0.5000408423 0.4999381333 0.5000076972 0.4999692923
0.6872688365 0.6752095299 0.4999997581 0.4998967896 0.5000034270 0.5000902435 0.5000829682 0.4999987089 0.5000400286 0.4999757083 0.4999166662 0.5000582911
0.8667139734 0.2539203373 0.5000634719 0.5000628503 0.4999753589 0.5000049308 0.5000717081 0.4998794300 0.5000804203 0.4999954877 0.5000471362 0.5000566041
0.9992156625 0.0287569240 0.5000924944 0.4999324162 0.4999193399 0.4999306671 0.5000341007 0.5000587297 0.4999898031 0.4999417988 0.4999067063 0.5000759887
0.9994766712 0.9999499321 0.5000045654 0.5000258696 0.4999330337 0.4999756394 0.5000008265 0.5000165160 0.4999978444 0.4999622980 0.5000021526 0.5000060078
0.3943891368 0.7610581012 0.4999947548 0.4998959327 0.5000616860 0.4999331316 0.4999181948 0.5001226023 0.5000366767 0.5000143523 0.5000311200 0.4999475000
0.9999997020 0.0058194738 0.5000136138 0.5000758772 0.4999847834 0.5000123110 0.5000533993 0.4999296160 0.5000221739 0.5000175434 0.4999659442 0.4999720975
0.8675875664 0.7462750521 0.4999633261 0.5000154429 0.5000655516 0.4998820546 0.4999836785 0.5000100063 0.4999596133 0.5000952909 0.5000814759 0.5000597173
0.6962205417 0.3333975650 0.4999581380 0.4999245903 0.5000702597 0.5000506676 0.5000176071 0.4999542689 0.5000257314 0.5001424397 0.5000207661 0.5000400029
0.7691325247 0.5990153633 0.4999493806 0.5000041147 0.5000564371 0.5000104234 0.5000800353 0.4999446950 0.5000016767 0.4999649050 0.4999712058 0.5000751143
0.5421494686 0.5707535398 0.4999351703 0.4999672877 0.5000365181 0.4999268850 0.4999743759 0.5000224522 0.5000455883 0.4998938791 0.4999191378 0.4999980560
0.3411074790 0.6456447120 0.5000556125 0.5000094526 0.5000590334 0.4999856334 0.4999594585 0.4999693016 0.4999760622 0.4999534441 0.5000391452 0.5001820102
0.0027579335 0.4739524975 0.5000266720 0.5000206793 0.4999632186 0.5000094779 0.5000351278 0.5000080124 0.4999606636 0.4999619314 0.5000655066 0.5000393764
0.9858854413 0.0026378999 0.4999817958 0.4999902883 0.5000923380 0.4999899490 0.5000852319 0.4999701130 0.4999975579 0.4999310420 0.4999313265 0.5000246986
0.0018390268 0.8401328921 0.4999594071 0.4999900214 0.4999992456 0.4999958499 0.5000149104 0.5000306529 0.4999499364 0.4999825039 0.5000753035 0.5000189569
0.0018390268 0.8401328921 0.4999594071 0.4999900214 0.4999992456 0.4999958499 0.5000149104 0.5000306529 0.4999499364 0.4999825039 0.5000753035 0.5000189569
0.3876952418 0.2382428502 0.4999807625 0.5000279923 0.5000317135 0.5000722054 0.4998800210 0.4999110148 0.4999909132 0.4999710119 0.4999976774 0.4999807881
0.7644096574 0.3955143193 0.5000387821 0.4999851098 0.5000016874 0.4999888836 0.5000141854 0.5000310017 0.4999796098 0.5000364148 0.4999891169 0.4999594741
0.6959366269 0.8524734102 0.4998647747 0.4999310160 0.4999220484 0.5000091677 0.4999705601 0.5000260686 0.4999797138 0.4999970441 0.5000920850 0.4999001986
0.7835053309 0.1633505821 0.5000946487 0.5000063806 0.5001008722 0.5000361186 0.5001793866 0.5000555519 0.4999516149 0.5000285608 0.4999375590 0.4999069330
0.9036455070 0.3335293035 0.4998882274 0.4999963639 0.4999706756 0.4999215665 0.5000019457 0.5000137979 0.5000772750 0.4999422461 0.5002002874 0.5000093387
0.3471399114 0.3657501645 0.5000505922 0.5001584939 0.4998608990 0.4999443554 0.4999847723 0.4999278505 0.5000305440 0.4999242474 0.5001188535 0.5000935662
0.9998415709 0.9998752475 0.4999837866 0.4999947322 0.4999699034 0.4999817149 0.4999338791 0.4999613102 0.4999884706 0.5000456968 0.4999953576 0.5000454352
0.9060404438 0.6715572223 0.5000235957 0.4999684360 0.4999484358 0.5000037887 0.4999988912 0.4999545553 0.4999578693 0.5000462047 0.4999818706 0.4999476643
0.9950827420 0.0047167987 0.4999546893 0.5000473189 0.5000181900 0.4999781383 0.5000020121 0.5000427057 0.4999361275 0.4999580161 0.4999755658 0.4999233870
0.7821863890 0.8342527151 0.5000563069 0.5000066831 0.5000863509 0.5000175924 0.4999908179 0.5000553739 0.4999483710 0.5000474436 0.4999912200 0.4998811616
0.0002836605 0.9035858368 0.5000154956 0.5000097656 0.5000258229 0.4999591053 0.4999763950 0.4999708351 0.5000538720 0.4999831626 0.5000004440 0.5000045934
0.9981154203 0.9849638795 0.4999773956 0.4999845155 0.4999569750 0.4999740372 0.5000636927 0.5000083215 0.5000295964 0.5000108138 0.4999632366 0.5000168904
0.9607742655 0.0011620814 0.5000917595 0.4999332729 0.5000615206 0.5000301534 0.5000623650 0.5000203450 0.4999803501 0.4998745323 0.4999702855 0.5000337546
0.0071441205 0.9730552435 0.5000184239 0.5001217630 0.4999511222 0.4999926918 0.4999777183 0.4999359230 0.4999690384 0.4999882066 0.4999896479 0.5000440833
0.0296141219 0.1138544327 0.5000887575 0.4999499983 0.5001099028 0.4999999179 0.4999176349 0.4999074233 0.5000583790 0.4999584006 0.5000274769 0.4999808609
0.9469194412 0.0871739102 0.5000258795 0.5000350616 0.5000063276 0.4999485920 0.4999541093 0.5000724066 0.4999125203 0.5000245430 0.4999196589 0.4999454448
0.9614483232 0.1265130835 0.5000894029 0.4999603309 0.4999263697 0.4999495862 0.4999336912 0.5000818279 0.5000687164 0.4999302206 0.5001206317 0.5000006287
0.6357582179 0.5808756076 0.4999583157 0.5000296863 0.5000212342 0.4998872638 0.4999525094 0.4999811038 0.4999865599 0.5000843917 0.5000276113 0.5000355170
0.9837557728 0.5566877222 0.4999175755 0.4999828835 0.4998669802 0.5000232910 0.4999748151 0.5000463900 0.4999985246 0.4998632134 0.5001079319 0.5000304933
0.6840338651 0.8071956591 0.4998553678 0.4999201669 0.4999602846 0.5000084960 0.5000093186 0.5000445459 0.4999907588 0.5000593834 0.5000018916 0.4999509130
0.9527695179 0.9074998705 0.5000094804 0.5000600402 0.4999279479 0.4999113020 0.5000180806 0.5000054031 0.4999876208 0.5000216922 0.5000244183 0.4999602258
0.8093506246 0.9632572532 0.5000498626 0.5000247217 0.5001114053 0.5000414830 0.5000163902 0.4999451265 0.5000130104 0.4999043070 0.5000229221 0.4999946386
0.4705247208 0.5044300294 0.4999756588 0.4999439031 0.5000793318 0.4998781805 0.5000168106 0.5000327554 0.5000128032 0.4999713308 0.5000505057 0.5000646968
0.5820982648 0.5007276340 0.4999884312 0.5000305782 0.5001373850 0.4999963683 0.4998900739 0.5001674639 0.4999867512 0.5001057534 0.4999509567 0.5000607388
0.8691981445 0.9475770003 0.4999726358 0.4998517211 0.5000326592 0.4999706737 0.5000113882 0.4999401564 0.4999556557 0.5000185766 0.4999223065 0.4999410776
0.1386353702 0.3826086106 0.4999990662 0.4999353044 0.4998572435 0.4999505893 0.4999907608 0.5000010073 0.5000190687 0.4999945408 0.5000943088 0.4999933854
0.9745232192 0.2021539532 0.4999925682 0.5001019885 0.4999871224 0.4999611907 0.4999367004 0.4999194603 0.4999885166 0.4999343200 0.5000006857 0.5001125346
0.2148833627 0.8632743443 0.4999656284 0.5000524682 0.5001245234 0.5001016617 0.4999300640 0.5000928772 0.4999546374 0.5000390598 0.4999869240 0.5000519167
0.8053735658 0.1124610691 0.4999033923 0.4999840394 0.4999267494 0.4998532444 0.4999890985 0.5000304827 0.4999868135 0.4999140352 0.4999462779 0.5000782171
0.8227532256 0.6143051682 0.5001234529 0.4999746186 0.5000085924 0.4999964458 0.5000074306 0.5000697566 0.5001654677 0.4999675424 0.4999653435 0.5000432383
0.5414316170 0.1774345636 0.5000347788 0.4999589590 0.4998928171 0.4998997181 0.4999791818 0.5000347166 0.4999617531 0.5000834574 0.5000397544 0.4999946019
0.8909392314 0.1520224959 0.4999490224 0.5000425464 0.4999571937 0.5000168679 0.4998694471 0.4999578592 0.5000682938 0.4999589860 0.5001473351 0.4999383889
0.2457593612 0.4464374724 0.5000014615 0.5000542546 0.5000281624 0.5000550976 0.5000988368 0.4998858928 0.4999532033 0.5000485452 0.5000656045 0.5000914062
0.8253506914 0.2854214115 0.4999740850 0.5000515237 0.4998304504 0.5000234355 0.5000087166 0.5000291536 0.4998745422 0.4999980994 0.5001438960 0.4999284524
0.6277591042 0.4258041451 0.4999480079 0.5000158693 0.5001376457 0.5000112711 0.5000038987 0.4999965839 0.5001070809 0.4999708977 0.5000217327 0.4999339020
0.8251074915 0.7145169996 0.4999007260 0.5000926001 0.4999932469 0.4999255517 0.5000029182 0.4999114563 0.4999299675 0.5000308004 0.4999979370 0.5000361126
0.8715854318 0.0485782774 0.5001029332 0.4999547606 0.4999519480 0.4999356694 0.4999783281 0.4999576786 0.5000323924 0.4999581443 0.5000157092 0.5000004064
0.6786598572 0.2690908447 0.4999511573 0.5000741372 0.5000077068 0.5001073210 0.4999704969 0.4999693414 0.4999276300 0.4998463330 0.5000863786 0.5000382142
0.8197152345 0.3827212919 0.4999938567 0.4998878869 0.5000074609 0.5000632797 0.4999997412 0.4998646051 0.4999537851 0.4999716233 0.5000158701 0.4998725727
0.8700227743 0.6292555486 0.5000118740 0.5000585007 0.5000192284 0.5000336377 0.5000352115 0.5000500436 0.4999355895 0.4999867976 0.4999723267 0.4999322799
0.1300432271 0.5060669080 0.4999018542 0.4999526661 0.5000563501 0.5000256589 0.4999487273 0.4998965345 0.5000469291 0.5001032658 0.4999770080 0.4999445126
0.4163071266 0.5671836698 0.4999845133 0.5000127890 0.4999328119 0.4999768015 0.4999279037 0.4999651716 0.5000172402 0.4998937957 0.4999206744 0.5000024903
0.4918057412 0.6424480792 0.5000897222 0.5000539440 0.4999110352 0.4999093414 0.4999805801 0.5001406444 0.4999755109 0.5000174601 0.5000616270 0.5001211856
0.7115270495 0.5914624648 0.5000175162 0.5000826493 0.4999570081 0.4999523638 0.5000398278 0.4999690267 0.5000103483 0.5000362497 0.5000291311 0.4999964140
0.7089319527 0.4070126427 0.4999641679 0.5000717040 0.5000685842 0.5000303150 0.5000127531 0.5000172384 0.4999187258 0.5000495729 0.5000605949 0.5001272985
0.8635945706 0.8761531992 0.4999809541 0.5000231395 0.4999576381 0.4999170659 0.5000572490 0.5000220369 0.5001141127 0.4999848512 0.5000191914 0.5000053983
0.1322039138 0.5989261561 0.4999334422 0.4999871498 0.4999273060 0.4999755992 0.5000427081 0.4999435031 0.5000484299 0.5000412733 0.5000412752 0.5001083676
0.9158807095 0.1938306988 0.5000580330 0.4998831195 0.4999640329 0.4999549908 0.4998824763 0.4999792445 0.5000778256 0.4999638715 0.4999877366 0.4999675691
0.9091415785 0.0510852113 0.4998970193 0.5000106306 0.5000384798 0.5000597105 0.5000513131 0.5000500865 0.4999539410 0.4998818395 0.5000168946 0.5000023662
0.9307836047 0.2927303978 0.5000230706 0.4998950143 0.4998905238 0.4998990961 0.5000432068 0.5000715202 0.4999965256 0.5000755146 0.4999564292 0.4999383387
0.7635182510 0.6911271071 0.4999373889 0.4999493486 0.4999197412 0.5000444760 0.4999777919 0.5000814461 0.5001343863 0.5000168165 0.5000024335 0.4998375488
0.5463755613 0.2120077850 0.4999785262 0.4999910445 0.5000602058 0.4998362084 0.4999556417 0.5000225717 0.4999784950 0.5000970212 0.4999619983 0.4999445423
0.7229113887 0.9040434410 0.4999253724 0.4999232662 0.5000557910 0.5000030362 0.5000624133 0.4998597030 0.4999395982 0.5000159354 0.4998606417 0.4999533838
0.2437847055 0.5695996720 0.5000671055 0.4999961541 0.4999765427 0.5000284246 0.4999110892 0.4999023302 0.4999970201 0.5000504875 0.4999619835 0.4999528499
0.6076692367 0.3473739799 0.5000573988 0.4999343187 0.4999512185 0.4998736883 0.5000385761 0.4999710785 0.5000542461 0.5000362116 0.5000381638 0.4999827748
0.6030117774 0.6618722425 0.5001083499 0.4998851716 0.4999815640 0.4999605806 0.4999871090 0.5000707799 0.5000914503 0.5000171021 0.5000059916 0.5000658382
0.1655525921 0.7538586222 0.5000598167 0.5000869406 0.5000624980 0.4999809360 0.5000163998 0.5000182980 0.5000165834 0.5001076349 0.4999561015 0.5000677320
0.7609253541 0.3146150652 0.5000877182 0.5000064243 0.4998946574 0.4998848340 0.5000005390 0.4998743421 0.4999902300 0.4999992063 0.5000422929 0.4998665069
0.4514642440 0.6985312978 0.5000729929 0.4999994863 0.5000038165 0.4999716863 0.4999417426 0.5000081991 0.5000325206 0.4999946227 0.4999272127 0.5000566170
0.5200207140 0.9224760202 0.4999545953 0.4999251345 0.5001360445 0.4999599679 0.5000836052 0.5000056529 0.4999755137 0.4999865465 0.5000517463 0.5000695667
0.2666372525 0.6749502112 0.4999238056 0.5000535182 0.4999529198 0.4999931984 0.5000304486 0.5001019797 0.5000109206 0.4999780871 0.5000497530 0.5000064782
0.4911731063 0.3677378590 0.4999822308 0.4999753843 0.4999140644 0.4999680692 0.4999723475 0.4999620148 0.4998853775 0.4998616288 0.5000869489 0.5000180239
0.4110992829 0.4418100498 0.5001001879 0.4999814552 0.5000738641 0.5000504478 0.5000107709 0.5000774732 0.4999508872 0.4999575972 0.4999751434 0.5000430336
0.6738433195 0.1995349672 0.4999957049 0.4999828441 0.4999772066 0.5000429610 0.5000927570 0.4999935574 0.4999604592 0.4999940136 0.5000122899 0.4999989734
0.8662975405 0.1305223572 0.5000006447 0.4999564275 0.4999210438 0.4998847294 0.5000399748 0.5001557654 0.5000524348 0.5000606484 0.5000185928 0.4999874073
0.7822811718 0.5120481185 0.4999899786 0.4999762994 0.4998457780 0.4999839287 0.4999989658 0.5000022022 0.5000143399 0.4998782666 0.4998662339 0.4999644014
0.8977072757 0.8460049175 0.4999847249 0.5000909120 0.4998693623 0.4999341829 0.4999259660 0.4999457378 0.4998966589 0.5000963383 0.5000403303 0.4998047675
0.7276012301 0.0899093598 0.5000968070 0.5000328221 0.5001250107 0.5000273290 0.4999694838 0.5000095928 0.4999239773 0.5000091607 0.5000176346 0.5000099406
0.8703582324 0.4989381625 0.4998715153 0.5000627503 0.5000411307 0.4999272802 0.5000587624 0.4999693867 0.4999825390 0.4999814935 0.4998662838 0.4999777431
0.9235085826 0.8083301872 0.4999391356 0.5000317650 0.5000835423 0.4999584275 0.5000326380 0.5000184152 0.4999833119 0.4999475609 0.4999736567 0.5000364287
0.4681204187 0.0423292103 0.4999466919 0.4999277445 0.5000264209 0.4999499547 0.5000403357 0.4999877696 0.5000007636 0.5000987253 0.4998906947 0.4999792220
0.7605868425 0.2328428961 0.5000167294 0.5000062885 0.5000067071 0.5000614359 0.4999573053 0.4999707644 0.5000199090 0.4999155196 0.4999536893 0.5000568952
0.9704698949 0.7910425092 0.5000176903 0.5000698195 0.5000175845 0.4999780538 0.5000044902 0.4999643113 0.4998858732 0.4999740671 0.4999717992 0.5000986480
0.1596182326 0.2699456602 0.5000125256 0.5000247366 0.5000452395 0.5000990521 0.5001368025 0.4999524939 0.4999840929 0.4999105169 0.4999977752 0.5000238114
0.9471317530 0.9291714678 0.5000570707 0.5000161054 0.5000526334 0.4999890407 0.4998655978 0.4999409679 0.4999784353 0.4999346775 0.4999535368 0.5000274598
0.6827111908 0.7332432958 0.5001117491 0.5000458619 0.5000397666 0.4998992862 0.4998524969 0.5000292938 0.4998413838 0.5000853239 0.4999424177 0.5000425487
0.3321378352 0.8087504429 0.4999764071 0.5000320723 0.4999097383 0.5000515542 0.5000345771 0.4999549582 0.5001130525 0.4999435621 0.4999333680 0.5000817248
0.7721131081 0.7672714642 0.5000439609 0.5000742153 0.4999884647 0.4999816777 0.4999992678 0.5000372236 0.5000032317 0.5000478680 0.5000352546 0.4999812794
0.4420745590 0.3018712261 0.5001146005 0.5000277288 0.5000165533 0.4999765357 0.4999581439 0.5000183420 0.4999572238 0.5001187621 0.4999800167 0.4999096269
0.8693757057 0.3666570756 0.4999625017 0.4999442148 0.5000764106 0.4999424043 0.5000612561 0.5000617616 0.4998759627 0.5000038708 0.5000650274 0.5000518246
0.5619246099 0.7827295214 0.4999546884 0.4999684783 0.4999615489 0.4999781726 0.4999690155 0.5000624167 0.5000468346 0.4999963088 0.4999739955 0.4999423945
0.9306390207 0.0655441659 0.5001402370 0.5000401165 0.5000190132 0.4999973067 0.5000674601 0.4999426035 0.5001508227 0.4999724783 0.4999722330 0.5000121165
0.9087597450 0.9408821024 0.5000037282 0.4999972558 0.4998792641 0.5000288118 0.4998093087 0.4999252043 0.5000369016 0.4999379596 0.5000675629 0.5001173418
0.7282558011 0.4913432155 0.5000458101 0.5000512350 0.4998380990 0.4999900494 0.4999175132 0.5000286438 0.5000639293 0.4999880454 0.4999839029 0.5000184278
0.9567280710 0.5129160607 0.4998150041 0.5000119797 0.5000714907 0.4999387749 0.5000436127 0.4999199996 0.4999962246 0.4998991334 0.5000302149 0.5000680710
0.2641305085 0.3218029535 0.4999749785 0.5000559629 0.4999715374 0.4999964197 0.4999658233 0.4999379055 0.4999977356 0.4999480774 0.5000303236 0.4999452307
0.9549179698 0.8723349571 0.4999998619 0.4999802399 0.5000368912 0.4998911235 0.4999898428 0.5001403605 0.5000118485 0.5000615806 0.5000366238 0.5000225209
0.3116095169 0.1813782553 0.4999015955 0.5000189478 0.5000858137 0.5000418135 0.4999103967 0.4998789580 0.5000419971 0.4999443372 0.5000543469 0.5000169546
0.7885495807 0.0461299047 0.4998948739 0.4999725676 0.5000745731 0.4999952384 0.5000195907 0.4998343401 0.4999205716 0.5000182125 0.4999060183 0.4999636366
0.5284940799 0.9788490534 0.5000208470 0.5000495523 0.4999211703 0.5001032373 0.5000083626 0.4999738915 0.5000220712 0.4998896219 0.5000559580 0.4999637441
0.8231021130 0.8948502105 0.5000549509 0.4999844118 0.5001172076 0.4999548360 0.4999038376 0.5000703574 0.5000782544 0.5001291899 0.4999843153 0.5001916976
0.9039853616 0.4886326936 0.4999790779 0.5000283872 0.4998750463 0.4999318829 0.4999019042 0.5000079315 0.5001008848 0.5000761722 0.4999322089 0.4999226370
0.5370237080 0.8220929876 0.5000506691 0.4999576541 0.5000029909 0.4999818037 0.4998737341 0.5000248173 0.4999411780 0.5001060023 0.4998555669 0.5000239192
0.9296598743 0.6943477400 0.4999740990 0.5000116175 0.5000723401 0.5000119901 0.5000731885 0.4999355287 0.4999864071 0.4999316049 0.4999747711 0.5000591097
0.5177515715 0.0702049644 0.5000272739 0.4998858789 0.4999367377 0.4999931719 0.5000282238 0.4999837017 0.5000747497 0.4999564383 0.5001063320 0.4999652898
0.2184886198 0.1539483033 0.4999903596 0.4999869864 0.4999165021 0.5000956705 0.5000111009 0.4999021847 0.4998932757 0.4998724929 0.4999596227 0.4999540513
0.9999997020 0.0058194738 0.5000136138 0.5000758772 0.4999847834 0.5000123110 0.5000533993 0.4999296160 0.5000221739 0.5000175434 0.4999659442 0.4999720975
0.9983504415 0.9985669255 0.4999709081 0.5000007028 0.5000137315 0.4999736117 0.4999917513 0.4999281892 0.5000331121 0.5000145306 0.4999667305 0.5000703125
0.9997924566 0.9999567270 0.4999911105 0.4999283480 0.5000012815 0.5000292275 0.4999705200 0.5000048404 0.4999881419 0.5000404862 0.4999905075 0.4999891254
0.8354739549 0.9566685557 0.5000018954 0.5000148855 0.4999717579 0.5000014238 0.4998182395 0.5000199442 0.4999897704 0.4999151016 0.5000219431 0.5000263412
0.9983127117 0.0009580050 0.5000544758 0.4999441515 0.4999814551 0.5000032573 0.5000461838 0.4999923732 0.4999762619 0.4998749979 0.5000358727 0.4999801808
0.6078751492 0.7623204768 0.5000576936 0.4999996888 0.5001283157 0.5000092575 0.5000088855 0.4999978156 0.4999899569 0.5000877043 0.5000346207 0.4998982640
0.9939883785 0.0012281992 0.5001057968 0.4999837458 0.5000401881 0.4999926778 0.5000485594 0.4999538202 0.4999765035 0.4999512344 0.5000396062 0.4999600027
0.8987948584 0.7013421372 0.4999780570 0.4999445186 0.4998648800 0.5000058506 0.4999250023 0.5000925487 0.4999833551 0.4999942075 0.5000491293 0.4999233459
0.9997345209 0.0004802480 0.4999378064 0.4999747152 0.5000247986 0.5000157592 0.5000618438 0.5000270265 0.5000263191 0.5000446385 0.5000068955 0.5000485276
0.8885282100 0.2965577488 0.4999820497 0.5000650849 0.4999789641 0.5000562871 0.5000622189 0.5000255473 0.4999344649 0.5000355521 0.5000012258 0.5001003135
0.7543298162 0.1609511497 0.5000112610 0.4999861802 0.5001036484 0.5000351055 0.5000497420 0.4999838385 0.5000780323 0.4999308869 0.5000240440 0.4999351870
0.6451908752 0.1914146119 0.5000728795 0.5000638612 0.5000431025 0.4999867215 0.4998614467 0.4999543573 0.4999247660 0.4999478870 0.5000852183 0.5000060837
0.9995613694 0.0001877225 0.4999395176 0.5000222049 0.4999603371 0.5000088923 0.5000305118 0.4999629882 0.5000065118 0.5000085650 0.5000484303 0.4999370318
0.9111813507 0.8124845807 0.4999391861 0.5000515984 0.5000195734 0.4999550868 0.5000036776 0.5000492266 0.4998846528 0.5001092876 0.5000423338 0.4999643436
0.5356129573 0.5235488232 0.4999836723 0.5000268768 0.5001255101 0.5000465860 0.5000809095 0.5001083371 0.5000154603 0.5000128227 0.4998983062 0.4998708899
0.7304369361 0.8675315171 0.4999442008 0.4999093844 0.4999808304 0.4999900831 0.4999581797 0.5000512948 0.5000311250 0.5000396870 0.4998835472 0.4999882510
0.9963762760 0.9993448257 0.5000157514 0.4999732286 0.4999464419 0.4999467527 0.4999723460 0.4999248364 0.4999780802 0.5000046522 0.5000410002 0.4999531934
0.8425845718 0.2165337589 0.4999096197 0.5000004818 0.4999370818 0.5000282057 0.4999798587 0.4999895347 0.4999203978 0.4998797641 0.5000448046 0.5000015240
0.8101946642 0.4688821318 0.5000498216 0.5000222179 0.5000008318 0.4999816046 0.4999813178 0.5000748455 0.4999896520 0.5000481682 0.4999529555 0.4999160025
0.5918872797 0.6051746977 0.4999724510 0.5000777576 0.4999655065 0.5000829888 0.5000325046 0.5000001841 0.5000158166 0.4999247707 0.5000401008 0.5000085995
0.6478650618 0.7465099094 0.5000000560 0.5000102461 0.5001019370 0.4999830295 0.4999078485 0.5000603329 0.5000815553 0.4999798150 0.5000456824 0.4999122584
0.1327940687 0.4706117109 0.4999092226 0.4999407662 0.4999727479 0.5000025758 0.5000212620 0.4998944853 0.5000885607 0.5001160595 0.4999420288 0.4999880376
0.6488561827 0.1350657697 0.4999983975 0.4999591933 0.5000709068 0.5000401788 0.5000116724 0.5001288107 0.4998911995 0.5000305460 0.5001353238 0.4999120260
0.9999997020 0.0058194738 0.5000136138 0.5000758772 0.4999847834 0.5000123110 0.5000533993 0.4999296160 0.5000221739 0.5000175434 0.4999659442 0.4999720975
0.7432473898 0.3768981778 0.4999440572 0.4998697041 0.4998612428 0.5000484548 0.4999326356 0.4999545993 0.5000357235 0.5001643862 0.4999236878 0.5000583932
0.8082460165 0.6422654524 0.4999405888 0.5000701426 0.5000457735 0.4999210720 0.5000100725 0.4999880540 0.4999559434 0.5000329743 0.5000482635 0.5000436591
0.8848886527 0.1423524157 0.5000353630 0.5000465376 0.4999873792 0.4998985798 0.4999635728 0.4999237666 0.5000329039 0.4999877379 0.4999626706 0.5000810600
0.9448616287 0.3176076200 0.5000201868 0.5001395046 0.4999440492 0.4999605780 0.5001496357 0.4999845575 0.5000592456 0.5000161388 0.5000418787 0.4998508243
0.9999936223 0.9999985695 0.4999931190 0.5000242273 0.4999626771 0.5000003271 0.4999086431 0.4999842942 0.4999726283 0.5000306502 0.5000072911 0.5000337885
0.6250019531 0.5308076018 0.4999342957 0.4999041703 0.4999945842 0.5000556326 0.4999621809 0.5000042351 0.5001342007 0.4998640613 0.5000449113 0.4999244518
0.0378998443 0.9860866161 0.4999749240 0.4999991293 0.5000079708 0.4998809642 0.4999739394 0.4998938106 0.5000711712 0.5000759124 0.4999565145 0.5000207791
0.4820061600 0.4151123363 0.4998932397 0.4999743153 0.5000301690 0.4999382059 0.5000216012 0.4998987588 0.5000428055 0.4999223736 0.5000522404 0.5000546089
0.8823360343 0.8633445548 0.5001152192 0.4998985390 0.5000177135 0.4999004679 0.4998975251 0.4999611582 0.4999855345 0.5000580760 0.4999003473 0.4999737837
0.6746267867 0.6087934772 0.4999728211 0.5000090411 0.5000899010 0.4998743974 0.5000373749 0.4999668685 0.4999884738 0.5001187909 0.5001041718 0.5000617730
0.5008560849 0.2240943554 0.5000400115 0.5000904673 0.4999385431 0.4999275417 0.4999436818 0.4999484376 0.4999410422 0.4999804506 0.5001064639 0.4999176794
0.3342590240 0.5440811509 0.5000152034 0.4998895084 0.4999282027 0.4999745874 0.4999425675 0.5000548325 0.4999929804 0.5000777090 0.4999936840 0.5000757235
0.9605332172 0.1475524306 0.4999796865 0.5000548717 0.4999567599 0.5000380856 0.5000740190 0.4999751809 0.4999878476 0.5000643452 0.4999317104 0.5001041151
0.3133595748 0.7600208462 0.4999402545 0.4999881233 0.4998528292 0.4999618457 0.5000773875 0.5000238276 0.4999716627 0.5000672869 0.5000695878 0.4999100818
0.8756244081 0.5998092928 0.4999934338 0.5000820002 0.4998996286 0.4999079267 0.4999496768 0.5000776624 0.5001078375 0.4998809892 0.5000265539 0.5000588449
0.0018390268 0.8401328921 0.4999594071 0.4999900214 0.4999992456 0.4999958499 0.5000149104 0.5000306529 0.4999499364 0.4999825039 0.5000753035 0.5000189569
0.7438199154 0.6266191110 0.5000432348 0.5000522246 0.5000083833 0.5000084301 0.4998695459 0.5001197986 0.5000136752 0.5000139939 0.5001209901 0.5000322757
0.7210694734 0.3517838073 0.5001467025 0.5000608248 0.4998706854 0.4999921275 0.5000590669 0.5001209837 0.4999521860 0.5000488586 0.5000355057 0.5000693187
0.3683226678 0.8405194283 0.5001012907 0.4999978674 0.5000646991 0.4999668501 0.4999905494 0.4999528586 0.5000177483 0.5000999628 0.4999630398 0.4999527012
0.5577836065 0.3339461710 0.4999650326 0.5000321901 0.4999046818 0.4999699617 0.4999210229 0.4999687035 0.4999587360 0.4999933144 0.5000415315 0.5000510444
0.1420472097 0.6895980508 0.5000948033 0.5000539978 0.5001464691 0.5000740127 0.5000223495 0.5000054665 0.4999586612 0.4999442647 0.4999759486 0.5000235180
0.9275803474 0.9338901060 0.4998768051 0.4999251655 0.4999391879 0.5000170200 0.5000023391 0.5000521445 0.5001633997 0.5000056834 0.5000410374 0.4999119778
0.4072846819 0.5182388612 0.4999875683 0.4999270109 0.5000927245 0.4999411550 0.5000422525 0.5001518069 0.4999813515 0.4999952090 0.5000091895 0.4999564494
0.5774732260 0.5390352392 0.4999870131 0.4999974898 0.5000859493 0.4999660369 0.4999712675 0.4999987171 0.5000011717 0.4999640320 0.4999871167 0.4999083424
0.7076328415 0.5308680721 0.4999652532 0.4999926512 0.5001295152 0.4999824846 0.4999706785 0.5000458359 0.5000384475 0.4999545540 0.4999656630 0.5000311847
0.3668500649 0.2879981835 0.4999524798 0.4999686194 0.5000676668 0.4999203343 0.5000223104 0.4998546609 0.5000527374 0.4999918564 0.5000420726 0.5000705883
0.2846394220 0.7164873668 0.4998776803 0.4999641910 0.4998968007 0.4999051867 0.5000285693 0.4999964482 0.5000605793 0.5000259845 0.5000230359 0.5000061167
0.9448398220 0.9181511998 0.5000024801 0.5000099642 0.4998771908 0.4999697659 0.4999334800 0.5000101184 0.4999936325 0.5000475606 0.5000030050 0.4999544570
0.1551398194 0.3147193289 0.5000387407 0.4999326137 0.4999786737 0.4999595300 0.4998891891 0.4999112332 0.5000722350 0.4999276582 0.4999374206 0.4999626348
0.6694613911 0.4424001010 0.4999817087 0.5000691305 0.5000321314 0.4999079578 0.5000824952 0.5000956748 0.4999954398 0.5000905929 0.5001117217 0.4998866277
0.9084387775 0.1640113031 0.4999861189 0.5001104326 0.4999486684 0.5000343198 0.5000770649 0.4999760505 0.5000128168 0.5000432535 0.5000275148 0.5001117898
0.7098131462 0.2109951110 0.5000140443 0.5000807185 0.5000790389 0.4999904084 0.5001181388 0.4999713798 0.4999993472 0.5000157047 0.4999905004 0.4999748338
0.7265777195 0.1459111171 0.4999776939 0.4999892553 0.4998548657 0.5000093458 0.5001319515 0.5001127210 0.4999007248 0.5000213897 0.5000024809 0.5000063773
0.9778668880 0.3600278697 0.5000018197 0.4999883179 0.4999959688 0.5000481158 0.5001567521 0.5000254335 0.4999410508 0.5000456374 0.4999832203 0.4998187625
0.1303328193 0.4131833872 0.5000511115 0.4999855361 0.4999709622 0.4999248573 0.5000496634 0.5000001225 0.4999925160 0.5000457419 0.4999826232 0.4999028171
0.4272658865 0.6509821124 0.5000182044 0.4998289402 0.5001260692 0.4999568523 0.4999318059 0.5000415739 0.5000212918 0.5000331300 0.5001297136 0.5000023950
0.7136365543 0.2793455209 0.5000289070 0.5001142543 0.4999209586 0.4999420450 0.4999269193 0.4999896066 0.4999494491 0.4999873392 0.5000293194 0.5001438167
0.6669241990 0.5584383976 0.5000529388 0.5000511510 0.4998726897 0.4999987537 0.4999230237 0.4999950583 0.4999962638 0.5000278354 0.5001230212 0.4999643780
0.8026586127 0.3573088948 0.5000849320 0.4999641604 0.4999390277 0.4999176571 0.5000596374 0.4998740250 0.5000267419 0.5001633932 0.5000150497 0.4999596646
0.2492316455 0.6010178536 0.4999313851 0.4999855287 0.5001368808 0.4999959937 0.4999404796 0.5000427816 0.4999541195 0.5000522208 0.5000870742 0.4999937645
0.0002836605 0.9035858368 0.5000154956 0.5000097656 0.5000258229 0.4999591053 0.4999763950 0.4999708351 0.5000538720 0.4999831626 0.5000004440 0.5000045934
0.3359082124 0.4557918560 0.5000697064 0.4999172176 0.4999353354 0.5000141860 0.5000272124 0.4999444134 0.5000149981 0.4999606163 0.5000818108 0.4998826520
0.7927416585 0.2528432795 0.4999954332 0.4999726259 0.4999997980 0.5000108246 0.4999709230 0.5000034265 0.4999925000 0.5000189509 0.5001289867 0.5000396840
0.9219078464 0.9380804991 0.5000076224 0.5000682225 0.4999394544 0.4999862742 0.5000738072 0.4999836536 0.4998470832 0.5000547875 0.4999484208 0.4999775948
0.7453379035 0.5591004753 0.5000409217 0.4999541339 0.4999431874 0.5000964485 0.5000306455 0.4999209666 0.4999880335 0.4999223968 0.4998949844 0.5000390500
0.8524562650 0.1148632914 0.4999437719 0.5000964183 0.4999755932 0.4999904171 0.4999022930 0.4999911218 0.5000609229 0.4999533906 0.5001441962 0.4998341414
0.4674476916 0.5512305721 0.4999690662 0.5000194110 0.5000060207 0.4999888174 0.4998453584 0.4999878326 0.4999812501 0.5000644641 0.4998805060 0.5000151919
0.7550646388 0.8538931285 0.5000854677 0.4999383654 0.5000053637 0.4999098421 0.5000312446 0.5000914047 0.5000719219 0.4999515456 0.4999400091 0.5000092317
0.6301797331 0.4747870400 0.4998992925 0.5000593527 0.5000018129 0.5000736787 0.5001256975 0.5000472031 0.5000235556 0.4999291933 0.5000011135 0.4999426432
0.6436714483 0.3690390065 0.4999747338 0.4999389852 0.4999752171 0.5000339872 0.5000154943 0.4998675121 0.5001246165 0.5000882158 0.5000388432 0.5001371916
0.8606362790 0.7662934203 0.4998460789 0.4999690977 0.5000457321 0.4999020102 0.5000162033 0.4999171567 0.4999248633 0.4999833282 0.5000169972 0.5000976797
0.5854949464 0.4428198261 0.5000347583 0.5000635170 0.4999987211 0.4999484891 0.5000584980 0.5000066382 0.4999579054 0.5000133768 0.5000081318 0.4999726382
0.4017531864 0.2123389866 0.4999816664 0.5000129805 0.5000234795 0.4999390837 0.4999539960 0.5000090289 0.4999384587 0.5000092292 0.4999960175 0.5000186137
0.5099787488 0.6845020056 0.4999308107 0.5000200198 0.4999738963 0.5000267732 0.5000290364 0.4999650147 0.4998994389 0.5000676288 0.5000243097 0.4998989534
0.9918187857 0.9953774214 0.4999689335 0.5000447475 0.4999653996 0.4999759434 0.5000061692 0.4999711318 0.4999494829 0.4999464003 0.5000201701 0.4999604359
0.6594806221 0.6886736554 0.5000350016 0.4999233249 0.4999563690 0.5000435254 0.4998208853 0.4999948484 0.4999859798 0.5000157119 0.4999814040 0.4999397949
0.8426015671 0.3061293095 0.4998974136 0.5000188612 0.4998981051 0.4999825001 0.5000007891 0.5000235204 0.4999968105 0.4999762509 0.5001175492 0.4999538901
0.6541422931 0.3226389034 0.4999631063 0.5000233584 0.4999419730 0.5000565264 0.5000453600 0.4999911758 0.4999094444 0.4999109635 0.5000277325 0.5000138459
0.8477177043 0.3378873963 0.5000415594 0.5000778101 0.4999520357 0.4999943918 0.4998922093 0.4999200026 0.5000273228 0.4999681461 0.5000714995 0.5000733141
0.5891725042 0.4018853223 0.4999289862 0.4998742112 0.4998999769 0.4999922511 0.4999373216 0.4999629795 0.4999505481 0.5000622922 0.4999607708 0.4999961153
0.5498306450 0.6194136155 0.4999070009 0.4999765658 0.4999650916 0.5000036875 0.5000518260 0.5000517095 0.5000239110 0.5000764076 0.5000145615 0.4999280108
0.5249429858 0.7347144523 0.5000270316 0.4999747805 0.4999625383 0.5000495084 0.4999147321 0.4999845755 0.4999928591 0.5000596388 0.4999478104 0.5000088025
0.2330591433 0.5305169261 0.5000376302 0.4998887239 0.5001095865 0.4999489710 0.4999222953 0.5001111744 0.5000313043 0.5000470201 0.4999960008 0.5000387102
0.9570019245 0.8193411965 0.4999523643 0.4999734115 0.4999662460 0.4999881196 0.4998892960 0.4999895839 0.4999635387 0.5000603862 0.5000394440 0.4999749523
0.3545208432 0.9343849421 0.5000899492 0.4999535145 0.5000087423 0.4999909362 0.4999273809 0.5000137674 0.5000316057 0.4999756235 0.4999663630 0.4999968022
0.8457329013 0.6575761793 0.4999409957 0.5000008887 0.4999458313 0.5000269388 0.5000156702 0.4999803691 0.4999883200 0.5001481602 0.5000330940 0.4999772347
0.9527695179 0.9074998705 0.5000094804 0.5000600402 0.4999279479 0.4999113020 0.5000180806 0.5000054031 0.4999876208 0.5000216922 0.5000244183 0.4999602258
0.8262543034 0.1054767718 0.5000218650 0.4999792446 0.5000744908 0.4999605331 0.4999867076 0.4999651377 0.5000641820 0.4998676629 0.4998968464 0.4999730489
0.9999971986 0.0000001005 0.5000908694 0.5000287139 0.5000095921 0.5000199168 0.5000465572 0.4999822988 0.5000123059 0.5000975473 0.4999875886 0.5000328070
0.6383883544 0.6272363126 0.4999946418 0.4999655649 0.5000376140 0.4999970502 0.4999542443 0.4999970530 0.4999806627 0.5001020834 0.4998822310 0.4999519433
0.8546584978 0.9563025832 0.4999007303 0.4999886494 0.5000150867 0.4999145722 0.4999474636 0.4999863227 0.5000803609 0.5000277095 0.4999746729 0.5000576984
0.5070361784 0.3118201421 0.4999973322 0.5000457061 0.4998454387 0.4999658340 0.4999497026 0.4999345065 0.5001315907 0.5000746666 0.4999681135 0.5000309147
0.9940915108 0.9990683198 0.4999342083 0.4999949520 0.5000113484 0.4999772764 0.5000054640 0.5000339410 0.4999883823 0.5000082789 0.5000054131 0.4999403084
0.9958819747 0.9909674525 0.4999982663 0.5000811735 0.4999900439 0.5000431259 0.4999574179 0.5000742280 0.4998899898 0.5000525566 0.5000158497 0.5000433943
0.8762782067 0.8705919823 0.4999557490 0.5000322120 0.4999634551 0.5000765440 0.5001014851 0.4999175702 0.4999969408 0.4999025477 0.5000513354 0.4999996138
0.5365087973 0.4822967978 0.4999552006 0.5000114728 0.5000775313 0.5000380016 0.5000202678 0.4999244265 0.4999439162 0.4998522289 0.4999375710 0.5000775776
0.8055144233 0.7361661116 0.4999053562 0.4998935696 0.4999127308 0.5000059861 0.4998561017 0.4999822137 0.5000513017 0.5000613484 0.4999853909 0.4999551136
0.8340615213 0.6877967471 0.4999637149 0.4999746681 0.5001427839 0.4999273192 0.5000727222 0.5001253612 0.5000859827 0.4999369248 0.4999630436 0.4999578104
0.9999974966 0.0000162447 0.5000716498 0.4999797982 0.5000089434 0.4999609723 0.4999392983 0.4999889875 0.5000129548 0.5001194625 0.4999297167 0.4999726504
0.8224336698 0.8093565048 0.5000948705 0.5000456727 0.4998653008 0.5000238582 0.5000378364 0.4999857076 0.4999663530 0.5001373707 0.4999551308 0.5001309527
0.4747928391 0.4508976390 0.4999766128 0.5001252862 0.5000013979 0.4998904376 0.4999184837 0.5000018248 0.4999156747 0.5000335180 0.5000471475 0.4999442895
0.1528446508 0.6928349704 0.5001052491 0.5000310566 0.5000843227 0.5000393078 0.5000501177 0.5000077601 0.4999549676 0.4999469216 0.4999704914 0.5000057065
0.8078544137 0.8247843981 0.4999538671 0.4999941109 0.5000708293 0.4999726784 0.4999353543 0.4999865434 0.5000403524 0.5000627095 0.5000331370 0.5000969557
0.0027579335 0.4739524975 0.5000266720 0.5000206793 0.4999632186 0.5000094779 0.5000351278 0.5000080124 0.4999606636 0.4999619314 0.5000655066 0.5000393764
0.4624800699 0.1635119794 0.5000508952 0.5000899831 0.5000042123 0.4999016504 0.5000005576 0.4999628760 0.5000051362 0.5000409339 0.4999965253 0.5000516047
0.3726482325 0.7018746752 0.5000219023 0.4999256900 0.5000600323 0.4999076963 0.5000012341 0.5000522010 0.4999813135 0.4999545573 0.5000292548 0.4999927975
0.9388200767 0.0662723876 0.5000193461 0.5000946108 0.5001869022 0.5000278107 0.5001242470 0.5000543272 0.4999556272 0.4999198865 0.5000462292 0.4999746712
0.9003569944 0.9465300091 0.5000449332 0.4999856774 0.4998697661 0.5001214902 0.4999483310 0.4999777414 0.4999976460 0.4999789867 0.5000178689 0.4999607222
0.8064217317 0.1783776362 0.4999709826 0.4999857891 0.4999101011 0.4999569706 0.4999065137 0.5000241292 0.5000268419 0.4999651906 0.5000942855 0.5001158076
0.2076260587 0.8097654077 0.4999915215 0.5000721344 0.5001790827 0.5001001246 0.5000036019 0.4999486743 0.5000468046 0.4999977043 0.4999578744 0.5001024151
0.8539469291 0.2333460591 0.4999070950 0.4999046655 0.4999689011 0.4999719667 0.5000477661 0.4998660520 0.4999806144 0.4999749803 0.5001230799 0.5000021548
0.0572413951 0.0348595604 0.4999469265 0.5000694525 0.4999661554 0.5001047290 0.5001437913 0.4998674449 0.4999637342 0.4998987525 0.4999922625 0.4999763898
0.3337620624 0.5946465259 0.5000186597 0.5000205096 0.5000377941 0.5000628914 0.4999314939 0.5000883373 0.4999426498 0.5000358632 0.5000154606 0.5000354712
0.3301930519 0.4289150256 0.5000115264 0.4999405056 0.5000406768 0.4999738351 0.5000269114 0.4999909761 0.4999729754 0.5001354478 0.4999732332 0.5000892669
0.7902048765 0.1019991886 0.5000322806 0.4998967810 0.5000010283 0.4999572355 0.4999965360 0.4999086285 0.5000671332 0.4998601695 0.5000852195 0.4999870677
0.9494553788 0.4074820887 0.4999684959 0.5000428175 0.4999028570 0.4999663718 0.4999197139 0.5000261606 0.4999103761 0.5000007314 0.4999603653 0.4999466930
0.8554967089 0.5383708092 0.5000205896 0.4999271708 0.5000296552 0.4999843971 0.5000254018 0.5000957926 0.4999509682 0.5001252024 0.4999301090 0.4999847626
0.7470752906 0.2965510782 0.4999850597 0.5000370921 0.5000319299 0.5000995870 0.5001457148 0.4999755408 0.4999481678 0.4999751741 0.4999617157 0.4999631207
0.7181779865 0.7892025527 0.4999678282 0.5000905703 0.4999223074 0.5000598379 0.4999146228 0.4999938257 0.4999942484 0.4999655884 0.5000532973 0.5000102254
0.7855008291 0.6720450449 0.5000200809 0.5000285445 0.5000042957 0.5000015963 0.5000837040 0.5000388607 0.4999450570 0.5000753119 0.5000442944 0.4999298913
0.9976270795 0.9999670386 0.4999577479 0.5000240348 0.4999323023 0.5000695425 0.4999776240 0.5000001867 0.5000060264 0.5000099020 0.5000096114 0.5000405846
0.6010895771 0.1779885591 0.5000490818 0.5000473857 0.4999084674 0.4998847898 0.5000521459 0.5000553216 0.5000378779 0.4999704252 0.4999943956 0.4999900421
0.9853446519 0.6801067870 0.4998574111 0.4999604460 0.4999518770 0.5000101917 0.4999956945 0.5000192423 0.5000523796 0.4999468048 0.4999895883 0.4999854292
0.2663414830 0.8931940456 0.5000419690 0.4999404226 0.5000488265 0.5000210378 0.4999891602 0.5000850838 0.4999633909 0.4999239784 0.5000559859 0.5000382619
0.7362917990 0.7114771259 0.4999644937 0.5000493448 0.4998833296 0.5000004179 0.4999446109 0.4999665199 0.4999654156 0.4999429502 0.5000563548 0.5000674135
0.9080271125 0.0562569155 0.5000561235 0.4999844522 0.5000041087 0.4999838034 0.4999538983 0.5001084846 0.4999413022 0.4999430170 0.4998961305 0.4999221470
0.9999998212 0.0053568534 0.5000640962 0.5000624637 0.5000563277 0.5000476186 0.5000063641 0.4999436484 0.5000136906 0.4999808513 0.4999892661 0.4999490342
0.6764970544 0.3868435517 0.4999786111 0.5000385478 0.4999047592 0.5000118735 0.4999407044 0.4999078926 0.5000057821 0.4998911867 0.5001072380 0.5000236139
0.1362502208 0.5734818842 0.4999003840 0.4999160608 0.4998933477 0.4999594098 0.5000234497 0.4998733207 0.4999991011 0.5000067260 0.4999526893 0.5000386567
0.9084387775 0.1640113031 0.4999861189 0.5001104326 0.4999486684 0.5000343198 0.5000770649 0.4999760505 0.5000128168 0.5000432535 0.5000275148 0.5001117898
0.5619831260 0.6640181312 0.4999821577 0.4999393730 0.4998785674 0.4999511108 0.4999732175 0.4999016904 0.5000395877 0.5000397716 0.5000286064 0.4999214194
0.8889048667 0.5551073895 0.4999996273 0.4998788196 0.4999084499 0.4999662719 0.4998507965 0.4999959394 0.5000492404 0.4999956742 0.5000411505 0.4999974698
0.9238468409 0.2149083767 0.4999386039 0.4998947395 0.4998694874 0.5000139509 0.4999513990 0.5001060814 0.5000020918 0.5000043868 0.5000785205 0.4998698201
0.4221594011 0.6128041123 0.5000819547 0.5000237322 0.5000403873 0.5000288764 0.4999261295 0.4998799731 0.5000640217 0.5000112653 0.4999732912 0.5001332400
0.7164700976 0.6488174200 0.4999973939 0.4999610671 0.4999894175 0.4998610968 0.4999449784 0.5001119499 0.4999704031 0.4999749398 0.4999940984 0.5000218339
0.6424602863 0.2448880222 0.5000056433 0.4999915601 0.4999757381 0.4999147269 0.4999536506 0.5000208832 0.4999844852 0.5000630265 0.4999725060 0.4999732697
0.8409001145 0.0434978225 0.5000707427 0.4999898101 0.5000308095 0.5000455559 0.5001167318 0.5000118552 0.4999351735 0.4999275891 0.5000290467 0.4998883442
0.7332120816 0.4387272329 0.5001410983 0.5000087778 0.4999800261 0.4999818332 0.4999776274 0.4999628596 0.4999178361 0.5000946169 0.5000125030 0.5002059487
0.7031492779 0.4727676369 0.4999825217 0.5001142554 0.5000799372 0.5001258447 0.5001148209 0.4999095782 0.5000029803 0.5000263403 0.5000572076 0.5000378835
0.8438696489 0.7812757913 0.4999491966 0.4998803642 0.4999356297 0.5000612170 0.5000081035 0.4999835644 0.5000948505 0.5000910813 0.4998959983 0.4999469629
0.6499579320 0.8670459991 0.4999238002 0.5000742091 0.5001081983 0.4998991729 0.4999563929 0.4999894024 0.4999924209 0.5000153476 0.4999383282 0.4999939304
0.9272230558 0.7759630508 0.5000396252 0.5000057458 0.5000571197 0.4999212462 0.5000160944 0.5000082376 0.4999202459 0.5000708812 0.4999531571 0.4999233513
0.9208441036 0.0663278795 0.5000284383 0.5001040775 0.4999905477 0.5000155845 0.5000377980 0.5001204358 0.4998799380 0.4999929049 0.5000542412 0.4998524284
0.5294695806 0.2773702163 0.5000435419 0.5000312426 0.5000624000 0.4999722544 0.4999351183 0.5000304879 0.4999345745 0.5001365949 0.5000274597 0.4999534375
0.9425706944 0.6608403550 0.5001130579 0.4999139200 0.5000990852 0.4998982750 0.5000065742 0.4999646870 0.4998778661 0.4999237455 0.4997700162 0.5000171398
0.9450593044 0.0878178199 0.4999359701 0.5000587835 0.4999640763 0.4999647459 0.4999563053 0.5000325143 0.4999803384 0.4999031800 0.5001086640 0.4999792933
0.6800460074 0.0862618685 0.5000803668 0.5000004675 0.5001507409 0.5000340660 0.4999781077 0.5000247834 0.4999204884 0.5000634088 0.4999186559 0.5000313324
0.7233959301 0.7213186993 0.4999106378 0.5000639369 0.5000685800 0.4999422682 0.4999572844 0.5000726289 0.4999687762 0.5000348381 0.5000404737 0.4999636406
0.8402082521 0.4194573139 0.5000470111 0.5000087753 0.4999243380 0.4999143096 0.4999591939 0.5000768335 0.4999970376 0.4999863431 0.5000949706 0.5000999644
0.8170713186 0.1925686607 0.5000089669 0.5000061055 0.5000570393 0.5000109535 0.5001613920 0.4999848708 0.4999421700 0.4999886574 0.5000333384 0.4999478985
0.7941161408 0.5704206705 0.4998726714 0.4998872050 0.4999723229 0.4999596844 0.4999605015 0.5000779000 0.4999950355 0.4999789320 0.4999875624 0.4998910925
0.1742446352 0.2281917699 0.4998520854 0.4999621053 0.5000326430 0.5000404341 0.5000319392 0.4998411744 0.5000947955 0.5001027410 0.4999584358 0.4999781580
0.7925111697 0.4255850417 0.5000402478 0.5000714465 0.4999364441 0.4999292216 0.5000961458 0.5000781071 0.4999231805 0.5000750936 0.4999271602 0.4999136904
0.6039567035 0.2289369970 0.4998651055 0.5000048864 0.4999410485 0.5001007734 0.5000361375 0.4999795025 0.4999398051 0.4998518298 0.5000846480 0.5000075473
0.0066030144 0.4900059145 0.4999677989 0.4999732664 0.5000754386 0.4999760972 0.4999635966 0.5000532066 0.4999978244 0.4999535781 0.5001158129 0.5000381167
0.4142314159 0.3928768040 0.5000461821 0.4999378793 0.5000269354 0.5000339815 0.5000625845 0.5000252430 0.5001006235 0.4999210253 0.4999462819 0.5000218697
0.4027636154 0.1102932590 0.4999649603 0.5000130608 0.4998891302 0.4999634882 0.5000949332 0.4999364069 0.4999398298 0.4999115126 0.5000438834 0.5000496511
0.4056802120 0.4824169965 0.5000490873 0.4999962315 0.5000082304 0.5000071276 0.4999333305 0.4999796052 0.4999601253 0.5000657926 0.4999151770 0.4999471234
0.8751001493 0.4022902584 0.4999830787 0.4999990085 0.4999804461 0.4998942491 0.4998790832 0.4999659799 0.4999200949 0.5000342025 0.5000865136 0.5000967986
0.2333535976 0.4970884363 0.5000002882 0.4998105624 0.4999577909 0.4999865978 0.4999909875 0.4999945231 0.4999872773 0.5000658120 0.5000947016 0.4999258433
0.6097274105 0.9247493744 0.5000530297 0.4999783323 0.5000282428 0.4998319619 0.5000054097 0.5000191044 0.5000253224 0.4999244001 0.4999504807 0.4998757546
0.2547573245 0.4042131170 0.4999190149 0.5001343921 0.5000586397 0.5000717516 0.5000413619 0.4999497874 0.5000055984 0.4998962770 0.5000346293 0.5000274799
0.8190336472 0.5418238172 0.4999591052 0.5000293319 0.4999786957 0.5000801242 0.5000301394 0.4999835339 0.4998707985 0.4998754421 0.4999738239 0.5000585435
0.0027579335 0.4739524975 0.5000266720 0.5000206793 0.4999632186 0.5000094779 0.5000351278 0.5000080124 0.4999606636 0.4999619314 0.5000655066 0.5000393764
0.9993899465 0.9994729459 0.4999818126 0.5000107855 0.4999768648 0.5000155247 0.4999497994 0.4999737948 0.5000094973 0.4999883844 0.4999543690 0.5000370829
0.8027839654 0.2630520437 0.5001082977 0.5000223797 0.4999543569 0.4999452613 0.4999618404 0.5000280951 0.4999642603 0.5000200020 0.5000467534 0.5001977040
0.4846265097 0.5891656296 0.4999972995 0.5000241322 0.4999914709 0.4999703472 0.4998707154 0.4999842373 0.5000440876 0.5000196869 0.5000412143 0.4999381025
0.8474114599 0.8822907740 0.5000150444 0.4999313412 0.4999027024 0.5000070653 0.4999188163 0.5000748852 0.4999952083 0.5000946369 0.4999645485 0.4999093310
0.5445670341 0.3812690207 0.4999898320 0.4999384525 0.4999708481 0.4999760450 0.5000656261 0.4999460599 0.5001090074 0.5001431051 0.5000895746 0.5000145026
0.2769201286 0.2757325339 0.5000629010 0.5000640262 0.4998967929 0.4999960940 0.4999692977 0.4998964173 0.4999374299 0.5000181089 0.5000537436 0.5000326127
0.7384257849 0.2264963699 0.5000550985 0.4999806670 0.4999436694 0.4999355152 0.4999148401 0.4999423689 0.4998897420 0.5001323226 0.5000534943 0.5000689568
0.9995613694 0.0001877225 0.4999395176 0.5000222049 0.4999603371 0.5000088923 0.5000305118 0.4999629882 0.5000065118 0.5000085650 0.5000484303 0.4999370318
0.0002836605 0.9035858368 0.5000154956 0.5000097656 0.5000258229 0.4999591053 0.4999763950 0.4999708351 0.5000538720 0.4999831626 0.5000004440 0.5000045934
0.6218415191 0.2960771072 0.4999915130 0.4999924520 0.4999293685 0.4999759283 0.4998752882 0.5000221252 0.5001335224 0.5000095632 0.5000382105 0.4999420023
0.3487059117 0.6602142454 0.4999861442 0.5000957566 0.4999195453 0.5000299752 0.5000368160 0.4999674373 0.5000294832 0.5001510270 0.4999146718 0.5000130150
0.9326440340 0.2477486294 0.5000162226 0.5000891458 0.4999913698 0.4999659848 0.4999019416 0.5000888391 0.5000217587 0.4999402945 0.5000068490 0.5000067915
0.7838961150 0.7556242741 0.4999534555 0.4999927899 0.5000608039 0.4999770452 0.4999417194 0.5000896144 0.5000126057 0.5000360944 0.5000278348 0.4999851624
0.6856782671 0.9282619860 0.4999800768 0.4999897690 0.4999441730 0.5000125204 0.5000095230 0.5001194632 0.4998631759 0.5000282354 0.4998893734 0.5000486557
0.8758731283 0.7225465005 0.5000064010 0.5000159204 0.5000113633 0.4999233353 0.4999264279 0.4999973366 0.4998866908 0.5000135878 0.5000058903 0.4999374446
0.9377804822 0.9231670010 0.4999863672 0.4999349994 0.4999553187 0.5000208133 0.5000224285 0.4999827766 0.5000589679 0.4999923429 0.5001348156 0.4999080227
0.7890068650 0.8977179308 0.4999785826 0.4999566766 0.4998539524 0.4999828198 0.4999476172 0.4999296505 0.5000378441 0.5000485271 0.5000400933 0.4999539168
0.7786920295 0.3411236738 0.4999708124 0.4999938354 0.5000405829 0.4999814238 0.5000537710 0.5000500822 0.4999752587 0.5000708010 0.4998634187 0.5000362311
0.7460143009 0.9643096266 0.4999542114 0.4999286240 0.4999132628 0.4999638573 0.4999772419 0.5000393405 0.5000975277 0.5001513805 0.4999742977 0.4999784807
0.1777762884 0.7618461477 0.5000400626 0.4999097148 0.5000615174 0.4998983680 0.4999464789 0.5001232109 0.4999856233 0.4999941610 0.4999909244 0.5000024741
0.9286399129 0.7445883831 0.5000104198 0.4999253871 0.4998325204 0.4999710894 0.4999582645 0.4999430887 0.4998562173 0.5000569988 0.4999794687 0.4999649654
0.0046447311 0.6025687533 0.5000173212 0.5000165127 0.4999848776 0.4999283945 0.4999871461 0.5000030774 0.5000117663 0.5000257920 0.5000356513 0.4999156331
0.3587638820 0.3285345121 0.5000301765 0.5000330437 0.4999851849 0.4999891703 0.4998681185 0.5000254813 0.4999597805 0.5000576044 0.5000169470 0.4999312796
0.8582668206 0.0489654094 0.4999924660 0.5000098857 0.5001094708 0.5000127538 0.5001033392 0.4999741143 0.4999027458 0.5000070306 0.4999666611 0.4999606142
0.8400313708 0.5736439430 0.4998868366 0.4999336533 0.5000451049 0.4999887383 0.5001776349 0.4999720082 0.5000884955 0.5000220995 0.4999183501 0.4999740799
0.9015030721 0.8282669005 0.4999672985 0.5000472819 0.5000267560 0.4999197596 0.4999878593 0.5000268610 0.4999466559 0.5000421486 0.5000025201 0.4999249431
0.8718089408 0.1334189662 0.5000671153 0.4998746477 0.4999838187 0.4999476172 0.4999035028 0.5000320891 0.5000963841 0.4999819280 0.4999524405 0.4999654618
0.5843674062 0.8628651367 0.5000558118 0.4998807932 0.5000041612 0.5000880750 0.4999480778 0.5000318404 0.5000311347 0.4999535163 0.4999257527 0.5001055398
0.7544598266 0.8991934588 0.5000200974 0.5000509818 0.4999862965 0.5000177887 0.5000354334 0.4999761793 0.4999284692 0.4999304720 0.4999622186 0.5000279582
0.7432994230 0.7751232160 0.5000910103 0.5000173891 0.5000155501 0.4998554600 0.4999890371 0.4999130968 0.5000511589 0.4999615800 0.4999137180 0.4999314395
0.6561353023 0.0386063936 0.5000108723 0.4999527951 0.4998867656 0.4999230677 0.5000923565 0.4998850320 0.4999727018 0.5000905217 0.5000056030 0.4999934680
0.9858854413 0.0026378999 0.4999817958 0.4999902883 0.5000923380 0.4999899490 0.5000852319 0.4999701130 0.4999975579 0.4999310420 0.4999313265 0.5000246986
0.7736761890 0.0922561511 0.4999464621 0.5000653668 0.4999483279 0.5000231418 0.5000824936 0.4999242977 0.4999022349 0.4999985325 0.5000013953 0.5000336990
0.9193013177 0.5583229641 0.4998803038 0.5000245376 0.4999758780 0.5000536587 0.4998202150 0.4999424806 0.5001210156 0.4999456538 0.4999259624 0.5001023988
0.9553547281 0.0915243916 0.5000947409 0.5001035970 0.4999032386 0.4999590941 0.4999505918 0.4999714130 0.5000450939 0.5000629434 0.4999718592 0.4999876635
0.5951637211 0.8171949109 0.5000085045 0.4999716063 0.5000208483 0.4999884798 0.4998586576 0.4999303875 0.4999947631 0.4999183222 0.4999459060 0.5001800910
0.0099428162 0.7806058727 0.4999555025 0.4999721623 0.5000980812 0.4999537273 0.5000050388 0.4999715455 0.5000230541 0.4999592907 0.5000390506 0.5000379910
0.6243399197 0.6967848037 0.5000225714 0.4998700442 0.4999606752 0.5000071486 0.4999813947 0.4999736522 0.5000418367 0.5000028235 0.4999422552 0.5001168216
0.3609516368 0.1448710621 0.5000468593 0.4999778124 0.4999338747 0.4999829803 0.5001468070 0.4999602153 0.4999263230 0.4999921437 0.5000272204 0.5001171336
0.1153128429 0.6076878962 0.5000235652 0.4998763701 0.4999396267 0.4999251236 0.5000692024 0.5000232065 0.5000224176 0.4999304515 0.4999923617 0.4999689081
0.7430283425 0.0401907080 0.4999858439 0.5001013949 0.4999576198 0.5000504527 0.4998486838 0.5000080858 0.4998755003 0.4998538453 0.5000786913 0.5000803352
0.9571978923 0.0000013952 0.4999189913 0.4999905570 0.4999954640 0.4999899959 0.4999523445 0.5000534505 0.5000729088 0.5001355209 0.4999789925 0.5000323058
0.4633709759 0.2513767322 0.4999941697 0.5000997174 0.5000566048 0.4999274845 0.4999607248 0.4998289286 0.4999788898 0.4999761251 0.5000633554 0.5001111779
0.8792333401 0.2708956623 0.4999785091 0.4998890955 0.5000087221 0.4999854799 0.5000461814 0.4998951707 0.4999883797 0.4999800324 0.5000137011 0.4998565348
0.4322043980 0.3544508482 0.5001089539 0.4999539734 0.5001441602 0.4999412083 0.5000027567 0.5000275781 0.4999039011 0.5000899518 0.4999340506 0.4999767771
0.9576538195 0.0959098002 0.4999680343 0.4999894814 0.5000155661 0.5000166338 0.4999609166 0.4999473548 0.5000366113 0.4999478117 0.5000409003 0.5000336676
0.7639083463 0.4608874253 0.5000294869 0.5000495313 0.5000251902 0.5000601937 0.4999716235 0.4999583554 0.5000211844 0.4998751765 0.4999935666 0.5000383389
0.6504242499 0.8216391259 0.4999408059 0.5001117996 0.4999968397 0.4999383069 0.5000123173 0.5000178461 0.4999455866 0.5000177887 0.5000266369 0.4999392386
0.5829382841 0.1304173346 0.4998614804 0.4999813266 0.5000204632 0.5000485832 0.5000264477 0.4998738455 0.4999565510 0.5000506206 0.5000326947 0.5000166478
0.1457277159 0.3297099302 0.5001215567 0.5000534051 0.5000244020 0.5000042496 0.5000968349 0.5000032144 0.4999643745 0.5001094301 0.4999331432 0.4999651808
0.6102453573 0.0753968525 0.5000230448 0.5000055153 0.5000168706 0.4999812419 0.4999453765 0.5000185894 0.4999920758 0.4999717839 0.5000703794 0.5000006978
0.8275462686 0.8896020238 0.5000720885 0.4999254366 0.4999693181 0.4999470357 0.4998668202 0.5000717287 0.5000284798 0.5001522923 0.4999721374 0.4999403216
0.7602129828 0.5317037094 0.4999864275 0.5000333344 0.5000441055 0.5000475205 0.5001078488 0.5000271665 0.4999107400 0.5000462997 0.4999934797 0.4999857922
0.3399820428 0.0787639675 0.5000253497 0.5000247335 0.4998587981 0.4999704527 0.5000269483 0.5000739129 0.5000481368 0.5001802755 0.5000048957 0.5000375042
0.9642759445 0.1667962243 0.4999068633 0.5000347988 0.4999639491 0.4999528857 0.5000928518 0.4998866164 0.4999824237 0.5000125383 0.4999687459 0.5000047354
0.9716466069 0.2502392772 0.5000659582 0.5000578413 0.5001529490 0.5000681415 0.4998966080 0.4999675438 0.5001529129 0.5000511805 0.4999234343 0.4998568080
0.4762384836 0.7408416775 0.5000693406 0.4999851546 0.4999602020 0.4999707561 0.4999933364 0.5000294137 0.5000211814 0.4997462964 0.4999806203 0.5000058781
0.0125244483 0.6165367690 0.4999475759 0.5000359048 0.4999913073 0.5000239223 0.5001105803 0.4999969955 0.4999647277 0.5000078107 0.5000942704 0.5000274581
0.9248018265 0.0562151341 0.4999290553 0.4999718220 0.4999349624 0.5000923504 0.5000396678 0.5000996962 0.4999575564 0.4998401295 0.5000670248 0.5000421455
0.9561785460 0.8819847703 0.4999419235 0.5000049831 0.4998814341 0.5000983505 0.5000530716 0.5000263812 0.4999669136 0.4999308527 0.5000422053 0.4999086475
0.9499852657 0.5990758249 0.5000051128 0.5000677587 0.4999249180 0.5000017502 0.5000045951 0.5000921291 0.4999846547 0.4999930247 0.5000234459 0.5000614855
0.2902311796 0.2333255733 0.5001187885 0.5000827879 0.4999949941 0.5000102246 0.5000937778 0.5000352561 0.4999139693 0.5001206548 0.5000230949 0.4999213170
0.9918187857 0.9953774214 0.4999689335 0.5000447475 0.4999653996 0.4999759434 0.5000061692 0.4999711318 0.4999494829 0.4999464003 0.5000201701 0.4999604359
0.2368976369 0.6794982967 0.5000607179 0.5000382036 0.5000143205 0.5000658119 0.4999414730 0.5000384115 0.4999136433 0.5000665191 0.4999598889 0.5000357901
0.9753148556 0.9946218399 0.4998946062 0.5000172550 0.4999240588 0.4999079110 0.4999826682 0.5000534899 0.5000254392 0.4999404104 0.5000343215 0.4999736112
0.6501442367 0.9700120091 0.4999466185 0.5000720999 0.5000089469 0.4999388362 0.4999772539 0.5000677468 0.4999071126 0.5000449368 0.5000147076 0.4999771922
0.9102358489 0.6177993046 0.4999985806 0.4999839760 0.4999927638 0.4999182052 0.4999749440 0.5000950701 0.4999116261 0.5000146889 0.5000166077 0.4999393245
0.9983127117 0.0009580050 0.5000544758 0.4999441515 0.4999814551 0.5000032573 0.5000461838 0.4999923732 0.4999762619 0.4998749979 0.5000358727 0.4999801808
0.8947839737 0.9380012520 0.4999111958 0.5001628918 0.5000487383 0.4999057024 0.5000512239 0.5001201957 0.4998921273 0.5000267958 0.5000400524 0.4999449100
0.4428151833 0.8801783968 0.4999943510 0.5000020340 0.4999251797 0.5000645435 0.5000264039 0.4999372075 0.5000960476 0.4999870812 0.4998375918 0.5000941126
0.9955444932 0.9445992847 0.5000435350 0.5000394527 0.4999297964 0.4999186437 0.5000056330 0.5001646172 0.5000270066 0.4999112096 0.4999921167 0.4999929109
0.9295691873 0.9999988675 0.4999766035 0.4999637119 0.5000038519 0.4999619829 0.4998568055 0.4999174610 0.4999644499 0.4999663329 0.5000219804 0.5000045100
0.9987008572 0.0347918282 0.5000279165 0.5000442370 0.5001724229 0.5000859822 0.4999528740 0.4999841383 0.4999344520 0.4999699717 0.5000994907 0.5000820919
0.9916207790 0.9647786074 0.5000531576 0.5000238057 0.4999958804 0.5000712000 0.5000138346 0.5000395305 0.4999683507 0.5000388798 0.4999722578 0.5000249814
0.8892650023 0.4303154433 0.4999596587 0.4999677234 0.4999016058 0.4999825442 0.4999134678 0.5000287291 0.5000475051 0.4999602528 0.5001072865 0.5000673850
0.4948365790 0.7919806815 0.4999443394 0.5000522778 0.4998867865 0.5000151917 0.4999341987 0.4999353574 0.5000034380 0.4999542754 0.4999201074 0.5000073896
0.9659895816 0.7443686208 0.5000341071 0.5000159979 0.5000631959 0.5000107105 0.4999147765 0.5000052004 0.4999862513 0.5001440443 0.5000252202 0.4998974126
0.9196189043 0.4161662387 0.5000888802 0.4998731293 0.4999973667 0.4999658322 0.5000897041 0.5000266828 0.4999447722 0.4999240530 0.4998859195 0.5000673520
0.9146334819 0.3582589088 0.4999266143 0.4999736122 0.5000067202 0.5000612570 0.4999974748 0.4999860811 0.4999602402 0.4999456349 0.4999330413 0.4999417608
0.8560104215 0.4481028997 0.5000661228 0.5000155800 0.4999329491 0.4999229931 0.4999889110 0.4999642689 0.4998575704 0.5000423218 0.5000320131 0.5000211536
0.8759198974 0.0584678183 0.4999912239 0.5001859378 0.4999960896 0.5000073865 0.4999108088 0.5000455712 0.5000415265 0.4999772785 0.5000642146 0.4999473313
0.0343375140 0.0758565070 0.5000211176 0.4999421107 0.4999639992 0.5000082969 0.4999373113 0.5000331413 0.4999933475 0.4999803599 0.5000047134 0.5000533296
0.0173734501 0.1732030742 0.5000339266 0.4999284812 0.4999472333 0.5000288155 0.4999184472 0.4999650353 0.4999936914 0.4999848487 0.4999870167 0.5000840337
0.4322318814 0.7906787009 0.4999068912 0.5000788241 0.4999066816 0.4999193082 0.4998677080 0.4999607744 0.5000522719 0.5000359458 0.5000400852 0.4998946370
0.4567969211 0.8341646298 0.5000898554 0.5000190977 0.5000160074 0.4999900885 0.5000509219 0.5000079024 0.4999834686 0.4998949538 0.4999820554 0.5000247154
0.9607730508 0.8631130049 0.5001702081 0.5000232999 0.4999778761 0.5001387502 0.4999805804 0.5000986637 0.4999455569 0.4999604967 0.5000018618 0.4999763974
0.0118506497 0.0752265414 0.4999455012 0.4998603902 0.4999854892 0.4999669932 0.5000307934 0.4999636476 0.5000573867 0.5000592921 0.5000309220 0.4999415484
0.0058889105 0.8026712942 0.4999744924 0.4999604402 0.4999299095 0.4999936367 0.4999166921 0.5000231050 0.4999525861 0.4999685370 0.4999961825 0.4999692358
0.2738481542 0.3596171764 0.5000470515 0.4999686382 0.5000578411 0.5000788289 0.5000406236 0.4999273659 0.4999561147 0.4998985543 0.4999176139 0.4999443934
0.9988530278 0.9955524802 0.5000041078 0.5000230018 0.4999276037 0.4999609678 0.5000530717 0.4999081782 0.4999697132 0.5000045813 0.5000440512 0.4999699997
0.9992455840 0.0014919081 0.5000398407 0.5000692048 0.4999998199 0.5000337618 0.5000805121 0.5000172243 0.5000059002 0.5000092291 0.4999425522 0.5000393832
0.9502723249 0.9999345541 0.4999823339 0.5000004086 0.5000416990 0.4999927252 0.4999278467 0.4999520828 0.5000255551 0.5000715092 0.4999643079 0.5000127496
0.9939883785 0.0012281992 0.5001057968 0.4999837458 0.5000401881 0.4999926778 0.5000485594 0.4999538202 0.4999765035 0.4999512344 0.5000396062 0.4999600027
0.9999936223 0.9999985695 0.4999931190 0.5000242273 0.4999626771 0.5000003271 0.4999086431 0.4999842942 0.4999726283 0.5000306502 0.5000072911 0.5000337885
0.2506639465 0.1118299491 0.4999936380 0.4999220728 0.5000790870 0.5000553370 0.5001858613 0.4999768561 0.4999158233 0.5000432302 0.4999677646 0.5000608266
0.9997345209 0.0004802480 0.4999378064 0.4999747152 0.5000247986 0.5000157592 0.5000618438 0.5000270265 0.5000263191 0.5000446385 0.5000068955 0.5000485276
0.0934090405 0.9868685171 0.4999814861 0.5000642377 0.4999975343 0.4999812920 0.4999491753 0.5001183403 0.4999700208 0.5000060107 0.5000029806 0.4999320137
0.1854565268 0.1823113027 0.4998481540 0.4999585448 0.4999556649 0.4999990053 0.4999848238 0.5001023100 0.4999646974 0.5000983339 0.5000218387 0.4998569035
0.9949393868 0.8626175024 0.5000207121 0.4999645541 0.4999040308 0.4999451822 0.4999388137 0.5000535032 0.5000298588 0.4999987532 0.5000018102 0.4999725824
0.0168844798 0.8162080695 0.4999497805 0.4999838657 0.5000635613 0.5000333453 0.5000130257 0.4999996375 0.5000005566 0.4999285294 0.5000075578 0.5000171563
0.0004687367 0.2980175347 0.5000190181 0.4999823194 0.5000349858 0.4999609412 0.5000022993 0.4999635347 0.5000565471 0.5000313398 0.4999848242 0.4999703494
0.9177969992 0.0001803270 0.5000039297 0.4999991726 0.4999381767 0.5000363013 0.5000728025 0.5001251569 0.5000216364 0.5001332221 0.4999625584 0.5000503824
0.6520473312 0.8909276784 0.5000161663 0.4999553758 0.4999982109 0.4999239572 0.4999812133 0.5000276117 0.5000549303 0.4999795283 0.4999735644 0.4999589684
0.9848096371 0.9827857847 0.4999384798 0.5000136607 0.5000765393 0.4999764594 0.4999861401 0.5000705297 0.5000676172 0.5000593675 0.5000184026 0.5000552745
0.9867713165 0.5513278401 0.4999671795 0.5000049086 0.4999541671 0.5000338244 0.5001213514 0.5000174430 0.4999445760 0.5000071645 0.4999721527 0.5000285858
0.9177969992 0.0001803270 0.5000039297 0.4999991726 0.4999381767 0.5000363013 0.5000728025 0.5001251569 0.5000216364 0.5001332221 0.4999625584 0.5000503824
0.0560651698 0.2924010167 0.5000417836 0.4999493525 0.5000549963 0.5000453545 0.5000895493 0.4999798861 0.4999105651 0.5000817969 0.4999343792 0.5000588118
0.8179989747 0.0597091174 0.5001238397 0.5000001756 0.4999737129 0.4999464183 0.5000390835 0.5000419299 0.4999875024 0.4999437198 0.4999880653 0.5000798854
0.9855787742 0.9584085359 0.4999408289 0.4999227175 0.4999374202 0.5000028554 0.5000132889 0.5000607964 0.5001256810 0.4999827676 0.4999322390 0.5000385547
0.6520418525 0.1208767876 0.5001996597 0.5000583268 0.4999092684 0.5000193946 0.5000311594 0.5000515008 0.4999408322 0.4999571991 0.4999273403 0.4999718160
0.9558913708 0.3722121028 0.4999383755 0.5000858374 0.4999126284 0.4999446795 0.5000694792 0.5000383293 0.4999518809 0.4999221403 0.5000615687 0.5000544750
0.8864274621 0.4948826570 0.4999790450 0.4999568933 0.5001172707 0.4999547304 0.4999586791 0.5000589604 0.5000298358 0.5000350451 0.4999619917 0.5000818091
0.8115018606 0.1446998747 0.4999675911 0.4999665180 0.4999247003 0.5001083431 0.5000772203 0.4999439149 0.4999262540 0.5000073623 0.5000125555 0.4999762131
0.9823314250 0.0002704122 0.5000618985 0.4999366186 0.4999583632 0.4999890073 0.5000832040 0.5000346772 0.5000228454 0.4999920319 0.5000648997 0.4999705089
0.9101330352 0.8648615479 0.5000972400 0.5000176216 0.5000204681 0.4999035211 0.5000723466 0.5000011947 0.4999497430 0.5000104622 0.5000055712 0.5000472298
0.7156388660 0.1026090489 0.4999296956 0.5000494529 0.4999832166 0.4999568684 0.4999422843 0.5000339615 0.5001053996 0.4999317123 0.5000596397 0.5000025840
0.9682408571 0.0249705312 0.5000158025 0.5000538292 0.4998346223 0.4999295318 0.4999713172 0.5000134054 0.5000384241 0.5000794560 0.5000468882 0.4999391192
0.2736365862 0.4669266029 0.4999643475 0.4999892331 0.4998699869 0.5000043487 0.4999335827 0.4999924037 0.5000737442 0.5000791759 0.5000991229 0.5000268006
0.9662723697 0.5137329875 0.4999311203 0.5000291340 0.4999973103 0.4999073869 0.4999855094 0.4999833333 0.4999821171 0.5000530323 0.5000405720 0.4999273190
0.9519223541 0.7725909948 0.5000273247 0.5000545134 0.4998915565 0.4999900225 0.5000144903 0.5000676329 0.5000214168 0.5000017022 0.5000398297 0.5001111033
0.3944475751 0.6940953522 0.5000334477 0.5000443040 0.4999470538 0.4999689773 0.4999223757 0.5001731507 0.5000349175 0.5000313956 0.4999147027 0.5000422962
0.7633849388 0.6683141700 0.5000164290 0.5000545555 0.4999012014 0.5000349258 0.5000067143 0.4999588749 0.4999781965 0.4999959747 0.4999732989 0.5000974584
0.9601484177 0.9805631301 0.5000413181 0.4999738773 0.4999368925 0.5000599580 0.4999501787 0.5000504269 0.4999738237 0.5000674041 0.4999389092 0.4999237382
0.1942597740 0.3639454105 0.5000054237 0.4998593648 0.4999612792 0.5000540399 0.4999691649 0.4999873803 0.4999498328 0.5000945018 0.5001392192 0.4999353491
0.9837972760 0.0525535108 0.5000415325 0.4999876362 0.5001391354 0.5000720872 0.5001477632 0.4999510717 0.4998926375 0.4999779563 0.4999609294 0.4999383526
0.9450874819 0.0254402965 0.4998342203 0.4999921351 0.5001356347 0.4999087103 0.5001074140 0.4999609797 0.4999946732 0.4999232829 0.4999772875 0.5000952951
0.9015827179 0.7474227587 0.4998291608 0.4998691755 0.4999763983 0.4999462751 0.5000232877 0.4999817290 0.4999745308 0.4999934716 0.5000171386 0.4998866959
0.5553154164 0.2077607650 0.4999722907 0.5000268332 0.4999670466 0.4999460894 0.4998467948 0.5001745340 0.4999889580 0.4999823873 0.5000320032 0.4999986466
0.9913346671 0.0662321001 0.4999903696 0.5000384036 0.5000528536 0.5000513377 0.5001692993 0.4999802657 0.4999401412 0.4999291017 0.5000464515 0.4999460650
0.8597518729 0.1590375453 0.5001752773 0.5000718385 0.4999922178 0.4999522670 0.5000264769 0.4999514062 0.5000015348 0.4999431135 0.5000065683 0.5001379120
0.6405355627 0.8373979171 0.5000471196 0.5000621443 0.5000565156 0.5000395016 0.5000905651 0.4999886358 0.4999132481 0.5000136137 0.4999461891 0.4999945400
0.7334163083 0.1297595196 0.5000405892 0.4999906775 0.5000918787 0.5000234418 0.5000288749 0.4999751871 0.4999906818 0.5000404960 0.5000699973 0.5000532417
0.9115611911 0.4185260233 0.5000325418 0.4999977732 0.4999057242 0.4999768753 0.5000393757 0.4999780531 0.4998990647 0.5000527485 0.4999116846 0.4999859863
0.6734741714 0.0187723600 0.4999404215 0.4999163306 0.4999494073 0.4999173392 0.4999974911 0.5000178137 0.5000186773 0.5000440065 0.5001067368 0.4999644516
0.7648669747 0.2176476714 0.5000495781 0.4999262771 0.4999597150 0.4999023148 0.5000842993 0.4998575032 0.4999712987 0.5000802898 0.4999970136 0.4999864876
0.9305879474 0.1036221583 0.4999075307 0.5000456085 0.4998959852 0.4999604597 0.5000405577 0.4999067850 0.4999262694 0.4999123465 0.4999432932 0.4999899423
0.8990778327 0.2185449177 0.5001615382 0.5000056366 0.5000284459 0.4999495106 0.5000457077 0.4999754945 0.4999484342 0.4999493057 0.5000363609 0.5001431715
0.9416666031 0.8773058447 0.4999878724 0.4999965919 0.4999011635 0.4999644526 0.4999331023 0.5000886219 0.4999996518 0.4999319276 0.5000385885 0.5000734891
0.5008560849 0.2240943554 0.5000400115 0.5000904673 0.4999385431 0.4999275417 0.4999436818 0.4999484376 0.4999410422 0.4999804506 0.5001064639 0.4999176794
0.8941607475 0.0861096755 0.5000199573 0.5000412413 0.5000987663 0.5000010760 0.5000435525 0.4999978189 0.4998998996 0.5000135004 0.4999843376 0.4999878207
0.8550917941 0.8494732039 0.5000022065 0.4999036205 0.5000427277 0.4999962624 0.4999647871 0.4998768781 0.5001056733 0.5000229322 0.4999750261 0.5001030992
0.7950387816 0.5297845274 0.4998599122 0.5000177799 0.4998431134 0.5000405813 0.4999844977 0.4998347425 0.4999474247 0.5000169574 0.4999794822 0.4998942820
0.4784413500 0.2116879207 0.5000818096 0.5001007776 0.5000679311 0.4999757459 0.4999757817 0.5000020724 0.4999842370 0.5000779038 0.5000265656 0.4999339736
0.6512789480 0.2700414457 0.4999484758 0.5001586550 0.4998579773 0.5000062771 0.4999647172 0.5000209088 0.4999821074 0.4999673196 0.5000386293 0.5000838918
0.9523957968 0.9577207565 0.4999418194 0.4999963644 0.5000236959 0.4999653828 0.5000580616 0.5000194173 0.5000828031 0.5000350391 0.4999537030 0.5000284928
0.6639734704 0.5823783301 0.5001449885 0.4999776996 0.4999344796 0.4998936997 0.4999528278 0.4999999311 0.5000746754 0.5000534155 0.5001372625 0.5000563594
0.6582132952 0.7894978194 0.4999702042 0.5000170914 0.4998820630 0.5000186772 0.4999611236 0.5000093010 0.4999382960 0.4999275617 0.5000055830 0.5000438173
0.5887475429 0.1523444698 0.5000349713 0.5000353351 0.4999112152 0.5000127733 0.4999249364 0.4998578808 0.5000979814 0.4999663143 0.5000847833 0.5001389018
0.4401148497 0.5910143607 0.4999674058 0.5000463768 0.5000558620 0.5000096160 0.4998946399 0.5001412092 0.4999786237 0.5000507665 0.4999857372 0.5000636996
0.6051817458 0.0955598124 0.5000588191 0.4999893346 0.4999553411 0.5001248035 0.5000268966 0.4999107130 0.4998903468 0.4998373063 0.5000003215 0.4999805398
0.3053090328 0.2950131837 0.4998530856 0.4999592874 0.5000063814 0.5000956218 0.4999148854 0.4999562585 0.5000208467 0.4999475252 0.5000290079 0.4999345263
0.5211539953 0.1005189121 0.5000071988 0.4999173100 0.4999639603 0.4999506745 0.4999084525 0.5001425036 0.5000036055 0.5000471433 0.5000449554 0.4999902873
0.6396913384 0.4994334500 0.5000995711 0.5000129806 0.4999477173 0.4998585443 0.4999623870 0.4999083422 0.4999829314 0.4999023355 0.4999554563 0.4998936747
0.7977897756 0.2985832823 0.5000513459 0.4999745885 0.5000234183 0.4999523309 0.4999986570 0.4999821212 0.5000425370 0.5002012434 0.4999708620 0.5001023692
0.4754307995 0.6513860746 0.4999887613 0.4998943998 0.5000071044 0.5000551161 0.4999877380 0.4999981978 0.5000519404 0.4999363337 0.4998641994 0.4999861272
0.8696717019 0.1678135815 0.4998070996 0.4999549830 0.4999681237 0.5001105551 0.5001518207 0.4999399686 0.4999734681 0.5000281468 0.4999660517 0.4999048013
0.9263803773 0.8382807430 0.4999939389 0.5000150690 0.5000556685 0.5000375562 0.5000532248 0.5000242940 0.4999112593 0.4999778434 0.4999820557 0.4999532552
0.0541564040 0.3538839834 0.4999579721 0.5001093055 0.5000101464 0.5000366521 0.5000039795 0.4999438402 0.5001261532 0.4998913591 0.5000072733 0.5000036104
0.3790677489 0.5046729936 0.5000406864 0.5001597586 0.5000613019 0.4999657749 0.5000487622 0.5000154088 0.5000012305 0.5000118416 0.4999641327 0.4999169442
0.9400286674 0.9640427828 0.5000927114 0.5000270223 0.4999248783 0.5000734687 0.4999646481 0.5000692479 0.4999268917 0.5000069229 0.5000223545 0.4999509909
0.7516788783 0.5975534299 0.4999694717 0.5000034235 0.4999907614 0.4999952228 0.5000011360 0.4999188694 0.4999204706 0.5000822927 0.5000478067 0.4999193743
0.4891751810 0.5190416182 0.5000188036 0.4999284674 0.5000167964 0.4999576867 0.4999520874 0.5000532597 0.5000441237 0.4999213397 0.4999805544 0.4999889215
0.9386845231 0.1259374762 0.4999401683 0.4999422913 0.4999485187 0.4999414060 0.4999196330 0.4999935868 0.5000693309 0.5000316963 0.5000332976 0.4999616815
0.7623944093 0.1387916861 0.5000330554 0.5000207580 0.4999579361 0.4999776827 0.5000815937 0.4999619985 0.4999298839 0.5000302086 0.4999172424 0.4999643757
0.7485173616 0.1833241493 0.5000127901 0.5001326909 0.4999870405 0.5001281755 0.5000821331 0.4999040518 0.5000106211 0.4999566777 0.5000307775 0.4999568962
0.8005183095 0.3948294374 0.5000464695 0.5000738253 0.5000683486 0.4999866392 0.4998668941 0.5000497883 0.5000178074 0.5000754294 0.4999933588 0.5000918766
0.8747612670 0.6439825327 0.4999641631 0.4999535859 0.5000744349 0.4999830932 0.5000536625 0.5000204209 0.4998355315 0.5000238667 0.4998866931 0.4998380337
0.5682052980 0.5251009293 0.4998839897 0.4999493503 0.4999518377 0.4999549939 0.4999127516 0.5000881280 0.5000640901 0.4999867037 0.5000241249 0.4999117746
0.4278737653 0.5537107959 0.5001052582 0.5000606648 0.5000088578 0.4999909883 0.4999687679 0.4999909308 0.4999316535 0.5000657907 0.4999665675 0.4999438689
0.5995782061 0.4763769716 0.5000250843 0.4998999081 0.4999778206 0.5000005098 0.4999001405 0.4999334069 0.5000010229 0.5000582221 0.4999735654 0.5001490322
0.0878721870 0.9357309402 0.4999342501 0.4999993070 0.5000558416 0.4998888526 0.4999961653 0.5000803954 0.4999850087 0.4999411382 0.4999820535 0.4999507439
0.8094429016 0.9152225666 0.4999537864 0.5000565816 0.4998815860 0.4999795927 0.4999958383 0.4999688072 0.4999960236 0.4999349465 0.5001286161 0.4999978646
0.5742634592 0.7301842460 0.4999723866 0.4999353639 0.4999314898 0.4999035929 0.4999132991 0.5000989626 0.4999969739 0.5000023639 0.4999334576 0.4998941661
0.6154312319 0.7473717046 0.4999809853 0.4999954156 0.4999983724 0.5000425315 0.5000753910 0.5000083130 0.5001400990 0.4999850461 0.4999533315 0.5001294930
0.8854404836 0.3435299457 0.4999996945 0.5000616834 0.5001090128 0.4999297792 0.5000135174 0.4999737652 0.4999203532 0.5000774862 0.4999957460 0.4998985968
0.9154865049 0.9896184171 0.4999187306 0.4999895581 0.4999464612 0.4999581473 0.5000168381 0.4999873678 0.4999746395 0.4999492671 0.5000504094 0.4999611133
0.7232011802 0.9488993883 0.5000031442 0.4999181359 0.5000975336 0.4999468977 0.5000049994 0.5000770576 0.5000527645 0.5001956798 0.5000313526 0.4999393309
0.0673947789 0.8111054301 0.4998907405 0.5000218424 0.4999525330 0.5000332456 0.5000079485 0.4998405250 0.5001071511 0.4999380855 0.4999423975 0.5000103143
0.8843977140 0.1847122327 0.4998531947 0.4998971471 0.5000185719 0.4999221421 0.5000790501 0.4999488373 0.5000743230 0.4999097293 0.5000657630 0.5000142456
0.5927126967 0.6981676737 0.4999520414 0.4999180363 0.4999396728 0.4999703593 0.4999444053 0.5000678241 0.5000199309 0.4999871910 0.4999835451 0.4999366528
0.9023353111 0.9174519777 0.4999323353 0.4999123210 0.5000505859 0.4999940855 0.5001087761 0.5000204891 0.4999279664 0.4999746200 0.4999595619 0.4999835898
0.7010709913 0.3861580690 0.5000733977 0.5000271213 0.5000031969 0.5000379872 0.5000403009 0.4999837056 0.4999882893 0.4999104699 0.4999889568 0.5000869442
0.8448904570 0.0910366914 0.4999001666 0.5000356792 0.4999279306 0.5000383822 0.5000382397 0.5000246947 0.4999889932 0.5000533477 0.4999718664 0.5000769465
0.8019774121 0.7085234563 0.4999224599 0.5000187356 0.5000564213 0.4999966019 0.4999981925 0.4999703134 0.5000581649 0.5000681957 0.5000642079 0.4998706906
0.6833706697 0.7558615569 0.4999772945 0.4999291556 0.5000482837 0.5000164435 0.5000163064 0.5000516046 0.5000246042 0.5001750131 0.5000103287 0.4999710676
0.3383740842 0.3174566838 0.5000061961 0.4998869555 0.5000573487 0.5000295048 0.4999732264 0.5001367031 0.4999580634 0.5000645878 0.5000621550 0.4999757824
0.9318997648 0.4070522224 0.4999602890 0.5000043377 0.4998699955 0.5000045794 0.5000420535 0.4999728757 0.4999065020 0.5000382827 0.5001145784 0.5000325200
0.8170221971 0.6449282419 0.4999705110 0.4999835861 0.4999916169 0.4999282233 0.5000158062 0.5000326148 0.5000488814 0.5000713608 0.4999919619 0.5000173485
0.7417518792 0.3503569080 0.5001038622 0.5000150964 0.4999645520 0.5000209216 0.5001659769 0.4998588220 0.4999739468 0.5000121187 0.4998974181 0.4999026662
0.8257465247 0.9291028540 0.5000292155 0.5000103860 0.4999829060 0.4999730945 0.4998546137 0.4999623725 0.4999730710 0.4999411251 0.5000350319 0.5000499453
0.8387365706 0.6489394303 0.4999892893 0.4999528234 0.5000589086 0.5000347468 0.5001640059 0.4999708144 0.5000772189 0.5000750829 0.4999685878 0.5000338233
0.7193508121 0.6190673348 0.4999999194 0.5000930482 0.4999452305 0.5001042464 0.5000219847 0.4999835548 0.4999993600 0.4999138698 0.5000670997 0.5000075920
0.8613841615 0.8164337646 0.4999769807 0.4999323048 0.5000319040 0.4999582158 0.4999362727 0.5000016174 0.4999819319 0.5000548489 0.5000179478 0.5000496684
0.9096258462 0.2683955122 0.5001076395 0.5000624283 0.4999760501 0.5000415049 0.5000903521 0.4999402452 0.4999877920 0.5000887699 0.4999829969 0.4999615316
0.5099756669 0.4571953688 0.5000745143 0.4999780464 0.4998801923 0.4999722759 0.4998634291 0.5000758281 0.4999351901 0.5000044216 0.5000762288 0.4998662051
0.5228981311 0.6635447126 0.4999390781 0.4999733824 0.4999117433 0.4999666462 0.4999377788 0.4999000643 0.4999921720 0.4999169919 0.4998799014 0.4999738287
0.5700004742 0.7575022801 0.4998946919 0.4999454712 0.5000040543 0.5000787662 0.5001142918 0.4999907069 0.5001329092 0.4999669470 0.4999705021 0.5000298361
0.1730137469 0.5634832241 0.5000165429 0.4999636524 0.4999236276 0.4999352796 0.4999404869 0.4999649219 0.5001384032 0.5000303852 0.5000085260 0.4999829363
0.0705896392 0.1327991313 0.4998940559 0.5000672938 0.4998987146 0.4999776307 0.5001261887 0.4998774742 0.4999674850 0.4998770966 0.5000051998 0.4999581768
0.6878107572 0.3055335025 0.4999567704 0.4999192945 0.4998865569 0.5000017471 0.5000291011 0.4998555803 0.5000862677 0.4999642309 0.5000763292 0.5000049273
0.3909554249 0.5845348054 0.5000400058 0.4999417198 0.5000118691 0.5000118149 0.4999795816 0.4999539028 0.5000492702 0.4999410028 0.4999553824 0.4999221506
0.9594194762 0.0572957909 0.4999684626 0.4999978042 0.5000230317 0.5000058220 0.5000708138 0.5000921133 0.4999054092 0.4999951824 0.5000249286 0.4999040152
0.5811320603 0.6289818743 0.5000205080 0.5000017420 0.4999695842 0.4999314142 0.5000399687 0.4999693564 0.5000357857 0.5000616132 0.5000203769 0.4999986724
0.5905088240 0.8589853681 0.4999789198 0.4998971851 0.4999326204 0.5000431859 0.4999032730 0.4999741114 0.5000939529 0.4999655259 0.4999112639 0.5000821240
0.8474081698 0.6983928808 0.5000087534 0.5000686800 0.5000507394 0.4999603672 0.4999592917 0.4999879196 0.5000653546 0.5000862949 0.5000470372 0.4999703475
0.7488948626 0.4933907954 0.5000189712 0.5000391843 0.4999669048 0.4999672952 0.5000001268 0.5000090226 0.4999832131 0.5000403846 0.4999528383 0.5000499393
0.3560632037 0.5113398123 0.4999940177 0.4999922704 0.5000482268 0.4999720971 0.5000039156 0.4999569319 0.5000064897 0.4999693518 0.5000023334 0.4999469373
0.9809657931 0.9588745668 0.5000311623 0.4999504972 0.4999468581 0.5000345225 0.4999550097 0.5000431683 0.4999702138 0.5000525897 0.4999484316 0.4999147702
0.6208153430 0.6101171506 0.5000536362 0.5000165848 0.4999049953 0.4998626422 0.5000161281 0.4998937109 0.4999762533 0.4999935756 0.5000399468 0.4998193946
0.7576265316 0.2645878917 0.4999366137 0.4999004276 0.4999821212 0.4999468731 0.5000444396 0.4998434710 0.5000440744 0.4999627639 0.5000820418 0.5000422586
0.7957441779 0.8741894102 0.4999272795 0.5000204978 0.4999663422 0.4999609946 0.4999335045 0.4998635629 0.4999786941 0.5000747206 0.5000765756 0.5000169260
0.8745667241 0.3207767588 0.5000218896 0.4999769705 0.4999902778 0.4999492600 0.5000137780 0.4999707007 0.4999203631 0.5000931083 0.4999353352 0.5000261992
0.5750669010 0.2682549578 0.5001284701 0.5000685486 0.5000110476 0.4999390458 0.4998715031 0.4999582361 0.4999186882 0.4999290181 0.5000938693 0.5001005226
0.9626454725 0.9405661099 0.4999464265 0.5000082448 0.4999552046 0.4999421587 0.5000479483 0.4999808087 0.4999939083 0.5000604749 0.4999738550 0.5000335029
0.8684747693 0.4946702494 0.4999143954 0.5001398370 0.4999686235 0.5000648838 0.4999546442 0.5000753128 0.4999532187 0.5000362519 0.5000446271 0.5001430488
0.7889215334 0.6043780572 0.5000167875 0.4999778448 0.4999620427 0.4999082569 0.4999865025 0.5001002826 0.4999334786 0.4999653675 0.5000309771 0.4999615006
0.8639121227 0.2029374775 0.5001624541 0.4999181303 0.5000213595 0.5000645026 0.5000191033 0.4999871487 0.5000261243 0.5000685362 0.4999429812 0.5000628234
0.8465286762 0.5010835301 0.5000957679 0.5000757927 0.4999975292 0.4999051743 0.4999031939 0.4998880449 0.5000742023 0.4999049227 0.4998899644 0.4999617914
0.7420775192 0.6606741102 0.5001115365 0.4999076660 0.4999664382 0.4998684920 0.5000735133 0.4999751380 0.5000417147 0.5000415863 0.5001021600 0.5001682372
0.7259855980 0.4702168722 0.5000611580 0.5000347442 0.5000316412 0.5000759248 0.5001474222 0.4999413032 0.4999996903 0.5000129590 0.4999373453 0.5000033409
0.8383704981 0.6110576362 0.5000602087 0.5001057349 0.4998815710 0.5000317329 0.4999693607 0.4999669459 0.4999863612 0.4999360136 0.4999374611 0.5000949103
0.9523536277 0.0155528209 0.5001261085 0.5000305061 0.5000202569 0.5000435490 0.5000388974 0.4999683375 0.4999837232 0.4999808633 0.5000205613 0.4999779386
0.9202029985 0.8925030202 0.4999792803 0.4999834174 0.5000022297 0.4999567388 0.5000137972 0.5000521010 0.5001545337 0.4999899107 0.4999441523 0.5001425807
0.8402478635 0.7553863010 0.5000684288 0.4999842492 0.5001052069 0.4999223442 0.4999346914 0.5000216705 0.5000762297 0.4999568530 0.4999957372 0.4999934218
0.4683648798 0.1837027973 0.4999295411 0.5000952383 0.4999015259 0.5000494400 0.4998998416 0.4998314721 0.4999115073 0.5000077530 0.4998522016 0.5001250338
0.0700902436 0.7871093665 0.4999851178 0.4998592061 0.5000446982 0.5000241558 0.5000992233 0.4999941906 0.4999912161 0.4999359061 0.5000079003 0.5000287451
0.8156325777 0.3472172985 0.4999046684 0.4999188380 0.4999321248 0.4999370982 0.4999690574 0.4998802842 0.5001059590 0.5000088728 0.4999659708 0.4999709188
0.6288512705 0.3215646730 0.5000404140 0.5000657271 0.4998705014 0.5000587055 0.4999641476 0.5000084200 0.4998369662 0.4999481350 0.4999708213 0.5000902300
0.6901223850 0.3640429041 0.5001077118 0.4999148774 0.5000814989 0.4999531214 0.5000568826 0.5000504046 0.4998905085 0.4999937853 0.4998907856 0.4999891447
0.7210392319 0.3793500956 0.5000203610 0.5000715532 0.4999707551 0.4999404186 0.4999574042 0.5000082893 0.4999171255 0.4999961232 0.4999993627 0.4999637902
0.9097178587 0.6735168148 0.5000453837 0.4999003479 0.4999069964 0.4999907456 0.4999532493 0.4999599069 0.5001201863 0.4999823247 0.5001254680 0.5000585163
0.9767124441 0.0250470410 0.5000315515 0.4999845380 0.5000909651 0.4999401979 0.5000362457 0.5000662544 0.4999695254 0.5000789491 0.4999014364 0.5000882367
0.6470800646 0.6140543300 0.5000219968 0.5001023558 0.4999560753 0.4999485303 0.5001018528 0.5000016949 0.5000409438 0.4999833155 0.5000757491 0.4999153088
0.3937935363 0.8915216178 0.4999980093 0.4999093421 0.4999566877 0.4999283311 0.5000413777 0.5000067954 0.4999584572 0.5000701294 0.4999902583 0.4999735505
0.0477649465 0.4413791757 0.4999286615 0.4999697303 0.5000210361 0.4999515643 0.4999731320 0.4999210170 0.5000147091 0.4999878763 0.5000157884 0.4999932872
0.8647884444 0.0965214458 0.4998466476 0.4999473702 0.4999540794 0.5001033329 0.5001140945 0.4999454770 0.4999714361 0.5000052072 0.4999516698 0.4999107605
0.7945484241 0.9329767193 0.5000215059 0.5000702621 0.4999860053 0.4999397274 0.4999483821 0.4999933540 0.5000475771 0.4999631746 0.5000319632 0.5000709523
0.0526350215 0.5650255815 0.5000605625 0.5000179604 0.5000164380 0.5000053915 0.4999447144 0.4999101643 0.5000305793 0.5000038590 0.5000353399 0.5000489752
0.6527117754 0.8820632696 0.4999854984 0.4999894466 0.4999515256 0.4999801400 0.4999755052 0.5000069978 0.5001421017 0.4999842447 0.4999389729 0.5001403067
0.5081716393 0.5391809905 0.4999234070 0.5001699352 0.4999396913 0.4998749292 0.5000182998 0.4999866951 0.4998954871 0.4999856908 0.5000902455 0.4999349186
0.6135445146 0.4518289176 0.4998488450 0.5000164293 0.4998592101 0.4999706621 0.5000131372 0.4998987290 0.4999490513 0.5001072601 0.5001199152 0.5000307195
0.7903369374 0.1966585864 0.4999647865 0.5000242714 0.5000686372 0.5000395000 0.5000839309 0.4999575959 0.4999187475 0.5000109473 0.5000047951 0.4998439512
0.1200387701 0.2614242902 0.4999249985 0.5000114585 0.4999096594 0.4999366138 0.5000975477 0.4999386558 0.4999620548 0.4998870152 0.5000680024 0.4999522043
0.6167606522 0.5005310210 0.5000100393 0.5000248152 0.5000484053 0.5000226574 0.5000769812 0.5000833745 0.4999424216 0.5001064875 0.5000303598 0.4998873267
0.4597395056 0.3278865407 0.5000551785 0.5001220637 0.4998647539 0.4999674942 0.4999438760 0.4999985091 0.5000371739 0.5000682919 0.4999848094 0.5000273504
0.6507065365 0.4775327992 0.4999125912 0.5001031912 0.4999762626 0.4998782539 0.5000751356 0.4998751897 0.5000054445 0.4999961798 0.5000278867 0.4999720699
0.8895397444 0.1885660055 0.5000213644 0.4999900573 0.5000303655 0.4998165642 0.5000170818 0.4999863385 0.4999854709 0.5000828399 0.5000667213 0.4999263701
0.9770696759 0.9820618629 0.4999417494 0.5000315010 0.5000637754 0.4999925654 0.4999544327 0.4999990177 0.5000050383 0.5000353711 0.5000030359 0.5000127363
0.5647641207 0.4696215608 0.5000351700 0.5000654758 0.4999019468 0.5000055737 0.4999444241 0.4998855819 0.5001495630 0.5000750417 0.5000003883 0.5000317551
0.7817870411 0.6971779009 0.5000155148 0.5000755232 0.4999859737 0.4998977930 0.5000914167 0.4999678666 0.4999635507 0.5000520504 0.5000748300 0.4999378283
0.8357580549 0.3338799247 0.5000139950 0.4999076565 0.5000076255 0.5000393979 0.4999102878 0.4999663250 0.5000527188 0.5000413711 0.5000054463 0.5000174793
0.9804211131 0.0255513638 0.4999059666 0.4999863377 0.5000004582 0.5000366214 0.5000881061 0.5000238883 0.4999341646 0.4999878257 0.5000306611 0.4998872715
0.6848033118 0.5859218731 0.4999719284 0.5000503070 0.4999091899 0.4998992537 0.5000422199 0.4998963658 0.4999633130 0.5000187859 0.5000563074 0.4997877073
0.7105544420 0.1929564363 0.4999450540 0.4999634393 0.5000191529 0.4999969424 0.5000366261 0.4998989048 0.5001073222 0.4999861156 0.4998685270 0.5000247594
0.8457602608 0.1671045974 0.5000124078 0.5000623488 0.4999011306 0.4999477914 0.5000774821 0.5001447509 0.4999230921 0.5000591880 0.4999658019 0.5000368788
0.8276760611 0.4216348229 0.4999580182 0.4999749196 0.5000072298 0.5000385924 0.4999436553 0.4998604802 0.5000647447 0.5000517655 0.5001007334 0.5000158938
0.9406935573 0.2645220040 0.5000959583 0.4999648782 0.4999591887 0.5000032993 0.5000229272 0.4999352837 0.4999404248 0.5001194512 0.4999650867 0.4999709464
0.6407819603 0.4510496985 0.4999944112 0.4999358187 0.5000090744 0.4999744621 0.4999994472 0.4999822690 0.4999502800 0.5000952287 0.5000008994 0.5001183846
0.4662699103 0.3879701333 0.5000610022 0.5000423382 0.4999442556 0.4998907052 0.4999707422 0.5001525389 0.5000018101 0.4999583292 0.5001484908 0.5001162415
0.6614765650 0.6564688740 0.4999790299 0.5000133697 0.5000396863 0.4999968051 0.5000083568 0.5000827407 0.5000043809 0.5000377223 0.4999804641 0.4999374934
0.9648302197 0.0619608425 0.5001106671 0.4999406457 0.4998720244 0.4999375052 0.5000739184 0.4998572701 0.4999110811 0.5000564029 0.5000021442 0.4999895145
0.9073663080 0.2409538112 0.5001600004 0.5000400914 0.4999548065 0.5000047048 0.5000083455 0.5000480212 0.5000470396 0.4999312300 0.4999574216 0.5000392851
0.1051287671 0.7190964927 0.4999711592 0.4999840013 0.4999793611 0.4999048287 0.4999877139 0.4999115175 0.5000153420 0.5000197276 0.4999801852 0.4999986796
0.7701987517 0.7873972239 0.4999934330 0.4999793626 0.5000554467 0.4999216237 0.5000072384 0.4999597389 0.5000152507 0.5000964960 0.5000572246 0.5000584850
0.4504419272 0.5136849871 0.5000019357 0.4999963433 0.4999654841 0.5000109343 0.4999446527 0.4999897902 0.5000549961 0.4999752725 0.5000600104 0.4999627533
0.8468522000 0.1769957709 0.4999665155 0.4999935314 0.5000625926 0.5000415820 0.5000721564 0.5000501981 0.4999649878 0.5000630025 0.5000518073 0.5000423336
0.5457485583 0.4424016181 0.5000193315 0.5000064496 0.4999496508 0.4999254775 0.4998447998 0.4999831161 0.5000909652 0.5000630257 0.4999330042 0.4999455376
0.8841542221 0.8139685600 0.4998559047 0.4999649303 0.5000877257 0.4999842092 0.4998820645 0.4998585339 0.5000709677 0.4999948267 0.4999778727 0.5000183642
0.1797378697 0.4176206095 0.4999334285 0.5000932211 0.5000344722 0.5000861630 0.4999485546 0.4999549221 0.4999677727 0.4999245040 0.5000608544 0.5000332985
0.9144862443 0.0309646260 0.5000271535 0.4999596517 0.5000994550 0.5000499555 0.5000775935 0.5000073684 0.5000079659 0.4999615561 0.5000077660 0.5000745556
0.9537590794 0.3147238411 0.4999151502 0.5000152097 0.4999809790 0.4999178532 0.5000631047 0.5000526767 0.4999321081 0.4999793143 0.5000750908 0.5000500052
0.8611990108 0.8457297265 0.5001089613 0.4999085717 0.5000012252 0.4998616272 0.4999468575 0.5000709793 0.4999484792 0.5000551769 0.4999669371 0.4999513647
0.7274340159 0.4098711766 0.4999871362 0.5000214096 0.5001175514 0.4999701423 0.5000014939 0.4999637212 0.5000278924 0.5000755879 0.5000700962 0.5000669420
0.6921569251 0.5595850630 0.5000601749 0.5000007245 0.4999626256 0.5000488551 0.4999680336 0.5000244520 0.4999003565 0.4999328919 0.4999540302 0.5000150326
0.9272221472 0.9655048886 0.5000238145 0.4999694009 0.4999797071 0.5000085745 0.5000421188 0.4999270409 0.4999774227 0.5000190391 0.5000117730 0.4999545358
0.3025560932 0.5559834415 0.4999633764 0.4999331215 0.5000212515 0.4999982194 0.5000541520 0.5001183690 0.4999723819 0.5000588596 0.4999566108 0.4999014764
0.5928265178 0.5285360668 0.5000044812 0.4999751404 0.5000422623 0.4999898263 0.5000250390 0.4999645120 0.4999638946 0.5000146028 0.4999801712 0.5001435337
0.6327098964 0.3479050768 0.5000331225 0.5000430479 0.4998568906 0.4999732482 0.5000020637 0.4999839915 0.5000014623 0.4999736665 0.5000618199 0.5000086600
0.1353046651 0.7964258781 0.5000234867 0.4999902707 0.5000813534 0.5000393267 0.5000384840 0.5000485387 0.4999412924 0.5000649608 0.5000528827 0.5000239667
0.3615844223 0.5590456418 0.4999474887 0.4999379406 0.5000405370 0.4999230399 0.5000879130 0.5000081259 0.5000593826 0.5000130191 0.5000216962 0.5000743359
0.6871274456 0.5006470590 0.4999304782 0.4999181639 0.4998692878 0.5000434224 0.4999801786 0.5000193410 0.4999557791 0.5001241837 0.4999514014 0.5000035265
0.9240786225 0.1545610602 0.5000609444 0.4999812889 0.4999460996 0.4999134152 0.5000935676 0.4999201859 0.4999592941 0.5000559574 0.5000025442 0.4999601414
0.7169428180 0.6785000187 0.5000792160 0.4999927092 0.4999334053 0.5001767316 0.5000608199 0.4999280277 0.5000292017 0.4999260499 0.4999173282 0.4999798010
0.5496075817 0.5587405052 0.4999446863 0.5000911334 0.5001679157 0.5000503211 0.5000169981 0.5000084791 0.5000489044 0.4999953925 0.5000022318 0.5000611750
0.2838207524 0.7840761473 0.5000922509 0.4999459779 0.5000150978 0.5000178122 0.4999481516 0.4999754605 0.4999074265 0.5000193126 0.4999278930 0.5000218048
0.0945381097 0.4293640831 0.4999948822 0.5000239406 0.4999265144 0.5000149175 0.5000475975 0.4998882369 0.4999861008 0.4999372685 0.5000359769 0.4999743249
0.4542460126 0.4758604125 0.4999962903 0.4998305592 0.5000242302 0.4999667525 0.5000202605 0.5000018922 0.5001000304 0.5001178014 0.5000062524 0.4999340166
0.3150851838 0.7141596775 0.4999823908 0.5000397271 0.5000423767 0.4999921110 0.4999737895 0.4999602452 0.5000341684 0.4999347303 0.5000162389 0.4999517504
0.9864665270 0.2557696685 0.4998642161 0.4999838911 0.4999463011 0.5000742315 0.5000806442 0.5000000772 0.5000707009 0.4999279066 0.5000623239 0.4999396824
0.5695788170 0.3559672438 0.5000270439 0.5000147067 0.4998818442 0.5000102436 0.4999560224 0.4999209177 0.5000268347 0.4999855724 0.5000593362 0.5000084075
0.8524985069 0.7240134504 0.4999746403 0.5000458028 0.5000246049 0.5000334260 0.4999895811 0.5000979261 0.4998978934 0.5000309647 0.4999292924 0.5000953514
0.9787126881 0.9677533507 0.4999824597 0.4999691478 0.5000387153 0.4999951729 0.5000271992 0.4999068959 0.5000011822 0.5000304296 0.4999408528 0.5000612552
0.6472541475 0.5561150838 0.4999583154 0.5000347709 0.5000114568 0.4999635331 0.5000026481 0.5000628391 0.4999316110 0.5000423314 0.4999533519 0.5000821969
0.0457140052 0.4802008883 0.4999062932 0.4999105679 0.4999812301 0.4999711267 0.4999465808 0.5000584603 0.5000582243 0.5000765057 0.5000014781 0.5000148089
0.6430466991 0.1598204133 0.5000216888 0.4999927991 0.4999871996 0.4999369312 0.5000073315 0.5000157478 0.4999870410 0.5000371672 0.4999794072 0.4999719530
0.7669055326 0.3739792759 0.5000873262 0.5000440312 0.4999611971 0.5000055036 0.5000419066 0.4999858000 0.4999189837 0.5000289919 0.4999884756 0.5000234163
