0.0005641466 1.3257748474
1.0428072875 0.0002980725
0.4137514753 0.4187699584
0.6456784681 0.2147310776
0.0736606162 0.8785150584
0.6450774231 0.2962301142
0.0792901343 0.8785205130
0.3117635534 0.5050485329
0.9783743489 0.0752950389
0.9784294825 0.0592178300
0.0587873387 0.8786063722
0.4187563238 0.4187725171
0.6450438261 0.2804256351
0.3117367868 0.5156673309
0.3325937519 0.4281071454
0.7058162564 0.1815401377
0.0917814314 0.8785003911
0.0847658835 0.8785149386
0.6450643842 0.2503280584
0.9783743489 0.0752950389
0.3117635534 0.5050485329
0.4187563238 0.4187725171
0.3593046005 0.4188258595
0.9783846163 0.0948453971
0.4177913654 0.4187679925
0.9788299937 0.0317979199
0.3117635534 0.5050485329
0.0279333055 0.8841923626
0.3127198951 0.4562710164
0.0792901343 0.8785205130
0.6451137513 0.2497761477
0.6668018072 0.1868650590
0.0736606162 0.8785150584
0.7115584909 0.1815396015
0.9784509943 0.0477734225
0.0414362851 0.8803705852
0.3117635534 0.5050485329
0.0837965137 0.8785133490
0.0792901343 0.8785205130
0.6450971980 0.2843191860
0.3472253920 0.4196442140
0.6450919074 0.3140392571
0.3119066042 0.4827530866
0.3117635534 0.5050485329
0.0792901343 0.8785205130
0.6452312435 0.2235943578
0.4042327497 0.4187639165
0.9783743489 0.0753870577
0.4329109137 0.4187663597
0.3117635534 0.5050485329
0.3851837060 0.4187825216
0.3117635534 0.5050485329
0.0147014949 0.9066948441
0.6450537867 0.2990741053
0.0730855588 0.8785817104
0.4459764136 0.4187609009
0.6451510323 0.2337668687
0.9820894435 0.0148705544
0.0792901343 0.8785205130
0.9783846163 0.0948453971
0.9783846163 0.0948453971
0.3196734229 0.4383646895
0.7134519350 0.1815401083
0.6496842059 0.1989257493
0.0792901343 0.8785205130
0.7124667409 0.1815401083
0.0789890901 0.8784930914
0.6451868259 0.2263335889
0.4187563238 0.4187725171
0.4459764136 0.4187609009
0.6793473037 0.1818462839
0.0792901343 0.8785205130
0.6450438261 0.2804256351
0.3117635534 0.5050485329
0.4042327497 0.4187731847
0.0789890901 0.8784930914
0.0792901343 0.8785205130
0.7124667409 0.1815401083
0.6450438261 0.2804256351
0.9783984607 0.0539334747
0.6450438261 0.2804256351
0.3117635534 0.5050485329
0.3533892807 0.4190571999
0.4042327497 0.4187731847
0.3397798037 0.4229857051
0.6450678302 0.2713650711
0.0847448664 0.8785239948
0.0507032987 0.8789907710
0.3120735488 0.4698194496
0.4459764136 0.4187609009
0.3117745037 0.5619392141
0.6453563568 0.2228678239
0.9785324524 0.0377689172
0.0362396257 0.8812141045
0.9783846163 0.0948453971
0.3117367868 0.5156673309
0.3813104961 0.4187921208
0.6450774231 0.2962301142
0.3117745037 0.5619392141
0.4177913654 0.4187679925
0.0655848523 0.8785908111
0.0744005789 0.8785398386
0.4042327497 0.4187639165
0.0736606162 0.8785150584
0.6450438261 0.2804256351
0.9783846163 0.0948453971
0.0217359919 0.8905478596
0.4137514753 0.4187699584
0.6451285420 0.2611775762
0.6572524522 0.1932515902
0.3258142985 0.4315459605
0.0736606162 0.8785150584
0.3117745037 0.5619392141
0.3156014885 0.4459712668
0.3118085208 0.5454683132
0.9783846163 0.0948453971
0.0789890901 0.8784930914
0.7134519350 0.1815401083
0.0736606162 0.8785150584
0.9783846163 0.0948453971
0.9794760450 0.0217844690
0.0744005789 0.8785398386
0.9784294825 0.0592178300
0.0762494040 0.8785279305
0.6468918535 0.2066023394
0.0076756437 0.9278460326
0.9783743489 0.0753870577
0.3117965694 0.5015862209
0.9919229337 0.0078616006
0.3118375659 0.4979021884
0.9783805275 0.0790351155
0.0744005789 0.8785398386
0.0744005789 0.8785398386
0.0736606162 0.8785150584
0.9798256639 0.0196897088
0.9783743489 0.0752950389
0.9839185972 0.0114063392
0.3118082910 0.5314950689
0.7124667409 0.1815401083
0.0736606162 0.8785150584
0.0388275967 0.8811566165
0.6450971980 0.2843191860
0.6453361498 0.2308811638
0.3117367868 0.5156673309
0.3288481900 0.4297567110
0.4053909276 0.4187726929
0.0853493622 0.8785273706
0.4137514753 0.4187699584
0.0847658835 0.8785149386
0.3118085208 0.5454683132
0.3117635534 0.5018537356
0.7124667409 0.1815401083
0.3117974155 0.4895931441
0.4042327497 0.4187731847
0.0744005789 0.8785398386
0.6450919074 0.3140392571
0.0736606162 0.8785150584
0.3118082910 0.5314950689
0.4137514753 0.4187699584
0.6450438261 0.2804256351
0.6451404201 0.2498620719
0.3117870410 0.5194078883
0.6450971980 0.2843191860
0.0744005789 0.8785398386
0.3626543035 0.4188665893
0.3119405140 0.4761803713
0.3360243981 0.4246482479
0.4037412352 0.4187738938
0.9785028437 0.0426728153
0.4040588534 0.4187755029
0.4177913654 0.4187679925
0.6450678302 0.2713650711
0.0112464101 0.9137054687
0.4040588534 0.4187755029
0.0465260544 0.8793861243
0.6450971980 0.2843191860
0.0736606162 0.8785150584
0.3851837060 0.4187825216
0.0917814314 0.8785003911
0.4459764136 0.4187609009
0.6451510323 0.2337668687
0.3117746444 0.5704530161
0.3703471840 0.4188322023
0.3527406685 0.4193419228
0.9783743489 0.0752950389
0.7177660646 0.1815406627
0.3117367868 0.5156673309
0.3418874208 0.4204149896
0.4137514753 0.4187699584
0.3176220659 0.4416876671
0.4459764136 0.4187609009
0.6450971980 0.2843191860
0.4031277353 0.4187768517
0.3819526178 0.4187909436
0.9784509943 0.0477734225
0.6617717073 0.1893952035
0.3229890521 0.4357079653
0.6451686348 0.2485751250
0.3142259796 0.4507913920
0.0736606162 0.8785150584
0.6450438261 0.2804256351
0.3117367868 0.5156673309
0.4042327497 0.4187639165
0.9783846163 0.0948453971
0.3117965694 0.5015862209
0.6450765796 0.2936892329
0.4329109137 0.4187663597
0.0736606162 0.8785150584
0.7177660646 0.1815406627
0.0312561431 0.8836677150
0.9783984607 0.0539334747
0.6450678302 0.2713650711
0.6450971980 0.2843191860
0.0733377269 0.8785409599
0.4187563238 0.4187725171
0.9784294825 0.0592178300
0.6717719583 0.1843053028
0.6453377322 0.2259957694
0.6481216186 0.2024412591
0.0917814314 0.8785003911
0.3117635534 0.5018537356
0.0837965137 0.8785133490
0.0917814314 0.8785003911
0.6454958230 0.2177859957
0.9789177266 0.0266551713
0.0853493622 0.8785273706
0.0860486520 0.8785417731
0.0917814314 0.8785003911
0.3117745037 0.5619392141
0.0736606162 0.8785150584
0.7177660646 0.1815406627
0.9783743489 0.0752950389
0.0041805989 0.9635152963
0.3123664991 0.4627273010
0.6461163588 0.2095436260
0.6947290878 0.1815551589
0.3118384668 0.4939490897
0.0628210999 0.8785912859
0.0736606162 0.8785150584
0.6450971980 0.2843191860
0.0179959549 0.8950174591
0.0643219193 0.8785740975
0.9783846163 0.0948453971
0.0758217908 0.8785645401
0.9783846163 0.0948453971
0.7081358178 0.1815383360
0.3117635534 0.5018537356
0.9784294825 0.0592178300
0.3117746444 0.5704530161
0.0244513006 0.8871126841
0.9784297779 0.1291800724
0.9784297779 0.1291800724
0.0550360615 0.8787412605
0.6534146622 0.1952510876
0.9783743489 0.0752950389
1.0020801204 0.0038689749
0.9787212063 0.0350390891
0.9831112320 0.0124066376
0.3118078157 0.5317448024
0.9788544307 0.0323693537
0.6538984979 0.1937932885
0.6692180760 0.1851971785
0.9784297779 0.1291800724
0.0196150377 0.8957082404
0.4031277353 0.4187768517
0.9784297779 0.1291800724
0.7177660646 0.1815406627
0.7019969540 0.1815456318
0.0511060546 0.8788958265
0.3118084816 0.5502184867
0.0613396517 0.8785524885
0.0736606162 0.8785150584
0.4092188960 0.4187739429
0.3126473904 0.4597430711
0.3118310720 0.4863499185
0.7115584909 0.1815396015
0.0789890901 0.8784930914
0.0837965137 0.8785133490
0.6451404201 0.2498620719
0.0789890901 0.8784930914
0.0736606162 0.8785150584
0.3117746444 0.5704530161
0.6450438261 0.2804256351
0.6452604591 0.2329419170
0.0847658835 0.8785149386
0.0126386707 0.9091754464
0.9783984607 0.0539334747
0.0736606162 0.8785150584
0.0453679587 0.8794438507
0.0730855588 0.8785817104
0.6450537867 0.2990741053
0.4042327497 0.4187639165
0.0860486520 0.8785417731
0.6450971980 0.2843191860
0.6451928298 0.2999609280
0.3488936556 0.4193437974
0.3819526178 0.4187909436
0.3118078157 0.5317448024
0.6451318589 0.2506342084
0.4037412352 0.4187738938
0.0232287883 0.8874910510
0.3276536036 0.4313773750
0.6451137513 0.2497761477
0.4137514753 0.4187699584
0.3593046005 0.4188258595
0.4459764136 0.4187609009
0.0370870433 0.8808144574
0.3309690425 0.4282016616
0.4042327497 0.4187639165
0.4037412352 0.4187738938
0.0730855588 0.8785817104
0.3118084816 0.5502184867
0.4329109137 0.4187663597
0.7058162564 0.1815401377
0.0736606162 0.8785150584
0.4329109137 0.4187663597
0.6450537867 0.2990741053
0.6451069961 0.2775094870
0.3117367868 0.5156673309
0.6451400751 0.2521654013
0.6450537867 0.2990741053
0.6450537867 0.2990741053
0.3117745037 0.5619392141
0.9783984607 0.0539334747
0.3117745037 0.5619392141
0.0749265131 0.8785275030
0.9784385023 0.0799752689
0.6452124100 0.2274383027
0.6452786625 0.2294879218
0.0730855588 0.8785817104
0.4177913654 0.4187679925
0.3946557159 0.4187889929
0.3672551975 0.4188579975
0.0847658835 0.8785149386
0.3117746444 0.5704530161
0.3248418659 0.4341918617
0.6451069961 0.2775094870
0.9784385023 0.0799752689
0.3593046005 0.4188258595
0.3118078157 0.5317448024
0.6451084656 0.2342297340
0.3117746444 0.5704530161
0.4040588534 0.4187755029
0.6451069961 0.2775094870
0.3117746444 0.5704530161
0.9784297779 0.1291800724
0.0693047678 0.8785817104
0.6451928298 0.2999609280
0.0837965137 0.8785133490
0.4037412352 0.4187738938
0.4042327497 0.4187639165
0.0736606162 0.8785150584
0.0789890901 0.8784930914
0.9783743489 0.0752950389
0.3213139710 0.4373231125
0.3169850963 0.4443999166
0.6450643842 0.2503280584
0.3121023710 0.4706354495
0.3132162858 0.4535162040
0.3488936556 0.4193437974
0.0736606162 0.8785150584
0.4177913654 0.4187679925
0.4137514753 0.4187699584
0.0463085962 0.8790192413
0.3379357540 0.4243038925
0.3118384668 0.4939490897
0.7134519350 0.1815401083
0.6451137513 0.2497761477
0.6451069961 0.2775094870
0.6451416903 0.2371650535
0.3188140414 0.4398907387
0.3117635534 0.5018537356
0.3117635534 0.5018537356
0.4040588534 0.4187755029
0.6451137513 0.2497761477
0.6450774231 0.2962301142
0.7115584909 0.1815396015
0.3117635534 0.5018537356
0.9783805275 0.0790351155
0.0693984822 0.8785472914
0.6450678302 0.2713650711
0.4459764136 0.4187609009
0.3119529145 0.4799792701
0.4329109137 0.4187663597
0.0789890901 0.8784930914
0.4042327497 0.4187639165
0.3147946092 0.4472488884
0.4231034502 0.4187753879
0.9783743489 0.0752950389
0.6451868259 0.2263335889
0.6450774231 0.2962301142
0.0789890901 0.8784930914
0.0060359864 0.9481409070
0.3117635534 0.5018537356
0.7177660646 0.1815406627
0.3408271633 0.4210664507
0.7115584909 0.1815396015
0.0091308917 0.9205528032
0.9810294205 0.0177265346
0.4459764136 0.4187609009
0.3118384668 0.4939490897
0.6488483905 0.2006544214
0.0414362851 0.8803705852
0.9784297779 0.1291800724
0.7081358178 0.1815383360
0.0736606162 0.8785150584
0.3118384668 0.4939490897
0.3456071168 0.4201631648
0.3896129169 0.4187773913
0.9783984607 0.0539334747
0.7124667409 0.1815401083
0.0847658835 0.8785149386
0.6760745386 0.1829719488
0.6469043919 0.2036739727
0.3118375659 0.4979021884
0.4459764136 0.4187609009
0.3118150877 0.5371532924
0.4187563238 0.4187725171
0.4177913654 0.4187679925
0.0847448664 0.8785239948
0.6608474308 0.1908569361
0.3117870410 0.5194078883
0.9783984607 0.0539334747
0.3117870410 0.5194078883
0.4177913654 0.4187679925
0.3354244179 0.4267978657
0.0736606162 0.8785150584
0.0903930616 0.8785314258
0.4329109137 0.4187663597
0.6451404201 0.2498620719
0.6457336371 0.2171142997
0.3125361098 0.4666692230
0.6451069961 0.2775094870
0.6451465377 0.2538849793
0.0605945721 0.8785992967
0.6453377322 0.2259957694
0.9783805275 0.0790351155
0.0736606162 0.8785150584
0.0733377269 0.8785409599
0.3117635534 0.5018537356
0.3672551975 0.4188579975
0.0917814314 0.8785003911
0.0920711353 0.8785294211
0.3119066042 0.4827530866
0.3118078157 0.5317448024
0.4187563238 0.4187725171
0.6461341768 0.2079616719
0.0789890901 0.8784930914
0.7134519350 0.1815401083
0.3876894189 0.4187871509
0.0693047678 0.8785817104
0.0903930616 0.8785314258
0.6459409939 0.2120949265
0.3117367868 0.5156673309
0.0736606162 0.8785150584
0.3117746444 0.5704530161
0.9784556074 0.0468069652
0.9783743489 0.0752950389
0.3117965694 0.5015862209
0.9798752460 0.0208836183
0.4177913654 0.4187679925
0.3117367868 0.5156673309
0.9783743489 0.0752950389
0.0759127581 0.8785554699
0.0345310940 0.8833403380
0.9848744972 0.0098778142
0.0917814314 0.8785003911
0.0917814314 0.8785003911
0.6820384535 0.1816252728
0.9784556074 0.0468069652
0.6451762122 0.2449801055
0.9783984607 0.0539334747
0.9785028437 0.0426728153
0.0759127581 0.8785554699
0.0736606162 0.8785150584
0.6513030041 0.1969952455
0.6450643842 0.2503280584
0.9784556074 0.0468069652
0.6451686348 0.2485751250
0.6454958230 0.2177859957
0.7115584909 0.1815396015
0.9784131341 0.0581274708
1.0046297032 0.0021212159
0.0613396517 0.8785524885
0.0837965137 0.8785133490
0.6635767263 0.1883097869
0.0847658835 0.8785149386
0.9783805275 0.0790351155
0.3117367868 0.5156673309
0.0555904947 0.8786145800
0.3117974155 0.4895931441
0.0736606162 0.8785150584
0.0917814314 0.8785003911
0.0271968019 0.8868191876
0.9783743489 0.0753870577
0.9784191893 0.0744929280
0.9792167719 0.0245923586
0.0759127581 0.8785554699
0.0023421567 0.9912190480
0.9783743489 0.0752950389
0.0847658835 0.8785149386
0.9784556074 0.0468069652
0.9785324524 0.0377689172
0.9784556074 0.0468069652
0.0296533236 0.8837612474
0.9789707435 0.0295968145
0.0165991877 0.9011115579
0.9785962385 0.0339162407
0.9784556074 0.0468069652
0.0733377269 0.8785409599
0.7115584909 0.1815396015
0.9947266444 0.0059663439
0.0736606162 0.8785150584
0.9788658650 0.0321041791
0.9784131341 0.0581274708
0.7081358178 0.1815383360
0.0299137065 0.8840551793
0.9783743489 0.0752950389
0.9783984607 0.0539334747
0.9798256639 0.0196897088
0.9784556074 0.0468069652
0.3117965694 0.5015862209
0.0917814314 0.8785003911
0.9783743489 0.0752950389
0.0511060546 0.8788958265
0.0868342633 0.8785243098
0.0575967472 0.8786115474
0.6454958230 0.2171368183
0.9783743489 0.0752950389
0.0736606162 0.8785150584
0.7124667409 0.1815401083
0.9896075494 0.0087173551
0.3118384668 0.4939490897
0.3117746444 0.5704530161
0.3118384668 0.4939490897
0.4187563238 0.4187725171
0.9783743489 0.0752950389
0.0242604901 0.8873433758
0.0759127581 0.8785554699
0.9783743489 0.0753870577
0.7124667409 0.1815401083
0.0736606162 0.8785150584
0.9785568715 0.0401343031
0.6451069961 0.2775094870
0.3266498646 0.4315274999
0.9831112320 0.0124066376
0.6538783043 0.1946070919
0.6651146252 0.1875013406
0.3117974155 0.4895931441
0.3117367868 0.5156673309
0.0837965137 0.8785133490
0.0364679657 0.8812635567
0.0789890901 0.8784930914
0.0847658835 0.8785149386
0.4042327497 0.4187639165
0.4187563238 0.4187725171
0.3412740051 0.4205310623
0.9784556074 0.0468069652
0.3126624624 0.4580568655
0.4042327497 0.4187639165
0.9784639037 0.0696278517
0.0759127581 0.8785554699
0.6687919020 0.1863877585
0.3117870410 0.5194078883
0.3118402021 0.5268914856
0.9786189628 0.0381714078
0.3310443007 0.4280896401
0.0730855588 0.8785817104
0.3117870410 0.5194078883
0.3117870410 0.5194078883
0.6450774231 0.2962301142
0.0736606162 0.8785150584
0.3383815884 0.4236446368
0.9801724760 0.0183824319
0.7058162564 0.1815401377
0.3117870410 0.5194078883
0.9794156847 0.0241284244
0.0837965137 0.8785133490
0.6450438261 0.2804256351
0.3876894189 0.4187871509
0.0736606162 0.8785150584
0.6451069961 0.2775094870
0.9783953866 0.0704407447
0.9784509943 0.0477734225
0.4187563238 0.4187725171
0.0749265131 0.8785275030
0.4187563238 0.4187725171
0.3117745037 0.5619392141
0.0153452436 0.9007191213
0.0920711353 0.8785294211
0.4177913654 0.4187679925
0.6459626333 0.2120949265
0.6450438261 0.2804256351
0.0120330070 0.9129694154
0.0086430242 0.9223528485
0.4037412352 0.4187738938
0.4037412352 0.4187738938
0.6451084656 0.2342297340
0.0837965137 0.8785133490
0.4042327497 0.4187639165
