0.0000152343 0.9995230185
0.9998641359 0.0000949047
0.4008861813 0.3982009601
0.6722043002 0.2233658810
0.1995913551 0.6008408303
0.5274131267 0.3164655311
0.1201043018 0.8449729423
0.2946798615 0.5007024197
0.8650113228 0.1222789653
0.9255623771 0.0568832925
0.0560936295 0.9878781827
0.4593659533 0.3571145232
0.5974872496 0.2766294870
0.2420108186 0.5505974596
0.3476810059 0.4486493172
0.7448273288 0.1684350458
0.1517795476 0.6724943567
0.1304144873 0.7465890852
0.5609370731 0.2910976513
0.7903420281 0.1470025898
0.2624103394 0.5271385828
0.4267996853 0.3764647514
0.3693766462 0.4219184739
0.8963600201 0.0924391008
0.4917405754 0.3373114485
0.9619716913 0.0310117769
0.2199440311 0.5723677770
0.0276967327 0.9895123746
0.3198558819 0.4738255048
0.0941636066 0.8846967782
0.6424216134 0.2500861691
0.7004487190 0.1958687542
0.1755634376 0.6379939048
0.7188068131 0.1831079389
0.9426745660 0.0423451063
0.0270112619 0.9890093122
0.2570647316 0.5358855914
0.1234148050 0.7599887372
0.1035839000 0.8959126198
0.5412789204 0.3017287243
0.3601607354 0.4343918486
0.5039457792 0.3277543893
0.3111945716 0.4841281230
0.2363474525 0.5598805846
0.1442919056 0.6909166903
0.6551047729 0.2369932517
0.4771294844 0.3484145145
0.9100290808 0.0749653158
0.4443076894 0.3660577400
0.2066531537 0.5887104422
0.3883355207 0.4115711283
0.2904672970 0.5189975455
0.0119136836 0.9905704729
0.5794732111 0.2851895712
0.0828536200 0.9873471267
0.4172835310 0.3921004759
0.6342537581 0.2582713413
0.9963675595 0.0115165206
0.1882716082 0.6193590127
0.8730613203 0.1078528138
0.8253074036 0.1347289843
0.3366640102 0.4591137251
0.7592659303 0.1593155472
0.6880268476 0.2067334767
0.1629709404 0.6584593179
0.7475198169 0.1652417090
0.0968018052 0.8810508149
0.6524355944 0.2487945242
0.4225731996 0.3819523390
0.4463934350 0.3631612813
0.7129266828 0.1872832464
0.1937611712 0.6079889407
0.5694202331 0.2893852907
0.2920836125 0.5087349076
0.3940550060 0.4094949825
0.1400035404 0.7192420546
0.1201043018 0.8449729423
0.7349124985 0.1748503090
0.5353010064 0.3088522883
0.9294315045 0.0510819461
0.5528770674 0.2964756223
0.2677815429 0.5361362665
0.3656931441 0.4274122904
0.5015766907 0.3326302092
0.3549187773 0.4347396826
0.5161573843 0.3186950590
0.1480178303 0.6757878111
0.0560936295 0.9878781827
0.3145831969 0.4823285078
0.4837187903 0.3433928327
0.2175320431 0.5868749451
0.6620653243 0.2288696594
0.9488775027 0.0375666750
0.0276967327 0.9895123746
0.8426878854 0.1269266057
0.2427207015 0.5527959934
0.3752248740 0.4183984358
0.5929479954 0.2763022893
0.2568950484 0.5448114009
0.4372255162 0.3720645423
0.0744780664 0.9881098346
0.1317495974 0.7658244817
0.4689973741 0.3511764950
0.1082622712 0.8547362365
0.6175305369 0.2660430484
0.8196632801 0.1394618410
0.0221797075 0.9899912991
0.4071794458 0.3945743224
0.6342537581 0.2582713413
0.6983909170 0.2045244187
0.3397250433 0.4528251830
0.1731830238 0.6310790277
0.2823341924 0.5196316361
0.3301765868 0.4672400883
0.2312039037 0.5645756590
0.8873418929 0.0978614828
0.1629709404 0.6584593179
0.7936753282 0.1558281228
0.0925496514 0.9165077981
0.8775210525 0.1152631732
0.9750075948 0.0222692983
0.2071165691 0.5926188188
0.9173866855 0.0679862196
0.1715290547 0.6439224105
0.6789485392 0.2161785666
0.0060835833 0.9919664559
0.9059650482 0.0735509361
0.3022748428 0.4901865263
0.9985845302 0.0062569660
0.3010611376 0.4889406593
0.8983035045 0.0845320463
0.1234148050 0.7599887372
0.1400035404 0.7192420546
0.1038631707 0.9116676956
0.9921575039 0.0162520483
0.8472801717 0.1254208649
0.9963675595 0.0115165206
0.2312039037 0.5645756590
0.7440760785 0.1727763053
0.2040200302 0.5975706988
0.0276967327 0.9895123746
0.5771316631 0.2855026678
0.6533863420 0.2374976799
0.2920836125 0.5087349076
0.3420127410 0.4493210522
0.3974799862 0.4049641304
0.1960467172 0.6009619250
0.4873832737 0.3389424297
0.1304144873 0.7465890852
0.2312039037 0.5645756590
0.2835885079 0.5146378152
0.7298614455 0.1791689797
0.2969592320 0.5038570396
0.4341534321 0.3776001511
0.1914736902 0.6121058913
0.5609370731 0.2910976513
0.1442919056 0.6909166903
0.2255795205 0.5851285341
0.4463934350 0.3631612813
0.5507511548 0.3045332055
0.6375751895 0.2627166111
0.2624103394 0.5271385828
0.5375354247 0.3079241192
0.1442919056 0.6909166903
0.3656931441 0.4274122904
0.3147055670 0.4838977477
0.3491721964 0.4454589211
0.4936939480 0.3345311648
0.9458609507 0.0422288383
0.5039457792 0.3277543893
0.4042191886 0.3978945026
0.5573743423 0.2965162130
0.0108981700 0.9920831125
0.4718730754 0.3516002755
0.0276967327 0.9895123746
0.5101849950 0.3176566894
0.1176141201 0.8472196616
0.3883355207 0.4115711283
0.1184444907 0.8649602588
0.4553945516 0.3595392057
0.6483100369 0.2480147008
0.2527619892 0.5414495445
0.3795609768 0.4185321255
0.3637549744 0.4289551245
0.8078997890 0.1455685082
0.7448273288 0.1684350458
0.2111475564 0.5909079518
0.3552681004 0.4397719304
0.4744786855 0.3455736149
0.3302020104 0.4646786297
0.4402582853 0.3712796698
0.5208963641 0.3161220713
0.4159153096 0.3935966557
0.3850395070 0.4160046851
0.9447270643 0.0401873607
0.7001745683 0.1964255290
0.3388625217 0.4551468840
0.6423963289 0.2531676720
0.3271492404 0.4720260481
0.1304144873 0.7465890852
0.5332087086 0.3135591389
0.2345744462 0.5574443445
0.4269406294 0.3805730282
0.8780490420 0.1018326990
0.2770012650 0.5243153783
0.5962675403 0.2743654245
0.4633077541 0.3559742402
0.0812779598 0.9865750505
0.7664189630 0.1645356715
0.0327841097 0.9894130119
0.9131468375 0.0721605287
0.6166113026 0.2644403349
0.5869618381 0.2822294291
0.1814754860 0.6371400596
0.4178322373 0.3871835845
0.9309098712 0.0516447340
0.7073115431 0.1946973775
0.6584388240 0.2332205957
0.6829858097 0.2113148031
0.0983521200 0.9562248770
0.2072954300 0.5925685853
0.1715290547 0.6439224105
0.1442919056 0.6909166903
0.6646916301 0.2276302455
0.9660821391 0.0257271342
0.1877426769 0.6258056395
0.1576479891 0.6594700491
0.1629709404 0.6584593179
0.2624103394 0.5271385828
0.0941636066 0.8846967782
0.7903420281 0.1470025898
0.8775221204 0.1107266515
0.0034283612 0.9928219589
0.3203479643 0.4747734600
0.6797640503 0.2165051152
0.7129266828 0.1872832464
0.3082152264 0.4893561577
0.0498244598 0.9869588425
0.1110853981 0.8778470738
0.6124221999 0.2720202941
0.0145683729 0.9895382922
0.0737546272 0.9881404043
0.8845172617 0.0956662318
0.1731830238 0.6310790277
0.8284367357 0.1322464559
0.7843128882 0.1542770763
0.2275246903 0.5696895991
0.9177135177 0.0642423621
0.2530335370 0.5444966703
0.0276967327 0.9895123746
0.8191355053 0.1390276125
0.8667685126 0.1191044041
0.0559899155 0.9883432705
0.6983909170 0.2045244187
0.9047458445 0.0797325771
0.9987504149 0.0038687750
0.9604518386 0.0348836625
0.9889872026 0.0102265130
0.2443008513 0.5476888949
0.9619716913 0.0310117769
0.6880268476 0.2067334767
0.7058033652 0.1957501291
0.8298727439 0.1336474648
0.0198367323 0.9892284621
0.4178322373 0.3871835845
0.8687285607 0.1173515698
0.7864756277 0.1574420628
0.7195737104 0.1829455880
0.0559899155 0.9883432705
0.2624103394 0.5271385828
0.0498244598 0.9869588425
0.1937611712 0.6079889407
0.4265432925 0.3853527196
0.3216671032 0.4707772535
0.3007640004 0.4961769656
0.7600724422 0.1639651009
0.1129358299 0.8562267145
0.1875874937 0.6129695453
0.6424216134 0.2500861691
0.0938303850 0.9872000054
0.0975615380 0.8749230015
0.2312039037 0.5645756590
0.5983657862 0.2720963809
0.6539785396 0.2350686292
0.1995913551 0.6008408303
0.0135111024 0.9906934221
0.8957684277 0.0942194362
0.1312299061 0.7386536753
0.0270112619 0.9890093122
0.1400035404 0.7192420546
0.5324393642 0.3090088199
0.4463934350 0.3631612813
0.1014905731 0.8810508149
0.5949336656 0.2763581027
0.5726204748 0.2839816296
0.3590676244 0.4357522451
0.3820545204 0.4187938352
0.2384474514 0.5603210892
0.5726408243 0.2876401721
0.3997882714 0.4029219369
0.0198367323 0.9892284621
0.3420127410 0.4493210522
0.6001703504 0.2715184724
0.4581471494 0.3568705980
0.3730318621 0.4269112675
0.4756625795 0.3499601202
0.0270112619 0.9890093122
0.3448813569 0.4473026776
0.4917405754 0.3373114485
0.3960852507 0.4048283941
0.1418759421 0.7068825881
0.2286512893 0.5660398020
0.4375533217 0.3735555282
0.7434131783 0.1721371401
0.1230877207 0.7709592060
0.4443076894 0.3660577400
0.5556135782 0.2988291116
0.5736632649 0.2853378980
0.2347842214 0.5598922940
0.5161573843 0.3186950590
0.5161573843 0.3186950590
0.5353010064 0.3088522883
0.2655537717 0.5365372453
0.8640568875 0.1238718124
0.2823341924 0.5196316361
0.1350600499 0.7639121485
0.9000429194 0.0780163299
0.6294801502 0.2664444325
0.6424216134 0.2500861691
0.1288647173 0.8263799376
0.4325304773 0.3798816157
0.3881900654 0.4120419996
0.3752248740 0.4183984358
0.1442979146 0.6884755730
0.2212871120 0.5739070993
0.3414187135 0.4567035803
0.5534474350 0.3001206907
0.8829798887 0.1063034892
0.3675140043 0.4272453951
0.2150996845 0.5874962686
0.6528776985 0.2432742546
0.2475366825 0.5479810490
0.4406868334 0.3709943445
0.5609370731 0.2910976513
0.2150696489 0.5838294568
0.8196632801 0.1394618410
0.1495537619 0.6784757921
0.5161573843 0.3186950590
0.1800529475 0.6378232293
0.4098445305 0.3959018843
0.4662555246 0.3531764091
0.1731830238 0.6310790277
0.2075323329 0.5891826415
0.7975033988 0.1405579374
0.3387985962 0.4587413176
0.3248359672 0.4638841611
0.5869618381 0.2822294291
0.3171562261 0.4783007969
0.3256307647 0.4723267820
0.3637549744 0.4289551245
0.0968018052 0.8810508149
0.4042191886 0.3978945026
0.4008861813 0.3982009601
0.0270112619 0.9890093122
0.3545817178 0.4434634638
0.2920836125 0.5087349076
0.7448273288 0.1684350458
0.5281918411 0.3138866564
0.5407811971 0.3045307900
0.6402427348 0.2597610290
0.3360971518 0.4633240612
0.2893664682 0.5157333495
0.2570647316 0.5358855914
0.4799488114 0.3467041461
0.6424216134 0.2500861691
0.5014891867 0.3279349596
0.7384918179 0.1795251808
0.2141197844 0.5878878458
0.9059650482 0.0735509361
0.0929946464 0.9027897093
0.5609370731 0.2910976513
0.4833081094 0.3418527657
0.3111945716 0.4841281230
0.4933389734 0.3349864222
0.1132534656 0.8427330558
0.4350378699 0.3741444555
0.3240679390 0.4681772420
0.4728954619 0.3539890667
0.9174727001 0.0792051660
0.6620653243 0.2288696594
0.5353010064 0.3088522883
0.1442919056 0.6909166903
0.0054537731 0.9921360094
0.2835885079 0.5146378152
0.8015693513 0.1461787771
0.3543700035 0.4373093209
0.7664189630 0.1645356715
0.0067809320 0.9913234070
0.9874933201 0.0149183318
0.4989005974 0.3320356287
0.2443008513 0.5476888949
0.6829858097 0.2113148031
0.0276967327 0.9895123746
0.8426878854 0.1269266057
0.7811670458 0.1496170362
0.0854186253 0.9867561622
0.2568950484 0.5401353110
0.3590676244 0.4357522451
0.3850395070 0.4160046851
0.8821219796 0.1021002946
0.7448273288 0.1684350458
0.1602868812 0.6793598312
0.7118476762 0.1931377095
0.6843138423 0.2153367758
0.3022748428 0.4901865263
0.4269406294 0.3805730282
0.2756523313 0.5287643187
0.4144027855 0.3894800921
0.4873832737 0.3389424297
0.1960467172 0.6009619250
0.6992149566 0.2008109916
0.2083505992 0.5896379161
0.8997111705 0.0905590213
0.2966824560 0.5071596667
0.4178322373 0.3871835845
0.3467540312 0.4482243818
0.1629709404 0.6584593179
0.1814754860 0.6371400596
0.4593659533 0.3571145232
0.6166113026 0.2644403349
0.6687486968 0.2247065287
0.3159147115 0.4778692161
0.5929479954 0.2763022893
0.6124221999 0.2720202941
0.0560936295 0.9878781827
0.6620653243 0.2288696594
0.8873418929 0.0978614828
0.1576479891 0.6594700491
0.1479804702 0.6885904423
0.3010611376 0.4889406593
0.3795879519 0.4224936341
0.1911771465 0.6162948123
0.1715290547 0.6439224105
0.3093158871 0.4869875750
0.2823341924 0.5196316361
0.4539531972 0.3612112229
0.6758451277 0.2170415812
0.0812779598 0.9865750505
0.7811670458 0.1496170362
0.3940550060 0.4094949825
0.0498244598 0.9869588425
0.1350600499 0.7639121485
0.6801838703 0.2188438906
0.2275246903 0.5696895991
0.1517795476 0.6724943567
0.2761563201 0.5288339284
0.9343736055 0.0502880297
0.8780490420 0.1018326990
0.2568950484 0.5401353110
0.9804627446 0.0214265897
0.5000214327 0.3289776000
0.2536637283 0.5455045064
0.8767553811 0.1130282221
0.1937611712 0.6079889407
0.0327841097 0.9894130119
0.9913875521 0.0086522930
0.1960467172 0.6009619250
0.1304144873 0.7465890852
0.7129266828 0.1872832464
0.9255623771 0.0568832925
0.6511757882 0.2476462222
0.8284367357 0.1322464559
0.9426745660 0.0423451063
0.1715290547 0.6439224105
0.1629709404 0.6584593179
0.6983909170 0.2045244187
0.5850107844 0.2781847203
0.9326262715 0.0478197816
0.5102626082 0.3251341162
0.6620653243 0.2288696594
0.7475198169 0.1652417090
0.9280674678 0.0542947177
0.9993093818 0.0019148960
0.0559899155 0.9883432705
0.1495537619 0.6784757921
0.7001745683 0.1964255290
0.1082622712 0.8547362365
0.8410068418 0.1305479631
0.2310502607 0.5643579512
0.0545366857 0.9883293306
0.3007457474 0.4982606397
0.1228783328 0.7752769771
0.1864652911 0.6227034529
0.0276967327 0.9895123746
0.8650588223 0.1205234390
0.9173866855 0.0679862196
0.9753213984 0.0232601542
0.0925496514 0.9165077981
0.0014307677 0.9973207480
0.8328178709 0.1366501459
0.1135546357 0.8381313444
0.9108499614 0.0773703030
0.9488775027 0.0375666750
0.9177135177 0.0642423621
0.0270112619 0.9890093122
0.9633263701 0.0279227432
0.0158090812 0.9905198738
0.9663748798 0.0298826227
0.9212120855 0.0580018050
0.1154472025 0.8367152032
0.7195737104 0.1826642063
0.9983697830 0.0056285413
0.1300855250 0.8306989709
0.9619716913 0.0310117769
0.9177135177 0.0642423621
0.7520899654 0.1677733064
0.0276967327 0.9895123746
0.8709697022 0.1107569385
0.9000429194 0.0780163299
0.9874933201 0.0149183318
0.9344117291 0.0465761512
0.3010611376 0.4889406593
0.1228783328 0.7752769771
0.9210528433 0.0687691848
0.0498244598 0.9869588425
0.1312299061 0.7386536753
0.0560936295 0.9878781827
0.6620653243 0.2288696594
0.8426878854 0.1269266057
0.1132534656 0.8427330558
0.7195737104 0.1826642063
0.9947471061 0.0079503336
0.2432092302 0.5459085348
0.2395202079 0.5570143023
0.3007832338 0.5028198735
0.5019974772 0.3300299188
0.8829798887 0.1063034892
0.0221797075 0.9899912991
0.1937611712 0.6079889407
0.9176102531 0.0785074769
0.7432406464 0.1666824310
0.0925496514 0.9165077981
0.9471416481 0.0398295234
0.5101394783 0.3224200977
0.3420127410 0.4493210522
0.9898073868 0.0091837506
0.6852775228 0.2076591613
0.7004487190 0.1958687542
0.3007977482 0.4946499363
0.2568950484 0.5401353110
0.1001681123 0.9109170500
0.0407625965 0.9880467658
0.1913333999 0.6139163259
0.1937611712 0.6079889407
0.4490487173 0.3620314906
0.4990064599 0.3327036107
0.3562976248 0.4376064729
0.8210219893 0.1393099119
0.3198558819 0.4738255048
0.4890622733 0.3411912422
0.8764040728 0.1192992106
0.1132424568 0.8662648009
0.7004487190 0.1958687542
0.2823341924 0.5196316361
0.2974158098 0.5075810283
0.9458694745 0.0401346572
0.3471491618 0.4471118731
0.1629006624 0.6641467232
0.2624103394 0.5271385828
0.2920836125 0.5087349076
0.5653072194 0.2873537361
0.1629709404 0.6584593179
0.3458054673 0.4439683466
0.9871918943 0.0175695746
0.7195737104 0.1826642063
0.2432092302 0.5459085348
0.9750075948 0.0222692983
0.1411086249 0.7330558659
0.5161573843 0.3186950590
0.3850395070 0.4160046851
0.1418759421 0.7068825881
0.5795783226 0.2854834844
0.9232700951 0.0666656196
0.9326262715 0.0478197816
0.4086666934 0.3957288681
0.0938303850 0.9872000054
0.4164827256 0.3895077145
0.2713744947 0.5357039589
0.0129401578 0.9906279399
0.1228783328 0.7752769771
0.4663034567 0.3525839950
0.6769755190 0.2202650451
0.5310102477 0.3111098381
0.0122434601 0.9906258808
0.0059272165 0.9918478566
0.4271092941 0.3828161831
0.4271092941 0.3828161831
0.6620653243 0.2288696594
0.1517795476 0.6724943567
0.4004932367 0.4015328328
