0.0005393782 1.2958494460
1.1298216323 0.0005863486
0.5212295147 0.5590690914
0.7937532939 0.2465534721
0.2507376166 0.7510508603
0.7936221325 0.2909234495
0.1250371418 0.8776516999
0.3772337586 0.6285272826
0.9175154168 0.1133878482
0.9971485219 0.0199954484
0.0628387113 0.9395569744
0.5253024675 0.5589151671
0.7936805672 0.3068062176
0.3134064268 0.6888283850
0.4481870514 0.5757680207
0.8238807132 0.1962143736
0.1874499855 0.8138533444
0.1568387137 0.8456875353
0.7936805672 0.3068062176
0.9175154168 0.1133878482
0.3451504533 0.6584103164
0.5141490258 0.5588838112
0.4937625459 0.5604689934
0.9177362306 0.0895987246
0.7936805672 0.3068062176
0.9971485219 0.0199954484
0.2814646083 0.7206767158
0.0317233701 0.9720183900
0.4106123685 0.5998463434
0.0933522108 0.9092133935
0.7936805672 0.3068062176
0.7942408420 0.2184142070
0.2187178700 0.7835985672
0.7992020459 0.2033663338
0.9971485219 0.0199954484
0.0472744313 0.9548435338
0.3294559162 0.6737677058
0.1409435356 0.8624153736
0.1098748618 0.8923402532
0.7936805672 0.3068062176
0.4688703158 0.5660291918
0.7936805672 0.3068062176
0.3930500662 0.6142887001
0.2977509356 0.7043363479
0.1724708177 0.8295855220
0.7937532939 0.2465534721
0.5253024675 0.5589151671
0.9345647770 0.0793503029
0.5325386294 0.5589961195
0.2659220448 0.7364938292
0.5043706697 0.5590871101
0.3604225013 0.6427483205
0.0155388567 0.9878297948
0.7936805672 0.3068062176
0.0781290856 0.9238777267
0.5043706697 0.5590871101
0.7936221325 0.2909234495
0.9973996771 0.0151911172
0.2350738578 0.7667058105
0.9176413933 0.0917575907
0.9175154168 0.1133878482
0.4280987801 0.5881229131
0.9175154168 0.1133878482
0.7938572461 0.2392967435
0.2035113994 0.7981882455
0.8276166688 0.1962045235
0.1010544793 0.9009517858
0.7937187023 0.2680097088
0.5253024675 0.5589151671
0.5141490258 0.5588838112
0.7948113009 0.2127325249
0.2427388854 0.7588996688
0.7935631434 0.3029901201
0.3690157720 0.6355718424
0.5253024675 0.5589151671
0.1639739381 0.8375168192
0.1334692107 0.8690971562
0.8108598393 0.1972591815
0.7936805672 0.3068062176
0.9968897421 0.0313265832
0.7937187023 0.2680097088
0.3359947625 0.6664035353
0.4804695333 0.5628721565
0.7936246701 0.2687381902
0.4573644586 0.5707592186
0.7937560013 0.3000074531
0.1793247802 0.8224801135
0.0550548234 0.9469754791
0.4021144778 0.6067866861
0.5043706697 0.5590871101
0.2739245500 0.7280067193
0.7939031022 0.2470581584
0.9971485219 0.0199954484
0.0393641638 0.9629486240
0.9175154168 0.1133878482
0.3045220913 0.6977365202
0.5067658942 0.5589049963
0.7935631434 0.3029901201
0.3210370251 0.6814158208
0.5067658942 0.5589049963
0.0708152630 0.9312482886
0.1489858216 0.8529703047
0.5253024675 0.5589151671
0.1174235319 0.8848335537
0.7938436586 0.2533446088
0.9175154168 0.1133878482
0.0237324691 0.9785544622
0.5212295147 0.5590690914
0.7937685158 0.2548252273
0.7943940209 0.2191745897
0.4378335903 0.5811470038
0.2274067131 0.7745878692
0.3530681869 0.6503247537
0.4200065859 0.5940301218
0.2895094663 0.7125836030
0.9176085463 0.0996343604
0.1953543588 0.8066033089
0.9175154168 0.1133878482
0.0859961199 0.9163205447
0.9175154168 0.1133878482
0.9970989389 0.0215634166
0.2583510514 0.7441802283
0.9969980744 0.0253558758
0.2111253903 0.7914775217
0.7937532939 0.2465534721
0.0081938406 0.9936538468
0.9187223702 0.0869384848
0.3859357608 0.6218630924
0.9980472843 0.0081729943
0.3814889665 0.6249687788
0.9181187036 0.0883520295
0.1447967023 0.8574390793
0.1607799309 0.8415758528
0.1054792808 0.8972323102
0.9971485219 0.0199954484
0.9175154168 0.1133878482
0.9978807433 0.0094256761
0.2935099226 0.7084237829
0.8228433254 0.1962189189
0.2545377679 0.7467576884
0.0433237596 0.9604182211
0.7937588229 0.2519793637
0.7938892905 0.2500116832
0.3650893009 0.6395776211
0.4428258937 0.5784238344
0.5212295147 0.5590690914
0.2466952336 0.7550856360
0.7938892905 0.2500116832
0.1367565070 0.8651237343
0.3016865454 0.7004122151
0.3571090654 0.6464618420
0.8020131025 0.1997056590
0.3731594691 0.6321288981
0.5141490258 0.5588838112
0.2388867961 0.7635875684
0.7937685158 0.2548252273
0.1763880928 0.8258945131
0.2784553444 0.7242346494
0.5358416533 0.5590714882
0.7937685158 0.2548252273
0.7937560013 0.3000074531
0.3330087848 0.6698166760
0.7937685158 0.2548252273
0.1844158093 0.8190846836
0.4865477795 0.5613035117
0.3980347202 0.6105046574
0.4522327347 0.5731106462
0.7937685158 0.2548252273
0.9971485219 0.0199954484
0.7937588229 0.2519793637
0.5067658942 0.5589049963
0.7939028553 0.2488639457
0.0115957063 0.9922413845
0.5253024675 0.5589151671
0.0510747987 0.9518151678
0.7937588229 0.2519793637
0.1296496301 0.8722948178
0.5043706697 0.5590871101
0.1216112781 0.8802929702
0.5043706697 0.5590871101
0.7937560013 0.3000074531
0.3255144861 0.6779654969
0.5011026574 0.5593478255
0.4717288995 0.5645677234
0.9176462875 0.1103536840
0.8238807132 0.1962143736
0.2695386239 0.7320007125
0.4627970573 0.5687382847
0.5043706697 0.5590871101
0.4241303508 0.5906881561
0.5212295147 0.5590690914
0.7939268395 0.3419325389
0.5043706697 0.5590871101
0.5141490258 0.5588838112
0.9971485219 0.0199954484
0.7942408420 0.2184142070
0.4335727530 0.5845759965
0.7936246701 0.2687381902
0.4156199716 0.5973706951
0.1528181128 0.8495915289
0.7936221325 0.2909234495
0.3096552756 0.6935029377
0.5253024675 0.5589151671
0.9175241111 0.1083193229
0.3492036921 0.6549319171
0.7936246701 0.2687381902
0.5212295147 0.5590690914
0.0814221020 0.9203084262
0.9177054298 0.0984033389
0.0356646432 0.9683217866
0.9573413827 0.0781554036
0.7936246701 0.2687381902
0.7937187023 0.2680097088
0.2229289401 0.7784811583
0.5141490258 0.5588838112
0.9971485219 0.0199954484
0.7947908919 0.2165615640
0.7937588229 0.2519793637
0.7941553276 0.2484305202
0.0983109689 0.9048167649
0.2624732553 0.7395408922
0.2078723497 0.7945280324
0.1687520696 0.8334265776
0.7937685158 0.2548252273
0.9971485219 0.0199954484
0.2309663429 0.7708897158
0.1921781626 0.8103285243
0.1999114121 0.8023293164
0.3412189634 0.6619410505
0.0901959499 0.9121141686
0.9176347984 0.1023233499
0.9176347984 0.1023233499
0.0038732962 0.9984166653
0.4064811469 0.6039125250
0.7937685158 0.2548252273
0.7969012820 0.2085985521
0.3894530263 0.6177179024
0.0665108978 0.9354926050
0.1136186789 0.8886034263
0.7936221325 0.2909234495
0.0197263042 0.9829251838
0.0747569887 0.9273500199
0.9176413933 0.0917575907
0.2150162922 0.7868184029
0.9175241111 0.1083193229
0.9177054298 0.0984033389
0.2857720260 0.7160350189
0.9968897421 0.0313265832
0.3170520582 0.6847923774
0.0263781765 0.9761652407
0.9175241111 0.1083193229
0.9175750885 0.1236814368
0.0578887178 0.9433618038
0.7940141945 0.2349488364
0.9214297193 0.0824283769
1.0051977738 0.0039512082
0.9971981607 0.0349502040
0.9974921180 0.0142219422
0.3152547590 0.6867627152
0.9968897421 0.0313265832
0.7940141945 0.2349488364
0.7942408420 0.2184142070
0.9175750885 0.1236814368
0.0215935522 0.9819514109
0.5043706697 0.5590871101
0.9175750885 0.1236814368
0.9175764869 0.1204957550
0.7977417455 0.2062029697
0.0563575193 0.9461827859
0.3389108764 0.6640594885
0.0722934243 0.9300931716
0.2443662393 0.7575424797
0.5043706697 0.5590871101
0.4079800267 0.6019551544
0.3789871165 0.6261622718
0.8228433254 0.1962189189
0.1156001612 0.8858837968
0.2331440740 0.7687641624
0.7936221325 0.2909234495
0.0883473508 0.9128773550
0.1000149808 0.9026403892
0.2910591173 0.7102106715
0.7935631434 0.3029901201
0.7939903020 0.2861798981
0.2565954953 0.7452223645
0.0139833313 0.9888806428
0.9177362306 0.0895987246
0.1591785078 0.8434178550
0.0493330308 0.9530526947
0.1626437780 0.8397762227
0.7936221325 0.2909234495
0.5253024675 0.5589151671
0.1078155287 0.8948454697
0.7935631434 0.3029901201
0.7937532939 0.2465534721
0.4716037631 0.5646354417
0.5116425940 0.5589745229
0.2990593427 0.7029727392
0.7939031022 0.2470581584
0.5253024675 0.5589151671
0.0254061442 0.9770579383
0.4400747697 0.5798347966
0.7937588229 0.2519793637
0.5067658942 0.5589049963
0.4905293574 0.5609086712
0.5056612354 0.5591355567
0.0405922076 0.9622310019
0.4454973415 0.5774109651
0.7937187023 0.2680097088
0.5253024675 0.5589151671
0.1666462348 0.8362508885
0.2830415497 0.7187752195
0.5141490258 0.5588838112
0.8167047289 0.1962551741
0.1429860431 0.8593722880
0.5067658942 0.5589049963
0.7935631434 0.3029901201
0.7937588229 0.2519793637
0.2956601711 0.7063023200
0.7939268395 0.3419325389
0.7936221325 0.2909234495
0.7939268395 0.3419325389
0.3311515306 0.6720993381
0.9175871888 0.1290190951
0.3548436333 0.6486667786
0.1506898386 0.8513440353
0.9181090075 0.0885742995
0.7939549234 0.3281564707
0.7938892905 0.2500116832
0.1384810531 0.8636506097
0.5067658942 0.5589049963
0.5253024675 0.5589151671
0.4963013248 0.5599406703
0.1744636214 0.8282129280
0.2791001725 0.7219373984
0.4356238505 0.5823138844
0.7938892905 0.2500116832
0.9176191581 0.1103699854
0.4836984026 0.5616766477
0.2762128327 0.7259046528
0.7937187023 0.2680097088
0.3116348432 0.6911222517
0.5253024675 0.5589151671
0.7938892905 0.2500116832
0.2723509120 0.7301867290
0.9176191581 0.1103699854
0.1813460767 0.8204105480
0.7935631434 0.3029901201
0.2210974131 0.7803987546
0.5253024675 0.5589151671
0.5253024675 0.5589151671
0.2167503793 0.7843117036
0.2608602200 0.7411811028
0.9175764869 0.1204957550
0.4313748291 0.5860998106
0.4222778942 0.5918908656
0.7937685158 0.2548252273
0.3998159561 0.6079222022
0.4133359898 0.5988514029
0.4779943189 0.5629239733
0.1040217913 0.8982975264
0.5067658942 0.5589049963
0.5212295147 0.5590690914
0.0524626565 0.9506472118
0.4545705509 0.5719500154
0.3672093333 0.6373294183
0.8228433254 0.1962189189
0.7937187023 0.2680097088
0.7937187023 0.2680097088
0.7939829314 0.2924995171
0.4264843620 0.5895638564
0.3630301707 0.6412020633
0.3271049190 0.6747115188
0.5299516624 0.5589451308
0.7939150792 0.2540668663
0.7939104589 0.2612950038
0.8051659688 0.1978730293
0.2681757372 0.7348219096
0.9487910442 0.0786866530
0.0958985126 0.9059403513
0.7939104589 0.2612950038
0.5212295147 0.5590690914
0.3950842864 0.6122643743
0.7935631434 0.3029901201
0.1274920434 0.8754274925
0.5253024675 0.5589151671
0.4167595924 0.5943156486
0.5299516624 0.5589451308
0.9259723384 0.0810446133
0.7939150792 0.2540668663
0.7939109833 0.2377920830
0.1702563611 0.8309551755
0.0055685266 0.9966034339
0.3587202395 0.6448138637
0.9176010712 0.1317057268
0.4608392245 0.5698467980
0.9175871888 0.1290190951
0.0083997384 0.9928171793
0.9973996771 0.0151911172
0.7936221325 0.2909234495
0.3076295994 0.6949953349
0.7939074030 0.2375381544
0.0452080817 0.9570300748
0.9175750885 0.1236814368
0.9176243677 0.1228617930
0.0803085913 0.9224785949
0.3349400026 0.6678007742
0.4666549560 0.5674326080
0.5141490258 0.5588838112
0.9176085463 0.0996343604
0.8276166688 0.1962045235
0.1938645937 0.8080038523
0.7950119113 0.2123219315
0.7938466953 0.2488701250
0.3868321387 0.6194178146
0.5212295147 0.5590690914
0.3463385237 0.6559455483
0.5253024675 0.5589151671
0.7936221325 0.2909234495
0.2525686586 0.7494261184
0.7942408420 0.2184142070
0.2639596284 0.7378857348
0.9176413933 0.0917575907
0.3708395476 0.6339765667
0.5141490258 0.5588838112
0.4505917740 0.5745940746
0.2055202097 0.7965893670
0.2255252139 0.7774556178
0.5325386294 0.5589961195
0.7935631434 0.3029901201
0.7937588229 0.2519793637
0.4041415116 0.6056411358
0.7937588229 0.2519793637
0.7936246701 0.2687381902
0.0641842069 0.9376490799
0.7938436586 0.2533446088
0.9178130536 0.0973507019
0.1978934027 0.8049471212
0.1781620665 0.8243777455
0.3815000297 0.6229384620
0.5049090713 0.5591041184
0.2369115489 0.7652247694
0.2085601724 0.7930893220
0.3915760325 0.6164121564
0.3507700038 0.6523194748
0.5067658942 0.5589049963
0.7938572461 0.2392967435
0.0844807367 0.9182145745
0.9175241111 0.1083193229
0.5141490258 0.5588838112
0.0752912168 0.9272341963
0.1468632314 0.8559032967
0.7938436586 0.2533446088
0.2877681416 0.7138345130
0.1899472569 0.8128338339
0.3415714548 0.6603584545
0.9970403190 0.0171031970
0.9176347984 0.1023233499
0.3229073966 0.6793480710
0.9970403190 0.0171031970
0.7937560013 0.3000074531
0.3193226968 0.6831372334
0.9175295559 0.1109267274
0.2410782706 0.7619347265
0.0373986064 0.9653169611
0.9978807433 0.0094256761
0.2485725288 0.7533585758
0.1549237260 0.8479565401
0.7957183602 0.2103638853
0.9969980744 0.0253558758
0.7937187023 0.2680097088
0.9175871888 0.1290190951
0.9971703868 0.0188211546
0.2133425153 0.7888969100
0.2019168750 0.8005711486
0.7940141945 0.2349488364
0.7937685158 0.2548252273
0.9968897421 0.0313265832
0.7935631434 0.3029901201
0.7937187023 0.2680097088
0.8228433254 0.1962189189
0.9971703868 0.0188211546
1.0773219584 0.0023886265
0.0684762781 0.9330237209
0.1856020686 0.8158017798
0.7943372541 0.2210387857
0.1111296050 0.8910656699
0.9175764869 0.1204957550
0.3037660638 0.6984427772
0.0609343149 0.9410245900
0.3750342913 0.6300561678
0.1316277769 0.8705327889
0.2290272337 0.7737537216
0.0295876212 0.9738294073
0.9176085463 0.0996343604
0.9972687367 0.0280135447
0.9970403190 0.0171031970
0.0923586299 0.9109623978
0.0026940885 1.2162765852
0.9176347984 0.1023233499
0.1188096352 0.8824776433
0.9210976516 0.0838418536
0.9971703868 0.0188211546
0.9969980744 0.0253558758
0.0334801607 0.9687277144
0.9971703868 0.0188211546
0.0180534336 0.9860388918
0.9968897421 0.0313265832
0.9968897421 0.0313265832
0.1237631292 0.8792131003
0.8004162509 0.2019083998
0.9985078645 0.0062072385
0.1351033701 0.8679130901
0.9968897421 0.0313265832
0.9971703868 0.0188211546
0.8228433254 0.1962189189
0.0321461256 0.9709695419
0.9176347984 0.1023233499
0.9181610366 0.0871408252
0.9973996771 0.0151911172
0.9969980744 0.0253558758
0.3848131638 0.6218953884
0.1362880863 0.8659750632
0.9972687367 0.0280135447
0.0576599848 0.9449331024
0.1457982708 0.8565553163
0.0641121019 0.9390459551
0.7938102695 0.2697644673
0.9175295559 0.1109267274
0.1198682787 0.8828396442
0.8018851159 0.2009316989
0.9979749713 0.0082738493
0.3141529477 0.6884086563
0.3024421895 0.6998416130
0.3761460755 0.6292228518
0.7937187023 0.2680097088
0.9175295559 0.1109267274
0.0259818195 0.9765081678
0.2418258493 0.7600782551
0.9258584063 0.0820860977
0.8276166688 0.1962045235
0.0894501696 0.9128716562
0.9969980744 0.0253558758
0.7937588229 0.2519793637
0.4379533347 0.5809745308
0.9975466461 0.0131206199
0.7940141945 0.2349488364
0.7943921069 0.2238243335
0.3805541553 0.6258981188
0.3238649475 0.6787258525
0.0993869160 0.9034877388
0.0402979140 0.9629023077
0.2355017542 0.7660750260
0.2475616781 0.7547286543
0.5253024675 0.5589151671
0.7939268395 0.3419325389
0.4609113572 0.5690304548
0.9175750885 0.1236814368
0.4098339672 0.6004532116
0.7939268395 0.3419325389
0.9175241111 0.1083193229
0.1161405582 0.8861345149
0.7943940209 0.2191745897
0.3596172247 0.6431577574
0.3721327239 0.6329153069
0.9969980744 0.0253558758
0.4481880376 0.5763370664
0.1949324678 0.8069797475
0.3458625250 0.6574430847
0.3673042816 0.6361873268
0.7936221325 0.2909234495
0.1989818643 0.8034792482
0.4569611652 0.5711616277
0.9970403190 0.0171031970
0.7981266592 0.2048637611
0.3102662294 0.6914992695
0.9973996771 0.0151911172
0.1613966877 0.8410589325
0.7937560013 0.3000074531
0.5056612354 0.5591355567
0.1657728869 0.8368778415
0.7939268395 0.3419325389
0.9972687367 0.0280135447
0.9972687367 0.0280135447
0.5299516624 0.5589451308
0.0874356923 0.9153735951
0.5286476266 0.5589786384
0.3393155391 0.6627948583
0.0153175302 0.9865681672
0.1296496301 0.8722948178
0.5141490258 0.5588838112
0.7937532939 0.2465534721
0.7937560013 0.3000074531
0.0121826616 0.9912399168
0.0083997384 0.9928171793
0.5253024675 0.5589151671
0.5067658942 0.5589049963
0.7940141945 0.2349488364
0.1911477702 0.8118123906
0.5253024675 0.5589151671
