0.0000949151 1.0047270389
0.9999396205 0.0028789460
0.3832093035 0.3864059919
0.6273899488 0.2123203624
0.1895335954 0.5716355907
0.4957542636 0.3009122109
0.0984665232 0.6925506230
0.2828101074 0.4740053631
0.7902247093 0.1150784195
0.8866032369 0.0616695338
0.0518351719 0.7803342553
0.4371391086 0.3437524212
0.5594692690 0.2566116215
0.2354558892 0.5213472795
0.3319773363 0.4295090994
0.7044176345 0.1645069000
0.1435221112 0.6271137440
0.1215382476 0.6588843459
0.5269472469 0.2790143436
0.7448401794 0.1408034768
0.2588480654 0.4973063443
0.4099368997 0.3639802119
0.3573614994 0.4080810985
0.8366825013 0.0893742935
0.4663452708 0.3214720983
0.9418619871 0.0330171787
0.2120169313 0.5453633134
0.0269858900 0.8437701752
0.3073157278 0.4520442006
0.0751614571 0.7327160737
0.5929870733 0.2350069273
0.6647376819 0.1889854109
0.1666841584 0.5984086096
0.6835477253 0.1774141374
0.9136513447 0.0472593444
0.0394183299 0.8088052943
0.2467624679 0.5089214071
0.1100746315 0.6754737876
0.0868501207 0.7128777922
0.5117719604 0.2898329777
0.3443076555 0.4186910177
0.4807965425 0.3113117111
0.2946760992 0.4626006621
0.2239950311 0.5327377032
0.1324554132 0.6427591911
0.6102494235 0.2235313887
0.4523509999 0.3325711895
0.8626425671 0.0755525811
0.4238732328 0.3546531761
0.2007778855 0.5578061809
0.3704606407 0.3972672030
0.2708443696 0.4844974120
0.0138255303 0.8901799517
0.5431835118 0.2678742391
0.0637649819 0.7552835962
0.3969415961 0.3751220379
0.5758715649 0.2457242369
0.9711011094 0.0181802350
0.1771154343 0.5844875619
0.8112652062 0.1025275476
0.7666272056 0.1283101622
0.3192486754 0.4400546744
0.7232218385 0.1528550991
0.6465008058 0.2008851565
0.1554375910 0.6127316291
0.7148048166 0.1591177526
0.0810722992 0.7226811317
0.6013352224 0.2287862881
0.4029220321 0.3701310956
0.4304348475 0.3486061568
0.6745561685 0.1829813264
0.1839146069 0.5780004844
0.5350385480 0.2732289951
0.2768448797 0.4794782496
0.3767403569 0.3913931831
0.1271846115 0.6502398235
0.1039400473 0.6841599161
0.6939422149 0.1713476166
0.5036390226 0.2946544584
0.9002123680 0.0544959894
0.5190386658 0.2840563418
0.2531465462 0.5033868341
0.3508507473 0.4133375266
0.4737816254 0.3169931007
0.3382466952 0.4244392210
0.4883401684 0.3058831279
0.1381836928 0.6343219989
0.0452039229 0.7943609567
0.3011576632 0.4571243068
0.4590299185 0.3277995622
0.2061071345 0.5517095744
0.6178418764 0.2179079061
0.9272484779 0.0403888374
0.0334460661 0.8258215344
0.7791079793 0.1214378716
0.2296104180 0.5276653897
0.3639772891 0.4024595362
0.5518107559 0.2617618724
0.2406376710 0.5149094664
0.4151870068 0.3599233354
0.0574164022 0.7671892783
0.1156096282 0.6668727582
0.4444172196 0.3377555345
0.0926166516 0.7021317268
0.5676970353 0.2516113207
0.7558825141 0.1344918347
0.0204857480 0.8650124888
0.3896109619 0.3808087233
0.5841156484 0.2403169097
0.6553311971 0.1945243378
0.3246675022 0.4352401543
0.1717746238 0.5917261301
0.2641795472 0.4918808131
0.3129804014 0.4462454333
0.2180221933 0.5395240778
0.8232124379 0.0960679921
0.1498452196 0.6203779755
0.7345918579 0.1467318981
0.0693507806 0.7433129793
0.8003686400 0.1091821560
0.9558015876 0.0256006045
0.1949956835 0.5645258165
0.8735225201 0.0689247356
0.1609244613 0.6065645555
0.6363201312 0.2066039556
0.0071172346 0.9247126847
0.8479498639 0.0826689735
0.2888494602 0.4683448630
0.9863606095 0.0103068594
0.2858355261 0.4714860026
0.8429451905 0.0859035947
0.1126959813 0.6702660621
0.1244927884 0.6555710941
0.0839323760 0.7181479680
0.9635185003 0.0218655143
0.7829518460 0.1188075949
0.9786733389 0.0139688715
0.2202764751 0.5372818494
0.6989966308 0.1684596705
0.1919761175 0.5679089567
0.0364205448 0.8184350211
0.5384163952 0.2705639517
0.6047256702 0.2266556186
0.2736531262 0.4828632538
0.3284771364 0.4320851321
0.3798482205 0.3890901128
0.1865521773 0.5749173932
0.4629444457 0.3248099143
0.1071762499 0.6805949165
0.2270860045 0.5294327997
0.2673611406 0.4885487372
0.6890972297 0.1736658801
0.2799112537 0.4771969310
0.4137982353 0.3620187747
0.1811591366 0.5812745074
0.5315089955 0.2761426668
0.1354403830 0.6391413712
0.2091604784 0.5493577827
0.4269034381 0.3515975283
0.5152703568 0.2871438508
0.5797349843 0.2431367070
0.2489868182 0.5072475521
0.5070420507 0.2920620948
0.1413407194 0.6310742674
0.3540149445 0.4098257193
0.2977552108 0.4603549782
0.3349377850 0.4264321615
0.4705126735 0.3195716887
0.9200976433 0.0440059705
0.4771728123 0.3140035772
0.3860954922 0.3838572255
0.5226797597 0.2813560234
0.0104900011 0.9064480711
0.4486479513 0.3356875919
0.0425667686 0.8018406066
0.4846832621 0.3083105099
0.1012625966 0.6883321387
0.3734809704 0.3944249137
0.0957048157 0.6981415885
0.4343507282 0.3464063457
0.5978529738 0.2309650595
0.2432891470 0.5127528354
0.3597865766 0.4057938382
0.3478272661 0.4161917541
0.7516953264 0.1377552614
0.7093082801 0.1618599266
0.2027280518 0.5554756040
0.3415336540 0.4209650085
0.4558252009 0.3296706380
0.3157891023 0.4434182180
0.4206279039 0.3566855997
0.4919481559 0.3037713225
0.3933666778 0.3773228379
0.3670030506 0.4000545133
0.9074616232 0.0509023131
0.6596456732 0.1917455340
0.3224089893 0.4376907961
0.5882805697 0.2376489406
0.3101807947 0.4483370661
0.1184781743 0.6631566209
0.4995416471 0.2980123324
0.2316657506 0.5243694259
0.4067987984 0.3674667535
0.8197972882 0.0984257941
0.2614049117 0.4940585657
0.5544750750 0.2596986712
0.4415452376 0.3411169156
0.0662933439 0.7499347127
0.7198944061 0.1564002087
0.0300043971 0.8343681498
0.8674099638 0.0723979018
0.5711281401 0.2485231354
0.5475009875 0.2654555639
0.1694027083 0.5944003163
0.4002342067 0.3724240818
0.8933476210 0.0584313934
0.6699279587 0.1860733239
0.6142249304 0.2211188513
0.6408692877 0.2030749975
0.0778148763 0.7281011348
0.1980770477 0.5614998988
0.1576835053 0.6095717615
0.1294767035 0.6456142565
0.6230999329 0.2149588295
0.9484156966 0.0292985529
0.1751215738 0.5877273173
0.1471038715 0.6226552688
0.1525735815 0.6164271758
0.2559781086 0.4997828985
0.0721182924 0.7396807128
0.7396049371 0.1432867271
0.8051254173 0.1055880813
0.0036117530 0.9498100634
0.3036320546 0.4542003826
0.6314924534 0.2095658038
0.6792214857 0.1802460098
0.2913262710 0.4664516744
0.0547873937 0.7745227379
0.0901207169 0.7078006296
0.5627653937 0.2545772117
0.0172217395 0.8777996371
0.0607912801 0.7612999109
0.8302599474 0.0926812182
0.1638983937 0.6026838168
0.7725926122 0.1252903648
0.7301317039 0.1502567764
0.2149906675 0.5420451100
0.8795524809 0.0654197516
0.2381243356 0.5174599539
0.0235134922 0.8534344111
0.7612163753 0.1314379066
0.7953850489 0.1120985728
0.0488400370 0.7873991457
0.6506837418 0.1978723121
0.8567863422 0.0789553472
0.9933880568 0.0064449003
0.9346361744 0.0365569599
0.9751705892 0.0156931471
0.2370531857 0.5195106437
0.9375493526 0.0345263213
0.6528910695 0.1958326256
0.6671778523 0.1876777943
0.7584776866 0.1326534912
0.0185943440 0.8719511907
0.3978769393 0.3743880283
0.7976100737 0.1104858007
0.7266674389 0.1513233595
0.6814848782 0.1788050612
0.0471887925 0.7906838532
0.2542821633 0.5020005991
0.0585501569 0.7646931327
0.1850450289 0.5767014797
0.4045280339 0.3685740872
0.3052362166 0.4530036694
0.2846324672 0.4727705771
0.7165813408 0.1579702956
0.0911761296 0.7052187963
0.1766304480 0.5866257399
0.5952144100 0.2333169159
0.0709356114 0.7414007616
0.0793661585 0.7251272715
0.2192088061 0.5380582626
0.5611337856 0.2555830478
0.6078145036 0.2248261827
0.1929507926 0.5671920559
0.0123899202 0.8972540703
0.8334769380 0.0907704965
0.1216855107 0.6574169097
0.0408934441 0.8054422852
0.1256769695 0.6523327826
0.5016396199 0.2963768924
0.4288249289 0.3499324100
0.0855048713 0.7150247517
0.5572115012 0.2584797174
0.5337000303 0.2748819942
0.3459976095 0.4171007881
0.3653511651 0.4014410171
0.2252347885 0.5309778493
0.5371597583 0.2722188806
0.3810469137 0.3876031853
0.0220100585 0.8600148914
0.3273864342 0.4336973174
0.5727761199 0.2476211001
0.4358165828 0.3447869272
0.3555963600 0.4093869359
0.4504995776 0.3337920145
0.0348926511 0.8215127613
0.3301388412 0.4309789775
0.4648671461 0.3235895393
0.3785350103 0.3905226518
0.1280006417 0.6494201827
0.2136463634 0.5443712855
0.4192725109 0.3582863048
0.6966139535 0.1698293836
0.1111191525 0.6736654505
0.4253901090 0.3527693263
0.5209810349 0.2829696714
0.5410774052 0.2694511349
0.2225967455 0.5351476935
0.4862689253 0.3076080986
0.4940554916 0.3016532189
0.5092049801 0.2914498846
0.2478582027 0.5076227465
0.7867414331 0.1170451990
0.2662276919 0.4900586768
0.1169290096 0.6652208701
0.8459512939 0.0842392317
0.5781804383 0.2442566232
0.5903833056 0.2361618577
0.1085536614 0.6768645357
0.4119486316 0.3629641535
0.3718946679 0.3961806121
0.3591955923 0.4060505930
0.1341107312 0.6415308973
0.2105691912 0.5474582065
0.3238757653 0.4361857603
0.5172660611 0.2858116257
0.8160493780 0.1005533859
0.3524421587 0.4112933804
0.2080306328 0.5494845758
0.6028245406 0.2278546678
0.2339270464 0.5220364041
0.4222481544 0.3551588719
0.5248194315 0.2803204902
0.2051938290 0.5540209784
0.7540441924 0.1359397620
0.1394764561 0.6333322422
0.4910526039 0.3047112930
0.1671741595 0.5959883584
0.3914958235 0.3792981217
0.4434684059 0.3396163760
0.1651492268 0.6012534285
0.1961548472 0.5628430014
0.7487098597 0.1384586908
0.3206378012 0.4396906214
0.3152050219 0.4443573669
0.5455417111 0.2664034077
0.2991195926 0.4588014030
0.3085639134 0.4501597575
0.3493576609 0.4143735212
0.0827123069 0.7203953496
0.3874216776 0.3824768268
0.3850188640 0.3852962370
0.0441443063 0.7989459619
0.3366707649 0.4247089328
0.2747614562 0.4813941937
0.7068006244 0.1639970086
0.4982040909 0.2992716827
0.5128637698 0.2882417285
0.5816113551 0.2417961970
0.3175875802 0.4417889840
0.2720147704 0.4841492727
0.2442311134 0.5109683552
0.4540662676 0.3309476135
0.5866311464 0.2390821024
0.4792673949 0.3126378138
0.6911651967 0.1727056728
0.2018282634 0.5572435372
0.8638520427 0.0739547988
0.0768046919 0.7306677867
0.5291945016 0.2775974198
0.4577092233 0.3284050389
0.2968032908 0.4614173280
0.4682234404 0.3206337415
0.1000900544 0.6916977374
0.4156624999 0.3609140778
0.3110889635 0.4470610135
0.4461311305 0.3367938707
0.8589147205 0.0773600703
0.6130399213 0.2217937801
0.5059791885 0.2939967507
0.1307882151 0.6439200212
0.0054496438 0.9357706825
0.2697513237 0.4864861542
0.7422708187 0.1424895188
0.3394100790 0.4234071608
0.7207666481 0.1547012696
0.0088897292 0.9141510913
0.9676610711 0.0198341471
0.4719393665 0.3173829677
0.2310932965 0.5253346511
0.6442880388 0.2009121075
0.0381215832 0.8119243869
0.7816933534 0.1200149326
0.7369321900 0.1453862400
0.0652908947 0.7529038436
0.2516685675 0.5048106408
0.3429517168 0.4191823316
0.3678198006 0.3980026215
0.8212024564 0.0974859684
0.7018318346 0.1666432133
0.1483681633 0.6214873377
0.6723836600 0.1845304605
0.6385871726 0.2048705816
0.2896761644 0.4676413105
0.4089968376 0.3663789292
0.2601493744 0.4957242033
0.3944594828 0.3768673694
0.4606708529 0.3264356619
0.1906347340 0.5694215058
0.6574651354 0.1932303146
0.1994364578 0.5594799420
0.8401539539 0.0871940108
0.2779495250 0.4777465594
0.4017681642 0.3713328715
0.3334024734 0.4284994900
0.1568379509 0.6112282040
0.1710352402 0.5933833255
0.4395436686 0.3418348476
0.5694104598 0.2500156902
0.6253571726 0.2133272147
0.3024903565 0.4560905908
0.5520956601 0.2612862043
0.5660679808 0.2526425946
0.0528386123 0.7778896469
0.6166419504 0.2189428064
0.8264787186 0.0943046179
0.1512664774 0.6180855656
0.1369307000 0.6373236101
0.2870734337 0.4696441591
0.3625031653 0.4037332819
0.1786538462 0.5835164971
0.1594096374 0.6074328695
0.2931355724 0.4644892724
0.2631219741 0.4928868060
0.4322151136 0.3474481875
0.6340197877 0.2080656172
0.0681229888 0.7471609673
0.7320031705 0.1486491775
0.3751884306 0.3929941296
0.0618404560 0.7584091630
0.1141904667 0.6698419419
0.6304939979 0.2106954998
0.2165379420 0.5409933704
0.1453546734 0.6258089189
0.2573626516 0.4983090993
0.9038898111 0.0531465458
0.8094695171 0.1037843511
0.2426454708 0.5137540206
0.9595697522 0.0238063282
0.4755883563 0.3155587608
0.2399566202 0.5158727200
0.8043408687 0.1065911184
0.1818753672 0.5789523556
0.0318749441 0.8298970386
0.9824754596 0.0123070639
0.1879636385 0.5734254914
0.1200781683 0.6605559308
0.6770457243 0.1809829300
0.8907125860 0.0592970637
0.5985083914 0.2307176722
0.7692449788 0.1265082107
0.9167157698 0.0460337694
0.1624805201 0.6041002167
0.1536716521 0.6139364916
0.6483586486 0.1993307531
0.5494668848 0.2639907237
0.9112105966 0.0495277807
0.4828276147 0.3099337613
0.6204603345 0.2159145489
0.7125941295 0.1594917517
0.8971861830 0.0563780378
0.9974297881 0.0042569080
0.0562708063 0.7713317094
0.1426428080 0.6287974382
0.6623334683 0.1904314616
0.0885129643 0.7092449116
0.7755459807 0.1236348033
0.2283461481 0.5290947578
0.0500495955 0.7838418166
0.2813994120 0.4750363482
0.1023429489 0.6863744449
0.1738136566 0.5898733425
0.0254789889 0.8500763741
0.7920226280 0.1140238950
0.8699359248 0.0705977139
0.9527533054 0.0271211462
0.0739500006 0.7361558792
0.0018371735 0.9668037551
0.7632192977 0.1297943824
0.0941615030 0.7023149920
0.8519260757 0.0809634602
0.9237811305 0.0417313210
0.8781177801 0.0673112205
0.0285171046 0.8388148484
0.9459707737 0.0308420889
0.0156808921 0.8828820481
0.9324566980 0.0382804243
0.8830950856 0.0637351996
0.0967024365 0.6966314424
0.6866721817 0.1757572596
0.9904624820 0.0083319963
0.1058364594 0.6830174026
0.9392912984 0.0337773966
0.8825858930 0.0645856399
0.7125941295 0.1594917517
0.0276258253 0.8419054213
0.8018140843 0.1084179313
0.8467046459 0.0830700537
0.9626507163 0.0223408372
0.9118650624 0.0484332815
0.2875868558 0.4688079750
0.1064941687 0.6809432880
0.8726330014 0.0697638686
0.0471887925 0.7906838532
0.1132640990 0.6700195948
0.0524450677 0.7782975039
0.6202087393 0.2166163010
0.7768629881 0.1223825970
0.0945559715 0.6998778186
0.6881150353 0.1747708084
0.9840052128 0.0110204167
0.2361769916 0.5203567449
0.2278348673 0.5293955151
0.2820578803 0.4754775957
0.4746836614 0.3157606797
0.8142788714 0.1016535065
0.0230044687 0.8569789047
0.1825110747 0.5787604749
0.8580204850 0.0778242558
0.7003086054 0.1677568808
0.0717949125 0.7395922613
0.9262763858 0.0409531656
0.4817976607 0.3106287886
0.3258220543 0.4348854699
0.9765728712 0.0151874285
0.6518165039 0.1969206667
0.6633303125 0.1897875174
0.2850578070 0.4718703016
0.2433448920 0.5126626925
0.0790549859 0.7266241406
0.0341082664 0.8234599638
0.1786538462 0.5835164971
0.1871435940 0.5746782108
0.4323022263 0.3470005458
0.4729307220 0.3171277517
0.3403676297 0.4223307762
0.7598010348 0.1322164964
0.3063477789 0.4518049146
0.4618961430 0.3253373292
0.7882635437 0.1159251993
0.0922652595 0.7040091392
0.6659515246 0.1883380409
0.2701577402 0.4859872280
0.2779495250 0.4777465594
0.9191095618 0.0448497320
0.3322563790 0.4285969641
0.1484432597 0.6210344246
0.2593229582 0.4955761057
0.2764025757 0.4797003523
0.5359232091 0.2729372978
0.1519738755 0.6167884606
0.3366707649 0.4247089328
0.9655788068 0.0205778871
0.6828068280 0.1777986565
0.2329275266 0.5234647586
0.9540053993 0.0267186602
0.1249992505 0.6529140088
0.4874208801 0.3068553501
0.3678198006 0.3980026215
0.1279038108 0.6497836315
0.5412795993 0.2689520681
0.8793245699 0.0657297633
0.9044432640 0.0522889583
0.3889139754 0.3816384580
0.0704413888 0.7429558603
0.3970805211 0.3749812831
0.2551372372 0.5010106939
0.0148068340 0.8861249124
0.1023429489 0.6863744449
0.4461311305 0.3367938707
0.6308558593 0.2096678184
0.4996491297 0.2974067026
0.0114504537 0.9019509368
0.0079888173 0.9190877107
0.4067987984 0.3674667535
0.4054228838 0.3683590197
0.6085826858 0.2238781871
0.1462112971 0.6251136288
0.3824552579 0.3864856930
