0.4995501582 0.9999890451 0.4854371432 0.4964472907 0.4860553658 0.5125912492 0.4817161362 0.4809699697 0.4669666857 0.4920171098 0.5166823651 0.4977175450
0.5004830709 0.0000000214 0.4921380518 0.5219027496 0.5258122684 0.4770521765 0.4932439141 0.5423566684 0.5025208352 0.4840913863 0.4683337660 0.4867970313
0.0000086657 0.5000127401 0.5029442203 0.4906151586 0.5029121064 0.4866278776 0.5060857969 0.4973157717 0.4996258082 0.5022310786 0.5245075186 0.4958814198
0.3922088050 0.4996247862 0.5006693414 0.4895974015 0.4859154868 0.5319804521 0.4860335450 0.5203596906 0.4767031258 0.5214082574 0.4813765446 0.5018183514
0.0000177964 0.0000537916 0.5013099935 0.4910457800 0.5109822565 0.5017540544 0.4957891229 0.5046250577 0.5016798895 0.4876897489 0.5120777294 0.5022456435
0.9999215440 0.7890812704 0.5150584625 0.5014500679 0.4971349797 0.5140040237 0.5033520927 0.4921661648 0.5064457258 0.5146690843 0.5013757639 0.5063636261
0.9989876430 0.3913224754 0.4934577750 0.5052021007 0.5105961331 0.4958888281 0.4977139999 0.4838555281 0.4906944307 0.4992533130 0.5035398653 0.5036872242
0.0000003391 0.9991254333 0.5054980483 0.4975511416 0.5009844020 0.4888249097 0.5085781436 0.4969827598 0.5119548072 0.4992834450 0.5026248945 0.4846942735
0.0019674219 0.9983646485 0.5037599126 0.4990290667 0.4949678817 0.5054073334 0.5089693665 0.4977323933 0.4922400230 0.5131749815 0.4961441036 0.5164373739
0.0026163060 0.0021721140 0.5050499781 0.4897655836 0.4990443841 0.5038045084 0.4985994470 0.5039178594 0.5041117537 0.4858453649 0.4945749694 0.4941442265
0.0590894780 0.5001682286 0.4730304158 0.5008461114 0.5019302317 0.5001262110 0.4967916228 0.4956683791 0.5021363686 0.4972133632 0.4902500516 0.5178921187
0.5116895742 0.9103885588 0.4923027051 0.5079368549 0.4809013058 0.5070101223 0.5015867157 0.4597873301 0.4972929789 0.4930477662 0.4924878428 0.5178550728
0.7871026325 0.5030479934 0.4819546740 0.5107197976 0.4920060167 0.5006861210 0.4973530178 0.5081898633 0.5074725517 0.4942468740 0.4940267772 0.4769599082
0.1513679520 0.8426322559 0.5131157629 0.4842627147 0.4971956239 0.5040609103 0.5080191109 0.4929719738 0.4967519794 0.5114950811 0.5058498198 0.5220848359
0.4813026546 0.7570943099 0.4883710136 0.5002541729 0.5244553115 0.5136948770 0.5185768213 0.5017506538 0.4972929863 0.4930042975 0.5022593049 0.5085364710
0.4971387443 0.0901344586 0.5061461177 0.5077098715 0.5242990568 0.4962820390 0.4847204547 0.5178498861 0.4958422077 0.4832748181 0.4836848513 0.5053996891
0.1502220405 0.1519846494 0.4822542933 0.4998486796 0.5007336141 0.5053565672 0.5034680236 0.4954242426 0.4941153288 0.4963905657 0.5039884649 0.5062065451
0.1746114841 0.5033573799 0.4916043355 0.5175862235 0.5251898257 0.5225149931 0.4975975954 0.4754334000 0.4791808231 0.5014091334 0.4992942268 0.4936796289
0.4810491064 0.2379640073 0.5084584391 0.4974876651 0.5046230100 0.4866805643 0.4907648676 0.5200759069 0.5203870953 0.5113459691 0.5145124267 0.5007476695
0.0000177964 0.0000537916 0.5013099935 0.4910457800 0.5109822565 0.5017540544 0.4957891229 0.5046250577 0.5016798895 0.4876897489 0.5120777294 0.5022456435
0.2994196406 0.8942506447 0.5205210166 0.4989487680 0.4790411010 0.4932833151 0.5322359517 0.5031777549 0.4872598391 0.5176263038 0.5114308502 0.4890468686
0.0000225157 0.9999967976 0.4985553446 0.5106716299 0.4992700512 0.4983226545 0.5127703387 0.5207962750 0.5016483642 0.5033286555 0.5238339915 0.5055362638
0.0000001162 0.0001190014 0.5073810049 0.4904754982 0.5037165847 0.5005754663 0.5110412011 0.5065427239 0.5076008704 0.5068162860 0.4983961562 0.4980832005
0.0109543758 0.0003465611 0.4929976414 0.4923864123 0.5054874099 0.5029669162 0.5014126833 0.5086809744 0.4947667300 0.5002589678 0.5109514042 0.5072791271
0.5589530618 0.5893912241 0.4858031608 0.5015846239 0.5080892909 0.4515065456 0.4957576975 0.5045588990 0.5048014023 0.5204205963 0.5005099865 0.4836197202
0.3422250903 0.2942147624 0.4925259139 0.5151209405 0.5144299041 0.5153160750 0.5028211799 0.4978734882 0.5221927595 0.5064361437 0.4973341756 0.5182189863
0.1169955238 0.7943437683 0.4873086440 0.5311615440 0.5074966787 0.5160783106 0.4926452081 0.5075559107 0.5080723602 0.4945694328 0.4851523680 0.4887729441
0.0000003391 0.9991254333 0.5054980483 0.4975511416 0.5009844020 0.4888249097 0.5085781436 0.4969827598 0.5119548072 0.4992834450 0.5026248945 0.4846942735
0.0000001162 0.0001190014 0.5073810049 0.4904754982 0.5037165847 0.5005754663 0.5110412011 0.5065427239 0.5076008704 0.5068162860 0.4983961562 0.4980832005
0.6905771702 0.2019296665 0.5021659568 0.5041359969 0.4999766056 0.4886583845 0.4998410027 0.4745256543 0.5029943880 0.5117252675 0.5061149377 0.5124833997
0.0000003391 0.9991254333 0.5054980483 0.4975511416 0.5009844020 0.4888249097 0.5085781436 0.4969827598 0.5119548072 0.4992834450 0.5026248945 0.4846942735
0.1198268409 0.2101867696 0.5121816076 0.5079437070 0.5010483743 0.5205214136 0.5051973119 0.4962669814 0.5009857536 0.4887986163 0.5105237161 0.5193085353
0.3444337707 0.7024189341 0.4795480935 0.5013747199 0.5219400590 0.4991028067 0.5025782633 0.4995484069 0.4995047919 0.4981589826 0.5184092714 0.5202735390
0.2537698337 0.3715538191 0.5244693385 0.4972777222 0.4958375428 0.4876852807 0.4860283731 0.4810693199 0.4913351000 0.4931006134 0.5105067935 0.5056538696
0.5602470469 0.4080683398 0.5007787895 0.4844838927 0.5063867071 0.5032608303 0.4995624231 0.4934741331 0.5003690325 0.5200186298 0.4886125978 0.5094083192
0.7643409795 0.3421261351 0.4876648888 0.4862497249 0.5107182354 0.5046695516 0.5098640384 0.4777928016 0.4888534861 0.4874750361 0.5212823124 0.5157333352
0.9997825449 0.4421077136 0.4948090608 0.5058187531 0.4901290930 0.5076017907 0.4931676599 0.5081471509 0.5085430013 0.4894752179 0.4993696349 0.4981841112
0.0093061046 0.9994746428 0.4929225873 0.4972653386 0.4811888677 0.4911085764 0.4980978332 0.4891988546 0.5082108576 0.4944004075 0.5144310153 0.4998677018
0.9997390366 0.2626716587 0.4865278827 0.5043850491 0.5109439695 0.5000149251 0.4870951702 0.5085714647 0.4953686121 0.5026113249 0.4931334201 0.4931863512
0.9997825449 0.4421077136 0.4948090608 0.5058187531 0.4901290930 0.5076017907 0.4931676599 0.5081471509 0.5085430013 0.4894752179 0.4993696349 0.4981841112
0.6999518003 0.7945644664 0.4869576558 0.5032931790 0.5166013613 0.5110837044 0.5047090902 0.5013121319 0.4929532957 0.4957673983 0.4986612786 0.5113949419
0.2540086115 0.6215767588 0.5197702830 0.5034194436 0.5132949709 0.5256957769 0.5110004803 0.4787905780 0.4917252990 0.4930085602 0.4997129496 0.5068083472
0.2971527339 0.1034321246 0.5123359747 0.5065387382 0.5210070126 0.5019707640 0.5032196523 0.4996775297 0.4977141125 0.4981040937 0.5145112711 0.5006300316
0.2093340029 0.8745394362 0.4716026974 0.4976710059 0.5054505251 0.4868795289 0.5020769456 0.5032678468 0.5057280958 0.4993161055 0.5123891286 0.4910225630
0.0913726748 0.7020393375 0.5126184924 0.4966313234 0.5033591350 0.5142304679 0.5093150492 0.4977532591 0.5263795962 0.5058706693 0.5122714748 0.5024221271
0.7643078098 0.6672384057 0.5080349795 0.5035919288 0.5047745750 0.5044804663 0.4967496077 0.5206404773 0.5364684525 0.4982065156 0.4806471408 0.5017234898
0.0000001162 0.0001190014 0.5073810049 0.4904754982 0.5037165847 0.5005754663 0.5110412011 0.5065427239 0.5076008704 0.5068162860 0.4983961562 0.4980832005
0.0918286703 0.2961323095 0.4865673068 0.4971302147 0.4936709833 0.5005997406 0.4846741234 0.4998243381 0.5186891165 0.5096646143 0.5059452050 0.4984021288
0.0019674219 0.9983646485 0.5037599126 0.4990290667 0.4949678817 0.5054073334 0.5089693665 0.4977323933 0.4922400230 0.5131749815 0.4961441036 0.5164373739
0.2001341940 0.1247771019 0.5408669625 0.4763401107 0.5054021099 0.4922880901 0.4993346933 0.4892714299 0.5003124569 0.4954727128 0.5166776254 0.4909076627
0.9999215440 0.7890812704 0.5150584625 0.5014500679 0.4971349797 0.5140040237 0.5033520927 0.4921661648 0.5064457258 0.5146690843 0.5013757639 0.5063636261
0.0000177964 0.0000537916 0.5013099935 0.4910457800 0.5109822565 0.5017540544 0.4957891229 0.5046250577 0.5016798895 0.4876897489 0.5120777294 0.5022456435
0.0273560959 0.9998322969 0.4946385350 0.4953936249 0.4816686422 0.4994091750 0.5029346591 0.4969968869 0.5011148454 0.5060669609 0.5028167155 0.4990565397
0.9971832183 0.1006159947 0.5036691080 0.5117316457 0.5078199515 0.5099049652 0.4950500432 0.4996200588 0.4919493815 0.5001568747 0.4931170958 0.4900897681
0.9976178430 0.7111547346 0.4940382638 0.4854686690 0.4913747178 0.5084869974 0.5033876341 0.5009459691 0.4949088713 0.5018411562 0.5030395946 0.4955436931
0.0380919498 0.9375724042 0.4885063773 0.5171646711 0.4899721663 0.5039944175 0.4925770671 0.4941282351 0.4942351386 0.5056842985 0.5010361493 0.4862328899
0.0319882090 0.9075970674 0.5081461717 0.5006467411 0.4913917857 0.5140335689 0.5066707356 0.5071246453 0.5119325097 0.5223541880 0.5025365428 0.5086087859
0.4351464144 0.4006442257 0.5222627138 0.5208034454 0.4900430401 0.5171397499 0.4958628480 0.5020553643 0.4893903396 0.4894250582 0.5146238476 0.5069489561
0.0137858669 0.4281662054 0.5182984333 0.5054444837 0.5018736844 0.5066680664 0.5071068155 0.4939032135 0.5005196190 0.5000057665 0.5193824279 0.4986928927
0.3239283957 0.1548891188 0.4851013863 0.5063582536 0.5075225402 0.5015216216 0.4761798951 0.5110722454 0.5274140079 0.5100453204 0.4864677075 0.4849918272
0.0430558717 0.0680201941 0.5063987392 0.5160653802 0.4895944459 0.5064758017 0.5148855222 0.5047262424 0.5047375446 0.5015833728 0.5008555561 0.4939407318
0.1556394576 0.0241841836 0.4854945995 0.4894189059 0.5145014196 0.5057947417 0.4947122418 0.5098391824 0.5008249090 0.4816818192 0.5167507857 0.4936477935
0.6385851904 0.5004648085 0.5147118646 0.4811517609 0.5113806121 0.4928453852 0.4748333273 0.5002369629 0.5184981578 0.4880954699 0.5169952120 0.4823845583
0.5031105958 0.4989359716 0.4851884812 0.5173084694 0.5017118625 0.4947050241 0.4949038861 0.5302560974 0.4890249682 0.4791171836 0.5139111174 0.5079143151
0.0996371988 0.0350919736 0.4977782090 0.4925876173 0.4950981837 0.4913380312 0.4901522217 0.5133791306 0.5038959447 0.4994153119 0.5282555470 0.5138363193
0.9268226094 0.6829665819 0.4902482339 0.5038366986 0.5086943697 0.4909087798 0.5015754088 0.5012401986 0.5036764404 0.4952022527 0.4988814468 0.5107557352
0.0181146417 0.8422800814 0.4865020649 0.4823473084 0.5054829537 0.5186914184 0.5025861818 0.5073608098 0.4992064168 0.5309681334 0.5013151530 0.5074637374
0.8514514295 0.1153399035 0.4945870323 0.4894577056 0.5088599964 0.5019089764 0.4865648578 0.4963872292 0.4994774585 0.5072729045 0.4992145897 0.5139470778
0.1650712973 0.9213792044 0.4906828992 0.5044536813 0.4919013358 0.4971878739 0.5007823384 0.5015057497 0.5052880038 0.4908064483 0.4963917710 0.4971108270
0.1817929786 0.3606572955 0.4915500212 0.5035416712 0.4895386449 0.5092773939 0.5078818933 0.5030992538 0.5088293238 0.4993757279 0.5082674644 0.5121052085
0.5119745656 0.8669345309 0.5129892070 0.5024013994 0.5169082962 0.4996646054 0.4802158581 0.5151766877 0.5015569374 0.4893604751 0.4962540278 0.5091329175
0.0888675624 0.8847923396 0.5052767152 0.4988015162 0.5240832111 0.5132375032 0.5062501447 0.4951711547 0.4998815676 0.5131263022 0.5038449266 0.5075208714
0.8563505773 0.5871025612 0.4950758162 0.5018732560 0.4872615444 0.5069399306 0.4961797355 0.5024399828 0.4977822856 0.4890872730 0.4956495670 0.4909066801
0.1814390478 0.7540361362 0.5032668532 0.5008427620 0.4800948335 0.5117166666 0.4901560874 0.4866024277 0.5116043118 0.4792311201 0.5082126258 0.5078160848
0.4367870089 0.6025426397 0.4901818488 0.4966063396 0.4919135566 0.5196906678 0.4994598576 0.5050186082 0.4727658450 0.4815093347 0.4853083523 0.5077946468
0.1771132827 0.2430698551 0.5088443947 0.5274501785 0.4993807881 0.5040344817 0.5175236112 0.4872160136 0.4938629675 0.4834081375 0.5232103536 0.5201871908
0.0971179740 0.9663508332 0.5211496215 0.4946590665 0.5003433588 0.4921948390 0.4874568137 0.5054581779 0.4931718168 0.4923328885 0.4867427756 0.5048839787
0.3449112886 0.7780985362 0.5114923118 0.5271769258 0.4922699487 0.4806294017 0.5143437010 0.5050927240 0.4872725189 0.5053087873 0.4998615118 0.5058492109
0.1864080510 0.6451678221 0.5135098648 0.5121304419 0.5084176884 0.5001658282 0.4996998852 0.4836660651 0.5058966439 0.4770402871 0.5083848558 0.5052122449
0.1353352402 0.3393108131 0.4973771499 0.4972797973 0.5003008440 0.5097573620 0.4998889355 0.4968086507 0.4783817873 0.4947815484 0.4941713956 0.4931014526
0.9393800465 0.4754664990 0.4898226346 0.4963384882 0.4954995410 0.4958926675 0.4988739526 0.5001061187 0.5100390644 0.4943251285 0.4967511873 0.5077886872
0.7051943392 0.4171772026 0.4764743228 0.4809882933 0.4839456195 0.4874617356 0.4914931791 0.4992176236 0.4857883921 0.4979220927 0.4797675654 0.4673609353
0.6059818931 0.3294900623 0.5167269426 0.4930539781 0.5167656913 0.4926455214 0.5315595634 0.5058964888 0.5027259838 0.5115082740 0.4920912130 0.4961589557
0.3333633139 0.3882661722 0.4966946357 0.5170854134 0.5337681797 0.5247968373 0.5326355616 0.4828948718 0.4835566325 0.5136383745 0.5038794271 0.5033497810
0.3338251865 0.6132211550 0.5125647945 0.4988403294 0.4817055060 0.5008432319 0.5016980858 0.5056200971 0.4974482287 0.4978095872 0.5201516365 0.5021649962
0.1122329142 0.0873595356 0.5071917326 0.4958616117 0.5026423518 0.5023206971 0.5074660838 0.5208901238 0.4903271206 0.5130882486 0.5023751789 0.5022656936
0.9289922242 0.3500225175 0.4932883401 0.5136002674 0.5033046792 0.5135404378 0.5013826666 0.5096637498 0.4938944442 0.5041207784 0.4930482632 0.4902864462
0.0688543865 0.8506208947 0.5148237648 0.4848493325 0.5075204929 0.4885261836 0.4986841868 0.5037632626 0.4964902393 0.4772147968 0.5140063534 0.5006243613
0.0659714067 0.9598585064 0.4857759432 0.4998618937 0.4949085712 0.5036282487 0.5046053645 0.4938311017 0.5249117679 0.4911126499 0.5047763043 0.5040788853
0.0608675004 0.7508338361 0.4843995508 0.4751994235 0.5146080750 0.5078040277 0.4961011782 0.5171568122 0.4880254311 0.5245775388 0.5064138771 0.4942031727
0.2449311965 0.2684770756 0.5054381493 0.4727624137 0.5013600102 0.5014023333 0.5054150326 0.4960130270 0.4907706974 0.5080062353 0.4927777175 0.5086339922
0.4992616097 0.8130126226 0.5007767900 0.4871123695 0.4764703128 0.5000528935 0.5074585717 0.4966432675 0.4857078867 0.4826235027 0.4980898176 0.4967820623
0.2553816655 0.0537009034 0.5026103203 0.5031974232 0.5129253960 0.5092920076 0.5028132883 0.5125315526 0.5071354713 0.4943743769 0.5156553327 0.4938020643
0.8575543992 0.4135411475 0.5165583709 0.5157541521 0.5106481115 0.4999108622 0.4942383160 0.5203754601 0.4945383010 0.4921713233 0.5089695600 0.4937382381
0.4647264243 0.6846381809 0.5018203160 0.5101778278 0.4915867735 0.4863307634 0.4943989685 0.5247365141 0.4760051972 0.5047804744 0.4895144059 0.4761307221
0.4585347545 0.3134222854 0.4981258709 0.5359628912 0.4850400194 0.5216609366 0.4745971194 0.4983816097 0.5096619793 0.4939112813 0.5085251162 0.5080800391
0.9011031045 0.2278887199 0.5050656091 0.4920631651 0.4884626917 0.5167092767 0.4963154220 0.5140901151 0.5034641126 0.4992687628 0.4982964502 0.4963497925
0.2532530118 0.7289903643 0.4961959414 0.5085297612 0.4977530737 0.4749442556 0.5144017882 0.5002937313 0.4946550691 0.5076519502 0.5075178062 0.4999409533
0.6466949949 0.2555477851 0.5240867087 0.5234943047 0.5079975980 0.4977528193 0.5040388934 0.4949079810 0.5321937454 0.5024901533 0.4999745236 0.4989168804
0.5012266129 0.0233366912 0.5115473214 0.5107165762 0.5170909703 0.5016795876 0.5083511281 0.5036928696 0.4669482343 0.4801575890 0.4999504534 0.4951778771
0.8273175730 0.2620403573 0.5070508729 0.5052586383 0.5259244371 0.4928316797 0.4959618445 0.5156830484 0.5043785838 0.5035377823 0.5072377043 0.4902238866
0.6051145963 0.6686809929 0.4681076611 0.4932225629 0.5014988689 0.5156343768 0.5014593818 0.5078218017 0.5069970390 0.4938458155 0.4890093298 0.4750124814
0.7055206894 0.5895401706 0.5055747750 0.5039876126 0.4889928606 0.5012771230 0.4868587843 0.5153996461 0.5115552320 0.5067671603 0.4755034764 0.5111824812
0.3340948428 0.8505207341 0.5019303760 0.4982806753 0.4962829186 0.5082195519 0.5036983664 0.5015001704 0.4927662107 0.5140531345 0.5144638175 0.5015886112
0.1197855204 0.9113401257 0.5115737487 0.4859824991 0.4923553326 0.4929411830 0.5045058846 0.5001311372 0.4973993946 0.5094665604 0.4976747062 0.5010962893
0.2359186621 0.4977768865 0.4810900583 0.5043593814 0.5017522930 0.4971674822 0.4848682995 0.5059470485 0.4665336858 0.4957401017 0.5091501668 0.5131228958
0.0898113718 0.1188519018 0.5079639048 0.4911106963 0.4916689229 0.4960348392 0.5316796209 0.4965026917 0.4988934075 0.4970274326 0.4950136247 0.5028136316
0.2446997513 0.9358360378 0.5143886334 0.4907564872 0.5057176577 0.4953943037 0.4935450763 0.5091803069 0.4942223422 0.4933069285 0.4910464215 0.4959361372
0.1279590565 0.5004270866 0.4973215513 0.4987797017 0.4891322976 0.4986909525 0.5100982267 0.5067693360 0.5094011924 0.4964415266 0.5076482927 0.5167909551
0.0706906743 0.1519002268 0.5078069971 0.4967483622 0.5204333428 0.5045105005 0.4964374486 0.4888651314 0.4908028585 0.4929387453 0.5040080372 0.5056549235
0.5484956404 0.9948183456 0.5136342862 0.4858800032 0.4890694717 0.4810390147 0.4942568064 0.4969831278 0.4880298352 0.4918453980 0.5095333978 0.4838986997
0.2355904303 0.8102265451 0.4960010689 0.4970315235 0.4957412191 0.5020766541 0.5266379519 0.5060709583 0.4843323758 0.5130927108 0.5164450431 0.5046141481
0.0187202189 0.1651796721 0.4986390425 0.5078560341 0.5003550396 0.4936595406 0.4981504250 0.5066904378 0.5058758002 0.5001863887 0.5025138947 0.4959879173
0.9029007597 0.7840748346 0.4832612419 0.5057905596 0.4931024732 0.4997666837 0.4816242439 0.5042051836 0.4896729553 0.4972409534 0.5060083300 0.5048843591
0.0388135994 0.0484840044 0.5005100634 0.4863268948 0.5007681068 0.4789868311 0.4887167955 0.5046971553 0.4987712092 0.5016592027 0.4919732592 0.4959837011
0.3370957194 0.2134442344 0.4912546587 0.4913873299 0.4995675249 0.5026101067 0.4998480416 0.5009605702 0.5126200991 0.4897044999 0.5141220966 0.5037658096
0.7481068702 0.1441677107 0.4958198454 0.5037341099 0.4942444896 0.5046520525 0.4945620529 0.5047177078 0.4849397969 0.5001483215 0.4957463369 0.4962216784
0.2328256952 0.1857850736 0.4964243453 0.5000222123 0.4994534709 0.4969061550 0.5083410131 0.5107060133 0.4949160028 0.4669525067 0.5036080713 0.4825109005
0.6514758819 0.7371255562 0.4933975712 0.5019261051 0.4994527714 0.5090214931 0.5174747139 0.5078200617 0.5277416765 0.5076405746 0.4904570481 0.5014051055
0.1350075124 0.6662645778 0.4864350771 0.4816005673 0.4896541507 0.5008949243 0.5048919196 0.5025231989 0.4858032947 0.5080073785 0.4998869532 0.5024608355
0.4909462624 0.1810574080 0.4990435752 0.4917628700 0.5129405763 0.4940600177 0.5020396425 0.4859829857 0.4724732501 0.5050837708 0.5121640448 0.5113438608
0.0503345336 0.9544494475 0.4981323351 0.4936769067 0.5092392353 0.4914791401 0.5076920724 0.5025892296 0.5082979472 0.4926931858 0.5104853033 0.4911282796
0.0679442918 0.0416718526 0.4824964439 0.4811249172 0.4921740714 0.5037629453 0.4943545129 0.5158560633 0.5035272829 0.5058270025 0.5137899861 0.4975540190
0.3041197359 0.5035810108 0.4794385404 0.5266554657 0.4892198128 0.5308458774 0.5096115599 0.5067418423 0.5003321496 0.4866280584 0.4826568645 0.5068309897
0.0130206828 0.4792984424 0.4890283342 0.5071898054 0.4958560255 0.4899190888 0.4996913374 0.5080390406 0.5009785237 0.4976416001 0.4969305904 0.4966339254
0.8291123327 0.7144530951 0.4928275125 0.5035695880 0.5122285672 0.4954696909 0.5093691785 0.5049769735 0.5174509133 0.5089314176 0.5065835046 0.4792972168
0.0313314439 0.0944276539 0.4984049223 0.5245822912 0.4850237285 0.5007473841 0.5111259801 0.4993743054 0.5062264660 0.4829707336 0.5067331223 0.4987511936
0.7627445322 0.8598255757 0.4839984267 0.5175891331 0.4970623164 0.4947046662 0.4848712659 0.4776085827 0.4858392870 0.5028836963 0.5063537143 0.5037435841
0.1735378597 0.9795419109 0.5129620739 0.5057435323 0.4947093368 0.4939908625 0.4839044899 0.4919980588 0.5010509744 0.5150758565 0.4957025496 0.4915478532
0.4711657218 0.0127531286 0.4962543156 0.4957810115 0.5033910548 0.4856309543 0.5138075935 0.4825009376 0.5069321334 0.4870365691 0.4929199493 0.5050878629
0.1544800029 0.0650022094 0.4765717115 0.5041334375 0.5064087328 0.4933272213 0.4913514661 0.5020374696 0.5147311872 0.5074386170 0.4894778201 0.5009405800
0.0922713084 0.5138850816 0.4893003452 0.5112782499 0.5109854690 0.5133953983 0.4963613923 0.4940709997 0.4907505398 0.5136610361 0.5217850342 0.4674194228
0.5093725606 0.1243068324 0.4851188617 0.5270163805 0.4970153825 0.5027615887 0.4862360735 0.4796799113 0.5289444033 0.4802013284 0.4912764665 0.5161560687
0.0640941608 0.2629820408 0.4987790554 0.4823371687 0.4950035920 0.4939684169 0.4872153480 0.5182129746 0.5043243399 0.5055408393 0.5245169204 0.5013888633
0.5025987480 0.9467084748 0.5025981256 0.4950012956 0.5037956422 0.5172391248 0.4927423617 0.4742277313 0.4980102326 0.4978991990 0.5243595640 0.5112434847
0.8485806845 0.9317139378 0.4863938499 0.5138825947 0.4940089498 0.4917963686 0.4955910040 0.5286100175 0.5182844210 0.5040872023 0.4891444611 0.5015053567
0.0000003391 0.9991254333 0.5054980483 0.4975511416 0.5009844020 0.4888249097 0.5085781436 0.4969827598 0.5119548072 0.4992834450 0.5026248945 0.4846942735
0.0000001162 0.0001190014 0.5073810049 0.4904754982 0.5037165847 0.5005754663 0.5110412011 0.5065427239 0.5076008704 0.5068162860 0.4983961562 0.4980832005
0.0000177964 0.0000537916 0.5013099935 0.4910457800 0.5109822565 0.5017540544 0.4957891229 0.5046250577 0.5016798895 0.4876897489 0.5120777294 0.5022456435
0.1273288227 0.0275136708 0.5041701378 0.5102132249 0.4993948235 0.4997468763 0.4914362432 0.5136606044 0.5013467743 0.4937854891 0.4848881992 0.4884815274
0.0012226324 0.9999907131 0.4983388213 0.5149138564 0.5025251765 0.5036548851 0.5055011835 0.5098793215 0.5074566172 0.5228784189 0.5070120256 0.4969656926
0.4301338009 0.1918503308 0.4906184859 0.4979319469 0.5112488790 0.4707358719 0.5188641962 0.5067799262 0.5252093171 0.4957592769 0.5179911440 0.4891785424
0.0020441964 0.9998600068 0.4837872378 0.5052660629 0.4959255359 0.4813681217 0.5041679388 0.5062567863 0.5007963522 0.4760744688 0.5052561504 0.5033913228
0.1021929986 0.2575066373 0.4971284561 0.5132859440 0.4772014127 0.5044078602 0.5001275811 0.4966159210 0.5148103553 0.4843444446 0.5095913885 0.5014817549
0.0000225157 0.9999967976 0.4985553446 0.5106716299 0.4992700512 0.4983226545 0.5127703387 0.5207962750 0.5016483642 0.5033286555 0.5238339915 0.5055362638
0.1038066991 0.7465192927 0.5151507695 0.5023143974 0.4818362911 0.5204798396 0.4971758292 0.4724031621 0.4922306464 0.4906234135 0.5135995310 0.5171777915
0.2338756368 0.8788541946 0.5013133847 0.4895729947 0.5032611278 0.4866537559 0.4736328377 0.5040391199 0.4841193145 0.5025761894 0.4955888613 0.4837155842
0.3769508147 0.8576413026 0.5126781631 0.5033582957 0.4861495078 0.5055597293 0.5055234347 0.5012467448 0.4953331357 0.5114500558 0.5247866151 0.5088533186
0.0000003391 0.9991254333 0.5054980483 0.4975511416 0.5009844020 0.4888249097 0.5085781436 0.4969827598 0.5119548072 0.4992834450 0.5026248945 0.4846942735
0.0775013977 0.1444337314 0.4940570845 0.4951158596 0.5136697989 0.4896993002 0.5073006575 0.4923869132 0.4852231726 0.4896637424 0.4952515090 0.5068958234
0.5695645844 0.4712979700 0.5062853174 0.5265038691 0.4858951917 0.5075328390 0.4944494793 0.4984511983 0.5002892836 0.4864242805 0.5011169793 0.5293799929
0.2557560035 0.1091353337 0.4820583648 0.5089835735 0.5124653920 0.4821286901 0.4882827620 0.5170031569 0.5074001999 0.5049064255 0.4846745566 0.4732317121
0.0000001162 0.0001190014 0.5073810049 0.4904754982 0.5037165847 0.5005754663 0.5110412011 0.5065427239 0.5076008704 0.5068162860 0.4983961562 0.4980832005
0.1415979632 0.8280124286 0.4781784085 0.4871297614 0.5084260629 0.4846903063 0.4861146704 0.4842883745 0.4803231966 0.4817732405 0.4919344287 0.4922362385
0.2043697092 0.5455947259 0.5099435916 0.4997807070 0.4954514201 0.4800029366 0.4880700624 0.5038909807 0.5030006946 0.4984134414 0.5148908086 0.5088368770
0.4866496562 0.3737372806 0.5429550000 0.5014859751 0.5190939108 0.4805097705 0.4696787092 0.4923567545 0.4874961248 0.4924097696 0.4912091417 0.4714275058
0.3815868035 0.2072896631 0.4755770009 0.5200466062 0.5025363911 0.4859097467 0.5037812117 0.5160116071 0.5007575283 0.5180764416 0.5040208970 0.4791956419
0.9300711080 0.5530213751 0.5033923157 0.5269924249 0.4996588390 0.5052299611 0.4990810170 0.4845653654 0.5127513323 0.4982156142 0.4995349208 0.4958571145
0.3545064195 0.9033085572 0.4784411889 0.5122594941 0.4983608469 0.4725801498 0.4888011662 0.5148986147 0.4922570769 0.4975813497 0.5109609402 0.4899523026
0.0000003391 0.9991254333 0.5054980483 0.4975511416 0.5009844020 0.4888249097 0.5085781436 0.4969827598 0.5119548072 0.4992834450 0.5026248945 0.4846942735
0.2795885329 0.6543234209 0.4945284913 0.4981254625 0.5115112930 0.4903914035 0.5251245699 0.4914613378 0.4780306450 0.4945431980 0.5089474867 0.4892634460
0.2061689947 0.3241719729 0.4941947262 0.4801818486 0.4849810705 0.5187268983 0.4847589524 0.5124708842 0.4922418300 0.4911939477 0.5208044226 0.4967566260
0.0919593863 0.8958959093 0.4849087176 0.5141000863 0.4997728878 0.4857510559 0.5046018902 0.5139401023 0.4908486644 0.5113949376 0.4968390344 0.4907432642
0.0512261960 0.7181488819 0.5161387725 0.5101478657 0.4917746861 0.4901443690 0.4974980680 0.4918411706 0.5204624223 0.4991777637 0.5014712489 0.4838381432
0.0000019594 0.0000014487 0.4946276800 0.4997971111 0.5092503108 0.4858835616 0.5085702788 0.5014294209 0.4915022990 0.5055880424 0.5142555366 0.4967831090
0.4461432129 0.4613457945 0.4960318959 0.4839257466 0.4997451646 0.5082522615 0.5071564726 0.4919929468 0.5067054622 0.5205727161 0.4969601356 0.4761319642
0.9967976401 0.1236771294 0.5105180471 0.4934833257 0.4976842396 0.5091551278 0.5005227635 0.5002668262 0.4898718524 0.5073865116 0.4942306128 0.5066379485
0.6228069223 0.6149691692 0.5056893929 0.5079949036 0.5144397818 0.5165100040 0.5010744851 0.5006776066 0.5000352325 0.4932219665 0.5011692483 0.5075064037
0.0902627453 0.1029763696 0.5018831548 0.4881146523 0.4935318771 0.4956268632 0.5180839731 0.4946722010 0.4971989914 0.4992110533 0.4932525459 0.5009895215
0.3686744249 0.3561409419 0.5073563991 0.4999941722 0.5088230817 0.4877469463 0.4853541267 0.5014398750 0.5047892948 0.5004819168 0.4970879174 0.5130117923
0.5687466679 0.8303226260 0.4958026624 0.4983741598 0.4749085985 0.5165006080 0.4970606379 0.5077017978 0.4819238170 0.4889462570 0.4925947929 0.5073347917
0.7838780840 0.4472661174 0.5099543390 0.4908168584 0.5040529386 0.5240847778 0.5105610663 0.5099555285 0.5191389390 0.5105663687 0.4847923850 0.5043699286
0.0330608078 0.8888907538 0.4942730829 0.5073222566 0.5111976589 0.4977792175 0.4885215974 0.5091187560 0.5096455511 0.5220139532 0.5148826967 0.4747706003
0.7797268526 0.1814093318 0.4922313765 0.4942146500 0.4999298568 0.4981793119 0.4960349478 0.4957132630 0.4928931613 0.4974384375 0.4923886895 0.5013978371
0.1213626922 0.3765398016 0.4909434187 0.5170218744 0.4929534176 0.5172110552 0.5275643463 0.4925580900 0.5185153594 0.5019146951 0.4963288424 0.5213461292
0.9989876430 0.3913224754 0.4934577750 0.5052021007 0.5105961331 0.4958888281 0.4977139999 0.4838555281 0.4906944307 0.4992533130 0.5035398653 0.5036872242
0.2808084774 0.3426406376 0.4920326144 0.5080445439 0.5039446059 0.5212542068 0.5063520965 0.5220548459 0.5119142352 0.5176881984 0.4813421528 0.4981216248
0.3110112904 0.6811846656 0.4882050552 0.5031750602 0.5272723664 0.5117135930 0.5085654328 0.4912345738 0.5051255793 0.4828531511 0.5188427962 0.5229091848
0.6989684336 0.1181257777 0.5020815654 0.5031638643 0.4977180806 0.4740645386 0.4893203606 0.4894663475 0.5134513375 0.5158703153 0.5051556708 0.4974295794
0.5160128726 0.7030225617 0.4965901212 0.4827995724 0.5059892501 0.4873562158 0.4784437334 0.4970810854 0.5081704111 0.4863508491 0.5075182659 0.4825331705
0.9184649623 0.3113036653 0.4916557214 0.4946097254 0.4943665698 0.5078986256 0.4943127411 0.5035554386 0.4863879526 0.5085944767 0.4994904775 0.4923597596
0.0491563874 0.0406561137 0.4884652356 0.4987808862 0.5060637415 0.5176776501 0.5048482614 0.5094526252 0.5043011277 0.4935575793 0.5011945512 0.4846039369
0.7107478690 0.4717271440 0.4768037224 0.4979744250 0.4973198642 0.5007490930 0.4980702415 0.5107515011 0.5008324303 0.4975164524 0.4927757225 0.4698602619
0.5010134300 0.4350742111 0.4921224911 0.5194510501 0.4994572501 0.4938443085 0.4899982620 0.4975781534 0.4799519483 0.5061281389 0.5162707445 0.5039227387
0.3429592868 0.4621486702 0.5208535242 0.5064773531 0.4914987262 0.4992476784 0.4824304199 0.5197815422 0.4949241459 0.5184976215 0.4944854797 0.4947926611
0.7265184458 0.7481530067 0.5209924071 0.4979038288 0.5084175306 0.5162525641 0.5077711878 0.5037354783 0.5026372958 0.5213921836 0.5065148285 0.5054074473
0.8096869059 0.2244746080 0.4978030569 0.4900160273 0.5204867391 0.4969546450 0.5153289371 0.5080856234 0.5165674770 0.5184710282 0.5164575498 0.4979709013
0.0416197251 0.0529367305 0.5011917673 0.4946427158 0.4969562017 0.5083128716 0.5159291210 0.4982383517 0.4883231579 0.5195513241 0.4918837654 0.5029493256
0.9128700303 0.7450697801 0.4933261957 0.4947362149 0.4955712037 0.5198456068 0.5019783164 0.4927819385 0.4907095672 0.5000726089 0.4729925486 0.4986586095
0.3875505618 0.5709041319 0.5169029823 0.5235065664 0.5118004998 0.4933578526 0.4882086351 0.5023610138 0.5002400784 0.4961545740 0.4730779995 0.5051957342
0.0810849052 0.8755535710 0.4956429337 0.4850532097 0.5114810205 0.5031210945 0.4938824036 0.4875718427 0.5009447236 0.5161742488 0.4961267845 0.5039309354
0.2976453773 0.8339276046 0.4910861606 0.4930085174 0.4941208737 0.5105441312 0.5092617511 0.5207848439 0.4887066763 0.4785596504 0.5040958478 0.5072855869
0.2648914457 0.8854622353 0.4955454371 0.4938475894 0.4842471031 0.4963751753 0.5056999427 0.4965435102 0.5080618159 0.5036222049 0.5059170908 0.4988119638
0.0000740775 0.6735995023 0.5139793094 0.5006213563 0.4960034042 0.5148937011 0.5162238336 0.5068869442 0.5023873389 0.5149921583 0.4926857771 0.4983798455
0.9296470472 0.6182965382 0.4870829423 0.5021398992 0.5054911402 0.4910684699 0.5003187700 0.4989615263 0.5032162715 0.4941102924 0.4976005097 0.5105962113
0.6764131558 0.2996063451 0.4997203098 0.5101622756 0.5146849310 0.4903461939 0.4982257248 0.5135920750 0.4908493919 0.4929256141 0.5090973398 0.4969249138
0.3050766655 0.7656888996 0.4837964546 0.5132862619 0.4955746578 0.5045653817 0.5038396694 0.4991982242 0.5004001782 0.4954798899 0.4871225364 0.4910010355
0.3888868602 0.4315935862 0.5082284515 0.4958041017 0.4846956635 0.5150869289 0.5022801750 0.4990806592 0.4685269810 0.4934675881 0.5120040062 0.5142633537
0.2074012946 0.6754700922 0.4970162986 0.5172928628 0.4926978907 0.5012560323 0.5118929944 0.5081087493 0.4953721641 0.4965660367 0.4771630443 0.5201852079
0.8520764523 0.3649063137 0.5019603194 0.5009543049 0.5019495693 0.5067632161 0.5094764344 0.5172689903 0.5287490705 0.5020461458 0.4896880870 0.4967756646
0.9997825449 0.4421077136 0.4948090608 0.5058187531 0.4901290930 0.5076017907 0.4931676599 0.5081471509 0.5085430013 0.4894752179 0.4993696349 0.4981841112
0.7824262293 0.5537227611 0.5021021881 0.5031028185 0.4867082333 0.5039541981 0.5046209907 0.5156669276 0.5164987765 0.4889728134 0.4920990908 0.4928561614
0.2146225517 0.7923252499 0.5312937046 0.4994774917 0.4665862425 0.4899459422 0.5304264233 0.5190440678 0.4937224142 0.5285859102 0.5081928980 0.4925758196
0.0572008079 0.0388121961 0.4908588307 0.4988572154 0.4963875010 0.5145504914 0.4979201269 0.5172848410 0.5020340013 0.5202012864 0.5011108256 0.4980492808
0.2971198617 0.4256454946 0.5112354978 0.5017658125 0.4876154220 0.5025906420 0.5097511403 0.4967182207 0.4794715930 0.5065388959 0.5231087332 0.5103365070
0.1196943074 0.9171399968 0.5304655816 0.4952727388 0.4855710603 0.5045306166 0.5036009520 0.4982525162 0.4948913655 0.4877445448 0.4880001239 0.4928289061
0.6378689180 0.4377040338 0.5040077266 0.4882899694 0.5212511730 0.5084639102 0.5027210288 0.4973529912 0.5006104240 0.5149964040 0.5219995524 0.4929061940
0.2287371566 0.1212083015 0.4800234686 0.4951227956 0.5039014293 0.4925218305 0.4936087580 0.5169616812 0.5092290440 0.5067380438 0.4941118830 0.4782304824
0.4426247328 0.5332065050 0.5089023153 0.4817990133 0.5340220111 0.5191955705 0.5198235019 0.4802375842 0.4736593780 0.4998418693 0.5030888264 0.4960855189
0.4149782626 0.6619868006 0.4926445163 0.4957943148 0.4878018905 0.4819037585 0.5214412337 0.5083957573 0.5036335905 0.5160480985 0.5124768710 0.4959791890
0.1282972073 0.1887369830 0.4896100740 0.4934539348 0.5143759705 0.5065389739 0.4857374960 0.5086684444 0.4808403224 0.5078195868 0.4996546250 0.4956186881
0.4999024445 0.5625692213 0.5132761360 0.5227510704 0.5097195885 0.4809379295 0.4893175991 0.5002215908 0.4637466664 0.5087276148 0.4995442189 0.4725072591
0.6678373851 0.8342621071 0.4986540124 0.4853518804 0.4769964435 0.4946862564 0.5088813165 0.4980169161 0.4970152462 0.5220276257 0.4900377587 0.4905519549
0.5774343632 0.2763942936 0.4869901314 0.4972743474 0.5035787175 0.5061742638 0.5033695013 0.5196880202 0.5011373009 0.4834304632 0.4932442026 0.5022301076
0.0026163060 0.0021721140 0.5050499781 0.4897655836 0.4990443841 0.5038045084 0.4985994470 0.5039178594 0.5041117537 0.4858453649 0.4945749694 0.4941442265
0.3805170752 0.2752466622 0.5118039594 0.5182362655 0.4982315560 0.5129620392 0.4756897722 0.5088648734 0.5202804414 0.5177982790 0.4846217791 0.4941963722
0.1561380211 0.7354169258 0.5038199962 0.5039176903 0.4905211730 0.4857144534 0.5004252006 0.5190781956 0.5124780549 0.4872357795 0.4899946652 0.4996696489
0.3832482321 0.7230181294 0.4961880823 0.4869293521 0.4961535896 0.4958391020 0.4935570182 0.5144011692 0.5241427239 0.4973146165 0.5078759898 0.4920731771
0.1490452668 0.7011121603 0.4725991198 0.4908482743 0.4974192042 0.4977215612 0.4990861255 0.5043386977 0.4932031337 0.5114235919 0.4849323329 0.4953178791
0.4866457596 0.6232328649 0.4747301669 0.5037499027 0.5212267870 0.5219668595 0.4998304384 0.5067367885 0.5189912328 0.4762053917 0.4811970127 0.4800169946
0.5456379002 0.3475339595 0.4857771551 0.5320079700 0.4772446293 0.5061389595 0.4868816243 0.5096631098 0.5106161766 0.4967234173 0.4898212692 0.4877433104
0.5423883525 0.2143276921 0.5070646388 0.4938468253 0.5192495329 0.4919920164 0.5054365744 0.4825866267 0.5138100622 0.4995575343 0.4997300813 0.5124273570
0.8634573960 0.4649676020 0.4871056256 0.5234651702 0.5095068648 0.5006231490 0.4966357941 0.5056282254 0.5141126731 0.4909772957 0.4952778320 0.4840595545
0.0281879902 0.1379239995 0.5021388055 0.4790906303 0.5025363854 0.5014399777 0.5100427648 0.5034191857 0.4960197299 0.4973296486 0.5068239886 0.5013124494
0.6976716165 0.0500034569 0.4815838632 0.4977995391 0.5279429360 0.5024141500 0.4949919445 0.5030546092 0.4926789687 0.4575569313 0.5049056872 0.5070386746
0.1529708573 0.3066195919 0.4988705569 0.4627639012 0.5044361332 0.4977834073 0.4926395088 0.5058813702 0.4902858437 0.5067385399 0.4816685319 0.5173700443
0.0322118351 0.0673709703 0.4866251684 0.5045802300 0.5050625227 0.5137623030 0.5122001088 0.5133064247 0.4993067355 0.4934174599 0.4995273614 0.5102629502
0.1459773267 0.9167641546 0.4900012473 0.4916579021 0.4998861783 0.5030050435 0.5272488531 0.4962535256 0.4853469029 0.5157448119 0.5059918199 0.4903585906
0.0000085214 0.9999990273 0.5002339158 0.5141432202 0.5138606629 0.5288413665 0.4850775670 0.5033796334 0.5025075931 0.5010186632 0.5089703113 0.4898787499
0.4124045898 0.3350103490 0.5044687220 0.4918337296 0.4807013224 0.5233146161 0.5219731179 0.5209492108 0.4916721105 0.4820299739 0.5257295378 0.4647290667
0.1112009343 0.0213262277 0.4946519190 0.4929877336 0.5074387463 0.4842064878 0.5047451939 0.4926323646 0.5036667484 0.4946801185 0.4934196732 0.4940425654
0.5775886321 0.7212146554 0.4826730241 0.4924600696 0.4918231572 0.4909690377 0.4928204110 0.5129796879 0.4884285090 0.4935718201 0.5164552627 0.4922071116
0.0000001162 0.0001190014 0.5073810049 0.4904754982 0.5037165847 0.5005754663 0.5110412011 0.5065427239 0.5076008704 0.5068162860 0.4983961562 0.4980832005
0.0000177964 0.0000537916 0.5013099935 0.4910457800 0.5109822565 0.5017540544 0.4957891229 0.5046250577 0.5016798895 0.4876897489 0.5120777294 0.5022456435
0.1027319006 0.0945058544 0.4974283947 0.4972260492 0.5150722495 0.4861191989 0.5201201424 0.5169208111 0.4911890986 0.5072879128 0.5094819116 0.4970847465
0.5661780013 0.5284232522 0.4835226607 0.4766250655 0.5042417670 0.5029690836 0.4979388277 0.5262593404 0.5047122637 0.4960110526 0.4866206009 0.4823320727
0.1937427160 0.2199367634 0.5028314687 0.5006002619 0.4996494802 0.5235542047 0.4942917558 0.5201196468 0.5014142946 0.5193031181 0.4890197225 0.4943172345
0.1642390950 0.2680322991 0.5036838447 0.5105242630 0.5314088858 0.5036147526 0.5053462389 0.4919301329 0.4848812537 0.5108758579 0.5149943994 0.5056024662
0.0000225157 0.9999967976 0.4985553446 0.5106716299 0.4992700512 0.4983226545 0.5127703387 0.5207962750 0.5016483642 0.5033286555 0.5238339915 0.5055362638
0.1681599532 0.1387472846 0.5094969485 0.5036489728 0.5182326519 0.4991408240 0.5052951565 0.4861675333 0.4824811253 0.5021970958 0.5049550411 0.5011233086
0.6365535201 0.5570370483 0.5083282873 0.4785890364 0.5031933764 0.5245182933 0.5131857957 0.5077033706 0.4894117499 0.4898840012 0.4741406266 0.5154666211
0.9163809989 0.2362119204 0.4873946032 0.4991268584 0.4981031150 0.5053317233 0.4990930129 0.5061393688 0.4981780696 0.4999356745 0.5152735408 0.4998529950
0.1807632341 0.1343563895 0.4991732703 0.5012026352 0.5045458247 0.4993804565 0.5048196272 0.5166412748 0.5001169422 0.4707551230 0.5061798764 0.4810577400
0.9976178430 0.7111547346 0.4940382638 0.4854686690 0.4913747178 0.5084869974 0.5033876341 0.5009459691 0.4949088713 0.5018411562 0.5030395946 0.4955436931
0.6009575973 0.8779221853 0.5135491560 0.4996677215 0.4969829803 0.4827283380 0.5073015901 0.4932358322 0.4961803283 0.4948242270 0.4812439603 0.4827836190
0.7225002763 0.2364843137 0.5058714179 0.5183240055 0.5064595120 0.5177130425 0.4838655319 0.4929084788 0.4892132016 0.5107171221 0.4992006240 0.4988170894
0.0432346614 0.9542388340 0.5041678161 0.5043735809 0.5013225620 0.4969389186 0.5077099030 0.5028878434 0.4944883283 0.5049461382 0.4953978819 0.5008175818
0.0850933354 0.0379685672 0.4899079501 0.4993008819 0.5123529500 0.4893342010 0.4769549401 0.4870867424 0.4755711534 0.4989926113 0.4852536261 0.5070160235
0.1874388752 0.8645457022 0.5116872643 0.5050602337 0.4995885295 0.5216759664 0.4824552838 0.5051163288 0.4877095240 0.5176090378 0.5165540381 0.5092451925
0.8677604044 0.1298082747 0.4888311288 0.4991603201 0.4959328756 0.5034099304 0.4945567734 0.5126267105 0.4898531594 0.4981898439 0.5001135182 0.4942118247
0.1286378011 0.8125375775 0.4779433607 0.4888963907 0.4975323030 0.4996418369 0.4850170677 0.5208823102 0.5275552825 0.4962816186 0.4933511360 0.4937514025
0.9645523975 0.9772001624 0.5033842387 0.5103039658 0.5119672395 0.5052926319 0.5055609050 0.5092170116 0.4873704820 0.4989996726 0.4903434356 0.5097103311
0.7775809242 0.3957830473 0.4899130494 0.4932615715 0.4972739850 0.5205049035 0.5038861101 0.5199797013 0.5080215950 0.4855052987 0.4890394051 0.5110938906
0.7790834233 0.6131901381 0.4987638516 0.5032276966 0.5031832657 0.5205661280 0.4978716603 0.5012718692 0.4945031261 0.4903679026 0.4987491265 0.5126969087
0.1800150649 0.9296851680 0.5155097607 0.5079970076 0.4933373260 0.4992217256 0.5089280200 0.4848467807 0.5117503288 0.5241968882 0.4905586854 0.5066632867
0.0439795319 0.6146658118 0.4855677458 0.4943331011 0.5109444618 0.5110605590 0.4654819023 0.4968691731 0.5068184061 0.5055404670 0.5055560657 0.4812464673
0.1449455188 0.4485279496 0.5069211004 0.5041759270 0.4908836028 0.4777932476 0.5239795152 0.4966504737 0.5015261963 0.5036257126 0.5002314133 0.4972531557
0.2772282347 0.7456232453 0.4876471549 0.5025879189 0.4730064571 0.4853626345 0.5103289376 0.5011623893 0.4978576239 0.4798511721 0.4883145107 0.5004709007
0.2836457753 0.1653377812 0.5140787275 0.5131738837 0.5002651082 0.5014726700 0.4840644949 0.5020764120 0.5233737292 0.5115548630 0.4893099959 0.4960793552
0.2274788983 0.2930946418 0.4858724497 0.5069894440 0.5117585570 0.5092041327 0.5014650805 0.5152751510 0.5172970029 0.5010740540 0.4928328412 0.5039880244
0.0000001162 0.0001190014 0.5073810049 0.4904754982 0.5037165847 0.5005754663 0.5110412011 0.5065427239 0.5076008704 0.5068162860 0.4983961562 0.4980832005
0.4284425285 0.8636174114 0.4844190659 0.4993664774 0.5129087649 0.4943009323 0.4987955564 0.4946283519 0.5086799138 0.5014960353 0.5028309820 0.4949272245
0.0139602250 0.2795634968 0.4985065650 0.5091616372 0.5046030251 0.4906879641 0.4976959085 0.4965857775 0.5157190198 0.4943836764 0.5111132338 0.4821453279
0.8048313756 0.0420490529 0.4939713677 0.5142909071 0.5097849738 0.5001727362 0.4974438029 0.5033265642 0.4981231012 0.4911553997 0.4909884798 0.4917362349
0.2703545884 0.2490811255 0.4826451879 0.5209701411 0.4919914816 0.4930417279 0.5072047223 0.4837394751 0.4979684680 0.4741740756 0.5129610026 0.4785628966
0.0750771077 0.9609932619 0.4920690532 0.5035781630 0.5145434868 0.5105367238 0.4902244315 0.5002290586 0.5096754000 0.4925166333 0.5195026115 0.4963248335
0.0000003391 0.9991254333 0.5054980483 0.4975511416 0.5009844020 0.4888249097 0.5085781436 0.4969827598 0.5119548072 0.4992834450 0.5026248945 0.4846942735
0.3739510900 0.6345335225 0.4861837797 0.5053471980 0.4812075688 0.5139002104 0.5043374451 0.5062098428 0.5028388731 0.4950292743 0.5060755770 0.4821286806
0.9270189380 0.3841089857 0.5016631636 0.5013559062 0.5128296407 0.4930492847 0.4955688844 0.5145809097 0.5129824606 0.4989478855 0.5045583229 0.4988159388
0.0734677166 0.8684678112 0.5134360014 0.5003335751 0.5127048887 0.4988854444 0.5037699454 0.5057477769 0.4918755444 0.4930708587 0.4962692634 0.5007104225
0.5167624898 0.2928718141 0.5102478337 0.5153171906 0.4983350938 0.5124565580 0.4833766485 0.5156042398 0.5221090055 0.5059300353 0.4892222606 0.5001731263
0.1102978989 0.4298259125 0.4928571347 0.4682754418 0.4747021464 0.5058313631 0.5012931938 0.4990298665 0.4781209345 0.4840272619 0.5130165935 0.4925299532
0.0649132380 0.8280015685 0.4899088135 0.4948873654 0.5001387642 0.4893553455 0.4881347781 0.5028915991 0.5011502914 0.4882811916 0.5239751434 0.4890160268
0.6914089081 0.3597832416 0.4870693733 0.4867767676 0.5021032140 0.5034994397 0.4986935818 0.4999949663 0.4890156261 0.5009352383 0.4931904833 0.4636347858
0.3116211027 0.3180963069 0.5105098927 0.5054548804 0.5001714042 0.4859207506 0.5263875886 0.4862034583 0.4804485476 0.5011335892 0.5070877888 0.4914671316
0.3883794814 0.7965567256 0.4774234811 0.5001901163 0.4824507604 0.4965320873 0.5010179189 0.5255650905 0.4907161866 0.4956854923 0.5273196716 0.5050959890
0.1308850537 0.9949163814 0.4967990378 0.4975334006 0.4942972150 0.4808927287 0.5032440129 0.4933279717 0.4931378937 0.4856079378 0.4968842547 0.4959496401
0.2943993624 0.5783097912 0.5187287518 0.5193388261 0.5113010480 0.5250685746 0.5080455114 0.5091939639 0.4945394301 0.4817801068 0.4843609632 0.5018647588
0.3450940268 0.5387915768 0.4820554973 0.5097113664 0.5050509818 0.4881972077 0.5193745077 0.4992524794 0.5212793176 0.5005447320 0.4947095782 0.4910226961
0.1413608546 0.1717663654 0.4894389302 0.4882882079 0.4871545613 0.5141531108 0.4959970115 0.5104089218 0.5010983942 0.5054569808 0.5113646400 0.5060586207
0.3548582091 0.0954996451 0.4907067867 0.4836355098 0.5201343634 0.4978929215 0.5116389475 0.5199365106 0.4950499136 0.4905975045 0.4990045198 0.5057682316
0.0651289464 0.1800283323 0.4952822890 0.4864381009 0.5015200505 0.5016402157 0.5144212053 0.5139764105 0.4923077094 0.5078912348 0.5035051790 0.5042320085
0.0523321704 0.9542197990 0.5111627775 0.4955677134 0.4979554268 0.4936267314 0.5049557419 0.5036491058 0.5028497624 0.4871091792 0.5111936160 0.4982465999
0.5460145459 0.7719164734 0.4754050796 0.4995477438 0.4718690862 0.5106947067 0.4990727790 0.5096763024 0.4853674391 0.4848432193 0.5029535013 0.4851722781
0.0537843001 0.3021182422 0.5320708305 0.4952510598 0.5063881580 0.4836892021 0.4968146225 0.4814528231 0.5079293551 0.5050133178 0.5005085953 0.4883394548
0.0451373059 0.9414514774 0.5159621097 0.5074677922 0.5121535926 0.5076669794 0.5032521022 0.4984115110 0.4963142596 0.5131798242 0.4920049432 0.4961927780
0.3078061550 0.9467694532 0.5138043239 0.4981032639 0.5046237296 0.4943196887 0.4845518740 0.5124281236 0.4955838957 0.5007307323 0.4981202853 0.5000439772
0.3051953613 0.2339099638 0.5195836921 0.4955115337 0.5028556361 0.5233595124 0.5018355218 0.5092933247 0.4987030826 0.4883798045 0.5212930324 0.4853520830
0.1715539732 0.6032916058 0.4824620066 0.4974951066 0.5138963398 0.4769696716 0.4903707800 0.4921327175 0.5050797981 0.4783922970 0.4913038313 0.4689638847
0.1692856071 0.8531774555 0.4804988012 0.5062452016 0.4907393080 0.5097092882 0.5070778292 0.4891480621 0.4841030832 0.4940453724 0.5202097797 0.4551511887
0.2276304234 0.4105056497 0.5015500669 0.4618151455 0.4996153553 0.5144218990 0.4685986975 0.5124659164 0.4991109617 0.5157111637 0.4717492827 0.5190111886
0.8943145704 0.8166723518 0.4873005177 0.5078537604 0.4986709552 0.4896218669 0.4893060733 0.5097294294 0.5024677501 0.5029196740 0.4778324401 0.4998272458
0.2277967759 0.5862471952 0.4735036545 0.5005497718 0.4720883695 0.5440499057 0.4967199697 0.5240117934 0.5020205833 0.5069395307 0.4817215132 0.5223090583
0.4365837419 0.8084082274 0.4994887855 0.4896541719 0.4852129112 0.5018864626 0.4971044143 0.4882197058 0.5175421771 0.5179961997 0.4942845101 0.5122934802
0.9976178430 0.7111547346 0.4940382638 0.4854686690 0.4913747178 0.5084869974 0.5033876341 0.5009459691 0.4949088713 0.5018411562 0.5030395946 0.4955436931
0.6947108440 0.6334431275 0.5002395036 0.4936709553 0.5049861706 0.4945391868 0.4970777645 0.4902934346 0.4820085888 0.5017409543 0.5015622137 0.4897889802
0.6442748625 0.9163383629 0.4758268116 0.5088056485 0.4939562142 0.4770525944 0.4875163564 0.5162383225 0.4848165843 0.5027034132 0.5017892437 0.4918212555
0.7100371120 0.5232236699 0.4858272599 0.4999508866 0.4991153434 0.4911710951 0.4928708664 0.5026527340 0.4763892042 0.4757899934 0.4984583708 0.4947365069
0.1227950824 0.6216816351 0.5096873914 0.4934109724 0.5276740112 0.5197481040 0.4982802599 0.4866492011 0.5102808410 0.4935701042 0.4816851003 0.5144883606
0.8648674266 0.5398522071 0.4966599212 0.5063093003 0.5021866264 0.5128217825 0.5050570786 0.5133984349 0.5033296644 0.5061997746 0.5006976571 0.4929151072
0.3857203923 0.0549334086 0.5029929123 0.4956530578 0.4771449359 0.5015028359 0.4844061758 0.4695304884 0.5124268868 0.5062480532 0.4981179972 0.5065300789
0.8472011006 0.6250882346 0.4968106239 0.4965334403 0.4809904760 0.5015698199 0.4928555172 0.5068528541 0.4839263420 0.5111193207 0.4902217109 0.4974489904
0.2000104542 0.4526796225 0.5111265852 0.4778537835 0.5287062132 0.4982895655 0.5242472387 0.5011378844 0.4833895683 0.4937311071 0.4766015503 0.5123287165
0.9997825449 0.4421077136 0.4948090608 0.5058187531 0.4901290930 0.5076017907 0.4931676599 0.5081471509 0.5085430013 0.4894752179 0.4993696349 0.4981841112
0.0000001162 0.0001190014 0.5073810049 0.4904754982 0.5037165847 0.5005754663 0.5110412011 0.5065427239 0.5076008704 0.5068162860 0.4983961562 0.4980832005
0.1954723654 0.7821390800 0.5008784006 0.5002979308 0.5117916720 0.4979416007 0.4797325697 0.5005532260 0.4933482647 0.4969965444 0.5166648342 0.4840243683
0.6233644974 0.3845326740 0.5046885352 0.5149528520 0.5049548495 0.5057068295 0.4974172740 0.5071631267 0.4827089771 0.5065113078 0.5004115525 0.4680744981
0.1259642150 0.0858185355 0.5186239617 0.5073239487 0.5092410909 0.4860937686 0.5165891337 0.5041775543 0.5217143845 0.4859644750 0.5121463883 0.4909470061
0.5426761917 0.6447019507 0.4955795853 0.4914258826 0.5038171165 0.4973612899 0.4793113135 0.4936875071 0.4844931201 0.4916752845 0.4941060615 0.4813424328
0.8147260744 0.7703111578 0.4939224264 0.5023565533 0.4900011061 0.4936140615 0.4977526475 0.5218078998 0.4960655493 0.5022133418 0.4810667453 0.4880449052
0.2629060828 0.8222218356 0.4925378798 0.5060387923 0.4991617708 0.4864962915 0.4903254943 0.4934532334 0.5032196752 0.4707189930 0.5067185578 0.4853001380
0.0019674219 0.9983646485 0.5037599126 0.4990290667 0.4949678817 0.5054073334 0.5089693665 0.4977323933 0.4922400230 0.5131749815 0.4961441036 0.5164373739
0.9997825449 0.4421077136 0.4948090608 0.5058187531 0.4901290930 0.5076017907 0.4931676599 0.5081471509 0.5085430013 0.4894752179 0.4993696349 0.4981841112
0.4324895133 0.7411251323 0.4880473530 0.4879453765 0.5175553434 0.4915516980 0.5204271838 0.5205304545 0.5174330892 0.4828201364 0.5056510075 0.4962372156
0.7542970466 0.2940654988 0.5107025699 0.5179275819 0.5052175913 0.5180397950 0.4969270264 0.5045634098 0.4836711625 0.5166924919 0.4953811899 0.4906828887
0.0631295364 0.7998789245 0.4708503041 0.4895924952 0.4924525075 0.5133635615 0.5052973198 0.4995418356 0.5122972079 0.5070468660 0.5131883275 0.5062355140
0.2090334490 0.2025782166 0.4838756312 0.4874914099 0.5120599787 0.4935319358 0.5178765782 0.5051125761 0.5026069323 0.4732668617 0.5120266300 0.5023471382
0.2920007738 0.0570579071 0.4973585999 0.4819999362 0.4990297721 0.4855610200 0.4926612204 0.4828600610 0.4972275489 0.5095941084 0.5064862160 0.5113065938
0.1076297034 0.2381098550 0.4915443455 0.5047086833 0.4950727080 0.4955558044 0.4975992204 0.5076944062 0.4931643930 0.4985052317 0.4926547393 0.5145394333
0.0476292643 0.0538470087 0.4817763622 0.4897377448 0.5066674719 0.4916778906 0.4864905574 0.5164187995 0.4906766193 0.4913311019 0.5092487272 0.5005568078
0.1824014350 0.0740892798 0.5011235597 0.5061660093 0.4943316741 0.5032533134 0.4956086989 0.5108965102 0.4970990520 0.4815438273 0.4923094835 0.4843967898
0.2280370309 0.7019210115 0.5049069157 0.4963094631 0.4735182718 0.5041765263 0.4932877079 0.5009569362 0.4910852975 0.5046888300 0.4939770377 0.5133332221
0.2143679104 0.0138260648 0.4915863988 0.4961122291 0.4900262204 0.4916253422 0.4796003156 0.4818366499 0.4917426749 0.5030336846 0.4947967690 0.5147588446
0.8882096016 0.1140416256 0.4878035215 0.4948414796 0.5156872662 0.5109473586 0.4908660933 0.5005522572 0.4995948404 0.5078817827 0.5020666013 0.5017460431
0.0586913832 0.2064787845 0.5195313616 0.5022242611 0.4972159449 0.5102730311 0.5186575541 0.4936631794 0.4939889192 0.4988777603 0.5155767929 0.5077525717
0.9997825449 0.4421077136 0.4948090608 0.5058187531 0.4901290930 0.5076017907 0.4931676599 0.5081471509 0.5085430013 0.4894752179 0.4993696349 0.4981841112
0.7489605290 0.7172496936 0.4875752795 0.5088631379 0.5048414628 0.4909956036 0.4856322545 0.5026854260 0.4959753426 0.5081700513 0.5044470873 0.4955598059
0.1073998911 0.9824035773 0.4966125066 0.5034334406 0.4882228081 0.4871220955 0.4872486268 0.5007309390 0.5013077793 0.4849712588 0.5069228432 0.4996145635
0.1686160115 0.4038881805 0.5303041771 0.4915288817 0.4970284543 0.4777950551 0.4776606793 0.4804295593 0.4679257623 0.4889434170 0.5043350512 0.5001868354
0.0831982749 0.1304814891 0.5032062309 0.4923683758 0.5072676758 0.5050210021 0.4957928370 0.4817425909 0.4965475239 0.4721701499 0.5004585198 0.5147723273
0.1042615898 0.9034525180 0.4944721486 0.5019790448 0.4988478608 0.4976667830 0.4930808277 0.4958261947 0.5030608625 0.4835143200 0.5142862752 0.4985304244
0.4345898281 0.0977176996 0.4961353968 0.5157779904 0.5208716414 0.4830853173 0.5092715355 0.4889645506 0.4756800406 0.5073759913 0.5262083176 0.5155266660
0.2210276339 0.0712319408 0.5228074852 0.5092057328 0.5110387236 0.4989184602 0.4952137278 0.5043147630 0.5341375349 0.5005805713 0.4882157171 0.4980150290
0.2583202646 0.1786990993 0.4776795961 0.4973107354 0.4978376398 0.5000798111 0.4944128416 0.5071662097 0.5097919443 0.5082687511 0.4898666613 0.4873911285
0.3207499431 0.9986365126 0.5004356001 0.5043885739 0.4962778857 0.4837868991 0.5105515737 0.4980725440 0.4876943332 0.4823197281 0.5035707691 0.5069978050
0.0002545269 0.9965901962 0.4920600653 0.4927450094 0.4853332960 0.4931670911 0.5010284473 0.5023297290 0.5088478790 0.5031480386 0.5169627799 0.5026738777
0.2046973316 0.9354483276 0.4904596133 0.5024462446 0.4862165704 0.4888657067 0.4912517628 0.4986954377 0.4932475220 0.4903756410 0.5101767080 0.4999357429
0.0626430986 0.4275323470 0.5033243821 0.5063751266 0.4932102867 0.5040581620 0.5088111100 0.5100543010 0.5035847982 0.5048765960 0.4824475895 0.4935472306
0.0273450577 0.9351823352 0.5111914225 0.4946892747 0.5065865236 0.4993145827 0.5058260396 0.5063693514 0.5084441793 0.4918820923 0.5256427997 0.5034205832
0.4386600265 0.1378650181 0.4908086136 0.4912463872 0.5204089189 0.4956286488 0.5053907342 0.5143498151 0.5026262827 0.4775104810 0.4946527813 0.5043933852
0.9965944226 0.1847170733 0.4980968942 0.4931475482 0.5065469952 0.4956230670 0.4955259250 0.5061046072 0.5001548540 0.5133418480 0.4920103668 0.5068607205
0.4242433814 0.2539900034 0.4821793091 0.4653185032 0.4876403406 0.5083509160 0.4962113025 0.5096548297 0.4803822882 0.5140150952 0.4839825779 0.5148019216
0.7042433743 0.8822088315 0.4835999173 0.5172294177 0.5004852198 0.4995138020 0.5099760779 0.5225585833 0.5014685120 0.4907506768 0.4861454070 0.4889549547
0.9393800465 0.4754664990 0.4898226346 0.4963384882 0.4954995410 0.4958926675 0.4988739526 0.5001061187 0.5100390644 0.4943251285 0.4967511873 0.5077886872
0.2204241717 0.9710575291 0.5008784480 0.4907533866 0.4807424787 0.4857063000 0.4944957057 0.4815254427 0.5083181442 0.5031049887 0.5063662041 0.5076679080
0.0273560959 0.9998322969 0.4946385350 0.4953936249 0.4816686422 0.4994091750 0.5029346591 0.4969968869 0.5011148454 0.5060669609 0.5028167155 0.4990565397
0.6197137238 0.7763905554 0.4832977578 0.4954929424 0.4835224570 0.5163793247 0.5044747973 0.5089702517 0.4841339753 0.4961186803 0.4953279355 0.5030387914
0.1122632292 0.7703577838 0.5057630035 0.4949399354 0.4924884310 0.5070665428 0.5094871767 0.5171920804 0.4922683679 0.5108888695 0.4854262163 0.5123794523
0.6766697592 0.6825274513 0.4961057073 0.5035889365 0.4947784961 0.5107455416 0.4960997880 0.5114619914 0.5238063227 0.5039243984 0.4731235577 0.5014540283
0.0306213635 0.9260371248 0.4857530031 0.4840330182 0.5083491123 0.4973043679 0.4873346816 0.4992638321 0.4926779606 0.5016861546 0.5006869317 0.5056177648
0.2624329773 0.5408152086 0.5187497946 0.5150012629 0.4841703373 0.5089337480 0.5120577704 0.4918819989 0.5057019099 0.4899168720 0.5006429627 0.5121495010
0.3642188215 0.1451131098 0.5012204563 0.5112446468 0.4719841110 0.4876899614 0.5265385613 0.5231377441 0.4953091824 0.4884394745 0.5063404610 0.4693922186
0.4316438599 0.9030601834 0.5087890502 0.4957715560 0.5155448943 0.5013249035 0.4884001738 0.5232610519 0.4934093397 0.4976858546 0.4887424260 0.4949909822
0.9190514523 0.7189451879 0.4915406447 0.5097595538 0.5016627549 0.4897026031 0.4993324924 0.4969887064 0.4949937488 0.5055391138 0.4923264695 0.4926895496
0.3805849945 0.9423871528 0.4928275048 0.4900219515 0.5086627562 0.4899012509 0.4960331918 0.5055494400 0.5125965274 0.4945470536 0.5059867435 0.4950369026
0.1454080231 0.0801348982 0.5106120039 0.5128347358 0.4935794785 0.4956548418 0.4837540901 0.4801860668 0.5227387348 0.5194906520 0.4929526817 0.4843571754
0.2638058653 0.4558773436 0.4922769360 0.5134416293 0.4913338676 0.5068873362 0.4959925339 0.5117380312 0.5113343177 0.4931041821 0.4912330085 0.4902981558
0.7154872973 0.9507404083 0.5026995229 0.4808770542 0.4773611215 0.4995569931 0.5024115680 0.5015008289 0.5019234148 0.4877275281 0.4897151700 0.4813778716
0.0296934770 0.8747448597 0.4918215969 0.5072347374 0.4992802503 0.5043948737 0.5062291779 0.5036149114 0.5035236322 0.5097335590 0.5100428611 0.5009343069
0.0223300516 0.7954233984 0.5179187887 0.4818004058 0.4967362561 0.5049009600 0.5095663231 0.5017073487 0.5099356651 0.5034474824 0.5186555860 0.5077647510
0.6054411720 0.2133890826 0.5272986955 0.4854475363 0.5182474364 0.4970925193 0.5050510318 0.4784452405 0.4776312953 0.4842140949 0.5205929331 0.5035159069
0.9965944226 0.1847170733 0.4980968942 0.4931475482 0.5065469952 0.4956230670 0.4955259250 0.5061046072 0.5001548540 0.5133418480 0.4920103668 0.5068607205
0.0518524495 0.9619970679 0.4932634466 0.5039128408 0.5129718071 0.4851649262 0.4966963490 0.5092944833 0.4825783327 0.4949342866 0.4944242719 0.4945872693
0.0369008847 0.0808111089 0.4994453290 0.5180679618 0.5005948839 0.5033080322 0.5026960405 0.5026683531 0.4979024272 0.4979015276 0.5009744982 0.4959818277
0.0394393614 0.3844266976 0.4998460136 0.4945886925 0.4887850694 0.5073775910 0.5011111015 0.5162438768 0.5041396412 0.4822866134 0.5170928602 0.4949905172
0.7986086738 0.8022903821 0.4926007194 0.4977965352 0.5262337640 0.5136201913 0.4870844386 0.5140640887 0.4953095031 0.4947223098 0.4798484462 0.5094581844
0.0026163060 0.0021721140 0.5050499781 0.4897655836 0.4990443841 0.5038045084 0.4985994470 0.5039178594 0.5041117537 0.4858453649 0.4945749694 0.4941442265
0.8497464151 0.3141608778 0.4997560103 0.4899900994 0.4944342554 0.5173413489 0.4912867995 0.5089119282 0.4974049886 0.5031527498 0.4936419543 0.4849114424
0.0109543758 0.0003465611 0.4929976414 0.4923864123 0.5054874099 0.5029669162 0.5014126833 0.5086809744 0.4947667300 0.5002589678 0.5109514042 0.5072791271
0.3196195431 0.0203583537 0.4891833247 0.5012407834 0.5005840834 0.4954398517 0.4803714460 0.4874660300 0.5153141467 0.5044996726 0.4898500199 0.4999570241
0.0853084220 0.3559369851 0.4929815212 0.5071422549 0.4918106159 0.5345942209 0.5241238584 0.4913885566 0.5116139013 0.4962718822 0.4969271786 0.5152384675
0.0010195115 0.9999992555 0.4987703054 0.5172605989 0.5096907591 0.5034810847 0.4961792458 0.5090853517 0.5067466464 0.5187738796 0.5057217986 0.4865620222
0.0740185329 0.0418813978 0.5036126614 0.4885625917 0.4884148794 0.4957065470 0.4958799576 0.5035455233 0.5010890791 0.4935199059 0.5015391411 0.5118694434
0.6123916611 0.0586124284 0.5000988198 0.5055565488 0.5103179581 0.4988062043 0.4826931299 0.5083740160 0.4778590819 0.5041197195 0.4809609992 0.4923456432
0.0025089937 0.0353458941 0.4944679003 0.5182024014 0.4873010480 0.4984718132 0.4855563842 0.5122617188 0.5121246482 0.5050889896 0.5129608328 0.4907300581
0.0422453493 0.0005746867 0.4997828955 0.4966129129 0.5078172404 0.4817106763 0.4843218035 0.5028077229 0.4999398480 0.4918237110 0.4896554200 0.5025452669
0.0000003391 0.9991254333 0.5054980483 0.4975511416 0.5009844020 0.4888249097 0.5085781436 0.4969827598 0.5119548072 0.4992834450 0.5026248945 0.4846942735
0.0055319439 0.0202018170 0.5068846169 0.4970533332 0.4908070625 0.5007274155 0.5024771244 0.4918424355 0.4977069254 0.5138084489 0.5199657914 0.4980896818
0.1075247406 0.5851897318 0.4790008117 0.5143480980 0.5106241372 0.4849769876 0.5024064619 0.5080753777 0.4754239774 0.4950404918 0.5040892605 0.5093693586
0.5679688362 0.1738885225 0.4745485402 0.5310454406 0.5127560023 0.4839594707 0.4944234657 0.5119276760 0.5170850333 0.4809972980 0.4842235353 0.4982255332
0.0140085510 0.2102630535 0.4800646372 0.4863085863 0.5060848759 0.4920239766 0.5056260430 0.4909218427 0.5000094438 0.4878699263 0.5001157328 0.5183279963
0.0652726508 0.6045061133 0.5187829936 0.5100999429 0.5052212840 0.4984453150 0.4980532113 0.4809816672 0.5180883933 0.5039384595 0.4993483807 0.4792572110
0.0853007622 0.6775175818 0.4865211491 0.4985162503 0.5117294236 0.5025811894 0.4951819178 0.4964371622 0.4940769198 0.5358358391 0.5036038053 0.4911820619
0.1490567234 0.5656597797 0.5072416656 0.4806312644 0.5119870719 0.5358285382 0.5062745896 0.4775058154 0.4909906869 0.4943578558 0.4997256703 0.5051141594
0.0919739508 0.9834336500 0.4942411848 0.5081252104 0.5028392019 0.4912755722 0.5000797111 0.4929488146 0.5009080753 0.5025792385 0.5062596556 0.5065399487
0.9781143637 0.9876161242 0.4945312876 0.5099172914 0.5016336621 0.4993263498 0.5110330153 0.4983945614 0.4855662113 0.4932426410 0.4921919582 0.4983827734
0.9943850924 0.6412719958 0.4858835603 0.4965951734 0.5063916666 0.4961214026 0.4963685883 0.4887497348 0.5036770192 0.4972997081 0.5026071857 0.4970008284
0.6471052846 0.1554866513 0.5041350970 0.5075080710 0.5123289206 0.4932307607 0.4996797442 0.5172829579 0.4853911222 0.4830771178 0.5093472774 0.5029515427
0.5964002489 0.1292064874 0.5044442385 0.4911700416 0.5254342062 0.5091577639 0.4984495071 0.5066423218 0.5140987412 0.4928451025 0.4882494415 0.5097002827
0.0177675508 0.0997624618 0.4956045937 0.5043420298 0.4997470748 0.4962397885 0.4952473300 0.4995854439 0.4939362812 0.4892654677 0.4762900248 0.4991421727
0.9976178430 0.7111547346 0.4940382638 0.4854686690 0.4913747178 0.5084869974 0.5033876341 0.5009459691 0.4949088713 0.5018411562 0.5030395946 0.4955436931
0.9967976401 0.1236771294 0.5105180471 0.4934833257 0.4976842396 0.5091551278 0.5005227635 0.5002668262 0.4898718524 0.5073865116 0.4942306128 0.5066379485
0.8305395983 0.6693896852 0.4916034633 0.5052264375 0.4813221369 0.5025991297 0.4914141687 0.4928126688 0.5009688068 0.4883547065 0.4963420625 0.4835658055
0.0000177964 0.0000537916 0.5013099935 0.4910457800 0.5109822565 0.5017540544 0.4957891229 0.5046250577 0.5016798895 0.4876897489 0.5120777294 0.5022456435
0.0019674219 0.9983646485 0.5037599126 0.4990290667 0.4949678817 0.5054073334 0.5089693665 0.4977323933 0.4922400230 0.5131749815 0.4961441036 0.5164373739
0.0323362412 0.0014624051 0.4991129537 0.4984256975 0.5079014890 0.5040721891 0.4955279938 0.4995977315 0.5138888565 0.4949904685 0.4917308604 0.4840946249
0.0020441964 0.9998600068 0.4837872378 0.5052660629 0.4959255359 0.4813681217 0.5041679388 0.5062567863 0.5007963522 0.4760744688 0.5052561504 0.5033913228
0.0000019594 0.0000014487 0.4946276800 0.4997971111 0.5092503108 0.4858835616 0.5085702788 0.5014294209 0.4915022990 0.5055880424 0.5142555366 0.4967831090
0.8150255370 0.9235328592 0.4886861437 0.5112561132 0.4845094967 0.4878296040 0.5002457498 0.5329027948 0.4912157410 0.5050617932 0.4873854406 0.4874703654
0.0000003391 0.9991254333 0.5054980483 0.4975511416 0.5009844020 0.4888249097 0.5085781436 0.4969827598 0.5119548072 0.4992834450 0.5026248945 0.4846942735
0.9336166455 0.0365793320 0.4869675147 0.5074123236 0.5079842427 0.4942189362 0.4953758171 0.4806422645 0.5010767197 0.4912718405 0.4886685036 0.4995489077
0.8784556489 0.8451592802 0.4881619351 0.5014902988 0.5052178935 0.4941571698 0.4847271634 0.4981973073 0.4818773632 0.5083058237 0.5165437786 0.4989401834
0.0000027859 0.1002950506 0.4857249214 0.5048525454 0.5063418983 0.4876057802 0.5136848432 0.4972297104 0.5055309070 0.4972678573 0.5126156285 0.4923328595
0.9965944226 0.1847170733 0.4980968942 0.4931475482 0.5065469952 0.4956230670 0.4955259250 0.5061046072 0.5001548540 0.5133418480 0.4920103668 0.5068607205
0.9999996671 0.5678098287 0.5176928024 0.4961359525 0.5002497755 0.5080098978 0.4944656688 0.4850507392 0.5147515149 0.5075078982 0.4978464868 0.5104832008
0.0586703448 0.9993103448 0.4809088477 0.5004754556 0.4771527588 0.4870646581 0.4968626320 0.4928013238 0.5045477983 0.4828240883 0.5081206283 0.5076764214
0.3340948721 0.0742218207 0.5139257374 0.5005793885 0.5139991487 0.4812309188 0.5016905162 0.4886616304 0.5242210456 0.5166659625 0.5083814893 0.5015304761
0.0069304998 0.0055432580 0.4952111413 0.4858558462 0.5029982567 0.5018118872 0.5081675019 0.5001942619 0.5026797819 0.5098883079 0.5001445090 0.4991429207
0.0210874009 0.4356512622 0.5050963772 0.4845749180 0.4969332227 0.5112114050 0.5205281148 0.5073499773 0.5016921434 0.5039087687 0.5064647385 0.4990217960
0.0586703448 0.9993103448 0.4809088477 0.5004754556 0.4771527588 0.4870646581 0.4968626320 0.4928013238 0.5045477983 0.4828240883 0.5081206283 0.5076764214
0.9746920944 0.7339151750 0.4974803567 0.4986766612 0.5065482537 0.5034646516 0.4960249572 0.4943643622 0.5038673706 0.5035933495 0.4826488978 0.4963356251
0.1566018857 0.9590231283 0.4962099526 0.4974103997 0.4950771140 0.5041153594 0.5097525043 0.5151628087 0.5182269486 0.4946244997 0.4868285936 0.4903349456
0.0038681937 0.0264639518 0.5027843007 0.4985465180 0.5025982301 0.5079141107 0.4990591571 0.5122804464 0.4958872644 0.5035363089 0.4974954263 0.5018129982
0.3427307686 0.9240908894 0.5004217875 0.4938150357 0.4864353781 0.4896746879 0.4904979204 0.4948269073 0.4992649806 0.4993788448 0.5095065899 0.5037554528
0.0393334050 0.6542219532 0.5048552555 0.5004101101 0.5001824588 0.4978894641 0.5022765367 0.5204485409 0.5012434045 0.4992016667 0.5292969287 0.5087373468
0.1159343408 0.5085071518 0.5047551335 0.5017352389 0.5218308972 0.5067125159 0.4950874328 0.4963006188 0.5039763912 0.4937819505 0.4789079629 0.5084820072
0.1699310871 0.8848613880 0.4863427836 0.5060655063 0.5144055766 0.4996535514 0.5055131702 0.4923802198 0.5023104043 0.4966083181 0.5096903671 0.5103993934
0.0019674219 0.9983646485 0.5037599126 0.4990290667 0.4949678817 0.5054073334 0.5089693665 0.4977323933 0.4922400230 0.5131749815 0.4961441036 0.5164373739
0.0718866696 0.0996066484 0.5073854023 0.5108577440 0.4988924642 0.5115778203 0.5083337089 0.4900130192 0.4666620508 0.5106536631 0.4960029471 0.4989933263
0.2665266431 0.9383840355 0.4920064039 0.5009942526 0.4976012442 0.4992115129 0.5020450205 0.5049077853 0.5152527255 0.5053928776 0.5062834724 0.4900668387
0.0145202327 0.9995432499 0.4964543542 0.4977920750 0.5067129726 0.4921376802 0.5014394185 0.4954377987 0.4959553288 0.4994749481 0.5029497399 0.4976305714
0.8342741796 0.5506881435 0.4823811330 0.5013916333 0.5079283613 0.5036481370 0.5069636038 0.5139710900 0.5085945633 0.4954619782 0.5024266495 0.4874826769
0.0190012813 0.4851343315 0.5088262664 0.4968409477 0.5017099466 0.5054640271 0.5079406032 0.5023968345 0.4955908904 0.4998661046 0.4944534337 0.4940245868
0.0385605313 0.1832790516 0.4850829819 0.5026024711 0.5074031860 0.5131097812 0.4825712695 0.5153771863 0.5099043475 0.5007230126 0.4884134389 0.5086896323
0.7113470265 0.2695363671 0.5003269132 0.5010464604 0.5022655170 0.5048549408 0.5142217928 0.4775978498 0.4800595715 0.4878061970 0.5107007264 0.5020270836
0.2520510327 0.3022779701 0.5027874147 0.4953285379 0.5054306939 0.5193961823 0.4720385199 0.5300899035 0.5088393345 0.5252331604 0.4896434132 0.5003670350
0.0270999827 0.0000640644 0.5011557283 0.4760521205 0.4872022455 0.4891478085 0.5065798523 0.5026077343 0.4983456738 0.5000248782 0.5068642695 0.5022110322
0.8933846256 0.7191565043 0.4839990134 0.4976358917 0.4897458058 0.4938263083 0.4896752272 0.5001663612 0.4982325614 0.4988883247 0.4922425323 0.5066901224
0.0109102519 0.9636208298 0.5221668546 0.5058216121 0.5106009377 0.5037700203 0.5046925770 0.5090525861 0.5114462290 0.4898530234 0.5015377754 0.5126000295
0.0386336211 0.9989235700 0.4913743816 0.5028204402 0.4855590519 0.4874595975 0.4938872629 0.4968115492 0.4929844281 0.4899365645 0.5010168511 0.5073601243
0.0948411985 0.2065531276 0.4665876874 0.5010845385 0.5078015749 0.4897626992 0.5018443657 0.5044578616 0.4963386142 0.4974596098 0.4894403413 0.4949832683
0.4936737374 0.8457884169 0.5003745823 0.4960126368 0.5120098059 0.5048023826 0.4942160796 0.5282926272 0.4957733896 0.5182244127 0.4930667153 0.4992059793
0.0043185132 0.9586032153 0.5013321549 0.5016489122 0.5030154945 0.4932924098 0.4853851989 0.4981366324 0.5055753841 0.5211705765 0.5065335653 0.5128170752
0.1192854744 0.8817754747 0.4945832720 0.5054932383 0.4885693729 0.4906775790 0.5243623466 0.5061284156 0.4956539360 0.5181063772 0.5160242394 0.5020835635
0.3705264912 0.1316691543 0.4886225671 0.4699751105 0.5058073322 0.4790799135 0.4979189774 0.4880928124 0.4954746182 0.4807782747 0.4964121633 0.4887866718
0.2471447743 0.9073575443 0.5175123374 0.4957563852 0.4988396360 0.4823745837 0.5008030286 0.4771499043 0.5012263474 0.4847789598 0.4910126616 0.4888557181
0.0807892204 0.5955083169 0.5072251368 0.5020143552 0.4997759311 0.5212969090 0.5167598229 0.4980654080 0.5130247165 0.5008479892 0.5113592291 0.4976643367
0.2906559567 0.9948628092 0.4796558290 0.5069028332 0.4931453979 0.4743603868 0.4856964390 0.5092975538 0.4896321836 0.4984225534 0.5192619233 0.4863077497
0.2283803658 0.8285999352 0.5149274449 0.4839076591 0.5165106833 0.4989609910 0.5138855685 0.4947103135 0.4812079995 0.4901512486 0.4929766596 0.5031614889
0.0590098609 0.9238575761 0.4987227277 0.4906531741 0.5021861852 0.5067226987 0.5039374280 0.4924621523 0.4983263979 0.5080113926 0.4980590949 0.5139896562
0.0851209166 0.8269620002 0.4991453816 0.5035584237 0.4966244386 0.5010707121 0.4790080035 0.4999620522 0.5096372012 0.4982195904 0.5136783911 0.4771778479
0.0453296224 0.0900481093 0.4827344646 0.4903400903 0.4900806211 0.4886882765 0.5076369863 0.4954091184 0.5069390932 0.5053216244 0.5153056786 0.5057713623
0.5653947544 0.8053631684 0.4847695636 0.4962258474 0.4839707749 0.4893392793 0.4981877069 0.5223939550 0.4954417268 0.4941386340 0.5090909790 0.4970433192
0.0798451830 0.9445144316 0.5161313167 0.4908991569 0.5030686569 0.4906605891 0.4914674329 0.4927984236 0.5011381480 0.4868762265 0.4817335007 0.4972263534
0.1263168401 0.1119287844 0.5069121140 0.4902330235 0.5089532839 0.4990384433 0.4927798736 0.5055586894 0.4768325943 0.5188654440 0.5008763371 0.4996017168
0.2188255898 0.4535310953 0.5112443485 0.4735545067 0.5028749156 0.5229803630 0.5137110608 0.4955413803 0.4874782527 0.5171420607 0.4820600319 0.5141305276
0.5844905455 0.8442375197 0.4971952045 0.4856800603 0.4833905579 0.4889348364 0.4996166131 0.5209291291 0.5021669019 0.4913988734 0.4971845909 0.4960269352
0.3871375054 0.7710177645 0.4807192086 0.5003200518 0.5135877997 0.4908434820 0.5122562363 0.5003930727 0.5030091261 0.5045273185 0.5148669474 0.4886442656
0.0362664152 0.0279668511 0.4967381832 0.4978202286 0.5084311510 0.5028366706 0.5033341199 0.5103304268 0.4945438161 0.5144106866 0.5122804483 0.4954618592
0.3966702247 0.3950211684 0.5055177014 0.4946122083 0.4781280696 0.5184130103 0.4930661608 0.5061207430 0.4710282530 0.4935182141 0.4803485711 0.5143969976
0.3714054604 0.1651368177 0.5228320566 0.4671903402 0.5074531530 0.5100635823 0.4877246644 0.4844707653 0.5184295650 0.5245453612 0.4962948336 0.5355180809
0.4325992554 0.8908149231 0.5078596832 0.4995298272 0.4968246182 0.5143624497 0.4807587809 0.4969293826 0.5012000456 0.5150135582 0.5124825918 0.4985630743
0.6721113475 0.3879328074 0.5082419128 0.4944339955 0.4805835181 0.4935646134 0.4959158142 0.4947581778 0.5278580904 0.4944393972 0.5089121006 0.4917731275
0.3976051182 0.9376578946 0.4795305114 0.5080290083 0.5243631589 0.5090516755 0.4926231208 0.4963234060 0.5124822522 0.4895875863 0.5041601847 0.5004436090
0.7949898250 0.7458124641 0.5071563023 0.4954989269 0.5035146146 0.5038491740 0.5057744366 0.5273272233 0.5094582348 0.4846829146 0.5103751017 0.5035777144
0.5077786502 0.9227922479 0.4971957568 0.4845680817 0.4907314760 0.4837544034 0.5073599006 0.5174699790 0.5037340769 0.4966576174 0.4888490862 0.4916462226
0.4271279801 0.4985686825 0.5036559917 0.4729241628 0.5075270016 0.5058044452 0.5040433545 0.4983777734 0.4937119507 0.5162963312 0.4838236445 0.5176559055
0.2014314579 0.7461419633 0.4932594482 0.4826820762 0.4971448204 0.5180406558 0.5150411774 0.5022935690 0.4991586101 0.5340423247 0.5099304577 0.5105511646
0.6189231738 0.3044917138 0.5160991806 0.5148584848 0.4904508705 0.5152090101 0.5145498300 0.5015126769 0.4816745010 0.4903328426 0.5034171544 0.4759840320
0.1075198429 0.8699404483 0.4926221193 0.4850401432 0.4912973692 0.5185403469 0.5057673156 0.5096074775 0.4983512457 0.5053209013 0.4911749273 0.5066836696
0.0602525306 0.1180135099 0.5048666970 0.4896056664 0.5027377786 0.5108460812 0.4907249304 0.4956127498 0.4938804149 0.5044939326 0.5029490964 0.5069122345
0.9746920944 0.7339151750 0.4974803567 0.4986766612 0.5065482537 0.5034646516 0.4960249572 0.4943643622 0.5038673706 0.5035933495 0.4826488978 0.4963356251
0.7385529545 0.5106800312 0.5194511923 0.5117798700 0.5065941163 0.5217479871 0.4927063638 0.4915297759 0.5045307849 0.5098411070 0.4973106243 0.5055906159
0.0362664152 0.0279668511 0.4967381832 0.4978202286 0.5084311510 0.5028366706 0.5033341199 0.5103304268 0.4945438161 0.5144106866 0.5122804483 0.4954618592
0.2780091342 0.3791184953 0.4817495463 0.5158364810 0.5131223395 0.5078724318 0.5118299390 0.5060820238 0.5254196399 0.5013647819 0.4791422191 0.4941991331
0.6161957110 0.4685219903 0.5248329268 0.5095105169 0.5111857508 0.5100519616 0.4976085945 0.4999094009 0.5148162701 0.5046152514 0.5052262746 0.4985686317
0.0461175106 0.9017566383 0.4976003245 0.4878291380 0.5135575523 0.4982041250 0.4888593175 0.4879517742 0.4974766744 0.5295006938 0.4922794828 0.4963199323
0.2218979408 0.9022697002 0.5006644931 0.4917190202 0.4862504803 0.4895772762 0.4893690798 0.5071081940 0.4929540773 0.4824682866 0.4954281806 0.5086387543
0.2469270514 0.8603092996 0.4988569910 0.5075962593 0.4939429513 0.4971139539 0.5129620140 0.4995781032 0.4867292479 0.4979179435 0.5177013456 0.4988889587
0.2050700928 0.6359805749 0.5057567345 0.5096703094 0.4958993245 0.4873472927 0.5106709565 0.5019872919 0.4974249475 0.5202552535 0.5022091495 0.4976894945
0.1165948827 0.3228000346 0.4962465780 0.4928482395 0.5078920947 0.5058149744 0.4737500592 0.5029384545 0.5053412749 0.4785255912 0.5148197547 0.5019276739
0.5230594014 0.4663518715 0.4735429043 0.5085839545 0.5175160304 0.4696361415 0.4896518469 0.4857988371 0.4847915988 0.5071515751 0.4826234477 0.4927006726
0.6845829047 0.4437334482 0.4866922867 0.4828832844 0.5018871449 0.5046457408 0.5032866651 0.5002186501 0.4946257297 0.5208108914 0.4863482891 0.5065815569
0.4811372223 0.5323970828 0.4761925905 0.5125532019 0.4965287749 0.4948806345 0.4882449026 0.5053153507 0.4957868586 0.4866332747 0.5095291122 0.5300973196
0.9417965382 0.0829406117 0.4854036454 0.4786126709 0.5096303533 0.5037916189 0.4912748392 0.5102429242 0.5049850831 0.4979229077 0.4989352132 0.5118359947
0.1643250417 0.0589051324 0.5026639045 0.4837699427 0.4738663424 0.4940511962 0.4972782414 0.4867179506 0.4974984232 0.5056142727 0.5149578247 0.5124095949
0.4819792937 0.2187427029 0.5059834094 0.4899446382 0.4806344095 0.5114129147 0.4871269620 0.5078491536 0.4899952722 0.5291647372 0.5019378807 0.5052443464
0.4283473028 0.2070631687 0.5065696428 0.4843531564 0.5149797134 0.4989116837 0.5024327187 0.5026603850 0.4964305298 0.5047224850 0.4820279885 0.5059457280
0.1060272068 0.6988499893 0.5108460874 0.5069492814 0.4991916046 0.5092952531 0.5116498637 0.4968837016 0.4947197578 0.4956591923 0.5157331005 0.4952922788
0.0640834104 0.0035607167 0.5037052476 0.4939063121 0.5139867312 0.5128060546 0.4797978251 0.5062266078 0.5132035062 0.5029421064 0.4969246456 0.4889572462
0.2443944964 0.0267762564 0.5104703245 0.4959436826 0.5221718568 0.5018268355 0.4819505654 0.4971756779 0.5057333267 0.5052669627 0.5014328456 0.4905907623
0.9643795443 0.0583402187 0.4842610662 0.4949746966 0.5041783540 0.5035711367 0.4927953001 0.5077564532 0.5040801169 0.5007846454 0.4952418847 0.5072741854
0.1005857478 0.8604820396 0.4979389351 0.4887245439 0.5067863140 0.4856810129 0.4973702675 0.5138068909 0.4965657756 0.5114341401 0.5272168933 0.4828187233
0.4693174958 0.2640711339 0.5081161178 0.5303990546 0.4756398390 0.5113125039 0.4883371169 0.5086032944 0.5075999081 0.4987662309 0.4906584033 0.5241725697
0.0716854641 0.0577798178 0.4871373660 0.4921885725 0.5094920274 0.4795682747 0.4962508068 0.5026167710 0.4741955445 0.4894988274 0.5013742318 0.5063791915
0.3379214033 0.6421100405 0.5059660951 0.5022771262 0.5077581124 0.5068968502 0.5111062149 0.5017773671 0.4989746497 0.4960826663 0.5088730172 0.4941929995
0.1263751691 0.9347507410 0.5146509443 0.4866707616 0.5029070217 0.4926987112 0.4963143450 0.5097743273 0.5003211859 0.4867645298 0.4767626007 0.5239459715
0.1993564672 0.2512281626 0.4982994463 0.4907208375 0.4832156197 0.5005756779 0.4994459260 0.4928934577 0.5154263430 0.5165871123 0.5301421759 0.4938348059
0.3365483734 0.1964528945 0.4905305204 0.4812609953 0.5114338354 0.5019348079 0.5201031212 0.5093860458 0.5340774158 0.5063909919 0.5374505641 0.5053458338
0.7672572304 0.7233129506 0.5108058085 0.4976174809 0.5058743968 0.5041480113 0.5086972595 0.5019914683 0.5257342951 0.5124441776 0.4973531154 0.4947229703
0.0618672891 0.6082393609 0.5256579499 0.5109161942 0.5086030559 0.5058509151 0.4926216069 0.4792207763 0.5208782362 0.5055759610 0.5037266449 0.4786367611
0.1877138265 0.3196138260 0.4838809265 0.5174688616 0.4843661041 0.4991344962 0.5060321024 0.5073303989 0.5168617482 0.4999991632 0.4938643629 0.4955957206
0.2820549327 0.6884793972 0.4700143486 0.5229312240 0.5032721798 0.4961231373 0.5102826007 0.5016417353 0.4910207010 0.4854213519 0.4867176813 0.4911717397
0.1475348769 0.0392848421 0.4900456396 0.4969663426 0.5020694189 0.5137833113 0.5044824285 0.5118755792 0.5013238430 0.4947376622 0.5072431644 0.4874673741
0.1678929826 0.3102460128 0.5063122509 0.4808610405 0.4995019024 0.5133383560 0.5052255994 0.4932672522 0.4939423894 0.5100442306 0.4888950652 0.5078222618
0.3098375824 0.3478668087 0.4935294888 0.4715328558 0.5079734216 0.4993339222 0.5096631271 0.4965974164 0.4881894525 0.5147732339 0.4910700800 0.5084161986
0.1271917038 0.1454705775 0.4894686823 0.5036983523 0.5138765000 0.4879505788 0.4832564642 0.5022393123 0.5037802566 0.4839079705 0.4902237071 0.5004146249
0.0780089499 0.7733171988 0.5094223348 0.5170909877 0.5060415836 0.5066404665 0.4888650172 0.4796951640 0.4858515833 0.5094578997 0.4966163532 0.4862659911
0.5933529981 0.5587873002 0.4998824013 0.4796312197 0.4934329168 0.4878596924 0.5031271407 0.5022670768 0.5081993319 0.5090584241 0.4890493669 0.5042286249
0.5662830409 0.2950564598 0.5048820183 0.5014980319 0.4917151751 0.4941556437 0.5078191713 0.4745412083 0.5018712579 0.4851355972 0.4853790564 0.5092842253
0.4829268032 0.1937680346 0.5164234584 0.5029104122 0.5204127239 0.4889948048 0.4972206848 0.4816527352 0.5016942397 0.4815522088 0.4934524295 0.5065303738
0.9082249430 0.4200422273 0.5012792476 0.5128014570 0.5069951077 0.4987619966 0.4939885925 0.5050396423 0.5134612502 0.4990398626 0.4936021261 0.4851798838
0.9590990159 0.8947536530 0.4980120398 0.4985499565 0.4929093206 0.5016593001 0.4961323420 0.4876895269 0.5023481124 0.5020342006 0.4890737846 0.4952299040
0.3451756761 0.7364842575 0.5222345300 0.4920551269 0.5157426170 0.4956175391 0.5024858760 0.5058143969 0.5235832171 0.5015920265 0.5128731902 0.5046654000
0.7242558069 0.3919867131 0.5060961028 0.5106196123 0.5101669144 0.4633306020 0.5144169332 0.5084985297 0.5039571270 0.5076518350 0.5189375074 0.4941253002
0.0206266649 0.9653823982 0.5015673383 0.4989510253 0.4979534222 0.5018083563 0.4996888257 0.4977445471 0.5006417281 0.5105095565 0.5032624854 0.5005376708
0.4962345611 0.3443317698 0.5104398079 0.4925426223 0.4852715844 0.5039173804 0.5069777224 0.4979448480 0.5249049061 0.5134758096 0.5300528888 0.4985270740
0.4283449744 0.1065984102 0.5131818701 0.4834119114 0.5127474851 0.4972853373 0.5032815138 0.4934812113 0.4824590829 0.5040028807 0.4872314921 0.5057941664
0.1468509219 0.2602428171 0.5151949660 0.5053723613 0.5009432363 0.5225343854 0.4990741200 0.4937307747 0.4968221121 0.4869497055 0.5072270371 0.5192548468
0.2775851793 0.4978027512 0.5066345712 0.4992227761 0.5112306133 0.5053372501 0.4868425518 0.4964991003 0.4914522033 0.4974740777 0.5007956809 0.5148422585
0.7604754766 0.4708265856 0.5087864940 0.5149663327 0.4867523210 0.5100860349 0.4931782190 0.4923291454 0.4987162763 0.4933921732 0.4906352721 0.5022038185
0.0038681937 0.0264639518 0.5027843007 0.4985465180 0.5025982301 0.5079141107 0.4990591571 0.5122804464 0.4958872644 0.5035363089 0.4974954263 0.5018129982
0.4457678932 0.3699808112 0.5032908370 0.5419546074 0.4936998899 0.5152245917 0.4969523931 0.5132607985 0.5377398643 0.4913106506 0.5089623142 0.5141528393
0.2445224272 0.7816354807 0.4975869183 0.4893123419 0.4957582549 0.5041500766 0.5204925692 0.4943488761 0.4801754387 0.5270785035 0.5045677670 0.5045159301
0.1785580106 0.0850773072 0.4932012954 0.5076081672 0.5060365210 0.4984383707 0.4889162567 0.4975075836 0.5099194681 0.4740849207 0.5022479273 0.5045294343
0.1174939263 0.7247045768 0.5039411435 0.4863509713 0.5096420282 0.4922587875 0.4937007284 0.5267166501 0.4895705383 0.5095729989 0.5127339911 0.4820876564
0.4861426858 0.7772249220 0.4852161354 0.5002407209 0.4953403058 0.5059836137 0.5172488581 0.5280145790 0.5195226904 0.4950002488 0.4815211049 0.4913934873
0.0201474958 0.0420948321 0.4987069776 0.4996886862 0.5001919023 0.5058346488 0.4931037334 0.4980175515 0.5154013088 0.5005132758 0.5127611719 0.4999509061
0.1433713052 0.5081613511 0.4800661577 0.4856436960 0.4943075826 0.4906949440 0.4865559419 0.5091974640 0.5112159954 0.4984824396 0.4916050088 0.4970668674
0.2288458636 0.3669229597 0.4772272193 0.5203400185 0.4887126829 0.5014651674 0.5104446212 0.5013952456 0.5204240969 0.5081831101 0.4994961396 0.5118523718
0.1217101754 0.8422273717 0.4577275165 0.5125992835 0.5153889872 0.4956604320 0.5043608010 0.5027695637 0.4882999902 0.4981125309 0.4940049607 0.4919988676
0.1615698302 0.5028383923 0.5014441923 0.5015109459 0.4945583344 0.5096644531 0.4881240738 0.5004023426 0.5120431619 0.5000039492 0.5120247981 0.4975559447
0.2806491196 0.3076381599 0.4990329385 0.5207001292 0.5083678654 0.5275399893 0.5025225814 0.5184042159 0.5233290359 0.4982648034 0.5169666976 0.5079221638
0.3173354446 0.5399264706 0.5187948857 0.4871871103 0.5098601661 0.5045015704 0.5175106246 0.4765424729 0.4934725326 0.5086736501 0.4886385440 0.5028074848
0.1719174458 0.3588834851 0.5041955910 0.5036232594 0.5168117271 0.4955356239 0.4860857924 0.4965939670 0.5107438643 0.4981217509 0.4849906911 0.5072849180
0.0348488211 0.9899792945 0.5145353155 0.4983512677 0.4943847856 0.5080401556 0.4835709724 0.4951922603 0.5070174576 0.5088787109 0.5129398484 0.4959281765
0.0604288664 0.0782561959 0.5206826182 0.4896768066 0.5005011884 0.4927073493 0.4957903919 0.5011504489 0.5080684209 0.4997957747 0.4938182508 0.5021068543
0.1502694450 0.2006850708 0.4916691711 0.5004898425 0.5191706757 0.5077094409 0.4902883867 0.5032202787 0.4753690946 0.5118586638 0.5023769180 0.4854390128
0.5945151104 0.8681036928 0.4985154952 0.4830738497 0.5096916579 0.4936607624 0.4967394599 0.5019861185 0.5294788609 0.4949931354 0.5007333508 0.4956289989
0.9595829358 0.1457678324 0.5021738707 0.5013592796 0.4937637002 0.4951710585 0.4892414355 0.5148169270 0.5117839267 0.5090709718 0.4894358588 0.4983414787
0.1881185672 0.6873025764 0.4942457989 0.5146937178 0.5139817777 0.5111560835 0.5115980726 0.4814621079 0.4816325212 0.5036318040 0.4964138294 0.5110116992
0.4245133078 0.7163180985 0.5173319364 0.5279832468 0.5076858626 0.5006216312 0.5112798241 0.4920628420 0.5041515171 0.5002545647 0.5111769690 0.4605156796
0.3446052960 0.6765599463 0.4940603568 0.5030107455 0.5255664820 0.5083901100 0.5146646233 0.5058457458 0.4891028683 0.5018086648 0.4977001711 0.5063417338
0.3081497345 0.6478482721 0.5183706839 0.4888652020 0.5168665319 0.5033396371 0.4995208688 0.5093487122 0.5273216539 0.5013972870 0.5062557140 0.5028912116
0.0829939535 0.2892592854 0.5045248467 0.4965566576 0.5014814379 0.5163179083 0.5229318375 0.5065406853 0.4826806760 0.5100385480 0.4913564844 0.5036427032
0.0117138014 0.9821001951 0.4904731551 0.4903585140 0.5058878449 0.4955925105 0.5054244210 0.5002147006 0.4928447462 0.5116230902 0.4967832642 0.4997186678
0.4066606606 0.3636919468 0.4818966446 0.4852494991 0.5052413937 0.4771426761 0.4909836219 0.5104360327 0.4755159125 0.5093324407 0.5262276772 0.5154256104
0.6621882654 0.0743951277 0.4957775059 0.5058437575 0.5019092044 0.4771567621 0.4864539869 0.4920418827 0.5171648401 0.5074708210 0.5095281425 0.4970242863
0.9761740742 0.6798859559 0.5037611053 0.5110085714 0.5018834666 0.5056692283 0.5083572182 0.5036083221 0.4957544717 0.5058363023 0.5018198696 0.5108118528
0.1088827178 0.9323037770 0.5125260964 0.5079009626 0.4967902038 0.5056248946 0.5062122358 0.4935174558 0.4761068515 0.4874973079 0.4854606408 0.4915254558
0.1713669244 0.0408566614 0.5017639703 0.5084966254 0.4974892621 0.5148544577 0.4836190680 0.5143961188 0.4835707295 0.5126926726 0.5059298844 0.5035947604
0.9749203906 0.3618306411 0.4970442818 0.4915160501 0.5096147889 0.4947131891 0.4928294659 0.4977459118 0.5020422335 0.5104161977 0.5085875752 0.5032601113
0.3470438472 0.0836541084 0.5024823648 0.4957970095 0.4957329396 0.4788564328 0.4914809746 0.4767758615 0.4837633888 0.4984561875 0.4935299490 0.5088031153
0.5913007632 0.4366189744 0.4783627154 0.4878266882 0.5244163128 0.4882560001 0.4987426550 0.4902977094 0.4855980883 0.5162645658 0.5106981389 0.4899722145
0.4605173236 0.5672659004 0.4908077157 0.4748857443 0.4945516348 0.5039352271 0.5001778151 0.5135974174 0.5320836993 0.5166691952 0.4951984831 0.5004368713
0.1962786615 0.8428301430 0.5318896871 0.5115515421 0.4858992231 0.4956318778 0.5022125489 0.4918347846 0.4860137656 0.4862360029 0.5092947868 0.5045980010
0.9333611642 0.7517946416 0.4910060907 0.5073729672 0.4967135446 0.4864439846 0.5046705207 0.4911712756 0.4856820449 0.4967895077 0.4950201475 0.5056537531
0.4641891377 0.5006444017 0.5011947917 0.4973154296 0.4749542024 0.5256370215 0.4768166695 0.5038520909 0.4775915808 0.4979652566 0.4872848570 0.5276922824
0.6390684333 0.7130394021 0.4803187594 0.4940926255 0.5066118100 0.5208305828 0.5035040343 0.5216214522 0.5111741544 0.4957792644 0.4985173382 0.4728550727
0.4079648018 0.5359417705 0.4897667700 0.5098362310 0.5004206553 0.4892733491 0.4956333300 0.5206081234 0.4740278727 0.5030236041 0.5057043008 0.5046353243
0.0924034992 0.8448420592 0.5110626766 0.4960046659 0.5054897604 0.5023567208 0.5060733433 0.5033042842 0.4894657485 0.4897338406 0.5027253523 0.5112310555
0.0109543758 0.0003465611 0.4929976414 0.4923864123 0.5054874099 0.5029669162 0.5014126833 0.5086809744 0.4947667300 0.5002589678 0.5109514042 0.5072791271
0.5228858253 0.5283578956 0.4797170043 0.4912335316 0.4995981293 0.4887765793 0.5018751298 0.5079521296 0.5073250747 0.5217420435 0.4981341284 0.4810041876
0.2232764461 0.2604201935 0.5138662193 0.5047270195 0.4985075298 0.5206442605 0.4816347999 0.5050061392 0.5026851879 0.5144797201 0.5101709366 0.5008637610
0.1667226938 0.7006175150 0.4797181180 0.5215814434 0.5012078697 0.5156181528 0.4787139141 0.5023350873 0.5166370414 0.5004346499 0.4999344143 0.4802886836
0.0117138014 0.9821001951 0.4904731551 0.4903585140 0.5058878449 0.4955925105 0.5054244210 0.5002147006 0.4928447462 0.5116230902 0.4967832642 0.4997186678
0.3637622845 0.3926980155 0.5120493376 0.5060406431 0.5020758194 0.4852528552 0.4902268771 0.4979258487 0.5168578836 0.5376021910 0.5143695928 0.4949760664
0.2916924285 0.8481500918 0.4593609892 0.5116376467 0.5107541845 0.4820194655 0.5104078600 0.4963027158 0.5132915651 0.4835655063 0.5138343446 0.4858699684
0.1407284254 0.8726369944 0.5126379427 0.4872824966 0.5083352719 0.4840674208 0.4959726104 0.5055307039 0.4919742303 0.4915560183 0.5081948890 0.4879222080
0.1893970858 0.5992013096 0.5109988644 0.4944626845 0.4944223780 0.5093019466 0.5026235354 0.4946694045 0.5159559901 0.4970379902 0.5079917223 0.5047843452
0.0480741463 0.7767963851 0.4935788994 0.4963722499 0.4872976436 0.5096071750 0.5022500207 0.5047944811 0.4935338436 0.4990506939 0.5109273404 0.4820996670
0.4198919063 0.5667493663 0.4929405538 0.4856194057 0.5048114756 0.5346592907 0.5140234690 0.5104627305 0.4878823020 0.4839944771 0.4807930927 0.5028192319
0.6435116065 0.6459682874 0.4928600299 0.5003457105 0.5117874537 0.5057103787 0.5055976569 0.5154355061 0.5007985094 0.4835326984 0.4856999253 0.5005547272
0.3757738101 0.2985904622 0.5135681019 0.4981654922 0.5029958760 0.4824741848 0.5088354823 0.5002830126 0.5008189380 0.5232317009 0.5218297241 0.4876363928
0.0206266649 0.9653823982 0.5015673383 0.4989510253 0.4979534222 0.5018083563 0.4996888257 0.4977445471 0.5006417281 0.5105095565 0.5032624854 0.5005376708
0.0771067506 0.8058472366 0.4978367687 0.4930560675 0.4955061702 0.5102215756 0.5000468546 0.5045763178 0.4978631923 0.4953958783 0.5061613749 0.5054477540
0.9416712019 0.2755620410 0.5068533993 0.4931784612 0.4869131899 0.4928467461 0.4916421082 0.5023851225 0.5022790312 0.5007479443 0.5038632909 0.5093667803
0.2208127762 0.1626109723 0.5088182962 0.4973972821 0.4801535303 0.5139100550 0.4994795102 0.5214060995 0.5007691484 0.5160691763 0.4890656100 0.4934497948
0.6642046240 0.4713992498 0.4870801272 0.4782215038 0.4806274331 0.5158940902 0.5052844003 0.5032705083 0.4892841984 0.5113238786 0.5082382550 0.4945674814
0.1295580131 0.8525066277 0.5074760885 0.5254217986 0.4832776077 0.4936480611 0.5048553000 0.4855405364 0.5018127679 0.5109214400 0.5155701811 0.5023462326
0.5456116604 0.5568103425 0.4934768843 0.5069280641 0.5102885058 0.4884750133 0.4879057998 0.4971488374 0.4734561023 0.4998396953 0.5144978882 0.4788184297
0.1013225843 0.1444380188 0.5009203258 0.4957556001 0.5059921230 0.5055623102 0.4995653355 0.4845952755 0.4929794872 0.4855306188 0.5005598793 0.5113804352
0.8980312809 0.6182274827 0.4932255743 0.5038781815 0.4861859865 0.5023593629 0.4911031568 0.5013335571 0.4988656367 0.4808230253 0.5079017200 0.4933431523
0.0648556800 0.9902435730 0.4979291458 0.4965078527 0.4952861629 0.4986179840 0.5052319940 0.5077410454 0.5066050167 0.5001397839 0.4974508399 0.5012688573
0.0338388728 0.7284418720 0.5105597615 0.5059244847 0.5049814797 0.5114782037 0.5054312606 0.4751890673 0.4876578896 0.4996063730 0.4948681871 0.5040741300
0.1181308854 0.1194616343 0.4859588169 0.5004367977 0.4951334427 0.5017086129 0.4972621237 0.5155382964 0.5023277390 0.4716811498 0.5045122170 0.4814321229
0.3053445473 0.6142153364 0.5033201388 0.5289827515 0.5048869411 0.4993925794 0.4935518475 0.5041870652 0.5128988071 0.4918202454 0.4732504838 0.5154410876
0.3568306639 0.4261204401 0.4814614701 0.5101395953 0.5123735565 0.4951540181 0.4868767096 0.5059429840 0.4880751279 0.5195528191 0.5002303826 0.5169721035
0.0585590670 0.0165586377 0.5029972174 0.4897725062 0.5083524804 0.5183380101 0.5104149149 0.5084996971 0.5081466890 0.4984734683 0.5014093166 0.4978442206
0.8073361459 0.4223591061 0.4985614592 0.5044927801 0.5089369775 0.5148131359 0.5055805643 0.5212553190 0.5208416062 0.5048284218 0.4912444358 0.4996670733
0.4850769061 0.4656036145 0.4809660205 0.5028088509 0.5107759852 0.4720541634 0.4950535173 0.4743953544 0.4985450911 0.5154011137 0.4967569984 0.4915992476
0.4188793601 0.6900071306 0.5041226942 0.5020927217 0.4934164533 0.4718914398 0.5167329246 0.4928592031 0.5057429636 0.5203714642 0.4906538326 0.5025026891
0.9200503436 0.0859273840 0.4914493039 0.4876923575 0.5085447601 0.5162680070 0.4838728929 0.5067063032 0.4929465299 0.5069377729 0.4979700640 0.4915084288
0.7542022963 0.4208691544 0.5113679675 0.5061042825 0.5096017692 0.5024145968 0.5088472236 0.4862962053 0.4785466012 0.4660817123 0.5019310551 0.4850443478
0.3602098613 0.4976513108 0.5056209831 0.4923040329 0.5240645961 0.5271726240 0.5084134246 0.4727050773 0.4871358791 0.4935418560 0.5071456083 0.5160882894
0.0556938031 0.8844784628 0.4880545198 0.4872841243 0.5162763656 0.5033911916 0.4885579818 0.4979893013 0.5008516218 0.5161437783 0.5068103212 0.4842978791
0.3083155996 0.2857029344 0.4961570427 0.5396132047 0.4963143078 0.4905803408 0.5189443544 0.5020177111 0.4871687224 0.5085221604 0.5143929975 0.4960745455
0.5443476199 0.4372583035 0.4936683023 0.5045472549 0.5096555159 0.5030300223 0.4813484309 0.5146120978 0.4944890514 0.4818909154 0.4859568500 0.4994739003
0.8048416538 0.1767282142 0.4959352000 0.5181567609 0.5047948440 0.5063922827 0.4995438329 0.5130099912 0.5031961338 0.4900257062 0.4957777072 0.4961128123
0.9522469604 0.5750992016 0.5004711557 0.4878227098 0.5051626137 0.5004068269 0.5092799038 0.5056568014 0.5013126581 0.4938131444 0.4990694194 0.5026057654
0.6612286314 0.5328086073 0.4976154050 0.5167354340 0.5008628026 0.4908120253 0.4933353084 0.5042057270 0.4856096090 0.5014872444 0.4967854981 0.4747335836
0.7838734270 0.2463366004 0.5231787936 0.4889343685 0.4995884820 0.5208320849 0.5122586566 0.4915971812 0.4911960452 0.5091271599 0.4951993922 0.5040668053
0.0075904439 0.7904308626 0.5110796530 0.4905782359 0.4946908873 0.4971200822 0.4990091474 0.5042758855 0.5100317344 0.4948148832 0.5238677310 0.4988253871
0.5094081955 0.6774854037 0.5085649564 0.5169715485 0.4895124398 0.5009058546 0.4956654031 0.4893919054 0.4956775924 0.5083471395 0.5126389159 0.4734294414
0.1555006930 0.2332469712 0.4843852612 0.4800223374 0.4997779904 0.4883550808 0.4745655202 0.5064052084 0.4943113459 0.5123389821 0.5013792517 0.5143032021
0.0062043685 0.0179014148 0.4988399802 0.4947483579 0.5029480546 0.5068201376 0.5029713143 0.5006851633 0.5022076978 0.5081917543 0.5095424545 0.5070196116
0.4240689109 0.4297801515 0.5200298801 0.5244381706 0.5012942537 0.5133799774 0.5011815014 0.4971132301 0.5159187468 0.5087035460 0.5075267283 0.4974898885
0.9815747794 0.3434534323 0.4997059929 0.5015619494 0.5107212677 0.4958629071 0.4910536133 0.5017077707 0.5035300202 0.5025168441 0.5090023495 0.5043438424
0.3710510754 0.8736374968 0.4885894400 0.5128061400 0.5004030269 0.4990736228 0.5048294067 0.4935976458 0.4941607767 0.5011260098 0.4862723825 0.4988658561
0.2522007082 0.6593858623 0.4925712244 0.4919079708 0.5009581627 0.5039468339 0.4911194406 0.5095807704 0.5085985890 0.4985874842 0.5177453612 0.4931386584
