0.0000023613 0.7293433206 0.7290369278
0.7101035129 0.0000016085 0.7085331289
0.7076415758 0.7088099719 0.0000019816
0.5786395359 0.5803794876 0.5827101273
1.0002948022 0.0000189656 0.0000288999
0.0001291353 0.0002606326 1.0002382787
0.0002216660 0.0000936867 1.0004013059
0.0014264617 1.0015458515 0.0000008852
0.0000099329 1.0016070497 0.0000058231
1.0002948022 0.0000189656 0.0000288999
0.7042288206 0.7048095901 0.0964099274
0.0859183541 0.6893393141 0.7221647101
0.2314764876 0.2263910399 0.9483532724
0.2385287061 0.9434865194 0.2360601183
0.2661302539 0.6784031476 0.6872269422
0.7061315888 0.0930352712 0.7035659615
0.9465911839 0.2332005511 0.2336935993
0.6787523371 0.6820023243 0.2764643985
0.6797889510 0.2679536277 0.6870095803
1.0004196558 0.0000128480 0.0000257003
0.1495341808 0.8805210602 0.4522972442
0.0000099329 1.0016070497 0.0000058231
1.0002948022 0.0000189656 0.0000288999
1.0005991936 0.0000529786 0.0001042397
0.3859365028 0.5123262371 0.7694389812
0.7717559962 0.3836224548 0.5140837716
0.3063840988 0.9340358467 0.1875489213
0.0187746819 1.0010574514 0.0000000009
1.0003926506 0.0000306965 0.0000492501
0.4415339632 0.1394201336 0.8875735996
0.0042091038 1.0010272936 0.0000018879
0.9302421151 0.3206194941 0.1830207685
0.3807721361 0.7673800422 0.5187797353
0.7730507867 0.5040837627 0.3888570830
0.5078278875 0.3833277826 0.7724636735
0.3090366853 0.1868860154 0.9346114624
0.0002216660 0.0000936867 1.0004013059
0.0000141091 1.0008344628 0.0125785086
0.0002216660 0.0000936867 1.0004013059
0.0001291353 0.0002606326 1.0002382787
0.1475360592 0.4344276749 0.8904990981
0.5164874122 0.7674870570 0.3840959307
0.8815110723 0.1467180919 0.4534569349
0.1918788580 0.9277192913 0.3229209420
0.4474210820 0.8845727839 0.1448056408
0.1829506844 0.3141644373 0.9340767953
1.0002948022 0.0000189656 0.0000288999
0.8857145923 0.4430637763 0.1499015852
0.0016401493 1.0007612833 0.0067892499
0.9355640439 0.1860429682 0.3075469799
0.0001291353 0.0002606326 1.0002382787
1.0001832177 0.0137667583 0.0016356490
0.0002741973 1.0000988700 0.0335872130
0.0002216660 0.0000936867 1.0004013059
0.0001291353 0.0002606326 1.0002382787
0.0967396519 0.9945564194 0.0588973689
0.1434789228 0.9901203185 0.0257586756
0.6336755005 0.4500499767 0.6350063163
0.7835015369 0.6236375222 0.0000007917
0.8513011627 0.2056186212 0.4889957580
0.9938840196 0.1018330742 0.0648235759
0.9709307896 0.0299248215 0.2435247414
0.3740974162 0.3817566799 0.8481605838
0.5012164159 0.4972202659 0.7162183284
0.9881897869 0.0548144247 0.1557780439
0.0618184778 0.0986018944 0.9939502980
0.2450075565 0.9702145995 0.0434872524
0.2288659800 0.0333321913 0.9742402194
0.1164006750 0.9612627181 0.2553379397
0.8099392751 0.5128521591 0.2918575258
0.1409444227 0.6800525132 0.7218848091
0.1780509478 0.9752054436 0.1383132459
0.1407798334 0.1786569934 0.9755894433
0.3614187553 0.8911717771 0.2823386441
0.4543696041 0.6304170384 0.6344379973
0.8944313872 0.3596140662 0.2719798082
0.0547023653 0.9893387345 0.1493518903
0.2871047659 0.8084434970 0.5181012175
0.5093376805 0.8159999365 0.2810150834
0.8451066081 0.4939665515 0.2111156432
0.0750080956 0.0741986690 0.9950348937
0.3520559901 0.2734561795 0.8968685800
0.5075469817 0.2831484335 0.8174773307
0.7116050404 0.4998505729 0.4989262780
0.4994579901 0.7113305397 0.4998428383
0.9762934167 0.1387843163 0.1770845292
0.0970427166 0.0567669461 0.9948869007
0.2301484640 0.9684619650 0.1122022825
0.0655455558 0.9938361669 0.1031929662
0.3806039675 0.9205373077 0.0959392479
0.8486491892 0.3790203523 0.3743097530
0.1873459284 0.6824341226 0.7099690719
0.9186780749 0.0918101743 0.3918203965
0.1739380644 0.1298919616 0.9771312942
0.3549323424 0.6594502353 0.6643158239
0.6650757530 0.3583522867 0.6661826446
0.1467300137 0.0542384852 0.9892159696
0.3844987594 0.8403019496 0.3881236492
0.4828093885 0.2117160200 0.8512490315
0.7061670160 0.0438436119 0.7092708901
0.2471314083 0.1148466668 0.9649202260
0.2913349046 0.5004122521 0.8181036335
0.2738077750 0.3565273420 0.8945625273
0.2144897724 0.8387652202 0.5029229650
0.1457900447 0.9733375698 0.1797419570
0.6640584997 0.6595644581 0.3589672851
0.9744428338 0.1764741490 0.1429288741
0.0824247595 0.9245191434 0.3763306508
0.6935053252 0.6950827492 0.1998192011
0.9671600937 0.2330277541 0.1106946543
0.0062614049 0.6524079388 0.7610901623
0.2745637081 0.8933659723 0.3600849435
0.9655824261 0.2571798053 0.0484760200
0.0318849782 0.1423422006 0.9899880703
0.9951424487 0.0742752899 0.0714486800
0.8170936053 0.2906146677 0.5058791049
0.3772324218 0.0853594514 0.9259579038
0.8977231741 0.2650352453 0.3570413735
0.2114608206 0.4790356187 0.8553265684
0.4871766506 0.8484812493 0.2125115542
0.6896919933 0.1976307112 0.6988144585
0.0782545911 0.9954831107 0.0715597692
0.9938701280 0.0537310290 0.1049896234
0.6278421869 0.6341661120 0.4584765216
0.7292093599 0.6854163139 0.0452539775
0.1132773487 0.2397630103 0.9653239699
0.9887716699 0.1483058772 0.0429116529
0.0807673610 0.3541504879 0.9327220218
0.0354853645 0.9642017761 0.2695462535
0.7396747478 0.0221395254 0.6765597700
0.9665608756 0.1066715781 0.2410104499
0.6839107861 0.7182044081 0.1362428623
0.6845617418 0.1376663972 0.7199155130
0.9128746752 0.3997070616 0.0959839280
0.0459437308 0.7051494939 0.7122853805
0.0426563184 0.2314139195 0.9729469825
0.0030824090 1.0012599998 0.0000003707
1.0002948022 0.0000189656 0.0000288999
1.0002948022 0.0000189656 0.0000288999
0.9805787838 0.0481404743 0.1961728308
0.0001091421 1.0013007150 0.0017875910
0.7469631757 0.2258667129 0.6260080049
0.0001091421 1.0013007150 0.0017875910
0.9095953032 0.3886069526 0.1582166360
0.0000099329 1.0016070497 0.0000058231
0.3836473789 0.9119510084 0.1524947400
0.1788190995 0.9187190554 0.3553556984
0.1902913398 0.8090228411 0.5589941167
0.0014264617 1.0015458515 0.0000008852
0.9676539540 0.2244448004 0.1248603494
0.4663769305 0.4186531013 0.7831238266
0.9091321102 0.1628798571 0.3927957598
1.0003762791 0.0000096292 0.0000110144
0.2631797108 0.9422067392 0.2188376037
0.6265875667 0.7189870582 0.3082794819
0.6029193050 0.4031398483 0.6926559866
0.7868460354 0.2635997246 0.5678217313
0.0691230631 0.0844554079 0.9949348717
0.1299762827 0.8410311562 0.5283059090
0.0042091038 1.0010272936 0.0000018879
0.4688001952 0.7751755693 0.4252269952
0.8302636711 0.4600857726 0.3221016145
0.1523766550 0.9781171885 0.1465439601
0.4249468770 0.9033213505 0.0827196868
1.0003762791 0.0000096292 0.0000110144
0.5730050435 0.5134427457 0.6446874390
0.0002216660 0.0000936867 1.0004013059
0.3160903989 0.4609775531 0.8325264638
0.9781177347 0.1596349423 0.1425333862
0.7077301345 0.4454101505 0.5520358832
0.1662094714 0.6041617392 0.7820008811
0.2569802252 0.2113427229 0.9452590200
0.1705433184 0.9845335122 0.0525882429
0.3257715804 0.1022056181 0.9438861417
0.8163512729 0.5480477725 0.1879631713
0.0002216660 0.0000936867 1.0004013059
0.7764269215 0.4643992807 0.4305681225
0.4282343822 0.7753767170 0.4685325329
0.4501872375 0.0760064229 0.8920675014
0.3058437837 0.6171759370 0.7263359711
0.1140026843 0.0456417193 0.9931667108
0.9956009187 0.0626348656 0.0804385257
0.3246840153 0.2946121101 0.9023281524
0.5497459047 0.4467909716 0.7082135843
0.6418276089 0.5735521821 0.5150080767
0.1571608263 0.3850390250 0.9111549495
0.2759468892 0.1061314363 0.9575064948
0.9961272369 0.0870366779 0.0539820088
0.0408734718 0.1238119605 0.9917328567
0.5123050040 0.6452220241 0.5749749087
0.1875994406 0.9747068274 0.1308051681
0.2327505872 0.8634876633 0.4517197507
0.1556947259 0.9026719519 0.4030941297
0.4899792105 0.8735737096 0.0298454959
0.0648272927 0.0897631286 0.9947786674
0.4335771453 0.2162066998 0.8765668634
0.3153944307 0.8307479068 0.4634291754
0.6428756123 0.5148089140 0.5751317432
0.4656020309 0.8271216427 0.3209851376
0.1947321915 0.1275843775 0.9741258151
0.0002216660 0.0000936867 1.0004013059
0.2171237631 0.2502127305 0.9450849576
0.2953314718 0.8978452555 0.3327441861
0.9955618500 0.0420641128 0.0879914643
0.7063646247 0.5476846731 0.4531101996
0.1277123427 0.9742739665 0.1931757162
0.4182612748 0.3430050504 0.8437555433
0.9205743908 0.1774581075 0.3530117509
0.5132571205 0.5717348586 0.6428576400
0.4040094435 0.6883920816 0.6051304423
0.9399567957 0.2874509191 0.1943225159
0.4500149482 0.5438762335 0.7131466368
0.1061089094 0.4827601195 0.8705492356
0.5619486715 0.2585380355 0.7899075764
1.0002948022 0.0000189656 0.0000288999
0.7527681822 0.3450763659 0.5688392090
0.3904321494 0.8866636139 0.2521761687
0.3414202731 0.7502062320 0.5695648709
0.4367758148 0.8703936263 0.2354177106
0.3971482438 0.6014924760 0.6940188296
0.5621881775 0.3454119550 0.7545737815
0.6212349847 0.2301862214 0.7516105092
0.1548037980 0.1432731673 0.9784260264
0.9774749378 0.2166078881 0.0000000578
0.4559673794 0.0170861191 0.8911229487
0.8654575081 0.4511498262 0.2261499595
0.9939639444 0.1053336899 0.0526304693
0.1246551335 0.9665022936 0.2311580611
0.0000099329 1.0016070497 0.0000058231
0.6938940394 0.4021876252 0.6007019655
0.9845342013 0.0376575194 0.1749948544
0.2528438163 0.5600956255 0.7904050618
1.0005991936 0.0000529786 0.0001042397
1.0002948022 0.0000189656 0.0000288999
0.9797083049 0.1479229418 0.1571163539
0.4259462596 0.4632853983 0.7817872161
0.9004393626 0.3248618474 0.2954786784
0.8841341186 0.3957750297 0.2521317057
0.0000099329 1.0016070497 0.0000058231
0.9430588294 0.2211720384 0.2608143200
0.3450250195 0.4154639880 0.8427926489
0.1236198593 0.0441988411 0.9922820037
0.9426286578 0.2009777367 0.2791734154
0.0001291353 0.0002606326 1.0002382787
0.0886009605 0.5789220910 0.8123098181
0.3940923053 0.1595666716 0.9091056957
0.0732918392 0.9958602038 0.0690710755
0.9906144835 0.0451219177 0.1333012273
0.2013429645 0.9371352690 0.2877453130
0.2054183650 0.0163222412 0.9795853386
0.2812066470 0.9387470956 0.2032624098
0.0000028421 0.0458174232 0.9998736107
0.2734472454 0.1995671136 0.9420922993
0.1959487816 0.2784633215 0.9416505467
0.0856352108 0.9566692226 0.2817512914
0.5680916609 0.8226966676 0.0654664757
0.7427800829 0.6305155824 0.2329879670
0.3519886307 0.8357171828 0.4274617321
0.8759691622 0.2285680137 0.4327712100
0.8395455975 0.4233624471 0.3437906243
1.0002948022 0.0000189656 0.0000288999
0.1625977442 0.7659111959 0.6251438975
0.9053877451 0.4260610320 0.0000000889
0.3023985990 0.0225237141 0.9541883454
0.8433111080 0.3477649990 0.4167939254
0.0636223908 0.9930781306 0.1207568996
0.0030824090 1.0012599998 0.0000003707
0.4516912134 0.7031023391 0.5559701197
0.0938183192 0.0689757576 0.9944205269
0.2004891132 0.9741745077 0.1178115471
0.6177487913 0.3069282740 0.7269801227
0.7732162357 0.6167845013 0.1629505806
0.2639119995 0.9610685662 0.1023144865
0.3954194590 0.2474127919 0.8862868639
0.7797860084 0.4235046625 0.4676380661
0.2539189132 0.7807300125 0.5759888904
0.0321267136 0.9796469598 0.2047817722
0.5500016521 0.7041469922 0.4538612192
0.5689499330 0.6406933045 0.5197567736
0.9419438734 0.2574166182 0.2200100366
0.8427198395 0.1215041927 0.5302026566
0.9571904439 0.2769238687 0.1005977434
0.0739899152 0.9946652743 0.0866818820
0.2256637797 0.6154837868 0.7579297231
0.8900541518 0.4572288357 0.0022345497
0.0947437929 0.9946930021 0.0698103914
0.0817119186 0.8843467174 0.4624689172
0.8323313633 0.3203532928 0.4540214207
0.5603542663 0.7862307637 0.2663202178
0.2187903685 0.9408873694 0.2625316857
0.7514418928 0.5649826704 0.3507453343
0.0457762375 0.1585131711 0.9871213429
0.5707990100 0.7495849401 0.3477564878
0.2355631782 0.7416580220 0.6361533419
0.0001291353 0.0002606326 1.0002382787
0.2513248050 0.3880020640 0.8871765181
0.0455969383 0.5269192561 0.8507733417
0.2964212567 0.3288894862 0.8995720766
0.5471433566 0.8149416075 0.1968549404
0.1485018202 0.1551999867 0.9781554555
0.8199239931 0.0573348307 0.5709239422
0.1327094686 0.1965214150 0.9720224051
0.7251515171 0.6226754383 0.3123644975
0.0001291353 0.0002606326 1.0002382787
1.0002948022 0.0000189656 0.0000288999
0.3252605388 0.8986307079 0.2956019735
0.4584406858 0.3169817361 0.8328735997
0.9727800646 0.1300849642 0.1972357539
0.3480728753 0.5575077776 0.7565732834
0.0956520599 0.2690218338 0.9594972618
0.2560666386 0.8787038696 0.4063707770
0.0032065303 1.0011196806 0.0032231416
0.0001291353 0.0002606326 1.0002382787
0.3115512337 0.7158814171 0.6291303807
0.3358077134 0.1674958699 0.9300653563
0.3101658109 0.9484837903 0.0839994502
0.9005290687 0.2985373337 0.3250472846
0.8969389859 0.0650343533 0.4394083018
0.9173856959 0.3592197504 0.1802063338
0.9951424487 0.0742752899 0.0714486800
0.9549074933 0.1093645009 0.2844781378
0.4213719843 0.8371123716 0.3511557055
0.9452144081 0.0029452425 0.3315342948
0.1724558241 0.0496822101 0.9855303116
0.9436501106 0.3173876824 0.1005662622
0.0002216660 0.0000936867 1.0004013059
0.1716596370 0.3423123538 0.9255026766
0.0503836790 0.9855146284 0.1686195602
0.7804825507 0.5717362642 0.2582073865
0.9719442766 0.2000581073 0.1301375148
0.1489259338 0.9773273376 0.1588620672
0.7703852293 0.0965804575 0.6321836065
0.9371472025 0.1026510846 0.3397074407
0.8856556536 0.2501244125 0.3941927675
0.0211658716 0.8781797866 0.4811878030
0.0062337113 1.0004306359 0.0095738460
0.0973293349 0.9454330957 0.3175331207
0.7808675047 0.6182870264 0.1208837946
0.0987564694 0.9949105567 0.0375560007
0.7578844575 0.1619264227 0.6390749208
0.0002216660 0.0000936867 1.0004013059
0.7240942484 0.3102452239 0.6223166454
0.0717826653 0.4416592940 0.8966194921
0.0760620134 0.0667746237 0.9964417529
0.0318097198 0.9424047083 0.3370203502
0.0002741973 1.0000988700 0.0335872130
0.1812907745 0.5321780548 0.8299901731
0.3493963968 0.9233897524 0.1661780811
0.2217690030 0.4306241634 0.8769130214
0.1154025882 0.9927180628 0.0507986912
0.6066688529 0.6878369118 0.4034353370
0.8214488591 0.1875198496 0.5420267944
0.1052400435 0.7697634456 0.6320133474
0.0594468184 0.1112752182 0.9928762709
0.0482351069 0.8244624569 0.5659793738
0.9695488416 0.1222786119 0.2207035350
0.6895944373 0.6058853380 0.4072633374
0.0268234369 0.4332883720 0.9030314348
0.2006969531 0.9790118026 0.0410720622
0.3178662476 0.9491111001 0.0359176176
0.5506198246 0.1916383355 0.8142500219
0.0002216660 0.0000936867 1.0004013059
0.0524894500 0.9960628826 0.0847801943
0.9908071988 0.1315698951 0.0565079998
0.8226461064 0.5669669419 0.0753428892
0.0892093736 0.3002102884 0.9515943299
1.0003926506 0.0000306965 0.0000492501
0.2034847246 0.1162236127 0.9737585198
1.0003926506 0.0000306965 0.0000492501
0.8758747941 0.0319668383 0.4842940999
0.8419036501 0.5257481978 0.1289894441
0.0000099329 1.0016070497 0.0000058231
0.9924954022 0.0595426289 0.1090297349
0.5693452883 0.0579449271 0.8211479095
0.9990289709 0.0591559748 0.0012774449
0.9978274739 0.0000352796 0.0765660115
0.0187746819 1.0010574514 0.0000000009
1.0001307561 0.0319925710 0.0014588506
0.6006950860 0.7841435788 0.1648814806
0.6053863755 0.1690946041 0.7809500258
0.9474147253 0.3235991957 0.0061639569
0.5784805721 0.8083350304 0.1184266092
0.4815884466 0.8696086294 0.1317185381
0.6167077631 0.7541178610 0.2287071263
0.0627059847 0.9889690203 0.1471311047
0.0001291353 0.0002606326 1.0002382787
0.0001291353 0.0002606326 1.0002382787
0.5141320809 0.1085868438 0.8520507202
0.5837474100 0.1074927029 0.8063324034
0.9887716699 0.1483058772 0.0429116529
0.0001291353 0.0002606326 1.0002382787
0.0002216660 0.0000936867 1.0004013059
0.1227368714 0.2282274920 0.9671539902
1.0002948022 0.0000189656 0.0000288999
0.0001091421 1.0013007150 0.0017875910
0.9997498321 0.0014246485 0.0436355327
0.0001091421 1.0013007150 0.0017875910
1.0003762791 0.0000096292 0.0000110144
0.0200281564 0.2851450974 0.9606352901
0.0014264617 1.0015458515 0.0000008852
0.0976962196 0.0012641256 0.9958606901
0.0453624940 0.1843394419 0.9823346211
0.9887724961 0.1531149301 0.0022499897
0.0002216660 0.0000936867 1.0004013059
0.0001291353 0.0002606326 1.0002382787
0.0013159716 0.9975117603 0.0843518781
0.8627906780 0.0963739052 0.5010941985
0.9999703259 0.0220516105 0.0074680810
0.7755689691 0.6339589557 0.0000006013
0.0032254862 0.9973007134 0.0896774762
0.0157022104 0.0421008855 0.9995139577
0.0550063924 0.9702549494 0.2442543792
0.9995650559 0.0405978510 0.0065233879
0.1142595002 0.8528190003 0.5123235909
0.5170906012 0.8562592106 0.0436965156
0.6879821996 0.7069984569 0.1716784727
0.1718388108 0.9511557216 0.2646612799
0.0062337113 1.0004306359 0.0095738460
0.9832521721 0.1559390959 0.1053434298
0.1051266573 0.9096624152 0.4065346762
0.0272789502 1.0000445061 0.0028015374
0.1663661875 0.1937072857 0.9681661125
0.7251875843 0.6903136608 0.0232154663
0.9579754717 0.2852392364 0.0531072198
0.4005563916 0.1807135955 0.9013257471
0.8237066046 0.4219669336 0.3870961581
0.9996704494 0.0177879003 0.0396286743
0.0875403545 0.1508026434 0.9862596469
0.0572982947 0.9995149403 0.0039348449
0.0237966722 0.9987986474 0.0558790908
0.9398867506 0.3113449634 0.1442579176
0.1691575096 0.6946042550 0.7011030696
0.0677736903 0.9985238752 0.0102975671
0.1803902191 0.9672266664 0.1818843613
0.8196511446 0.1729905673 0.5523369712
0.1319189726 0.9206054276 0.3709368259
0.5899522822 0.8002036275 0.1189333227
0.0093182341 0.8988636357 0.4412927079
0.2488364526 0.9045924042 0.3525983176
0.1178617914 0.9889311659 0.0939008863
0.2688848121 0.9559626308 0.1256901537
0.9881955458 0.1450749946 0.0664634215
0.1898350470 0.6041299754 0.7777722365
0.0947887203 0.9885579406 0.1255333945
0.9666301919 0.1727055740 0.1997348682
0.7136482989 0.6153391855 0.3375910064
0.1417785991 0.5928559874 0.7961264203
0.2856552599 0.7712356824 0.5718922148
0.9987828097 0.0443819750 0.0571368186
0.6621479399 0.4680894688 0.5866880523
0.8116609371 0.2137125828 0.5508224072
0.1347593727 0.7684840072 0.6305064122
0.4022490314 0.2805579553 0.8727807579
0.0688595152 0.8099880268 0.5843198150
0.0926320717 0.2932713170 0.9519838081
0.0762146858 0.6969017155 0.7155446714
0.5565554525 0.5524273735 0.6255823671
0.3713006836 0.8768528484 0.3149807356
0.4987516547 0.2621826979 0.8296617215
0.1957842160 0.9653345050 0.1744966579
0.9798354052 0.1847741331 0.0866481624
0.0198309025 0.0375832994 0.9999379102
0.2850924437 0.2852049620 0.9168471179
0.9982102332 0.0069130305 0.0653246784
0.7535408462 0.5062547437 0.4251051487
0.4232030858 0.3825296645 0.8262327060
0.1543817479 0.9867583630 0.0593836411
0.1559395142 0.9307700698 0.3354755619
0.2028273954 0.9041386567 0.3800157081
0.5068649352 0.7997326650 0.3257162456
0.8618123389 0.4792780579 0.1784082949
0.5067767434 0.4562102419 0.7349541550
0.3650677976 0.2965691693 0.8847511167
0.4887787694 0.5400492681 0.6891519210
0.0858993155 0.0022850882 0.9973433397
0.9657240785 0.0897294045 0.2483467652
0.6843389995 0.2458626497 0.6891793083
0.7445853616 0.2585311247 0.6210975208
0.4525925112 0.8785564750 0.1677713581
0.9963388567 0.0078272597 0.0949376708
0.9285035715 0.0144889857 0.3732163078
0.0600163120 0.0111097148 0.9989014208
0.2174748269 0.9638398601 0.1602466937
0.6819733764 0.3004882896 0.6705905099
0.9898806979 0.0911167727 0.1151378967
0.4558723487 0.7299212374 0.5114842190
0.0888353354 0.9771670718 0.1989508822
0.8805123777 0.3694525244 0.3111757297
0.8254479890 0.2641048805 0.5033014274
0.1462541992 0.3223894940 0.9369912284
0.5711591148 0.8156595844 0.1023437704
0.8430861258 0.4611133562 0.2832741921
0.4249396735 0.7993489514 0.4275432779
0.9718459805 0.0732971320 0.2268205524
0.8544087791 0.4548870508 0.2634261536
0.7555767556 0.4622502585 0.4662421524
0.9557098865 0.2178016476 0.2045050022
0.3427981636 0.9323061598 0.1201633591
0.3823264690 0.4626986013 0.8021515813
0.5639914125 0.2889688996 0.7762292519
0.6937924000 0.2174645910 0.6876680317
0.1089677047 0.0913555483 0.9908806796
0.0050788415 0.0573374106 0.9990230730
0.3456645774 0.7874983596 0.5154409180
0.3450101452 0.2427306563 0.9098615631
0.0537658655 0.9981115378 0.0444423181
0.6118092937 0.3648841388 0.7051601971
0.7742694967 0.1287979789 0.6252974444
0.8957852722 0.3860787595 0.2256204758
0.6451466031 0.6392256009 0.4258247063
0.2638779659 0.2498080644 0.9336798998
0.9995650559 0.0405978510 0.0065233879
0.6445732705 0.4210584323 0.6449981986
0.3109946552 0.8746840667 0.3751274260
0.9536011476 0.1343497423 0.2747862342
0.4094811573 0.8934156309 0.1891641460
0.2447449502 0.6792775476 0.6935841052
0.9983815220 0.0629228567 0.0338055278
0.6819830264 0.6998775987 0.2210788815
0.7858941669 0.5145665504 0.3497996657
0.2371646083 0.9543309857 0.1890755659
0.6812000835 0.6931477280 0.2461122354
0.8028296746 0.4199610855 0.4262218894
0.5824072844 0.6601941356 0.4788770047
0.8179113056 0.5128555046 0.2689824998
0.0099813209 0.9994828297 0.0545590650
0.9900862334 0.1160935038 0.0895811540
0.9278760891 0.3033082983 0.2332503576
0.1243134851 0.5826278565 0.8061722997
0.0600163120 0.0111097148 0.9989014208
0.4542085896 0.8431716103 0.2910913651
0.3291537582 0.7137323088 0.6239534425
0.4199067411 0.7500734513 0.5173127666
0.4645034360 0.7543825392 0.4692460913
0.8935818330 0.4357864281 0.1306940043
0.0272789502 1.0000445061 0.0028015374
0.6771625581 0.4355037902 0.5994454735
0.5012801360 0.0409893713 0.8652995683
0.0150108171 0.0324110808 0.9999454214
0.0977744420 0.9806727604 0.1746878058
0.9636830525 0.0620391183 0.2620376610
0.0178521648 0.0247486233 1.0000621875
0.8510694077 0.1081894056 0.5197756821
0.4631133115 0.3835531951 0.8001625501
0.4762580701 0.5849198483 0.6589808490
0.2305036357 0.9271398725 0.3026329898
0.0278061858 0.0989860360 0.9954484801
0.5299903298 0.5275165182 0.6683574950
0.2372989804 0.4821224795 0.8463711983
0.5373994362 0.5993693439 0.5961624795
0.2382473796 0.9622474081 0.1468092698
0.9998145511 0.0192117823 0.0208303166
0.4607999324 0.5066292402 0.7303912500
0.8656784114 0.3717421917 0.3411567016
0.4391126375 0.8615285028 0.2583733579
0.0313888292 0.9999385351 0.0235779418
0.6896879301 0.4892871814 0.5419493823
0.2085686497 0.8744627769 0.4420224278
0.1958921564 0.9567906616 0.2198538214
0.5625095673 0.7745001837 0.2925533876
0.3466832189 0.9376508242 0.0709631201
0.4984402412 0.6150656157 0.6187777014
0.2887810992 0.4452808297 0.8483225062
0.7379522707 0.3755697586 0.5630046871
0.0609833603 0.9982505556 0.0212426706
0.2976540515 0.9492187019 0.1162598987
0.0736621441 0.0364547649 0.9970036512
0.9132077278 0.2261321020 0.3443059154
0.3691816634 0.3427075628 0.8673559927
0.2225940857 0.9544652461 0.2032381768
0.4212288683 0.5039442365 0.7588485464
0.9633455994 0.2205816489 0.1572265412
0.0836255764 0.1316208346 0.9887577856
0.0123894362 0.9959329168 0.0946596903
0.4138257377 0.9096034691 0.0708134743
0.9691270467 0.1826104988 0.1783699708
0.5088347019 0.7299126154 0.4630940200
0.6671156877 0.5274471546 0.5282169568
0.9967847526 0.0007896815 0.0913117137
0.2386357228 0.1850075251 0.9569103002
0.5416671221 0.4877610895 0.6919798779
0.3668295980 0.6993912730 0.6156679673
0.1153333079 0.0073494957 0.9939842141
0.3002132636 0.2283446635 0.9296352622
0.6021072863 0.5951621721 0.5413813356
0.1804900629 0.9796578268 0.0955133101
0.7971366151 0.3849179688 0.4676071942
0.5111413548 0.4158297822 0.7546081229
0.2910994081 0.0659570562 0.9547505987
0.0361784564 0.0625737966 0.9979259352
0.3444388389 0.3754436871 0.8642594172
0.3018313255 0.1298389194 0.9463694910
0.3244775018 0.9475052252 0.0035351490
0.3360747463 0.6082433326 0.7211295200
0.9069532732 0.3493903004 0.2475770308
0.9999703259 0.0220516105 0.0074680810
0.6155332033 0.4923154280 0.6191734080
0.0178521648 0.0247486233 1.0000621875
0.1671650088 0.8202401687 0.5502168857
0.4696789946 0.7957832259 0.3904237506
