0.0574116744 1.1585222437
1.1954691455 0.1110569850
0.3621555061 0.4160090641
0.5473924328 0.2764765563
0.2060821720 0.5639401141
0.4465504531 0.3477008467
0.1347498684 0.6667225378
0.2811819813 0.4862811663
0.6746154220 0.1991277650
0.7573994938 0.1568239515
0.1022043669 0.7905670822
0.4050647155 0.3810480211
0.5000331498 0.3083364259
0.2442640401 0.5238734635
0.3186400530 0.4511755742
0.6095024792 0.2374499998
0.1711214378 0.6060710876
0.1533596351 0.6296231779
0.4699929372 0.3308464842
0.6452667096 0.2174960643
0.2622452809 0.5031399527
0.3809231635 0.3982660456
0.3412367466 0.4309859638
0.7257868021 0.1797112566
0.4280283072 0.3632421023
0.8293255710 0.1352024696
0.2243978162 0.5414108956
0.0838087868 1.0041919275
0.3003782407 0.4683160244
0.1180189746 0.7064205580
0.5192403481 0.2945771076
0.5809797394 0.2548776952
0.1882362012 0.5838085401
0.5961530228 0.2477827276
0.7817470483 0.1466207136
0.0967081492 0.9604124874
0.2532666598 0.5136682533
0.1441924861 0.6458797668
0.1273276328 0.6805236085
0.4604701270 0.3381555151
0.3314077551 0.4409255092
0.4343835155 0.3553595824
0.2903265100 0.4778612992
0.2345540179 0.5319867496
0.1618991127 0.6199008084
0.5398266285 0.2844486302
0.4134589616 0.3719089543
0.7393665102 0.1685742958
0.3916118733 0.3898566047
0.2161625244 0.5521575257
0.3502495374 0.4251503590
0.2715846692 0.4952628476
0.0712457956 1.0666527096
0.4825501166 0.3214993564
0.1088322494 0.7391194516
0.3717288309 0.4066852451
0.5114172652 0.3044735046
0.8427076980 0.1231131999
0.1981486543 0.5726763550
0.7009953020 0.1851845649
0.6548282819 0.2103800382
0.3080336749 0.4601948320
0.6209337569 0.2301418725
0.5634531807 0.2657921217
0.1790051312 0.5947491375
0.6189193312 0.2339995132
0.1230139646 0.6916074224
0.5317507945 0.2892569856
0.3774593642 0.4025977567
0.3990574610 0.3842234966
0.5843950835 0.2524718114
0.2021660875 0.5667569204
0.4787120304 0.3241296620
0.2759361089 0.4903314559
0.3549229357 0.4191952600
0.1576890690 0.6240633025
0.1378768784 0.6575347218
0.6005961919 0.2430534958
0.4545319243 0.3416623701
0.7659381423 0.1520615581
0.4676832633 0.3335669053
0.2582012232 0.5070533190
0.3354555655 0.4364529414
0.4314047388 0.3588852918
0.3249285810 0.4455586013
0.4423266694 0.3507639555
0.1668556528 0.6111007865
0.1022043669 0.7905670822
0.2935856792 0.4735008820
0.4200407690 0.3669608890
0.2198293434 0.5467871652
0.5460276518 0.2799634178
0.8044370323 0.1385745513
0.0919684885 0.9843047808
0.6671136177 0.2055667984
0.2388586593 0.5270432694
0.3460742238 0.4287291334
0.4904861384 0.3175093525
0.2478226522 0.5192597130
0.3865765207 0.3943931836
